application type: CVRP
X-n384-k52_0_0_5_3_G32.node
Set parameter ServerTimeout to value 600
Set parameter TokenServer to value "grb-ts.ufhpc"
Set parameter Threads to value 1
instance name= X-n384-k52
#########################################################################################
tree size= 0 lb= 0 ub= 65929
#########################################################################################
idx= 7 value= 65874.6 enu= 0
brc= 264-365 : +
brc= 23-381 : +
brc= 176-199 : -
brc= 158-295 : -
brc= 317-370 : -
brc= 222-330 : -
brc= 45-199 : -
brc= 149-351 : +
brc= 23-193 : -
brc= 157-317 : -
brc= 55-225 : -
brc= 122-358 : +
-----------------------------------------------------------------------------------------
 ****** Pricing Level: LIGHT HEUR ****** 
it= 5   ncol= 2345  ncstr= 1447 mt= 0.3   spt= 0.4   lpval= 65880.9   ub= 65929.0  
 ****** Pricing Level: HEAVY HEUR ****** 
it= 7   ncol= 2469  ncstr= 1447 mt= 1.7   spt= 1.2   lpval= 65879.1   ub= 65929.0  
 ****** Pricing Level: EXACT ****** 
it= 4   ncol= 2723  ncstr= 1447 mt= 0.7   spt= 8.3   lpval= 65878.9   ub= 65929.0  
-----------------------------------------------------------------------------------------
elapsed time= 25.45 s.
-----------------------------------------------------------------------------------------
-----------------------------------------------------------------------------------------
 ****** Run Arc Elimination ****** 
arc elimination time= 9.26 s.
previous= 86.5146% maximum= 3.6793%
eliminate bucket arcs time= 1.21 s.
obtain jump arcs time= 0.01 s.
-----------------------------------------------------------------------------------------
-----------------------------------------------------------------------------------------
elapsed time= 36.59 s.
-----------------------------------------------------------------------------------------
-----------------------------------------------------------------------------------------
 ****** Try Enumeration ****** 
#labels= 220352 #routes= 61
labeling 1 time= 1.92 s.
concatenate time= 3.04 s.
#routes= 451382
average gap of successful enumeration= 0.000744866
next try value > 65861.9
-----------------------------------------------------------------------------------------
elapsed time= 41.88 s.
-----------------------------------------------------------------------------------------
 ****** Process Enumeration Matrix ****** 
delete non-ele routes lp val= 65879
recover rank1c lp val= 65879.2
recover rcc lp val= 65879.3
obtain rcc coefficient time= 0.04 s.
obtain r1c coefficient time= 0.75 s.
obtain matrix from triplets time= 1.05 s.
delete columns by branch time= 0.00 s.
columns pending deletion= 7606 remain= 451382 col ratio= 0.98315 row ratio= 1
regenerate enumeration matrix time= 0.00 s.
-----------------------------------------------------------------------------------------
elapsed time= 59.67 s.
-----------------------------------------------------------------------------------------
it= 5   ncol= 2490  ncstr= 1367 mt= 0.4   spt= 0.1   lpval= 65879.2   ub= 65929.0  
-----------------------------------------------------------------------------------------
elapsed time= 60.31 s.
-----------------------------------------------------------------------------------------
columns pending deletion= 68207 remain= 451382 col ratio= 0.848893 row ratio= 0.916606
 ****** Separate RCCs ****** 
 ****** Separate Rank1Cuts ****** 
it= 6   ncol= 2688  ncstr= 1484 mt= 1.6   spt= 0.2   lpval= 65882.8   ub= 65929.0  
-----------------------------------------------------------------------------------------
elapsed time= 67.95 s.
-----------------------------------------------------------------------------------------
delete columns= 150085 remain= 301297
 ****** Separate Rank1Cuts ****** 
it= 4   ncol= 2740  ncstr= 1415 mt= 0.6   spt= 0.1   lpval= 65884.6   ub= 65929.0  
-----------------------------------------------------------------------------------------
elapsed time= 74.41 s.
-----------------------------------------------------------------------------------------
columns pending deletion= 39452 remain= 301297 col ratio= 0.869059 row ratio= 0.940636
[1;36m[REMIND] 2: gap improved= 1.769867 ratio= 0.039838 threshold= 0.040000 in function increaseCondition2 at /blue/yu.yang1/you.z/route_opt/packages/application/X-n384-k52/src/main/src/call_cutting.cpp:74[0m
 ****** Separate Rank1Cuts ****** 
it= 3   ncol= 2814  ncstr= 1552 mt= 0.7   spt= 0.1   lpval= 65886.0   ub= 65929.0  
-----------------------------------------------------------------------------------------
elapsed time= 80.19 s.
-----------------------------------------------------------------------------------------
columns pending deletion= 68517 remain= 301297 col ratio= 0.772593 row ratio= 0.893041
[1;36m[REMIND] 2: gap improved= 1.384640 ratio= 0.032170 threshold= 0.040000 in function increaseCondition2 at /blue/yu.yang1/you.z/route_opt/packages/application/X-n384-k52/src/main/src/call_cutting.cpp:74[0m
 ****** Separate Rank1Cuts ****** 
it= 4   ncol= 2928  ncstr= 1676 mt= 1.0   spt= 0.1   lpval= 65887.2   ub= 65929.0  
-----------------------------------------------------------------------------------------
elapsed time= 87.05 s.
-----------------------------------------------------------------------------------------
delete columns= 94991 remain= 206306
[1;36m[REMIND] 2: gap improved= 1.218935 ratio= 0.029145 threshold= 0.040000 in function increaseCondition2 at /blue/yu.yang1/you.z/route_opt/packages/application/X-n384-k52/src/main/src/call_cutting.cpp:74[0m
[1;36m[REMIND] tail off counter= 3 threshold= 3 in function setIfTailOff at /blue/yu.yang1/you.z/route_opt/packages/application/X-n384-k52/src/main/src/call_cutting.cpp:150[0m
[1;36m[REMIND] opt_k not found for node 7, use m directly in function getOptK at /blue/yu.yang1/you.z/route_opt/packages/branching/bkf/include/bkf_controller.hpp:239[0m
current_r_best= 9.15768
we directly test 100
we directly test 4
pseudo= 50 frac= 50
#candidates in phase1= 100
testing lp time= 76.18 s.
-----------------------------------------------------------------------------------------
  0-183 ,  30.76|  59-148 ,  30.76|   0-241 ,  27.54|   0-316 ,  23.05| 168-327 ,  22.89| 
175-375 ,  22.49|   0-313 ,  22.33| 246-313 ,  21.53| 106-145 ,  20.95| 185-192 ,  20.68| 
161-174 ,  18.70|   0-364 ,  18.69|   5-206 ,  18.33|  40-300 ,  17.79|   0-164 ,  17.50| 
  0-132 ,  17.50| 309-331 ,  17.46|  77-244 ,  17.28|  27-76  ,  17.24|   0-215 ,  16.60| 
252-293 ,  16.48|   0-145 ,  16.16|   0-289 ,  16.00|  23-330 ,  14.98|  31-145 ,  14.78| 
  0-49  ,  14.51|  77-229 ,  13.39|  97-126 ,  13.27|   0-294 ,  13.20|  83-260 ,  13.18| 
  0-244 ,  13.11|  11-275 ,  12.33|   0-97  ,  12.02|  50-214 ,  11.91|   2-265 ,  11.71| 
163-313 ,  11.47| 142-323 ,  11.34| 120-314 ,  11.18|  19-126 ,  10.48|  49-298 ,  10.36| 
178-222 ,  10.27| 329-353 ,  10.15|   0-275 ,  10.12| 180-214 ,  10.10| 120-156 ,  10.04| 
 37-314 ,   9.94|   0-317 ,   9.88| 233-315 ,   9.86| 128-314 ,   9.82|   0-330 ,   9.60| 
178-332 ,   9.53| 157-180 ,   9.45| 243-317 ,   9.20| 234-245 ,   9.12|   2-74  ,   9.08| 
 96-197 ,   9.05|   0-201 ,   8.43|   0-64  ,   8.22| 305-366 ,   8.19| 157-370 ,   8.02| 
  7-180 ,   7.75| 123-295 ,   7.73| 180-366 ,   7.61| 122-243 ,   7.46|  64-86  ,   7.44| 
265-381 ,   7.40|   0-79  ,   7.12|  29-245 ,   7.11| 315-317 ,   6.95|  79-156 ,   6.77| 
  0-29  ,   6.53| 193-251 ,   6.49|   0-348 ,   6.43|  92-174 ,   6.32|   0-5   ,   6.31| 
  0-245 ,   6.27|  48-277 ,   6.22|  78-122 ,   6.20|  78-243 ,   6.18|   0-68  ,   6.01| 
 69-204 ,   5.49|   3-67  ,   5.42|   0-53  ,   5.07| 172-227 ,   5.04|  13-248 ,   4.94| 
315-370 ,   4.85|   7-370 ,   4.79|   0-282 ,   4.58|  13-204 ,   4.32| 132-243 ,   3.97| 
  0-359 ,   3.21| 105-330 ,   2.91|  26-153 ,   2.75|   0-199 ,   2.69|   0-372 ,   2.59| 
 61-249 ,   1.94|   0-222 ,   1.85| 112-124 ,   1.14| 203-269 ,   0.36|   0-203 ,   0.27| 
-----------------------------------------------------------------------------------------
edge= 0 316 lp= 6.85594 pre= 2 lp2= 3.36266 pre2= 2 score= 23.0542
-----------------------------------------------------------------------------------------
edge= 0 241 lp= 15.0962 pre= 2 lp2= 1.82437 pre2= 2 score= 27.541
-----------------------------------------------------------------------------------------
edge= 59 148 lp= 12.7984 pre= 2 lp2= 2.40312 pre2= 2 score= 30.7561
-----------------------------------------------------------------------------------------
edge= 0 183 lp= 2.40312 pre= 2 lp2= 12.7984 pre2= 2 score= 30.7561
-----------------------------------------------------------------------------------------
candidate= 0-183 : -
-----------------------------------------------------------------------------------------
it= 5   ncol= 3052  ncstr= 1428 mt= 5.4   spt= 0.1   lpval= 65888.8   ub= 65929.0  
-----------------------------------------------------------------------------------------
elapsed time= 174.91 s.
-----------------------------------------------------------------------------------------
candidate= 59-148 : -
-----------------------------------------------------------------------------------------
it= 7   ncol= 3102  ncstr= 1428 mt= 6.7   spt= 0.1   lpval= 65895.3   ub= 65929.0  
-----------------------------------------------------------------------------------------
elapsed time= 181.79 s.
-----------------------------------------------------------------------------------------
candidate= 0-241 : -
-----------------------------------------------------------------------------------------
it= 6   ncol= 3065  ncstr= 1428 mt= 6.3   spt= 0.1   lpval= 65898.1   ub= 65929.0  
-----------------------------------------------------------------------------------------
elapsed time= 188.18 s.
-----------------------------------------------------------------------------------------
candidate= 0-316 : -
-----------------------------------------------------------------------------------------
it= 4   ncol= 3033  ncstr= 1428 mt= 5.3   spt= 0.1   lpval= 65891.5   ub= 65929.0  
-----------------------------------------------------------------------------------------
elapsed time= 193.57 s.
-----------------------------------------------------------------------------------------
candidate= 0-183 : +
-----------------------------------------------------------------------------------------
it= 6   ncol= 3078  ncstr= 1428 mt= 6.1   spt= 0.1   lpval= 65895.4   ub= 65929.0  
-----------------------------------------------------------------------------------------
elapsed time= 199.82 s.
-----------------------------------------------------------------------------------------
candidate= 0-241 : +
-----------------------------------------------------------------------------------------
it= 5   ncol= 3053  ncstr= 1428 mt= 5.5   spt= 0.1   lpval= 65888.6   ub= 65929.0  
-----------------------------------------------------------------------------------------
elapsed time= 205.41 s.
-----------------------------------------------------------------------------------------
candidate= 59-148 : +
-----------------------------------------------------------------------------------------
it= 7   ncol= 3103  ncstr= 1428 mt= 5.9   spt= 0.1   lpval= 65888.8   ub= 65929.0  
-----------------------------------------------------------------------------------------
elapsed time= 211.47 s.
-----------------------------------------------------------------------------------------
brc= 0-241
t= 0.380923 c= 107.735 n= 0 if_b4= 0
t= 6.0059 c= 124.806 n= 0 if_b4= 0
#########################################################################################
tree size= 1 lb= 65887.2 ub= 65929
#########################################################################################
idx= 1 value= 65887.2 enu= 1
brc= 264-365 : +
brc= 23-381 : +
brc= 176-199 : -
brc= 158-295 : -
brc= 317-370 : -
brc= 222-330 : -
brc= 45-199 : -
brc= 149-351 : +
brc= 23-193 : -
brc= 157-317 : -
brc= 55-225 : -
brc= 122-358 : +
brc= 0-241 : +
it= 5   ncol= 3040  ncstr= 1427 mt= 5.5   spt= 0.1   lpval= 65888.6   ub= 65929.0  
-----------------------------------------------------------------------------------------
elapsed time= 228.88 s.
-----------------------------------------------------------------------------------------
columns pending deletion= 24439 remain= 205795 col ratio= 0.881246 row ratio= 0.958655
 ****** Separate RCCs ****** 
 ****** Separate Rank1Cuts ****** 
it= 5   ncol= 3112  ncstr= 1548 mt= 1.0   spt= 0.1   lpval= 65889.9   ub= 65929.0  
-----------------------------------------------------------------------------------------
elapsed time= 235.15 s.
-----------------------------------------------------------------------------------------
columns pending deletion= 45719 remain= 205795 col ratio= 0.777842 row ratio= 0.901163
[1;36m[REMIND] 2: gap improved= 1.233287 ratio= 0.031522 threshold= 0.040000 in function increaseCondition2 at /blue/yu.yang1/you.z/route_opt/packages/application/X-n384-k52/src/main/src/call_cutting.cpp:74[0m
 ****** Separate Rank1Cuts ****** 
it= 4   ncol= 3174  ncstr= 1671 mt= 0.7   spt= 0.1   lpval= 65890.8   ub= 65929.0  
-----------------------------------------------------------------------------------------
elapsed time= 241.00 s.
-----------------------------------------------------------------------------------------
columns pending deletion= 59463 remain= 205795 col ratio= 0.711057 row ratio= 0.86535
[1;36m[REMIND] 2: gap improved= 0.969897 ratio= 0.025420 threshold= 0.040000 in function increaseCondition2 at /blue/yu.yang1/you.z/route_opt/packages/application/X-n384-k52/src/main/src/call_cutting.cpp:74[0m
 ****** Separate Rank1Cuts ****** 
it= 6   ncol= 3249  ncstr= 1812 mt= 1.3   spt= 0.1   lpval= 65891.7   ub= 65929.0  
-----------------------------------------------------------------------------------------
elapsed time= 247.64 s.
-----------------------------------------------------------------------------------------
delete columns= 72012 remain= 133783
[1;36m[REMIND] 2: gap improved= 0.842399 ratio= 0.022577 threshold= 0.040000 in function increaseCondition2 at /blue/yu.yang1/you.z/route_opt/packages/application/X-n384-k52/src/main/src/call_cutting.cpp:74[0m
[1;36m[REMIND] tail off counter= 3 threshold= 3 in function setIfTailOff at /blue/yu.yang1/you.z/route_opt/packages/application/X-n384-k52/src/main/src/call_cutting.cpp:150[0m
current_r_best= 3.25959
alpha= 0.37 beta= 11.447 omega= 282.825 k1= 30
lb_k= 1 ub_k= 37
revise: lb_k= 23 ub_k= 37
opt_k= 32
alpha= 0.75 beta= 11.447 omega= 20.7806 k1= 3
lb_k= 1 ub_k= 3
revise: lb_k= 1 ub_k= 3
opt_k= 3
pseudo= 50 frac= 50
#candidates in phase1= 32
testing lp time= 26.57 s.
-----------------------------------------------------------------------------------------
122-328 ,  39.74|   0-316 ,  23.53| 246-313 ,  22.23| 224-231 ,  21.37| 185-192 ,  21.27| 
175-375 ,  16.44|   5-206 ,  16.05|  95-273 ,  15.56|  77-244 ,  15.47| 168-327 ,  14.99| 
 31-145 ,  14.96| 252-293 ,  14.40| 171-289 ,  13.55| 136-137 ,  11.21|  50-136 ,  10.96| 
 77-229 ,  10.23| 299-327 ,   9.83|  50-305 ,   9.80|  37-314 ,   9.32| 122-243 ,   8.88| 
178-332 ,   7.99| 193-251 ,   7.26| 128-314 ,   7.17|  55-117 ,   6.92|   4-62  ,   6.43| 
 48-258 ,   6.00|  41-289 ,   5.18|  79-156 ,   5.12|  41-171 ,   3.70| 225-359 ,   3.17| 
 56-329 ,   2.75|  54-83  ,   2.17| 
-----------------------------------------------------------------------------------------
edge= 246 313 lp= 8.55466 pre= 2 lp2= 2.59893 pre2= 2 score= 22.2329
-----------------------------------------------------------------------------------------
edge= 0 316 lp= 7.96262 pre= 2 lp2= 2.95499 pre2= 2 score= 23.5294
-----------------------------------------------------------------------------------------
edge= 122 328 lp= 2.21731 pre= 2 lp2= 17.9237 pre2= 2 score= 39.7424
-----------------------------------------------------------------------------------------
candidate= 122-328 : -
-----------------------------------------------------------------------------------------
it= 4   ncol= 3311  ncstr= 1472 mt= 5.7   spt= 0.0   lpval= 65893.7   ub= 65929.0  
-----------------------------------------------------------------------------------------
elapsed time= 286.41 s.
-----------------------------------------------------------------------------------------
candidate= 122-328 : +
-----------------------------------------------------------------------------------------
it= 6   ncol= 3444  ncstr= 1472 mt= 6.3   spt= 0.1   lpval= 65906.6   ub= 65929.0  
-----------------------------------------------------------------------------------------
elapsed time= 292.77 s.
-----------------------------------------------------------------------------------------
brc= 122-328
t= 0.398043 c= 72.3194 n= 1 if_b4= 0
t= 6.04004 c= 84.4607 n= 1 if_b4= 0
#########################################################################################
tree size= 2 lb= 65887.2 ub= 65929
#########################################################################################
idx= 2 value= 65887.2 enu= 1
brc= 264-365 : +
brc= 23-381 : +
brc= 176-199 : -
brc= 158-295 : -
brc= 317-370 : -
brc= 222-330 : -
brc= 45-199 : -
brc= 149-351 : +
brc= 23-193 : -
brc= 157-317 : -
brc= 55-225 : -
brc= 122-358 : +
brc= 0-241 : -
it= 6   ncol= 3017  ncstr= 1427 mt= 2.3   spt= 0.1   lpval= 65898.1   ub= 65929.0  
-----------------------------------------------------------------------------------------
elapsed time= 308.04 s.
-----------------------------------------------------------------------------------------
delete columns= 130748 remain= 74532
 ****** Separate Rank1Cuts ****** 
it= 4   ncol= 3030  ncstr= 1430 mt= 1.4   spt= 0.0   lpval= 65903.8   ub= 65929.0  
-----------------------------------------------------------------------------------------
elapsed time= 315.22 s.
-----------------------------------------------------------------------------------------
delete columns= 33314 remain= 41218
 ****** Separate RCCs ****** 
 ****** Separate Rank1Cuts ****** 
it= 5   ncol= 3101  ncstr= 1489 mt= 0.6   spt= 0.0   lpval= 65905.5   ub= 65929.0  
-----------------------------------------------------------------------------------------
elapsed time= 325.14 s.
-----------------------------------------------------------------------------------------
columns pending deletion= 7583 remain= 41218 col ratio= 0.816027 row ratio= 0.905306
 ****** Separate Rank1Cuts ****** 
it= 4   ncol= 3146  ncstr= 1638 mt= 1.1   spt= 0.0   lpval= 65908.5   ub= 65929.0  
-----------------------------------------------------------------------------------------
elapsed time= 331.63 s.
-----------------------------------------------------------------------------------------
delete columns= 17062 remain= 24156
 ****** Separate Rank1Cuts ****** 
it= 4   ncol= 3178  ncstr= 1511 mt= 0.6   spt= 0.0   lpval= 65909.7   ub= 65929.0  
-----------------------------------------------------------------------------------------
elapsed time= 336.99 s.
-----------------------------------------------------------------------------------------
columns pending deletion= 3350 remain= 24156 col ratio= 0.861318 row ratio= 0.919921
 ****** Separate Rank1Cuts ****** 
it= 5   ncol= 3216  ncstr= 1644 mt= 0.9   spt= 0.0   lpval= 65910.8   ub= 65929.0  
-----------------------------------------------------------------------------------------
elapsed time= 342.50 s.
-----------------------------------------------------------------------------------------
columns pending deletion= 6008 remain= 24156 col ratio= 0.751283 row ratio= 0.855231
 ****** Separate Rank1Cuts ****** 
it= 4   ncol= 3243  ncstr= 1763 mt= 0.7   spt= 0.0   lpval= 65911.6   ub= 65929.0  
-----------------------------------------------------------------------------------------
elapsed time= 348.50 s.
-----------------------------------------------------------------------------------------
delete columns= 8013 remain= 16143
mip: row= 1452 col= 19359 density= 2.17861%
mip time= 101.85 s.
mip status= 6
update f from 0 to 17.4478
#########################################################################################
tree size= 1 lb= 65891.7 ub= 65929
#########################################################################################
idx= 3 value= 65891.7 enu= 1
brc= 264-365 : +
brc= 23-381 : +
brc= 176-199 : -
brc= 158-295 : -
brc= 317-370 : -
brc= 222-330 : -
brc= 45-199 : -
brc= 149-351 : +
brc= 23-193 : -
brc= 157-317 : -
brc= 55-225 : -
brc= 122-358 : +
brc= 0-241 : +
brc= 122-328 : +
it= 7   ncol= 3321  ncstr= 1471 mt= 6.2   spt= 0.1   lpval= 65906.6   ub= 65929.0  
-----------------------------------------------------------------------------------------
elapsed time= 462.79 s.
-----------------------------------------------------------------------------------------
delete columns= 102862 remain= 28878
 ****** Separate RCCs ****** 
 ****** Separate Rank1Cuts ****** 
it= 6   ncol= 3175  ncstr= 1380 mt= 1.1   spt= 0.0   lpval= 65912.2   ub= 65929.0  
-----------------------------------------------------------------------------------------
elapsed time= 473.46 s.
-----------------------------------------------------------------------------------------
delete columns= 14673 remain= 14205
mip: row= 1238 col= 17229 density= 2.05912%
mip time= 41.00 s.
mip status= 6
#########################################################################################
tree size= 0 lb= 65891.7 ub= 65929
#########################################################################################
idx= 4 value= 65891.7 enu= 1
brc= 264-365 : +
brc= 23-381 : +
brc= 176-199 : -
brc= 158-295 : -
brc= 317-370 : -
brc= 222-330 : -
brc= 45-199 : -
brc= 149-351 : +
brc= 23-193 : -
brc= 157-317 : -
brc= 55-225 : -
brc= 122-358 : +
brc= 0-241 : +
brc= 122-328 : -
it= 4   ncol= 3295  ncstr= 1471 mt= 0.8   spt= 0.0   lpval= 65893.7   ub= 65929.0  
-----------------------------------------------------------------------------------------
elapsed time= 515.46 s.
-----------------------------------------------------------------------------------------
columns pending deletion= 22188 remain= 133290 col ratio= 0.833536 row ratio= 0.931339
 ****** Separate RCCs ****** 
 ****** Separate Rank1Cuts ****** 
it= 3   ncol= 3304  ncstr= 1588 mt= 0.7   spt= 0.0   lpval= 65895.4   ub= 65929.0  
-----------------------------------------------------------------------------------------
elapsed time= 521.00 s.
-----------------------------------------------------------------------------------------
columns pending deletion= 38868 remain= 133290 col ratio= 0.708395 row ratio= 0.877834
 ****** Separate Rank1Cuts ****** 
it= 5   ncol= 3341  ncstr= 1703 mt= 1.1   spt= 0.1   lpval= 65896.6   ub= 65929.0  
-----------------------------------------------------------------------------------------
elapsed time= 527.03 s.
-----------------------------------------------------------------------------------------
delete columns= 48391 remain= 84899
[1;36m[REMIND] 2: gap improved= 1.146772 ratio= 0.035373 threshold= 0.040000 in function increaseCondition2 at /blue/yu.yang1/you.z/route_opt/packages/application/X-n384-k52/src/main/src/call_cutting.cpp:74[0m
 ****** Separate Rank1Cuts ****** 
it= 4   ncol= 3385  ncstr= 1553 mt= 0.8   spt= 0.0   lpval= 65897.3   ub= 65929.0  
-----------------------------------------------------------------------------------------
elapsed time= 532.34 s.
-----------------------------------------------------------------------------------------
columns pending deletion= 6139 remain= 84899 col ratio= 0.927691 row ratio= 0.92273
[1;36m[REMIND] 2: gap improved= 0.732428 ratio= 0.023115 threshold= 0.040000 in function increaseCondition2 at /blue/yu.yang1/you.z/route_opt/packages/application/X-n384-k52/src/main/src/call_cutting.cpp:74[0m
 ****** Separate Rank1Cuts ****** 
it= 4   ncol= 3436  ncstr= 1665 mt= 0.7   spt= 0.0   lpval= 65898.0   ub= 65929.0  
-----------------------------------------------------------------------------------------
elapsed time= 537.47 s.
-----------------------------------------------------------------------------------------
columns pending deletion= 11234 remain= 84899 col ratio= 0.867678 row ratio= 0.89009
[1;36m[REMIND] 2: gap improved= 0.644025 ratio= 0.020746 threshold= 0.040000 in function increaseCondition2 at /blue/yu.yang1/you.z/route_opt/packages/application/X-n384-k52/src/main/src/call_cutting.cpp:74[0m
[1;36m[REMIND] tail off counter= 3 threshold= 3 in function setIfTailOff at /blue/yu.yang1/you.z/route_opt/packages/application/X-n384-k52/src/main/src/call_cutting.cpp:150[0m
current_r_best= 4.56534
alpha= 0.37 beta= 2.97787 omega= 181.687 k1= 12
lb_k= 1 ub_k= 37
revise: lb_k= 10 ub_k= 14
opt_k= 12
alpha= 0.75 beta= 2.97787 omega= 13.9835 k1= 3
lb_k= 1 ub_k= 3
revise: lb_k= 2 ub_k= 3
opt_k= 3
pseudo= 50 frac= 50
#candidates in phase1= 12
testing lp time= 12.71 s.
-----------------------------------------------------------------------------------------
175-375 ,  25.66|   5-206 ,  16.97| 224-231 ,  16.79| 185-192 ,  16.58|  78-317 ,  12.22| 
  9-188 ,  12.17| 132-243 ,   7.27| 321-363 ,   6.28|  82-139 ,   6.15|  63-82  ,   6.13| 
157-233 ,   5.95|  41-157 ,   4.70| 
-----------------------------------------------------------------------------------------
edge= 224 231 lp= 9.65689 pre= 2 lp2= 1.7383 pre2= 2 score= 16.7865
-----------------------------------------------------------------------------------------
edge= 5 206 lp= 6.28466 pre= 2 lp2= 2.70099 pre2= 2 score= 16.9748
-----------------------------------------------------------------------------------------
edge= 175 375 lp= 7.44585 pre= 2 lp2= 3.44678 pre2= 2 score= 25.6642
-----------------------------------------------------------------------------------------
candidate= 175-375 : -
-----------------------------------------------------------------------------------------
it= 5   ncol= 3542  ncstr= 1666 mt= 7.6   spt= 0.0   lpval= 65903.3   ub= 65929.0  
-----------------------------------------------------------------------------------------
elapsed time= 557.82 s.
-----------------------------------------------------------------------------------------
candidate= 175-375 : +
-----------------------------------------------------------------------------------------
it= 4   ncol= 3524  ncstr= 1666 mt= 7.2   spt= 0.0   lpval= 65901.0   ub= 65929.0  
-----------------------------------------------------------------------------------------
elapsed time= 565.05 s.
-----------------------------------------------------------------------------------------
candidate= 5-206 : -
-----------------------------------------------------------------------------------------
it= 5   ncol= 3550  ncstr= 1666 mt= 8.5   spt= 0.0   lpval= 65902.6   ub= 65929.0  
-----------------------------------------------------------------------------------------
elapsed time= 573.56 s.
-----------------------------------------------------------------------------------------
candidate= 224-231 : -
-----------------------------------------------------------------------------------------
it= 5   ncol= 3544  ncstr= 1666 mt= 7.7   spt= 0.0   lpval= 65905.9   ub= 65929.0  
-----------------------------------------------------------------------------------------
elapsed time= 581.29 s.
-----------------------------------------------------------------------------------------
brc= 175-375
t= 0.441951 c= 61.0345 n= 2 if_b4= 0
t= 6.61799 c= 66.0652 n= 2 if_b4= 0
#########################################################################################
tree size= 1 lb= 65898 ub= 65929
#########################################################################################
idx= 5 value= 65898 enu= 1
brc= 264-365 : +
brc= 23-381 : +
brc= 176-199 : -
brc= 158-295 : -
brc= 317-370 : -
brc= 222-330 : -
brc= 45-199 : -
brc= 149-351 : +
brc= 23-193 : -
brc= 157-317 : -
brc= 55-225 : -
brc= 122-358 : +
brc= 0-241 : +
brc= 122-328 : -
brc= 175-375 : +
it= 4   ncol= 3446  ncstr= 1665 mt= 7.5   spt= 0.0   lpval= 65901.0   ub= 65929.0  
-----------------------------------------------------------------------------------------
elapsed time= 604.23 s.
-----------------------------------------------------------------------------------------
columns pending deletion= 18467 remain= 72418 col ratio= 0.744994 row ratio= 0.84024
 ****** Separate Rank1Cuts ****** 
it= 4   ncol= 3482  ncstr= 1778 mt= 1.3   spt= 0.0   lpval= 65903.2   ub= 65929.0  
-----------------------------------------------------------------------------------------
elapsed time= 610.47 s.
-----------------------------------------------------------------------------------------
delete columns= 29010 remain= 43408
 ****** Separate RCCs ****** 
 ****** Separate Rank1Cuts ****** 
it= 3   ncol= 3481  ncstr= 1514 mt= 0.5   spt= 0.0   lpval= 65904.0   ub= 65929.0  
-----------------------------------------------------------------------------------------
elapsed time= 621.85 s.
-----------------------------------------------------------------------------------------
columns pending deletion= 4535 remain= 43408 col ratio= 0.895526 row ratio= 0.938573
[1;36m[REMIND] 2: gap improved= 0.849113 ratio= 0.034016 threshold= 0.040000 in function increaseCondition2 at /blue/yu.yang1/you.z/route_opt/packages/application/X-n384-k52/src/main/src/call_cutting.cpp:74[0m
 ****** Separate Rank1Cuts ****** 
it= 5   ncol= 3538  ncstr= 1643 mt= 1.0   spt= 0.0   lpval= 65904.7   ub= 65929.0  
-----------------------------------------------------------------------------------------
elapsed time= 628.00 s.
-----------------------------------------------------------------------------------------
columns pending deletion= 8056 remain= 43408 col ratio= 0.814412 row ratio= 0.888618
[1;36m[REMIND] 2: gap improved= 0.693233 ratio= 0.028565 threshold= 0.040000 in function increaseCondition2 at /blue/yu.yang1/you.z/route_opt/packages/application/X-n384-k52/src/main/src/call_cutting.cpp:74[0m
 ****** Separate Rank1Cuts ****** 
it= 4   ncol= 3553  ncstr= 1734 mt= 0.6   spt= 0.0   lpval= 65905.6   ub= 65929.0  
-----------------------------------------------------------------------------------------
elapsed time= 632.89 s.
-----------------------------------------------------------------------------------------
columns pending deletion= 10924 remain= 43408 col ratio= 0.748341 row ratio= 0.865629
[1;36m[REMIND] 2: gap improved= 0.865873 ratio= 0.036999 threshold= 0.040000 in function increaseCondition2 at /blue/yu.yang1/you.z/route_opt/packages/application/X-n384-k52/src/main/src/call_cutting.cpp:74[0m
[1;36m[REMIND] tail off counter= 3 threshold= 3 in function setIfTailOff at /blue/yu.yang1/you.z/route_opt/packages/application/X-n384-k52/src/main/src/call_cutting.cpp:150[0m
current_r_best= 5.66194
alpha= 0.37 beta= 1.05176 omega= 138.103 k1= 6
lb_k= 1 ub_k= 37
revise: lb_k= 5 ub_k= 7
opt_k= 6
alpha= 0.75 beta= 1.05176 omega= 9.98266 k1= 2
lb_k= 1 ub_k= 3
revise: lb_k= 1 ub_k= 3
opt_k= 3
pseudo= 50 frac= 50
#candidates in phase1= 6
testing lp time= 7.19 s.
-----------------------------------------------------------------------------------------
171-289 ,  32.91|  47-90  ,  13.65|   5-206 ,  13.47|  37-314 ,  11.70| 237-293 ,   7.69| 
213-225 ,   0.00| 
-----------------------------------------------------------------------------------------
edge= 5 206 lp= 6.45494 pre= 0 lp2= 2.08699 pre2= 0 score= 13.4714
-----------------------------------------------------------------------------------------
edge= 47 90 lp= 0.448335 pre= 0 lp2= 30.4493 pre2= 2 score= 13.6515
-----------------------------------------------------------------------------------------
edge= 171 289 lp= 1.78753 pre= 0 lp2= 18.4134 pre2= 1 score= 32.9146
-----------------------------------------------------------------------------------------
candidate= 171-289 : +
-----------------------------------------------------------------------------------------
it= 6   ncol= 3719  ncstr= 1735 mt= 10.9  spt= 0.0   lpval= 65914.9   ub= 65929.0  
-----------------------------------------------------------------------------------------
elapsed time= 650.98 s.
-----------------------------------------------------------------------------------------
brc= 171-289
t= 0.48133 c= 56.2086 n= 3 if_b4= 0
t= 7.68477 c= 59.5202 n= 3 if_b4= 0
#########################################################################################
tree size= 2 lb= 65898 ub= 65929
#########################################################################################
idx= 6 value= 65898 enu= 1
brc= 264-365 : +
brc= 23-381 : +
brc= 176-199 : -
brc= 158-295 : -
brc= 317-370 : -
brc= 222-330 : -
brc= 45-199 : -
brc= 149-351 : +
brc= 23-193 : -
brc= 157-317 : -
brc= 55-225 : -
brc= 122-358 : +
brc= 0-241 : +
brc= 122-328 : -
brc= 175-375 : -
it= 5   ncol= 3543  ncstr= 1665 mt= 2.1   spt= 0.0   lpval= 65903.3   ub= 65929.0  
-----------------------------------------------------------------------------------------
elapsed time= 669.53 s.
-----------------------------------------------------------------------------------------
delete columns= 30388 remain= 43134
 ****** Separate RCCs ****** 
 ****** Separate Rank1Cuts ****** 
it= 4   ncol= 3552  ncstr= 1455 mt= 1.0   spt= 0.0   lpval= 65906.3   ub= 65929.0  
-----------------------------------------------------------------------------------------
elapsed time= 675.71 s.
-----------------------------------------------------------------------------------------
columns pending deletion= 13040 remain= 43134 col ratio= 0.697686 row ratio= 0.930584
 ****** Separate RCCs ****** 
 ****** Separate Rank1Cuts ****** 
it= 4   ncol= 3517  ncstr= 1591 mt= 0.9   spt= 0.0   lpval= 65908.4   ub= 65929.0  
-----------------------------------------------------------------------------------------
elapsed time= 681.40 s.
-----------------------------------------------------------------------------------------
delete columns= 19156 remain= 23978
 ****** Separate RCCs ****** 
 ****** Separate Rank1Cuts ****** 
it= 5   ncol= 3527  ncstr= 1510 mt= 0.5   spt= 0.0   lpval= 65909.5   ub= 65929.0  
-----------------------------------------------------------------------------------------
elapsed time= 686.80 s.
-----------------------------------------------------------------------------------------
columns pending deletion= 3455 remain= 23978 col ratio= 0.85591 row ratio= 0.927815
 ****** Separate Rank1Cuts ****** 
it= 3   ncol= 3558  ncstr= 1617 mt= 0.6   spt= 0.0   lpval= 65910.5   ub= 65929.0  
-----------------------------------------------------------------------------------------
elapsed time= 692.03 s.
-----------------------------------------------------------------------------------------
columns pending deletion= 6018 remain= 23978 col ratio= 0.74902 row ratio= 0.896104
 ****** Separate Rank1Cuts ****** 
it= 3   ncol= 3574  ncstr= 1718 mt= 0.7   spt= 0.0   lpval= 65911.4   ub= 65929.0  
-----------------------------------------------------------------------------------------
elapsed time= 697.47 s.
-----------------------------------------------------------------------------------------
delete columns= 7803 remain= 16175
mip: row= 1492 col= 19718 density= 2.02883%
mip time= 114.75 s.
mip status= 6
update f from 17.4478 to 17.6491
#########################################################################################
tree size= 1 lb= 65905.6 ub= 65929
#########################################################################################
idx= 7 value= 65905.6 enu= 1
brc= 264-365 : +
brc= 23-381 : +
brc= 176-199 : -
brc= 158-295 : -
brc= 317-370 : -
brc= 222-330 : -
brc= 45-199 : -
brc= 149-351 : +
brc= 23-193 : -
brc= 157-317 : -
brc= 55-225 : -
brc= 122-358 : +
brc= 0-241 : +
brc= 122-328 : -
brc= 175-375 : +
brc= 171-289 : +
it= 8   ncol= 3537  ncstr= 1734 mt= 10.0  spt= 0.0   lpval= 65914.9   ub= 65929.0  
-----------------------------------------------------------------------------------------
elapsed time= 829.20 s.
-----------------------------------------------------------------------------------------
delete columns= 21171 remain= 10329
 ****** Separate RCCs ****** 
 ****** Separate Rank1Cuts ****** 
it= 4   ncol= 3337  ncstr= 1478 mt= 1.1   spt= 0.0   lpval= 65916.8   ub= 65929.0  
-----------------------------------------------------------------------------------------
elapsed time= 840.08 s.
-----------------------------------------------------------------------------------------
columns pending deletion= 2775 remain= 10329 col ratio= 0.731339 row ratio= 0.894452
mip: row= 1322 col= 10699 density= 2.15613%
mip time= 23.72 s.
mip status= 6
#########################################################################################
tree size= 0 lb= 65905.6 ub= 65929
#########################################################################################
idx= 8 value= 65905.6 enu= 1
brc= 264-365 : +
brc= 23-381 : +
brc= 176-199 : -
brc= 158-295 : -
brc= 317-370 : -
brc= 222-330 : -
brc= 45-199 : -
brc= 149-351 : +
brc= 23-193 : -
brc= 157-317 : -
brc= 55-225 : -
brc= 122-358 : +
brc= 0-241 : +
brc= 122-328 : -
brc= 175-375 : +
brc= 171-289 : -
it= 3   ncol= 3579  ncstr= 1734 mt= 0.4   spt= 0.0   lpval= 65907.4   ub= 65929.0  
-----------------------------------------------------------------------------------------
elapsed time= 864.35 s.
-----------------------------------------------------------------------------------------
columns pending deletion= 5585 remain= 32472 col ratio= 0.828006 row ratio= 0.829873
 ****** Separate RCCs ****** 
 ****** Separate Rank1Cuts ****** 
it= 4   ncol= 3587  ncstr= 1798 mt= 0.9   spt= 0.0   lpval= 65909.4   ub= 65929.0  
-----------------------------------------------------------------------------------------
elapsed time= 869.99 s.
-----------------------------------------------------------------------------------------
delete columns= 11025 remain= 21447
 ****** Separate Rank1Cuts ****** 
it= 3   ncol= 3584  ncstr= 1536 mt= 0.7   spt= 0.0   lpval= 65910.1   ub= 65929.0  
-----------------------------------------------------------------------------------------
elapsed time= 880.90 s.
-----------------------------------------------------------------------------------------
columns pending deletion= 2015 remain= 21447 col ratio= 0.906047 row ratio= 0.947266
[1;36m[REMIND] 2: gap improved= 0.717270 ratio= 0.038007 threshold= 0.040000 in function increaseCondition2 at /blue/yu.yang1/you.z/route_opt/packages/application/X-n384-k52/src/main/src/call_cutting.cpp:74[0m
 ****** Separate Rank1Cuts ****** 
it= 4   ncol= 3571  ncstr= 1638 mt= 0.5   spt= 0.0   lpval= 65910.8   ub= 65929.0  
-----------------------------------------------------------------------------------------
elapsed time= 885.48 s.
-----------------------------------------------------------------------------------------
columns pending deletion= 3528 remain= 21447 col ratio= 0.835501 row ratio= 0.90232
[1;36m[REMIND] 2: gap improved= 0.631712 ratio= 0.034633 threshold= 0.040000 in function increaseCondition2 at /blue/yu.yang1/you.z/route_opt/packages/application/X-n384-k52/src/main/src/call_cutting.cpp:74[0m
 ****** Separate Rank1Cuts ****** 
it= 3   ncol= 3586  ncstr= 1703 mt= 0.5   spt= 0.0   lpval= 65911.5   ub= 65929.0  
-----------------------------------------------------------------------------------------
elapsed time= 890.10 s.
-----------------------------------------------------------------------------------------
columns pending deletion= 4803 remain= 21447 col ratio= 0.776053 row ratio= 0.890194
 ****** Separate Rank1Cuts ****** 
it= 3   ncol= 3600  ncstr= 1792 mt= 0.5   spt= 0.0   lpval= 65911.9   ub= 65929.0  
-----------------------------------------------------------------------------------------
elapsed time= 894.95 s.
-----------------------------------------------------------------------------------------
columns pending deletion= 5886 remain= 21447 col ratio= 0.725556 row ratio= 0.856027
[1;36m[REMIND] 2: gap improved= 0.437248 ratio= 0.025568 threshold= 0.040000 in function increaseCondition2 at /blue/yu.yang1/you.z/route_opt/packages/application/X-n384-k52/src/main/src/call_cutting.cpp:74[0m
[1;36m[REMIND] tail off counter= 3 threshold= 3 in function setIfTailOff at /blue/yu.yang1/you.z/route_opt/packages/application/X-n384-k52/src/main/src/call_cutting.cpp:150[0m
mip: row= 1534 col= 19146 density= 2.06043%
mip time= 101.11 s.
mip status= 6
#########################################################################################
[32m<Instance: X-n384-k52>
<Solution>
<UB= 65929>
<LB= 65929>
<Elapsed Time= 1002.9>
<Nodes Explored= 9>
<Global Gap= 0%>[0m
#########################################################################################
File nodes/X-n384-k52_0_0_5_3_G32.node deleted successfully.
