application type: CVRP
X-n384-k52_1_0_1_1_1_3_G32.node
Set parameter ServerTimeout to value 600
Set parameter TokenServer to value "grb-ts.ufhpc"
Set parameter Threads to value 1
instance name= X-n384-k52
#########################################################################################
tree size= 0 lb= 0 ub= 65929
#########################################################################################
idx= 7 value= 65871 enu= 0
brc= 264-365 : -
brc= 77-229 : +
brc= 158-295 : +
brc= 157-180 : -
brc= 122-328 : +
brc= 41-175 : -
brc= 122-358 : +
brc= 45-199 : -
brc= 2-264 : +
brc= 49-298 : -
brc= 31-145 : -
brc= 163-231 : -
brc= 251-330 : +
-----------------------------------------------------------------------------------------
 ****** Pricing Level: LIGHT HEUR ****** 
it= 12  ncol= 2578  ncstr= 1452 mt= 1.7   spt= 0.8   lpval= 65880.3   ub= 65929.0  
 ****** Pricing Level: HEAVY HEUR ****** 
it= 10  ncol= 2764  ncstr= 1452 mt= 2.5   spt= 1.7   lpval= 65877.9   ub= 65929.0  
 ****** Pricing Level: EXACT ****** 
it= 5   ncol= 3030  ncstr= 1452 mt= 1.2   spt= 10.4  lpval= 65876.4   ub= 65929.0  
-----------------------------------------------------------------------------------------
elapsed time= 35.68 s.
-----------------------------------------------------------------------------------------
-----------------------------------------------------------------------------------------
 ****** Run Arc Elimination ****** 
arc elimination time= 9.93 s.
previous= 89.8502% maximum= 3.84702%
eliminate bucket arcs time= 1.21 s.
obtain jump arcs time= 0.02 s.
-----------------------------------------------------------------------------------------
-----------------------------------------------------------------------------------------
elapsed time= 47.50 s.
-----------------------------------------------------------------------------------------
-----------------------------------------------------------------------------------------
 ****** Try Enumeration ****** 
#labels= 244834 #routes= 77
labeling 1 time= 2.18 s.
concatenate time= 3.67 s.
#routes= 561999
average gap of successful enumeration= 0.000783261
next try value > 65865.6
-----------------------------------------------------------------------------------------
elapsed time= 53.71 s.
-----------------------------------------------------------------------------------------
 ****** Process Enumeration Matrix ****** 
delete non-ele routes lp val= 65876.6
recover rank1c lp val= 65876.9
recover rcc lp val= 65876.9
obtain rcc coefficient time= 0.05 s.
obtain r1c coefficient time= 0.93 s.
obtain matrix from triplets time= 1.38 s.
delete columns by branch time= 0.00 s.
columns pending deletion= 9051 remain= 561999 col ratio= 0.983895 row ratio= 1
regenerate enumeration matrix time= 0.00 s.
-----------------------------------------------------------------------------------------
elapsed time= 72.97 s.
-----------------------------------------------------------------------------------------
it= 5   ncol= 2681  ncstr= 1363 mt= 0.3   spt= 0.2   lpval= 65876.9   ub= 65929.0  
-----------------------------------------------------------------------------------------
elapsed time= 73.61 s.
-----------------------------------------------------------------------------------------
columns pending deletion= 88168 remain= 561999 col ratio= 0.843117 row ratio= 0.931768
 ****** Separate RCCs ****** 
 ****** Separate Rank1Cuts ****** 
it= 5   ncol= 2745  ncstr= 1479 mt= 1.3   spt= 0.2   lpval= 65879.4   ub= 65929.0  
-----------------------------------------------------------------------------------------
elapsed time= 80.08 s.
-----------------------------------------------------------------------------------------
columns pending deletion= 168860 remain= 561999 col ratio= 0.699537 row ratio= 0.892495
 ****** Separate Rank1Cuts ****** 
it= 4   ncol= 2785  ncstr= 1577 mt= 0.6   spt= 0.2   lpval= 65880.9   ub= 65929.0  
-----------------------------------------------------------------------------------------
elapsed time= 85.56 s.
-----------------------------------------------------------------------------------------
delete columns= 212686 remain= 349313
[1;36m[REMIND] 2: gap improved= 1.517562 ratio= 0.031551 threshold= 0.040000 in function increaseCondition2 at /blue/yu.yang1/you.z/route_opt/packages/application/X-n384-k52/src/main/src/call_cutting.cpp:74[0m
 ****** Separate RCCs ****** 
 ****** Separate Rank1Cuts ****** 
it= 4   ncol= 2862  ncstr= 1459 mt= 0.9   spt= 0.1   lpval= 65881.8   ub= 65929.0  
-----------------------------------------------------------------------------------------
elapsed time= 92.32 s.
-----------------------------------------------------------------------------------------
columns pending deletion= 32049 remain= 349313 col ratio= 0.908251 row ratio= 0.910898
[1;36m[REMIND] 2: gap improved= 0.947118 ratio= 0.020087 threshold= 0.040000 in function increaseCondition2 at /blue/yu.yang1/you.z/route_opt/packages/application/X-n384-k52/src/main/src/call_cutting.cpp:74[0m
 ****** Separate Rank1Cuts ****** 
it= 4   ncol= 2928  ncstr= 1570 mt= 0.7   spt= 0.1   lpval= 65883.0   ub= 65929.0  
-----------------------------------------------------------------------------------------
elapsed time= 97.99 s.
-----------------------------------------------------------------------------------------
columns pending deletion= 62086 remain= 349313 col ratio= 0.822263 row ratio= 0.877707
[1;36m[REMIND] 2: gap improved= 1.177240 ratio= 0.025607 threshold= 0.040000 in function increaseCondition2 at /blue/yu.yang1/you.z/route_opt/packages/application/X-n384-k52/src/main/src/call_cutting.cpp:74[0m
[1;36m[REMIND] tail off counter= 3 threshold= 3 in function setIfTailOff at /blue/yu.yang1/you.z/route_opt/packages/application/X-n384-k52/src/main/src/call_cutting.cpp:150[0m
[1;36m[REMIND] opt_k not found for node 7, use m directly in function getOptK at /blue/yu.yang1/you.z/route_opt/packages/branching/bkf/include/bkf_controller.hpp:239[0m
current_r_best= 8.73852
we directly test 100
we directly test 4
pseudo= 50 frac= 50
#candidates in phase1= 100
testing lp time= 91.43 s.
-----------------------------------------------------------------------------------------
 23-193 ,  25.07| 298-323 ,  24.72|  35-316 ,  22.53|  37-251 ,  22.09| 334-380 ,  21.91| 
 49-292 ,  21.62|  69-156 ,  20.31| 133-272 ,  19.00|   9-293 ,  17.21|  97-126 ,  16.81| 
284-295 ,  15.82| 142-323 ,  15.57|  75-158 ,  15.39|  44-325 ,  14.95| 215-231 ,  14.90| 
  0-314 ,  14.11| 252-284 ,  13.87|  47-90  ,  13.58|  27-76  ,  12.85| 365-381 ,  12.73| 
  0-49  ,  12.71|   0-231 ,  12.67|  53-318 ,  12.37|   0-164 ,  11.93| 302-356 ,  11.81| 
 15-185 ,  11.74| 224-231 ,  11.70| 106-145 ,  11.50| 180-370 ,  11.06|   0-221 ,  11.04| 
145-163 ,  10.85|  44-90  ,  10.77|   0-145 ,  10.69| 163-224 ,  10.61|  23-131 ,  10.42| 
  0-375 ,  10.23| 141-152 ,   9.89|  44-112 ,   9.62|   0-335 ,   9.62|   0-317 ,   9.45| 
237-288 ,   9.43|  66-282 ,   9.31| 267-354 ,   9.26| 176-199 ,   8.93| 120-314 ,   8.90| 
107-262 ,   8.86|  40-300 ,   8.84|   0-275 ,   8.83|   0-354 ,   8.82|  90-342 ,   8.35| 
 34-117 ,   8.28| 329-353 ,   8.17|  98-355 ,   7.70|  95-348 ,   7.69|   0-16  ,   7.59| 
201-230 ,   7.57| 246-331 ,   7.50|   0-201 ,   7.48|   0-31  ,   7.18|   3-127 ,   7.14| 
  0-305 ,   7.03| 180-366 ,   6.99| 212-379 ,   6.85|   0-246 ,   6.78|   0-189 ,   6.69| 
  0-88  ,   6.52|   0-244 ,   6.16| 163-313 ,   6.09|  62-361 ,   5.92|   0-309 ,   5.32| 
  0-278 ,   5.28|   0-30  ,   5.25|   8-257 ,   5.24|   0-373 ,   5.22|  38-151 ,   5.18| 
  3-67  ,   4.99| 247-331 ,   4.68|   0-331 ,   4.49|  18-187 ,   4.43|   0-316 ,   4.33| 
288-337 ,   4.30| 130-361 ,   4.02|   0-175 ,   3.94| 246-313 ,   3.91| 182-275 ,   3.86| 
  0-42  ,   3.77|   0-21  ,   3.73|  74-142 ,   3.68|   0-5   ,   3.62| 175-375 ,   3.56| 
127-364 ,   2.99|   0-286 ,   2.99|   0-313 ,   2.81|   2-109 ,   2.53| 236-368 ,   2.46| 
 62-280 ,   2.37|  96-197 ,   2.26| 341-345 ,   1.95|   0-155 ,   1.51|   0-344 ,   0.43| 
-----------------------------------------------------------------------------------------
edge= 37 251 lp= 6.93853 pre= 2 lp2= 3.18405 pre2= 2 score= 22.0926
-----------------------------------------------------------------------------------------
edge= 35 316 lp= 1.4086 pre= 2 lp2= 15.9918 pre2= 2 score= 22.5261
-----------------------------------------------------------------------------------------
edge= 298 323 lp= 6.62703 pre= 2 lp2= 3.72994 pre2= 2 score= 24.7184
-----------------------------------------------------------------------------------------
edge= 23 193 lp= 16.8744 pre= 2 lp2= 1.48549 pre2= 2 score= 25.0668
-----------------------------------------------------------------------------------------
candidate= 23-193 : -
-----------------------------------------------------------------------------------------
it= 8   ncol= 3104  ncstr= 1571 mt= 7.6   spt= 0.2   lpval= 65894.5   ub= 65929.0  
-----------------------------------------------------------------------------------------
elapsed time= 197.38 s.
-----------------------------------------------------------------------------------------
candidate= 298-323 : -
-----------------------------------------------------------------------------------------
it= 5   ncol= 3048  ncstr= 1571 mt= 6.4   spt= 0.1   lpval= 65888.0   ub= 65929.0  
-----------------------------------------------------------------------------------------
elapsed time= 203.96 s.
-----------------------------------------------------------------------------------------
candidate= 35-316 : -
-----------------------------------------------------------------------------------------
it= 4   ncol= 2981  ncstr= 1571 mt= 5.4   spt= 0.1   lpval= 65884.3   ub= 65929.0  
-----------------------------------------------------------------------------------------
elapsed time= 209.50 s.
-----------------------------------------------------------------------------------------
candidate= 37-251 : -
-----------------------------------------------------------------------------------------
it= 6   ncol= 3072  ncstr= 1571 mt= 6.0   spt= 0.2   lpval= 65888.9   ub= 65929.0  
-----------------------------------------------------------------------------------------
elapsed time= 215.71 s.
-----------------------------------------------------------------------------------------
candidate= 35-316 : +
-----------------------------------------------------------------------------------------
it= 8   ncol= 3161  ncstr= 1571 mt= 6.2   spt= 0.2   lpval= 65895.8   ub= 65929.0  
-----------------------------------------------------------------------------------------
elapsed time= 222.20 s.
-----------------------------------------------------------------------------------------
candidate= 37-251 : +
-----------------------------------------------------------------------------------------
it= 4   ncol= 3014  ncstr= 1571 mt= 5.4   spt= 0.1   lpval= 65885.7   ub= 65929.0  
-----------------------------------------------------------------------------------------
elapsed time= 227.76 s.
-----------------------------------------------------------------------------------------
candidate= 298-323 : +
-----------------------------------------------------------------------------------------
it= 6   ncol= 3038  ncstr= 1571 mt= 6.0   spt= 0.2   lpval= 65885.9   ub= 65929.0  
-----------------------------------------------------------------------------------------
elapsed time= 234.04 s.
-----------------------------------------------------------------------------------------
candidate= 23-193 : +
-----------------------------------------------------------------------------------------
it= 3   ncol= 2989  ncstr= 1571 mt= 5.1   spt= 0.1   lpval= 65884.5   ub= 65929.0  
-----------------------------------------------------------------------------------------
elapsed time= 239.24 s.
-----------------------------------------------------------------------------------------
brc= 23-193
t= 0.457169 c= 116.281 n= 0 if_b4= 0
t= 6.22566 c= 137.095 n= 0 if_b4= 0
#########################################################################################
tree size= 1 lb= 65883 ub= 65929
#########################################################################################
idx= 1 value= 65883 enu= 1
brc= 264-365 : -
brc= 77-229 : +
brc= 158-295 : +
brc= 157-180 : -
brc= 122-328 : +
brc= 41-175 : -
brc= 122-358 : +
brc= 45-199 : -
brc= 2-264 : +
brc= 49-298 : -
brc= 31-145 : -
brc= 163-231 : -
brc= 251-330 : +
brc= 23-193 : +
it= 4   ncol= 2922  ncstr= 1570 mt= 5.0   spt= 0.1   lpval= 65884.5   ub= 65929.0  
-----------------------------------------------------------------------------------------
elapsed time= 258.01 s.
-----------------------------------------------------------------------------------------
columns pending deletion= 30590 remain= 284631 col ratio= 0.892528 row ratio= 0.859236
 ****** Separate Rank1Cuts ****** 
it= 4   ncol= 3000  ncstr= 1652 mt= 1.0   spt= 0.1   lpval= 65886.0   ub= 65929.0  
-----------------------------------------------------------------------------------------
elapsed time= 263.91 s.
-----------------------------------------------------------------------------------------
columns pending deletion= 59798 remain= 284631 col ratio= 0.78991 row ratio= 0.840799
[1;36m[REMIND] 2: gap improved= 1.573860 ratio= 0.036639 threshold= 0.040000 in function increaseCondition2 at /blue/yu.yang1/you.z/route_opt/packages/application/X-n384-k52/src/main/src/call_cutting.cpp:74[0m
 ****** Separate Rank1Cuts ****** 
it= 3   ncol= 3048  ncstr= 1750 mt= 0.6   spt= 0.1   lpval= 65887.1   ub= 65929.0  
-----------------------------------------------------------------------------------------
elapsed time= 269.16 s.
-----------------------------------------------------------------------------------------
delete columns= 81668 remain= 202963
[1;36m[REMIND] 2: gap improved= 1.082443 ratio= 0.025850 threshold= 0.040000 in function increaseCondition2 at /blue/yu.yang1/you.z/route_opt/packages/application/X-n384-k52/src/main/src/call_cutting.cpp:74[0m
 ****** Separate Rank1Cuts ****** 
it= 5   ncol= 3111  ncstr= 1504 mt= 0.5   spt= 0.1   lpval= 65887.9   ub= 65929.0  
-----------------------------------------------------------------------------------------
elapsed time= 280.11 s.
-----------------------------------------------------------------------------------------
columns pending deletion= 16338 remain= 202963 col ratio= 0.919503 row ratio= 0.919548
[1;36m[REMIND] 2: gap improved= 0.726916 ratio= 0.017666 threshold= 0.040000 in function increaseCondition2 at /blue/yu.yang1/you.z/route_opt/packages/application/X-n384-k52/src/main/src/call_cutting.cpp:74[0m
[1;36m[REMIND] tail off counter= 3 threshold= 3 in function setIfTailOff at /blue/yu.yang1/you.z/route_opt/packages/application/X-n384-k52/src/main/src/call_cutting.cpp:150[0m
current_r_best= 3.48829
alpha= 0.37 beta= 11.7957 omega= 254.35 k1= 29
lb_k= 1 ub_k= 37
revise: lb_k= 22 ub_k= 37
opt_k= 31
alpha= 0.75 beta= 11.7957 omega= 22.021 k1= 3
lb_k= 1 ub_k= 3
revise: lb_k= 1 ub_k= 3
opt_k= 3
pseudo= 50 frac= 50
#candidates in phase1= 31
testing lp time= 26.21 s.
-----------------------------------------------------------------------------------------
 44-325 ,  20.26|  47-90  ,  17.94| 235-253 ,  16.43|  41-305 ,  14.97|  16-278 ,  14.32| 
 46-126 ,  13.88|  30-229 ,  13.31|  41-231 ,  11.43| 252-284 ,  11.15|   0-231 ,  10.98| 
215-231 ,  10.48|  83-260 ,  10.38| 163-224 ,  10.33|  56-329 ,   7.94|  50-289 ,   7.53| 
237-278 ,   7.47| 176-199 ,   7.44|  44-112 ,   7.44| 180-370 ,   7.23|   4-309 ,   7.11| 
107-262 ,   6.85|  97-335 ,   6.04| 180-366 ,   5.59| 265-365 ,   5.36|  31-275 ,   3.43| 
365-381 ,   3.06|  90-325 ,   2.57|  22-194 ,   2.07|  15-192 ,   2.07|  14-65  ,   1.84| 
 22-160 ,   0.88| 
-----------------------------------------------------------------------------------------
edge= 235 253 lp= 0.743537 pre= 2 lp2= 22.0966 pre2= 2 score= 16.4296
-----------------------------------------------------------------------------------------
edge= 47 90 lp= 0.7899 pre= 0 lp2= 22.7145 pre2= 2 score= 17.9422
-----------------------------------------------------------------------------------------
edge= 44 325 lp= 0.891782 pre= 2 lp2= 22.7145 pre2= 2 score= 20.2563
-----------------------------------------------------------------------------------------
candidate= 44-325 : -
-----------------------------------------------------------------------------------------
it= 4   ncol= 3164  ncstr= 1505 mt= 5.5   spt= 0.1   lpval= 65888.6   ub= 65929.0  
-----------------------------------------------------------------------------------------
elapsed time= 311.96 s.
-----------------------------------------------------------------------------------------
candidate= 47-90 : +
-----------------------------------------------------------------------------------------
it= 10  ncol= 3417  ncstr= 1505 mt= 9.4   spt= 0.2   lpval= 65900.8   ub= 65929.0  
-----------------------------------------------------------------------------------------
elapsed time= 321.56 s.
-----------------------------------------------------------------------------------------
candidate= 44-325 : +
-----------------------------------------------------------------------------------------
it= 8   ncol= 3382  ncstr= 1505 mt= 9.0   spt= 0.1   lpval= 65900.2   ub= 65929.0  
-----------------------------------------------------------------------------------------
elapsed time= 330.72 s.
-----------------------------------------------------------------------------------------
candidate= 235-253 : -
-----------------------------------------------------------------------------------------
it= 4   ncol= 3167  ncstr= 1505 mt= 5.9   spt= 0.1   lpval= 65888.5   ub= 65929.0  
-----------------------------------------------------------------------------------------
elapsed time= 336.72 s.
-----------------------------------------------------------------------------------------
candidate= 235-253 : +
-----------------------------------------------------------------------------------------
it= 7   ncol= 3346  ncstr= 1505 mt= 7.0   spt= 0.1   lpval= 65898.5   ub= 65929.0  
-----------------------------------------------------------------------------------------
elapsed time= 343.93 s.
-----------------------------------------------------------------------------------------
candidate= 47-90 : -
-----------------------------------------------------------------------------------------
it= 3   ncol= 3160  ncstr= 1505 mt= 5.5   spt= 0.0   lpval= 65888.6   ub= 65929.0  
-----------------------------------------------------------------------------------------
elapsed time= 349.51 s.
-----------------------------------------------------------------------------------------
brc= 47-90
t= 0.439927 c= 82.5824 n= 1 if_b4= 0
t= 6.71142 c= 88.7454 n= 1 if_b4= 0
#########################################################################################
tree size= 2 lb= 65883 ub= 65929
#########################################################################################
idx= 2 value= 65883 enu= 1
brc= 264-365 : -
brc= 77-229 : +
brc= 158-295 : +
brc= 157-180 : -
brc= 122-328 : +
brc= 41-175 : -
brc= 122-358 : +
brc= 45-199 : -
brc= 2-264 : +
brc= 49-298 : -
brc= 31-145 : -
brc= 163-231 : -
brc= 251-330 : +
brc= 23-193 : -
it= 6   ncol= 3016  ncstr= 1570 mt= 2.8   spt= 0.1   lpval= 65894.5   ub= 65929.0  
-----------------------------------------------------------------------------------------
elapsed time= 366.46 s.
-----------------------------------------------------------------------------------------
delete columns= 176508 remain= 108152
 ****** Separate Rank1Cuts ****** 
it= 6   ncol= 3112  ncstr= 1376 mt= 1.6   spt= 0.0   lpval= 65899.1   ub= 65929.0  
-----------------------------------------------------------------------------------------
elapsed time= 378.02 s.
-----------------------------------------------------------------------------------------
delete columns= 39681 remain= 68471
 ****** Separate Rank1Cuts ****** 
it= 4   ncol= 3109  ncstr= 1356 mt= 0.7   spt= 0.0   lpval= 65900.9   ub= 65929.0  
-----------------------------------------------------------------------------------------
elapsed time= 383.06 s.
-----------------------------------------------------------------------------------------
columns pending deletion= 12125 remain= 68471 col ratio= 0.822918 row ratio= 0.960914
 ****** Separate Rank1Cuts ****** 
it= 5   ncol= 3173  ncstr= 1463 mt= 1.0   spt= 0.0   lpval= 65902.5   ub= 65929.0  
-----------------------------------------------------------------------------------------
elapsed time= 388.73 s.
-----------------------------------------------------------------------------------------
columns pending deletion= 21454 remain= 68471 col ratio= 0.68667 row ratio= 0.910458
 ****** Separate Rank1Cuts ****** 
it= 3   ncol= 3202  ncstr= 1571 mt= 0.4   spt= 0.0   lpval= 65903.9   ub= 65929.0  
-----------------------------------------------------------------------------------------
elapsed time= 393.64 s.
-----------------------------------------------------------------------------------------
delete columns= 28180 remain= 40291
 ****** Separate Rank1Cuts ****** 
it= 3   ncol= 3210  ncstr= 1485 mt= 0.3   spt= 0.0   lpval= 65904.7   ub= 65929.0  
-----------------------------------------------------------------------------------------
elapsed time= 398.56 s.
-----------------------------------------------------------------------------------------
columns pending deletion= 3850 remain= 40291 col ratio= 0.904445 row ratio= 0.931313
[1;36m[REMIND] 2: gap improved= 0.740128 ratio= 0.030432 threshold= 0.040000 in function increaseCondition2 at /blue/yu.yang1/you.z/route_opt/packages/application/X-n384-k52/src/main/src/call_cutting.cpp:74[0m
 ****** Separate Rank1Cuts ****** 
it= 4   ncol= 3250  ncstr= 1573 mt= 0.7   spt= 0.0   lpval= 65905.2   ub= 65929.0  
-----------------------------------------------------------------------------------------
elapsed time= 403.45 s.
-----------------------------------------------------------------------------------------
columns pending deletion= 6570 remain= 40291 col ratio= 0.836936 row ratio= 0.883026
[1;36m[REMIND] 2: gap improved= 0.564041 ratio= 0.023743 threshold= 0.040000 in function increaseCondition2 at /blue/yu.yang1/you.z/route_opt/packages/application/X-n384-k52/src/main/src/call_cutting.cpp:74[0m
 ****** Separate Rank1Cuts ****** 
it= 3   ncol= 3306  ncstr= 1694 mt= 0.7   spt= 0.0   lpval= 65905.9   ub= 65929.0  
-----------------------------------------------------------------------------------------
elapsed time= 408.75 s.
-----------------------------------------------------------------------------------------
columns pending deletion= 9402 remain= 40291 col ratio= 0.766648 row ratio= 0.850649
[1;36m[REMIND] 2: gap improved= 0.680345 ratio= 0.029483 threshold= 0.040000 in function increaseCondition2 at /blue/yu.yang1/you.z/route_opt/packages/application/X-n384-k52/src/main/src/call_cutting.cpp:74[0m
[1;36m[REMIND] tail off counter= 3 threshold= 3 in function setIfTailOff at /blue/yu.yang1/you.z/route_opt/packages/application/X-n384-k52/src/main/src/call_cutting.cpp:150[0m
current_r_best= 7.59744
alpha= 0.37 beta= 3.03734 omega= 187.719 k1= 12
lb_k= 1 ub_k= 37
revise: lb_k= 10 ub_k= 15
opt_k= 13
alpha= 0.75 beta= 3.03734 omega= 13.223 k1= 3
lb_k= 1 ub_k= 3
revise: lb_k= 2 ub_k= 3
opt_k= 3
pseudo= 50 frac= 50
#candidates in phase1= 13
testing lp time= 13.94 s.
-----------------------------------------------------------------------------------------
 37-128 ,  36.63|  23-222 ,  33.61|  49-134 ,  32.76| 131-178 ,  29.14| 276-332 ,  27.78| 
 46-97  ,  26.34|  30-229 ,  24.49| 224-231 ,  18.67|  47-90  ,  17.13|  49-126 ,  16.18| 
176-199 ,   9.58|   5-318 ,   8.35|  27-69  ,   6.57| 
-----------------------------------------------------------------------------------------
edge= 49 134 lp= 2.10424 pre= 0 lp2= 15.5664 pre2= 2 score= 32.7555
-----------------------------------------------------------------------------------------
edge= 23 222 lp= 6.35923 pre= 2 lp2= 5.28547 pre2= 2 score= 33.6115
-----------------------------------------------------------------------------------------
edge= 37 128 lp= 2.62711 pre= 2 lp2= 13.9433 pre2= 2 score= 36.6306
-----------------------------------------------------------------------------------------
candidate= 37-128 : -
-----------------------------------------------------------------------------------------
it= 3   ncol= 3356  ncstr= 1695 mt= 7.2   spt= 0.0   lpval= 65908.4   ub= 65929.0  
-----------------------------------------------------------------------------------------
elapsed time= 429.88 s.
-----------------------------------------------------------------------------------------
candidate= 37-128 : +
-----------------------------------------------------------------------------------------
it= 6   ncol= 3435  ncstr= 1695 mt= 8.1   spt= 0.0   lpval= 65914.9   ub= 65929.0  
-----------------------------------------------------------------------------------------
elapsed time= 438.06 s.
-----------------------------------------------------------------------------------------
candidate= 23-222 : -
-----------------------------------------------------------------------------------------
it= 4   ncol= 3374  ncstr= 1695 mt= 7.8   spt= 0.0   lpval= 65910.8   ub= 65929.0  
-----------------------------------------------------------------------------------------
elapsed time= 445.91 s.
-----------------------------------------------------------------------------------------
candidate= 49-134 : +
-----------------------------------------------------------------------------------------
it= 6   ncol= 3434  ncstr= 1695 mt= 9.1   spt= 0.0   lpval= 65914.7   ub= 65929.0  
-----------------------------------------------------------------------------------------
elapsed time= 455.03 s.
-----------------------------------------------------------------------------------------
candidate= 23-222 : +
-----------------------------------------------------------------------------------------
it= 5   ncol= 3385  ncstr= 1695 mt= 7.6   spt= 0.0   lpval= 65909.8   ub= 65929.0  
-----------------------------------------------------------------------------------------
elapsed time= 462.68 s.
-----------------------------------------------------------------------------------------
brc= 37-128
t= 0.471976 c= 76.8437 n= 2 if_b4= 0
t= 7.13953 c= 76.6122 n= 2 if_b4= 0
#########################################################################################
tree size= 3 lb= 65887.9 ub= 65929
#########################################################################################
idx= 3 value= 65887.9 enu= 1
brc= 264-365 : -
brc= 77-229 : +
brc= 158-295 : +
brc= 157-180 : -
brc= 122-328 : +
brc= 41-175 : -
brc= 122-358 : +
brc= 45-199 : -
brc= 2-264 : +
brc= 49-298 : -
brc= 31-145 : -
brc= 163-231 : -
brc= 251-330 : +
brc= 23-193 : +
brc= 47-90 : +
it= 9   ncol= 3316  ncstr= 1504 mt= 8.6   spt= 0.1   lpval= 65900.8   ub= 65929.0  
-----------------------------------------------------------------------------------------
elapsed time= 486.85 s.
-----------------------------------------------------------------------------------------
delete columns= 129967 remain= 50527
 ****** Separate RCCs ****** 
 ****** Separate Rank1Cuts ****** 
it= 5   ncol= 3377  ncstr= 1354 mt= 1.3   spt= 0.0   lpval= 65904.9   ub= 65929.0  
-----------------------------------------------------------------------------------------
elapsed time= 493.37 s.
-----------------------------------------------------------------------------------------
delete columns= 18563 remain= 31964
 ****** Separate Rank1Cuts ****** 
it= 5   ncol= 3419  ncstr= 1370 mt= 1.2   spt= 0.0   lpval= 65907.1   ub= 65929.0  
-----------------------------------------------------------------------------------------
elapsed time= 499.76 s.
-----------------------------------------------------------------------------------------
columns pending deletion= 7239 remain= 31964 col ratio= 0.773526 row ratio= 0.913139
 ****** Separate RCCs ****** 
 ****** Separate Rank1Cuts ****** 
it= 3   ncol= 3440  ncstr= 1518 mt= 0.6   spt= 0.0   lpval= 65909.1   ub= 65929.0  
-----------------------------------------------------------------------------------------
elapsed time= 505.16 s.
-----------------------------------------------------------------------------------------
delete columns= 12377 remain= 19587
 ****** Separate Rank1Cuts ****** 
it= 4   ncol= 3461  ncstr= 1406 mt= 0.5   spt= 0.0   lpval= 65910.3   ub= 65929.0  
-----------------------------------------------------------------------------------------
elapsed time= 515.06 s.
-----------------------------------------------------------------------------------------
columns pending deletion= 3151 remain= 19587 col ratio= 0.839128 row ratio= 0.927454
mip: row= 1304 col= 19806 density= 1.99668%
mip time= 86.02 s.
mip status= 6
update f from 0 to 18.736
#########################################################################################
tree size= 2 lb= 65887.9 ub= 65929
#########################################################################################
idx= 4 value= 65887.9 enu= 1
brc= 264-365 : -
brc= 77-229 : +
brc= 158-295 : +
brc= 157-180 : -
brc= 122-328 : +
brc= 41-175 : -
brc= 122-358 : +
brc= 45-199 : -
brc= 2-264 : +
brc= 49-298 : -
brc= 31-145 : -
brc= 163-231 : -
brc= 251-330 : +
brc= 23-193 : +
brc= 47-90 : -
it= 4   ncol= 3142  ncstr= 1504 mt= 0.4   spt= 0.1   lpval= 65888.6   ub= 65929.0  
-----------------------------------------------------------------------------------------
elapsed time= 601.68 s.
-----------------------------------------------------------------------------------------
columns pending deletion= 14451 remain= 186531 col ratio= 0.922528 row ratio= 0.901596
 ****** Separate Rank1Cuts ****** 
it= 4   ncol= 3194  ncstr= 1572 mt= 0.9   spt= 0.1   lpval= 65889.9   ub= 65929.0  
-----------------------------------------------------------------------------------------
elapsed time= 607.41 s.
-----------------------------------------------------------------------------------------
columns pending deletion= 32530 remain= 186531 col ratio= 0.825605 row ratio= 0.870865
[1;36m[REMIND] 2: gap improved= 1.270898 ratio= 0.032487 threshold= 0.040000 in function increaseCondition2 at /blue/yu.yang1/you.z/route_opt/packages/application/X-n384-k52/src/main/src/call_cutting.cpp:74[0m
 ****** Separate Rank1Cuts ****** 
it= 4   ncol= 3248  ncstr= 1674 mt= 0.9   spt= 0.1   lpval= 65890.9   ub= 65929.0  
-----------------------------------------------------------------------------------------
elapsed time= 613.06 s.
-----------------------------------------------------------------------------------------
columns pending deletion= 45665 remain= 186531 col ratio= 0.755188 row ratio= 0.851254
[1;36m[REMIND] 2: gap improved= 1.054972 ratio= 0.027715 threshold= 0.040000 in function increaseCondition2 at /blue/yu.yang1/you.z/route_opt/packages/application/X-n384-k52/src/main/src/call_cutting.cpp:74[0m
 ****** Separate RCCs ****** 
 ****** Separate Rank1Cuts ****** 
it= 4   ncol= 3311  ncstr= 1743 mt= 0.9   spt= 0.1   lpval= 65892.2   ub= 65929.0  
-----------------------------------------------------------------------------------------
elapsed time= 618.65 s.
-----------------------------------------------------------------------------------------
delete columns= 59207 remain= 127324
[1;36m[REMIND] 2: gap improved= 1.281131 ratio= 0.034828 threshold= 0.040000 in function increaseCondition2 at /blue/yu.yang1/you.z/route_opt/packages/application/X-n384-k52/src/main/src/call_cutting.cpp:74[0m
[1;36m[REMIND] tail off counter= 3 threshold= 3 in function setIfTailOff at /blue/yu.yang1/you.z/route_opt/packages/application/X-n384-k52/src/main/src/call_cutting.cpp:150[0m
current_r_best= 7.59744
alpha= 0.37 beta= 2.37555 omega= 162.813 k1= 10
lb_k= 1 ub_k= 37
revise: lb_k= 8 ub_k= 12
opt_k= 10
alpha= 0.75 beta= 2.37555 omega= 10.7307 k1= 3
lb_k= 1 ub_k= 3
revise: lb_k= 2 ub_k= 3
opt_k= 3
pseudo= 50 frac= 50
#candidates in phase1= 10
testing lp time= 8.63 s.
-----------------------------------------------------------------------------------------
119-302 ,  29.88|  59-148 ,  16.71|  41-305 ,  10.90|  39-308 ,  10.05| 144-285 ,   9.25| 
 57-230 ,   9.00| 180-366 ,   6.40| 176-199 ,   2.43|   1-103 ,   1.78|  74-111 ,   0.04| 
-----------------------------------------------------------------------------------------
edge= 41 305 lp= 0.773049 pre= 2 lp2= 14.098 pre2= 2 score= 10.8985
-----------------------------------------------------------------------------------------
edge= 59 148 lp= 13.2461 pre= 2 lp2= 1.26176 pre2= 2 score= 16.7134
-----------------------------------------------------------------------------------------
edge= 119 302 lp= 1.26045 pre= 2 lp2= 23.7024 pre2= 2 score= 29.8757
-----------------------------------------------------------------------------------------
candidate= 119-302 : -
-----------------------------------------------------------------------------------------
it= 4   ncol= 3373  ncstr= 1441 mt= 5.7   spt= 0.0   lpval= 65893.3   ub= 65929.0  
-----------------------------------------------------------------------------------------
elapsed time= 639.79 s.
-----------------------------------------------------------------------------------------
candidate= 119-302 : +
-----------------------------------------------------------------------------------------
it= 7   ncol= 3503  ncstr= 1441 mt= 6.8   spt= 0.1   lpval= 65908.1   ub= 65929.0  
-----------------------------------------------------------------------------------------
elapsed time= 646.68 s.
-----------------------------------------------------------------------------------------
brc= 119-302
t= 0.4619 c= 65.2673 n= 3 if_b4= 0
t= 6.93671 c= 64.5908 n= 3 if_b4= 0
#########################################################################################
tree size= 3 lb= 65892.2 ub= 65929
#########################################################################################
idx= 7 value= 65892.2 enu= 1
brc= 264-365 : -
brc= 77-229 : +
brc= 158-295 : +
brc= 157-180 : -
brc= 122-328 : +
brc= 41-175 : -
brc= 122-358 : +
brc= 45-199 : -
brc= 2-264 : +
brc= 49-298 : -
brc= 31-145 : -
brc= 163-231 : -
brc= 251-330 : +
brc= 23-193 : +
brc= 47-90 : -
brc= 119-302 : +
it= 7   ncol= 3357  ncstr= 1440 mt= 6.4   spt= 0.1   lpval= 65908.1   ub= 65929.0  
-----------------------------------------------------------------------------------------
elapsed time= 665.62 s.
-----------------------------------------------------------------------------------------
delete columns= 97059 remain= 22741
 ****** Separate Rank1Cuts ****** 
it= 4   ncol= 3271  ncstr= 1358 mt= 0.9   spt= 0.0   lpval= 65911.4   ub= 65929.0  
-----------------------------------------------------------------------------------------
elapsed time= 671.23 s.
-----------------------------------------------------------------------------------------
columns pending deletion= 7557 remain= 22741 col ratio= 0.667693 row ratio= 0.936672
mip: row= 1272 col= 18358 density= 1.93524%
mip time= 50.55 s.
mip status= 6
#########################################################################################
tree size= 2 lb= 65892.2 ub= 65929
#########################################################################################
idx= 8 value= 65892.2 enu= 1
brc= 264-365 : -
brc= 77-229 : +
brc= 158-295 : +
brc= 157-180 : -
brc= 122-328 : +
brc= 41-175 : -
brc= 122-358 : +
brc= 45-199 : -
brc= 2-264 : +
brc= 49-298 : -
brc= 31-145 : -
brc= 163-231 : -
brc= 251-330 : +
brc= 23-193 : +
brc= 47-90 : -
brc= 119-302 : -
it= 4   ncol= 3331  ncstr= 1440 mt= 0.7   spt= 0.0   lpval= 65893.3   ub= 65929.0  
-----------------------------------------------------------------------------------------
elapsed time= 722.67 s.
-----------------------------------------------------------------------------------------
columns pending deletion= 13036 remain= 125940 col ratio= 0.89649 row ratio= 0.952778
 ****** Separate Rank1Cuts ****** 
it= 4   ncol= 3399  ncstr= 1549 mt= 0.8   spt= 0.0   lpval= 65894.5   ub= 65929.0  
-----------------------------------------------------------------------------------------
elapsed time= 728.64 s.
-----------------------------------------------------------------------------------------
columns pending deletion= 24867 remain= 125940 col ratio= 0.802549 row ratio= 0.902518
[1;36m[REMIND] 2: gap improved= 1.224277 ratio= 0.035489 threshold= 0.040000 in function increaseCondition2 at /blue/yu.yang1/you.z/route_opt/packages/application/X-n384-k52/src/main/src/call_cutting.cpp:74[0m
 ****** Separate Rank1Cuts ****** 
it= 4   ncol= 3451  ncstr= 1642 mt= 0.8   spt= 0.0   lpval= 65895.3   ub= 65929.0  
-----------------------------------------------------------------------------------------
elapsed time= 733.76 s.
-----------------------------------------------------------------------------------------
columns pending deletion= 32502 remain= 125940 col ratio= 0.741925 row ratio= 0.870889
[1;36m[REMIND] 2: gap improved= 0.808131 ratio= 0.023988 threshold= 0.040000 in function increaseCondition2 at /blue/yu.yang1/you.z/route_opt/packages/application/X-n384-k52/src/main/src/call_cutting.cpp:74[0m
 ****** Separate Rank1Cuts ****** 
it= 3   ncol= 3500  ncstr= 1730 mt= 0.7   spt= 0.0   lpval= 65896.0   ub= 65929.0  
-----------------------------------------------------------------------------------------
elapsed time= 739.28 s.
-----------------------------------------------------------------------------------------
delete columns= 38097 remain= 87843
[1;36m[REMIND] 2: gap improved= 0.708943 ratio= 0.021496 threshold= 0.040000 in function increaseCondition2 at /blue/yu.yang1/you.z/route_opt/packages/application/X-n384-k52/src/main/src/call_cutting.cpp:74[0m
[1;36m[REMIND] tail off counter= 3 threshold= 3 in function setIfTailOff at /blue/yu.yang1/you.z/route_opt/packages/application/X-n384-k52/src/main/src/call_cutting.cpp:150[0m
current_r_best= 7.59744
alpha= 0.37 beta= 1.87491 omega= 141.302 k1= 8
lb_k= 1 ub_k= 37
revise: lb_k= 7 ub_k= 10
opt_k= 8
alpha= 0.75 beta= 1.87491 omega= 9.31144 k1= 3
lb_k= 1 ub_k= 3
revise: lb_k= 2 ub_k= 3
opt_k= 3
pseudo= 50 frac= 50
#candidates in phase1= 8
testing lp time= 7.12 s.
-----------------------------------------------------------------------------------------
 41-305 ,  10.76| 180-214 ,   7.27| 180-366 ,   6.86| 180-370 ,   6.57| 314-374 ,   5.62| 
196-219 ,   3.24| 176-199 ,   2.86| 300-356 ,   2.58| 
-----------------------------------------------------------------------------------------
edge= 180 366 lp= 5.09637 pre= 0 lp2= 1.34699 pre2= 0 score= 6.86475
-----------------------------------------------------------------------------------------
edge= 180 214 lp= 0.4985 pre= 0 lp2= 14.59 pre2= 2 score= 7.27313
-----------------------------------------------------------------------------------------
edge= 41 305 lp= 0.819755 pre= 1 lp2= 13.1215 pre2= 2 score= 10.7564
-----------------------------------------------------------------------------------------
candidate= 41-305 : +
-----------------------------------------------------------------------------------------
it= 5   ncol= 3635  ncstr= 1461 mt= 7.8   spt= 0.0   lpval= 65904.7   ub= 65929.0  
-----------------------------------------------------------------------------------------
elapsed time= 754.50 s.
-----------------------------------------------------------------------------------------
candidate= 180-214 : +
-----------------------------------------------------------------------------------------
it= 6   ncol= 3625  ncstr= 1461 mt= 7.5   spt= 0.0   lpval= 65907.4   ub= 65929.0  
-----------------------------------------------------------------------------------------
elapsed time= 762.07 s.
-----------------------------------------------------------------------------------------
candidate= 41-305 : -
-----------------------------------------------------------------------------------------
it= 3   ncol= 3527  ncstr= 1461 mt= 6.1   spt= 0.0   lpval= 65896.6   ub= 65929.0  
-----------------------------------------------------------------------------------------
elapsed time= 768.21 s.
-----------------------------------------------------------------------------------------
candidate= 180-366 : +
-----------------------------------------------------------------------------------------
it= 4   ncol= 3552  ncstr= 1461 mt= 7.5   spt= 0.0   lpval= 65897.2   ub= 65929.0  
-----------------------------------------------------------------------------------------
elapsed time= 775.71 s.
-----------------------------------------------------------------------------------------
candidate= 180-366 : -
-----------------------------------------------------------------------------------------
it= 4   ncol= 3569  ncstr= 1461 mt= 6.9   spt= 0.0   lpval= 65899.9   ub= 65929.0  
-----------------------------------------------------------------------------------------
elapsed time= 782.67 s.
-----------------------------------------------------------------------------------------
brc= 41-305
t= 0.458572 c= 59.3481 n= 4 if_b4= 0
t= 6.98917 c= 55.9198 n= 4 if_b4= 0
#########################################################################################
tree size= 3 lb= 65896 ub= 65929
#########################################################################################
idx= 9 value= 65896 enu= 1
brc= 264-365 : -
brc= 77-229 : +
brc= 158-295 : +
brc= 157-180 : -
brc= 122-328 : +
brc= 41-175 : -
brc= 122-358 : +
brc= 45-199 : -
brc= 2-264 : +
brc= 49-298 : -
brc= 31-145 : -
brc= 163-231 : -
brc= 251-330 : +
brc= 23-193 : +
brc= 47-90 : -
brc= 119-302 : -
brc= 41-305 : +
it= 6   ncol= 3509  ncstr= 1460 mt= 7.2   spt= 0.0   lpval= 65904.7   ub= 65929.0  
-----------------------------------------------------------------------------------------
elapsed time= 803.50 s.
-----------------------------------------------------------------------------------------
delete columns= 48418 remain= 36468
 ****** Separate Rank1Cuts ****** 
it= 4   ncol= 3475  ncstr= 1419 mt= 0.9   spt= 0.0   lpval= 65906.8   ub= 65929.0  
-----------------------------------------------------------------------------------------
elapsed time= 809.42 s.
-----------------------------------------------------------------------------------------
columns pending deletion= 7853 remain= 36468 col ratio= 0.784661 row ratio= 0.9253
 ****** Separate RCCs ****** 
 ****** Separate Rank1Cuts ****** 
it= 4   ncol= 3468  ncstr= 1538 mt= 0.7   spt= 0.0   lpval= 65908.6   ub= 65929.0  
-----------------------------------------------------------------------------------------
elapsed time= 815.09 s.
-----------------------------------------------------------------------------------------
delete columns= 13013 remain= 23455
 ****** Separate RCCs ****** 
 ****** Separate Rank1Cuts ****** 
it= 4   ncol= 3490  ncstr= 1435 mt= 0.9   spt= 0.0   lpval= 65910.1   ub= 65929.0  
-----------------------------------------------------------------------------------------
elapsed time= 825.84 s.
-----------------------------------------------------------------------------------------
columns pending deletion= 4338 remain= 23455 col ratio= 0.81505 row ratio= 0.934495
 ****** Separate Rank1Cuts ****** 
it= 4   ncol= 3496  ncstr= 1536 mt= 0.8   spt= 0.0   lpval= 65911.9   ub= 65929.0  
-----------------------------------------------------------------------------------------
elapsed time= 831.33 s.
-----------------------------------------------------------------------------------------
delete columns= 8144 remain= 15311
mip: row= 1365 col= 18757 density= 2.00279%
mip time= 76.51 s.
mip status= 6
#########################################################################################
tree size= 2 lb= 65896 ub= 65929
#########################################################################################
idx= 10 value= 65896 enu= 1
brc= 264-365 : -
brc= 77-229 : +
brc= 158-295 : +
brc= 157-180 : -
brc= 122-328 : +
brc= 41-175 : -
brc= 122-358 : +
brc= 45-199 : -
brc= 2-264 : +
brc= 49-298 : -
brc= 31-145 : -
brc= 163-231 : -
brc= 251-330 : +
brc= 23-193 : +
brc= 47-90 : -
brc= 119-302 : -
brc= 41-305 : -
it= 3   ncol= 3523  ncstr= 1460 mt= 0.8   spt= 0.0   lpval= 65896.6   ub= 65929.0  
-----------------------------------------------------------------------------------------
elapsed time= 914.59 s.
-----------------------------------------------------------------------------------------
columns pending deletion= 5042 remain= 87573 col ratio= 0.942425 row ratio= 0.958904
 ****** Separate Rank1Cuts ****** 
it= 4   ncol= 3559  ncstr= 1561 mt= 0.6   spt= 0.0   lpval= 65897.2   ub= 65929.0  
-----------------------------------------------------------------------------------------
elapsed time= 919.57 s.
-----------------------------------------------------------------------------------------
columns pending deletion= 8960 remain= 87573 col ratio= 0.897685 row ratio= 0.923126
[1;36m[REMIND] 2: gap improved= 0.586843 ratio= 0.018436 threshold= 0.040000 in function increaseCondition2 at /blue/yu.yang1/you.z/route_opt/packages/application/X-n384-k52/src/main/src/call_cutting.cpp:74[0m
 ****** Separate Rank1Cuts ****** 
it= 3   ncol= 3587  ncstr= 1652 mt= 0.4   spt= 0.0   lpval= 65897.8   ub= 65929.0  
-----------------------------------------------------------------------------------------
elapsed time= 924.23 s.
-----------------------------------------------------------------------------------------
columns pending deletion= 13191 remain= 87573 col ratio= 0.849371 row ratio= 0.883172
[1;36m[REMIND] 2: gap improved= 0.659697 ratio= 0.021163 threshold= 0.040000 in function increaseCondition2 at /blue/yu.yang1/you.z/route_opt/packages/application/X-n384-k52/src/main/src/call_cutting.cpp:74[0m
 ****** Separate Rank1Cuts ****** 
it= 4   ncol= 3615  ncstr= 1737 mt= 0.6   spt= 0.0   lpval= 65898.4   ub= 65929.0  
-----------------------------------------------------------------------------------------
elapsed time= 929.40 s.
-----------------------------------------------------------------------------------------
columns pending deletion= 17265 remain= 87573 col ratio= 0.80285 row ratio= 0.858377
[1;36m[REMIND] 2: gap improved= 0.527287 ratio= 0.017207 threshold= 0.040000 in function increaseCondition2 at /blue/yu.yang1/you.z/route_opt/packages/application/X-n384-k52/src/main/src/call_cutting.cpp:74[0m
[1;36m[REMIND] tail off counter= 3 threshold= 3 in function setIfTailOff at /blue/yu.yang1/you.z/route_opt/packages/application/X-n384-k52/src/main/src/call_cutting.cpp:150[0m
current_r_best= 7.59744
alpha= 0.37 beta= 1.56743 omega= 129.419 k1= 7
lb_k= 1 ub_k= 37
revise: lb_k= 6 ub_k= 8
opt_k= 7
alpha= 0.75 beta= 1.56743 omega= 8.00092 k1= 3
lb_k= 2 ub_k= 3
revise: lb_k= 2 ub_k= 3
opt_k= 3
pseudo= 50 frac= 50
#candidates in phase1= 7
testing lp time= 8.50 s.
-----------------------------------------------------------------------------------------
 30-229 ,  23.14|  39-308 ,  11.49|  68-289 ,   8.66| 183-194 ,   2.64| 176-199 ,   2.63| 
281-325 ,   2.42| 118-226 ,   1.25| 
-----------------------------------------------------------------------------------------
edge= 68 289 lp= 0.86741 pre= 0 lp2= 9.98749 pre2= 1 score= 8.66325
-----------------------------------------------------------------------------------------
edge= 39 308 lp= 2.72684 pre= 0 lp2= 4.21331 pre2= 0 score= 11.489
-----------------------------------------------------------------------------------------
edge= 30 229 lp= 1.07307 pre= 0 lp2= 21.5641 pre2= 2 score= 23.1398
-----------------------------------------------------------------------------------------
candidate= 30-229 : +
-----------------------------------------------------------------------------------------
it= 8   ncol= 3869  ncstr= 1738 mt= 10.5  spt= 0.1   lpval= 65911.9   ub= 65929.0  
-----------------------------------------------------------------------------------------
elapsed time= 948.54 s.
-----------------------------------------------------------------------------------------
brc= 30-229
t= 0.483391 c= 52.9593 n= 5 if_b4= 0
t= 7.59641 c= 49.9251 n= 5 if_b4= 0
#########################################################################################
tree size= 3 lb= 65898.4 ub= 65929
#########################################################################################
idx= 11 value= 65898.4 enu= 1
brc= 264-365 : -
brc= 77-229 : +
brc= 158-295 : +
brc= 157-180 : -
brc= 122-328 : +
brc= 41-175 : -
brc= 122-358 : +
brc= 45-199 : -
brc= 2-264 : +
brc= 49-298 : -
brc= 31-145 : -
brc= 163-231 : -
brc= 251-330 : +
brc= 23-193 : +
brc= 47-90 : -
brc= 119-302 : -
brc= 41-305 : -
brc= 30-229 : +
it= 8   ncol= 3711  ncstr= 1737 mt= 9.7   spt= 0.0   lpval= 65911.9   ub= 65929.0  
-----------------------------------------------------------------------------------------
elapsed time= 975.29 s.
-----------------------------------------------------------------------------------------
delete columns= 53433 remain= 15232
 ****** Separate Rank1Cuts ****** 
it= 6   ncol= 3515  ncstr= 1424 mt= 1.4   spt= 0.0   lpval= 65914.5   ub= 65929.0  
-----------------------------------------------------------------------------------------
elapsed time= 986.58 s.
-----------------------------------------------------------------------------------------
columns pending deletion= 5052 remain= 15232 col ratio= 0.66833 row ratio= 0.90941
mip: row= 1295 col= 13550 density= 2.04306%
mip time= 35.34 s.
mip status= 6
#########################################################################################
tree size= 2 lb= 65898.4 ub= 65929
#########################################################################################
idx= 12 value= 65898.4 enu= 1
brc= 264-365 : -
brc= 77-229 : +
brc= 158-295 : +
brc= 157-180 : -
brc= 122-328 : +
brc= 41-175 : -
brc= 122-358 : +
brc= 45-199 : -
brc= 2-264 : +
brc= 49-298 : -
brc= 31-145 : -
brc= 163-231 : -
brc= 251-330 : +
brc= 23-193 : +
brc= 47-90 : -
brc= 119-302 : -
brc= 41-305 : -
brc= 30-229 : -
it= 3   ncol= 3649  ncstr= 1737 mt= 0.4   spt= 0.0   lpval= 65899.4   ub= 65929.0  
-----------------------------------------------------------------------------------------
elapsed time= 1026.84 s.
-----------------------------------------------------------------------------------------
columns pending deletion= 6539 remain= 70236 col ratio= 0.9069 row ratio= 0.838803
 ****** Separate Rank1Cuts ****** 
it= 4   ncol= 3630  ncstr= 1806 mt= 0.6   spt= 0.0   lpval= 65900.0   ub= 65929.0  
-----------------------------------------------------------------------------------------
elapsed time= 1031.47 s.
-----------------------------------------------------------------------------------------
columns pending deletion= 10106 remain= 70236 col ratio= 0.856114 row ratio= 0.815615
[1;36m[REMIND] 2: gap improved= 0.545202 ratio= 0.018774 threshold= 0.040000 in function increaseCondition2 at /blue/yu.yang1/you.z/route_opt/packages/application/X-n384-k52/src/main/src/call_cutting.cpp:74[0m
 ****** Separate Rank1Cuts ****** 
it= 3   ncol= 3661  ncstr= 1891 mt= 0.6   spt= 0.0   lpval= 65900.7   ub= 65929.0  
-----------------------------------------------------------------------------------------
elapsed time= 1036.70 s.
-----------------------------------------------------------------------------------------
columns pending deletion= 14405 remain= 70236 col ratio= 0.794906 row ratio= 0.795346
[1;36m[REMIND] 2: gap improved= 0.712242 ratio= 0.025143 threshold= 0.040000 in function increaseCondition2 at /blue/yu.yang1/you.z/route_opt/packages/application/X-n384-k52/src/main/src/call_cutting.cpp:74[0m
 ****** Separate Rank1Cuts ****** 
it= 4   ncol= 3688  ncstr= 1961 mt= 0.7   spt= 0.0   lpval= 65901.2   ub= 65929.0  
-----------------------------------------------------------------------------------------
elapsed time= 1041.72 s.
-----------------------------------------------------------------------------------------
delete columns= 17223 remain= 53013
[1;36m[REMIND] 2: gap improved= 0.506932 ratio= 0.018222 threshold= 0.040000 in function increaseCondition2 at /blue/yu.yang1/you.z/route_opt/packages/application/X-n384-k52/src/main/src/call_cutting.cpp:74[0m
[1;36m[REMIND] tail off counter= 3 threshold= 3 in function setIfTailOff at /blue/yu.yang1/you.z/route_opt/packages/application/X-n384-k52/src/main/src/call_cutting.cpp:150[0m
current_r_best= 7.59744
alpha= 0.37 beta= 1.19571 omega= 109.558 k1= 5
lb_k= 1 ub_k= 37
revise: lb_k= 4 ub_k= 6
opt_k= 6
alpha= 0.75 beta= 1.19571 omega= 6.57219 k1= 2
lb_k= 1 ub_k= 3
revise: lb_k= 1 ub_k= 3
opt_k= 3
pseudo= 50 frac= 50
#candidates in phase1= 6
testing lp time= 6.01 s.
-----------------------------------------------------------------------------------------
 39-308 ,  13.34| 136-137 ,  10.14|  30-50  ,   7.74| 318-333 ,   4.90|  27-77  ,   3.89| 
176-199 ,   2.33| 
-----------------------------------------------------------------------------------------
edge= 30 50 lp= 1.77513 pre= 0 lp2= 4.36256 pre2= 1 score= 7.74413
-----------------------------------------------------------------------------------------
edge= 136 137 lp= 8.14209 pre= 2 lp2= 1.24595 pre2= 1 score= 10.1446
-----------------------------------------------------------------------------------------
edge= 39 308 lp= 3.0617 pre= 1 lp2= 4.35796 pre2= 2 score= 13.3428
-----------------------------------------------------------------------------------------
candidate= 39-308 : +
-----------------------------------------------------------------------------------------
it= 7   ncol= 3861  ncstr= 1533 mt= 9.7   spt= 0.0   lpval= 65903.8   ub= 65929.0  
-----------------------------------------------------------------------------------------
elapsed time= 1065.14 s.
-----------------------------------------------------------------------------------------
candidate= 136-137 : -
-----------------------------------------------------------------------------------------
it= 4   ncol= 3757  ncstr= 1533 mt= 7.7   spt= 0.0   lpval= 65908.9   ub= 65929.0  
-----------------------------------------------------------------------------------------
elapsed time= 1072.91 s.
-----------------------------------------------------------------------------------------
brc= 136-137
t= 0.485856 c= 49.9328 n= 6 if_b4= 0
t= 7.76276 c= 46.5096 n= 6 if_b4= 0
#########################################################################################
tree size= 3 lb= 65901.2 ub= 65929
#########################################################################################
idx= 13 value= 65901.2 enu= 1
brc= 264-365 : -
brc= 77-229 : +
brc= 158-295 : +
brc= 157-180 : -
brc= 122-328 : +
brc= 41-175 : -
brc= 122-358 : +
brc= 45-199 : -
brc= 2-264 : +
brc= 49-298 : -
brc= 31-145 : -
brc= 163-231 : -
brc= 251-330 : +
brc= 23-193 : +
brc= 47-90 : -
brc= 119-302 : -
brc= 41-305 : -
brc= 30-229 : -
brc= 136-137 : +
it= 3   ncol= 3654  ncstr= 1532 mt= 7.2   spt= 0.0   lpval= 65902.3   ub= 65929.0  
-----------------------------------------------------------------------------------------
elapsed time= 1094.62 s.
-----------------------------------------------------------------------------------------
columns pending deletion= 5516 remain= 52431 col ratio= 0.894795 row ratio= 0.938642
 ****** Separate Rank1Cuts ****** 
it= 3   ncol= 3656  ncstr= 1604 mt= 0.4   spt= 0.0   lpval= 65903.0   ub= 65929.0  
-----------------------------------------------------------------------------------------
elapsed time= 1099.41 s.
-----------------------------------------------------------------------------------------
columns pending deletion= 8365 remain= 52431 col ratio= 0.840457 row ratio= 0.915212
[1;36m[REMIND] 2: gap improved= 0.648924 ratio= 0.024916 threshold= 0.040000 in function increaseCondition2 at /blue/yu.yang1/you.z/route_opt/packages/application/X-n384-k52/src/main/src/call_cutting.cpp:74[0m
 ****** Separate Rank1Cuts ****** 
it= 3   ncol= 3699  ncstr= 1704 mt= 0.6   spt= 0.0   lpval= 65903.6   ub= 65929.0  
-----------------------------------------------------------------------------------------
elapsed time= 1104.61 s.
-----------------------------------------------------------------------------------------
columns pending deletion= 11377 remain= 52431 col ratio= 0.78301 row ratio= 0.869718
[1;36m[REMIND] 2: gap improved= 0.676436 ratio= 0.026664 threshold= 0.040000 in function increaseCondition2 at /blue/yu.yang1/you.z/route_opt/packages/application/X-n384-k52/src/main/src/call_cutting.cpp:74[0m
 ****** Separate Rank1Cuts ****** 
it= 4   ncol= 3715  ncstr= 1793 mt= 1.0   spt= 0.0   lpval= 65904.1   ub= 65929.0  
-----------------------------------------------------------------------------------------
elapsed time= 1109.79 s.
-----------------------------------------------------------------------------------------
columns pending deletion= 13299 remain= 52431 col ratio= 0.746352 row ratio= 0.849414
[1;36m[REMIND] 2: gap improved= 0.447496 ratio= 0.017957 threshold= 0.040000 in function increaseCondition2 at /blue/yu.yang1/you.z/route_opt/packages/application/X-n384-k52/src/main/src/call_cutting.cpp:74[0m
[1;36m[REMIND] tail off counter= 3 threshold= 3 in function setIfTailOff at /blue/yu.yang1/you.z/route_opt/packages/application/X-n384-k52/src/main/src/call_cutting.cpp:150[0m
current_r_best= 7.59744
alpha= 0.37 beta= 0.814081 omega= 102.773 k1= 4
lb_k= 1 ub_k= 37
revise: lb_k= 3 ub_k= 5
opt_k= 4
alpha= 0.75 beta= 0.814081 omega= 5.99137 k1= 2
lb_k= 1 ub_k= 3
revise: lb_k= 1 ub_k= 3
opt_k= 2
pseudo= 50 frac= 50
#candidates in phase1= 4
testing lp time= 5.05 s.
-----------------------------------------------------------------------------------------
107-262 ,   9.15| 175-375 ,   4.09|  33-266 ,   0.86| 103-176 ,   0.06| 
-----------------------------------------------------------------------------------------
edge= 175 375 lp= 1.01527 pre= 0 lp2= 4.02755 pre2= 1 score= 4.08906
-----------------------------------------------------------------------------------------
edge= 107 262 lp= 9.27274 pre= 2 lp2= 0.987286 pre2= 1 score= 9.15485
-----------------------------------------------------------------------------------------
candidate= 107-262 : -
-----------------------------------------------------------------------------------------
it= 5   ncol= 3798  ncstr= 1794 mt= 9.2   spt= 0.0   lpval= 65912.4   ub= 65929.0  
-----------------------------------------------------------------------------------------
elapsed time= 1124.09 s.
-----------------------------------------------------------------------------------------
brc= 107-262
t= 0.503956 c= 47.0754 n= 7 if_b4= 0
t= 7.94792 c= 43.8177 n= 7 if_b4= 0
#########################################################################################
tree size= 4 lb= 65901.2 ub= 65929
#########################################################################################
idx= 14 value= 65901.2 enu= 1
brc= 264-365 : -
brc= 77-229 : +
brc= 158-295 : +
brc= 157-180 : -
brc= 122-328 : +
brc= 41-175 : -
brc= 122-358 : +
brc= 45-199 : -
brc= 2-264 : +
brc= 49-298 : -
brc= 31-145 : -
brc= 163-231 : -
brc= 251-330 : +
brc= 23-193 : +
brc= 47-90 : -
brc= 119-302 : -
brc= 41-305 : -
brc= 30-229 : -
brc= 136-137 : -
it= 4   ncol= 3720  ncstr= 1532 mt= 1.1   spt= 0.0   lpval= 65908.9   ub= 65929.0  
-----------------------------------------------------------------------------------------
elapsed time= 1142.61 s.
-----------------------------------------------------------------------------------------
delete columns= 29400 remain= 23505
 ****** Separate RCCs ****** 
 ****** Separate Rank1Cuts ****** 
it= 4   ncol= 3660  ncstr= 1442 mt= 1.0   spt= 0.0   lpval= 65914.6   ub= 65929.0  
-----------------------------------------------------------------------------------------
elapsed time= 1148.45 s.
-----------------------------------------------------------------------------------------
delete columns= 12343 remain= 11162
mip: row= 1342 col= 14616 density= 2.05844%
mip time= 41.89 s.
mip status= 6
#########################################################################################
tree size= 3 lb= 65904.1 ub= 65929
#########################################################################################
idx= 15 value= 65904.1 enu= 1
brc= 264-365 : -
brc= 77-229 : +
brc= 158-295 : +
brc= 157-180 : -
brc= 122-328 : +
brc= 41-175 : -
brc= 122-358 : +
brc= 45-199 : -
brc= 2-264 : +
brc= 49-298 : -
brc= 31-145 : -
brc= 163-231 : -
brc= 251-330 : +
brc= 23-193 : +
brc= 47-90 : -
brc= 119-302 : -
brc= 41-305 : -
brc= 30-229 : -
brc= 136-137 : +
brc= 107-262 : +
it= 5   ncol= 3692  ncstr= 1793 mt= 8.1   spt= 0.0   lpval= 65905.0   ub= 65929.0  
-----------------------------------------------------------------------------------------
elapsed time= 1198.60 s.
-----------------------------------------------------------------------------------------
columns pending deletion= 3778 remain= 38296 col ratio= 0.901347 row ratio= 0.81372
 ****** Separate Rank1Cuts ****** 
it= 3   ncol= 3693  ncstr= 1849 mt= 0.6   spt= 0.0   lpval= 65905.8   ub= 65929.0  
-----------------------------------------------------------------------------------------
elapsed time= 1203.26 s.
-----------------------------------------------------------------------------------------
columns pending deletion= 6573 remain= 38296 col ratio= 0.828363 row ratio= 0.812872
[1;36m[REMIND] 2: gap improved= 0.829806 ratio= 0.035770 threshold= 0.040000 in function increaseCondition2 at /blue/yu.yang1/you.z/route_opt/packages/application/X-n384-k52/src/main/src/call_cutting.cpp:74[0m
 ****** Separate Rank1Cuts ****** 
it= 4   ncol= 3727  ncstr= 1923 mt= 0.6   spt= 0.0   lpval= 65906.4   ub= 65929.0  
-----------------------------------------------------------------------------------------
elapsed time= 1208.19 s.
-----------------------------------------------------------------------------------------
columns pending deletion= 8528 remain= 38296 col ratio= 0.777314 row ratio= 0.797192
[1;36m[REMIND] 2: gap improved= 0.608909 ratio= 0.026956 threshold= 0.040000 in function increaseCondition2 at /blue/yu.yang1/you.z/route_opt/packages/application/X-n384-k52/src/main/src/call_cutting.cpp:74[0m
 ****** Separate Rank1Cuts ****** 
it= 4   ncol= 3744  ncstr= 2015 mt= 0.7   spt= 0.0   lpval= 65906.8   ub= 65929.0  
-----------------------------------------------------------------------------------------
elapsed time= 1212.96 s.
-----------------------------------------------------------------------------------------
delete columns= 10386 remain= 27910
[1;36m[REMIND] 2: gap improved= 0.389680 ratio= 0.017553 threshold= 0.040000 in function increaseCondition2 at /blue/yu.yang1/you.z/route_opt/packages/application/X-n384-k52/src/main/src/call_cutting.cpp:74[0m
[1;36m[REMIND] tail off counter= 3 threshold= 3 in function setIfTailOff at /blue/yu.yang1/you.z/route_opt/packages/application/X-n384-k52/src/main/src/call_cutting.cpp:150[0m
current_r_best= 7.59744
alpha= 0.37 beta= 0.455898 omega= 93.4117 k1= 3
lb_k= 1 ub_k= 37
revise: lb_k= 2 ub_k= 3
opt_k= 3
alpha= 0.75 beta= 0.455898 omega= 5.5131 k1= 1
lb_k= 1 ub_k= 3
revise: lb_k= 1 ub_k= 2
opt_k= 2
pseudo= 50 frac= 50
#candidates in phase1= 3
testing lp time= 3.16 s.
-----------------------------------------------------------------------------------------
144-285 ,  18.05| 124-206 ,   4.35| 235-266 ,   3.89| 
-----------------------------------------------------------------------------------------
edge= 124 206 lp= 7.76342 pre= 1 lp2= 0.56059 pre2= 0 score= 4.3521
-----------------------------------------------------------------------------------------
edge= 144 285 lp= 1.5412 pre= 1 lp2= 11.7094 pre2= 2 score= 18.0465
-----------------------------------------------------------------------------------------
candidate= 144-285 : +
-----------------------------------------------------------------------------------------
it= 6   ncol= 3879  ncstr= 1572 mt= 9.2   spt= 0.0   lpval= 65915.7   ub= 65929.0  
-----------------------------------------------------------------------------------------
elapsed time= 1233.49 s.
-----------------------------------------------------------------------------------------
brc= 144-285
t= 0.506412 c= 45.7634 n= 8 if_b4= 0
t= 8.09424 c= 42.5283 n= 8 if_b4= 0
#########################################################################################
tree size= 4 lb= 65904.1 ub= 65929
#########################################################################################
idx= 16 value= 65904.1 enu= 1
brc= 264-365 : -
brc= 77-229 : +
brc= 158-295 : +
brc= 157-180 : -
brc= 122-328 : +
brc= 41-175 : -
brc= 122-358 : +
brc= 45-199 : -
brc= 2-264 : +
brc= 49-298 : -
brc= 31-145 : -
brc= 163-231 : -
brc= 251-330 : +
brc= 23-193 : +
brc= 47-90 : -
brc= 119-302 : -
brc= 41-305 : -
brc= 30-229 : -
brc= 136-137 : +
brc= 107-262 : -
it= 6   ncol= 3768  ncstr= 1793 mt= 2.0   spt= 0.0   lpval= 65912.4   ub= 65929.0  
-----------------------------------------------------------------------------------------
elapsed time= 1251.47 s.
-----------------------------------------------------------------------------------------
delete columns= 24132 remain= 14822
 ****** Separate Rank1Cuts ****** 
it= 4   ncol= 3670  ncstr= 1487 mt= 1.1   spt= 0.0   lpval= 65915.0   ub= 65929.0  
-----------------------------------------------------------------------------------------
elapsed time= 1262.98 s.
-----------------------------------------------------------------------------------------
columns pending deletion= 4685 remain= 14822 col ratio= 0.683916 row ratio= 0.921991
mip: row= 1371 col= 13650 density= 2.05298%
mip time= 40.68 s.
mip status= 6
#########################################################################################
tree size= 3 lb= 65905.9 ub= 65929
#########################################################################################
idx= 5 value= 65905.9 enu= 1
brc= 264-365 : -
brc= 77-229 : +
brc= 158-295 : +
brc= 157-180 : -
brc= 122-328 : +
brc= 41-175 : -
brc= 122-358 : +
brc= 45-199 : -
brc= 2-264 : +
brc= 49-298 : -
brc= 31-145 : -
brc= 163-231 : -
brc= 251-330 : +
brc= 23-193 : -
brc= 37-128 : +
it= 6   ncol= 3255  ncstr= 1694 mt= 8.8   spt= 0.0   lpval= 65914.9   ub= 65929.0  
-----------------------------------------------------------------------------------------
elapsed time= 1318.46 s.
-----------------------------------------------------------------------------------------
delete columns= 19882 remain= 10457
 ****** Separate Rank1Cuts ****** 
it= 4   ncol= 3068  ncstr= 1426 mt= 0.7   spt= 0.0   lpval= 65916.6   ub= 65929.0  
-----------------------------------------------------------------------------------------
elapsed time= 1328.10 s.
-----------------------------------------------------------------------------------------
columns pending deletion= 2584 remain= 10457 col ratio= 0.752893 row ratio= 0.918654
mip: row= 1310 col= 10804 density= 2.17704%
mip time= 25.54 s.
mip status= 6
#########################################################################################
tree size= 2 lb= 65905.9 ub= 65929
#########################################################################################
idx= 6 value= 65905.9 enu= 1
brc= 264-365 : -
brc= 77-229 : +
brc= 158-295 : +
brc= 157-180 : -
brc= 122-328 : +
brc= 41-175 : -
brc= 122-358 : +
brc= 45-199 : -
brc= 2-264 : +
brc= 49-298 : -
brc= 31-145 : -
brc= 163-231 : -
brc= 251-330 : +
brc= 23-193 : -
brc= 37-128 : -
it= 3   ncol= 3338  ncstr= 1694 mt= 0.8   spt= 0.0   lpval= 65908.4   ub= 65929.0  
-----------------------------------------------------------------------------------------
elapsed time= 1354.53 s.
-----------------------------------------------------------------------------------------
columns pending deletion= 6752 remain= 30861 col ratio= 0.781213 row ratio= 0.827627
 ****** Separate Rank1Cuts ****** 
it= 3   ncol= 3288  ncstr= 1750 mt= 0.6   spt= 0.0   lpval= 65909.9   ub= 65929.0  
-----------------------------------------------------------------------------------------
elapsed time= 1359.86 s.
-----------------------------------------------------------------------------------------
delete columns= 10636 remain= 20225
 ****** Separate Rank1Cuts ****** 
it= 3   ncol= 3286  ncstr= 1527 mt= 0.4   spt= 0.0   lpval= 65910.5   ub= 65929.0  
-----------------------------------------------------------------------------------------
elapsed time= 1370.13 s.
-----------------------------------------------------------------------------------------
columns pending deletion= 1780 remain= 20225 col ratio= 0.91199 row ratio= 0.929928
[1;36m[REMIND] 2: gap improved= 0.639890 ratio= 0.034588 threshold= 0.040000 in function increaseCondition2 at /blue/yu.yang1/you.z/route_opt/packages/application/X-n384-k52/src/main/src/call_cutting.cpp:74[0m
 ****** Separate Rank1Cuts ****** 
it= 3   ncol= 3296  ncstr= 1618 mt= 0.5   spt= 0.0   lpval= 65911.1   ub= 65929.0  
-----------------------------------------------------------------------------------------
elapsed time= 1374.35 s.
-----------------------------------------------------------------------------------------
columns pending deletion= 3160 remain= 20225 col ratio= 0.843758 row ratio= 0.901112
[1;36m[REMIND] 2: gap improved= 0.577446 ratio= 0.032218 threshold= 0.040000 in function increaseCondition2 at /blue/yu.yang1/you.z/route_opt/packages/application/X-n384-k52/src/main/src/call_cutting.cpp:74[0m
 ****** Separate Rank1Cuts ****** 
it= 3   ncol= 3315  ncstr= 1716 mt= 0.5   spt= 0.0   lpval= 65911.7   ub= 65929.0  
-----------------------------------------------------------------------------------------
elapsed time= 1378.95 s.
-----------------------------------------------------------------------------------------
columns pending deletion= 4442 remain= 20225 col ratio= 0.780371 row ratio= 0.863054
[1;36m[REMIND] 2: gap improved= 0.578351 ratio= 0.033345 threshold= 0.040000 in function increaseCondition2 at /blue/yu.yang1/you.z/route_opt/packages/application/X-n384-k52/src/main/src/call_cutting.cpp:74[0m
[1;36m[REMIND] tail off counter= 3 threshold= 3 in function setIfTailOff at /blue/yu.yang1/you.z/route_opt/packages/application/X-n384-k52/src/main/src/call_cutting.cpp:150[0m
mip: row= 1481 col= 19087 density= 2.02889%
mip time= 121.98 s.
mip status= 6
#########################################################################################
tree size= 1 lb= 65906.8 ub= 65929
#########################################################################################
idx= 17 value= 65906.8 enu= 1
brc= 264-365 : -
brc= 77-229 : +
brc= 158-295 : +
brc= 157-180 : -
brc= 122-328 : +
brc= 41-175 : -
brc= 122-358 : +
brc= 45-199 : -
brc= 2-264 : +
brc= 49-298 : -
brc= 31-145 : -
brc= 163-231 : -
brc= 251-330 : +
brc= 23-193 : +
brc= 47-90 : -
brc= 119-302 : -
brc= 41-305 : -
brc= 30-229 : -
brc= 136-137 : +
brc= 107-262 : +
brc= 144-285 : +
it= 6   ncol= 3748  ncstr= 1571 mt= 8.9   spt= 0.0   lpval= 65915.7   ub= 65929.0  
-----------------------------------------------------------------------------------------
elapsed time= 1510.06 s.
-----------------------------------------------------------------------------------------
delete columns= 17999 remain= 8700
 ****** Separate RCCs ****** 
 ****** Separate Rank1Cuts ****** 
it= 3   ncol= 3540  ncstr= 1500 mt= 0.9   spt= 0.0   lpval= 65917.6   ub= 65929.0  
-----------------------------------------------------------------------------------------
elapsed time= 1515.80 s.
-----------------------------------------------------------------------------------------
columns pending deletion= 2514 remain= 8700 col ratio= 0.711034 row ratio= 0.899333
mip: row= 1349 col= 9575 density= 2.17352%
mip time= 23.47 s.
mip status= 6
#########################################################################################
tree size= 0 lb= 65906.8 ub= 65929
#########################################################################################
idx= 18 value= 65906.8 enu= 1
brc= 264-365 : -
brc= 77-229 : +
brc= 158-295 : +
brc= 157-180 : -
brc= 122-328 : +
brc= 41-175 : -
brc= 122-358 : +
brc= 45-199 : -
brc= 2-264 : +
brc= 49-298 : -
brc= 31-145 : -
brc= 163-231 : -
brc= 251-330 : +
brc= 23-193 : +
brc= 47-90 : -
brc= 119-302 : -
brc= 41-305 : -
brc= 30-229 : -
brc= 136-137 : +
brc= 107-262 : +
brc= 144-285 : -
it= 4   ncol= 3780  ncstr= 1571 mt= 1.1   spt= 0.0   lpval= 65908.2   ub= 65929.0  
-----------------------------------------------------------------------------------------
elapsed time= 1545.85 s.
-----------------------------------------------------------------------------------------
columns pending deletion= 4273 remain= 27866 col ratio= 0.846659 row ratio= 0.914067
 ****** Separate Rank1Cuts ****** 
it= 4   ncol= 3776  ncstr= 1657 mt= 0.7   spt= 0.0   lpval= 65908.9   ub= 65929.0  
-----------------------------------------------------------------------------------------
elapsed time= 1551.26 s.
-----------------------------------------------------------------------------------------
columns pending deletion= 6361 remain= 27866 col ratio= 0.771729 row ratio= 0.893784
[1;36m[REMIND] 2: gap improved= 0.756714 ratio= 0.037689 threshold= 0.040000 in function increaseCondition2 at /blue/yu.yang1/you.z/route_opt/packages/application/X-n384-k52/src/main/src/call_cutting.cpp:74[0m
 ****** Separate Rank1Cuts ****** 
it= 4   ncol= 3798  ncstr= 1745 mt= 0.7   spt= 0.0   lpval= 65909.5   ub= 65929.0  
-----------------------------------------------------------------------------------------
elapsed time= 1556.59 s.
-----------------------------------------------------------------------------------------
columns pending deletion= 7685 remain= 27866 col ratio= 0.724216 row ratio= 0.869914
[1;36m[REMIND] 2: gap improved= 0.583392 ratio= 0.029926 threshold= 0.040000 in function increaseCondition2 at /blue/yu.yang1/you.z/route_opt/packages/application/X-n384-k52/src/main/src/call_cutting.cpp:74[0m
 ****** Separate Rank1Cuts ****** 
it= 4   ncol= 3810  ncstr= 1842 mt= 0.6   spt= 0.0   lpval= 65909.9   ub= 65929.0  
-----------------------------------------------------------------------------------------
elapsed time= 1561.94 s.
-----------------------------------------------------------------------------------------
delete columns= 8806 remain= 19060
[1;36m[REMIND] 2: gap improved= 0.434452 ratio= 0.022794 threshold= 0.040000 in function increaseCondition2 at /blue/yu.yang1/you.z/route_opt/packages/application/X-n384-k52/src/main/src/call_cutting.cpp:74[0m
[1;36m[REMIND] tail off counter= 3 threshold= 3 in function setIfTailOff at /blue/yu.yang1/you.z/route_opt/packages/application/X-n384-k52/src/main/src/call_cutting.cpp:150[0m
current_r_best= 7.59744
alpha= 0.37 beta= 0.042662 omega= 90.3679 k1= 1
lb_k= 1 ub_k= 1
opt_k= 1
alpha= 0.75 beta= 0.042662 omega= 5.25415 k1= 1
lb_k= 1 ub_k= 1
opt_k= 1
pseudo= 50 frac= 50
#candidates in phase1= 1
[1;36m[REMIND] no data in phase2: a single candidate in function getFeatureDataPhase2 at /blue/yu.yang1/you.z/route_opt/packages/application/X-n384-k52/src/l2b/include/t_l2b_phase2.hpp:27[0m
brc= 252-379
t= 0.506412 c= 43.7719 n= 9 if_b4= 0
t= 8.09424 c= 40.8604 n= 9 if_b4= 0
#########################################################################################
tree size= 1 lb= 65909.9 ub= 65929
#########################################################################################
idx= 19 value= 65909.9 enu= 1
brc= 264-365 : -
brc= 77-229 : +
brc= 158-295 : +
brc= 157-180 : -
brc= 122-328 : +
brc= 41-175 : -
brc= 122-358 : +
brc= 45-199 : -
brc= 2-264 : +
brc= 49-298 : -
brc= 31-145 : -
brc= 163-231 : -
brc= 251-330 : +
brc= 23-193 : +
brc= 47-90 : -
brc= 119-302 : -
brc= 41-305 : -
brc= 30-229 : -
brc= 136-137 : +
brc= 107-262 : +
brc= 144-285 : -
brc= 252-379 : +
it= 6   ncol= 3817  ncstr= 1553 mt= 9.2   spt= 0.0   lpval= 65920.1   ub= 65929.0  
-----------------------------------------------------------------------------------------
elapsed time= 1588.40 s.
-----------------------------------------------------------------------------------------
delete columns= 13966 remain= 4347
 ****** Separate Rank1Cuts ****** 
it= 4   ncol= 3259  ncstr= 1379 mt= 1.0   spt= 0.0   lpval= 65922.8   ub= 65929.0  
-----------------------------------------------------------------------------------------
elapsed time= 1593.80 s.
-----------------------------------------------------------------------------------------
delete columns= 1835 remain= 2512
mip: row= 1302 col= 5317 density= 2.21205%
mip time= 6.07 s.
mip status= 6
#########################################################################################
tree size= 0 lb= 65909.9 ub= 65929
#########################################################################################
idx= 20 value= 65909.9 enu= 1
brc= 264-365 : -
brc= 77-229 : +
brc= 158-295 : +
brc= 157-180 : -
brc= 122-328 : +
brc= 41-175 : -
brc= 122-358 : +
brc= 45-199 : -
brc= 2-264 : +
brc= 49-298 : -
brc= 31-145 : -
brc= 163-231 : -
brc= 251-330 : +
brc= 23-193 : +
brc= 47-90 : -
brc= 119-302 : -
brc= 41-305 : -
brc= 30-229 : -
brc= 136-137 : +
brc= 107-262 : +
brc= 144-285 : -
brc= 252-379 : -
it= 3   ncol= 3828  ncstr= 1553 mt= 0.4   spt= 0.0   lpval= 65910.7   ub= 65929.0  
-----------------------------------------------------------------------------------------
elapsed time= 1604.97 s.
-----------------------------------------------------------------------------------------
columns pending deletion= 1599 remain= 19050 col ratio= 0.916063 row ratio= 0.946555
 ****** Separate Rank1Cuts ****** 
it= 4   ncol= 3815  ncstr= 1642 mt= 0.6   spt= 0.0   lpval= 65911.4   ub= 65929.0  
-----------------------------------------------------------------------------------------
elapsed time= 1610.47 s.
-----------------------------------------------------------------------------------------
columns pending deletion= 2969 remain= 19050 col ratio= 0.844147 row ratio= 0.90743
mip: row= 1490 col= 19877 density= 2.02135%
mip time= 127.96 s.
mip status= 6
#########################################################################################
[32m<Instance: X-n384-k52>
<Solution>
<UB= 65929>
<LB= 65929>
<Elapsed Time= 1746.9>
<Nodes Explored= 21>
<Global Gap= 0%>[0m
#########################################################################################
File nodes/X-n384-k52_1_0_1_1_1_3_G32.node deleted successfully.
