application type: CVRP
X-n384-k52_2_0_0_8_1_G32.node
Set parameter ServerTimeout to value 600
Set parameter TokenServer to value "grb-ts.ufhpc"
Set parameter Threads to value 1
instance name= X-n384-k52
#########################################################################################
tree size= 0 lb= 0 ub= 65929
#########################################################################################
idx= 3 value= 65870.8 enu= 0
brc= 264-365 : -
brc= 77-229 : -
brc= 49-126 : +
brc= 180-214 : +
brc= 7-180 : +
brc= 176-199 : -
brc= 129-199 : -
brc= 298-323 : -
brc= 228-255 : -
brc= 72-158 : -
brc= 157-366 : -
brc= 171-289 : -
brc= 31-145 : -
brc= 145-185 : +
brc= 44-98 : -
brc= 0-183 : +
-----------------------------------------------------------------------------------------
 ****** Pricing Level: LIGHT HEUR ****** 
it= 5   ncol= 2162  ncstr= 1461 mt= 1.1   spt= 0.4   lpval= 65880.0   ub= 65929.0  
 ****** Pricing Level: HEAVY HEUR ****** 
it= 6   ncol= 2276  ncstr= 1461 mt= 1.4   spt= 1.0   lpval= 65878.6   ub= 65929.0  
 ****** Pricing Level: EXACT ****** 
it= 5   ncol= 2979  ncstr= 1461 mt= 0.9   spt= 10.7  lpval= 65877.8   ub= 65929.0  
-----------------------------------------------------------------------------------------
elapsed time= 27.56 s.
-----------------------------------------------------------------------------------------
-----------------------------------------------------------------------------------------
 ****** Run Arc Elimination ****** 
arc elimination time= 9.76 s.
previous= 82.5971% maximum= 3.73658%
eliminate bucket arcs time= 1.19 s.
obtain jump arcs time= 0.01 s.
-----------------------------------------------------------------------------------------
-----------------------------------------------------------------------------------------
elapsed time= 39.19 s.
-----------------------------------------------------------------------------------------
-----------------------------------------------------------------------------------------
 ****** Try Enumeration ****** 
#labels= 228178 #routes= 94
labeling 1 time= 1.97 s.
concatenate time= 3.36 s.
#routes= 490474
average gap of successful enumeration= 0.000761074
next try value > 65861.6
-----------------------------------------------------------------------------------------
elapsed time= 44.86 s.
-----------------------------------------------------------------------------------------
 ****** Process Enumeration Matrix ****** 
delete non-ele routes lp val= 65878.3
recover rank1c lp val= 65878.5
recover rcc lp val= 65878.7
obtain rcc coefficient time= 0.05 s.
obtain r1c coefficient time= 0.91 s.
obtain matrix from triplets time= 1.15 s.
delete columns by branch time= 0.00 s.
columns pending deletion= 6995 remain= 490474 col ratio= 0.985738 row ratio= 1
regenerate enumeration matrix time= 0.00 s.
-----------------------------------------------------------------------------------------
elapsed time= 65.07 s.
-----------------------------------------------------------------------------------------
it= 5   ncol= 2392  ncstr= 1370 mt= 0.6   spt= 0.2   lpval= 65878.6   ub= 65929.0  
-----------------------------------------------------------------------------------------
elapsed time= 65.91 s.
-----------------------------------------------------------------------------------------
columns pending deletion= 86602 remain= 490474 col ratio= 0.823432 row ratio= 0.929197
 ****** Separate Rank1Cuts ****** 
it= 5   ncol= 2485  ncstr= 1506 mt= 0.9   spt= 0.2   lpval= 65881.1   ub= 65929.0  
-----------------------------------------------------------------------------------------
elapsed time= 72.40 s.
-----------------------------------------------------------------------------------------
columns pending deletion= 151113 remain= 490474 col ratio= 0.691904 row ratio= 0.897742
 ****** Separate Rank1Cuts ****** 
it= 5   ncol= 2608  ncstr= 1623 mt= 1.3   spt= 0.2   lpval= 65882.1   ub= 65929.0  
-----------------------------------------------------------------------------------------
elapsed time= 78.62 s.
-----------------------------------------------------------------------------------------
delete columns= 178036 remain= 312438
[1;36m[REMIND] 2: gap improved= 0.959923 ratio= 0.020464 threshold= 0.040000 in function increaseCondition2 at /blue/yu.yang1/you.z/route_opt/packages/application/X-n384-k52/src/main/src/call_cutting.cpp:74[0m
 ****** Separate RCCs ****** 
 ****** Separate Rank1Cuts ****** 
it= 6   ncol= 2709  ncstr= 1541 mt= 1.0   spt= 0.1   lpval= 65882.9   ub= 65929.0  
-----------------------------------------------------------------------------------------
elapsed time= 90.03 s.
-----------------------------------------------------------------------------------------
columns pending deletion= 22410 remain= 312438 col ratio= 0.928274 row ratio= 0.912395
[1;36m[REMIND] 2: gap improved= 0.790589 ratio= 0.017143 threshold= 0.040000 in function increaseCondition2 at /blue/yu.yang1/you.z/route_opt/packages/application/X-n384-k52/src/main/src/call_cutting.cpp:74[0m
 ****** Separate Rank1Cuts ****** 
it= 4   ncol= 2792  ncstr= 1649 mt= 0.9   spt= 0.1   lpval= 65883.5   ub= 65929.0  
-----------------------------------------------------------------------------------------
elapsed time= 95.56 s.
-----------------------------------------------------------------------------------------
columns pending deletion= 38312 remain= 312438 col ratio= 0.877377 row ratio= 0.878108
[1;36m[REMIND] 2: gap improved= 0.616842 ratio= 0.013557 threshold= 0.040000 in function increaseCondition2 at /blue/yu.yang1/you.z/route_opt/packages/application/X-n384-k52/src/main/src/call_cutting.cpp:74[0m
[1;36m[REMIND] tail off counter= 3 threshold= 3 in function setIfTailOff at /blue/yu.yang1/you.z/route_opt/packages/application/X-n384-k52/src/main/src/call_cutting.cpp:150[0m
[1;36m[REMIND] opt_k not found for node 3, use m directly in function getOptK at /blue/yu.yang1/you.z/route_opt/packages/branching/bkf/include/bkf_controller.hpp:239[0m
current_r_best= 9.19911
we directly test 100
we directly test 4
pseudo= 50 frac= 50
#candidates in phase1= 100
testing lp time= 93.60 s.
-----------------------------------------------------------------------------------------
 59-148 ,  69.69|  87-353 ,  47.75|  59-343 ,  47.03|   0-221 ,  46.17|  59-241 ,  46.12| 
161-173 ,  39.73|   0-241 ,  33.69|  11-275 ,  31.96| 201-226 ,  30.21| 191-279 ,  28.67| 
133-226 ,  28.41|   0-161 ,  27.60| 306-349 ,  27.46|   0-303 ,  25.98| 107-275 ,  25.04| 
  7-171 ,  24.82| 201-230 ,  24.54| 366-370 ,  24.51|  89-266 ,  24.35|  91-355 ,  24.34| 
161-174 ,  24.20| 308-376 ,  24.04|   0-64  ,  23.36|  24-173 ,  22.48|  15-132 ,  22.15| 
 27-77  ,  21.98| 157-317 ,  21.92| 303-306 ,  21.52| 305-366 ,  21.32| 110-152 ,  21.20| 
235-253 ,  20.71|   0-82  ,  20.54|  82-177 ,  20.54| 139-177 ,  20.53|  82-139 ,  20.12| 
  0-215 ,  18.95|   0-4   ,  18.93|   0-107 ,  18.90| 268-303 ,  18.73| 246-313 ,  18.54| 
123-284 ,  18.24| 160-383 ,  18.04|  98-325 ,  17.72|  23-193 ,  17.60|  75-123 ,  17.58| 
 45-199 ,  16.66|   0-63  ,  16.23|  40-300 ,  16.16|  63-82  ,  16.06|  41-315 ,  15.80| 
 56-221 ,  15.62|   9-293 ,  15.58| 111-323 ,  15.53|   0-229 ,  15.51| 284-295 ,  15.36| 
356-376 ,  14.99|  12-306 ,  14.96| 171-305 ,  14.85|  64-86  ,  14.81|   0-330 ,  14.64| 
209-259 ,  14.42|   2-74  ,  14.34|   0-160 ,  13.49|  22-160 ,  13.49| 136-137 ,  13.02| 
  0-97  ,  12.95| 222-330 ,  12.26|   0-275 ,  12.22| 209-352 ,  11.33| 162-214 ,  10.68| 
  0-209 ,  10.66|   0-383 ,  10.62| 130-184 ,  10.46|  17-58  ,  10.45| 306-359 ,  10.30| 
  0-244 ,   9.54|  77-244 ,   9.51|   0-223 ,   9.40|  29-42  ,   9.08|  50-136 ,   8.91| 
223-352 ,   8.87|   0-77  ,   8.81|   8-257 ,   8.75|  17-143 ,   8.55|  22-371 ,   8.43| 
 50-162 ,   8.26|  17-259 ,   7.96| 143-346 ,   7.67|   0-346 ,   7.64|  58-209 ,   7.05| 
 66-95  ,   5.89| 341-345 ,   5.88|   0-17  ,   5.80| 184-274 ,   5.65|   0-273 ,   5.40| 
160-273 ,   5.40| 207-371 ,   5.39|   0-21  ,   4.94|   0-206 ,   4.61|   0-286 ,   4.08| 
-----------------------------------------------------------------------------------------
edge= 0 221 lp= 6.14835 pre= 2 lp2= 7.50866 pre2= 2 score= 46.1659
-----------------------------------------------------------------------------------------
edge= 87 353 lp= 2.26874 pre= 2 lp2= 21.045 pre2= 2 score= 47.7456
-----------------------------------------------------------------------------------------
edge= 59 343 lp= 10.4993 pre= 2 lp2= 4.47916 pre2= 2 score= 47.0282
-----------------------------------------------------------------------------------------
edge= 59 148 lp= 4.18671 pre= 2 lp2= 16.6447 pre2= 2 score= 69.6865
-----------------------------------------------------------------------------------------
candidate= 59-148 : -
-----------------------------------------------------------------------------------------
it= 6   ncol= 2911  ncstr= 1650 mt= 6.4   spt= 0.1   lpval= 65886.2   ub= 65929.0  
-----------------------------------------------------------------------------------------
elapsed time= 195.75 s.
-----------------------------------------------------------------------------------------
candidate= 87-353 : -
-----------------------------------------------------------------------------------------
it= 4   ncol= 2861  ncstr= 1650 mt= 5.7   spt= 0.1   lpval= 65885.6   ub= 65929.0  
-----------------------------------------------------------------------------------------
elapsed time= 201.59 s.
-----------------------------------------------------------------------------------------
candidate= 59-343 : -
-----------------------------------------------------------------------------------------
it= 5   ncol= 2910  ncstr= 1650 mt= 6.8   spt= 0.1   lpval= 65891.3   ub= 65929.0  
-----------------------------------------------------------------------------------------
elapsed time= 208.60 s.
-----------------------------------------------------------------------------------------
candidate= 0-221 : -
-----------------------------------------------------------------------------------------
it= 5   ncol= 2913  ncstr= 1650 mt= 5.9   spt= 0.1   lpval= 65888.4   ub= 65929.0  
-----------------------------------------------------------------------------------------
elapsed time= 214.68 s.
-----------------------------------------------------------------------------------------
candidate= 59-148 : +
-----------------------------------------------------------------------------------------
it= 8   ncol= 3023  ncstr= 1650 mt= 7.9   spt= 0.2   lpval= 65898.4   ub= 65929.0  
-----------------------------------------------------------------------------------------
elapsed time= 222.85 s.
-----------------------------------------------------------------------------------------
candidate= 87-353 : +
-----------------------------------------------------------------------------------------
it= 8   ncol= 2989  ncstr= 1650 mt= 9.4   spt= 0.2   lpval= 65893.4   ub= 65929.0  
-----------------------------------------------------------------------------------------
elapsed time= 232.52 s.
-----------------------------------------------------------------------------------------
brc= 59-148
t= 0.468015 c= 111.32 n= 0 if_b4= 0
t= 7.22498 c= 136.447 n= 0 if_b4= 0
#########################################################################################
tree size= 1 lb= 65883.5 ub= 65929
#########################################################################################
idx= 1 value= 65883.5 enu= 1
brc= 264-365 : -
brc= 77-229 : -
brc= 49-126 : +
brc= 180-214 : +
brc= 7-180 : +
brc= 176-199 : -
brc= 129-199 : -
brc= 298-323 : -
brc= 228-255 : -
brc= 72-158 : -
brc= 157-366 : -
brc= 171-289 : -
brc= 31-145 : -
brc= 145-185 : +
brc= 44-98 : -
brc= 0-183 : +
brc= 59-148 : +
it= 8   ncol= 2939  ncstr= 1649 mt= 8.1   spt= 0.2   lpval= 65898.4   ub= 65929.0  
-----------------------------------------------------------------------------------------
elapsed time= 254.72 s.
-----------------------------------------------------------------------------------------
delete columns= 199560 remain= 72474
 ****** Separate RCCs ****** 
 ****** Separate Rank1Cuts ****** 
it= 5   ncol= 3018  ncstr= 1412 mt= 1.7   spt= 0.0   lpval= 65901.5   ub= 65929.0  
-----------------------------------------------------------------------------------------
elapsed time= 265.68 s.
-----------------------------------------------------------------------------------------
columns pending deletion= 20808 remain= 72474 col ratio= 0.71289 row ratio= 0.929887
 ****** Separate Rank1Cuts ****** 
it= 3   ncol= 3048  ncstr= 1507 mt= 0.6   spt= 0.0   lpval= 65903.2   ub= 65929.0  
-----------------------------------------------------------------------------------------
elapsed time= 271.24 s.
-----------------------------------------------------------------------------------------
delete columns= 29666 remain= 42808
 ****** Separate RCCs ****** 
 ****** Separate Rank1Cuts ****** 
it= 4   ncol= 3080  ncstr= 1437 mt= 0.6   spt= 0.0   lpval= 65904.0   ub= 65929.0  
-----------------------------------------------------------------------------------------
elapsed time= 280.47 s.
-----------------------------------------------------------------------------------------
columns pending deletion= 4165 remain= 42808 col ratio= 0.902705 row ratio= 0.942241
[1;36m[REMIND] 2: gap improved= 0.787262 ratio= 0.031447 threshold= 0.040000 in function increaseCondition2 at /blue/yu.yang1/you.z/route_opt/packages/application/X-n384-k52/src/main/src/call_cutting.cpp:74[0m
 ****** Separate RCCs ****** 
 ****** Separate Rank1Cuts ****** 
it= 3   ncol= 3107  ncstr= 1581 mt= 0.5   spt= 0.0   lpval= 65904.8   ub= 65929.0  
-----------------------------------------------------------------------------------------
elapsed time= 285.31 s.
-----------------------------------------------------------------------------------------
columns pending deletion= 8289 remain= 42808 col ratio= 0.806368 row ratio= 0.880455
[1;36m[REMIND] 2: gap improved= 0.806798 ratio= 0.033301 threshold= 0.040000 in function increaseCondition2 at /blue/yu.yang1/you.z/route_opt/packages/application/X-n384-k52/src/main/src/call_cutting.cpp:74[0m
 ****** Separate Rank1Cuts ****** 
it= 3   ncol= 3135  ncstr= 1668 mt= 0.4   spt= 0.0   lpval= 65905.2   ub= 65929.0  
-----------------------------------------------------------------------------------------
elapsed time= 289.60 s.
-----------------------------------------------------------------------------------------
columns pending deletion= 9984 remain= 42808 col ratio= 0.766773 row ratio= 0.860911
[1;36m[REMIND] 2: gap improved= 0.407708 ratio= 0.017116 threshold= 0.040000 in function increaseCondition2 at /blue/yu.yang1/you.z/route_opt/packages/application/X-n384-k52/src/main/src/call_cutting.cpp:74[0m
[1;36m[REMIND] tail off counter= 3 threshold= 3 in function setIfTailOff at /blue/yu.yang1/you.z/route_opt/packages/application/X-n384-k52/src/main/src/call_cutting.cpp:150[0m
current_r_best= 15.6669
alpha= 0.37 beta= 1.52039 omega= 237.855 k1= 9
lb_k= 1 ub_k= 37
revise: lb_k= 8 ub_k= 11
opt_k= 10
alpha= 0.75 beta= 1.52039 omega= 18.8854 k1= 3
lb_k= 2 ub_k= 3
revise: lb_k= 2 ub_k= 3
opt_k= 3
pseudo= 50 frac= 50
#candidates in phase1= 10
testing lp time= 10.01 s.
-----------------------------------------------------------------------------------------
 98-325 ,  19.11| 366-370 ,  18.12|  23-193 ,  13.18|  42-307 ,  12.57|  44-325 ,  12.47| 
 41-315 ,  12.38| 131-365 ,  11.83|   4-372 ,   9.53|   0-63  ,   7.03| 172-376 ,   4.64| 
-----------------------------------------------------------------------------------------
edge= 23 193 lp= 5.67898 pre= 2 lp2= 2.32017 pre2= 2 score= 13.1762
-----------------------------------------------------------------------------------------
edge= 366 370 lp= 7.96904 pre= 2 lp2= 2.27367 pre2= 2 score= 18.119
-----------------------------------------------------------------------------------------
edge= 98 325 lp= 3.6093 pre= 2 lp2= 5.29396 pre2= 2 score= 19.1075
-----------------------------------------------------------------------------------------
candidate= 98-325 : -
-----------------------------------------------------------------------------------------
it= 4   ncol= 3233  ncstr= 1669 mt= 7.3   spt= 0.0   lpval= 65907.9   ub= 65929.0  
-----------------------------------------------------------------------------------------
elapsed time= 306.93 s.
-----------------------------------------------------------------------------------------
candidate= 366-370 : -
-----------------------------------------------------------------------------------------
it= 5   ncol= 3239  ncstr= 1669 mt= 6.8   spt= 0.0   lpval= 65911.1   ub= 65929.0  
-----------------------------------------------------------------------------------------
elapsed time= 313.73 s.
-----------------------------------------------------------------------------------------
candidate= 98-325 : +
-----------------------------------------------------------------------------------------
it= 5   ncol= 3261  ncstr= 1669 mt= 6.3   spt= 0.0   lpval= 65909.6   ub= 65929.0  
-----------------------------------------------------------------------------------------
elapsed time= 320.08 s.
-----------------------------------------------------------------------------------------
candidate= 366-370 : +
-----------------------------------------------------------------------------------------
it= 6   ncol= 3289  ncstr= 1669 mt= 6.6   spt= 0.0   lpval= 65907.2   ub= 65929.0  
-----------------------------------------------------------------------------------------
elapsed time= 326.75 s.
-----------------------------------------------------------------------------------------
candidate= 23-193 : -
-----------------------------------------------------------------------------------------
it= 5   ncol= 3268  ncstr= 1669 mt= 7.4   spt= 0.0   lpval= 65908.7   ub= 65929.0  
-----------------------------------------------------------------------------------------
elapsed time= 334.15 s.
-----------------------------------------------------------------------------------------
brc= 366-370
t= 0.484264 c= 85.9278 n= 1 if_b4= 0
t= 7.0649 c= 92.3626 n= 1 if_b4= 0
#########################################################################################
tree size= 2 lb= 65883.5 ub= 65929
#########################################################################################
idx= 2 value= 65883.5 enu= 1
brc= 264-365 : -
brc= 77-229 : -
brc= 49-126 : +
brc= 180-214 : +
brc= 7-180 : +
brc= 176-199 : -
brc= 129-199 : -
brc= 298-323 : -
brc= 228-255 : -
brc= 72-158 : -
brc= 157-366 : -
brc= 171-289 : -
brc= 31-145 : -
brc= 145-185 : +
brc= 44-98 : -
brc= 0-183 : +
brc= 59-148 : -
it= 6   ncol= 2909  ncstr= 1649 mt= 1.9   spt= 0.1   lpval= 65886.2   ub= 65929.0  
-----------------------------------------------------------------------------------------
elapsed time= 348.84 s.
-----------------------------------------------------------------------------------------
columns pending deletion= 45480 remain= 274089 col ratio= 0.834068 row ratio= 0.856277
 ****** Separate RCCs ****** 
 ****** Separate Rank1Cuts ****** 
it= 4   ncol= 2991  ncstr= 1773 mt= 1.7   spt= 0.1   lpval= 65889.0   ub= 65929.0  
-----------------------------------------------------------------------------------------
elapsed time= 356.10 s.
-----------------------------------------------------------------------------------------
delete columns= 91567 remain= 182522
 ****** Separate Rank1Cuts ****** 
it= 3   ncol= 3035  ncstr= 1530 mt= 0.6   spt= 0.0   lpval= 65890.1   ub= 65929.0  
-----------------------------------------------------------------------------------------
elapsed time= 367.08 s.
-----------------------------------------------------------------------------------------
columns pending deletion= 18426 remain= 182522 col ratio= 0.899048 row ratio= 0.932026
[1;36m[REMIND] 2: gap improved= 1.084537 ratio= 0.027878 threshold= 0.040000 in function increaseCondition2 at /blue/yu.yang1/you.z/route_opt/packages/application/X-n384-k52/src/main/src/call_cutting.cpp:74[0m
 ****** Separate Rank1Cuts ****** 
it= 3   ncol= 3084  ncstr= 1635 mt= 0.7   spt= 0.0   lpval= 65890.9   ub= 65929.0  
-----------------------------------------------------------------------------------------
elapsed time= 372.44 s.
-----------------------------------------------------------------------------------------
columns pending deletion= 30347 remain= 182522 col ratio= 0.833735 row ratio= 0.897859
[1;36m[REMIND] 2: gap improved= 0.818679 ratio= 0.021497 threshold= 0.040000 in function increaseCondition2 at /blue/yu.yang1/you.z/route_opt/packages/application/X-n384-k52/src/main/src/call_cutting.cpp:74[0m
 ****** Separate Rank1Cuts ****** 
it= 4   ncol= 3140  ncstr= 1740 mt= 0.8   spt= 0.1   lpval= 65891.6   ub= 65929.0  
-----------------------------------------------------------------------------------------
elapsed time= 377.58 s.
-----------------------------------------------------------------------------------------
columns pending deletion= 38932 remain= 182522 col ratio= 0.7867 row ratio= 0.864943
[1;36m[REMIND] 2: gap improved= 0.637038 ratio= 0.017012 threshold= 0.040000 in function increaseCondition2 at /blue/yu.yang1/you.z/route_opt/packages/application/X-n384-k52/src/main/src/call_cutting.cpp:74[0m
[1;36m[REMIND] tail off counter= 3 threshold= 3 in function setIfTailOff at /blue/yu.yang1/you.z/route_opt/packages/application/X-n384-k52/src/main/src/call_cutting.cpp:150[0m
current_r_best= 9.54842
alpha= 0.37 beta= 3.92179 omega= 177.44 k1= 13
lb_k= 1 ub_k= 37
revise: lb_k= 11 ub_k= 16
opt_k= 14
alpha= 0.75 beta= 3.92179 omega= 13.0735 k1= 3
lb_k= 1 ub_k= 3
revise: lb_k= 1 ub_k= 3
opt_k= 3
pseudo= 50 frac= 50
#candidates in phase1= 14
testing lp time= 15.23 s.
-----------------------------------------------------------------------------------------
287-338 ,  58.25| 133-226 ,  32.05|  12-121 ,  30.98| 201-226 ,  26.77| 218-241 ,  24.01| 
246-313 ,  23.76|  56-221 ,  19.72|  56-92  ,  19.32| 166-311 ,  18.66|  87-353 ,  17.10| 
 41-315 ,  12.91| 268-303 ,  12.80|  56-211 ,   6.75| 186-304 ,   2.48| 
-----------------------------------------------------------------------------------------
edge= 12 121 lp= 1.33541 pre= 2 lp2= 23.2017 pre2= 2 score= 30.9839
-----------------------------------------------------------------------------------------
edge= 133 226 lp= 3.03514 pre= 2 lp2= 10.5586 pre2= 2 score= 32.0467
-----------------------------------------------------------------------------------------
edge= 287 338 lp= 22.7959 pre= 2 lp2= 2.55521 pre2= 2 score= 58.2483
-----------------------------------------------------------------------------------------
candidate= 287-338 : -
-----------------------------------------------------------------------------------------
it= 7   ncol= 3316  ncstr= 1741 mt= 8.4   spt= 0.1   lpval= 65908.4   ub= 65929.0  
-----------------------------------------------------------------------------------------
elapsed time= 401.36 s.
-----------------------------------------------------------------------------------------
candidate= 287-338 : +
-----------------------------------------------------------------------------------------
it= 3   ncol= 3192  ncstr= 1741 mt= 6.7   spt= 0.0   lpval= 65893.9   ub= 65929.0  
-----------------------------------------------------------------------------------------
elapsed time= 408.09 s.
-----------------------------------------------------------------------------------------
brc= 287-338
t= 0.504185 c= 70.1155 n= 2 if_b4= 0
t= 7.25379 c= 74.4004 n= 2 if_b4= 0
#########################################################################################
tree size= 3 lb= 65891.6 ub= 65929
#########################################################################################
idx= 5 value= 65891.6 enu= 1
brc= 264-365 : -
brc= 77-229 : -
brc= 49-126 : +
brc= 180-214 : +
brc= 7-180 : +
brc= 176-199 : -
brc= 129-199 : -
brc= 298-323 : -
brc= 228-255 : -
brc= 72-158 : -
brc= 157-366 : -
brc= 171-289 : -
brc= 31-145 : -
brc= 145-185 : +
brc= 44-98 : -
brc= 0-183 : +
brc= 59-148 : -
brc= 287-338 : +
it= 3   ncol= 3132  ncstr= 1740 mt= 6.2   spt= 0.0   lpval= 65893.9   ub= 65929.0  
-----------------------------------------------------------------------------------------
elapsed time= 428.80 s.
-----------------------------------------------------------------------------------------
columns pending deletion= 25908 remain= 141992 col ratio= 0.817539 row ratio= 0.833333
 ****** Separate RCCs ****** 
 ****** Separate Rank1Cuts ****** 
it= 4   ncol= 3187  ncstr= 1864 mt= 0.8   spt= 0.0   lpval= 65895.1   ub= 65929.0  
-----------------------------------------------------------------------------------------
elapsed time= 434.12 s.
-----------------------------------------------------------------------------------------
delete columns= 38801 remain= 103191
[1;36m[REMIND] 2: gap improved= 1.129686 ratio= 0.033294 threshold= 0.040000 in function increaseCondition2 at /blue/yu.yang1/you.z/route_opt/packages/application/X-n384-k52/src/main/src/call_cutting.cpp:74[0m
 ****** Separate RCCs ****** 
 ****** Separate Rank1Cuts ****** 
it= 3   ncol= 3232  ncstr= 1547 mt= 0.6   spt= 0.0   lpval= 65895.8   ub= 65929.0  
-----------------------------------------------------------------------------------------
elapsed time= 444.69 s.
-----------------------------------------------------------------------------------------
columns pending deletion= 6907 remain= 103191 col ratio= 0.933066 row ratio= 0.94053
[1;36m[REMIND] 2: gap improved= 0.698049 ratio= 0.021005 threshold= 0.040000 in function increaseCondition2 at /blue/yu.yang1/you.z/route_opt/packages/application/X-n384-k52/src/main/src/call_cutting.cpp:74[0m
 ****** Separate Rank1Cuts ****** 
it= 4   ncol= 3262  ncstr= 1630 mt= 0.5   spt= 0.0   lpval= 65896.3   ub= 65929.0  
-----------------------------------------------------------------------------------------
elapsed time= 449.75 s.
-----------------------------------------------------------------------------------------
columns pending deletion= 11929 remain= 103191 col ratio= 0.884399 row ratio= 0.917791
[1;36m[REMIND] 2: gap improved= 0.527891 ratio= 0.016141 threshold= 0.040000 in function increaseCondition2 at /blue/yu.yang1/you.z/route_opt/packages/application/X-n384-k52/src/main/src/call_cutting.cpp:74[0m
[1;36m[REMIND] tail off counter= 3 threshold= 3 in function setIfTailOff at /blue/yu.yang1/you.z/route_opt/packages/application/X-n384-k52/src/main/src/call_cutting.cpp:150[0m
current_r_best= 9.54842
alpha= 0.37 beta= 3.42511 omega= 139.067 k1= 11
lb_k= 1 ub_k= 37
revise: lb_k= 9 ub_k= 14
opt_k= 12
alpha= 0.75 beta= 3.42511 omega= 10.2568 k1= 3
lb_k= 1 ub_k= 3
revise: lb_k= 2 ub_k= 3
opt_k= 3
pseudo= 50 frac= 50
#candidates in phase1= 12
testing lp time= 12.24 s.
-----------------------------------------------------------------------------------------
201-226 ,  21.73| 157-317 ,  15.45|  23-193 ,  13.62|  41-315 ,  10.59| 194-329 ,   9.00| 
 87-353 ,   8.07|  12-359 ,   7.79| 246-313 ,   7.66| 112-170 ,   7.27| 174-221 ,   6.25| 
147-241 ,   5.51|  26-153 ,   5.21| 
-----------------------------------------------------------------------------------------
edge= 23 193 lp= 5.64521 pre= 2 lp2= 2.41307 pre2= 2 score= 13.6223
-----------------------------------------------------------------------------------------
edge= 157 317 lp= 7.74086 pre= 2 lp2= 1.99648 pre2= 2 score= 15.4544
-----------------------------------------------------------------------------------------
edge= 201 226 lp= 2.30375 pre= 2 lp2= 9.43056 pre2= 2 score= 21.7257
-----------------------------------------------------------------------------------------
candidate= 201-226 : -
-----------------------------------------------------------------------------------------
it= 6   ncol= 3337  ncstr= 1631 mt= 7.2   spt= 0.0   lpval= 65898.0   ub= 65929.0  
-----------------------------------------------------------------------------------------
elapsed time= 469.25 s.
-----------------------------------------------------------------------------------------
candidate= 201-226 : +
-----------------------------------------------------------------------------------------
it= 6   ncol= 3406  ncstr= 1631 mt= 22.0  spt= 0.0   lpval= 65902.4   ub= 65929.0  
-----------------------------------------------------------------------------------------
elapsed time= 491.30 s.
-----------------------------------------------------------------------------------------
candidate= 157-317 : -
-----------------------------------------------------------------------------------------
it= 4   ncol= 3365  ncstr= 1631 mt= 7.3   spt= 0.0   lpval= 65902.4   ub= 65929.0  
-----------------------------------------------------------------------------------------
elapsed time= 498.63 s.
-----------------------------------------------------------------------------------------
candidate= 23-193 : -
-----------------------------------------------------------------------------------------
it= 7   ncol= 3430  ncstr= 1631 mt= 8.0   spt= 0.1   lpval= 65900.1   ub= 65929.0  
-----------------------------------------------------------------------------------------
elapsed time= 506.73 s.
-----------------------------------------------------------------------------------------
candidate= 157-317 : +
-----------------------------------------------------------------------------------------
it= 5   ncol= 3385  ncstr= 1631 mt= 6.6   spt= 0.0   lpval= 65898.1   ub= 65929.0  
-----------------------------------------------------------------------------------------
elapsed time= 513.35 s.
-----------------------------------------------------------------------------------------
brc= 157-317
t= 0.505672 c= 65.8318 n= 3 if_b4= 0
t= 8.00773 c= 64.1573 n= 3 if_b4= 0
#########################################################################################
tree size= 4 lb= 65891.6 ub= 65929
#########################################################################################
idx= 6 value= 65891.6 enu= 1
brc= 264-365 : -
brc= 77-229 : -
brc= 49-126 : +
brc= 180-214 : +
brc= 7-180 : +
brc= 176-199 : -
brc= 129-199 : -
brc= 298-323 : -
brc= 228-255 : -
brc= 72-158 : -
brc= 157-366 : -
brc= 171-289 : -
brc= 31-145 : -
brc= 145-185 : +
brc= 44-98 : -
brc= 0-183 : +
brc= 59-148 : -
brc= 287-338 : -
it= 7   ncol= 3314  ncstr= 1740 mt= 3.6   spt= 0.1   lpval= 65908.4   ub= 65929.0  
-----------------------------------------------------------------------------------------
elapsed time= 531.55 s.
-----------------------------------------------------------------------------------------
delete columns= 118048 remain= 24859
 ****** Separate Rank1Cuts ****** 
it= 4   ncol= 3131  ncstr= 1507 mt= 1.3   spt= 0.0   lpval= 65910.6   ub= 65929.0  
-----------------------------------------------------------------------------------------
elapsed time= 542.09 s.
-----------------------------------------------------------------------------------------
columns pending deletion= 6469 remain= 24859 col ratio= 0.739772 row ratio= 0.88852
 ****** Separate Rank1Cuts ****** 
it= 4   ncol= 3098  ncstr= 1587 mt= 0.7   spt= 0.0   lpval= 65911.9   ub= 65929.0  
-----------------------------------------------------------------------------------------
elapsed time= 546.77 s.
-----------------------------------------------------------------------------------------
delete columns= 9535 remain= 15324
mip: row= 1384 col= 18390 density= 2.24691%
mip time= 69.45 s.
mip status= 6
update f from 0 to 17.0682
#########################################################################################
tree size= 3 lb= 65896.3 ub= 65929
#########################################################################################
idx= 7 value= 65896.3 enu= 1
brc= 264-365 : -
brc= 77-229 : -
brc= 49-126 : +
brc= 180-214 : +
brc= 7-180 : +
brc= 176-199 : -
brc= 129-199 : -
brc= 298-323 : -
brc= 228-255 : -
brc= 72-158 : -
brc= 157-366 : -
brc= 171-289 : -
brc= 31-145 : -
brc= 145-185 : +
brc= 44-98 : -
brc= 0-183 : +
brc= 59-148 : -
brc= 287-338 : +
brc= 157-317 : +
it= 6   ncol= 3263  ncstr= 1630 mt= 6.8   spt= 0.0   lpval= 65898.1   ub= 65929.0  
-----------------------------------------------------------------------------------------
elapsed time= 628.23 s.
-----------------------------------------------------------------------------------------
columns pending deletion= 15997 remain= 89195 col ratio= 0.820651 row ratio= 0.836196
 ****** Separate RCCs ****** 
 ****** Separate Rank1Cuts ****** 
it= 4   ncol= 3286  ncstr= 1721 mt= 0.7   spt= 0.0   lpval= 65899.4   ub= 65929.0  
-----------------------------------------------------------------------------------------
elapsed time= 633.22 s.
-----------------------------------------------------------------------------------------
columns pending deletion= 24151 remain= 89195 col ratio= 0.729234 row ratio= 0.833818
 ****** Separate Rank1Cuts ****** 
it= 4   ncol= 3324  ncstr= 1829 mt= 0.7   spt= 0.0   lpval= 65900.2   ub= 65929.0  
-----------------------------------------------------------------------------------------
elapsed time= 637.98 s.
-----------------------------------------------------------------------------------------
delete columns= 29438 remain= 59757
[1;36m[REMIND] 2: gap improved= 0.788079 ratio= 0.027330 threshold= 0.040000 in function increaseCondition2 at /blue/yu.yang1/you.z/route_opt/packages/application/X-n384-k52/src/main/src/call_cutting.cpp:74[0m
 ****** Separate Rank1Cuts ****** 
it= 3   ncol= 3364  ncstr= 1563 mt= 0.5   spt= 0.0   lpval= 65900.6   ub= 65929.0  
-----------------------------------------------------------------------------------------
elapsed time= 648.30 s.
-----------------------------------------------------------------------------------------
columns pending deletion= 4033 remain= 59757 col ratio= 0.93251 row ratio= 0.925784
[1;36m[REMIND] 2: gap improved= 0.452233 ratio= 0.015933 threshold= 0.040000 in function increaseCondition2 at /blue/yu.yang1/you.z/route_opt/packages/application/X-n384-k52/src/main/src/call_cutting.cpp:74[0m
 ****** Separate Rank1Cuts ****** 
it= 3   ncol= 3385  ncstr= 1646 mt= 0.4   spt= 0.0   lpval= 65900.9   ub= 65929.0  
-----------------------------------------------------------------------------------------
elapsed time= 652.55 s.
-----------------------------------------------------------------------------------------
columns pending deletion= 6341 remain= 59757 col ratio= 0.893887 row ratio= 0.896719
[1;36m[REMIND] 2: gap improved= 0.322126 ratio= 0.011479 threshold= 0.040000 in function increaseCondition2 at /blue/yu.yang1/you.z/route_opt/packages/application/X-n384-k52/src/main/src/call_cutting.cpp:74[0m
[1;36m[REMIND] tail off counter= 3 threshold= 3 in function setIfTailOff at /blue/yu.yang1/you.z/route_opt/packages/application/X-n384-k52/src/main/src/call_cutting.cpp:150[0m
current_r_best= 9.54842
alpha= 0.37 beta= 1.15134 omega= 130.187 k1= 6
lb_k= 1 ub_k= 37
revise: lb_k= 5 ub_k= 7
opt_k= 6
alpha= 0.75 beta= 1.15134 omega= 8.01192 k1= 2
lb_k= 1 ub_k= 3
revise: lb_k= 1 ub_k= 3
opt_k= 3
pseudo= 50 frac= 50
#candidates in phase1= 6
testing lp time= 6.43 s.
-----------------------------------------------------------------------------------------
 30-162 ,  14.86|  15-132 ,  14.15|  68-366 ,  12.62| 121-338 ,   7.33|  56-92  ,   6.99| 
 87-353 ,   6.61| 
-----------------------------------------------------------------------------------------
edge= 68 366 lp= 0.79492 pre= 0 lp2= 15.871 pre2= 2 score= 12.6162
-----------------------------------------------------------------------------------------
edge= 15 132 lp= 10.7658 pre= 2 lp2= 1.31422 pre2= 0 score= 14.1486
-----------------------------------------------------------------------------------------
edge= 30 162 lp= 0.760581 pre= 0 lp2= 19.5413 pre2= 2 score= 14.8628
-----------------------------------------------------------------------------------------
candidate= 30-162 : +
-----------------------------------------------------------------------------------------
it= 9   ncol= 3646  ncstr= 1647 mt= 9.2   spt= 0.0   lpval= 65912.2   ub= 65929.0  
-----------------------------------------------------------------------------------------
elapsed time= 668.28 s.
-----------------------------------------------------------------------------------------
candidate= 15-132 : -
-----------------------------------------------------------------------------------------
it= 5   ncol= 3521  ncstr= 1647 mt= 8.3   spt= 0.0   lpval= 65907.6   ub= 65929.0  
-----------------------------------------------------------------------------------------
elapsed time= 676.58 s.
-----------------------------------------------------------------------------------------
candidate= 68-366 : +
-----------------------------------------------------------------------------------------
it= 8   ncol= 3610  ncstr= 1647 mt= 8.7   spt= 0.0   lpval= 65911.3   ub= 65929.0  
-----------------------------------------------------------------------------------------
elapsed time= 685.38 s.
-----------------------------------------------------------------------------------------
brc= 15-132
t= 0.511759 c= 61.5464 n= 4 if_b4= 0
t= 8.16524 c= 58.2115 n= 4 if_b4= 0
#########################################################################################
tree size= 4 lb= 65896.3 ub= 65929
#########################################################################################
idx= 8 value= 65896.3 enu= 1
brc= 264-365 : -
brc= 77-229 : -
brc= 49-126 : +
brc= 180-214 : +
brc= 7-180 : +
brc= 176-199 : -
brc= 129-199 : -
brc= 298-323 : -
brc= 228-255 : -
brc= 72-158 : -
brc= 157-366 : -
brc= 171-289 : -
brc= 31-145 : -
brc= 145-185 : +
brc= 44-98 : -
brc= 0-183 : +
brc= 59-148 : -
brc= 287-338 : +
brc= 157-317 : -
it= 4   ncol= 3353  ncstr= 1630 mt= 1.7   spt= 0.0   lpval= 65902.4   ub= 65929.0  
-----------------------------------------------------------------------------------------
elapsed time= 700.58 s.
-----------------------------------------------------------------------------------------
delete columns= 41679 remain= 49297
 ****** Separate Rank1Cuts ****** 
it= 5   ncol= 3388  ncstr= 1477 mt= 1.1   spt= 0.0   lpval= 65905.6   ub= 65929.0  
-----------------------------------------------------------------------------------------
elapsed time= 706.95 s.
-----------------------------------------------------------------------------------------
columns pending deletion= 14251 remain= 49297 col ratio= 0.710915 row ratio= 0.930264
 ****** Separate Rank1Cuts ****** 
it= 3   ncol= 3402  ncstr= 1619 mt= 0.6   spt= 0.0   lpval= 65906.7   ub= 65929.0  
-----------------------------------------------------------------------------------------
elapsed time= 712.11 s.
-----------------------------------------------------------------------------------------
delete columns= 18488 remain= 30809
 ****** Separate Rank1Cuts ****** 
it= 4   ncol= 3415  ncstr= 1515 mt= 0.5   spt= 0.0   lpval= 65907.5   ub= 65929.0  
-----------------------------------------------------------------------------------------
elapsed time= 722.52 s.
-----------------------------------------------------------------------------------------
columns pending deletion= 2885 remain= 30809 col ratio= 0.906359 row ratio= 0.943234
[1;36m[REMIND] 2: gap improved= 0.759852 ratio= 0.035278 threshold= 0.040000 in function increaseCondition2 at /blue/yu.yang1/you.z/route_opt/packages/application/X-n384-k52/src/main/src/call_cutting.cpp:74[0m
 ****** Separate Rank1Cuts ****** 
it= 3   ncol= 3429  ncstr= 1612 mt= 0.4   spt= 0.0   lpval= 65908.2   ub= 65929.0  
-----------------------------------------------------------------------------------------
elapsed time= 727.09 s.
-----------------------------------------------------------------------------------------
columns pending deletion= 5195 remain= 30809 col ratio= 0.83138 row ratio= 0.906948
[1;36m[REMIND] 2: gap improved= 0.707121 ratio= 0.033945 threshold= 0.040000 in function increaseCondition2 at /blue/yu.yang1/you.z/route_opt/packages/application/X-n384-k52/src/main/src/call_cutting.cpp:74[0m
 ****** Separate Rank1Cuts ****** 
it= 3   ncol= 3461  ncstr= 1704 mt= 0.5   spt= 0.0   lpval= 65908.7   ub= 65929.0  
-----------------------------------------------------------------------------------------
elapsed time= 731.40 s.
-----------------------------------------------------------------------------------------
columns pending deletion= 7157 remain= 30809 col ratio= 0.767698 row ratio= 0.873826
[1;36m[REMIND] 2: gap improved= 0.549018 ratio= 0.027068 threshold= 0.040000 in function increaseCondition2 at /blue/yu.yang1/you.z/route_opt/packages/application/X-n384-k52/src/main/src/call_cutting.cpp:74[0m
[1;36m[REMIND] tail off counter= 3 threshold= 3 in function setIfTailOff at /blue/yu.yang1/you.z/route_opt/packages/application/X-n384-k52/src/main/src/call_cutting.cpp:150[0m
current_r_best= 5.62798
alpha= 0.37 beta= 0.571144 omega= 120.264 k1= 4
lb_k= 1 ub_k= 37
revise: lb_k= 3 ub_k= 4
opt_k= 4
alpha= 0.75 beta= 0.571144 omega= 7.12919 k1= 1
lb_k= 1 ub_k= 3
revise: lb_k= 1 ub_k= 3
opt_k= 2
pseudo= 50 frac= 50
#candidates in phase1= 4
testing lp time= 4.58 s.
-----------------------------------------------------------------------------------------
246-313 ,  28.57| 175-375 ,  23.89| 233-315 ,   6.88|  41-157 ,   4.97| 
-----------------------------------------------------------------------------------------
edge= 175 375 lp= 21.2327 pre= 2 lp2= 1.12517 pre2= 0 score= 23.8904
-----------------------------------------------------------------------------------------
edge= 246 313 lp= 19.8047 pre= 1 lp2= 1.44242 pre2= 0 score= 28.5668
-----------------------------------------------------------------------------------------
brc= 246-313
t= 0.521924 c= 56.7247 n= 5 if_b4= 0
t= 8.16524 c= 54.3275 n= 5 if_b4= 0
#########################################################################################
tree size= 5 lb= 65900.9 ub= 65929
#########################################################################################
idx= 9 value= 65900.9 enu= 1
brc= 264-365 : -
brc= 77-229 : -
brc= 49-126 : +
brc= 180-214 : +
brc= 7-180 : +
brc= 176-199 : -
brc= 129-199 : -
brc= 298-323 : -
brc= 228-255 : -
brc= 72-158 : -
brc= 157-366 : -
brc= 171-289 : -
brc= 31-145 : -
brc= 145-185 : +
brc= 44-98 : -
brc= 0-183 : +
brc= 59-148 : -
brc= 287-338 : +
brc= 157-317 : +
brc= 15-132 : +
it= 3   ncol= 3386  ncstr= 1646 mt= 6.7   spt= 0.0   lpval= 65902.1   ub= 65929.0  
-----------------------------------------------------------------------------------------
elapsed time= 757.10 s.
-----------------------------------------------------------------------------------------
columns pending deletion= 5381 remain= 53198 col ratio= 0.89885 row ratio= 0.85723
 ****** Separate RCCs ****** 
 ****** Separate Rank1Cuts ****** 
it= 4   ncol= 3417  ncstr= 1699 mt= 0.8   spt= 0.0   lpval= 65903.2   ub= 65929.0  
-----------------------------------------------------------------------------------------
elapsed time= 762.05 s.
-----------------------------------------------------------------------------------------
columns pending deletion= 9941 remain= 53198 col ratio= 0.813132 row ratio= 0.854032
 ****** Separate Rank1Cuts ****** 
it= 3   ncol= 3446  ncstr= 1774 mt= 0.6   spt= 0.0   lpval= 65903.9   ub= 65929.0  
-----------------------------------------------------------------------------------------
elapsed time= 766.55 s.
-----------------------------------------------------------------------------------------
columns pending deletion= 12882 remain= 53198 col ratio= 0.757848 row ratio= 0.829763
[1;36m[REMIND] 2: gap improved= 0.706734 ratio= 0.028119 threshold= 0.040000 in function increaseCondition2 at /blue/yu.yang1/you.z/route_opt/packages/application/X-n384-k52/src/main/src/call_cutting.cpp:74[0m
 ****** Separate Rank1Cuts ****** 
it= 4   ncol= 3462  ncstr= 1838 mt= 0.5   spt= 0.0   lpval= 65904.2   ub= 65929.0  
-----------------------------------------------------------------------------------------
elapsed time= 770.45 s.
-----------------------------------------------------------------------------------------
delete columns= 14702 remain= 38496
[1;36m[REMIND] 2: gap improved= 0.333087 ratio= 0.013431 threshold= 0.040000 in function increaseCondition2 at /blue/yu.yang1/you.z/route_opt/packages/application/X-n384-k52/src/main/src/call_cutting.cpp:74[0m
 ****** Separate Rank1Cuts ****** 
it= 4   ncol= 3484  ncstr= 1570 mt= 0.4   spt= 0.0   lpval= 65904.4   ub= 65929.0  
-----------------------------------------------------------------------------------------
elapsed time= 780.86 s.
-----------------------------------------------------------------------------------------
columns pending deletion= 1301 remain= 38496 col ratio= 0.966204 row ratio= 0.954777
[1;36m[REMIND] 2: gap improved= 0.241763 ratio= 0.009844 threshold= 0.040000 in function increaseCondition2 at /blue/yu.yang1/you.z/route_opt/packages/application/X-n384-k52/src/main/src/call_cutting.cpp:74[0m
[1;36m[REMIND] tail off counter= 3 threshold= 3 in function setIfTailOff at /blue/yu.yang1/you.z/route_opt/packages/application/X-n384-k52/src/main/src/call_cutting.cpp:150[0m
current_r_best= 5.62798
alpha= 0.37 beta= 1.33095 omega= 108.684 k1= 6
lb_k= 1 ub_k= 37
revise: lb_k= 5 ub_k= 7
opt_k= 6
alpha= 0.75 beta= 1.33095 omega= 6.65351 k1= 2
lb_k= 1 ub_k= 3
revise: lb_k= 1 ub_k= 3
opt_k= 3
pseudo= 50 frac= 50
#candidates in phase1= 6
testing lp time= 6.08 s.
-----------------------------------------------------------------------------------------
 69-76  ,  16.87| 208-244 ,  16.58|  77-244 ,  12.86|  75-277 ,  11.61|  50-305 ,   9.24| 
 87-353 ,   6.41| 
-----------------------------------------------------------------------------------------
edge= 77 244 lp= 5.15814 pre= 0 lp2= 2.49388 pre2= 0 score= 12.8638
-----------------------------------------------------------------------------------------
edge= 208 244 lp= 1.05719 pre= 0 lp2= 15.6814 pre2= 2 score= 16.5782
-----------------------------------------------------------------------------------------
edge= 69 76 lp= 1.23078 pre= 0 lp2= 13.7043 pre2= 2 score= 16.867
-----------------------------------------------------------------------------------------
candidate= 69-76 : +
-----------------------------------------------------------------------------------------
it= 6   ncol= 3629  ncstr= 1571 mt= 7.6   spt= 0.0   lpval= 65915.4   ub= 65929.0  
-----------------------------------------------------------------------------------------
elapsed time= 794.56 s.
-----------------------------------------------------------------------------------------
candidate= 208-244 : +
-----------------------------------------------------------------------------------------
it= 6   ncol= 3628  ncstr= 1571 mt= 7.3   spt= 0.0   lpval= 65918.2   ub= 65929.0  
-----------------------------------------------------------------------------------------
elapsed time= 801.94 s.
-----------------------------------------------------------------------------------------
brc= 208-244
t= 0.519769 c= 54.0634 n= 6 if_b4= 0
t= 8.06893 c= 51.373 n= 6 if_b4= 0
#########################################################################################
tree size= 6 lb= 65900.9 ub= 65929
#########################################################################################
idx= 10 value= 65900.9 enu= 1
brc= 264-365 : -
brc= 77-229 : -
brc= 49-126 : +
brc= 180-214 : +
brc= 7-180 : +
brc= 176-199 : -
brc= 129-199 : -
brc= 298-323 : -
brc= 228-255 : -
brc= 72-158 : -
brc= 157-366 : -
brc= 171-289 : -
brc= 31-145 : -
brc= 145-185 : +
brc= 44-98 : -
brc= 0-183 : +
brc= 59-148 : -
brc= 287-338 : +
brc= 157-317 : +
brc= 15-132 : -
it= 6   ncol= 3505  ncstr= 1646 mt= 2.8   spt= 0.0   lpval= 65907.6   ub= 65929.0  
-----------------------------------------------------------------------------------------
elapsed time= 818.79 s.
-----------------------------------------------------------------------------------------
delete columns= 26444 remain= 26865
 ****** Separate Rank1Cuts ****** 
it= 3   ncol= 3485  ncstr= 1474 mt= 0.6   spt= 0.0   lpval= 65908.2   ub= 65929.0  
-----------------------------------------------------------------------------------------
elapsed time= 828.45 s.
-----------------------------------------------------------------------------------------
columns pending deletion= 2923 remain= 26865 col ratio= 0.891197 row ratio= 0.930801
[1;36m[REMIND] 2: gap improved= 0.646699 ratio= 0.031099 threshold= 0.040000 in function increaseCondition2 at /blue/yu.yang1/you.z/route_opt/packages/application/X-n384-k52/src/main/src/call_cutting.cpp:74[0m
 ****** Separate Rank1Cuts ****** 
it= 3   ncol= 3494  ncstr= 1580 mt= 0.4   spt= 0.0   lpval= 65908.8   ub= 65929.0  
-----------------------------------------------------------------------------------------
elapsed time= 832.76 s.
-----------------------------------------------------------------------------------------
columns pending deletion= 4702 remain= 26865 col ratio= 0.824977 row ratio= 0.902532
[1;36m[REMIND] 2: gap improved= 0.599097 ratio= 0.029665 threshold= 0.040000 in function increaseCondition2 at /blue/yu.yang1/you.z/route_opt/packages/application/X-n384-k52/src/main/src/call_cutting.cpp:74[0m
 ****** Separate Rank1Cuts ****** 
it= 4   ncol= 3516  ncstr= 1660 mt= 0.5   spt= 0.0   lpval= 65909.2   ub= 65929.0  
-----------------------------------------------------------------------------------------
elapsed time= 836.55 s.
-----------------------------------------------------------------------------------------
columns pending deletion= 5839 remain= 26865 col ratio= 0.782654 row ratio= 0.86988
[1;36m[REMIND] 2: gap improved= 0.363028 ratio= 0.018305 threshold= 0.040000 in function increaseCondition2 at /blue/yu.yang1/you.z/route_opt/packages/application/X-n384-k52/src/main/src/call_cutting.cpp:74[0m
[1;36m[REMIND] tail off counter= 3 threshold= 3 in function setIfTailOff at /blue/yu.yang1/you.z/route_opt/packages/application/X-n384-k52/src/main/src/call_cutting.cpp:150[0m
current_r_best= 4.08143
alpha= 0.37 beta= 0.677301 omega= 104.014 k1= 4
lb_k= 1 ub_k= 37
revise: lb_k= 3 ub_k= 5
opt_k= 4
alpha= 0.75 beta= 0.677301 omega= 6.36677 k1= 1
lb_k= 1 ub_k= 3
revise: lb_k= 1 ub_k= 3
opt_k= 2
pseudo= 50 frac= 50
#candidates in phase1= 4
testing lp time= 4.39 s.
-----------------------------------------------------------------------------------------
 11-15  ,  21.39|  30-162 ,  20.49|  41-315 ,  14.95|  41-366 ,   7.69| 
-----------------------------------------------------------------------------------------
edge= 30 162 lp= 2.23252 pre= 0 lp2= 9.17747 pre2= 2 score= 20.4889
-----------------------------------------------------------------------------------------
edge= 11 15 lp= 2.72027 pre= 1 lp2= 7.86419 pre2= 1 score= 21.3927
-----------------------------------------------------------------------------------------
candidate= 11-15 : +
-----------------------------------------------------------------------------------------
it= 4   ncol= 3554  ncstr= 1661 mt= 6.2   spt= 0.0   lpval= 65916.9   ub= 65929.0  
-----------------------------------------------------------------------------------------
elapsed time= 847.16 s.
-----------------------------------------------------------------------------------------
brc= 11-15
t= 0.52335 c= 50.2791 n= 7 if_b4= 0
t= 7.83771 c= 47.8104 n= 7 if_b4= 0
#########################################################################################
tree size= 7 lb= 65904.4 ub= 65929
#########################################################################################
idx= 13 value= 65904.4 enu= 1
brc= 264-365 : -
brc= 77-229 : -
brc= 49-126 : +
brc= 180-214 : +
brc= 7-180 : +
brc= 176-199 : -
brc= 129-199 : -
brc= 298-323 : -
brc= 228-255 : -
brc= 72-158 : -
brc= 157-366 : -
brc= 171-289 : -
brc= 31-145 : -
brc= 145-185 : +
brc= 44-98 : -
brc= 0-183 : +
brc= 59-148 : -
brc= 287-338 : +
brc= 157-317 : +
brc= 15-132 : +
brc= 208-244 : +
it= 6   ncol= 3476  ncstr= 1570 mt= 7.1   spt= 0.0   lpval= 65918.2   ub= 65929.0  
-----------------------------------------------------------------------------------------
elapsed time= 868.04 s.
-----------------------------------------------------------------------------------------
delete columns= 30195 remain= 6018
 ****** Separate RCCs ****** 
 ****** Separate Rank1Cuts ****** 
it= 5   ncol= 3125  ncstr= 1362 mt= 1.5   spt= 0.0   lpval= 65921.9   ub= 65929.0  
-----------------------------------------------------------------------------------------
elapsed time= 877.81 s.
-----------------------------------------------------------------------------------------
delete columns= 2964 remain= 3054
mip: row= 1281 col= 5789 density= 2.46307%
mip time= 6.15 s.
mip status= 6
#########################################################################################
tree size= 6 lb= 65904.4 ub= 65929
#########################################################################################
idx= 14 value= 65904.4 enu= 1
brc= 264-365 : -
brc= 77-229 : -
brc= 49-126 : +
brc= 180-214 : +
brc= 7-180 : +
brc= 176-199 : -
brc= 129-199 : -
brc= 298-323 : -
brc= 228-255 : -
brc= 72-158 : -
brc= 157-366 : -
brc= 171-289 : -
brc= 31-145 : -
brc= 145-185 : +
brc= 44-98 : -
brc= 0-183 : +
brc= 59-148 : -
brc= 287-338 : +
brc= 157-317 : +
brc= 15-132 : +
brc= 208-244 : -
it= 4   ncol= 3508  ncstr= 1570 mt= 0.5   spt= 0.0   lpval= 65905.5   ub= 65929.0  
-----------------------------------------------------------------------------------------
elapsed time= 884.57 s.
-----------------------------------------------------------------------------------------
columns pending deletion= 3478 remain= 37186 col ratio= 0.90647 row ratio= 0.921656
 ****** Separate RCCs ****** 
 ****** Separate Rank1Cuts ****** 
it= 4   ncol= 3537  ncstr= 1654 mt= 0.6   spt= 0.0   lpval= 65906.4   ub= 65929.0  
-----------------------------------------------------------------------------------------
elapsed time= 889.02 s.
-----------------------------------------------------------------------------------------
columns pending deletion= 6962 remain= 37186 col ratio= 0.812779 row ratio= 0.879081
 ****** Separate Rank1Cuts ****** 
it= 4   ncol= 3557  ncstr= 1750 mt= 0.7   spt= 0.0   lpval= 65907.1   ub= 65929.0  
-----------------------------------------------------------------------------------------
elapsed time= 893.51 s.
-----------------------------------------------------------------------------------------
columns pending deletion= 9147 remain= 37186 col ratio= 0.75402 row ratio= 0.858286
[1;36m[REMIND] 2: gap improved= 0.673993 ratio= 0.030723 threshold= 0.040000 in function increaseCondition2 at /blue/yu.yang1/you.z/route_opt/packages/application/X-n384-k52/src/main/src/call_cutting.cpp:74[0m
 ****** Separate Rank1Cuts ****** 
it= 3   ncol= 3571  ncstr= 1837 mt= 0.4   spt= 0.0   lpval= 65907.4   ub= 65929.0  
-----------------------------------------------------------------------------------------
elapsed time= 897.44 s.
-----------------------------------------------------------------------------------------
delete columns= 10617 remain= 26569
[1;36m[REMIND] 2: gap improved= 0.326386 ratio= 0.015103 threshold= 0.040000 in function increaseCondition2 at /blue/yu.yang1/you.z/route_opt/packages/application/X-n384-k52/src/main/src/call_cutting.cpp:74[0m
 ****** Separate Rank1Cuts ****** 
it= 4   ncol= 3591  ncstr= 1660 mt= 0.4   spt= 0.0   lpval= 65907.7   ub= 65929.0  
-----------------------------------------------------------------------------------------
elapsed time= 907.99 s.
-----------------------------------------------------------------------------------------
columns pending deletion= 1231 remain= 26569 col ratio= 0.953668 row ratio= 0.903614
[1;36m[REMIND] 2: gap improved= 0.277222 ratio= 0.012994 threshold= 0.040000 in function increaseCondition2 at /blue/yu.yang1/you.z/route_opt/packages/application/X-n384-k52/src/main/src/call_cutting.cpp:74[0m
[1;36m[REMIND] tail off counter= 3 threshold= 3 in function setIfTailOff at /blue/yu.yang1/you.z/route_opt/packages/application/X-n384-k52/src/main/src/call_cutting.cpp:150[0m
current_r_best= 4.08143
alpha= 0.37 beta= 1.04522 omega= 96.0715 k1= 5
lb_k= 1 ub_k= 37
revise: lb_k= 4 ub_k= 6
opt_k= 5
alpha= 0.75 beta= 1.04522 omega= 6.10005 k1= 2
lb_k= 1 ub_k= 3
revise: lb_k= 1 ub_k= 3
opt_k= 3
pseudo= 50 frac= 50
#candidates in phase1= 5
testing lp time= 5.55 s.
-----------------------------------------------------------------------------------------
246-313 ,  24.02|  52-208 ,  11.03|   0-97  ,   7.65| 292-323 ,   4.78|   4-204 ,   2.56| 
-----------------------------------------------------------------------------------------
edge= 0 97 lp= 2.55543 pre= 1 lp2= 2.99446 pre2= 1 score= 7.65213
-----------------------------------------------------------------------------------------
edge= 52 208 lp= 0.732156 pre= 1 lp2= 15.0667 pre2= 2 score= 11.0312
-----------------------------------------------------------------------------------------
edge= 246 313 lp= 18.2086 pre= 2 lp2= 1.31899 pre2= 0 score= 24.0169
-----------------------------------------------------------------------------------------
candidate= 246-313 : -
-----------------------------------------------------------------------------------------
it= 7   ncol= 3696  ncstr= 1661 mt= 9.0   spt= 0.0   lpval= 65916.1   ub= 65929.0  
-----------------------------------------------------------------------------------------
elapsed time= 922.57 s.
-----------------------------------------------------------------------------------------
brc= 246-313
t= 0.526819 c= 47.8601 n= 8 if_b4= 0
t= 7.96947 c= 45.4726 n= 8 if_b4= 0
#########################################################################################
tree size= 7 lb= 65905.2 ub= 65929
#########################################################################################
idx= 3 value= 65905.2 enu= 1
brc= 264-365 : -
brc= 77-229 : -
brc= 49-126 : +
brc= 180-214 : +
brc= 7-180 : +
brc= 176-199 : -
brc= 129-199 : -
brc= 298-323 : -
brc= 228-255 : -
brc= 72-158 : -
brc= 157-366 : -
brc= 171-289 : -
brc= 31-145 : -
brc= 145-185 : +
brc= 44-98 : -
brc= 0-183 : +
brc= 59-148 : +
brc= 366-370 : +
it= 7   ncol= 3193  ncstr= 1668 mt= 6.1   spt= 0.0   lpval= 65907.2   ub= 65929.0  
-----------------------------------------------------------------------------------------
elapsed time= 942.63 s.
-----------------------------------------------------------------------------------------
columns pending deletion= 6804 remain= 32019 col ratio= 0.787501 row ratio= 0.786571
 ****** Separate RCCs ****** 
 ****** Separate Rank1Cuts ****** 
it= 4   ncol= 3200  ncstr= 1756 mt= 0.6   spt= 0.0   lpval= 65908.6   ub= 65929.0  
-----------------------------------------------------------------------------------------
elapsed time= 947.49 s.
-----------------------------------------------------------------------------------------
delete columns= 10249 remain= 21770
 ****** Separate Rank1Cuts ****** 
it= 4   ncol= 3211  ncstr= 1494 mt= 0.5   spt= 0.0   lpval= 65909.2   ub= 65929.0  
-----------------------------------------------------------------------------------------
elapsed time= 956.75 s.
-----------------------------------------------------------------------------------------
columns pending deletion= 1901 remain= 21770 col ratio= 0.912678 row ratio= 0.913655
[1;36m[REMIND] 2: gap improved= 0.667177 ratio= 0.033733 threshold= 0.040000 in function increaseCondition2 at /blue/yu.yang1/you.z/route_opt/packages/application/X-n384-k52/src/main/src/call_cutting.cpp:74[0m
 ****** Separate Rank1Cuts ****** 
it= 4   ncol= 3235  ncstr= 1571 mt= 0.7   spt= 0.0   lpval= 65909.7   ub= 65929.0  
-----------------------------------------------------------------------------------------
elapsed time= 961.43 s.
-----------------------------------------------------------------------------------------
columns pending deletion= 3097 remain= 21770 col ratio= 0.85774 row ratio= 0.884787
[1;36m[REMIND] 2: gap improved= 0.510923 ratio= 0.026517 threshold= 0.040000 in function increaseCondition2 at /blue/yu.yang1/you.z/route_opt/packages/application/X-n384-k52/src/main/src/call_cutting.cpp:74[0m
 ****** Separate Rank1Cuts ****** 
it= 3   ncol= 3272  ncstr= 1663 mt= 0.6   spt= 0.0   lpval= 65910.2   ub= 65929.0  
-----------------------------------------------------------------------------------------
elapsed time= 965.83 s.
-----------------------------------------------------------------------------------------
columns pending deletion= 4175 remain= 21770 col ratio= 0.808222 row ratio= 0.860493
[1;36m[REMIND] 2: gap improved= 0.438924 ratio= 0.023312 threshold= 0.040000 in function increaseCondition2 at /blue/yu.yang1/you.z/route_opt/packages/application/X-n384-k52/src/main/src/call_cutting.cpp:74[0m
[1;36m[REMIND] tail off counter= 3 threshold= 3 in function setIfTailOff at /blue/yu.yang1/you.z/route_opt/packages/application/X-n384-k52/src/main/src/call_cutting.cpp:150[0m
current_r_best= 4.08143
alpha= 0.37 beta= 0.431316 omega= 90.8474 k1= 3
lb_k= 1 ub_k= 37
revise: lb_k= 2 ub_k= 3
opt_k= 3
alpha= 0.75 beta= 0.431316 omega= 5.70585 k1= 1
lb_k= 1 ub_k= 3
revise: lb_k= 1 ub_k= 2
opt_k= 2
pseudo= 50 frac= 50
#candidates in phase1= 3
testing lp time= 3.09 s.
-----------------------------------------------------------------------------------------
 30-162 ,  11.14| 103-266 ,   0.10| 135-255 ,   0.06| 
-----------------------------------------------------------------------------------------
edge= 103 266 lp= 0.00612847 pre= 0 lp2= 16.2025 pre2= 2 score= 0.0992966
-----------------------------------------------------------------------------------------
edge= 30 162 lp= 0.68738 pre= 0 lp2= 16.2025 pre2= 2 score= 11.1373
-----------------------------------------------------------------------------------------
candidate= 30-162 : +
-----------------------------------------------------------------------------------------
it= 8   ncol= 3504  ncstr= 1664 mt= 8.0   spt= 0.0   lpval= 65921.0   ub= 65929.0  
-----------------------------------------------------------------------------------------
elapsed time= 976.96 s.
-----------------------------------------------------------------------------------------
brc= 30-162
t= 0.52559 c= 46.4189 n= 9 if_b4= 0
t= 7.97524 c= 44.0231 n= 9 if_b4= 0
#########################################################################################
tree size= 8 lb= 65905.2 ub= 65929
#########################################################################################
idx= 4 value= 65905.2 enu= 1
brc= 264-365 : -
brc= 77-229 : -
brc= 49-126 : +
brc= 180-214 : +
brc= 7-180 : +
brc= 176-199 : -
brc= 129-199 : -
brc= 298-323 : -
brc= 228-255 : -
brc= 72-158 : -
brc= 157-366 : -
brc= 171-289 : -
brc= 31-145 : -
brc= 145-185 : +
brc= 44-98 : -
brc= 0-183 : +
brc= 59-148 : +
brc= 366-370 : -
it= 5   ncol= 3239  ncstr= 1668 mt= 2.1   spt= 0.0   lpval= 65911.1   ub= 65929.0  
-----------------------------------------------------------------------------------------
elapsed time= 992.48 s.
-----------------------------------------------------------------------------------------
delete columns= 15659 remain= 17038
 ****** Separate Rank1Cuts ****** 
it= 5   ncol= 3226  ncstr= 1446 mt= 1.1   spt= 0.0   lpval= 65913.5   ub= 65929.0  
-----------------------------------------------------------------------------------------
elapsed time= 1003.13 s.
-----------------------------------------------------------------------------------------
columns pending deletion= 4737 remain= 17038 col ratio= 0.721974 row ratio= 0.918396
mip: row= 1328 col= 15466 density= 2.10101%
mip time= 43.17 s.
mip status= 6
#########################################################################################
tree size= 7 lb= 65907.7 ub= 65929
#########################################################################################
idx= 17 value= 65907.7 enu= 1
brc= 264-365 : -
brc= 77-229 : -
brc= 49-126 : +
brc= 180-214 : +
brc= 7-180 : +
brc= 176-199 : -
brc= 129-199 : -
brc= 298-323 : -
brc= 228-255 : -
brc= 72-158 : -
brc= 157-366 : -
brc= 171-289 : -
brc= 31-145 : -
brc= 145-185 : +
brc= 44-98 : -
brc= 0-183 : +
brc= 59-148 : -
brc= 287-338 : +
brc= 157-317 : +
brc= 15-132 : +
brc= 208-244 : -
brc= 246-313 : +
it= 4   ncol= 3558  ncstr= 1660 mt= 7.3   spt= 0.0   lpval= 65908.9   ub= 65929.0  
-----------------------------------------------------------------------------------------
elapsed time= 1053.73 s.
-----------------------------------------------------------------------------------------
columns pending deletion= 3358 remain= 24938 col ratio= 0.865346 row ratio= 0.85241
 ****** Separate RCCs ****** 
 ****** Separate Rank1Cuts ****** 
it= 4   ncol= 3572  ncstr= 1756 mt= 0.8   spt= 0.0   lpval= 65910.0   ub= 65929.0  
-----------------------------------------------------------------------------------------
elapsed time= 1058.75 s.
-----------------------------------------------------------------------------------------
columns pending deletion= 5782 remain= 24938 col ratio= 0.768145 row ratio= 0.841116
 ****** Separate Rank1Cuts ****** 
it= 4   ncol= 3585  ncstr= 1833 mt= 0.7   spt= 0.0   lpval= 65910.6   ub= 65929.0  
-----------------------------------------------------------------------------------------
elapsed time= 1063.32 s.
-----------------------------------------------------------------------------------------
delete columns= 7422 remain= 17516
[1;36m[REMIND] 2: gap improved= 0.612915 ratio= 0.033290 threshold= 0.040000 in function increaseCondition2 at /blue/yu.yang1/you.z/route_opt/packages/application/X-n384-k52/src/main/src/call_cutting.cpp:74[0m
 ****** Separate Rank1Cuts ****** 
it= 3   ncol= 3595  ncstr= 1607 mt= 0.5   spt= 0.0   lpval= 65910.9   ub= 65929.0  
-----------------------------------------------------------------------------------------
elapsed time= 1074.21 s.
-----------------------------------------------------------------------------------------
columns pending deletion= 771 remain= 17516 col ratio= 0.955983 row ratio= 0.927194
[1;36m[REMIND] 2: gap improved= 0.289013 ratio= 0.015948 threshold= 0.040000 in function increaseCondition2 at /blue/yu.yang1/you.z/route_opt/packages/application/X-n384-k52/src/main/src/call_cutting.cpp:74[0m
 ****** Separate Rank1Cuts ****** 
it= 3   ncol= 3607  ncstr= 1726 mt= 0.5   spt= 0.0   lpval= 65911.2   ub= 65929.0  
-----------------------------------------------------------------------------------------
elapsed time= 1078.44 s.
-----------------------------------------------------------------------------------------
columns pending deletion= 1543 remain= 17516 col ratio= 0.911909 row ratio= 0.882387
[1;36m[REMIND] 2: gap improved= 0.292824 ratio= 0.016423 threshold= 0.040000 in function increaseCondition2 at /blue/yu.yang1/you.z/route_opt/packages/application/X-n384-k52/src/main/src/call_cutting.cpp:74[0m
[1;36m[REMIND] tail off counter= 3 threshold= 3 in function setIfTailOff at /blue/yu.yang1/you.z/route_opt/packages/application/X-n384-k52/src/main/src/call_cutting.cpp:150[0m
mip: row= 1523 col= 19572 density= 2.22472%
mip time= 110.15 s.
mip status= 6
update f from 17.0682 to 17.8298
#########################################################################################
tree size= 6 lb= 65907.7 ub= 65929
#########################################################################################
idx= 18 value= 65907.7 enu= 1
brc= 264-365 : -
brc= 77-229 : -
brc= 49-126 : +
brc= 180-214 : +
brc= 7-180 : +
brc= 176-199 : -
brc= 129-199 : -
brc= 298-323 : -
brc= 228-255 : -
brc= 72-158 : -
brc= 157-366 : -
brc= 171-289 : -
brc= 31-145 : -
brc= 145-185 : +
brc= 44-98 : -
brc= 0-183 : +
brc= 59-148 : -
brc= 287-338 : +
brc= 157-317 : +
brc= 15-132 : +
brc= 208-244 : -
brc= 246-313 : -
it= 6   ncol= 3680  ncstr= 1660 mt= 3.7   spt= 0.0   lpval= 65916.1   ub= 65929.0  
-----------------------------------------------------------------------------------------
elapsed time= 1199.85 s.
-----------------------------------------------------------------------------------------
delete columns= 16572 remain= 8700
 ****** Separate Rank1Cuts ****** 
it= 3   ncol= 3489  ncstr= 1436 mt= 0.9   spt= 0.0   lpval= 65918.3   ub= 65929.0  
-----------------------------------------------------------------------------------------
elapsed time= 1210.64 s.
-----------------------------------------------------------------------------------------
columns pending deletion= 2769 remain= 8700 col ratio= 0.681724 row ratio= 0.935933
mip: row= 1344 col= 9268 density= 2.36694%
mip time= 26.09 s.
mip status= 6
#########################################################################################
tree size= 5 lb= 65908.7 ub= 65929
#########################################################################################
idx= 11 value= 65908.7 enu= 1
brc= 264-365 : -
brc= 77-229 : -
brc= 49-126 : +
brc= 180-214 : +
brc= 7-180 : +
brc= 176-199 : -
brc= 129-199 : -
brc= 298-323 : -
brc= 228-255 : -
brc= 72-158 : -
brc= 157-366 : -
brc= 171-289 : -
brc= 31-145 : -
brc= 145-185 : +
brc= 44-98 : -
brc= 0-183 : +
brc= 59-148 : -
brc= 287-338 : +
brc= 157-317 : -
brc= 246-313 : +
it= 4   ncol= 3464  ncstr= 1704 mt= 7.5   spt= 0.0   lpval= 65910.1   ub= 65929.0  
-----------------------------------------------------------------------------------------
elapsed time= 1249.86 s.
-----------------------------------------------------------------------------------------
columns pending deletion= 3797 remain= 23304 col ratio= 0.837067 row ratio= 0.836854
 ****** Separate Rank1Cuts ****** 
it= 4   ncol= 3493  ncstr= 1776 mt= 0.8   spt= 0.0   lpval= 65911.0   ub= 65929.0  
-----------------------------------------------------------------------------------------
elapsed time= 1255.11 s.
-----------------------------------------------------------------------------------------
columns pending deletion= 5824 remain= 23304 col ratio= 0.750086 row ratio= 0.81982
 ****** Separate Rank1Cuts ****** 
it= 4   ncol= 3520  ncstr= 1874 mt= 0.7   spt= 0.0   lpval= 65911.7   ub= 65929.0  
-----------------------------------------------------------------------------------------
elapsed time= 1260.12 s.
-----------------------------------------------------------------------------------------
delete columns= 7591 remain= 15713
[1;36m[REMIND] 2: gap improved= 0.688294 ratio= 0.039747 threshold= 0.040000 in function increaseCondition2 at /blue/yu.yang1/you.z/route_opt/packages/application/X-n384-k52/src/main/src/call_cutting.cpp:74[0m
mip: row= 1507 col= 19213 density= 2.18798%
mip time= 96.41 s.
mip status= 6
#########################################################################################
tree size= 4 lb= 65908.7 ub= 65929
#########################################################################################
idx= 12 value= 65908.7 enu= 1
brc= 264-365 : -
brc= 77-229 : -
brc= 49-126 : +
brc= 180-214 : +
brc= 7-180 : +
brc= 176-199 : -
brc= 129-199 : -
brc= 298-323 : -
brc= 228-255 : -
brc= 72-158 : -
brc= 157-366 : -
brc= 171-289 : -
brc= 31-145 : -
brc= 145-185 : +
brc= 44-98 : -
brc= 0-183 : +
brc= 59-148 : -
brc= 287-338 : +
brc= 157-317 : -
brc= 246-313 : -
it= 5   ncol= 3564  ncstr= 1704 mt= 4.7   spt= 0.0   lpval= 65917.7   ub= 65929.0  
-----------------------------------------------------------------------------------------
elapsed time= 1368.40 s.
-----------------------------------------------------------------------------------------
delete columns= 16488 remain= 7096
 ****** Separate Rank1Cuts ****** 
it= 3   ncol= 3339  ncstr= 1463 mt= 0.4   spt= 0.0   lpval= 65918.9   ub= 65929.0  
-----------------------------------------------------------------------------------------
elapsed time= 1378.54 s.
-----------------------------------------------------------------------------------------
columns pending deletion= 1426 remain= 7096 col ratio= 0.799042 row ratio= 0.935748
mip: row= 1369 col= 8892 density= 2.29462%
mip time= 20.90 s.
mip status= 6
#########################################################################################
tree size= 3 lb= 65909.2 ub= 65929
#########################################################################################
idx= 15 value= 65909.2 enu= 1
brc= 264-365 : -
brc= 77-229 : -
brc= 49-126 : +
brc= 180-214 : +
brc= 7-180 : +
brc= 176-199 : -
brc= 129-199 : -
brc= 298-323 : -
brc= 228-255 : -
brc= 72-158 : -
brc= 157-366 : -
brc= 171-289 : -
brc= 31-145 : -
brc= 145-185 : +
brc= 44-98 : -
brc= 0-183 : +
brc= 59-148 : -
brc= 287-338 : +
brc= 157-317 : +
brc= 15-132 : -
brc= 11-15 : +
it= 3   ncol= 3474  ncstr= 1660 mt= 6.5   spt= 0.0   lpval= 65916.9   ub= 65929.0  
-----------------------------------------------------------------------------------------
elapsed time= 1411.85 s.
-----------------------------------------------------------------------------------------
delete columns= 13351 remain= 7535
 ****** Separate RCCs ****** 
 ****** Separate Rank1Cuts ****** 
it= 3   ncol= 3279  ncstr= 1422 mt= 0.6   spt= 0.0   lpval= 65918.7   ub= 65929.0  
-----------------------------------------------------------------------------------------
elapsed time= 1416.57 s.
-----------------------------------------------------------------------------------------
columns pending deletion= 1903 remain= 7535 col ratio= 0.747445 row ratio= 0.940928
mip: row= 1338 col= 8793 density= 2.312%
mip time= 22.02 s.
mip status= 6
#########################################################################################
tree size= 2 lb= 65909.2 ub= 65929
#########################################################################################
idx= 16 value= 65909.2 enu= 1
brc= 264-365 : -
brc= 77-229 : -
brc= 49-126 : +
brc= 180-214 : +
brc= 7-180 : +
brc= 176-199 : -
brc= 129-199 : -
brc= 298-323 : -
brc= 228-255 : -
brc= 72-158 : -
brc= 157-366 : -
brc= 171-289 : -
brc= 31-145 : -
brc= 145-185 : +
brc= 44-98 : -
brc= 0-183 : +
brc= 59-148 : -
brc= 287-338 : +
brc= 157-317 : +
brc= 15-132 : -
brc= 11-15 : -
it= 4   ncol= 3570  ncstr= 1660 mt= 0.8   spt= 0.0   lpval= 65911.8   ub= 65929.0  
-----------------------------------------------------------------------------------------
elapsed time= 1444.63 s.
-----------------------------------------------------------------------------------------
delete columns= 5812 remain= 15210
 ****** Separate Rank1Cuts ****** 
it= 4   ncol= 3507  ncstr= 1477 mt= 0.9   spt= 0.0   lpval= 65913.7   ub= 65929.0  
-----------------------------------------------------------------------------------------
elapsed time= 1449.88 s.
-----------------------------------------------------------------------------------------
columns pending deletion= 3568 remain= 15210 col ratio= 0.765417 row ratio= 0.916723
mip: row= 1354 col= 15062 density= 2.21688%
mip time= 51.90 s.
mip status= 6
#########################################################################################
tree size= 1 lb= 65910.2 ub= 65929
#########################################################################################
idx= 19 value= 65910.2 enu= 1
brc= 264-365 : -
brc= 77-229 : -
brc= 49-126 : +
brc= 180-214 : +
brc= 7-180 : +
brc= 176-199 : -
brc= 129-199 : -
brc= 298-323 : -
brc= 228-255 : -
brc= 72-158 : -
brc= 157-366 : -
brc= 171-289 : -
brc= 31-145 : -
brc= 145-185 : +
brc= 44-98 : -
brc= 0-183 : +
brc= 59-148 : +
brc= 366-370 : +
brc= 30-162 : +
it= 8   ncol= 3415  ncstr= 1663 mt= 8.1   spt= 0.0   lpval= 65921.0   ub= 65929.0  
-----------------------------------------------------------------------------------------
elapsed time= 1510.02 s.
-----------------------------------------------------------------------------------------
delete columns= 13990 remain= 3410
 ****** Separate RCCs ****** 
 ****** Separate Rank1Cuts ****** 
it= 4   ncol= 2678  ncstr= 1298 mt= 0.7   spt= 0.0   lpval= 65924.0   ub= 65929.0  
-----------------------------------------------------------------------------------------
elapsed time= 1517.89 s.
-----------------------------------------------------------------------------------------
delete columns= 1572 remain= 1838
mip: row= 1170 col= 3994 density= 2.33301%
mip time= 1.48 s.
mip status= 6
#########################################################################################
tree size= 0 lb= 65910.2 ub= 65929
#########################################################################################
idx= 20 value= 65910.2 enu= 1
brc= 264-365 : -
brc= 77-229 : -
brc= 49-126 : +
brc= 180-214 : +
brc= 7-180 : +
brc= 176-199 : -
brc= 129-199 : -
brc= 298-323 : -
brc= 228-255 : -
brc= 72-158 : -
brc= 157-366 : -
brc= 171-289 : -
brc= 31-145 : -
brc= 145-185 : +
brc= 44-98 : -
brc= 0-183 : +
brc= 59-148 : +
brc= 366-370 : +
brc= 30-162 : -
it= 3   ncol= 3284  ncstr= 1663 mt= 0.3   spt= 0.0   lpval= 65910.8   ub= 65929.0  
-----------------------------------------------------------------------------------------
elapsed time= 1519.82 s.
-----------------------------------------------------------------------------------------
columns pending deletion= 1430 remain= 17591 col ratio= 0.918708 row ratio= 0.841251
 ****** Separate RCCs ****** 
 ****** Separate Rank1Cuts ****** 
it= 3   ncol= 3292  ncstr= 1696 mt= 0.6   spt= 0.0   lpval= 65911.3   ub= 65929.0  
-----------------------------------------------------------------------------------------
elapsed time= 1523.89 s.
-----------------------------------------------------------------------------------------
columns pending deletion= 2279 remain= 17591 col ratio= 0.870445 row ratio= 0.833137
[1;36m[REMIND] 2: gap improved= 0.458143 ratio= 0.025889 threshold= 0.040000 in function increaseCondition2 at /blue/yu.yang1/you.z/route_opt/packages/application/X-n384-k52/src/main/src/call_cutting.cpp:74[0m
mip: row= 1413 col= 18599 density= 2.08091%
mip time= 138.18 s.
mip status= 6
#########################################################################################
[32m<Instance: X-n384-k52>
<Solution>
<UB= 65929>
<LB= 65929>
<Elapsed Time= 1667.6>
<Nodes Explored= 21>
<Global Gap= 0%>[0m
#########################################################################################
File nodes/X-n384-k52_2_0_0_8_1_G32.node deleted successfully.
