application type: CVRP
X-n384-k52_1_2_0_1_0_4_G32.node
Set parameter ServerTimeout to value 600
Set parameter TokenServer to value "grb-ts.ufhpc"
Set parameter Threads to value 1
instance name= X-n384-k52
#########################################################################################
tree size= 0 lb= 0 ub= 65929
#########################################################################################
idx= 9 value= 65869.6 enu= 0
brc= 264-365 : -
brc= 77-229 : +
brc= 158-295 : -
brc= 222-330 : -
brc= 142-323 : +
brc= 27-76 : +
brc= 69-321 : -
brc= 176-199 : +
brc= 49-298 : +
brc= 97-126 : -
brc= 175-375 : -
brc= 44-90 : -
brc= 47-90 : -
brc= 0-183 : +
-----------------------------------------------------------------------------------------
 ****** Pricing Level: LIGHT HEUR ****** 
it= 10  ncol= 2201  ncstr= 1464 mt= 1.9   spt= 0.7   lpval= 65878.2   ub= 65929.0  
 ****** Pricing Level: HEAVY HEUR ****** 
it= 5   ncol= 2277  ncstr= 1464 mt= 0.6   spt= 0.9   lpval= 65878.1   ub= 65929.0  
 ****** Pricing Level: EXACT ****** 
it= 4   ncol= 2448  ncstr= 1464 mt= 0.9   spt= 8.3   lpval= 65877.2   ub= 65929.0  
-----------------------------------------------------------------------------------------
elapsed time= 26.82 s.
-----------------------------------------------------------------------------------------
-----------------------------------------------------------------------------------------
 ****** Run Arc Elimination ****** 
arc elimination time= 9.42 s.
previous= 85.4032% maximum= 3.8103%
eliminate bucket arcs time= 1.17 s.
obtain jump arcs time= 0.01 s.
-----------------------------------------------------------------------------------------
-----------------------------------------------------------------------------------------
elapsed time= 38.13 s.
-----------------------------------------------------------------------------------------
-----------------------------------------------------------------------------------------
 ****** Try Enumeration ****** 
#labels= 237712 #routes= 81
labeling 1 time= 2.02 s.
concatenate time= 3.29 s.
#routes= 506469
average gap of successful enumeration= 0.000770369
next try value > 65862.3
-----------------------------------------------------------------------------------------
elapsed time= 43.80 s.
-----------------------------------------------------------------------------------------
 ****** Process Enumeration Matrix ****** 
delete non-ele routes lp val= 65877.4
recover rank1c lp val= 65877.7
recover rcc lp val= 65878.3
obtain rcc coefficient time= 0.02 s.
obtain r1c coefficient time= 0.84 s.
obtain matrix from triplets time= 1.07 s.
delete columns by branch time= 0.00 s.
columns pending deletion= 4806 remain= 506469 col ratio= 0.990511 row ratio= 1
regenerate enumeration matrix time= 0.00 s.
-----------------------------------------------------------------------------------------
elapsed time= 61.73 s.
-----------------------------------------------------------------------------------------
it= 6   ncol= 2308  ncstr= 1370 mt= 0.7   spt= 0.2   lpval= 65878.2   ub= 65929.0  
-----------------------------------------------------------------------------------------
elapsed time= 62.70 s.
-----------------------------------------------------------------------------------------
columns pending deletion= 94111 remain= 506469 col ratio= 0.814182 row ratio= 0.947445
 ****** Separate RCCs ****** 
 ****** Separate Rank1Cuts ****** 
it= 4   ncol= 2395  ncstr= 1480 mt= 0.7   spt= 0.1   lpval= 65880.0   ub= 65929.0  
-----------------------------------------------------------------------------------------
elapsed time= 67.88 s.
-----------------------------------------------------------------------------------------
columns pending deletion= 140981 remain= 506469 col ratio= 0.721639 row ratio= 0.9
[1;36m[REMIND] 2: gap improved= 1.802139 ratio= 0.036745 threshold= 0.040000 in function increaseCondition2 at /blue/yu.yang1/you.z/route_opt/packages/application/X-n384-k52/src/main/src/call_cutting.cpp:74[0m
 ****** Separate RCCs ****** 
 ****** Separate Rank1Cuts ****** 
it= 6   ncol= 2552  ncstr= 1602 mt= 1.3   spt= 0.2   lpval= 65881.8   ub= 65929.0  
-----------------------------------------------------------------------------------------
elapsed time= 74.07 s.
-----------------------------------------------------------------------------------------
delete columns= 188211 remain= 318258
[1;36m[REMIND] 2: gap improved= 1.824755 ratio= 0.038644 threshold= 0.040000 in function increaseCondition2 at /blue/yu.yang1/you.z/route_opt/packages/application/X-n384-k52/src/main/src/call_cutting.cpp:74[0m
 ****** Separate Rank1Cuts ****** 
it= 4   ncol= 2621  ncstr= 1459 mt= 0.6   spt= 0.1   lpval= 65882.8   ub= 65929.0  
-----------------------------------------------------------------------------------------
elapsed time= 79.98 s.
-----------------------------------------------------------------------------------------
columns pending deletion= 25558 remain= 318258 col ratio= 0.919694 row ratio= 0.94037
[1;36m[REMIND] 2: gap improved= 0.996574 ratio= 0.021560 threshold= 0.040000 in function increaseCondition2 at /blue/yu.yang1/you.z/route_opt/packages/application/X-n384-k52/src/main/src/call_cutting.cpp:74[0m
[1;36m[REMIND] tail off counter= 3 threshold= 3 in function setIfTailOff at /blue/yu.yang1/you.z/route_opt/packages/application/X-n384-k52/src/main/src/call_cutting.cpp:150[0m
[1;36m[REMIND] opt_k not found for node 9, use m directly in function getOptK at /blue/yu.yang1/you.z/route_opt/packages/branching/bkf/include/bkf_controller.hpp:239[0m
current_r_best= 9.61413
we directly test 100
we directly test 4
pseudo= 50 frac= 50
#candidates in phase1= 100
testing lp time= 74.49 s.
-----------------------------------------------------------------------------------------
 59-343 ,  71.03|  59-148 ,  53.69| 161-174 ,  44.50| 161-173 ,  36.32|  56-221 ,  28.59| 
  0-303 ,  26.51|   0-221 ,  26.23|   0-161 ,  24.86| 284-295 ,  24.24|  83-260 ,  23.51| 
  0-174 ,  23.35|   0-59  ,  23.30| 157-180 ,  22.77|  24-173 ,  21.55| 252-293 ,  21.37| 
 92-174 ,  21.33| 302-356 ,  20.00| 268-303 ,  19.91| 356-376 ,  19.85|  59-241 ,  18.74| 
163-231 ,  18.73| 164-201 ,  18.04| 201-230 ,  18.02| 180-366 ,  17.26|   0-241 ,  17.12| 
 56-329 ,  16.65| 123-295 ,  16.52|   0-355 ,  15.80|  40-300 ,  15.48|   0-164 ,  15.18| 
201-226 ,  14.09|  91-355 ,  13.99|   0-305 ,  13.91| 305-366 ,  13.81| 110-369 ,  13.69| 
317-370 ,  13.28| 303-306 ,  12.97|   0-231 ,  12.91| 224-231 ,  11.93| 100-300 ,  11.88| 
  0-321 ,  11.49|   0-4   ,  11.47|  12-306 ,  11.43|   0-215 ,  11.31|  55-225 ,  11.09| 
 11-275 ,  10.69|   0-299 ,  10.67| 131-222 ,  10.55|   0-313 ,  10.44| 163-224 ,  10.25| 
  9-86  ,  10.01|   0-29  ,   9.79| 306-359 ,   9.71| 110-152 ,   9.06| 308-376 ,   8.99| 
 44-98  ,   8.96| 149-351 ,   8.81|   0-309 ,   8.42| 141-323 ,   8.36| 184-274 ,   7.65| 
118-133 ,   7.55|  23-330 ,   7.39|   0-279 ,   7.34|   0-205 ,   7.25|  23-193 ,   6.99| 
 79-261 ,   6.83|   0-291 ,   6.40|  37-314 ,   6.15|  76-208 ,   6.05|  19-126 ,   5.74| 
  3-67  ,   5.50|   0-198 ,   5.42|  52-220 ,   5.34|  44-325 ,   5.01| 205-239 ,   4.95| 
  0-383 ,   4.86|   0-21  ,   4.73|   0-145 ,   4.72| 204-208 ,   4.69|   2-264 ,   4.69| 
346-383 ,   3.97| 143-383 ,   3.97|   0-346 ,   3.76| 143-346 ,   3.76|   0-301 ,   3.51| 
  0-149 ,   3.36| 234-245 ,   3.16|   0-323 ,   3.11|   0-234 ,   3.03| 209-352 ,   2.94| 
  0-223 ,   2.90|  17-259 ,   2.79|  44-112 ,   2.12|   0-22  ,   1.79|   0-209 ,   1.56| 
 22-148 ,   1.46|  17-58  ,   0.82|  58-209 ,   0.82|  17-209 ,   0.79|  22-371 ,   0.76| 
-----------------------------------------------------------------------------------------
edge= 161 173 lp= 2.83865 pre= 2 lp2= 12.7965 pre2= 2 score= 36.3248
-----------------------------------------------------------------------------------------
edge= 161 174 lp= 6.04007 pre= 2 lp2= 7.36691 pre2= 2 score= 44.4967
-----------------------------------------------------------------------------------------
edge= 59 148 lp= 4.38224 pre= 2 lp2= 12.2524 pre2= 2 score= 53.6931
-----------------------------------------------------------------------------------------
edge= 59 343 lp= 9.23446 pre= 2 lp2= 7.6914 pre2= 2 score= 71.0259
-----------------------------------------------------------------------------------------
candidate= 59-343 : -
-----------------------------------------------------------------------------------------
it= 5   ncol= 2787  ncstr= 1460 mt= 5.4   spt= 0.1   lpval= 65890.2   ub= 65929.0  
-----------------------------------------------------------------------------------------
elapsed time= 160.05 s.
-----------------------------------------------------------------------------------------
candidate= 59-343 : +
-----------------------------------------------------------------------------------------
it= 6   ncol= 2781  ncstr= 1460 mt= 5.8   spt= 0.1   lpval= 65887.0   ub= 65929.0  
-----------------------------------------------------------------------------------------
elapsed time= 166.06 s.
-----------------------------------------------------------------------------------------
candidate= 59-148 : -
-----------------------------------------------------------------------------------------
it= 5   ncol= 2772  ncstr= 1460 mt= 5.3   spt= 0.1   lpval= 65886.2   ub= 65929.0  
-----------------------------------------------------------------------------------------
elapsed time= 171.51 s.
-----------------------------------------------------------------------------------------
candidate= 161-174 : -
-----------------------------------------------------------------------------------------
it= 5   ncol= 2716  ncstr= 1460 mt= 4.6   spt= 0.1   lpval= 65888.5   ub= 65929.0  
-----------------------------------------------------------------------------------------
elapsed time= 176.25 s.
-----------------------------------------------------------------------------------------
candidate= 161-174 : +
-----------------------------------------------------------------------------------------
it= 7   ncol= 2817  ncstr= 1460 mt= 5.5   spt= 0.2   lpval= 65887.5   ub= 65929.0  
-----------------------------------------------------------------------------------------
elapsed time= 181.97 s.
-----------------------------------------------------------------------------------------
candidate= 59-148 : +
-----------------------------------------------------------------------------------------
it= 7   ncol= 2793  ncstr= 1460 mt= 5.1   spt= 0.2   lpval= 65894.5   ub= 65929.0  
-----------------------------------------------------------------------------------------
elapsed time= 187.26 s.
-----------------------------------------------------------------------------------------
brc= 59-148
t= 0.372472 c= 90.371 n= 0 if_b4= 0
t= 5.46272 c= 111.23 n= 0 if_b4= 0
#########################################################################################
tree size= 1 lb= 65882.8 ub= 65929
#########################################################################################
idx= 1 value= 65882.8 enu= 1
brc= 264-365 : -
brc= 77-229 : +
brc= 158-295 : -
brc= 222-330 : -
brc= 142-323 : +
brc= 27-76 : +
brc= 69-321 : -
brc= 176-199 : +
brc= 49-298 : +
brc= 97-126 : -
brc= 175-375 : -
brc= 44-90 : -
brc= 47-90 : -
brc= 0-183 : +
brc= 59-148 : +
it= 7   ncol= 2729  ncstr= 1459 mt= 5.3   spt= 0.1   lpval= 65894.5   ub= 65929.0  
-----------------------------------------------------------------------------------------
elapsed time= 204.60 s.
-----------------------------------------------------------------------------------------
delete columns= 188864 remain= 101182
 ****** Separate RCCs ****** 
 ****** Separate Rank1Cuts ****** 
it= 4   ncol= 2795  ncstr= 1361 mt= 1.0   spt= 0.0   lpval= 65895.7   ub= 65929.0  
-----------------------------------------------------------------------------------------
elapsed time= 209.94 s.
-----------------------------------------------------------------------------------------
columns pending deletion= 13555 remain= 101182 col ratio= 0.866033 row ratio= 0.936076
[1;36m[REMIND] 2: gap improved= 1.137355 ratio= 0.034128 threshold= 0.040000 in function increaseCondition2 at /blue/yu.yang1/you.z/route_opt/packages/application/X-n384-k52/src/main/src/call_cutting.cpp:74[0m
 ****** Separate Rank1Cuts ****** 
it= 3   ncol= 2855  ncstr= 1427 mt= 0.7   spt= 0.0   lpval= 65896.4   ub= 65929.0  
-----------------------------------------------------------------------------------------
elapsed time= 214.34 s.
-----------------------------------------------------------------------------------------
columns pending deletion= 19897 remain= 101182 col ratio= 0.803354 row ratio= 0.911703
[1;36m[REMIND] 2: gap improved= 0.711134 ratio= 0.021804 threshold= 0.040000 in function increaseCondition2 at /blue/yu.yang1/you.z/route_opt/packages/application/X-n384-k52/src/main/src/call_cutting.cpp:74[0m
 ****** Separate Rank1Cuts ****** 
it= 4   ncol= 2957  ncstr= 1560 mt= 1.1   spt= 0.0   lpval= 65897.3   ub= 65929.0  
-----------------------------------------------------------------------------------------
elapsed time= 219.74 s.
-----------------------------------------------------------------------------------------
columns pending deletion= 27518 remain= 101182 col ratio= 0.728035 row ratio= 0.864744
[1;36m[REMIND] 2: gap improved= 0.917832 ratio= 0.028956 threshold= 0.040000 in function increaseCondition2 at /blue/yu.yang1/you.z/route_opt/packages/application/X-n384-k52/src/main/src/call_cutting.cpp:74[0m
[1;36m[REMIND] tail off counter= 3 threshold= 3 in function setIfTailOff at /blue/yu.yang1/you.z/route_opt/packages/application/X-n384-k52/src/main/src/call_cutting.cpp:150[0m
current_r_best= 10.4972
alpha= 0.37 beta= 3.01957 omega= 242.625 k1= 13
lb_k= 1 ub_k= 37
revise: lb_k= 11 ub_k= 17
opt_k= 14
alpha= 0.75 beta= 3.01957 omega= 20.3617 k1= 3
lb_k= 1 ub_k= 3
revise: lb_k= 2 ub_k= 3
opt_k= 3
pseudo= 50 frac= 50
#candidates in phase1= 14
testing lp time= 13.36 s.
-----------------------------------------------------------------------------------------
163-231 ,  15.52| 131-222 ,  14.65|  83-260 ,  13.78|  42-307 ,  13.32|  90-98  ,  12.08| 
128-314 ,  12.07|  75-320 ,  11.99|  23-330 ,  10.61|  37-314 ,   7.39| 277-284 ,   7.11| 
  2-264 ,   6.29|  85-210 ,   6.07| 145-375 ,   3.13|  89-255 ,   1.51| 
-----------------------------------------------------------------------------------------
edge= 83 260 lp= 9.16339 pre= 2 lp2= 1.50419 pre2= 2 score= 13.7835
-----------------------------------------------------------------------------------------
edge= 131 222 lp= 1.48731 pre= 2 lp2= 9.85027 pre2= 2 score= 14.6504
-----------------------------------------------------------------------------------------
edge= 163 231 lp= 2.40306 pre= 0 lp2= 6.45854 pre2= 1 score= 15.5202
-----------------------------------------------------------------------------------------
brc= 163-231
t= 0.424797 c= 55.5264 n= 1 if_b4= 0
t= 5.46272 c= 69.2958 n= 1 if_b4= 0
#########################################################################################
tree size= 2 lb= 65882.8 ub= 65929
#########################################################################################
idx= 2 value= 65882.8 enu= 1
brc= 264-365 : -
brc= 77-229 : +
brc= 158-295 : -
brc= 222-330 : -
brc= 142-323 : +
brc= 27-76 : +
brc= 69-321 : -
brc= 176-199 : +
brc= 49-298 : +
brc= 97-126 : -
brc= 175-375 : -
brc= 44-90 : -
brc= 47-90 : -
brc= 0-183 : +
brc= 59-148 : -
it= 5   ncol= 2729  ncstr= 1459 mt= 1.1   spt= 0.1   lpval= 65886.2   ub= 65929.0  
-----------------------------------------------------------------------------------------
elapsed time= 245.97 s.
-----------------------------------------------------------------------------------------
columns pending deletion= 70631 remain= 292642 col ratio= 0.758644 row ratio= 0.905415
 ****** Separate RCCs ****** 
 ****** Separate Rank1Cuts ****** 
it= 5   ncol= 2870  ncstr= 1615 mt= 1.5   spt= 0.1   lpval= 65889.6   ub= 65929.0  
-----------------------------------------------------------------------------------------
elapsed time= 252.98 s.
-----------------------------------------------------------------------------------------
delete columns= 128882 remain= 163760
 ****** Separate Rank1Cuts ****** 
it= 5   ncol= 2943  ncstr= 1456 mt= 0.7   spt= 0.1   lpval= 65890.7   ub= 65929.0  
-----------------------------------------------------------------------------------------
elapsed time= 258.33 s.
-----------------------------------------------------------------------------------------
columns pending deletion= 17409 remain= 163760 col ratio= 0.893692 row ratio= 0.942995
[1;36m[REMIND] 2: gap improved= 1.142649 ratio= 0.029865 threshold= 0.040000 in function increaseCondition2 at /blue/yu.yang1/you.z/route_opt/packages/application/X-n384-k52/src/main/src/call_cutting.cpp:74[0m
 ****** Separate RCCs ****** 
 ****** Separate Rank1Cuts ****** 
it= 4   ncol= 3021  ncstr= 1572 mt= 1.0   spt= 0.0   lpval= 65891.7   ub= 65929.0  
-----------------------------------------------------------------------------------------
elapsed time= 264.65 s.
-----------------------------------------------------------------------------------------
columns pending deletion= 28611 remain= 163760 col ratio= 0.825287 row ratio= 0.911578
[1;36m[REMIND] 2: gap improved= 0.944132 ratio= 0.025301 threshold= 0.040000 in function increaseCondition2 at /blue/yu.yang1/you.z/route_opt/packages/application/X-n384-k52/src/main/src/call_cutting.cpp:74[0m
 ****** Separate Rank1Cuts ****** 
it= 4   ncol= 3085  ncstr= 1652 mt= 0.6   spt= 0.1   lpval= 65892.3   ub= 65929.0  
-----------------------------------------------------------------------------------------
elapsed time= 269.61 s.
-----------------------------------------------------------------------------------------
columns pending deletion= 37466 remain= 163760 col ratio= 0.771214 row ratio= 0.884988
[1;36m[REMIND] 2: gap improved= 0.608385 ratio= 0.016574 threshold= 0.040000 in function increaseCondition2 at /blue/yu.yang1/you.z/route_opt/packages/application/X-n384-k52/src/main/src/call_cutting.cpp:74[0m
[1;36m[REMIND] tail off counter= 3 threshold= 3 in function setIfTailOff at /blue/yu.yang1/you.z/route_opt/packages/application/X-n384-k52/src/main/src/call_cutting.cpp:150[0m
current_r_best= 8.49617
alpha= 0.37 beta= 4.32046 omega= 130.713 k1= 12
lb_k= 1 ub_k= 37
revise: lb_k= 10 ub_k= 13
opt_k= 13
alpha= 0.75 beta= 4.32046 omega= 12.6852 k1= 3
lb_k= 1 ub_k= 3
revise: lb_k= 1 ub_k= 3
opt_k= 3
pseudo= 50 frac= 50
#candidates in phase1= 13
testing lp time= 13.27 s.
-----------------------------------------------------------------------------------------
157-180 ,  20.77|  83-260 ,  19.07| 194-329 ,  18.21| 218-241 ,  16.69| 201-226 ,  14.88| 
 56-221 ,  11.67|  56-92  ,  11.33|  87-353 ,  11.24|  56-329 ,  10.53|   0-87  ,   7.49| 
 19-126 ,   6.41| 147-241 ,   3.50| 174-221 ,   3.33| 
-----------------------------------------------------------------------------------------
edge= 194 329 lp= 1.065 pre= 2 lp2= 17.0968 pre2= 2 score= 18.208
-----------------------------------------------------------------------------------------
edge= 83 260 lp= 9.63961 pre= 2 lp2= 1.97818 pre2= 2 score= 19.0689
-----------------------------------------------------------------------------------------
edge= 157 180 lp= 6.81046 pre= 1 lp2= 3.04956 pre2= 1 score= 20.7689
-----------------------------------------------------------------------------------------
brc= 157-180
t= 0.453311 c= 45.3192 n= 2 if_b4= 0
t= 5.46272 c= 56.7102 n= 2 if_b4= 0
#########################################################################################
tree size= 3 lb= 65892.3 ub= 65929
#########################################################################################
idx= 5 value= 65892.3 enu= 1
brc= 264-365 : -
brc= 77-229 : +
brc= 158-295 : -
brc= 222-330 : -
brc= 142-323 : +
brc= 27-76 : +
brc= 69-321 : -
brc= 176-199 : +
brc= 49-298 : +
brc= 97-126 : -
brc= 175-375 : -
brc= 44-90 : -
brc= 47-90 : -
brc= 0-183 : +
brc= 59-148 : -
brc= 157-180 : +
it= 7   ncol= 3167  ncstr= 1652 mt= 7.5   spt= 0.1   lpval= 65894.3   ub= 65929.0  
-----------------------------------------------------------------------------------------
elapsed time= 304.23 s.
-----------------------------------------------------------------------------------------
columns pending deletion= 19000 remain= 122723 col ratio= 0.84518 row ratio= 0.845036
 ****** Separate Rank1Cuts ****** 
it= 5   ncol= 3235  ncstr= 1729 mt= 1.0   spt= 0.0   lpval= 65895.4   ub= 65929.0  
-----------------------------------------------------------------------------------------
elapsed time= 309.92 s.
-----------------------------------------------------------------------------------------
columns pending deletion= 30236 remain= 122723 col ratio= 0.753624 row ratio= 0.832273
[1;36m[REMIND] 2: gap improved= 1.111883 ratio= 0.033113 threshold= 0.040000 in function increaseCondition2 at /blue/yu.yang1/you.z/route_opt/packages/application/X-n384-k52/src/main/src/call_cutting.cpp:74[0m
 ****** Separate Rank1Cuts ****** 
it= 4   ncol= 3311  ncstr= 1858 mt= 0.8   spt= 0.0   lpval= 65896.3   ub= 65929.0  
-----------------------------------------------------------------------------------------
elapsed time= 315.68 s.
-----------------------------------------------------------------------------------------
delete columns= 38546 remain= 84177
[1;36m[REMIND] 2: gap improved= 0.878693 ratio= 0.026872 threshold= 0.040000 in function increaseCondition2 at /blue/yu.yang1/you.z/route_opt/packages/application/X-n384-k52/src/main/src/call_cutting.cpp:74[0m
 ****** Separate RCCs ****** 
 ****** Separate Rank1Cuts ****** 
it= 4   ncol= 3362  ncstr= 1571 mt= 0.7   spt= 0.0   lpval= 65896.9   ub= 65929.0  
-----------------------------------------------------------------------------------------
elapsed time= 320.55 s.
-----------------------------------------------------------------------------------------
columns pending deletion= 5726 remain= 84177 col ratio= 0.931977 row ratio= 0.93571
[1;36m[REMIND] 2: gap improved= 0.593014 ratio= 0.018470 threshold= 0.040000 in function increaseCondition2 at /blue/yu.yang1/you.z/route_opt/packages/application/X-n384-k52/src/main/src/call_cutting.cpp:74[0m
[1;36m[REMIND] tail off counter= 3 threshold= 3 in function setIfTailOff at /blue/yu.yang1/you.z/route_opt/packages/application/X-n384-k52/src/main/src/call_cutting.cpp:150[0m
current_r_best= 8.49617
alpha= 0.37 beta= 3.77895 omega= 99.9738 k1= 10
lb_k= 1 ub_k= 37
revise: lb_k= 8 ub_k= 12
opt_k= 10
alpha= 0.75 beta= 3.77895 omega= 10.3813 k1= 3
lb_k= 1 ub_k= 3
revise: lb_k= 2 ub_k= 3
opt_k= 3
pseudo= 50 frac= 50
#candidates in phase1= 10
testing lp time= 9.89 s.
-----------------------------------------------------------------------------------------
 83-260 ,  15.65| 218-241 ,  13.30|  92-353 ,  11.22|   3-127 ,  11.06| 268-303 ,   9.62| 
 23-193 ,   6.02|  45-205 ,   5.54|  37-314 ,   4.87|  69-76  ,   4.87| 159-347 ,   2.93| 
-----------------------------------------------------------------------------------------
edge= 92 353 lp= 1.05008 pre= 2 lp2= 10.6822 pre2= 2 score= 11.2173
-----------------------------------------------------------------------------------------
edge= 218 241 lp= 0.922114 pre= 2 lp2= 14.4263 pre2= 2 score= 13.3027
-----------------------------------------------------------------------------------------
edge= 83 260 lp= 8.60175 pre= 2 lp2= 1.81894 pre2= 2 score= 15.646
-----------------------------------------------------------------------------------------
candidate= 83-260 : -
-----------------------------------------------------------------------------------------
it= 5   ncol= 3457  ncstr= 1572 mt= 7.7   spt= 0.0   lpval= 65901.1   ub= 65929.0  
-----------------------------------------------------------------------------------------
elapsed time= 338.22 s.
-----------------------------------------------------------------------------------------
candidate= 218-241 : -
-----------------------------------------------------------------------------------------
it= 4   ncol= 3395  ncstr= 1572 mt= 6.2   spt= 0.0   lpval= 65897.8   ub= 65929.0  
-----------------------------------------------------------------------------------------
elapsed time= 344.43 s.
-----------------------------------------------------------------------------------------
candidate= 218-241 : +
-----------------------------------------------------------------------------------------
it= 6   ncol= 3542  ncstr= 1572 mt= 10.1  spt= 0.0   lpval= 65903.1   ub= 65929.0  
-----------------------------------------------------------------------------------------
elapsed time= 354.54 s.
-----------------------------------------------------------------------------------------
candidate= 92-353 : -
-----------------------------------------------------------------------------------------
it= 3   ncol= 3392  ncstr= 1572 mt= 7.0   spt= 0.0   lpval= 65897.9   ub= 65929.0  
-----------------------------------------------------------------------------------------
elapsed time= 361.51 s.
-----------------------------------------------------------------------------------------
candidate= 92-353 : +
-----------------------------------------------------------------------------------------
it= 5   ncol= 3483  ncstr= 1572 mt= 7.8   spt= 0.0   lpval= 65906.2   ub= 65929.0  
-----------------------------------------------------------------------------------------
elapsed time= 369.35 s.
-----------------------------------------------------------------------------------------
brc= 92-353
t= 0.463639 c= 44.8549 n= 3 if_b4= 0
t= 6.04199 c= 49.7724 n= 3 if_b4= 0
#########################################################################################
tree size= 4 lb= 65892.3 ub= 65929
#########################################################################################
idx= 6 value= 65892.3 enu= 1
brc= 264-365 : -
brc= 77-229 : +
brc= 158-295 : -
brc= 222-330 : -
brc= 142-323 : +
brc= 27-76 : +
brc= 69-321 : -
brc= 176-199 : +
brc= 49-298 : +
brc= 97-126 : -
brc= 175-375 : -
brc= 44-90 : -
brc= 47-90 : -
brc= 0-183 : +
brc= 59-148 : -
brc= 157-180 : -
it= 5   ncol= 3178  ncstr= 1652 mt= 1.6   spt= 0.0   lpval= 65897.2   ub= 65929.0  
-----------------------------------------------------------------------------------------
elapsed time= 385.43 s.
-----------------------------------------------------------------------------------------
delete columns= 44285 remain= 81030
 ****** Separate Rank1Cuts ****** 
it= 4   ncol= 3231  ncstr= 1461 mt= 1.0   spt= 0.0   lpval= 65898.8   ub= 65929.0  
-----------------------------------------------------------------------------------------
elapsed time= 396.00 s.
-----------------------------------------------------------------------------------------
columns pending deletion= 12227 remain= 81030 col ratio= 0.849105 row ratio= 0.944559
 ****** Separate RCCs ****** 
 ****** Separate Rank1Cuts ****** 
it= 4   ncol= 3263  ncstr= 1544 mt= 0.5   spt= 0.0   lpval= 65899.8   ub= 65929.0  
-----------------------------------------------------------------------------------------
elapsed time= 400.59 s.
-----------------------------------------------------------------------------------------
columns pending deletion= 19432 remain= 81030 col ratio= 0.760188 row ratio= 0.909326
[1;36m[REMIND] 2: gap improved= 1.024638 ratio= 0.035092 threshold= 0.040000 in function increaseCondition2 at /blue/yu.yang1/you.z/route_opt/packages/application/X-n384-k52/src/main/src/call_cutting.cpp:74[0m
 ****** Separate Rank1Cuts ****** 
it= 4   ncol= 3314  ncstr= 1646 mt= 0.8   spt= 0.0   lpval= 65901.0   ub= 65929.0  
-----------------------------------------------------------------------------------------
elapsed time= 405.99 s.
-----------------------------------------------------------------------------------------
delete columns= 25964 remain= 55066
 ****** Separate Rank1Cuts ****** 
it= 3   ncol= 3341  ncstr= 1535 mt= 0.4   spt= 0.0   lpval= 65901.7   ub= 65929.0  
-----------------------------------------------------------------------------------------
elapsed time= 410.92 s.
-----------------------------------------------------------------------------------------
columns pending deletion= 4479 remain= 55066 col ratio= 0.918661 row ratio= 0.94202
[1;36m[REMIND] 2: gap improved= 0.710304 ratio= 0.026011 threshold= 0.040000 in function increaseCondition2 at /blue/yu.yang1/you.z/route_opt/packages/application/X-n384-k52/src/main/src/call_cutting.cpp:74[0m
 ****** Separate Rank1Cuts ****** 
it= 4   ncol= 3372  ncstr= 1635 mt= 0.5   spt= 0.0   lpval= 65902.3   ub= 65929.0  
-----------------------------------------------------------------------------------------
elapsed time= 415.80 s.
-----------------------------------------------------------------------------------------
columns pending deletion= 7959 remain= 55066 col ratio= 0.855464 row ratio= 0.902752
[1;36m[REMIND] 2: gap improved= 0.598151 ratio= 0.022395 threshold= 0.040000 in function increaseCondition2 at /blue/yu.yang1/you.z/route_opt/packages/application/X-n384-k52/src/main/src/call_cutting.cpp:74[0m
[1;36m[REMIND] tail off counter= 3 threshold= 3 in function setIfTailOff at /blue/yu.yang1/you.z/route_opt/packages/application/X-n384-k52/src/main/src/call_cutting.cpp:150[0m
current_r_best= 5.01566
alpha= 0.37 beta= 5.32525 omega= 96.7453 k1= 12
lb_k= 1 ub_k= 37
revise: lb_k= 9 ub_k= 15
opt_k= 13
alpha= 0.75 beta= 5.32525 omega= 8.23774 k1= 3
lb_k= 1 ub_k= 3
revise: lb_k= 1 ub_k= 3
opt_k= 3
pseudo= 50 frac= 50
#candidates in phase1= 13
testing lp time= 13.64 s.
-----------------------------------------------------------------------------------------
215-231 ,  41.13|   0-231 ,  27.72|  15-185 ,  22.10| 243-317 ,  19.87|  83-260 ,  19.64| 
171-175 ,  19.56| 180-305 ,  13.41| 157-366 ,  13.11|  41-315 ,  13.07|   7-180 ,  13.04| 
268-303 ,  12.46|  56-221 ,  10.87|   2-264 ,   5.18| 
-----------------------------------------------------------------------------------------
edge= 15 185 lp= 1.9463 pre= 2 lp2= 11.3567 pre2= 2 score= 22.1036
-----------------------------------------------------------------------------------------
edge= 0 231 lp= 2.88329 pre= 2 lp2= 9.61406 pre2= 2 score= 27.7201
-----------------------------------------------------------------------------------------
edge= 215 231 lp= 1.9263 pre= 2 lp2= 21.3493 pre2= 2 score= 41.1252
-----------------------------------------------------------------------------------------
candidate= 215-231 : -
-----------------------------------------------------------------------------------------
it= 4   ncol= 3438  ncstr= 1636 mt= 7.5   spt= 0.0   lpval= 65904.0   ub= 65929.0  
-----------------------------------------------------------------------------------------
elapsed time= 436.94 s.
-----------------------------------------------------------------------------------------
candidate= 215-231 : +
-----------------------------------------------------------------------------------------
it= 6   ncol= 3515  ncstr= 1636 mt= 9.8   spt= 0.0   lpval= 65913.1   ub= 65929.0  
-----------------------------------------------------------------------------------------
elapsed time= 446.76 s.
-----------------------------------------------------------------------------------------
candidate= 0-231 : -
-----------------------------------------------------------------------------------------
it= 5   ncol= 3446  ncstr= 1636 mt= 7.3   spt= 0.0   lpval= 65904.9   ub= 65929.0  
-----------------------------------------------------------------------------------------
elapsed time= 454.06 s.
-----------------------------------------------------------------------------------------
candidate= 0-231 : +
-----------------------------------------------------------------------------------------
it= 4   ncol= 3459  ncstr= 1636 mt= 7.6   spt= 0.0   lpval= 65909.3   ub= 65929.0  
-----------------------------------------------------------------------------------------
elapsed time= 461.72 s.
-----------------------------------------------------------------------------------------
candidate= 15-185 : -
-----------------------------------------------------------------------------------------
it= 4   ncol= 3436  ncstr= 1636 mt= 7.3   spt= 0.0   lpval= 65904.1   ub= 65929.0  
-----------------------------------------------------------------------------------------
elapsed time= 469.03 s.
-----------------------------------------------------------------------------------------
candidate= 15-185 : +
-----------------------------------------------------------------------------------------
it= 6   ncol= 3504  ncstr= 1636 mt= 8.7   spt= 0.0   lpval= 65909.4   ub= 65929.0  
-----------------------------------------------------------------------------------------
elapsed time= 477.81 s.
-----------------------------------------------------------------------------------------
brc= 215-231
t= 0.475843 c= 47.1336 n= 4 if_b4= 0
t= 6.44537 c= 47.5964 n= 4 if_b4= 0
#########################################################################################
tree size= 5 lb= 65896.9 ub= 65929
#########################################################################################
idx= 7 value= 65896.9 enu= 1
brc= 264-365 : -
brc= 77-229 : +
brc= 158-295 : -
brc= 222-330 : -
brc= 142-323 : +
brc= 27-76 : +
brc= 69-321 : -
brc= 176-199 : +
brc= 49-298 : +
brc= 97-126 : -
brc= 175-375 : -
brc= 44-90 : -
brc= 47-90 : -
brc= 0-183 : +
brc= 59-148 : -
brc= 157-180 : +
brc= 92-353 : +
it= 5   ncol= 3251  ncstr= 1571 mt= 7.2   spt= 0.0   lpval= 65906.2   ub= 65929.0  
-----------------------------------------------------------------------------------------
elapsed time= 499.51 s.
-----------------------------------------------------------------------------------------
delete columns= 46097 remain= 30288
 ****** Separate Rank1Cuts ****** 
it= 5   ncol= 3255  ncstr= 1408 mt= 1.3   spt= 0.0   lpval= 65910.1   ub= 65929.0  
-----------------------------------------------------------------------------------------
elapsed time= 504.95 s.
-----------------------------------------------------------------------------------------
delete columns= 11551 remain= 18737
 ****** Separate RCCs ****** 
 ****** Separate Rank1Cuts ****** 
it= 5   ncol= 3173  ncstr= 1416 mt= 0.4   spt= 0.0   lpval= 65910.9   ub= 65929.0  
-----------------------------------------------------------------------------------------
elapsed time= 509.24 s.
-----------------------------------------------------------------------------------------
columns pending deletion= 2231 remain= 18737 col ratio= 0.880931 row ratio= 0.950565
mip: row= 1346 col= 19652 density= 2.119%
mip time= 97.86 s.
mip status= 6
update f from 0 to 18.0769
#########################################################################################
tree size= 4 lb= 65896.9 ub= 65929
#########################################################################################
idx= 8 value= 65896.9 enu= 1
brc= 264-365 : -
brc= 77-229 : +
brc= 158-295 : -
brc= 222-330 : -
brc= 142-323 : +
brc= 27-76 : +
brc= 69-321 : -
brc= 176-199 : +
brc= 49-298 : +
brc= 97-126 : -
brc= 175-375 : -
brc= 44-90 : -
brc= 47-90 : -
brc= 0-183 : +
brc= 59-148 : -
brc= 157-180 : +
brc= 92-353 : -
it= 4   ncol= 3354  ncstr= 1571 mt= 0.6   spt= 0.0   lpval= 65897.9   ub= 65929.0  
-----------------------------------------------------------------------------------------
elapsed time= 613.10 s.
-----------------------------------------------------------------------------------------
columns pending deletion= 7674 remain= 78146 col ratio= 0.901799 row ratio= 0.901973
 ****** Separate Rank1Cuts ****** 
it= 4   ncol= 3380  ncstr= 1653 mt= 0.6   spt= 0.0   lpval= 65898.5   ub= 65929.0  
-----------------------------------------------------------------------------------------
elapsed time= 617.84 s.
-----------------------------------------------------------------------------------------
columns pending deletion= 11767 remain= 78146 col ratio= 0.849423 row ratio= 0.880823
[1;36m[REMIND] 2: gap improved= 0.576959 ratio= 0.018896 threshold= 0.040000 in function increaseCondition2 at /blue/yu.yang1/you.z/route_opt/packages/application/X-n384-k52/src/main/src/call_cutting.cpp:74[0m
 ****** Separate Rank1Cuts ****** 
it= 3   ncol= 3425  ncstr= 1744 mt= 0.5   spt= 0.0   lpval= 65899.1   ub= 65929.0  
-----------------------------------------------------------------------------------------
elapsed time= 622.19 s.
-----------------------------------------------------------------------------------------
columns pending deletion= 15549 remain= 78146 col ratio= 0.801026 row ratio= 0.848624
[1;36m[REMIND] 2: gap improved= 0.604465 ratio= 0.020196 threshold= 0.040000 in function increaseCondition2 at /blue/yu.yang1/you.z/route_opt/packages/application/X-n384-k52/src/main/src/call_cutting.cpp:74[0m
 ****** Separate Rank1Cuts ****** 
it= 3   ncol= 3461  ncstr= 1806 mt= 0.6   spt= 0.0   lpval= 65899.6   ub= 65929.0  
-----------------------------------------------------------------------------------------
elapsed time= 626.85 s.
-----------------------------------------------------------------------------------------
columns pending deletion= 19084 remain= 78146 col ratio= 0.75579 row ratio= 0.839424
[1;36m[REMIND] 2: gap improved= 0.527887 ratio= 0.017955 threshold= 0.040000 in function increaseCondition2 at /blue/yu.yang1/you.z/route_opt/packages/application/X-n384-k52/src/main/src/call_cutting.cpp:74[0m
[1;36m[REMIND] tail off counter= 3 threshold= 3 in function setIfTailOff at /blue/yu.yang1/you.z/route_opt/packages/application/X-n384-k52/src/main/src/call_cutting.cpp:150[0m
current_r_best= 5.01566
alpha= 0.37 beta= 2.25782 omega= 99.053 k1= 7
lb_k= 1 ub_k= 37
revise: lb_k= 6 ub_k= 9
opt_k= 8
alpha= 0.75 beta= 2.25782 omega= 7.38459 k1= 3
lb_k= 1 ub_k= 3
revise: lb_k= 2 ub_k= 3
opt_k= 3
pseudo= 50 frac= 50
#candidates in phase1= 8
testing lp time= 10.32 s.
-----------------------------------------------------------------------------------------
284-295 ,  22.26|   0-321 ,  12.74| 172-339 ,  12.43|  23-193 ,   5.20|  59-218 ,   3.76| 
  2-264 ,   3.67|  92-194 ,   2.79|  87-92  ,   2.37| 
-----------------------------------------------------------------------------------------
edge= 172 339 lp= 0.72686 pre= 0 lp2= 17.0993 pre2= 2 score= 12.4288
-----------------------------------------------------------------------------------------
edge= 0 321 lp= 5.57983 pre= 0 lp2= 2.28245 pre2= 0 score= 12.7357
-----------------------------------------------------------------------------------------
edge= 284 295 lp= 7.38088 pre= 1 lp2= 3.01551 pre2= 0 score= 22.2571
-----------------------------------------------------------------------------------------
candidate= 284-295 : -
-----------------------------------------------------------------------------------------
it= 7   ncol= 3655  ncstr= 1807 mt= 10.6  spt= 0.0   lpval= 65905.5   ub= 65929.0  
-----------------------------------------------------------------------------------------
elapsed time= 647.86 s.
-----------------------------------------------------------------------------------------
brc= 284-295
t= 0.504032 c= 42.5706 n= 5 if_b4= 0
t= 7.15027 c= 42.9266 n= 5 if_b4= 0
#########################################################################################
tree size= 5 lb= 65897.3 ub= 65929
#########################################################################################
idx= 3 value= 65897.3 enu= 1
brc= 264-365 : -
brc= 77-229 : +
brc= 158-295 : -
brc= 222-330 : -
brc= 142-323 : +
brc= 27-76 : +
brc= 69-321 : -
brc= 176-199 : +
brc= 49-298 : +
brc= 97-126 : -
brc= 175-375 : -
brc= 44-90 : -
brc= 47-90 : -
brc= 0-183 : +
brc= 59-148 : +
brc= 163-231 : +
it= 6   ncol= 3028  ncstr= 1560 mt= 6.2   spt= 0.0   lpval= 65900.6   ub= 65929.0  
-----------------------------------------------------------------------------------------
elapsed time= 671.34 s.
-----------------------------------------------------------------------------------------
delete columns= 19246 remain= 52709
 ****** Separate RCCs ****** 
 ****** Separate Rank1Cuts ****** 
it= 5   ncol= 3102  ncstr= 1349 mt= 1.0   spt= 0.0   lpval= 65902.0   ub= 65929.0  
-----------------------------------------------------------------------------------------
elapsed time= 681.02 s.
-----------------------------------------------------------------------------------------
columns pending deletion= 7762 remain= 52709 col ratio= 0.852739 row ratio= 0.928095
 ****** Separate Rank1Cuts ****** 
it= 5   ncol= 3167  ncstr= 1448 mt= 0.7   spt= 0.0   lpval= 65903.2   ub= 65929.0  
-----------------------------------------------------------------------------------------
elapsed time= 685.89 s.
-----------------------------------------------------------------------------------------
columns pending deletion= 13227 remain= 52709 col ratio= 0.749056 row ratio= 0.893646
 ****** Separate Rank1Cuts ****** 
it= 4   ncol= 3196  ncstr= 1536 mt= 0.5   spt= 0.0   lpval= 65904.3   ub= 65929.0  
-----------------------------------------------------------------------------------------
elapsed time= 690.56 s.
-----------------------------------------------------------------------------------------
delete columns= 17441 remain= 35268
 ****** Separate Rank1Cuts ****** 
it= 3   ncol= 3234  ncstr= 1449 mt= 0.4   spt= 0.0   lpval= 65904.9   ub= 65929.0  
-----------------------------------------------------------------------------------------
elapsed time= 700.46 s.
-----------------------------------------------------------------------------------------
columns pending deletion= 2641 remain= 35268 col ratio= 0.925116 row ratio= 0.922705
[1;36m[REMIND] 2: gap improved= 0.556462 ratio= 0.023044 threshold= 0.040000 in function increaseCondition2 at /blue/yu.yang1/you.z/route_opt/packages/application/X-n384-k52/src/main/src/call_cutting.cpp:74[0m
 ****** Separate Rank1Cuts ****** 
it= 4   ncol= 3287  ncstr= 1535 mt= 0.8   spt= 0.0   lpval= 65905.6   ub= 65929.0  
-----------------------------------------------------------------------------------------
elapsed time= 705.15 s.
-----------------------------------------------------------------------------------------
columns pending deletion= 5350 remain= 35268 col ratio= 0.848304 row ratio= 0.892508
[1;36m[REMIND] 2: gap improved= 0.730587 ratio= 0.031199 threshold= 0.040000 in function increaseCondition2 at /blue/yu.yang1/you.z/route_opt/packages/application/X-n384-k52/src/main/src/call_cutting.cpp:74[0m
 ****** Separate Rank1Cuts ****** 
it= 4   ncol= 3292  ncstr= 1623 mt= 0.6   spt= 0.0   lpval= 65906.0   ub= 65929.0  
-----------------------------------------------------------------------------------------
elapsed time= 709.84 s.
-----------------------------------------------------------------------------------------
columns pending deletion= 7147 remain= 35268 col ratio= 0.797352 row ratio= 0.864449
[1;36m[REMIND] 2: gap improved= 0.463065 ratio= 0.020174 threshold= 0.040000 in function increaseCondition2 at /blue/yu.yang1/you.z/route_opt/packages/application/X-n384-k52/src/main/src/call_cutting.cpp:74[0m
[1;36m[REMIND] tail off counter= 3 threshold= 3 in function setIfTailOff at /blue/yu.yang1/you.z/route_opt/packages/application/X-n384-k52/src/main/src/call_cutting.cpp:150[0m
current_r_best= 5.88629
alpha= 0.37 beta= 0.828561 omega= 84.4601 k1= 4
lb_k= 1 ub_k= 37
revise: lb_k= 3 ub_k= 5
opt_k= 4
alpha= 0.75 beta= 0.828561 omega= 6.0035 k1= 2
lb_k= 1 ub_k= 3
revise: lb_k= 1 ub_k= 3
opt_k= 2
pseudo= 50 frac= 50
#candidates in phase1= 4
testing lp time= 4.33 s.
-----------------------------------------------------------------------------------------
163-375 ,  48.20| 224-231 ,  38.99|  83-260 ,   9.80|  64-188 ,   3.80| 
-----------------------------------------------------------------------------------------
edge= 224 231 lp= 10.757 pre= 1 lp2= 3.62484 pre2= 0 score= 38.9923
-----------------------------------------------------------------------------------------
edge= 163 375 lp= 2.03756 pre= 1 lp2= 23.6582 pre2= 2 score= 48.205
-----------------------------------------------------------------------------------------
candidate= 163-375 : +
-----------------------------------------------------------------------------------------
it= 6   ncol= 3445  ncstr= 1624 mt= 8.6   spt= 0.0   lpval= 65919.5   ub= 65929.0  
-----------------------------------------------------------------------------------------
elapsed time= 722.83 s.
-----------------------------------------------------------------------------------------
candidate= 224-231 : +
-----------------------------------------------------------------------------------------
it= 5   ncol= 3376  ncstr= 1624 mt= 6.9   spt= 0.0   lpval= 65908.7   ub= 65929.0  
-----------------------------------------------------------------------------------------
elapsed time= 729.73 s.
-----------------------------------------------------------------------------------------
brc= 224-231
t= 0.509344 c= 44.003 n= 6 if_b4= 0
t= 7.23948 c= 43.5068 n= 6 if_b4= 0
#########################################################################################
tree size= 6 lb= 65897.3 ub= 65929
#########################################################################################
idx= 4 value= 65897.3 enu= 1
brc= 264-365 : -
brc= 77-229 : +
brc= 158-295 : -
brc= 222-330 : -
brc= 142-323 : +
brc= 27-76 : +
brc= 69-321 : -
brc= 176-199 : +
brc= 49-298 : +
brc= 97-126 : -
brc= 175-375 : -
brc= 44-90 : -
brc= 47-90 : -
brc= 0-183 : +
brc= 59-148 : +
brc= 163-231 : -
it= 5   ncol= 3030  ncstr= 1560 mt= 1.3   spt= 0.0   lpval= 65899.1   ub= 65929.0  
-----------------------------------------------------------------------------------------
elapsed time= 743.52 s.
-----------------------------------------------------------------------------------------
columns pending deletion= 11440 remain= 73536 col ratio= 0.84443 row ratio= 0.832051
 ****** Separate Rank1Cuts ****** 
it= 4   ncol= 3098  ncstr= 1633 mt= 1.6   spt= 0.0   lpval= 65901.2   ub= 65929.0  
-----------------------------------------------------------------------------------------
elapsed time= 749.68 s.
-----------------------------------------------------------------------------------------
delete columns= 21946 remain= 51590
 ****** Separate Rank1Cuts ****** 
it= 4   ncol= 3153  ncstr= 1437 mt= 0.9   spt= 0.0   lpval= 65902.4   ub= 65929.0  
-----------------------------------------------------------------------------------------
elapsed time= 759.90 s.
-----------------------------------------------------------------------------------------
columns pending deletion= 6469 remain= 51590 col ratio= 0.874607 row ratio= 0.936674
 ****** Separate Rank1Cuts ****** 
it= 4   ncol= 3198  ncstr= 1552 mt= 0.7   spt= 0.0   lpval= 65903.0   ub= 65929.0  
-----------------------------------------------------------------------------------------
elapsed time= 764.95 s.
-----------------------------------------------------------------------------------------
columns pending deletion= 9815 remain= 51590 col ratio= 0.80975 row ratio= 0.891753
[1;36m[REMIND] 2: gap improved= 0.609402 ratio= 0.023448 threshold= 0.040000 in function increaseCondition2 at /blue/yu.yang1/you.z/route_opt/packages/application/X-n384-k52/src/main/src/call_cutting.cpp:74[0m
 ****** Separate Rank1Cuts ****** 
it= 3   ncol= 3220  ncstr= 1651 mt= 0.4   spt= 0.0   lpval= 65903.6   ub= 65929.0  
-----------------------------------------------------------------------------------------
elapsed time= 769.15 s.
-----------------------------------------------------------------------------------------
columns pending deletion= 12697 remain= 51590 col ratio= 0.753886 row ratio= 0.863113
[1;36m[REMIND] 2: gap improved= 0.570127 ratio= 0.022428 threshold= 0.040000 in function increaseCondition2 at /blue/yu.yang1/you.z/route_opt/packages/application/X-n384-k52/src/main/src/call_cutting.cpp:74[0m
 ****** Separate Rank1Cuts ****** 
it= 4   ncol= 3277  ncstr= 1785 mt= 0.8   spt= 0.0   lpval= 65904.1   ub= 65929.0  
-----------------------------------------------------------------------------------------
elapsed time= 774.55 s.
-----------------------------------------------------------------------------------------
delete columns= 14947 remain= 36643
[1;36m[REMIND] 2: gap improved= 0.513901 ratio= 0.020634 threshold= 0.040000 in function increaseCondition2 at /blue/yu.yang1/you.z/route_opt/packages/application/X-n384-k52/src/main/src/call_cutting.cpp:74[0m
[1;36m[REMIND] tail off counter= 3 threshold= 3 in function setIfTailOff at /blue/yu.yang1/you.z/route_opt/packages/application/X-n384-k52/src/main/src/call_cutting.cpp:150[0m
current_r_best= 5.34141
alpha= 0.37 beta= 1.27852 omega= 86.3915 k1= 5
lb_k= 1 ub_k= 37
revise: lb_k= 4 ub_k= 6
opt_k= 5
alpha= 0.75 beta= 1.27852 omega= 6.00965 k1= 2
lb_k= 1 ub_k= 3
revise: lb_k= 1 ub_k= 3
opt_k= 3
pseudo= 50 frac= 50
#candidates in phase1= 5
testing lp time= 4.60 s.
-----------------------------------------------------------------------------------------
215-231 ,  12.86| 175-231 ,  11.17| 248-321 ,   5.50|  37-314 ,   4.56|   3-247 ,   2.04| 
-----------------------------------------------------------------------------------------
edge= 248 321 lp= 0.478972 pre= 0 lp2= 11.4888 pre2= 1 score= 5.50281
-----------------------------------------------------------------------------------------
edge= 175 231 lp= 3.44375 pre= 0 lp2= 3.24325 pre2= 0 score= 11.169
-----------------------------------------------------------------------------------------
edge= 215 231 lp= 0.860112 pre= 0 lp2= 14.9546 pre2= 2 score= 12.8626
-----------------------------------------------------------------------------------------
candidate= 215-231 : +
-----------------------------------------------------------------------------------------
it= 6   ncol= 3430  ncstr= 1471 mt= 7.4   spt= 0.0   lpval= 65913.4   ub= 65929.0  
-----------------------------------------------------------------------------------------
elapsed time= 786.72 s.
-----------------------------------------------------------------------------------------
candidate= 175-231 : +
-----------------------------------------------------------------------------------------
it= 6   ncol= 3367  ncstr= 1471 mt= 6.5   spt= 0.0   lpval= 65907.0   ub= 65929.0  
-----------------------------------------------------------------------------------------
elapsed time= 793.23 s.
-----------------------------------------------------------------------------------------
brc= 175-231
t= 0.503162 c= 43.4426 n= 7 if_b4= 0
t= 7.20696 c= 42.4234 n= 7 if_b4= 0
#########################################################################################
tree size= 7 lb= 65899.6 ub= 65929
#########################################################################################
idx= 11 value= 65899.6 enu= 1
brc= 264-365 : -
brc= 77-229 : +
brc= 158-295 : -
brc= 222-330 : -
brc= 142-323 : +
brc= 27-76 : +
brc= 69-321 : -
brc= 176-199 : +
brc= 49-298 : +
brc= 97-126 : -
brc= 175-375 : -
brc= 44-90 : -
brc= 47-90 : -
brc= 0-183 : +
brc= 59-148 : -
brc= 157-180 : +
brc= 92-353 : -
brc= 284-295 : +
it= 5   ncol= 3458  ncstr= 1806 mt= 8.6   spt= 0.0   lpval= 65902.2   ub= 65929.0  
-----------------------------------------------------------------------------------------
elapsed time= 814.26 s.
-----------------------------------------------------------------------------------------
columns pending deletion= 12795 remain= 56998 col ratio= 0.775518 row ratio= 0.786822
 ****** Separate Rank1Cuts ****** 
it= 4   ncol= 3514  ncstr= 1885 mt= 1.4   spt= 0.0   lpval= 65903.3   ub= 65929.0  
-----------------------------------------------------------------------------------------
elapsed time= 820.16 s.
-----------------------------------------------------------------------------------------
delete columns= 17621 remain= 39377
 ****** Separate Rank1Cuts ****** 
it= 3   ncol= 3525  ncstr= 1512 mt= 0.5   spt= 0.0   lpval= 65903.9   ub= 65929.0  
-----------------------------------------------------------------------------------------
elapsed time= 824.31 s.
-----------------------------------------------------------------------------------------
columns pending deletion= 2817 remain= 39377 col ratio= 0.928461 row ratio= 0.938492
[1;36m[REMIND] 2: gap improved= 0.574792 ratio= 0.022860 threshold= 0.040000 in function increaseCondition2 at /blue/yu.yang1/you.z/route_opt/packages/application/X-n384-k52/src/main/src/call_cutting.cpp:74[0m
 ****** Separate Rank1Cuts ****** 
it= 4   ncol= 3546  ncstr= 1591 mt= 0.6   spt= 0.0   lpval= 65904.5   ub= 65929.0  
-----------------------------------------------------------------------------------------
elapsed time= 828.29 s.
-----------------------------------------------------------------------------------------
columns pending deletion= 5364 remain= 39377 col ratio= 0.863778 row ratio= 0.906977
[1;36m[REMIND] 2: gap improved= 0.609931 ratio= 0.024860 threshold= 0.040000 in function increaseCondition2 at /blue/yu.yang1/you.z/route_opt/packages/application/X-n384-k52/src/main/src/call_cutting.cpp:74[0m
 ****** Separate Rank1Cuts ****** 
it= 3   ncol= 3574  ncstr= 1681 mt= 0.5   spt= 0.0   lpval= 65905.0   ub= 65929.0  
-----------------------------------------------------------------------------------------
elapsed time= 832.53 s.
-----------------------------------------------------------------------------------------
columns pending deletion= 7102 remain= 39377 col ratio= 0.819641 row ratio= 0.8721
[1;36m[REMIND] 2: gap improved= 0.484587 ratio= 0.020149 threshold= 0.040000 in function increaseCondition2 at /blue/yu.yang1/you.z/route_opt/packages/application/X-n384-k52/src/main/src/call_cutting.cpp:74[0m
[1;36m[REMIND] tail off counter= 3 threshold= 3 in function setIfTailOff at /blue/yu.yang1/you.z/route_opt/packages/application/X-n384-k52/src/main/src/call_cutting.cpp:150[0m
current_r_best= 5.34141
alpha= 0.37 beta= 1.11819 omega= 86.3393 k1= 4
lb_k= 1 ub_k= 37
revise: lb_k= 4 ub_k= 5
opt_k= 5
alpha= 0.75 beta= 1.11819 omega= 5.88645 k1= 2
lb_k= 1 ub_k= 3
revise: lb_k= 1 ub_k= 3
opt_k= 3
pseudo= 50 frac= 50
#candidates in phase1= 5
testing lp time= 5.94 s.
-----------------------------------------------------------------------------------------
252-284 ,  15.83| 232-246 ,  11.02| 194-329 ,   7.99|   2-264 ,   3.11|  25-258 ,   2.78| 
-----------------------------------------------------------------------------------------
edge= 232 246 lp= 0.791929 pre= 0 lp2= 13.9179 pre2= 2 score= 11.022
-----------------------------------------------------------------------------------------
edge= 194 329 lp= 0.674903 pre= 0 lp2= 11.8408 pre2= 2 score= 7.99141
-----------------------------------------------------------------------------------------
edge= 252 284 lp= 7.3601 pre= 2 lp2= 2.15069 pre2= 1 score= 15.8293
-----------------------------------------------------------------------------------------
candidate= 252-284 : -
-----------------------------------------------------------------------------------------
it= 6   ncol= 3674  ncstr= 1682 mt= 8.0   spt= 0.0   lpval= 65911.1   ub= 65929.0  
-----------------------------------------------------------------------------------------
elapsed time= 846.51 s.
-----------------------------------------------------------------------------------------
brc= 252-284
t= 0.513303 c= 42.0547 n= 8 if_b4= 0
t= 7.29791 c= 41.0332 n= 8 if_b4= 0
#########################################################################################
tree size= 8 lb= 65899.6 ub= 65929
#########################################################################################
idx= 12 value= 65899.6 enu= 1
brc= 264-365 : -
brc= 77-229 : +
brc= 158-295 : -
brc= 222-330 : -
brc= 142-323 : +
brc= 27-76 : +
brc= 69-321 : -
brc= 176-199 : +
brc= 49-298 : +
brc= 97-126 : -
brc= 175-375 : -
brc= 44-90 : -
brc= 47-90 : -
brc= 0-183 : +
brc= 59-148 : -
brc= 157-180 : +
brc= 92-353 : -
brc= 284-295 : -
it= 6   ncol= 3583  ncstr= 1806 mt= 2.3   spt= 0.0   lpval= 65905.5   ub= 65929.0  
-----------------------------------------------------------------------------------------
elapsed time= 864.37 s.
-----------------------------------------------------------------------------------------
delete columns= 27190 remain= 31122
 ****** Separate Rank1Cuts ****** 
it= 3   ncol= 3578  ncstr= 1459 mt= 0.6   spt= 0.0   lpval= 65906.5   ub= 65929.0  
-----------------------------------------------------------------------------------------
elapsed time= 874.57 s.
-----------------------------------------------------------------------------------------
columns pending deletion= 4262 remain= 31122 col ratio= 0.863055 row ratio= 0.925291
 ****** Separate RCCs ****** 
 ****** Separate Rank1Cuts ****** 
it= 4   ncol= 3607  ncstr= 1554 mt= 0.7   spt= 0.0   lpval= 65907.9   ub= 65929.0  
-----------------------------------------------------------------------------------------
elapsed time= 879.44 s.
-----------------------------------------------------------------------------------------
columns pending deletion= 8200 remain= 31122 col ratio= 0.736521 row ratio= 0.886744
 ****** Separate Rank1Cuts ****** 
it= 4   ncol= 3625  ncstr= 1638 mt= 0.6   spt= 0.0   lpval= 65908.9   ub= 65929.0  
-----------------------------------------------------------------------------------------
elapsed time= 884.33 s.
-----------------------------------------------------------------------------------------
delete columns= 10823 remain= 20299
 ****** Separate Rank1Cuts ****** 
it= 3   ncol= 3624  ncstr= 1487 mt= 0.4   spt= 0.0   lpval= 65909.6   ub= 65929.0  
-----------------------------------------------------------------------------------------
elapsed time= 894.88 s.
-----------------------------------------------------------------------------------------
columns pending deletion= 2104 remain= 20299 col ratio= 0.89635 row ratio= 0.949563
[1;36m[REMIND] 2: gap improved= 0.726372 ratio= 0.037397 threshold= 0.040000 in function increaseCondition2 at /blue/yu.yang1/you.z/route_opt/packages/application/X-n384-k52/src/main/src/call_cutting.cpp:74[0m
 ****** Separate Rank1Cuts ****** 
it= 4   ncol= 3630  ncstr= 1587 mt= 0.5   spt= 0.0   lpval= 65910.0   ub= 65929.0  
-----------------------------------------------------------------------------------------
elapsed time= 899.39 s.
-----------------------------------------------------------------------------------------
columns pending deletion= 3184 remain= 20299 col ratio= 0.843145 row ratio= 0.908633
[1;36m[REMIND] 2: gap improved= 0.458318 ratio= 0.024166 threshold= 0.040000 in function increaseCondition2 at /blue/yu.yang1/you.z/route_opt/packages/application/X-n384-k52/src/main/src/call_cutting.cpp:74[0m
 ****** Separate Rank1Cuts ****** 
it= 3   ncol= 3642  ncstr= 1664 mt= 0.6   spt= 0.0   lpval= 65910.4   ub= 65929.0  
-----------------------------------------------------------------------------------------
elapsed time= 903.82 s.
-----------------------------------------------------------------------------------------
columns pending deletion= 4096 remain= 20299 col ratio= 0.798217 row ratio= 0.892428
[1;36m[REMIND] 2: gap improved= 0.372153 ratio= 0.020016 threshold= 0.040000 in function increaseCondition2 at /blue/yu.yang1/you.z/route_opt/packages/application/X-n384-k52/src/main/src/call_cutting.cpp:74[0m
[1;36m[REMIND] tail off counter= 3 threshold= 3 in function setIfTailOff at /blue/yu.yang1/you.z/route_opt/packages/application/X-n384-k52/src/main/src/call_cutting.cpp:150[0m
mip: row= 1485 col= 19829 density= 2.00302%
mip time= 129.50 s.
mip status= 6
update f from 18.0769 to 18.5929
#########################################################################################
tree size= 7 lb= 65902.3 ub= 65929
#########################################################################################
idx= 9 value= 65902.3 enu= 1
brc= 264-365 : -
brc= 77-229 : +
brc= 158-295 : -
brc= 222-330 : -
brc= 142-323 : +
brc= 27-76 : +
brc= 69-321 : -
brc= 176-199 : +
brc= 49-298 : +
brc= 97-126 : -
brc= 175-375 : -
brc= 44-90 : -
brc= 47-90 : -
brc= 0-183 : +
brc= 59-148 : -
brc= 157-180 : -
brc= 215-231 : +
it= 5   ncol= 3422  ncstr= 1635 mt= 9.0   spt= 0.0   lpval= 65913.1   ub= 65929.0  
-----------------------------------------------------------------------------------------
elapsed time= 1049.55 s.
-----------------------------------------------------------------------------------------
delete columns= 32963 remain= 13252
 ****** Separate Rank1Cuts ****** 
it= 3   ncol= 3347  ncstr= 1443 mt= 0.9   spt= 0.0   lpval= 65917.0   ub= 65929.0  
-----------------------------------------------------------------------------------------
elapsed time= 1060.33 s.
-----------------------------------------------------------------------------------------
delete columns= 5864 remain= 7388
mip: row= 1341 col= 10550 density= 2.14708%
mip time= 28.57 s.
mip status= 6
#########################################################################################
tree size= 6 lb= 65902.3 ub= 65929
#########################################################################################
idx= 10 value= 65902.3 enu= 1
brc= 264-365 : -
brc= 77-229 : +
brc= 158-295 : -
brc= 222-330 : -
brc= 142-323 : +
brc= 27-76 : +
brc= 69-321 : -
brc= 176-199 : +
brc= 49-298 : +
brc= 97-126 : -
brc= 175-375 : -
brc= 44-90 : -
brc= 47-90 : -
brc= 0-183 : +
brc= 59-148 : -
brc= 157-180 : -
brc= 215-231 : -
it= 4   ncol= 3435  ncstr= 1635 mt= 0.8   spt= 0.0   lpval= 65904.0   ub= 65929.0  
-----------------------------------------------------------------------------------------
elapsed time= 1094.92 s.
-----------------------------------------------------------------------------------------
columns pending deletion= 8361 remain= 47082 col ratio= 0.822416 row ratio= 0.864832
 ****** Separate RCCs ****** 
 ****** Separate Rank1Cuts ****** 
it= 4   ncol= 3450  ncstr= 1756 mt= 1.1   spt= 0.0   lpval= 65905.4   ub= 65929.0  
-----------------------------------------------------------------------------------------
elapsed time= 1100.97 s.
-----------------------------------------------------------------------------------------
delete columns= 13752 remain= 33330
 ****** Separate Rank1Cuts ****** 
it= 4   ncol= 3479  ncstr= 1522 mt= 0.6   spt= 0.0   lpval= 65906.2   ub= 65929.0  
-----------------------------------------------------------------------------------------
elapsed time= 1111.95 s.
-----------------------------------------------------------------------------------------
columns pending deletion= 3483 remain= 33330 col ratio= 0.8955 row ratio= 0.936925
[1;36m[REMIND] 2: gap improved= 0.856441 ratio= 0.037629 threshold= 0.040000 in function increaseCondition2 at /blue/yu.yang1/you.z/route_opt/packages/application/X-n384-k52/src/main/src/call_cutting.cpp:74[0m
 ****** Separate Rank1Cuts ****** 
it= 3   ncol= 3474  ncstr= 1620 mt= 0.5   spt= 0.0   lpval= 65906.8   ub= 65929.0  
-----------------------------------------------------------------------------------------
elapsed time= 1116.87 s.
-----------------------------------------------------------------------------------------
columns pending deletion= 5335 remain= 33330 col ratio= 0.839934 row ratio= 0.91358
[1;36m[REMIND] 2: gap improved= 0.565687 ratio= 0.025487 threshold= 0.040000 in function increaseCondition2 at /blue/yu.yang1/you.z/route_opt/packages/application/X-n384-k52/src/main/src/call_cutting.cpp:74[0m
 ****** Separate Rank1Cuts ****** 
it= 4   ncol= 3489  ncstr= 1718 mt= 0.7   spt= 0.0   lpval= 65907.2   ub= 65929.0  
-----------------------------------------------------------------------------------------
elapsed time= 1121.94 s.
-----------------------------------------------------------------------------------------
columns pending deletion= 7066 remain= 33330 col ratio= 0.787999 row ratio= 0.877765
[1;36m[REMIND] 2: gap improved= 0.433604 ratio= 0.019926 threshold= 0.040000 in function increaseCondition2 at /blue/yu.yang1/you.z/route_opt/packages/application/X-n384-k52/src/main/src/call_cutting.cpp:74[0m
[1;36m[REMIND] tail off counter= 3 threshold= 3 in function setIfTailOff at /blue/yu.yang1/you.z/route_opt/packages/application/X-n384-k52/src/main/src/call_cutting.cpp:150[0m
current_r_best= 5.34141
alpha= 0.37 beta= 0.593146 omega= 81.9296 k1= 3
lb_k= 1 ub_k= 37
revise: lb_k= 3 ub_k= 4
opt_k= 3
alpha= 0.75 beta= 0.593146 omega= 5.62259 k1= 1
lb_k= 1 ub_k= 3
revise: lb_k= 1 ub_k= 3
opt_k= 2
pseudo= 50 frac= 50
#candidates in phase1= 3
testing lp time= 3.68 s.
-----------------------------------------------------------------------------------------
284-295 ,  20.41| 185-375 ,  17.35| 180-214 ,   3.60| 
-----------------------------------------------------------------------------------------
edge= 185 375 lp= 1.46881 pre= 0 lp2= 11.812 pre2= 2 score= 17.3496
-----------------------------------------------------------------------------------------
edge= 284 295 lp= 8.77176 pre= 1 lp2= 2.32691 pre2= 0 score= 20.4111
-----------------------------------------------------------------------------------------
brc= 284-295
t= 0.523389 c= 40.6391 n= 9 if_b4= 0
t= 7.29791 c= 39.9039 n= 9 if_b4= 0
#########################################################################################
tree size= 7 lb= 65904.1 ub= 65929
#########################################################################################
idx= 15 value= 65904.1 enu= 1
brc= 264-365 : -
brc= 77-229 : +
brc= 158-295 : -
brc= 222-330 : -
brc= 142-323 : +
brc= 27-76 : +
brc= 69-321 : -
brc= 176-199 : +
brc= 49-298 : +
brc= 97-126 : -
brc= 175-375 : -
brc= 44-90 : -
brc= 47-90 : -
brc= 0-183 : +
brc= 59-148 : +
brc= 163-231 : -
brc= 175-231 : +
it= 5   ncol= 3306  ncstr= 1470 mt= 6.7   spt= 0.0   lpval= 65907.0   ub= 65929.0  
-----------------------------------------------------------------------------------------
elapsed time= 1148.04 s.
-----------------------------------------------------------------------------------------
columns pending deletion= 9022 remain= 36020 col ratio= 0.749528 row ratio= 0.897279
 ****** Separate Rank1Cuts ****** 
it= 4   ncol= 3341  ncstr= 1560 mt= 1.2   spt= 0.0   lpval= 65909.1   ub= 65929.0  
-----------------------------------------------------------------------------------------
elapsed time= 1153.41 s.
-----------------------------------------------------------------------------------------
delete columns= 15467 remain= 20553
 ****** Separate Rank1Cuts ****** 
it= 4   ncol= 3338  ncstr= 1409 mt= 0.5   spt= 0.0   lpval= 65909.8   ub= 65929.0  
-----------------------------------------------------------------------------------------
elapsed time= 1162.58 s.
-----------------------------------------------------------------------------------------
columns pending deletion= 2235 remain= 20553 col ratio= 0.891257 row ratio= 0.938964
[1;36m[REMIND] 2: gap improved= 0.668984 ratio= 0.034851 threshold= 0.040000 in function increaseCondition2 at /blue/yu.yang1/you.z/route_opt/packages/application/X-n384-k52/src/main/src/call_cutting.cpp:74[0m
 ****** Separate Rank1Cuts ****** 
it= 3   ncol= 3312  ncstr= 1494 mt= 0.3   spt= 0.0   lpval= 65910.4   ub= 65929.0  
-----------------------------------------------------------------------------------------
elapsed time= 1166.48 s.
-----------------------------------------------------------------------------------------
columns pending deletion= 3645 remain= 20553 col ratio= 0.822654 row ratio= 0.905622
[1;36m[REMIND] 2: gap improved= 0.591993 ratio= 0.031821 threshold= 0.040000 in function increaseCondition2 at /blue/yu.yang1/you.z/route_opt/packages/application/X-n384-k52/src/main/src/call_cutting.cpp:74[0m
 ****** Separate Rank1Cuts ****** 
it= 3   ncol= 3330  ncstr= 1565 mt= 0.4   spt= 0.0   lpval= 65910.9   ub= 65929.0  
-----------------------------------------------------------------------------------------
elapsed time= 1170.17 s.
-----------------------------------------------------------------------------------------
columns pending deletion= 4896 remain= 20553 col ratio= 0.761787 row ratio= 0.881789
[1;36m[REMIND] 2: gap improved= 0.512377 ratio= 0.028322 threshold= 0.040000 in function increaseCondition2 at /blue/yu.yang1/you.z/route_opt/packages/application/X-n384-k52/src/main/src/call_cutting.cpp:74[0m
[1;36m[REMIND] tail off counter= 3 threshold= 3 in function setIfTailOff at /blue/yu.yang1/you.z/route_opt/packages/application/X-n384-k52/src/main/src/call_cutting.cpp:150[0m
mip: row= 1380 col= 18956 density= 2.00983%
mip time= 116.03 s.
mip status= 6
#########################################################################################
tree size= 6 lb= 65904.1 ub= 65929
#########################################################################################
idx= 16 value= 65904.1 enu= 1
brc= 264-365 : -
brc= 77-229 : +
brc= 158-295 : -
brc= 222-330 : -
brc= 142-323 : +
brc= 27-76 : +
brc= 69-321 : -
brc= 176-199 : +
brc= 49-298 : +
brc= 97-126 : -
brc= 175-375 : -
brc= 44-90 : -
brc= 47-90 : -
brc= 0-183 : +
brc= 59-148 : +
brc= 163-231 : -
brc= 175-231 : -
it= 5   ncol= 3356  ncstr= 1470 mt= 1.7   spt= 0.0   lpval= 65906.8   ub= 65929.0  
-----------------------------------------------------------------------------------------
elapsed time= 1293.61 s.
-----------------------------------------------------------------------------------------
columns pending deletion= 8154 remain= 36418 col ratio= 0.7761 row ratio= 0.914286
 ****** Separate Rank1Cuts ****** 
it= 4   ncol= 3377  ncstr= 1546 mt= 1.1   spt= 0.0   lpval= 65908.3   ub= 65929.0  
-----------------------------------------------------------------------------------------
elapsed time= 1299.30 s.
-----------------------------------------------------------------------------------------
delete columns= 12785 remain= 23633
 ****** Separate Rank1Cuts ****** 
it= 4   ncol= 3369  ncstr= 1480 mt= 0.4   spt= 0.0   lpval= 65908.9   ub= 65929.0  
-----------------------------------------------------------------------------------------
elapsed time= 1303.50 s.
-----------------------------------------------------------------------------------------
columns pending deletion= 1836 remain= 23633 col ratio= 0.922312 row ratio= 0.938514
[1;36m[REMIND] 2: gap improved= 0.548664 ratio= 0.027240 threshold= 0.040000 in function increaseCondition2 at /blue/yu.yang1/you.z/route_opt/packages/application/X-n384-k52/src/main/src/call_cutting.cpp:74[0m
 ****** Separate Rank1Cuts ****** 
it= 4   ncol= 3413  ncstr= 1589 mt= 0.9   spt= 0.0   lpval= 65909.5   ub= 65929.0  
-----------------------------------------------------------------------------------------
elapsed time= 1308.68 s.
-----------------------------------------------------------------------------------------
columns pending deletion= 3839 remain= 23633 col ratio= 0.837558 row ratio= 0.891126
[1;36m[REMIND] 2: gap improved= 0.599446 ratio= 0.030675 threshold= 0.040000 in function increaseCondition2 at /blue/yu.yang1/you.z/route_opt/packages/application/X-n384-k52/src/main/src/call_cutting.cpp:74[0m
 ****** Separate Rank1Cuts ****** 
it= 4   ncol= 3448  ncstr= 1675 mt= 0.8   spt= 0.0   lpval= 65910.0   ub= 65929.0  
-----------------------------------------------------------------------------------------
elapsed time= 1313.58 s.
-----------------------------------------------------------------------------------------
columns pending deletion= 5219 remain= 23633 col ratio= 0.779165 row ratio= 0.863284
[1;36m[REMIND] 2: gap improved= 0.492756 ratio= 0.025867 threshold= 0.040000 in function increaseCondition2 at /blue/yu.yang1/you.z/route_opt/packages/application/X-n384-k52/src/main/src/call_cutting.cpp:74[0m
[1;36m[REMIND] tail off counter= 3 threshold= 3 in function setIfTailOff at /blue/yu.yang1/you.z/route_opt/packages/application/X-n384-k52/src/main/src/call_cutting.cpp:150[0m
current_r_best= 5.34141
alpha= 0.37 beta= 0.0854697 omega= 77.646 k1= 1
lb_k= 1 ub_k= 1
opt_k= 1
alpha= 0.75 beta= 0.0854697 omega= 5.46786 k1= 1
lb_k= 1 ub_k= 1
opt_k= 1
pseudo= 50 frac= 50
#candidates in phase1= 1
[1;36m[REMIND] no data in phase2: a single candidate in function getFeatureDataPhase2 at /blue/yu.yang1/you.z/route_opt/packages/application/X-n384-k52/src/l2b/include/t_l2b_phase2.hpp:27[0m
brc= 231-375
t= 0.523389 c= 38.9234 n= 10 if_b4= 0
t= 7.29791 c= 38.2551 n= 10 if_b4= 0
#########################################################################################
tree size= 7 lb= 65905 ub= 65929
#########################################################################################
idx= 17 value= 65905 enu= 1
brc= 264-365 : -
brc= 77-229 : +
brc= 158-295 : -
brc= 222-330 : -
brc= 142-323 : +
brc= 27-76 : +
brc= 69-321 : -
brc= 176-199 : +
brc= 49-298 : +
brc= 97-126 : -
brc= 175-375 : -
brc= 44-90 : -
brc= 47-90 : -
brc= 0-183 : +
brc= 59-148 : -
brc= 157-180 : +
brc= 92-353 : -
brc= 284-295 : +
brc= 252-284 : +
it= 5   ncol= 3614  ncstr= 1681 mt= 8.5   spt= 0.0   lpval= 65906.8   ub= 65929.0  
-----------------------------------------------------------------------------------------
elapsed time= 1329.56 s.
-----------------------------------------------------------------------------------------
columns pending deletion= 5908 remain= 31792 col ratio= 0.814167 row ratio= 0.828079
 ****** Separate Rank1Cuts ****** 
it= 4   ncol= 3621  ncstr= 1754 mt= 0.6   spt= 0.0   lpval= 65907.8   ub= 65929.0  
-----------------------------------------------------------------------------------------
elapsed time= 1334.47 s.
-----------------------------------------------------------------------------------------
delete columns= 8761 remain= 23031
 ****** Separate Rank1Cuts ****** 
it= 4   ncol= 3635  ncstr= 1513 mt= 0.6   spt= 0.0   lpval= 65908.4   ub= 65929.0  
-----------------------------------------------------------------------------------------
elapsed time= 1338.61 s.
-----------------------------------------------------------------------------------------
columns pending deletion= 1908 remain= 23031 col ratio= 0.917155 row ratio= 0.933245
[1;36m[REMIND] 2: gap improved= 0.593622 ratio= 0.028804 threshold= 0.040000 in function increaseCondition2 at /blue/yu.yang1/you.z/route_opt/packages/application/X-n384-k52/src/main/src/call_cutting.cpp:74[0m
 ****** Separate Rank1Cuts ****** 
it= 4   ncol= 3662  ncstr= 1607 mt= 0.6   spt= 0.0   lpval= 65908.8   ub= 65929.0  
-----------------------------------------------------------------------------------------
elapsed time= 1342.67 s.
-----------------------------------------------------------------------------------------
columns pending deletion= 3118 remain= 23031 col ratio= 0.864617 row ratio= 0.894835
[1;36m[REMIND] 2: gap improved= 0.427190 ratio= 0.021167 threshold= 0.040000 in function increaseCondition2 at /blue/yu.yang1/you.z/route_opt/packages/application/X-n384-k52/src/main/src/call_cutting.cpp:74[0m
 ****** Separate Rank1Cuts ****** 
it= 5   ncol= 3666  ncstr= 1690 mt= 0.6   spt= 0.0   lpval= 65909.1   ub= 65929.0  
-----------------------------------------------------------------------------------------
elapsed time= 1346.46 s.
-----------------------------------------------------------------------------------------
columns pending deletion= 3896 remain= 23031 col ratio= 0.830837 row ratio= 0.878107
[1;36m[REMIND] 2: gap improved= 0.260198 ratio= 0.013061 threshold= 0.040000 in function increaseCondition2 at /blue/yu.yang1/you.z/route_opt/packages/application/X-n384-k52/src/main/src/call_cutting.cpp:74[0m
[1;36m[REMIND] tail off counter= 3 threshold= 3 in function setIfTailOff at /blue/yu.yang1/you.z/route_opt/packages/application/X-n384-k52/src/main/src/call_cutting.cpp:150[0m
current_r_best= 5.34141
alpha= 0.37 beta= 0.248832 omega= 74.3681 k1= 2
lb_k= 1 ub_k= 3
revise: lb_k= 1 ub_k= 2
opt_k= 2
alpha= 0.75 beta= 0.248832 omega= 5.24193 k1= 1
lb_k= 1 ub_k= 2
revise: lb_k= 1 ub_k= 1
opt_k= 1
pseudo= 50 frac= 50
#candidates in phase1= 2
testing lp time= 2.58 s.
-----------------------------------------------------------------------------------------
 86-212 ,   8.22|   0-241 ,   2.92| 
-----------------------------------------------------------------------------------------
brc= 86-212
t= 0.533576 c= 37.8028 n= 11 if_b4= 0
t= 7.29791 c= 37.2978 n= 11 if_b4= 0
#########################################################################################
tree size= 8 lb= 65905 ub= 65929
#########################################################################################
idx= 18 value= 65905 enu= 1
brc= 264-365 : -
brc= 77-229 : +
brc= 158-295 : -
brc= 222-330 : -
brc= 142-323 : +
brc= 27-76 : +
brc= 69-321 : -
brc= 176-199 : +
brc= 49-298 : +
brc= 97-126 : -
brc= 175-375 : -
brc= 44-90 : -
brc= 47-90 : -
brc= 0-183 : +
brc= 59-148 : -
brc= 157-180 : +
brc= 92-353 : -
brc= 284-295 : +
brc= 252-284 : -
it= 5   ncol= 3626  ncstr= 1681 mt= 1.9   spt= 0.0   lpval= 65911.1   ub= 65929.0  
-----------------------------------------------------------------------------------------
elapsed time= 1367.24 s.
-----------------------------------------------------------------------------------------
delete columns= 16066 remain= 15992
 ****** Separate RCCs ****** 
 ****** Separate Rank1Cuts ****** 
it= 3   ncol= 3561  ncstr= 1451 mt= 0.6   spt= 0.0   lpval= 65914.2   ub= 65929.0  
-----------------------------------------------------------------------------------------
elapsed time= 1372.31 s.
-----------------------------------------------------------------------------------------
delete columns= 5662 remain= 10330
mip: row= 1343 col= 13759 density= 2.02963%
mip time= 43.38 s.
mip status= 6
#########################################################################################
tree size= 7 lb= 65906 ub= 65929
#########################################################################################
idx= 13 value= 65906 enu= 1
brc= 264-365 : -
brc= 77-229 : +
brc= 158-295 : -
brc= 222-330 : -
brc= 142-323 : +
brc= 27-76 : +
brc= 69-321 : -
brc= 176-199 : +
brc= 49-298 : +
brc= 97-126 : -
brc= 175-375 : -
brc= 44-90 : -
brc= 47-90 : -
brc= 0-183 : +
brc= 59-148 : +
brc= 163-231 : +
brc= 224-231 : +
it= 5   ncol= 3324  ncstr= 1623 mt= 7.1   spt= 0.0   lpval= 65908.7   ub= 65929.0  
-----------------------------------------------------------------------------------------
elapsed time= 1422.97 s.
-----------------------------------------------------------------------------------------
delete columns= 7344 remain= 20494
 ****** Separate Rank1Cuts ****** 
it= 4   ncol= 3288  ncstr= 1384 mt= 0.5   spt= 0.0   lpval= 65909.7   ub= 65929.0  
-----------------------------------------------------------------------------------------
elapsed time= 1432.46 s.
-----------------------------------------------------------------------------------------
columns pending deletion= 2807 remain= 20494 col ratio= 0.863033 row ratio= 0.925578
 ****** Separate Rank1Cuts ****** 
it= 4   ncol= 3284  ncstr= 1517 mt= 0.5   spt= 0.0   lpval= 65910.3   ub= 65929.0  
-----------------------------------------------------------------------------------------
elapsed time= 1436.95 s.
-----------------------------------------------------------------------------------------
columns pending deletion= 4195 remain= 20494 col ratio= 0.795306 row ratio= 0.875412
[1;36m[REMIND] 2: gap improved= 0.636663 ratio= 0.034128 threshold= 0.040000 in function increaseCondition2 at /blue/yu.yang1/you.z/route_opt/packages/application/X-n384-k52/src/main/src/call_cutting.cpp:74[0m
mip: row= 1328 col= 19572 density= 2.08186%
mip time= 101.15 s.
mip status= 6
update f from 18.5929 to 18.6553
#########################################################################################
tree size= 6 lb= 65906 ub= 65929
#########################################################################################
idx= 14 value= 65906 enu= 1
brc= 264-365 : -
brc= 77-229 : +
brc= 158-295 : -
brc= 222-330 : -
brc= 142-323 : +
brc= 27-76 : +
brc= 69-321 : -
brc= 176-199 : +
brc= 49-298 : +
brc= 97-126 : -
brc= 175-375 : -
brc= 44-90 : -
brc= 47-90 : -
brc= 0-183 : +
brc= 59-148 : +
brc= 163-231 : +
brc= 224-231 : -
it= 4   ncol= 3391  ncstr= 1623 mt= 2.1   spt= 0.0   lpval= 65914.9   ub= 65929.0  
-----------------------------------------------------------------------------------------
elapsed time= 1540.41 s.
-----------------------------------------------------------------------------------------
delete columns= 18881 remain= 9203
 ****** Separate Rank1Cuts ****** 
it= 4   ncol= 3220  ncstr= 1350 mt= 0.6   spt= 0.0   lpval= 65917.2   ub= 65929.0  
-----------------------------------------------------------------------------------------
elapsed time= 1549.84 s.
-----------------------------------------------------------------------------------------
columns pending deletion= 2859 remain= 9203 col ratio= 0.68934 row ratio= 0.925185
mip: row= 1249 col= 9415 density= 2.13096%
mip time= 21.12 s.
mip status= 6
#########################################################################################
tree size= 5 lb= 65907.2 ub= 65929
#########################################################################################
idx= 19 value= 65907.2 enu= 1
brc= 264-365 : -
brc= 77-229 : +
brc= 158-295 : -
brc= 222-330 : -
brc= 142-323 : +
brc= 27-76 : +
brc= 69-321 : -
brc= 176-199 : +
brc= 49-298 : +
brc= 97-126 : -
brc= 175-375 : -
brc= 44-90 : -
brc= 47-90 : -
brc= 0-183 : +
brc= 59-148 : -
brc= 157-180 : -
brc= 215-231 : -
brc= 284-295 : +
it= 5   ncol= 3456  ncstr= 1718 mt= 8.1   spt= 0.0   lpval= 65909.4   ub= 65929.0  
-----------------------------------------------------------------------------------------
elapsed time= 1583.26 s.
-----------------------------------------------------------------------------------------
columns pending deletion= 5434 remain= 25497 col ratio= 0.786877 row ratio= 0.838184
 ****** Separate Rank1Cuts ****** 
it= 5   ncol= 3508  ncstr= 1771 mt= 1.1   spt= 0.0   lpval= 65910.4   ub= 65929.0  
-----------------------------------------------------------------------------------------
elapsed time= 1588.53 s.
-----------------------------------------------------------------------------------------
delete columns= 8038 remain= 17459
 ****** Separate Rank1Cuts ****** 
it= 3   ncol= 3516  ncstr= 1526 mt= 0.7   spt= 0.0   lpval= 65911.1   ub= 65929.0  
-----------------------------------------------------------------------------------------
elapsed time= 1593.04 s.
-----------------------------------------------------------------------------------------
columns pending deletion= 1642 remain= 17459 col ratio= 0.905951 row ratio= 0.942988
[1;36m[REMIND] 2: gap improved= 0.651170 ratio= 0.036281 threshold= 0.040000 in function increaseCondition2 at /blue/yu.yang1/you.z/route_opt/packages/application/X-n384-k52/src/main/src/call_cutting.cpp:74[0m
mip: row= 1439 col= 19320 density= 2.08737%
mip time= 90.53 s.
mip status= 6
#########################################################################################
tree size= 4 lb= 65907.2 ub= 65929
#########################################################################################
idx= 20 value= 65907.2 enu= 1
brc= 264-365 : -
brc= 77-229 : +
brc= 158-295 : -
brc= 222-330 : -
brc= 142-323 : +
brc= 27-76 : +
brc= 69-321 : -
brc= 176-199 : +
brc= 49-298 : +
brc= 97-126 : -
brc= 175-375 : -
brc= 44-90 : -
brc= 47-90 : -
brc= 0-183 : +
brc= 59-148 : -
brc= 157-180 : -
brc= 215-231 : -
brc= 284-295 : -
it= 4   ncol= 3548  ncstr= 1718 mt= 2.3   spt= 0.0   lpval= 65914.0   ub= 65929.0  
-----------------------------------------------------------------------------------------
elapsed time= 1686.10 s.
-----------------------------------------------------------------------------------------
delete columns= 15084 remain= 10830
 ****** Separate Rank1Cuts ****** 
it= 3   ncol= 3427  ncstr= 1470 mt= 0.8   spt= 0.0   lpval= 65915.9   ub= 65929.0  
-----------------------------------------------------------------------------------------
elapsed time= 1696.86 s.
-----------------------------------------------------------------------------------------
columns pending deletion= 2768 remain= 10830 col ratio= 0.744414 row ratio= 0.921088
mip: row= 1354 col= 11388 density= 2.17259%
mip time= 28.09 s.
mip status= 6
#########################################################################################
tree size= 3 lb= 65909.1 ub= 65929
#########################################################################################
idx= 23 value= 65909.1 enu= 1
brc= 264-365 : -
brc= 77-229 : +
brc= 158-295 : -
brc= 222-330 : -
brc= 142-323 : +
brc= 27-76 : +
brc= 69-321 : -
brc= 176-199 : +
brc= 49-298 : +
brc= 97-126 : -
brc= 175-375 : -
brc= 44-90 : -
brc= 47-90 : -
brc= 0-183 : +
brc= 59-148 : -
brc= 157-180 : +
brc= 92-353 : -
brc= 284-295 : +
brc= 252-284 : +
brc= 86-212 : +
it= 6   ncol= 3665  ncstr= 1690 mt= 9.0   spt= 0.0   lpval= 65917.4   ub= 65929.0  
-----------------------------------------------------------------------------------------
elapsed time= 1739.52 s.
-----------------------------------------------------------------------------------------
delete columns= 12714 remain= 5727
 ****** Separate RCCs ****** 
 ****** Separate Rank1Cuts ****** 
it= 5   ncol= 3217  ncstr= 1375 mt= 0.6   spt= 0.0   lpval= 65919.4   ub= 65929.0  
-----------------------------------------------------------------------------------------
elapsed time= 1743.72 s.
-----------------------------------------------------------------------------------------
columns pending deletion= 1734 remain= 5727 col ratio= 0.697224 row ratio= 0.906909
mip: row= 1247 col= 6974 density= 2.14713%
mip time= 8.17 s.
mip status= 6
#########################################################################################
tree size= 2 lb= 65909.1 ub= 65929
#########################################################################################
idx= 24 value= 65909.1 enu= 1
brc= 264-365 : -
brc= 77-229 : +
brc= 158-295 : -
brc= 222-330 : -
brc= 142-323 : +
brc= 27-76 : +
brc= 69-321 : -
brc= 176-199 : +
brc= 49-298 : +
brc= 97-126 : -
brc= 175-375 : -
brc= 44-90 : -
brc= 47-90 : -
brc= 0-183 : +
brc= 59-148 : -
brc= 157-180 : +
brc= 92-353 : -
brc= 284-295 : +
brc= 252-284 : +
brc= 86-212 : -
it= 3   ncol= 3694  ncstr= 1690 mt= 0.4   spt= 0.0   lpval= 65909.9   ub= 65929.0  
-----------------------------------------------------------------------------------------
elapsed time= 1752.41 s.
-----------------------------------------------------------------------------------------
columns pending deletion= 1763 remain= 19115 col ratio= 0.907769 row ratio= 0.860355
 ****** Separate RCCs ****** 
 ****** Separate Rank1Cuts ****** 
it= 3   ncol= 3688  ncstr= 1794 mt= 0.4   spt= 0.0   lpval= 65910.5   ub= 65929.0  
-----------------------------------------------------------------------------------------
elapsed time= 1756.48 s.
-----------------------------------------------------------------------------------------
columns pending deletion= 2944 remain= 19115 col ratio= 0.845985 row ratio= 0.826087
[1;36m[REMIND] 2: gap improved= 0.567615 ratio= 0.030601 threshold= 0.040000 in function increaseCondition2 at /blue/yu.yang1/you.z/route_opt/packages/application/X-n384-k52/src/main/src/call_cutting.cpp:74[0m
mip: row= 1482 col= 19841 density= 1.97541%
mip time= 140.40 s.
mip status= 6
#########################################################################################
tree size= 1 lb= 65910 ub= 65929
#########################################################################################
idx= 21 value= 65910 enu= 1
brc= 264-365 : -
brc= 77-229 : +
brc= 158-295 : -
brc= 222-330 : -
brc= 142-323 : +
brc= 27-76 : +
brc= 69-321 : -
brc= 176-199 : +
brc= 49-298 : +
brc= 97-126 : -
brc= 175-375 : -
brc= 44-90 : -
brc= 47-90 : -
brc= 0-183 : +
brc= 59-148 : +
brc= 163-231 : -
brc= 175-231 : -
brc= 231-375 : +
it= 5   ncol= 3475  ncstr= 1675 mt= 8.8   spt= 0.0   lpval= 65915.6   ub= 65929.0  
-----------------------------------------------------------------------------------------
elapsed time= 1905.85 s.
-----------------------------------------------------------------------------------------
delete columns= 9892 remain= 8275
 ****** Separate Rank1Cuts ****** 
it= 3   ncol= 3347  ncstr= 1413 mt= 0.6   spt= 0.0   lpval= 65917.5   ub= 65929.0  
-----------------------------------------------------------------------------------------
elapsed time= 1910.41 s.
-----------------------------------------------------------------------------------------
columns pending deletion= 2178 remain= 8275 col ratio= 0.736798 row ratio= 0.918613
mip: row= 1298 col= 9302 density= 2.11763%
mip time= 22.54 s.
mip status= 6
#########################################################################################
tree size= 0 lb= 65910 ub= 65929
#########################################################################################
idx= 22 value= 65910 enu= 1
brc= 264-365 : -
brc= 77-229 : +
brc= 158-295 : -
brc= 222-330 : -
brc= 142-323 : +
brc= 27-76 : +
brc= 69-321 : -
brc= 176-199 : +
brc= 49-298 : +
brc= 97-126 : -
brc= 175-375 : -
brc= 44-90 : -
brc= 47-90 : -
brc= 0-183 : +
brc= 59-148 : +
brc= 163-231 : -
brc= 175-231 : -
brc= 231-375 : -
it= 4   ncol= 3462  ncstr= 1675 mt= 1.0   spt= 0.0   lpval= 65910.9   ub= 65929.0  
-----------------------------------------------------------------------------------------
elapsed time= 1934.05 s.
-----------------------------------------------------------------------------------------
columns pending deletion= 2109 remain= 18371 col ratio= 0.885199 row ratio= 0.837015
 ****** Separate RCCs ****** 
 ****** Separate Rank1Cuts ****** 
it= 3   ncol= 3458  ncstr= 1751 mt= 0.6   spt= 0.0   lpval= 65911.9   ub= 65929.0  
-----------------------------------------------------------------------------------------
elapsed time= 1938.93 s.
-----------------------------------------------------------------------------------------
columns pending deletion= 4243 remain= 18371 col ratio= 0.769038 row ratio= 0.821245
mip: row= 1438 col= 17562 density= 2.05533%
mip time= 94.00 s.
mip status= 6
#########################################################################################
[32m<Instance: X-n384-k52>
<Solution>
<UB= 65929>
<LB= 65929>
<Elapsed Time= 2039.2>
<Nodes Explored= 25>
<Global Gap= 0%>[0m
#########################################################################################
File nodes/X-n384-k52_1_2_0_1_0_4_G32.node deleted successfully.
