application type: CVRP
X-n384-k52_3_0_2_2_2_G32.node
Set parameter ServerTimeout to value 600
Set parameter TokenServer to value "grb-ts.ufhpc"
Set parameter Threads to value 1
instance name= X-n384-k52
#########################################################################################
tree size= 0 lb= 0 ub= 65929
#########################################################################################
idx= 5 value= 65822.8 enu= 0
brc= 264-365 : -
brc= 77-229 : -
brc= 49-126 : -
brc= 2-264 : +
brc= 317-370 : +
brc= 176-199 : -
brc= 109-146 : -
brc= 59-148 : +
brc= 0-142 : -
brc= 45-199 : -
brc= 243-317 : +
brc= 158-295 : -
brc= 252-293 : -
brc= 171-289 : +
-----------------------------------------------------------------------------------------
 ****** Pricing Level: LIGHT HEUR ****** 
it= 14  ncol= 2677  ncstr= 1201 mt= 1.2   spt= 1.3   lpval= 65826.8   ub= 65929.0  
 ****** Pricing Level: HEAVY HEUR ****** 
it= 6   ncol= 2808  ncstr= 1201 mt= 0.9   spt= 1.4   lpval= 65825.4   ub= 65929.0  
 ****** Pricing Level: EXACT ****** 
it= 4   ncol= 3172  ncstr= 1201 mt= 0.5   spt= 5.1   lpval= 65824.8   ub= 65929.0  
-----------------------------------------------------------------------------------------
elapsed time= 22.41 s.
-----------------------------------------------------------------------------------------
-----------------------------------------------------------------------------------------
 ****** Run Arc Elimination ****** 
arc elimination time= 12.29 s.
previous= 96.967% maximum= 7.69191%
eliminate bucket arcs time= 1.35 s.
obtain jump arcs time= 0.02 s.
-----------------------------------------------------------------------------------------
-----------------------------------------------------------------------------------------
elapsed time= 36.71 s.
-----------------------------------------------------------------------------------------
 ****** Separate Rank1Cuts ****** 
-----------------------------------------------------------------------------------------
 ****** Pricing Level: LIGHT HEUR ****** 
it= 5   ncol= 3253  ncstr= 1256 mt= 0.7   spt= 0.6   lpval= 65827.0   ub= 65929.0  
 ****** Pricing Level: HEAVY HEUR ****** 
it= 4   ncol= 3325  ncstr= 1256 mt= 0.5   spt= 0.9   lpval= 65826.9   ub= 65929.0  
 ****** Pricing Level: EXACT ****** 
it= 4   ncol= 3448  ncstr= 1256 mt= 0.4   spt= 4.9   lpval= 65826.7   ub= 65929.0  
-----------------------------------------------------------------------------------------
elapsed time= 54.01 s.
-----------------------------------------------------------------------------------------
[1;36m[REMIND] 2: gap improved= 1.945988 ratio= 0.019027 threshold= 0.040000 in function increaseCondition2 at /blue/yu.yang1/you.z/route_opt/packages/application/X-n384-k52/src/main/src/call_cutting.cpp:74[0m
 ****** Separate Rank1Cuts ****** 
-----------------------------------------------------------------------------------------
 ****** Pricing Level: LIGHT HEUR ****** 
it= 3   ncol= 3464  ncstr= 1259 mt= 0.4   spt= 0.3   lpval= 65828.6   ub= 65929.0  
 ****** Pricing Level: HEAVY HEUR ****** 
it= 5   ncol= 3521  ncstr= 1259 mt= 0.5   spt= 1.2   lpval= 65828.5   ub= 65929.0  
 ****** Pricing Level: EXACT ****** 
it= 4   ncol= 3652  ncstr= 1259 mt= 0.6   spt= 5.1   lpval= 65828.1   ub= 65929.0  
-----------------------------------------------------------------------------------------
elapsed time= 74.64 s.
-----------------------------------------------------------------------------------------
[1;36m[REMIND] 2: gap improved= 1.412042 ratio= 0.014000 threshold= 0.040000 in function increaseCondition2 at /blue/yu.yang1/you.z/route_opt/packages/application/X-n384-k52/src/main/src/call_cutting.cpp:74[0m
 ****** Separate Rank1Cuts ****** 
-----------------------------------------------------------------------------------------
 ****** Pricing Level: LIGHT HEUR ****** 
it= 2   ncol= 3657  ncstr= 1330 mt= 0.6   spt= 0.2   lpval= 65830.2   ub= 65929.0  
 ****** Pricing Level: HEAVY HEUR ****** 
it= 4   ncol= 3714  ncstr= 1330 mt= 0.4   spt= 1.0   lpval= 65830.1   ub= 65929.0  
 ****** Pricing Level: EXACT ****** 
it= 4   ncol= 3892  ncstr= 1330 mt= 0.7   spt= 5.2   lpval= 65829.8   ub= 65929.0  
-----------------------------------------------------------------------------------------
elapsed time= 95.07 s.
-----------------------------------------------------------------------------------------
[1;36m[REMIND] 2: gap improved= 1.643521 ratio= 0.016565 threshold= 0.040000 in function increaseCondition2 at /blue/yu.yang1/you.z/route_opt/packages/application/X-n384-k52/src/main/src/call_cutting.cpp:74[0m
[1;36m[REMIND] tail off counter= 3 threshold= 3 in function setIfTailOff at /blue/yu.yang1/you.z/route_opt/packages/application/X-n384-k52/src/main/src/call_cutting.cpp:150[0m
[1;36m[REMIND] opt_k not found for node 5, use m directly in function getOptK at /blue/yu.yang1/you.z/route_opt/packages/branching/bkf/include/bkf_controller.hpp:239[0m
current_r_best= 5.10923
we directly test 100
we directly test 4
pseudo= 50 frac= 50
#candidates in phase1= 100
testing lp time= 44.97 s.
-----------------------------------------------------------------------------------------
 48-258 ,  28.54|   0-190 ,  23.82|   0-275 ,  22.31|   0-299 ,  21.41|  49-298 ,  20.15| 
168-179 ,  16.97|  55-173 ,  15.75|  42-95  ,  15.42| 132-243 ,  14.52| 133-272 ,  13.43| 
308-376 ,  13.25|   0-327 ,  12.94|  44-98  ,  12.91|  29-345 ,  12.50| 164-201 ,  12.45| 
185-192 ,  12.32|   0-201 ,  12.03|   0-134 ,  11.94| 134-152 ,  11.94| 111-142 ,  11.58| 
356-376 ,  11.42|   0-107 ,  11.04|   0-49  ,  10.86| 107-275 ,  10.81|  14-380 ,  10.65| 
  0-146 ,  10.40| 237-288 ,  10.16|  23-193 ,  10.13| 163-231 ,  10.13| 298-323 ,  10.08| 
  0-152 ,   9.85|  40-300 ,   9.83|   0-44  ,   9.38| 106-275 ,   9.34|   0-291 ,   9.02| 
 39-308 ,   8.75|  49-335 ,   8.45|   0-51  ,   8.45|  19-51  ,   8.35| 329-353 ,   8.22| 
107-262 ,   8.04|   2-74  ,   7.66|   0-60  ,   7.59|   0-206 ,   7.34|  89-266 ,   7.01| 
  0-62  ,   6.62| 239-286 ,   6.40|  72-182 ,   6.39|   0-351 ,   6.02|   9-293 ,   5.85| 
170-351 ,   5.80| 232-378 ,   5.44| 141-270 ,   5.32|  88-258 ,   5.12| 184-274 ,   4.89| 
 45-307 ,   4.79|  85-228 ,   4.79|  86-252 ,   4.74|  47-118 ,   4.61| 124-206 ,   4.58| 
  8-257 ,   4.34|   0-133 ,   4.31| 118-133 ,   4.31|   0-270 ,   4.23|  64-86  ,   4.07| 
  9-64  ,   4.00|   0-64  ,   3.93|  86-219 ,   3.87|  90-325 ,   3.87|   3-67  ,   3.83| 
  0-104 ,   3.57|   0-258 ,   3.55|   0-5   ,   3.40| 300-324 ,   3.24|   0-86  ,   2.97| 
 62-254 ,   2.94|  64-188 ,   2.92|  57-104 ,   2.85|   0-325 ,   2.85|   0-42  ,   2.59| 
257-274 ,   2.55|  42-307 ,   2.51|   0-308 ,   2.47| 125-151 ,   2.33|  51-134 ,   2.29| 
172-227 ,   2.26| 281-339 ,   2.25|   0-96  ,   2.23|  38-151 ,   2.17|   0-19  ,   1.61| 
 54-83  ,   1.55| 300-356 ,   1.55|   0-9   ,   1.50| 103-176 ,   1.40|  86-285 ,   1.35| 
118-272 ,   1.20|   0-155 ,   1.03| 164-179 ,   1.02|  53-200 ,   0.75| 200-282 ,   0.28| 
-----------------------------------------------------------------------------------------
edge= 0 299 lp= 4.31078 pre= 2 lp2= 4.96624 pre2= 2 score= 21.4084
-----------------------------------------------------------------------------------------
edge= 0 275 lp= 4.29671 pre= 2 lp2= 5.19228 pre2= 2 score= 22.3097
-----------------------------------------------------------------------------------------
edge= 0 190 lp= 2.69852 pre= 2 lp2= 8.82865 pre2= 2 score= 23.8242
-----------------------------------------------------------------------------------------
edge= 48 258 lp= 2.21866 pre= 2 lp2= 12.8632 pre2= 2 score= 28.539
-----------------------------------------------------------------------------------------
candidate= 48-258 : -
-----------------------------------------------------------------------------------------
-----------------------------------------------------------------------------------------
 ****** Pricing Level: LIGHT HEUR ****** 
it= 6   ncol= 2730  ncstr= 1204 mt= 0.6   spt= 0.6   lpval= 65832.0   ub= 65929.0  
 ****** Pricing Level: HEAVY HEUR ****** 
it= 5   ncol= 2797  ncstr= 1204 mt= 0.7   spt= 1.2   lpval= 65831.3   ub= 65929.0  
-----------------------------------------------------------------------------------------
elapsed time= 149.97 s.
-----------------------------------------------------------------------------------------
candidate= 0-190 : -
-----------------------------------------------------------------------------------------
-----------------------------------------------------------------------------------------
 ****** Pricing Level: LIGHT HEUR ****** 
it= 2   ncol= 2618  ncstr= 1204 mt= 0.3   spt= 0.2   lpval= 65832.5   ub= 65929.0  
 ****** Pricing Level: HEAVY HEUR ****** 
it= 4   ncol= 2659  ncstr= 1204 mt= 0.4   spt= 1.0   lpval= 65832.2   ub= 65929.0  
-----------------------------------------------------------------------------------------
elapsed time= 153.43 s.
-----------------------------------------------------------------------------------------
candidate= 0-275 : -
-----------------------------------------------------------------------------------------
-----------------------------------------------------------------------------------------
 ****** Pricing Level: LIGHT HEUR ****** 
it= 8   ncol= 2749  ncstr= 1204 mt= 0.5   spt= 0.8   lpval= 65834.1   ub= 65929.0  
 ****** Pricing Level: HEAVY HEUR ****** 
it= 6   ncol= 2836  ncstr= 1204 mt= 0.9   spt= 1.4   lpval= 65833.4   ub= 65929.0  
-----------------------------------------------------------------------------------------
elapsed time= 161.29 s.
-----------------------------------------------------------------------------------------
candidate= 0-190 : +
-----------------------------------------------------------------------------------------
-----------------------------------------------------------------------------------------
 ****** Pricing Level: LIGHT HEUR ****** 
it= 12  ncol= 2863  ncstr= 1204 mt= 2.3   spt= 1.2   lpval= 65835.7   ub= 65929.0  
 ****** Pricing Level: HEAVY HEUR ****** 
it= 7   ncol= 2986  ncstr= 1204 mt= 1.1   spt= 1.7   lpval= 65833.9   ub= 65929.0  
-----------------------------------------------------------------------------------------
elapsed time= 173.17 s.
-----------------------------------------------------------------------------------------
candidate= 0-299 : -
-----------------------------------------------------------------------------------------
-----------------------------------------------------------------------------------------
 ****** Pricing Level: LIGHT HEUR ****** 
it= 5   ncol= 2697  ncstr= 1204 mt= 0.5   spt= 0.5   lpval= 65834.1   ub= 65929.0  
 ****** Pricing Level: HEAVY HEUR ****** 
it= 5   ncol= 2759  ncstr= 1204 mt= 0.6   spt= 1.2   lpval= 65833.8   ub= 65929.0  
-----------------------------------------------------------------------------------------
elapsed time= 178.81 s.
-----------------------------------------------------------------------------------------
candidate= 48-258 : +
-----------------------------------------------------------------------------------------
-----------------------------------------------------------------------------------------
 ****** Pricing Level: LIGHT HEUR ****** 
it= 6   ncol= 2711  ncstr= 1204 mt= 1.5   spt= 0.6   lpval= 65838.8   ub= 65929.0  
 ****** Pricing Level: HEAVY HEUR ****** 
it= 4   ncol= 2769  ncstr= 1204 mt= 0.8   spt= 0.9   lpval= 65835.5   ub= 65929.0  
-----------------------------------------------------------------------------------------
elapsed time= 185.46 s.
-----------------------------------------------------------------------------------------
candidate= 0-299 : +
-----------------------------------------------------------------------------------------
-----------------------------------------------------------------------------------------
 ****** Pricing Level: LIGHT HEUR ****** 
it= 6   ncol= 2698  ncstr= 1204 mt= 0.9   spt= 0.6   lpval= 65834.1   ub= 65929.0  
 ****** Pricing Level: HEAVY HEUR ****** 
it= 7   ncol= 2786  ncstr= 1204 mt= 0.8   spt= 1.7   lpval= 65833.7   ub= 65929.0  
-----------------------------------------------------------------------------------------
elapsed time= 193.22 s.
-----------------------------------------------------------------------------------------
candidate= 0-275 : +
-----------------------------------------------------------------------------------------
-----------------------------------------------------------------------------------------
 ****** Pricing Level: LIGHT HEUR ****** 
it= 7   ncol= 2725  ncstr= 1204 mt= 0.8   spt= 0.7   lpval= 65834.8   ub= 65929.0  
 ****** Pricing Level: HEAVY HEUR ****** 
it= 6   ncol= 2824  ncstr= 1204 mt= 1.0   spt= 1.4   lpval= 65833.3   ub= 65929.0  
-----------------------------------------------------------------------------------------
elapsed time= 201.00 s.
-----------------------------------------------------------------------------------------
brc= 0-299
t= 0.224848 c= 122.642 n= 0 if_b4= 1
t= 7.16445 c= 116.469 n= 0 if_b4= 1
nodes already exists
memory usage= 10GB.
#########################################################################################
tree size= 0 lb= 65829.8 ub= 65929
#########################################################################################
idx= 2 value= 65829.8 enu= 0
brc= 264-365 : -
brc= 77-229 : -
brc= 49-126 : -
brc= 2-264 : +
brc= 317-370 : +
brc= 176-199 : -
brc= 109-146 : -
brc= 59-148 : +
brc= 0-142 : -
brc= 45-199 : -
brc= 243-317 : +
brc= 158-295 : -
brc= 252-293 : -
brc= 171-289 : +
brc= 0-299 : -
-----------------------------------------------------------------------------------------
 ****** Pricing Level: LIGHT HEUR ****** 
it= 5   ncol= 2688  ncstr= 1203 mt= 0.5   spt= 0.5   lpval= 65834.1   ub= 65929.0  
 ****** Pricing Level: HEAVY HEUR ****** 
it= 5   ncol= 2757  ncstr= 1203 mt= 0.6   spt= 1.2   lpval= 65833.8   ub= 65929.0  
 ****** Pricing Level: EXACT ****** 
it= 5   ncol= 2875  ncstr= 1203 mt= 0.4   spt= 6.5   lpval= 65833.4   ub= 65929.0  
-----------------------------------------------------------------------------------------
elapsed time= 216.63 s.
-----------------------------------------------------------------------------------------
 ****** Separate RCCs ****** 
 ****** Separate Rank1Cuts ****** 
-----------------------------------------------------------------------------------------
 ****** Pricing Level: LIGHT HEUR ****** 
it= 5   ncol= 2957  ncstr= 1255 mt= 0.5   spt= 0.5   lpval= 65836.5   ub= 65929.0  
 ****** Pricing Level: HEAVY HEUR ****** 
it= 5   ncol= 3026  ncstr= 1255 mt= 0.5   spt= 1.2   lpval= 65836.3   ub= 65929.0  
 ****** Pricing Level: EXACT ****** 
it= 4   ncol= 3145  ncstr= 1255 mt= 0.5   spt= 5.2   lpval= 65836.0   ub= 65929.0  
-----------------------------------------------------------------------------------------
elapsed time= 237.59 s.
-----------------------------------------------------------------------------------------
-----------------------------------------------------------------------------------------
 ****** Run Arc Elimination ****** 
arc elimination time= 9.23 s.
previous= 87.7254% maximum= 6.74776%
eliminate bucket arcs time= 1.36 s.
obtain jump arcs time= 0.01 s.
-----------------------------------------------------------------------------------------
-----------------------------------------------------------------------------------------
elapsed time= 248.36 s.
-----------------------------------------------------------------------------------------
[1;36m[REMIND] 2: gap improved= 2.518255 ratio= 0.027064 threshold= 0.040000 in function increaseCondition2 at /blue/yu.yang1/you.z/route_opt/packages/application/X-n384-k52/src/main/src/call_cutting.cpp:74[0m
 ****** Separate RCCs ****** 
 ****** Separate Rank1Cuts ****** 
-----------------------------------------------------------------------------------------
 ****** Pricing Level: LIGHT HEUR ****** 
it= 3   ncol= 3159  ncstr= 1278 mt= 0.6   spt= 0.4   lpval= 65838.6   ub= 65929.0  
 ****** Pricing Level: HEAVY HEUR ****** 
it= 4   ncol= 3203  ncstr= 1278 mt= 0.5   spt= 0.9   lpval= 65838.4   ub= 65929.0  
 ****** Pricing Level: EXACT ****** 
it= 5   ncol= 3358  ncstr= 1278 mt= 0.5   spt= 6.0   lpval= 65838.1   ub= 65929.0  
-----------------------------------------------------------------------------------------
elapsed time= 269.48 s.
-----------------------------------------------------------------------------------------
[1;36m[REMIND] 2: gap improved= 2.160648 ratio= 0.023772 threshold= 0.040000 in function increaseCondition2 at /blue/yu.yang1/you.z/route_opt/packages/application/X-n384-k52/src/main/src/call_cutting.cpp:74[0m
 ****** Separate Rank1Cuts ****** 
-----------------------------------------------------------------------------------------
 ****** Pricing Level: LIGHT HEUR ****** 
it= 3   ncol= 3361  ncstr= 1301 mt= 0.5   spt= 0.3   lpval= 65839.9   ub= 65929.0  
 ****** Pricing Level: HEAVY HEUR ****** 
it= 4   ncol= 3392  ncstr= 1301 mt= 0.4   spt= 0.9   lpval= 65839.7   ub= 65929.0  
 ****** Pricing Level: EXACT ****** 
it= 4   ncol= 3489  ncstr= 1301 mt= 0.5   spt= 4.9   lpval= 65839.4   ub= 65929.0  
-----------------------------------------------------------------------------------------
elapsed time= 288.90 s.
-----------------------------------------------------------------------------------------
[1;36m[REMIND] 2: gap improved= 1.321999 ratio= 0.014760 threshold= 0.040000 in function increaseCondition2 at /blue/yu.yang1/you.z/route_opt/packages/application/X-n384-k52/src/main/src/call_cutting.cpp:74[0m
[1;36m[REMIND] tail off counter= 3 threshold= 3 in function setIfTailOff at /blue/yu.yang1/you.z/route_opt/packages/application/X-n384-k52/src/main/src/call_cutting.cpp:150[0m
current_r_best= 6.97442
alpha= 0.37 beta= 12.8422 omega= 545.441 k1= 37
lb_k= 1 ub_k= 37
revise: lb_k= 33 ub_k= 37
opt_k= 37
alpha= 0.75 beta= 12.8422 omega= 16.2565 k1= 3
lb_k= 1 ub_k= 3
revise: lb_k= 1 ub_k= 3
opt_k= 3
pseudo= 50 frac= 50
#candidates in phase1= 37
testing lp time= 13.79 s.
-----------------------------------------------------------------------------------------
 31-145 ,  43.95|  48-258 ,  42.62| 185-275 ,  41.55| 246-313 ,  35.13| 107-262 ,  30.58| 
 50-136 ,  27.29| 132-243 ,  27.01|  35-144 ,  27.01| 157-366 ,  25.14| 163-313 ,  23.43| 
 77-244 ,  21.92|  23-193 ,  21.55| 185-192 ,  21.27|   3-127 ,  21.01|  71-101 ,  19.37| 
141-335 ,  17.60| 251-330 ,  14.86| 237-288 ,  14.60| 298-323 ,  12.88|  55-173 ,  12.51| 
224-231 ,  11.73| 237-278 ,  11.23|   4-309 ,   9.97|  42-95  ,   8.93|   9-293 ,   7.44| 
 39-308 ,   6.92| 187-322 ,   6.33| 282-348 ,   3.92|  89-266 ,   3.79|  70-108 ,   3.78| 
155-190 ,   3.59|  21-238 ,   3.57|  18-187 ,   3.50|  18-382 ,   3.44| 318-333 ,   2.75| 
  0-273 ,   0.31| 160-273 ,   0.31| 
-----------------------------------------------------------------------------------------
edge= 185 275 lp= 1.55225 pre= 2 lp2= 26.7645 pre2= 2 score= 41.5454
-----------------------------------------------------------------------------------------
edge= 48 258 lp= 3.12572 pre= 1 lp2= 13.6361 pre2= 2 score= 42.6227
-----------------------------------------------------------------------------------------
edge= 31 145 lp= 17.7399 pre= 1 lp2= 2.47757 pre2= 1 score= 43.9518
-----------------------------------------------------------------------------------------
brc= 31-145
t= 0.205574 c= 106.093 n= 1 if_b4= 1
t= 7.16445 c= 106.453 n= 1 if_b4= 1
nodes already exists
memory usage= 10GB.
#########################################################################################
tree size= 0 lb= 65839.4 ub= 65929
#########################################################################################
idx= 4 value= 65839.4 enu= 0
brc= 264-365 : -
brc= 77-229 : -
brc= 49-126 : -
brc= 2-264 : +
brc= 317-370 : +
brc= 176-199 : -
brc= 109-146 : -
brc= 59-148 : +
brc= 0-142 : -
brc= 45-199 : -
brc= 243-317 : +
brc= 158-295 : -
brc= 252-293 : -
brc= 171-289 : +
brc= 0-299 : -
brc= 31-145 : -
-----------------------------------------------------------------------------------------
 ****** Pricing Level: LIGHT HEUR ****** 
it= 9   ncol= 2459  ncstr= 1191 mt= 1.2   spt= 0.8   lpval= 65853.8   ub= 65929.0  
 ****** Pricing Level: HEAVY HEUR ****** 
it= 5   ncol= 2524  ncstr= 1191 mt= 1.0   spt= 1.1   lpval= 65844.9   ub= 65929.0  
 ****** Pricing Level: EXACT ****** 
it= 4   ncol= 2579  ncstr= 1191 mt= 0.2   spt= 4.9   lpval= 65844.8   ub= 65929.0  
-----------------------------------------------------------------------------------------
elapsed time= 321.70 s.
-----------------------------------------------------------------------------------------
-----------------------------------------------------------------------------------------
 ****** Run Arc Elimination ****** 
arc elimination time= 8.38 s.
previous= 89.3917% maximum= 6.03114%
eliminate bucket arcs time= 1.25 s.
obtain jump arcs time= 0.01 s.
-----------------------------------------------------------------------------------------
-----------------------------------------------------------------------------------------
elapsed time= 331.51 s.
-----------------------------------------------------------------------------------------
-----------------------------------------------------------------------------------------
 ****** Try Enumeration ****** 
max_val= 84161 stop_b= 10 max_idx= 7 num_label= 248102 max_label_in_enumeration= 500000 q= 24.3323 aq.size()= 21 left_bin= 3 left_labels= 251898
status= LABEL_FOR_LIMIT
#labels= 248102 #routes= 138
labeling 1 time= 1.65 s.
next try value > 65858.2
-----------------------------------------------------------------------------------------
elapsed time= 333.37 s.
-----------------------------------------------------------------------------------------
 ****** Separate RCCs ****** 
 ****** Separate Rank1Cuts ****** 
-----------------------------------------------------------------------------------------
 ****** Pricing Level: LIGHT HEUR ****** 
it= 4   ncol= 2619  ncstr= 1300 mt= 0.5   spt= 0.4   lpval= 65846.3   ub= 65929.0  
 ****** Pricing Level: HEAVY HEUR ****** 
it= 4   ncol= 2665  ncstr= 1300 mt= 0.3   spt= 0.8   lpval= 65846.2   ub= 65929.0  
 ****** Pricing Level: EXACT ****** 
it= 4   ncol= 2778  ncstr= 1300 mt= 0.4   spt= 4.5   lpval= 65846.1   ub= 65929.0  
-----------------------------------------------------------------------------------------
elapsed time= 349.04 s.
-----------------------------------------------------------------------------------------
[1;36m[REMIND] 2: gap improved= 1.274934 ratio= 0.015381 threshold= 0.040000 in function increaseCondition2 at /blue/yu.yang1/you.z/route_opt/packages/application/X-n384-k52/src/main/src/call_cutting.cpp:74[0m
 ****** Separate RCCs ****** 
 ****** Separate Rank1Cuts ****** 
-----------------------------------------------------------------------------------------
 ****** Pricing Level: LIGHT HEUR ****** 
it= 7   ncol= 2896  ncstr= 1320 mt= 0.6   spt= 0.6   lpval= 65847.4   ub= 65929.0  
 ****** Pricing Level: HEAVY HEUR ****** 
it= 5   ncol= 2968  ncstr= 1320 mt= 0.4   spt= 1.1   lpval= 65847.4   ub= 65929.0  
 ****** Pricing Level: EXACT ****** 
it= 4   ncol= 3146  ncstr= 1320 mt= 0.5   spt= 4.6   lpval= 65847.3   ub= 65929.0  
-----------------------------------------------------------------------------------------
elapsed time= 370.30 s.
-----------------------------------------------------------------------------------------
[1;36m[REMIND] 2: gap improved= 1.141984 ratio= 0.013970 threshold= 0.040000 in function increaseCondition2 at /blue/yu.yang1/you.z/route_opt/packages/application/X-n384-k52/src/main/src/call_cutting.cpp:74[0m
 ****** Separate Rank1Cuts ****** 
-----------------------------------------------------------------------------------------
 ****** Pricing Level: LIGHT HEUR ****** 
it= 2   ncol= 3147  ncstr= 1331 mt= 0.4   spt= 0.2   lpval= 65848.8   ub= 65929.0  
 ****** Pricing Level: HEAVY HEUR ****** 
it= 4   ncol= 3208  ncstr= 1331 mt= 0.4   spt= 0.8   lpval= 65848.7   ub= 65929.0  
 ****** Pricing Level: EXACT ****** 
it= 4   ncol= 3312  ncstr= 1331 mt= 0.5   spt= 4.7   lpval= 65848.6   ub= 65929.0  
-----------------------------------------------------------------------------------------
elapsed time= 388.48 s.
-----------------------------------------------------------------------------------------
[1;36m[REMIND] 2: gap improved= 1.307770 ratio= 0.016258 threshold= 0.040000 in function increaseCondition2 at /blue/yu.yang1/you.z/route_opt/packages/application/X-n384-k52/src/main/src/call_cutting.cpp:74[0m
[1;36m[REMIND] tail off counter= 3 threshold= 3 in function setIfTailOff at /blue/yu.yang1/you.z/route_opt/packages/application/X-n384-k52/src/main/src/call_cutting.cpp:150[0m
current_r_best= 6.63676
alpha= 0.37 beta= 12.1202 omega= 516.079 k1= 37
lb_k= 1 ub_k= 37
revise: lb_k= 32 ub_k= 37
opt_k= 37
alpha= 0.75 beta= 12.1202 omega= 14.8585 k1= 3
lb_k= 1 ub_k= 3
revise: lb_k= 1 ub_k= 3
opt_k= 3
pseudo= 50 frac= 50
#candidates in phase1= 37
testing lp time= 14.94 s.
-----------------------------------------------------------------------------------------
180-214 ,  45.49| 175-375 ,  33.30| 132-243 ,  32.43| 185-275 ,  30.70| 157-366 ,  29.68| 
145-185 ,  29.01|  50-136 ,  26.69| 246-313 ,  25.76|  77-244 ,  24.36|  31-185 ,  21.12| 
107-262 ,  16.60| 141-335 ,  15.90| 163-313 ,  15.83|   3-127 ,  14.44| 251-330 ,  14.30| 
199-210 ,  13.56|  71-101 ,  11.19| 164-201 ,  10.61| 134-152 ,  10.30| 224-231 ,   9.63| 
275-320 ,   8.21| 163-231 ,   7.65| 145-313 ,   5.98|  40-300 ,   5.59|  10-86  ,   5.53| 
301-307 ,   3.66|  21-345 ,   3.59| 318-351 ,   2.88|  26-153 ,   2.26| 247-331 ,   1.84| 
  0-209 ,   0.50| 160-194 ,   0.43| 209-259 ,   0.40|  22-383 ,   0.36|   0-383 ,   0.36| 
  0-259 ,   0.33|  17-209 ,   0.32| 
-----------------------------------------------------------------------------------------
edge= 132 243 lp= 28.2518 pre= 2 lp2= 1.14785 pre2= 2 score= 32.4288
-----------------------------------------------------------------------------------------
edge= 175 375 lp= 11.2613 pre= 2 lp2= 2.95733 pre2= 2 score= 33.3034
-----------------------------------------------------------------------------------------
edge= 180 214 lp= 39.8567 pre= 2 lp2= 1.14133 pre2= 2 score= 45.4898
-----------------------------------------------------------------------------------------
candidate= 180-214 : -
-----------------------------------------------------------------------------------------
-----------------------------------------------------------------------------------------
 ****** Pricing Level: LIGHT HEUR ****** 
it= 11  ncol= 2480  ncstr= 1245 mt= 2.0   spt= 0.9   lpval= 65881.7   ub= 65929.0  
 ****** Pricing Level: HEAVY HEUR ****** 
it= 7   ncol= 2625  ncstr= 1245 mt= 1.7   spt= 1.5   lpval= 65869.4   ub= 65929.0  
-----------------------------------------------------------------------------------------
elapsed time= 418.17 s.
-----------------------------------------------------------------------------------------
candidate= 175-375 : -
-----------------------------------------------------------------------------------------
-----------------------------------------------------------------------------------------
 ****** Pricing Level: LIGHT HEUR ****** 
it= 8   ncol= 2344  ncstr= 1245 mt= 0.9   spt= 0.7   lpval= 65859.3   ub= 65929.0  
 ****** Pricing Level: HEAVY HEUR ****** 
it= 8   ncol= 2511  ncstr= 1245 mt= 1.4   spt= 1.6   lpval= 65857.0   ub= 65929.0  
-----------------------------------------------------------------------------------------
elapsed time= 427.55 s.
-----------------------------------------------------------------------------------------
candidate= 132-243 : -
-----------------------------------------------------------------------------------------
-----------------------------------------------------------------------------------------
 ****** Pricing Level: LIGHT HEUR ****** 
it= 14  ncol= 2521  ncstr= 1245 mt= 2.0   spt= 1.2   lpval= 65871.3   ub= 65929.0  
 ****** Pricing Level: HEAVY HEUR ****** 
it= 10  ncol= 2714  ncstr= 1245 mt= 2.0   spt= 2.0   lpval= 65861.8   ub= 65929.0  
-----------------------------------------------------------------------------------------
elapsed time= 442.06 s.
-----------------------------------------------------------------------------------------
candidate= 175-375 : +
-----------------------------------------------------------------------------------------
-----------------------------------------------------------------------------------------
 ****** Pricing Level: LIGHT HEUR ****** 
it= 10  ncol= 2453  ncstr= 1245 mt= 1.1   spt= 0.8   lpval= 65851.3   ub= 65929.0  
 ****** Pricing Level: HEAVY HEUR ****** 
it= 6   ncol= 2570  ncstr= 1245 mt= 0.8   spt= 1.2   lpval= 65850.0   ub= 65929.0  
-----------------------------------------------------------------------------------------
elapsed time= 450.83 s.
-----------------------------------------------------------------------------------------
candidate= 180-214 : +
-----------------------------------------------------------------------------------------
-----------------------------------------------------------------------------------------
 ****** Pricing Level: LIGHT HEUR ****** 
it= 14  ncol= 2527  ncstr= 1245 mt= 0.8   spt= 1.2   lpval= 65849.7   ub= 65929.0  
 ****** Pricing Level: HEAVY HEUR ****** 
it= 8   ncol= 2675  ncstr= 1245 mt= 0.7   spt= 1.6   lpval= 65849.5   ub= 65929.0  
-----------------------------------------------------------------------------------------
elapsed time= 461.91 s.
-----------------------------------------------------------------------------------------
brc= 180-214
t= 0.204354 c= 108.067 n= 2 if_b4= 1
t= 8.46246 c= 101.582 n= 2 if_b4= 1
nodes already exists
memory usage= 11GB.
#########################################################################################
tree size= 0 lb= 65848.6 ub= 65929
#########################################################################################
idx= 6 value= 65848.6 enu= 0
brc= 264-365 : -
brc= 77-229 : -
brc= 49-126 : -
brc= 2-264 : +
brc= 317-370 : +
brc= 176-199 : -
brc= 109-146 : -
brc= 59-148 : +
brc= 0-142 : -
brc= 45-199 : -
brc= 243-317 : +
brc= 158-295 : -
brc= 252-293 : -
brc= 171-289 : +
brc= 0-299 : -
brc= 31-145 : -
brc= 180-214 : -
-----------------------------------------------------------------------------------------
 ****** Pricing Level: LIGHT HEUR ****** 
it= 10  ncol= 2402  ncstr= 1244 mt= 2.2   spt= 0.8   lpval= 65877.3   ub= 65929.0  
 ****** Pricing Level: HEAVY HEUR ****** 
it= 8   ncol= 2554  ncstr= 1244 mt= 1.7   spt= 1.6   lpval= 65871.2   ub= 65929.0  
 ****** Pricing Level: EXACT ****** 
it= 4   ncol= 2759  ncstr= 1244 mt= 0.7   spt= 4.5   lpval= 65868.7   ub= 65929.0  
-----------------------------------------------------------------------------------------
elapsed time= 481.38 s.
-----------------------------------------------------------------------------------------
-----------------------------------------------------------------------------------------
 ****** Run Arc Elimination ****** 
arc elimination time= 5.14 s.
previous= 70.1248% maximum= 4.22862%
eliminate bucket arcs time= 1.09 s.
obtain jump arcs time= 0.01 s.
-----------------------------------------------------------------------------------------
-----------------------------------------------------------------------------------------
elapsed time= 487.77 s.
-----------------------------------------------------------------------------------------
-----------------------------------------------------------------------------------------
 ****** Try Enumeration ****** 
#labels= 321200 #routes= 103
labeling 1 time= 1.55 s.
concatenate time= 4.32 s.
#routes= 877334
average gap of successful enumeration= 0.000899416
next try value > 65845.9
-----------------------------------------------------------------------------------------
elapsed time= 494.02 s.
-----------------------------------------------------------------------------------------
 ****** Process Enumeration Matrix ****** 
delete non-ele routes lp val= 65869.6
recover rank1c lp val= 65871.9
recover rcc lp val= 65872
obtain rcc coefficient time= 0.05 s.
obtain r1c coefficient time= 1.22 s.
obtain matrix from triplets time= 1.73 s.
delete columns by branch time= 0.00 s.
columns pending deletion= 2967 remain= 877334 col ratio= 0.996618 row ratio= 1
regenerate enumeration matrix time= 0.00 s.
-----------------------------------------------------------------------------------------
elapsed time= 507.86 s.
-----------------------------------------------------------------------------------------
it= 8   ncol= 2561  ncstr= 1183 mt= 0.8   spt= 0.4   lpval= 65871.2   ub= 65929.0  
-----------------------------------------------------------------------------------------
elapsed time= 509.29 s.
-----------------------------------------------------------------------------------------
columns pending deletion= 268044 remain= 877334 col ratio= 0.694479 row ratio= 0.905325
 ****** Separate RCCs ****** 
 ****** Separate Rank1Cuts ****** 
it= 7   ncol= 2773  ncstr= 1312 mt= 2.0   spt= 0.4   lpval= 65880.1   ub= 65929.0  
-----------------------------------------------------------------------------------------
elapsed time= 517.17 s.
-----------------------------------------------------------------------------------------
delete columns= 552104 remain= 325230
 ****** Separate RCCs ****** 
 ****** Separate Rank1Cuts ****** 
it= 6   ncol= 2887  ncstr= 1258 mt= 1.0   spt= 0.1   lpval= 65884.6   ub= 65929.0  
-----------------------------------------------------------------------------------------
elapsed time= 523.83 s.
-----------------------------------------------------------------------------------------
columns pending deletion= 99641 remain= 325230 col ratio= 0.693629 row ratio= 0.905405
 ****** Separate RCCs ****** 
 ****** Separate Rank1Cuts ****** 
it= 5   ncol= 2995  ncstr= 1412 mt= 1.2   spt= 0.2   lpval= 65888.2   ub= 65929.0  
-----------------------------------------------------------------------------------------
elapsed time= 531.83 s.
-----------------------------------------------------------------------------------------
delete columns= 158280 remain= 166950
 ****** Separate Rank1Cuts ****** 
it= 5   ncol= 3089  ncstr= 1356 mt= 0.8   spt= 0.1   lpval= 65891.0   ub= 65929.0  
-----------------------------------------------------------------------------------------
elapsed time= 537.79 s.
-----------------------------------------------------------------------------------------
columns pending deletion= 35291 remain= 166950 col ratio= 0.788613 row ratio= 0.896755
 ****** Separate Rank1Cuts ****** 
it= 4   ncol= 3160  ncstr= 1500 mt= 0.7   spt= 0.1   lpval= 65893.1   ub= 65929.0  
-----------------------------------------------------------------------------------------
elapsed time= 543.19 s.
-----------------------------------------------------------------------------------------
delete columns= 57966 remain= 108984
 ****** Separate Rank1Cuts ****** 
it= 4   ncol= 3237  ncstr= 1388 mt= 0.7   spt= 0.0   lpval= 65894.4   ub= 65929.0  
-----------------------------------------------------------------------------------------
elapsed time= 548.85 s.
-----------------------------------------------------------------------------------------
columns pending deletion= 11415 remain= 108984 col ratio= 0.89526 row ratio= 0.918588
[1;36m[REMIND] 2: gap improved= 1.267303 ratio= 0.036600 threshold= 0.040000 in function increaseCondition2 at /blue/yu.yang1/you.z/route_opt/packages/application/X-n384-k52/src/main/src/call_cutting.cpp:74[0m
 ****** Separate Rank1Cuts ****** 
it= 4   ncol= 3292  ncstr= 1539 mt= 0.6   spt= 0.0   lpval= 65895.7   ub= 65929.0  
-----------------------------------------------------------------------------------------
elapsed time= 554.07 s.
-----------------------------------------------------------------------------------------
columns pending deletion= 22566 remain= 108984 col ratio= 0.792942 row ratio= 0.860299
 ****** Separate RCCs ****** 
 ****** Separate Rank1Cuts ****** 
it= 5   ncol= 3371  ncstr= 1690 mt= 1.0   spt= 0.0   lpval= 65896.9   ub= 65929.0  
-----------------------------------------------------------------------------------------
elapsed time= 559.74 s.
-----------------------------------------------------------------------------------------
delete columns= 30735 remain= 78249
[1;36m[REMIND] 2: gap improved= 1.149536 ratio= 0.035796 threshold= 0.040000 in function increaseCondition2 at /blue/yu.yang1/you.z/route_opt/packages/application/X-n384-k52/src/main/src/call_cutting.cpp:74[0m
 ****** Separate Rank1Cuts ****** 
it= 5   ncol= 3454  ncstr= 1462 mt= 0.9   spt= 0.0   lpval= 65897.8   ub= 65929.0  
-----------------------------------------------------------------------------------------
elapsed time= 569.89 s.
-----------------------------------------------------------------------------------------
columns pending deletion= 7094 remain= 78249 col ratio= 0.909341 row ratio= 0.916553
[1;36m[REMIND] 2: gap improved= 0.951440 ratio= 0.030532 threshold= 0.040000 in function increaseCondition2 at /blue/yu.yang1/you.z/route_opt/packages/application/X-n384-k52/src/main/src/call_cutting.cpp:74[0m
[1;36m[REMIND] tail off counter= 3 threshold= 3 in function setIfTailOff at /blue/yu.yang1/you.z/route_opt/packages/application/X-n384-k52/src/main/src/call_cutting.cpp:150[0m
current_r_best= 35.8278
pseudo= 50 frac= 50
#candidates in phase1= 37
testing lp time= 31.50 s.
-----------------------------------------------------------------------------------------
145-185 ,  41.54|  78-122 ,  34.06| 175-375 ,  32.44|  41-175 ,  30.30| 180-366 ,  28.40| 
132-243 ,  28.28| 163-231 ,  27.76| 157-366 ,  27.64| 157-370 ,  26.64| 185-275 ,  25.69| 
107-262 ,  23.05|  11-358 ,  21.28|   7-157 ,  21.00| 246-313 ,  20.65| 132-358 ,  14.60| 
246-364 ,  14.55| 163-313 ,  13.68| 251-330 ,  13.07| 157-180 ,  12.72| 163-224 ,  11.29| 
  3-127 ,  11.04| 298-323 ,  10.85|  68-366 ,  10.65|  31-185 ,  10.26|   7-180 ,   9.63| 
 14-380 ,   9.03|  50-214 ,   8.12|  77-244 ,   7.76| 141-335 ,   6.96|  30-50  ,   6.16| 
 77-154 ,   5.87|  27-77  ,   4.69| 112-206 ,   4.56|  50-136 ,   3.26|   7-214 ,   2.90| 
  7-171 ,   2.26| 171-180 ,   2.05| 
-----------------------------------------------------------------------------------------
edge= 175 375 lp= 5.98056 pre= 1 lp2= 5.42494 pre2= 2 score= 32.4442
-----------------------------------------------------------------------------------------
edge= 78 122 lp= 13.8721 pre= 2 lp2= 2.45518 pre2= 2 score= 34.0585
-----------------------------------------------------------------------------------------
edge= 145 185 lp= 3.95471 pre= 2 lp2= 10.5043 pre2= 2 score= 41.5414
-----------------------------------------------------------------------------------------
candidate= 145-185 : -
-----------------------------------------------------------------------------------------
it= 5   ncol= 3519  ncstr= 1463 mt= 5.4   spt= 0.0   lpval= 65901.5   ub= 65929.0  
-----------------------------------------------------------------------------------------
elapsed time= 606.85 s.
-----------------------------------------------------------------------------------------
candidate= 145-185 : +
-----------------------------------------------------------------------------------------
it= 6   ncol= 3596  ncstr= 1463 mt= 5.9   spt= 0.0   lpval= 65904.6   ub= 65929.0  
-----------------------------------------------------------------------------------------
elapsed time= 612.81 s.
-----------------------------------------------------------------------------------------
candidate= 78-122 : -
-----------------------------------------------------------------------------------------
it= 6   ncol= 3585  ncstr= 1463 mt= 6.4   spt= 0.0   lpval= 65908.3   ub= 65929.0  
-----------------------------------------------------------------------------------------
elapsed time= 619.31 s.
-----------------------------------------------------------------------------------------
candidate= 175-375 : +
-----------------------------------------------------------------------------------------
it= 5   ncol= 3551  ncstr= 1463 mt= 5.8   spt= 0.0   lpval= 65901.7   ub= 65929.0  
-----------------------------------------------------------------------------------------
elapsed time= 625.16 s.
-----------------------------------------------------------------------------------------
candidate= 78-122 : +
-----------------------------------------------------------------------------------------
it= 4   ncol= 3486  ncstr= 1463 mt= 5.4   spt= 0.0   lpval= 65900.1   ub= 65929.0  
-----------------------------------------------------------------------------------------
elapsed time= 630.58 s.
-----------------------------------------------------------------------------------------
brc= 145-185
t= 0.425677 c= 121.219 n= 0 if_b4= 0
t= 5.83602 c= 122.379 n= 0 if_b4= 0
#########################################################################################
tree size= 1 lb= 65897.8 ub= 65929
#########################################################################################
idx= 7 value= 65897.8 enu= 1
brc= 264-365 : -
brc= 77-229 : -
brc= 49-126 : -
brc= 2-264 : +
brc= 317-370 : +
brc= 176-199 : -
brc= 109-146 : -
brc= 59-148 : +
brc= 0-142 : -
brc= 45-199 : -
brc= 243-317 : +
brc= 158-295 : -
brc= 252-293 : -
brc= 171-289 : +
brc= 0-299 : -
brc= 31-145 : -
brc= 180-214 : -
brc= 145-185 : +
it= 7   ncol= 3503  ncstr= 1462 mt= 6.5   spt= 0.0   lpval= 65904.6   ub= 65929.0  
-----------------------------------------------------------------------------------------
elapsed time= 648.27 s.
-----------------------------------------------------------------------------------------
delete columns= 34580 remain= 35274
 ****** Separate Rank1Cuts ****** 
it= 4   ncol= 3495  ncstr= 1366 mt= 0.7   spt= 0.0   lpval= 65906.4   ub= 65929.0  
-----------------------------------------------------------------------------------------
elapsed time= 657.92 s.
-----------------------------------------------------------------------------------------
columns pending deletion= 7191 remain= 35274 col ratio= 0.796139 row ratio= 0.919473
 ****** Separate Rank1Cuts ****** 
it= 4   ncol= 3521  ncstr= 1468 mt= 0.7   spt= 0.0   lpval= 65907.6   ub= 65929.0  
-----------------------------------------------------------------------------------------
elapsed time= 662.47 s.
-----------------------------------------------------------------------------------------
columns pending deletion= 11039 remain= 35274 col ratio= 0.68705 row ratio= 0.893052
 ****** Separate Rank1Cuts ****** 
it= 4   ncol= 3562  ncstr= 1577 mt= 0.9   spt= 0.0   lpval= 65908.7   ub= 65929.0  
-----------------------------------------------------------------------------------------
elapsed time= 667.78 s.
-----------------------------------------------------------------------------------------
delete columns= 14087 remain= 21187
 ****** Separate Rank1Cuts ****** 
it= 3   ncol= 3578  ncstr= 1428 mt= 0.4   spt= 0.0   lpval= 65909.4   ub= 65929.0  
-----------------------------------------------------------------------------------------
elapsed time= 676.82 s.
-----------------------------------------------------------------------------------------
columns pending deletion= 1953 remain= 21187 col ratio= 0.907821 row ratio= 0.923669
[1;36m[REMIND] 2: gap improved= 0.686637 ratio= 0.035011 threshold= 0.040000 in function increaseCondition2 at /blue/yu.yang1/you.z/route_opt/packages/application/X-n384-k52/src/main/src/call_cutting.cpp:74[0m
 ****** Separate Rank1Cuts ****** 
it= 4   ncol= 3612  ncstr= 1541 mt= 0.5   spt= 0.0   lpval= 65910.2   ub= 65929.0  
-----------------------------------------------------------------------------------------
elapsed time= 681.35 s.
-----------------------------------------------------------------------------------------
columns pending deletion= 3845 remain= 21187 col ratio= 0.818521 row ratio= 0.89098
 ****** Separate Rank1Cuts ****** 
it= 4   ncol= 3652  ncstr= 1637 mt= 0.8   spt= 0.0   lpval= 65910.9   ub= 65929.0  
-----------------------------------------------------------------------------------------
elapsed time= 686.21 s.
-----------------------------------------------------------------------------------------
columns pending deletion= 5359 remain= 21187 col ratio= 0.747062 row ratio= 0.860721
[1;36m[REMIND] 2: gap improved= 0.698972 ratio= 0.038529 threshold= 0.040000 in function increaseCondition2 at /blue/yu.yang1/you.z/route_opt/packages/application/X-n384-k52/src/main/src/call_cutting.cpp:74[0m
mip: row= 1409 col= 19455 density= 2.10634%
mip time= 142.06 s.
mip status= 6
update f from 0 to 18.1412
#########################################################################################
tree size= 0 lb= 65897.8 ub= 65929
#########################################################################################
idx= 8 value= 65897.8 enu= 1
brc= 264-365 : -
brc= 77-229 : -
brc= 49-126 : -
brc= 2-264 : +
brc= 317-370 : +
brc= 176-199 : -
brc= 109-146 : -
brc= 59-148 : +
brc= 0-142 : -
brc= 45-199 : -
brc= 243-317 : +
brc= 158-295 : -
brc= 252-293 : -
brc= 171-289 : +
brc= 0-299 : -
brc= 31-145 : -
brc= 180-214 : -
brc= 145-185 : -
it= 5   ncol= 3518  ncstr= 1462 mt= 0.8   spt= 0.0   lpval= 65901.5   ub= 65929.0  
-----------------------------------------------------------------------------------------
elapsed time= 835.35 s.
-----------------------------------------------------------------------------------------
columns pending deletion= 20444 remain= 71125 col ratio= 0.712562 row ratio= 0.883037
 ****** Separate Rank1Cuts ****** 
it= 4   ncol= 3553  ncstr= 1568 mt= 0.8   spt= 0.0   lpval= 65903.9   ub= 65929.0  
-----------------------------------------------------------------------------------------
elapsed time= 840.81 s.
-----------------------------------------------------------------------------------------
delete columns= 31454 remain= 39671
 ****** Separate Rank1Cuts ****** 
it= 4   ncol= 3601  ncstr= 1435 mt= 0.7   spt= 0.0   lpval= 65905.6   ub= 65929.0  
-----------------------------------------------------------------------------------------
elapsed time= 850.96 s.
-----------------------------------------------------------------------------------------
columns pending deletion= 6918 remain= 39671 col ratio= 0.825616 row ratio= 0.919861
 ****** Separate Rank1Cuts ****** 
it= 4   ncol= 3626  ncstr= 1550 mt= 0.6   spt= 0.0   lpval= 65906.5   ub= 65929.0  
-----------------------------------------------------------------------------------------
elapsed time= 856.14 s.
-----------------------------------------------------------------------------------------
columns pending deletion= 10285 remain= 39671 col ratio= 0.740743 row ratio= 0.882581
 ****** Separate RCCs ****** 
 ****** Separate Rank1Cuts ****** 
it= 5   ncol= 3677  ncstr= 1670 mt= 0.7   spt= 0.0   lpval= 65907.3   ub= 65929.0  
-----------------------------------------------------------------------------------------
elapsed time= 860.81 s.
-----------------------------------------------------------------------------------------
delete columns= 13054 remain= 26617
[1;36m[REMIND] 2: gap improved= 0.810168 ratio= 0.037377 threshold= 0.040000 in function increaseCondition2 at /blue/yu.yang1/you.z/route_opt/packages/application/X-n384-k52/src/main/src/call_cutting.cpp:74[0m
 ****** Separate Rank1Cuts ****** 
it= 3   ncol= 3695  ncstr= 1504 mt= 0.3   spt= 0.0   lpval= 65907.9   ub= 65929.0  
-----------------------------------------------------------------------------------------
elapsed time= 871.62 s.
-----------------------------------------------------------------------------------------
columns pending deletion= 2131 remain= 26617 col ratio= 0.919938 row ratio= 0.927527
[1;36m[REMIND] 2: gap improved= 0.559727 ratio= 0.026507 threshold= 0.040000 in function increaseCondition2 at /blue/yu.yang1/you.z/route_opt/packages/application/X-n384-k52/src/main/src/call_cutting.cpp:74[0m
 ****** Separate Rank1Cuts ****** 
it= 3   ncol= 3704  ncstr= 1609 mt= 0.4   spt= 0.0   lpval= 65908.3   ub= 65929.0  
-----------------------------------------------------------------------------------------
elapsed time= 876.03 s.
-----------------------------------------------------------------------------------------
columns pending deletion= 3389 remain= 26617 col ratio= 0.872675 row ratio= 0.887508
[1;36m[REMIND] 2: gap improved= 0.461858 ratio= 0.022362 threshold= 0.040000 in function increaseCondition2 at /blue/yu.yang1/you.z/route_opt/packages/application/X-n384-k52/src/main/src/call_cutting.cpp:74[0m
[1;36m[REMIND] tail off counter= 3 threshold= 3 in function setIfTailOff at /blue/yu.yang1/you.z/route_opt/packages/application/X-n384-k52/src/main/src/call_cutting.cpp:150[0m
current_r_best= 7.64044
alpha= 0.37 beta= 0.328896 omega= 284.767 k1= 4
lb_k= 1 ub_k= 37
revise: lb_k= 4 ub_k= 5
opt_k= 5
alpha= 0.75 beta= 0.328896 omega= 20.9696 k1= 2
lb_k= 1 ub_k= 3
revise: lb_k= 1 ub_k= 3
opt_k= 2
pseudo= 50 frac= 50
#candidates in phase1= 5
testing lp time= 5.14 s.
-----------------------------------------------------------------------------------------
 78-122 ,  28.83| 246-364 ,  16.57|  41-305 ,  13.35| 180-305 ,  13.14| 215-231 ,   6.80| 
-----------------------------------------------------------------------------------------
edge= 246 364 lp= 4.84478 pre= 0 lp2= 3.42092 pre2= 1 score= 16.5736
-----------------------------------------------------------------------------------------
edge= 78 122 lp= 8.05613 pre= 2 lp2= 3.57883 pre2= 0 score= 28.8315
-----------------------------------------------------------------------------------------
candidate= 78-122 : -
-----------------------------------------------------------------------------------------
it= 5   ncol= 3795  ncstr= 1610 mt= 7.7   spt= 0.0   lpval= 65915.1   ub= 65929.0  
-----------------------------------------------------------------------------------------
elapsed time= 888.92 s.
-----------------------------------------------------------------------------------------
brc= 78-122
t= 0.469848 c= 83.3437 n= 1 if_b4= 0
t= 6.78664 c= 83.2744 n= 1 if_b4= 0
#########################################################################################
tree size= 1 lb= 65908.3 ub= 65929
#########################################################################################
idx= 9 value= 65908.3 enu= 1
brc= 264-365 : -
brc= 77-229 : -
brc= 49-126 : -
brc= 2-264 : +
brc= 317-370 : +
brc= 176-199 : -
brc= 109-146 : -
brc= 59-148 : +
brc= 0-142 : -
brc= 45-199 : -
brc= 243-317 : +
brc= 158-295 : -
brc= 252-293 : -
brc= 171-289 : +
brc= 0-299 : -
brc= 31-145 : -
brc= 180-214 : -
brc= 145-185 : -
brc= 78-122 : +
it= 5   ncol= 3678  ncstr= 1609 mt= 6.6   spt= 0.0   lpval= 65911.4   ub= 65929.0  
-----------------------------------------------------------------------------------------
elapsed time= 909.27 s.
-----------------------------------------------------------------------------------------
delete columns= 6808 remain= 16199
 ****** Separate RCCs ****** 
 ****** Separate Rank1Cuts ****** 
it= 4   ncol= 3615  ncstr= 1435 mt= 0.4   spt= 0.0   lpval= 65912.8   ub= 65929.0  
-----------------------------------------------------------------------------------------
elapsed time= 918.63 s.
-----------------------------------------------------------------------------------------
columns pending deletion= 2929 remain= 16199 col ratio= 0.819186 row ratio= 0.912892
mip: row= 1310 col= 16833 density= 2.14899%
mip time= 55.73 s.
mip status= 6
#########################################################################################
tree size= 0 lb= 65908.3 ub= 65929
#########################################################################################
idx= 10 value= 65908.3 enu= 1
brc= 264-365 : -
brc= 77-229 : -
brc= 49-126 : -
brc= 2-264 : +
brc= 317-370 : +
brc= 176-199 : -
brc= 109-146 : -
brc= 59-148 : +
brc= 0-142 : -
brc= 45-199 : -
brc= 243-317 : +
brc= 158-295 : -
brc= 252-293 : -
brc= 171-289 : +
brc= 0-299 : -
brc= 31-145 : -
brc= 180-214 : -
brc= 145-185 : -
brc= 78-122 : -
it= 5   ncol= 3775  ncstr= 1609 mt= 2.1   spt= 0.0   lpval= 65915.1   ub= 65929.0  
-----------------------------------------------------------------------------------------
elapsed time= 981.63 s.
-----------------------------------------------------------------------------------------
delete columns= 13082 remain= 10088
 ****** Separate RCCs ****** 
 ****** Separate Rank1Cuts ****** 
it= 4   ncol= 3596  ncstr= 1411 mt= 1.4   spt= 0.0   lpval= 65918.2   ub= 65929.0  
-----------------------------------------------------------------------------------------
elapsed time= 987.32 s.
-----------------------------------------------------------------------------------------
delete columns= 3813 remain= 6275
mip: row= 1330 col= 9692 density= 2.21398%
mip time= 17.25 s.
mip status= 6
#########################################################################################
[32m<Instance: X-n384-k52>
<Solution>
<UB= 65929>
<LB= 65929>
<Elapsed Time= 1004.6>
<Nodes Explored= 8>
<Global Gap= 0%>[0m
#########################################################################################
File nodes/X-n384-k52_3_0_2_2_2_G32.node deleted successfully.
