application type: CVRP
X-n384-k52_0_3_3_1_0_2_G32.node
Set parameter ServerTimeout to value 600
Set parameter TokenServer to value "grb-ts.ufhpc"
Set parameter Threads to value 1
instance name= X-n384-k52
#########################################################################################
tree size= 0 lb= 0 ub= 65929
#########################################################################################
idx= 5 value= 65862.4 enu= 0
brc= 264-365 : +
brc= 23-381 : -
brc= 185-192 : -
brc= 317-370 : -
brc= 252-293 : +
brc= 246-313 : -
brc= 0-305 : -
brc= 145-185 : -
brc= 158-202 : +
brc= 176-199 : -
brc= 129-199 : +
brc= 78-122 : +
brc= 11-275 : -
brc= 77-244 : -
brc= 35-316 : +
-----------------------------------------------------------------------------------------
 ****** Pricing Level: LIGHT HEUR ****** 
it= 8   ncol= 2365  ncstr= 1449 mt= 0.9   spt= 0.6   lpval= 65876.4   ub= 65929.0  
 ****** Pricing Level: HEAVY HEUR ****** 
it= 10  ncol= 2560  ncstr= 1449 mt= 1.6   spt= 1.6   lpval= 65874.4   ub= 65929.0  
 ****** Pricing Level: EXACT ****** 
it= 5   ncol= 2806  ncstr= 1449 mt= 1.0   spt= 8.9   lpval= 65872.8   ub= 65929.0  
-----------------------------------------------------------------------------------------
elapsed time= 23.19 s.
-----------------------------------------------------------------------------------------
-----------------------------------------------------------------------------------------
 ****** Run Arc Elimination ****** 
arc elimination time= 9.18 s.
previous= 77.4578% maximum= 4.01256%
eliminate bucket arcs time= 1.26 s.
obtain jump arcs time= 0.01 s.
-----------------------------------------------------------------------------------------
-----------------------------------------------------------------------------------------
elapsed time= 33.97 s.
-----------------------------------------------------------------------------------------
-----------------------------------------------------------------------------------------
 ****** Try Enumeration ****** 
#labels= 270016 #routes= 99
labeling 1 time= 2.04 s.
concatenate time= 4.00 s.
#routes= 645763
average gap of successful enumeration= 0.000836691
next try value > 65860
-----------------------------------------------------------------------------------------
elapsed time= 40.28 s.
-----------------------------------------------------------------------------------------
 ****** Process Enumeration Matrix ****** 
delete non-ele routes lp val= 65873.4
recover rank1c lp val= 65873.7
recover rcc lp val= 65873.9
obtain rcc coefficient time= 0.05 s.
obtain r1c coefficient time= 0.93 s.
obtain matrix from triplets time= 0.59 s.
delete columns by branch time= 0.00 s.
columns pending deletion= 11512 remain= 645763 col ratio= 0.982173 row ratio= 1
regenerate enumeration matrix time= 0.00 s.
-----------------------------------------------------------------------------------------
elapsed time= 57.15 s.
-----------------------------------------------------------------------------------------
it= 7   ncol= 2593  ncstr= 1354 mt= 0.4   spt= 0.2   lpval= 65873.8   ub= 65929.0  
-----------------------------------------------------------------------------------------
elapsed time= 57.88 s.
-----------------------------------------------------------------------------------------
columns pending deletion= 122265 remain= 645763 col ratio= 0.810666 row ratio= 0.88257
 ****** Separate Rank1Cuts ****** 
it= 6   ncol= 2756  ncstr= 1499 mt= 1.5   spt= 0.2   lpval= 65879.2   ub= 65929.0  
-----------------------------------------------------------------------------------------
elapsed time= 64.03 s.
-----------------------------------------------------------------------------------------
delete columns= 298076 remain= 347687
 ****** Separate Rank1Cuts ****** 
it= 4   ncol= 2853  ncstr= 1390 mt= 0.8   spt= 0.1   lpval= 65881.7   ub= 65929.0  
-----------------------------------------------------------------------------------------
elapsed time= 72.65 s.
-----------------------------------------------------------------------------------------
columns pending deletion= 59351 remain= 347687 col ratio= 0.829298 row ratio= 0.917986
 ****** Separate Rank1Cuts ****** 
it= 4   ncol= 2908  ncstr= 1507 mt= 0.4   spt= 0.1   lpval= 65883.1   ub= 65929.0  
-----------------------------------------------------------------------------------------
elapsed time= 76.53 s.
-----------------------------------------------------------------------------------------
columns pending deletion= 91647 remain= 347687 col ratio= 0.736409 row ratio= 0.870604
[1;36m[REMIND] 2: gap improved= 1.444624 ratio= 0.031502 threshold= 0.040000 in function increaseCondition2 at /blue/yu.yang1/you.z/route_opt/packages/application/X-n384-k52/src/main/src/call_cutting.cpp:74[0m
 ****** Separate Rank1Cuts ****** 
it= 5   ncol= 2986  ncstr= 1643 mt= 0.7   spt= 0.1   lpval= 65884.4   ub= 65929.0  
-----------------------------------------------------------------------------------------
elapsed time= 80.97 s.
-----------------------------------------------------------------------------------------
delete columns= 114794 remain= 232893
[1;36m[REMIND] 2: gap improved= 1.242335 ratio= 0.027845 threshold= 0.040000 in function increaseCondition2 at /blue/yu.yang1/you.z/route_opt/packages/application/X-n384-k52/src/main/src/call_cutting.cpp:74[0m
 ****** Separate Rank1Cuts ****** 
it= 4   ncol= 3032  ncstr= 1438 mt= 0.4   spt= 0.0   lpval= 65885.2   ub= 65929.0  
-----------------------------------------------------------------------------------------
elapsed time= 88.91 s.
-----------------------------------------------------------------------------------------
columns pending deletion= 17218 remain= 232893 col ratio= 0.926069 row ratio= 0.937413
[1;36m[REMIND] 2: gap improved= 0.803716 ratio= 0.018344 threshold= 0.040000 in function increaseCondition2 at /blue/yu.yang1/you.z/route_opt/packages/application/X-n384-k52/src/main/src/call_cutting.cpp:74[0m
[1;36m[REMIND] tail off counter= 3 threshold= 3 in function setIfTailOff at /blue/yu.yang1/you.z/route_opt/packages/application/X-n384-k52/src/main/src/call_cutting.cpp:150[0m
[1;36m[REMIND] opt_k not found for node 5, use m directly in function getOptK at /blue/yu.yang1/you.z/route_opt/packages/branching/bkf/include/bkf_controller.hpp:239[0m
current_r_best= 16.5831
we directly test 100
we directly test 4
pseudo= 50 frac= 50
#candidates in phase1= 100
testing lp time= 62.38 s.
-----------------------------------------------------------------------------------------
  0-327 ,  39.00|  57-230 ,  35.98|  90-342 ,  35.69|  44-90  ,  29.77| 201-230 ,  28.96| 
144-285 ,  22.06|   0-144 ,  20.10|  15-185 ,  20.06|  77-229 ,  19.23| 275-313 ,  18.85| 
 28-342 ,  18.56| 163-231 ,  18.12|  39-308 ,  18.11|  62-189 ,  17.86| 164-201 ,  16.62| 
  0-132 ,  16.23| 246-316 ,  16.23|   0-247 ,  15.95| 175-375 ,  15.22|  84-247 ,  15.01| 
 55-225 ,  14.81| 157-317 ,  14.08|  48-320 ,  13.39| 243-358 ,  13.30|   0-189 ,  13.08| 
308-376 ,  12.94|  98-355 ,  12.78|   0-72  ,  12.57|   0-312 ,  12.19| 122-358 ,  12.09| 
189-354 ,  11.70|  27-77  ,  11.56| 149-351 ,  11.50|  84-364 ,  11.28|   0-221 ,  10.86| 
165-355 ,  10.75| 170-351 ,  10.72| 158-295 ,  10.70|  75-277 ,  10.34|   0-299 ,  10.25| 
 49-126 ,   9.79|  42-95  ,   9.53|   0-23  ,   9.42|   0-205 ,   9.33|   0-179 ,   9.00| 
240-258 ,   8.79|  72-262 ,   8.52|   0-291 ,   8.34|   0-55  ,   8.33|  92-174 ,   8.30| 
  0-294 ,   8.17| 284-295 ,   8.10| 252-284 ,   8.00|  52-208 ,   7.98|   0-244 ,   7.75| 
  0-21  ,   7.60| 329-353 ,   7.54|   0-354 ,   6.74|   0-145 ,   6.72|   0-301 ,   6.11| 
  0-292 ,   6.09|  44-98  ,   5.84| 130-184 ,   5.77|   0-375 ,   5.66|   0-174 ,   5.60| 
  0-11  ,   5.17|  75-123 ,   5.11|  75-295 ,   5.09| 267-354 ,   4.72|  34-218 ,   4.37| 
  0-88  ,   4.28|  18-382 ,   4.27| 212-379 ,   4.10|  17-143 ,   4.09|  41-315 ,   4.04| 
366-370 ,   3.86| 145-313 ,   3.79|   3-354 ,   3.75|  25-258 ,   3.39| 203-236 ,   3.26| 
134-141 ,   3.07|   7-180 ,   2.96| 257-274 ,   2.87| 143-383 ,   2.70| 346-383 ,   2.70| 
101-258 ,   2.45|   0-215 ,   2.40|   0-218 ,   2.24| 305-366 ,   2.19| 200-282 ,   2.16| 
184-203 ,   2.04|   0-232 ,   1.93|   0-51  ,   1.89|  66-95  ,   1.77|   7-370 ,   1.75| 
  0-366 ,   1.60|   0-273 ,   1.42| 160-273 ,   1.42|   0-240 ,   1.41| 223-352 ,   1.02| 
-----------------------------------------------------------------------------------------
edge= 44 90 lp= 5.51286 pre= 2 lp2= 5.40007 pre2= 2 score= 29.7698
-----------------------------------------------------------------------------------------
edge= 90 342 lp= 6.60735 pre= 1 lp2= 5.40212 pre2= 0 score= 35.6937
-----------------------------------------------------------------------------------------
edge= 57 230 lp= 1.72898 pre= 2 lp2= 20.8115 pre2= 2 score= 35.9827
-----------------------------------------------------------------------------------------
edge= 0 327 lp= 6.28739 pre= 2 lp2= 6.20347 pre2= 2 score= 39.0037
-----------------------------------------------------------------------------------------
candidate= 0-327 : -
-----------------------------------------------------------------------------------------
it= 6   ncol= 3187  ncstr= 1439 mt= 4.6   spt= 0.1   lpval= 65891.0   ub= 65929.0  
-----------------------------------------------------------------------------------------
elapsed time= 156.09 s.
-----------------------------------------------------------------------------------------
candidate= 57-230 : -
-----------------------------------------------------------------------------------------
it= 4   ncol= 3103  ncstr= 1439 mt= 4.0   spt= 0.1   lpval= 65886.7   ub= 65929.0  
-----------------------------------------------------------------------------------------
elapsed time= 160.20 s.
-----------------------------------------------------------------------------------------
candidate= 0-327 : +
-----------------------------------------------------------------------------------------
it= 6   ncol= 3155  ncstr= 1439 mt= 4.8   spt= 0.1   lpval= 65890.3   ub= 65929.0  
-----------------------------------------------------------------------------------------
elapsed time= 165.06 s.
-----------------------------------------------------------------------------------------
brc= 90-342
t= 0.311887 c= 91.4871 n= 0 if_b4= 0
t= 4.58229 c= 115.802 n= 0 if_b4= 0
#########################################################################################
tree size= 1 lb= 65885.2 ub= 65929
#########################################################################################
idx= 1 value= 65885.2 enu= 1
brc= 264-365 : +
brc= 23-381 : -
brc= 185-192 : -
brc= 317-370 : -
brc= 252-293 : +
brc= 246-313 : -
brc= 0-305 : -
brc= 145-185 : -
brc= 158-202 : +
brc= 176-199 : -
brc= 129-199 : +
brc= 78-122 : +
brc= 11-275 : -
brc= 77-244 : -
brc= 35-316 : +
brc= 90-342 : +
it= 6   ncol= 3113  ncstr= 1438 mt= 4.8   spt= 0.1   lpval= 65889.4   ub= 65929.0  
-----------------------------------------------------------------------------------------
elapsed time= 179.62 s.
-----------------------------------------------------------------------------------------
columns pending deletion= 65081 remain= 211291 col ratio= 0.691984 row ratio= 0.880389
 ****** Separate Rank1Cuts ****** 
it= 4   ncol= 3171  ncstr= 1551 mt= 1.0   spt= 0.0   lpval= 65892.0   ub= 65929.0  
-----------------------------------------------------------------------------------------
elapsed time= 184.54 s.
-----------------------------------------------------------------------------------------
delete columns= 92664 remain= 118627
 ****** Separate Rank1Cuts ****** 
it= 3   ncol= 3204  ncstr= 1397 mt= 0.4   spt= 0.0   lpval= 65893.1   ub= 65929.0  
-----------------------------------------------------------------------------------------
elapsed time= 192.23 s.
-----------------------------------------------------------------------------------------
columns pending deletion= 13723 remain= 118627 col ratio= 0.884318 row ratio= 0.939871
[1;36m[REMIND] 2: gap improved= 1.051831 ratio= 0.029274 threshold= 0.040000 in function increaseCondition2 at /blue/yu.yang1/you.z/route_opt/packages/application/X-n384-k52/src/main/src/call_cutting.cpp:74[0m
 ****** Separate RCCs ****** 
 ****** Separate Rank1Cuts ****** 
it= 4   ncol= 3264  ncstr= 1508 mt= 0.5   spt= 0.0   lpval= 65894.1   ub= 65929.0  
-----------------------------------------------------------------------------------------
elapsed time= 196.10 s.
-----------------------------------------------------------------------------------------
columns pending deletion= 23365 remain= 118627 col ratio= 0.803038 row ratio= 0.895889
[1;36m[REMIND] 2: gap improved= 1.056047 ratio= 0.030281 threshold= 0.040000 in function increaseCondition2 at /blue/yu.yang1/you.z/route_opt/packages/application/X-n384-k52/src/main/src/call_cutting.cpp:74[0m
 ****** Separate Rank1Cuts ****** 
it= 5   ncol= 3337  ncstr= 1630 mt= 0.6   spt= 0.0   lpval= 65895.2   ub= 65929.0  
-----------------------------------------------------------------------------------------
elapsed time= 200.33 s.
-----------------------------------------------------------------------------------------
columns pending deletion= 31059 remain= 118627 col ratio= 0.738179 row ratio= 0.865644
[1;36m[REMIND] 2: gap improved= 1.119694 ratio= 0.033172 threshold= 0.040000 in function increaseCondition2 at /blue/yu.yang1/you.z/route_opt/packages/application/X-n384-k52/src/main/src/call_cutting.cpp:74[0m
[1;36m[REMIND] tail off counter= 3 threshold= 3 in function setIfTailOff at /blue/yu.yang1/you.z/route_opt/packages/application/X-n384-k52/src/main/src/call_cutting.cpp:150[0m
current_r_best= 7.26836
alpha= 0.37 beta= 4.64406 omega= 293.334 k1= 19
lb_k= 1 ub_k= 37
revise: lb_k= 15 ub_k= 23
opt_k= 20
alpha= 0.75 beta= 4.64406 omega= 25.2717 k1= 3
lb_k= 1 ub_k= 3
revise: lb_k= 1 ub_k= 3
opt_k= 3
pseudo= 50 frac= 50
#candidates in phase1= 20
testing lp time= 16.15 s.
-----------------------------------------------------------------------------------------
164-201 ,  26.36| 175-375 ,  20.30|  15-185 ,  18.93|  57-230 ,  17.77|  98-325 ,  17.25| 
 35-144 ,  14.93|   0-247 ,  14.44|  48-320 ,  14.17| 122-358 ,  13.73| 275-313 ,  12.03| 
252-284 ,  10.09| 106-163 ,   7.67|  27-69  ,   6.85| 235-272 ,   6.73| 234-341 ,   6.68| 
 94-138 ,   5.29| 112-170 ,   5.17| 232-313 ,   4.78| 115-195 ,   4.51| 135-255 ,   4.48| 
-----------------------------------------------------------------------------------------
edge= 15 185 lp= 1.83482 pre= 2 lp2= 10.3178 pre2= 2 score= 18.9313
-----------------------------------------------------------------------------------------
edge= 175 375 lp= 3.26017 pre= 2 lp2= 6.22772 pre2= 2 score= 20.3034
-----------------------------------------------------------------------------------------
edge= 164 201 lp= 7.40842 pre= 2 lp2= 3.55812 pre2= 2 score= 26.36
-----------------------------------------------------------------------------------------
candidate= 164-201 : -
-----------------------------------------------------------------------------------------
it= 4   ncol= 3424  ncstr= 1631 mt= 6.0   spt= 0.0   lpval= 65901.4   ub= 65929.0  
-----------------------------------------------------------------------------------------
elapsed time= 222.51 s.
-----------------------------------------------------------------------------------------
candidate= 164-201 : +
-----------------------------------------------------------------------------------------
it= 5   ncol= 3425  ncstr= 1631 mt= 6.1   spt= 0.0   lpval= 65897.0   ub= 65929.0  
-----------------------------------------------------------------------------------------
elapsed time= 228.72 s.
-----------------------------------------------------------------------------------------
candidate= 175-375 : -
-----------------------------------------------------------------------------------------
it= 4   ncol= 3415  ncstr= 1631 mt= 5.9   spt= 0.0   lpval= 65897.9   ub= 65929.0  
-----------------------------------------------------------------------------------------
elapsed time= 234.62 s.
-----------------------------------------------------------------------------------------
candidate= 15-185 : -
-----------------------------------------------------------------------------------------
it= 3   ncol= 3389  ncstr= 1631 mt= 5.9   spt= 0.0   lpval= 65897.0   ub= 65929.0  
-----------------------------------------------------------------------------------------
elapsed time= 240.51 s.
-----------------------------------------------------------------------------------------
candidate= 15-185 : +
-----------------------------------------------------------------------------------------
it= 6   ncol= 3476  ncstr= 1631 mt= 6.2   spt= 0.0   lpval= 65903.8   ub= 65929.0  
-----------------------------------------------------------------------------------------
elapsed time= 246.79 s.
-----------------------------------------------------------------------------------------
candidate= 175-375 : +
-----------------------------------------------------------------------------------------
it= 4   ncol= 3446  ncstr= 1631 mt= 5.5   spt= 0.0   lpval= 65901.1   ub= 65929.0  
-----------------------------------------------------------------------------------------
elapsed time= 252.32 s.
-----------------------------------------------------------------------------------------
brc= 175-375
t= 0.357856 c= 67.5399 n= 1 if_b4= 0
t= 5.2768 c= 74.7789 n= 1 if_b4= 0
#########################################################################################
tree size= 2 lb= 65885.2 ub= 65929
#########################################################################################
idx= 2 value= 65885.2 enu= 1
brc= 264-365 : +
brc= 23-381 : -
brc= 185-192 : -
brc= 317-370 : -
brc= 252-293 : +
brc= 246-313 : -
brc= 0-305 : -
brc= 145-185 : -
brc= 158-202 : +
brc= 176-199 : -
brc= 129-199 : +
brc= 78-122 : +
brc= 11-275 : -
brc= 77-244 : -
brc= 35-316 : +
brc= 90-342 : -
it= 6   ncol= 3118  ncstr= 1438 mt= 1.2   spt= 0.1   lpval= 65890.9   ub= 65929.0  
-----------------------------------------------------------------------------------------
elapsed time= 264.65 s.
-----------------------------------------------------------------------------------------
delete columns= 81889 remain= 132575
 ****** Separate Rank1Cuts ****** 
it= 4   ncol= 3151  ncstr= 1399 mt= 0.6   spt= 0.0   lpval= 65893.0   ub= 65929.0  
-----------------------------------------------------------------------------------------
elapsed time= 272.57 s.
-----------------------------------------------------------------------------------------
columns pending deletion= 24333 remain= 132575 col ratio= 0.816459 row ratio= 0.905647
 ****** Separate Rank1Cuts ****** 
it= 4   ncol= 3211  ncstr= 1534 mt= 0.5   spt= 0.0   lpval= 65894.4   ub= 65929.0  
-----------------------------------------------------------------------------------------
elapsed time= 276.51 s.
-----------------------------------------------------------------------------------------
columns pending deletion= 37231 remain= 132575 col ratio= 0.71917 row ratio= 0.867666
 ****** Separate Rank1Cuts ****** 
it= 4   ncol= 3269  ncstr= 1664 mt= 0.6   spt= 0.0   lpval= 65895.5   ub= 65929.0  
-----------------------------------------------------------------------------------------
elapsed time= 280.50 s.
-----------------------------------------------------------------------------------------
delete columns= 46179 remain= 86396
[1;36m[REMIND] 2: gap improved= 1.091567 ratio= 0.032575 threshold= 0.040000 in function increaseCondition2 at /blue/yu.yang1/you.z/route_opt/packages/application/X-n384-k52/src/main/src/call_cutting.cpp:74[0m
 ****** Separate Rank1Cuts ****** 
it= 3   ncol= 3306  ncstr= 1475 mt= 0.3   spt= 0.0   lpval= 65896.2   ub= 65929.0  
-----------------------------------------------------------------------------------------
elapsed time= 284.28 s.
-----------------------------------------------------------------------------------------
columns pending deletion= 5225 remain= 86396 col ratio= 0.939523 row ratio= 0.934237
[1;36m[REMIND] 2: gap improved= 0.674397 ratio= 0.020539 threshold= 0.040000 in function increaseCondition2 at /blue/yu.yang1/you.z/route_opt/packages/application/X-n384-k52/src/main/src/call_cutting.cpp:74[0m
 ****** Separate Rank1Cuts ****** 
it= 3   ncol= 3359  ncstr= 1581 mt= 0.5   spt= 0.0   lpval= 65896.8   ub= 65929.0  
-----------------------------------------------------------------------------------------
elapsed time= 288.22 s.
-----------------------------------------------------------------------------------------
columns pending deletion= 10464 remain= 86396 col ratio= 0.878883 row ratio= 0.905123
[1;36m[REMIND] 2: gap improved= 0.666895 ratio= 0.020732 threshold= 0.040000 in function increaseCondition2 at /blue/yu.yang1/you.z/route_opt/packages/application/X-n384-k52/src/main/src/call_cutting.cpp:74[0m
[1;36m[REMIND] tail off counter= 3 threshold= 3 in function setIfTailOff at /blue/yu.yang1/you.z/route_opt/packages/application/X-n384-k52/src/main/src/call_cutting.cpp:150[0m
current_r_best= 7.82062
alpha= 0.37 beta= 4.11325 omega= 188.735 k1= 14
lb_k= 1 ub_k= 37
revise: lb_k= 11 ub_k= 18
opt_k= 15
alpha= 0.75 beta= 4.11325 omega= 14.1712 k1= 3
lb_k= 1 ub_k= 3
revise: lb_k= 1 ub_k= 3
opt_k= 3
pseudo= 50 frac= 50
#candidates in phase1= 15
testing lp time= 11.97 s.
-----------------------------------------------------------------------------------------
275-313 ,  17.22|  15-185 ,  16.05| 149-351 ,  13.63| 201-226 ,  13.05| 168-230 ,  12.98| 
122-358 ,  12.49| 170-351 ,  12.01| 231-372 ,  11.57|  90-230 ,  11.01|  45-307 ,  10.68| 
235-253 ,   8.93| 302-356 ,   6.40| 191-279 ,   3.46| 212-284 ,   3.39|   7-180 ,   2.41| 
-----------------------------------------------------------------------------------------
edge= 149 351 lp= 1.73972 pre= 2 lp2= 7.83605 pre2= 2 score= 13.6326
-----------------------------------------------------------------------------------------
edge= 15 185 lp= 1.47686 pre= 0 lp2= 10.8705 pre2= 2 score= 16.0542
-----------------------------------------------------------------------------------------
edge= 275 313 lp= 1.00512 pre= 2 lp2= 17.1355 pre2= 2 score= 17.2233
-----------------------------------------------------------------------------------------
candidate= 275-313 : -
-----------------------------------------------------------------------------------------
it= 3   ncol= 3395  ncstr= 1582 mt= 5.6   spt= 0.0   lpval= 65897.8   ub= 65929.0  
-----------------------------------------------------------------------------------------
elapsed time= 305.83 s.
-----------------------------------------------------------------------------------------
candidate= 275-313 : +
-----------------------------------------------------------------------------------------
it= 8   ncol= 3569  ncstr= 1582 mt= 8.0   spt= 0.0   lpval= 65907.3   ub= 65929.0  
-----------------------------------------------------------------------------------------
elapsed time= 313.88 s.
-----------------------------------------------------------------------------------------
candidate= 15-185 : +
-----------------------------------------------------------------------------------------
it= 6   ncol= 3472  ncstr= 1582 mt= 5.9   spt= 0.0   lpval= 65906.7   ub= 65929.0  
-----------------------------------------------------------------------------------------
elapsed time= 319.86 s.
-----------------------------------------------------------------------------------------
brc= 15-185
t= 0.371576 c= 56.5904 n= 2 if_b4= 0
t= 5.70285 c= 60.134 n= 2 if_b4= 0
#########################################################################################
tree size= 3 lb= 65895.2 ub= 65929
#########################################################################################
idx= 3 value= 65895.2 enu= 1
brc= 264-365 : +
brc= 23-381 : -
brc= 185-192 : -
brc= 317-370 : -
brc= 252-293 : +
brc= 246-313 : -
brc= 0-305 : -
brc= 145-185 : -
brc= 158-202 : +
brc= 176-199 : -
brc= 129-199 : +
brc= 78-122 : +
brc= 11-275 : -
brc= 77-244 : -
brc= 35-316 : +
brc= 90-342 : +
brc= 175-375 : +
it= 5   ncol= 3406  ncstr= 1630 mt= 5.5   spt= 0.0   lpval= 65901.1   ub= 65929.0  
-----------------------------------------------------------------------------------------
elapsed time= 336.56 s.
-----------------------------------------------------------------------------------------
delete columns= 35711 remain= 50360
 ****** Separate Rank1Cuts ****** 
it= 4   ncol= 3431  ncstr= 1404 mt= 0.8   spt= 0.0   lpval= 65902.5   ub= 65929.0  
-----------------------------------------------------------------------------------------
elapsed time= 340.40 s.
-----------------------------------------------------------------------------------------
columns pending deletion= 7559 remain= 50360 col ratio= 0.849901 row ratio= 0.931624
 ****** Separate Rank1Cuts ****** 
it= 3   ncol= 3454  ncstr= 1499 mt= 0.4   spt= 0.0   lpval= 65903.5   ub= 65929.0  
-----------------------------------------------------------------------------------------
elapsed time= 343.93 s.
-----------------------------------------------------------------------------------------
columns pending deletion= 12316 remain= 50360 col ratio= 0.755441 row ratio= 0.897265
[1;36m[REMIND] 2: gap improved= 0.984489 ratio= 0.038560 threshold= 0.040000 in function increaseCondition2 at /blue/yu.yang1/you.z/route_opt/packages/application/X-n384-k52/src/main/src/call_cutting.cpp:74[0m
 ****** Separate Rank1Cuts ****** 
it= 4   ncol= 3493  ncstr= 1586 mt= 0.5   spt= 0.0   lpval= 65904.4   ub= 65929.0  
-----------------------------------------------------------------------------------------
elapsed time= 347.50 s.
-----------------------------------------------------------------------------------------
delete columns= 15865 remain= 34495
[1;36m[REMIND] 2: gap improved= 0.911633 ratio= 0.037028 threshold= 0.040000 in function increaseCondition2 at /blue/yu.yang1/you.z/route_opt/packages/application/X-n384-k52/src/main/src/call_cutting.cpp:74[0m
 ****** Separate RCCs ****** 
 ****** Separate Rank1Cuts ****** 
it= 3   ncol= 3505  ncstr= 1441 mt= 0.3   spt= 0.0   lpval= 65905.1   ub= 65929.0  
-----------------------------------------------------------------------------------------
elapsed time= 355.14 s.
-----------------------------------------------------------------------------------------
columns pending deletion= 2677 remain= 34495 col ratio= 0.922395 row ratio= 0.939625
[1;36m[REMIND] 2: gap improved= 0.673452 ratio= 0.028123 threshold= 0.040000 in function increaseCondition2 at /blue/yu.yang1/you.z/route_opt/packages/application/X-n384-k52/src/main/src/call_cutting.cpp:74[0m
[1;36m[REMIND] tail off counter= 3 threshold= 3 in function setIfTailOff at /blue/yu.yang1/you.z/route_opt/packages/application/X-n384-k52/src/main/src/call_cutting.cpp:150[0m
current_r_best= 7.82062
alpha= 0.37 beta= 3.06196 omega= 152.298 k1= 11
lb_k= 1 ub_k= 37
revise: lb_k= 9 ub_k= 13
opt_k= 11
alpha= 0.75 beta= 3.06196 omega= 10.5446 k1= 3
lb_k= 1 ub_k= 3
revise: lb_k= 2 ub_k= 3
opt_k= 3
pseudo= 50 frac= 50
#candidates in phase1= 11
testing lp time= 7.67 s.
-----------------------------------------------------------------------------------------
171-289 ,  36.02|  30-77  ,  21.15|  59-148 ,  17.82|  35-144 ,  16.46| 122-358 ,  15.29| 
 98-325 ,  12.97| 180-366 ,   9.57| 108-127 ,   9.29|  15-215 ,   9.04| 248-321 ,   4.71| 
 51-335 ,   1.04| 
-----------------------------------------------------------------------------------------
edge= 59 148 lp= 10.9898 pre= 2 lp2= 1.62185 pre2= 2 score= 17.8238
-----------------------------------------------------------------------------------------
edge= 30 77 lp= 1.22929 pre= 2 lp2= 17.2042 pre2= 2 score= 21.1489
-----------------------------------------------------------------------------------------
edge= 171 289 lp= 2.93584 pre= 2 lp2= 12.2704 pre2= 2 score= 36.0239
-----------------------------------------------------------------------------------------
candidate= 171-289 : -
-----------------------------------------------------------------------------------------
it= 4   ncol= 3509  ncstr= 1442 mt= 4.7   spt= 0.0   lpval= 65907.7   ub= 65929.0  
-----------------------------------------------------------------------------------------
elapsed time= 367.57 s.
-----------------------------------------------------------------------------------------
candidate= 171-289 : +
-----------------------------------------------------------------------------------------
it= 6   ncol= 3611  ncstr= 1442 mt= 6.1   spt= 0.0   lpval= 65912.6   ub= 65929.0  
-----------------------------------------------------------------------------------------
elapsed time= 373.68 s.
-----------------------------------------------------------------------------------------
candidate= 30-77 : -
-----------------------------------------------------------------------------------------
it= 3   ncol= 3505  ncstr= 1442 mt= 4.8   spt= 0.0   lpval= 65906.2   ub= 65929.0  
-----------------------------------------------------------------------------------------
elapsed time= 378.49 s.
-----------------------------------------------------------------------------------------
brc= 171-289
t= 0.365832 c= 50.4429 n= 3 if_b4= 0
t= 5.58313 c= 52.1002 n= 3 if_b4= 0
#########################################################################################
tree size= 4 lb= 65895.2 ub= 65929
#########################################################################################
idx= 4 value= 65895.2 enu= 1
brc= 264-365 : +
brc= 23-381 : -
brc= 185-192 : -
brc= 317-370 : -
brc= 252-293 : +
brc= 246-313 : -
brc= 0-305 : -
brc= 145-185 : -
brc= 158-202 : +
brc= 176-199 : -
brc= 129-199 : +
brc= 78-122 : +
brc= 11-275 : -
brc= 77-244 : -
brc= 35-316 : +
brc= 90-342 : +
brc= 175-375 : -
it= 5   ncol= 3401  ncstr= 1630 mt= 0.8   spt= 0.0   lpval= 65897.9   ub= 65929.0  
-----------------------------------------------------------------------------------------
elapsed time= 388.68 s.
-----------------------------------------------------------------------------------------
columns pending deletion= 18141 remain= 87427 col ratio= 0.792501 row ratio= 0.828834
 ****** Separate Rank1Cuts ****** 
it= 3   ncol= 3447  ncstr= 1686 mt= 0.6   spt= 0.0   lpval= 65899.2   ub= 65929.0  
-----------------------------------------------------------------------------------------
elapsed time= 392.61 s.
-----------------------------------------------------------------------------------------
delete columns= 26424 remain= 61003
 ****** Separate Rank1Cuts ****** 
it= 4   ncol= 3489  ncstr= 1470 mt= 0.5   spt= 0.0   lpval= 65899.9   ub= 65929.0  
-----------------------------------------------------------------------------------------
elapsed time= 401.11 s.
-----------------------------------------------------------------------------------------
columns pending deletion= 5338 remain= 61003 col ratio= 0.912496 row ratio= 0.931973
[1;36m[REMIND] 2: gap improved= 0.663932 ratio= 0.022804 threshold= 0.040000 in function increaseCondition2 at /blue/yu.yang1/you.z/route_opt/packages/application/X-n384-k52/src/main/src/call_cutting.cpp:74[0m
 ****** Separate Rank1Cuts ****** 
it= 3   ncol= 3512  ncstr= 1589 mt= 0.4   spt= 0.0   lpval= 65900.6   ub= 65929.0  
-----------------------------------------------------------------------------------------
elapsed time= 404.77 s.
-----------------------------------------------------------------------------------------
columns pending deletion= 9474 remain= 61003 col ratio= 0.844696 row ratio= 0.882945
[1;36m[REMIND] 2: gap improved= 0.676972 ratio= 0.023805 threshold= 0.040000 in function increaseCondition2 at /blue/yu.yang1/you.z/route_opt/packages/application/X-n384-k52/src/main/src/call_cutting.cpp:74[0m
 ****** Separate Rank1Cuts ****** 
it= 4   ncol= 3557  ncstr= 1682 mt= 0.5   spt= 0.0   lpval= 65901.4   ub= 65929.0  
-----------------------------------------------------------------------------------------
elapsed time= 408.70 s.
-----------------------------------------------------------------------------------------
columns pending deletion= 13289 remain= 61003 col ratio= 0.782158 row ratio= 0.852556
[1;36m[REMIND] 2: gap improved= 0.813687 ratio= 0.029455 threshold= 0.040000 in function increaseCondition2 at /blue/yu.yang1/you.z/route_opt/packages/application/X-n384-k52/src/main/src/call_cutting.cpp:74[0m
[1;36m[REMIND] tail off counter= 3 threshold= 3 in function setIfTailOff at /blue/yu.yang1/you.z/route_opt/packages/application/X-n384-k52/src/main/src/call_cutting.cpp:150[0m
current_r_best= 5.6831
alpha= 0.37 beta= 4.86082 omega= 137.885 k1= 13
lb_k= 1 ub_k= 37
revise: lb_k= 10 ub_k= 17
opt_k= 14
alpha= 0.75 beta= 4.86082 omega= 9.33171 k1= 3
lb_k= 1 ub_k= 3
revise: lb_k= 1 ub_k= 3
opt_k= 3
pseudo= 50 frac= 50
#candidates in phase1= 14
testing lp time= 11.80 s.
-----------------------------------------------------------------------------------------
 39-308 ,  24.44|  59-148 ,  18.68| 252-284 ,  12.37| 189-354 ,   9.38|   0-247 ,   8.34| 
 75-284 ,   6.18|  94-189 ,   5.33|  47-266 ,   4.97|  37-251 ,   4.34|  23-330 ,   2.60| 
145-313 ,   1.56| 313-331 ,   1.46| 124-149 ,   0.07|  77-363 ,   0.06| 
-----------------------------------------------------------------------------------------
edge= 252 284 lp= 5.88887 pre= 2 lp2= 2.10058 pre2= 2 score= 12.3701
-----------------------------------------------------------------------------------------
edge= 59 148 lp= 11.5144 pre= 2 lp2= 1.62267 pre2= 2 score= 18.6841
-----------------------------------------------------------------------------------------
edge= 39 308 lp= 5.97735 pre= 0 lp2= 4.08835 pre2= 0 score= 24.4375
-----------------------------------------------------------------------------------------
brc= 39-308
t= 0.376936 c= 44.5448 n= 4 if_b4= 0
t= 5.58313 c= 47.0505 n= 4 if_b4= 0
#########################################################################################
tree size= 5 lb= 65896.8 ub= 65929
#########################################################################################
idx= 5 value= 65896.8 enu= 1
brc= 264-365 : +
brc= 23-381 : -
brc= 185-192 : -
brc= 317-370 : -
brc= 252-293 : +
brc= 246-313 : -
brc= 0-305 : -
brc= 145-185 : -
brc= 158-202 : +
brc= 176-199 : -
brc= 129-199 : +
brc= 78-122 : +
brc= 11-275 : -
brc= 77-244 : -
brc= 35-316 : +
brc= 90-342 : -
brc= 15-185 : +
it= 6   ncol= 3395  ncstr= 1581 mt= 5.7   spt= 0.0   lpval= 65906.7   ub= 65929.0  
-----------------------------------------------------------------------------------------
elapsed time= 438.05 s.
-----------------------------------------------------------------------------------------
delete columns= 46555 remain= 27932
 ****** Separate RCCs ****** 
 ****** Separate Rank1Cuts ****** 
it= 6   ncol= 3442  ncstr= 1387 mt= 1.6   spt= 0.0   lpval= 65909.5   ub= 65929.0  
-----------------------------------------------------------------------------------------
elapsed time= 443.35 s.
-----------------------------------------------------------------------------------------
columns pending deletion= 8542 remain= 27932 col ratio= 0.694186 row ratio= 0.916366
 ****** Separate RCCs ****** 
 ****** Separate Rank1Cuts ****** 
it= 4   ncol= 3450  ncstr= 1509 mt= 0.6   spt= 0.0   lpval= 65911.3   ub= 65929.0  
-----------------------------------------------------------------------------------------
elapsed time= 447.18 s.
-----------------------------------------------------------------------------------------
delete columns= 12371 remain= 15561
mip: row= 1326 col= 18979 density= 2.06462%
mip time= 52.80 s.
mip status= 6
update f from 0 to 17.7019
#########################################################################################
tree size= 4 lb= 65896.8 ub= 65929
#########################################################################################
idx= 6 value= 65896.8 enu= 1
brc= 264-365 : +
brc= 23-381 : -
brc= 185-192 : -
brc= 317-370 : -
brc= 252-293 : +
brc= 246-313 : -
brc= 0-305 : -
brc= 145-185 : -
brc= 158-202 : +
brc= 176-199 : -
brc= 129-199 : +
brc= 78-122 : +
brc= 11-275 : -
brc= 77-244 : -
brc= 35-316 : +
brc= 90-342 : -
brc= 15-185 : -
it= 4   ncol= 3395  ncstr= 1581 mt= 0.5   spt= 0.0   lpval= 65898.2   ub= 65929.0  
-----------------------------------------------------------------------------------------
elapsed time= 504.82 s.
-----------------------------------------------------------------------------------------
columns pending deletion= 8228 remain= 75837 col ratio= 0.891504 row ratio= 0.867173
 ****** Separate Rank1Cuts ****** 
it= 4   ncol= 3459  ncstr= 1651 mt= 0.9   spt= 0.0   lpval= 65899.8   ub= 65929.0  
-----------------------------------------------------------------------------------------
elapsed time= 509.04 s.
-----------------------------------------------------------------------------------------
columns pending deletion= 17770 remain= 75837 col ratio= 0.765682 row ratio= 0.834646
 ****** Separate Rank1Cuts ****** 
it= 3   ncol= 3502  ncstr= 1727 mt= 0.5   spt= 0.0   lpval= 65901.2   ub= 65929.0  
-----------------------------------------------------------------------------------------
elapsed time= 513.04 s.
-----------------------------------------------------------------------------------------
delete columns= 25125 remain= 50712
 ****** Separate Rank1Cuts ****** 
it= 3   ncol= 3516  ncstr= 1517 mt= 0.2   spt= 0.0   lpval= 65901.8   ub= 65929.0  
-----------------------------------------------------------------------------------------
elapsed time= 521.38 s.
-----------------------------------------------------------------------------------------
columns pending deletion= 3826 remain= 50712 col ratio= 0.924554 row ratio= 0.928148
[1;36m[REMIND] 2: gap improved= 0.583582 ratio= 0.021438 threshold= 0.040000 in function increaseCondition2 at /blue/yu.yang1/you.z/route_opt/packages/application/X-n384-k52/src/main/src/call_cutting.cpp:74[0m
 ****** Separate Rank1Cuts ****** 
it= 3   ncol= 3542  ncstr= 1594 mt= 0.3   spt= 0.0   lpval= 65902.2   ub= 65929.0  
-----------------------------------------------------------------------------------------
elapsed time= 524.63 s.
-----------------------------------------------------------------------------------------
columns pending deletion= 6007 remain= 50712 col ratio= 0.881547 row ratio= 0.901506
[1;36m[REMIND] 2: gap improved= 0.404738 ratio= 0.015093 threshold= 0.040000 in function increaseCondition2 at /blue/yu.yang1/you.z/route_opt/packages/application/X-n384-k52/src/main/src/call_cutting.cpp:74[0m
 ****** Separate RCCs ****** 
 ****** Separate Rank1Cuts ****** 
it= 4   ncol= 3573  ncstr= 1705 mt= 0.3   spt= 0.0   lpval= 65902.7   ub= 65929.0  
-----------------------------------------------------------------------------------------
elapsed time= 528.02 s.
-----------------------------------------------------------------------------------------
columns pending deletion= 8500 remain= 50712 col ratio= 0.832387 row ratio= 0.849267
[1;36m[REMIND] 2: gap improved= 0.495531 ratio= 0.018826 threshold= 0.040000 in function increaseCondition2 at /blue/yu.yang1/you.z/route_opt/packages/application/X-n384-k52/src/main/src/call_cutting.cpp:74[0m
[1;36m[REMIND] tail off counter= 3 threshold= 3 in function setIfTailOff at /blue/yu.yang1/you.z/route_opt/packages/application/X-n384-k52/src/main/src/call_cutting.cpp:150[0m
current_r_best= 5.6242
alpha= 0.37 beta= 1.53254 omega= 118.176 k1= 6
lb_k= 1 ub_k= 37
revise: lb_k= 5 ub_k= 7
opt_k= 7
alpha= 0.75 beta= 1.53254 omega= 8.42725 k1= 3
lb_k= 2 ub_k= 3
revise: lb_k= 2 ub_k= 3
opt_k= 3
pseudo= 50 frac= 50
#candidates in phase1= 7
testing lp time= 6.27 s.
-----------------------------------------------------------------------------------------
246-316 ,  12.79|  59-148 ,  12.49| 122-275 ,  12.04| 201-342 ,   9.37| 175-375 ,   5.87| 
 46-128 ,   3.15| 148-207 ,   0.25| 
-----------------------------------------------------------------------------------------
edge= 122 275 lp= 1.17719 pre= 0 lp2= 10.2273 pre2= 2 score= 12.0395
-----------------------------------------------------------------------------------------
edge= 59 148 lp= 13.852 pre= 2 lp2= 0.901743 pre2= 0 score= 12.4909
-----------------------------------------------------------------------------------------
edge= 246 316 lp= 2.20265 pre= 1 lp2= 5.80625 pre2= 1 score= 12.7892
-----------------------------------------------------------------------------------------
candidate= 246-316 : +
-----------------------------------------------------------------------------------------
it= 4   ncol= 3635  ncstr= 1706 mt= 7.3   spt= 0.0   lpval= 65907.8   ub= 65929.0  
-----------------------------------------------------------------------------------------
elapsed time= 541.60 s.
-----------------------------------------------------------------------------------------
candidate= 59-148 : -
-----------------------------------------------------------------------------------------
it= 5   ncol= 3687  ncstr= 1706 mt= 8.6   spt= 0.0   lpval= 65912.1   ub= 65929.0  
-----------------------------------------------------------------------------------------
elapsed time= 550.24 s.
-----------------------------------------------------------------------------------------
candidate= 122-275 : +
-----------------------------------------------------------------------------------------
it= 5   ncol= 3678  ncstr= 1706 mt= 7.0   spt= 0.0   lpval= 65911.9   ub= 65929.0  
-----------------------------------------------------------------------------------------
elapsed time= 557.29 s.
-----------------------------------------------------------------------------------------
candidate= 246-316 : -
-----------------------------------------------------------------------------------------
it= 4   ncol= 3625  ncstr= 1706 mt= 7.0   spt= 0.0   lpval= 65904.6   ub= 65929.0  
-----------------------------------------------------------------------------------------
elapsed time= 564.29 s.
-----------------------------------------------------------------------------------------
candidate= 122-275 : -
-----------------------------------------------------------------------------------------
it= 4   ncol= 3613  ncstr= 1706 mt= 6.5   spt= 0.0   lpval= 65903.8   ub= 65929.0  
-----------------------------------------------------------------------------------------
elapsed time= 570.86 s.
-----------------------------------------------------------------------------------------
brc= 122-275
t= 0.388746 c= 44.1332 n= 5 if_b4= 0
t= 5.871 c= 43.6977 n= 5 if_b4= 0
#########################################################################################
tree size= 5 lb= 65901.4 ub= 65929
#########################################################################################
idx= 9 value= 65901.4 enu= 1
brc= 264-365 : +
brc= 23-381 : -
brc= 185-192 : -
brc= 317-370 : -
brc= 252-293 : +
brc= 246-313 : -
brc= 0-305 : -
brc= 145-185 : -
brc= 158-202 : +
brc= 176-199 : -
brc= 129-199 : +
brc= 78-122 : +
brc= 11-275 : -
brc= 77-244 : -
brc= 35-316 : +
brc= 90-342 : +
brc= 175-375 : -
brc= 39-308 : +
it= 5   ncol= 3532  ncstr= 1682 mt= 6.3   spt= 0.0   lpval= 65904.1   ub= 65929.0  
-----------------------------------------------------------------------------------------
elapsed time= 590.29 s.
-----------------------------------------------------------------------------------------
columns pending deletion= 11213 remain= 45551 col ratio= 0.753836 row ratio= 0.807372
 ****** Separate RCCs ****** 
 ****** Separate Rank1Cuts ****** 
it= 4   ncol= 3587  ncstr= 1775 mt= 0.9   spt= 0.0   lpval= 65906.0   ub= 65929.0  
-----------------------------------------------------------------------------------------
elapsed time= 594.60 s.
-----------------------------------------------------------------------------------------
delete columns= 17801 remain= 27750
 ****** Separate Rank1Cuts ****** 
it= 3   ncol= 3591  ncstr= 1428 mt= 0.4   spt= 0.0   lpval= 65906.7   ub= 65929.0  
-----------------------------------------------------------------------------------------
elapsed time= 598.03 s.
-----------------------------------------------------------------------------------------
columns pending deletion= 2608 remain= 27750 col ratio= 0.906018 row ratio= 0.936975
[1;36m[REMIND] 2: gap improved= 0.756905 ratio= 0.033999 threshold= 0.040000 in function increaseCondition2 at /blue/yu.yang1/you.z/route_opt/packages/application/X-n384-k52/src/main/src/call_cutting.cpp:74[0m
 ****** Separate RCCs ****** 
 ****** Separate Rank1Cuts ****** 
it= 3   ncol= 3616  ncstr= 1529 mt= 0.5   spt= 0.0   lpval= 65907.6   ub= 65929.0  
-----------------------------------------------------------------------------------------
elapsed time= 601.72 s.
-----------------------------------------------------------------------------------------
columns pending deletion= 4906 remain= 27750 col ratio= 0.823207 row ratio= 0.899281
[1;36m[REMIND] 2: gap improved= 0.832316 ratio= 0.038838 threshold= 0.040000 in function increaseCondition2 at /blue/yu.yang1/you.z/route_opt/packages/application/X-n384-k52/src/main/src/call_cutting.cpp:74[0m
 ****** Separate RCCs ****** 
 ****** Separate Rank1Cuts ****** 
it= 3   ncol= 3622  ncstr= 1655 mt= 0.4   spt= 0.0   lpval= 65908.1   ub= 65929.0  
-----------------------------------------------------------------------------------------
elapsed time= 605.34 s.
-----------------------------------------------------------------------------------------
columns pending deletion= 6269 remain= 27750 col ratio= 0.77409 row ratio= 0.853776
[1;36m[REMIND] 2: gap improved= 0.574324 ratio= 0.027537 threshold= 0.040000 in function increaseCondition2 at /blue/yu.yang1/you.z/route_opt/packages/application/X-n384-k52/src/main/src/call_cutting.cpp:74[0m
[1;36m[REMIND] tail off counter= 3 threshold= 3 in function setIfTailOff at /blue/yu.yang1/you.z/route_opt/packages/application/X-n384-k52/src/main/src/call_cutting.cpp:150[0m
current_r_best= 5.6242
alpha= 0.37 beta= 0.560841 omega= 113.527 k1= 4
lb_k= 1 ub_k= 37
revise: lb_k= 3 ub_k= 4
opt_k= 4
alpha= 0.75 beta= 0.560841 omega= 7.44296 k1= 1
lb_k= 1 ub_k= 3
revise: lb_k= 1 ub_k= 3
opt_k= 2
pseudo= 50 frac= 50
#candidates in phase1= 4
testing lp time= 3.43 s.
-----------------------------------------------------------------------------------------
 98-325 ,  29.83|  15-185 ,  17.57| 302-376 ,   6.33|   3-322 ,   5.45| 
-----------------------------------------------------------------------------------------
edge= 15 185 lp= 2.02289 pre= 0 lp2= 8.68787 pre2= 2 score= 17.5746
-----------------------------------------------------------------------------------------
edge= 98 325 lp= 3.48313 pre= 2 lp2= 8.56312 pre2= 2 score= 29.8265
-----------------------------------------------------------------------------------------
candidate= 98-325 : -
-----------------------------------------------------------------------------------------
it= 4   ncol= 3684  ncstr= 1656 mt= 6.6   spt= 0.0   lpval= 65911.3   ub= 65929.0  
-----------------------------------------------------------------------------------------
elapsed time= 615.41 s.
-----------------------------------------------------------------------------------------
candidate= 98-325 : +
-----------------------------------------------------------------------------------------
it= 4   ncol= 3692  ncstr= 1656 mt= 5.8   spt= 0.0   lpval= 65915.7   ub= 65929.0  
-----------------------------------------------------------------------------------------
elapsed time= 621.25 s.
-----------------------------------------------------------------------------------------
brc= 98-325
t= 0.394518 c= 41.7803 n= 6 if_b4= 0
t= 5.92261 c= 40.7619 n= 6 if_b4= 0
#########################################################################################
tree size= 6 lb= 65901.4 ub= 65929
#########################################################################################
idx= 10 value= 65901.4 enu= 1
brc= 264-365 : +
brc= 23-381 : -
brc= 185-192 : -
brc= 317-370 : -
brc= 252-293 : +
brc= 246-313 : -
brc= 0-305 : -
brc= 145-185 : -
brc= 158-202 : +
brc= 176-199 : -
brc= 129-199 : +
brc= 78-122 : +
brc= 11-275 : -
brc= 77-244 : -
brc= 35-316 : +
brc= 90-342 : +
brc= 175-375 : -
brc= 39-308 : -
it= 5   ncol= 3612  ncstr= 1682 mt= 0.7   spt= 0.0   lpval= 65907.0   ub= 65929.0  
-----------------------------------------------------------------------------------------
elapsed time= 634.61 s.
-----------------------------------------------------------------------------------------
delete columns= 21787 remain= 25768
 ****** Separate Rank1Cuts ****** 
it= 4   ncol= 3624  ncstr= 1436 mt= 0.8   spt= 0.0   lpval= 65909.3   ub= 65929.0  
-----------------------------------------------------------------------------------------
elapsed time= 643.45 s.
-----------------------------------------------------------------------------------------
columns pending deletion= 6528 remain= 25768 col ratio= 0.746663 row ratio= 0.931058
 ****** Separate Rank1Cuts ****** 
it= 3   ncol= 3590  ncstr= 1534 mt= 0.4   spt= 0.0   lpval= 65910.2   ub= 65929.0  
-----------------------------------------------------------------------------------------
elapsed time= 647.15 s.
-----------------------------------------------------------------------------------------
delete columns= 8733 remain= 17035
 ****** Separate Rank1Cuts ****** 
it= 3   ncol= 3593  ncstr= 1443 mt= 0.2   spt= 0.0   lpval= 65910.8   ub= 65929.0  
-----------------------------------------------------------------------------------------
elapsed time= 655.08 s.
-----------------------------------------------------------------------------------------
columns pending deletion= 1408 remain= 17035 col ratio= 0.917347 row ratio= 0.946639
[1;36m[REMIND] 2: gap improved= 0.594059 ratio= 0.032661 threshold= 0.040000 in function increaseCondition2 at /blue/yu.yang1/you.z/route_opt/packages/application/X-n384-k52/src/main/src/call_cutting.cpp:74[0m
mip: row= 1366 col= 19170 density= 2.02472%
mip time= 82.13 s.
mip status= 6
update f from 17.7019 to 18.1884
#########################################################################################
tree size= 5 lb= 65902.7 ub= 65929
#########################################################################################
idx= 11 value= 65902.7 enu= 1
brc= 264-365 : +
brc= 23-381 : -
brc= 185-192 : -
brc= 317-370 : -
brc= 252-293 : +
brc= 246-313 : -
brc= 0-305 : -
brc= 145-185 : -
brc= 158-202 : +
brc= 176-199 : -
brc= 129-199 : +
brc= 78-122 : +
brc= 11-275 : -
brc= 77-244 : -
brc= 35-316 : +
brc= 90-342 : -
brc= 15-185 : -
brc= 122-275 : +
it= 4   ncol= 3480  ncstr= 1705 mt= 5.7   spt= 0.0   lpval= 65911.9   ub= 65929.0  
-----------------------------------------------------------------------------------------
elapsed time= 747.55 s.
-----------------------------------------------------------------------------------------
delete columns= 26475 remain= 14531
 ****** Separate RCCs ****** 
 ****** Separate Rank1Cuts ****** 
it= 5   ncol= 3393  ncstr= 1394 mt= 1.1   spt= 0.0   lpval= 65918.9   ub= 65929.0  
-----------------------------------------------------------------------------------------
elapsed time= 751.87 s.
-----------------------------------------------------------------------------------------
delete columns= 9125 remain= 5406
mip: row= 1293 col= 8473 density= 2.23239%
mip time= 11.51 s.
mip status= 6
#########################################################################################
tree size= 4 lb= 65902.7 ub= 65929
#########################################################################################
idx= 12 value= 65902.7 enu= 1
brc= 264-365 : +
brc= 23-381 : -
brc= 185-192 : -
brc= 317-370 : -
brc= 252-293 : +
brc= 246-313 : -
brc= 0-305 : -
brc= 145-185 : -
brc= 158-202 : +
brc= 176-199 : -
brc= 129-199 : +
brc= 78-122 : +
brc= 11-275 : -
brc= 77-244 : -
brc= 35-316 : +
brc= 90-342 : -
brc= 15-185 : -
brc= 122-275 : -
it= 4   ncol= 3611  ncstr= 1705 mt= 0.5   spt= 0.0   lpval= 65903.8   ub= 65929.0  
-----------------------------------------------------------------------------------------
elapsed time= 764.02 s.
-----------------------------------------------------------------------------------------
columns pending deletion= 3886 remain= 42164 col ratio= 0.907836 row ratio= 0.824047
 ****** Separate Rank1Cuts ****** 
it= 4   ncol= 3612  ncstr= 1775 mt= 0.9   spt= 0.0   lpval= 65904.8   ub= 65929.0  
-----------------------------------------------------------------------------------------
elapsed time= 768.39 s.
-----------------------------------------------------------------------------------------
columns pending deletion= 7680 remain= 42164 col ratio= 0.817854 row ratio= 0.815775
 ****** Separate Rank1Cuts ****** 
it= 3   ncol= 3644  ncstr= 1875 mt= 0.4   spt= 0.0   lpval= 65905.6   ub= 65929.0  
-----------------------------------------------------------------------------------------
elapsed time= 772.25 s.
-----------------------------------------------------------------------------------------
delete columns= 10554 remain= 31610
[1;36m[REMIND] 2: gap improved= 0.764850 ratio= 0.032646 threshold= 0.040000 in function increaseCondition2 at /blue/yu.yang1/you.z/route_opt/packages/application/X-n384-k52/src/main/src/call_cutting.cpp:74[0m
 ****** Separate Rank1Cuts ****** 
it= 3   ncol= 3643  ncstr= 1528 mt= 0.1   spt= 0.0   lpval= 65905.8   ub= 65929.0  
-----------------------------------------------------------------------------------------
elapsed time= 775.07 s.
-----------------------------------------------------------------------------------------
columns pending deletion= 1088 remain= 31610 col ratio= 0.965581 row ratio= 0.960733
[1;36m[REMIND] 2: gap improved= 0.207831 ratio= 0.008950 threshold= 0.040000 in function increaseCondition2 at /blue/yu.yang1/you.z/route_opt/packages/application/X-n384-k52/src/main/src/call_cutting.cpp:74[0m
 ****** Separate Rank1Cuts ****** 
it= 3   ncol= 3649  ncstr= 1602 mt= 0.3   spt= 0.0   lpval= 65906.1   ub= 65929.0  
-----------------------------------------------------------------------------------------
elapsed time= 778.07 s.
-----------------------------------------------------------------------------------------
columns pending deletion= 2134 remain= 31610 col ratio= 0.93249 row ratio= 0.920724
[1;36m[REMIND] 2: gap improved= 0.282894 ratio= 0.012333 threshold= 0.040000 in function increaseCondition2 at /blue/yu.yang1/you.z/route_opt/packages/application/X-n384-k52/src/main/src/call_cutting.cpp:74[0m
[1;36m[REMIND] tail off counter= 3 threshold= 3 in function setIfTailOff at /blue/yu.yang1/you.z/route_opt/packages/application/X-n384-k52/src/main/src/call_cutting.cpp:150[0m
current_r_best= 3.57228
alpha= 0.37 beta= 1.32957 omega= 105.902 k1= 6
lb_k= 1 ub_k= 37
revise: lb_k= 5 ub_k= 7
opt_k= 6
alpha= 0.75 beta= 1.32957 omega= 6.88243 k1= 2
lb_k= 1 ub_k= 3
revise: lb_k= 1 ub_k= 3
opt_k= 3
pseudo= 50 frac= 50
#candidates in phase1= 6
testing lp time= 5.18 s.
-----------------------------------------------------------------------------------------
224-313 ,  12.11|  39-308 ,   8.22| 170-238 ,   6.62| 175-375 ,   5.89|   0-137 ,   3.22| 
152-323 ,   0.31| 
-----------------------------------------------------------------------------------------
edge= 170 238 lp= 6.13509 pre= 1 lp2= 1.07929 pre2= 0 score= 6.62155
-----------------------------------------------------------------------------------------
edge= 39 308 lp= 1.76458 pre= 0 lp2= 4.65762 pre2= 0 score= 8.21876
-----------------------------------------------------------------------------------------
edge= 224 313 lp= 0.943968 pre= 1 lp2= 12.8316 pre2= 2 score= 12.1126
-----------------------------------------------------------------------------------------
candidate= 224-313 : +
-----------------------------------------------------------------------------------------
it= 5   ncol= 3775  ncstr= 1603 mt= 7.9   spt= 0.0   lpval= 65913.4   ub= 65929.0  
-----------------------------------------------------------------------------------------
elapsed time= 791.19 s.
-----------------------------------------------------------------------------------------
candidate= 39-308 : +
-----------------------------------------------------------------------------------------
it= 6   ncol= 3800  ncstr= 1603 mt= 7.3   spt= 0.0   lpval= 65909.8   ub= 65929.0  
-----------------------------------------------------------------------------------------
elapsed time= 798.47 s.
-----------------------------------------------------------------------------------------
candidate= 224-313 : -
-----------------------------------------------------------------------------------------
it= 3   ncol= 3665  ncstr= 1603 mt= 6.1   spt= 0.0   lpval= 65907.0   ub= 65929.0  
-----------------------------------------------------------------------------------------
elapsed time= 804.54 s.
-----------------------------------------------------------------------------------------
brc= 224-313
t= 0.399151 c= 39.7205 n= 7 if_b4= 0
t= 6.069 c= 37.823 n= 7 if_b4= 0
#########################################################################################
tree size= 5 lb= 65905.1 ub= 65929
#########################################################################################
idx= 7 value= 65905.1 enu= 1
brc= 264-365 : +
brc= 23-381 : -
brc= 185-192 : -
brc= 317-370 : -
brc= 252-293 : +
brc= 246-313 : -
brc= 0-305 : -
brc= 145-185 : -
brc= 158-202 : +
brc= 176-199 : -
brc= 129-199 : +
brc= 78-122 : +
brc= 11-275 : -
brc= 77-244 : -
brc= 35-316 : +
brc= 90-342 : +
brc= 175-375 : +
brc= 171-289 : +
it= 6   ncol= 3454  ncstr= 1441 mt= 5.8   spt= 0.0   lpval= 65912.6   ub= 65929.0  
-----------------------------------------------------------------------------------------
elapsed time= 823.04 s.
-----------------------------------------------------------------------------------------
delete columns= 18179 remain= 12709
 ****** Separate RCCs ****** 
 ****** Separate Rank1Cuts ****** 
it= 4   ncol= 3276  ncstr= 1348 mt= 0.9   spt= 0.0   lpval= 65915.2   ub= 65929.0  
-----------------------------------------------------------------------------------------
elapsed time= 831.00 s.
-----------------------------------------------------------------------------------------
columns pending deletion= 4053 remain= 12709 col ratio= 0.681092 row ratio= 0.925816
mip: row= 1248 col= 11771 density= 2.16302%
mip time= 19.34 s.
mip status= 6
#########################################################################################
tree size= 4 lb= 65905.1 ub= 65929
#########################################################################################
idx= 8 value= 65905.1 enu= 1
brc= 264-365 : +
brc= 23-381 : -
brc= 185-192 : -
brc= 317-370 : -
brc= 252-293 : +
brc= 246-313 : -
brc= 0-305 : -
brc= 145-185 : -
brc= 158-202 : +
brc= 176-199 : -
brc= 129-199 : +
brc= 78-122 : +
brc= 11-275 : -
brc= 77-244 : -
brc= 35-316 : +
brc= 90-342 : +
brc= 175-375 : +
brc= 171-289 : -
it= 4   ncol= 3513  ncstr= 1441 mt= 0.9   spt= 0.0   lpval= 65907.7   ub= 65929.0  
-----------------------------------------------------------------------------------------
elapsed time= 854.78 s.
-----------------------------------------------------------------------------------------
columns pending deletion= 7718 remain= 31805 col ratio= 0.757334 row ratio= 0.916031
 ****** Separate RCCs ****** 
 ****** Separate Rank1Cuts ****** 
it= 4   ncol= 3491  ncstr= 1522 mt= 0.6   spt= 0.0   lpval= 65910.3   ub= 65929.0  
-----------------------------------------------------------------------------------------
elapsed time= 858.99 s.
-----------------------------------------------------------------------------------------
delete columns= 14128 remain= 17677
 ****** Separate Rank1Cuts ****** 
it= 3   ncol= 3464  ncstr= 1437 mt= 0.2   spt= 0.0   lpval= 65911.2   ub= 65929.0  
-----------------------------------------------------------------------------------------
elapsed time= 866.83 s.
-----------------------------------------------------------------------------------------
columns pending deletion= 2219 remain= 17677 col ratio= 0.87447 row ratio= 0.942937
mip: row= 1355 col= 18880 density= 2.02592%
mip time= 57.15 s.
mip status= 6
#########################################################################################
tree size= 3 lb= 65906.1 ub= 65929
#########################################################################################
idx= 15 value= 65906.1 enu= 1
brc= 264-365 : +
brc= 23-381 : -
brc= 185-192 : -
brc= 317-370 : -
brc= 252-293 : +
brc= 246-313 : -
brc= 0-305 : -
brc= 145-185 : -
brc= 158-202 : +
brc= 176-199 : -
brc= 129-199 : +
brc= 78-122 : +
brc= 11-275 : -
brc= 77-244 : -
brc= 35-316 : +
brc= 90-342 : -
brc= 15-185 : -
brc= 122-275 : -
brc= 224-313 : +
it= 5   ncol= 3693  ncstr= 1602 mt= 7.8   spt= 0.0   lpval= 65913.4   ub= 65929.0  
-----------------------------------------------------------------------------------------
elapsed time= 936.02 s.
-----------------------------------------------------------------------------------------
delete columns= 16883 remain= 12097
 ****** Separate Rank1Cuts ****** 
it= 3   ncol= 3563  ncstr= 1445 mt= 0.3   spt= 0.0   lpval= 65916.7   ub= 65929.0  
-----------------------------------------------------------------------------------------
elapsed time= 939.78 s.
-----------------------------------------------------------------------------------------
delete columns= 4472 remain= 7625
mip: row= 1334 col= 11036 density= 2.16832%
mip time= 20.40 s.
mip status= 6
#########################################################################################
tree size= 2 lb= 65906.1 ub= 65929
#########################################################################################
idx= 16 value= 65906.1 enu= 1
brc= 264-365 : +
brc= 23-381 : -
brc= 185-192 : -
brc= 317-370 : -
brc= 252-293 : +
brc= 246-313 : -
brc= 0-305 : -
brc= 145-185 : -
brc= 158-202 : +
brc= 176-199 : -
brc= 129-199 : +
brc= 78-122 : +
brc= 11-275 : -
brc= 77-244 : -
brc= 35-316 : +
brc= 90-342 : -
brc= 15-185 : -
brc= 122-275 : -
brc= 224-313 : -
it= 2   ncol= 3675  ncstr= 1602 mt= 0.2   spt= 0.0   lpval= 65907.0   ub= 65929.0  
-----------------------------------------------------------------------------------------
elapsed time= 960.46 s.
-----------------------------------------------------------------------------------------
columns pending deletion= 2672 remain= 29442 col ratio= 0.909245 row ratio= 0.897628
 ****** Separate Rank1Cuts ****** 
it= 4   ncol= 3666  ncstr= 1689 mt= 0.6   spt= 0.0   lpval= 65907.6   ub= 65929.0  
-----------------------------------------------------------------------------------------
elapsed time= 964.12 s.
-----------------------------------------------------------------------------------------
columns pending deletion= 4467 remain= 29442 col ratio= 0.848278 row ratio= 0.864417
[1;36m[REMIND] 2: gap improved= 0.556805 ratio= 0.025968 threshold= 0.040000 in function increaseCondition2 at /blue/yu.yang1/you.z/route_opt/packages/application/X-n384-k52/src/main/src/call_cutting.cpp:74[0m
 ****** Separate Rank1Cuts ****** 
it= 4   ncol= 3691  ncstr= 1761 mt= 0.8   spt= 0.0   lpval= 65908.0   ub= 65929.0  
-----------------------------------------------------------------------------------------
elapsed time= 967.99 s.
-----------------------------------------------------------------------------------------
columns pending deletion= 5874 remain= 29442 col ratio= 0.800489 row ratio= 0.848382
[1;36m[REMIND] 2: gap improved= 0.439520 ratio= 0.020927 threshold= 0.040000 in function increaseCondition2 at /blue/yu.yang1/you.z/route_opt/packages/application/X-n384-k52/src/main/src/call_cutting.cpp:74[0m
 ****** Separate Rank1Cuts ****** 
it= 3   ncol= 3701  ncstr= 1850 mt= 0.4   spt= 0.0   lpval= 65908.3   ub= 65929.0  
-----------------------------------------------------------------------------------------
elapsed time= 971.26 s.
-----------------------------------------------------------------------------------------
columns pending deletion= 7182 remain= 29442 col ratio= 0.756063 row ratio= 0.817297
[1;36m[REMIND] 2: gap improved= 0.348183 ratio= 0.016858 threshold= 0.040000 in function increaseCondition2 at /blue/yu.yang1/you.z/route_opt/packages/application/X-n384-k52/src/main/src/call_cutting.cpp:74[0m
[1;36m[REMIND] tail off counter= 3 threshold= 3 in function setIfTailOff at /blue/yu.yang1/you.z/route_opt/packages/application/X-n384-k52/src/main/src/call_cutting.cpp:150[0m
current_r_best= 3.57228
alpha= 0.37 beta= 0.690231 omega= 99.5123 k1= 4
lb_k= 1 ub_k= 37
revise: lb_k= 3 ub_k= 5
opt_k= 4
alpha= 0.75 beta= 0.690231 omega= 6.23217 k1= 1
lb_k= 1 ub_k= 3
revise: lb_k= 1 ub_k= 3
opt_k= 2
pseudo= 50 frac= 50
#candidates in phase1= 4
testing lp time= 4.14 s.
-----------------------------------------------------------------------------------------
231-375 ,  22.42| 175-375 ,   8.61| 171-289 ,   7.38|  21-238 ,   5.97| 
-----------------------------------------------------------------------------------------
edge= 175 375 lp= 1.98324 pre= 0 lp2= 4.34261 pre2= 0 score= 8.61242
-----------------------------------------------------------------------------------------
edge= 231 375 lp= 1.31027 pre= 2 lp2= 17.1096 pre2= 2 score= 22.4182
-----------------------------------------------------------------------------------------
candidate= 231-375 : -
-----------------------------------------------------------------------------------------
it= 5   ncol= 3729  ncstr= 1851 mt= 6.9   spt= 0.0   lpval= 65909.5   ub= 65929.0  
-----------------------------------------------------------------------------------------
elapsed time= 982.33 s.
-----------------------------------------------------------------------------------------
candidate= 231-375 : +
-----------------------------------------------------------------------------------------
it= 5   ncol= 3799  ncstr= 1851 mt= 9.6   spt= 0.0   lpval= 65920.1   ub= 65929.0  
-----------------------------------------------------------------------------------------
elapsed time= 991.99 s.
-----------------------------------------------------------------------------------------
brc= 231-375
t= 0.412325 c= 37.4542 n= 8 if_b4= 0
t= 6.3159 c= 35.0764 n= 8 if_b4= 0
#########################################################################################
tree size= 3 lb= 65908.1 ub= 65929
#########################################################################################
idx= 13 value= 65908.1 enu= 1
brc= 264-365 : +
brc= 23-381 : -
brc= 185-192 : -
brc= 317-370 : -
brc= 252-293 : +
brc= 246-313 : -
brc= 0-305 : -
brc= 145-185 : -
brc= 158-202 : +
brc= 176-199 : -
brc= 129-199 : +
brc= 78-122 : +
brc= 11-275 : -
brc= 77-244 : -
brc= 35-316 : +
brc= 90-342 : +
brc= 175-375 : -
brc= 39-308 : +
brc= 98-325 : +
it= 4   ncol= 3564  ncstr= 1655 mt= 6.3   spt= 0.0   lpval= 65915.7   ub= 65929.0  
-----------------------------------------------------------------------------------------
elapsed time= 1012.38 s.
-----------------------------------------------------------------------------------------
delete columns= 12884 remain= 8087
 ****** Separate RCCs ****** 
 ****** Separate Rank1Cuts ****** 
it= 5   ncol= 3379  ncstr= 1407 mt= 0.6   spt= 0.0   lpval= 65918.2   ub= 65929.0  
-----------------------------------------------------------------------------------------
elapsed time= 1019.95 s.
-----------------------------------------------------------------------------------------
columns pending deletion= 2690 remain= 8087 col ratio= 0.667367 row ratio= 0.923241
mip: row= 1299 col= 8556 density= 2.2189%
mip time= 15.70 s.
mip status= 6
#########################################################################################
tree size= 2 lb= 65908.1 ub= 65929
#########################################################################################
idx= 14 value= 65908.1 enu= 1
brc= 264-365 : +
brc= 23-381 : -
brc= 185-192 : -
brc= 317-370 : -
brc= 252-293 : +
brc= 246-313 : -
brc= 0-305 : -
brc= 145-185 : -
brc= 158-202 : +
brc= 176-199 : -
brc= 129-199 : +
brc= 78-122 : +
brc= 11-275 : -
brc= 77-244 : -
brc= 35-316 : +
brc= 90-342 : +
brc= 175-375 : -
brc= 39-308 : +
brc= 98-325 : -
it= 4   ncol= 3681  ncstr= 1655 mt= 1.0   spt= 0.0   lpval= 65911.3   ub= 65929.0  
-----------------------------------------------------------------------------------------
elapsed time= 1036.77 s.
-----------------------------------------------------------------------------------------
delete columns= 6614 remain= 14843
 ****** Separate Rank1Cuts ****** 
it= 4   ncol= 3637  ncstr= 1444 mt= 0.5   spt= 0.0   lpval= 65912.1   ub= 65929.0  
-----------------------------------------------------------------------------------------
elapsed time= 1045.16 s.
-----------------------------------------------------------------------------------------
columns pending deletion= 2065 remain= 14843 col ratio= 0.860877 row ratio= 0.927978
mip: row= 1340 col= 16354 density= 2.11171%
mip time= 52.93 s.
mip status= 6
#########################################################################################
tree size= 1 lb= 65908.3 ub= 65929
#########################################################################################
idx= 17 value= 65908.3 enu= 1
brc= 264-365 : +
brc= 23-381 : -
brc= 185-192 : -
brc= 317-370 : -
brc= 252-293 : +
brc= 246-313 : -
brc= 0-305 : -
brc= 145-185 : -
brc= 158-202 : +
brc= 176-199 : -
brc= 129-199 : +
brc= 78-122 : +
brc= 11-275 : -
brc= 77-244 : -
brc= 35-316 : +
brc= 90-342 : -
brc= 15-185 : -
brc= 122-275 : -
brc= 224-313 : -
brc= 231-375 : +
it= 4   ncol= 3693  ncstr= 1850 mt= 8.8   spt= 0.0   lpval= 65920.1   ub= 65929.0  
-----------------------------------------------------------------------------------------
elapsed time= 1111.58 s.
-----------------------------------------------------------------------------------------
delete columns= 17436 remain= 4455
 ****** Separate RCCs ****** 
 ****** Separate Rank1Cuts ****** 
it= 4   ncol= 3149  ncstr= 1483 mt= 0.6   spt= 0.0   lpval= 65924.6   ub= 65929.0  
-----------------------------------------------------------------------------------------
elapsed time= 1120.12 s.
-----------------------------------------------------------------------------------------
delete columns= 2540 remain= 1915
mip: row= 1339 col= 4316 density= 2.27943%
mip time= 1.29 s.
mip status= 6
#########################################################################################
tree size= 0 lb= 65908.3 ub= 65929
#########################################################################################
idx= 18 value= 65908.3 enu= 1
brc= 264-365 : +
brc= 23-381 : -
brc= 185-192 : -
brc= 317-370 : -
brc= 252-293 : +
brc= 246-313 : -
brc= 0-305 : -
brc= 145-185 : -
brc= 158-202 : +
brc= 176-199 : -
brc= 129-199 : +
brc= 78-122 : +
brc= 11-275 : -
brc= 77-244 : -
brc= 35-316 : +
brc= 90-342 : -
brc= 15-185 : -
brc= 122-275 : -
brc= 224-313 : -
brc= 231-375 : -
it= 4   ncol= 3727  ncstr= 1850 mt= 0.8   spt= 0.0   lpval= 65909.5   ub= 65929.0  
-----------------------------------------------------------------------------------------
elapsed time= 1122.31 s.
-----------------------------------------------------------------------------------------
columns pending deletion= 2317 remain= 22216 col ratio= 0.895706 row ratio= 0.789189
 ****** Separate Rank1Cuts ****** 
it= 4   ncol= 3716  ncstr= 1908 mt= 0.6   spt= 0.0   lpval= 65910.0   ub= 65929.0  
-----------------------------------------------------------------------------------------
elapsed time= 1125.68 s.
-----------------------------------------------------------------------------------------
columns pending deletion= 3592 remain= 22216 col ratio= 0.838315 row ratio= 0.780398
[1;36m[REMIND] 2: gap improved= 0.446666 ratio= 0.023489 threshold= 0.040000 in function increaseCondition2 at /blue/yu.yang1/you.z/route_opt/packages/application/X-n384-k52/src/main/src/call_cutting.cpp:74[0m
 ****** Separate RCCs ****** 
 ****** Separate Rank1Cuts ****** 
it= 3   ncol= 3716  ncstr= 1963 mt= 0.4   spt= 0.0   lpval= 65910.3   ub= 65929.0  
-----------------------------------------------------------------------------------------
elapsed time= 1128.84 s.
-----------------------------------------------------------------------------------------
columns pending deletion= 4395 remain= 22216 col ratio= 0.80217 row ratio= 0.762099
[1;36m[REMIND] 2: gap improved= 0.290075 ratio= 0.015490 threshold= 0.040000 in function increaseCondition2 at /blue/yu.yang1/you.z/route_opt/packages/application/X-n384-k52/src/main/src/call_cutting.cpp:74[0m
 ****** Separate Rank1Cuts ****** 
it= 2   ncol= 3722  ncstr= 2023 mt= 0.3   spt= 0.0   lpval= 65910.5   ub= 65929.0  
-----------------------------------------------------------------------------------------
elapsed time= 1131.64 s.
-----------------------------------------------------------------------------------------
delete columns= 4984 remain= 17232
[1;36m[REMIND] 2: gap improved= 0.209997 ratio= 0.011341 threshold= 0.040000 in function increaseCondition2 at /blue/yu.yang1/you.z/route_opt/packages/application/X-n384-k52/src/main/src/call_cutting.cpp:74[0m
[1;36m[REMIND] tail off counter= 3 threshold= 3 in function setIfTailOff at /blue/yu.yang1/you.z/route_opt/packages/application/X-n384-k52/src/main/src/call_cutting.cpp:150[0m
current_r_best= 3.57228
alpha= 0.37 beta= 0.0917454 omega= 90.8365 k1= 1
lb_k= 1 ub_k= 1
opt_k= 1
alpha= 0.75 beta= 0.0917454 omega= 5.55366 k1= 1
lb_k= 1 ub_k= 1
opt_k= 1
pseudo= 50 frac= 50
#candidates in phase1= 1
[1;36m[REMIND] no data in phase2: a single candidate in function getFeatureDataPhase2 at /blue/yu.yang1/you.z/route_opt/packages/application/X-n384-k52/src/l2b/include/t_l2b_phase2.hpp:27[0m
brc= 157-370
t= 0.412325 c= 35.3313 n= 9 if_b4= 0
t= 6.3159 c= 33.1913 n= 9 if_b4= 0
#########################################################################################
tree size= 1 lb= 65910.5 ub= 65929
#########################################################################################
idx= 19 value= 65910.5 enu= 1
brc= 264-365 : +
brc= 23-381 : -
brc= 185-192 : -
brc= 317-370 : -
brc= 252-293 : +
brc= 246-313 : -
brc= 0-305 : -
brc= 145-185 : -
brc= 158-202 : +
brc= 176-199 : -
brc= 129-199 : +
brc= 78-122 : +
brc= 11-275 : -
brc= 77-244 : -
brc= 35-316 : +
brc= 90-342 : -
brc= 15-185 : -
brc= 122-275 : -
brc= 224-313 : -
brc= 231-375 : -
brc= 157-370 : +
it= 3   ncol= 3650  ncstr= 1539 mt= 5.6   spt= 0.0   lpval= 65911.2   ub= 65929.0  
-----------------------------------------------------------------------------------------
elapsed time= 1148.79 s.
-----------------------------------------------------------------------------------------
columns pending deletion= 1345 remain= 17024 col ratio= 0.920994 row ratio= 0.931774
 ****** Separate Rank1Cuts ****** 
it= 3   ncol= 3642  ncstr= 1610 mt= 0.2   spt= 0.0   lpval= 65911.9   ub= 65929.0  
-----------------------------------------------------------------------------------------
elapsed time= 1151.81 s.
-----------------------------------------------------------------------------------------
columns pending deletion= 2455 remain= 17024 col ratio= 0.855792 row ratio= 0.908075
[1;36m[REMIND] 2: gap improved= 0.648849 ratio= 0.037898 threshold= 0.040000 in function increaseCondition2 at /blue/yu.yang1/you.z/route_opt/packages/application/X-n384-k52/src/main/src/call_cutting.cpp:74[0m
mip: row= 1462 col= 18192 density= 2.07455%
mip time= 78.15 s.
mip status= 6
#########################################################################################
tree size= 0 lb= 65910.5 ub= 65929
#########################################################################################
idx= 20 value= 65910.5 enu= 1
brc= 264-365 : +
brc= 23-381 : -
brc= 185-192 : -
brc= 317-370 : -
brc= 252-293 : +
brc= 246-313 : -
brc= 0-305 : -
brc= 145-185 : -
brc= 158-202 : +
brc= 176-199 : -
brc= 129-199 : +
brc= 78-122 : +
brc= 11-275 : -
brc= 77-244 : -
brc= 35-316 : +
brc= 90-342 : -
brc= 15-185 : -
brc= 122-275 : -
brc= 224-313 : -
brc= 231-375 : -
brc= 157-370 : -
it= 4   ncol= 3724  ncstr= 1539 mt= 1.4   spt= 0.0   lpval= 65916.6   ub= 65929.0  
-----------------------------------------------------------------------------------------
elapsed time= 1231.44 s.
-----------------------------------------------------------------------------------------
delete columns= 9305 remain= 7780
 ****** Separate RCCs ****** 
 ****** Separate Rank1Cuts ****** 
it= 3   ncol= 3483  ncstr= 1432 mt= 0.5   spt= 0.0   lpval= 65918.4   ub= 65929.0  
-----------------------------------------------------------------------------------------
elapsed time= 1234.81 s.
-----------------------------------------------------------------------------------------
columns pending deletion= 1864 remain= 7780 col ratio= 0.760411 row ratio= 0.946927
mip: row= 1356 col= 9265 density= 2.1692%
mip time= 17.97 s.
mip status= 6
#########################################################################################
[32m<Instance: X-n384-k52>
<Solution>
<UB= 65929>
<LB= 65929>
<Elapsed Time= 1252.8>
<Nodes Explored= 21>
<Global Gap= 0%>[0m
#########################################################################################
File nodes/X-n384-k52_0_3_3_1_0_2_G32.node deleted successfully.
