application type: CVRP
X-n384-k52_0_1_0_0_3_0_0_2_G32.node
Set parameter ServerTimeout to value 600
Set parameter TokenServer to value "grb-ts.ufhpc"
Set parameter Threads to value 1
instance name= X-n384-k52
#########################################################################################
tree size= 0 lb= 0 ub= 65929
#########################################################################################
idx= 5 value= 65861.9 enu= 0
brc= 264-365 : +
brc= 23-381 : -
brc= 185-192 : +
brc= 7-180 : +
brc= 107-275 : +
brc= 45-199 : -
brc= 317-370 : -
brc= 122-328 : -
brc= 157-317 : +
brc= 0-299 : +
brc= 133-272 : +
brc= 1-260 : -
brc= 239-286 : -
brc= 1-357 : +
-----------------------------------------------------------------------------------------
 ****** Pricing Level: LIGHT HEUR ****** 
it= 9   ncol= 2034  ncstr= 1434 mt= 0.5   spt= 0.6   lpval= 65863.2   ub= 65929.0  
 ****** Pricing Level: HEAVY HEUR ****** 
it= 11  ncol= 2168  ncstr= 1434 mt= 1.4   spt= 1.9   lpval= 65862.8   ub= 65929.0  
 ****** Pricing Level: EXACT ****** 
it= 4   ncol= 2391  ncstr= 1434 mt= 0.7   spt= 9.0   lpval= 65862.5   ub= 65929.0  
-----------------------------------------------------------------------------------------
elapsed time= 29.04 s.
-----------------------------------------------------------------------------------------
-----------------------------------------------------------------------------------------
 ****** Run Arc Elimination ****** 
arc elimination time= 17.97 s.
previous= 98.3911% maximum= 4.90184%
eliminate bucket arcs time= 1.49 s.
obtain jump arcs time= 0.01 s.
-----------------------------------------------------------------------------------------
-----------------------------------------------------------------------------------------
elapsed time= 49.21 s.
-----------------------------------------------------------------------------------------
 ****** Separate RCCs ****** 
 ****** Separate Rank1Cuts ****** 
-----------------------------------------------------------------------------------------
 ****** Pricing Level: LIGHT HEUR ****** 
it= 6   ncol= 2495  ncstr= 1496 mt= 0.9   spt= 0.5   lpval= 65863.8   ub= 65929.0  
 ****** Pricing Level: HEAVY HEUR ****** 
it= 6   ncol= 2585  ncstr= 1496 mt= 0.9   spt= 1.1   lpval= 65863.7   ub= 65929.0  
 ****** Pricing Level: EXACT ****** 
it= 4   ncol= 2736  ncstr= 1496 mt= 0.8   spt= 8.9   lpval= 65863.5   ub= 65929.0  
-----------------------------------------------------------------------------------------
elapsed time= 77.90 s.
-----------------------------------------------------------------------------------------
[1;36m[REMIND] 2: gap improved= 0.956072 ratio= 0.014589 threshold= 0.040000 in function increaseCondition2 at /blue/yu.yang1/you.z/route_opt/packages/application/X-n384-k52/src/main/src/call_cutting.cpp:74[0m
 ****** Separate Rank1Cuts ****** 
-----------------------------------------------------------------------------------------
 ****** Pricing Level: LIGHT HEUR ****** 
it= 7   ncol= 2869  ncstr= 1589 mt= 0.9   spt= 0.5   lpval= 65864.2   ub= 65929.0  
 ****** Pricing Level: HEAVY HEUR ****** 
it= 6   ncol= 2943  ncstr= 1589 mt= 0.5   spt= 1.1   lpval= 65864.2   ub= 65929.0  
 ****** Pricing Level: EXACT ****** 
it= 4   ncol= 3193  ncstr= 1589 mt= 0.7   spt= 9.4   lpval= 65864.1   ub= 65929.0  
-----------------------------------------------------------------------------------------
elapsed time= 108.61 s.
-----------------------------------------------------------------------------------------
[1;36m[REMIND] 2: gap improved= 0.624589 ratio= 0.009623 threshold= 0.040000 in function increaseCondition2 at /blue/yu.yang1/you.z/route_opt/packages/application/X-n384-k52/src/main/src/call_cutting.cpp:74[0m
 ****** Separate RCCs ****** 
 ****** Separate Rank1Cuts ****** 
-----------------------------------------------------------------------------------------
 ****** Pricing Level: LIGHT HEUR ****** 
it= 3   ncol= 3235  ncstr= 1560 mt= 0.9   spt= 0.2   lpval= 65864.6   ub= 65929.0  
 ****** Pricing Level: HEAVY HEUR ****** 
it= 5   ncol= 3290  ncstr= 1560 mt= 0.6   spt= 0.9   lpval= 65864.6   ub= 65929.0  
 ****** Pricing Level: EXACT ****** 
it= 3   ncol= 3347  ncstr= 1560 mt= 0.5   spt= 7.3   lpval= 65864.6   ub= 65929.0  
-----------------------------------------------------------------------------------------
elapsed time= 133.69 s.
-----------------------------------------------------------------------------------------
[1;36m[REMIND] 2: gap improved= 0.471778 ratio= 0.007322 threshold= 0.040000 in function increaseCondition2 at /blue/yu.yang1/you.z/route_opt/packages/application/X-n384-k52/src/main/src/call_cutting.cpp:74[0m
[1;36m[REMIND] tail off counter= 3 threshold= 3 in function setIfTailOff at /blue/yu.yang1/you.z/route_opt/packages/application/X-n384-k52/src/main/src/call_cutting.cpp:150[0m
[1;36m[REMIND] opt_k not found for node 5, use m directly in function getOptK at /blue/yu.yang1/you.z/route_opt/packages/branching/bkf/include/bkf_controller.hpp:239[0m
current_r_best= 1.95902
we directly test 100
we directly test 4
pseudo= 50 frac= 50
#candidates in phase1= 100
testing lp time= 64.57 s.
-----------------------------------------------------------------------------------------
  0-183 ,  25.54|  59-148 ,  25.19| 107-262 ,  23.12| 284-295 ,  20.29| 180-214 ,  19.75| 
366-370 ,  18.69|  48-258 ,  16.42|  15-132 ,  15.89|  77-229 ,  15.11|  49-126 ,  15.09| 
158-202 ,  14.12|   0-275 ,  13.34| 201-226 ,  13.00|   0-221 ,  12.84|  50-136 ,  12.69| 
252-293 ,  12.59|  29-345 ,  12.13|  44-98  ,  11.88|   9-252 ,  11.82| 136-137 ,  11.63| 
  0-137 ,  11.40|  91-355 ,  11.29|  92-174 ,  11.24| 123-277 ,  11.17| 158-295 ,  10.78| 
112-342 ,  10.35|   0-4   ,  10.01| 201-230 ,   9.88|   0-366 ,   9.71| 118-226 ,   9.65| 
165-355 ,   9.44|  75-284 ,   9.19|   0-182 ,   8.91| 106-275 ,   8.86| 170-238 ,   8.49| 
106-262 ,   8.45| 107-360 ,   8.20|  64-86  ,   8.17| 106-378 ,   8.08|   0-64  ,   7.93| 
  0-170 ,   7.90|  21-98  ,   7.76| 235-253 ,   7.56|  50-305 ,   7.34|   0-201 ,   7.29| 
  0-23  ,   7.24|   0-244 ,   7.15|   0-291 ,   7.07|  77-244 ,   7.05|  15-215 ,   6.88| 
  0-15  ,   6.88|  44-90  ,   6.71|   0-77  ,   6.67|   0-238 ,   6.32|  94-189 ,   6.20| 
 89-266 ,   5.85|   4-312 ,   5.67| 149-351 ,   5.62|  28-112 ,   5.32|  47-272 ,   4.98| 
308-376 ,   4.94| 132-215 ,   4.58| 300-324 ,   4.56|  40-60  ,   4.54| 176-199 ,   4.36| 
 61-151 ,   4.29| 188-337 ,   4.26|  91-286 ,   4.05|  15-275 ,   3.94| 172-339 ,   3.80| 
  0-161 ,   3.74| 100-356 ,   3.68|  34-218 ,   3.59|   0-9   ,   3.54|  76-77  ,   3.44| 
  0-179 ,   3.42| 164-179 ,   3.42|   0-142 ,   3.29|  13-204 ,   3.29|   0-302 ,   3.20| 
  0-88  ,   2.96|  19-335 ,   2.91| 321-363 ,   2.84| 266-290 ,   2.74| 257-274 ,   2.34| 
183-194 ,   1.94| 301-307 ,   1.92|   0-356 ,   1.87| 249-336 ,   1.87|   0-339 ,   1.77| 
 62-280 ,   1.60| 236-368 ,   1.55| 167-184 ,   1.45|  99-368 ,   1.44| 153-280 ,   1.40| 
 76-208 ,   1.06|   0-344 ,   1.03|   0-61  ,   0.78|   0-383 ,   0.32|  51-335 ,   0.24| 
-----------------------------------------------------------------------------------------
edge= 284 295 lp= 3.01003 pre= 2 lp2= 6.7392 pre2= 2 score= 20.2852
-----------------------------------------------------------------------------------------
edge= 107 262 lp= 4.39675 pre= 2 lp2= 5.25931 pre2= 2 score= 23.1239
-----------------------------------------------------------------------------------------
edge= 59 148 lp= 15.2099 pre= 2 lp2= 1.65641 pre2= 2 score= 25.1939
-----------------------------------------------------------------------------------------
edge= 0 183 lp= 1.65641 pre= 2 lp2= 15.4215 pre2= 2 score= 25.5443
-----------------------------------------------------------------------------------------
candidate= 0-183 : -
-----------------------------------------------------------------------------------------
-----------------------------------------------------------------------------------------
 ****** Pricing Level: LIGHT HEUR ****** 
it= 8   ncol= 2404  ncstr= 1468 mt= 1.6   spt= 0.6   lpval= 65865.9   ub= 65929.0  
 ****** Pricing Level: HEAVY HEUR ****** 
it= 5   ncol= 2478  ncstr= 1468 mt= 0.7   spt= 0.9   lpval= 65865.8   ub= 65929.0  
-----------------------------------------------------------------------------------------
elapsed time= 212.23 s.
-----------------------------------------------------------------------------------------
candidate= 59-148 : -
-----------------------------------------------------------------------------------------
-----------------------------------------------------------------------------------------
 ****** Pricing Level: LIGHT HEUR ****** 
it= 7   ncol= 2370  ncstr= 1468 mt= 2.2   spt= 0.5   lpval= 65875.2   ub= 65929.0  
 ****** Pricing Level: HEAVY HEUR ****** 
it= 7   ncol= 2475  ncstr= 1468 mt= 1.2   spt= 1.3   lpval= 65874.6   ub= 65929.0  
-----------------------------------------------------------------------------------------
elapsed time= 222.83 s.
-----------------------------------------------------------------------------------------
candidate= 107-262 : -
-----------------------------------------------------------------------------------------
-----------------------------------------------------------------------------------------
 ****** Pricing Level: LIGHT HEUR ****** 
it= 13  ncol= 2420  ncstr= 1468 mt= 1.5   spt= 1.0   lpval= 65868.4   ub= 65929.0  
 ****** Pricing Level: HEAVY HEUR ****** 
it= 8   ncol= 2586  ncstr= 1468 mt= 1.5   spt= 1.4   lpval= 65867.6   ub= 65929.0  
-----------------------------------------------------------------------------------------
elapsed time= 236.58 s.
-----------------------------------------------------------------------------------------
candidate= 284-295 : -
-----------------------------------------------------------------------------------------
-----------------------------------------------------------------------------------------
 ****** Pricing Level: LIGHT HEUR ****** 
it= 8   ncol= 2345  ncstr= 1468 mt= 1.3   spt= 0.6   lpval= 65867.3   ub= 65929.0  
 ****** Pricing Level: HEAVY HEUR ****** 
it= 5   ncol= 2423  ncstr= 1468 mt= 1.2   spt= 0.9   lpval= 65866.3   ub= 65929.0  
-----------------------------------------------------------------------------------------
elapsed time= 245.58 s.
-----------------------------------------------------------------------------------------
candidate= 0-183 : +
-----------------------------------------------------------------------------------------
-----------------------------------------------------------------------------------------
 ****** Pricing Level: LIGHT HEUR ****** 
it= 10  ncol= 2423  ncstr= 1468 mt= 2.7   spt= 0.7   lpval= 65874.4   ub= 65929.0  
 ****** Pricing Level: HEAVY HEUR ****** 
it= 5   ncol= 2490  ncstr= 1468 mt= 0.8   spt= 0.9   lpval= 65874.0   ub= 65929.0  
-----------------------------------------------------------------------------------------
elapsed time= 256.61 s.
-----------------------------------------------------------------------------------------
candidate= 59-148 : +
-----------------------------------------------------------------------------------------
-----------------------------------------------------------------------------------------
 ****** Pricing Level: LIGHT HEUR ****** 
it= 8   ncol= 2433  ncstr= 1468 mt= 1.3   spt= 0.6   lpval= 65866.1   ub= 65929.0  
 ****** Pricing Level: HEAVY HEUR ****** 
it= 5   ncol= 2504  ncstr= 1468 mt= 0.5   spt= 0.9   lpval= 65866.0   ub= 65929.0  
-----------------------------------------------------------------------------------------
elapsed time= 264.84 s.
-----------------------------------------------------------------------------------------
candidate= 107-262 : +
-----------------------------------------------------------------------------------------
-----------------------------------------------------------------------------------------
 ****** Pricing Level: LIGHT HEUR ****** 
it= 13  ncol= 2490  ncstr= 1468 mt= 2.2   spt= 0.9   lpval= 65868.8   ub= 65929.0  
 ****** Pricing Level: HEAVY HEUR ****** 
it= 9   ncol= 2671  ncstr= 1468 mt= 1.7   spt= 1.6   lpval= 65868.1   ub= 65929.0  
-----------------------------------------------------------------------------------------
elapsed time= 279.91 s.
-----------------------------------------------------------------------------------------
brc= 59-148
t= 0.322875 c= 171.509 n= 0 if_b4= 1
t= 10.9279 c= 165.549 n= 0 if_b4= 1
nodes already exists
memory usage= 13GB.
#########################################################################################
tree size= 0 lb= 65864.6 ub= 65929
#########################################################################################
idx= 2 value= 65864.6 enu= 0
brc= 264-365 : +
brc= 23-381 : -
brc= 185-192 : +
brc= 7-180 : +
brc= 107-275 : +
brc= 45-199 : -
brc= 317-370 : -
brc= 122-328 : -
brc= 157-317 : +
brc= 0-299 : +
brc= 133-272 : +
brc= 1-260 : -
brc= 239-286 : -
brc= 1-357 : +
brc= 59-148 : -
-----------------------------------------------------------------------------------------
 ****** Pricing Level: LIGHT HEUR ****** 
it= 9   ncol= 2406  ncstr= 1467 mt= 2.2   spt= 0.6   lpval= 65875.2   ub= 65929.0  
 ****** Pricing Level: HEAVY HEUR ****** 
it= 8   ncol= 2538  ncstr= 1467 mt= 1.4   spt= 1.4   lpval= 65874.4   ub= 65929.0  
 ****** Pricing Level: EXACT ****** 
it= 5   ncol= 2812  ncstr= 1467 mt= 1.5   spt= 12.0  lpval= 65871.3   ub= 65929.0  
-----------------------------------------------------------------------------------------
elapsed time= 309.12 s.
-----------------------------------------------------------------------------------------
-----------------------------------------------------------------------------------------
 ****** Run Arc Elimination ****** 
arc elimination time= 11.32 s.
previous= 87.0061% maximum= 4.26438%
eliminate bucket arcs time= 1.45 s.
obtain jump arcs time= 0.01 s.
-----------------------------------------------------------------------------------------
-----------------------------------------------------------------------------------------
elapsed time= 322.11 s.
-----------------------------------------------------------------------------------------
 ****** Separate RCCs ****** 
 ****** Separate Rank1Cuts ****** 
-----------------------------------------------------------------------------------------
 ****** Pricing Level: LIGHT HEUR ****** 
it= 4   ncol= 2861  ncstr= 1586 mt= 1.0   spt= 0.3   lpval= 65872.7   ub= 65929.0  
 ****** Pricing Level: HEAVY HEUR ****** 
it= 4   ncol= 2910  ncstr= 1586 mt= 0.4   spt= 0.7   lpval= 65872.7   ub= 65929.0  
 ****** Pricing Level: EXACT ****** 
it= 4   ncol= 3008  ncstr= 1586 mt= 0.6   spt= 9.0   lpval= 65872.6   ub= 65929.0  
-----------------------------------------------------------------------------------------
elapsed time= 344.76 s.
-----------------------------------------------------------------------------------------
[1;36m[REMIND] 2: gap improved= 1.256559 ratio= 0.022268 threshold= 0.040000 in function increaseCondition2 at /blue/yu.yang1/you.z/route_opt/packages/application/X-n384-k52/src/main/src/call_cutting.cpp:74[0m
 ****** Separate RCCs ****** 
 ****** Separate Rank1Cuts ****** 
-----------------------------------------------------------------------------------------
 ****** Pricing Level: LIGHT HEUR ****** 
it= 8   ncol= 3155  ncstr= 1566 mt= 1.4   spt= 0.6   lpval= 65873.5   ub= 65929.0  
 ****** Pricing Level: HEAVY HEUR ****** 
it= 6   ncol= 3242  ncstr= 1566 mt= 0.5   spt= 1.0   lpval= 65873.5   ub= 65929.0  
 ****** Pricing Level: EXACT ****** 
it= 5   ncol= 3420  ncstr= 1566 mt= 0.6   spt= 11.6  lpval= 65873.4   ub= 65929.0  
-----------------------------------------------------------------------------------------
elapsed time= 378.35 s.
-----------------------------------------------------------------------------------------
[1;36m[REMIND] 2: gap improved= 0.816533 ratio= 0.014683 threshold= 0.040000 in function increaseCondition2 at /blue/yu.yang1/you.z/route_opt/packages/application/X-n384-k52/src/main/src/call_cutting.cpp:74[0m
 ****** Separate Rank1Cuts ****** 
-----------------------------------------------------------------------------------------
 ****** Pricing Level: LIGHT HEUR ****** 
it= 3   ncol= 3424  ncstr= 1532 mt= 0.8   spt= 0.2   lpval= 65874.1   ub= 65929.0  
 ****** Pricing Level: HEAVY HEUR ****** 
it= 5   ncol= 3443  ncstr= 1532 mt= 0.4   spt= 0.8   lpval= 65874.1   ub= 65929.0  
 ****** Pricing Level: EXACT ****** 
it= 4   ncol= 3516  ncstr= 1532 mt= 0.6   spt= 9.4   lpval= 65874.1   ub= 65929.0  
-----------------------------------------------------------------------------------------
elapsed time= 405.19 s.
-----------------------------------------------------------------------------------------
[1;36m[REMIND] 2: gap improved= 0.682197 ratio= 0.012420 threshold= 0.040000 in function increaseCondition2 at /blue/yu.yang1/you.z/route_opt/packages/application/X-n384-k52/src/main/src/call_cutting.cpp:74[0m
[1;36m[REMIND] tail off counter= 3 threshold= 3 in function setIfTailOff at /blue/yu.yang1/you.z/route_opt/packages/application/X-n384-k52/src/main/src/call_cutting.cpp:150[0m
current_r_best= 6.87083
alpha= 0.37 beta= 7.99457 omega= 531.193 k1= 33
lb_k= 1 ub_k= 37
revise: lb_k= 28 ub_k= 37
opt_k= 35
alpha= 0.75 beta= 7.99457 omega= 15.1492 k1= 3
lb_k= 1 ub_k= 3
revise: lb_k= 1 ub_k= 3
opt_k= 3
pseudo= 50 frac= 50
#candidates in phase1= 35
testing lp time= 22.36 s.
-----------------------------------------------------------------------------------------
 59-343 ,  37.74|  24-359 ,  16.09|   0-241 ,  15.91|  49-126 ,  14.31| 284-295 ,  14.25| 
 48-258 ,  14.21|  87-353 ,  13.91| 147-241 ,  13.88| 268-303 ,  12.83| 176-199 ,  12.31| 
252-293 ,  10.86| 201-226 ,  10.77| 194-329 ,   8.69| 366-370 ,   8.61|  93-166 ,   8.54| 
148-183 ,   8.32| 201-230 ,   8.11|  59-241 ,   7.83|  56-221 ,   7.83| 118-226 ,   7.62| 
 12-306 ,   6.92|  77-244 ,   6.61| 186-304 ,   6.10|  22-59  ,   5.61|  15-132 ,   5.46| 
165-355 ,   5.41| 170-238 ,   5.25|  90-342 ,   4.61|  45-307 ,   3.40| 146-350 ,   2.70| 
209-352 ,   2.14|  29-345 ,   1.89|   0-223 ,   0.91|  58-209 ,   0.24|   0-242 ,   0.06| 
-----------------------------------------------------------------------------------------
edge= 0 241 lp= 3.2334 pre= 2 lp2= 4.92143 pre2= 2 score= 15.913
-----------------------------------------------------------------------------------------
edge= 24 359 lp= 0.903664 pre= 2 lp2= 17.8011 pre2= 2 score= 16.0862
-----------------------------------------------------------------------------------------
edge= 59 343 lp= 9.178 pre= 2 lp2= 4.1115 pre2= 2 score= 37.7354
-----------------------------------------------------------------------------------------
candidate= 59-343 : -
-----------------------------------------------------------------------------------------
-----------------------------------------------------------------------------------------
 ****** Pricing Level: LIGHT HEUR ****** 
it= 6   ncol= 2447  ncstr= 1443 mt= 1.6   spt= 0.4   lpval= 65881.9   ub= 65929.0  
 ****** Pricing Level: HEAVY HEUR ****** 
it= 7   ncol= 2554  ncstr= 1443 mt= 0.8   spt= 1.1   lpval= 65881.5   ub= 65929.0  
-----------------------------------------------------------------------------------------
elapsed time= 441.64 s.
-----------------------------------------------------------------------------------------
candidate= 59-343 : +
-----------------------------------------------------------------------------------------
-----------------------------------------------------------------------------------------
 ****** Pricing Level: LIGHT HEUR ****** 
it= 8   ncol= 2449  ncstr= 1443 mt= 1.0   spt= 0.5   lpval= 65878.2   ub= 65929.0  
 ****** Pricing Level: HEAVY HEUR ****** 
it= 6   ncol= 2545  ncstr= 1443 mt= 0.8   spt= 1.0   lpval= 65878.0   ub= 65929.0  
-----------------------------------------------------------------------------------------
elapsed time= 450.12 s.
-----------------------------------------------------------------------------------------
brc= 59-343
t= 0.321174 c= 154.567 n= 1 if_b4= 1
t= 9.79183 c= 152.85 n= 1 if_b4= 1
nodes already exists
memory usage= 13GB.
#########################################################################################
tree size= 0 lb= 65874.1 ub= 65929
#########################################################################################
idx= 4 value= 65874.1 enu= 0
brc= 264-365 : +
brc= 23-381 : -
brc= 185-192 : +
brc= 7-180 : +
brc= 107-275 : +
brc= 45-199 : -
brc= 317-370 : -
brc= 122-328 : -
brc= 157-317 : +
brc= 0-299 : +
brc= 133-272 : +
brc= 1-260 : -
brc= 239-286 : -
brc= 1-357 : +
brc= 59-148 : -
brc= 59-343 : -
-----------------------------------------------------------------------------------------
 ****** Pricing Level: LIGHT HEUR ****** 
it= 6   ncol= 2415  ncstr= 1442 mt= 1.6   spt= 0.4   lpval= 65882.1   ub= 65929.0  
 ****** Pricing Level: HEAVY HEUR ****** 
it= 6   ncol= 2495  ncstr= 1442 mt= 1.0   spt= 1.0   lpval= 65881.6   ub= 65929.0  
 ****** Pricing Level: EXACT ****** 
it= 3   ncol= 2658  ncstr= 1442 mt= 0.6   spt= 6.6   lpval= 65881.2   ub= 65929.0  
-----------------------------------------------------------------------------------------
elapsed time= 468.37 s.
-----------------------------------------------------------------------------------------
-----------------------------------------------------------------------------------------
 ****** Run Arc Elimination ****** 
arc elimination time= 6.70 s.
previous= 83.2073% maximum= 3.54746%
eliminate bucket arcs time= 1.14 s.
obtain jump arcs time= 0.01 s.
-----------------------------------------------------------------------------------------
-----------------------------------------------------------------------------------------
elapsed time= 476.43 s.
-----------------------------------------------------------------------------------------
-----------------------------------------------------------------------------------------
 ****** Try Enumeration ****** 
#labels= 199095 #routes= 74
labeling 1 time= 1.07 s.
concatenate time= 2.69 s.
#routes= 374856
average gap of successful enumeration= 0.000710378
next try value > 65862.9
-----------------------------------------------------------------------------------------
elapsed time= 480.53 s.
-----------------------------------------------------------------------------------------
 ****** Process Enumeration Matrix ****** 
delete non-ele routes lp val= 65881.5
recover rank1c lp val= 65882.9
recover rcc lp val= 65883
obtain rcc coefficient time= 0.04 s.
obtain r1c coefficient time= 0.65 s.
obtain matrix from triplets time= 0.80 s.
delete columns by branch time= 0.00 s.
columns pending deletion= 6298 remain= 374856 col ratio= 0.983199 row ratio= 1
regenerate enumeration matrix time= 0.00 s.
-----------------------------------------------------------------------------------------
elapsed time= 500.85 s.
-----------------------------------------------------------------------------------------
it= 4   ncol= 2451  ncstr= 1358 mt= 0.5   spt= 0.1   lpval= 65882.7   ub= 65929.0  
-----------------------------------------------------------------------------------------
elapsed time= 501.52 s.
-----------------------------------------------------------------------------------------
columns pending deletion= 89098 remain= 374856 col ratio= 0.762314 row ratio= 0.946244
 ****** Separate RCCs ****** 
 ****** Separate Rank1Cuts ****** 
it= 4   ncol= 2510  ncstr= 1463 mt= 0.7   spt= 0.1   lpval= 65886.4   ub= 65929.0  
-----------------------------------------------------------------------------------------
elapsed time= 506.82 s.
-----------------------------------------------------------------------------------------
delete columns= 162922 remain= 211934
 ****** Separate RCCs ****** 
 ****** Separate Rank1Cuts ****** 
it= 4   ncol= 2541  ncstr= 1428 mt= 0.5   spt= 0.1   lpval= 65887.3   ub= 65929.0  
-----------------------------------------------------------------------------------------
elapsed time= 511.73 s.
-----------------------------------------------------------------------------------------
columns pending deletion= 17912 remain= 211934 col ratio= 0.915483 row ratio= 0.941877
[1;36m[REMIND] 2: gap improved= 0.869613 ratio= 0.020857 threshold= 0.040000 in function increaseCondition2 at /blue/yu.yang1/you.z/route_opt/packages/application/X-n384-k52/src/main/src/call_cutting.cpp:74[0m
 ****** Separate Rank1Cuts ****** 
it= 4   ncol= 2591  ncstr= 1524 mt= 0.4   spt= 0.1   lpval= 65888.7   ub= 65929.0  
-----------------------------------------------------------------------------------------
elapsed time= 516.25 s.
-----------------------------------------------------------------------------------------
columns pending deletion= 37961 remain= 211934 col ratio= 0.820883 row ratio= 0.902887
[1;36m[REMIND] 2: gap improved= 1.419576 ratio= 0.035248 threshold= 0.040000 in function increaseCondition2 at /blue/yu.yang1/you.z/route_opt/packages/application/X-n384-k52/src/main/src/call_cutting.cpp:74[0m
 ****** Separate RCCs ****** 
 ****** Separate Rank1Cuts ****** 
it= 4   ncol= 2664  ncstr= 1625 mt= 0.7   spt= 0.1   lpval= 65889.6   ub= 65929.0  
-----------------------------------------------------------------------------------------
elapsed time= 521.01 s.
-----------------------------------------------------------------------------------------
columns pending deletion= 53963 remain= 211934 col ratio= 0.745378 row ratio= 0.869538
[1;36m[REMIND] 2: gap improved= 0.876218 ratio= 0.022240 threshold= 0.040000 in function increaseCondition2 at /blue/yu.yang1/you.z/route_opt/packages/application/X-n384-k52/src/main/src/call_cutting.cpp:74[0m
[1;36m[REMIND] tail off counter= 3 threshold= 3 in function setIfTailOff at /blue/yu.yang1/you.z/route_opt/packages/application/X-n384-k52/src/main/src/call_cutting.cpp:150[0m
current_r_best= 11.2986
pseudo= 50 frac= 50
#candidates in phase1= 37
testing lp time= 33.25 s.
-----------------------------------------------------------------------------------------
159-347 ,  41.27| 107-262 ,  34.40| 161-174 ,  33.89|  56-211 ,  32.69| 159-338 ,  29.91| 
  0-87  ,  29.75|  44-325 ,  27.89| 161-221 ,  27.12| 176-199 ,  26.53|  59-183 ,  26.36| 
211-347 ,  23.69| 170-238 ,  21.70| 201-226 ,  20.91|  92-353 ,  18.31|  24-359 ,  18.29| 
194-343 ,  18.14| 268-303 ,  18.08| 180-214 ,  17.41| 306-359 ,  16.57| 252-293 ,  13.88| 
  9-252 ,  13.41|  56-329 ,  13.40|  48-258 ,  13.36| 165-355 ,  12.68| 366-370 ,  12.58| 
 21-98  ,  10.52|  75-123 ,  10.28|  77-244 ,   8.97|  92-329 ,   8.29|  45-91  ,   6.01| 
 89-210 ,   6.00|  50-305 ,   5.49| 371-383 ,   3.60|  22-371 ,   1.04|  22-148 ,   0.45| 
124-206 ,   0.14| 124-149 ,   0.02| 
-----------------------------------------------------------------------------------------
edge= 161 174 lp= 4.35045 pre= 2 lp2= 7.78931 pre2= 2 score= 33.887
-----------------------------------------------------------------------------------------
edge= 107 262 lp= 6.00098 pre= 2 lp2= 5.73246 pre2= 2 score= 34.4004
-----------------------------------------------------------------------------------------
edge= 159 347 lp= 12.8858 pre= 2 lp2= 3.20276 pre2= 2 score= 41.2701
-----------------------------------------------------------------------------------------
candidate= 159-347 : -
-----------------------------------------------------------------------------------------
it= 6   ncol= 2837  ncstr= 1626 mt= 7.0   spt= 0.1   lpval= 65898.2   ub= 65929.0  
-----------------------------------------------------------------------------------------
elapsed time= 561.43 s.
-----------------------------------------------------------------------------------------
candidate= 107-262 : -
-----------------------------------------------------------------------------------------
it= 7   ncol= 2869  ncstr= 1626 mt= 6.3   spt= 0.1   lpval= 65892.8   ub= 65929.0  
-----------------------------------------------------------------------------------------
elapsed time= 567.95 s.
-----------------------------------------------------------------------------------------
candidate= 161-174 : -
-----------------------------------------------------------------------------------------
it= 5   ncol= 2743  ncstr= 1626 mt= 5.3   spt= 0.1   lpval= 65893.4   ub= 65929.0  
-----------------------------------------------------------------------------------------
elapsed time= 573.39 s.
-----------------------------------------------------------------------------------------
candidate= 161-174 : +
-----------------------------------------------------------------------------------------
it= 7   ncol= 2816  ncstr= 1626 mt= 6.1   spt= 0.1   lpval= 65896.0   ub= 65929.0  
-----------------------------------------------------------------------------------------
elapsed time= 579.67 s.
-----------------------------------------------------------------------------------------
candidate= 159-347 : +
-----------------------------------------------------------------------------------------
it= 6   ncol= 2795  ncstr= 1626 mt= 5.7   spt= 0.1   lpval= 65891.7   ub= 65929.0  
-----------------------------------------------------------------------------------------
elapsed time= 585.50 s.
-----------------------------------------------------------------------------------------
brc= 161-174
t= 0.449393 c= 85.0223 n= 0 if_b4= 0
t= 6.24451 c= 86.0386 n= 0 if_b4= 0
#########################################################################################
tree size= 1 lb= 65889.6 ub= 65929
#########################################################################################
idx= 5 value= 65889.6 enu= 1
brc= 264-365 : +
brc= 23-381 : -
brc= 185-192 : +
brc= 7-180 : +
brc= 107-275 : +
brc= 45-199 : -
brc= 317-370 : -
brc= 122-328 : -
brc= 157-317 : +
brc= 0-299 : +
brc= 133-272 : +
brc= 1-260 : -
brc= 239-286 : -
brc= 1-357 : +
brc= 59-148 : -
brc= 59-343 : -
brc= 161-174 : +
it= 5   ncol= 2647  ncstr= 1625 mt= 5.8   spt= 0.1   lpval= 65896.0   ub= 65929.0  
-----------------------------------------------------------------------------------------
elapsed time= 602.75 s.
-----------------------------------------------------------------------------------------
delete columns= 66027 remain= 88095
 ****** Separate RCCs ****** 
 ****** Separate Rank1Cuts ****** 
it= 4   ncol= 2688  ncstr= 1464 mt= 0.6   spt= 0.0   lpval= 65897.6   ub= 65929.0  
-----------------------------------------------------------------------------------------
elapsed time= 607.35 s.
-----------------------------------------------------------------------------------------
columns pending deletion= 14025 remain= 88095 col ratio= 0.840797 row ratio= 0.905738
 ****** Separate RCCs ****** 
 ****** Separate Rank1Cuts ****** 
it= 4   ncol= 2741  ncstr= 1518 mt= 0.6   spt= 0.0   lpval= 65898.7   ub= 65929.0  
-----------------------------------------------------------------------------------------
elapsed time= 611.53 s.
-----------------------------------------------------------------------------------------
columns pending deletion= 22192 remain= 88095 col ratio= 0.74809 row ratio= 0.895257
[1;36m[REMIND] 2: gap improved= 1.112818 ratio= 0.036751 threshold= 0.040000 in function increaseCondition2 at /blue/yu.yang1/you.z/route_opt/packages/application/X-n384-k52/src/main/src/call_cutting.cpp:74[0m
 ****** Separate Rank1Cuts ****** 
it= 4   ncol= 2778  ncstr= 1653 mt= 0.6   spt= 0.0   lpval= 65899.3   ub= 65929.0  
-----------------------------------------------------------------------------------------
elapsed time= 615.77 s.
-----------------------------------------------------------------------------------------
delete columns= 27127 remain= 60968
[1;36m[REMIND] 2: gap improved= 0.623474 ratio= 0.021023 threshold= 0.040000 in function increaseCondition2 at /blue/yu.yang1/you.z/route_opt/packages/application/X-n384-k52/src/main/src/call_cutting.cpp:74[0m
 ****** Separate Rank1Cuts ****** 
it= 4   ncol= 2860  ncstr= 1452 mt= 0.7   spt= 0.0   lpval= 65900.0   ub= 65929.0  
-----------------------------------------------------------------------------------------
elapsed time= 624.77 s.
-----------------------------------------------------------------------------------------
columns pending deletion= 4591 remain= 60968 col ratio= 0.924698 row ratio= 0.947658
[1;36m[REMIND] 2: gap improved= 0.699518 ratio= 0.024157 threshold= 0.040000 in function increaseCondition2 at /blue/yu.yang1/you.z/route_opt/packages/application/X-n384-k52/src/main/src/call_cutting.cpp:74[0m
[1;36m[REMIND] tail off counter= 3 threshold= 3 in function setIfTailOff at /blue/yu.yang1/you.z/route_opt/packages/application/X-n384-k52/src/main/src/call_cutting.cpp:150[0m
current_r_best= 7.5913
alpha= 0.37 beta= 3.81453 omega= 189.194 k1= 13
lb_k= 1 ub_k= 37
revise: lb_k= 11 ub_k= 17
opt_k= 14
alpha= 0.75 beta= 3.81453 omega= 13.7783 k1= 3
lb_k= 1 ub_k= 3
revise: lb_k= 2 ub_k= 3
opt_k= 3
pseudo= 50 frac= 50
#candidates in phase1= 14
testing lp time= 11.52 s.
-----------------------------------------------------------------------------------------
180-214 ,  17.23|  24-359 ,  15.07| 194-343 ,  13.27|  34-173 ,  11.95|  34-92  ,  10.94| 
241-343 ,  10.82|   9-252 ,   9.79| 366-370 ,   9.54|  15-132 ,   8.56|  59-353 ,   7.59| 
170-238 ,   6.53|  57-230 ,   6.32|   0-343 ,   5.85|  38-160 ,   4.43| 
-----------------------------------------------------------------------------------------
edge= 24 359 lp= 1.0177 pre= 2 lp2= 14.8087 pre2= 2 score= 15.0708
-----------------------------------------------------------------------------------------
edge= 194 343 lp= 1.55355 pre= 2 lp2= 8.54218 pre2= 2 score= 13.2707
-----------------------------------------------------------------------------------------
edge= 180 214 lp= 15.0834 pre= 2 lp2= 1.14213 pre2= 2 score= 17.2272
-----------------------------------------------------------------------------------------
candidate= 180-214 : -
-----------------------------------------------------------------------------------------
it= 6   ncol= 2993  ncstr= 1453 mt= 6.0   spt= 0.0   lpval= 65910.0   ub= 65929.0  
-----------------------------------------------------------------------------------------
elapsed time= 642.29 s.
-----------------------------------------------------------------------------------------
candidate= 24-359 : -
-----------------------------------------------------------------------------------------
it= 3   ncol= 2859  ncstr= 1453 mt= 4.5   spt= 0.0   lpval= 65901.1   ub= 65929.0  
-----------------------------------------------------------------------------------------
elapsed time= 646.81 s.
-----------------------------------------------------------------------------------------
candidate= 24-359 : +
-----------------------------------------------------------------------------------------
it= 4   ncol= 2944  ncstr= 1453 mt= 6.1   spt= 0.0   lpval= 65908.3   ub= 65929.0  
-----------------------------------------------------------------------------------------
elapsed time= 652.94 s.
-----------------------------------------------------------------------------------------
candidate= 194-343 : -
-----------------------------------------------------------------------------------------
it= 3   ncol= 2881  ncstr= 1453 mt= 5.3   spt= 0.0   lpval= 65901.5   ub= 65929.0  
-----------------------------------------------------------------------------------------
elapsed time= 658.22 s.
-----------------------------------------------------------------------------------------
candidate= 194-343 : +
-----------------------------------------------------------------------------------------
it= 4   ncol= 2914  ncstr= 1453 mt= 5.6   spt= 0.0   lpval= 65906.9   ub= 65929.0  
-----------------------------------------------------------------------------------------
elapsed time= 663.85 s.
-----------------------------------------------------------------------------------------
candidate= 180-214 : +
-----------------------------------------------------------------------------------------
it= 7   ncol= 2999  ncstr= 1453 mt= 5.2   spt= 0.0   lpval= 65900.8   ub= 65929.0  
-----------------------------------------------------------------------------------------
elapsed time= 669.06 s.
-----------------------------------------------------------------------------------------
brc= 194-343
t= 0.430398 c= 64.6744 n= 1 if_b4= 0
t= 5.85259 c= 59.8714 n= 1 if_b4= 0
#########################################################################################
tree size= 2 lb= 65889.6 ub= 65929
#########################################################################################
idx= 6 value= 65889.6 enu= 1
brc= 264-365 : +
brc= 23-381 : -
brc= 185-192 : +
brc= 7-180 : +
brc= 107-275 : +
brc= 45-199 : -
brc= 317-370 : -
brc= 122-328 : -
brc= 157-317 : +
brc= 0-299 : +
brc= 133-272 : +
brc= 1-260 : -
brc= 239-286 : -
brc= 1-357 : +
brc= 59-148 : -
brc= 59-343 : -
brc= 161-174 : -
it= 5   ncol= 2688  ncstr= 1625 mt= 0.9   spt= 0.1   lpval= 65893.4   ub= 65929.0  
-----------------------------------------------------------------------------------------
elapsed time= 680.79 s.
-----------------------------------------------------------------------------------------
columns pending deletion= 41398 remain= 156991 col ratio= 0.736303 row ratio= 0.853538
 ****** Separate Rank1Cuts ****** 
it= 4   ncol= 2782  ncstr= 1729 mt= 1.1   spt= 0.0   lpval= 65895.5   ub= 65929.0  
-----------------------------------------------------------------------------------------
elapsed time= 686.57 s.
-----------------------------------------------------------------------------------------
delete columns= 61142 remain= 95849
 ****** Separate RCCs ****** 
 ****** Separate Rank1Cuts ****** 
it= 4   ncol= 2843  ncstr= 1512 mt= 0.7   spt= 0.0   lpval= 65896.3   ub= 65929.0  
-----------------------------------------------------------------------------------------
elapsed time= 691.35 s.
-----------------------------------------------------------------------------------------
columns pending deletion= 8516 remain= 95849 col ratio= 0.911152 row ratio= 0.935847
[1;36m[REMIND] 2: gap improved= 0.806445 ratio= 0.024630 threshold= 0.040000 in function increaseCondition2 at /blue/yu.yang1/you.z/route_opt/packages/application/X-n384-k52/src/main/src/call_cutting.cpp:74[0m
 ****** Separate RCCs ****** 
 ****** Separate Rank1Cuts ****** 
it= 3   ncol= 2889  ncstr= 1615 mt= 0.5   spt= 0.0   lpval= 65896.9   ub= 65929.0  
-----------------------------------------------------------------------------------------
elapsed time= 695.56 s.
-----------------------------------------------------------------------------------------
columns pending deletion= 14457 remain= 95849 col ratio= 0.849169 row ratio= 0.897214
[1;36m[REMIND] 2: gap improved= 0.677269 ratio= 0.021122 threshold= 0.040000 in function increaseCondition2 at /blue/yu.yang1/you.z/route_opt/packages/application/X-n384-k52/src/main/src/call_cutting.cpp:74[0m
 ****** Separate Rank1Cuts ****** 
it= 3   ncol= 2949  ncstr= 1701 mt= 0.6   spt= 0.0   lpval= 65897.4   ub= 65929.0  
-----------------------------------------------------------------------------------------
elapsed time= 700.21 s.
-----------------------------------------------------------------------------------------
columns pending deletion= 18679 remain= 95849 col ratio= 0.805121 row ratio= 0.865373
[1;36m[REMIND] 2: gap improved= 0.472855 ratio= 0.014968 threshold= 0.040000 in function increaseCondition2 at /blue/yu.yang1/you.z/route_opt/packages/application/X-n384-k52/src/main/src/call_cutting.cpp:74[0m
[1;36m[REMIND] tail off counter= 3 threshold= 3 in function setIfTailOff at /blue/yu.yang1/you.z/route_opt/packages/application/X-n384-k52/src/main/src/call_cutting.cpp:150[0m
current_r_best= 6.56402
alpha= 0.37 beta= 4.81288 omega= 150.266 k1= 14
lb_k= 1 ub_k= 37
revise: lb_k= 11 ub_k= 17
opt_k= 15
alpha= 0.75 beta= 4.81288 omega= 10.2299 k1= 3
lb_k= 1 ub_k= 3
revise: lb_k= 1 ub_k= 3
opt_k= 3
pseudo= 50 frac= 50
#candidates in phase1= 15
testing lp time= 15.32 s.
-----------------------------------------------------------------------------------------
170-238 ,  23.40| 201-226 ,  22.26| 343-353 ,  22.10| 287-338 ,  17.51| 174-218 ,  17.23| 
159-338 ,  17.10|  56-211 ,  16.51|   0-121 ,  14.98|  48-258 ,  13.76| 166-311 ,   9.37| 
161-268 ,   7.88| 174-221 ,   6.99|  15-132 ,   6.33| 161-221 ,   5.03| 100-302 ,   3.11| 
-----------------------------------------------------------------------------------------
edge= 343 353 lp= 0.795542 pre= 2 lp2= 27.7791 pre2= 2 score= 22.0994
-----------------------------------------------------------------------------------------
edge= 201 226 lp= 3.04288 pre= 2 lp2= 7.31512 pre2= 2 score= 22.259
-----------------------------------------------------------------------------------------
edge= 170 238 lp= 20.3742 pre= 2 lp2= 1.14846 pre2= 2 score= 23.3989
-----------------------------------------------------------------------------------------
candidate= 170-238 : -
-----------------------------------------------------------------------------------------
it= 7   ncol= 3153  ncstr= 1702 mt= 9.8   spt= 0.1   lpval= 65905.7   ub= 65929.0  
-----------------------------------------------------------------------------------------
elapsed time= 725.48 s.
-----------------------------------------------------------------------------------------
candidate= 201-226 : -
-----------------------------------------------------------------------------------------
it= 5   ncol= 3068  ncstr= 1702 mt= 7.1   spt= 0.0   lpval= 65899.9   ub= 65929.0  
-----------------------------------------------------------------------------------------
elapsed time= 732.66 s.
-----------------------------------------------------------------------------------------
candidate= 343-353 : -
-----------------------------------------------------------------------------------------
it= 4   ncol= 2988  ncstr= 1702 mt= 6.6   spt= 0.0   lpval= 65898.1   ub= 65929.0  
-----------------------------------------------------------------------------------------
elapsed time= 739.35 s.
-----------------------------------------------------------------------------------------
candidate= 343-353 : +
-----------------------------------------------------------------------------------------
it= 7   ncol= 3141  ncstr= 1702 mt= 8.9   spt= 0.1   lpval= 65914.3   ub= 65929.0  
-----------------------------------------------------------------------------------------
elapsed time= 748.34 s.
-----------------------------------------------------------------------------------------
candidate= 201-226 : +
-----------------------------------------------------------------------------------------
it= 5   ncol= 3105  ncstr= 1702 mt= 6.9   spt= 0.0   lpval= 65902.9   ub= 65929.0  
-----------------------------------------------------------------------------------------
elapsed time= 755.30 s.
-----------------------------------------------------------------------------------------
brc= 201-226
t= 0.457191 c= 56.5744 n= 2 if_b4= 0
t= 6.55139 c= 49.3021 n= 2 if_b4= 0
#########################################################################################
tree size= 3 lb= 65897.4 ub= 65929
#########################################################################################
idx= 9 value= 65897.4 enu= 1
brc= 264-365 : +
brc= 23-381 : -
brc= 185-192 : +
brc= 7-180 : +
brc= 107-275 : +
brc= 45-199 : -
brc= 317-370 : -
brc= 122-328 : -
brc= 157-317 : +
brc= 0-299 : +
brc= 133-272 : +
brc= 1-260 : -
brc= 239-286 : -
brc= 1-357 : +
brc= 59-148 : -
brc= 59-343 : -
brc= 161-174 : -
brc= 201-226 : +
it= 5   ncol= 3040  ncstr= 1701 mt= 6.4   spt= 0.0   lpval= 65902.9   ub= 65929.0  
-----------------------------------------------------------------------------------------
elapsed time= 775.29 s.
-----------------------------------------------------------------------------------------
delete columns= 32685 remain= 42537
 ****** Separate RCCs ****** 
 ****** Separate Rank1Cuts ****** 
it= 5   ncol= 3126  ncstr= 1465 mt= 1.1   spt= 0.0   lpval= 65905.0   ub= 65929.0  
-----------------------------------------------------------------------------------------
elapsed time= 780.69 s.
-----------------------------------------------------------------------------------------
columns pending deletion= 9366 remain= 42537 col ratio= 0.779815 row ratio= 0.913993
 ****** Separate RCCs ****** 
 ****** Separate Rank1Cuts ****** 
it= 3   ncol= 3167  ncstr= 1581 mt= 0.7   spt= 0.0   lpval= 65906.5   ub= 65929.0  
-----------------------------------------------------------------------------------------
elapsed time= 785.56 s.
-----------------------------------------------------------------------------------------
delete columns= 14388 remain= 28149
 ****** Separate Rank1Cuts ****** 
it= 3   ncol= 3181  ncstr= 1491 mt= 0.4   spt= 0.0   lpval= 65907.2   ub= 65929.0  
-----------------------------------------------------------------------------------------
elapsed time= 789.94 s.
-----------------------------------------------------------------------------------------
columns pending deletion= 2203 remain= 28149 col ratio= 0.921738 row ratio= 0.934272
[1;36m[REMIND] 2: gap improved= 0.706053 ratio= 0.032415 threshold= 0.040000 in function increaseCondition2 at /blue/yu.yang1/you.z/route_opt/packages/application/X-n384-k52/src/main/src/call_cutting.cpp:74[0m
 ****** Separate RCCs ****** 
 ****** Separate Rank1Cuts ****** 
it= 4   ncol= 3211  ncstr= 1594 mt= 0.6   spt= 0.0   lpval= 65907.8   ub= 65929.0  
-----------------------------------------------------------------------------------------
elapsed time= 794.23 s.
-----------------------------------------------------------------------------------------
columns pending deletion= 4072 remain= 28149 col ratio= 0.855341 row ratio= 0.898369
[1;36m[REMIND] 2: gap improved= 0.620651 ratio= 0.029330 threshold= 0.040000 in function increaseCondition2 at /blue/yu.yang1/you.z/route_opt/packages/application/X-n384-k52/src/main/src/call_cutting.cpp:74[0m
 ****** Separate Rank1Cuts ****** 
it= 4   ncol= 3254  ncstr= 1706 mt= 0.7   spt= 0.0   lpval= 65908.3   ub= 65929.0  
-----------------------------------------------------------------------------------------
elapsed time= 798.67 s.
-----------------------------------------------------------------------------------------
columns pending deletion= 5648 remain= 28149 col ratio= 0.799353 row ratio= 0.855217
[1;36m[REMIND] 2: gap improved= 0.502996 ratio= 0.024349 threshold= 0.040000 in function increaseCondition2 at /blue/yu.yang1/you.z/route_opt/packages/application/X-n384-k52/src/main/src/call_cutting.cpp:74[0m
[1;36m[REMIND] tail off counter= 3 threshold= 3 in function setIfTailOff at /blue/yu.yang1/you.z/route_opt/packages/application/X-n384-k52/src/main/src/call_cutting.cpp:150[0m
current_r_best= 6.56402
alpha= 0.37 beta= 3.14717 omega= 123.743 k1= 10
lb_k= 1 ub_k= 37
revise: lb_k= 8 ub_k= 12
opt_k= 10
alpha= 0.75 beta= 3.14717 omega= 7.52544 k1= 3
lb_k= 1 ub_k= 3
revise: lb_k= 2 ub_k= 3
opt_k= 3
pseudo= 50 frac= 50
#candidates in phase1= 10
testing lp time= 11.79 s.
-----------------------------------------------------------------------------------------
 44-325 ,  26.80|   1-103 ,  26.71| 287-338 ,  19.21| 270-323 ,  10.48|  90-98  ,   9.90| 
 77-244 ,   9.61|  48-258 ,   9.16| 191-279 ,   6.72| 121-338 ,   6.43|  68-366 ,   4.21| 
-----------------------------------------------------------------------------------------
edge= 287 338 lp= 14.3151 pre= 2 lp2= 1.34201 pre2= 2 score= 19.2109
-----------------------------------------------------------------------------------------
edge= 1 103 lp= 2.39499 pre= 2 lp2= 11.1518 pre2= 2 score= 26.7084
-----------------------------------------------------------------------------------------
edge= 44 325 lp= 3.86755 pre= 2 lp2= 6.93057 pre2= 2 score= 26.8043
-----------------------------------------------------------------------------------------
candidate= 44-325 : -
-----------------------------------------------------------------------------------------
it= 4   ncol= 3286  ncstr= 1707 mt= 6.8   spt= 0.0   lpval= 65912.1   ub= 65929.0  
-----------------------------------------------------------------------------------------
elapsed time= 817.33 s.
-----------------------------------------------------------------------------------------
candidate= 1-103 : -
-----------------------------------------------------------------------------------------
it= 4   ncol= 3321  ncstr= 1707 mt= 7.0   spt= 0.0   lpval= 65910.2   ub= 65929.0  
-----------------------------------------------------------------------------------------
elapsed time= 824.33 s.
-----------------------------------------------------------------------------------------
candidate= 44-325 : +
-----------------------------------------------------------------------------------------
it= 5   ncol= 3353  ncstr= 1707 mt= 7.5   spt= 0.0   lpval= 65913.0   ub= 65929.0  
-----------------------------------------------------------------------------------------
elapsed time= 831.83 s.
-----------------------------------------------------------------------------------------
candidate= 1-103 : +
-----------------------------------------------------------------------------------------
it= 5   ncol= 3357  ncstr= 1707 mt= 6.9   spt= 0.0   lpval= 65918.4   ub= 65929.0  
-----------------------------------------------------------------------------------------
elapsed time= 838.71 s.
-----------------------------------------------------------------------------------------
candidate= 287-338 : -
-----------------------------------------------------------------------------------------
it= 7   ncol= 3357  ncstr= 1707 mt= 7.4   spt= 0.0   lpval= 65920.9   ub= 65929.0  
-----------------------------------------------------------------------------------------
elapsed time= 846.16 s.
-----------------------------------------------------------------------------------------
brc= 1-103
t= 0.490305 c= 54.3767 n= 3 if_b4= 0
t= 6.69826 c= 45.9348 n= 3 if_b4= 0
#########################################################################################
tree size= 4 lb= 65897.4 ub= 65929
#########################################################################################
idx= 10 value= 65897.4 enu= 1
brc= 264-365 : +
brc= 23-381 : -
brc= 185-192 : +
brc= 7-180 : +
brc= 107-275 : +
brc= 45-199 : -
brc= 317-370 : -
brc= 122-328 : -
brc= 157-317 : +
brc= 0-299 : +
brc= 133-272 : +
brc= 1-260 : -
brc= 239-286 : -
brc= 1-357 : +
brc= 59-148 : -
brc= 59-343 : -
brc= 161-174 : -
brc= 201-226 : -
it= 6   ncol= 3066  ncstr= 1701 mt= 1.8   spt= 0.0   lpval= 65899.9   ub= 65929.0  
-----------------------------------------------------------------------------------------
elapsed time= 862.31 s.
-----------------------------------------------------------------------------------------
columns pending deletion= 15923 remain= 77129 col ratio= 0.793554 row ratio= 0.837155
 ****** Separate Rank1Cuts ****** 
it= 3   ncol= 3110  ncstr= 1782 mt= 0.8   spt= 0.0   lpval= 65901.0   ub= 65929.0  
-----------------------------------------------------------------------------------------
elapsed time= 867.26 s.
-----------------------------------------------------------------------------------------
delete columns= 22758 remain= 54371
[1;36m[REMIND] 2: gap improved= 1.017078 ratio= 0.036269 threshold= 0.040000 in function increaseCondition2 at /blue/yu.yang1/you.z/route_opt/packages/application/X-n384-k52/src/main/src/call_cutting.cpp:74[0m
 ****** Separate Rank1Cuts ****** 
it= 3   ncol= 3144  ncstr= 1519 mt= 0.6   spt= 0.0   lpval= 65901.5   ub= 65929.0  
-----------------------------------------------------------------------------------------
elapsed time= 871.68 s.
-----------------------------------------------------------------------------------------
columns pending deletion= 3077 remain= 54371 col ratio= 0.943407 row ratio= 0.945359
[1;36m[REMIND] 2: gap improved= 0.509331 ratio= 0.018499 threshold= 0.040000 in function increaseCondition2 at /blue/yu.yang1/you.z/route_opt/packages/application/X-n384-k52/src/main/src/call_cutting.cpp:74[0m
 ****** Separate Rank1Cuts ****** 
it= 3   ncol= 3196  ncstr= 1605 mt= 0.6   spt= 0.0   lpval= 65902.1   ub= 65929.0  
-----------------------------------------------------------------------------------------
elapsed time= 876.12 s.
-----------------------------------------------------------------------------------------
columns pending deletion= 6515 remain= 54371 col ratio= 0.880175 row ratio= 0.904673
[1;36m[REMIND] 2: gap improved= 0.595321 ratio= 0.022100 threshold= 0.040000 in function increaseCondition2 at /blue/yu.yang1/you.z/route_opt/packages/application/X-n384-k52/src/main/src/call_cutting.cpp:74[0m
[1;36m[REMIND] tail off counter= 3 threshold= 3 in function setIfTailOff at /blue/yu.yang1/you.z/route_opt/packages/application/X-n384-k52/src/main/src/call_cutting.cpp:150[0m
current_r_best= 5.25774
alpha= 0.37 beta= 5.12343 omega= 110.904 k1= 12
lb_k= 1 ub_k= 37
revise: lb_k= 10 ub_k= 16
opt_k= 13
alpha= 0.75 beta= 5.12343 omega= 6.85772 k1= 3
lb_k= 1 ub_k= 3
revise: lb_k= 1 ub_k= 3
opt_k= 3
pseudo= 50 frac= 50
#candidates in phase1= 13
testing lp time= 13.34 s.
-----------------------------------------------------------------------------------------
227-376 ,  20.97| 107-262 ,  18.55| 273-346 ,  12.50| 287-338 ,   9.41|  47-235 ,   6.83| 
 29-345 ,   5.10| 176-199 ,   4.41| 108-127 ,   2.66|  57-201 ,   2.11|  54-119 ,   1.46| 
119-190 ,   1.42|  54-302 ,   0.91| 113-155 ,   0.78| 
-----------------------------------------------------------------------------------------
edge= 273 346 lp= 0.923779 pre= 2 lp2= 13.5321 pre2= 2 score= 12.5007
-----------------------------------------------------------------------------------------
edge= 107 262 lp= 4.23189 pre= 2 lp2= 4.38392 pre2= 1 score= 18.5522
-----------------------------------------------------------------------------------------
edge= 227 376 lp= 1.18801 pre= 2 lp2= 17.6514 pre2= 2 score= 20.97
-----------------------------------------------------------------------------------------
candidate= 227-376 : -
-----------------------------------------------------------------------------------------
it= 4   ncol= 3262  ncstr= 1606 mt= 6.1   spt= 0.0   lpval= 65903.2   ub= 65929.0  
-----------------------------------------------------------------------------------------
elapsed time= 895.62 s.
-----------------------------------------------------------------------------------------
candidate= 227-376 : +
-----------------------------------------------------------------------------------------
it= 7   ncol= 3416  ncstr= 1606 mt= 8.6   spt= 0.0   lpval= 65912.7   ub= 65929.0  
-----------------------------------------------------------------------------------------
elapsed time= 904.28 s.
-----------------------------------------------------------------------------------------
candidate= 107-262 : -
-----------------------------------------------------------------------------------------
it= 5   ncol= 3319  ncstr= 1606 mt= 6.7   spt= 0.0   lpval= 65905.7   ub= 65929.0  
-----------------------------------------------------------------------------------------
elapsed time= 911.02 s.
-----------------------------------------------------------------------------------------
brc= 107-262
t= 0.494896 c= 48.7973 n= 4 if_b4= 0
t= 6.79483 c= 41.2239 n= 4 if_b4= 0
#########################################################################################
tree size= 5 lb= 65900 ub= 65929
#########################################################################################
idx= 7 value= 65900 enu= 1
brc= 264-365 : +
brc= 23-381 : -
brc= 185-192 : +
brc= 7-180 : +
brc= 107-275 : +
brc= 45-199 : -
brc= 317-370 : -
brc= 122-328 : -
brc= 157-317 : +
brc= 0-299 : +
brc= 133-272 : +
brc= 1-260 : -
brc= 239-286 : -
brc= 1-357 : +
brc= 59-148 : -
brc= 59-343 : -
brc= 161-174 : +
brc= 194-343 : +
it= 4   ncol= 2822  ncstr= 1452 mt= 5.4   spt= 0.0   lpval= 65906.9   ub= 65929.0  
-----------------------------------------------------------------------------------------
elapsed time= 929.62 s.
-----------------------------------------------------------------------------------------
delete columns= 27916 remain= 27904
 ****** Separate RCCs ****** 
 ****** Separate Rank1Cuts ****** 
it= 4   ncol= 2821  ncstr= 1433 mt= 0.6   spt= 0.0   lpval= 65910.4   ub= 65929.0  
-----------------------------------------------------------------------------------------
elapsed time= 938.85 s.
-----------------------------------------------------------------------------------------
columns pending deletion= 9118 remain= 27904 col ratio= 0.673237 row ratio= 0.93231
 ****** Separate Rank1Cuts ****** 
it= 3   ncol= 2813  ncstr= 1512 mt= 0.5   spt= 0.0   lpval= 65912.0   ub= 65929.0  
-----------------------------------------------------------------------------------------
elapsed time= 943.18 s.
-----------------------------------------------------------------------------------------
delete columns= 12737 remain= 15167
mip: row= 1333 col= 17947 density= 2.37192%
mip time= 92.73 s.
mip status= 6
update f from 0 to 17.0483
#########################################################################################
tree size= 4 lb= 65900 ub= 65929
#########################################################################################
idx= 8 value= 65900 enu= 1
brc= 264-365 : +
brc= 23-381 : -
brc= 185-192 : +
brc= 7-180 : +
brc= 107-275 : +
brc= 45-199 : -
brc= 317-370 : -
brc= 122-328 : -
brc= 157-317 : +
brc= 0-299 : +
brc= 133-272 : +
brc= 1-260 : -
brc= 239-286 : -
brc= 1-357 : +
brc= 59-148 : -
brc= 59-343 : -
brc= 161-174 : +
brc= 194-343 : -
it= 3   ncol= 2870  ncstr= 1452 mt= 0.7   spt= 0.0   lpval= 65901.5   ub= 65929.0  
-----------------------------------------------------------------------------------------
elapsed time= 1041.32 s.
-----------------------------------------------------------------------------------------
columns pending deletion= 6773 remain= 56290 col ratio= 0.879677 row ratio= 0.934573
 ****** Separate RCCs ****** 
 ****** Separate Rank1Cuts ****** 
it= 3   ncol= 2890  ncstr= 1519 mt= 1.1   spt= 0.0   lpval= 65903.1   ub= 65929.0  
-----------------------------------------------------------------------------------------
elapsed time= 1046.02 s.
-----------------------------------------------------------------------------------------
columns pending deletion= 13628 remain= 56290 col ratio= 0.757897 row ratio= 0.909151
 ****** Separate Rank1Cuts ****** 
it= 3   ncol= 2917  ncstr= 1579 mt= 0.7   spt= 0.0   lpval= 65903.9   ub= 65929.0  
-----------------------------------------------------------------------------------------
elapsed time= 1050.18 s.
-----------------------------------------------------------------------------------------
columns pending deletion= 17236 remain= 56290 col ratio= 0.6938 row ratio= 0.89107
[1;36m[REMIND] 2: gap improved= 0.762410 ratio= 0.030346 threshold= 0.040000 in function increaseCondition2 at /blue/yu.yang1/you.z/route_opt/packages/application/X-n384-k52/src/main/src/call_cutting.cpp:74[0m
 ****** Separate RCCs ****** 
 ****** Separate Rank1Cuts ****** 
it= 3   ncol= 2955  ncstr= 1670 mt= 0.4   spt= 0.0   lpval= 65904.3   ub= 65929.0  
-----------------------------------------------------------------------------------------
elapsed time= 1054.02 s.
-----------------------------------------------------------------------------------------
delete columns= 19453 remain= 36837
[1;36m[REMIND] 2: gap improved= 0.427523 ratio= 0.017311 threshold= 0.040000 in function increaseCondition2 at /blue/yu.yang1/you.z/route_opt/packages/application/X-n384-k52/src/main/src/call_cutting.cpp:74[0m
 ****** Separate Rank1Cuts ****** 
it= 2   ncol= 2990  ncstr= 1483 mt= 0.3   spt= 0.0   lpval= 65904.5   ub= 65929.0  
-----------------------------------------------------------------------------------------
elapsed time= 1062.70 s.
-----------------------------------------------------------------------------------------
columns pending deletion= 1499 remain= 36837 col ratio= 0.959307 row ratio= 0.956844
[1;36m[REMIND] 2: gap improved= 0.234561 ratio= 0.009589 threshold= 0.040000 in function increaseCondition2 at /blue/yu.yang1/you.z/route_opt/packages/application/X-n384-k52/src/main/src/call_cutting.cpp:74[0m
[1;36m[REMIND] tail off counter= 3 threshold= 3 in function setIfTailOff at /blue/yu.yang1/you.z/route_opt/packages/application/X-n384-k52/src/main/src/call_cutting.cpp:150[0m
current_r_best= 5.21448
alpha= 0.37 beta= 1.42166 omega= 98.6013 k1= 6
lb_k= 1 ub_k= 37
revise: lb_k= 5 ub_k= 7
opt_k= 6
alpha= 0.75 beta= 1.42166 omega= 6.06695 k1= 2
lb_k= 1 ub_k= 3
revise: lb_k= 1 ub_k= 3
opt_k= 3
pseudo= 50 frac= 50
#candidates in phase1= 6
testing lp time= 5.19 s.
-----------------------------------------------------------------------------------------
 44-325 ,  12.39| 201-226 ,  11.99| 117-161 ,  10.15|  87-194 ,   9.41| 147-241 ,   7.94| 
 28-206 ,   0.00| 
-----------------------------------------------------------------------------------------
edge= 201 226 lp= 1.75385 pre= 0 lp2= 6.83776 pre2= 0 score= 11.9924
-----------------------------------------------------------------------------------------
edge= 117 161 lp= 0.374171 pre= 0 lp2= 27.1318 pre2= 2 score= 10.1519
-----------------------------------------------------------------------------------------
edge= 44 325 lp= 0.772943 pre= 0 lp2= 16.0268 pre2= 2 score= 12.3878
-----------------------------------------------------------------------------------------
candidate= 44-325 : +
-----------------------------------------------------------------------------------------
it= 8   ncol= 3190  ncstr= 1484 mt= 7.4   spt= 0.0   lpval= 65913.6   ub= 65929.0  
-----------------------------------------------------------------------------------------
elapsed time= 1075.35 s.
-----------------------------------------------------------------------------------------
candidate= 201-226 : +
-----------------------------------------------------------------------------------------
it= 6   ncol= 3135  ncstr= 1484 mt= 6.0   spt= 0.0   lpval= 65909.7   ub= 65929.0  
-----------------------------------------------------------------------------------------
elapsed time= 1081.34 s.
-----------------------------------------------------------------------------------------
brc= 201-226
t= 0.48444 c= 45.4711 n= 5 if_b4= 0
t= 6.78257 c= 38.4719 n= 5 if_b4= 0
#########################################################################################
tree size= 5 lb= 65902.1 ub= 65929
#########################################################################################
idx= 13 value= 65902.1 enu= 1
brc= 264-365 : +
brc= 23-381 : -
brc= 185-192 : +
brc= 7-180 : +
brc= 107-275 : +
brc= 45-199 : -
brc= 317-370 : -
brc= 122-328 : -
brc= 157-317 : +
brc= 0-299 : +
brc= 133-272 : +
brc= 1-260 : -
brc= 239-286 : -
brc= 1-357 : +
brc= 59-148 : -
brc= 59-343 : -
brc= 161-174 : -
brc= 201-226 : -
brc= 107-262 : +
it= 5   ncol= 3271  ncstr= 1605 mt= 6.7   spt= 0.0   lpval= 65905.3   ub= 65929.0  
-----------------------------------------------------------------------------------------
elapsed time= 1099.42 s.
-----------------------------------------------------------------------------------------
columns pending deletion= 13279 remain= 46754 col ratio= 0.715982 row ratio= 0.846106
 ****** Separate RCCs ****** 
 ****** Separate Rank1Cuts ****** 
it= 4   ncol= 3358  ncstr= 1722 mt= 1.3   spt= 0.0   lpval= 65908.4   ub= 65929.0  
-----------------------------------------------------------------------------------------
elapsed time= 1106.29 s.
-----------------------------------------------------------------------------------------
delete columns= 23097 remain= 23657
 ****** Separate RCCs ****** 
 ****** Separate Rank1Cuts ****** 
it= 5   ncol= 3419  ncstr= 1506 mt= 1.0   spt= 0.0   lpval= 65910.2   ub= 65929.0  
-----------------------------------------------------------------------------------------
elapsed time= 1118.01 s.
-----------------------------------------------------------------------------------------
columns pending deletion= 4823 remain= 23657 col ratio= 0.796128 row ratio= 0.924967
 ****** Separate RCCs ****** 
 ****** Separate Rank1Cuts ****** 
it= 4   ncol= 3437  ncstr= 1668 mt= 0.7   spt= 0.0   lpval= 65911.2   ub= 65929.0  
-----------------------------------------------------------------------------------------
elapsed time= 1123.44 s.
-----------------------------------------------------------------------------------------
columns pending deletion= 7098 remain= 23657 col ratio= 0.699962 row ratio= 0.857914
mip: row= 1431 col= 19969 density= 2.26336%
mip time= 112.85 s.
mip status= 6
update f from 17.0483 to 17.8412
#########################################################################################
tree size= 4 lb= 65902.1 ub= 65929
#########################################################################################
idx= 14 value= 65902.1 enu= 1
brc= 264-365 : +
brc= 23-381 : -
brc= 185-192 : +
brc= 7-180 : +
brc= 107-275 : +
brc= 45-199 : -
brc= 317-370 : -
brc= 122-328 : -
brc= 157-317 : +
brc= 0-299 : +
brc= 133-272 : +
brc= 1-260 : -
brc= 239-286 : -
brc= 1-357 : +
brc= 59-148 : -
brc= 59-343 : -
brc= 161-174 : -
brc= 201-226 : -
brc= 107-262 : -
it= 5   ncol= 3299  ncstr= 1605 mt= 1.7   spt= 0.0   lpval= 65905.7   ub= 65929.0  
-----------------------------------------------------------------------------------------
elapsed time= 1238.16 s.
-----------------------------------------------------------------------------------------
delete columns= 14868 remain= 32870
 ****** Separate Rank1Cuts ****** 
it= 4   ncol= 3351  ncstr= 1513 mt= 0.9   spt= 0.0   lpval= 65906.7   ub= 65929.0  
-----------------------------------------------------------------------------------------
elapsed time= 1243.06 s.
-----------------------------------------------------------------------------------------
columns pending deletion= 4118 remain= 32870 col ratio= 0.874719 row ratio= 0.912095
 ****** Separate Rank1Cuts ****** 
it= 4   ncol= 3381  ncstr= 1613 mt= 0.5   spt= 0.0   lpval= 65907.5   ub= 65929.0  
-----------------------------------------------------------------------------------------
elapsed time= 1247.20 s.
-----------------------------------------------------------------------------------------
columns pending deletion= 6724 remain= 32870 col ratio= 0.795437 row ratio= 0.874768
[1;36m[REMIND] 2: gap improved= 0.774643 ratio= 0.035958 threshold= 0.040000 in function increaseCondition2 at /blue/yu.yang1/you.z/route_opt/packages/application/X-n384-k52/src/main/src/call_cutting.cpp:74[0m
 ****** Separate Rank1Cuts ****** 
it= 4   ncol= 3400  ncstr= 1694 mt= 0.5   spt= 0.0   lpval= 65907.9   ub= 65929.0  
-----------------------------------------------------------------------------------------
elapsed time= 1251.24 s.
-----------------------------------------------------------------------------------------
columns pending deletion= 8252 remain= 32870 col ratio= 0.74895 row ratio= 0.855962
[1;36m[REMIND] 2: gap improved= 0.492341 ratio= 0.023389 threshold= 0.040000 in function increaseCondition2 at /blue/yu.yang1/you.z/route_opt/packages/application/X-n384-k52/src/main/src/call_cutting.cpp:74[0m
 ****** Separate Rank1Cuts ****** 
it= 4   ncol= 3418  ncstr= 1760 mt= 0.5   spt= 0.0   lpval= 65908.3   ub= 65929.0  
-----------------------------------------------------------------------------------------
elapsed time= 1255.14 s.
-----------------------------------------------------------------------------------------
delete columns= 9608 remain= 23262
[1;36m[REMIND] 2: gap improved= 0.359358 ratio= 0.017368 threshold= 0.040000 in function increaseCondition2 at /blue/yu.yang1/you.z/route_opt/packages/application/X-n384-k52/src/main/src/call_cutting.cpp:74[0m
[1;36m[REMIND] tail off counter= 3 threshold= 3 in function setIfTailOff at /blue/yu.yang1/you.z/route_opt/packages/application/X-n384-k52/src/main/src/call_cutting.cpp:150[0m
current_r_best= 5.21448
alpha= 0.37 beta= 0.54652 omega= 93.8634 k1= 3
lb_k= 1 ub_k= 37
revise: lb_k= 3 ub_k= 4
opt_k= 3
alpha= 0.75 beta= 0.54652 omega= 5.67217 k1= 1
lb_k= 1 ub_k= 3
revise: lb_k= 1 ub_k= 3
opt_k= 2
pseudo= 50 frac= 50
#candidates in phase1= 3
testing lp time= 2.82 s.
-----------------------------------------------------------------------------------------
194-343 ,   5.26|  70-108 ,   4.99|  16-293 ,   2.56| 
-----------------------------------------------------------------------------------------
edge= 70 108 lp= 0.303389 pre= 1 lp2= 16.4606 pre2= 2 score= 4.99398
-----------------------------------------------------------------------------------------
edge= 194 343 lp= 3.22961 pre= 0 lp2= 1.62731 pre2= 0 score= 5.25559
-----------------------------------------------------------------------------------------
brc= 194-343
t= 0.482261 c= 42.5313 n= 6 if_b4= 0
t= 6.78257 c= 36.733 n= 6 if_b4= 0
#########################################################################################
tree size= 5 lb= 65904.5 ub= 65929
#########################################################################################
idx= 15 value= 65904.5 enu= 1
brc= 264-365 : +
brc= 23-381 : -
brc= 185-192 : +
brc= 7-180 : +
brc= 107-275 : +
brc= 45-199 : -
brc= 317-370 : -
brc= 122-328 : -
brc= 157-317 : +
brc= 0-299 : +
brc= 133-272 : +
brc= 1-260 : -
brc= 239-286 : -
brc= 1-357 : +
brc= 59-148 : -
brc= 59-343 : -
brc= 161-174 : +
brc= 194-343 : -
brc= 201-226 : +
it= 6   ncol= 3068  ncstr= 1483 mt= 5.6   spt= 0.0   lpval= 65909.7   ub= 65929.0  
-----------------------------------------------------------------------------------------
elapsed time= 1281.97 s.
-----------------------------------------------------------------------------------------
delete columns= 15707 remain= 18675
 ****** Separate RCCs ****** 
 ****** Separate Rank1Cuts ****** 
it= 4   ncol= 3097  ncstr= 1396 mt= 0.7   spt= 0.0   lpval= 65912.0   ub= 65929.0  
-----------------------------------------------------------------------------------------
elapsed time= 1291.27 s.
-----------------------------------------------------------------------------------------
columns pending deletion= 5048 remain= 18675 col ratio= 0.729692 row ratio= 0.904011
mip: row= 1262 col= 16680 density= 2.27749%
mip time= 47.48 s.
mip status= 6
#########################################################################################
tree size= 4 lb= 65904.5 ub= 65929
#########################################################################################
idx= 16 value= 65904.5 enu= 1
brc= 264-365 : +
brc= 23-381 : -
brc= 185-192 : +
brc= 7-180 : +
brc= 107-275 : +
brc= 45-199 : -
brc= 317-370 : -
brc= 122-328 : -
brc= 157-317 : +
brc= 0-299 : +
brc= 133-272 : +
brc= 1-260 : -
brc= 239-286 : -
brc= 1-357 : +
brc= 59-148 : -
brc= 59-343 : -
brc= 161-174 : +
brc= 194-343 : -
brc= 201-226 : -
it= 5   ncol= 3045  ncstr= 1483 mt= 0.9   spt= 0.0   lpval= 65906.1   ub= 65929.0  
-----------------------------------------------------------------------------------------
elapsed time= 1339.80 s.
-----------------------------------------------------------------------------------------
columns pending deletion= 5398 remain= 35319 col ratio= 0.847164 row ratio= 0.920432
 ****** Separate RCCs ****** 
 ****** Separate Rank1Cuts ****** 
it= 3   ncol= 3094  ncstr= 1603 mt= 0.7   spt= 0.0   lpval= 65906.9   ub= 65929.0  
-----------------------------------------------------------------------------------------
elapsed time= 1344.31 s.
-----------------------------------------------------------------------------------------
columns pending deletion= 8226 remain= 35319 col ratio= 0.767094 row ratio= 0.878353
[1;36m[REMIND] 2: gap improved= 0.817477 ratio= 0.036964 threshold= 0.040000 in function increaseCondition2 at /blue/yu.yang1/you.z/route_opt/packages/application/X-n384-k52/src/main/src/call_cutting.cpp:74[0m
 ****** Separate RCCs ****** 
 ****** Separate Rank1Cuts ****** 
it= 4   ncol= 3135  ncstr= 1708 mt= 0.8   spt= 0.0   lpval= 65908.0   ub= 65929.0  
-----------------------------------------------------------------------------------------
elapsed time= 1348.97 s.
-----------------------------------------------------------------------------------------
delete columns= 11377 remain= 23942
 ****** Separate Rank1Cuts ****** 
it= 3   ncol= 3175  ncstr= 1494 mt= 0.4   spt= 0.0   lpval= 65908.4   ub= 65929.0  
-----------------------------------------------------------------------------------------
elapsed time= 1352.79 s.
-----------------------------------------------------------------------------------------
columns pending deletion= 1541 remain= 23942 col ratio= 0.935636 row ratio= 0.93909
[1;36m[REMIND] 2: gap improved= 0.443839 ratio= 0.021582 threshold= 0.040000 in function increaseCondition2 at /blue/yu.yang1/you.z/route_opt/packages/application/X-n384-k52/src/main/src/call_cutting.cpp:74[0m
 ****** Separate Rank1Cuts ****** 
it= 4   ncol= 3203  ncstr= 1578 mt= 0.5   spt= 0.0   lpval= 65908.9   ub= 65929.0  
-----------------------------------------------------------------------------------------
elapsed time= 1356.79 s.
-----------------------------------------------------------------------------------------
columns pending deletion= 2648 remain= 23942 col ratio= 0.889399 row ratio= 0.908745
[1;36m[REMIND] 2: gap improved= 0.442295 ratio= 0.021979 threshold= 0.040000 in function increaseCondition2 at /blue/yu.yang1/you.z/route_opt/packages/application/X-n384-k52/src/main/src/call_cutting.cpp:74[0m
[1;36m[REMIND] tail off counter= 3 threshold= 3 in function setIfTailOff at /blue/yu.yang1/you.z/route_opt/packages/application/X-n384-k52/src/main/src/call_cutting.cpp:150[0m
current_r_best= 5.21448
alpha= 0.37 beta= 0.437616 omega= 88.1913 k1= 3
lb_k= 1 ub_k= 37
revise: lb_k= 2 ub_k= 3
opt_k= 3
alpha= 0.75 beta= 0.437616 omega= 5.41579 k1= 1
lb_k= 1 ub_k= 3
revise: lb_k= 1 ub_k= 2
opt_k= 1
pseudo= 50 frac= 50
#candidates in phase1= 3
testing lp time= 3.11 s.
-----------------------------------------------------------------------------------------
112-342 ,   7.53| 117-343 ,   2.44|  22-160 ,   2.30| 
-----------------------------------------------------------------------------------------
brc= 112-342
t= 0.486765 c= 39.4586 n= 7 if_b4= 0
t= 6.78257 c= 34.5795 n= 7 if_b4= 0
#########################################################################################
tree size= 5 lb= 65908.3 ub= 65929
#########################################################################################
idx= 17 value= 65908.3 enu= 1
brc= 264-365 : +
brc= 23-381 : -
brc= 185-192 : +
brc= 7-180 : +
brc= 107-275 : +
brc= 45-199 : -
brc= 317-370 : -
brc= 122-328 : -
brc= 157-317 : +
brc= 0-299 : +
brc= 133-272 : +
brc= 1-260 : -
brc= 239-286 : -
brc= 1-357 : +
brc= 59-148 : -
brc= 59-343 : -
brc= 161-174 : -
brc= 201-226 : -
brc= 107-262 : -
brc= 194-343 : +
it= 4   ncol= 3360  ncstr= 1476 mt= 5.6   spt= 0.0   lpval= 65909.9   ub= 65929.0  
-----------------------------------------------------------------------------------------
elapsed time= 1378.78 s.
-----------------------------------------------------------------------------------------
columns pending deletion= 3322 remain= 22963 col ratio= 0.855332 row ratio= 0.932249
 ****** Separate Rank1Cuts ****** 
it= 4   ncol= 3374  ncstr= 1587 mt= 0.7   spt= 0.0   lpval= 65911.1   ub= 65929.0  
-----------------------------------------------------------------------------------------
elapsed time= 1383.98 s.
-----------------------------------------------------------------------------------------
columns pending deletion= 6094 remain= 22963 col ratio= 0.734617 row ratio= 0.883428
 ****** Separate RCCs ****** 
 ****** Separate Rank1Cuts ****** 
it= 3   ncol= 3377  ncstr= 1686 mt= 0.5   spt= 0.0   lpval= 65911.9   ub= 65929.0  
-----------------------------------------------------------------------------------------
elapsed time= 1388.51 s.
-----------------------------------------------------------------------------------------
delete columns= 7833 remain= 15130
mip: row= 1437 col= 18478 density= 2.17477%
mip time= 92.05 s.
mip status= 6
#########################################################################################
tree size= 4 lb= 65908.3 ub= 65929
#########################################################################################
idx= 18 value= 65908.3 enu= 1
brc= 264-365 : +
brc= 23-381 : -
brc= 185-192 : +
brc= 7-180 : +
brc= 107-275 : +
brc= 45-199 : -
brc= 317-370 : -
brc= 122-328 : -
brc= 157-317 : +
brc= 0-299 : +
brc= 133-272 : +
brc= 1-260 : -
brc= 239-286 : -
brc= 1-357 : +
brc= 59-148 : -
brc= 59-343 : -
brc= 161-174 : -
brc= 201-226 : -
brc= 107-262 : -
brc= 194-343 : -
it= 3   ncol= 3434  ncstr= 1476 mt= 0.7   spt= 0.0   lpval= 65911.3   ub= 65929.0  
-----------------------------------------------------------------------------------------
elapsed time= 1487.57 s.
-----------------------------------------------------------------------------------------
columns pending deletion= 6437 remain= 23218 col ratio= 0.722758 row ratio= 0.925474
 ****** Separate Rank1Cuts ****** 
it= 3   ncol= 3373  ncstr= 1543 mt= 0.5   spt= 0.0   lpval= 65912.7   ub= 65929.0  
-----------------------------------------------------------------------------------------
elapsed time= 1491.67 s.
-----------------------------------------------------------------------------------------
delete columns= 9127 remain= 14091
mip: row= 1401 col= 17423 density= 2.24544%
mip time= 80.02 s.
mip status= 6
#########################################################################################
tree size= 3 lb= 65908.3 ub= 65929
#########################################################################################
idx= 11 value= 65908.3 enu= 1
brc= 264-365 : +
brc= 23-381 : -
brc= 185-192 : +
brc= 7-180 : +
brc= 107-275 : +
brc= 45-199 : -
brc= 317-370 : -
brc= 122-328 : -
brc= 157-317 : +
brc= 0-299 : +
brc= 133-272 : +
brc= 1-260 : -
brc= 239-286 : -
brc= 1-357 : +
brc= 59-148 : -
brc= 59-343 : -
brc= 161-174 : -
brc= 201-226 : +
brc= 1-103 : +
it= 5   ncol= 3225  ncstr= 1706 mt= 7.1   spt= 0.0   lpval= 65918.4   ub= 65929.0  
-----------------------------------------------------------------------------------------
elapsed time= 1584.41 s.
-----------------------------------------------------------------------------------------
delete columns= 15939 remain= 6037
 ****** Separate RCCs ****** 
 ****** Separate Rank1Cuts ****** 
it= 4   ncol= 2967  ncstr= 1470 mt= 1.2   spt= 0.0   lpval= 65923.2   ub= 65929.0  
-----------------------------------------------------------------------------------------
elapsed time= 1594.50 s.
-----------------------------------------------------------------------------------------
delete columns= 3394 remain= 2643
mip: row= 1309 col= 5114 density= 2.45292%
mip time= 3.75 s.
mip status= 6
#########################################################################################
tree size= 2 lb= 65908.3 ub= 65929
#########################################################################################
idx= 12 value= 65908.3 enu= 1
brc= 264-365 : +
brc= 23-381 : -
brc= 185-192 : +
brc= 7-180 : +
brc= 107-275 : +
brc= 45-199 : -
brc= 317-370 : -
brc= 122-328 : -
brc= 157-317 : +
brc= 0-299 : +
brc= 133-272 : +
brc= 1-260 : -
brc= 239-286 : -
brc= 1-357 : +
brc= 59-148 : -
brc= 59-343 : -
brc= 161-174 : -
brc= 201-226 : +
brc= 1-103 : -
it= 4   ncol= 3286  ncstr= 1706 mt= 1.1   spt= 0.0   lpval= 65910.2   ub= 65929.0  
-----------------------------------------------------------------------------------------
elapsed time= 1599.49 s.
-----------------------------------------------------------------------------------------
columns pending deletion= 4269 remain= 22413 col ratio= 0.80953 row ratio= 0.827667
 ****** Separate RCCs ****** 
 ****** Separate Rank1Cuts ****** 
it= 4   ncol= 3293  ncstr= 1800 mt= 0.8   spt= 0.0   lpval= 65911.2   ub= 65929.0  
-----------------------------------------------------------------------------------------
elapsed time= 1604.35 s.
-----------------------------------------------------------------------------------------
delete columns= 6473 remain= 15940
mip: row= 1424 col= 19196 density= 2.26557%
mip time= 93.04 s.
mip status= 6
#########################################################################################
tree size= 1 lb= 65908.9 ub= 65929
#########################################################################################
idx= 19 value= 65908.9 enu= 1
brc= 264-365 : +
brc= 23-381 : -
brc= 185-192 : +
brc= 7-180 : +
brc= 107-275 : +
brc= 45-199 : -
brc= 317-370 : -
brc= 122-328 : -
brc= 157-317 : +
brc= 0-299 : +
brc= 133-272 : +
brc= 1-260 : -
brc= 239-286 : -
brc= 1-357 : +
brc= 59-148 : -
brc= 59-343 : -
brc= 161-174 : +
brc= 194-343 : -
brc= 201-226 : -
brc= 112-342 : +
it= 5   ncol= 3249  ncstr= 1578 mt= 6.2   spt= 0.0   lpval= 65914.8   ub= 65929.0  
-----------------------------------------------------------------------------------------
elapsed time= 1709.21 s.
-----------------------------------------------------------------------------------------
delete columns= 11258 remain= 9681
 ****** Separate RCCs ****** 
 ****** Separate Rank1Cuts ****** 
it= 4   ncol= 3113  ncstr= 1417 mt= 0.6   spt= 0.0   lpval= 65917.1   ub= 65929.0  
-----------------------------------------------------------------------------------------
elapsed time= 1713.65 s.
-----------------------------------------------------------------------------------------
columns pending deletion= 2999 remain= 9681 col ratio= 0.690218 row ratio= 0.89626
mip: row= 1270 col= 9656 density= 2.4401%
mip time= 20.45 s.
mip status= 6
#########################################################################################
tree size= 0 lb= 65908.9 ub= 65929
#########################################################################################
idx= 20 value= 65908.9 enu= 1
brc= 264-365 : +
brc= 23-381 : -
brc= 185-192 : +
brc= 7-180 : +
brc= 107-275 : +
brc= 45-199 : -
brc= 317-370 : -
brc= 122-328 : -
brc= 157-317 : +
brc= 0-299 : +
brc= 133-272 : +
brc= 1-260 : -
brc= 239-286 : -
brc= 1-357 : +
brc= 59-148 : -
brc= 59-343 : -
brc= 161-174 : +
brc= 194-343 : -
brc= 201-226 : -
brc= 112-342 : -
it= 3   ncol= 3220  ncstr= 1578 mt= 0.4   spt= 0.0   lpval= 65910.0   ub= 65929.0  
-----------------------------------------------------------------------------------------
elapsed time= 1738.67 s.
-----------------------------------------------------------------------------------------
columns pending deletion= 2203 remain= 21262 col ratio= 0.896388 row ratio= 0.8891
 ****** Separate RCCs ****** 
 ****** Separate Rank1Cuts ****** 
it= 4   ncol= 3208  ncstr= 1663 mt= 0.4   spt= 0.0   lpval= 65910.3   ub= 65929.0  
-----------------------------------------------------------------------------------------
elapsed time= 1742.56 s.
-----------------------------------------------------------------------------------------
columns pending deletion= 3323 remain= 21262 col ratio= 0.843712 row ratio= 0.877931
[1;36m[REMIND] 2: gap improved= 0.371023 ratio= 0.019880 threshold= 0.040000 in function increaseCondition2 at /blue/yu.yang1/you.z/route_opt/packages/application/X-n384-k52/src/main/src/call_cutting.cpp:74[0m
 ****** Separate Rank1Cuts ****** 
it= 3   ncol= 3216  ncstr= 1749 mt= 0.3   spt= 0.0   lpval= 65910.6   ub= 65929.0  
-----------------------------------------------------------------------------------------
elapsed time= 1746.36 s.
-----------------------------------------------------------------------------------------
columns pending deletion= 3953 remain= 21262 col ratio= 0.814081 row ratio= 0.852487
[1;36m[REMIND] 2: gap improved= 0.225969 ratio= 0.012256 threshold= 0.040000 in function increaseCondition2 at /blue/yu.yang1/you.z/route_opt/packages/application/X-n384-k52/src/main/src/call_cutting.cpp:74[0m
 ****** Separate Rank1Cuts ****** 
it= 3   ncol= 3245  ncstr= 1838 mt= 0.4   spt= 0.0   lpval= 65910.8   ub= 65929.0  
-----------------------------------------------------------------------------------------
elapsed time= 1750.01 s.
-----------------------------------------------------------------------------------------
columns pending deletion= 4552 remain= 21262 col ratio= 0.785909 row ratio= 0.829162
[1;36m[REMIND] 2: gap improved= 0.201731 ratio= 0.011063 threshold= 0.040000 in function increaseCondition2 at /blue/yu.yang1/you.z/route_opt/packages/application/X-n384-k52/src/main/src/call_cutting.cpp:74[0m
[1;36m[REMIND] tail off counter= 3 threshold= 3 in function setIfTailOff at /blue/yu.yang1/you.z/route_opt/packages/application/X-n384-k52/src/main/src/call_cutting.cpp:150[0m
mip: row= 1524 col= 19952 density= 2.23619%
mip time= 147.84 s.
mip status= 6
update f from 17.8412 to 18.2353
#########################################################################################
[32m<Instance: X-n384-k52>
<Solution>
<UB= 65929>
<LB= 65929>
<Elapsed Time= 1904.6>
<Nodes Explored= 19>
<Global Gap= 0%>[0m
#########################################################################################
File nodes/X-n384-k52_0_1_0_0_3_0_0_2_G32.node deleted successfully.
