application type: CVRP
X-n384-k52_1_0_0_0_1_0_0_1_0_G32.node
Set parameter ServerTimeout to value 600
Set parameter TokenServer to value "grb-ts.ufhpc"
Set parameter Threads to value 1
instance name= X-n384-k52
#########################################################################################
tree size= 0 lb= 0 ub= 65929
#########################################################################################
idx= 1 value= 65872.6 enu= 0
brc= 264-365 : -
brc= 77-229 : +
brc= 158-295 : +
brc= 157-180 : +
brc= 122-328 : +
brc= 163-231 : -
brc= 45-199 : +
brc= 59-148 : +
brc= 49-298 : +
brc= 23-193 : -
brc= 107-262 : +
brc= 2-264 : +
-----------------------------------------------------------------------------------------
 ****** Pricing Level: LIGHT HEUR ****** 
it= 5   ncol= 2220  ncstr= 1449 mt= 0.8   spt= 0.4   lpval= 65879.7   ub= 65929.0  
 ****** Pricing Level: HEAVY HEUR ****** 
it= 7   ncol= 2348  ncstr= 1449 mt= 1.4   spt= 1.2   lpval= 65878.5   ub= 65929.0  
 ****** Pricing Level: EXACT ****** 
it= 5   ncol= 2619  ncstr= 1449 mt= 1.0   spt= 9.1   lpval= 65877.7   ub= 65929.0  
-----------------------------------------------------------------------------------------
elapsed time= 27.11 s.
-----------------------------------------------------------------------------------------
-----------------------------------------------------------------------------------------
 ****** Run Arc Elimination ****** 
arc elimination time= 8.07 s.
previous= 86.3329% maximum= 3.70396%
eliminate bucket arcs time= 1.10 s.
obtain jump arcs time= 0.01 s.
-----------------------------------------------------------------------------------------
-----------------------------------------------------------------------------------------
elapsed time= 36.99 s.
-----------------------------------------------------------------------------------------
-----------------------------------------------------------------------------------------
 ****** Try Enumeration ****** 
#labels= 223947 #routes= 51
labeling 1 time= 1.84 s.
concatenate time= 2.82 s.
#routes= 475507
average gap of successful enumeration= 0.000762376
next try value > 65862.7
-----------------------------------------------------------------------------------------
elapsed time= 41.99 s.
-----------------------------------------------------------------------------------------
 ****** Process Enumeration Matrix ****** 
delete non-ele routes lp val= 65877.8
recover rank1c lp val= 65878.2
recover rcc lp val= 65878.2
obtain rcc coefficient time= 0.02 s.
obtain r1c coefficient time= 0.87 s.
obtain matrix from triplets time= 1.01 s.
delete columns by branch time= 0.00 s.
columns pending deletion= 18535 remain= 475507 col ratio= 0.961021 row ratio= 1
regenerate enumeration matrix time= 0.00 s.
-----------------------------------------------------------------------------------------
elapsed time= 60.94 s.
-----------------------------------------------------------------------------------------
it= 5   ncol= 2380  ncstr= 1368 mt= 0.3   spt= 0.2   lpval= 65878.2   ub= 65929.0  
-----------------------------------------------------------------------------------------
elapsed time= 61.49 s.
-----------------------------------------------------------------------------------------
columns pending deletion= 84916 remain= 475507 col ratio= 0.82142 row ratio= 0.913012
 ****** Separate RCCs ****** 
 ****** Separate Rank1Cuts ****** 
it= 5   ncol= 2466  ncstr= 1464 mt= 1.4   spt= 0.2   lpval= 65882.3   ub= 65929.0  
-----------------------------------------------------------------------------------------
elapsed time= 67.91 s.
-----------------------------------------------------------------------------------------
delete columns= 186009 remain= 289498
 ****** Separate Rank1Cuts ****** 
it= 5   ncol= 2553  ncstr= 1399 mt= 0.9   spt= 0.1   lpval= 65884.3   ub= 65929.0  
-----------------------------------------------------------------------------------------
elapsed time= 74.17 s.
-----------------------------------------------------------------------------------------
columns pending deletion= 40943 remain= 289498 col ratio= 0.858572 row ratio= 0.937098
 ****** Separate Rank1Cuts ****** 
it= 5   ncol= 2625  ncstr= 1506 mt= 0.7   spt= 0.1   lpval= 65885.6   ub= 65929.0  
-----------------------------------------------------------------------------------------
elapsed time= 79.56 s.
-----------------------------------------------------------------------------------------
columns pending deletion= 67365 remain= 289498 col ratio= 0.767304 row ratio= 0.887782
[1;36m[REMIND] 2: gap improved= 1.362296 ratio= 0.031400 threshold= 0.040000 in function increaseCondition2 at /blue/yu.yang1/you.z/route_opt/packages/application/X-n384-k52/src/main/src/call_cutting.cpp:74[0m
 ****** Separate RCCs ****** 
 ****** Separate Rank1Cuts ****** 
it= 4   ncol= 2700  ncstr= 1592 mt= 0.7   spt= 0.1   lpval= 65886.6   ub= 65929.0  
-----------------------------------------------------------------------------------------
elapsed time= 84.70 s.
-----------------------------------------------------------------------------------------
columns pending deletion= 86399 remain= 289498 col ratio= 0.701556 row ratio= 0.861809
[1;36m[REMIND] 2: gap improved= 0.996191 ratio= 0.023501 threshold= 0.040000 in function increaseCondition2 at /blue/yu.yang1/you.z/route_opt/packages/application/X-n384-k52/src/main/src/call_cutting.cpp:74[0m
 ****** Separate RCCs ****** 
 ****** Separate Rank1Cuts ****** 
it= 4   ncol= 2775  ncstr= 1680 mt= 0.9   spt= 0.1   lpval= 65887.5   ub= 65929.0  
-----------------------------------------------------------------------------------------
elapsed time= 90.44 s.
-----------------------------------------------------------------------------------------
delete columns= 101105 remain= 188393
[1;36m[REMIND] 2: gap improved= 0.871363 ratio= 0.020988 threshold= 0.040000 in function increaseCondition2 at /blue/yu.yang1/you.z/route_opt/packages/application/X-n384-k52/src/main/src/call_cutting.cpp:74[0m
[1;36m[REMIND] tail off counter= 3 threshold= 3 in function setIfTailOff at /blue/yu.yang1/you.z/route_opt/packages/application/X-n384-k52/src/main/src/call_cutting.cpp:150[0m
[1;36m[REMIND] opt_k not found for node 1, use m directly in function getOptK at /blue/yu.yang1/you.z/route_opt/packages/branching/bkf/include/bkf_controller.hpp:239[0m
current_r_best= 10.8507
we directly test 100
we directly test 4
pseudo= 50 frac= 50
#candidates in phase1= 100
testing lp time= 74.44 s.
-----------------------------------------------------------------------------------------
 74-276 ,  26.39| 166-311 ,  25.68| 109-334 ,  25.67|  56-329 ,  22.05| 255-266 ,  21.67| 
334-380 ,  21.25|   9-252 ,  21.15|  98-355 ,  21.06| 106-145 ,  20.10|   0-142 ,  19.71| 
109-146 ,  19.71| 110-369 ,  19.57| 163-175 ,  19.08|   0-355 ,  18.91|   1-103 ,  18.85| 
 41-175 ,  18.66| 252-284 ,  18.62|  90-342 ,  18.52|  75-158 ,  18.25| 221-268 ,  17.99| 
  0-121 ,  17.93|   0-327 ,  17.92|   0-146 ,  17.15| 248-289 ,  17.14|  74-142 ,  16.57| 
 15-185 ,  16.44|  14-109 ,  16.26| 284-295 ,  16.06| 276-332 ,  15.89|   0-221 ,  15.34| 
  0-4   ,  15.16|   0-330 ,  15.10|   4-62  ,  15.06|  85-210 ,  14.38| 144-285 ,  13.48| 
186-304 ,  12.79| 142-323 ,  12.41|  23-330 ,  11.89| 365-381 ,  11.34|   0-132 ,  11.27| 
163-224 ,  11.25| 224-231 ,  11.07| 253-266 ,  11.06| 184-274 ,  11.06|  31-192 ,  11.04| 
 13-248 ,  10.94|  23-222 ,  10.73| 193-330 ,  10.64|   0-165 ,  10.56|  69-204 ,  10.28| 
  0-175 ,  10.26| 131-178 ,   9.84|  27-77  ,   9.54|   0-111 ,   9.37|   0-289 ,   9.09| 
315-317 ,   9.07| 222-330 ,   8.99| 120-314 ,   8.70|  89-266 ,   8.49|   0-278 ,   8.43| 
243-317 ,   8.29| 193-251 ,   8.14|  97-105 ,   8.02|  40-60  ,   8.01|   0-231 ,   7.67| 
  0-351 ,   7.63|  37-314 ,   7.45| 178-292 ,   7.37| 131-381 ,   7.23|   0-105 ,   6.80| 
128-314 ,   6.69|   0-178 ,   6.66|  37-251 ,   6.53|  49-126 ,   6.51|  23-131 ,   6.32| 
  0-208 ,   6.03|   0-34  ,   5.73| 257-274 ,   5.66| 128-261 ,   5.48|  64-212 ,   5.34| 
 29-42  ,   5.26|   5-318 ,   4.89|   0-88  ,   4.67| 175-375 ,   4.53| 172-227 ,   4.30| 
 21-345 ,   3.96|   0-21  ,   3.45| 200-341 ,   2.06|   0-308 ,   1.83| 200-282 ,   1.62| 
 66-95  ,   1.55|   0-259 ,   1.03|  58-209 ,   0.65|   0-209 ,   0.63|  17-209 ,   0.61| 
  0-383 ,   0.61| 160-194 ,   0.58|  17-58  ,   0.50|  22-383 ,   0.50| 209-259 ,   0.46| 
-----------------------------------------------------------------------------------------
edge= 56 329 lp= 2.93545 pre= 2 lp2= 7.51309 pre2= 2 score= 22.0543
-----------------------------------------------------------------------------------------
edge= 109 334 lp= 2.46315 pre= 2 lp2= 10.4236 pre2= 2 score= 25.6748
-----------------------------------------------------------------------------------------
edge= 166 311 lp= 9.28089 pre= 0 lp2= 2.76645 pre2= 0 score= 25.6751
-----------------------------------------------------------------------------------------
edge= 74 276 lp= 1.23022 pre= 2 lp2= 21.4506 pre2= 2 score= 26.3889
-----------------------------------------------------------------------------------------
candidate= 74-276 : -
-----------------------------------------------------------------------------------------
it= 4   ncol= 2829  ncstr= 1417 mt= 4.5   spt= 0.0   lpval= 65888.6   ub= 65929.0  
-----------------------------------------------------------------------------------------
elapsed time= 170.04 s.
-----------------------------------------------------------------------------------------
candidate= 166-311 : +
-----------------------------------------------------------------------------------------
it= 6   ncol= 2953  ncstr= 1417 mt= 5.5   spt= 0.1   lpval= 65889.0   ub= 65929.0  
-----------------------------------------------------------------------------------------
elapsed time= 175.70 s.
-----------------------------------------------------------------------------------------
candidate= 74-276 : +
-----------------------------------------------------------------------------------------
it= 6   ncol= 2917  ncstr= 1417 mt= 5.3   spt= 0.1   lpval= 65904.7   ub= 65929.0  
-----------------------------------------------------------------------------------------
elapsed time= 181.11 s.
-----------------------------------------------------------------------------------------
candidate= 56-329 : -
-----------------------------------------------------------------------------------------
it= 6   ncol= 2970  ncstr= 1417 mt= 5.3   spt= 0.1   lpval= 65889.3   ub= 65929.0  
-----------------------------------------------------------------------------------------
elapsed time= 186.57 s.
-----------------------------------------------------------------------------------------
brc= 74-276
t= 0.372222 c= 94.8918 n= 0 if_b4= 0
t= 5.27109 c= 121.572 n= 0 if_b4= 0
#########################################################################################
tree size= 1 lb= 65887.5 ub= 65929
#########################################################################################
idx= 1 value= 65887.5 enu= 1
brc= 264-365 : -
brc= 77-229 : +
brc= 158-295 : +
brc= 157-180 : +
brc= 122-328 : +
brc= 163-231 : -
brc= 45-199 : +
brc= 59-148 : +
brc= 49-298 : +
brc= 23-193 : -
brc= 107-262 : +
brc= 2-264 : +
brc= 74-276 : +
it= 6   ncol= 2701  ncstr= 1416 mt= 5.0   spt= 0.1   lpval= 65904.7   ub= 65929.0  
-----------------------------------------------------------------------------------------
elapsed time= 202.41 s.
-----------------------------------------------------------------------------------------
delete columns= 149559 remain= 34641
 ****** Separate RCCs ****** 
 ****** Separate Rank1Cuts ****** 
it= 5   ncol= 2686  ncstr= 1350 mt= 0.8   spt= 0.0   lpval= 65909.2   ub= 65929.0  
-----------------------------------------------------------------------------------------
elapsed time= 211.03 s.
-----------------------------------------------------------------------------------------
delete columns= 14262 remain= 20379
 ****** Separate Rank1Cuts ****** 
it= 3   ncol= 2660  ncstr= 1369 mt= 0.4   spt= 0.0   lpval= 65910.5   ub= 65929.0  
-----------------------------------------------------------------------------------------
elapsed time= 215.23 s.
-----------------------------------------------------------------------------------------
columns pending deletion= 3102 remain= 20379 col ratio= 0.847784 row ratio= 0.934989
mip: row= 1280 col= 19913 density= 2.06911%
mip time= 70.87 s.
mip status= 6
update f from 0 to 18.5176
#########################################################################################
tree size= 0 lb= 65887.5 ub= 65929
#########################################################################################
idx= 2 value= 65887.5 enu= 1
brc= 264-365 : -
brc= 77-229 : +
brc= 158-295 : +
brc= 157-180 : +
brc= 122-328 : +
brc= 163-231 : -
brc= 45-199 : +
brc= 59-148 : +
brc= 49-298 : +
brc= 23-193 : -
brc= 107-262 : +
brc= 2-264 : +
brc= 74-276 : -
it= 4   ncol= 2794  ncstr= 1416 mt= 0.5   spt= 0.0   lpval= 65888.6   ub= 65929.0  
-----------------------------------------------------------------------------------------
elapsed time= 286.83 s.
-----------------------------------------------------------------------------------------
columns pending deletion= 17250 remain= 187821 col ratio= 0.908157 row ratio= 0.944915
 ****** Separate RCCs ****** 
 ****** Separate Rank1Cuts ****** 
it= 4   ncol= 2832  ncstr= 1558 mt= 0.6   spt= 0.1   lpval= 65889.8   ub= 65929.0  
-----------------------------------------------------------------------------------------
elapsed time= 291.82 s.
-----------------------------------------------------------------------------------------
columns pending deletion= 33777 remain= 187821 col ratio= 0.820164 row ratio= 0.888318
[1;36m[REMIND] 2: gap improved= 1.230757 ratio= 0.031431 threshold= 0.040000 in function increaseCondition2 at /blue/yu.yang1/you.z/route_opt/packages/application/X-n384-k52/src/main/src/call_cutting.cpp:74[0m
 ****** Separate RCCs ****** 
 ****** Separate Rank1Cuts ****** 
it= 4   ncol= 2893  ncstr= 1643 mt= 0.6   spt= 0.1   lpval= 65890.9   ub= 65929.0  
-----------------------------------------------------------------------------------------
elapsed time= 296.84 s.
-----------------------------------------------------------------------------------------
columns pending deletion= 47373 remain= 187821 col ratio= 0.747776 row ratio= 0.853926
[1;36m[REMIND] 2: gap improved= 1.011493 ratio= 0.026516 threshold= 0.040000 in function increaseCondition2 at /blue/yu.yang1/you.z/route_opt/packages/application/X-n384-k52/src/main/src/call_cutting.cpp:74[0m
 ****** Separate Rank1Cuts ****** 
it= 4   ncol= 2969  ncstr= 1755 mt= 0.7   spt= 0.1   lpval= 65891.5   ub= 65929.0  
-----------------------------------------------------------------------------------------
elapsed time= 302.14 s.
-----------------------------------------------------------------------------------------
delete columns= 56536 remain= 131285
[1;36m[REMIND] 2: gap improved= 0.673798 ratio= 0.017981 threshold= 0.040000 in function increaseCondition2 at /blue/yu.yang1/you.z/route_opt/packages/application/X-n384-k52/src/main/src/call_cutting.cpp:74[0m
[1;36m[REMIND] tail off counter= 3 threshold= 3 in function setIfTailOff at /blue/yu.yang1/you.z/route_opt/packages/application/X-n384-k52/src/main/src/call_cutting.cpp:150[0m
current_r_best= 2.92338
alpha= 0.37 beta= 6.48397 omega= 254.933 k1= 21
lb_k= 1 ub_k= 37
revise: lb_k= 17 ub_k= 26
opt_k= 22
alpha= 0.75 beta= 6.48397 omega= 23.0639 k1= 3
lb_k= 1 ub_k= 3
revise: lb_k= 1 ub_k= 3
opt_k= 3
pseudo= 50 frac= 50
#candidates in phase1= 22
testing lp time= 17.64 s.
-----------------------------------------------------------------------------------------
221-268 ,  22.81| 166-311 ,  22.78|  27-76  ,  18.00|   9-252 ,  17.62|  15-185 ,  16.89| 
252-284 ,  16.56| 106-145 ,  16.05|   0-355 ,  15.53|  85-210 ,  14.92| 121-338 ,  12.78| 
141-323 ,   7.98| 292-332 ,   7.92|   2-146 ,   7.47| 315-317 ,   7.09|  41-175 ,   6.99| 
216-237 ,   6.41|  18-333 ,   4.22| 118-226 ,   2.86|  50-289 ,   2.58|   0-160 ,   1.09| 
160-183 ,   0.66|   0-148 ,   0.55| 
-----------------------------------------------------------------------------------------
edge= 27 76 lp= 1.92208 pre= 0 lp2= 9.36691 pre2= 2 score= 18.0039
-----------------------------------------------------------------------------------------
edge= 166 311 lp= 8.80655 pre= 0 lp2= 2.5865 pre2= 2 score= 22.7781
-----------------------------------------------------------------------------------------
edge= 221 268 lp= 6.32205 pre= 2 lp2= 3.60734 pre2= 2 score= 22.8058
-----------------------------------------------------------------------------------------
candidate= 221-268 : -
-----------------------------------------------------------------------------------------
it= 6   ncol= 3137  ncstr= 1446 mt= 6.4   spt= 0.1   lpval= 65895.3   ub= 65929.0  
-----------------------------------------------------------------------------------------
elapsed time= 326.63 s.
-----------------------------------------------------------------------------------------
candidate= 166-311 : +
-----------------------------------------------------------------------------------------
it= 5   ncol= 3123  ncstr= 1446 mt= 5.8   spt= 0.0   lpval= 65893.2   ub= 65929.0  
-----------------------------------------------------------------------------------------
elapsed time= 332.46 s.
-----------------------------------------------------------------------------------------
candidate= 27-76 : +
-----------------------------------------------------------------------------------------
it= 8   ncol= 3178  ncstr= 1446 mt= 7.1   spt= 0.1   lpval= 65897.2   ub= 65929.0  
-----------------------------------------------------------------------------------------
elapsed time= 339.68 s.
-----------------------------------------------------------------------------------------
brc= 166-311
t= 0.386519 c= 60.4885 n= 1 if_b4= 0
t= 5.88803 c= 73.3587 n= 1 if_b4= 0
#########################################################################################
tree size= 1 lb= 65891.5 ub= 65929
#########################################################################################
idx= 3 value= 65891.5 enu= 1
brc= 264-365 : -
brc= 77-229 : +
brc= 158-295 : +
brc= 157-180 : +
brc= 122-328 : +
brc= 163-231 : -
brc= 45-199 : +
brc= 59-148 : +
brc= 49-298 : +
brc= 23-193 : -
brc= 107-262 : +
brc= 2-264 : +
brc= 74-276 : -
brc= 166-311 : +
it= 5   ncol= 3049  ncstr= 1445 mt= 5.6   spt= 0.0   lpval= 65893.2   ub= 65929.0  
-----------------------------------------------------------------------------------------
elapsed time= 355.94 s.
-----------------------------------------------------------------------------------------
columns pending deletion= 17890 remain= 129020 col ratio= 0.861339 row ratio= 0.942561
 ****** Separate Rank1Cuts ****** 
it= 5   ncol= 3141  ncstr= 1576 mt= 1.1   spt= 0.0   lpval= 65894.5   ub= 65929.0  
-----------------------------------------------------------------------------------------
elapsed time= 362.13 s.
-----------------------------------------------------------------------------------------
columns pending deletion= 29372 remain= 129020 col ratio= 0.772345 row ratio= 0.89467
[1;36m[REMIND] 2: gap improved= 1.267621 ratio= 0.036743 threshold= 0.040000 in function increaseCondition2 at /blue/yu.yang1/you.z/route_opt/packages/application/X-n384-k52/src/main/src/call_cutting.cpp:74[0m
 ****** Separate Rank1Cuts ****** 
it= 4   ncol= 3196  ncstr= 1680 mt= 0.7   spt= 0.0   lpval= 65895.1   ub= 65929.0  
-----------------------------------------------------------------------------------------
elapsed time= 367.14 s.
-----------------------------------------------------------------------------------------
columns pending deletion= 35917 remain= 129020 col ratio= 0.721617 row ratio= 0.857143
[1;36m[REMIND] 2: gap improved= 0.647340 ratio= 0.019123 threshold= 0.040000 in function increaseCondition2 at /blue/yu.yang1/you.z/route_opt/packages/application/X-n384-k52/src/main/src/call_cutting.cpp:74[0m
 ****** Separate Rank1Cuts ****** 
it= 4   ncol= 3253  ncstr= 1782 mt= 0.9   spt= 0.0   lpval= 65895.7   ub= 65929.0  
-----------------------------------------------------------------------------------------
elapsed time= 372.45 s.
-----------------------------------------------------------------------------------------
delete columns= 41345 remain= 87675
[1;36m[REMIND] 2: gap improved= 0.541372 ratio= 0.016252 threshold= 0.040000 in function increaseCondition2 at /blue/yu.yang1/you.z/route_opt/packages/application/X-n384-k52/src/main/src/call_cutting.cpp:74[0m
[1;36m[REMIND] tail off counter= 3 threshold= 3 in function setIfTailOff at /blue/yu.yang1/you.z/route_opt/packages/application/X-n384-k52/src/main/src/call_cutting.cpp:150[0m
current_r_best= 3.04558
alpha= 0.37 beta= 4.85726 omega= 156.496 k1= 14
lb_k= 1 ub_k= 37
revise: lb_k= 11 ub_k= 15
opt_k= 15
alpha= 0.75 beta= 4.85726 omega= 12.459 k1= 3
lb_k= 1 ub_k= 3
revise: lb_k= 1 ub_k= 3
opt_k= 3
pseudo= 50 frac= 50
#candidates in phase1= 15
testing lp time= 12.96 s.
-----------------------------------------------------------------------------------------
 29-345 ,  15.30| 106-145 ,  14.99|   9-252 ,  14.90|  15-185 ,  13.64| 252-284 ,  12.30| 
 16-278 ,  11.52| 237-288 ,  10.56| 165-228 ,   6.43|  33-266 ,   4.25| 175-215 ,   4.13| 
141-270 ,   3.37| 103-176 ,   2.76| 176-205 ,   1.33|  29-160 ,   1.02|   0-242 ,   0.03| 
-----------------------------------------------------------------------------------------
edge= 9 252 lp= 1.1736 pre= 2 lp2= 12.6948 pre2= 2 score= 14.8987
-----------------------------------------------------------------------------------------
edge= 106 145 lp= 4.78645 pre= 2 lp2= 3.13174 pre2= 2 score= 14.9899
-----------------------------------------------------------------------------------------
edge= 29 345 lp= 1.11116 pre= 2 lp2= 13.7661 pre2= 2 score= 15.2964
-----------------------------------------------------------------------------------------
candidate= 29-345 : -
-----------------------------------------------------------------------------------------
it= 4   ncol= 3319  ncstr= 1469 mt= 6.5   spt= 0.0   lpval= 65896.6   ub= 65929.0  
-----------------------------------------------------------------------------------------
elapsed time= 392.25 s.
-----------------------------------------------------------------------------------------
candidate= 106-145 : -
-----------------------------------------------------------------------------------------
it= 5   ncol= 3351  ncstr= 1469 mt= 6.9   spt= 0.0   lpval= 65899.5   ub= 65929.0  
-----------------------------------------------------------------------------------------
elapsed time= 399.18 s.
-----------------------------------------------------------------------------------------
candidate= 9-252 : -
-----------------------------------------------------------------------------------------
it= 5   ncol= 3315  ncstr= 1469 mt= 6.4   spt= 0.0   lpval= 65896.7   ub= 65929.0  
-----------------------------------------------------------------------------------------
elapsed time= 405.58 s.
-----------------------------------------------------------------------------------------
candidate= 9-252 : +
-----------------------------------------------------------------------------------------
it= 7   ncol= 3460  ncstr= 1469 mt= 7.1   spt= 0.0   lpval= 65902.7   ub= 65929.0  
-----------------------------------------------------------------------------------------
elapsed time= 412.73 s.
-----------------------------------------------------------------------------------------
candidate= 29-345 : +
-----------------------------------------------------------------------------------------
it= 7   ncol= 3436  ncstr= 1469 mt= 8.3   spt= 0.0   lpval= 65904.4   ub= 65929.0  
-----------------------------------------------------------------------------------------
elapsed time= 421.10 s.
-----------------------------------------------------------------------------------------
candidate= 106-145 : +
-----------------------------------------------------------------------------------------
it= 5   ncol= 3365  ncstr= 1469 mt= 7.0   spt= 0.0   lpval= 65898.2   ub= 65929.0  
-----------------------------------------------------------------------------------------
elapsed time= 428.12 s.
-----------------------------------------------------------------------------------------
brc= 106-145
t= 0.401646 c= 54.8907 n= 2 if_b4= 0
t= 6.28362 c= 58.5556 n= 2 if_b4= 0
#########################################################################################
tree size= 2 lb= 65891.5 ub= 65929
#########################################################################################
idx= 4 value= 65891.5 enu= 1
brc= 264-365 : -
brc= 77-229 : +
brc= 158-295 : +
brc= 157-180 : +
brc= 122-328 : +
brc= 163-231 : -
brc= 45-199 : +
brc= 59-148 : +
brc= 49-298 : +
brc= 23-193 : -
brc= 107-262 : +
brc= 2-264 : +
brc= 74-276 : -
brc= 166-311 : -
it= 7   ncol= 3152  ncstr= 1445 mt= 2.3   spt= 0.1   lpval= 65898.0   ub= 65929.0  
-----------------------------------------------------------------------------------------
elapsed time= 443.16 s.
-----------------------------------------------------------------------------------------
delete columns= 58514 remain= 72344
 ****** Separate Rank1Cuts ****** 
it= 5   ncol= 3191  ncstr= 1392 mt= 1.1   spt= 0.0   lpval= 65901.2   ub= 65929.0  
-----------------------------------------------------------------------------------------
elapsed time= 448.65 s.
-----------------------------------------------------------------------------------------
columns pending deletion= 20119 remain= 72344 col ratio= 0.721898 row ratio= 0.936782
 ****** Separate RCCs ****** 
 ****** Separate Rank1Cuts ****** 
it= 3   ncol= 3221  ncstr= 1504 mt= 0.7   spt= 0.0   lpval= 65902.9   ub= 65929.0  
-----------------------------------------------------------------------------------------
elapsed time= 453.78 s.
-----------------------------------------------------------------------------------------
delete columns= 29895 remain= 42449
 ****** Separate Rank1Cuts ****** 
it= 3   ncol= 3263  ncstr= 1446 mt= 0.5   spt= 0.0   lpval= 65904.3   ub= 65929.0  
-----------------------------------------------------------------------------------------
elapsed time= 458.72 s.
-----------------------------------------------------------------------------------------
columns pending deletion= 5632 remain= 42449 col ratio= 0.867323 row ratio= 0.937759
 ****** Separate Rank1Cuts ****** 
it= 3   ncol= 3293  ncstr= 1544 mt= 0.5   spt= 0.0   lpval= 65904.9   ub= 65929.0  
-----------------------------------------------------------------------------------------
elapsed time= 463.65 s.
-----------------------------------------------------------------------------------------
columns pending deletion= 8568 remain= 42449 col ratio= 0.798158 row ratio= 0.903497
[1;36m[REMIND] 2: gap improved= 0.680759 ratio= 0.028302 threshold= 0.040000 in function increaseCondition2 at /blue/yu.yang1/you.z/route_opt/packages/application/X-n384-k52/src/main/src/call_cutting.cpp:74[0m
 ****** Separate Rank1Cuts ****** 
it= 3   ncol= 3331  ncstr= 1648 mt= 0.6   spt= 0.0   lpval= 65905.7   ub= 65929.0  
-----------------------------------------------------------------------------------------
elapsed time= 468.55 s.
-----------------------------------------------------------------------------------------
columns pending deletion= 11365 remain= 42449 col ratio= 0.732267 row ratio= 0.869539
[1;36m[REMIND] 2: gap improved= 0.788434 ratio= 0.033889 threshold= 0.040000 in function increaseCondition2 at /blue/yu.yang1/you.z/route_opt/packages/application/X-n384-k52/src/main/src/call_cutting.cpp:74[0m
 ****** Separate Rank1Cuts ****** 
it= 4   ncol= 3390  ncstr= 1769 mt= 1.0   spt= 0.0   lpval= 65906.6   ub= 65929.0  
-----------------------------------------------------------------------------------------
elapsed time= 473.99 s.
-----------------------------------------------------------------------------------------
delete columns= 14391 remain= 28058
[1;36m[REMIND] 2: gap improved= 0.864197 ratio= 0.038578 threshold= 0.040000 in function increaseCondition2 at /blue/yu.yang1/you.z/route_opt/packages/application/X-n384-k52/src/main/src/call_cutting.cpp:74[0m
[1;36m[REMIND] tail off counter= 3 threshold= 3 in function setIfTailOff at /blue/yu.yang1/you.z/route_opt/packages/application/X-n384-k52/src/main/src/call_cutting.cpp:150[0m
current_r_best= 5.79566
alpha= 0.37 beta= 0.670066 omega= 136.664 k1= 4
lb_k= 1 ub_k= 37
revise: lb_k= 4 ub_k= 5
opt_k= 5
alpha= 0.75 beta= 0.670066 omega= 9.31876 k1= 2
lb_k= 1 ub_k= 3
revise: lb_k= 1 ub_k= 3
opt_k= 2
pseudo= 50 frac= 50
#candidates in phase1= 5
testing lp time= 4.43 s.
-----------------------------------------------------------------------------------------
 87-218 ,  22.22| 121-338 ,  16.42| 268-338 ,  14.95|  87-92  ,  11.08| 255-266 ,  10.69| 
-----------------------------------------------------------------------------------------
edge= 121 338 lp= 5.8552 pre= 2 lp2= 2.80509 pre2= 0 score= 16.4244
-----------------------------------------------------------------------------------------
edge= 87 218 lp= 2.16743 pre= 0 lp2= 10.2502 pre2= 2 score= 22.2165
-----------------------------------------------------------------------------------------
candidate= 87-218 : +
-----------------------------------------------------------------------------------------
it= 5   ncol= 3492  ncstr= 1455 mt= 8.4   spt= 0.0   lpval= 65910.3   ub= 65929.0  
-----------------------------------------------------------------------------------------
elapsed time= 493.15 s.
-----------------------------------------------------------------------------------------
candidate= 121-338 : -
-----------------------------------------------------------------------------------------
it= 5   ncol= 3479  ncstr= 1455 mt= 8.0   spt= 0.0   lpval= 65910.3   ub= 65929.0  
-----------------------------------------------------------------------------------------
elapsed time= 501.19 s.
-----------------------------------------------------------------------------------------
brc= 121-338
t= 0.411902 c= 53.1161 n= 3 if_b4= 0
t= 6.76777 c= 54.363 n= 3 if_b4= 0
#########################################################################################
tree size= 3 lb= 65895.7 ub= 65929
#########################################################################################
idx= 5 value= 65895.7 enu= 1
brc= 264-365 : -
brc= 77-229 : +
brc= 158-295 : +
brc= 157-180 : +
brc= 122-328 : +
brc= 163-231 : -
brc= 45-199 : +
brc= 59-148 : +
brc= 49-298 : +
brc= 23-193 : -
brc= 107-262 : +
brc= 2-264 : +
brc= 74-276 : -
brc= 166-311 : +
brc= 106-145 : +
it= 6   ncol= 3311  ncstr= 1468 mt= 6.8   spt= 0.0   lpval= 65898.2   ub= 65929.0  
-----------------------------------------------------------------------------------------
elapsed time= 520.44 s.
-----------------------------------------------------------------------------------------
columns pending deletion= 18565 remain= 85894 col ratio= 0.783862 row ratio= 0.912807
 ****** Separate Rank1Cuts ****** 
it= 5   ncol= 3376  ncstr= 1581 mt= 1.2   spt= 0.0   lpval= 65900.2   ub= 65929.0  
-----------------------------------------------------------------------------------------
elapsed time= 526.28 s.
-----------------------------------------------------------------------------------------
delete columns= 30458 remain= 55436
 ****** Separate Rank1Cuts ****** 
it= 4   ncol= 3423  ncstr= 1451 mt= 0.7   spt= 0.0   lpval= 65900.9   ub= 65929.0  
-----------------------------------------------------------------------------------------
elapsed time= 535.88 s.
-----------------------------------------------------------------------------------------
columns pending deletion= 4922 remain= 55436 col ratio= 0.911213 row ratio= 0.93246
[1;36m[REMIND] 2: gap improved= 0.697381 ratio= 0.024809 threshold= 0.040000 in function increaseCondition2 at /blue/yu.yang1/you.z/route_opt/packages/application/X-n384-k52/src/main/src/call_cutting.cpp:74[0m
 ****** Separate Rank1Cuts ****** 
it= 4   ncol= 3450  ncstr= 1563 mt= 0.6   spt= 0.0   lpval= 65901.4   ub= 65929.0  
-----------------------------------------------------------------------------------------
elapsed time= 540.58 s.
-----------------------------------------------------------------------------------------
columns pending deletion= 8293 remain= 55436 col ratio= 0.850404 row ratio= 0.892514
[1;36m[REMIND] 2: gap improved= 0.552119 ratio= 0.020035 threshold= 0.040000 in function increaseCondition2 at /blue/yu.yang1/you.z/route_opt/packages/application/X-n384-k52/src/main/src/call_cutting.cpp:74[0m
 ****** Separate Rank1Cuts ****** 
it= 4   ncol= 3487  ncstr= 1648 mt= 0.6   spt= 0.0   lpval= 65901.9   ub= 65929.0  
-----------------------------------------------------------------------------------------
elapsed time= 544.82 s.
-----------------------------------------------------------------------------------------
columns pending deletion= 10644 remain= 55436 col ratio= 0.807995 row ratio= 0.870146
[1;36m[REMIND] 2: gap improved= 0.499112 ratio= 0.018445 threshold= 0.040000 in function increaseCondition2 at /blue/yu.yang1/you.z/route_opt/packages/application/X-n384-k52/src/main/src/call_cutting.cpp:74[0m
[1;36m[REMIND] tail off counter= 3 threshold= 3 in function setIfTailOff at /blue/yu.yang1/you.z/route_opt/packages/application/X-n384-k52/src/main/src/call_cutting.cpp:150[0m
current_r_best= 5.79566
alpha= 0.37 beta= 1.47379 omega= 128.953 k1= 7
lb_k= 1 ub_k= 37
revise: lb_k= 6 ub_k= 8
opt_k= 7
alpha= 0.75 beta= 1.47379 omega= 8.03263 k1= 3
lb_k= 2 ub_k= 3
revise: lb_k= 2 ub_k= 3
opt_k= 3
pseudo= 50 frac= 50
#candidates in phase1= 7
testing lp time= 7.76 s.
-----------------------------------------------------------------------------------------
 15-185 ,  25.50|  47-253 ,  17.32|  31-275 ,  14.10| 127-364 ,  10.71|  89-266 ,   7.38| 
212-252 ,   4.74| 335-344 ,   4.52| 
-----------------------------------------------------------------------------------------
edge= 31 275 lp= 1.18629 pre= 0 lp2= 11.888 pre2= 2 score= 14.1026
-----------------------------------------------------------------------------------------
edge= 47 253 lp= 1.68726 pre= 0 lp2= 10.2625 pre2= 2 score= 17.3155
-----------------------------------------------------------------------------------------
edge= 15 185 lp= 5.54472 pre= 1 lp2= 4.59982 pre2= 1 score= 25.5047
-----------------------------------------------------------------------------------------
candidate= 15-185 : +
-----------------------------------------------------------------------------------------
it= 5   ncol= 3591  ncstr= 1649 mt= 8.0   spt= 0.0   lpval= 65905.5   ub= 65929.0  
-----------------------------------------------------------------------------------------
elapsed time= 560.58 s.
-----------------------------------------------------------------------------------------
brc= 15-185
t= 0.440446 c= 49.5447 n= 4 if_b4= 0
t= 7.01171 c= 50.5199 n= 4 if_b4= 0
#########################################################################################
tree size= 4 lb= 65895.7 ub= 65929
#########################################################################################
idx= 6 value= 65895.7 enu= 1
brc= 264-365 : -
brc= 77-229 : +
brc= 158-295 : +
brc= 157-180 : +
brc= 122-328 : +
brc= 163-231 : -
brc= 45-199 : +
brc= 59-148 : +
brc= 49-298 : +
brc= 23-193 : -
brc= 107-262 : +
brc= 2-264 : +
brc= 74-276 : -
brc= 166-311 : +
brc= 106-145 : -
it= 4   ncol= 3344  ncstr= 1468 mt= 1.5   spt= 0.0   lpval= 65899.5   ub= 65929.0  
-----------------------------------------------------------------------------------------
elapsed time= 576.70 s.
-----------------------------------------------------------------------------------------
columns pending deletion= 24481 remain= 87586 col ratio= 0.720492 row ratio= 0.916894
 ****** Separate Rank1Cuts ****** 
it= 3   ncol= 3375  ncstr= 1562 mt= 0.6   spt= 0.0   lpval= 65900.8   ub= 65929.0  
-----------------------------------------------------------------------------------------
elapsed time= 581.98 s.
-----------------------------------------------------------------------------------------
delete columns= 32834 remain= 54752
 ****** Separate Rank1Cuts ****** 
it= 4   ncol= 3386  ncstr= 1452 mt= 0.5   spt= 0.0   lpval= 65901.7   ub= 65929.0  
-----------------------------------------------------------------------------------------
elapsed time= 586.34 s.
-----------------------------------------------------------------------------------------
columns pending deletion= 4737 remain= 54752 col ratio= 0.913483 row ratio= 0.951102
[1;36m[REMIND] 2: gap improved= 0.894704 ratio= 0.032821 threshold= 0.040000 in function increaseCondition2 at /blue/yu.yang1/you.z/route_opt/packages/application/X-n384-k52/src/main/src/call_cutting.cpp:74[0m
 ****** Separate Rank1Cuts ****** 
it= 3   ncol= 3439  ncstr= 1544 mt= 0.8   spt= 0.0   lpval= 65902.7   ub= 65929.0  
-----------------------------------------------------------------------------------------
elapsed time= 591.35 s.
-----------------------------------------------------------------------------------------
columns pending deletion= 9734 remain= 54752 col ratio= 0.822217 row ratio= 0.909326
[1;36m[REMIND] 2: gap improved= 0.921657 ratio= 0.034992 threshold= 0.040000 in function increaseCondition2 at /blue/yu.yang1/you.z/route_opt/packages/application/X-n384-k52/src/main/src/call_cutting.cpp:74[0m
 ****** Separate Rank1Cuts ****** 
it= 2   ncol= 3455  ncstr= 1626 mt= 0.4   spt= 0.0   lpval= 65903.2   ub= 65929.0  
-----------------------------------------------------------------------------------------
elapsed time= 595.87 s.
-----------------------------------------------------------------------------------------
columns pending deletion= 12685 remain= 54752 col ratio= 0.768319 row ratio= 0.884994
[1;36m[REMIND] 2: gap improved= 0.554137 ratio= 0.021491 threshold= 0.040000 in function increaseCondition2 at /blue/yu.yang1/you.z/route_opt/packages/application/X-n384-k52/src/main/src/call_cutting.cpp:74[0m
[1;36m[REMIND] tail off counter= 3 threshold= 3 in function setIfTailOff at /blue/yu.yang1/you.z/route_opt/packages/application/X-n384-k52/src/main/src/call_cutting.cpp:150[0m
current_r_best= 5.05562
alpha= 0.37 beta= 1.43742 omega= 112.488 k1= 6
lb_k= 1 ub_k= 37
revise: lb_k= 5 ub_k= 8
opt_k= 6
alpha= 0.75 beta= 1.43742 omega= 7.20508 k1= 2
lb_k= 1 ub_k= 3
revise: lb_k= 1 ub_k= 3
opt_k= 3
pseudo= 50 frac= 50
#candidates in phase1= 6
testing lp time= 6.34 s.
-----------------------------------------------------------------------------------------
 47-253 ,  22.51| 252-284 ,  16.75| 163-224 ,   9.26| 214-315 ,   5.85|  71-316 ,   5.66| 
145-246 ,   1.99| 
-----------------------------------------------------------------------------------------
edge= 163 224 lp= 4.45908 pre= 1 lp2= 2.07666 pre2= 0 score= 9.25999
-----------------------------------------------------------------------------------------
edge= 252 284 lp= 7.37956 pre= 2 lp2= 2.26974 pre2= 0 score= 16.7496
-----------------------------------------------------------------------------------------
edge= 47 253 lp= 1.49987 pre= 0 lp2= 15.0063 pre2= 2 score= 22.5074
-----------------------------------------------------------------------------------------
candidate= 47-253 : +
-----------------------------------------------------------------------------------------
it= 6   ncol= 3669  ncstr= 1627 mt= 10.0  spt= 0.0   lpval= 65911.4   ub= 65929.0  
-----------------------------------------------------------------------------------------
elapsed time= 612.23 s.
-----------------------------------------------------------------------------------------
candidate= 252-284 : -
-----------------------------------------------------------------------------------------
it= 6   ncol= 3610  ncstr= 1627 mt= 8.4   spt= 0.0   lpval= 65908.1   ub= 65929.0  
-----------------------------------------------------------------------------------------
elapsed time= 620.64 s.
-----------------------------------------------------------------------------------------
brc= 47-253
t= 0.455028 c= 46.2887 n= 5 if_b4= 0
t= 7.37814 c= 46.0943 n= 5 if_b4= 0
#########################################################################################
tree size= 5 lb= 65901.9 ub= 65929
#########################################################################################
idx= 9 value= 65901.9 enu= 1
brc= 264-365 : -
brc= 77-229 : +
brc= 158-295 : +
brc= 157-180 : +
brc= 122-328 : +
brc= 163-231 : -
brc= 45-199 : +
brc= 59-148 : +
brc= 49-298 : +
brc= 23-193 : -
brc= 107-262 : +
brc= 2-264 : +
brc= 74-276 : -
brc= 166-311 : +
brc= 106-145 : +
brc= 15-185 : +
it= 4   ncol= 3504  ncstr= 1648 mt= 7.8   spt= 0.0   lpval= 65905.5   ub= 65929.0  
-----------------------------------------------------------------------------------------
elapsed time= 643.20 s.
-----------------------------------------------------------------------------------------
delete columns= 12877 remain= 31370
 ****** Separate RCCs ****** 
 ****** Separate Rank1Cuts ****** 
it= 3   ncol= 3492  ncstr= 1431 mt= 0.6   spt= 0.0   lpval= 65906.8   ub= 65929.0  
-----------------------------------------------------------------------------------------
elapsed time= 647.70 s.
-----------------------------------------------------------------------------------------
columns pending deletion= 4763 remain= 31370 col ratio= 0.848167 row ratio= 0.923829
 ****** Separate Rank1Cuts ****** 
it= 4   ncol= 3525  ncstr= 1559 mt= 1.2   spt= 0.0   lpval= 65908.0   ub= 65929.0  
-----------------------------------------------------------------------------------------
elapsed time= 653.07 s.
-----------------------------------------------------------------------------------------
columns pending deletion= 8304 remain= 31370 col ratio= 0.735288 row ratio= 0.890956
 ****** Separate Rank1Cuts ****** 
it= 3   ncol= 3527  ncstr= 1624 mt= 0.5   spt= 0.0   lpval= 65908.8   ub= 65929.0  
-----------------------------------------------------------------------------------------
elapsed time= 657.59 s.
-----------------------------------------------------------------------------------------
delete columns= 10329 remain= 21041
[1;36m[REMIND] 2: gap improved= 0.775367 ratio= 0.038351 threshold= 0.040000 in function increaseCondition2 at /blue/yu.yang1/you.z/route_opt/packages/application/X-n384-k52/src/main/src/call_cutting.cpp:74[0m
 ****** Separate RCCs ****** 
 ****** Separate Rank1Cuts ****** 
it= 3   ncol= 3543  ncstr= 1519 mt= 0.5   spt= 0.0   lpval= 65909.3   ub= 65929.0  
-----------------------------------------------------------------------------------------
elapsed time= 662.06 s.
-----------------------------------------------------------------------------------------
columns pending deletion= 1736 remain= 21041 col ratio= 0.917494 row ratio= 0.938776
[1;36m[REMIND] 2: gap improved= 0.564536 ratio= 0.028725 threshold= 0.040000 in function increaseCondition2 at /blue/yu.yang1/you.z/route_opt/packages/application/X-n384-k52/src/main/src/call_cutting.cpp:74[0m
 ****** Separate RCCs ****** 
 ****** Separate Rank1Cuts ****** 
it= 3   ncol= 3538  ncstr= 1592 mt= 0.3   spt= 0.0   lpval= 65909.8   ub= 65929.0  
-----------------------------------------------------------------------------------------
elapsed time= 666.38 s.
-----------------------------------------------------------------------------------------
columns pending deletion= 2762 remain= 21041 col ratio= 0.868732 row ratio= 0.910804
[1;36m[REMIND] 2: gap improved= 0.426960 ratio= 0.022207 threshold= 0.040000 in function increaseCondition2 at /blue/yu.yang1/you.z/route_opt/packages/application/X-n384-k52/src/main/src/call_cutting.cpp:74[0m
[1;36m[REMIND] tail off counter= 3 threshold= 3 in function setIfTailOff at /blue/yu.yang1/you.z/route_opt/packages/application/X-n384-k52/src/main/src/call_cutting.cpp:150[0m
current_r_best= 5.05562
alpha= 0.37 beta= 0.140115 omega= 101.727 k1= 1
lb_k= 1 ub_k= 2
revise: lb_k= 1 ub_k= 2
opt_k= 1
alpha= 0.75 beta= 0.140115 omega= 6.24742 k1= 1
lb_k= 1 ub_k= 1
opt_k= 1
pseudo= 50 frac= 50
#candidates in phase1= 1
[1;36m[REMIND] no data in phase2: a single candidate in function getFeatureDataPhase2 at /blue/yu.yang1/you.z/route_opt/packages/application/X-n384-k52/src/l2b/include/t_l2b_phase2.hpp:27[0m
brc= 224-331
t= 0.455028 c= 44.112 n= 6 if_b4= 0
t= 7.37814 c= 43.9453 n= 6 if_b4= 0
#########################################################################################
tree size= 6 lb= 65901.9 ub= 65929
#########################################################################################
idx= 10 value= 65901.9 enu= 1
brc= 264-365 : -
brc= 77-229 : +
brc= 158-295 : +
brc= 157-180 : +
brc= 122-328 : +
brc= 163-231 : -
brc= 45-199 : +
brc= 59-148 : +
brc= 49-298 : +
brc= 23-193 : -
brc= 107-262 : +
brc= 2-264 : +
brc= 74-276 : -
brc= 166-311 : +
brc= 106-145 : +
brc= 15-185 : -
it= 5   ncol= 3571  ncstr= 1648 mt= 1.9   spt= 0.0   lpval= 65905.5   ub= 65929.0  
-----------------------------------------------------------------------------------------
elapsed time= 675.49 s.
-----------------------------------------------------------------------------------------
delete columns= 13751 remain= 31003
 ****** Separate Rank1Cuts ****** 
it= 4   ncol= 3583  ncstr= 1433 mt= 0.5   spt= 0.0   lpval= 65907.8   ub= 65929.0  
-----------------------------------------------------------------------------------------
elapsed time= 685.66 s.
-----------------------------------------------------------------------------------------
columns pending deletion= 7184 remain= 31003 col ratio= 0.76828 row ratio= 0.929518
 ****** Separate Rank1Cuts ****** 
it= 4   ncol= 3593  ncstr= 1516 mt= 0.8   spt= 0.0   lpval= 65908.9   ub= 65929.0  
-----------------------------------------------------------------------------------------
elapsed time= 690.47 s.
-----------------------------------------------------------------------------------------
delete columns= 10682 remain= 20321
 ****** Separate Rank1Cuts ****** 
it= 4   ncol= 3580  ncstr= 1434 mt= 0.5   spt= 0.0   lpval= 65909.6   ub= 65929.0  
-----------------------------------------------------------------------------------------
elapsed time= 699.95 s.
-----------------------------------------------------------------------------------------
columns pending deletion= 1847 remain= 20321 col ratio= 0.909109 row ratio= 0.944909
[1;36m[REMIND] 2: gap improved= 0.657511 ratio= 0.033810 threshold= 0.040000 in function increaseCondition2 at /blue/yu.yang1/you.z/route_opt/packages/application/X-n384-k52/src/main/src/call_cutting.cpp:74[0m
 ****** Separate Rank1Cuts ****** 
it= 4   ncol= 3617  ncstr= 1553 mt= 0.7   spt= 0.0   lpval= 65910.3   ub= 65929.0  
-----------------------------------------------------------------------------------------
elapsed time= 705.00 s.
-----------------------------------------------------------------------------------------
columns pending deletion= 3575 remain= 20321 col ratio= 0.824074 row ratio= 0.898905
 ****** Separate Rank1Cuts ****** 
it= 4   ncol= 3627  ncstr= 1670 mt= 0.5   spt= 0.0   lpval= 65910.7   ub= 65929.0  
-----------------------------------------------------------------------------------------
elapsed time= 709.16 s.
-----------------------------------------------------------------------------------------
columns pending deletion= 4368 remain= 20321 col ratio= 0.78505 row ratio= 0.863473
[1;36m[REMIND] 2: gap improved= 0.346926 ratio= 0.018940 threshold= 0.040000 in function increaseCondition2 at /blue/yu.yang1/you.z/route_opt/packages/application/X-n384-k52/src/main/src/call_cutting.cpp:74[0m
mip: row= 1442 col= 19566 density= 1.99743%
mip time= 179.44 s.
mip status= 6
#########################################################################################
tree size= 5 lb= 65903.2 ub= 65929
#########################################################################################
idx= 11 value= 65903.2 enu= 1
brc= 264-365 : -
brc= 77-229 : +
brc= 158-295 : +
brc= 157-180 : +
brc= 122-328 : +
brc= 163-231 : -
brc= 45-199 : +
brc= 59-148 : +
brc= 49-298 : +
brc= 23-193 : -
brc= 107-262 : +
brc= 2-264 : +
brc= 74-276 : -
brc= 166-311 : +
brc= 106-145 : -
brc= 47-253 : +
it= 6   ncol= 3549  ncstr= 1626 mt= 9.8   spt= 0.0   lpval= 65911.4   ub= 65929.0  
-----------------------------------------------------------------------------------------
elapsed time= 905.19 s.
-----------------------------------------------------------------------------------------
delete columns= 25760 remain= 14997
 ****** Separate RCCs ****** 
 ****** Separate Rank1Cuts ****** 
it= 4   ncol= 3451  ncstr= 1388 mt= 1.0   spt= 0.0   lpval= 65913.3   ub= 65929.0  
-----------------------------------------------------------------------------------------
elapsed time= 910.96 s.
-----------------------------------------------------------------------------------------
columns pending deletion= 3432 remain= 14997 col ratio= 0.771154 row ratio= 0.935879
mip: row= 1299 col= 14939 density= 2.09107%
mip time= 41.13 s.
mip status= 6
#########################################################################################
tree size= 4 lb= 65903.2 ub= 65929
#########################################################################################
idx= 12 value= 65903.2 enu= 1
brc= 264-365 : -
brc= 77-229 : +
brc= 158-295 : +
brc= 157-180 : +
brc= 122-328 : +
brc= 163-231 : -
brc= 45-199 : +
brc= 59-148 : +
brc= 49-298 : +
brc= 23-193 : -
brc= 107-262 : +
brc= 2-264 : +
brc= 74-276 : -
brc= 166-311 : +
brc= 106-145 : -
brc= 47-253 : -
it= 2   ncol= 3488  ncstr= 1626 mt= 0.6   spt= 0.0   lpval= 65904.6   ub= 65929.0  
-----------------------------------------------------------------------------------------
elapsed time= 952.82 s.
-----------------------------------------------------------------------------------------
columns pending deletion= 6460 remain= 42047 col ratio= 0.846362 row ratio= 0.859779
 ****** Separate Rank1Cuts ****** 
it= 4   ncol= 3507  ncstr= 1709 mt= 0.7   spt= 0.0   lpval= 65905.6   ub= 65929.0  
-----------------------------------------------------------------------------------------
elapsed time= 958.25 s.
-----------------------------------------------------------------------------------------
columns pending deletion= 10237 remain= 42047 col ratio= 0.756534 row ratio= 0.842013
 ****** Separate Rank1Cuts ****** 
it= 3   ncol= 3534  ncstr= 1806 mt= 0.8   spt= 0.0   lpval= 65906.5   ub= 65929.0  
-----------------------------------------------------------------------------------------
elapsed time= 963.67 s.
-----------------------------------------------------------------------------------------
delete columns= 13372 remain= 28675
 ****** Separate Rank1Cuts ****** 
it= 4   ncol= 3571  ncstr= 1559 mt= 0.5   spt= 0.0   lpval= 65906.9   ub= 65929.0  
-----------------------------------------------------------------------------------------
elapsed time= 975.02 s.
-----------------------------------------------------------------------------------------
columns pending deletion= 1766 remain= 28675 col ratio= 0.938413 row ratio= 0.933932
[1;36m[REMIND] 2: gap improved= 0.388448 ratio= 0.017606 threshold= 0.040000 in function increaseCondition2 at /blue/yu.yang1/you.z/route_opt/packages/application/X-n384-k52/src/main/src/call_cutting.cpp:74[0m
 ****** Separate Rank1Cuts ****** 
it= 3   ncol= 3599  ncstr= 1618 mt= 0.5   spt= 0.0   lpval= 65907.3   ub= 65929.0  
-----------------------------------------------------------------------------------------
elapsed time= 978.88 s.
-----------------------------------------------------------------------------------------
columns pending deletion= 2798 remain= 28675 col ratio= 0.902424 row ratio= 0.909765
[1;36m[REMIND] 2: gap improved= 0.315493 ratio= 0.014506 threshold= 0.040000 in function increaseCondition2 at /blue/yu.yang1/you.z/route_opt/packages/application/X-n384-k52/src/main/src/call_cutting.cpp:74[0m
 ****** Separate Rank1Cuts ****** 
it= 3   ncol= 3634  ncstr= 1694 mt= 0.4   spt= 0.0   lpval= 65907.5   ub= 65929.0  
-----------------------------------------------------------------------------------------
elapsed time= 983.43 s.
-----------------------------------------------------------------------------------------
columns pending deletion= 3650 remain= 28675 col ratio= 0.872711 row ratio= 0.891972
[1;36m[REMIND] 2: gap improved= 0.252219 ratio= 0.011733 threshold= 0.040000 in function increaseCondition2 at /blue/yu.yang1/you.z/route_opt/packages/application/X-n384-k52/src/main/src/call_cutting.cpp:74[0m
[1;36m[REMIND] tail off counter= 3 threshold= 3 in function setIfTailOff at /blue/yu.yang1/you.z/route_opt/packages/application/X-n384-k52/src/main/src/call_cutting.cpp:150[0m
current_r_best= 4.39062
alpha= 0.37 beta= 0.678411 omega= 96.9433 k1= 4
lb_k= 1 ub_k= 37
revise: lb_k= 3 ub_k= 4
opt_k= 4
alpha= 0.75 beta= 0.678411 omega= 5.95615 k1= 1
lb_k= 1 ub_k= 3
revise: lb_k= 1 ub_k= 3
opt_k= 2
pseudo= 50 frac= 50
#candidates in phase1= 4
testing lp time= 4.94 s.
-----------------------------------------------------------------------------------------
315-317 ,  10.89| 243-317 ,   8.94|  47-89  ,   5.77|  35-108 ,   2.62| 
-----------------------------------------------------------------------------------------
edge= 243 317 lp= 0.949925 pre= 0 lp2= 9.4155 pre2= 2 score= 8.94402
-----------------------------------------------------------------------------------------
edge= 315 317 lp= 4.2844 pre= 2 lp2= 2.54139 pre2= 0 score= 10.8883
-----------------------------------------------------------------------------------------
candidate= 315-317 : -
-----------------------------------------------------------------------------------------
it= 5   ncol= 3721  ncstr= 1695 mt= 9.3   spt= 0.0   lpval= 65911.3   ub= 65929.0  
-----------------------------------------------------------------------------------------
elapsed time= 997.71 s.
-----------------------------------------------------------------------------------------
brc= 315-317
t= 0.475343 c= 43.088 n= 7 if_b4= 0
t= 7.62165 c= 42.6681 n= 7 if_b4= 0
#########################################################################################
tree size= 5 lb= 65906.6 ub= 65929
#########################################################################################
idx= 7 value= 65906.6 enu= 1
brc= 264-365 : -
brc= 77-229 : +
brc= 158-295 : +
brc= 157-180 : +
brc= 122-328 : +
brc= 163-231 : -
brc= 45-199 : +
brc= 59-148 : +
brc= 49-298 : +
brc= 23-193 : -
brc= 107-262 : +
brc= 2-264 : +
brc= 74-276 : -
brc= 166-311 : -
brc= 121-338 : +
it= 4   ncol= 3342  ncstr= 1454 mt= 5.6   spt= 0.0   lpval= 65909.1   ub= 65929.0  
-----------------------------------------------------------------------------------------
elapsed time= 1019.74 s.
-----------------------------------------------------------------------------------------
columns pending deletion= 7095 remain= 27631 col ratio= 0.743223 row ratio= 0.902338
 ****** Separate Rank1Cuts ****** 
it= 4   ncol= 3322  ncstr= 1525 mt= 0.6   spt= 0.0   lpval= 65912.6   ub= 65929.0  
-----------------------------------------------------------------------------------------
elapsed time= 1024.65 s.
-----------------------------------------------------------------------------------------
delete columns= 14039 remain= 13592
mip: row= 1362 col= 16834 density= 2.08051%
mip time= 52.54 s.
mip status= 6
#########################################################################################
tree size= 4 lb= 65906.6 ub= 65929
#########################################################################################
idx= 8 value= 65906.6 enu= 1
brc= 264-365 : -
brc= 77-229 : +
brc= 158-295 : +
brc= 157-180 : +
brc= 122-328 : +
brc= 163-231 : -
brc= 45-199 : +
brc= 59-148 : +
brc= 49-298 : +
brc= 23-193 : -
brc= 107-262 : +
brc= 2-264 : +
brc= 74-276 : -
brc= 166-311 : -
brc= 121-338 : -
it= 5   ncol= 3458  ncstr= 1454 mt= 2.0   spt= 0.0   lpval= 65910.3   ub= 65929.0  
-----------------------------------------------------------------------------------------
elapsed time= 1079.34 s.
-----------------------------------------------------------------------------------------
columns pending deletion= 9507 remain= 27998 col ratio= 0.66044 row ratio= 0.92022
 ****** Separate Rank1Cuts ****** 
it= 4   ncol= 3424  ncstr= 1520 mt= 0.7   spt= 0.0   lpval= 65912.5   ub= 65929.0  
-----------------------------------------------------------------------------------------
elapsed time= 1084.74 s.
-----------------------------------------------------------------------------------------
delete columns= 14093 remain= 13905
mip: row= 1365 col= 17267 density= 2.04862%
mip time= 73.39 s.
mip status= 6
#########################################################################################
tree size= 3 lb= 65907.5 ub= 65929
#########################################################################################
idx= 15 value= 65907.5 enu= 1
brc= 264-365 : -
brc= 77-229 : +
brc= 158-295 : +
brc= 157-180 : +
brc= 122-328 : +
brc= 163-231 : -
brc= 45-199 : +
brc= 59-148 : +
brc= 49-298 : +
brc= 23-193 : -
brc= 107-262 : +
brc= 2-264 : +
brc= 74-276 : -
brc= 166-311 : +
brc= 106-145 : -
brc= 47-253 : -
brc= 315-317 : +
it= 5   ncol= 3624  ncstr= 1694 mt= 9.0   spt= 0.0   lpval= 65909.7   ub= 65929.0  
-----------------------------------------------------------------------------------------
elapsed time= 1172.84 s.
-----------------------------------------------------------------------------------------
columns pending deletion= 5504 remain= 24539 col ratio= 0.775704 row ratio= 0.819362
 ****** Separate Rank1Cuts ****** 
it= 4   ncol= 3571  ncstr= 1760 mt= 0.7   spt= 0.0   lpval= 65910.7   ub= 65929.0  
-----------------------------------------------------------------------------------------
elapsed time= 1177.69 s.
-----------------------------------------------------------------------------------------
delete columns= 7561 remain= 16978
 ****** Separate Rank1Cuts ****** 
it= 4   ncol= 3579  ncstr= 1543 mt= 0.5   spt= 0.0   lpval= 65911.5   ub= 65929.0  
-----------------------------------------------------------------------------------------
elapsed time= 1188.39 s.
-----------------------------------------------------------------------------------------
columns pending deletion= 1796 remain= 16978 col ratio= 0.894216 row ratio= 0.924174
mip: row= 1426 col= 18724 density= 2.08654%
mip time= 116.69 s.
mip status= 6
#########################################################################################
tree size= 2 lb= 65907.5 ub= 65929
#########################################################################################
idx= 16 value= 65907.5 enu= 1
brc= 264-365 : -
brc= 77-229 : +
brc= 158-295 : +
brc= 157-180 : +
brc= 122-328 : +
brc= 163-231 : -
brc= 45-199 : +
brc= 59-148 : +
brc= 49-298 : +
brc= 23-193 : -
brc= 107-262 : +
brc= 2-264 : +
brc= 74-276 : -
brc= 166-311 : +
brc= 106-145 : -
brc= 47-253 : -
brc= 315-317 : -
it= 5   ncol= 3702  ncstr= 1694 mt= 1.5   spt= 0.0   lpval= 65911.3   ub= 65929.0  
-----------------------------------------------------------------------------------------
elapsed time= 1306.81 s.
-----------------------------------------------------------------------------------------
delete columns= 8567 remain= 16394
 ****** Separate Rank1Cuts ****** 
it= 3   ncol= 3655  ncstr= 1487 mt= 0.6   spt= 0.0   lpval= 65912.8   ub= 65929.0  
-----------------------------------------------------------------------------------------
elapsed time= 1317.89 s.
-----------------------------------------------------------------------------------------
columns pending deletion= 3196 remain= 16394 col ratio= 0.805051 row ratio= 0.938803
mip: row= 1396 col= 16809 density= 2.08792%
mip time= 66.11 s.
mip status= 6
#########################################################################################
tree size= 1 lb= 65909.8 ub= 65929
#########################################################################################
idx= 13 value= 65909.8 enu= 1
brc= 264-365 : -
brc= 77-229 : +
brc= 158-295 : +
brc= 157-180 : +
brc= 122-328 : +
brc= 163-231 : -
brc= 45-199 : +
brc= 59-148 : +
brc= 49-298 : +
brc= 23-193 : -
brc= 107-262 : +
brc= 2-264 : +
brc= 74-276 : -
brc= 166-311 : +
brc= 106-145 : +
brc= 15-185 : +
brc= 224-331 : +
it= 5   ncol= 3518  ncstr= 1592 mt= 7.5   spt= 0.0   lpval= 65916.4   ub= 65929.0  
-----------------------------------------------------------------------------------------
elapsed time= 1391.74 s.
-----------------------------------------------------------------------------------------
delete columns= 10202 remain= 7557
 ****** Separate RCCs ****** 
 ****** Separate Rank1Cuts ****** 
it= 3   ncol= 3320  ncstr= 1403 mt= 1.0   spt= 0.0   lpval= 65918.1   ub= 65929.0  
-----------------------------------------------------------------------------------------
elapsed time= 1396.85 s.
-----------------------------------------------------------------------------------------
columns pending deletion= 2050 remain= 7557 col ratio= 0.728728 row ratio= 0.90449
mip: row= 1269 col= 8669 density= 2.2326%
mip time= 18.33 s.
mip status= 6
#########################################################################################
tree size= 0 lb= 65909.8 ub= 65929
#########################################################################################
idx= 14 value= 65909.8 enu= 1
brc= 264-365 : -
brc= 77-229 : +
brc= 158-295 : +
brc= 157-180 : +
brc= 122-328 : +
brc= 163-231 : -
brc= 45-199 : +
brc= 59-148 : +
brc= 49-298 : +
brc= 23-193 : -
brc= 107-262 : +
brc= 2-264 : +
brc= 74-276 : -
brc= 166-311 : +
brc= 106-145 : +
brc= 15-185 : +
brc= 224-331 : -
it= 3   ncol= 3562  ncstr= 1592 mt= 0.6   spt= 0.0   lpval= 65911.0   ub= 65929.0  
-----------------------------------------------------------------------------------------
elapsed time= 1420.18 s.
-----------------------------------------------------------------------------------------
columns pending deletion= 2673 remain= 18251 col ratio= 0.853542 row ratio= 0.884422
 ****** Separate Rank1Cuts ****** 
it= 3   ncol= 3549  ncstr= 1666 mt= 0.5   spt= 0.0   lpval= 65911.7   ub= 65929.0  
-----------------------------------------------------------------------------------------
elapsed time= 1424.95 s.
-----------------------------------------------------------------------------------------
columns pending deletion= 3966 remain= 18251 col ratio= 0.782697 row ratio= 0.872149
[1;36m[REMIND] 2: gap improved= 0.691620 ratio= 0.039983 threshold= 0.040000 in function increaseCondition2 at /blue/yu.yang1/you.z/route_opt/packages/application/X-n384-k52/src/main/src/call_cutting.cpp:74[0m
mip: row= 1453 col= 17822 density= 2.06516%
mip time= 80.33 s.
mip status= 6
#########################################################################################
[32m<Instance: X-n384-k52>
<Solution>
<UB= 65929>
<LB= 65929>
<Elapsed Time= 1511.6>
<Nodes Explored= 17>
<Global Gap= 0%>[0m
#########################################################################################
File nodes/X-n384-k52_1_0_0_0_1_0_0_1_0_G32.node deleted successfully.
