application type: CVRP
X-n384-k52_0_1_4_1_1_1_0_G32.node
Set parameter ServerTimeout to value 600
Set parameter TokenServer to value "grb-ts.ufhpc"
Set parameter Threads to value 1
instance name= X-n384-k52
#########################################################################################
tree size= 0 lb= 0 ub= 65929
#########################################################################################
idx= 1 value= 65870.5 enu= 0
brc= 264-365 : +
brc= 23-381 : -
brc= 185-192 : +
brc= 7-180 : -
brc= 176-199 : -
brc= 129-199 : -
brc= 71-101 : -
brc= 0-317 : +
brc= 158-295 : -
brc= 136-137 : +
brc= 45-199 : -
brc= 149-351 : +
brc= 39-308 : -
brc= 54-119 : +
brc= 275-378 : +
-----------------------------------------------------------------------------------------
 ****** Pricing Level: LIGHT HEUR ****** 
it= 10  ncol= 2420  ncstr= 1473 mt= 1.6   spt= 0.8   lpval= 65885.6   ub= 65929.0  
 ****** Pricing Level: HEAVY HEUR ****** 
it= 12  ncol= 2650  ncstr= 1473 mt= 2.5   spt= 1.8   lpval= 65880.4   ub= 65929.0  
 ****** Pricing Level: EXACT ****** 
it= 5   ncol= 3054  ncstr= 1473 mt= 0.8   spt= 8.7   lpval= 65879.9   ub= 65929.0  
-----------------------------------------------------------------------------------------
elapsed time= 25.48 s.
-----------------------------------------------------------------------------------------
-----------------------------------------------------------------------------------------
 ****** Run Arc Elimination ****** 
arc elimination time= 6.83 s.
previous= 79.3054% maximum= 3.56637%
eliminate bucket arcs time= 1.02 s.
obtain jump arcs time= 0.01 s.
-----------------------------------------------------------------------------------------
-----------------------------------------------------------------------------------------
elapsed time= 33.68 s.
-----------------------------------------------------------------------------------------
-----------------------------------------------------------------------------------------
 ****** Try Enumeration ****** 
#labels= 202645 #routes= 66
labeling 1 time= 1.45 s.
concatenate time= 2.33 s.
#routes= 385222
average gap of successful enumeration= 0.000729133
next try value > 65860.2
-----------------------------------------------------------------------------------------
elapsed time= 37.65 s.
-----------------------------------------------------------------------------------------
 ****** Process Enumeration Matrix ****** 
delete non-ele routes lp val= 65880.6
recover rank1c lp val= 65880.8
recover rcc lp val= 65881.1
obtain rcc coefficient time= 0.02 s.
obtain r1c coefficient time= 0.54 s.
obtain matrix from triplets time= 0.35 s.
delete columns by branch time= 0.00 s.
columns pending deletion= 4456 remain= 385222 col ratio= 0.988433 row ratio= 1
regenerate enumeration matrix time= 0.00 s.
-----------------------------------------------------------------------------------------
elapsed time= 54.53 s.
-----------------------------------------------------------------------------------------
it= 5   ncol= 2681  ncstr= 1380 mt= 0.4   spt= 0.1   lpval= 65880.9   ub= 65929.0  
-----------------------------------------------------------------------------------------
elapsed time= 55.11 s.
-----------------------------------------------------------------------------------------
columns pending deletion= 73287 remain= 385222 col ratio= 0.809754 row ratio= 0.878261
 ****** Separate Rank1Cuts ****** 
it= 6   ncol= 2748  ncstr= 1519 mt= 1.3   spt= 0.1   lpval= 65885.0   ub= 65929.0  
-----------------------------------------------------------------------------------------
elapsed time= 60.26 s.
-----------------------------------------------------------------------------------------
delete columns= 152272 remain= 232950
 ****** Separate RCCs ****** 
 ****** Separate Rank1Cuts ****** 
it= 5   ncol= 2820  ncstr= 1421 mt= 0.7   spt= 0.1   lpval= 65886.3   ub= 65929.0  
-----------------------------------------------------------------------------------------
elapsed time= 64.85 s.
-----------------------------------------------------------------------------------------
columns pending deletion= 26027 remain= 232950 col ratio= 0.888272 row ratio= 0.931034
[1;36m[REMIND] 2: gap improved= 1.364152 ratio= 0.031972 threshold= 0.040000 in function increaseCondition2 at /blue/yu.yang1/you.z/route_opt/packages/application/X-n384-k52/src/main/src/call_cutting.cpp:74[0m
 ****** Separate Rank1Cuts ****** 
it= 5   ncol= 2892  ncstr= 1533 mt= 0.6   spt= 0.1   lpval= 65887.7   ub= 65929.0  
-----------------------------------------------------------------------------------------
elapsed time= 69.05 s.
-----------------------------------------------------------------------------------------
columns pending deletion= 47340 remain= 232950 col ratio= 0.79678 row ratio= 0.886497
[1;36m[REMIND] 2: gap improved= 1.409264 ratio= 0.034158 threshold= 0.040000 in function increaseCondition2 at /blue/yu.yang1/you.z/route_opt/packages/application/X-n384-k52/src/main/src/call_cutting.cpp:74[0m
 ****** Separate Rank1Cuts ****** 
it= 5   ncol= 2963  ncstr= 1661 mt= 0.7   spt= 0.1   lpval= 65889.1   ub= 65929.0  
-----------------------------------------------------------------------------------------
elapsed time= 73.21 s.
-----------------------------------------------------------------------------------------
columns pending deletion= 65997 remain= 232950 col ratio= 0.71669 row ratio= 0.847682
[1;36m[REMIND] 2: gap improved= 1.312079 ratio= 0.032847 threshold= 0.040000 in function increaseCondition2 at /blue/yu.yang1/you.z/route_opt/packages/application/X-n384-k52/src/main/src/call_cutting.cpp:74[0m
[1;36m[REMIND] tail off counter= 3 threshold= 3 in function setIfTailOff at /blue/yu.yang1/you.z/route_opt/packages/application/X-n384-k52/src/main/src/call_cutting.cpp:150[0m
[1;36m[REMIND] opt_k not found for node 1, use m directly in function getOptK at /blue/yu.yang1/you.z/route_opt/packages/branching/bkf/include/bkf_controller.hpp:239[0m
current_r_best= 13.4751
we directly test 100
we directly test 4
pseudo= 50 frac= 50
#candidates in phase1= 100
testing lp time= 76.78 s.
-----------------------------------------------------------------------------------------
232-378 , 304.94|   0-315 , 158.69|  11-275 , 119.16| 122-243 , 114.92| 122-328 ,  92.89| 
 78-122 ,  88.27|  78-243 ,  87.16|   0-107 ,  78.92| 202-262 ,  73.96| 107-262 ,  72.65| 
 75-158 ,  63.82| 132-358 ,  62.90|  71-106 ,  57.33|  31-185 ,  56.64| 240-258 ,  49.22| 
106-240 ,  48.37|  71-240 ,  45.85|   0-171 ,  40.74| 168-327 ,  39.15|   0-164 ,  38.98| 
 35-316 ,  32.18|   0-145 ,  30.93| 164-201 ,  30.82|  95-273 ,  28.63|  95-348 ,  28.61| 
 35-108 ,  27.75|   0-35  ,  27.47|   0-241 ,  27.45| 175-375 ,  27.43|  75-123 ,  26.23| 
  0-183 ,  26.18|  59-148 ,  26.18|   9-86  ,  25.01| 180-214 ,  24.81| 137-162 ,  24.71| 
 29-345 ,  24.07| 145-313 ,  24.01|   0-162 ,  23.38| 163-313 ,  22.87|  53-318 ,  22.48| 
145-163 ,  22.27|   9-252 ,  21.60|   0-88  ,  21.38|   0-23  ,  21.20| 201-226 ,  20.71| 
 44-98  ,  20.43|  30-68  ,  18.58| 224-231 ,  17.83|   9-293 ,  16.72| 302-356 ,  16.59| 
  0-305 ,  16.31|  77-244 ,  16.31|   0-49  ,  15.76|  77-229 ,  15.39| 303-359 ,  14.63| 
 55-225 ,  14.24|  44-90  ,  14.16|  90-342 ,  13.82|   0-206 ,  13.72| 305-366 ,  13.24| 
  0-244 ,  12.65|   0-309 ,  12.37|  49-126 ,  12.27| 201-230 ,  12.22|  74-276 ,  12.15| 
  0-41  ,  11.96| 165-355 ,  11.68| 163-231 ,  11.50| 309-331 ,  11.31| 120-314 ,  10.81| 
 28-342 ,  10.80|  37-193 ,  10.04| 193-251 ,   9.92|  55-61  ,   9.60| 101-258 ,   9.41| 
 50-366 ,   9.34|   5-53  ,   9.20| 250-357 ,   9.13|  68-229 ,   9.02|   0-229 ,   8.97| 
  0-201 ,   8.64|  64-188 ,   8.63|  55-173 ,   8.31|   0-71  ,   8.28|  27-69  ,   7.84| 
  0-77  ,   7.66| 136-244 ,   6.81| 268-303 ,   6.41|   4-62  ,   5.67|   0-165 ,   5.62| 
222-292 ,   5.13| 205-239 ,   4.64|   0-91  ,   4.60|  91-239 ,   4.59|   0-26  ,   3.65| 
346-383 ,   2.89| 143-383 ,   2.89| 286-345 ,   2.71|  49-335 ,   2.23|  51-335 ,   1.27| 
-----------------------------------------------------------------------------------------
edge= 122 243 lp= 27.6268 pre= 2 lp2= 4.15989 pre2= 2 score= 114.924
-----------------------------------------------------------------------------------------
edge= 11 275 lp= 34.7477 pre= 2 lp2= 3.42918 pre2= 2 score= 119.156
-----------------------------------------------------------------------------------------
edge= 0 315 lp= 19.5747 pre= 2 lp2= 8.10697 pre2= 2 score= 158.692
-----------------------------------------------------------------------------------------
edge= 232 378 lp= 26.8737 pre= 2 lp2= 11.3471 pre2= 2 score= 304.939
-----------------------------------------------------------------------------------------
candidate= 232-378 : -
-----------------------------------------------------------------------------------------
it= 7   ncol= 3144  ncstr= 1662 mt= 6.8   spt= 0.1   lpval= 65901.8   ub= 65929.0  
-----------------------------------------------------------------------------------------
elapsed time= 156.91 s.
-----------------------------------------------------------------------------------------
candidate= 0-315 : -
-----------------------------------------------------------------------------------------
it= 7   ncol= 3123  ncstr= 1662 mt= 5.8   spt= 0.1   lpval= 65904.9   ub= 65929.0  
-----------------------------------------------------------------------------------------
elapsed time= 162.89 s.
-----------------------------------------------------------------------------------------
candidate= 232-378 : +
-----------------------------------------------------------------------------------------
it= 6   ncol= 3140  ncstr= 1662 mt= 5.8   spt= 0.1   lpval= 65893.5   ub= 65929.0  
-----------------------------------------------------------------------------------------
elapsed time= 168.85 s.
-----------------------------------------------------------------------------------------
candidate= 0-315 : +
-----------------------------------------------------------------------------------------
it= 6   ncol= 3147  ncstr= 1662 mt= 5.3   spt= 0.1   lpval= 65894.4   ub= 65929.0  
-----------------------------------------------------------------------------------------
elapsed time= 174.23 s.
-----------------------------------------------------------------------------------------
candidate= 11-275 : -
-----------------------------------------------------------------------------------------
it= 6   ncol= 3134  ncstr= 1662 mt= 6.2   spt= 0.1   lpval= 65913.5   ub= 65929.0  
-----------------------------------------------------------------------------------------
elapsed time= 180.53 s.
-----------------------------------------------------------------------------------------
candidate= 122-243 : -
-----------------------------------------------------------------------------------------
it= 6   ncol= 3143  ncstr= 1662 mt= 6.1   spt= 0.1   lpval= 65909.6   ub= 65929.0  
-----------------------------------------------------------------------------------------
elapsed time= 186.78 s.
-----------------------------------------------------------------------------------------
candidate= 122-243 : +
-----------------------------------------------------------------------------------------
it= 6   ncol= 3089  ncstr= 1662 mt= 5.3   spt= 0.1   lpval= 65892.6   ub= 65929.0  
-----------------------------------------------------------------------------------------
elapsed time= 192.24 s.
-----------------------------------------------------------------------------------------
brc= 0-315
t= 0.383929 c= 90.1911 n= 0 if_b4= 0
t= 6.03421 c= 107.464 n= 0 if_b4= 0
#########################################################################################
tree size= 1 lb= 65889.1 ub= 65929
#########################################################################################
idx= 1 value= 65889.1 enu= 1
brc= 264-365 : +
brc= 23-381 : -
brc= 185-192 : +
brc= 7-180 : -
brc= 176-199 : -
brc= 129-199 : -
brc= 71-101 : -
brc= 0-317 : +
brc= 158-295 : -
brc= 136-137 : +
brc= 45-199 : -
brc= 149-351 : +
brc= 39-308 : -
brc= 54-119 : +
brc= 275-378 : +
brc= 0-315 : +
it= 6   ncol= 3055  ncstr= 1661 mt= 5.5   spt= 0.1   lpval= 65894.4   ub= 65929.0  
-----------------------------------------------------------------------------------------
elapsed time= 208.18 s.
-----------------------------------------------------------------------------------------
delete columns= 63773 remain= 102245
 ****** Separate RCCs ****** 
 ****** Separate Rank1Cuts ****** 
it= 3   ncol= 2945  ncstr= 1369 mt= 0.5   spt= 0.0   lpval= 65896.5   ub= 65929.0  
-----------------------------------------------------------------------------------------
elapsed time= 211.70 s.
-----------------------------------------------------------------------------------------
columns pending deletion= 19076 remain= 102245 col ratio= 0.813429 row ratio= 0.933528
 ****** Separate RCCs ****** 
 ****** Separate Rank1Cuts ****** 
it= 4   ncol= 3014  ncstr= 1476 mt= 0.6   spt= 0.0   lpval= 65898.8   ub= 65929.0  
-----------------------------------------------------------------------------------------
elapsed time= 215.60 s.
-----------------------------------------------------------------------------------------
delete columns= 35545 remain= 66700
 ****** Separate Rank1Cuts ****** 
it= 4   ncol= 3032  ncstr= 1451 mt= 0.5   spt= 0.0   lpval= 65900.1   ub= 65929.0  
-----------------------------------------------------------------------------------------
elapsed time= 219.20 s.
-----------------------------------------------------------------------------------------
columns pending deletion= 7670 remain= 66700 col ratio= 0.885007 row ratio= 0.918677
 ****** Separate Rank1Cuts ****** 
it= 3   ncol= 3039  ncstr= 1553 mt= 0.3   spt= 0.0   lpval= 65901.0   ub= 65929.0  
-----------------------------------------------------------------------------------------
elapsed time= 222.64 s.
-----------------------------------------------------------------------------------------
columns pending deletion= 12833 remain= 66700 col ratio= 0.807601 row ratio= 0.888603
[1;36m[REMIND] 2: gap improved= 0.889445 ratio= 0.031738 threshold= 0.040000 in function increaseCondition2 at /blue/yu.yang1/you.z/route_opt/packages/application/X-n384-k52/src/main/src/call_cutting.cpp:74[0m
 ****** Separate Rank1Cuts ****** 
it= 4   ncol= 3085  ncstr= 1658 mt= 0.6   spt= 0.0   lpval= 65901.6   ub= 65929.0  
-----------------------------------------------------------------------------------------
elapsed time= 226.12 s.
-----------------------------------------------------------------------------------------
columns pending deletion= 17044 remain= 66700 col ratio= 0.744468 row ratio= 0.858263
[1;36m[REMIND] 2: gap improved= 0.655887 ratio= 0.023964 threshold= 0.040000 in function increaseCondition2 at /blue/yu.yang1/you.z/route_opt/packages/application/X-n384-k52/src/main/src/call_cutting.cpp:74[0m
 ****** Separate Rank1Cuts ****** 
it= 3   ncol= 3122  ncstr= 1760 mt= 0.5   spt= 0.0   lpval= 65902.3   ub= 65929.0  
-----------------------------------------------------------------------------------------
elapsed time= 229.51 s.
-----------------------------------------------------------------------------------------
delete columns= 20482 remain= 46218
[1;36m[REMIND] 2: gap improved= 0.651473 ratio= 0.024384 threshold= 0.040000 in function increaseCondition2 at /blue/yu.yang1/you.z/route_opt/packages/application/X-n384-k52/src/main/src/call_cutting.cpp:74[0m
[1;36m[REMIND] tail off counter= 3 threshold= 3 in function setIfTailOff at /blue/yu.yang1/you.z/route_opt/packages/application/X-n384-k52/src/main/src/call_cutting.cpp:150[0m
current_r_best= 9.55888
alpha= 0.37 beta= 2.79506 omega= 234.916 k1= 13
lb_k= 1 ub_k= 37
revise: lb_k= 10 ub_k= 15
opt_k= 13
alpha= 0.75 beta= 2.79506 omega= 17.8092 k1= 3
lb_k= 1 ub_k= 3
revise: lb_k= 2 ub_k= 3
opt_k= 3
pseudo= 50 frac= 50
#candidates in phase1= 13
testing lp time= 8.27 s.
-----------------------------------------------------------------------------------------
  0-162 ,  69.49| 137-162 ,  68.58| 232-378 ,  41.51|  27-137 ,  28.05|  59-148 ,  18.43| 
  0-241 ,  15.49|  64-293 ,  11.36|  53-318 ,  10.69| 166-311 ,   8.34|  37-251 ,   5.73| 
 52-128 ,   5.52|  35-101 ,   5.18| 319-377 ,   1.85| 
-----------------------------------------------------------------------------------------
edge= 232 378 lp= 14.0558 pre= 2 lp2= 2.95305 pre2= 1 score= 41.5074
-----------------------------------------------------------------------------------------
edge= 137 162 lp= 41.1759 pre= 2 lp2= 1.66559 pre2= 2 score= 68.5821
-----------------------------------------------------------------------------------------
edge= 0 162 lp= 1.6359 pre= 2 lp2= 42.4786 pre2= 2 score= 69.4908
-----------------------------------------------------------------------------------------
candidate= 0-162 : -
-----------------------------------------------------------------------------------------
it= 3   ncol= 3172  ncstr= 1462 mt= 4.3   spt= 0.0   lpval= 65903.8   ub= 65929.0  
-----------------------------------------------------------------------------------------
elapsed time= 242.20 s.
-----------------------------------------------------------------------------------------
candidate= 137-162 : -
-----------------------------------------------------------------------------------------
it= 7   ncol= 3323  ncstr= 1462 mt= 5.9   spt= 0.0   lpval= 65921.7   ub= 65929.0  
-----------------------------------------------------------------------------------------
elapsed time= 248.17 s.
-----------------------------------------------------------------------------------------
candidate= 0-162 : +
-----------------------------------------------------------------------------------------
it= 6   ncol= 3320  ncstr= 1462 mt= 5.6   spt= 0.0   lpval= 65922.3   ub= 65929.0  
-----------------------------------------------------------------------------------------
elapsed time= 253.77 s.
-----------------------------------------------------------------------------------------
candidate= 232-378 : -
-----------------------------------------------------------------------------------------
it= 4   ncol= 3222  ncstr= 1462 mt= 4.8   spt= 0.0   lpval= 65914.7   ub= 65929.0  
-----------------------------------------------------------------------------------------
elapsed time= 258.58 s.
-----------------------------------------------------------------------------------------
brc= 232-378
t= 0.350976 c= 63.7738 n= 1 if_b4= 0
t= 5.60544 c= 69.3009 n= 1 if_b4= 0
#########################################################################################
tree size= 2 lb= 65889.1 ub= 65929
#########################################################################################
idx= 2 value= 65889.1 enu= 1
brc= 264-365 : +
brc= 23-381 : -
brc= 185-192 : +
brc= 7-180 : -
brc= 176-199 : -
brc= 129-199 : -
brc= 71-101 : -
brc= 0-317 : +
brc= 158-295 : -
brc= 136-137 : +
brc= 45-199 : -
brc= 149-351 : +
brc= 39-308 : -
brc= 54-119 : +
brc= 275-378 : +
brc= 0-315 : -
it= 6   ncol= 3120  ncstr= 1661 mt= 2.2   spt= 0.0   lpval= 65904.9   ub= 65929.0  
-----------------------------------------------------------------------------------------
elapsed time= 269.67 s.
-----------------------------------------------------------------------------------------
delete columns= 130456 remain= 36495
 ****** Separate RCCs ****** 
 ****** Separate Rank1Cuts ****** 
it= 5   ncol= 3102  ncstr= 1462 mt= 1.0   spt= 0.0   lpval= 65910.4   ub= 65929.0  
-----------------------------------------------------------------------------------------
elapsed time= 278.09 s.
-----------------------------------------------------------------------------------------
delete columns= 17725 remain= 18770
 ****** Separate RCCs ****** 
 ****** Separate Rank1Cuts ****** 
it= 4   ncol= 3045  ncstr= 1393 mt= 0.7   spt= 0.0   lpval= 65912.8   ub= 65929.0  
-----------------------------------------------------------------------------------------
elapsed time= 282.05 s.
-----------------------------------------------------------------------------------------
columns pending deletion= 4828 remain= 18770 col ratio= 0.742781 row ratio= 0.938263
mip: row= 1307 col= 16925 density= 2.13583%
mip time= 33.51 s.
mip status= 6
update f from 0 to 16.1878
#########################################################################################
tree size= 1 lb= 65902.3 ub= 65929
#########################################################################################
idx= 3 value= 65902.3 enu= 1
brc= 264-365 : +
brc= 23-381 : -
brc= 185-192 : +
brc= 7-180 : -
brc= 176-199 : -
brc= 129-199 : -
brc= 71-101 : -
brc= 0-317 : +
brc= 158-295 : -
brc= 136-137 : +
brc= 45-199 : -
brc= 149-351 : +
brc= 39-308 : -
brc= 54-119 : +
brc= 275-378 : +
brc= 0-315 : +
brc= 232-378 : +
it= 5   ncol= 3104  ncstr= 1461 mt= 4.5   spt= 0.0   lpval= 65903.8   ub= 65929.0  
-----------------------------------------------------------------------------------------
elapsed time= 320.21 s.
-----------------------------------------------------------------------------------------
columns pending deletion= 6680 remain= 45614 col ratio= 0.853554 row ratio= 0.9295
 ****** Separate Rank1Cuts ****** 
it= 4   ncol= 3145  ncstr= 1555 mt= 0.8   spt= 0.0   lpval= 65905.0   ub= 65929.0  
-----------------------------------------------------------------------------------------
elapsed time= 324.22 s.
-----------------------------------------------------------------------------------------
columns pending deletion= 11121 remain= 45614 col ratio= 0.756193 row ratio= 0.891318
 ****** Separate RCCs ****** 
 ****** Separate Rank1Cuts ****** 
it= 4   ncol= 3176  ncstr= 1655 mt= 0.8   spt= 0.0   lpval= 65905.9   ub= 65929.0  
-----------------------------------------------------------------------------------------
elapsed time= 328.46 s.
-----------------------------------------------------------------------------------------
delete columns= 14640 remain= 30974
 ****** Separate RCCs ****** 
 ****** Separate Rank1Cuts ****** 
it= 5   ncol= 3250  ncstr= 1543 mt= 0.5   spt= 0.0   lpval= 65906.5   ub= 65929.0  
-----------------------------------------------------------------------------------------
elapsed time= 336.65 s.
-----------------------------------------------------------------------------------------
columns pending deletion= 2457 remain= 30974 col ratio= 0.920675 row ratio= 0.92871
[1;36m[REMIND] 2: gap improved= 0.600903 ratio= 0.026753 threshold= 0.040000 in function increaseCondition2 at /blue/yu.yang1/you.z/route_opt/packages/application/X-n384-k52/src/main/src/call_cutting.cpp:74[0m
 ****** Separate RCCs ****** 
 ****** Separate Rank1Cuts ****** 
it= 4   ncol= 3255  ncstr= 1657 mt= 0.5   spt= 0.0   lpval= 65907.1   ub= 65929.0  
-----------------------------------------------------------------------------------------
elapsed time= 340.00 s.
-----------------------------------------------------------------------------------------
columns pending deletion= 4111 remain= 30974 col ratio= 0.867276 row ratio= 0.882921
[1;36m[REMIND] 2: gap improved= 0.529325 ratio= 0.024135 threshold= 0.040000 in function increaseCondition2 at /blue/yu.yang1/you.z/route_opt/packages/application/X-n384-k52/src/main/src/call_cutting.cpp:74[0m
 ****** Separate Rank1Cuts ****** 
it= 3   ncol= 3279  ncstr= 1742 mt= 0.3   spt= 0.0   lpval= 65907.5   ub= 65929.0  
-----------------------------------------------------------------------------------------
elapsed time= 342.99 s.
-----------------------------------------------------------------------------------------
columns pending deletion= 5710 remain= 30974 col ratio= 0.815652 row ratio= 0.860505
[1;36m[REMIND] 2: gap improved= 0.450483 ratio= 0.020971 threshold= 0.040000 in function increaseCondition2 at /blue/yu.yang1/you.z/route_opt/packages/application/X-n384-k52/src/main/src/call_cutting.cpp:74[0m
[1;36m[REMIND] tail off counter= 3 threshold= 3 in function setIfTailOff at /blue/yu.yang1/you.z/route_opt/packages/application/X-n384-k52/src/main/src/call_cutting.cpp:150[0m
current_r_best= 3.87242
alpha= 0.37 beta= 1.36701 omega= 181.704 k1= 8
lb_k= 1 ub_k= 37
revise: lb_k= 6 ub_k= 9
opt_k= 8
alpha= 0.75 beta= 1.36701 omega= 12.3631 k1= 3
lb_k= 1 ub_k= 3
revise: lb_k= 2 ub_k= 3
opt_k= 3
pseudo= 50 frac= 50
#candidates in phase1= 8
testing lp time= 7.07 s.
-----------------------------------------------------------------------------------------
137-162 ,  62.50| 106-107 ,  32.33|  27-137 ,  25.98| 163-313 ,  18.67|  53-318 ,  17.31| 
 12-306 ,   4.25|  46-128 ,   3.69| 152-323 ,   1.27| 
-----------------------------------------------------------------------------------------
edge= 27 137 lp= 0.800085 pre= 0 lp2= 32.472 pre2= 1 score= 25.9803
-----------------------------------------------------------------------------------------
edge= 106 107 lp= 1.71288 pre= 1 lp2= 18.8717 pre2= 1 score= 32.3251
-----------------------------------------------------------------------------------------
edge= 137 162 lp= 32.472 pre= 2 lp2= 1.92486 pre2= 0 score= 62.5039
-----------------------------------------------------------------------------------------
candidate= 137-162 : -
-----------------------------------------------------------------------------------------
it= 7   ncol= 3445  ncstr= 1743 mt= 7.8   spt= 0.0   lpval= 65924.1   ub= 65929.0  
-----------------------------------------------------------------------------------------
elapsed time= 357.92 s.
-----------------------------------------------------------------------------------------
candidate= 106-107 : -
-----------------------------------------------------------------------------------------
it= 3   ncol= 3329  ncstr= 1743 mt= 5.6   spt= 0.0   lpval= 65909.0   ub= 65929.0  
-----------------------------------------------------------------------------------------
elapsed time= 363.52 s.
-----------------------------------------------------------------------------------------
brc= 137-162
t= 0.381244 c= 53.8868 n= 2 if_b4= 0
t= 5.9809 c= 56.5057 n= 2 if_b4= 0
#########################################################################################
tree size= 2 lb= 65902.3 ub= 65929
#########################################################################################
idx= 4 value= 65902.3 enu= 1
brc= 264-365 : +
brc= 23-381 : -
brc= 185-192 : +
brc= 7-180 : -
brc= 176-199 : -
brc= 129-199 : -
brc= 71-101 : -
brc= 0-317 : +
brc= 158-295 : -
brc= 136-137 : +
brc= 45-199 : -
brc= 149-351 : +
brc= 39-308 : -
brc= 54-119 : +
brc= 275-378 : +
brc= 0-315 : +
brc= 232-378 : -
it= 5   ncol= 3244  ncstr= 1461 mt= 1.6   spt= 0.0   lpval= 65914.7   ub= 65929.0  
-----------------------------------------------------------------------------------------
elapsed time= 376.55 s.
-----------------------------------------------------------------------------------------
delete columns= 35827 remain= 10387
 ****** Separate RCCs ****** 
 ****** Separate Rank1Cuts ****** 
it= 4   ncol= 2976  ncstr= 1334 mt= 0.7   spt= 0.0   lpval= 65920.2   ub= 65929.0  
-----------------------------------------------------------------------------------------
elapsed time= 380.41 s.
-----------------------------------------------------------------------------------------
delete columns= 5992 remain= 4395
mip: row= 1233 col= 7063 density= 2.30728%
mip time= 7.46 s.
mip status= 6
#########################################################################################
tree size= 1 lb= 65907.5 ub= 65929
#########################################################################################
idx= 5 value= 65907.5 enu= 1
brc= 264-365 : +
brc= 23-381 : -
brc= 185-192 : +
brc= 7-180 : -
brc= 176-199 : -
brc= 129-199 : -
brc= 71-101 : -
brc= 0-317 : +
brc= 158-295 : -
brc= 136-137 : +
brc= 45-199 : -
brc= 149-351 : +
brc= 39-308 : -
brc= 54-119 : +
brc= 275-378 : +
brc= 0-315 : +
brc= 232-378 : +
brc= 137-162 : +
it= 4   ncol= 3323  ncstr= 1742 mt= 6.2   spt= 0.0   lpval= 65909.1   ub= 65929.0  
-----------------------------------------------------------------------------------------
elapsed time= 394.15 s.
-----------------------------------------------------------------------------------------
columns pending deletion= 4244 remain= 25145 col ratio= 0.831219 row ratio= 0.823192
 ****** Separate RCCs ****** 
 ****** Separate Rank1Cuts ****** 
it= 3   ncol= 3355  ncstr= 1818 mt= 0.6   spt= 0.0   lpval= 65910.5   ub= 65929.0  
-----------------------------------------------------------------------------------------
elapsed time= 397.88 s.
-----------------------------------------------------------------------------------------
delete columns= 7239 remain= 17906
 ****** Separate Rank1Cuts ****** 
it= 3   ncol= 3342  ncstr= 1516 mt= 0.3   spt= 0.0   lpval= 65910.9   ub= 65929.0  
-----------------------------------------------------------------------------------------
elapsed time= 400.59 s.
-----------------------------------------------------------------------------------------
columns pending deletion= 1290 remain= 17906 col ratio= 0.927957 row ratio= 0.948549
[1;36m[REMIND] 2: gap improved= 0.465686 ratio= 0.025784 threshold= 0.040000 in function increaseCondition2 at /blue/yu.yang1/you.z/route_opt/packages/application/X-n384-k52/src/main/src/call_cutting.cpp:74[0m
mip: row= 1438 col= 19936 density= 2.1621%
mip time= 95.00 s.
mip status= 6
update f from 16.1878 to 18.0611
#########################################################################################
tree size= 0 lb= 65907.5 ub= 65929
#########################################################################################
idx= 6 value= 65907.5 enu= 1
brc= 264-365 : +
brc= 23-381 : -
brc= 185-192 : +
brc= 7-180 : -
brc= 176-199 : -
brc= 129-199 : -
brc= 71-101 : -
brc= 0-317 : +
brc= 158-295 : -
brc= 136-137 : +
brc= 45-199 : -
brc= 149-351 : +
brc= 39-308 : -
brc= 54-119 : +
brc= 275-378 : +
brc= 0-315 : +
brc= 232-378 : +
brc= 137-162 : -
it= 6   ncol= 3398  ncstr= 1742 mt= 3.4   spt= 0.0   lpval= 65924.1   ub= 65929.0  
-----------------------------------------------------------------------------------------
elapsed time= 499.10 s.
-----------------------------------------------------------------------------------------
delete columns= 22927 remain= 2220
 ****** Separate RCCs ****** 
 ****** Separate Rank1Cuts ****** 
it= 4   ncol= 2397  ncstr= 1414 mt= 0.8   spt= 0.0   lpval= 65935.5   ub= 65929.0  
-----------------------------------------------------------------------------------------
elapsed time= 503.33 s.
-----------------------------------------------------------------------------------------
#########################################################################################
[32m<Instance: X-n384-k52>
<Solution>
<UB= 65929>
<LB= 65929>
<Elapsed Time= 503.3>
<Nodes Explored= 7>
<Global Gap= 0%>[0m
#########################################################################################
File nodes/X-n384-k52_0_1_4_1_1_1_0_G32.node deleted successfully.
