application type: CVRP
X-n384-k52_2_2_0_0_0_1_0_0_G32.node
Set parameter ServerTimeout to value 600
Set parameter TokenServer to value "grb-ts.ufhpc"
Set parameter Threads to value 1
instance name= X-n384-k52
#########################################################################################
tree size= 0 lb= 0 ub= 65929
#########################################################################################
idx= 1 value= 65860.1 enu= 0
brc= 264-365 : -
brc= 77-229 : -
brc= 49-126 : +
brc= 180-214 : -
brc= 106-145 : -
brc= 2-264 : +
brc= 176-199 : +
brc= 157-180 : +
brc= 158-295 : +
brc= 158-202 : -
brc= 122-328 : +
brc= 298-323 : +
brc= 59-148 : +
-----------------------------------------------------------------------------------------
 ****** Pricing Level: LIGHT HEUR ****** 
it= 10  ncol= 2674  ncstr= 1359 mt= 0.6   spt= 0.7   lpval= 65861.9   ub= 65928.0  
 ****** Pricing Level: HEAVY HEUR ****** 
it= 6   ncol= 2767  ncstr= 1359 mt= 0.4   spt= 1.0   lpval= 65861.8   ub= 65928.0  
 ****** Pricing Level: EXACT ****** 
it= 4   ncol= 2889  ncstr= 1359 mt= 0.4   spt= 7.1   lpval= 65861.6   ub= 65928.0  
-----------------------------------------------------------------------------------------
elapsed time= 18.17 s.
-----------------------------------------------------------------------------------------
-----------------------------------------------------------------------------------------
 ****** Run Arc Elimination ****** 
arc elimination time= 11.59 s.
previous= 87.6106% maximum= 4.74017%
eliminate bucket arcs time= 1.24 s.
obtain jump arcs time= 0.01 s.
-----------------------------------------------------------------------------------------
-----------------------------------------------------------------------------------------
elapsed time= 31.34 s.
-----------------------------------------------------------------------------------------
-----------------------------------------------------------------------------------------
 ****** Try Enumeration ****** 
max_val= 99910 stop_b= 10 max_idx= 8 num_label= 300591 max_label_in_enumeration= 500000 q= 26.1535 aq.size()= 21 left_bin= 2 left_labels= 199409
status= LABEL_FOR_LIMIT
#labels= 300591 #routes= 98
labeling 1 time= 1.91 s.
next try value > 65871.4
-----------------------------------------------------------------------------------------
elapsed time= 33.38 s.
-----------------------------------------------------------------------------------------
 ****** Separate RCCs ****** 
 ****** Separate Rank1Cuts ****** 
-----------------------------------------------------------------------------------------
 ****** Pricing Level: LIGHT HEUR ****** 
it= 7   ncol= 3016  ncstr= 1460 mt= 0.7   spt= 0.5   lpval= 65862.9   ub= 65928.0  
 ****** Pricing Level: HEAVY HEUR ****** 
it= 5   ncol= 3081  ncstr= 1460 mt= 0.2   spt= 0.8   lpval= 65862.9   ub= 65928.0  
 ****** Pricing Level: EXACT ****** 
it= 5   ncol= 3269  ncstr= 1460 mt= 0.4   spt= 8.5   lpval= 65862.8   ub= 65928.0  
-----------------------------------------------------------------------------------------
elapsed time= 51.54 s.
-----------------------------------------------------------------------------------------
[1;36m[REMIND] 2: gap improved= 1.215113 ratio= 0.018648 threshold= 0.040000 in function increaseCondition2 at /blue/yu.yang1/you.z/route_opt/packages/application/X-n384-k52/src/main/src/call_cutting.cpp:74[0m
 ****** Separate Rank1Cuts ****** 
-----------------------------------------------------------------------------------------
 ****** Pricing Level: LIGHT HEUR ****** 
it= 5   ncol= 3352  ncstr= 1480 mt= 0.6   spt= 0.4   lpval= 65863.7   ub= 65928.0  
 ****** Pricing Level: HEAVY HEUR ****** 
it= 6   ncol= 3437  ncstr= 1480 mt= 0.4   spt= 0.9   lpval= 65863.7   ub= 65928.0  
 ****** Pricing Level: EXACT ****** 
it= 4   ncol= 3589  ncstr= 1480 mt= 0.3   spt= 6.8   lpval= 65863.6   ub= 65928.0  
-----------------------------------------------------------------------------------------
elapsed time= 67.33 s.
-----------------------------------------------------------------------------------------
[1;36m[REMIND] 2: gap improved= 0.794739 ratio= 0.012347 threshold= 0.040000 in function increaseCondition2 at /blue/yu.yang1/you.z/route_opt/packages/application/X-n384-k52/src/main/src/call_cutting.cpp:74[0m
 ****** Separate Rank1Cuts ****** 
-----------------------------------------------------------------------------------------
 ****** Pricing Level: LIGHT HEUR ****** 
it= 5   ncol= 3637  ncstr= 1545 mt= 0.7   spt= 0.4   lpval= 65864.8   ub= 65928.0  
 ****** Pricing Level: HEAVY HEUR ****** 
it= 5   ncol= 3706  ncstr= 1545 mt= 0.4   spt= 0.8   lpval= 65864.8   ub= 65928.0  
 ****** Pricing Level: EXACT ****** 
it= 4   ncol= 3810  ncstr= 1545 mt= 0.6   spt= 6.9   lpval= 65864.7   ub= 65928.0  
-----------------------------------------------------------------------------------------
elapsed time= 87.55 s.
-----------------------------------------------------------------------------------------
[1;36m[REMIND] 2: gap improved= 1.024721 ratio= 0.016178 threshold= 0.040000 in function increaseCondition2 at /blue/yu.yang1/you.z/route_opt/packages/application/X-n384-k52/src/main/src/call_cutting.cpp:74[0m
[1;36m[REMIND] tail off counter= 3 threshold= 3 in function setIfTailOff at /blue/yu.yang1/you.z/route_opt/packages/application/X-n384-k52/src/main/src/call_cutting.cpp:150[0m
[1;36m[REMIND] opt_k not found for node 1, use m directly in function getOptK at /blue/yu.yang1/you.z/route_opt/packages/branching/bkf/include/bkf_controller.hpp:239[0m
current_r_best= 3.31356
we directly test 100
we directly test 4
pseudo= 50 frac= 50
#candidates in phase1= 100
testing lp time= 45.86 s.
-----------------------------------------------------------------------------------------
214-366 ,  23.13|   0-327 ,  21.01| 180-366 ,  20.14| 246-331 ,  16.56|   0-164 ,  15.88| 
175-215 ,  15.06| 251-330 ,  14.76| 145-232 ,  13.81| 107-262 ,  13.36| 224-231 ,  12.97| 
  0-299 ,  12.92| 252-293 ,  12.47| 253-255 ,  11.81| 185-192 ,  11.78| 252-284 ,  11.56| 
  9-252 ,  11.51|  90-342 ,  10.98| 305-366 ,  10.78|   0-231 ,  10.65|  54-119 ,  10.34| 
 77-244 ,  10.22| 157-370 ,  10.18|  97-126 ,  10.13| 175-375 ,  10.12| 243-317 ,  10.00| 
  0-305 ,   9.92|   0-375 ,   9.90|  29-345 ,   9.83|   0-49  ,   9.80|  47-90  ,   9.72| 
270-298 ,   9.68|   0-289 ,   9.49| 201-230 ,   9.10|   3-127 ,   8.66| 308-376 ,   8.46| 
 30-289 ,   8.33| 215-231 ,   8.13| 356-376 ,   8.05|  42-307 ,   7.94|  44-325 ,   7.88| 
 57-230 ,   7.74| 315-370 ,   7.73|  98-355 ,   7.62|   0-330 ,   7.41|  27-244 ,   7.25| 
182-240 ,   7.09| 109-146 ,   7.09| 314-374 ,   6.97|  75-158 ,   6.88|  72-158 ,   6.85| 
 86-285 ,   6.72|   0-107 ,   6.58|  45-307 ,   6.50|   0-270 ,   6.20| 222-330 ,   6.18| 
227-376 ,   6.10| 237-288 ,   6.09|   0-355 ,   6.00|  19-126 ,   5.86|   0-171 ,   5.74| 
271-350 ,   5.74| 284-295 ,   5.52|  85-228 ,   5.36|   0-291 ,   5.23|  31-145 ,   5.14| 
170-238 ,   4.55|   0-278 ,   4.25|  91-355 ,   4.14|  11-275 ,   3.90| 245-345 ,   3.86| 
  0-97  ,   3.70|  10-64  ,   3.69|  21-238 ,   3.63|   0-29  ,   3.55|   0-88  ,   3.51| 
123-258 ,   3.51|   0-146 ,   3.46| 182-275 ,   3.19| 120-128 ,   3.08|  14-380 ,   3.04| 
172-376 ,   3.01|   0-324 ,   2.93| 281-339 ,   2.74|  15-375 ,   2.72|   0-6   ,   2.69| 
252-379 ,   2.64|   0-52  ,   2.47| 155-190 ,   2.28| 341-345 ,   2.24| 282-348 ,   1.93| 
165-228 ,   1.89|  74-142 ,   1.83|   0-21  ,   1.70|  29-125 ,   1.02| 253-290 ,   0.97| 
  0-61  ,   0.85|  61-249 ,   0.77|  66-95  ,   0.59|   0-273 ,   0.59| 160-273 ,   0.59| 
-----------------------------------------------------------------------------------------
edge= 246 331 lp= 1.2839 pre= 2 lp2= 12.8988 pre2= 2 score= 16.5608
-----------------------------------------------------------------------------------------
edge= 180 366 lp= 4.98773 pre= 0 lp2= 4.0383 pre2= 0 score= 20.1419
-----------------------------------------------------------------------------------------
edge= 0 327 lp= 1.36925 pre= 2 lp2= 15.3415 pre2= 2 score= 21.0063
-----------------------------------------------------------------------------------------
edge= 214 366 lp= 1.84568 pre= 0 lp2= 12.5313 pre2= 0 score= 23.1287
-----------------------------------------------------------------------------------------
brc= 214-366
t= 0.229283 c= 82.9013 n= 0 if_b4= 1
t= 0 c= 105.83 n= 0 if_b4= 1
nodes already exists
memory usage= 14GB.
#########################################################################################
tree size= 0 lb= 65864.7 ub= 65928
#########################################################################################
idx= 2 value= 65864.7 enu= 0
brc= 264-365 : -
brc= 77-229 : -
brc= 49-126 : +
brc= 180-214 : -
brc= 106-145 : -
brc= 2-264 : +
brc= 176-199 : +
brc= 157-180 : +
brc= 158-295 : +
brc= 158-202 : -
brc= 122-328 : +
brc= 298-323 : +
brc= 59-148 : +
brc= 214-366 : -
-----------------------------------------------------------------------------------------
 ****** Pricing Level: LIGHT HEUR ****** 
it= 2   ncol= 2537  ncstr= 1366 mt= 0.4   spt= 0.1   lpval= 65866.5   ub= 65928.0  
 ****** Pricing Level: HEAVY HEUR ****** 
it= 4   ncol= 2581  ncstr= 1366 mt= 0.4   spt= 0.6   lpval= 65866.3   ub= 65928.0  
 ****** Pricing Level: EXACT ****** 
it= 3   ncol= 2643  ncstr= 1366 mt= 0.4   spt= 5.0   lpval= 65865.7   ub= 65928.0  
-----------------------------------------------------------------------------------------
elapsed time= 142.95 s.
-----------------------------------------------------------------------------------------
 ****** Separate Rank1Cuts ****** 
-----------------------------------------------------------------------------------------
 ****** Pricing Level: LIGHT HEUR ****** 
it= 3   ncol= 2677  ncstr= 1463 mt= 0.5   spt= 0.2   lpval= 65868.0   ub= 65928.0  
 ****** Pricing Level: HEAVY HEUR ****** 
it= 5   ncol= 2735  ncstr= 1463 mt= 0.6   spt= 0.8   lpval= 65867.8   ub= 65928.0  
 ****** Pricing Level: EXACT ****** 
it= 4   ncol= 2846  ncstr= 1463 mt= 0.5   spt= 6.8   lpval= 65867.7   ub= 65928.0  
-----------------------------------------------------------------------------------------
elapsed time= 158.04 s.
-----------------------------------------------------------------------------------------
-----------------------------------------------------------------------------------------
 ****** Run Arc Elimination ****** 
arc elimination time= 8.22 s.
previous= 91.0431% maximum= 4.31464%
eliminate bucket arcs time= 1.12 s.
obtain jump arcs time= 0.01 s.
-----------------------------------------------------------------------------------------
-----------------------------------------------------------------------------------------
elapsed time= 167.46 s.
-----------------------------------------------------------------------------------------
[1;36m[REMIND] 2: gap improved= 1.966111 ratio= 0.032601 threshold= 0.040000 in function increaseCondition2 at /blue/yu.yang1/you.z/route_opt/packages/application/X-n384-k52/src/main/src/call_cutting.cpp:74[0m
 ****** Separate RCCs ****** 
 ****** Separate Rank1Cuts ****** 
-----------------------------------------------------------------------------------------
 ****** Pricing Level: LIGHT HEUR ****** 
it= 3   ncol= 2876  ncstr= 1470 mt= 0.5   spt= 0.3   lpval= 65868.8   ub= 65928.0  
 ****** Pricing Level: HEAVY HEUR ****** 
it= 5   ncol= 2932  ncstr= 1470 mt= 0.5   spt= 0.7   lpval= 65868.7   ub= 65928.0  
 ****** Pricing Level: EXACT ****** 
it= 5   ncol= 3021  ncstr= 1470 mt= 0.5   spt= 8.8   lpval= 65868.7   ub= 65928.0  
-----------------------------------------------------------------------------------------
elapsed time= 188.24 s.
-----------------------------------------------------------------------------------------
[1;36m[REMIND] 2: gap improved= 0.969711 ratio= 0.016342 threshold= 0.040000 in function increaseCondition2 at /blue/yu.yang1/you.z/route_opt/packages/application/X-n384-k52/src/main/src/call_cutting.cpp:74[0m
 ****** Separate Rank1Cuts ****** 
-----------------------------------------------------------------------------------------
 ****** Pricing Level: LIGHT HEUR ****** 
it= 8   ncol= 3129  ncstr= 1560 mt= 0.8   spt= 0.6   lpval= 65869.4   ub= 65928.0  
 ****** Pricing Level: HEAVY HEUR ****** 
it= 4   ncol= 3163  ncstr= 1560 mt= 0.3   spt= 0.6   lpval= 65869.4   ub= 65928.0  
 ****** Pricing Level: EXACT ****** 
it= 5   ncol= 3377  ncstr= 1560 mt= 0.4   spt= 8.9   lpval= 65869.4   ub= 65928.0  
-----------------------------------------------------------------------------------------
elapsed time= 207.57 s.
-----------------------------------------------------------------------------------------
[1;36m[REMIND] 2: gap improved= 0.728684 ratio= 0.012433 threshold= 0.040000 in function increaseCondition2 at /blue/yu.yang1/you.z/route_opt/packages/application/X-n384-k52/src/main/src/call_cutting.cpp:74[0m
[1;36m[REMIND] tail off counter= 3 threshold= 3 in function setIfTailOff at /blue/yu.yang1/you.z/route_opt/packages/application/X-n384-k52/src/main/src/call_cutting.cpp:150[0m
current_r_best= 3.42002
pseudo= 50 frac= 50
#candidates in phase1= 37
testing lp time= 17.41 s.
-----------------------------------------------------------------------------------------
107-262 ,  22.36|   0-299 ,  18.93|  47-90  ,  17.89| 224-231 ,  14.40| 185-192 ,  14.07| 
136-229 ,  12.77| 145-232 ,  11.96| 252-284 ,  10.79|   7-171 ,  10.76| 182-240 ,  10.63| 
 70-115 ,   9.10|  68-289 ,   9.02| 243-317 ,   8.66| 175-375 ,   8.61| 163-224 ,   7.33| 
 75-158 ,   6.88|  31-145 ,   6.43| 248-289 ,   6.23| 198-224 ,   6.03| 108-285 ,   5.76| 
109-146 ,   5.42| 237-278 ,   5.09| 212-285 ,   5.09| 191-373 ,   4.86| 265-381 ,   4.79| 
222-330 ,   4.79|  23-381 ,   4.47|  11-275 ,   4.38|  47-118 ,   4.21|  50-289 ,   4.05| 
284-379 ,   3.06|  69-208 ,   2.93| 104-227 ,   1.99| 365-381 ,   1.37|  35-294 ,   1.03| 
131-381 ,   1.02| 160-183 ,   0.02| 
-----------------------------------------------------------------------------------------
edge= 47 90 lp= 0.714241 pre= 2 lp2= 25.0424 pre2= 2 score= 17.8864
-----------------------------------------------------------------------------------------
edge= 0 299 lp= 2.87383 pre= 2 lp2= 6.58802 pre2= 2 score= 18.9328
-----------------------------------------------------------------------------------------
edge= 107 262 lp= 12.6965 pre= 2 lp2= 1.76138 pre2= 2 score= 22.3633
-----------------------------------------------------------------------------------------
candidate= 107-262 : -
-----------------------------------------------------------------------------------------
-----------------------------------------------------------------------------------------
 ****** Pricing Level: LIGHT HEUR ****** 
it= 6   ncol= 2341  ncstr= 1408 mt= 0.9   spt= 0.5   lpval= 65881.7   ub= 65928.0  
 ****** Pricing Level: HEAVY HEUR ****** 
it= 8   ncol= 2490  ncstr= 1408 mt= 1.7   spt= 1.2   lpval= 65879.4   ub= 65928.0  
-----------------------------------------------------------------------------------------
elapsed time= 231.79 s.
-----------------------------------------------------------------------------------------
candidate= 0-299 : -
-----------------------------------------------------------------------------------------
-----------------------------------------------------------------------------------------
 ****** Pricing Level: LIGHT HEUR ****** 
it= 3   ncol= 2306  ncstr= 1408 mt= 0.7   spt= 0.2   lpval= 65872.1   ub= 65928.0  
 ****** Pricing Level: HEAVY HEUR ****** 
it= 6   ncol= 2390  ncstr= 1408 mt= 0.7   spt= 0.9   lpval= 65871.9   ub= 65928.0  
-----------------------------------------------------------------------------------------
elapsed time= 235.73 s.
-----------------------------------------------------------------------------------------
candidate= 47-90 : -
-----------------------------------------------------------------------------------------
-----------------------------------------------------------------------------------------
 ****** Pricing Level: LIGHT HEUR ****** 
it= 3   ncol= 2298  ncstr= 1408 mt= 0.4   spt= 0.2   lpval= 65870.1   ub= 65928.0  
 ****** Pricing Level: HEAVY HEUR ****** 
it= 5   ncol= 2354  ncstr= 1408 mt= 0.3   spt= 0.8   lpval= 65870.0   ub= 65928.0  
-----------------------------------------------------------------------------------------
elapsed time= 238.65 s.
-----------------------------------------------------------------------------------------
candidate= 107-262 : +
-----------------------------------------------------------------------------------------
-----------------------------------------------------------------------------------------
 ****** Pricing Level: LIGHT HEUR ****** 
it= 6   ncol= 2348  ncstr= 1408 mt= 0.6   spt= 0.5   lpval= 65871.1   ub= 65928.0  
 ****** Pricing Level: HEAVY HEUR ****** 
it= 7   ncol= 2469  ncstr= 1408 mt= 0.9   spt= 1.1   lpval= 65870.7   ub= 65928.0  
-----------------------------------------------------------------------------------------
elapsed time= 244.32 s.
-----------------------------------------------------------------------------------------
candidate= 0-299 : +
-----------------------------------------------------------------------------------------
-----------------------------------------------------------------------------------------
 ****** Pricing Level: LIGHT HEUR ****** 
it= 7   ncol= 2368  ncstr= 1408 mt= 0.9   spt= 0.5   lpval= 65875.6   ub= 65928.0  
 ****** Pricing Level: HEAVY HEUR ****** 
it= 7   ncol= 2480  ncstr= 1408 mt= 1.1   spt= 1.0   lpval= 65874.4   ub= 65928.0  
-----------------------------------------------------------------------------------------
elapsed time= 250.38 s.
-----------------------------------------------------------------------------------------
candidate= 47-90 : +
-----------------------------------------------------------------------------------------
-----------------------------------------------------------------------------------------
 ****** Pricing Level: LIGHT HEUR ****** 
it= 11  ncol= 2474  ncstr= 1408 mt= 3.0   spt= 0.7   lpval= 65888.8   ub= 65928.0  
 ****** Pricing Level: HEAVY HEUR ****** 
it= 12  ncol= 2715  ncstr= 1408 mt= 2.2   spt= 1.7   lpval= 65883.5   ub= 65928.0  
-----------------------------------------------------------------------------------------
elapsed time= 261.71 s.
-----------------------------------------------------------------------------------------
brc= 107-262
t= 0.232293 c= 87.1164 n= 1 if_b4= 1
t= 3.05579 c= 93.7662 n= 1 if_b4= 1
nodes already exists
memory usage= 14GB.
#########################################################################################
tree size= 0 lb= 65869.4 ub= 65928
#########################################################################################
idx= 4 value= 65869.4 enu= 0
brc= 264-365 : -
brc= 77-229 : -
brc= 49-126 : +
brc= 180-214 : -
brc= 106-145 : -
brc= 2-264 : +
brc= 176-199 : +
brc= 157-180 : +
brc= 158-295 : +
brc= 158-202 : -
brc= 122-328 : +
brc= 298-323 : +
brc= 59-148 : +
brc= 214-366 : -
brc= 107-262 : -
-----------------------------------------------------------------------------------------
 ****** Pricing Level: LIGHT HEUR ****** 
it= 6   ncol= 2339  ncstr= 1407 mt= 0.9   spt= 0.4   lpval= 65881.7   ub= 65928.0  
 ****** Pricing Level: HEAVY HEUR ****** 
it= 7   ncol= 2461  ncstr= 1407 mt= 1.3   spt= 1.0   lpval= 65879.1   ub= 65928.0  
 ****** Pricing Level: EXACT ****** 
it= 5   ncol= 2619  ncstr= 1407 mt= 0.5   spt= 8.2   lpval= 65878.9   ub= 65928.0  
-----------------------------------------------------------------------------------------
elapsed time= 278.10 s.
-----------------------------------------------------------------------------------------
-----------------------------------------------------------------------------------------
 ****** Run Arc Elimination ****** 
arc elimination time= 5.16 s.
previous= 81.4391% maximum= 3.51295%
eliminate bucket arcs time= 0.99 s.
obtain jump arcs time= 0.01 s.
-----------------------------------------------------------------------------------------
-----------------------------------------------------------------------------------------
elapsed time= 284.35 s.
-----------------------------------------------------------------------------------------
-----------------------------------------------------------------------------------------
 ****** Try Enumeration ****** 
#labels= 204348 #routes= 58
labeling 1 time= 1.09 s.
concatenate time= 2.53 s.
#routes= 402794
average gap of successful enumeration= 0.000730283
next try value > 65862.7
-----------------------------------------------------------------------------------------
elapsed time= 288.19 s.
-----------------------------------------------------------------------------------------
 ****** Process Enumeration Matrix ****** 
delete non-ele routes lp val= 65878.9
recover rank1c lp val= 65879
recover rcc lp val= 65879
obtain rcc coefficient time= 0.01 s.
obtain r1c coefficient time= 0.58 s.
obtain matrix from triplets time= 0.35 s.
delete columns by branch time= 0.00 s.
columns pending deletion= 7521 remain= 402794 col ratio= 0.981328 row ratio= 1
regenerate enumeration matrix time= 0.00 s.
-----------------------------------------------------------------------------------------
elapsed time= 303.45 s.
-----------------------------------------------------------------------------------------
it= 6   ncol= 2529  ncstr= 1328 mt= 0.2   spt= 0.1   lpval= 65879.0   ub= 65928.0  
-----------------------------------------------------------------------------------------
elapsed time= 303.89 s.
-----------------------------------------------------------------------------------------
columns pending deletion= 60137 remain= 402794 col ratio= 0.8507 row ratio= 0.905873
 ****** Separate RCCs ****** 
 ****** Separate Rank1Cuts ****** 
it= 4   ncol= 2587  ncstr= 1428 mt= 0.9   spt= 0.1   lpval= 65883.1   ub= 65928.0  
-----------------------------------------------------------------------------------------
elapsed time= 308.67 s.
-----------------------------------------------------------------------------------------
delete columns= 146712 remain= 256082
 ****** Separate Rank1Cuts ****** 
it= 4   ncol= 2650  ncstr= 1363 mt= 0.4   spt= 0.1   lpval= 65884.7   ub= 65928.0  
-----------------------------------------------------------------------------------------
elapsed time= 312.38 s.
-----------------------------------------------------------------------------------------
columns pending deletion= 36305 remain= 256082 col ratio= 0.858229 row ratio= 0.934703
[1;36m[REMIND] 2: gap improved= 1.650247 ratio= 0.038125 threshold= 0.040000 in function increaseCondition2 at /blue/yu.yang1/you.z/route_opt/packages/application/X-n384-k52/src/main/src/call_cutting.cpp:74[0m
 ****** Separate Rank1Cuts ****** 
it= 5   ncol= 2721  ncstr= 1470 mt= 0.7   spt= 0.1   lpval= 65886.2   ub= 65928.0  
-----------------------------------------------------------------------------------------
elapsed time= 316.05 s.
-----------------------------------------------------------------------------------------
columns pending deletion= 60981 remain= 256082 col ratio= 0.761869 row ratio= 0.894558
[1;36m[REMIND] 2: gap improved= 1.488937 ratio= 0.035624 threshold= 0.040000 in function increaseCondition2 at /blue/yu.yang1/you.z/route_opt/packages/application/X-n384-k52/src/main/src/call_cutting.cpp:74[0m
 ****** Separate Rank1Cuts ****** 
it= 3   ncol= 2772  ncstr= 1578 mt= 0.4   spt= 0.0   lpval= 65887.5   ub= 65928.0  
-----------------------------------------------------------------------------------------
elapsed time= 319.89 s.
-----------------------------------------------------------------------------------------
delete columns= 81123 remain= 174959
[1;36m[REMIND] 2: gap improved= 1.294922 ratio= 0.031973 threshold= 0.040000 in function increaseCondition2 at /blue/yu.yang1/you.z/route_opt/packages/application/X-n384-k52/src/main/src/call_cutting.cpp:74[0m
[1;36m[REMIND] tail off counter= 3 threshold= 3 in function setIfTailOff at /blue/yu.yang1/you.z/route_opt/packages/application/X-n384-k52/src/main/src/call_cutting.cpp:150[0m
current_r_best= 13.1663
pseudo= 50 frac= 50
#candidates in phase1= 37
testing lp time= 19.54 s.
-----------------------------------------------------------------------------------------
252-284 ,  12.67| 185-192 ,  11.27|  29-345 ,  11.02| 243-317 ,  10.53|  72-158 ,  10.01| 
168-327 ,   8.46| 284-295 ,   8.30|   9-188 ,   8.05| 252-293 ,   7.48| 262-328 ,   7.14| 
202-328 ,   7.08| 305-366 ,   7.05| 107-202 ,   6.79| 214-305 ,   6.67| 175-375 ,   6.11| 
  0-330 ,   5.77| 265-365 ,   5.71|  31-145 ,   5.61| 107-360 ,   5.50|  11-358 ,   5.30| 
300-324 ,   5.25| 107-182 ,   5.23| 107-275 ,   5.16|  23-381 ,   5.16|  90-325 ,   4.63| 
212-277 ,   4.57| 271-350 ,   4.54|  14-380 ,   4.33| 162-214 ,   2.40|  55-225 ,   2.25| 
  0-214 ,   2.18| 214-315 ,   2.12|  35-108 ,   1.90|  49-141 ,   1.87| 219-285 ,   1.56| 
 50-162 ,   1.47|   3-247 ,   1.25| 
-----------------------------------------------------------------------------------------
edge= 29 345 lp= 0.9143 pre= 2 lp2= 12.0499 pre2= 2 score= 11.0172
-----------------------------------------------------------------------------------------
edge= 185 192 lp= 1.44626 pre= 2 lp2= 7.79591 pre2= 2 score= 11.2749
-----------------------------------------------------------------------------------------
edge= 252 284 lp= 6.74068 pre= 2 lp2= 1.87943 pre2= 2 score= 12.6686
-----------------------------------------------------------------------------------------
candidate= 252-284 : -
-----------------------------------------------------------------------------------------
it= 5   ncol= 2891  ncstr= 1341 mt= 3.8   spt= 0.0   lpval= 65893.1   ub= 65928.0  
-----------------------------------------------------------------------------------------
elapsed time= 347.39 s.
-----------------------------------------------------------------------------------------
candidate= 185-192 : -
-----------------------------------------------------------------------------------------
it= 3   ncol= 2831  ncstr= 1341 mt= 3.3   spt= 0.0   lpval= 65888.8   ub= 65928.0  
-----------------------------------------------------------------------------------------
elapsed time= 350.72 s.
-----------------------------------------------------------------------------------------
candidate= 29-345 : -
-----------------------------------------------------------------------------------------
it= 3   ncol= 2799  ncstr= 1341 mt= 3.3   spt= 0.0   lpval= 65888.3   ub= 65928.0  
-----------------------------------------------------------------------------------------
elapsed time= 354.04 s.
-----------------------------------------------------------------------------------------
candidate= 252-284 : +
-----------------------------------------------------------------------------------------
it= 4   ncol= 2830  ncstr= 1341 mt= 3.5   spt= 0.0   lpval= 65889.1   ub= 65928.0  
-----------------------------------------------------------------------------------------
elapsed time= 357.57 s.
-----------------------------------------------------------------------------------------
candidate= 185-192 : +
-----------------------------------------------------------------------------------------
it= 4   ncol= 2867  ncstr= 1341 mt= 4.0   spt= 0.0   lpval= 65892.5   ub= 65928.0  
-----------------------------------------------------------------------------------------
elapsed time= 361.62 s.
-----------------------------------------------------------------------------------------
candidate= 29-345 : +
-----------------------------------------------------------------------------------------
it= 7   ncol= 2967  ncstr= 1341 mt= 4.5   spt= 0.0   lpval= 65892.1   ub= 65928.0  
-----------------------------------------------------------------------------------------
elapsed time= 366.16 s.
-----------------------------------------------------------------------------------------
brc= 252-284
t= 0.264059 c= 72.4601 n= 0 if_b4= 0
t= 3.77748 c= 70.8978 n= 0 if_b4= 0
#########################################################################################
tree size= 1 lb= 65887.5 ub= 65928
#########################################################################################
idx= 5 value= 65887.5 enu= 1
brc= 264-365 : -
brc= 77-229 : -
brc= 49-126 : +
brc= 180-214 : -
brc= 106-145 : -
brc= 2-264 : +
brc= 176-199 : +
brc= 157-180 : +
brc= 158-295 : +
brc= 158-202 : -
brc= 122-328 : +
brc= 298-323 : +
brc= 59-148 : +
brc= 214-366 : -
brc= 107-262 : -
brc= 252-284 : +
it= 4   ncol= 2802  ncstr= 1340 mt= 3.4   spt= 0.0   lpval= 65889.1   ub= 65928.0  
-----------------------------------------------------------------------------------------
elapsed time= 376.89 s.
-----------------------------------------------------------------------------------------
columns pending deletion= 25225 remain= 172928 col ratio= 0.85413 row ratio= 0.950746
 ****** Separate Rank1Cuts ****** 
it= 4   ncol= 2838  ncstr= 1435 mt= 0.5   spt= 0.0   lpval= 65890.3   ub= 65928.0  
-----------------------------------------------------------------------------------------
elapsed time= 380.51 s.
-----------------------------------------------------------------------------------------
columns pending deletion= 39542 remain= 172928 col ratio= 0.771338 row ratio= 0.914983
[1;36m[REMIND] 2: gap improved= 1.233270 ratio= 0.032745 threshold= 0.040000 in function increaseCondition2 at /blue/yu.yang1/you.z/route_opt/packages/application/X-n384-k52/src/main/src/call_cutting.cpp:74[0m
 ****** Separate Rank1Cuts ****** 
it= 3   ncol= 2876  ncstr= 1514 mt= 0.3   spt= 0.0   lpval= 65891.4   ub= 65928.0  
-----------------------------------------------------------------------------------------
elapsed time= 383.69 s.
-----------------------------------------------------------------------------------------
columns pending deletion= 50619 remain= 172928 col ratio= 0.707283 row ratio= 0.892338
[1;36m[REMIND] 2: gap improved= 1.013741 ratio= 0.027660 threshold= 0.040000 in function increaseCondition2 at /blue/yu.yang1/you.z/route_opt/packages/application/X-n384-k52/src/main/src/call_cutting.cpp:74[0m
 ****** Separate Rank1Cuts ****** 
it= 3   ncol= 2926  ncstr= 1594 mt= 0.4   spt= 0.0   lpval= 65892.2   ub= 65928.0  
-----------------------------------------------------------------------------------------
elapsed time= 387.11 s.
-----------------------------------------------------------------------------------------
delete columns= 59879 remain= 113049
[1;36m[REMIND] 2: gap improved= 0.887706 ratio= 0.024823 threshold= 0.040000 in function increaseCondition2 at /blue/yu.yang1/you.z/route_opt/packages/application/X-n384-k52/src/main/src/call_cutting.cpp:74[0m
[1;36m[REMIND] tail off counter= 3 threshold= 3 in function setIfTailOff at /blue/yu.yang1/you.z/route_opt/packages/application/X-n384-k52/src/main/src/call_cutting.cpp:150[0m
current_r_best= 3.44589
alpha= 0.37 beta= 10.3781 omega= 274.409 k1= 28
lb_k= 1 ub_k= 37
revise: lb_k= 22 ub_k= 35
opt_k= 29
alpha= 0.75 beta= 10.3781 omega= 18.7685 k1= 3
lb_k= 1 ub_k= 3
revise: lb_k= 1 ub_k= 3
opt_k= 3
pseudo= 50 frac= 50
#candidates in phase1= 29
testing lp time= 16.40 s.
-----------------------------------------------------------------------------------------
  1-357 ,  28.73| 154-248 ,  17.75| 252-293 ,  15.90| 149-351 ,  12.19| 243-317 ,  11.38| 
  9-188 ,   8.04|   9-86  ,   7.65| 262-328 ,   7.42|  72-240 ,   7.18| 224-231 ,   6.89| 
164-168 ,   6.43|   0-330 ,   5.83| 175-375 ,   5.39| 109-146 ,   5.26|  41-215 ,   5.01| 
 13-204 ,   4.77| 321-363 ,   4.56| 145-192 ,   3.96| 271-350 ,   3.92| 118-272 ,   3.61| 
188-337 ,   3.47| 235-272 ,   2.93|  48-115 ,   1.98|  23-131 ,   1.86|  75-123 ,   1.69| 
266-290 ,   1.23|  70-219 ,   0.75|  85-210 ,   0.69|   0-160 ,   0.50| 
-----------------------------------------------------------------------------------------
edge= 252 293 lp= 7.84825 pre= 2 lp2= 2.02568 pre2= 2 score= 15.8981
-----------------------------------------------------------------------------------------
edge= 154 248 lp= 2.51354 pre= 2 lp2= 7.06258 pre2= 2 score= 17.752
-----------------------------------------------------------------------------------------
edge= 1 357 lp= 24.2374 pre= 2 lp2= 1.18541 pre2= 2 score= 28.7313
-----------------------------------------------------------------------------------------
candidate= 1-357 : -
-----------------------------------------------------------------------------------------
it= 7   ncol= 3174  ncstr= 1388 mt= 5.0   spt= 0.0   lpval= 65908.6   ub= 65928.0  
-----------------------------------------------------------------------------------------
elapsed time= 413.20 s.
-----------------------------------------------------------------------------------------
candidate= 1-357 : +
-----------------------------------------------------------------------------------------
it= 6   ncol= 3031  ncstr= 1388 mt= 4.0   spt= 0.0   lpval= 65893.3   ub= 65928.0  
-----------------------------------------------------------------------------------------
elapsed time= 417.28 s.
-----------------------------------------------------------------------------------------
candidate= 154-248 : -
-----------------------------------------------------------------------------------------
it= 4   ncol= 2988  ncstr= 1388 mt= 3.8   spt= 0.0   lpval= 65894.5   ub= 65928.0  
-----------------------------------------------------------------------------------------
elapsed time= 421.15 s.
-----------------------------------------------------------------------------------------
brc= 1-357
t= 0.273402 c= 48.6633 n= 1 if_b4= 0
t= 4.05608 c= 48.731 n= 1 if_b4= 0
#########################################################################################
tree size= 2 lb= 65887.5 ub= 65928
#########################################################################################
idx= 6 value= 65887.5 enu= 1
brc= 264-365 : -
brc= 77-229 : -
brc= 49-126 : +
brc= 180-214 : -
brc= 106-145 : -
brc= 2-264 : +
brc= 176-199 : +
brc= 157-180 : +
brc= 158-295 : +
brc= 158-202 : -
brc= 122-328 : +
brc= 298-323 : +
brc= 59-148 : +
brc= 214-366 : -
brc= 107-262 : -
brc= 252-284 : -
it= 6   ncol= 2812  ncstr= 1340 mt= 1.2   spt= 0.0   lpval= 65893.1   ub= 65928.0  
-----------------------------------------------------------------------------------------
elapsed time= 430.71 s.
-----------------------------------------------------------------------------------------
delete columns= 69942 remain= 101689
 ****** Separate Rank1Cuts ****** 
it= 5   ncol= 2877  ncstr= 1315 mt= 0.6   spt= 0.0   lpval= 65895.6   ub= 65928.0  
-----------------------------------------------------------------------------------------
elapsed time= 434.65 s.
-----------------------------------------------------------------------------------------
columns pending deletion= 22973 remain= 101689 col ratio= 0.774086 row ratio= 0.942205
 ****** Separate Rank1Cuts ****** 
it= 4   ncol= 2939  ncstr= 1439 mt= 0.4   spt= 0.0   lpval= 65897.7   ub= 65928.0  
-----------------------------------------------------------------------------------------
elapsed time= 438.16 s.
-----------------------------------------------------------------------------------------
delete columns= 37555 remain= 64134
 ****** Separate Rank1Cuts ****** 
it= 4   ncol= 3002  ncstr= 1379 mt= 0.4   spt= 0.0   lpval= 65898.5   ub= 65928.0  
-----------------------------------------------------------------------------------------
elapsed time= 441.45 s.
-----------------------------------------------------------------------------------------
columns pending deletion= 5701 remain= 64134 col ratio= 0.911108 row ratio= 0.93401
[1;36m[REMIND] 2: gap improved= 0.790926 ratio= 0.026790 threshold= 0.040000 in function increaseCondition2 at /blue/yu.yang1/you.z/route_opt/packages/application/X-n384-k52/src/main/src/call_cutting.cpp:74[0m
 ****** Separate Rank1Cuts ****** 
it= 3   ncol= 3059  ncstr= 1494 mt= 0.5   spt= 0.0   lpval= 65899.4   ub= 65928.0  
-----------------------------------------------------------------------------------------
elapsed time= 444.96 s.
-----------------------------------------------------------------------------------------
columns pending deletion= 11168 remain= 64134 col ratio= 0.825865 row ratio= 0.884873
[1;36m[REMIND] 2: gap improved= 0.877851 ratio= 0.030646 threshold= 0.040000 in function increaseCondition2 at /blue/yu.yang1/you.z/route_opt/packages/application/X-n384-k52/src/main/src/call_cutting.cpp:74[0m
 ****** Separate Rank1Cuts ****** 
it= 3   ncol= 3101  ncstr= 1603 mt= 0.4   spt= 0.0   lpval= 65900.0   ub= 65928.0  
-----------------------------------------------------------------------------------------
elapsed time= 448.13 s.
-----------------------------------------------------------------------------------------
columns pending deletion= 15234 remain= 64134 col ratio= 0.762466 row ratio= 0.850905
[1;36m[REMIND] 2: gap improved= 0.667111 ratio= 0.023844 threshold= 0.040000 in function increaseCondition2 at /blue/yu.yang1/you.z/route_opt/packages/application/X-n384-k52/src/main/src/call_cutting.cpp:74[0m
[1;36m[REMIND] tail off counter= 3 threshold= 3 in function setIfTailOff at /blue/yu.yang1/you.z/route_opt/packages/application/X-n384-k52/src/main/src/call_cutting.cpp:150[0m
current_r_best= 5.60137
alpha= 0.37 beta= 4.99488 omega= 177.992 k1= 15
lb_k= 1 ub_k= 37
revise: lb_k= 12 ub_k= 19
opt_k= 16
alpha= 0.75 beta= 4.99488 omega= 12.0143 k1= 3
lb_k= 1 ub_k= 3
revise: lb_k= 1 ub_k= 3
opt_k= 3
pseudo= 50 frac= 50
#candidates in phase1= 16
testing lp time= 11.98 s.
-----------------------------------------------------------------------------------------
119-302 ,  32.94|   1-357 ,  29.48|   1-260 ,  28.20| 163-231 ,  26.17| 229-289 ,  16.20| 
212-252 ,  11.66|  16-278 ,   8.62| 243-317 ,   7.55| 175-375 ,   7.50|  11-132 ,   6.16| 
109-146 ,   5.88|  64-285 ,   5.21| 182-262 ,   4.56| 271-350 ,   4.31|  11-31  ,   4.28| 
 72-107 ,   3.37| 
-----------------------------------------------------------------------------------------
edge= 1 260 lp= 1.04484 pre= 2 lp2= 26.9914 pre2= 2 score= 28.2018
-----------------------------------------------------------------------------------------
edge= 1 357 lp= 23.1225 pre= 2 lp2= 1.27487 pre2= 0 score= 29.478
-----------------------------------------------------------------------------------------
edge= 119 302 lp= 1.22049 pre= 2 lp2= 26.9914 pre2= 2 score= 32.9427
-----------------------------------------------------------------------------------------
candidate= 119-302 : -
-----------------------------------------------------------------------------------------
it= 4   ncol= 3199  ncstr= 1604 mt= 5.0   spt= 0.0   lpval= 65901.1   ub= 65928.0  
-----------------------------------------------------------------------------------------
elapsed time= 465.11 s.
-----------------------------------------------------------------------------------------
candidate= 1-357 : -
-----------------------------------------------------------------------------------------
it= 8   ncol= 3327  ncstr= 1604 mt= 6.8   spt= 0.0   lpval= 65914.1   ub= 65928.0  
-----------------------------------------------------------------------------------------
elapsed time= 471.96 s.
-----------------------------------------------------------------------------------------
candidate= 119-302 : +
-----------------------------------------------------------------------------------------
it= 8   ncol= 3321  ncstr= 1604 mt= 5.7   spt= 0.0   lpval= 65918.4   ub= 65928.0  
-----------------------------------------------------------------------------------------
elapsed time= 477.70 s.
-----------------------------------------------------------------------------------------
candidate= 1-260 : -
-----------------------------------------------------------------------------------------
it= 4   ncol= 3160  ncstr= 1604 mt= 4.3   spt= 0.0   lpval= 65901.0   ub= 65928.0  
-----------------------------------------------------------------------------------------
elapsed time= 481.99 s.
-----------------------------------------------------------------------------------------
candidate= 1-260 : +
-----------------------------------------------------------------------------------------
it= 10  ncol= 3408  ncstr= 1604 mt= 6.8   spt= 0.0   lpval= 65921.1   ub= 65928.0  
-----------------------------------------------------------------------------------------
elapsed time= 488.89 s.
-----------------------------------------------------------------------------------------
brc= 1-260
t= 0.307032 c= 43.4794 n= 2 if_b4= 0
t= 4.62266 c= 40.7242 n= 2 if_b4= 0
#########################################################################################
tree size= 3 lb= 65892.2 ub= 65928
#########################################################################################
idx= 7 value= 65892.2 enu= 1
brc= 264-365 : -
brc= 77-229 : -
brc= 49-126 : +
brc= 180-214 : -
brc= 106-145 : -
brc= 2-264 : +
brc= 176-199 : +
brc= 157-180 : +
brc= 158-295 : +
brc= 158-202 : -
brc= 122-328 : +
brc= 298-323 : +
brc= 59-148 : +
brc= 214-366 : -
brc= 107-262 : -
brc= 252-284 : +
brc= 1-357 : +
it= 4   ncol= 2971  ncstr= 1387 mt= 3.6   spt= 0.0   lpval= 65893.3   ub= 65928.0  
-----------------------------------------------------------------------------------------
elapsed time= 501.96 s.
-----------------------------------------------------------------------------------------
columns pending deletion= 13590 remain= 111612 col ratio= 0.878239 row ratio= 0.930786
 ****** Separate Rank1Cuts ****** 
it= 6   ncol= 3028  ncstr= 1477 mt= 0.7   spt= 0.0   lpval= 65894.2   ub= 65928.0  
-----------------------------------------------------------------------------------------
elapsed time= 505.81 s.
-----------------------------------------------------------------------------------------
columns pending deletion= 22324 remain= 111612 col ratio= 0.799986 row ratio= 0.911984
[1;36m[REMIND] 2: gap improved= 0.979140 ratio= 0.029004 threshold= 0.040000 in function increaseCondition2 at /blue/yu.yang1/you.z/route_opt/packages/application/X-n384-k52/src/main/src/call_cutting.cpp:74[0m
 ****** Separate Rank1Cuts ****** 
it= 4   ncol= 3079  ncstr= 1576 mt= 0.8   spt= 0.0   lpval= 65895.0   ub= 65928.0  
-----------------------------------------------------------------------------------------
elapsed time= 509.57 s.
-----------------------------------------------------------------------------------------
columns pending deletion= 29088 remain= 111612 col ratio= 0.739383 row ratio= 0.876269
[1;36m[REMIND] 2: gap improved= 0.770579 ratio= 0.023359 threshold= 0.040000 in function increaseCondition2 at /blue/yu.yang1/you.z/route_opt/packages/application/X-n384-k52/src/main/src/call_cutting.cpp:74[0m
 ****** Separate Rank1Cuts ****** 
it= 4   ncol= 3167  ncstr= 1688 mt= 0.8   spt= 0.0   lpval= 65895.8   ub= 65928.0  
-----------------------------------------------------------------------------------------
elapsed time= 514.00 s.
-----------------------------------------------------------------------------------------
delete columns= 35700 remain= 75912
[1;36m[REMIND] 2: gap improved= 0.827505 ratio= 0.025730 threshold= 0.040000 in function increaseCondition2 at /blue/yu.yang1/you.z/route_opt/packages/application/X-n384-k52/src/main/src/call_cutting.cpp:74[0m
[1;36m[REMIND] tail off counter= 3 threshold= 3 in function setIfTailOff at /blue/yu.yang1/you.z/route_opt/packages/application/X-n384-k52/src/main/src/call_cutting.cpp:150[0m
current_r_best= 5.60137
alpha= 0.37 beta= 5.74159 omega= 141.612 k1= 15
lb_k= 1 ub_k= 37
revise: lb_k= 11 ub_k= 19
opt_k= 16
alpha= 0.75 beta= 5.74159 omega= 8.80969 k1= 3
lb_k= 1 ub_k= 3
revise: lb_k= 1 ub_k= 3
opt_k= 3
pseudo= 50 frac= 50
#candidates in phase1= 16
testing lp time= 10.92 s.
-----------------------------------------------------------------------------------------
154-248 ,  19.55| 163-231 ,  16.16| 252-293 ,  13.31| 243-317 ,  11.46| 224-231 ,   9.50| 
175-375 ,   6.97|  35-144 ,   2.60|  11-275 ,   2.59| 182-240 ,   2.27| 300-356 ,   2.00| 
 52-208 ,   1.63|  69-204 ,   1.46|  41-366 ,   1.33|  11-262 ,   1.13| 135-255 ,   1.13| 
 47-266 ,   0.82| 
-----------------------------------------------------------------------------------------
edge= 163 231 lp= 4.59669 pre= 2 lp2= 3.51574 pre2= 2 score= 16.1608
-----------------------------------------------------------------------------------------
edge= 252 293 lp= 7.19082 pre= 2 lp2= 1.8503 pre2= 2 score= 13.3052
-----------------------------------------------------------------------------------------
edge= 154 248 lp= 2.67481 pre= 2 lp2= 7.30901 pre2= 2 score= 19.5502
-----------------------------------------------------------------------------------------
candidate= 154-248 : -
-----------------------------------------------------------------------------------------
it= 4   ncol= 3234  ncstr= 1419 mt= 4.2   spt= 0.0   lpval= 65898.3   ub= 65928.0  
-----------------------------------------------------------------------------------------
elapsed time= 534.21 s.
-----------------------------------------------------------------------------------------
candidate= 154-248 : +
-----------------------------------------------------------------------------------------
it= 6   ncol= 3298  ncstr= 1419 mt= 5.2   spt= 0.0   lpval= 65901.3   ub= 65928.0  
-----------------------------------------------------------------------------------------
elapsed time= 539.43 s.
-----------------------------------------------------------------------------------------
candidate= 163-231 : -
-----------------------------------------------------------------------------------------
it= 4   ncol= 3262  ncstr= 1419 mt= 4.9   spt= 0.0   lpval= 65900.0   ub= 65928.0  
-----------------------------------------------------------------------------------------
elapsed time= 544.37 s.
-----------------------------------------------------------------------------------------
candidate= 163-231 : +
-----------------------------------------------------------------------------------------
it= 4   ncol= 3236  ncstr= 1419 mt= 4.6   spt= 0.0   lpval= 65899.1   ub= 65928.0  
-----------------------------------------------------------------------------------------
elapsed time= 548.95 s.
-----------------------------------------------------------------------------------------
brc= 163-231
t= 0.315614 c= 40.1588 n= 3 if_b4= 0
t= 4.65337 c= 37.0851 n= 3 if_b4= 0
#########################################################################################
tree size= 4 lb= 65892.2 ub= 65928
#########################################################################################
idx= 8 value= 65892.2 enu= 1
brc= 264-365 : -
brc= 77-229 : -
brc= 49-126 : +
brc= 180-214 : -
brc= 106-145 : -
brc= 2-264 : +
brc= 176-199 : +
brc= 157-180 : +
brc= 158-295 : +
brc= 158-202 : -
brc= 122-328 : +
brc= 298-323 : +
brc= 59-148 : +
brc= 214-366 : -
brc= 107-262 : -
brc= 252-284 : +
brc= 1-357 : -
it= 9   ncol= 3142  ncstr= 1387 mt= 2.6   spt= 0.0   lpval= 65908.6   ub= 65928.0  
-----------------------------------------------------------------------------------------
elapsed time= 560.89 s.
-----------------------------------------------------------------------------------------
delete columns= 93629 remain= 18642
 ****** Separate Rank1Cuts ****** 
it= 5   ncol= 3031  ncstr= 1330 mt= 0.9   spt= 0.0   lpval= 65911.8   ub= 65928.0  
-----------------------------------------------------------------------------------------
elapsed time= 565.03 s.
-----------------------------------------------------------------------------------------
delete columns= 6420 remain= 12222
mip: row= 1216 col= 15123 density= 2.05742%
mip time= 26.42 s.
mip status= 6
update f from 0 to 16.1885
#########################################################################################
tree size= 3 lb= 65895.8 ub= 65928
#########################################################################################
idx= 11 value= 65895.8 enu= 1
brc= 264-365 : -
brc= 77-229 : -
brc= 49-126 : +
brc= 180-214 : -
brc= 106-145 : -
brc= 2-264 : +
brc= 176-199 : +
brc= 157-180 : +
brc= 158-295 : +
brc= 158-202 : -
brc= 122-328 : +
brc= 298-323 : +
brc= 59-148 : +
brc= 214-366 : -
brc= 107-262 : -
brc= 252-284 : +
brc= 1-357 : +
brc= 163-231 : +
it= 5   ncol= 3170  ncstr= 1418 mt= 4.3   spt= 0.0   lpval= 65899.1   ub= 65928.0  
-----------------------------------------------------------------------------------------
elapsed time= 599.07 s.
-----------------------------------------------------------------------------------------
columns pending deletion= 19829 remain= 73896 col ratio= 0.731663 row ratio= 0.916079
 ****** Separate Rank1Cuts ****** 
it= 5   ncol= 3242  ncstr= 1525 mt= 1.2   spt= 0.0   lpval= 65901.1   ub= 65928.0  
-----------------------------------------------------------------------------------------
elapsed time= 603.73 s.
-----------------------------------------------------------------------------------------
delete columns= 29681 remain= 44215
 ****** Separate Rank1Cuts ****** 
it= 4   ncol= 3269  ncstr= 1442 mt= 0.4   spt= 0.0   lpval= 65902.2   ub= 65928.0  
-----------------------------------------------------------------------------------------
elapsed time= 611.01 s.
-----------------------------------------------------------------------------------------
columns pending deletion= 5005 remain= 44215 col ratio= 0.886803 row ratio= 0.927878
 ****** Separate Rank1Cuts ****** 
it= 4   ncol= 3299  ncstr= 1555 mt= 0.4   spt= 0.0   lpval= 65903.0   ub= 65928.0  
-----------------------------------------------------------------------------------------
elapsed time= 614.49 s.
-----------------------------------------------------------------------------------------
columns pending deletion= 8233 remain= 44215 col ratio= 0.813796 row ratio= 0.888103
[1;36m[REMIND] 2: gap improved= 0.791499 ratio= 0.031616 threshold= 0.040000 in function increaseCondition2 at /blue/yu.yang1/you.z/route_opt/packages/application/X-n384-k52/src/main/src/call_cutting.cpp:74[0m
 ****** Separate Rank1Cuts ****** 
it= 3   ncol= 3329  ncstr= 1660 mt= 0.4   spt= 0.0   lpval= 65903.5   ub= 65928.0  
-----------------------------------------------------------------------------------------
elapsed time= 617.96 s.
-----------------------------------------------------------------------------------------
columns pending deletion= 10915 remain= 44215 col ratio= 0.753138 row ratio= 0.838554
[1;36m[REMIND] 2: gap improved= 0.558618 ratio= 0.022823 threshold= 0.040000 in function increaseCondition2 at /blue/yu.yang1/you.z/route_opt/packages/application/X-n384-k52/src/main/src/call_cutting.cpp:74[0m
 ****** Separate Rank1Cuts ****** 
it= 3   ncol= 3349  ncstr= 1757 mt= 0.4   spt= 0.0   lpval= 65904.0   ub= 65928.0  
-----------------------------------------------------------------------------------------
elapsed time= 621.12 s.
-----------------------------------------------------------------------------------------
delete columns= 12632 remain= 31583
[1;36m[REMIND] 2: gap improved= 0.512601 ratio= 0.021391 threshold= 0.040000 in function increaseCondition2 at /blue/yu.yang1/you.z/route_opt/packages/application/X-n384-k52/src/main/src/call_cutting.cpp:74[0m
[1;36m[REMIND] tail off counter= 3 threshold= 3 in function setIfTailOff at /blue/yu.yang1/you.z/route_opt/packages/application/X-n384-k52/src/main/src/call_cutting.cpp:150[0m
current_r_best= 5.60137
alpha= 0.37 beta= 1.38811 omega= 127.24 k1= 6
lb_k= 1 ub_k= 37
revise: lb_k= 5 ub_k= 7
opt_k= 7
alpha= 0.75 beta= 1.38811 omega= 7.96952 k1= 3
lb_k= 1 ub_k= 3
revise: lb_k= 2 ub_k= 3
opt_k= 3
pseudo= 50 frac= 50
#candidates in phase1= 7
testing lp time= 4.66 s.
-----------------------------------------------------------------------------------------
252-293 ,  16.34| 171-215 ,  11.89| 271-350 ,   6.73| 175-375 ,   4.49|  11-106 ,   3.35| 
 70-108 ,   2.29| 113-296 ,   2.21| 
-----------------------------------------------------------------------------------------
edge= 271 350 lp= 8.64525 pre= 1 lp2= 0.778951 pre2= 0 score= 6.73423
-----------------------------------------------------------------------------------------
edge= 171 215 lp= 0.627091 pre= 1 lp2= 18.9538 pre2= 2 score= 11.8857
-----------------------------------------------------------------------------------------
edge= 252 293 lp= 6.88187 pre= 2 lp2= 2.37461 pre2= 0 score= 16.3418
-----------------------------------------------------------------------------------------
candidate= 252-293 : -
-----------------------------------------------------------------------------------------
it= 5   ncol= 3447  ncstr= 1450 mt= 5.5   spt= 0.0   lpval= 65909.2   ub= 65928.0  
-----------------------------------------------------------------------------------------
elapsed time= 631.32 s.
-----------------------------------------------------------------------------------------
brc= 252-293
t= 0.31912 c= 37.9686 n= 4 if_b4= 0
t= 4.81881 c= 35.428 n= 4 if_b4= 0
#########################################################################################
tree size= 4 lb= 65895.8 ub= 65928
#########################################################################################
idx= 12 value= 65895.8 enu= 1
brc= 264-365 : -
brc= 77-229 : -
brc= 49-126 : +
brc= 180-214 : -
brc= 106-145 : -
brc= 2-264 : +
brc= 176-199 : +
brc= 157-180 : +
brc= 158-295 : +
brc= 158-202 : -
brc= 122-328 : +
brc= 298-323 : +
brc= 59-148 : +
brc= 214-366 : -
brc= 107-262 : -
brc= 252-284 : +
brc= 1-357 : +
brc= 163-231 : -
it= 4   ncol= 3241  ncstr= 1418 mt= 0.9   spt= 0.0   lpval= 65900.0   ub= 65928.0  
-----------------------------------------------------------------------------------------
elapsed time= 641.52 s.
-----------------------------------------------------------------------------------------
delete columns= 25372 remain= 50375
 ****** Separate Rank1Cuts ****** 
it= 4   ncol= 3272  ncstr= 1367 mt= 0.6   spt= 0.0   lpval= 65901.6   ub= 65928.0  
-----------------------------------------------------------------------------------------
elapsed time= 645.21 s.
-----------------------------------------------------------------------------------------
columns pending deletion= 7991 remain= 50375 col ratio= 0.84137 row ratio= 0.929042
 ****** Separate Rank1Cuts ****** 
it= 2   ncol= 3280  ncstr= 1465 mt= 0.3   spt= 0.0   lpval= 65902.5   ub= 65928.0  
-----------------------------------------------------------------------------------------
elapsed time= 648.28 s.
-----------------------------------------------------------------------------------------
columns pending deletion= 12091 remain= 50375 col ratio= 0.75998 row ratio= 0.903072
[1;36m[REMIND] 2: gap improved= 0.876696 ratio= 0.034318 threshold= 0.040000 in function increaseCondition2 at /blue/yu.yang1/you.z/route_opt/packages/application/X-n384-k52/src/main/src/call_cutting.cpp:74[0m
 ****** Separate Rank1Cuts ****** 
it= 3   ncol= 3308  ncstr= 1562 mt= 0.4   spt= 0.0   lpval= 65903.2   ub= 65928.0  
-----------------------------------------------------------------------------------------
elapsed time= 651.47 s.
-----------------------------------------------------------------------------------------
columns pending deletion= 15345 remain= 50375 col ratio= 0.695385 row ratio= 0.869398
[1;36m[REMIND] 2: gap improved= 0.776806 ratio= 0.031361 threshold= 0.040000 in function increaseCondition2 at /blue/yu.yang1/you.z/route_opt/packages/application/X-n384-k52/src/main/src/call_cutting.cpp:74[0m
 ****** Separate Rank1Cuts ****** 
it= 4   ncol= 3334  ncstr= 1664 mt= 0.4   spt= 0.0   lpval= 65903.9   ub= 65928.0  
-----------------------------------------------------------------------------------------
elapsed time= 654.77 s.
-----------------------------------------------------------------------------------------
delete columns= 17728 remain= 32647
[1;36m[REMIND] 2: gap improved= 0.634812 ratio= 0.026303 threshold= 0.040000 in function increaseCondition2 at /blue/yu.yang1/you.z/route_opt/packages/application/X-n384-k52/src/main/src/call_cutting.cpp:74[0m
[1;36m[REMIND] tail off counter= 3 threshold= 3 in function setIfTailOff at /blue/yu.yang1/you.z/route_opt/packages/application/X-n384-k52/src/main/src/call_cutting.cpp:150[0m
current_r_best= 5.9699
alpha= 0.37 beta= 1.33104 omega= 118.979 k1= 6
lb_k= 1 ub_k= 37
revise: lb_k= 5 ub_k= 7
opt_k= 6
alpha= 0.75 beta= 1.33104 omega= 7.35203 k1= 2
lb_k= 1 ub_k= 3
revise: lb_k= 1 ub_k= 3
opt_k= 3
pseudo= 50 frac= 50
#candidates in phase1= 6
testing lp time= 4.13 s.
-----------------------------------------------------------------------------------------
154-248 ,  10.79| 163-224 ,   4.18| 127-364 ,   3.13| 232-246 ,   2.63| 182-240 ,   2.26| 
  2-109 ,   1.50| 
-----------------------------------------------------------------------------------------
edge= 127 364 lp= 0.520495 pre= 1 lp2= 6.02181 pre2= 1 score= 3.13432
-----------------------------------------------------------------------------------------
edge= 163 224 lp= 2.05715 pre= 0 lp2= 2.03054 pre2= 0 score= 4.17713
-----------------------------------------------------------------------------------------
edge= 154 248 lp= 2.94133 pre= 1 lp2= 3.66691 pre2= 2 score= 10.7856
-----------------------------------------------------------------------------------------
candidate= 154-248 : +
-----------------------------------------------------------------------------------------
it= 4   ncol= 3416  ncstr= 1390 mt= 5.0   spt= 0.0   lpval= 65907.2   ub= 65928.0  
-----------------------------------------------------------------------------------------
elapsed time= 663.96 s.
-----------------------------------------------------------------------------------------
brc= 154-248
t= 0.323317 c= 34.4334 n= 5 if_b4= 0
t= 4.84927 c= 32.2437 n= 5 if_b4= 0
#########################################################################################
tree size= 5 lb= 65900 ub= 65928
#########################################################################################
idx= 9 value= 65900 enu= 1
brc= 264-365 : -
brc= 77-229 : -
brc= 49-126 : +
brc= 180-214 : -
brc= 106-145 : -
brc= 2-264 : +
brc= 176-199 : +
brc= 157-180 : +
brc= 158-295 : +
brc= 158-202 : -
brc= 122-328 : +
brc= 298-323 : +
brc= 59-148 : +
brc= 214-366 : -
brc= 107-262 : -
brc= 252-284 : -
brc= 1-260 : +
it= 8   ncol= 3209  ncstr= 1603 mt= 6.4   spt= 0.0   lpval= 65921.1   ub= 65928.0  
-----------------------------------------------------------------------------------------
elapsed time= 679.62 s.
-----------------------------------------------------------------------------------------
delete columns= 43963 remain= 2987
 ****** Separate RCCs ****** 
 ****** Separate Rank1Cuts ****** 
it= 5   ncol= 2476  ncstr= 1257 mt= 0.8   spt= 0.0   lpval= 65926.3   ub= 65928.0  
-----------------------------------------------------------------------------------------
elapsed time= 683.11 s.
-----------------------------------------------------------------------------------------
delete columns= 1980 remain= 1007
mip: row= 1127 col= 2364 density= 2.35539%
mip time= 0.17 s.
mip status= 3
#########################################################################################
tree size= 4 lb= 65900 ub= 65928
#########################################################################################
idx= 10 value= 65900 enu= 1
brc= 264-365 : -
brc= 77-229 : -
brc= 49-126 : +
brc= 180-214 : -
brc= 106-145 : -
brc= 2-264 : +
brc= 176-199 : +
brc= 157-180 : +
brc= 158-295 : +
brc= 158-202 : -
brc= 122-328 : +
brc= 298-323 : +
brc= 59-148 : +
brc= 214-366 : -
brc= 107-262 : -
brc= 252-284 : -
brc= 1-260 : -
it= 5   ncol= 3167  ncstr= 1603 mt= 0.5   spt= 0.0   lpval= 65901.0   ub= 65928.0  
-----------------------------------------------------------------------------------------
elapsed time= 683.88 s.
-----------------------------------------------------------------------------------------
columns pending deletion= 5466 remain= 48837 col ratio= 0.888077 row ratio= 0.830318
 ****** Separate Rank1Cuts ****** 
it= 5   ncol= 3155  ncstr= 1687 mt= 0.4   spt= 0.0   lpval= 65901.8   ub= 65928.0  
-----------------------------------------------------------------------------------------
elapsed time= 687.35 s.
-----------------------------------------------------------------------------------------
columns pending deletion= 8763 remain= 48837 col ratio= 0.820566 row ratio= 0.810314
[1;36m[REMIND] 2: gap improved= 0.772656 ratio= 0.029465 threshold= 0.040000 in function increaseCondition2 at /blue/yu.yang1/you.z/route_opt/packages/application/X-n384-k52/src/main/src/call_cutting.cpp:74[0m
 ****** Separate Rank1Cuts ****** 
it= 4   ncol= 3203  ncstr= 1787 mt= 0.6   spt= 0.0   lpval= 65902.5   ub= 65928.0  
-----------------------------------------------------------------------------------------
elapsed time= 691.08 s.
-----------------------------------------------------------------------------------------
delete columns= 11889 remain= 36948
[1;36m[REMIND] 2: gap improved= 0.735299 ratio= 0.028849 threshold= 0.040000 in function increaseCondition2 at /blue/yu.yang1/you.z/route_opt/packages/application/X-n384-k52/src/main/src/call_cutting.cpp:74[0m
 ****** Separate Rank1Cuts ****** 
it= 4   ncol= 3247  ncstr= 1472 mt= 0.4   spt= 0.0   lpval= 65903.0   ub= 65928.0  
-----------------------------------------------------------------------------------------
elapsed time= 698.75 s.
-----------------------------------------------------------------------------------------
columns pending deletion= 2441 remain= 36948 col ratio= 0.933934 row ratio= 0.923913
[1;36m[REMIND] 2: gap improved= 0.459005 ratio= 0.018339 threshold= 0.040000 in function increaseCondition2 at /blue/yu.yang1/you.z/route_opt/packages/application/X-n384-k52/src/main/src/call_cutting.cpp:74[0m
[1;36m[REMIND] tail off counter= 3 threshold= 3 in function setIfTailOff at /blue/yu.yang1/you.z/route_opt/packages/application/X-n384-k52/src/main/src/call_cutting.cpp:150[0m
current_r_best= 2.38733
alpha= 0.37 beta= 3.70283 omega= 106.5 k1= 10
lb_k= 1 ub_k= 37
revise: lb_k= 8 ub_k= 13
opt_k= 11
alpha= 0.75 beta= 3.70283 omega= 6.64918 k1= 3
lb_k= 1 ub_k= 3
revise: lb_k= 1 ub_k= 3
opt_k= 3
pseudo= 50 frac= 50
#candidates in phase1= 11
testing lp time= 7.46 s.
-----------------------------------------------------------------------------------------
163-231 ,  17.68| 154-248 ,  16.51| 191-279 ,   8.60| 212-252 ,   8.19|   9-252 ,   6.29| 
115-240 ,   5.17| 228-255 ,   4.87|  45-205 ,   4.42|  21-165 ,   4.42| 123-284 ,   2.33| 
118-226 ,   1.15| 
-----------------------------------------------------------------------------------------
edge= 191 279 lp= 8.45178 pre= 2 lp2= 1.01809 pre2= 2 score= 8.60471
-----------------------------------------------------------------------------------------
edge= 154 248 lp= 2.67002 pre= 1 lp2= 6.18414 pre2= 1 score= 16.5118
-----------------------------------------------------------------------------------------
edge= 163 231 lp= 4.512 pre= 0 lp2= 3.91935 pre2= 0 score= 17.6841
-----------------------------------------------------------------------------------------
brc= 163-231
t= 0.325593 c= 31.723 n= 6 if_b4= 0
t= 4.84927 c= 30.3792 n= 6 if_b4= 0
#########################################################################################
tree size= 5 lb= 65903 ub= 65928
#########################################################################################
idx= 17 value= 65903 enu= 1
brc= 264-365 : -
brc= 77-229 : -
brc= 49-126 : +
brc= 180-214 : -
brc= 106-145 : -
brc= 2-264 : +
brc= 176-199 : +
brc= 157-180 : +
brc= 158-295 : +
brc= 158-202 : -
brc= 122-328 : +
brc= 298-323 : +
brc= 59-148 : +
brc= 214-366 : -
brc= 107-262 : -
brc= 252-284 : -
brc= 1-260 : -
brc= 163-231 : +
it= 4   ncol= 3237  ncstr= 1472 mt= 4.5   spt= 0.0   lpval= 65906.4   ub= 65928.0  
-----------------------------------------------------------------------------------------
elapsed time= 719.75 s.
-----------------------------------------------------------------------------------------
columns pending deletion= 9944 remain= 33705 col ratio= 0.70497 row ratio= 0.865489
 ****** Separate Rank1Cuts ****** 
it= 5   ncol= 3282  ncstr= 1574 mt= 0.8   spt= 0.0   lpval= 65908.3   ub= 65928.0  
-----------------------------------------------------------------------------------------
elapsed time= 723.71 s.
-----------------------------------------------------------------------------------------
delete columns= 14837 remain= 18868
 ****** Separate RCCs ****** 
 ****** Separate Rank1Cuts ****** 
it= 4   ncol= 3295  ncstr= 1424 mt= 0.5   spt= 0.0   lpval= 65909.4   ub= 65928.0  
-----------------------------------------------------------------------------------------
elapsed time= 727.23 s.
-----------------------------------------------------------------------------------------
columns pending deletion= 2477 remain= 18868 col ratio= 0.86872 row ratio= 0.917135
mip: row= 1306 col= 19658 density= 2.08678%
mip time= 77.28 s.
mip status= 6
update f from 16.1885 to 18.567
#########################################################################################
tree size= 4 lb= 65903 ub= 65928
#########################################################################################
idx= 18 value= 65903 enu= 1
brc= 264-365 : -
brc= 77-229 : -
brc= 49-126 : +
brc= 180-214 : -
brc= 106-145 : -
brc= 2-264 : +
brc= 176-199 : +
brc= 157-180 : +
brc= 158-295 : +
brc= 158-202 : -
brc= 122-328 : +
brc= 298-323 : +
brc= 59-148 : +
brc= 214-366 : -
brc= 107-262 : -
brc= 252-284 : -
brc= 1-260 : -
brc= 163-231 : -
it= 5   ncol= 3333  ncstr= 1472 mt= 1.1   spt= 0.0   lpval= 65906.9   ub= 65928.0  
-----------------------------------------------------------------------------------------
elapsed time= 809.41 s.
-----------------------------------------------------------------------------------------
delete columns= 11518 remain= 22914
 ****** Separate RCCs ****** 
 ****** Separate Rank1Cuts ****** 
it= 4   ncol= 3350  ncstr= 1346 mt= 0.5   spt= 0.0   lpval= 65908.6   ub= 65928.0  
-----------------------------------------------------------------------------------------
elapsed time= 812.75 s.
-----------------------------------------------------------------------------------------
columns pending deletion= 4518 remain= 22914 col ratio= 0.802828 row ratio= 0.931649
 ****** Separate RCCs ****** 
 ****** Separate Rank1Cuts ****** 
it= 4   ncol= 3342  ncstr= 1468 mt= 0.3   spt= 0.0   lpval= 65909.4   ub= 65928.0  
-----------------------------------------------------------------------------------------
elapsed time= 815.89 s.
-----------------------------------------------------------------------------------------
columns pending deletion= 6420 remain= 22914 col ratio= 0.719822 row ratio= 0.888965
mip: row= 1305 col= 19816 density= 2.11364%
mip time= 86.41 s.
mip status= 6
update f from 18.567 to 18.6223
#########################################################################################
tree size= 3 lb= 65903.9 ub= 65928
#########################################################################################
idx= 15 value= 65903.9 enu= 1
brc= 264-365 : -
brc= 77-229 : -
brc= 49-126 : +
brc= 180-214 : -
brc= 106-145 : -
brc= 2-264 : +
brc= 176-199 : +
brc= 157-180 : +
brc= 158-295 : +
brc= 158-202 : -
brc= 122-328 : +
brc= 298-323 : +
brc= 59-148 : +
brc= 214-366 : -
brc= 107-262 : -
brc= 252-284 : +
brc= 1-357 : +
brc= 163-231 : -
brc= 154-248 : +
it= 5   ncol= 3325  ncstr= 1389 mt= 4.5   spt= 0.0   lpval= 65907.2   ub= 65928.0  
-----------------------------------------------------------------------------------------
elapsed time= 906.87 s.
-----------------------------------------------------------------------------------------
columns pending deletion= 10211 remain= 31837 col ratio= 0.679273 row ratio= 0.902808
 ****** Separate Rank1Cuts ****** 
it= 5   ncol= 3346  ncstr= 1497 mt= 1.2   spt= 0.0   lpval= 65909.9   ub= 65928.0  
-----------------------------------------------------------------------------------------
elapsed time= 911.46 s.
-----------------------------------------------------------------------------------------
delete columns= 16003 remain= 15834
mip: row= 1312 col= 19140 density= 2.06189%
mip time= 61.96 s.
mip status= 6
#########################################################################################
tree size= 2 lb= 65903.9 ub= 65928
#########################################################################################
idx= 16 value= 65903.9 enu= 1
brc= 264-365 : -
brc= 77-229 : -
brc= 49-126 : +
brc= 180-214 : -
brc= 106-145 : -
brc= 2-264 : +
brc= 176-199 : +
brc= 157-180 : +
brc= 158-295 : +
brc= 158-202 : -
brc= 122-328 : +
brc= 298-323 : +
brc= 59-148 : +
brc= 214-366 : -
brc= 107-262 : -
brc= 252-284 : +
brc= 1-357 : +
brc= 163-231 : -
brc= 154-248 : -
it= 4   ncol= 3395  ncstr= 1389 mt= 0.8   spt= 0.0   lpval= 65906.4   ub= 65928.0  
-----------------------------------------------------------------------------------------
elapsed time= 978.49 s.
-----------------------------------------------------------------------------------------
columns pending deletion= 7521 remain= 32567 col ratio= 0.769061 row ratio= 0.928726
 ****** Separate Rank1Cuts ****** 
it= 3   ncol= 3411  ncstr= 1513 mt= 0.8   spt= 0.0   lpval= 65907.6   ub= 65928.0  
-----------------------------------------------------------------------------------------
elapsed time= 982.39 s.
-----------------------------------------------------------------------------------------
delete columns= 10965 remain= 21602
 ****** Separate Rank1Cuts ****** 
it= 3   ncol= 3409  ncstr= 1427 mt= 0.3   spt= 0.0   lpval= 65908.3   ub= 65928.0  
-----------------------------------------------------------------------------------------
elapsed time= 985.56 s.
-----------------------------------------------------------------------------------------
columns pending deletion= 2150 remain= 21602 col ratio= 0.900472 row ratio= 0.934128
[1;36m[REMIND] 2: gap improved= 0.708344 ratio= 0.035915 threshold= 0.040000 in function increaseCondition2 at /blue/yu.yang1/you.z/route_opt/packages/application/X-n384-k52/src/main/src/call_cutting.cpp:74[0m
 ****** Separate Rank1Cuts ****** 
it= 3   ncol= 3438  ncstr= 1535 mt= 0.4   spt= 0.0   lpval= 65909.0   ub= 65928.0  
-----------------------------------------------------------------------------------------
elapsed time= 988.93 s.
-----------------------------------------------------------------------------------------
columns pending deletion= 3981 remain= 21602 col ratio= 0.815712 row ratio= 0.909446
 ****** Separate Rank1Cuts ****** 
it= 3   ncol= 3444  ncstr= 1633 mt= 0.4   spt= 0.0   lpval= 65909.5   ub= 65928.0  
-----------------------------------------------------------------------------------------
elapsed time= 991.86 s.
-----------------------------------------------------------------------------------------
columns pending deletion= 5009 remain= 21602 col ratio= 0.768123 row ratio= 0.871402
[1;36m[REMIND] 2: gap improved= 0.438491 ratio= 0.023685 threshold= 0.040000 in function increaseCondition2 at /blue/yu.yang1/you.z/route_opt/packages/application/X-n384-k52/src/main/src/call_cutting.cpp:74[0m
 ****** Separate Rank1Cuts ****** 
it= 3   ncol= 3461  ncstr= 1742 mt= 0.4   spt= 0.0   lpval= 65910.0   ub= 65928.0  
-----------------------------------------------------------------------------------------
elapsed time= 995.08 s.
-----------------------------------------------------------------------------------------
delete columns= 6175 remain= 15427
[1;36m[REMIND] 2: gap improved= 0.482755 ratio= 0.026774 threshold= 0.040000 in function increaseCondition2 at /blue/yu.yang1/you.z/route_opt/packages/application/X-n384-k52/src/main/src/call_cutting.cpp:74[0m
[1;36m[REMIND] tail off counter= 3 threshold= 3 in function setIfTailOff at /blue/yu.yang1/you.z/route_opt/packages/application/X-n384-k52/src/main/src/call_cutting.cpp:150[0m
mip: row= 1452 col= 18876 density= 2.05321%
mip time= 85.67 s.
mip status= 6
#########################################################################################
tree size= 1 lb= 65904 ub= 65928
#########################################################################################
idx= 13 value= 65904 enu= 1
brc= 264-365 : -
brc= 77-229 : -
brc= 49-126 : +
brc= 180-214 : -
brc= 106-145 : -
brc= 2-264 : +
brc= 176-199 : +
brc= 157-180 : +
brc= 158-295 : +
brc= 158-202 : -
brc= 122-328 : +
brc= 298-323 : +
brc= 59-148 : +
brc= 214-366 : -
brc= 107-262 : -
brc= 252-284 : +
brc= 1-357 : +
brc= 163-231 : +
brc= 252-293 : +
it= 3   ncol= 3313  ncstr= 1449 mt= 4.4   spt= 0.0   lpval= 65906.3   ub= 65928.0  
-----------------------------------------------------------------------------------------
elapsed time= 1085.31 s.
-----------------------------------------------------------------------------------------
columns pending deletion= 6830 remain= 30999 col ratio= 0.77967 row ratio= 0.917184
 ****** Separate RCCs ****** 
 ****** Separate Rank1Cuts ****** 
it= 4   ncol= 3312  ncstr= 1508 mt= 0.4   spt= 0.0   lpval= 65907.4   ub= 65928.0  
-----------------------------------------------------------------------------------------
elapsed time= 1088.82 s.
-----------------------------------------------------------------------------------------
columns pending deletion= 9693 remain= 30999 col ratio= 0.687312 row ratio= 0.897878
 ****** Separate Rank1Cuts ****** 
it= 3   ncol= 3311  ncstr= 1612 mt= 0.4   spt= 0.0   lpval= 65908.1   ub= 65928.0  
-----------------------------------------------------------------------------------------
elapsed time= 1092.02 s.
-----------------------------------------------------------------------------------------
delete columns= 11676 remain= 19323
[1;36m[REMIND] 2: gap improved= 0.666185 ratio= 0.033427 threshold= 0.040000 in function increaseCondition2 at /blue/yu.yang1/you.z/route_opt/packages/application/X-n384-k52/src/main/src/call_cutting.cpp:74[0m
 ****** Separate Rank1Cuts ****** 
it= 3   ncol= 3327  ncstr= 1511 mt= 0.4   spt= 0.0   lpval= 65908.6   ub= 65928.0  
-----------------------------------------------------------------------------------------
elapsed time= 1099.98 s.
-----------------------------------------------------------------------------------------
columns pending deletion= 1305 remain= 19323 col ratio= 0.932464 row ratio= 0.919259
[1;36m[REMIND] 2: gap improved= 0.536627 ratio= 0.027671 threshold= 0.040000 in function increaseCondition2 at /blue/yu.yang1/you.z/route_opt/packages/application/X-n384-k52/src/main/src/call_cutting.cpp:74[0m
 ****** Separate Rank1Cuts ****** 
it= 3   ncol= 3303  ncstr= 1622 mt= 0.2   spt= 0.0   lpval= 65908.9   ub= 65928.0  
-----------------------------------------------------------------------------------------
elapsed time= 1103.14 s.
-----------------------------------------------------------------------------------------
columns pending deletion= 2157 remain= 19323 col ratio= 0.888371 row ratio= 0.878545
[1;36m[REMIND] 2: gap improved= 0.337766 ratio= 0.017726 threshold= 0.040000 in function increaseCondition2 at /blue/yu.yang1/you.z/route_opt/packages/application/X-n384-k52/src/main/src/call_cutting.cpp:74[0m
[1;36m[REMIND] tail off counter= 3 threshold= 3 in function setIfTailOff at /blue/yu.yang1/you.z/route_opt/packages/application/X-n384-k52/src/main/src/call_cutting.cpp:150[0m
current_r_best= 2.38733
alpha= 0.37 beta= 0.18141 omega= 97.4315 k1= 2
lb_k= 1 ub_k= 3
revise: lb_k= 1 ub_k= 2
opt_k= 2
alpha= 0.75 beta= 0.18141 omega= 6.2647 k1= 1
lb_k= 1 ub_k= 2
revise: lb_k= 1 ub_k= 1
opt_k= 1
pseudo= 50 frac= 50
#candidates in phase1= 2
testing lp time= 1.64 s.
-----------------------------------------------------------------------------------------
175-375 ,   5.54|  64-293 ,   1.18| 
-----------------------------------------------------------------------------------------
brc= 175-375
t= 0.336139 c= 30.5496 n= 7 if_b4= 0
t= 4.84927 c= 29.4763 n= 7 if_b4= 0
#########################################################################################
tree size= 2 lb= 65904 ub= 65928
#########################################################################################
idx= 14 value= 65904 enu= 1
brc= 264-365 : -
brc= 77-229 : -
brc= 49-126 : +
brc= 180-214 : -
brc= 106-145 : -
brc= 2-264 : +
brc= 176-199 : +
brc= 157-180 : +
brc= 158-295 : +
brc= 158-202 : -
brc= 122-328 : +
brc= 298-323 : +
brc= 59-148 : +
brc= 214-366 : -
brc= 107-262 : -
brc= 252-284 : +
brc= 1-357 : +
brc= 163-231 : +
brc= 252-293 : -
it= 5   ncol= 3364  ncstr= 1449 mt= 1.4   spt= 0.0   lpval= 65909.2   ub= 65928.0  
-----------------------------------------------------------------------------------------
elapsed time= 1117.12 s.
-----------------------------------------------------------------------------------------
delete columns= 13317 remain= 17685
 ****** Separate Rank1Cuts ****** 
it= 4   ncol= 3355  ncstr= 1421 mt= 0.8   spt= 0.0   lpval= 65912.0   ub= 65928.0  
-----------------------------------------------------------------------------------------
elapsed time= 1125.04 s.
-----------------------------------------------------------------------------------------
columns pending deletion= 5565 remain= 17685 col ratio= 0.685327 row ratio= 0.923997
mip: row= 1313 col= 15379 density= 2.09953%
mip time= 39.07 s.
mip status= 6
#########################################################################################
tree size= 1 lb= 65908.9 ub= 65928
#########################################################################################
idx= 19 value= 65908.9 enu= 1
brc= 264-365 : -
brc= 77-229 : -
brc= 49-126 : +
brc= 180-214 : -
brc= 106-145 : -
brc= 2-264 : +
brc= 176-199 : +
brc= 157-180 : +
brc= 158-295 : +
brc= 158-202 : -
brc= 122-328 : +
brc= 298-323 : +
brc= 59-148 : +
brc= 214-366 : -
brc= 107-262 : -
brc= 252-284 : +
brc= 1-357 : +
brc= 163-231 : +
brc= 252-293 : +
brc= 175-375 : +
it= 4   ncol= 3306  ncstr= 1622 mt= 5.1   spt= 0.0   lpval= 65910.8   ub= 65928.0  
-----------------------------------------------------------------------------------------
elapsed time= 1169.28 s.
-----------------------------------------------------------------------------------------
columns pending deletion= 3117 remain= 16921 col ratio= 0.815791 row ratio= 0.839704
 ****** Separate Rank1Cuts ****** 
it= 4   ncol= 3308  ncstr= 1701 mt= 0.6   spt= 0.0   lpval= 65911.7   ub= 65928.0  
-----------------------------------------------------------------------------------------
elapsed time= 1173.09 s.
-----------------------------------------------------------------------------------------
delete columns= 4796 remain= 12125
mip: row= 1407 col= 15401 density= 2.15052%
mip time= 49.34 s.
mip status= 6
#########################################################################################
tree size= 0 lb= 65908.9 ub= 65928
#########################################################################################
idx= 20 value= 65908.9 enu= 1
brc= 264-365 : -
brc= 77-229 : -
brc= 49-126 : +
brc= 180-214 : -
brc= 106-145 : -
brc= 2-264 : +
brc= 176-199 : +
brc= 157-180 : +
brc= 158-295 : +
brc= 158-202 : -
brc= 122-328 : +
brc= 298-323 : +
brc= 59-148 : +
brc= 214-366 : -
brc= 107-262 : -
brc= 252-284 : +
brc= 1-357 : +
brc= 163-231 : +
brc= 252-293 : +
brc= 175-375 : -
it= 4   ncol= 3350  ncstr= 1622 mt= 0.4   spt= 0.0   lpval= 65911.6   ub= 65928.0  
-----------------------------------------------------------------------------------------
elapsed time= 1222.98 s.
-----------------------------------------------------------------------------------------
columns pending deletion= 4302 remain= 17143 col ratio= 0.749052 row ratio= 0.837855
 ****** Separate Rank1Cuts ****** 
it= 3   ncol= 3341  ncstr= 1677 mt= 0.8   spt= 0.0   lpval= 65913.5   ub= 65928.0  
-----------------------------------------------------------------------------------------
elapsed time= 1226.76 s.
-----------------------------------------------------------------------------------------
delete columns= 7253 remain= 9890
mip: row= 1374 col= 13153 density= 2.1704%
mip time= 32.98 s.
mip status= 6
#########################################################################################
[32m<Instance: X-n384-k52>
<Solution>
<UB= 65928>
<LB= 65928>
<Elapsed Time= 1259.8>
<Nodes Explored= 19>
<Global Gap= 0%>[0m
#########################################################################################
File nodes/X-n384-k52_2_2_0_0_0_1_0_0_G32.node deleted successfully.
