application type: CVRP
X-n384-k52_1_0_3_1_3_0_0_0_G32.node
Set parameter ServerTimeout to value 600
Set parameter TokenServer to value "grb-ts.ufhpc"
Set parameter Threads to value 1
instance name= X-n384-k52
#########################################################################################
tree size= 0 lb= 0 ub= 65929
#########################################################################################
idx= 1 value= 65874 enu= 0
brc= 264-365 : -
brc= 77-229 : +
brc= 158-295 : +
brc= 157-180 : -
brc= 122-328 : -
brc= 185-192 : -
brc= 78-122 : +
brc= 49-298 : -
brc= 175-375 : +
brc= 45-199 : -
brc= 2-264 : -
brc= 128-314 : -
brc= 23-193 : +
brc= 23-381 : +
brc= 251-330 : +
brc= 149-351 : +
-----------------------------------------------------------------------------------------
 ****** Pricing Level: LIGHT HEUR ****** 
it= 9   ncol= 2422  ncstr= 1464 mt= 1.5   spt= 0.5   lpval= 65885.2   ub= 65928.0  
 ****** Pricing Level: HEAVY HEUR ****** 
it= 9   ncol= 2608  ncstr= 1464 mt= 1.7   spt= 1.2   lpval= 65883.6   ub= 65928.0  
 ****** Pricing Level: EXACT ****** 
it= 6   ncol= 2903  ncstr= 1464 mt= 1.3   spt= 9.5   lpval= 65882.0   ub= 65928.0  
-----------------------------------------------------------------------------------------
elapsed time= 24.59 s.
-----------------------------------------------------------------------------------------
-----------------------------------------------------------------------------------------
 ****** Run Arc Elimination ****** 
arc elimination time= 5.36 s.
previous= 78.294% maximum= 3.33529%
eliminate bucket arcs time= 0.92 s.
obtain jump arcs time= 0.01 s.
-----------------------------------------------------------------------------------------
-----------------------------------------------------------------------------------------
elapsed time= 31.22 s.
-----------------------------------------------------------------------------------------
-----------------------------------------------------------------------------------------
 ****** Try Enumeration ****** 
#labels= 171337 #routes= 57
labeling 1 time= 1.09 s.
concatenate time= 1.76 s.
#routes= 293792
average gap of successful enumeration= 0.000682188
next try value > 65862.2
-----------------------------------------------------------------------------------------
elapsed time= 34.23 s.
-----------------------------------------------------------------------------------------
 ****** Process Enumeration Matrix ****** 
delete non-ele routes lp val= 65882.4
recover rank1c lp val= 65882.7
recover rcc lp val= 65883.1
obtain rcc coefficient time= 0.02 s.
obtain r1c coefficient time= 0.46 s.
obtain matrix from triplets time= 0.22 s.
delete columns by branch time= 0.00 s.
columns pending deletion= 5215 remain= 293792 col ratio= 0.982249 row ratio= 1
regenerate enumeration matrix time= 0.00 s.
-----------------------------------------------------------------------------------------
elapsed time= 50.87 s.
-----------------------------------------------------------------------------------------
it= 5   ncol= 2541  ncstr= 1379 mt= 0.6   spt= 0.1   lpval= 65883.0   ub= 65928.0  
-----------------------------------------------------------------------------------------
elapsed time= 51.63 s.
-----------------------------------------------------------------------------------------
columns pending deletion= 64377 remain= 293792 col ratio= 0.780876 row ratio= 0.874547
 ****** Separate RCCs ****** 
 ****** Separate Rank1Cuts ****** 
it= 6   ncol= 2638  ncstr= 1536 mt= 0.7   spt= 0.1   lpval= 65887.0   ub= 65928.0  
-----------------------------------------------------------------------------------------
elapsed time= 56.39 s.
-----------------------------------------------------------------------------------------
delete columns= 125640 remain= 168152
 ****** Separate Rank1Cuts ****** 
it= 4   ncol= 2744  ncstr= 1408 mt= 0.7   spt= 0.0   lpval= 65888.6   ub= 65928.0  
-----------------------------------------------------------------------------------------
elapsed time= 64.11 s.
-----------------------------------------------------------------------------------------
columns pending deletion= 23724 remain= 168152 col ratio= 0.858913 row ratio= 0.900568
 ****** Separate Rank1Cuts ****** 
it= 4   ncol= 2812  ncstr= 1532 mt= 0.5   spt= 0.0   lpval= 65889.9   ub= 65928.0  
-----------------------------------------------------------------------------------------
elapsed time= 68.28 s.
-----------------------------------------------------------------------------------------
columns pending deletion= 38885 remain= 168152 col ratio= 0.768751 row ratio= 0.873368
[1;36m[REMIND] 2: gap improved= 1.304628 ratio= 0.034282 threshold= 0.040000 in function increaseCondition2 at /blue/yu.yang1/you.z/route_opt/packages/application/X-n384-k52/src/main/src/call_cutting.cpp:74[0m
 ****** Separate Rank1Cuts ****** 
it= 4   ncol= 2906  ncstr= 1658 mt= 0.6   spt= 0.0   lpval= 65890.9   ub= 65928.0  
-----------------------------------------------------------------------------------------
elapsed time= 72.19 s.
-----------------------------------------------------------------------------------------
delete columns= 49060 remain= 119092
[1;36m[REMIND] 2: gap improved= 0.916260 ratio= 0.024671 threshold= 0.040000 in function increaseCondition2 at /blue/yu.yang1/you.z/route_opt/packages/application/X-n384-k52/src/main/src/call_cutting.cpp:74[0m
 ****** Separate Rank1Cuts ****** 
it= 3   ncol= 2958  ncstr= 1443 mt= 0.4   spt= 0.0   lpval= 65891.4   ub= 65928.0  
-----------------------------------------------------------------------------------------
elapsed time= 75.38 s.
-----------------------------------------------------------------------------------------
columns pending deletion= 5746 remain= 119092 col ratio= 0.951752 row ratio= 0.93763
[1;36m[REMIND] 2: gap improved= 0.536505 ratio= 0.014657 threshold= 0.040000 in function increaseCondition2 at /blue/yu.yang1/you.z/route_opt/packages/application/X-n384-k52/src/main/src/call_cutting.cpp:74[0m
[1;36m[REMIND] tail off counter= 3 threshold= 3 in function setIfTailOff at /blue/yu.yang1/you.z/route_opt/packages/application/X-n384-k52/src/main/src/call_cutting.cpp:150[0m
[1;36m[REMIND] opt_k not found for node 1, use m directly in function getOptK at /blue/yu.yang1/you.z/route_opt/packages/branching/bkf/include/bkf_controller.hpp:239[0m
current_r_best= 12.6243
we directly test 100
we directly test 4
pseudo= 50 frac= 50
#candidates in phase1= 100
testing lp time= 61.76 s.
-----------------------------------------------------------------------------------------
  1-357 ,  26.49| 119-302 ,  24.60|   0-183 ,  22.63|  59-148 ,  22.63|   0-241 ,  21.25| 
  0-1   ,  20.47|   0-164 ,  20.24| 239-286 ,  19.70|  39-308 ,  16.60|   1-260 ,  15.30| 
133-226 ,  14.83|  45-307 ,  14.75|  89-266 ,  12.68| 161-174 ,  12.58| 128-156 ,  12.19| 
 53-318 ,  11.89| 120-374 ,  11.66| 107-275 ,  11.51|  55-225 ,  11.23| 329-353 ,  10.27| 
180-370 ,  10.24|   0-201 ,   9.97| 120-314 ,   9.88| 201-230 ,   9.80|  21-234 ,   9.71| 
  0-145 ,   9.33|   0-11  ,   9.28|   0-46  ,   9.24|  44-325 ,   9.12|  55-173 ,   9.07| 
  0-291 ,   8.89| 303-359 ,   8.82| 120-156 ,   8.75| 189-267 ,   8.55|  44-90  ,   8.36| 
 90-342 ,   8.32|   0-174 ,   7.94| 180-366 ,   7.79| 317-370 ,   7.54| 284-295 ,   7.53| 
 11-275 ,   7.53| 305-366 ,   7.52| 158-202 ,   7.38| 176-199 ,   7.27| 284-379 ,   7.14| 
182-320 ,   7.06|   0-30  ,   7.02| 107-262 ,   6.75|  61-151 ,   6.74| 163-313 ,   6.70| 
 97-126 ,   6.68|   7-180 ,   6.31|  27-76  ,   6.23| 277-284 ,   6.15|  41-289 ,   6.07| 
  0-305 ,   5.93|  49-292 ,   5.74|   0-359 ,   5.70| 134-152 ,   5.58|   7-157 ,   5.55| 
145-185 ,   5.54|   0-134 ,   5.54|   0-171 ,   5.41| 157-366 ,   5.24| 303-306 ,   5.22| 
298-323 ,   5.21| 268-303 ,   5.17| 224-231 ,   5.14|   0-144 ,   5.07| 163-231 ,   4.74| 
 21-238 ,   4.65|  75-123 ,   4.39|  89-165 ,   4.29|  19-51  ,   4.23|  98-112 ,   4.22| 
  3-354 ,   4.22|   0-64  ,   4.03| 255-266 ,   3.92| 165-228 ,   3.88| 306-359 ,   3.84| 
  5-318 ,   3.81| 253-290 ,   3.75| 107-182 ,   3.61|  47-118 ,   3.39| 249-336 ,   3.38| 
 34-218 ,   3.38|   0-382 ,   3.37|   0-218 ,   3.32| 172-376 ,   3.29|   0-151 ,   3.23| 
235-272 ,   3.07| 281-325 ,   2.89| 325-339 ,   2.67| 188-337 ,   2.60| 246-364 ,   2.04| 
293-337 ,   1.84|   0-266 ,   1.79| 232-378 ,   1.66| 274-361 ,   1.58|   0-344 ,   0.57| 
-----------------------------------------------------------------------------------------
edge= 59 148 lp= 12.8078 pre= 2 lp2= 1.767 pre2= 2 score= 22.6314
-----------------------------------------------------------------------------------------
edge= 0 183 lp= 1.767 pre= 2 lp2= 12.8078 pre2= 2 score= 22.6314
-----------------------------------------------------------------------------------------
edge= 119 302 lp= 1.11163 pre= 2 lp2= 22.1332 pre2= 2 score= 24.6039
-----------------------------------------------------------------------------------------
edge= 1 357 lp= 18.8321 pre= 2 lp2= 1.40666 pre2= 2 score= 26.4905
-----------------------------------------------------------------------------------------
candidate= 1-357 : -
-----------------------------------------------------------------------------------------
it= 7   ncol= 3201  ncstr= 1444 mt= 5.4   spt= 0.0   lpval= 65904.0   ub= 65928.0  
-----------------------------------------------------------------------------------------
elapsed time= 142.64 s.
-----------------------------------------------------------------------------------------
candidate= 119-302 : -
-----------------------------------------------------------------------------------------
it= 5   ncol= 3024  ncstr= 1444 mt= 4.0   spt= 0.0   lpval= 65892.4   ub= 65928.0  
-----------------------------------------------------------------------------------------
elapsed time= 146.73 s.
-----------------------------------------------------------------------------------------
candidate= 0-183 : -
-----------------------------------------------------------------------------------------
it= 5   ncol= 3071  ncstr= 1444 mt= 4.2   spt= 0.0   lpval= 65893.0   ub= 65928.0  
-----------------------------------------------------------------------------------------
elapsed time= 150.93 s.
-----------------------------------------------------------------------------------------
candidate= 59-148 : -
-----------------------------------------------------------------------------------------
it= 5   ncol= 3125  ncstr= 1444 mt= 5.0   spt= 0.0   lpval= 65901.1   ub= 65928.0  
-----------------------------------------------------------------------------------------
elapsed time= 155.93 s.
-----------------------------------------------------------------------------------------
candidate= 119-302 : +
-----------------------------------------------------------------------------------------
it= 7   ncol= 3170  ncstr= 1444 mt= 5.1   spt= 0.0   lpval= 65906.7   ub= 65928.0  
-----------------------------------------------------------------------------------------
elapsed time= 161.13 s.
-----------------------------------------------------------------------------------------
candidate= 0-183 : +
-----------------------------------------------------------------------------------------
it= 6   ncol= 3142  ncstr= 1444 mt= 5.4   spt= 0.0   lpval= 65901.3   ub= 65928.0  
-----------------------------------------------------------------------------------------
elapsed time= 166.57 s.
-----------------------------------------------------------------------------------------
candidate= 1-357 : +
-----------------------------------------------------------------------------------------
it= 3   ncol= 3020  ncstr= 1444 mt= 4.2   spt= 0.0   lpval= 65892.7   ub= 65928.0  
-----------------------------------------------------------------------------------------
elapsed time= 170.75 s.
-----------------------------------------------------------------------------------------
candidate= 59-148 : +
-----------------------------------------------------------------------------------------
it= 5   ncol= 3089  ncstr= 1444 mt= 4.5   spt= 0.0   lpval= 65893.0   ub= 65928.0  
-----------------------------------------------------------------------------------------
elapsed time= 175.33 s.
-----------------------------------------------------------------------------------------
brc= 1-357
t= 0.308788 c= 89.6554 n= 0 if_b4= 0
t= 4.77327 c= 101.441 n= 0 if_b4= 0
#########################################################################################
tree size= 1 lb= 65891.4 ub= 65928
#########################################################################################
idx= 1 value= 65891.4 enu= 1
brc= 264-365 : -
brc= 77-229 : +
brc= 158-295 : +
brc= 157-180 : -
brc= 122-328 : -
brc= 185-192 : -
brc= 78-122 : +
brc= 49-298 : -
brc= 175-375 : +
brc= 45-199 : -
brc= 2-264 : -
brc= 128-314 : -
brc= 23-193 : +
brc= 23-381 : +
brc= 251-330 : +
brc= 149-351 : +
brc= 1-357 : +
it= 4   ncol= 2986  ncstr= 1443 mt= 4.0   spt= 0.0   lpval= 65892.7   ub= 65928.0  
-----------------------------------------------------------------------------------------
elapsed time= 187.68 s.
-----------------------------------------------------------------------------------------
columns pending deletion= 13156 remain= 111769 col ratio= 0.882293 row ratio= 0.906445
 ****** Separate Rank1Cuts ****** 
it= 4   ncol= 3050  ncstr= 1581 mt= 0.6   spt= 0.0   lpval= 65893.8   ub= 65928.0  
-----------------------------------------------------------------------------------------
elapsed time= 192.15 s.
-----------------------------------------------------------------------------------------
columns pending deletion= 22045 remain= 111769 col ratio= 0.802763 row ratio= 0.87666
[1;36m[REMIND] 2: gap improved= 1.085908 ratio= 0.031748 threshold= 0.040000 in function increaseCondition2 at /blue/yu.yang1/you.z/route_opt/packages/application/X-n384-k52/src/main/src/call_cutting.cpp:74[0m
 ****** Separate Rank1Cuts ****** 
it= 4   ncol= 3124  ncstr= 1677 mt= 0.6   spt= 0.0   lpval= 65894.7   ub= 65928.0  
-----------------------------------------------------------------------------------------
elapsed time= 196.28 s.
-----------------------------------------------------------------------------------------
columns pending deletion= 29126 remain= 111769 col ratio= 0.739409 row ratio= 0.843769
[1;36m[REMIND] 2: gap improved= 0.854842 ratio= 0.025633 threshold= 0.040000 in function increaseCondition2 at /blue/yu.yang1/you.z/route_opt/packages/application/X-n384-k52/src/main/src/call_cutting.cpp:74[0m
 ****** Separate Rank1Cuts ****** 
it= 3   ncol= 3172  ncstr= 1804 mt= 0.5   spt= 0.0   lpval= 65895.2   ub= 65928.0  
-----------------------------------------------------------------------------------------
elapsed time= 200.01 s.
-----------------------------------------------------------------------------------------
delete columns= 33268 remain= 78501
[1;36m[REMIND] 2: gap improved= 0.571226 ratio= 0.017427 threshold= 0.040000 in function increaseCondition2 at /blue/yu.yang1/you.z/route_opt/packages/application/X-n384-k52/src/main/src/call_cutting.cpp:74[0m
[1;36m[REMIND] tail off counter= 3 threshold= 3 in function setIfTailOff at /blue/yu.yang1/you.z/route_opt/packages/application/X-n384-k52/src/main/src/call_cutting.cpp:150[0m
current_r_best= 2.76422
alpha= 0.37 beta= 11.858 omega= 290.346 k1= 31
lb_k= 1 ub_k= 37
revise: lb_k= 24 ub_k= 37
opt_k= 33
alpha= 0.75 beta= 11.858 omega= 21.2519 k1= 3
lb_k= 1 ub_k= 3
revise: lb_k= 1 ub_k= 3
opt_k= 3
pseudo= 50 frac= 50
#candidates in phase1= 33
testing lp time= 22.77 s.
-----------------------------------------------------------------------------------------
168-179 ,  20.12|  59-148 ,  17.63|   0-241 ,  17.38|  53-318 ,  16.09|  89-266 ,  14.61| 
 45-307 ,  11.97| 201-230 ,  10.31|  59-241 ,   8.97|  47-90  ,   8.80| 182-240 ,   7.95| 
106-275 ,   6.15| 107-262 ,   6.10| 163-231 ,   6.06| 172-339 ,   5.88| 145-185 ,   5.87| 
180-366 ,   5.86| 176-199 ,   5.73| 224-231 ,   4.57|  75-277 ,   4.52| 157-366 ,   4.35| 
 75-123 ,   4.31| 174-221 ,   4.13|  16-278 ,   4.03| 247-331 ,   3.45| 238-345 ,   3.40| 
234-341 ,   2.96| 142-152 ,   2.88| 235-266 ,   2.88|  33-103 ,   1.41|   1-103 ,   1.38| 
 89-255 ,   1.27|  33-266 ,   1.07| 160-273 ,   0.62| 
-----------------------------------------------------------------------------------------
edge= 0 241 lp= 14.4476 pre= 2 lp2= 1.20326 pre2= 2 score= 17.3843
-----------------------------------------------------------------------------------------
edge= 59 148 lp= 12.2699 pre= 2 lp2= 1.437 pre2= 0 score= 17.6319
-----------------------------------------------------------------------------------------
edge= 168 179 lp= 2.24696 pre= 2 lp2= 8.95581 pre2= 2 score= 20.1234
-----------------------------------------------------------------------------------------
candidate= 168-179 : -
-----------------------------------------------------------------------------------------
it= 4   ncol= 3237  ncstr= 1464 mt= 4.9   spt= 0.0   lpval= 65897.3   ub= 65928.0  
-----------------------------------------------------------------------------------------
elapsed time= 232.99 s.
-----------------------------------------------------------------------------------------
candidate= 168-179 : +
-----------------------------------------------------------------------------------------
it= 6   ncol= 3361  ncstr= 1464 mt= 6.0   spt= 0.0   lpval= 65901.9   ub= 65928.0  
-----------------------------------------------------------------------------------------
elapsed time= 239.04 s.
-----------------------------------------------------------------------------------------
candidate= 59-148 : -
-----------------------------------------------------------------------------------------
it= 6   ncol= 3335  ncstr= 1464 mt= 5.5   spt= 0.0   lpval= 65904.8   ub= 65928.0  
-----------------------------------------------------------------------------------------
elapsed time= 244.59 s.
-----------------------------------------------------------------------------------------
candidate= 0-241 : -
-----------------------------------------------------------------------------------------
it= 6   ncol= 3328  ncstr= 1464 mt= 6.4   spt= 0.0   lpval= 65905.8   ub= 65928.0  
-----------------------------------------------------------------------------------------
elapsed time= 251.02 s.
-----------------------------------------------------------------------------------------
candidate= 59-148 : +
-----------------------------------------------------------------------------------------
it= 5   ncol= 3323  ncstr= 1464 mt= 5.6   spt= 0.0   lpval= 65896.3   ub= 65928.0  
-----------------------------------------------------------------------------------------
elapsed time= 256.62 s.
-----------------------------------------------------------------------------------------
brc= 168-179
t= 0.326905 c= 62.7713 n= 1 if_b4= 0
t= 5.24694 c= 67.2063 n= 1 if_b4= 0
#########################################################################################
tree size= 2 lb= 65891.4 ub= 65928
#########################################################################################
idx= 2 value= 65891.4 enu= 1
brc= 264-365 : -
brc= 77-229 : +
brc= 158-295 : +
brc= 157-180 : -
brc= 122-328 : -
brc= 185-192 : -
brc= 78-122 : +
brc= 49-298 : -
brc= 175-375 : +
brc= 45-199 : -
brc= 2-264 : -
brc= 128-314 : -
brc= 23-193 : +
brc= 23-381 : +
brc= 251-330 : +
brc= 149-351 : +
brc= 1-357 : -
it= 7   ncol= 3130  ncstr= 1443 mt= 2.2   spt= 0.0   lpval= 65904.0   ub= 65928.0  
-----------------------------------------------------------------------------------------
elapsed time= 268.51 s.
-----------------------------------------------------------------------------------------
delete columns= 79485 remain= 32750
 ****** Separate Rank1Cuts ****** 
it= 5   ncol= 3179  ncstr= 1366 mt= 1.0   spt= 0.0   lpval= 65907.7   ub= 65928.0  
-----------------------------------------------------------------------------------------
elapsed time= 276.71 s.
-----------------------------------------------------------------------------------------
delete columns= 11764 remain= 20986
 ****** Separate Rank1Cuts ****** 
it= 4   ncol= 3225  ncstr= 1363 mt= 0.7   spt= 0.0   lpval= 65909.7   ub= 65928.0  
-----------------------------------------------------------------------------------------
elapsed time= 280.80 s.
-----------------------------------------------------------------------------------------
columns pending deletion= 4690 remain= 20986 col ratio= 0.776518 row ratio= 0.919296
mip: row= 1253 col= 19470 density= 2.08212%
mip time= 46.93 s.
mip status= 6
update f from 0 to 18.2786
#########################################################################################
tree size= 1 lb= 65895.2 ub= 65928
#########################################################################################
idx= 3 value= 65895.2 enu= 1
brc= 264-365 : -
brc= 77-229 : +
brc= 158-295 : +
brc= 157-180 : -
brc= 122-328 : -
brc= 185-192 : -
brc= 78-122 : +
brc= 49-298 : -
brc= 175-375 : +
brc= 45-199 : -
brc= 2-264 : -
brc= 128-314 : -
brc= 23-193 : +
brc= 23-381 : +
brc= 251-330 : +
brc= 149-351 : +
brc= 1-357 : +
brc= 168-179 : +
it= 6   ncol= 3235  ncstr= 1463 mt= 6.1   spt= 0.0   lpval= 65901.9   ub= 65928.0  
-----------------------------------------------------------------------------------------
elapsed time= 337.53 s.
-----------------------------------------------------------------------------------------
delete columns= 36519 remain= 39659
 ****** Separate Rank1Cuts ****** 
it= 4   ncol= 3303  ncstr= 1411 mt= 0.8   spt= 0.0   lpval= 65904.5   ub= 65928.0  
-----------------------------------------------------------------------------------------
elapsed time= 345.63 s.
-----------------------------------------------------------------------------------------
columns pending deletion= 9566 remain= 39659 col ratio= 0.758794 row ratio= 0.906449
 ****** Separate RCCs ****** 
 ****** Separate Rank1Cuts ****** 
it= 4   ncol= 3358  ncstr= 1550 mt= 0.6   spt= 0.0   lpval= 65905.8   ub= 65928.0  
-----------------------------------------------------------------------------------------
elapsed time= 349.63 s.
-----------------------------------------------------------------------------------------
delete columns= 14076 remain= 25583
 ****** Separate RCCs ****** 
 ****** Separate Rank1Cuts ****** 
it= 3   ncol= 3371  ncstr= 1433 mt= 0.5   spt= 0.0   lpval= 65906.4   ub= 65928.0  
-----------------------------------------------------------------------------------------
elapsed time= 353.06 s.
-----------------------------------------------------------------------------------------
columns pending deletion= 1989 remain= 25583 col ratio= 0.922253 row ratio= 0.937893
[1;36m[REMIND] 2: gap improved= 0.603076 ratio= 0.027868 threshold= 0.040000 in function increaseCondition2 at /blue/yu.yang1/you.z/route_opt/packages/application/X-n384-k52/src/main/src/call_cutting.cpp:74[0m
 ****** Separate Rank1Cuts ****** 
it= 3   ncol= 3376  ncstr= 1536 mt= 0.3   spt= 0.0   lpval= 65906.9   ub= 65928.0  
-----------------------------------------------------------------------------------------
elapsed time= 356.36 s.
-----------------------------------------------------------------------------------------
columns pending deletion= 3633 remain= 25583 col ratio= 0.857992 row ratio= 0.897786
[1;36m[REMIND] 2: gap improved= 0.555915 ratio= 0.026366 threshold= 0.040000 in function increaseCondition2 at /blue/yu.yang1/you.z/route_opt/packages/application/X-n384-k52/src/main/src/call_cutting.cpp:74[0m
 ****** Separate Rank1Cuts ****** 
it= 4   ncol= 3441  ncstr= 1646 mt= 0.5   spt= 0.0   lpval= 65907.5   ub= 65928.0  
-----------------------------------------------------------------------------------------
elapsed time= 360.06 s.
-----------------------------------------------------------------------------------------
columns pending deletion= 5301 remain= 25583 col ratio= 0.792792 row ratio= 0.848724
[1;36m[REMIND] 2: gap improved= 0.602817 ratio= 0.029432 threshold= 0.040000 in function increaseCondition2 at /blue/yu.yang1/you.z/route_opt/packages/application/X-n384-k52/src/main/src/call_cutting.cpp:74[0m
[1;36m[REMIND] tail off counter= 3 threshold= 3 in function setIfTailOff at /blue/yu.yang1/you.z/route_opt/packages/application/X-n384-k52/src/main/src/call_cutting.cpp:150[0m
current_r_best= 8.95081
alpha= 0.37 beta= 0.246138 omega= 192.017 k1= 3
lb_k= 1 ub_k= 37
revise: lb_k= 3 ub_k= 4
opt_k= 3
alpha= 0.75 beta= 0.246138 omega= 12.8087 k1= 1
lb_k= 1 ub_k= 3
revise: lb_k= 1 ub_k= 2
opt_k= 2
pseudo= 50 frac= 50
#candidates in phase1= 3
testing lp time= 2.59 s.
-----------------------------------------------------------------------------------------
176-199 ,   7.73| 118-226 ,   1.36| 103-176 ,   0.34| 
-----------------------------------------------------------------------------------------
edge= 118 226 lp= 0.292271 pre= 2 lp2= 4.664 pre2= 2 score= 1.36315
-----------------------------------------------------------------------------------------
edge= 176 199 lp= 4.664 pre= 2 lp2= 1.65674 pre2= 0 score= 7.72705
-----------------------------------------------------------------------------------------
candidate= 176-199 : -
-----------------------------------------------------------------------------------------
it= 5   ncol= 3516  ncstr= 1647 mt= 6.6   spt= 0.0   lpval= 65911.5   ub= 65928.0  
-----------------------------------------------------------------------------------------
elapsed time= 369.29 s.
-----------------------------------------------------------------------------------------
brc= 176-199
t= 0.361873 c= 52.5326 n= 2 if_b4= 0
t= 5.70802 c= 54.816 n= 2 if_b4= 0
#########################################################################################
tree size= 2 lb= 65895.2 ub= 65928
#########################################################################################
idx= 4 value= 65895.2 enu= 1
brc= 264-365 : -
brc= 77-229 : +
brc= 158-295 : +
brc= 157-180 : -
brc= 122-328 : -
brc= 185-192 : -
brc= 78-122 : +
brc= 49-298 : -
brc= 175-375 : +
brc= 45-199 : -
brc= 2-264 : -
brc= 128-314 : -
brc= 23-193 : +
brc= 23-381 : +
brc= 251-330 : +
brc= 149-351 : +
brc= 1-357 : +
brc= 168-179 : -
it= 5   ncol= 3252  ncstr= 1463 mt= 0.8   spt= 0.0   lpval= 65897.3   ub= 65928.0  
-----------------------------------------------------------------------------------------
elapsed time= 381.24 s.
-----------------------------------------------------------------------------------------
columns pending deletion= 13367 remain= 78387 col ratio= 0.829474 row ratio= 0.925496
 ****** Separate RCCs ****** 
 ****** Separate Rank1Cuts ****** 
it= 4   ncol= 3309  ncstr= 1552 mt= 0.7   spt= 0.0   lpval= 65899.6   ub= 65928.0  
-----------------------------------------------------------------------------------------
elapsed time= 385.58 s.
-----------------------------------------------------------------------------------------
delete columns= 26246 remain= 52141
 ****** Separate RCCs ****** 
 ****** Separate Rank1Cuts ****** 
it= 4   ncol= 3334  ncstr= 1437 mt= 0.3   spt= 0.0   lpval= 65900.4   ub= 65928.0  
-----------------------------------------------------------------------------------------
elapsed time= 393.65 s.
-----------------------------------------------------------------------------------------
columns pending deletion= 4947 remain= 52141 col ratio= 0.905123 row ratio= 0.948504
[1;36m[REMIND] 2: gap improved= 0.817850 ratio= 0.029655 threshold= 0.040000 in function increaseCondition2 at /blue/yu.yang1/you.z/route_opt/packages/application/X-n384-k52/src/main/src/call_cutting.cpp:74[0m
 ****** Separate Rank1Cuts ****** 
it= 3   ncol= 3352  ncstr= 1569 mt= 0.3   spt= 0.0   lpval= 65901.1   ub= 65928.0  
-----------------------------------------------------------------------------------------
elapsed time= 397.14 s.
-----------------------------------------------------------------------------------------
columns pending deletion= 8379 remain= 52141 col ratio= 0.839301 row ratio= 0.888464
[1;36m[REMIND] 2: gap improved= 0.639848 ratio= 0.023752 threshold= 0.040000 in function increaseCondition2 at /blue/yu.yang1/you.z/route_opt/packages/application/X-n384-k52/src/main/src/call_cutting.cpp:74[0m
 ****** Separate Rank1Cuts ****** 
it= 4   ncol= 3372  ncstr= 1614 mt= 0.3   spt= 0.0   lpval= 65901.4   ub= 65928.0  
-----------------------------------------------------------------------------------------
elapsed time= 400.17 s.
-----------------------------------------------------------------------------------------
columns pending deletion= 10124 remain= 52141 col ratio= 0.805834 row ratio= 0.8829
[1;36m[REMIND] 2: gap improved= 0.354522 ratio= 0.013336 threshold= 0.040000 in function increaseCondition2 at /blue/yu.yang1/you.z/route_opt/packages/application/X-n384-k52/src/main/src/call_cutting.cpp:74[0m
[1;36m[REMIND] tail off counter= 3 threshold= 3 in function setIfTailOff at /blue/yu.yang1/you.z/route_opt/packages/application/X-n384-k52/src/main/src/call_cutting.cpp:150[0m
current_r_best= 6.35263
alpha= 0.37 beta= 1.30744 omega= 145.169 k1= 7
lb_k= 1 ub_k= 37
revise: lb_k= 6 ub_k= 8
opt_k= 7
alpha= 0.75 beta= 1.30744 omega= 9.60334 k1= 3
lb_k= 1 ub_k= 3
revise: lb_k= 2 ub_k= 3
opt_k= 3
pseudo= 50 frac= 50
#candidates in phase1= 7
testing lp time= 5.77 s.
-----------------------------------------------------------------------------------------
239-286 ,  36.04|  45-307 ,  27.89| 302-356 ,  18.95| 237-288 ,   7.24|  15-275 ,   6.84| 
 47-266 ,   1.40| 135-255 ,   1.27| 
-----------------------------------------------------------------------------------------
edge= 302 356 lp= 3.63556 pre= 0 lp2= 5.21239 pre2= 0 score= 18.95
-----------------------------------------------------------------------------------------
edge= 45 307 lp= 0.93111 pre= 0 lp2= 29.9508 pre2= 2 score= 27.8875
-----------------------------------------------------------------------------------------
edge= 239 286 lp= 1.40841 pre= 0 lp2= 25.5876 pre2= 2 score= 36.0379
-----------------------------------------------------------------------------------------
candidate= 239-286 : +
-----------------------------------------------------------------------------------------
it= 8   ncol= 3564  ncstr= 1615 mt= 8.8   spt= 0.0   lpval= 65915.3   ub= 65928.0  
-----------------------------------------------------------------------------------------
elapsed time= 414.79 s.
-----------------------------------------------------------------------------------------
candidate= 45-307 : +
-----------------------------------------------------------------------------------------
it= 7   ncol= 3594  ncstr= 1615 mt= 9.7   spt= 0.0   lpval= 65914.0   ub= 65928.0  
-----------------------------------------------------------------------------------------
elapsed time= 424.49 s.
-----------------------------------------------------------------------------------------
brc= 239-286
t= 0.374401 c= 46.6581 n= 3 if_b4= 0
t= 6.59861 c= 46.7741 n= 3 if_b4= 0
#########################################################################################
tree size= 3 lb= 65901.4 ub= 65928
#########################################################################################
idx= 7 value= 65901.4 enu= 1
brc= 264-365 : -
brc= 77-229 : +
brc= 158-295 : +
brc= 157-180 : -
brc= 122-328 : -
brc= 185-192 : -
brc= 78-122 : +
brc= 49-298 : -
brc= 175-375 : +
brc= 45-199 : -
brc= 2-264 : -
brc= 128-314 : -
brc= 23-193 : +
brc= 23-381 : +
brc= 251-330 : +
brc= 149-351 : +
brc= 1-357 : +
brc= 168-179 : -
brc= 239-286 : +
it= 8   ncol= 3484  ncstr= 1614 mt= 8.5   spt= 0.0   lpval= 65915.3   ub= 65928.0  
-----------------------------------------------------------------------------------------
elapsed time= 444.57 s.
-----------------------------------------------------------------------------------------
delete columns= 33527 remain= 7560
 ****** Separate Rank1Cuts ****** 
it= 4   ncol= 3266  ncstr= 1330 mt= 0.6   spt= 0.0   lpval= 65919.6   ub= 65928.0  
-----------------------------------------------------------------------------------------
elapsed time= 448.12 s.
-----------------------------------------------------------------------------------------
delete columns= 3911 remain= 3649
mip: row= 1235 col= 6478 density= 2.15751%
mip time= 7.98 s.
mip status= 6
#########################################################################################
tree size= 2 lb= 65901.4 ub= 65928
#########################################################################################
idx= 8 value= 65901.4 enu= 1
brc= 264-365 : -
brc= 77-229 : +
brc= 158-295 : +
brc= 157-180 : -
brc= 122-328 : -
brc= 185-192 : -
brc= 78-122 : +
brc= 49-298 : -
brc= 175-375 : +
brc= 45-199 : -
brc= 2-264 : -
brc= 128-314 : -
brc= 23-193 : +
brc= 23-381 : +
brc= 251-330 : +
brc= 149-351 : +
brc= 1-357 : +
brc= 168-179 : -
brc= 239-286 : -
it= 3   ncol= 3402  ncstr= 1614 mt= 0.3   spt= 0.0   lpval= 65902.8   ub= 65928.0  
-----------------------------------------------------------------------------------------
elapsed time= 456.51 s.
-----------------------------------------------------------------------------------------
columns pending deletion= 5655 remain= 42003 col ratio= 0.865367 row ratio= 0.851921
 ****** Separate Rank1Cuts ****** 
it= 5   ncol= 3450  ncstr= 1708 mt= 0.6   spt= 0.0   lpval= 65903.8   ub= 65928.0  
-----------------------------------------------------------------------------------------
elapsed time= 460.61 s.
-----------------------------------------------------------------------------------------
columns pending deletion= 9711 remain= 42003 col ratio= 0.768802 row ratio= 0.828454
 ****** Separate Rank1Cuts ****** 
it= 3   ncol= 3494  ncstr= 1830 mt= 0.4   spt= 0.0   lpval= 65904.6   ub= 65928.0  
-----------------------------------------------------------------------------------------
elapsed time= 464.32 s.
-----------------------------------------------------------------------------------------
delete columns= 12493 remain= 29510
[1;36m[REMIND] 2: gap improved= 0.781477 ratio= 0.033398 threshold= 0.040000 in function increaseCondition2 at /blue/yu.yang1/you.z/route_opt/packages/application/X-n384-k52/src/main/src/call_cutting.cpp:74[0m
 ****** Separate Rank1Cuts ****** 
it= 3   ncol= 3543  ncstr= 1545 mt= 0.4   spt= 0.0   lpval= 65905.1   ub= 65928.0  
-----------------------------------------------------------------------------------------
elapsed time= 472.92 s.
-----------------------------------------------------------------------------------------
columns pending deletion= 1860 remain= 29510 col ratio= 0.936971 row ratio= 0.923625
[1;36m[REMIND] 2: gap improved= 0.472666 ratio= 0.020616 threshold= 0.040000 in function increaseCondition2 at /blue/yu.yang1/you.z/route_opt/packages/application/X-n384-k52/src/main/src/call_cutting.cpp:74[0m
 ****** Separate Rank1Cuts ****** 
it= 4   ncol= 3559  ncstr= 1654 mt= 0.4   spt= 0.0   lpval= 65905.4   ub= 65928.0  
-----------------------------------------------------------------------------------------
elapsed time= 476.29 s.
-----------------------------------------------------------------------------------------
columns pending deletion= 3049 remain= 29510 col ratio= 0.896679 row ratio= 0.880895
[1;36m[REMIND] 2: gap improved= 0.333560 ratio= 0.014764 threshold= 0.040000 in function increaseCondition2 at /blue/yu.yang1/you.z/route_opt/packages/application/X-n384-k52/src/main/src/call_cutting.cpp:74[0m
[1;36m[REMIND] tail off counter= 3 threshold= 3 in function setIfTailOff at /blue/yu.yang1/you.z/route_opt/packages/application/X-n384-k52/src/main/src/call_cutting.cpp:150[0m
current_r_best= 6.35263
alpha= 0.37 beta= 0.679156 omega= 124.621 k1= 4
lb_k= 1 ub_k= 37
revise: lb_k= 3 ub_k= 5
opt_k= 4
alpha= 0.75 beta= 0.679156 omega= 7.08847 k1= 2
lb_k= 1 ub_k= 3
revise: lb_k= 1 ub_k= 3
opt_k= 2
pseudo= 50 frac= 50
#candidates in phase1= 4
testing lp time= 3.43 s.
-----------------------------------------------------------------------------------------
 59-148 ,  22.95|  56-221 ,   8.06| 176-199 ,   6.01|  87-92  ,   3.59| 
-----------------------------------------------------------------------------------------
edge= 56 221 lp= 0.600954 pre= 0 lp2= 13.4092 pre2= 0 score= 8.05828
-----------------------------------------------------------------------------------------
edge= 59 148 lp= 11.2717 pre= 2 lp2= 2.03612 pre2= 0 score= 22.9505
-----------------------------------------------------------------------------------------
candidate= 59-148 : -
-----------------------------------------------------------------------------------------
it= 4   ncol= 3620  ncstr= 1655 mt= 7.1   spt= 0.0   lpval= 65914.6   ub= 65928.0  
-----------------------------------------------------------------------------------------
elapsed time= 486.85 s.
-----------------------------------------------------------------------------------------
brc= 59-148
t= 0.385167 c= 42.0742 n= 4 if_b4= 0
t= 6.70397 c= 41.797 n= 4 if_b4= 0
#########################################################################################
tree size= 3 lb= 65905.4 ub= 65928
#########################################################################################
idx= 9 value= 65905.4 enu= 1
brc= 264-365 : -
brc= 77-229 : +
brc= 158-295 : +
brc= 157-180 : -
brc= 122-328 : -
brc= 185-192 : -
brc= 78-122 : +
brc= 49-298 : -
brc= 175-375 : +
brc= 45-199 : -
brc= 2-264 : -
brc= 128-314 : -
brc= 23-193 : +
brc= 23-381 : +
brc= 251-330 : +
brc= 149-351 : +
brc= 1-357 : +
brc= 168-179 : -
brc= 239-286 : -
brc= 59-148 : +
it= 5   ncol= 3609  ncstr= 1654 mt= 6.5   spt= 0.0   lpval= 65907.2   ub= 65928.0  
-----------------------------------------------------------------------------------------
elapsed time= 505.91 s.
-----------------------------------------------------------------------------------------
columns pending deletion= 4748 remain= 26176 col ratio= 0.818612 row ratio= 0.836759
 ****** Separate RCCs ****** 
 ****** Separate Rank1Cuts ****** 
it= 4   ncol= 3614  ncstr= 1759 mt= 0.6   spt= 0.0   lpval= 65907.9   ub= 65928.0  
-----------------------------------------------------------------------------------------
elapsed time= 509.52 s.
-----------------------------------------------------------------------------------------
delete columns= 6805 remain= 19371
[1;36m[REMIND] 2: gap improved= 0.637994 ratio= 0.031672 threshold= 0.040000 in function increaseCondition2 at /blue/yu.yang1/you.z/route_opt/packages/application/X-n384-k52/src/main/src/call_cutting.cpp:74[0m
 ****** Separate Rank1Cuts ****** 
it= 3   ncol= 3625  ncstr= 1477 mt= 0.3   spt= 0.0   lpval= 65908.2   ub= 65928.0  
-----------------------------------------------------------------------------------------
elapsed time= 517.20 s.
-----------------------------------------------------------------------------------------
columns pending deletion= 1085 remain= 19371 col ratio= 0.943988 row ratio= 0.943128
[1;36m[REMIND] 2: gap improved= 0.321865 ratio= 0.016238 threshold= 0.040000 in function increaseCondition2 at /blue/yu.yang1/you.z/route_opt/packages/application/X-n384-k52/src/main/src/call_cutting.cpp:74[0m
 ****** Separate Rank1Cuts ****** 
it= 3   ncol= 3664  ncstr= 1586 mt= 0.5   spt= 0.0   lpval= 65908.5   ub= 65928.0  
-----------------------------------------------------------------------------------------
elapsed time= 520.40 s.
-----------------------------------------------------------------------------------------
columns pending deletion= 1965 remain= 19371 col ratio= 0.89856 row ratio= 0.901639
[1;36m[REMIND] 2: gap improved= 0.316745 ratio= 0.016239 threshold= 0.040000 in function increaseCondition2 at /blue/yu.yang1/you.z/route_opt/packages/application/X-n384-k52/src/main/src/call_cutting.cpp:74[0m
[1;36m[REMIND] tail off counter= 3 threshold= 3 in function setIfTailOff at /blue/yu.yang1/you.z/route_opt/packages/application/X-n384-k52/src/main/src/call_cutting.cpp:150[0m
current_r_best= 6.35263
alpha= 0.37 beta= 0.193102 omega= 109.236 k1= 2
lb_k= 1 ub_k= 3
revise: lb_k= 2 ub_k= 2
opt_k= 2
alpha= 0.75 beta= 0.193102 omega= 6.23466 k1= 1
lb_k= 1 ub_k= 2
revise: lb_k= 1 ub_k= 1
opt_k= 1
pseudo= 50 frac= 50
#candidates in phase1= 2
testing lp time= 1.64 s.
-----------------------------------------------------------------------------------------
 47-90  ,   5.30|  45-91  ,   4.13| 
-----------------------------------------------------------------------------------------
brc= 47-90
t= 0.389483 c= 38.5772 n= 5 if_b4= 0
t= 6.70397 c= 38.4833 n= 5 if_b4= 0
#########################################################################################
tree size= 4 lb= 65905.4 ub= 65928
#########################################################################################
idx= 10 value= 65905.4 enu= 1
brc= 264-365 : -
brc= 77-229 : +
brc= 158-295 : +
brc= 157-180 : -
brc= 122-328 : -
brc= 185-192 : -
brc= 78-122 : +
brc= 49-298 : -
brc= 175-375 : +
brc= 45-199 : -
brc= 2-264 : -
brc= 128-314 : -
brc= 23-193 : +
brc= 23-381 : +
brc= 251-330 : +
brc= 149-351 : +
brc= 1-357 : +
brc= 168-179 : -
brc= 239-286 : -
brc= 59-148 : -
it= 4   ncol= 3613  ncstr= 1654 mt= 1.5   spt= 0.0   lpval= 65914.6   ub= 65928.0  
-----------------------------------------------------------------------------------------
elapsed time= 535.90 s.
-----------------------------------------------------------------------------------------
delete columns= 17360 remain= 9087
 ****** Separate RCCs ****** 
 ****** Separate Rank1Cuts ****** 
it= 3   ncol= 3466  ncstr= 1443 mt= 0.9   spt= 0.0   lpval= 65918.5   ub= 65928.0  
-----------------------------------------------------------------------------------------
elapsed time= 544.38 s.
-----------------------------------------------------------------------------------------
delete columns= 4060 remain= 5027
mip: row= 1359 col= 8271 density= 2.32737%
mip time= 15.76 s.
mip status= 6
#########################################################################################
tree size= 3 lb= 65907.5 ub= 65928
#########################################################################################
idx= 5 value= 65907.5 enu= 1
brc= 264-365 : -
brc= 77-229 : +
brc= 158-295 : +
brc= 157-180 : -
brc= 122-328 : -
brc= 185-192 : -
brc= 78-122 : +
brc= 49-298 : -
brc= 175-375 : +
brc= 45-199 : -
brc= 2-264 : -
brc= 128-314 : -
brc= 23-193 : +
brc= 23-381 : +
brc= 251-330 : +
brc= 149-351 : +
brc= 1-357 : +
brc= 168-179 : +
brc= 176-199 : +
it= 5   ncol= 3452  ncstr= 1646 mt= 6.3   spt= 0.0   lpval= 65908.8   ub= 65928.0  
-----------------------------------------------------------------------------------------
elapsed time= 571.07 s.
-----------------------------------------------------------------------------------------
columns pending deletion= 3360 remain= 19752 col ratio= 0.829891 row ratio= 0.796476
 ****** Separate RCCs ****** 
 ****** Separate Rank1Cuts ****** 
it= 3   ncol= 3352  ncstr= 1757 mt= 0.3   spt= 0.0   lpval= 65909.3   ub= 65928.0  
-----------------------------------------------------------------------------------------
elapsed time= 574.23 s.
-----------------------------------------------------------------------------------------
delete columns= 4653 remain= 15099
[1;36m[REMIND] 2: gap improved= 0.564487 ratio= 0.030239 threshold= 0.040000 in function increaseCondition2 at /blue/yu.yang1/you.z/route_opt/packages/application/X-n384-k52/src/main/src/call_cutting.cpp:74[0m
mip: row= 1353 col= 18428 density= 2.1506%
mip time= 133.83 s.
mip status= 6
update f from 18.2786 to 18.6674
#########################################################################################
tree size= 2 lb= 65907.5 ub= 65928
#########################################################################################
idx= 6 value= 65907.5 enu= 1
brc= 264-365 : -
brc= 77-229 : +
brc= 158-295 : +
brc= 157-180 : -
brc= 122-328 : -
brc= 185-192 : -
brc= 78-122 : +
brc= 49-298 : -
brc= 175-375 : +
brc= 45-199 : -
brc= 2-264 : -
brc= 128-314 : -
brc= 23-193 : +
brc= 23-381 : +
brc= 251-330 : +
brc= 149-351 : +
brc= 1-357 : +
brc= 168-179 : +
brc= 176-199 : -
it= 5   ncol= 3523  ncstr= 1646 mt= 1.2   spt= 0.0   lpval= 65911.5   ub= 65928.0  
-----------------------------------------------------------------------------------------
elapsed time= 709.36 s.
-----------------------------------------------------------------------------------------
delete columns= 7417 remain= 12859
 ****** Separate Rank1Cuts ****** 
it= 3   ncol= 3425  ncstr= 1408 mt= 0.3   spt= 0.0   lpval= 65912.6   ub= 65928.0  
-----------------------------------------------------------------------------------------
elapsed time= 716.47 s.
-----------------------------------------------------------------------------------------
columns pending deletion= 2015 remain= 12859 col ratio= 0.8433 row ratio= 0.916193
mip: row= 1290 col= 14211 density= 2.16708%
mip time= 38.71 s.
mip status= 6
#########################################################################################
tree size= 1 lb= 65908.5 ub= 65928
#########################################################################################
idx= 11 value= 65908.5 enu= 1
brc= 264-365 : -
brc= 77-229 : +
brc= 158-295 : +
brc= 157-180 : -
brc= 122-328 : -
brc= 185-192 : -
brc= 78-122 : +
brc= 49-298 : -
brc= 175-375 : +
brc= 45-199 : -
brc= 2-264 : -
brc= 128-314 : -
brc= 23-193 : +
brc= 23-381 : +
brc= 251-330 : +
brc= 149-351 : +
brc= 1-357 : +
brc= 168-179 : -
brc= 239-286 : -
brc= 59-148 : +
brc= 47-90 : +
it= 6   ncol= 3685  ncstr= 1586 mt= 6.0   spt= 0.0   lpval= 65918.8   ub= 65928.0  
-----------------------------------------------------------------------------------------
elapsed time= 761.29 s.
-----------------------------------------------------------------------------------------
delete columns= 12929 remain= 3820
 ****** Separate RCCs ****** 
 ****** Separate Rank1Cuts ****** 
it= 3   ncol= 2928  ncstr= 1311 mt= 0.7   spt= 0.0   lpval= 65922.2   ub= 65928.0  
-----------------------------------------------------------------------------------------
elapsed time= 767.99 s.
-----------------------------------------------------------------------------------------
delete columns= 1792 remain= 2028
mip: row= 1186 col= 4397 density= 2.30766%
mip time= 1.96 s.
mip status= 6
#########################################################################################
tree size= 0 lb= 65908.5 ub= 65928
#########################################################################################
idx= 12 value= 65908.5 enu= 1
brc= 264-365 : -
brc= 77-229 : +
brc= 158-295 : +
brc= 157-180 : -
brc= 122-328 : -
brc= 185-192 : -
brc= 78-122 : +
brc= 49-298 : -
brc= 175-375 : +
brc= 45-199 : -
brc= 2-264 : -
brc= 128-314 : -
brc= 23-193 : +
brc= 23-381 : +
brc= 251-330 : +
brc= 149-351 : +
brc= 1-357 : +
brc= 168-179 : -
brc= 239-286 : -
brc= 59-148 : +
brc= 47-90 : -
it= 3   ncol= 3663  ncstr= 1586 mt= 0.2   spt= 0.0   lpval= 65908.9   ub= 65928.0  
-----------------------------------------------------------------------------------------
elapsed time= 772.80 s.
-----------------------------------------------------------------------------------------
columns pending deletion= 749 remain= 17394 col ratio= 0.956939 row ratio= 0.898487
 ****** Separate Rank1Cuts ****** 
it= 4   ncol= 3685  ncstr= 1637 mt= 0.8   spt= 0.0   lpval= 65909.9   ub= 65928.0  
-----------------------------------------------------------------------------------------
elapsed time= 776.64 s.
-----------------------------------------------------------------------------------------
columns pending deletion= 2269 remain= 17394 col ratio= 0.869553 row ratio= 0.862553
mip: row= 1412 col= 18792 density= 2.09662%
mip time= 121.85 s.
mip status= 6
#########################################################################################
[32m<Instance: X-n384-k52>
<Solution>
<UB= 65928>
<LB= 65928>
<Elapsed Time= 903.7>
<Nodes Explored= 13>
<Global Gap= 0%>[0m
#########################################################################################
File nodes/X-n384-k52_1_0_3_1_3_0_0_0_G32.node deleted successfully.
