application type: CVRP
X-n384-k52_3_0_2_1_0_1_0_1_1_G32.node
Set parameter ServerTimeout to value 600
Set parameter TokenServer to value "grb-ts.ufhpc"
Set parameter Threads to value 1
instance name= X-n384-k52
#########################################################################################
tree size= 0 lb= 0 ub= 65929
#########################################################################################
idx= 3 value= 65869 enu= 0
brc= 264-365 : -
brc= 77-229 : -
brc= 49-126 : -
brc= 2-264 : +
brc= 317-370 : +
brc= 176-199 : -
brc= 109-146 : -
brc= 59-148 : +
brc= 0-142 : -
brc= 45-199 : +
brc= 158-295 : +
brc= 122-328 : -
brc= 78-122 : +
brc= 0-327 : +
brc= 44-170 : -
brc= 54-119 : +
brc= 166-311 : -
brc= 93-166 : +
-----------------------------------------------------------------------------------------
 ****** Pricing Level: LIGHT HEUR ****** 
it= 11  ncol= 2640  ncstr= 1244 mt= 1.0   spt= 0.8   lpval= 65876.2   ub= 65928.0  
 ****** Pricing Level: HEAVY HEUR ****** 
it= 12  ncol= 2851  ncstr= 1244 mt= 1.1   spt= 1.6   lpval= 65875.2   ub= 65928.0  
 ****** Pricing Level: EXACT ****** 
it= 4   ncol= 3037  ncstr= 1244 mt= 0.7   spt= 3.4   lpval= 65873.9   ub= 65928.0  
-----------------------------------------------------------------------------------------
elapsed time= 17.04 s.
-----------------------------------------------------------------------------------------
-----------------------------------------------------------------------------------------
 ****** Run Arc Elimination ****** 
arc elimination time= 4.77 s.
previous= 89.6439% maximum= 3.7706%
eliminate bucket arcs time= 0.72 s.
obtain jump arcs time= 0.01 s.
-----------------------------------------------------------------------------------------
-----------------------------------------------------------------------------------------
elapsed time= 22.91 s.
-----------------------------------------------------------------------------------------
-----------------------------------------------------------------------------------------
 ****** Try Enumeration ****** 
#labels= 244027 #routes= 79
labeling 1 time= 1.57 s.
concatenate time= 2.56 s.
#routes= 539006
average gap of successful enumeration= 0.000806074
next try value > 65861.6
-----------------------------------------------------------------------------------------
elapsed time= 27.26 s.
-----------------------------------------------------------------------------------------
 ****** Process Enumeration Matrix ****** 
delete non-ele routes lp val= 65874.3
recover rank1c lp val= 65877.8
recover rcc lp val= 65877.8
obtain rcc coefficient time= 0.01 s.
obtain r1c coefficient time= 0.67 s.
obtain matrix from triplets time= 0.40 s.
delete columns by branch time= 0.00 s.
columns pending deletion= 8658 remain= 539006 col ratio= 0.983937 row ratio= 1
regenerate enumeration matrix time= 0.00 s.
-----------------------------------------------------------------------------------------
elapsed time= 38.02 s.
-----------------------------------------------------------------------------------------
it= 7   ncol= 2577  ncstr= 1180 mt= 0.6   spt= 0.2   lpval= 65876.7   ub= 65928.0  
-----------------------------------------------------------------------------------------
elapsed time= 38.91 s.
-----------------------------------------------------------------------------------------
delete columns= 193404 remain= 345602
 ****** Separate Rank1Cuts ****** 
it= 5   ncol= 2650  ncstr= 1207 mt= 0.6   spt= 0.1   lpval= 65880.0   ub= 65928.0  
-----------------------------------------------------------------------------------------
elapsed time= 45.60 s.
-----------------------------------------------------------------------------------------
columns pending deletion= 78515 remain= 345602 col ratio= 0.772817 row ratio= 0.918807
 ****** Separate RCCs ****** 
 ****** Separate Rank1Cuts ****** 
it= 6   ncol= 2770  ncstr= 1363 mt= 1.0   spt= 0.1   lpval= 65882.1   ub= 65928.0  
-----------------------------------------------------------------------------------------
elapsed time= 50.43 s.
-----------------------------------------------------------------------------------------
delete columns= 116726 remain= 228876
 ****** Separate RCCs ****** 
 ****** Separate Rank1Cuts ****** 
it= 4   ncol= 2861  ncstr= 1256 mt= 0.2   spt= 0.0   lpval= 65882.8   ub= 65928.0  
-----------------------------------------------------------------------------------------
elapsed time= 56.75 s.
-----------------------------------------------------------------------------------------
columns pending deletion= 15682 remain= 228876 col ratio= 0.931483 row ratio= 0.949045
[1;36m[REMIND] 2: gap improved= 0.734481 ratio= 0.016260 threshold= 0.040000 in function increaseCondition2 at /blue/yu.yang1/you.z/route_opt/packages/application/X-n384-k52/src/main/src/call_cutting.cpp:74[0m
 ****** Separate Rank1Cuts ****** 
it= 5   ncol= 2963  ncstr= 1391 mt= 0.6   spt= 0.1   lpval= 65884.2   ub= 65928.0  
-----------------------------------------------------------------------------------------
elapsed time= 60.91 s.
-----------------------------------------------------------------------------------------
columns pending deletion= 34658 remain= 228876 col ratio= 0.848573 row ratio= 0.875629
[1;36m[REMIND] 2: gap improved= 1.327895 ratio= 0.030286 threshold= 0.040000 in function increaseCondition2 at /blue/yu.yang1/you.z/route_opt/packages/application/X-n384-k52/src/main/src/call_cutting.cpp:74[0m
 ****** Separate Rank1Cuts ****** 
it= 4   ncol= 3056  ncstr= 1503 mt= 0.6   spt= 0.0   lpval= 65885.3   ub= 65928.0  
-----------------------------------------------------------------------------------------
elapsed time= 64.81 s.
-----------------------------------------------------------------------------------------
columns pending deletion= 50639 remain= 228876 col ratio= 0.778749 row ratio= 0.832335
[1;36m[REMIND] 2: gap improved= 1.156571 ratio= 0.027094 threshold= 0.040000 in function increaseCondition2 at /blue/yu.yang1/you.z/route_opt/packages/application/X-n384-k52/src/main/src/call_cutting.cpp:74[0m
[1;36m[REMIND] tail off counter= 3 threshold= 3 in function setIfTailOff at /blue/yu.yang1/you.z/route_opt/packages/application/X-n384-k52/src/main/src/call_cutting.cpp:150[0m
[1;36m[REMIND] opt_k not found for node 3, use m directly in function getOptK at /blue/yu.yang1/you.z/route_opt/packages/branching/bkf/include/bkf_controller.hpp:239[0m
current_r_best= 11.8641
we directly test 100
we directly test 4
pseudo= 50 frac= 50
#candidates in phase1= 100
testing lp time= 62.49 s.
-----------------------------------------------------------------------------------------
  0-103 ,  48.31|  56-221 ,  44.49| 168-179 ,  31.23| 159-338 ,  28.44|  34-92  ,  26.51| 
  0-299 ,  25.14| 161-174 ,  24.99| 165-290 ,  23.04| 110-369 ,  21.99| 287-338 ,  21.37| 
 39-308 ,  20.68|   0-121 ,  19.94|  49-292 ,  19.13|  49-298 ,  18.94|   0-49  ,  18.69| 
186-311 ,  17.97|   0-134 ,  17.93| 189-354 ,  17.81|   0-44  ,  17.74| 308-376 ,  17.52| 
 75-277 ,  16.63|   0-201 ,  16.13|  57-230 ,  15.76| 221-268 ,  15.27|  44-98  ,  15.01| 
  0-221 ,  14.27| 111-142 ,  13.33|  19-102 ,  13.33| 356-376 ,  13.33|   0-291 ,  12.75| 
 98-228 ,  12.72|   0-311 ,  12.68|   0-12  ,  12.42|  56-329 ,  12.25| 121-338 ,  11.73| 
 42-95  ,  11.60|   0-206 ,   9.47| 161-268 ,   8.84| 170-351 ,   8.44| 252-293 ,   8.19| 
 40-60  ,   8.09|  71-240 ,   7.82| 298-323 ,   7.82| 221-303 ,   7.67| 107-262 ,   7.54| 
 89-255 ,   7.50| 284-295 ,   7.41|   0-133 ,   7.23| 171-289 ,   7.09|   4-312 ,   7.09| 
  0-137 ,   7.06|   0-97  ,   7.00| 255-266 ,   6.94|  86-285 ,   6.93|  79-156 ,   6.67| 
106-275 ,   6.53| 176-210 ,   6.30|  32-166 ,   6.27|  40-216 ,   6.04|   0-275 ,   6.04| 
 34-117 ,   5.90|  24-173 ,   5.89|  64-219 ,   5.86|  48-258 ,   5.56| 236-257 ,   5.34| 
 72-115 ,   4.99|   0-321 ,   4.91|   4-321 ,   4.91| 268-303 ,   4.85|  44-90  ,   4.82| 
182-275 ,   4.82|   0-274 ,   4.73|   0-278 ,   4.59|  12-349 ,   4.21| 166-304 ,   3.94| 
 26-130 ,   3.86| 293-337 ,   3.85| 306-349 ,   3.80| 111-323 ,   3.74|  64-86  ,   3.65| 
164-179 ,   3.53|   0-101 ,   3.50|   0-64  ,   3.37|  10-16  ,   3.31|  89-290 ,   3.28| 
  0-107 ,   3.22|   9-64  ,   3.14|   0-69  ,   3.02|  44-112 ,   2.98| 245-307 ,   2.46| 
240-262 ,   2.00| 228-253 ,   1.98|  51-344 ,   1.84|  26-344 ,   1.80|  99-368 ,   1.63| 
  0-376 ,   1.31| 209-259 ,   0.51|  17-58  ,   0.47|  58-209 ,   0.43|  17-209 ,   0.42| 
-----------------------------------------------------------------------------------------
edge= 159 338 lp= 3.53678 pre= 1 lp2= 8.04185 pre2= 0 score= 28.4423
-----------------------------------------------------------------------------------------
edge= 168 179 lp= 6.47833 pre= 0 lp2= 4.82085 pre2= 0 score= 31.2311
-----------------------------------------------------------------------------------------
edge= 56 221 lp= 2.62072 pre= 2 lp2= 16.9744 pre2= 2 score= 44.4851
-----------------------------------------------------------------------------------------
edge= 0 103 lp= 3.13678 pre= 2 lp2= 15.4017 pre2= 2 score= 48.3117
-----------------------------------------------------------------------------------------
candidate= 0-103 : -
-----------------------------------------------------------------------------------------
it= 4   ncol= 3121  ncstr= 1504 mt= 3.2   spt= 0.1   lpval= 65888.3   ub= 65928.0  
-----------------------------------------------------------------------------------------
elapsed time= 130.62 s.
-----------------------------------------------------------------------------------------
candidate= 0-103 : +
-----------------------------------------------------------------------------------------
it= 7   ncol= 3256  ncstr= 1504 mt= 4.6   spt= 0.1   lpval= 65897.4   ub= 65928.0  
-----------------------------------------------------------------------------------------
elapsed time= 135.37 s.
-----------------------------------------------------------------------------------------
candidate= 56-221 : -
-----------------------------------------------------------------------------------------
it= 4   ncol= 3132  ncstr= 1504 mt= 3.9   spt= 0.0   lpval= 65887.5   ub= 65928.0  
-----------------------------------------------------------------------------------------
elapsed time= 139.35 s.
-----------------------------------------------------------------------------------------
candidate= 56-221 : +
-----------------------------------------------------------------------------------------
it= 5   ncol= 3201  ncstr= 1504 mt= 4.4   spt= 0.1   lpval= 65895.5   ub= 65928.0  
-----------------------------------------------------------------------------------------
elapsed time= 143.89 s.
-----------------------------------------------------------------------------------------
brc= 0-103
t= 0.31247 c= 68.9495 n= 0 if_b4= 0
t= 4.1431 c= 91.9104 n= 0 if_b4= 0
#########################################################################################
tree size= 1 lb= 65885.3 ub= 65928
#########################################################################################
idx= 1 value= 65885.3 enu= 1
brc= 264-365 : -
brc= 77-229 : -
brc= 49-126 : -
brc= 2-264 : +
brc= 317-370 : +
brc= 176-199 : -
brc= 109-146 : -
brc= 59-148 : +
brc= 0-142 : -
brc= 45-199 : +
brc= 158-295 : +
brc= 122-328 : -
brc= 78-122 : +
brc= 0-327 : +
brc= 44-170 : -
brc= 54-119 : +
brc= 166-311 : -
brc= 93-166 : +
brc= 0-103 : +
it= 6   ncol= 3106  ncstr= 1503 mt= 4.4   spt= 0.1   lpval= 65897.4   ub= 65928.0  
-----------------------------------------------------------------------------------------
elapsed time= 156.58 s.
-----------------------------------------------------------------------------------------
delete columns= 116668 remain= 58714
 ****** Separate RCCs ****** 
 ****** Separate Rank1Cuts ****** 
it= 4   ncol= 3095  ncstr= 1263 mt= 0.6   spt= 0.0   lpval= 65900.0   ub= 65928.0  
-----------------------------------------------------------------------------------------
elapsed time= 160.48 s.
-----------------------------------------------------------------------------------------
columns pending deletion= 14793 remain= 58714 col ratio= 0.74805 row ratio= 0.90578
 ****** Separate RCCs ****** 
 ****** Separate Rank1Cuts ****** 
it= 4   ncol= 3126  ncstr= 1420 mt= 0.4   spt= 0.0   lpval= 65901.3   ub= 65928.0  
-----------------------------------------------------------------------------------------
elapsed time= 164.07 s.
-----------------------------------------------------------------------------------------
delete columns= 20448 remain= 38266
 ****** Separate Rank1Cuts ****** 
it= 3   ncol= 3127  ncstr= 1293 mt= 0.2   spt= 0.0   lpval= 65901.8   ub= 65928.0  
-----------------------------------------------------------------------------------------
elapsed time= 167.05 s.
-----------------------------------------------------------------------------------------
columns pending deletion= 2514 remain= 38266 col ratio= 0.934302 row ratio= 0.931941
[1;36m[REMIND] 2: gap improved= 0.505326 ratio= 0.019266 threshold= 0.040000 in function increaseCondition2 at /blue/yu.yang1/you.z/route_opt/packages/application/X-n384-k52/src/main/src/call_cutting.cpp:74[0m
 ****** Separate Rank1Cuts ****** 
it= 3   ncol= 3151  ncstr= 1352 mt= 0.3   spt= 0.0   lpval= 65902.3   ub= 65928.0  
-----------------------------------------------------------------------------------------
elapsed time= 170.20 s.
-----------------------------------------------------------------------------------------
columns pending deletion= 4614 remain= 38266 col ratio= 0.879423 row ratio= 0.905325
[1;36m[REMIND] 2: gap improved= 0.527883 ratio= 0.020539 threshold= 0.040000 in function increaseCondition2 at /blue/yu.yang1/you.z/route_opt/packages/application/X-n384-k52/src/main/src/call_cutting.cpp:74[0m
 ****** Separate Rank1Cuts ****** 
it= 5   ncol= 3223  ncstr= 1443 mt= 0.6   spt= 0.0   lpval= 65903.1   ub= 65928.0  
-----------------------------------------------------------------------------------------
elapsed time= 173.97 s.
-----------------------------------------------------------------------------------------
columns pending deletion= 7271 remain= 38266 col ratio= 0.809988 row ratio= 0.873181
[1;36m[REMIND] 2: gap improved= 0.814876 ratio= 0.032743 threshold= 0.040000 in function increaseCondition2 at /blue/yu.yang1/you.z/route_opt/packages/application/X-n384-k52/src/main/src/call_cutting.cpp:74[0m
[1;36m[REMIND] tail off counter= 3 threshold= 3 in function setIfTailOff at /blue/yu.yang1/you.z/route_opt/packages/application/X-n384-k52/src/main/src/call_cutting.cpp:150[0m
current_r_best= 12.8639
alpha= 0.37 beta= 1.93462 omega= 220.66 k1= 10
lb_k= 1 ub_k= 37
revise: lb_k= 8 ub_k= 12
opt_k= 11
alpha= 0.75 beta= 1.93462 omega= 22.184 k1= 3
lb_k= 2 ub_k= 3
revise: lb_k= 2 ub_k= 3
opt_k= 3
pseudo= 50 frac= 50
#candidates in phase1= 11
testing lp time= 6.89 s.
-----------------------------------------------------------------------------------------
  1-310 ,  58.78|   1-357 ,  50.51|  33-135 ,  48.65|   0-166 ,  22.30|  39-308 ,  19.94| 
189-354 ,  14.62|  39-302 ,  14.33| 171-289 ,   8.76| 186-338 ,   7.23| 121-159 ,   6.52| 
165-290 ,   4.67| 
-----------------------------------------------------------------------------------------
edge= 1 357 lp= 20.755 pre= 2 lp2= 2.43346 pre2= 2 score= 50.5065
-----------------------------------------------------------------------------------------
edge= 33 135 lp= 2.47352 pre= 2 lp2= 19.6665 pre2= 2 score= 48.6454
-----------------------------------------------------------------------------------------
edge= 1 310 lp= 2.41452 pre= 2 lp2= 24.3427 pre2= 2 score= 58.7758
-----------------------------------------------------------------------------------------
candidate= 1-310 : -
-----------------------------------------------------------------------------------------
it= 4   ncol= 3274  ncstr= 1444 mt= 4.0   spt= 0.0   lpval= 65905.1   ub= 65928.0  
-----------------------------------------------------------------------------------------
elapsed time= 184.84 s.
-----------------------------------------------------------------------------------------
candidate= 1-357 : -
-----------------------------------------------------------------------------------------
it= 7   ncol= 3357  ncstr= 1444 mt= 4.2   spt= 0.0   lpval= 65918.8   ub= 65928.0  
-----------------------------------------------------------------------------------------
elapsed time= 189.10 s.
-----------------------------------------------------------------------------------------
candidate= 1-310 : +
-----------------------------------------------------------------------------------------
it= 6   ncol= 3351  ncstr= 1444 mt= 4.2   spt= 0.0   lpval= 65920.4   ub= 65928.0  
-----------------------------------------------------------------------------------------
elapsed time= 193.34 s.
-----------------------------------------------------------------------------------------
candidate= 33-135 : -
-----------------------------------------------------------------------------------------
it= 3   ncol= 3269  ncstr= 1444 mt= 3.9   spt= 0.0   lpval= 65905.3   ub= 65928.0  
-----------------------------------------------------------------------------------------
elapsed time= 197.28 s.
-----------------------------------------------------------------------------------------
candidate= 33-135 : +
-----------------------------------------------------------------------------------------
it= 6   ncol= 3337  ncstr= 1444 mt= 3.6   spt= 0.0   lpval= 65922.5   ub= 65928.0  
-----------------------------------------------------------------------------------------
elapsed time= 200.86 s.
-----------------------------------------------------------------------------------------
brc= 33-135
t= 0.312936 c= 50.4539 n= 1 if_b4= 0
t= 4.0706 c= 58.6604 n= 1 if_b4= 0
#########################################################################################
tree size= 2 lb= 65885.3 ub= 65928
#########################################################################################
idx= 2 value= 65885.3 enu= 1
brc= 264-365 : -
brc= 77-229 : -
brc= 49-126 : -
brc= 2-264 : +
brc= 317-370 : +
brc= 176-199 : -
brc= 109-146 : -
brc= 59-148 : +
brc= 0-142 : -
brc= 45-199 : +
brc= 158-295 : +
brc= 122-328 : -
brc= 78-122 : +
brc= 0-327 : +
brc= 44-170 : -
brc= 54-119 : +
brc= 166-311 : -
brc= 93-166 : +
brc= 0-103 : -
it= 5   ncol= 3121  ncstr= 1503 mt= 0.5   spt= 0.0   lpval= 65888.3   ub= 65928.0  
-----------------------------------------------------------------------------------------
elapsed time= 209.69 s.
-----------------------------------------------------------------------------------------
columns pending deletion= 37427 remain= 177997 col ratio= 0.789732 row ratio= 0.803726
 ****** Separate Rank1Cuts ****** 
it= 4   ncol= 3177  ncstr= 1594 mt= 0.7   spt= 0.0   lpval= 65890.3   ub= 65928.0  
-----------------------------------------------------------------------------------------
elapsed time= 214.08 s.
-----------------------------------------------------------------------------------------
delete columns= 59085 remain= 118912
 ****** Separate Rank1Cuts ****** 
it= 4   ncol= 3236  ncstr= 1347 mt= 0.4   spt= 0.0   lpval= 65891.1   ub= 65928.0  
-----------------------------------------------------------------------------------------
elapsed time= 220.84 s.
-----------------------------------------------------------------------------------------
columns pending deletion= 10402 remain= 118912 col ratio= 0.912524 row ratio= 0.907944
[1;36m[REMIND] 2: gap improved= 0.831710 ratio= 0.022539 threshold= 0.040000 in function increaseCondition2 at /blue/yu.yang1/you.z/route_opt/packages/application/X-n384-k52/src/main/src/call_cutting.cpp:74[0m
 ****** Separate RCCs ****** 
 ****** Separate Rank1Cuts ****** 
it= 3   ncol= 3296  ncstr= 1478 mt= 0.4   spt= 0.0   lpval= 65892.4   ub= 65928.0  
-----------------------------------------------------------------------------------------
elapsed time= 224.64 s.
-----------------------------------------------------------------------------------------
columns pending deletion= 20807 remain= 118912 col ratio= 0.825022 row ratio= 0.862652
[1;36m[REMIND] 2: gap improved= 1.252171 ratio= 0.035125 threshold= 0.040000 in function increaseCondition2 at /blue/yu.yang1/you.z/route_opt/packages/application/X-n384-k52/src/main/src/call_cutting.cpp:74[0m
 ****** Separate RCCs ****** 
 ****** Separate Rank1Cuts ****** 
it= 3   ncol= 3350  ncstr= 1574 mt= 0.4   spt= 0.0   lpval= 65893.1   ub= 65928.0  
-----------------------------------------------------------------------------------------
elapsed time= 228.20 s.
-----------------------------------------------------------------------------------------
columns pending deletion= 27990 remain= 118912 col ratio= 0.764616 row ratio= 0.839263
[1;36m[REMIND] 2: gap improved= 0.778755 ratio= 0.022333 threshold= 0.040000 in function increaseCondition2 at /blue/yu.yang1/you.z/route_opt/packages/application/X-n384-k52/src/main/src/call_cutting.cpp:74[0m
[1;36m[REMIND] tail off counter= 3 threshold= 3 in function setIfTailOff at /blue/yu.yang1/you.z/route_opt/packages/application/X-n384-k52/src/main/src/call_cutting.cpp:150[0m
current_r_best= 8.52478
alpha= 0.37 beta= 4.09048 omega= 161.228 k1= 13
lb_k= 1 ub_k= 37
revise: lb_k= 10 ub_k= 16
opt_k= 14
alpha= 0.75 beta= 4.09048 omega= 14.4108 k1= 3
lb_k= 1 ub_k= 3
revise: lb_k= 1 ub_k= 3
opt_k= 3
pseudo= 50 frac= 50
#candidates in phase1= 14
testing lp time= 10.25 s.
-----------------------------------------------------------------------------------------
 39-308 ,  21.41| 111-142 ,  15.81|  23-193 ,  12.50| 171-289 ,  11.86| 356-376 ,  11.06| 
253-290 ,   7.93| 221-303 ,   6.81| 121-338 ,   5.78| 297-308 ,   2.19| 166-210 ,   1.83| 
 85-135 ,   1.57|  33-311 ,   1.19|   1-176 ,   0.66| 199-307 ,   0.09| 
-----------------------------------------------------------------------------------------
edge= 23 193 lp= 12.2578 pre= 2 lp2= 1.01983 pre2= 2 score= 12.5009
-----------------------------------------------------------------------------------------
edge= 111 142 lp= 1.19913 pre= 2 lp2= 13.1848 pre2= 2 score= 15.8103
-----------------------------------------------------------------------------------------
edge= 39 308 lp= 4.35795 pre= 2 lp2= 4.91322 pre2= 2 score= 21.4116
-----------------------------------------------------------------------------------------
candidate= 39-308 : -
-----------------------------------------------------------------------------------------
it= 5   ncol= 3466  ncstr= 1575 mt= 14.3  spt= 0.0   lpval= 65897.2   ub= 65928.0  
-----------------------------------------------------------------------------------------
elapsed time= 252.77 s.
-----------------------------------------------------------------------------------------
candidate= 39-308 : +
-----------------------------------------------------------------------------------------
it= 6   ncol= 3526  ncstr= 1575 mt= 5.0   spt= 0.0   lpval= 65896.2   ub= 65928.0  
-----------------------------------------------------------------------------------------
elapsed time= 257.79 s.
-----------------------------------------------------------------------------------------
candidate= 111-142 : -
-----------------------------------------------------------------------------------------
it= 4   ncol= 3414  ncstr= 1575 mt= 4.1   spt= 0.0   lpval= 65894.2   ub= 65928.0  
-----------------------------------------------------------------------------------------
elapsed time= 261.95 s.
-----------------------------------------------------------------------------------------
candidate= 111-142 : +
-----------------------------------------------------------------------------------------
it= 5   ncol= 3463  ncstr= 1575 mt= 5.7   spt= 0.0   lpval= 65903.7   ub= 65928.0  
-----------------------------------------------------------------------------------------
elapsed time= 267.69 s.
-----------------------------------------------------------------------------------------
candidate= 23-193 : -
-----------------------------------------------------------------------------------------
it= 7   ncol= 3518  ncstr= 1575 mt= 5.5   spt= 0.0   lpval= 65902.6   ub= 65928.0  
-----------------------------------------------------------------------------------------
elapsed time= 273.24 s.
-----------------------------------------------------------------------------------------
brc= 39-308
t= 0.330687 c= 45.8107 n= 2 if_b4= 0
t= 5.03256 c= 47.1935 n= 2 if_b4= 0
#########################################################################################
tree size= 3 lb= 65893.1 ub= 65928
#########################################################################################
idx= 5 value= 65893.1 enu= 1
brc= 264-365 : -
brc= 77-229 : -
brc= 49-126 : -
brc= 2-264 : +
brc= 317-370 : +
brc= 176-199 : -
brc= 109-146 : -
brc= 59-148 : +
brc= 0-142 : -
brc= 45-199 : +
brc= 158-295 : +
brc= 122-328 : -
brc= 78-122 : +
brc= 0-327 : +
brc= 44-170 : -
brc= 54-119 : +
brc= 166-311 : -
brc= 93-166 : +
brc= 0-103 : -
brc= 39-308 : +
it= 7   ncol= 3388  ncstr= 1574 mt= 4.7   spt= 0.0   lpval= 65896.2   ub= 65928.0  
-----------------------------------------------------------------------------------------
elapsed time= 287.44 s.
-----------------------------------------------------------------------------------------
delete columns= 20934 remain= 66017
 ****** Separate RCCs ****** 
 ****** Separate Rank1Cuts ****** 
it= 4   ncol= 3410  ncstr= 1319 mt= 0.5   spt= 0.0   lpval= 65897.4   ub= 65928.0  
-----------------------------------------------------------------------------------------
elapsed time= 294.09 s.
-----------------------------------------------------------------------------------------
columns pending deletion= 8866 remain= 66017 col ratio= 0.865701 row ratio= 0.921911
[1;36m[REMIND] 2: gap improved= 1.173653 ratio= 0.038347 threshold= 0.040000 in function increaseCondition2 at /blue/yu.yang1/you.z/route_opt/packages/application/X-n384-k52/src/main/src/call_cutting.cpp:74[0m
 ****** Separate Rank1Cuts ****** 
it= 5   ncol= 3430  ncstr= 1405 mt= 0.5   spt= 0.0   lpval= 65898.5   ub= 65928.0  
-----------------------------------------------------------------------------------------
elapsed time= 297.74 s.
-----------------------------------------------------------------------------------------
columns pending deletion= 14867 remain= 66017 col ratio= 0.7748 row ratio= 0.901779
[1;36m[REMIND] 2: gap improved= 1.121630 ratio= 0.038041 threshold= 0.040000 in function increaseCondition2 at /blue/yu.yang1/you.z/route_opt/packages/application/X-n384-k52/src/main/src/call_cutting.cpp:74[0m
 ****** Separate Rank1Cuts ****** 
it= 4   ncol= 3466  ncstr= 1543 mt= 0.4   spt= 0.0   lpval= 65899.5   ub= 65928.0  
-----------------------------------------------------------------------------------------
elapsed time= 301.44 s.
-----------------------------------------------------------------------------------------
delete columns= 20208 remain= 45809
[1;36m[REMIND] 2: gap improved= 1.034431 ratio= 0.036359 threshold= 0.040000 in function increaseCondition2 at /blue/yu.yang1/you.z/route_opt/packages/application/X-n384-k52/src/main/src/call_cutting.cpp:74[0m
[1;36m[REMIND] tail off counter= 3 threshold= 3 in function setIfTailOff at /blue/yu.yang1/you.z/route_opt/packages/application/X-n384-k52/src/main/src/call_cutting.cpp:150[0m
current_r_best= 8.52478
alpha= 0.37 beta= 3.33737 omega= 138.532 k1= 11
lb_k= 1 ub_k= 37
revise: lb_k= 9 ub_k= 13
opt_k= 11
alpha= 0.75 beta= 3.33737 omega= 9.37764 k1= 3
lb_k= 1 ub_k= 3
revise: lb_k= 2 ub_k= 3
opt_k= 3
pseudo= 50 frac= 50
#candidates in phase1= 11
testing lp time= 6.08 s.
-----------------------------------------------------------------------------------------
190-376 ,  26.18| 171-289 ,   8.65| 189-354 ,   7.08|  40-300 ,   5.64| 302-376 ,   5.48| 
121-338 ,   5.43|  75-277 ,   4.73|  57-104 ,   3.28| 297-376 ,   2.49| 104-172 ,   1.95| 
165-307 ,   0.00| 
-----------------------------------------------------------------------------------------
edge= 189 354 lp= 0.334932 pre= 2 lp2= 21.1417 pre2= 2 score= 7.08102
-----------------------------------------------------------------------------------------
edge= 171 289 lp= 12.4833 pre= 2 lp2= 0.692906 pre2= 2 score= 8.64975
-----------------------------------------------------------------------------------------
edge= 190 376 lp= 0.722379 pre= 2 lp2= 36.2464 pre2= 2 score= 26.1837
-----------------------------------------------------------------------------------------
candidate= 190-376 : -
-----------------------------------------------------------------------------------------
it= 3   ncol= 3466  ncstr= 1322 mt= 3.7   spt= 0.0   lpval= 65900.3   ub= 65928.0  
-----------------------------------------------------------------------------------------
elapsed time= 315.14 s.
-----------------------------------------------------------------------------------------
candidate= 190-376 : +
-----------------------------------------------------------------------------------------
it= 6   ncol= 3604  ncstr= 1322 mt= 4.6   spt= 0.0   lpval= 65919.7   ub= 65928.0  
-----------------------------------------------------------------------------------------
elapsed time= 319.74 s.
-----------------------------------------------------------------------------------------
brc= 190-376
t= 0.317166 c= 41.0661 n= 3 if_b4= 0
t= 4.8087 c= 41.8296 n= 3 if_b4= 0
#########################################################################################
tree size= 4 lb= 65893.1 ub= 65928
#########################################################################################
idx= 6 value= 65893.1 enu= 1
brc= 264-365 : -
brc= 77-229 : -
brc= 49-126 : -
brc= 2-264 : +
brc= 317-370 : +
brc= 176-199 : -
brc= 109-146 : -
brc= 59-148 : +
brc= 0-142 : -
brc= 45-199 : +
brc= 158-295 : +
brc= 122-328 : -
brc= 78-122 : +
brc= 0-327 : +
brc= 44-170 : -
brc= 54-119 : +
brc= 166-311 : -
brc= 93-166 : +
brc= 0-103 : -
brc= 39-308 : -
it= 6   ncol= 3455  ncstr= 1574 mt= 1.0   spt= 0.0   lpval= 65897.2   ub= 65928.0  
-----------------------------------------------------------------------------------------
elapsed time= 328.92 s.
-----------------------------------------------------------------------------------------
delete columns= 31326 remain= 59300
 ****** Separate RCCs ****** 
 ****** Separate Rank1Cuts ****** 
it= 4   ncol= 3466  ncstr= 1303 mt= 0.6   spt= 0.0   lpval= 65898.8   ub= 65928.0  
-----------------------------------------------------------------------------------------
elapsed time= 332.54 s.
-----------------------------------------------------------------------------------------
columns pending deletion= 8870 remain= 59300 col ratio= 0.850422 row ratio= 0.933998
 ****** Separate Rank1Cuts ****** 
it= 4   ncol= 3490  ncstr= 1408 mt= 0.3   spt= 0.0   lpval= 65899.8   ub= 65928.0  
-----------------------------------------------------------------------------------------
elapsed time= 335.79 s.
-----------------------------------------------------------------------------------------
columns pending deletion= 14129 remain= 59300 col ratio= 0.761737 row ratio= 0.889915
[1;36m[REMIND] 2: gap improved= 1.000719 ratio= 0.035477 threshold= 0.040000 in function increaseCondition2 at /blue/yu.yang1/you.z/route_opt/packages/application/X-n384-k52/src/main/src/call_cutting.cpp:74[0m
 ****** Separate Rank1Cuts ****** 
it= 3   ncol= 3499  ncstr= 1509 mt= 0.2   spt= 0.0   lpval= 65900.6   ub= 65928.0  
-----------------------------------------------------------------------------------------
elapsed time= 339.17 s.
-----------------------------------------------------------------------------------------
columns pending deletion= 17850 remain= 59300 col ratio= 0.698988 row ratio= 0.86216
[1;36m[REMIND] 2: gap improved= 0.786160 ratio= 0.028670 threshold= 0.040000 in function increaseCondition2 at /blue/yu.yang1/you.z/route_opt/packages/application/X-n384-k52/src/main/src/call_cutting.cpp:74[0m
 ****** Separate RCCs ****** 
 ****** Separate Rank1Cuts ****** 
it= 4   ncol= 3506  ncstr= 1616 mt= 0.6   spt= 0.0   lpval= 65901.5   ub= 65928.0  
-----------------------------------------------------------------------------------------
elapsed time= 342.90 s.
-----------------------------------------------------------------------------------------
delete columns= 21781 remain= 37519
[1;36m[REMIND] 2: gap improved= 0.890542 ratio= 0.033566 threshold= 0.040000 in function increaseCondition2 at /blue/yu.yang1/you.z/route_opt/packages/application/X-n384-k52/src/main/src/call_cutting.cpp:74[0m
[1;36m[REMIND] tail off counter= 3 threshold= 3 in function setIfTailOff at /blue/yu.yang1/you.z/route_opt/packages/application/X-n384-k52/src/main/src/call_cutting.cpp:150[0m
current_r_best= 5.40161
alpha= 0.37 beta= 4.91165 omega= 129.478 k1= 13
lb_k= 1 ub_k= 37
revise: lb_k= 10 ub_k= 16
opt_k= 14
alpha= 0.75 beta= 4.91165 omega= 8.69874 k1= 3
lb_k= 1 ub_k= 3
revise: lb_k= 1 ub_k= 3
opt_k= 3
pseudo= 50 frac= 50
#candidates in phase1= 14
testing lp time= 7.76 s.
-----------------------------------------------------------------------------------------
  0-299 ,  16.67|  23-193 ,  14.44| 171-289 ,   9.84|  29-345 ,   9.59| 121-338 ,   6.11| 
  9-86  ,   4.92|  44-90  ,   4.23| 193-330 ,   3.59|  89-210 ,   2.79|  98-238 ,   2.19| 
 87-353 ,   1.90| 140-297 ,   1.44| 190-260 ,   0.99| 230-325 ,   0.61| 
-----------------------------------------------------------------------------------------
edge= 171 289 lp= 12.8651 pre= 2 lp2= 0.764676 pre2= 2 score= 9.8376
-----------------------------------------------------------------------------------------
edge= 23 193 lp= 11.407 pre= 2 lp2= 1.26611 pre2= 2 score= 14.4426
-----------------------------------------------------------------------------------------
edge= 0 299 lp= 3.03149 pre= 2 lp2= 5.49737 pre2= 2 score= 16.6652
-----------------------------------------------------------------------------------------
candidate= 0-299 : -
-----------------------------------------------------------------------------------------
it= 3   ncol= 3536  ncstr= 1312 mt= 4.0   spt= 0.0   lpval= 65904.2   ub= 65928.0  
-----------------------------------------------------------------------------------------
elapsed time= 358.70 s.
-----------------------------------------------------------------------------------------
candidate= 0-299 : +
-----------------------------------------------------------------------------------------
it= 5   ncol= 3596  ncstr= 1312 mt= 4.3   spt= 0.0   lpval= 65906.0   ub= 65928.0  
-----------------------------------------------------------------------------------------
elapsed time= 362.97 s.
-----------------------------------------------------------------------------------------
candidate= 23-193 : -
-----------------------------------------------------------------------------------------
it= 5   ncol= 3631  ncstr= 1312 mt= 4.4   spt= 0.0   lpval= 65910.5   ub= 65928.0  
-----------------------------------------------------------------------------------------
elapsed time= 367.35 s.
-----------------------------------------------------------------------------------------
brc= 0-299
t= 0.309197 c= 37.9326 n= 4 if_b4= 0
t= 4.69147 c= 38.0531 n= 4 if_b4= 0
#########################################################################################
tree size= 5 lb= 65899.5 ub= 65928
#########################################################################################
idx= 7 value= 65899.5 enu= 1
brc= 264-365 : -
brc= 77-229 : -
brc= 49-126 : -
brc= 2-264 : +
brc= 317-370 : +
brc= 176-199 : -
brc= 109-146 : -
brc= 59-148 : +
brc= 0-142 : -
brc= 45-199 : +
brc= 158-295 : +
brc= 122-328 : -
brc= 78-122 : +
brc= 0-327 : +
brc= 44-170 : -
brc= 54-119 : +
brc= 166-311 : -
brc= 93-166 : +
brc= 0-103 : -
brc= 39-308 : +
brc= 190-376 : +
it= 6   ncol= 3393  ncstr= 1321 mt= 4.5   spt= 0.0   lpval= 65919.7   ub= 65928.0  
-----------------------------------------------------------------------------------------
elapsed time= 379.58 s.
-----------------------------------------------------------------------------------------
delete columns= 41403 remain= 3339
 ****** Separate RCCs ****** 
 ****** Separate Rank1Cuts ****** 
it= 4   ncol= 2679  ncstr= 1257 mt= 0.4   spt= 0.0   lpval= 65923.3   ub= 65928.0  
-----------------------------------------------------------------------------------------
elapsed time= 382.97 s.
-----------------------------------------------------------------------------------------
delete columns= 1635 remain= 1704
mip: row= 1109 col= 3906 density= 2.23074%
mip time= 0.51 s.
mip status= 3
update f from 0 to 4.65389
#########################################################################################
tree size= 4 lb= 65899.5 ub= 65928
#########################################################################################
idx= 8 value= 65899.5 enu= 1
brc= 264-365 : -
brc= 77-229 : -
brc= 49-126 : -
brc= 2-264 : +
brc= 317-370 : +
brc= 176-199 : -
brc= 109-146 : -
brc= 59-148 : +
brc= 0-142 : -
brc= 45-199 : +
brc= 158-295 : +
brc= 122-328 : -
brc= 78-122 : +
brc= 0-327 : +
brc= 44-170 : -
brc= 54-119 : +
brc= 166-311 : -
brc= 93-166 : +
brc= 0-103 : -
brc= 39-308 : +
brc= 190-376 : -
it= 3   ncol= 3463  ncstr= 1321 mt= 0.1   spt= 0.0   lpval= 65900.3   ub= 65928.0  
-----------------------------------------------------------------------------------------
elapsed time= 383.65 s.
-----------------------------------------------------------------------------------------
columns pending deletion= 3368 remain= 45765 col ratio= 0.926407 row ratio= 0.956851
 ****** Separate RCCs ****** 
 ****** Separate Rank1Cuts ****** 
it= 3   ncol= 3446  ncstr= 1401 mt= 0.3   spt= 0.0   lpval= 65901.1   ub= 65928.0  
-----------------------------------------------------------------------------------------
elapsed time= 386.94 s.
-----------------------------------------------------------------------------------------
columns pending deletion= 6647 remain= 45765 col ratio= 0.854758 row ratio= 0.920057
[1;36m[REMIND] 2: gap improved= 0.825487 ratio= 0.030675 threshold= 0.040000 in function increaseCondition2 at /blue/yu.yang1/you.z/route_opt/packages/application/X-n384-k52/src/main/src/call_cutting.cpp:74[0m
 ****** Separate Rank1Cuts ****** 
it= 4   ncol= 3472  ncstr= 1519 mt= 0.4   spt= 0.0   lpval= 65901.8   ub= 65928.0  
-----------------------------------------------------------------------------------------
elapsed time= 390.79 s.
-----------------------------------------------------------------------------------------
columns pending deletion= 9796 remain= 45765 col ratio= 0.78595 row ratio= 0.879526
[1;36m[REMIND] 2: gap improved= 0.665701 ratio= 0.025365 threshold= 0.040000 in function increaseCondition2 at /blue/yu.yang1/you.z/route_opt/packages/application/X-n384-k52/src/main/src/call_cutting.cpp:74[0m
 ****** Separate Rank1Cuts ****** 
it= 4   ncol= 3528  ncstr= 1625 mt= 0.6   spt= 0.0   lpval= 65902.5   ub= 65928.0  
-----------------------------------------------------------------------------------------
elapsed time= 394.84 s.
-----------------------------------------------------------------------------------------
columns pending deletion= 12554 remain= 45765 col ratio= 0.725686 row ratio= 0.828308
[1;36m[REMIND] 2: gap improved= 0.731635 ratio= 0.028676 threshold= 0.040000 in function increaseCondition2 at /blue/yu.yang1/you.z/route_opt/packages/application/X-n384-k52/src/main/src/call_cutting.cpp:74[0m
[1;36m[REMIND] tail off counter= 3 threshold= 3 in function setIfTailOff at /blue/yu.yang1/you.z/route_opt/packages/application/X-n384-k52/src/main/src/call_cutting.cpp:150[0m
current_r_best= 5.40161
alpha= 0.37 beta= 3.86172 omega= 122.681 k1= 11
lb_k= 1 ub_k= 37
revise: lb_k= 9 ub_k= 14
opt_k= 12
alpha= 0.75 beta= 3.86172 omega= 8.11113 k1= 3
lb_k= 1 ub_k= 3
revise: lb_k= 1 ub_k= 3
opt_k= 3
pseudo= 50 frac= 50
#candidates in phase1= 12
testing lp time= 9.73 s.
-----------------------------------------------------------------------------------------
 14-380 ,  19.82|  57-230 ,  12.09| 171-289 ,  11.08|  57-227 ,   8.43| 281-376 ,   7.20| 
  0-12  ,   6.74| 230-324 ,   5.59| 123-284 ,   4.57| 268-347 ,   4.00| 108-149 ,   3.40| 
176-304 ,   1.79|  33-210 ,   1.65| 
-----------------------------------------------------------------------------------------
edge= 171 289 lp= 14.563 pre= 2 lp2= 0.760974 pre2= 2 score= 11.0821
-----------------------------------------------------------------------------------------
edge= 57 230 lp= 1.10342 pre= 0 lp2= 10.9545 pre2= 2 score= 12.0874
-----------------------------------------------------------------------------------------
edge= 14 380 lp= 3.71524 pre= 2 lp2= 5.33499 pre2= 1 score= 19.8208
-----------------------------------------------------------------------------------------
candidate= 14-380 : -
-----------------------------------------------------------------------------------------
it= 4   ncol= 3598  ncstr= 1626 mt= 5.8   spt= 0.0   lpval= 65905.7   ub= 65928.0  
-----------------------------------------------------------------------------------------
elapsed time= 410.40 s.
-----------------------------------------------------------------------------------------
brc= 14-380
t= 0.325253 c= 33.988 n= 5 if_b4= 0
t= 4.87799 c= 34.4152 n= 5 if_b4= 0
#########################################################################################
tree size= 5 lb= 65901.5 ub= 65928
#########################################################################################
idx= 9 value= 65901.5 enu= 1
brc= 264-365 : -
brc= 77-229 : -
brc= 49-126 : -
brc= 2-264 : +
brc= 317-370 : +
brc= 176-199 : -
brc= 109-146 : -
brc= 59-148 : +
brc= 0-142 : -
brc= 45-199 : +
brc= 158-295 : +
brc= 122-328 : -
brc= 78-122 : +
brc= 0-327 : +
brc= 44-170 : -
brc= 54-119 : +
brc= 166-311 : -
brc= 93-166 : +
brc= 0-103 : -
brc= 39-308 : -
brc= 0-299 : +
it= 6   ncol= 3552  ncstr= 1311 mt= 4.0   spt= 0.0   lpval= 65906.0   ub= 65928.0  
-----------------------------------------------------------------------------------------
elapsed time= 425.26 s.
-----------------------------------------------------------------------------------------
delete columns= 14557 remain= 22367
 ****** Separate Rank1Cuts ****** 
it= 4   ncol= 3532  ncstr= 1273 mt= 0.4   spt= 0.0   lpval= 65907.9   ub= 65928.0  
-----------------------------------------------------------------------------------------
elapsed time= 428.97 s.
-----------------------------------------------------------------------------------------
columns pending deletion= 4579 remain= 22367 col ratio= 0.795279 row ratio= 0.92773
 ****** Separate Rank1Cuts ****** 
it= 4   ncol= 3545  ncstr= 1442 mt= 0.5   spt= 0.0   lpval= 65909.6   ub= 65928.0  
-----------------------------------------------------------------------------------------
elapsed time= 432.62 s.
-----------------------------------------------------------------------------------------
delete columns= 8224 remain= 14143
mip: row= 1218 col= 17639 density= 2.02151%
mip time= 62.23 s.
mip status= 6
update f from 4.65389 to 18.3765
#########################################################################################
tree size= 4 lb= 65901.5 ub= 65928
#########################################################################################
idx= 10 value= 65901.5 enu= 1
brc= 264-365 : -
brc= 77-229 : -
brc= 49-126 : -
brc= 2-264 : +
brc= 317-370 : +
brc= 176-199 : -
brc= 109-146 : -
brc= 59-148 : +
brc= 0-142 : -
brc= 45-199 : +
brc= 158-295 : +
brc= 122-328 : -
brc= 78-122 : +
brc= 0-327 : +
brc= 44-170 : -
brc= 54-119 : +
brc= 166-311 : -
brc= 93-166 : +
brc= 0-103 : -
brc= 39-308 : -
brc= 0-299 : -
it= 4   ncol= 3522  ncstr= 1311 mt= 0.5   spt= 0.0   lpval= 65904.2   ub= 65928.0  
-----------------------------------------------------------------------------------------
elapsed time= 498.67 s.
-----------------------------------------------------------------------------------------
columns pending deletion= 9524 remain= 37274 col ratio= 0.744487 row ratio= 0.910755
 ****** Separate RCCs ****** 
 ****** Separate Rank1Cuts ****** 
it= 3   ncol= 3513  ncstr= 1417 mt= 0.3   spt= 0.0   lpval= 65905.7   ub= 65928.0  
-----------------------------------------------------------------------------------------
elapsed time= 502.60 s.
-----------------------------------------------------------------------------------------
delete columns= 14295 remain= 22979
 ****** Separate Rank1Cuts ****** 
it= 3   ncol= 3535  ncstr= 1328 mt= 0.3   spt= 0.0   lpval= 65906.8   ub= 65928.0  
-----------------------------------------------------------------------------------------
elapsed time= 509.47 s.
-----------------------------------------------------------------------------------------
columns pending deletion= 3038 remain= 22979 col ratio= 0.867792 row ratio= 0.920181
 ****** Separate Rank1Cuts ****** 
it= 4   ncol= 3555  ncstr= 1455 mt= 0.5   spt= 0.0   lpval= 65908.0   ub= 65928.0  
-----------------------------------------------------------------------------------------
elapsed time= 513.23 s.
-----------------------------------------------------------------------------------------
columns pending deletion= 5463 remain= 22979 col ratio= 0.762261 row ratio= 0.869416
 ****** Separate Rank1Cuts ****** 
it= 4   ncol= 3592  ncstr= 1570 mt= 0.4   spt= 0.0   lpval= 65908.7   ub= 65928.0  
-----------------------------------------------------------------------------------------
elapsed time= 516.85 s.
-----------------------------------------------------------------------------------------
delete columns= 6895 remain= 16084
[1;36m[REMIND] 2: gap improved= 0.673639 ratio= 0.034826 threshold= 0.040000 in function increaseCondition2 at /blue/yu.yang1/you.z/route_opt/packages/application/X-n384-k52/src/main/src/call_cutting.cpp:74[0m
mip: row= 1309 col= 19658 density= 2.01152%
mip time= 121.02 s.
mip status= 6
update f from 18.3765 to 19.3429
#########################################################################################
tree size= 3 lb= 65902.5 ub= 65928
#########################################################################################
idx= 11 value= 65902.5 enu= 1
brc= 264-365 : -
brc= 77-229 : -
brc= 49-126 : -
brc= 2-264 : +
brc= 317-370 : +
brc= 176-199 : -
brc= 109-146 : -
brc= 59-148 : +
brc= 0-142 : -
brc= 45-199 : +
brc= 158-295 : +
brc= 122-328 : -
brc= 78-122 : +
brc= 0-327 : +
brc= 44-170 : -
brc= 54-119 : +
brc= 166-311 : -
brc= 93-166 : +
brc= 0-103 : -
brc= 39-308 : +
brc= 190-376 : -
brc= 14-380 : +
it= 5   ncol= 3553  ncstr= 1625 mt= 6.3   spt= 0.0   lpval= 65906.1   ub= 65928.0  
-----------------------------------------------------------------------------------------
elapsed time= 648.28 s.
-----------------------------------------------------------------------------------------
delete columns= 10286 remain= 22509
 ****** Separate RCCs ****** 
 ****** Separate Rank1Cuts ****** 
it= 5   ncol= 3547  ncstr= 1391 mt= 0.6   spt= 0.0   lpval= 65907.6   ub= 65928.0  
-----------------------------------------------------------------------------------------
elapsed time= 656.04 s.
-----------------------------------------------------------------------------------------
columns pending deletion= 3945 remain= 22509 col ratio= 0.824737 row ratio= 0.926671
 ****** Separate Rank1Cuts ****** 
it= 4   ncol= 3561  ncstr= 1518 mt= 0.5   spt= 0.0   lpval= 65908.8   ub= 65928.0  
-----------------------------------------------------------------------------------------
elapsed time= 659.95 s.
-----------------------------------------------------------------------------------------
columns pending deletion= 6236 remain= 22509 col ratio= 0.722955 row ratio= 0.881423
mip: row= 1338 col= 19803 density= 2.12478%
mip time= 130.11 s.
mip status= 6
#########################################################################################
tree size= 2 lb= 65902.5 ub= 65928
#########################################################################################
idx= 12 value= 65902.5 enu= 1
brc= 264-365 : -
brc= 77-229 : -
brc= 49-126 : -
brc= 2-264 : +
brc= 317-370 : +
brc= 176-199 : -
brc= 109-146 : -
brc= 59-148 : +
brc= 0-142 : -
brc= 45-199 : +
brc= 158-295 : +
brc= 122-328 : -
brc= 78-122 : +
brc= 0-327 : +
brc= 44-170 : -
brc= 54-119 : +
brc= 166-311 : -
brc= 93-166 : +
brc= 0-103 : -
brc= 39-308 : +
brc= 190-376 : -
brc= 14-380 : -
it= 4   ncol= 3560  ncstr= 1625 mt= 1.0   spt= 0.0   lpval= 65905.7   ub= 65928.0  
-----------------------------------------------------------------------------------------
elapsed time= 791.16 s.
-----------------------------------------------------------------------------------------
delete columns= 9561 remain= 23497
 ****** Separate RCCs ****** 
 ****** Separate Rank1Cuts ****** 
it= 5   ncol= 3566  ncstr= 1406 mt= 0.9   spt= 0.0   lpval= 65907.3   ub= 65928.0  
-----------------------------------------------------------------------------------------
elapsed time= 795.52 s.
-----------------------------------------------------------------------------------------
columns pending deletion= 4060 remain= 23497 col ratio= 0.827212 row ratio= 0.901849
 ****** Separate RCCs ****** 
 ****** Separate Rank1Cuts ****** 
it= 4   ncol= 3586  ncstr= 1501 mt= 0.6   spt= 0.0   lpval= 65908.4   ub= 65928.0  
-----------------------------------------------------------------------------------------
elapsed time= 799.70 s.
-----------------------------------------------------------------------------------------
columns pending deletion= 6437 remain= 23497 col ratio= 0.72605 row ratio= 0.863424
 ****** Separate Rank1Cuts ****** 
it= 5   ncol= 3628  ncstr= 1653 mt= 0.7   spt= 0.0   lpval= 65909.3   ub= 65928.0  
-----------------------------------------------------------------------------------------
elapsed time= 803.97 s.
-----------------------------------------------------------------------------------------
delete columns= 8185 remain= 15312
mip: row= 1357 col= 18918 density= 2.11938%
mip time= 109.76 s.
mip status= 6
#########################################################################################
tree size= 1 lb= 65903.1 ub= 65928
#########################################################################################
idx= 3 value= 65903.1 enu= 1
brc= 264-365 : -
brc= 77-229 : -
brc= 49-126 : -
brc= 2-264 : +
brc= 317-370 : +
brc= 176-199 : -
brc= 109-146 : -
brc= 59-148 : +
brc= 0-142 : -
brc= 45-199 : +
brc= 158-295 : +
brc= 122-328 : -
brc= 78-122 : +
brc= 0-327 : +
brc= 44-170 : -
brc= 54-119 : +
brc= 166-311 : -
brc= 93-166 : +
brc= 0-103 : +
brc= 33-135 : +
it= 6   ncol= 3236  ncstr= 1443 mt= 3.6   spt= 0.0   lpval= 65922.5   ub= 65928.0  
-----------------------------------------------------------------------------------------
elapsed time= 921.81 s.
-----------------------------------------------------------------------------------------
delete columns= 28753 remain= 2080
 ****** Separate RCCs ****** 
 ****** Separate Rank1Cuts ****** 
it= 3   ncol= 2329  ncstr= 1243 mt= 0.4   spt= 0.0   lpval= 65939.0   ub= 65928.0  
-----------------------------------------------------------------------------------------
elapsed time= 927.27 s.
-----------------------------------------------------------------------------------------
#########################################################################################
tree size= 0 lb= 65903.1 ub= 65928
#########################################################################################
idx= 4 value= 65903.1 enu= 1
brc= 264-365 : -
brc= 77-229 : -
brc= 49-126 : -
brc= 2-264 : +
brc= 317-370 : +
brc= 176-199 : -
brc= 109-146 : -
brc= 59-148 : +
brc= 0-142 : -
brc= 45-199 : +
brc= 158-295 : +
brc= 122-328 : -
brc= 78-122 : +
brc= 0-327 : +
brc= 44-170 : -
brc= 54-119 : +
brc= 166-311 : -
brc= 93-166 : +
brc= 0-103 : +
brc= 33-135 : -
it= 4   ncol= 3246  ncstr= 1443 mt= 0.5   spt= 0.0   lpval= 65905.3   ub= 65928.0  
-----------------------------------------------------------------------------------------
elapsed time= 927.83 s.
-----------------------------------------------------------------------------------------
columns pending deletion= 6049 remain= 30944 col ratio= 0.804518 row ratio= 0.83368
 ****** Separate RCCs ****** 
 ****** Separate Rank1Cuts ****** 
it= 4   ncol= 3244  ncstr= 1542 mt= 0.6   spt= 0.0   lpval= 65906.9   ub= 65928.0  
-----------------------------------------------------------------------------------------
elapsed time= 931.84 s.
-----------------------------------------------------------------------------------------
delete columns= 10413 remain= 20531
 ****** Separate RCCs ****** 
 ****** Separate Rank1Cuts ****** 
it= 2   ncol= 3215  ncstr= 1294 mt= 0.1   spt= 0.0   lpval= 65907.5   ub= 65928.0  
-----------------------------------------------------------------------------------------
elapsed time= 938.33 s.
-----------------------------------------------------------------------------------------
columns pending deletion= 1627 remain= 20531 col ratio= 0.920754 row ratio= 0.949768
[1;36m[REMIND] 2: gap improved= 0.599306 ratio= 0.029254 threshold= 0.040000 in function increaseCondition2 at /blue/yu.yang1/you.z/route_opt/packages/application/X-n384-k52/src/main/src/call_cutting.cpp:74[0m
 ****** Separate Rank1Cuts ****** 
it= 4   ncol= 3241  ncstr= 1437 mt= 0.5   spt= 0.0   lpval= 65908.6   ub= 65928.0  
-----------------------------------------------------------------------------------------
elapsed time= 942.23 s.
-----------------------------------------------------------------------------------------
columns pending deletion= 3716 remain= 20531 col ratio= 0.819005 row ratio= 0.875435
 ****** Separate Rank1Cuts ****** 
it= 4   ncol= 3250  ncstr= 1530 mt= 0.4   spt= 0.0   lpval= 65909.3   ub= 65928.0  
-----------------------------------------------------------------------------------------
elapsed time= 945.82 s.
-----------------------------------------------------------------------------------------
columns pending deletion= 5179 remain= 20531 col ratio= 0.747747 row ratio= 0.850327
[1;36m[REMIND] 2: gap improved= 0.732413 ratio= 0.039251 threshold= 0.040000 in function increaseCondition2 at /blue/yu.yang1/you.z/route_opt/packages/application/X-n384-k52/src/main/src/call_cutting.cpp:74[0m
mip: row= 1301 col= 18576 density= 2.05921%
mip time= 78.03 s.
mip status= 6
#########################################################################################
[32m<Instance: X-n384-k52>
<Solution>
<UB= 65928>
<LB= 65928>
<Elapsed Time= 1027.8>
<Nodes Explored= 13>
<Global Gap= 0%>[0m
#########################################################################################
File nodes/X-n384-k52_3_0_2_1_0_1_0_1_1_G32.node deleted successfully.
