application type: CVRP
X-n384-k52_3_0_1_1_0_1_2_3_0_0_0_0_G32.node
Set parameter ServerTimeout to value 600
Set parameter TokenServer to value "grb-ts.ufhpc"
Set parameter Threads to value 1
instance name= X-n384-k52
#########################################################################################
tree size= 0 lb= 0 ub= 65929
#########################################################################################
idx= 1 value= 65872.1 enu= 0
brc= 264-365 : -
brc= 77-229 : -
brc= 49-126 : -
brc= 2-264 : +
brc= 317-370 : +
brc= 176-199 : -
brc= 109-146 : +
brc= 158-295 : -
brc= 7-180 : +
brc= 0-121 : +
brc= 45-199 : -
brc= 157-366 : +
brc= 9-293 : -
brc= 1-260 : -
brc= 59-148 : +
brc= 168-179 : -
brc= 133-272 : -
brc= 44-90 : -
brc= 42-95 : +
brc= 44-98 : +
brc= 170-351 : +
brc= 0-299 : +
brc= 189-267 : +
-----------------------------------------------------------------------------------------
 ****** Pricing Level: LIGHT HEUR ****** 
it= 9   ncol= 2637  ncstr= 1220 mt= 3.5   spt= 0.4   lpval= 65897.5   ub= 65928.0  
 ****** Pricing Level: HEAVY HEUR ****** 
it= 9   ncol= 2797  ncstr= 1220 mt= 1.3   spt= 1.0   lpval= 65890.5   ub= 65928.0  
 ****** Pricing Level: EXACT ****** 
it= 5   ncol= 3131  ncstr= 1220 mt= 0.9   spt= 3.5   lpval= 65888.1   ub= 65928.0  
-----------------------------------------------------------------------------------------
elapsed time= 26.53 s.
-----------------------------------------------------------------------------------------
-----------------------------------------------------------------------------------------
 ****** Run Arc Elimination ****** 
arc elimination time= 2.21 s.
previous= 63.892% maximum= 2.64214%
eliminate bucket arcs time= 0.49 s.
obtain jump arcs time= 0.01 s.
-----------------------------------------------------------------------------------------
-----------------------------------------------------------------------------------------
elapsed time= 29.53 s.
-----------------------------------------------------------------------------------------
-----------------------------------------------------------------------------------------
 ****** Try Enumeration ****** 
#labels= 109547 #routes= 26
labeling 1 time= 0.52 s.
concatenate time= 0.58 s.
#routes= 127256
average gap of successful enumeration= 0.000589956
next try value > 65862.6
-----------------------------------------------------------------------------------------
elapsed time= 30.72 s.
-----------------------------------------------------------------------------------------
 ****** Process Enumeration Matrix ****** 
delete non-ele routes lp val= 65888.8
recover rank1c lp val= 65892.1
recover rcc lp val= 65892.2
obtain rcc coefficient time= 0.01 s.
obtain r1c coefficient time= 0.15 s.
obtain matrix from triplets time= 0.08 s.
delete columns by branch time= 0.00 s.
columns pending deletion= 3758 remain= 127256 col ratio= 0.970469 row ratio= 1
regenerate enumeration matrix time= 0.00 s.
-----------------------------------------------------------------------------------------
elapsed time= 40.21 s.
-----------------------------------------------------------------------------------------
it= 10  ncol= 2898  ncstr= 1153 mt= 0.7   spt= 0.0   lpval= 65891.4   ub= 65928.0  
-----------------------------------------------------------------------------------------
elapsed time= 41.00 s.
-----------------------------------------------------------------------------------------
delete columns= 51943 remain= 75313
 ****** Separate RCCs ****** 
 ****** Separate Rank1Cuts ****** 
it= 6   ncol= 2972  ncstr= 1097 mt= 0.8   spt= 0.0   lpval= 65901.1   ub= 65928.0  
-----------------------------------------------------------------------------------------
elapsed time= 46.40 s.
-----------------------------------------------------------------------------------------
delete columns= 43524 remain= 31789
 ****** Separate RCCs ****** 
 ****** Separate Rank1Cuts ****** 
it= 5   ncol= 2991  ncstr= 1120 mt= 0.6   spt= 0.0   lpval= 65904.3   ub= 65928.0  
-----------------------------------------------------------------------------------------
elapsed time= 51.32 s.
-----------------------------------------------------------------------------------------
columns pending deletion= 8758 remain= 31789 col ratio= 0.724496 row ratio= 0.922321
 ****** Separate RCCs ****** 
 ****** Separate Rank1Cuts ****** 
it= 3   ncol= 3028  ncstr= 1224 mt= 0.3   spt= 0.0   lpval= 65906.1   ub= 65928.0  
-----------------------------------------------------------------------------------------
elapsed time= 54.23 s.
-----------------------------------------------------------------------------------------
delete columns= 12605 remain= 19184
 ****** Separate RCCs ****** 
 ****** Separate Rank1Cuts ****** 
it= 4   ncol= 3077  ncstr= 1220 mt= 0.4   spt= 0.0   lpval= 65907.6   ub= 65928.0  
-----------------------------------------------------------------------------------------
elapsed time= 59.52 s.
-----------------------------------------------------------------------------------------
columns pending deletion= 3166 remain= 19184 col ratio= 0.834967 row ratio= 0.917213
mip: row= 1119 col= 19056 density= 2.21249%
mip time= 71.53 s.
mip status= 6
update f from 0 to 20.4185
#########################################################################################
[32m<Instance: X-n384-k52>
<Solution>
<UB= 65928>
<LB= 65928>
<Elapsed Time= 131.1>
<Nodes Explored= 1>
<Global Gap= 0%>[0m
#########################################################################################
File nodes/X-n384-k52_3_0_1_1_0_1_2_3_0_0_0_0_G32.node deleted successfully.
