application type: CVRP
X-n313-k71_2_0_6_G32.node
Set parameter ServerTimeout to value 600
Set parameter TokenServer to value "grb-ts.ufhpc"
Set parameter Threads to value 1
instance name= X-n313-k71
#########################################################################################
tree size= 0 lb= 0 ub= 94044
#########################################################################################
idx= 13 value= 93967.5 enu= 0
brc= 50-103 : -
brc= 76-103 : -
brc= 49-105 : +
brc= 164-295 : +
brc= 221-228 : -
brc= 62-68 : -
brc= 0-57 : -
brc= 126-152 : -
brc= 127-145 : -
brc= 62-296 : -
brc= 19-60 : +
-----------------------------------------------------------------------------------------
 ****** Pricing Level: LIGHT HEUR ****** 
it= 6   ncol= 1914  ncstr= 598  mt= 0.1   spt= 0.2   lpval= 93975.2   ub= 94044.0  
 ****** Pricing Level: HEAVY HEUR ****** 
it= 5   ncol= 1969  ncstr= 598  mt= 0.1   spt= 0.4   lpval= 93974.8   ub= 94044.0  
 ****** Pricing Level: EXACT ****** 
it= 3   ncol= 1984  ncstr= 598  mt= 0.0   spt= 2.7   lpval= 93974.8   ub= 94044.0  
-----------------------------------------------------------------------------------------
elapsed time= 7.03 s.
-----------------------------------------------------------------------------------------
-----------------------------------------------------------------------------------------
 ****** Run Arc Elimination ****** 
arc elimination time= 6.71 s.
previous= 87.8153% maximum= 4.14023%
eliminate bucket arcs time= 0.59 s.
obtain jump arcs time= 0.01 s.
-----------------------------------------------------------------------------------------
-----------------------------------------------------------------------------------------
elapsed time= 14.67 s.
-----------------------------------------------------------------------------------------
-----------------------------------------------------------------------------------------
 ****** Try Enumeration ****** 
max_val= 66975 stop_b= 10 max_idx= 6 num_label= 238164 max_label_in_enumeration= 500000 q= 22.7293 aq.size()= 21 left_bin= 4 left_labels= 261836
status= LABEL_FOR_LIMIT
#labels= 238164 #routes= 37
labeling 1 time= 5.70 s.
next try value > 93983.7
-----------------------------------------------------------------------------------------
elapsed time= 20.43 s.
-----------------------------------------------------------------------------------------
 ****** Separate RCCs ****** 
 ****** Separate Rank1Cuts ****** 
-----------------------------------------------------------------------------------------
 ****** Pricing Level: LIGHT HEUR ****** 
it= 2   ncol= 1990  ncstr= 662  mt= 0.3   spt= 0.1   lpval= 93976.5   ub= 94044.0  
 ****** Pricing Level: HEAVY HEUR ****** 
it= 5   ncol= 2028  ncstr= 662  mt= 0.1   spt= 0.4   lpval= 93976.4   ub= 94044.0  
 ****** Pricing Level: EXACT ****** 
it= 4   ncol= 2067  ncstr= 662  mt= 0.1   spt= 3.5   lpval= 93976.2   ub= 94044.0  
-----------------------------------------------------------------------------------------
elapsed time= 26.33 s.
-----------------------------------------------------------------------------------------
[1;36m[REMIND] 2: gap improved= 1.391995 ratio= 0.020517 threshold= 0.040000 in function increaseCondition2 at /blue/yu.yang1/you.z/route_opt/packages/application/X-n313-k71/src/main/src/call_cutting.cpp:74[0m
 ****** Separate RCCs ****** 
 ****** Separate Rank1Cuts ****** 
-----------------------------------------------------------------------------------------
 ****** Pricing Level: LIGHT HEUR ****** 
it= 8   ncol= 2173  ncstr= 660  mt= 0.4   spt= 0.3   lpval= 93978.4   ub= 94044.0  
 ****** Pricing Level: HEAVY HEUR ****** 
it= 4   ncol= 2203  ncstr= 660  mt= 0.0   spt= 0.3   lpval= 93978.3   ub= 94044.0  
 ****** Pricing Level: EXACT ****** 
it= 4   ncol= 2349  ncstr= 660  mt= 0.1   spt= 4.0   lpval= 93978.3   ub= 94044.0  
-----------------------------------------------------------------------------------------
elapsed time= 33.58 s.
-----------------------------------------------------------------------------------------
[1;36m[REMIND] 2: gap improved= 2.172234 ratio= 0.033076 threshold= 0.040000 in function increaseCondition2 at /blue/yu.yang1/you.z/route_opt/packages/application/X-n313-k71/src/main/src/call_cutting.cpp:74[0m
 ****** Separate RCCs ****** 
 ****** Separate Rank1Cuts ****** 
-----------------------------------------------------------------------------------------
 ****** Pricing Level: LIGHT HEUR ****** 
it= 1   ncol= 2349  ncstr= 667  mt= 0.3   spt= 0.0   lpval= 93978.9   ub= 94044.0  
 ****** Pricing Level: HEAVY HEUR ****** 
it= 2   ncol= 2353  ncstr= 667  mt= 0.0   spt= 0.2   lpval= 93978.9   ub= 94044.0  
 ****** Pricing Level: EXACT ****** 
it= 2   ncol= 2369  ncstr= 667  mt= 0.0   spt= 2.1   lpval= 93978.9   ub= 94044.0  
-----------------------------------------------------------------------------------------
elapsed time= 37.97 s.
-----------------------------------------------------------------------------------------
[1;36m[REMIND] 2: gap improved= 0.527197 ratio= 0.008092 threshold= 0.040000 in function increaseCondition2 at /blue/yu.yang1/you.z/route_opt/packages/application/X-n313-k71/src/main/src/call_cutting.cpp:74[0m
[1;36m[REMIND] tail off counter= 3 threshold= 3 in function setIfTailOff at /blue/yu.yang1/you.z/route_opt/packages/application/X-n313-k71/src/main/src/call_cutting.cpp:150[0m
[1;36m[REMIND] opt_k not found for node 13, use m directly in function getOptK at /blue/yu.yang1/you.z/route_opt/packages/branching/bkf/include/bkf_controller.hpp:239[0m
current_r_best= 8.28426
we directly test 100
we directly test 4
pseudo= 50 frac= 50
#candidates in phase1= 100
testing lp time= 35.46 s.
-----------------------------------------------------------------------------------------
 70-133 ,  80.24|  70-121 ,  57.32| 109-138 ,  53.90|  95-281 ,  51.73|  33-56  ,  51.23| 
 59-68  ,  50.74|  12-76  ,  44.78|  74-95  ,  43.57|   3-269 ,  43.00|  44-133 ,  42.60| 
102-133 ,  42.60| 270-279 ,  40.61|  95-279 ,  40.61|   7-127 ,  40.09|  32-152 ,  40.07| 
  0-175 ,  33.17| 141-175 ,  33.17| 164-175 ,  31.95| 228-270 ,  29.23|  23-118 ,  27.36| 
136-143 ,  25.86|  22-248 ,  24.81|  22-161 ,  24.81|   0-214 ,  24.55| 189-214 ,  24.55| 
 59-292 ,  22.72| 286-292 ,  22.72|   0-164 ,  21.39|  57-64  ,  21.25|   0-290 ,  21.15| 
 21-42  ,  20.89|   0-9   ,  20.73|   0-33  ,  20.52|  33-228 ,  20.38|  43-239 ,  20.34| 
  0-136 ,  18.57| 112-257 ,  16.16|  51-84  ,  15.12| 175-260 ,  14.04| 252-260 ,  13.49| 
 78-150 ,  13.44|  93-122 ,  13.44|  33-281 ,  12.60| 103-138 ,  12.50| 136-291 ,  12.04| 
  0-52  ,  11.96| 145-281 ,  11.92|  71-109 ,  11.29| 118-127 ,  11.07|   0-131 ,  10.73| 
191-243 ,  10.17|  57-130 ,   9.79| 143-296 ,   9.64|   0-270 ,   9.13|  21-191 ,   9.07| 
  0-138 ,   9.06| 190-280 ,   8.67| 165-280 ,   8.67|   0-127 ,   7.92| 113-232 ,   7.77| 
  9-126 ,   7.42|   0-150 ,   7.29| 149-180 ,   6.92|  90-116 ,   6.43|   0-196 ,   6.12| 
240-275 ,   5.80|   4-128 ,   5.43| 180-244 ,   5.42| 117-237 ,   5.27|   0-130 ,   5.18| 
219-222 ,   4.65|  81-183 ,   4.58|   0-183 ,   4.48|  87-117 ,   4.26|   0-122 ,   4.23| 
 45-185 ,   4.11|  25-132 ,   3.56| 180-196 ,   3.50| 259-293 ,   3.27| 229-273 ,   3.21| 
185-222 ,   2.93| 179-229 ,   2.71|   0-74  ,   2.59|  74-252 ,   2.47|   0-95  ,   2.47| 
  0-67  ,   2.35|   0-147 ,   2.30|   0-238 ,   2.22|  68-182 ,   1.73|   0-68  ,   1.73| 
 23-127 ,   1.62|   0-51  ,   1.44| 205-293 ,   1.40|   0-308 ,   1.33| 154-212 ,   1.26| 
 14-212 ,   1.26|  17-245 ,   1.22| 192-305 ,   1.16|   0-4   ,   0.68|   0-254 ,   0.46| 
-----------------------------------------------------------------------------------------
edge= 95 281 lp= 2.66858 pre= 0 lp2= 19.3862 pre2= 1 score= 51.7336
-----------------------------------------------------------------------------------------
edge= 109 138 lp= 1.6831 pre= 2 lp2= 32.025 pre2= 2 score= 53.9014
-----------------------------------------------------------------------------------------
edge= 70 121 lp= 1.78973 pre= 2 lp2= 32.025 pre2= 2 score= 57.3161
-----------------------------------------------------------------------------------------
edge= 70 133 lp= 32.025 pre= 2 lp2= 2.50566 pre2= 2 score= 80.2438
-----------------------------------------------------------------------------------------
candidate= 70-133 : -
-----------------------------------------------------------------------------------------
-----------------------------------------------------------------------------------------
 ****** Pricing Level: LIGHT HEUR ****** 
it= 6   ncol= 1678  ncstr= 607  mt= 0.4   spt= 0.2   lpval= 93997.1   ub= 94044.0  
 ****** Pricing Level: HEAVY HEUR ****** 
it= 7   ncol= 1754  ncstr= 607  mt= 0.1   spt= 0.6   lpval= 93994.8   ub= 94044.0  
-----------------------------------------------------------------------------------------
elapsed time= 75.48 s.
-----------------------------------------------------------------------------------------
candidate= 70-121 : -
-----------------------------------------------------------------------------------------
-----------------------------------------------------------------------------------------
 ****** Pricing Level: LIGHT HEUR ****** 
it= 4   ncol= 1639  ncstr= 607  mt= 0.2   spt= 0.1   lpval= 93980.6   ub= 94044.0  
 ****** Pricing Level: HEAVY HEUR ****** 
it= 3   ncol= 1656  ncstr= 607  mt= 0.0   spt= 0.2   lpval= 93980.6   ub= 94044.0  
-----------------------------------------------------------------------------------------
elapsed time= 76.49 s.
-----------------------------------------------------------------------------------------
candidate= 70-121 : +
-----------------------------------------------------------------------------------------
-----------------------------------------------------------------------------------------
 ****** Pricing Level: LIGHT HEUR ****** 
it= 8   ncol= 1721  ncstr= 607  mt= 0.4   spt= 0.3   lpval= 94007.6   ub= 94044.0  
 ****** Pricing Level: HEAVY HEUR ****** 
it= 6   ncol= 1823  ncstr= 607  mt= 0.1   spt= 0.5   lpval= 94003.2   ub= 94044.0  
-----------------------------------------------------------------------------------------
elapsed time= 78.50 s.
-----------------------------------------------------------------------------------------
candidate= 109-138 : -
-----------------------------------------------------------------------------------------
-----------------------------------------------------------------------------------------
 ****** Pricing Level: LIGHT HEUR ****** 
it= 4   ncol= 1641  ncstr= 607  mt= 0.2   spt= 0.1   lpval= 93980.4   ub= 94044.0  
 ****** Pricing Level: HEAVY HEUR ****** 
it= 4   ncol= 1672  ncstr= 607  mt= 0.0   spt= 0.3   lpval= 93980.4   ub= 94044.0  
-----------------------------------------------------------------------------------------
elapsed time= 79.67 s.
-----------------------------------------------------------------------------------------
brc= 95-281
t= 0.177298 c= 38.2866 n= 0 if_b4= 1
t= 1.55212 c= 52.9122 n= 0 if_b4= 1
nodes already exists
memory usage= 5GB.
#########################################################################################
tree size= 0 lb= 93978.9 ub= 94044
#########################################################################################
idx= 2 value= 93978.9 enu= 0
brc= 50-103 : -
brc= 76-103 : -
brc= 49-105 : +
brc= 164-295 : +
brc= 221-228 : -
brc= 62-68 : -
brc= 0-57 : -
brc= 126-152 : -
brc= 127-145 : -
brc= 62-296 : -
brc= 19-60 : +
brc= 95-281 : -
-----------------------------------------------------------------------------------------
 ****** Pricing Level: LIGHT HEUR ****** 
it= 4   ncol= 1635  ncstr= 606  mt= 0.3   spt= 0.1   lpval= 93980.7   ub= 94044.0  
 ****** Pricing Level: HEAVY HEUR ****** 
it= 4   ncol= 1664  ncstr= 606  mt= 0.0   spt= 0.3   lpval= 93980.6   ub= 94044.0  
 ****** Pricing Level: EXACT ****** 
it= 4   ncol= 1708  ncstr= 606  mt= 0.1   spt= 3.8   lpval= 93980.6   ub= 94044.0  
-----------------------------------------------------------------------------------------
elapsed time= 85.79 s.
-----------------------------------------------------------------------------------------
 ****** Separate RCCs ****** 
 ****** Separate Rank1Cuts ****** 
-----------------------------------------------------------------------------------------
 ****** Pricing Level: LIGHT HEUR ****** 
it= 3   ncol= 1743  ncstr= 642  mt= 0.2   spt= 0.1   lpval= 93981.9   ub= 94044.0  
 ****** Pricing Level: HEAVY HEUR ****** 
it= 2   ncol= 1747  ncstr= 642  mt= 0.0   spt= 0.2   lpval= 93981.9   ub= 94044.0  
 ****** Pricing Level: EXACT ****** 
it= 3   ncol= 1770  ncstr= 642  mt= 0.0   spt= 3.0   lpval= 93981.9   ub= 94044.0  
-----------------------------------------------------------------------------------------
elapsed time= 90.43 s.
-----------------------------------------------------------------------------------------
-----------------------------------------------------------------------------------------
 ****** Run Arc Elimination ****** 
arc elimination time= 7.00 s.
previous= 87.8867% maximum= 3.63829%
eliminate bucket arcs time= 0.62 s.
obtain jump arcs time= 0.01 s.
-----------------------------------------------------------------------------------------
-----------------------------------------------------------------------------------------
elapsed time= 98.08 s.
-----------------------------------------------------------------------------------------
[1;36m[REMIND] 2: gap improved= 1.265074 ratio= 0.020374 threshold= 0.040000 in function increaseCondition2 at /blue/yu.yang1/you.z/route_opt/packages/application/X-n313-k71/src/main/src/call_cutting.cpp:74[0m
 ****** Separate RCCs ****** 
 ****** Separate Rank1Cuts ****** 
-----------------------------------------------------------------------------------------
 ****** Pricing Level: LIGHT HEUR ****** 
it= 3   ncol= 1777  ncstr= 619  mt= 0.3   spt= 0.1   lpval= 93982.5   ub= 94044.0  
 ****** Pricing Level: HEAVY HEUR ****** 
it= 2   ncol= 1780  ncstr= 619  mt= 0.0   spt= 0.1   lpval= 93982.5   ub= 94044.0  
 ****** Pricing Level: EXACT ****** 
it= 3   ncol= 1807  ncstr= 619  mt= 0.1   spt= 2.9   lpval= 93982.5   ub= 94044.0  
-----------------------------------------------------------------------------------------
elapsed time= 103.11 s.
-----------------------------------------------------------------------------------------
[1;36m[REMIND] 2: gap improved= 0.598563 ratio= 0.009734 threshold= 0.040000 in function increaseCondition2 at /blue/yu.yang1/you.z/route_opt/packages/application/X-n313-k71/src/main/src/call_cutting.cpp:74[0m
 ****** Separate RCCs ****** 
 ****** Separate Rank1Cuts ****** 
-----------------------------------------------------------------------------------------
 ****** Pricing Level: LIGHT HEUR ****** 
it= 1   ncol= 1807  ncstr= 665  mt= 0.3   spt= 0.0   lpval= 93983.0   ub= 94044.0  
 ****** Pricing Level: HEAVY HEUR ****** 
it= 2   ncol= 1811  ncstr= 665  mt= 0.0   spt= 0.2   lpval= 93983.0   ub= 94044.0  
 ****** Pricing Level: EXACT ****** 
it= 5   ncol= 1824  ncstr= 665  mt= 0.1   spt= 4.9   lpval= 93983.0   ub= 94044.0  
-----------------------------------------------------------------------------------------
elapsed time= 109.51 s.
-----------------------------------------------------------------------------------------
[1;36m[REMIND] 2: gap improved= 0.538067 ratio= 0.008827 threshold= 0.040000 in function increaseCondition2 at /blue/yu.yang1/you.z/route_opt/packages/application/X-n313-k71/src/main/src/call_cutting.cpp:74[0m
[1;36m[REMIND] tail off counter= 3 threshold= 3 in function setIfTailOff at /blue/yu.yang1/you.z/route_opt/packages/application/X-n313-k71/src/main/src/call_cutting.cpp:150[0m
current_r_best= 3.02903
pseudo= 50 frac= 50
#candidates in phase1= 37
testing lp time= 10.78 s.
-----------------------------------------------------------------------------------------
 59-68  , 242.66|   0-221 , 131.91|   0-270 , 131.91|  12-76  , 109.63| 189-214 ,  84.89| 
  0-214 ,  84.89|  70-133 ,  80.83| 102-133 ,  78.87|  32-152 ,  66.79|   0-9   ,  61.35| 
141-175 ,  59.55|  36-152 ,  56.43| 126-142 ,  56.31|  22-161 ,  47.87|  22-248 ,  47.87| 
 43-239 ,  34.24| 131-221 ,  29.48| 131-147 ,  28.92|  71-109 ,  28.41|  96-225 ,  19.57| 
218-302 ,  18.62|   0-174 ,  17.95| 225-304 ,  14.98|   6-237 ,  14.26| 117-174 ,  13.24| 
  9-126 ,  12.91| 233-246 ,  12.52| 113-232 ,   9.25| 167-304 ,   8.90|  28-60  ,   7.94| 
  0-74  ,   7.19| 115-269 ,   6.69| 207-269 ,   6.69|  56-95  ,   2.70|   0-7   ,   2.03| 
 90-132 ,   0.52|   9-150 ,   0.27| 
-----------------------------------------------------------------------------------------
edge= 0 221 lp= 51.3195 pre= 2 lp2= 2.5704 pre2= 2 score= 131.912
-----------------------------------------------------------------------------------------
edge= 0 270 lp= 2.57039 pre= 2 lp2= 51.3195 pre2= 2 score= 131.911
-----------------------------------------------------------------------------------------
edge= 59 68 lp= 22.7123 pre= 2 lp2= 10.6841 pre2= 2 score= 242.66
-----------------------------------------------------------------------------------------
candidate= 59-68 : -
-----------------------------------------------------------------------------------------
-----------------------------------------------------------------------------------------
 ****** Pricing Level: LIGHT HEUR ****** 
it= 7   ncol= 1354  ncstr= 592  mt= 0.3   spt= 0.2   lpval= 93994.9   ub= 94044.0  
 ****** Pricing Level: HEAVY HEUR ****** 
it= 8   ncol= 1435  ncstr= 592  mt= 0.1   spt= 0.6   lpval= 93994.2   ub= 94044.0  
-----------------------------------------------------------------------------------------
elapsed time= 122.78 s.
-----------------------------------------------------------------------------------------
candidate= 0-221 : -
-----------------------------------------------------------------------------------------
-----------------------------------------------------------------------------------------
 ****** Pricing Level: LIGHT HEUR ****** 
it= 6   ncol= 1354  ncstr= 592  mt= 0.4   spt= 0.2   lpval= 93988.6   ub= 94044.0  
 ****** Pricing Level: HEAVY HEUR ****** 
it= 4   ncol= 1408  ncstr= 592  mt= 0.1   spt= 0.3   lpval= 93988.5   ub= 94044.0  
-----------------------------------------------------------------------------------------
elapsed time= 124.19 s.
-----------------------------------------------------------------------------------------
candidate= 0-270 : -
-----------------------------------------------------------------------------------------
-----------------------------------------------------------------------------------------
 ****** Pricing Level: LIGHT HEUR ****** 
it= 6   ncol= 1331  ncstr= 592  mt= 0.2   spt= 0.2   lpval= 93985.5   ub= 94044.0  
 ****** Pricing Level: HEAVY HEUR ****** 
it= 3   ncol= 1373  ncstr= 592  mt= 0.1   spt= 0.2   lpval= 93985.2   ub= 94044.0  
-----------------------------------------------------------------------------------------
elapsed time= 125.36 s.
-----------------------------------------------------------------------------------------
candidate= 59-68 : +
-----------------------------------------------------------------------------------------
-----------------------------------------------------------------------------------------
 ****** Pricing Level: LIGHT HEUR ****** 
it= 6   ncol= 1328  ncstr= 592  mt= 0.3   spt= 0.2   lpval= 93986.2   ub= 94044.0  
 ****** Pricing Level: HEAVY HEUR ****** 
it= 4   ncol= 1372  ncstr= 592  mt= 0.0   spt= 0.3   lpval= 93986.1   ub= 94044.0  
-----------------------------------------------------------------------------------------
elapsed time= 126.72 s.
-----------------------------------------------------------------------------------------
candidate= 0-270 : +
-----------------------------------------------------------------------------------------
-----------------------------------------------------------------------------------------
 ****** Pricing Level: LIGHT HEUR ****** 
it= 7   ncol= 1358  ncstr= 592  mt= 0.4   spt= 0.2   lpval= 93988.3   ub= 94044.0  
 ****** Pricing Level: HEAVY HEUR ****** 
it= 5   ncol= 1400  ncstr= 592  mt= 0.0   spt= 0.4   lpval= 93988.3   ub= 94044.0  
-----------------------------------------------------------------------------------------
elapsed time= 128.41 s.
-----------------------------------------------------------------------------------------
brc= 59-68
t= 0.161494 c= 35.801 n= 1 if_b4= 1
t= 1.54087 c= 43.897 n= 1 if_b4= 1
nodes already exists
memory usage= 5GB.
#########################################################################################
tree size= 0 lb= 93983 ub= 94044
#########################################################################################
idx= 4 value= 93983 enu= 0
brc= 50-103 : -
brc= 76-103 : -
brc= 49-105 : +
brc= 164-295 : +
brc= 221-228 : -
brc= 62-68 : -
brc= 0-57 : -
brc= 126-152 : -
brc= 127-145 : -
brc= 62-296 : -
brc= 19-60 : +
brc= 95-281 : -
brc= 59-68 : -
-----------------------------------------------------------------------------------------
 ****** Pricing Level: LIGHT HEUR ****** 
it= 8   ncol= 1385  ncstr= 591  mt= 0.4   spt= 0.2   lpval= 93994.9   ub= 94044.0  
 ****** Pricing Level: HEAVY HEUR ****** 
it= 5   ncol= 1447  ncstr= 591  mt= 0.1   spt= 0.4   lpval= 93994.2   ub= 94044.0  
 ****** Pricing Level: EXACT ****** 
it= 4   ncol= 1505  ncstr= 591  mt= 0.0   spt= 3.3   lpval= 93994.1   ub= 94044.0  
-----------------------------------------------------------------------------------------
elapsed time= 134.43 s.
-----------------------------------------------------------------------------------------
-----------------------------------------------------------------------------------------
 ****** Run Arc Elimination ****** 
arc elimination time= 4.54 s.
previous= 77.1368% maximum= 2.80597%
eliminate bucket arcs time= 0.51 s.
obtain jump arcs time= 0.01 s.
-----------------------------------------------------------------------------------------
-----------------------------------------------------------------------------------------
elapsed time= 139.50 s.
-----------------------------------------------------------------------------------------
-----------------------------------------------------------------------------------------
 ****** Try Enumeration ****** 
max_val= 88255 stop_b= 10 max_idx= 8 num_label= 324115 max_label_in_enumeration= 500000 q= 23.3907 aq.size()= 21 left_bin= 2 left_labels= 175885
status= LABEL_FOR_LIMIT
#labels= 324115 #routes= 22
labeling 1 time= 10.16 s.
next try value > 93995.8
-----------------------------------------------------------------------------------------
elapsed time= 149.73 s.
-----------------------------------------------------------------------------------------
 ****** Separate RCCs ****** 
 ****** Separate Rank1Cuts ****** 
-----------------------------------------------------------------------------------------
 ****** Pricing Level: LIGHT HEUR ****** 
it= 4   ncol= 1546  ncstr= 655  mt= 0.3   spt= 0.1   lpval= 94000.6   ub= 94044.0  
 ****** Pricing Level: HEAVY HEUR ****** 
it= 3   ncol= 1564  ncstr= 655  mt= 0.0   spt= 0.2   lpval= 94000.4   ub= 94044.0  
 ****** Pricing Level: EXACT ****** 
it= 4   ncol= 1635  ncstr= 655  mt= 0.1   spt= 3.0   lpval= 94000.0   ub= 94044.0  
-----------------------------------------------------------------------------------------
elapsed time= 154.71 s.
-----------------------------------------------------------------------------------------
-----------------------------------------------------------------------------------------
 ****** Run Arc Elimination ****** 
arc elimination time= 3.69 s.
previous= 86.4571% maximum= 2.42596%
eliminate bucket arcs time= 0.44 s.
obtain jump arcs time= 0.01 s.
-----------------------------------------------------------------------------------------
-----------------------------------------------------------------------------------------
elapsed time= 158.87 s.
-----------------------------------------------------------------------------------------
-----------------------------------------------------------------------------------------
 ****** Try Enumeration ****** 
#labels= 253097 #routes= 16
labeling 1 time= 6.04 s.
concatenate time= 11.42 s.
#routes= 389507
average gap of successful enumeration= 0.000457209
next try value > 93995.2
-----------------------------------------------------------------------------------------
elapsed time= 176.46 s.
-----------------------------------------------------------------------------------------
 ****** Process Enumeration Matrix ****** 
delete non-ele routes lp val= 94001.1
recover rank1c lp val= 94002.6
recover rcc lp val= 94004.6
obtain rcc coefficient time= 0.26 s.
obtain r1c coefficient time= 0.63 s.
obtain matrix from triplets time= 1.40 s.
delete columns by branch time= 0.00 s.
columns pending deletion= 223 remain= 389507 col ratio= 0.999427 row ratio= 1
regenerate enumeration matrix time= 0.00 s.
-----------------------------------------------------------------------------------------
elapsed time= 181.00 s.
-----------------------------------------------------------------------------------------
it= 4   ncol= 1466  ncstr= 615  mt= 0.1   spt= 0.1   lpval= 94004.5   ub= 94044.0  
-----------------------------------------------------------------------------------------
elapsed time= 181.24 s.
-----------------------------------------------------------------------------------------
delete columns= 192206 remain= 197301
 ****** Separate RCCs ****** 
 ****** Separate Rank1Cuts ****** 
it= 4   ncol= 1400  ncstr= 556  mt= 0.0   spt= 0.1   lpval= 94007.9   ub= 94044.0  
-----------------------------------------------------------------------------------------
elapsed time= 182.80 s.
-----------------------------------------------------------------------------------------
columns pending deletion= 65084 remain= 197301 col ratio= 0.670128 row ratio= 0.92446
 ****** Separate RCCs ****** 
 ****** Separate Rank1Cuts ****** 
it= 4   ncol= 1404  ncstr= 654  mt= 0.1   spt= 0.1   lpval= 94008.6   ub= 94044.0  
-----------------------------------------------------------------------------------------
elapsed time= 183.62 s.
-----------------------------------------------------------------------------------------
delete columns= 80431 remain= 116870
[1;36m[REMIND] 2: gap improved= 0.736038 ratio= 0.020796 threshold= 0.040000 in function increaseCondition2 at /blue/yu.yang1/you.z/route_opt/packages/application/X-n313-k71/src/main/src/call_cutting.cpp:74[0m
 ****** Separate RCCs ****** 
 ****** Separate Rank1Cuts ****** 
it= 2   ncol= 1415  ncstr= 593  mt= 0.0   spt= 0.0   lpval= 94008.9   ub= 94044.0  
-----------------------------------------------------------------------------------------
elapsed time= 184.97 s.
-----------------------------------------------------------------------------------------
columns pending deletion= 10627 remain= 116870 col ratio= 0.90907 row ratio= 0.920742
[1;36m[REMIND] 2: gap improved= 0.339979 ratio= 0.009699 threshold= 0.040000 in function increaseCondition2 at /blue/yu.yang1/you.z/route_opt/packages/application/X-n313-k71/src/main/src/call_cutting.cpp:74[0m
 ****** Separate RCCs ****** 
 ****** Separate Rank1Cuts ****** 
it= 2   ncol= 1410  ncstr= 629  mt= 0.0   spt= 0.0   lpval= 94009.1   ub= 94044.0  
-----------------------------------------------------------------------------------------
elapsed time= 185.57 s.
-----------------------------------------------------------------------------------------
columns pending deletion= 16179 remain= 116870 col ratio= 0.861564 row ratio= 0.888712
[1;36m[REMIND] 2: gap improved= 0.114163 ratio= 0.003268 threshold= 0.040000 in function increaseCondition2 at /blue/yu.yang1/you.z/route_opt/packages/application/X-n313-k71/src/main/src/call_cutting.cpp:74[0m
[1;36m[REMIND] tail off counter= 3 threshold= 3 in function setIfTailOff at /blue/yu.yang1/you.z/route_opt/packages/application/X-n313-k71/src/main/src/call_cutting.cpp:150[0m
current_r_best= 18.9158
pseudo= 50 frac= 50
#candidates in phase1= 37
testing lp time= 14.16 s.
-----------------------------------------------------------------------------------------
  1-109 , 263.06| 103-138 , 206.96| 141-175 , 203.24|  12-134 , 147.96|  70-133 ,  92.59| 
109-138 ,  85.61| 263-306 ,  83.49|  71-306 ,  83.49|   0-306 ,  83.42|  57-64  ,  77.57| 
 71-203 ,  55.67| 203-225 ,  55.67| 126-142 ,  44.50|  36-152 ,  44.49| 181-194 ,  42.65| 
102-133 ,  40.88|  32-152 ,  35.61|  22-161 ,  32.98|   0-221 ,  25.95|  79-269 ,  20.26| 
 85-103 ,  19.93|   0-214 ,  18.80| 189-214 ,  18.80| 200-294 ,  16.12|  21-42  ,  15.48| 
  9-126 ,  13.22|  79-89  ,   8.12|   0-74  ,   7.38| 131-147 ,   4.70|   0-73  ,   2.99| 
  0-312 ,   2.74| 251-253 ,   2.53| 272-290 ,   2.15|   0-272 ,   1.86|   0-202 ,   1.44| 
 73-308 ,   0.00|  23-182 ,   0.00| 
-----------------------------------------------------------------------------------------
edge= 141 175 lp= 1.85227 pre= 2 lp2= 109.725 pre2= 2 score= 203.239
-----------------------------------------------------------------------------------------
edge= 103 138 lp= 1.88616 pre= 0 lp2= 109.725 pre2= 2 score= 206.959
-----------------------------------------------------------------------------------------
edge= 1 109 lp= 4.84143 pre= 2 lp2= 54.3349 pre2= 2 score= 263.059
-----------------------------------------------------------------------------------------
candidate= 1-109 : -
-----------------------------------------------------------------------------------------
it= 3   ncol= 1454  ncstr= 630  mt= 0.4   spt= 0.0   lpval= 94013.9   ub= 94044.0  
-----------------------------------------------------------------------------------------
elapsed time= 200.15 s.
-----------------------------------------------------------------------------------------
candidate= 1-109 : +
-----------------------------------------------------------------------------------------
it= 6   ncol= 1565  ncstr= 630  mt= 0.5   spt= 0.1   lpval= 94024.1   ub= 94044.0  
-----------------------------------------------------------------------------------------
elapsed time= 200.69 s.
-----------------------------------------------------------------------------------------
candidate= 103-138 : +
-----------------------------------------------------------------------------------------
it= 6   ncol= 1545  ncstr= 630  mt= 0.5   spt= 0.1   lpval= 94051.4   ub= 94044.0  
-----------------------------------------------------------------------------------------
elapsed time= 201.28 s.
-----------------------------------------------------------------------------------------
candidate= 141-175 : -
-----------------------------------------------------------------------------------------
it= 3   ncol= 1445  ncstr= 630  mt= 0.4   spt= 0.0   lpval= 94010.9   ub= 94044.0  
-----------------------------------------------------------------------------------------
elapsed time= 201.69 s.
-----------------------------------------------------------------------------------------
candidate= 141-175 : +
-----------------------------------------------------------------------------------------
it= 4   ncol= 1498  ncstr= 630  mt= 0.6   spt= 0.0   lpval= 94018.0   ub= 94044.0  
-----------------------------------------------------------------------------------------
elapsed time= 202.32 s.
-----------------------------------------------------------------------------------------
brc= 103-138
t= 0.191301 c= 57.7203 n= 0 if_b4= 0
t= 0.51741 c= 63.5049 n= 0 if_b4= 0
#########################################################################################
tree size= 1 lb= 94009.1 ub= 94044
#########################################################################################
idx= 5 value= 94009.1 enu= 1
brc= 50-103 : -
brc= 76-103 : -
brc= 49-105 : +
brc= 164-295 : +
brc= 221-228 : -
brc= 62-68 : -
brc= 0-57 : -
brc= 126-152 : -
brc= 127-145 : -
brc= 62-296 : -
brc= 19-60 : +
brc= 95-281 : -
brc= 59-68 : -
brc= 103-138 : +
it= 7   ncol= 1515  ncstr= 629  mt= 0.5   spt= 0.0   lpval= 94051.4   ub= 94044.0  
-----------------------------------------------------------------------------------------
elapsed time= 204.30 s.
-----------------------------------------------------------------------------------------
#########################################################################################
tree size= 0 lb= 94009.1 ub= 94044
#########################################################################################
idx= 6 value= 94009.1 enu= 1
brc= 50-103 : -
brc= 76-103 : -
brc= 49-105 : +
brc= 164-295 : +
brc= 221-228 : -
brc= 62-68 : -
brc= 0-57 : -
brc= 126-152 : -
brc= 127-145 : -
brc= 62-296 : -
brc= 19-60 : +
brc= 95-281 : -
brc= 59-68 : -
brc= 103-138 : -
it= 2   ncol= 1423  ncstr= 629  mt= 0.0   spt= 0.0   lpval= 94010.9   ub= 94044.0  
-----------------------------------------------------------------------------------------
elapsed time= 204.35 s.
-----------------------------------------------------------------------------------------
columns pending deletion= 13152 remain= 100690 col ratio= 0.869381 row ratio= 0.883943
 ****** Separate RCCs ****** 
 ****** Separate Rank1Cuts ****** 
it= 3   ncol= 1422  ncstr= 679  mt= 0.0   spt= 0.0   lpval= 94011.8   ub= 94044.0  
-----------------------------------------------------------------------------------------
elapsed time= 205.03 s.
-----------------------------------------------------------------------------------------
columns pending deletion= 25084 remain= 100690 col ratio= 0.750879 row ratio= 0.833579
[1;36m[REMIND] 2: gap improved= 0.861083 ratio= 0.026749 threshold= 0.040000 in function increaseCondition2 at /blue/yu.yang1/you.z/route_opt/packages/application/X-n313-k71/src/main/src/call_cutting.cpp:74[0m
 ****** Separate RCCs ****** 
 ****** Separate Rank1Cuts ****** 
it= 4   ncol= 1432  ncstr= 724  mt= 0.0   spt= 0.0   lpval= 94012.0   ub= 94044.0  
-----------------------------------------------------------------------------------------
elapsed time= 205.66 s.
-----------------------------------------------------------------------------------------
delete columns= 28916 remain= 71774
[1;36m[REMIND] 2: gap improved= 0.195152 ratio= 0.006099 threshold= 0.040000 in function increaseCondition2 at /blue/yu.yang1/you.z/route_opt/packages/application/X-n313-k71/src/main/src/call_cutting.cpp:74[0m
 ****** Separate RCCs ****** 
 ****** Separate Rank1Cuts ****** 
it= 2   ncol= 1439  ncstr= 593  mt= 0.0   spt= 0.0   lpval= 94012.2   ub= 94044.0  
-----------------------------------------------------------------------------------------
elapsed time= 206.69 s.
-----------------------------------------------------------------------------------------
columns pending deletion= 2113 remain= 71774 col ratio= 0.97056 row ratio= 0.940978
[1;36m[REMIND] 2: gap improved= 0.245906 ratio= 0.007745 threshold= 0.040000 in function increaseCondition2 at /blue/yu.yang1/you.z/route_opt/packages/application/X-n313-k71/src/main/src/call_cutting.cpp:74[0m
[1;36m[REMIND] tail off counter= 3 threshold= 3 in function setIfTailOff at /blue/yu.yang1/you.z/route_opt/packages/application/X-n313-k71/src/main/src/call_cutting.cpp:150[0m
current_r_best= 2.3181
alpha= 0.37 beta= 13.6969 omega= 301.724 k1= 34
lb_k= 1 ub_k= 37
revise: lb_k= 26 ub_k= 37
opt_k= 36
alpha= 0.75 beta= 13.6969 omega= 122.736 k1= 3
lb_k= 1 ub_k= 3
revise: lb_k= 1 ub_k= 3
opt_k= 3
pseudo= 50 frac= 50
#candidates in phase1= 36
testing lp time= 12.43 s.
-----------------------------------------------------------------------------------------
  1-109 , 133.88| 109-138 ,  71.70|  70-121 ,  67.13| 112-165 ,  58.10|  70-133 ,  57.12| 
 24-112 ,  56.10|  24-29  ,  56.10| 112-131 ,  56.10|  70-99  ,  50.83|   0-99  ,  50.83| 
126-142 ,  44.65|  36-152 ,  44.65| 153-182 ,  43.70| 181-194 ,  40.82| 102-133 ,  40.02| 
  0-221 ,  36.72|  32-152 ,  35.48| 174-221 ,  35.04|   3-269 ,  28.76|   0-133 ,  28.73| 
 96-225 ,  27.89|   0-214 ,  27.47|   0-234 ,  27.46| 189-214 ,  27.46|   3-128 ,  27.28| 
  0-9   ,  26.39| 147-174 ,  18.00|   0-304 ,  17.05| 138-246 ,  16.15|   9-126 ,   9.51| 
  5-191 ,   9.30| 140-173 ,   7.92| 113-232 ,   7.39| 193-259 ,   6.06|   4-89  ,   0.28| 
 73-254 ,   0.00| 
-----------------------------------------------------------------------------------------
edge= 70 121 lp= 1.99784 pre= 0 lp2= 33.601 pre2= 1 score= 67.1294
-----------------------------------------------------------------------------------------
edge= 109 138 lp= 4.65383 pre= 2 lp2= 15.4058 pre2= 2 score= 71.6962
-----------------------------------------------------------------------------------------
edge= 1 109 lp= 1.87226 pre= 0 lp2= 71.5061 pre2= 2 score= 133.878
-----------------------------------------------------------------------------------------
candidate= 1-109 : +
-----------------------------------------------------------------------------------------
it= 5   ncol= 1549  ncstr= 594  mt= 0.5   spt= 0.0   lpval= 94025.8   ub= 94044.0  
-----------------------------------------------------------------------------------------
elapsed time= 219.66 s.
-----------------------------------------------------------------------------------------
candidate= 109-138 : -
-----------------------------------------------------------------------------------------
it= 3   ncol= 1457  ncstr= 594  mt= 0.3   spt= 0.0   lpval= 94016.8   ub= 94044.0  
-----------------------------------------------------------------------------------------
elapsed time= 220.01 s.
-----------------------------------------------------------------------------------------
candidate= 109-138 : +
-----------------------------------------------------------------------------------------
it= 4   ncol= 1511  ncstr= 594  mt= 0.3   spt= 0.0   lpval= 94024.2   ub= 94044.0  
-----------------------------------------------------------------------------------------
elapsed time= 220.37 s.
-----------------------------------------------------------------------------------------
brc= 70-121
t= 0.181984 c= 30.3664 n= 1 if_b4= 0
t= 0.465731 c= 36.0562 n= 1 if_b4= 0
#########################################################################################
tree size= 1 lb= 94012.2 ub= 94044
#########################################################################################
idx= 7 value= 94012.2 enu= 1
brc= 50-103 : -
brc= 76-103 : -
brc= 49-105 : +
brc= 164-295 : +
brc= 221-228 : -
brc= 62-68 : -
brc= 0-57 : -
brc= 126-152 : -
brc= 127-145 : -
brc= 62-296 : -
brc= 19-60 : +
brc= 95-281 : -
brc= 59-68 : -
brc= 103-138 : -
brc= 70-121 : +
it= 5   ncol= 1527  ncstr= 593  mt= 0.4   spt= 0.0   lpval= 94033.8   ub= 94044.0  
-----------------------------------------------------------------------------------------
elapsed time= 221.97 s.
-----------------------------------------------------------------------------------------
delete columns= 67121 remain= 2381
 ****** Separate RCCs ****** 
 ****** Separate Rank1Cuts ****** 
it= 4   ncol= 1254  ncstr= 621  mt= 0.1   spt= 0.0   lpval= 94047.3   ub= 94044.0  
-----------------------------------------------------------------------------------------
elapsed time= 222.60 s.
-----------------------------------------------------------------------------------------
#########################################################################################
tree size= 0 lb= 94012.2 ub= 94044
#########################################################################################
idx= 8 value= 94012.2 enu= 1
brc= 50-103 : -
brc= 76-103 : -
brc= 49-105 : +
brc= 164-295 : +
brc= 221-228 : -
brc= 62-68 : -
brc= 0-57 : -
brc= 126-152 : -
brc= 127-145 : -
brc= 62-296 : -
brc= 19-60 : +
brc= 95-281 : -
brc= 59-68 : -
brc= 103-138 : -
brc= 70-121 : -
it= 3   ncol= 1474  ncstr= 593  mt= 0.0   spt= 0.0   lpval= 94014.2   ub= 94044.0  
-----------------------------------------------------------------------------------------
elapsed time= 222.68 s.
-----------------------------------------------------------------------------------------
columns pending deletion= 12816 remain= 69636 col ratio= 0.815957 row ratio= 0.919056
 ****** Separate RCCs ****** 
 ****** Separate Rank1Cuts ****** 
it= 3   ncol= 1522  ncstr= 699  mt= 0.1   spt= 0.0   lpval= 94016.3   ub= 94044.0  
-----------------------------------------------------------------------------------------
elapsed time= 223.49 s.
-----------------------------------------------------------------------------------------
delete columns= 28433 remain= 41203
 ****** Separate RCCs ****** 
 ****** Separate Rank1Cuts ****** 
it= 3   ncol= 1524  ncstr= 654  mt= 0.0   spt= 0.0   lpval= 94017.0   ub= 94044.0  
-----------------------------------------------------------------------------------------
elapsed time= 224.57 s.
-----------------------------------------------------------------------------------------
columns pending deletion= 5716 remain= 41203 col ratio= 0.861272 row ratio= 0.863914
[1;36m[REMIND] 2: gap improved= 0.709573 ratio= 0.026309 threshold= 0.040000 in function increaseCondition2 at /blue/yu.yang1/you.z/route_opt/packages/application/X-n313-k71/src/main/src/call_cutting.cpp:74[0m
 ****** Separate Rank1Cuts ****** 
it= 3   ncol= 1522  ncstr= 741  mt= 0.0   spt= 0.0   lpval= 94017.4   ub= 94044.0  
-----------------------------------------------------------------------------------------
elapsed time= 225.27 s.
-----------------------------------------------------------------------------------------
columns pending deletion= 8736 remain= 41203 col ratio= 0.787977 row ratio= 0.789474
[1;36m[REMIND] 2: gap improved= 0.340967 ratio= 0.012804 threshold= 0.040000 in function increaseCondition2 at /blue/yu.yang1/you.z/route_opt/packages/application/X-n313-k71/src/main/src/call_cutting.cpp:74[0m
 ****** Separate Rank1Cuts ****** 
it= 3   ncol= 1524  ncstr= 765  mt= 0.0   spt= 0.0   lpval= 94017.6   ub= 94044.0  
-----------------------------------------------------------------------------------------
elapsed time= 225.87 s.
-----------------------------------------------------------------------------------------
delete columns= 10642 remain= 30561
[1;36m[REMIND] 2: gap improved= 0.249374 ratio= 0.009453 threshold= 0.040000 in function increaseCondition2 at /blue/yu.yang1/you.z/route_opt/packages/application/X-n313-k71/src/main/src/call_cutting.cpp:74[0m
[1;36m[REMIND] tail off counter= 3 threshold= 3 in function setIfTailOff at /blue/yu.yang1/you.z/route_opt/packages/application/X-n313-k71/src/main/src/call_cutting.cpp:150[0m
current_r_best= 3.90597
alpha= 0.37 beta= 6.75377 omega= 166.863 k1= 17
lb_k= 1 ub_k= 37
revise: lb_k= 13 ub_k= 22
opt_k= 18
alpha= 0.75 beta= 6.75377 omega= 77.4184 k1= 3
lb_k= 1 ub_k= 3
revise: lb_k= 1 ub_k= 3
opt_k= 3
pseudo= 50 frac= 50
#candidates in phase1= 18
testing lp time= 6.89 s.
-----------------------------------------------------------------------------------------
 68-296 , 199.92|  27-50  ,  53.19| 109-138 ,  50.39|   0-221 ,  31.01|   0-214 ,  30.59| 
  0-234 ,  30.59|  96-225 ,  23.12|  18-301 ,  22.33|  12-68  ,  18.32|   1-109 ,  17.08| 
131-221 ,   8.97| 112-165 ,   8.31|  85-103 ,   4.09|  60-89  ,   2.37|   4-9   ,   1.41| 
  9-28  ,   0.06|   0-137 ,   0.04| 126-150 ,   0.00| 
-----------------------------------------------------------------------------------------
edge= 27 50 lp= 8.29641 pre= 2 lp2= 6.41144 pre2= 2 score= 53.1919
-----------------------------------------------------------------------------------------
edge= 109 138 lp= 4.62628 pre= 1 lp2= 10.8921 pre2= 0 score= 50.3899
-----------------------------------------------------------------------------------------
edge= 68 296 lp= 8.98507 pre= 2 lp2= 22.2501 pre2= 2 score= 199.919
-----------------------------------------------------------------------------------------
candidate= 68-296 : -
-----------------------------------------------------------------------------------------
it= 4   ncol= 1592  ncstr= 595  mt= 0.4   spt= 0.0   lpval= 94023.9   ub= 94044.0  
-----------------------------------------------------------------------------------------
elapsed time= 233.75 s.
-----------------------------------------------------------------------------------------
candidate= 68-296 : +
-----------------------------------------------------------------------------------------
it= 4   ncol= 1568  ncstr= 595  mt= 0.4   spt= 0.0   lpval= 94038.3   ub= 94044.0  
-----------------------------------------------------------------------------------------
elapsed time= 234.17 s.
-----------------------------------------------------------------------------------------
brc= 68-296
t= 0.185127 c= 21.6589 n= 2 if_b4= 0
t= 0.451166 c= 26.4599 n= 2 if_b4= 0
#########################################################################################
tree size= 1 lb= 94017.6 ub= 94044
#########################################################################################
idx= 9 value= 94017.6 enu= 1
brc= 50-103 : -
brc= 76-103 : -
brc= 49-105 : +
brc= 164-295 : +
brc= 221-228 : -
brc= 62-68 : -
brc= 0-57 : -
brc= 126-152 : -
brc= 127-145 : -
brc= 62-296 : -
brc= 19-60 : +
brc= 95-281 : -
brc= 59-68 : -
brc= 103-138 : -
brc= 70-121 : -
brc= 68-296 : +
it= 4   ncol= 1565  ncstr= 594  mt= 0.4   spt= 0.0   lpval= 94038.3   ub= 94044.0  
-----------------------------------------------------------------------------------------
elapsed time= 235.64 s.
-----------------------------------------------------------------------------------------
delete columns= 29411 remain= 1080
 ****** Separate RCCs ****** 
 ****** Separate Rank1Cuts ****** 
it= 4   ncol= 1057  ncstr= 590  mt= 0.0   spt= 0.0   lpval= 94047.5   ub= 94044.0  
-----------------------------------------------------------------------------------------
elapsed time= 236.49 s.
-----------------------------------------------------------------------------------------
#########################################################################################
tree size= 0 lb= 94017.6 ub= 94044
#########################################################################################
idx= 10 value= 94017.6 enu= 1
brc= 50-103 : -
brc= 76-103 : -
brc= 49-105 : +
brc= 164-295 : +
brc= 221-228 : -
brc= 62-68 : -
brc= 0-57 : -
brc= 126-152 : -
brc= 127-145 : -
brc= 62-296 : -
brc= 19-60 : +
brc= 95-281 : -
brc= 59-68 : -
brc= 103-138 : -
brc= 70-121 : -
brc= 68-296 : -
it= 4   ncol= 1578  ncstr= 594  mt= 0.1   spt= 0.0   lpval= 94023.9   ub= 94044.0  
-----------------------------------------------------------------------------------------
elapsed time= 236.64 s.
-----------------------------------------------------------------------------------------
delete columns= 17348 remain= 13202
 ****** Separate RCCs ****** 
 ****** Separate Rank1Cuts ****** 
it= 3   ncol= 1529  ncstr= 597  mt= 0.0   spt= 0.0   lpval= 94026.2   ub= 94044.0  
-----------------------------------------------------------------------------------------
elapsed time= 237.52 s.
-----------------------------------------------------------------------------------------
columns pending deletion= 4440 remain= 13202 col ratio= 0.663687 row ratio= 0.909548
mip: row= 543 col= 10261 density= 4.86688%
mip time= 5.62 s.
mip status= 6
update f from 0 to 17.8416
#########################################################################################
[32m<Instance: X-n313-k71>
<Solution>
<UB= 94044>
<LB= 94044>
<Elapsed Time= 243.2>
<Nodes Explored= 9>
<Global Gap= 0%>[0m
#########################################################################################
File nodes/X-n313-k71_2_0_6_G32.node deleted successfully.
