application type: CVRP
X-n313-k71_6_1_9_G32.node
Set parameter ServerTimeout to value 600
Set parameter TokenServer to value "grb-ts.ufhpc"
Set parameter Threads to value 1
instance name= X-n313-k71
#########################################################################################
tree size= 0 lb= 0 ub= 94044
#########################################################################################
idx= 19 value= 93963.3 enu= 0
brc= 50-103 : -
brc= 76-103 : -
brc= 49-105 : -
brc= 70-133 : -
brc= 74-217 : -
brc= 233-246 : -
brc= 164-175 : +
brc= 167-232 : -
brc= 85-105 : +
brc= 3-269 : -
brc= 128-150 : -
brc= 0-218 : -
brc= 79-269 : -
brc= 117-174 : -
brc= 270-279 : -
brc= 141-164 : -
brc= 164-295 : -
brc= 103-138 : -
brc= 49-85 : +
-----------------------------------------------------------------------------------------
 ****** Pricing Level: LIGHT HEUR ****** 
it= 7   ncol= 1155  ncstr= 610  mt= 0.1   spt= 0.2   lpval= 93966.1   ub= 94044.0  
 ****** Pricing Level: HEAVY HEUR ****** 
it= 3   ncol= 1192  ncstr= 610  mt= 0.0   spt= 0.3   lpval= 93966.0   ub= 94044.0  
 ****** Pricing Level: EXACT ****** 
it= 4   ncol= 1251  ncstr= 610  mt= 0.1   spt= 4.8   lpval= 93966.0   ub= 94044.0  
-----------------------------------------------------------------------------------------
elapsed time= 8.93 s.
-----------------------------------------------------------------------------------------
-----------------------------------------------------------------------------------------
 ****** Run Arc Elimination ****** 
arc elimination time= 11.45 s.
previous= 91.1204% maximum= 4.74645%
eliminate bucket arcs time= 0.75 s.
obtain jump arcs time= 0.01 s.
-----------------------------------------------------------------------------------------
-----------------------------------------------------------------------------------------
elapsed time= 21.47 s.
-----------------------------------------------------------------------------------------
 ****** Separate RCCs ****** 
 ****** Separate Rank1Cuts ****** 
-----------------------------------------------------------------------------------------
 ****** Pricing Level: LIGHT HEUR ****** 
it= 3   ncol= 1266  ncstr= 622  mt= 0.2   spt= 0.1   lpval= 93967.3   ub= 94044.0  
 ****** Pricing Level: HEAVY HEUR ****** 
it= 5   ncol= 1313  ncstr= 622  mt= 0.1   spt= 0.4   lpval= 93967.2   ub= 94044.0  
 ****** Pricing Level: EXACT ****** 
it= 4   ncol= 1399  ncstr= 622  mt= 0.1   spt= 4.3   lpval= 93967.1   ub= 94044.0  
-----------------------------------------------------------------------------------------
elapsed time= 27.76 s.
-----------------------------------------------------------------------------------------
[1;36m[REMIND] 2: gap improved= 1.049347 ratio= 0.013639 threshold= 0.040000 in function increaseCondition2 at /blue/yu.yang1/you.z/route_opt/packages/application/X-n313-k71/src/main/src/call_cutting.cpp:74[0m
 ****** Separate RCCs ****** 
 ****** Separate Rank1Cuts ****** 
-----------------------------------------------------------------------------------------
 ****** Pricing Level: LIGHT HEUR ****** 
it= 2   ncol= 1410  ncstr= 649  mt= 0.2   spt= 0.1   lpval= 93969.3   ub= 94044.0  
 ****** Pricing Level: HEAVY HEUR ****** 
it= 3   ncol= 1447  ncstr= 649  mt= 0.0   spt= 0.3   lpval= 93969.2   ub= 94044.0  
 ****** Pricing Level: EXACT ****** 
it= 3   ncol= 1494  ncstr= 649  mt= 0.0   spt= 3.4   lpval= 93969.2   ub= 94044.0  
-----------------------------------------------------------------------------------------
elapsed time= 32.88 s.
-----------------------------------------------------------------------------------------
[1;36m[REMIND] 2: gap improved= 2.117424 ratio= 0.028300 threshold= 0.040000 in function increaseCondition2 at /blue/yu.yang1/you.z/route_opt/packages/application/X-n313-k71/src/main/src/call_cutting.cpp:74[0m
 ****** Separate RCCs ****** 
 ****** Separate Rank1Cuts ****** 
-----------------------------------------------------------------------------------------
 ****** Pricing Level: LIGHT HEUR ****** 
it= 2   ncol= 1517  ncstr= 679  mt= 0.3   spt= 0.1   lpval= 93970.2   ub= 94044.0  
 ****** Pricing Level: HEAVY HEUR ****** 
it= 4   ncol= 1535  ncstr= 679  mt= 0.0   spt= 0.4   lpval= 93970.2   ub= 94044.0  
 ****** Pricing Level: EXACT ****** 
it= 5   ncol= 1591  ncstr= 679  mt= 0.1   spt= 5.3   lpval= 93969.9   ub= 94044.0  
-----------------------------------------------------------------------------------------
elapsed time= 40.49 s.
-----------------------------------------------------------------------------------------
[1;36m[REMIND] 2: gap improved= 0.730120 ratio= 0.009855 threshold= 0.040000 in function increaseCondition2 at /blue/yu.yang1/you.z/route_opt/packages/application/X-n313-k71/src/main/src/call_cutting.cpp:74[0m
[1;36m[REMIND] tail off counter= 3 threshold= 3 in function setIfTailOff at /blue/yu.yang1/you.z/route_opt/packages/application/X-n313-k71/src/main/src/call_cutting.cpp:150[0m
[1;36m[REMIND] opt_k not found for node 19, use m directly in function getOptK at /blue/yu.yang1/you.z/route_opt/packages/branching/bkf/include/bkf_controller.hpp:239[0m
current_r_best= 4.76974
we directly test 100
we directly test 4
pseudo= 50 frac= 50
#candidates in phase1= 100
testing lp time= 26.38 s.
-----------------------------------------------------------------------------------------
  9-126 , 292.91| 126-152 , 292.91|   0-9   , 255.87|   7-127 , 185.03| 224-278 , 164.80| 
 18-224 , 164.80| 102-133 , 149.97|  43-164 ,  97.45|   0-57  ,  95.25|  32-152 ,  94.67| 
137-150 ,  88.31|  47-275 ,  79.95|   0-130 ,  76.22|  57-130 ,  76.22|  87-218 ,  74.78| 
 19-60  ,  73.92|   6-137 ,  73.92|  57-64  ,  65.96|   0-74  ,  61.78|  74-260 ,  59.08| 
145-208 ,  55.44|  55-232 ,  53.06| 113-167 ,  53.06|   2-106 ,  49.27| 211-239 ,  44.59| 
  3-115 ,  43.99|  22-54  ,  40.41|  55-241 ,  36.44|   8-241 ,  36.44|   0-172 ,  36.44| 
  0-55  ,  34.48| 172-241 ,  34.48|  55-167 ,  34.48|   0-278 ,  33.49| 119-275 ,  31.30| 
125-224 ,  28.61|  74-95  ,  28.43|  95-279 ,  28.43|  95-281 ,  28.43|  53-54  ,  28.37| 
234-260 ,  28.15|   0-33  ,  28.02|  33-281 ,  28.02| 204-230 ,  24.77| 201-218 ,  22.51| 
132-230 ,  21.32| 232-275 ,  19.45|   0-155 ,  15.23| 167-240 ,  14.85| 136-143 ,  14.49| 
238-244 ,  13.21|   0-241 ,  13.11|   8-157 ,  13.11| 149-180 ,  11.44|  29-218 ,  11.33| 
108-218 ,  11.33|   0-244 ,  11.29|   0-121 ,  10.83|  70-121 ,  10.80| 177-251 ,  10.79| 
183-308 ,  10.19|  81-183 ,  10.19| 219-229 ,   9.79|  95-252 ,   9.01|   0-136 ,   8.68| 
  7-33  ,   8.42| 179-282 ,   8.09|   0-295 ,   8.05| 271-293 ,   8.05| 158-259 ,   7.73| 
259-293 ,   6.77|  11-259 ,   6.12|  86-290 ,   6.06|  42-291 ,   5.84|   0-47  ,   5.38| 
157-210 ,   5.19| 233-263 ,   4.98| 223-246 ,   4.95| 227-233 ,   4.95| 199-307 ,   4.68| 
203-246 ,   4.62|   0-227 ,   4.50|  92-227 ,   4.50| 197-227 ,   4.50|   0-2   ,   4.42| 
222-264 ,   4.29| 263-307 ,   4.01| 216-272 ,   3.76| 185-297 ,   3.74|   0-181 ,   3.37| 
  0-158 ,   3.33|   0-256 ,   3.21|   0-272 ,   3.00|   0-67  ,   2.40|   0-232 ,   1.92| 
234-289 ,   1.65|   0-41  ,   1.62| 205-297 ,   1.43|  41-169 ,   0.69|   0-305 ,   0.42| 
-----------------------------------------------------------------------------------------
edge= 7 127 lp= 2.84585 pre= 2 lp2= 65.0169 pre2= 2 score= 185.028
-----------------------------------------------------------------------------------------
edge= 0 9 lp= 3.19769 pre= 2 lp2= 80.018 pre2= 2 score= 255.873
-----------------------------------------------------------------------------------------
edge= 126 152 lp= 80.018 pre= 2 lp2= 3.6605 pre2= 2 score= 292.906
-----------------------------------------------------------------------------------------
edge= 9 126 lp= 3.66051 pre= 2 lp2= 80.018 pre2= 2 score= 292.907
-----------------------------------------------------------------------------------------
candidate= 9-126 : -
-----------------------------------------------------------------------------------------
-----------------------------------------------------------------------------------------
 ****** Pricing Level: LIGHT HEUR ****** 
it= 8   ncol= 1228  ncstr= 594  mt= 0.2   spt= 0.3   lpval= 93972.8   ub= 94044.0  
 ****** Pricing Level: HEAVY HEUR ****** 
it= 5   ncol= 1301  ncstr= 594  mt= 0.0   spt= 0.4   lpval= 93972.6   ub= 94044.0  
-----------------------------------------------------------------------------------------
elapsed time= 68.93 s.
-----------------------------------------------------------------------------------------
candidate= 126-152 : -
-----------------------------------------------------------------------------------------
-----------------------------------------------------------------------------------------
 ****** Pricing Level: LIGHT HEUR ****** 
it= 11  ncol= 1284  ncstr= 594  mt= 0.5   spt= 0.4   lpval= 93980.3   ub= 94044.0  
 ****** Pricing Level: HEAVY HEUR ****** 
it= 5   ncol= 1353  ncstr= 594  mt= 0.1   spt= 0.4   lpval= 93980.0   ub= 94044.0  
-----------------------------------------------------------------------------------------
elapsed time= 71.11 s.
-----------------------------------------------------------------------------------------
candidate= 0-9 : -
-----------------------------------------------------------------------------------------
-----------------------------------------------------------------------------------------
 ****** Pricing Level: LIGHT HEUR ****** 
it= 4   ncol= 1118  ncstr= 594  mt= 0.2   spt= 0.1   lpval= 93972.7   ub= 94044.0  
 ****** Pricing Level: HEAVY HEUR ****** 
it= 4   ncol= 1140  ncstr= 594  mt= 0.0   spt= 0.3   lpval= 93972.6   ub= 94044.0  
-----------------------------------------------------------------------------------------
elapsed time= 72.23 s.
-----------------------------------------------------------------------------------------
candidate= 9-126 : +
-----------------------------------------------------------------------------------------
-----------------------------------------------------------------------------------------
 ****** Pricing Level: LIGHT HEUR ****** 
it= 11  ncol= 1275  ncstr= 594  mt= 0.5   spt= 0.4   lpval= 93979.6   ub= 94044.0  
 ****** Pricing Level: HEAVY HEUR ****** 
it= 5   ncol= 1318  ncstr= 594  mt= 0.1   spt= 0.4   lpval= 93979.0   ub= 94044.0  
-----------------------------------------------------------------------------------------
elapsed time= 74.42 s.
-----------------------------------------------------------------------------------------
candidate= 0-9 : +
-----------------------------------------------------------------------------------------
-----------------------------------------------------------------------------------------
 ****** Pricing Level: LIGHT HEUR ****** 
it= 14  ncol= 1376  ncstr= 594  mt= 0.6   spt= 0.5   lpval= 93974.3   ub= 94044.0  
 ****** Pricing Level: HEAVY HEUR ****** 
it= 4   ncol= 1422  ncstr= 594  mt= 0.0   spt= 0.3   lpval= 93973.8   ub= 94044.0  
-----------------------------------------------------------------------------------------
elapsed time= 76.89 s.
-----------------------------------------------------------------------------------------
candidate= 7-127 : -
-----------------------------------------------------------------------------------------
-----------------------------------------------------------------------------------------
 ****** Pricing Level: LIGHT HEUR ****** 
it= 4   ncol= 1144  ncstr= 594  mt= 0.2   spt= 0.1   lpval= 93972.3   ub= 94044.0  
 ****** Pricing Level: HEAVY HEUR ****** 
it= 3   ncol= 1169  ncstr= 594  mt= 0.0   spt= 0.3   lpval= 93972.2   ub= 94044.0  
-----------------------------------------------------------------------------------------
elapsed time= 77.84 s.
-----------------------------------------------------------------------------------------
candidate= 7-127 : +
-----------------------------------------------------------------------------------------
-----------------------------------------------------------------------------------------
 ****** Pricing Level: LIGHT HEUR ****** 
it= 6   ncol= 1197  ncstr= 594  mt= 0.3   spt= 0.2   lpval= 93978.9   ub= 94044.0  
 ****** Pricing Level: HEAVY HEUR ****** 
it= 4   ncol= 1240  ncstr= 594  mt= 0.0   spt= 0.3   lpval= 93977.6   ub= 94044.0  
-----------------------------------------------------------------------------------------
elapsed time= 79.22 s.
-----------------------------------------------------------------------------------------
candidate= 126-152 : +
-----------------------------------------------------------------------------------------
-----------------------------------------------------------------------------------------
 ****** Pricing Level: LIGHT HEUR ****** 
it= 8   ncol= 1124  ncstr= 594  mt= 0.2   spt= 0.3   lpval= 93972.8   ub= 94044.0  
 ****** Pricing Level: HEAVY HEUR ****** 
it= 4   ncol= 1167  ncstr= 594  mt= 0.0   spt= 0.3   lpval= 93972.6   ub= 94044.0  
-----------------------------------------------------------------------------------------
elapsed time= 80.72 s.
-----------------------------------------------------------------------------------------
brc= 126-152
t= 0.131899 c= 44.9242 n= 0 if_b4= 1
t= 1.68307 c= 51.3818 n= 0 if_b4= 1
nodes already exists
memory usage= 4GB.
#########################################################################################
tree size= 0 lb= 93969.9 ub= 94044
#########################################################################################
idx= 2 value= 93969.9 enu= 0
brc= 50-103 : -
brc= 76-103 : -
brc= 49-105 : -
brc= 70-133 : -
brc= 74-217 : -
brc= 233-246 : -
brc= 164-175 : +
brc= 167-232 : -
brc= 85-105 : +
brc= 3-269 : -
brc= 128-150 : -
brc= 0-218 : -
brc= 79-269 : -
brc= 117-174 : -
brc= 270-279 : -
brc= 141-164 : -
brc= 164-295 : -
brc= 103-138 : -
brc= 49-85 : +
brc= 126-152 : -
-----------------------------------------------------------------------------------------
 ****** Pricing Level: LIGHT HEUR ****** 
it= 14  ncol= 1286  ncstr= 593  mt= 0.5   spt= 0.5   lpval= 93979.3   ub= 94044.0  
 ****** Pricing Level: HEAVY HEUR ****** 
it= 4   ncol= 1325  ncstr= 593  mt= 0.1   spt= 0.3   lpval= 93978.7   ub= 94044.0  
 ****** Pricing Level: EXACT ****** 
it= 4   ncol= 1439  ncstr= 593  mt= 0.1   spt= 4.0   lpval= 93977.4   ub= 94044.0  
-----------------------------------------------------------------------------------------
elapsed time= 88.21 s.
-----------------------------------------------------------------------------------------
-----------------------------------------------------------------------------------------
 ****** Run Arc Elimination ****** 
arc elimination time= 7.07 s.
previous= 83.3986% maximum= 3.95762%
eliminate bucket arcs time= 0.65 s.
obtain jump arcs time= 0.01 s.
-----------------------------------------------------------------------------------------
-----------------------------------------------------------------------------------------
elapsed time= 95.96 s.
-----------------------------------------------------------------------------------------
-----------------------------------------------------------------------------------------
 ****** Try Enumeration ****** 
max_val= 65684 stop_b= 10 max_idx= 6 num_label= 243493 max_label_in_enumeration= 500000 q= 22.8621 aq.size()= 21 left_bin= 4 left_labels= 256507
status= LABEL_FOR_LIMIT
#labels= 243493 #routes= 29
labeling 1 time= 6.20 s.
next try value > 93983.7
-----------------------------------------------------------------------------------------
elapsed time= 102.23 s.
-----------------------------------------------------------------------------------------
 ****** Separate RCCs ****** 
 ****** Separate Rank1Cuts ****** 
-----------------------------------------------------------------------------------------
 ****** Pricing Level: LIGHT HEUR ****** 
it= 12  ncol= 1646  ncstr= 646  mt= 0.4   spt= 0.4   lpval= 93981.8   ub= 94044.0  
 ****** Pricing Level: HEAVY HEUR ****** 
it= 8   ncol= 1784  ncstr= 646  mt= 0.1   spt= 0.6   lpval= 93981.4   ub= 94044.0  
 ****** Pricing Level: EXACT ****** 
it= 3   ncol= 1918  ncstr= 646  mt= 0.0   spt= 2.9   lpval= 93981.3   ub= 94044.0  
-----------------------------------------------------------------------------------------
elapsed time= 108.64 s.
-----------------------------------------------------------------------------------------
 ****** Separate RCCs ****** 
 ****** Separate Rank1Cuts ****** 
-----------------------------------------------------------------------------------------
 ****** Pricing Level: LIGHT HEUR ****** 
it= 6   ncol= 2007  ncstr= 681  mt= 0.3   spt= 0.2   lpval= 93983.0   ub= 94044.0  
 ****** Pricing Level: HEAVY HEUR ****** 
it= 11  ncol= 2131  ncstr= 681  mt= 0.1   spt= 0.9   lpval= 93982.9   ub= 94044.0  
 ****** Pricing Level: EXACT ****** 
it= 4   ncol= 2160  ncstr= 681  mt= 0.1   spt= 3.9   lpval= 93982.7   ub= 94044.0  
-----------------------------------------------------------------------------------------
elapsed time= 116.09 s.
-----------------------------------------------------------------------------------------
[1;36m[REMIND] 2: gap improved= 1.341145 ratio= 0.021870 threshold= 0.040000 in function increaseCondition2 at /blue/yu.yang1/you.z/route_opt/packages/application/X-n313-k71/src/main/src/call_cutting.cpp:74[0m
 ****** Separate RCCs ****** 
 ****** Separate Rank1Cuts ****** 
-----------------------------------------------------------------------------------------
 ****** Pricing Level: LIGHT HEUR ****** 
it= 2   ncol= 2164  ncstr= 680  mt= 0.3   spt= 0.1   lpval= 93984.1   ub= 94044.0  
 ****** Pricing Level: HEAVY HEUR ****** 
it= 3   ncol= 2184  ncstr= 680  mt= 0.0   spt= 0.2   lpval= 93984.1   ub= 94044.0  
 ****** Pricing Level: EXACT ****** 
it= 3   ncol= 2223  ncstr= 680  mt= 0.1   spt= 3.0   lpval= 93984.1   ub= 94044.0  
-----------------------------------------------------------------------------------------
elapsed time= 121.16 s.
-----------------------------------------------------------------------------------------
-----------------------------------------------------------------------------------------
 ****** Run Arc Elimination ****** 
arc elimination time= 7.45 s.
previous= 90.0084% maximum= 3.56219%
eliminate bucket arcs time= 0.62 s.
obtain jump arcs time= 0.01 s.
-----------------------------------------------------------------------------------------
-----------------------------------------------------------------------------------------
elapsed time= 129.25 s.
-----------------------------------------------------------------------------------------
-----------------------------------------------------------------------------------------
 ****** Try Enumeration ****** 
max_val= 74625 stop_b= 10 max_idx= 7 num_label= 276336 max_label_in_enumeration= 500000 q= 22.7298 aq.size()= 21 left_bin= 3 left_labels= 223664
status= LABEL_FOR_LIMIT
#labels= 276336 #routes= 37
labeling 1 time= 8.30 s.
next try value > 93995.8
-----------------------------------------------------------------------------------------
elapsed time= 137.63 s.
-----------------------------------------------------------------------------------------
[1;36m[REMIND] 2: gap improved= 1.384508 ratio= 0.023098 threshold= 0.040000 in function increaseCondition2 at /blue/yu.yang1/you.z/route_opt/packages/application/X-n313-k71/src/main/src/call_cutting.cpp:74[0m
 ****** Separate RCCs ****** 
 ****** Separate Rank1Cuts ****** 
-----------------------------------------------------------------------------------------
 ****** Pricing Level: LIGHT HEUR ****** 
it= 2   ncol= 2228  ncstr= 754  mt= 0.4   spt= 0.1   lpval= 93985.5   ub= 94044.0  
 ****** Pricing Level: HEAVY HEUR ****** 
it= 2   ncol= 2238  ncstr= 754  mt= 0.0   spt= 0.2   lpval= 93985.5   ub= 94044.0  
 ****** Pricing Level: EXACT ****** 
it= 4   ncol= 2361  ncstr= 754  mt= 0.1   spt= 4.0   lpval= 93985.3   ub= 94044.0  
-----------------------------------------------------------------------------------------
elapsed time= 144.19 s.
-----------------------------------------------------------------------------------------
[1;36m[REMIND] 2: gap improved= 1.207555 ratio= 0.020560 threshold= 0.040000 in function increaseCondition2 at /blue/yu.yang1/you.z/route_opt/packages/application/X-n313-k71/src/main/src/call_cutting.cpp:74[0m
[1;36m[REMIND] tail off counter= 3 threshold= 3 in function setIfTailOff at /blue/yu.yang1/you.z/route_opt/packages/application/X-n313-k71/src/main/src/call_cutting.cpp:150[0m
current_r_best= 11.0979
alpha= 0.37 beta= 5.29221 omega= 340.596 k1= 22
lb_k= 1 ub_k= 37
revise: lb_k= 18 ub_k= 26
opt_k= 23
alpha= 0.75 beta= 5.29221 omega= 30.5286 k1= 3
lb_k= 1 ub_k= 3
revise: lb_k= 1 ub_k= 3
opt_k= 3
pseudo= 50 frac= 50
#candidates in phase1= 23
testing lp time= 7.85 s.
-----------------------------------------------------------------------------------------
  4-64  ,  72.77|  64-130 ,  62.15| 142-152 ,  61.83|   9-51  ,  38.44|  95-281 ,  37.71| 
  0-172 ,  32.29|   8-241 ,  32.29|  55-241 ,  32.29| 234-260 ,  29.85| 147-269 ,  29.38| 
130-269 ,  28.34|  22-54  ,  22.51|   4-9   ,  19.46| 137-150 ,  19.38|  19-60  ,  13.64| 
 36-142 ,  12.68| 132-230 ,  12.08| 145-208 ,  11.62|  60-64  ,  10.54|   3-150 ,  10.01| 
  2-106 ,   8.16|  89-128 ,   0.15|   4-137 ,   0.00| 
-----------------------------------------------------------------------------------------
edge= 142 152 lp= 1.49201 pre= 2 lp2= 41.4386 pre2= 2 score= 61.8269
-----------------------------------------------------------------------------------------
edge= 64 130 lp= 1.7405 pre= 2 lp2= 35.7099 pre2= 2 score= 62.1529
-----------------------------------------------------------------------------------------
edge= 4 64 lp= 1.49202 pre= 2 lp2= 48.7749 pre2= 2 score= 72.7729
-----------------------------------------------------------------------------------------
candidate= 4-64 : -
-----------------------------------------------------------------------------------------
-----------------------------------------------------------------------------------------
 ****** Pricing Level: LIGHT HEUR ****** 
it= 3   ncol= 1614  ncstr= 616  mt= 0.2   spt= 0.1   lpval= 93986.8   ub= 94044.0  
 ****** Pricing Level: HEAVY HEUR ****** 
it= 2   ncol= 1617  ncstr= 616  mt= 0.0   spt= 0.1   lpval= 93986.8   ub= 94044.0  
-----------------------------------------------------------------------------------------
elapsed time= 152.77 s.
-----------------------------------------------------------------------------------------
candidate= 4-64 : +
-----------------------------------------------------------------------------------------
-----------------------------------------------------------------------------------------
 ****** Pricing Level: LIGHT HEUR ****** 
it= 7   ncol= 1710  ncstr= 616  mt= 0.5   spt= 0.2   lpval= 94010.3   ub= 94044.0  
 ****** Pricing Level: HEAVY HEUR ****** 
it= 5   ncol= 1771  ncstr= 616  mt= 0.1   spt= 0.4   lpval= 94006.3   ub= 94044.0  
-----------------------------------------------------------------------------------------
elapsed time= 154.65 s.
-----------------------------------------------------------------------------------------
candidate= 64-130 : -
-----------------------------------------------------------------------------------------
-----------------------------------------------------------------------------------------
 ****** Pricing Level: LIGHT HEUR ****** 
it= 3   ncol= 1614  ncstr= 616  mt= 0.2   spt= 0.1   lpval= 93987.0   ub= 94044.0  
 ****** Pricing Level: HEAVY HEUR ****** 
it= 2   ncol= 1618  ncstr= 616  mt= 0.0   spt= 0.1   lpval= 93987.0   ub= 94044.0  
-----------------------------------------------------------------------------------------
elapsed time= 155.33 s.
-----------------------------------------------------------------------------------------
candidate= 64-130 : +
-----------------------------------------------------------------------------------------
-----------------------------------------------------------------------------------------
 ****** Pricing Level: LIGHT HEUR ****** 
it= 4   ncol= 1648  ncstr= 616  mt= 0.4   spt= 0.1   lpval= 94004.9   ub= 94044.0  
 ****** Pricing Level: HEAVY HEUR ****** 
it= 4   ncol= 1675  ncstr= 616  mt= 0.1   spt= 0.3   lpval= 94001.0   ub= 94044.0  
-----------------------------------------------------------------------------------------
elapsed time= 156.72 s.
-----------------------------------------------------------------------------------------
candidate= 142-152 : -
-----------------------------------------------------------------------------------------
-----------------------------------------------------------------------------------------
 ****** Pricing Level: LIGHT HEUR ****** 
it= 3   ncol= 1614  ncstr= 616  mt= 0.2   spt= 0.1   lpval= 93986.8   ub= 94044.0  
 ****** Pricing Level: HEAVY HEUR ****** 
it= 2   ncol= 1617  ncstr= 616  mt= 0.0   spt= 0.2   lpval= 93986.8   ub= 94044.0  
-----------------------------------------------------------------------------------------
elapsed time= 157.43 s.
-----------------------------------------------------------------------------------------
candidate= 142-152 : +
-----------------------------------------------------------------------------------------
-----------------------------------------------------------------------------------------
 ****** Pricing Level: LIGHT HEUR ****** 
it= 8   ncol= 1716  ncstr= 616  mt= 0.5   spt= 0.2   lpval= 94011.3   ub= 94044.0  
 ****** Pricing Level: HEAVY HEUR ****** 
it= 5   ncol= 1771  ncstr= 616  mt= 0.1   spt= 0.4   lpval= 94009.0   ub= 94044.0  
-----------------------------------------------------------------------------------------
elapsed time= 159.36 s.
-----------------------------------------------------------------------------------------
brc= 142-152
t= 0.151279 c= 55.6187 n= 1 if_b4= 1
t= 1.44917 c= 58.9872 n= 1 if_b4= 1
nodes already exists
memory usage= 6GB.
#########################################################################################
tree size= 0 lb= 93985.3 ub= 94044
#########################################################################################
idx= 4 value= 93985.3 enu= 0
brc= 50-103 : -
brc= 76-103 : -
brc= 49-105 : -
brc= 70-133 : -
brc= 74-217 : -
brc= 233-246 : -
brc= 164-175 : +
brc= 167-232 : -
brc= 85-105 : +
brc= 3-269 : -
brc= 128-150 : -
brc= 0-218 : -
brc= 79-269 : -
brc= 117-174 : -
brc= 270-279 : -
brc= 141-164 : -
brc= 164-295 : -
brc= 103-138 : -
brc= 49-85 : +
brc= 126-152 : -
brc= 142-152 : -
-----------------------------------------------------------------------------------------
 ****** Pricing Level: LIGHT HEUR ****** 
it= 3   ncol= 1554  ncstr= 615  mt= 0.2   spt= 0.1   lpval= 93986.8   ub= 94044.0  
 ****** Pricing Level: HEAVY HEUR ****** 
it= 2   ncol= 1557  ncstr= 615  mt= 0.0   spt= 0.1   lpval= 93986.8   ub= 94044.0  
 ****** Pricing Level: EXACT ****** 
it= 3   ncol= 1576  ncstr= 615  mt= 0.0   spt= 3.0   lpval= 93986.8   ub= 94044.0  
-----------------------------------------------------------------------------------------
elapsed time= 164.01 s.
-----------------------------------------------------------------------------------------
 ****** Separate RCCs ****** 
 ****** Separate Rank1Cuts ****** 
-----------------------------------------------------------------------------------------
 ****** Pricing Level: LIGHT HEUR ****** 
it= 4   ncol= 1627  ncstr= 649  mt= 0.2   spt= 0.1   lpval= 93988.1   ub= 94044.0  
 ****** Pricing Level: HEAVY HEUR ****** 
it= 2   ncol= 1632  ncstr= 649  mt= 0.0   spt= 0.2   lpval= 93988.1   ub= 94044.0  
 ****** Pricing Level: EXACT ****** 
it= 4   ncol= 1671  ncstr= 649  mt= 0.1   spt= 4.3   lpval= 93987.7   ub= 94044.0  
-----------------------------------------------------------------------------------------
elapsed time= 170.38 s.
-----------------------------------------------------------------------------------------
[1;36m[REMIND] 2: gap improved= 0.915960 ratio= 0.016262 threshold= 0.040000 in function increaseCondition2 at /blue/yu.yang1/you.z/route_opt/packages/application/X-n313-k71/src/main/src/call_cutting.cpp:74[0m
 ****** Separate RCCs ****** 
 ****** Separate Rank1Cuts ****** 
-----------------------------------------------------------------------------------------
 ****** Pricing Level: LIGHT HEUR ****** 
it= 3   ncol= 1704  ncstr= 653  mt= 0.2   spt= 0.1   lpval= 93988.0   ub= 94044.0  
 ****** Pricing Level: HEAVY HEUR ****** 
it= 2   ncol= 1711  ncstr= 653  mt= 0.0   spt= 0.1   lpval= 93988.0   ub= 94044.0  
 ****** Pricing Level: EXACT ****** 
it= 2   ncol= 1718  ncstr= 653  mt= 0.0   spt= 2.0   lpval= 93988.0   ub= 94044.0  
-----------------------------------------------------------------------------------------
elapsed time= 173.86 s.
-----------------------------------------------------------------------------------------
[1;36m[REMIND] 2: gap improved= 0.360251 ratio= 0.006437 threshold= 0.040000 in function increaseCondition2 at /blue/yu.yang1/you.z/route_opt/packages/application/X-n313-k71/src/main/src/call_cutting.cpp:74[0m
 ****** Separate RCCs ****** 
 ****** Separate Rank1Cuts ****** 
-----------------------------------------------------------------------------------------
 ****** Pricing Level: LIGHT HEUR ****** 
it= 2   ncol= 1721  ncstr= 656  mt= 0.2   spt= 0.1   lpval= 93988.8   ub= 94044.0  
 ****** Pricing Level: HEAVY HEUR ****** 
it= 2   ncol= 1726  ncstr= 656  mt= 0.0   spt= 0.2   lpval= 93988.8   ub= 94044.0  
 ****** Pricing Level: EXACT ****** 
it= 3   ncol= 1741  ncstr= 656  mt= 0.0   spt= 3.1   lpval= 93988.8   ub= 94044.0  
-----------------------------------------------------------------------------------------
elapsed time= 178.37 s.
-----------------------------------------------------------------------------------------
[1;36m[REMIND] 2: gap improved= 0.789787 ratio= 0.014314 threshold= 0.040000 in function increaseCondition2 at /blue/yu.yang1/you.z/route_opt/packages/application/X-n313-k71/src/main/src/call_cutting.cpp:74[0m
[1;36m[REMIND] tail off counter= 3 threshold= 3 in function setIfTailOff at /blue/yu.yang1/you.z/route_opt/packages/application/X-n313-k71/src/main/src/call_cutting.cpp:150[0m
current_r_best= 2.60073
pseudo= 50 frac= 50
#candidates in phase1= 37
testing lp time= 9.84 s.
-----------------------------------------------------------------------------------------
137-150 , 102.14|  43-164 ,  90.78| 108-127 ,  78.19|  51-99  ,  55.46|  74-299 ,  51.59| 
 22-54  ,  39.97|   2-106 ,  34.28| 145-208 ,  27.73|  95-281 ,  26.46|  95-279 ,  26.46| 
234-260 ,  26.34|  33-281 ,  23.20| 147-269 ,  21.86|  84-89  ,  21.66| 130-269 ,  21.04| 
 55-241 ,  18.92|   8-241 ,  18.92|   0-172 ,  18.92|   3-4   ,  18.18| 204-230 ,  18.03| 
  0-44  ,  17.17|  86-118 ,  16.86|  23-86  ,  16.86| 125-224 ,  15.40|   5-191 ,  15.23| 
  0-278 ,  13.65|   6-137 ,  12.22|  34-70  ,  11.73| 133-153 ,  11.73| 140-284 ,  11.58| 
 48-133 ,   7.72|   0-7   ,   6.53|  42-196 ,   6.26|  36-152 ,   4.45| 126-142 ,   4.45| 
 21-143 ,   4.25|  48-70  ,   0.00| 
-----------------------------------------------------------------------------------------
edge= 43 164 lp= 0.869991 pre= 2 lp2= 104.351 pre2= 2 score= 90.7847
-----------------------------------------------------------------------------------------
edge= 108 127 lp= 0.749284 pre= 2 lp2= 104.351 pre2= 2 score= 78.1887
-----------------------------------------------------------------------------------------
edge= 137 150 lp= 0.978815 pre= 2 lp2= 104.351 pre2= 2 score= 102.141
-----------------------------------------------------------------------------------------
candidate= 137-150 : -
-----------------------------------------------------------------------------------------
-----------------------------------------------------------------------------------------
 ****** Pricing Level: LIGHT HEUR ****** 
it= 5   ncol= 1255  ncstr= 602  mt= 0.2   spt= 0.2   lpval= 93989.8   ub= 94044.0  
 ****** Pricing Level: HEAVY HEUR ****** 
it= 4   ncol= 1313  ncstr= 602  mt= 0.0   spt= 0.3   lpval= 93989.8   ub= 94044.0  
-----------------------------------------------------------------------------------------
elapsed time= 189.78 s.
-----------------------------------------------------------------------------------------
candidate= 137-150 : +
-----------------------------------------------------------------------------------------
-----------------------------------------------------------------------------------------
 ****** Pricing Level: LIGHT HEUR ****** 
it= 9   ncol= 1354  ncstr= 602  mt= 0.5   spt= 0.3   lpval= 94003.0   ub= 94044.0  
 ****** Pricing Level: HEAVY HEUR ****** 
it= 6   ncol= 1439  ncstr= 602  mt= 0.2   spt= 0.4   lpval= 93997.2   ub= 94044.0  
-----------------------------------------------------------------------------------------
elapsed time= 191.95 s.
-----------------------------------------------------------------------------------------
candidate= 43-164 : -
-----------------------------------------------------------------------------------------
-----------------------------------------------------------------------------------------
 ****** Pricing Level: LIGHT HEUR ****** 
it= 6   ncol= 1291  ncstr= 602  mt= 0.2   spt= 0.2   lpval= 93989.7   ub= 94044.0  
 ****** Pricing Level: HEAVY HEUR ****** 
it= 5   ncol= 1357  ncstr= 602  mt= 0.0   spt= 0.4   lpval= 93989.7   ub= 94044.0  
-----------------------------------------------------------------------------------------
elapsed time= 193.33 s.
-----------------------------------------------------------------------------------------
candidate= 43-164 : +
-----------------------------------------------------------------------------------------
-----------------------------------------------------------------------------------------
 ****** Pricing Level: LIGHT HEUR ****** 
it= 11  ncol= 1440  ncstr= 602  mt= 0.5   spt= 0.3   lpval= 94013.2   ub= 94044.0  
 ****** Pricing Level: HEAVY HEUR ****** 
it= 5   ncol= 1531  ncstr= 602  mt= 0.1   spt= 0.4   lpval= 94008.4   ub= 94044.0  
-----------------------------------------------------------------------------------------
elapsed time= 195.53 s.
-----------------------------------------------------------------------------------------
candidate= 108-127 : -
-----------------------------------------------------------------------------------------
-----------------------------------------------------------------------------------------
 ****** Pricing Level: LIGHT HEUR ****** 
it= 7   ncol= 1306  ncstr= 602  mt= 0.2   spt= 0.2   lpval= 93989.6   ub= 94044.0  
 ****** Pricing Level: HEAVY HEUR ****** 
it= 4   ncol= 1391  ncstr= 602  mt= 0.0   spt= 0.3   lpval= 93989.6   ub= 94044.0  
-----------------------------------------------------------------------------------------
elapsed time= 196.83 s.
-----------------------------------------------------------------------------------------
candidate= 108-127 : +
-----------------------------------------------------------------------------------------
-----------------------------------------------------------------------------------------
 ****** Pricing Level: LIGHT HEUR ****** 
it= 8   ncol= 1335  ncstr= 602  mt= 0.5   spt= 0.2   lpval= 94010.8   ub= 94044.0  
 ****** Pricing Level: HEAVY HEUR ****** 
it= 5   ncol= 1437  ncstr= 602  mt= 0.1   spt= 0.4   lpval= 94000.9   ub= 94044.0  
-----------------------------------------------------------------------------------------
elapsed time= 198.69 s.
-----------------------------------------------------------------------------------------
brc= 43-164
t= 0.145201 c= 44.9694 n= 2 if_b4= 1
t= 1.52623 c= 47.1755 n= 2 if_b4= 1
nodes already exists
memory usage= 6GB.
#########################################################################################
tree size= 0 lb= 93988.8 ub= 94044
#########################################################################################
idx= 6 value= 93988.8 enu= 0
brc= 50-103 : -
brc= 76-103 : -
brc= 49-105 : -
brc= 70-133 : -
brc= 74-217 : -
brc= 233-246 : -
brc= 164-175 : +
brc= 167-232 : -
brc= 85-105 : +
brc= 3-269 : -
brc= 128-150 : -
brc= 0-218 : -
brc= 79-269 : -
brc= 117-174 : -
brc= 270-279 : -
brc= 141-164 : -
brc= 164-295 : -
brc= 103-138 : -
brc= 49-85 : +
brc= 126-152 : -
brc= 142-152 : -
brc= 43-164 : -
-----------------------------------------------------------------------------------------
 ****** Pricing Level: LIGHT HEUR ****** 
it= 6   ncol= 1296  ncstr= 601  mt= 0.2   spt= 0.2   lpval= 93989.7   ub= 94044.0  
 ****** Pricing Level: HEAVY HEUR ****** 
it= 4   ncol= 1360  ncstr= 601  mt= 0.0   spt= 0.3   lpval= 93989.7   ub= 94044.0  
 ****** Pricing Level: EXACT ****** 
it= 3   ncol= 1408  ncstr= 601  mt= 0.0   spt= 2.8   lpval= 93989.7   ub= 94044.0  
-----------------------------------------------------------------------------------------
elapsed time= 203.68 s.
-----------------------------------------------------------------------------------------
-----------------------------------------------------------------------------------------
 ****** Run Arc Elimination ****** 
arc elimination time= 5.27 s.
previous= 89.8148% maximum= 3.19787%
eliminate bucket arcs time= 0.54 s.
obtain jump arcs time= 0.01 s.
-----------------------------------------------------------------------------------------
-----------------------------------------------------------------------------------------
elapsed time= 209.52 s.
-----------------------------------------------------------------------------------------
 ****** Separate RCCs ****** 
 ****** Separate Rank1Cuts ****** 
-----------------------------------------------------------------------------------------
 ****** Pricing Level: LIGHT HEUR ****** 
it= 6   ncol= 1520  ncstr= 633  mt= 0.3   spt= 0.2   lpval= 93990.4   ub= 94044.0  
 ****** Pricing Level: HEAVY HEUR ****** 
it= 5   ncol= 1576  ncstr= 633  mt= 0.0   spt= 0.3   lpval= 93990.4   ub= 94044.0  
 ****** Pricing Level: EXACT ****** 
it= 4   ncol= 1620  ncstr= 633  mt= 0.0   spt= 3.6   lpval= 93990.4   ub= 94044.0  
-----------------------------------------------------------------------------------------
elapsed time= 215.48 s.
-----------------------------------------------------------------------------------------
[1;36m[REMIND] 2: gap improved= 0.748577 ratio= 0.013967 threshold= 0.040000 in function increaseCondition2 at /blue/yu.yang1/you.z/route_opt/packages/application/X-n313-k71/src/main/src/call_cutting.cpp:74[0m
 ****** Separate RCCs ****** 
 ****** Separate Rank1Cuts ****** 
-----------------------------------------------------------------------------------------
 ****** Pricing Level: LIGHT HEUR ****** 
it= 7   ncol= 1696  ncstr= 681  mt= 0.3   spt= 0.2   lpval= 93991.1   ub= 94044.0  
 ****** Pricing Level: HEAVY HEUR ****** 
it= 4   ncol= 1725  ncstr= 681  mt= 0.0   spt= 0.3   lpval= 93991.1   ub= 94044.0  
 ****** Pricing Level: EXACT ****** 
it= 4   ncol= 1833  ncstr= 681  mt= 0.1   spt= 3.6   lpval= 93991.0   ub= 94044.0  
-----------------------------------------------------------------------------------------
elapsed time= 221.77 s.
-----------------------------------------------------------------------------------------
[1;36m[REMIND] 2: gap improved= 0.615033 ratio= 0.011608 threshold= 0.040000 in function increaseCondition2 at /blue/yu.yang1/you.z/route_opt/packages/application/X-n313-k71/src/main/src/call_cutting.cpp:74[0m
 ****** Separate RCCs ****** 
 ****** Separate Rank1Cuts ****** 
-----------------------------------------------------------------------------------------
 ****** Pricing Level: LIGHT HEUR ****** 
it= 3   ncol= 1891  ncstr= 684  mt= 0.3   spt= 0.1   lpval= 93991.3   ub= 94044.0  
 ****** Pricing Level: HEAVY HEUR ****** 
it= 4   ncol= 1929  ncstr= 684  mt= 0.0   spt= 0.3   lpval= 93991.3   ub= 94044.0  
 ****** Pricing Level: EXACT ****** 
it= 4   ncol= 1942  ncstr= 684  mt= 0.1   spt= 3.7   lpval= 93991.3   ub= 94044.0  
-----------------------------------------------------------------------------------------
elapsed time= 227.82 s.
-----------------------------------------------------------------------------------------
[1;36m[REMIND] 2: gap improved= 0.247194 ratio= 0.004687 threshold= 0.040000 in function increaseCondition2 at /blue/yu.yang1/you.z/route_opt/packages/application/X-n313-k71/src/main/src/call_cutting.cpp:74[0m
[1;36m[REMIND] tail off counter= 3 threshold= 3 in function setIfTailOff at /blue/yu.yang1/you.z/route_opt/packages/application/X-n313-k71/src/main/src/call_cutting.cpp:150[0m
current_r_best= 1.77465
pseudo= 50 frac= 50
#candidates in phase1= 37
testing lp time= 10.54 s.
-----------------------------------------------------------------------------------------
 55-232 , 119.38|  74-260 ,  91.87| 234-260 ,  73.98| 175-312 ,  65.97| 113-167 ,  58.58| 
 51-99  ,  57.55| 147-269 ,  38.13| 130-269 ,  38.13|   0-74  ,  32.04| 125-224 ,  24.93| 
 84-89  ,  20.62|   8-241 ,  19.39|   0-172 ,  19.39|  55-241 ,  19.39| 145-208 ,  19.08| 
  0-278 ,  17.26|   3-115 ,  14.75|   6-137 ,  13.90|   2-106 ,  12.42| 167-241 ,  12.18| 
240-241 ,  12.18|   0-96  ,  12.17|   8-172 ,  12.16| 232-304 ,  12.16|  55-172 ,  12.16| 
 96-240 ,  12.16|   0-161 ,   7.51| 230-257 ,   4.19|   0-18  ,   3.38| 173-291 ,   2.35| 
 18-86  ,   1.75| 294-305 ,   1.64|  14-212 ,   1.46| 212-294 ,   1.31|  60-128 ,   0.00| 
  6-150 ,   0.00|  89-137 ,   0.00| 
-----------------------------------------------------------------------------------------
edge= 234 260 lp= 0.794302 pre= 2 lp2= 93.1332 pre2= 2 score= 73.9759
-----------------------------------------------------------------------------------------
edge= 74 260 lp= 0.986411 pre= 2 lp2= 93.1332 pre2= 2 score= 91.8676
-----------------------------------------------------------------------------------------
edge= 55 232 lp= 1.28183 pre= 2 lp2= 93.1332 pre2= 2 score= 119.381
-----------------------------------------------------------------------------------------
candidate= 55-232 : -
-----------------------------------------------------------------------------------------
-----------------------------------------------------------------------------------------
 ****** Pricing Level: LIGHT HEUR ****** 
it= 4   ncol= 1346  ncstr= 615  mt= 0.2   spt= 0.1   lpval= 93992.5   ub= 94044.0  
 ****** Pricing Level: HEAVY HEUR ****** 
it= 4   ncol= 1381  ncstr= 615  mt= 0.0   spt= 0.3   lpval= 93992.5   ub= 94044.0  
-----------------------------------------------------------------------------------------
elapsed time= 239.46 s.
-----------------------------------------------------------------------------------------
candidate= 55-232 : +
-----------------------------------------------------------------------------------------
-----------------------------------------------------------------------------------------
 ****** Pricing Level: LIGHT HEUR ****** 
it= 4   ncol= 1363  ncstr= 615  mt= 0.4   spt= 0.1   lpval= 94005.0   ub= 94044.0  
 ****** Pricing Level: HEAVY HEUR ****** 
it= 4   ncol= 1397  ncstr= 615  mt= 0.1   spt= 0.3   lpval= 94002.8   ub= 94044.0  
-----------------------------------------------------------------------------------------
elapsed time= 240.74 s.
-----------------------------------------------------------------------------------------
candidate= 74-260 : -
-----------------------------------------------------------------------------------------
-----------------------------------------------------------------------------------------
 ****** Pricing Level: LIGHT HEUR ****** 
it= 4   ncol= 1346  ncstr= 615  mt= 0.2   spt= 0.1   lpval= 93992.3   ub= 94044.0  
 ****** Pricing Level: HEAVY HEUR ****** 
it= 3   ncol= 1375  ncstr= 615  mt= 0.0   spt= 0.2   lpval= 93992.3   ub= 94044.0  
-----------------------------------------------------------------------------------------
elapsed time= 241.66 s.
-----------------------------------------------------------------------------------------
candidate= 74-260 : +
-----------------------------------------------------------------------------------------
-----------------------------------------------------------------------------------------
 ****** Pricing Level: LIGHT HEUR ****** 
it= 8   ncol= 1470  ncstr= 615  mt= 0.8   spt= 0.2   lpval= 94026.2   ub= 94044.0  
 ****** Pricing Level: HEAVY HEUR ****** 
it= 5   ncol= 1523  ncstr= 615  mt= 0.1   spt= 0.3   lpval= 94016.8   ub= 94044.0  
-----------------------------------------------------------------------------------------
elapsed time= 243.83 s.
-----------------------------------------------------------------------------------------
candidate= 234-260 : -
-----------------------------------------------------------------------------------------
-----------------------------------------------------------------------------------------
 ****** Pricing Level: LIGHT HEUR ****** 
it= 4   ncol= 1349  ncstr= 615  mt= 0.2   spt= 0.1   lpval= 93992.1   ub= 94044.0  
 ****** Pricing Level: HEAVY HEUR ****** 
it= 4   ncol= 1388  ncstr= 615  mt= 0.0   spt= 0.3   lpval= 93992.1   ub= 94044.0  
-----------------------------------------------------------------------------------------
elapsed time= 244.91 s.
-----------------------------------------------------------------------------------------
candidate= 234-260 : +
-----------------------------------------------------------------------------------------
-----------------------------------------------------------------------------------------
 ****** Pricing Level: LIGHT HEUR ****** 
it= 5   ncol= 1377  ncstr= 615  mt= 0.5   spt= 0.1   lpval= 93997.8   ub= 94044.0  
 ****** Pricing Level: HEAVY HEUR ****** 
it= 2   ncol= 1393  ncstr= 615  mt= 0.0   spt= 0.1   lpval= 93997.7   ub= 94044.0  
-----------------------------------------------------------------------------------------
elapsed time= 246.10 s.
-----------------------------------------------------------------------------------------
brc= 74-260
t= 0.144524 c= 41.7925 n= 3 if_b4= 1
t= 1.46649 c= 43.7997 n= 3 if_b4= 1
nodes already exists
memory usage= 6GB.
#########################################################################################
tree size= 0 lb= 93991.3 ub= 94044
#########################################################################################
idx= 8 value= 93991.3 enu= 0
brc= 50-103 : -
brc= 76-103 : -
brc= 49-105 : -
brc= 70-133 : -
brc= 74-217 : -
brc= 233-246 : -
brc= 164-175 : +
brc= 167-232 : -
brc= 85-105 : +
brc= 3-269 : -
brc= 128-150 : -
brc= 0-218 : -
brc= 79-269 : -
brc= 117-174 : -
brc= 270-279 : -
brc= 141-164 : -
brc= 164-295 : -
brc= 103-138 : -
brc= 49-85 : +
brc= 126-152 : -
brc= 142-152 : -
brc= 43-164 : -
brc= 74-260 : -
-----------------------------------------------------------------------------------------
 ****** Pricing Level: LIGHT HEUR ****** 
it= 4   ncol= 1342  ncstr= 614  mt= 0.2   spt= 0.1   lpval= 93992.3   ub= 94044.0  
 ****** Pricing Level: HEAVY HEUR ****** 
it= 4   ncol= 1374  ncstr= 614  mt= 0.0   spt= 0.3   lpval= 93992.3   ub= 94044.0  
 ****** Pricing Level: EXACT ****** 
it= 3   ncol= 1421  ncstr= 614  mt= 0.0   spt= 2.8   lpval= 93992.2   ub= 94044.0  
-----------------------------------------------------------------------------------------
elapsed time= 250.87 s.
-----------------------------------------------------------------------------------------
 ****** Separate RCCs ****** 
 ****** Separate Rank1Cuts ****** 
-----------------------------------------------------------------------------------------
 ****** Pricing Level: LIGHT HEUR ****** 
it= 3   ncol= 1452  ncstr= 650  mt= 0.2   spt= 0.1   lpval= 93992.8   ub= 94044.0  
 ****** Pricing Level: HEAVY HEUR ****** 
it= 2   ncol= 1457  ncstr= 650  mt= 0.0   spt= 0.1   lpval= 93992.8   ub= 94044.0  
 ****** Pricing Level: EXACT ****** 
it= 3   ncol= 1485  ncstr= 650  mt= 0.0   spt= 2.8   lpval= 93992.8   ub= 94044.0  
-----------------------------------------------------------------------------------------
elapsed time= 255.28 s.
-----------------------------------------------------------------------------------------
[1;36m[REMIND] 2: gap improved= 0.566774 ratio= 0.011071 threshold= 0.040000 in function increaseCondition2 at /blue/yu.yang1/you.z/route_opt/packages/application/X-n313-k71/src/main/src/call_cutting.cpp:74[0m
 ****** Separate RCCs ****** 
 ****** Separate Rank1Cuts ****** 
-----------------------------------------------------------------------------------------
 ****** Pricing Level: LIGHT HEUR ****** 
it= 3   ncol= 1522  ncstr= 732  mt= 0.3   spt= 0.1   lpval= 93993.0   ub= 94044.0  
 ****** Pricing Level: HEAVY HEUR ****** 
it= 3   ncol= 1537  ncstr= 732  mt= 0.0   spt= 0.2   lpval= 93993.0   ub= 94044.0  
 ****** Pricing Level: EXACT ****** 
it= 3   ncol= 1608  ncstr= 732  mt= 0.0   spt= 3.0   lpval= 93993.0   ub= 94044.0  
-----------------------------------------------------------------------------------------
elapsed time= 260.10 s.
-----------------------------------------------------------------------------------------
[1;36m[REMIND] 2: gap improved= 0.222325 ratio= 0.004362 threshold= 0.040000 in function increaseCondition2 at /blue/yu.yang1/you.z/route_opt/packages/application/X-n313-k71/src/main/src/call_cutting.cpp:74[0m
 ****** Separate Rank1Cuts ****** 
-----------------------------------------------------------------------------------------
 ****** Pricing Level: LIGHT HEUR ****** 
it= 3   ncol= 1638  ncstr= 713  mt= 0.3   spt= 0.1   lpval= 93993.2   ub= 94044.0  
 ****** Pricing Level: HEAVY HEUR ****** 
it= 4   ncol= 1655  ncstr= 713  mt= 0.0   spt= 0.3   lpval= 93993.2   ub= 94044.0  
 ****** Pricing Level: EXACT ****** 
it= 3   ncol= 1720  ncstr= 713  mt= 0.1   spt= 3.2   lpval= 93993.2   ub= 94044.0  
-----------------------------------------------------------------------------------------
elapsed time= 265.53 s.
-----------------------------------------------------------------------------------------
[1;36m[REMIND] 2: gap improved= 0.156486 ratio= 0.003079 threshold= 0.040000 in function increaseCondition2 at /blue/yu.yang1/you.z/route_opt/packages/application/X-n313-k71/src/main/src/call_cutting.cpp:74[0m
[1;36m[REMIND] tail off counter= 3 threshold= 3 in function setIfTailOff at /blue/yu.yang1/you.z/route_opt/packages/application/X-n313-k71/src/main/src/call_cutting.cpp:150[0m
current_r_best= 1.3946
pseudo= 50 frac= 50
#candidates in phase1= 37
testing lp time= 11.07 s.
-----------------------------------------------------------------------------------------
  7-141 , 105.56|  33-228 , 105.56|   0-33  ,  98.37|  43-141 ,  68.01|   0-55  ,  55.64| 
 24-257 ,  48.75|   0-95  ,  34.37|   8-241 ,  28.97|  55-241 ,  28.97|   0-172 ,  28.97| 
113-167 ,  27.27| 147-269 ,  26.36| 130-269 ,  26.36|   0-121 ,  24.21| 125-224 ,  23.40| 
  0-147 ,  23.20|  51-99  ,  20.69| 236-311 ,  18.85|  75-303 ,  18.85| 184-303 ,  18.85| 
 74-248 ,  18.85|   3-115 ,  18.84| 175-252 ,  16.97|   6-137 ,  12.91|  19-60  ,  12.91| 
 24-155 ,  12.78|  24-189 ,  12.78|  61-302 ,  12.22| 232-275 ,  12.16| 132-230 ,  11.16| 
 18-108 ,   9.84|  21-42  ,   5.45|   2-106 ,   5.02| 149-195 ,   3.62| 108-301 ,   3.51| 
 18-145 ,   3.40|  87-257 ,   0.00| 
-----------------------------------------------------------------------------------------
edge= 0 33 lp= 33.5682 pre= 2 lp2= 2.93055 pre2= 2 score= 98.3734
-----------------------------------------------------------------------------------------
edge= 33 228 lp= 2.58105 pre= 2 lp2= 40.8962 pre2= 2 score= 105.555
-----------------------------------------------------------------------------------------
edge= 7 141 lp= 2.58115 pre= 2 lp2= 40.8962 pre2= 2 score= 105.559
-----------------------------------------------------------------------------------------
candidate= 7-141 : -
-----------------------------------------------------------------------------------------
-----------------------------------------------------------------------------------------
 ****** Pricing Level: LIGHT HEUR ****** 
it= 5   ncol= 1241  ncstr= 630  mt= 0.2   spt= 0.1   lpval= 93995.0   ub= 94044.0  
 ****** Pricing Level: HEAVY HEUR ****** 
it= 3   ncol= 1274  ncstr= 630  mt= 0.0   spt= 0.2   lpval= 93995.0   ub= 94044.0  
-----------------------------------------------------------------------------------------
elapsed time= 277.69 s.
-----------------------------------------------------------------------------------------
candidate= 33-228 : -
-----------------------------------------------------------------------------------------
-----------------------------------------------------------------------------------------
 ****** Pricing Level: LIGHT HEUR ****** 
it= 5   ncol= 1241  ncstr= 630  mt= 0.2   spt= 0.1   lpval= 93995.5   ub= 94044.0  
 ****** Pricing Level: HEAVY HEUR ****** 
it= 4   ncol= 1284  ncstr= 630  mt= 0.0   spt= 0.3   lpval= 93995.5   ub= 94044.0  
-----------------------------------------------------------------------------------------
elapsed time= 278.90 s.
-----------------------------------------------------------------------------------------
candidate= 0-33 : -
-----------------------------------------------------------------------------------------
-----------------------------------------------------------------------------------------
 ****** Pricing Level: LIGHT HEUR ****** 
it= 5   ncol= 1241  ncstr= 630  mt= 0.4   spt= 0.1   lpval= 93999.0   ub= 94044.0  
 ****** Pricing Level: HEAVY HEUR ****** 
it= 4   ncol= 1289  ncstr= 630  mt= 0.0   spt= 0.3   lpval= 93999.0   ub= 94044.0  
-----------------------------------------------------------------------------------------
elapsed time= 280.25 s.
-----------------------------------------------------------------------------------------
candidate= 33-228 : +
-----------------------------------------------------------------------------------------
-----------------------------------------------------------------------------------------
 ****** Pricing Level: LIGHT HEUR ****** 
it= 6   ncol= 1262  ncstr= 630  mt= 0.5   spt= 0.2   lpval= 94016.9   ub= 94044.0  
 ****** Pricing Level: HEAVY HEUR ****** 
it= 5   ncol= 1321  ncstr= 630  mt= 0.1   spt= 0.3   lpval= 94014.9   ub= 94044.0  
-----------------------------------------------------------------------------------------
elapsed time= 281.97 s.
-----------------------------------------------------------------------------------------
candidate= 7-141 : +
-----------------------------------------------------------------------------------------
-----------------------------------------------------------------------------------------
 ****** Pricing Level: LIGHT HEUR ****** 
it= 7   ncol= 1245  ncstr= 630  mt= 0.5   spt= 0.2   lpval= 94020.0   ub= 94044.0  
 ****** Pricing Level: HEAVY HEUR ****** 
it= 5   ncol= 1323  ncstr= 630  mt= 0.1   spt= 0.3   lpval= 94017.8   ub= 94044.0  
-----------------------------------------------------------------------------------------
elapsed time= 283.74 s.
-----------------------------------------------------------------------------------------
brc= 33-228
t= 0.145533 c= 37.8941 n= 4 if_b4= 1
t= 1.45762 c= 39.8956 n= 4 if_b4= 1
nodes already exists
memory usage= 6GB.
#########################################################################################
tree size= 0 lb= 93993.2 ub= 94044
#########################################################################################
idx= 10 value= 93993.2 enu= 0
brc= 50-103 : -
brc= 76-103 : -
brc= 49-105 : -
brc= 70-133 : -
brc= 74-217 : -
brc= 233-246 : -
brc= 164-175 : +
brc= 167-232 : -
brc= 85-105 : +
brc= 3-269 : -
brc= 128-150 : -
brc= 0-218 : -
brc= 79-269 : -
brc= 117-174 : -
brc= 270-279 : -
brc= 141-164 : -
brc= 164-295 : -
brc= 103-138 : -
brc= 49-85 : +
brc= 126-152 : -
brc= 142-152 : -
brc= 43-164 : -
brc= 74-260 : -
brc= 33-228 : -
-----------------------------------------------------------------------------------------
 ****** Pricing Level: LIGHT HEUR ****** 
it= 6   ncol= 1238  ncstr= 629  mt= 0.3   spt= 0.2   lpval= 93995.5   ub= 94044.0  
 ****** Pricing Level: HEAVY HEUR ****** 
it= 4   ncol= 1279  ncstr= 629  mt= 0.0   spt= 0.3   lpval= 93995.5   ub= 94044.0  
 ****** Pricing Level: EXACT ****** 
it= 4   ncol= 1343  ncstr= 629  mt= 0.1   spt= 3.7   lpval= 93994.9   ub= 94044.0  
-----------------------------------------------------------------------------------------
elapsed time= 289.84 s.
-----------------------------------------------------------------------------------------
-----------------------------------------------------------------------------------------
 ****** Run Arc Elimination ****** 
arc elimination time= 4.74 s.
previous= 89.341% maximum= 2.85556%
eliminate bucket arcs time= 0.49 s.
obtain jump arcs time= 0.01 s.
-----------------------------------------------------------------------------------------
-----------------------------------------------------------------------------------------
elapsed time= 295.11 s.
-----------------------------------------------------------------------------------------
-----------------------------------------------------------------------------------------
 ****** Try Enumeration ****** 
max_val= 88535 stop_b= 10 max_idx= 8 num_label= 327303 max_label_in_enumeration= 500000 q= 23.522 aq.size()= 21 left_bin= 2 left_labels= 172697
status= LABEL_FOR_LIMIT
#labels= 327303 #routes= 26
labeling 1 time= 10.02 s.
next try value > 94005.4
-----------------------------------------------------------------------------------------
elapsed time= 305.20 s.
-----------------------------------------------------------------------------------------
 ****** Separate RCCs ****** 
 ****** Separate Rank1Cuts ****** 
-----------------------------------------------------------------------------------------
 ****** Pricing Level: LIGHT HEUR ****** 
it= 3   ncol= 1383  ncstr= 652  mt= 0.2   spt= 0.1   lpval= 93996.0   ub= 94044.0  
 ****** Pricing Level: HEAVY HEUR ****** 
it= 3   ncol= 1397  ncstr= 652  mt= 0.0   spt= 0.2   lpval= 93996.0   ub= 94044.0  
 ****** Pricing Level: EXACT ****** 
it= 3   ncol= 1406  ncstr= 652  mt= 0.0   spt= 2.8   lpval= 93996.0   ub= 94044.0  
-----------------------------------------------------------------------------------------
elapsed time= 310.05 s.
-----------------------------------------------------------------------------------------
[1;36m[REMIND] 2: gap improved= 1.039196 ratio= 0.021628 threshold= 0.040000 in function increaseCondition2 at /blue/yu.yang1/you.z/route_opt/packages/application/X-n313-k71/src/main/src/call_cutting.cpp:74[0m
 ****** Separate RCCs ****** 
 ****** Separate Rank1Cuts ****** 
-----------------------------------------------------------------------------------------
 ****** Pricing Level: LIGHT HEUR ****** 
it= 11  ncol= 1507  ncstr= 695  mt= 0.3   spt= 0.3   lpval= 93996.2   ub= 94044.0  
 ****** Pricing Level: HEAVY HEUR ****** 
it= 4   ncol= 1566  ncstr= 695  mt= 0.0   spt= 0.3   lpval= 93996.2   ub= 94044.0  
 ****** Pricing Level: EXACT ****** 
it= 3   ncol= 1787  ncstr= 695  mt= 0.0   spt= 2.7   lpval= 93996.2   ub= 94044.0  
-----------------------------------------------------------------------------------------
elapsed time= 315.68 s.
-----------------------------------------------------------------------------------------
[1;36m[REMIND] 2: gap improved= 0.238696 ratio= 0.004993 threshold= 0.040000 in function increaseCondition2 at /blue/yu.yang1/you.z/route_opt/packages/application/X-n313-k71/src/main/src/call_cutting.cpp:74[0m
 ****** Separate Rank1Cuts ****** 
-----------------------------------------------------------------------------------------
 ****** Pricing Level: LIGHT HEUR ****** 
it= 2   ncol= 1790  ncstr= 665  mt= 0.3   spt= 0.1   lpval= 93996.4   ub= 94044.0  
 ****** Pricing Level: HEAVY HEUR ****** 
it= 2   ncol= 1796  ncstr= 665  mt= 0.0   spt= 0.1   lpval= 93996.4   ub= 94044.0  
 ****** Pricing Level: EXACT ****** 
it= 3   ncol= 1807  ncstr= 665  mt= 0.0   spt= 2.7   lpval= 93996.4   ub= 94044.0  
-----------------------------------------------------------------------------------------
elapsed time= 319.88 s.
-----------------------------------------------------------------------------------------
[1;36m[REMIND] 2: gap improved= 0.182862 ratio= 0.003840 threshold= 0.040000 in function increaseCondition2 at /blue/yu.yang1/you.z/route_opt/packages/application/X-n313-k71/src/main/src/call_cutting.cpp:74[0m
[1;36m[REMIND] tail off counter= 3 threshold= 3 in function setIfTailOff at /blue/yu.yang1/you.z/route_opt/packages/application/X-n313-k71/src/main/src/call_cutting.cpp:150[0m
current_r_best= 2.31994
pseudo= 50 frac= 50
#candidates in phase1= 37
testing lp time= 11.68 s.
-----------------------------------------------------------------------------------------
  0-55  , 123.15| 113-167 ,  47.57| 221-270 ,  45.10|   3-202 ,  44.96|   0-172 ,  37.35| 
  8-241 ,  37.35|  55-241 ,  37.35|  84-89  ,  37.01| 130-269 ,  31.95| 147-269 ,  31.95| 
  0-131 ,  28.72|   3-4   ,  27.63|  51-99  ,  26.48| 155-204 ,  25.27| 232-275 ,  21.75| 
185-245 ,  20.42| 161-184 ,  12.31| 114-161 ,  12.31|  19-60  ,  12.12|   6-137 ,  12.12| 
 28-128 ,   9.26| 191-243 ,   6.83| 236-266 ,   6.66|  74-248 ,   6.66|  75-248 ,   6.66| 
303-311 ,   6.66| 236-311 ,   6.66|  75-303 ,   6.66| 184-303 ,   6.66|   0-248 ,   6.66| 
140-173 ,   5.38|   0-196 ,   4.98|  87-115 ,   2.89| 205-271 ,   1.79|  86-303 ,   1.72| 
238-284 ,   1.68|  34-48  ,   0.25| 
-----------------------------------------------------------------------------------------
edge= 221 270 lp= 3.98049 pre= 2 lp2= 11.3313 pre2= 2 score= 45.1042
-----------------------------------------------------------------------------------------
edge= 113 167 lp= 0.738658 pre= 2 lp2= 64.4007 pre2= 2 score= 47.5701
-----------------------------------------------------------------------------------------
edge= 0 55 lp= 64.4007 pre= 2 lp2= 1.91223 pre2= 2 score= 123.149
-----------------------------------------------------------------------------------------
candidate= 0-55 : -
-----------------------------------------------------------------------------------------
-----------------------------------------------------------------------------------------
 ****** Pricing Level: LIGHT HEUR ****** 
it= 5   ncol= 1286  ncstr= 629  mt= 0.4   spt= 0.1   lpval= 94010.1   ub= 94044.0  
 ****** Pricing Level: HEAVY HEUR ****** 
it= 5   ncol= 1312  ncstr= 629  mt= 0.1   spt= 0.3   lpval= 94007.8   ub= 94044.0  
-----------------------------------------------------------------------------------------
elapsed time= 333.08 s.
-----------------------------------------------------------------------------------------
candidate= 113-167 : -
-----------------------------------------------------------------------------------------
-----------------------------------------------------------------------------------------
 ****** Pricing Level: LIGHT HEUR ****** 
it= 3   ncol= 1239  ncstr= 629  mt= 0.2   spt= 0.1   lpval= 93997.1   ub= 94044.0  
 ****** Pricing Level: HEAVY HEUR ****** 
it= 2   ncol= 1240  ncstr= 629  mt= 0.0   spt= 0.1   lpval= 93997.1   ub= 94044.0  
-----------------------------------------------------------------------------------------
elapsed time= 333.75 s.
-----------------------------------------------------------------------------------------
candidate= 113-167 : +
-----------------------------------------------------------------------------------------
-----------------------------------------------------------------------------------------
 ****** Pricing Level: LIGHT HEUR ****** 
it= 4   ncol= 1288  ncstr= 629  mt= 0.4   spt= 0.1   lpval= 94007.7   ub= 94044.0  
 ****** Pricing Level: HEAVY HEUR ****** 
it= 7   ncol= 1367  ncstr= 629  mt= 0.1   spt= 0.5   lpval= 94007.5   ub= 94044.0  
-----------------------------------------------------------------------------------------
elapsed time= 335.40 s.
-----------------------------------------------------------------------------------------
candidate= 221-270 : -
-----------------------------------------------------------------------------------------
-----------------------------------------------------------------------------------------
 ****** Pricing Level: LIGHT HEUR ****** 
it= 4   ncol= 1271  ncstr= 629  mt= 0.3   spt= 0.1   lpval= 93999.8   ub= 94044.0  
 ****** Pricing Level: HEAVY HEUR ****** 
it= 3   ncol= 1289  ncstr= 629  mt= 0.0   spt= 0.2   lpval= 93999.4   ub= 94044.0  
-----------------------------------------------------------------------------------------
elapsed time= 336.37 s.
-----------------------------------------------------------------------------------------
candidate= 221-270 : +
-----------------------------------------------------------------------------------------
-----------------------------------------------------------------------------------------
 ****** Pricing Level: LIGHT HEUR ****** 
it= 3   ncol= 1251  ncstr= 629  mt= 0.3   spt= 0.1   lpval= 93999.5   ub= 94044.0  
 ****** Pricing Level: HEAVY HEUR ****** 
it= 3   ncol= 1261  ncstr= 629  mt= 0.0   spt= 0.2   lpval= 93999.4   ub= 94044.0  
-----------------------------------------------------------------------------------------
elapsed time= 337.31 s.
-----------------------------------------------------------------------------------------
candidate= 0-55 : +
-----------------------------------------------------------------------------------------
-----------------------------------------------------------------------------------------
 ****** Pricing Level: LIGHT HEUR ****** 
it= 3   ncol= 1242  ncstr= 629  mt= 0.2   spt= 0.1   lpval= 93998.1   ub= 94044.0  
 ****** Pricing Level: HEAVY HEUR ****** 
it= 3   ncol= 1247  ncstr= 629  mt= 0.0   spt= 0.2   lpval= 93998.1   ub= 94044.0  
-----------------------------------------------------------------------------------------
elapsed time= 338.16 s.
-----------------------------------------------------------------------------------------
brc= 0-55
t= 0.147574 c= 38.0344 n= 5 if_b4= 1
t= 1.39775 c= 40.1261 n= 5 if_b4= 1
nodes already exists
memory usage= 6GB.
#########################################################################################
tree size= 0 lb= 93996.4 ub= 94044
#########################################################################################
idx= 12 value= 93996.4 enu= 0
brc= 50-103 : -
brc= 76-103 : -
brc= 49-105 : -
brc= 70-133 : -
brc= 74-217 : -
brc= 233-246 : -
brc= 164-175 : +
brc= 167-232 : -
brc= 85-105 : +
brc= 3-269 : -
brc= 128-150 : -
brc= 0-218 : -
brc= 79-269 : -
brc= 117-174 : -
brc= 270-279 : -
brc= 141-164 : -
brc= 164-295 : -
brc= 103-138 : -
brc= 49-85 : +
brc= 126-152 : -
brc= 142-152 : -
brc= 43-164 : -
brc= 74-260 : -
brc= 33-228 : -
brc= 0-55 : -
-----------------------------------------------------------------------------------------
 ****** Pricing Level: LIGHT HEUR ****** 
it= 5   ncol= 1285  ncstr= 628  mt= 0.5   spt= 0.1   lpval= 94010.1   ub= 94044.0  
 ****** Pricing Level: HEAVY HEUR ****** 
it= 4   ncol= 1308  ncstr= 628  mt= 0.0   spt= 0.3   lpval= 94007.8   ub= 94044.0  
 ****** Pricing Level: EXACT ****** 
it= 4   ncol= 1359  ncstr= 628  mt= 0.0   spt= 3.4   lpval= 94007.1   ub= 94044.0  
-----------------------------------------------------------------------------------------
elapsed time= 343.90 s.
-----------------------------------------------------------------------------------------
-----------------------------------------------------------------------------------------
 ****** Run Arc Elimination ****** 
arc elimination time= 2.69 s.
previous= 74.248% maximum= 2.1202%
eliminate bucket arcs time= 0.45 s.
obtain jump arcs time= 0.01 s.
-----------------------------------------------------------------------------------------
-----------------------------------------------------------------------------------------
elapsed time= 347.08 s.
-----------------------------------------------------------------------------------------
-----------------------------------------------------------------------------------------
 ****** Try Enumeration ****** 
#labels= 162510 #routes= 13
labeling 1 time= 2.38 s.
concatenate time= 3.68 s.
#routes= 191725
average gap of successful enumeration= 0.000381909
next try value > 93996
-----------------------------------------------------------------------------------------
elapsed time= 353.24 s.
-----------------------------------------------------------------------------------------
 ****** Process Enumeration Matrix ****** 
delete non-ele routes lp val= 94007.1
recover rank1c lp val= 94007.9
recover rcc lp val= 94008
obtain rcc coefficient time= 0.03 s.
obtain r1c coefficient time= 0.27 s.
obtain matrix from triplets time= 0.28 s.
delete columns by branch time= 0.00 s.
columns pending deletion= 30 remain= 191725 col ratio= 0.999844 row ratio= 1
regenerate enumeration matrix time= 0.00 s.
-----------------------------------------------------------------------------------------
elapsed time= 355.07 s.
-----------------------------------------------------------------------------------------
it= 5   ncol= 1344  ncstr= 582  mt= 0.0   spt= 0.1   lpval= 94008.0   ub= 94044.0  
-----------------------------------------------------------------------------------------
elapsed time= 355.19 s.
-----------------------------------------------------------------------------------------
columns pending deletion= 46797 remain= 191725 col ratio= 0.755916 row ratio= 0.905498
 ****** Separate RCCs ****** 
 ****** Separate Rank1Cuts ****** 
it= 3   ncol= 1324  ncstr= 617  mt= 0.0   spt= 0.0   lpval= 94014.1   ub= 94044.0  
-----------------------------------------------------------------------------------------
elapsed time= 355.83 s.
-----------------------------------------------------------------------------------------
delete columns= 122993 remain= 68732
 ****** Separate RCCs ****** 
 ****** Separate Rank1Cuts ****** 
it= 2   ncol= 1323  ncstr= 588  mt= 0.0   spt= 0.0   lpval= 94014.6   ub= 94044.0  
-----------------------------------------------------------------------------------------
elapsed time= 356.38 s.
-----------------------------------------------------------------------------------------
columns pending deletion= 6377 remain= 68732 col ratio= 0.907219 row ratio= 0.952381
[1;36m[REMIND] 2: gap improved= 0.528098 ratio= 0.017954 threshold= 0.040000 in function increaseCondition2 at /blue/yu.yang1/you.z/route_opt/packages/application/X-n313-k71/src/main/src/call_cutting.cpp:74[0m
 ****** Separate Rank1Cuts ****** 
it= 1   ncol= 1315  ncstr= 645  mt= 0.0   spt= 0.0   lpval= 94014.6   ub= 94044.0  
-----------------------------------------------------------------------------------------
elapsed time= 356.98 s.
-----------------------------------------------------------------------------------------
columns pending deletion= 8917 remain= 68732 col ratio= 0.870264 row ratio= 0.889922
current_r_best= 13.272
pseudo= 50 frac= 50
#candidates in phase1= 37
testing lp time= 14.22 s.
-----------------------------------------------------------------------------------------
  0-121 , 132.09|  57-64  , 130.76|   3-4   , 111.38| 199-263 ,  96.36| 156-241 ,  76.83| 
186-240 ,  74.27|   3-202 ,  63.21|   9-128 ,  50.24|  64-128 ,  47.06| 221-228 ,  38.03| 
185-245 ,  37.33|  84-89  ,  33.63|   0-131 ,  29.24| 130-269 ,  28.11| 147-269 ,  28.11| 
145-208 ,  26.73|  55-113 ,  24.86| 125-224 ,  23.42| 232-240 ,  23.28| 172-304 ,  22.46| 
  2-106 ,  22.35|   6-137 ,  21.44|  19-60  ,  21.44| 156-186 ,  18.05|  41-210 ,  17.25| 
 22-54  ,  15.38| 132-230 ,  14.61| 155-204 ,  14.12|  14-154 ,  10.25| 154-212 ,  10.25| 
156-240 ,  10.05|   0-199 ,   6.92|   8-307 ,   1.54| 195-244 ,   1.36|  79-139 ,   0.88| 
  0-217 ,   0.20|  60-150 ,   0.00| 
-----------------------------------------------------------------------------------------
edge= 3 4 lp= 1.20238 pre= 2 lp2= 92.636 pre2= 2 score= 111.384
-----------------------------------------------------------------------------------------
edge= 57 64 lp= 13.6533 pre= 2 lp2= 9.57685 pre2= 2 score= 130.756
-----------------------------------------------------------------------------------------
edge= 0 121 lp= 13.5695 pre= 2 lp2= 9.73436 pre2= 2 score= 132.091
-----------------------------------------------------------------------------------------
candidate= 0-121 : -
-----------------------------------------------------------------------------------------
it= 4   ncol= 1415  ncstr= 646  mt= 0.4   spt= 0.0   lpval= 94024.1   ub= 94044.0  
-----------------------------------------------------------------------------------------
elapsed time= 371.58 s.
-----------------------------------------------------------------------------------------
candidate= 57-64 : -
-----------------------------------------------------------------------------------------
it= 4   ncol= 1419  ncstr= 646  mt= 0.4   spt= 0.0   lpval= 94022.7   ub= 94044.0  
-----------------------------------------------------------------------------------------
elapsed time= 372.01 s.
-----------------------------------------------------------------------------------------
candidate= 3-4 : -
-----------------------------------------------------------------------------------------
it= 3   ncol= 1360  ncstr= 646  mt= 0.3   spt= 0.0   lpval= 94015.8   ub= 94044.0  
-----------------------------------------------------------------------------------------
elapsed time= 372.32 s.
-----------------------------------------------------------------------------------------
candidate= 3-4 : +
-----------------------------------------------------------------------------------------
it= 6   ncol= 1531  ncstr= 646  mt= 0.6   spt= 0.0   lpval= 94023.4   ub= 94044.0  
-----------------------------------------------------------------------------------------
elapsed time= 372.96 s.
-----------------------------------------------------------------------------------------
candidate= 0-121 : +
-----------------------------------------------------------------------------------------
it= 4   ncol= 1409  ncstr= 646  mt= 0.3   spt= 0.0   lpval= 94021.5   ub= 94044.0  
-----------------------------------------------------------------------------------------
elapsed time= 373.33 s.
-----------------------------------------------------------------------------------------
candidate= 57-64 : +
-----------------------------------------------------------------------------------------
it= 4   ncol= 1425  ncstr= 646  mt= 0.4   spt= 0.0   lpval= 94020.1   ub= 94044.0  
-----------------------------------------------------------------------------------------
elapsed time= 373.73 s.
-----------------------------------------------------------------------------------------
brc= 0-121
t= 0.192102 c= 19.4072 n= 0 if_b4= 0
t= 0.421608 c= 25.2502 n= 0 if_b4= 0
#########################################################################################
tree size= 1 lb= 94014.6 ub= 94044
#########################################################################################
idx= 13 value= 94014.6 enu= 1
brc= 50-103 : -
brc= 76-103 : -
brc= 49-105 : -
brc= 70-133 : -
brc= 74-217 : -
brc= 233-246 : -
brc= 164-175 : +
brc= 167-232 : -
brc= 85-105 : +
brc= 3-269 : -
brc= 128-150 : -
brc= 0-218 : -
brc= 79-269 : -
brc= 117-174 : -
brc= 270-279 : -
brc= 141-164 : -
brc= 164-295 : -
brc= 103-138 : -
brc= 49-85 : +
brc= 126-152 : -
brc= 142-152 : -
brc= 43-164 : -
brc= 74-260 : -
brc= 33-228 : -
brc= 0-55 : -
brc= 0-121 : +
it= 5   ncol= 1419  ncstr= 645  mt= 0.4   spt= 0.0   lpval= 94021.5   ub= 94044.0  
-----------------------------------------------------------------------------------------
elapsed time= 375.27 s.
-----------------------------------------------------------------------------------------
delete columns= 36624 remain= 23169
 ****** Separate RCCs ****** 
 ****** Separate Rank1Cuts ****** 
it= 3   ncol= 1425  ncstr= 611  mt= 0.1   spt= 0.0   lpval= 94025.0   ub= 94044.0  
-----------------------------------------------------------------------------------------
elapsed time= 376.03 s.
-----------------------------------------------------------------------------------------
delete columns= 11445 remain= 11724
mip: row= 555 col= 13086 density= 4.11312%
mip time= 6.01 s.
mip status= 6
update f from 0 to 19.0317
#########################################################################################
tree size= 0 lb= 94014.6 ub= 94044
#########################################################################################
idx= 14 value= 94014.6 enu= 1
brc= 50-103 : -
brc= 76-103 : -
brc= 49-105 : -
brc= 70-133 : -
brc= 74-217 : -
brc= 233-246 : -
brc= 164-175 : +
brc= 167-232 : -
brc= 85-105 : +
brc= 3-269 : -
brc= 128-150 : -
brc= 0-218 : -
brc= 79-269 : -
brc= 117-174 : -
brc= 270-279 : -
brc= 141-164 : -
brc= 164-295 : -
brc= 103-138 : -
brc= 49-85 : +
brc= 126-152 : -
brc= 142-152 : -
brc= 43-164 : -
brc= 74-260 : -
brc= 33-228 : -
brc= 0-55 : -
brc= 0-121 : -
it= 4   ncol= 1426  ncstr= 645  mt= 0.1   spt= 0.0   lpval= 94024.1   ub= 94044.0  
-----------------------------------------------------------------------------------------
elapsed time= 382.26 s.
-----------------------------------------------------------------------------------------
delete columns= 46215 remain= 13598
 ****** Separate RCCs ****** 
 ****** Separate Rank1Cuts ****** 
it= 3   ncol= 1302  ncstr= 548  mt= 0.0   spt= 0.0   lpval= 94026.3   ub= 94044.0  
-----------------------------------------------------------------------------------------
elapsed time= 382.72 s.
-----------------------------------------------------------------------------------------
columns pending deletion= 4118 remain= 13598 col ratio= 0.697161 row ratio= 0.958029
mip: row= 525 col= 10753 density= 4.23279%
mip time= 5.20 s.
mip status= 6
#########################################################################################
[32m<Instance: X-n313-k71>
<Solution>
<UB= 94044>
<LB= 94044>
<Elapsed Time= 388>
<Nodes Explored= 9>
<Global Gap= 0%>[0m
#########################################################################################
File nodes/X-n313-k71_6_1_9_G32.node deleted successfully.
