application type: CVRP
X-n313-k71_4_1_1_4_G32.node
Set parameter ServerTimeout to value 600
Set parameter TokenServer to value "grb-ts.ufhpc"
Set parameter Threads to value 1
instance name= X-n313-k71
#########################################################################################
tree size= 0 lb= 0 ub= 94044
#########################################################################################
idx= 9 value= 93981.4 enu= 0
brc= 50-103 : -
brc= 76-103 : -
brc= 49-105 : -
brc= 70-133 : -
brc= 74-217 : +
brc= 250-278 : -
brc= 56-164 : +
brc= 7-54 : -
brc= 33-228 : +
brc= 100-119 : -
brc= 270-279 : -
brc= 126-152 : -
brc= 9-51 : -
brc= 3-269 : +
-----------------------------------------------------------------------------------------
 ****** Pricing Level: LIGHT HEUR ****** 
it= 7   ncol= 1480  ncstr= 616  mt= 0.2   spt= 0.2   lpval= 93994.4   ub= 94044.0  
 ****** Pricing Level: HEAVY HEUR ****** 
it= 4   ncol= 1515  ncstr= 616  mt= 0.1   spt= 0.3   lpval= 93990.1   ub= 94044.0  
 ****** Pricing Level: EXACT ****** 
it= 5   ncol= 1542  ncstr= 616  mt= 0.1   spt= 6.1   lpval= 93989.6   ub= 94044.0  
-----------------------------------------------------------------------------------------
elapsed time= 10.72 s.
-----------------------------------------------------------------------------------------
-----------------------------------------------------------------------------------------
 ****** Run Arc Elimination ****** 
arc elimination time= 7.65 s.
previous= 84.0375% maximum= 3.19221%
eliminate bucket arcs time= 0.66 s.
obtain jump arcs time= 0.01 s.
-----------------------------------------------------------------------------------------
-----------------------------------------------------------------------------------------
elapsed time= 19.38 s.
-----------------------------------------------------------------------------------------
-----------------------------------------------------------------------------------------
 ****** Try Enumeration ****** 
max_val= 74384 stop_b= 10 max_idx= 7 num_label= 280973 max_label_in_enumeration= 500000 q= 22.4687 aq.size()= 21 left_bin= 3 left_labels= 219027
status= LABEL_FOR_LIMIT
#labels= 280973 #routes= 34
labeling 1 time= 7.66 s.
next try value > 93995.8
-----------------------------------------------------------------------------------------
elapsed time= 27.10 s.
-----------------------------------------------------------------------------------------
 ****** Separate RCCs ****** 
 ****** Separate Rank1Cuts ****** 
-----------------------------------------------------------------------------------------
 ****** Pricing Level: LIGHT HEUR ****** 
it= 4   ncol= 1608  ncstr= 647  mt= 0.2   spt= 0.1   lpval= 93995.0   ub= 94044.0  
 ****** Pricing Level: HEAVY HEUR ****** 
it= 4   ncol= 1626  ncstr= 647  mt= 0.0   spt= 0.3   lpval= 93995.0   ub= 94044.0  
 ****** Pricing Level: EXACT ****** 
it= 4   ncol= 1683  ncstr= 647  mt= 0.1   spt= 4.5   lpval= 93994.7   ub= 94044.0  
-----------------------------------------------------------------------------------------
elapsed time= 33.74 s.
-----------------------------------------------------------------------------------------
-----------------------------------------------------------------------------------------
 ****** Run Arc Elimination ****** 
arc elimination time= 5.85 s.
previous= 89.8502% maximum= 2.86821%
eliminate bucket arcs time= 0.56 s.
obtain jump arcs time= 0.01 s.
-----------------------------------------------------------------------------------------
-----------------------------------------------------------------------------------------
elapsed time= 40.19 s.
-----------------------------------------------------------------------------------------
 ****** Separate RCCs ****** 
 ****** Separate Rank1Cuts ****** 
-----------------------------------------------------------------------------------------
 ****** Pricing Level: LIGHT HEUR ****** 
it= 4   ncol= 1725  ncstr= 677  mt= 0.3   spt= 0.1   lpval= 93997.8   ub= 94044.0  
 ****** Pricing Level: HEAVY HEUR ****** 
it= 3   ncol= 1748  ncstr= 677  mt= 0.0   spt= 0.2   lpval= 93997.7   ub= 94044.0  
 ****** Pricing Level: EXACT ****** 
it= 4   ncol= 1932  ncstr= 677  mt= 0.1   spt= 4.3   lpval= 93997.7   ub= 94044.0  
-----------------------------------------------------------------------------------------
elapsed time= 46.93 s.
-----------------------------------------------------------------------------------------
 ****** Separate RCCs ****** 
 ****** Separate Rank1Cuts ****** 
-----------------------------------------------------------------------------------------
 ****** Pricing Level: LIGHT HEUR ****** 
it= 2   ncol= 1937  ncstr= 645  mt= 0.2   spt= 0.1   lpval= 93998.5   ub= 94044.0  
 ****** Pricing Level: HEAVY HEUR ****** 
it= 2   ncol= 1947  ncstr= 645  mt= 0.0   spt= 0.1   lpval= 93998.5   ub= 94044.0  
 ****** Pricing Level: EXACT ****** 
it= 1   ncol= 1947  ncstr= 645  mt= 0.0   spt= 1.1   lpval= 93998.5   ub= 94044.0  
-----------------------------------------------------------------------------------------
elapsed time= 49.29 s.
-----------------------------------------------------------------------------------------
[1;36m[REMIND] 2: gap improved= 0.733152 ratio= 0.016101 threshold= 0.040000 in function increaseCondition2 at /blue/yu.yang1/you.z/route_opt/packages/application/X-n313-k71/src/main/src/call_cutting.cpp:74[0m
 ****** Separate RCCs ****** 
 ****** Separate Rank1Cuts ****** 
-----------------------------------------------------------------------------------------
 ****** Pricing Level: LIGHT HEUR ****** 
it= 2   ncol= 1951  ncstr= 693  mt= 0.3   spt= 0.1   lpval= 93998.7   ub= 94044.0  
 ****** Pricing Level: HEAVY HEUR ****** 
it= 3   ncol= 1957  ncstr= 693  mt= 0.0   spt= 0.2   lpval= 93998.7   ub= 94044.0  
 ****** Pricing Level: EXACT ****** 
it= 2   ncol= 1962  ncstr= 693  mt= 0.0   spt= 2.2   lpval= 93998.7   ub= 94044.0  
-----------------------------------------------------------------------------------------
elapsed time= 53.15 s.
-----------------------------------------------------------------------------------------
[1;36m[REMIND] gap improved= 0.230991 threshold= 0.235336 in function setIfTailOff at /blue/yu.yang1/you.z/route_opt/packages/application/X-n313-k71/src/main/src/call_cutting.cpp:133[0m
[1;36m[REMIND] opt_k not found for node 9, use m directly in function getOptK at /blue/yu.yang1/you.z/route_opt/packages/branching/bkf/include/bkf_controller.hpp:239[0m
current_r_best= 12.5662
we directly test 100
we directly test 4
pseudo= 50 frac= 50
#candidates in phase1= 100
testing lp time= 29.82 s.
-----------------------------------------------------------------------------------------
233-263 , 111.69| 233-246 , 111.69|  34-70  , 104.91|   0-121 ,  83.90|  57-130 ,  80.16| 
 82-182 ,  77.99|  57-64  ,  60.50| 164-175 ,  57.99|  56-279 ,  57.99| 221-279 ,  57.98| 
  0-130 ,  50.52|   0-4   ,  43.23|  56-141 ,  43.04|   0-164 ,  43.04|  30-79  ,  40.03| 
125-224 ,  39.06|  22-54  ,  34.42|   9-126 ,  31.32|  54-290 ,  28.68|   2-79  ,  26.22| 
 53-54  ,  26.12|   0-57  ,  25.41|  54-161 ,  22.78|  87-115 ,  22.66| 165-190 ,  22.57| 
107-267 ,  22.07|  51-99  ,  21.67|  29-131 ,  21.35| 214-289 ,  20.70| 181-305 ,  20.69| 
 13-65  ,  20.38|  13-104 ,  20.37|   0-65  ,  20.37|  30-276 ,  19.55|  12-134 ,  19.13| 
 12-76  ,  19.13|   0-76  ,  19.13|  59-76  ,  19.13|  59-68  ,  18.93|   0-224 ,  17.12| 
  0-134 ,  16.85|  86-267 ,  14.82| 107-287 ,  14.82|   0-132 ,  14.70| 132-230 ,  14.46| 
  0-301 ,  14.39|  24-299 ,  14.00| 278-299 ,  14.00| 199-254 ,  13.59|   0-285 ,  12.92| 
169-181 ,  12.13|  24-257 ,  11.99|  17-245 ,  10.77| 125-287 ,  10.36|   0-221 ,  10.19| 
 36-142 ,  10.19|   0-115 ,   9.31|  47-113 ,   8.88|   0-47  ,   8.88|  22-161 ,   8.82| 
 22-248 ,   8.82| 106-139 ,   7.44| 139-269 ,   7.44|  94-135 ,   6.87|  10-54  ,   6.59| 
 71-203 ,   5.96| 203-225 ,   5.96| 109-138 ,   5.96|   0-155 ,   5.91|   0-85  ,   5.59| 
 11-259 ,   5.38|   0-257 ,   5.35| 219-229 ,   4.72|  21-191 ,   4.38| 181-242 ,   4.16| 
219-222 ,   4.08|  24-171 ,   3.99| 177-251 ,   3.98|   0-163 ,   3.71|   0-173 ,   3.51| 
  0-158 ,   3.28| 185-222 ,   2.94|   0-66  ,   2.93|   0-52  ,   2.64|   0-202 ,   2.43| 
166-179 ,   2.36| 149-180 ,   2.33| 180-196 ,   1.81| 166-282 ,   1.61| 294-305 ,   1.37| 
  0-149 ,   1.32|   0-294 ,   0.95| 212-294 ,   0.95|  90-132 ,   0.93| 230-276 ,   0.89| 
  0-230 ,   0.60| 111-219 ,   0.01| 193-309 ,   0.00|   0-210 ,   0.00| 210-220 ,   0.00| 
-----------------------------------------------------------------------------------------
edge= 0 121 lp= 12.2291 pre= 2 lp2= 6.86064 pre2= 2 score= 83.8997
-----------------------------------------------------------------------------------------
edge= 34 70 lp= 2.08862 pre= 2 lp2= 50.2294 pre2= 2 score= 104.91
-----------------------------------------------------------------------------------------
edge= 233 246 lp= 19.3624 pre= 2 lp2= 5.76858 pre2= 2 score= 111.693
-----------------------------------------------------------------------------------------
edge= 233 263 lp= 5.76858 pre= 2 lp2= 19.3624 pre2= 2 score= 111.693
-----------------------------------------------------------------------------------------
candidate= 233-263 : -
-----------------------------------------------------------------------------------------
-----------------------------------------------------------------------------------------
 ****** Pricing Level: LIGHT HEUR ****** 
it= 5   ncol= 1402  ncstr= 604  mt= 0.3   spt= 0.1   lpval= 94002.1   ub= 94044.0  
 ****** Pricing Level: HEAVY HEUR ****** 
it= 5   ncol= 1436  ncstr= 604  mt= 0.0   spt= 0.3   lpval= 94002.1   ub= 94044.0  
-----------------------------------------------------------------------------------------
elapsed time= 84.24 s.
-----------------------------------------------------------------------------------------
candidate= 233-246 : -
-----------------------------------------------------------------------------------------
-----------------------------------------------------------------------------------------
 ****** Pricing Level: LIGHT HEUR ****** 
it= 7   ncol= 1424  ncstr= 604  mt= 0.4   spt= 0.2   lpval= 94004.4   ub= 94044.0  
 ****** Pricing Level: HEAVY HEUR ****** 
it= 3   ncol= 1452  ncstr= 604  mt= 0.1   spt= 0.2   lpval= 94003.1   ub= 94044.0  
-----------------------------------------------------------------------------------------
elapsed time= 85.61 s.
-----------------------------------------------------------------------------------------
candidate= 34-70 : -
-----------------------------------------------------------------------------------------
-----------------------------------------------------------------------------------------
 ****** Pricing Level: LIGHT HEUR ****** 
it= 5   ncol= 1369  ncstr= 604  mt= 0.2   spt= 0.1   lpval= 94000.8   ub= 94044.0  
 ****** Pricing Level: HEAVY HEUR ****** 
it= 5   ncol= 1415  ncstr= 604  mt= 0.0   spt= 0.3   lpval= 94000.7   ub= 94044.0  
-----------------------------------------------------------------------------------------
elapsed time= 86.79 s.
-----------------------------------------------------------------------------------------
candidate= 34-70 : +
-----------------------------------------------------------------------------------------
-----------------------------------------------------------------------------------------
 ****** Pricing Level: LIGHT HEUR ****** 
it= 6   ncol= 1439  ncstr= 604  mt= 0.4   spt= 0.1   lpval= 94006.9   ub= 94044.0  
 ****** Pricing Level: HEAVY HEUR ****** 
it= 5   ncol= 1502  ncstr= 604  mt= 0.1   spt= 0.3   lpval= 94006.3   ub= 94044.0  
-----------------------------------------------------------------------------------------
elapsed time= 88.30 s.
-----------------------------------------------------------------------------------------
candidate= 0-121 : -
-----------------------------------------------------------------------------------------
-----------------------------------------------------------------------------------------
 ****** Pricing Level: LIGHT HEUR ****** 
it= 5   ncol= 1385  ncstr= 604  mt= 0.2   spt= 0.1   lpval= 94010.4   ub= 94044.0  
 ****** Pricing Level: HEAVY HEUR ****** 
it= 4   ncol= 1451  ncstr= 604  mt= 0.1   spt= 0.2   lpval= 94010.3   ub= 94044.0  
-----------------------------------------------------------------------------------------
elapsed time= 89.37 s.
-----------------------------------------------------------------------------------------
candidate= 0-121 : +
-----------------------------------------------------------------------------------------
-----------------------------------------------------------------------------------------
 ****** Pricing Level: LIGHT HEUR ****** 
it= 5   ncol= 1383  ncstr= 604  mt= 0.3   spt= 0.1   lpval= 94003.2   ub= 94044.0  
 ****** Pricing Level: HEAVY HEUR ****** 
it= 4   ncol= 1417  ncstr= 604  mt= 0.0   spt= 0.2   lpval= 94003.1   ub= 94044.0  
-----------------------------------------------------------------------------------------
elapsed time= 90.50 s.
-----------------------------------------------------------------------------------------
candidate= 233-263 : +
-----------------------------------------------------------------------------------------
-----------------------------------------------------------------------------------------
 ****** Pricing Level: LIGHT HEUR ****** 
it= 6   ncol= 1408  ncstr= 604  mt= 0.4   spt= 0.1   lpval= 94004.5   ub= 94044.0  
 ****** Pricing Level: HEAVY HEUR ****** 
it= 4   ncol= 1447  ncstr= 604  mt= 0.1   spt= 0.2   lpval= 94003.1   ub= 94044.0  
-----------------------------------------------------------------------------------------
elapsed time= 91.90 s.
-----------------------------------------------------------------------------------------
brc= 0-121
t= 0.149094 c= 54.8451 n= 0 if_b4= 1
t= 1.27184 c= 65.3031 n= 0 if_b4= 1
nodes already exists
memory usage= 5GB.
#########################################################################################
tree size= 0 lb= 93998.7 ub= 94044
#########################################################################################
idx= 2 value= 93998.7 enu= 0
brc= 50-103 : -
brc= 76-103 : -
brc= 49-105 : -
brc= 70-133 : -
brc= 74-217 : +
brc= 250-278 : -
brc= 56-164 : +
brc= 7-54 : -
brc= 33-228 : +
brc= 100-119 : -
brc= 270-279 : -
brc= 126-152 : -
brc= 9-51 : -
brc= 3-269 : +
brc= 0-121 : -
-----------------------------------------------------------------------------------------
 ****** Pricing Level: LIGHT HEUR ****** 
it= 5   ncol= 1385  ncstr= 603  mt= 0.2   spt= 0.1   lpval= 94010.4   ub= 94044.0  
 ****** Pricing Level: HEAVY HEUR ****** 
it= 6   ncol= 1449  ncstr= 603  mt= 0.1   spt= 0.4   lpval= 94010.3   ub= 94044.0  
 ****** Pricing Level: EXACT ****** 
it= 5   ncol= 1543  ncstr= 603  mt= 0.1   spt= 5.2   lpval= 94009.4   ub= 94044.0  
-----------------------------------------------------------------------------------------
elapsed time= 99.42 s.
-----------------------------------------------------------------------------------------
-----------------------------------------------------------------------------------------
 ****** Run Arc Elimination ****** 
arc elimination time= 2.44 s.
previous= 66.7468% maximum= 1.91444%
eliminate bucket arcs time= 0.43 s.
obtain jump arcs time= 0.01 s.
-----------------------------------------------------------------------------------------
-----------------------------------------------------------------------------------------
elapsed time= 102.33 s.
-----------------------------------------------------------------------------------------
-----------------------------------------------------------------------------------------
 ****** Try Enumeration ****** 
#labels= 115247 #routes= 1
labeling 1 time= 1.25 s.
concatenate time= 2.22 s.
#routes= 120465
average gap of successful enumeration= 0.000357724
next try value > 93990.7
-----------------------------------------------------------------------------------------
elapsed time= 105.88 s.
-----------------------------------------------------------------------------------------
 ****** Process Enumeration Matrix ****** 
delete non-ele routes lp val= 94009.7
recover rank1c lp val= 94009.7
recover rcc lp val= 94010.6
obtain rcc coefficient time= 0.03 s.
obtain r1c coefficient time= 0.19 s.
obtain matrix from triplets time= 0.19 s.
delete columns by branch time= 0.00 s.
columns pending deletion= 186 remain= 120465 col ratio= 0.998456 row ratio= 1
regenerate enumeration matrix time= 0.00 s.
-----------------------------------------------------------------------------------------
elapsed time= 107.67 s.
-----------------------------------------------------------------------------------------
it= 3   ncol= 1414  ncstr= 560  mt= 0.0   spt= 0.0   lpval= 94010.6   ub= 94044.0  
-----------------------------------------------------------------------------------------
elapsed time= 107.72 s.
-----------------------------------------------------------------------------------------
columns pending deletion= 34989 remain= 120465 col ratio= 0.70955 row ratio= 0.9125
 ****** Separate RCCs ****** 
 ****** Separate Rank1Cuts ****** 
it= 3   ncol= 1363  ncstr= 628  mt= 0.0   spt= 0.0   lpval= 94013.3   ub= 94044.0  
-----------------------------------------------------------------------------------------
elapsed time= 108.43 s.
-----------------------------------------------------------------------------------------
delete columns= 57943 remain= 62522
 ****** Separate RCCs ****** 
 ****** Separate Rank1Cuts ****** 
it= 2   ncol= 1375  ncstr= 609  mt= 0.0   spt= 0.0   lpval= 94015.1   ub= 94044.0  
-----------------------------------------------------------------------------------------
elapsed time= 109.56 s.
-----------------------------------------------------------------------------------------
columns pending deletion= 13997 remain= 62522 col ratio= 0.776127 row ratio= 0.8867
 ****** Separate Rank1Cuts ****** 
it= 2   ncol= 1359  ncstr= 653  mt= 0.0   spt= 0.0   lpval= 94015.6   ub= 94044.0  
-----------------------------------------------------------------------------------------
elapsed time= 110.17 s.
-----------------------------------------------------------------------------------------
delete columns= 19264 remain= 43258
[1;36m[REMIND] 2: gap improved= 0.460062 ratio= 0.016193 threshold= 0.040000 in function increaseCondition2 at /blue/yu.yang1/you.z/route_opt/packages/application/X-n313-k71/src/main/src/call_cutting.cpp:74[0m
 ****** Separate RCCs ****** 
 ****** Separate Rank1Cuts ****** 
it= 3   ncol= 1370  ncstr= 583  mt= 0.0   spt= 0.0   lpval= 94015.7   ub= 94044.0  
-----------------------------------------------------------------------------------------
elapsed time= 111.05 s.
-----------------------------------------------------------------------------------------
columns pending deletion= 2290 remain= 43258 col ratio= 0.947062 row ratio= 0.943396
current_r_best= 12.2556
pseudo= 50 frac= 50
#candidates in phase1= 37
testing lp time= 11.12 s.
-----------------------------------------------------------------------------------------
 56-141 ,  73.46| 221-279 ,  70.87| 142-152 ,  66.66|   0-234 ,  57.22|  30-276 ,  54.55| 
132-155 ,  44.78| 203-225 ,  42.59|  71-203 ,  42.59|  90-302 ,  42.20|  13-65  ,  41.91| 
  2-79  ,  41.74|  22-54  ,  38.59| 109-138 ,  36.91|  54-161 ,  35.09|  86-243 ,  33.15| 
 24-189 ,  32.98| 112-165 ,  24.42| 167-232 ,  22.17| 224-289 ,  20.38|  29-131 ,  19.29| 
234-312 ,  17.81|  59-76  ,  17.16|  12-76  ,  17.16|   0-134 ,  15.22|  57-64  ,  15.16| 
  0-214 ,  15.15| 181-305 ,  14.92|  67-251 ,  12.54| 135-291 ,  11.32| 106-128 ,  10.56| 
 71-109 ,   9.18|   9-28  ,   5.11|  28-128 ,   4.26|  42-196 ,   2.73|   5-10  ,   2.57| 
  0-228 ,   0.73|  89-228 ,   0.73| 
-----------------------------------------------------------------------------------------
edge= 142 152 lp= 0.928624 pre= 2 lp2= 71.7856 pre2= 2 score= 66.6618
-----------------------------------------------------------------------------------------
edge= 221 279 lp= 7.93541 pre= 2 lp2= 8.93028 pre2= 2 score= 70.8654
-----------------------------------------------------------------------------------------
edge= 56 141 lp= 3.66133 pre= 2 lp2= 20.0632 pre2= 2 score= 73.4581
-----------------------------------------------------------------------------------------
candidate= 56-141 : -
-----------------------------------------------------------------------------------------
it= 4   ncol= 1451  ncstr= 584  mt= 0.3   spt= 0.0   lpval= 94017.8   ub= 94044.0  
-----------------------------------------------------------------------------------------
elapsed time= 122.50 s.
-----------------------------------------------------------------------------------------
candidate= 221-279 : -
-----------------------------------------------------------------------------------------
it= 4   ncol= 1440  ncstr= 584  mt= 0.3   spt= 0.0   lpval= 94018.8   ub= 94044.0  
-----------------------------------------------------------------------------------------
elapsed time= 122.81 s.
-----------------------------------------------------------------------------------------
candidate= 142-152 : -
-----------------------------------------------------------------------------------------
it= 3   ncol= 1386  ncstr= 584  mt= 0.2   spt= 0.0   lpval= 94016.6   ub= 94044.0  
-----------------------------------------------------------------------------------------
elapsed time= 123.05 s.
-----------------------------------------------------------------------------------------
candidate= 142-152 : +
-----------------------------------------------------------------------------------------
it= 6   ncol= 1494  ncstr= 584  mt= 0.3   spt= 0.0   lpval= 94046.3   ub= 94044.0  
-----------------------------------------------------------------------------------------
elapsed time= 123.42 s.
-----------------------------------------------------------------------------------------
candidate= 56-141 : +
-----------------------------------------------------------------------------------------
it= 5   ncol= 1454  ncstr= 584  mt= 0.3   spt= 0.0   lpval= 94030.9   ub= 94044.0  
-----------------------------------------------------------------------------------------
elapsed time= 123.71 s.
-----------------------------------------------------------------------------------------
brc= 56-141
t= 0.150327 c= 19.2534 n= 0 if_b4= 0
t= 0.30585 c= 24.0508 n= 0 if_b4= 0
#########################################################################################
tree size= 1 lb= 94015.7 ub= 94044
#########################################################################################
idx= 3 value= 94015.7 enu= 1
brc= 50-103 : -
brc= 76-103 : -
brc= 49-105 : -
brc= 70-133 : -
brc= 74-217 : +
brc= 250-278 : -
brc= 56-164 : +
brc= 7-54 : -
brc= 33-228 : +
brc= 100-119 : -
brc= 270-279 : -
brc= 126-152 : -
brc= 9-51 : -
brc= 3-269 : +
brc= 0-121 : -
brc= 56-141 : +
it= 5   ncol= 1469  ncstr= 583  mt= 0.3   spt= 0.0   lpval= 94030.9   ub= 94044.0  
-----------------------------------------------------------------------------------------
elapsed time= 124.83 s.
-----------------------------------------------------------------------------------------
delete columns= 37376 remain= 3497
 ****** Separate RCCs ****** 
 ****** Separate Rank1Cuts ****** 
it= 5   ncol= 1337  ncstr= 573  mt= 0.1   spt= 0.0   lpval= 94041.8   ub= 94044.0  
-----------------------------------------------------------------------------------------
elapsed time= 125.49 s.
-----------------------------------------------------------------------------------------
delete columns= 2998 remain= 499
mip: row= 477 col= 1118 density= 2.79344%
mip time= 0.04 s.
mip status= 3
update f from 0 to 2.2433
#########################################################################################
tree size= 0 lb= 94015.7 ub= 94044
#########################################################################################
idx= 4 value= 94015.7 enu= 1
brc= 50-103 : -
brc= 76-103 : -
brc= 49-105 : -
brc= 70-133 : -
brc= 74-217 : +
brc= 250-278 : -
brc= 56-164 : +
brc= 7-54 : -
brc= 33-228 : +
brc= 100-119 : -
brc= 270-279 : -
brc= 126-152 : -
brc= 9-51 : -
brc= 3-269 : +
brc= 0-121 : -
brc= 56-141 : -
it= 4   ncol= 1429  ncstr= 583  mt= 0.1   spt= 0.0   lpval= 94017.8   ub= 94044.0  
-----------------------------------------------------------------------------------------
elapsed time= 125.74 s.
-----------------------------------------------------------------------------------------
columns pending deletion= 9865 remain= 40967 col ratio= 0.759196 row ratio= 0.90566
 ****** Separate RCCs ****** 
 ****** Separate Rank1Cuts ****** 
it= 3   ncol= 1439  ncstr= 668  mt= 0.0   spt= 0.0   lpval= 94019.4   ub= 94044.0  
-----------------------------------------------------------------------------------------
elapsed time= 126.33 s.
-----------------------------------------------------------------------------------------
delete columns= 15262 remain= 25705
 ****** Separate RCCs ****** 
 ****** Separate Rank1Cuts ****** 
it= 2   ncol= 1438  ncstr= 653  mt= 0.0   spt= 0.0   lpval= 94019.5   ub= 94044.0  
-----------------------------------------------------------------------------------------
elapsed time= 127.23 s.
-----------------------------------------------------------------------------------------
columns pending deletion= 1291 remain= 25705 col ratio= 0.949776 row ratio= 0.852986
[1;36m[REMIND] 2: gap improved= 0.117058 ratio= 0.004784 threshold= 0.040000 in function increaseCondition2 at /blue/yu.yang1/you.z/route_opt/packages/application/X-n313-k71/src/main/src/call_cutting.cpp:74[0m
 ****** Separate Rank1Cuts ****** 
it= 3   ncol= 1441  ncstr= 685  mt= 0.0   spt= 0.0   lpval= 94019.8   ub= 94044.0  
-----------------------------------------------------------------------------------------
elapsed time= 127.84 s.
-----------------------------------------------------------------------------------------
columns pending deletion= 2846 remain= 25705 col ratio= 0.889282 row ratio= 0.826277
[1;36m[REMIND] 2: gap improved= 0.241340 ratio= 0.009962 threshold= 0.040000 in function increaseCondition2 at /blue/yu.yang1/you.z/route_opt/packages/application/X-n313-k71/src/main/src/call_cutting.cpp:74[0m
 ****** Separate RCCs ****** 
 ****** Separate Rank1Cuts ****** 
it= 3   ncol= 1445  ncstr= 709  mt= 0.0   spt= 0.0   lpval= 94019.9   ub= 94044.0  
-----------------------------------------------------------------------------------------
elapsed time= 128.27 s.
-----------------------------------------------------------------------------------------
columns pending deletion= 3693 remain= 25705 col ratio= 0.856331 row ratio= 0.812412
current_r_best= 3.05916
alpha= 0.37 beta= 7.15628 omega= 128.076 k1= 16
lb_k= 1 ub_k= 37
revise: lb_k= 12 ub_k= 21
opt_k= 17
alpha= 0.75 beta= 7.15628 omega= 78.636 k1= 3
lb_k= 1 ub_k= 3
revise: lb_k= 1 ub_k= 3
opt_k= 3
pseudo= 50 frac= 50
#candidates in phase1= 17
testing lp time= 8.24 s.
-----------------------------------------------------------------------------------------
164-260 , 208.84|  56-93  , 208.84|  33-95  , 144.65|   0-234 , 132.08| 122-281 , 115.44| 
 74-252 ,  90.80|  30-276 ,  57.39|  13-65  ,  51.78|   2-147 ,  36.11| 131-257 ,  36.11| 
 59-76  ,  25.20|  71-203 ,   8.73| 203-225 ,   8.73| 109-138 ,   8.73|  71-109 ,   8.07| 
 30-202 ,   2.31|   4-137 ,   1.98| 
-----------------------------------------------------------------------------------------
edge= 33 95 lp= 27.0409 pre= 2 lp2= 5.34949 pre2= 2 score= 144.655
-----------------------------------------------------------------------------------------
edge= 56 93 lp= 3.80536 pre= 2 lp2= 54.8807 pre2= 2 score= 208.841
-----------------------------------------------------------------------------------------
edge= 164 260 lp= 3.80536 pre= 2 lp2= 54.8807 pre2= 2 score= 208.841
-----------------------------------------------------------------------------------------
candidate= 56-93 : -
-----------------------------------------------------------------------------------------
it= 3   ncol= 1475  ncstr= 710  mt= 0.4   spt= 0.0   lpval= 94023.6   ub= 94044.0  
-----------------------------------------------------------------------------------------
elapsed time= 136.89 s.
-----------------------------------------------------------------------------------------
candidate= 164-260 : -
-----------------------------------------------------------------------------------------
it= 4   ncol= 1486  ncstr= 710  mt= 0.4   spt= 0.0   lpval= 94022.7   ub= 94044.0  
-----------------------------------------------------------------------------------------
elapsed time= 137.30 s.
-----------------------------------------------------------------------------------------
candidate= 56-93 : +
-----------------------------------------------------------------------------------------
it= 4   ncol= 1531  ncstr= 710  mt= 0.5   spt= 0.0   lpval= 94047.3   ub= 94044.0  
-----------------------------------------------------------------------------------------
elapsed time= 137.81 s.
-----------------------------------------------------------------------------------------
candidate= 164-260 : +
-----------------------------------------------------------------------------------------
it= 5   ncol= 1535  ncstr= 710  mt= 0.5   spt= 0.0   lpval= 94053.8   ub= 94044.0  
-----------------------------------------------------------------------------------------
elapsed time= 138.30 s.
-----------------------------------------------------------------------------------------
candidate= 33-95 : -
-----------------------------------------------------------------------------------------
it= 4   ncol= 1500  ncstr= 710  mt= 0.4   spt= 0.0   lpval= 94039.3   ub= 94044.0  
-----------------------------------------------------------------------------------------
elapsed time= 138.74 s.
-----------------------------------------------------------------------------------------
candidate= 33-95 : +
-----------------------------------------------------------------------------------------
it= 5   ncol= 1505  ncstr= 710  mt= 0.4   spt= 0.0   lpval= 94023.4   ub= 94044.0  
-----------------------------------------------------------------------------------------
elapsed time= 139.20 s.
-----------------------------------------------------------------------------------------
brc= 56-93
t= 0.19639 c= 11.6225 n= 1 if_b4= 0
t= 0.376192 c= 15.4123 n= 1 if_b4= 0
#########################################################################################
tree size= 1 lb= 94019.9 ub= 94044
#########################################################################################
idx= 5 value= 94019.9 enu= 1
brc= 50-103 : -
brc= 76-103 : -
brc= 49-105 : -
brc= 70-133 : -
brc= 74-217 : +
brc= 250-278 : -
brc= 56-164 : +
brc= 7-54 : -
brc= 33-228 : +
brc= 100-119 : -
brc= 270-279 : -
brc= 126-152 : -
brc= 9-51 : -
brc= 3-269 : +
brc= 0-121 : -
brc= 56-141 : -
brc= 56-93 : +
it= 4   ncol= 1520  ncstr= 709  mt= 0.4   spt= 0.0   lpval= 94047.3   ub= 94044.0  
-----------------------------------------------------------------------------------------
elapsed time= 140.65 s.
-----------------------------------------------------------------------------------------
#########################################################################################
tree size= 0 lb= 94019.9 ub= 94044
#########################################################################################
idx= 6 value= 94019.9 enu= 1
brc= 50-103 : -
brc= 76-103 : -
brc= 49-105 : -
brc= 70-133 : -
brc= 74-217 : +
brc= 250-278 : -
brc= 56-164 : +
brc= 7-54 : -
brc= 33-228 : +
brc= 100-119 : -
brc= 270-279 : -
brc= 126-152 : -
brc= 9-51 : -
brc= 3-269 : +
brc= 0-121 : -
brc= 56-141 : -
brc= 56-93 : -
it= 3   ncol= 1471  ncstr= 709  mt= 0.0   spt= 0.0   lpval= 94023.6   ub= 94044.0  
-----------------------------------------------------------------------------------------
elapsed time= 140.71 s.
-----------------------------------------------------------------------------------------
delete columns= 9555 remain= 12454
 ****** Separate RCCs ****** 
 ****** Separate Rank1Cuts ****** 
it= 3   ncol= 1465  ncstr= 594  mt= 0.0   spt= 0.0   lpval= 94024.9   ub= 94044.0  
-----------------------------------------------------------------------------------------
elapsed time= 141.71 s.
-----------------------------------------------------------------------------------------
columns pending deletion= 3382 remain= 12454 col ratio= 0.728441 row ratio= 0.880471
mip: row= 523 col= 10508 density= 3.78624%
mip time= 5.70 s.
mip status= 6
update f from 2.2433 to 19.0835
#########################################################################################
[32m<Instance: X-n313-k71>
<Solution>
<UB= 94044>
<LB= 94044>
<Elapsed Time= 147.4>
<Nodes Explored= 6>
<Global Gap= 0%>[0m
#########################################################################################
File nodes/X-n313-k71_4_1_1_4_G32.node deleted successfully.
