application type: CVRP
X-n313-k71_1_1_6_1_G32.node
Set parameter ServerTimeout to value 600
Set parameter TokenServer to value "grb-ts.ufhpc"
Set parameter Threads to value 1
instance name= X-n313-k71
#########################################################################################
tree size= 0 lb= 0 ub= 94044
#########################################################################################
idx= 3 value= 93969.2 enu= 0
brc= 50-103 : -
brc= 76-103 : +
brc= 57-64 : -
brc= 62-68 : +
brc= 164-295 : -
brc= 263-306 : -
brc= 57-130 : -
brc= 71-109 : -
brc= 39-203 : -
brc= 203-263 : -
brc= 250-278 : +
brc= 4-64 : -
brc= 70-133 : +
-----------------------------------------------------------------------------------------
 ****** Pricing Level: LIGHT HEUR ****** 
it= 10  ncol= 1198  ncstr= 622  mt= 0.2   spt= 0.3   lpval= 93974.9   ub= 94044.0  
 ****** Pricing Level: HEAVY HEUR ****** 
it= 8   ncol= 1316  ncstr= 622  mt= 0.1   spt= 0.7   lpval= 93973.9   ub= 94044.0  
 ****** Pricing Level: EXACT ****** 
it= 4   ncol= 1452  ncstr= 622  mt= 0.1   spt= 5.4   lpval= 93972.4   ub= 94044.0  
-----------------------------------------------------------------------------------------
elapsed time= 10.73 s.
-----------------------------------------------------------------------------------------
-----------------------------------------------------------------------------------------
 ****** Run Arc Elimination ****** 
arc elimination time= 12.13 s.
previous= 92.662% maximum= 4.29513%
eliminate bucket arcs time= 0.76 s.
obtain jump arcs time= 0.01 s.
-----------------------------------------------------------------------------------------
-----------------------------------------------------------------------------------------
elapsed time= 23.96 s.
-----------------------------------------------------------------------------------------
 ****** Separate RCCs ****** 
 ****** Separate Rank1Cuts ****** 
-----------------------------------------------------------------------------------------
 ****** Pricing Level: LIGHT HEUR ****** 
it= 4   ncol= 1511  ncstr= 669  mt= 0.2   spt= 0.2   lpval= 93974.7   ub= 94044.0  
 ****** Pricing Level: HEAVY HEUR ****** 
it= 3   ncol= 1536  ncstr= 669  mt= 0.0   spt= 0.2   lpval= 93974.7   ub= 94044.0  
 ****** Pricing Level: EXACT ****** 
it= 2   ncol= 1548  ncstr= 669  mt= 0.0   spt= 2.7   lpval= 93974.7   ub= 94044.0  
-----------------------------------------------------------------------------------------
elapsed time= 28.55 s.
-----------------------------------------------------------------------------------------
[1;36m[REMIND] 2: gap improved= 2.317043 ratio= 0.033447 threshold= 0.040000 in function increaseCondition2 at /blue/yu.yang1/you.z/route_opt/packages/application/X-n313-k71/src/main/src/call_cutting.cpp:74[0m
 ****** Separate RCCs ****** 
 ****** Separate Rank1Cuts ****** 
-----------------------------------------------------------------------------------------
 ****** Pricing Level: LIGHT HEUR ****** 
it= 6   ncol= 1637  ncstr= 711  mt= 0.4   spt= 0.2   lpval= 93976.8   ub= 94044.0  
 ****** Pricing Level: HEAVY HEUR ****** 
it= 4   ncol= 1688  ncstr= 711  mt= 0.0   spt= 0.3   lpval= 93976.7   ub= 94044.0  
 ****** Pricing Level: EXACT ****** 
it= 4   ncol= 1761  ncstr= 711  mt= 0.1   spt= 4.8   lpval= 93976.7   ub= 94044.0  
-----------------------------------------------------------------------------------------
elapsed time= 36.59 s.
-----------------------------------------------------------------------------------------
[1;36m[REMIND] 2: gap improved= 1.982725 ratio= 0.029464 threshold= 0.040000 in function increaseCondition2 at /blue/yu.yang1/you.z/route_opt/packages/application/X-n313-k71/src/main/src/call_cutting.cpp:74[0m
 ****** Separate RCCs ****** 
 ****** Separate Rank1Cuts ****** 
-----------------------------------------------------------------------------------------
 ****** Pricing Level: LIGHT HEUR ****** 
it= 6   ncol= 1874  ncstr= 706  mt= 0.4   spt= 0.2   lpval= 93978.6   ub= 94044.0  
 ****** Pricing Level: HEAVY HEUR ****** 
it= 7   ncol= 1979  ncstr= 706  mt= 0.1   spt= 0.6   lpval= 93978.5   ub= 94044.0  
 ****** Pricing Level: EXACT ****** 
it= 4   ncol= 2060  ncstr= 706  mt= 0.1   spt= 6.2   lpval= 93978.5   ub= 94044.0  
-----------------------------------------------------------------------------------------
elapsed time= 46.03 s.
-----------------------------------------------------------------------------------------
[1;36m[REMIND] 2: gap improved= 1.800800 ratio= 0.027496 threshold= 0.040000 in function increaseCondition2 at /blue/yu.yang1/you.z/route_opt/packages/application/X-n313-k71/src/main/src/call_cutting.cpp:74[0m
[1;36m[REMIND] tail off counter= 3 threshold= 3 in function setIfTailOff at /blue/yu.yang1/you.z/route_opt/packages/application/X-n313-k71/src/main/src/call_cutting.cpp:150[0m
[1;36m[REMIND] opt_k not found for node 3, use m directly in function getOptK at /blue/yu.yang1/you.z/route_opt/packages/branching/bkf/include/bkf_controller.hpp:239[0m
current_r_best= 6.77227
we directly test 100
we directly test 4
pseudo= 50 frac= 50
#candidates in phase1= 100
testing lp time= 28.37 s.
-----------------------------------------------------------------------------------------
 62-182 , 244.80|  59-68  , 244.80|  74-217 ,  81.43| 188-197 ,  57.32|  92-263 ,  57.32| 
243-267 ,  56.81|   0-303 ,  55.10| 254-263 ,  51.52| 200-220 ,  50.15| 181-220 ,  50.15| 
233-246 ,  49.03|   0-74  ,  48.74| 303-311 ,  38.31| 107-287 ,  33.04|  86-267 ,  33.04| 
  0-220 ,  31.46|  33-56  ,  31.32| 233-263 ,  31.01| 162-189 ,  30.96|   0-292 ,  29.42| 
162-208 ,  28.24|   0-234 ,  27.97|   3-269 ,  27.36|   0-145 ,  27.06| 116-145 ,  27.06| 
  0-59  ,  24.42| 264-297 ,  22.13|  74-252 ,  21.33|   0-17  ,  20.39| 201-302 ,  19.88| 
 61-201 ,  19.88|   0-134 ,  17.69|  12-134 ,  17.69|  75-248 ,  17.52|  74-248 ,  17.52| 
 59-292 ,  16.51|   0-162 ,  16.21| 131-281 ,  15.67| 100-119 ,  15.29|  49-105 ,  14.05| 
 18-118 ,  13.67|  12-76  ,  12.58|   0-76  ,  12.58| 137-150 ,  12.52| 163-180 ,  12.22| 
183-192 ,  12.11| 136-143 ,  11.21| 223-227 ,  11.16|   0-127 ,  10.99| 161-258 ,   9.26| 
 13-104 ,   9.11|   0-201 ,   8.81|  29-131 ,   8.28| 218-302 ,   8.09| 183-307 ,   7.63| 
177-251 ,   7.57| 177-179 ,   7.49|   0-2   ,   7.06|  29-218 ,   7.02|  13-65  ,   6.82| 
  0-218 ,   6.81|   0-174 ,   6.60|  21-191 ,   6.58|   0-85  ,   6.42|  18-301 ,   6.13| 
149-180 ,   5.69|  64-130 ,   5.66| 166-179 ,   5.66| 127-145 ,   5.66|  23-127 ,   5.38| 
  0-173 ,   4.84| 199-210 ,   4.73|  57-174 ,   4.64| 166-177 ,   4.48|   9-51  ,   4.25| 
  0-64  ,   4.09| 216-272 ,   4.01| 219-273 ,   3.74| 254-308 ,   3.68|  94-135 ,   3.64| 
 42-52  ,   3.44|   0-57  ,   3.08|  81-183 ,   3.00|   0-235 ,   2.91|  89-202 ,   2.49| 
  0-166 ,   2.42|  66-135 ,   2.36|   2-30  ,   2.33|   2-130 ,   2.21|   0-256 ,   1.65| 
  0-26  ,   1.27| 166-222 ,   1.16|  61-301 ,   0.82|  61-108 ,   0.67|  79-130 ,   0.32| 
106-128 ,   0.32|   0-6   ,   0.14|   0-308 ,   0.07|   0-210 ,   0.06|  73-308 ,   0.00| 
-----------------------------------------------------------------------------------------
edge= 188 197 lp= 1.62336 pre= 2 lp2= 35.311 pre2= 2 score= 57.3225
-----------------------------------------------------------------------------------------
edge= 74 217 lp= 13.9972 pre= 2 lp2= 5.81739 pre2= 2 score= 81.4271
-----------------------------------------------------------------------------------------
edge= 59 68 lp= 23.8975 pre= 1 lp2= 10.2439 pre2= 0 score= 244.803
-----------------------------------------------------------------------------------------
edge= 62 182 lp= 23.8975 pre= 2 lp2= 10.2439 pre2= 2 score= 244.803
-----------------------------------------------------------------------------------------
brc= 59-68
t= 0.141871 c= 43.3734 n= 0 if_b4= 1
t= 0 c= 57.5605 n= 0 if_b4= 1
nodes already exists
memory usage= 4GB.
#########################################################################################
tree size= 0 lb= 93978.5 ub= 94044
#########################################################################################
idx= 2 value= 93978.5 enu= 0
brc= 50-103 : -
brc= 76-103 : +
brc= 57-64 : -
brc= 62-68 : +
brc= 164-295 : -
brc= 263-306 : -
brc= 57-130 : -
brc= 71-109 : -
brc= 39-203 : -
brc= 203-263 : -
brc= 250-278 : +
brc= 4-64 : -
brc= 70-133 : +
brc= 59-68 : -
-----------------------------------------------------------------------------------------
 ****** Pricing Level: LIGHT HEUR ****** 
it= 4   ncol= 1442  ncstr= 594  mt= 0.3   spt= 0.1   lpval= 93990.6   ub= 94044.0  
 ****** Pricing Level: HEAVY HEUR ****** 
it= 3   ncol= 1465  ncstr= 594  mt= 0.0   spt= 0.2   lpval= 93990.6   ub= 94044.0  
 ****** Pricing Level: EXACT ****** 
it= 3   ncol= 1495  ncstr= 594  mt= 0.0   spt= 4.2   lpval= 93990.6   ub= 94044.0  
-----------------------------------------------------------------------------------------
elapsed time= 80.59 s.
-----------------------------------------------------------------------------------------
-----------------------------------------------------------------------------------------
 ****** Run Arc Elimination ****** 
arc elimination time= 7.76 s.
previous= 73.0464% maximum= 3.13715%
eliminate bucket arcs time= 0.72 s.
obtain jump arcs time= 0.01 s.
-----------------------------------------------------------------------------------------
-----------------------------------------------------------------------------------------
elapsed time= 89.10 s.
-----------------------------------------------------------------------------------------
-----------------------------------------------------------------------------------------
 ****** Try Enumeration ****** 
max_val= 73949 stop_b= 10 max_idx= 7 num_label= 282485 max_label_in_enumeration= 500000 q= 22.4556 aq.size()= 21 left_bin= 3 left_labels= 217515
status= LABEL_FOR_LIMIT
#labels= 282485 #routes= 13
labeling 1 time= 9.16 s.
next try value > 93995.8
-----------------------------------------------------------------------------------------
elapsed time= 98.33 s.
-----------------------------------------------------------------------------------------
 ****** Separate RCCs ****** 
 ****** Separate Rank1Cuts ****** 
-----------------------------------------------------------------------------------------
 ****** Pricing Level: LIGHT HEUR ****** 
it= 8   ncol= 1551  ncstr= 689  mt= 0.3   spt= 0.2   lpval= 93993.8   ub= 94044.0  
 ****** Pricing Level: HEAVY HEUR ****** 
it= 7   ncol= 1646  ncstr= 689  mt= 0.1   spt= 0.5   lpval= 93993.7   ub= 94044.0  
 ****** Pricing Level: EXACT ****** 
it= 4   ncol= 1732  ncstr= 689  mt= 0.1   spt= 4.4   lpval= 93993.7   ub= 94044.0  
-----------------------------------------------------------------------------------------
elapsed time= 106.27 s.
-----------------------------------------------------------------------------------------
 ****** Separate RCCs ****** 
 ****** Separate Rank1Cuts ****** 
-----------------------------------------------------------------------------------------
 ****** Pricing Level: LIGHT HEUR ****** 
it= 3   ncol= 1737  ncstr= 685  mt= 0.3   spt= 0.1   lpval= 93995.6   ub= 94044.0  
 ****** Pricing Level: HEAVY HEUR ****** 
it= 3   ncol= 1759  ncstr= 685  mt= 0.0   spt= 0.2   lpval= 93995.6   ub= 94044.0  
 ****** Pricing Level: EXACT ****** 
it= 4   ncol= 1789  ncstr= 685  mt= 0.1   spt= 4.6   lpval= 93995.5   ub= 94044.0  
-----------------------------------------------------------------------------------------
elapsed time= 113.17 s.
-----------------------------------------------------------------------------------------
-----------------------------------------------------------------------------------------
 ****** Run Arc Elimination ****** 
arc elimination time= 6.14 s.
previous= 90.3279% maximum= 2.83372%
eliminate bucket arcs time= 0.56 s.
obtain jump arcs time= 0.01 s.
-----------------------------------------------------------------------------------------
-----------------------------------------------------------------------------------------
elapsed time= 119.91 s.
-----------------------------------------------------------------------------------------
-----------------------------------------------------------------------------------------
 ****** Try Enumeration ****** 
#labels= 363981 #routes= 6
labeling 1 time= 12.75 s.
concatenate time= 28.18 s.
#routes= 731511
average gap of successful enumeration= 0.000505121
next try value > 93991.7
-----------------------------------------------------------------------------------------
elapsed time= 161.05 s.
-----------------------------------------------------------------------------------------
 ****** Process Enumeration Matrix ****** 
delete non-ele routes lp val= 93995.5
recover rank1c lp val= 93995.8
recover rcc lp val= 93996.3
obtain rcc coefficient time= 0.12 s.
obtain r1c coefficient time= 1.75 s.
obtain matrix from triplets time= 2.52 s.
delete columns by branch time= 0.00 s.
columns pending deletion= 501 remain= 731511 col ratio= 0.999315 row ratio= 1
regenerate enumeration matrix time= 0.00 s.
-----------------------------------------------------------------------------------------
elapsed time= 168.12 s.
-----------------------------------------------------------------------------------------
it= 3   ncol= 1610  ncstr= 643  mt= 0.0   spt= 0.2   lpval= 93996.2   ub= 94044.0  
-----------------------------------------------------------------------------------------
elapsed time= 168.41 s.
-----------------------------------------------------------------------------------------
columns pending deletion= 164375 remain= 731511 col ratio= 0.775294 row ratio= 0.839813
 ****** Separate RCCs ****** 
 ****** Separate Rank1Cuts ****** 
it= 3   ncol= 1544  ncstr= 730  mt= 0.1   spt= 0.2   lpval= 93996.9   ub= 94044.0  
-----------------------------------------------------------------------------------------
elapsed time= 169.85 s.
-----------------------------------------------------------------------------------------
delete columns= 202229 remain= 529282
[1;36m[REMIND] 2: gap improved= 0.705232 ratio= 0.014978 threshold= 0.040000 in function increaseCondition2 at /blue/yu.yang1/you.z/route_opt/packages/application/X-n313-k71/src/main/src/call_cutting.cpp:74[0m
 ****** Separate RCCs ****** 
 ****** Separate Rank1Cuts ****** 
it= 2   ncol= 1555  ncstr= 699  mt= 0.0   spt= 0.1   lpval= 93997.3   ub= 94044.0  
-----------------------------------------------------------------------------------------
elapsed time= 173.50 s.
-----------------------------------------------------------------------------------------
columns pending deletion= 39288 remain= 529282 col ratio= 0.925771 row ratio= 0.795422
[1;36m[REMIND] 2: gap improved= 0.350121 ratio= 0.007492 threshold= 0.040000 in function increaseCondition2 at /blue/yu.yang1/you.z/route_opt/packages/application/X-n313-k71/src/main/src/call_cutting.cpp:74[0m
 ****** Separate Rank1Cuts ****** 
it= 2   ncol= 1554  ncstr= 774  mt= 0.0   spt= 0.1   lpval= 93997.4   ub= 94044.0  
-----------------------------------------------------------------------------------------
elapsed time= 174.89 s.
-----------------------------------------------------------------------------------------
columns pending deletion= 61284 remain= 529282 col ratio= 0.884213 row ratio= 0.745478
[1;36m[REMIND] 2: gap improved= 0.145578 ratio= 0.003125 threshold= 0.040000 in function increaseCondition2 at /blue/yu.yang1/you.z/route_opt/packages/application/X-n313-k71/src/main/src/call_cutting.cpp:74[0m
[1;36m[REMIND] tail off counter= 3 threshold= 3 in function setIfTailOff at /blue/yu.yang1/you.z/route_opt/packages/application/X-n313-k71/src/main/src/call_cutting.cpp:150[0m
current_r_best= 13.6615
pseudo= 50 frac= 50
#candidates in phase1= 37
testing lp time= 24.43 s.
-----------------------------------------------------------------------------------------
 59-62  , 279.93|  59-296 , 153.57|  68-296 , 131.09|  68-182 , 130.95| 188-197 , 129.66| 
 86-143 , 118.57|  59-286 , 112.64|  59-292 , 110.79| 254-263 ,  94.46| 243-267 ,  76.24| 
 30-79  ,  61.67|   0-292 ,  57.37| 182-292 ,  47.37| 107-125 ,  45.58|  27-59  ,  44.70| 
 18-301 ,  42.78|   0-59  ,  39.26|  68-292 ,  36.39| 208-217 ,  31.81|  61-201 ,  31.77| 
130-302 ,  31.77|  74-252 ,  26.18| 117-237 ,  22.76|   0-201 ,  22.31|   0-218 ,  19.70| 
108-218 ,  19.51| 264-297 ,  17.38| 218-302 ,  16.81| 196-235 ,  14.72| 131-281 ,  13.46| 
131-147 ,  12.93|   0-33  ,  11.56|  29-131 ,   9.90|  41-223 ,   8.40|  52-235 ,   4.57| 
  4-89  ,   2.78|  21-143 ,   2.19| 
-----------------------------------------------------------------------------------------
edge= 68 296 lp= 4.1595 pre= 2 lp2= 31.5154 pre2= 2 score= 131.088
-----------------------------------------------------------------------------------------
edge= 59 296 lp= 4.29058 pre= 2 lp2= 35.7929 pre2= 2 score= 153.572
-----------------------------------------------------------------------------------------
edge= 59 62 lp= 9.95644 pre= 2 lp2= 28.1158 pre2= 2 score= 279.934
-----------------------------------------------------------------------------------------
candidate= 59-62 : -
-----------------------------------------------------------------------------------------
it= 4   ncol= 1623  ncstr= 775  mt= 0.5   spt= 0.2   lpval= 94004.9   ub= 94044.0  
-----------------------------------------------------------------------------------------
elapsed time= 200.12 s.
-----------------------------------------------------------------------------------------
candidate= 59-62 : +
-----------------------------------------------------------------------------------------
it= 5   ncol= 1625  ncstr= 775  mt= 0.5   spt= 0.3   lpval= 94017.5   ub= 94044.0  
-----------------------------------------------------------------------------------------
elapsed time= 200.99 s.
-----------------------------------------------------------------------------------------
candidate= 59-296 : -
-----------------------------------------------------------------------------------------
it= 3   ncol= 1590  ncstr= 775  mt= 0.7   spt= 0.2   lpval= 93999.7   ub= 94044.0  
-----------------------------------------------------------------------------------------
elapsed time= 201.85 s.
-----------------------------------------------------------------------------------------
brc= 59-62
t= 0.330095 c= 100.939 n= 0 if_b4= 0
t= 0.844529 c= 111.886 n= 0 if_b4= 0
#########################################################################################
tree size= 1 lb= 93997.4 ub= 94044
#########################################################################################
idx= 3 value= 93997.4 enu= 1
brc= 50-103 : -
brc= 76-103 : +
brc= 57-64 : -
brc= 62-68 : +
brc= 164-295 : -
brc= 263-306 : -
brc= 57-130 : -
brc= 71-109 : -
brc= 39-203 : -
brc= 203-263 : -
brc= 250-278 : +
brc= 4-64 : -
brc= 70-133 : +
brc= 59-68 : -
brc= 59-62 : +
it= 4   ncol= 1604  ncstr= 774  mt= 0.6   spt= 0.2   lpval= 94017.5   ub= 94044.0  
-----------------------------------------------------------------------------------------
elapsed time= 208.72 s.
-----------------------------------------------------------------------------------------
delete columns= 430553 remain= 37372
 ****** Separate RCCs ****** 
 ****** Separate Rank1Cuts ****** 
it= 3   ncol= 1525  ncstr= 593  mt= 0.1   spt= 0.0   lpval= 94021.2   ub= 94044.0  
-----------------------------------------------------------------------------------------
elapsed time= 209.90 s.
-----------------------------------------------------------------------------------------
delete columns= 15619 remain= 21753
 ****** Separate RCCs ****** 
 ****** Separate Rank1Cuts ****** 
it= 4   ncol= 1484  ncstr= 606  mt= 0.1   spt= 0.0   lpval= 94023.9   ub= 94044.0  
-----------------------------------------------------------------------------------------
elapsed time= 210.60 s.
-----------------------------------------------------------------------------------------
delete columns= 8101 remain= 13652
mip: row= 545 col= 15098 density= 4.59225%
mip time= 8.83 s.
mip status= 6
update f from 0 to 20.1334
#########################################################################################
tree size= 0 lb= 93997.4 ub= 94044
#########################################################################################
idx= 4 value= 93997.4 enu= 1
brc= 50-103 : -
brc= 76-103 : +
brc= 57-64 : -
brc= 62-68 : +
brc= 164-295 : -
brc= 263-306 : -
brc= 57-130 : -
brc= 71-109 : -
brc= 39-203 : -
brc= 203-263 : -
brc= 250-278 : +
brc= 4-64 : -
brc= 70-133 : +
brc= 59-68 : -
brc= 59-62 : -
it= 4   ncol= 1598  ncstr= 774  mt= 0.2   spt= 0.2   lpval= 94004.9   ub= 94044.0  
-----------------------------------------------------------------------------------------
elapsed time= 219.92 s.
-----------------------------------------------------------------------------------------
delete columns= 243854 remain= 224141
 ****** Separate Rank1Cuts ****** 
it= 2   ncol= 1586  ncstr= 634  mt= 0.0   spt= 0.0   lpval= 94007.4   ub= 94044.0  
-----------------------------------------------------------------------------------------
elapsed time= 221.43 s.
-----------------------------------------------------------------------------------------
columns pending deletion= 62699 remain= 224141 col ratio= 0.72027 row ratio= 0.888013
 ****** Separate RCCs ****** 
 ****** Separate Rank1Cuts ****** 
it= 3   ncol= 1584  ncstr= 675  mt= 0.1   spt= 0.1   lpval= 94008.4   ub= 94044.0  
-----------------------------------------------------------------------------------------
elapsed time= 222.15 s.
-----------------------------------------------------------------------------------------
delete columns= 92917 remain= 131224
[1;36m[REMIND] 2: gap improved= 1.000986 ratio= 0.028150 threshold= 0.040000 in function increaseCondition2 at /blue/yu.yang1/you.z/route_opt/packages/application/X-n313-k71/src/main/src/call_cutting.cpp:74[0m
 ****** Separate RCCs ****** 
 ****** Separate Rank1Cuts ****** 
it= 4   ncol= 1599  ncstr= 599  mt= 0.0   spt= 0.0   lpval= 94008.7   ub= 94044.0  
-----------------------------------------------------------------------------------------
elapsed time= 223.50 s.
-----------------------------------------------------------------------------------------
columns pending deletion= 14689 remain= 131224 col ratio= 0.888062 row ratio= 0.923205
[1;36m[REMIND] 2: gap improved= 0.286878 ratio= 0.008133 threshold= 0.040000 in function increaseCondition2 at /blue/yu.yang1/you.z/route_opt/packages/application/X-n313-k71/src/main/src/call_cutting.cpp:74[0m
 ****** Separate Rank1Cuts ****** 
it= 3   ncol= 1565  ncstr= 631  mt= 0.0   spt= 0.0   lpval= 94008.8   ub= 94044.0  
-----------------------------------------------------------------------------------------
elapsed time= 224.12 s.
-----------------------------------------------------------------------------------------
columns pending deletion= 18660 remain= 131224 col ratio= 0.8578 row ratio= 0.900158
current_r_best= 8.24416
alpha= 0.37 beta= 1.83348 omega= 305.789 k1= 12
lb_k= 1 ub_k= 37
revise: lb_k= 10 ub_k= 14
opt_k= 12
alpha= 0.75 beta= 1.83348 omega= 132.483 k1= 3
lb_k= 2 ub_k= 3
revise: lb_k= 2 ub_k= 3
opt_k= 3
pseudo= 50 frac= 50
#candidates in phase1= 12
testing lp time= 4.93 s.
-----------------------------------------------------------------------------------------
 59-105 , 123.12|   0-134 ,  99.41|  12-76  ,  94.43| 103-138 ,  83.42|  27-50  ,  74.08| 
 13-65  ,  63.65|  39-255 ,  35.92| 213-283 ,  31.23| 187-213 ,  31.23|  59-296 ,  12.14| 
270-279 ,   4.69|  57-202 ,   2.76| 
-----------------------------------------------------------------------------------------
edge= 12 76 lp= 25.2246 pre= 2 lp2= 3.7437 pre2= 2 score= 94.4333
-----------------------------------------------------------------------------------------
edge= 0 134 lp= 26.4626 pre= 2 lp2= 3.75672 pre2= 2 score= 99.4126
-----------------------------------------------------------------------------------------
edge= 59 105 lp= 2.69312 pre= 2 lp2= 45.7173 pre2= 2 score= 123.122
-----------------------------------------------------------------------------------------
candidate= 59-105 : -
-----------------------------------------------------------------------------------------
it= 4   ncol= 1618  ncstr= 632  mt= 0.4   spt= 0.0   lpval= 94011.4   ub= 94044.0  
-----------------------------------------------------------------------------------------
elapsed time= 229.52 s.
-----------------------------------------------------------------------------------------
candidate= 59-105 : +
-----------------------------------------------------------------------------------------
it= 6   ncol= 1708  ncstr= 632  mt= 0.4   spt= 0.1   lpval= 94045.2   ub= 94044.0  
-----------------------------------------------------------------------------------------
elapsed time= 230.01 s.
-----------------------------------------------------------------------------------------
candidate= 0-134 : -
-----------------------------------------------------------------------------------------
it= 5   ncol= 1666  ncstr= 632  mt= 0.4   spt= 0.1   lpval= 94030.9   ub= 94044.0  
-----------------------------------------------------------------------------------------
elapsed time= 230.47 s.
-----------------------------------------------------------------------------------------
brc= 59-105
t= 0.267663 c= 53.1417 n= 1 if_b4= 0
t= 0.65979 c= 59.4901 n= 1 if_b4= 0
#########################################################################################
tree size= 1 lb= 94008.8 ub= 94044
#########################################################################################
idx= 5 value= 94008.8 enu= 1
brc= 50-103 : -
brc= 76-103 : +
brc= 57-64 : -
brc= 62-68 : +
brc= 164-295 : -
brc= 263-306 : -
brc= 57-130 : -
brc= 71-109 : -
brc= 39-203 : -
brc= 203-263 : -
brc= 250-278 : +
brc= 4-64 : -
brc= 70-133 : +
brc= 59-68 : -
brc= 59-62 : -
brc= 59-105 : +
it= 5   ncol= 1657  ncstr= 631  mt= 0.3   spt= 0.0   lpval= 94045.2   ub= 94044.0  
-----------------------------------------------------------------------------------------
elapsed time= 232.36 s.
-----------------------------------------------------------------------------------------
#########################################################################################
tree size= 0 lb= 94008.8 ub= 94044
#########################################################################################
idx= 6 value= 94008.8 enu= 1
brc= 50-103 : -
brc= 76-103 : +
brc= 57-64 : -
brc= 62-68 : +
brc= 164-295 : -
brc= 263-306 : -
brc= 57-130 : -
brc= 71-109 : -
brc= 39-203 : -
brc= 203-263 : -
brc= 250-278 : +
brc= 4-64 : -
brc= 70-133 : +
brc= 59-68 : -
brc= 59-62 : -
brc= 59-105 : -
it= 3   ncol= 1618  ncstr= 631  mt= 0.0   spt= 0.0   lpval= 94011.4   ub= 94044.0  
-----------------------------------------------------------------------------------------
elapsed time= 232.46 s.
-----------------------------------------------------------------------------------------
columns pending deletion= 29947 remain= 112563 col ratio= 0.733953 row ratio= 0.876387
 ****** Separate RCCs ****** 
 ****** Separate Rank1Cuts ****** 
it= 3   ncol= 1610  ncstr= 688  mt= 0.1   spt= 0.0   lpval= 94011.9   ub= 94044.0  
-----------------------------------------------------------------------------------------
elapsed time= 233.09 s.
-----------------------------------------------------------------------------------------
delete columns= 36717 remain= 75846
[1;36m[REMIND] 2: gap improved= 0.480428 ratio= 0.014961 threshold= 0.040000 in function increaseCondition2 at /blue/yu.yang1/you.z/route_opt/packages/application/X-n313-k71/src/main/src/call_cutting.cpp:74[0m
 ****** Separate RCCs ****** 
 ****** Separate Rank1Cuts ****** 
it= 2   ncol= 1607  ncstr= 618  mt= 0.0   spt= 0.0   lpval= 94011.9   ub= 94044.0  
-----------------------------------------------------------------------------------------
elapsed time= 234.16 s.
-----------------------------------------------------------------------------------------
columns pending deletion= 3102 remain= 75846 col ratio= 0.959101 row ratio= 0.911003
current_r_best= 2.35927
alpha= 0.37 beta= 5.05749 omega= 198.539 k1= 16
lb_k= 1 ub_k= 37
revise: lb_k= 13 ub_k= 20
opt_k= 17
alpha= 0.75 beta= 5.05749 omega= 90.1653 k1= 3
lb_k= 1 ub_k= 3
revise: lb_k= 1 ub_k= 3
opt_k= 3
pseudo= 50 frac= 50
#candidates in phase1= 17
testing lp time= 6.88 s.
-----------------------------------------------------------------------------------------
 27-283 ,  47.59| 261-283 ,  47.59|   0-283 ,  47.59| 208-217 ,  19.98|  59-292 ,  19.38| 
 59-178 ,  18.92| 218-302 ,  14.23|   0-218 ,  13.46|  68-296 ,  13.17|  12-76  ,   8.82| 
  0-134 ,   8.18|  45-215 ,   6.91| 182-286 ,   5.21| 104-146 ,   3.14|  39-255 ,   2.48| 
 77-146 ,   2.15|   0-183 ,   2.09| 
-----------------------------------------------------------------------------------------
edge= 0 283 lp= 20.1307 pre= 2 lp2= 2.36416 pre2= 2 score= 47.5922
-----------------------------------------------------------------------------------------
edge= 261 283 lp= 2.36416 pre= 2 lp2= 20.1307 pre2= 2 score= 47.5923
-----------------------------------------------------------------------------------------
edge= 27 283 lp= 2.36418 pre= 2 lp2= 20.1307 pre2= 2 score= 47.5926
-----------------------------------------------------------------------------------------
candidate= 27-283 : -
-----------------------------------------------------------------------------------------
it= 3   ncol= 1617  ncstr= 619  mt= 0.4   spt= 0.0   lpval= 94014.1   ub= 94044.0  
-----------------------------------------------------------------------------------------
elapsed time= 241.44 s.
-----------------------------------------------------------------------------------------
candidate= 261-283 : -
-----------------------------------------------------------------------------------------
it= 3   ncol= 1609  ncstr= 619  mt= 0.4   spt= 0.0   lpval= 94012.6   ub= 94044.0  
-----------------------------------------------------------------------------------------
elapsed time= 241.85 s.
-----------------------------------------------------------------------------------------
candidate= 0-283 : -
-----------------------------------------------------------------------------------------
it= 4   ncol= 1628  ncstr= 619  mt= 0.3   spt= 0.0   lpval= 94028.6   ub= 94044.0  
-----------------------------------------------------------------------------------------
elapsed time= 242.20 s.
-----------------------------------------------------------------------------------------
candidate= 27-283 : +
-----------------------------------------------------------------------------------------
it= 3   ncol= 1622  ncstr= 619  mt= 0.4   spt= 0.0   lpval= 94028.6   ub= 94044.0  
-----------------------------------------------------------------------------------------
elapsed time= 242.57 s.
-----------------------------------------------------------------------------------------
candidate= 0-283 : +
-----------------------------------------------------------------------------------------
it= 3   ncol= 1619  ncstr= 619  mt= 0.4   spt= 0.0   lpval= 94014.1   ub= 94044.0  
-----------------------------------------------------------------------------------------
elapsed time= 242.96 s.
-----------------------------------------------------------------------------------------
brc= 27-283
t= 0.245894 c= 36.3488 n= 2 if_b4= 0
t= 0.566619 c= 41.4109 n= 2 if_b4= 0
#########################################################################################
tree size= 1 lb= 94011.9 ub= 94044
#########################################################################################
idx= 7 value= 94011.9 enu= 1
brc= 50-103 : -
brc= 76-103 : +
brc= 57-64 : -
brc= 62-68 : +
brc= 164-295 : -
brc= 263-306 : -
brc= 57-130 : -
brc= 71-109 : -
brc= 39-203 : -
brc= 203-263 : -
brc= 250-278 : +
brc= 4-64 : -
brc= 70-133 : +
brc= 59-68 : -
brc= 59-62 : -
brc= 59-105 : -
brc= 27-283 : +
it= 4   ncol= 1622  ncstr= 618  mt= 0.3   spt= 0.0   lpval= 94028.6   ub= 94044.0  
-----------------------------------------------------------------------------------------
elapsed time= 244.42 s.
-----------------------------------------------------------------------------------------
delete columns= 66469 remain= 6253
 ****** Separate RCCs ****** 
 ****** Separate Rank1Cuts ****** 
it= 3   ncol= 1426  ncstr= 613  mt= 0.0   spt= 0.0   lpval= 94032.5   ub= 94044.0  
-----------------------------------------------------------------------------------------
elapsed time= 245.18 s.
-----------------------------------------------------------------------------------------
delete columns= 3201 remain= 3052
mip: row= 529 col= 4349 density= 3.51835%
mip time= 0.88 s.
mip status= 6
#########################################################################################
tree size= 0 lb= 94011.9 ub= 94044
#########################################################################################
idx= 8 value= 94011.9 enu= 1
brc= 50-103 : -
brc= 76-103 : +
brc= 57-64 : -
brc= 62-68 : +
brc= 164-295 : -
brc= 263-306 : -
brc= 57-130 : -
brc= 71-109 : -
brc= 39-203 : -
brc= 203-263 : -
brc= 250-278 : +
brc= 4-64 : -
brc= 70-133 : +
brc= 59-68 : -
brc= 59-62 : -
brc= 59-105 : -
brc= 27-283 : -
it= 4   ncol= 1634  ncstr= 618  mt= 0.1   spt= 0.0   lpval= 94014.1   ub= 94044.0  
-----------------------------------------------------------------------------------------
elapsed time= 246.17 s.
-----------------------------------------------------------------------------------------
columns pending deletion= 14612 remain= 72741 col ratio= 0.799123 row ratio= 0.88835
 ****** Separate RCCs ****** 
 ****** Separate Rank1Cuts ****** 
it= 3   ncol= 1625  ncstr= 661  mt= 0.0   spt= 0.0   lpval= 94014.2   ub= 94044.0  
-----------------------------------------------------------------------------------------
elapsed time= 246.69 s.
-----------------------------------------------------------------------------------------
columns pending deletion= 18267 remain= 72741 col ratio= 0.748876 row ratio= 0.845688
[1;36m[REMIND] 2: gap improved= 0.121130 ratio= 0.004064 threshold= 0.040000 in function increaseCondition2 at /blue/yu.yang1/you.z/route_opt/packages/application/X-n313-k71/src/main/src/call_cutting.cpp:74[0m
 ****** Separate RCCs ****** 
 ****** Separate Rank1Cuts ****** 
it= 3   ncol= 1630  ncstr= 696  mt= 0.0   spt= 0.0   lpval= 94015.3   ub= 94044.0  
-----------------------------------------------------------------------------------------
elapsed time= 247.20 s.
-----------------------------------------------------------------------------------------
delete columns= 23653 remain= 49088
[1;36m[REMIND] 2: gap improved= 1.076554 ratio= 0.037471 threshold= 0.040000 in function increaseCondition2 at /blue/yu.yang1/you.z/route_opt/packages/application/X-n313-k71/src/main/src/call_cutting.cpp:74[0m
 ****** Separate RCCs ****** 
 ****** Separate Rank1Cuts ****** 
it= 1   ncol= 1627  ncstr= 597  mt= 0.0   spt= 0.0   lpval= 94015.7   ub= 94044.0  
-----------------------------------------------------------------------------------------
elapsed time= 247.72 s.
-----------------------------------------------------------------------------------------
columns pending deletion= 2847 remain= 49088 col ratio= 0.942002 row ratio= 0.951424
[1;36m[REMIND] 2: gap improved= 0.435918 ratio= 0.015406 threshold= 0.040000 in function increaseCondition2 at /blue/yu.yang1/you.z/route_opt/packages/application/X-n313-k71/src/main/src/call_cutting.cpp:74[0m
[1;36m[REMIND] tail off counter= 3 threshold= 3 in function setIfTailOff at /blue/yu.yang1/you.z/route_opt/packages/application/X-n313-k71/src/main/src/call_cutting.cpp:150[0m
current_r_best= 2.77189
alpha= 0.37 beta= 2.9443 omega= 147.823 k1= 10
lb_k= 1 ub_k= 37
revise: lb_k= 8 ub_k= 13
opt_k= 11
alpha= 0.75 beta= 2.9443 omega= 73.0841 k1= 3
lb_k= 1 ub_k= 3
revise: lb_k= 2 ub_k= 3
opt_k= 3
pseudo= 50 frac= 50
#candidates in phase1= 11
testing lp time= 4.22 s.
-----------------------------------------------------------------------------------------
141-164 ,  43.37|  79-128 ,  23.61| 218-302 ,  16.54| 208-217 ,  15.39|   0-218 ,  14.20| 
 30-64  ,  13.23|  59-286 ,  11.36|   6-19  ,  11.21|  42-196 ,   8.69|  68-296 ,   7.27| 
221-270 ,   7.02| 
-----------------------------------------------------------------------------------------
edge= 218 302 lp= 3.53907 pre= 2 lp2= 4.67296 pre2= 2 score= 16.5379
-----------------------------------------------------------------------------------------
edge= 79 128 lp= 0.541546 pre= 2 lp2= 43.5903 pre2= 2 score= 23.6061
-----------------------------------------------------------------------------------------
edge= 141 164 lp= 0.994876 pre= 2 lp2= 43.5903 pre2= 2 score= 43.3669
-----------------------------------------------------------------------------------------
candidate= 141-164 : -
-----------------------------------------------------------------------------------------
it= 2   ncol= 1637  ncstr= 598  mt= 0.3   spt= 0.0   lpval= 94016.7   ub= 94044.0  
-----------------------------------------------------------------------------------------
elapsed time= 252.28 s.
-----------------------------------------------------------------------------------------
candidate= 141-164 : +
-----------------------------------------------------------------------------------------
it= 6   ncol= 1752  ncstr= 598  mt= 0.4   spt= 0.0   lpval= 94033.1   ub= 94044.0  
-----------------------------------------------------------------------------------------
elapsed time= 252.69 s.
-----------------------------------------------------------------------------------------
candidate= 79-128 : -
-----------------------------------------------------------------------------------------
it= 2   ncol= 1631  ncstr= 598  mt= 0.3   spt= 0.0   lpval= 94016.2   ub= 94044.0  
-----------------------------------------------------------------------------------------
elapsed time= 252.96 s.
-----------------------------------------------------------------------------------------
candidate= 79-128 : +
-----------------------------------------------------------------------------------------
it= 4   ncol= 1724  ncstr= 598  mt= 0.4   spt= 0.0   lpval= 94042.7   ub= 94044.0  
-----------------------------------------------------------------------------------------
elapsed time= 253.37 s.
-----------------------------------------------------------------------------------------
brc= 141-164
t= 0.232426 c= 27.854 n= 3 if_b4= 0
t= 0.512745 c= 32.0031 n= 3 if_b4= 0
#########################################################################################
tree size= 1 lb= 94015.7 ub= 94044
#########################################################################################
idx= 9 value= 94015.7 enu= 1
brc= 50-103 : -
brc= 76-103 : +
brc= 57-64 : -
brc= 62-68 : +
brc= 164-295 : -
brc= 263-306 : -
brc= 57-130 : -
brc= 71-109 : -
brc= 39-203 : -
brc= 203-263 : -
brc= 250-278 : +
brc= 4-64 : -
brc= 70-133 : +
brc= 59-68 : -
brc= 59-62 : -
brc= 59-105 : -
brc= 27-283 : -
brc= 141-164 : +
it= 6   ncol= 1717  ncstr= 597  mt= 0.3   spt= 0.0   lpval= 94033.1   ub= 94044.0  
-----------------------------------------------------------------------------------------
elapsed time= 254.70 s.
-----------------------------------------------------------------------------------------
delete columns= 43700 remain= 2456
 ****** Separate RCCs ****** 
 ****** Separate Rank1Cuts ****** 
it= 3   ncol= 1352  ncstr= 634  mt= 0.0   spt= 0.0   lpval= 94036.7   ub= 94044.0  
-----------------------------------------------------------------------------------------
elapsed time= 255.27 s.
-----------------------------------------------------------------------------------------
delete columns= 1114 remain= 1342
mip: row= 517 col= 2491 density= 3.05122%
mip time= 0.37 s.
mip status= 6
#########################################################################################
tree size= 0 lb= 94015.7 ub= 94044
#########################################################################################
idx= 10 value= 94015.7 enu= 1
brc= 50-103 : -
brc= 76-103 : +
brc= 57-64 : -
brc= 62-68 : +
brc= 164-295 : -
brc= 263-306 : -
brc= 57-130 : -
brc= 71-109 : -
brc= 39-203 : -
brc= 203-263 : -
brc= 250-278 : +
brc= 4-64 : -
brc= 70-133 : +
brc= 59-68 : -
brc= 59-62 : -
brc= 59-105 : -
brc= 27-283 : -
brc= 141-164 : -
it= 3   ncol= 1637  ncstr= 597  mt= 0.0   spt= 0.0   lpval= 94016.7   ub= 94044.0  
-----------------------------------------------------------------------------------------
elapsed time= 255.93 s.
-----------------------------------------------------------------------------------------
columns pending deletion= 7113 remain= 46233 col ratio= 0.846149 row ratio= 0.924623
 ****** Separate RCCs ****** 
 ****** Separate Rank1Cuts ****** 
it= 2   ncol= 1641  ncstr= 643  mt= 0.0   spt= 0.0   lpval= 94017.4   ub= 94044.0  
-----------------------------------------------------------------------------------------
elapsed time= 256.43 s.
-----------------------------------------------------------------------------------------
columns pending deletion= 11695 remain= 46233 col ratio= 0.747042 row ratio= 0.881804
[1;36m[REMIND] 2: gap improved= 0.744802 ratio= 0.028044 threshold= 0.040000 in function increaseCondition2 at /blue/yu.yang1/you.z/route_opt/packages/application/X-n313-k71/src/main/src/call_cutting.cpp:74[0m
 ****** Separate RCCs ****** 
 ****** Separate Rank1Cuts ****** 
it= 2   ncol= 1640  ncstr= 702  mt= 0.0   spt= 0.0   lpval= 94017.6   ub= 94044.0  
-----------------------------------------------------------------------------------------
elapsed time= 256.99 s.
-----------------------------------------------------------------------------------------
delete columns= 13344 remain= 32889
[1;36m[REMIND] 2: gap improved= 0.206951 ratio= 0.007853 threshold= 0.040000 in function increaseCondition2 at /blue/yu.yang1/you.z/route_opt/packages/application/X-n313-k71/src/main/src/call_cutting.cpp:74[0m
 ****** Separate RCCs ****** 
 ****** Separate Rank1Cuts ****** 
it= 2   ncol= 1637  ncstr= 629  mt= 0.0   spt= 0.0   lpval= 94017.7   ub= 94044.0  
-----------------------------------------------------------------------------------------
elapsed time= 257.57 s.
-----------------------------------------------------------------------------------------
columns pending deletion= 717 remain= 32889 col ratio= 0.978199 row ratio= 0.939587
current_r_best= 1.48145
alpha= 0.37 beta= 4.16291 omega= 119.84 k1= 11
lb_k= 1 ub_k= 37
revise: lb_k= 9 ub_k= 14
opt_k= 12
alpha= 0.75 beta= 4.16291 omega= 62.4152 k1= 3
lb_k= 1 ub_k= 3
revise: lb_k= 2 ub_k= 3
opt_k= 3
pseudo= 50 frac= 50
#candidates in phase1= 12
testing lp time= 5.05 s.
-----------------------------------------------------------------------------------------
 43-141 ,  42.52| 184-303 ,  30.34|  75-303 ,  30.34| 236-311 ,  30.34|  30-79  ,  24.79| 
243-267 ,  20.22| 218-302 ,  13.47|  12-76  ,  13.26|  86-143 ,  11.49|  68-296 ,  10.22| 
 95-312 ,   9.76|  47-100 ,   3.55| 
-----------------------------------------------------------------------------------------
edge= 75 303 lp= 18.5186 pre= 2 lp2= 1.63828 pre2= 2 score= 30.3388
-----------------------------------------------------------------------------------------
edge= 184 303 lp= 18.5186 pre= 2 lp2= 1.63828 pre2= 2 score= 30.3388
-----------------------------------------------------------------------------------------
edge= 43 141 lp= 22.1884 pre= 2 lp2= 1.91612 pre2= 2 score= 42.5158
-----------------------------------------------------------------------------------------
candidate= 43-141 : -
-----------------------------------------------------------------------------------------
it= 4   ncol= 1707  ncstr= 630  mt= 0.4   spt= 0.0   lpval= 94031.7   ub= 94044.0  
-----------------------------------------------------------------------------------------
elapsed time= 263.02 s.
-----------------------------------------------------------------------------------------
candidate= 75-303 : -
-----------------------------------------------------------------------------------------
it= 4   ncol= 1710  ncstr= 630  mt= 0.5   spt= 0.0   lpval= 94034.9   ub= 94044.0  
-----------------------------------------------------------------------------------------
elapsed time= 263.50 s.
-----------------------------------------------------------------------------------------
candidate= 184-303 : -
-----------------------------------------------------------------------------------------
it= 4   ncol= 1710  ncstr= 630  mt= 0.5   spt= 0.0   lpval= 94034.9   ub= 94044.0  
-----------------------------------------------------------------------------------------
elapsed time= 263.98 s.
-----------------------------------------------------------------------------------------
candidate= 75-303 : +
-----------------------------------------------------------------------------------------
it= 4   ncol= 1682  ncstr= 630  mt= 0.5   spt= 0.0   lpval= 94019.1   ub= 94044.0  
-----------------------------------------------------------------------------------------
elapsed time= 264.48 s.
-----------------------------------------------------------------------------------------
candidate= 184-303 : +
-----------------------------------------------------------------------------------------
it= 4   ncol= 1682  ncstr= 630  mt= 0.5   spt= 0.0   lpval= 94019.1   ub= 94044.0  
-----------------------------------------------------------------------------------------
elapsed time= 264.98 s.
-----------------------------------------------------------------------------------------
candidate= 43-141 : +
-----------------------------------------------------------------------------------------
it= 3   ncol= 1661  ncstr= 630  mt= 0.4   spt= 0.0   lpval= 94019.5   ub= 94044.0  
-----------------------------------------------------------------------------------------
elapsed time= 265.37 s.
-----------------------------------------------------------------------------------------
brc= 43-141
t= 0.228013 c= 22.8956 n= 4 if_b4= 0
t= 0.501773 c= 26.445 n= 4 if_b4= 0
#########################################################################################
tree size= 1 lb= 94017.7 ub= 94044
#########################################################################################
idx= 11 value= 94017.7 enu= 1
brc= 50-103 : -
brc= 76-103 : +
brc= 57-64 : -
brc= 62-68 : +
brc= 164-295 : -
brc= 263-306 : -
brc= 57-130 : -
brc= 71-109 : -
brc= 39-203 : -
brc= 203-263 : -
brc= 250-278 : +
brc= 4-64 : -
brc= 70-133 : +
brc= 59-68 : -
brc= 59-62 : -
brc= 59-105 : -
brc= 27-283 : -
brc= 141-164 : -
brc= 43-141 : +
it= 3   ncol= 1654  ncstr= 629  mt= 0.3   spt= 0.0   lpval= 94019.5   ub= 94044.0  
-----------------------------------------------------------------------------------------
elapsed time= 266.71 s.
-----------------------------------------------------------------------------------------
columns pending deletion= 7737 remain= 32139 col ratio= 0.759264 row ratio= 0.868045
 ****** Separate RCCs ****** 
 ****** Separate Rank1Cuts ****** 
it= 3   ncol= 1634  ncstr= 663  mt= 0.0   spt= 0.0   lpval= 94020.0   ub= 94044.0  
-----------------------------------------------------------------------------------------
elapsed time= 267.19 s.
-----------------------------------------------------------------------------------------
delete columns= 10461 remain= 21678
[1;36m[REMIND] 2: gap improved= 0.511504 ratio= 0.021320 threshold= 0.040000 in function increaseCondition2 at /blue/yu.yang1/you.z/route_opt/packages/application/X-n313-k71/src/main/src/call_cutting.cpp:74[0m
 ****** Separate Rank1Cuts ****** 
it= 2   ncol= 1625  ncstr= 587  mt= 0.0   spt= 0.0   lpval= 94020.2   ub= 94044.0  
-----------------------------------------------------------------------------------------
elapsed time= 268.04 s.
-----------------------------------------------------------------------------------------
columns pending deletion= 941 remain= 21678 col ratio= 0.956592 row ratio= 0.964225
[1;36m[REMIND] 2: gap improved= 0.151118 ratio= 0.006339 threshold= 0.040000 in function increaseCondition2 at /blue/yu.yang1/you.z/route_opt/packages/application/X-n313-k71/src/main/src/call_cutting.cpp:74[0m
 ****** Separate Rank1Cuts ****** 
it= 2   ncol= 1604  ncstr= 636  mt= 0.0   spt= 0.0   lpval= 94020.3   ub= 94044.0  
-----------------------------------------------------------------------------------------
elapsed time= 268.53 s.
-----------------------------------------------------------------------------------------
columns pending deletion= 1266 remain= 21678 col ratio= 0.9416 row ratio= 0.904088
[1;36m[REMIND] 2: gap improved= 0.124482 ratio= 0.005249 threshold= 0.040000 in function increaseCondition2 at /blue/yu.yang1/you.z/route_opt/packages/application/X-n313-k71/src/main/src/call_cutting.cpp:74[0m
[1;36m[REMIND] tail off counter= 3 threshold= 3 in function setIfTailOff at /blue/yu.yang1/you.z/route_opt/packages/application/X-n313-k71/src/main/src/call_cutting.cpp:150[0m
current_r_best= 1.91491
alpha= 0.37 beta= 1.87123 omega= 100.414 k1= 7
lb_k= 1 ub_k= 37
revise: lb_k= 5 ub_k= 8
opt_k= 7
alpha= 0.75 beta= 1.87123 omega= 52.7032 k1= 3
lb_k= 2 ub_k= 3
revise: lb_k= 2 ub_k= 3
opt_k= 3
pseudo= 50 frac= 50
#candidates in phase1= 7
testing lp time= 3.08 s.
-----------------------------------------------------------------------------------------
243-267 ,  35.77| 218-302 ,  20.38| 141-175 ,  16.91|   0-134 ,  16.04|  49-101 ,   3.16| 
101-104 ,   3.16|  77-104 ,   3.16| 
-----------------------------------------------------------------------------------------
edge= 141 175 lp= 0.672908 pre= 0 lp2= 25.1365 pre2= 2 score= 16.9145
-----------------------------------------------------------------------------------------
edge= 218 302 lp= 4.21913 pre= 0 lp2= 4.83084 pre2= 0 score= 20.382
-----------------------------------------------------------------------------------------
edge= 243 267 lp= 14.5344 pre= 0 lp2= 2.4609 pre2= 0 score= 35.7677
-----------------------------------------------------------------------------------------
brc= 243-267
t= 0.226626 c= 19.4473 n= 5 if_b4= 0
t= 0.501773 c= 22.6614 n= 5 if_b4= 0
#########################################################################################
tree size= 2 lb= 94017.7 ub= 94044
#########################################################################################
idx= 12 value= 94017.7 enu= 1
brc= 50-103 : -
brc= 76-103 : +
brc= 57-64 : -
brc= 62-68 : +
brc= 164-295 : -
brc= 263-306 : -
brc= 57-130 : -
brc= 71-109 : -
brc= 39-203 : -
brc= 203-263 : -
brc= 250-278 : +
brc= 4-64 : -
brc= 70-133 : +
brc= 59-68 : -
brc= 59-62 : -
brc= 59-105 : -
brc= 27-283 : -
brc= 141-164 : -
brc= 43-141 : -
it= 5   ncol= 1706  ncstr= 629  mt= 0.2   spt= 0.0   lpval= 94031.7   ub= 94044.0  
-----------------------------------------------------------------------------------------
elapsed time= 272.80 s.
-----------------------------------------------------------------------------------------
delete columns= 28755 remain= 3395
 ****** Separate RCCs ****** 
 ****** Separate Rank1Cuts ****** 
it= 4   ncol= 1447  ncstr= 620  mt= 0.1   spt= 0.0   lpval= 94035.8   ub= 94044.0  
-----------------------------------------------------------------------------------------
elapsed time= 273.96 s.
-----------------------------------------------------------------------------------------
delete columns= 1793 remain= 1602
mip: row= 525 col= 2841 density= 3.08114%
mip time= 0.48 s.
mip status= 6
#########################################################################################
tree size= 1 lb= 94020.3 ub= 94044
#########################################################################################
idx= 13 value= 94020.3 enu= 1
brc= 50-103 : -
brc= 76-103 : +
brc= 57-64 : -
brc= 62-68 : +
brc= 164-295 : -
brc= 263-306 : -
brc= 57-130 : -
brc= 71-109 : -
brc= 39-203 : -
brc= 203-263 : -
brc= 250-278 : +
brc= 4-64 : -
brc= 70-133 : +
brc= 59-68 : -
brc= 59-62 : -
brc= 59-105 : -
brc= 27-283 : -
brc= 141-164 : -
brc= 43-141 : +
brc= 243-267 : +
it= 4   ncol= 1617  ncstr= 636  mt= 0.4   spt= 0.0   lpval= 94022.6   ub= 94044.0  
-----------------------------------------------------------------------------------------
elapsed time= 275.14 s.
-----------------------------------------------------------------------------------------
columns pending deletion= 5230 remain= 20376 col ratio= 0.743325 row ratio= 0.845912
 ****** Separate RCCs ****** 
 ****** Separate Rank1Cuts ****** 
it= 3   ncol= 1592  ncstr= 664  mt= 0.1   spt= 0.0   lpval= 94023.3   ub= 94044.0  
-----------------------------------------------------------------------------------------
elapsed time= 275.66 s.
-----------------------------------------------------------------------------------------
delete columns= 7258 remain= 13118
[1;36m[REMIND] 2: gap improved= 0.702749 ratio= 0.033950 threshold= 0.040000 in function increaseCondition2 at /blue/yu.yang1/you.z/route_opt/packages/application/X-n313-k71/src/main/src/call_cutting.cpp:74[0m
mip: row= 564 col= 14708 density= 4.35146%
mip time= 8.03 s.
mip status= 6
update f from 20.1334 to 20.6997
#########################################################################################
tree size= 0 lb= 94020.3 ub= 94044
#########################################################################################
idx= 14 value= 94020.3 enu= 1
brc= 50-103 : -
brc= 76-103 : +
brc= 57-64 : -
brc= 62-68 : +
brc= 164-295 : -
brc= 263-306 : -
brc= 57-130 : -
brc= 71-109 : -
brc= 39-203 : -
brc= 203-263 : -
brc= 250-278 : +
brc= 4-64 : -
brc= 70-133 : +
brc= 59-68 : -
brc= 59-62 : -
brc= 59-105 : -
brc= 27-283 : -
brc= 141-164 : -
brc= 43-141 : +
brc= 243-267 : -
it= 5   ncol= 1653  ncstr= 636  mt= 0.1   spt= 0.0   lpval= 94033.0   ub= 94044.0  
-----------------------------------------------------------------------------------------
elapsed time= 283.91 s.
-----------------------------------------------------------------------------------------
delete columns= 17509 remain= 2854
 ****** Separate RCCs ****** 
 ****** Separate Rank1Cuts ****** 
it= 4   ncol= 1406  ncstr= 603  mt= 0.1   spt= 0.0   lpval= 94038.7   ub= 94044.0  
-----------------------------------------------------------------------------------------
elapsed time= 284.84 s.
-----------------------------------------------------------------------------------------
delete columns= 1884 remain= 970
mip: row= 515 col= 1960 density= 3.32703%
mip time= 0.14 s.
mip status= 3
#########################################################################################
[32m<Instance: X-n313-k71>
<Solution>
<UB= 94044>
<LB= 94044>
<Elapsed Time= 285.2>
<Nodes Explored= 14>
<Global Gap= 0%>[0m
#########################################################################################
File nodes/X-n313-k71_1_1_6_1_G32.node deleted successfully.
