application type: CVRP
X-n313-k71_6_1_3_7_G32.node
Set parameter ServerTimeout to value 600
Set parameter TokenServer to value "grb-ts.ufhpc"
Set parameter Threads to value 1
instance name= X-n313-k71
#########################################################################################
tree size= 0 lb= 0 ub= 94044
#########################################################################################
idx= 15 value= 93985.6 enu= 0
brc= 50-103 : -
brc= 76-103 : -
brc= 49-105 : -
brc= 70-133 : -
brc= 74-217 : -
brc= 233-246 : -
brc= 164-175 : +
brc= 167-232 : -
brc= 85-105 : +
brc= 3-269 : -
brc= 128-150 : -
brc= 0-218 : -
brc= 79-269 : +
brc= 103-138 : -
brc= 270-279 : -
brc= 1-103 : -
brc= 33-281 : -
brc= 19-60 : -
brc= 3-137 : -
brc= 141-164 : -
brc= 57-64 : +
-----------------------------------------------------------------------------------------
 ****** Pricing Level: LIGHT HEUR ****** 
it= 13  ncol= 1228  ncstr= 604  mt= 0.2   spt= 0.3   lpval= 93993.7   ub= 94044.0  
 ****** Pricing Level: HEAVY HEUR ****** 
it= 6   ncol= 1324  ncstr= 604  mt= 0.1   spt= 0.5   lpval= 93990.8   ub= 94044.0  
 ****** Pricing Level: EXACT ****** 
it= 4   ncol= 1450  ncstr= 604  mt= 0.1   spt= 3.7   lpval= 93989.2   ub= 94044.0  
-----------------------------------------------------------------------------------------
elapsed time= 8.93 s.
-----------------------------------------------------------------------------------------
-----------------------------------------------------------------------------------------
 ****** Run Arc Elimination ****** 
arc elimination time= 6.57 s.
previous= 90.2802% maximum= 3.17695%
eliminate bucket arcs time= 0.54 s.
obtain jump arcs time= 0.01 s.
-----------------------------------------------------------------------------------------
-----------------------------------------------------------------------------------------
elapsed time= 16.39 s.
-----------------------------------------------------------------------------------------
 ****** Separate RCCs ****** 
 ****** Separate Rank1Cuts ****** 
-----------------------------------------------------------------------------------------
 ****** Pricing Level: LIGHT HEUR ****** 
it= 5   ncol= 1513  ncstr= 698  mt= 0.3   spt= 0.2   lpval= 93992.2   ub= 94044.0  
 ****** Pricing Level: HEAVY HEUR ****** 
it= 4   ncol= 1556  ncstr= 698  mt= 0.1   spt= 0.3   lpval= 93991.5   ub= 94044.0  
 ****** Pricing Level: EXACT ****** 
it= 5   ncol= 1641  ncstr= 698  mt= 0.1   spt= 4.3   lpval= 93991.5   ub= 94044.0  
-----------------------------------------------------------------------------------------
elapsed time= 23.12 s.
-----------------------------------------------------------------------------------------
 ****** Separate RCCs ****** 
 ****** Separate Rank1Cuts ****** 
-----------------------------------------------------------------------------------------
 ****** Pricing Level: LIGHT HEUR ****** 
it= 1   ncol= 1641  ncstr= 641  mt= 0.2   spt= 0.0   lpval= 93993.3   ub= 94044.0  
 ****** Pricing Level: HEAVY HEUR ****** 
it= 3   ncol= 1655  ncstr= 641  mt= 0.0   spt= 0.2   lpval= 93993.2   ub= 94044.0  
 ****** Pricing Level: EXACT ****** 
it= 3   ncol= 1713  ncstr= 641  mt= 0.0   spt= 2.5   lpval= 93993.2   ub= 94044.0  
-----------------------------------------------------------------------------------------
elapsed time= 27.21 s.
-----------------------------------------------------------------------------------------
[1;36m[REMIND] 2: gap improved= 1.721777 ratio= 0.033884 threshold= 0.040000 in function increaseCondition2 at /blue/yu.yang1/you.z/route_opt/packages/application/X-n313-k71/src/main/src/call_cutting.cpp:74[0m
 ****** Separate RCCs ****** 
 ****** Separate Rank1Cuts ****** 
-----------------------------------------------------------------------------------------
 ****** Pricing Level: LIGHT HEUR ****** 
it= 5   ncol= 1774  ncstr= 704  mt= 0.3   spt= 0.1   lpval= 93994.0   ub= 94044.0  
 ****** Pricing Level: HEAVY HEUR ****** 
it= 4   ncol= 1816  ncstr= 704  mt= 0.0   spt= 0.3   lpval= 93994.0   ub= 94044.0  
 ****** Pricing Level: EXACT ****** 
it= 3   ncol= 1969  ncstr= 704  mt= 0.0   spt= 2.5   lpval= 93994.0   ub= 94044.0  
-----------------------------------------------------------------------------------------
elapsed time= 32.34 s.
-----------------------------------------------------------------------------------------
[1;36m[REMIND] 2: gap improved= 0.767343 ratio= 0.015333 threshold= 0.040000 in function increaseCondition2 at /blue/yu.yang1/you.z/route_opt/packages/application/X-n313-k71/src/main/src/call_cutting.cpp:74[0m
 ****** Separate RCCs ****** 
 ****** Separate Rank1Cuts ****** 
-----------------------------------------------------------------------------------------
 ****** Pricing Level: LIGHT HEUR ****** 
it= 3   ncol= 2012  ncstr= 669  mt= 0.3   spt= 0.1   lpval= 93995.0   ub= 94044.0  
 ****** Pricing Level: HEAVY HEUR ****** 
it= 3   ncol= 2050  ncstr= 669  mt= 0.0   spt= 0.2   lpval= 93994.9   ub= 94044.0  
 ****** Pricing Level: EXACT ****** 
it= 3   ncol= 2061  ncstr= 669  mt= 0.0   spt= 2.3   lpval= 93994.9   ub= 94044.0  
-----------------------------------------------------------------------------------------
elapsed time= 36.57 s.
-----------------------------------------------------------------------------------------
-----------------------------------------------------------------------------------------
 ****** Run Arc Elimination ****** 
arc elimination time= 4.11 s.
previous= 88.3018% maximum= 2.8053%
eliminate bucket arcs time= 0.47 s.
obtain jump arcs time= 0.01 s.
-----------------------------------------------------------------------------------------
-----------------------------------------------------------------------------------------
elapsed time= 41.18 s.
-----------------------------------------------------------------------------------------
-----------------------------------------------------------------------------------------
 ****** Try Enumeration ****** 
#labels= 354906 #routes= 18
labeling 1 time= 11.70 s.
concatenate time= 17.84 s.
#routes= 692781
average gap of successful enumeration= 0.000511245
next try value > 93985.2
-----------------------------------------------------------------------------------------
elapsed time= 70.93 s.
-----------------------------------------------------------------------------------------
 ****** Process Enumeration Matrix ****** 
delete non-ele routes lp val= 93994.9
recover rank1c lp val= 93995.8
recover rcc lp val= 93997.5
obtain rcc coefficient time= 0.12 s.
obtain r1c coefficient time= 1.23 s.
obtain matrix from triplets time= 1.82 s.
delete columns by branch time= 0.00 s.
columns pending deletion= 319 remain= 692781 col ratio= 0.99954 row ratio= 1
regenerate enumeration matrix time= 0.00 s.
-----------------------------------------------------------------------------------------
elapsed time= 76.67 s.
-----------------------------------------------------------------------------------------
it= 5   ncol= 1738  ncstr= 619  mt= 0.1   spt= 0.2   lpval= 93996.6   ub= 94044.0  
-----------------------------------------------------------------------------------------
elapsed time= 77.10 s.
-----------------------------------------------------------------------------------------
columns pending deletion= 207874 remain= 692781 col ratio= 0.699943 row ratio= 0.885299
 ****** Separate RCCs ****** 
 ****** Separate Rank1Cuts ****** 
it= 4   ncol= 1631  ncstr= 668  mt= 0.0   spt= 0.2   lpval= 93997.4   ub= 94044.0  
-----------------------------------------------------------------------------------------
elapsed time= 78.03 s.
-----------------------------------------------------------------------------------------
delete columns= 249949 remain= 442832
[1;36m[REMIND] 2: gap improved= 0.827806 ratio= 0.017765 threshold= 0.040000 in function increaseCondition2 at /blue/yu.yang1/you.z/route_opt/packages/application/X-n313-k71/src/main/src/call_cutting.cpp:74[0m
 ****** Separate RCCs ****** 
 ****** Separate Rank1Cuts ****** 
it= 2   ncol= 1636  ncstr= 585  mt= 0.0   spt= 0.1   lpval= 93997.7   ub= 94044.0  
-----------------------------------------------------------------------------------------
elapsed time= 80.52 s.
-----------------------------------------------------------------------------------------
columns pending deletion= 29111 remain= 442832 col ratio= 0.934262 row ratio= 0.955556
[1;36m[REMIND] 2: gap improved= 0.302182 ratio= 0.006527 threshold= 0.040000 in function increaseCondition2 at /blue/yu.yang1/you.z/route_opt/packages/application/X-n313-k71/src/main/src/call_cutting.cpp:74[0m
 ****** Separate Rank1Cuts ****** 
it= 3   ncol= 1615  ncstr= 608  mt= 0.0   spt= 0.1   lpval= 93997.9   ub= 94044.0  
-----------------------------------------------------------------------------------------
elapsed time= 81.17 s.
-----------------------------------------------------------------------------------------
columns pending deletion= 38476 remain= 442832 col ratio= 0.913114 row ratio= 0.930921
[1;36m[REMIND] 2: gap improved= 0.168722 ratio= 0.003658 threshold= 0.040000 in function increaseCondition2 at /blue/yu.yang1/you.z/route_opt/packages/application/X-n313-k71/src/main/src/call_cutting.cpp:74[0m
[1;36m[REMIND] tail off counter= 3 threshold= 3 in function setIfTailOff at /blue/yu.yang1/you.z/route_opt/packages/application/X-n313-k71/src/main/src/call_cutting.cpp:150[0m
[1;36m[REMIND] opt_k not found for node 15, use m directly in function getOptK at /blue/yu.yang1/you.z/route_opt/packages/branching/bkf/include/bkf_controller.hpp:239[0m
current_r_best= 8.89934
we directly test 100
we directly test 4
pseudo= 50 frac= 50
#candidates in phase1= 100
testing lp time= 36.73 s.
-----------------------------------------------------------------------------------------
  3-128 , 407.35|   2-106 , 397.09| 137-150 , 208.47|   4-9   ,  54.99|   0-115 ,  34.01| 
  0-95  ,  30.60| 162-250 ,  28.29| 162-208 ,  27.03| 119-275 ,  27.02|  49-85  ,  24.38| 
 21-42  ,  24.23|   0-302 ,  22.87| 191-243 ,  22.75|  47-275 ,  22.00| 167-240 ,  20.44| 
132-230 ,  19.98|  13-65  ,  19.81|  13-104 ,  19.07|  24-257 ,  18.48|   0-155 ,  17.85| 
250-278 ,  16.86|  94-135 ,  16.86| 164-295 ,  16.67|  53-54  ,  16.35|   0-131 ,  16.07| 
  0-196 ,  16.03|  60-89  ,  15.80|  70-121 ,  15.29|   0-121 ,  15.29| 109-138 ,  14.73| 
  0-65  ,  14.11| 180-244 ,  13.48| 201-218 ,  13.08|   0-255 ,  13.02|  71-109 ,  12.60| 
 56-279 ,  12.29|  86-118 ,  12.09|  23-86  ,  12.09|  59-292 ,  12.08|  62-68  ,  12.08| 
 62-296 ,  12.08| 114-161 ,  12.04| 161-184 ,  12.04| 224-278 ,  11.67|  18-224 ,  11.67| 
  6-9   ,  11.52|  29-218 ,  11.31|  81-183 ,  10.33|  95-281 ,  10.25| 189-278 ,  10.18| 
147-174 ,   9.62|   0-198 ,   9.25|   0-136 ,   9.15| 125-224 ,   8.90| 303-311 ,   8.81| 
 75-303 ,   8.81| 184-303 ,   8.81|  75-248 ,   8.81|  74-248 ,   8.81| 236-311 ,   8.81| 
  0-248 ,   8.81| 236-266 ,   8.81|   0-147 ,   8.40| 228-270 ,   8.31| 221-228 ,   8.31| 
221-270 ,   8.31|   0-221 ,   8.31|   0-227 ,   8.30| 197-227 ,   8.25| 100-275 ,   7.95| 
179-282 ,   6.76|   0-17  ,   6.37|   0-220 ,   6.16| 174-221 ,   5.74| 227-233 ,   5.53| 
223-246 ,   5.52|   0-106 ,   5.38|   0-244 ,   5.19| 271-293 ,   5.19| 233-263 ,   4.64| 
147-281 ,   4.56| 131-228 ,   4.31| 164-228 ,   4.31|   0-161 ,   4.13|   0-181 ,   4.08| 
  0-67  ,   3.81|   0-293 ,   3.78| 166-179 ,   3.55|   0-119 ,   3.44|   0-26  ,   3.01| 
263-307 ,   2.46| 238-284 ,   2.34| 185-297 ,   2.16|   0-240 ,   2.07| 158-205 ,   2.05| 
  0-242 ,   1.72|   0-305 ,   1.65| 169-305 ,   1.55|   0-169 ,   1.16|   0-210 ,   0.14| 
-----------------------------------------------------------------------------------------
edge= 4 9 lp= 1.75311 pre= 2 lp2= 31.3675 pre2= 2 score= 54.9908
-----------------------------------------------------------------------------------------
edge= 2 106 lp= 7.16301 pre= 2 lp2= 55.4359 pre2= 2 score= 397.088
-----------------------------------------------------------------------------------------
edge= 137 150 lp= 11.6007 pre= 2 lp2= 17.9709 pre2= 2 score= 208.475
-----------------------------------------------------------------------------------------
edge= 3 128 lp= 9.93999 pre= 2 lp2= 40.981 pre2= 2 score= 407.351
-----------------------------------------------------------------------------------------
candidate= 3-128 : -
-----------------------------------------------------------------------------------------
it= 4   ncol= 1638  ncstr= 609  mt= 0.4   spt= 0.1   lpval= 94005.0   ub= 94044.0  
-----------------------------------------------------------------------------------------
elapsed time= 118.45 s.
-----------------------------------------------------------------------------------------
candidate= 2-106 : -
-----------------------------------------------------------------------------------------
it= 4   ncol= 1635  ncstr= 609  mt= 0.4   spt= 0.1   lpval= 94003.8   ub= 94044.0  
-----------------------------------------------------------------------------------------
elapsed time= 118.98 s.
-----------------------------------------------------------------------------------------
candidate= 2-106 : +
-----------------------------------------------------------------------------------------
it= 4   ncol= 1720  ncstr= 609  mt= 0.4   spt= 0.1   lpval= 94009.2   ub= 94044.0  
-----------------------------------------------------------------------------------------
elapsed time= 119.54 s.
-----------------------------------------------------------------------------------------
candidate= 3-128 : +
-----------------------------------------------------------------------------------------
it= 5   ncol= 1724  ncstr= 609  mt= 0.5   spt= 0.1   lpval= 94017.1   ub= 94044.0  
-----------------------------------------------------------------------------------------
elapsed time= 120.21 s.
-----------------------------------------------------------------------------------------
candidate= 137-150 : -
-----------------------------------------------------------------------------------------
it= 4   ncol= 1632  ncstr= 609  mt= 0.4   spt= 0.1   lpval= 94009.3   ub= 94044.0  
-----------------------------------------------------------------------------------------
elapsed time= 120.75 s.
-----------------------------------------------------------------------------------------
candidate= 137-150 : +
-----------------------------------------------------------------------------------------
it= 5   ncol= 1722  ncstr= 609  mt= 0.5   spt= 0.1   lpval= 94004.1   ub= 94044.0  
-----------------------------------------------------------------------------------------
elapsed time= 121.42 s.
-----------------------------------------------------------------------------------------
brc= 3-128
t= 0.183676 c= 80.2659 n= 0 if_b4= 0
t= 0.584766 c= 96.8793 n= 0 if_b4= 0
#########################################################################################
tree size= 1 lb= 93997.9 ub= 94044
#########################################################################################
idx= 1 value= 93997.9 enu= 1
brc= 50-103 : -
brc= 76-103 : -
brc= 49-105 : -
brc= 70-133 : -
brc= 74-217 : -
brc= 233-246 : -
brc= 164-175 : +
brc= 167-232 : -
brc= 85-105 : +
brc= 3-269 : -
brc= 128-150 : -
brc= 0-218 : -
brc= 79-269 : +
brc= 103-138 : -
brc= 270-279 : -
brc= 1-103 : -
brc= 33-281 : -
brc= 19-60 : -
brc= 3-137 : -
brc= 141-164 : -
brc= 57-64 : +
brc= 3-128 : +
it= 5   ncol= 1677  ncstr= 608  mt= 0.4   spt= 0.1   lpval= 94017.1   ub= 94044.0  
-----------------------------------------------------------------------------------------
elapsed time= 125.77 s.
-----------------------------------------------------------------------------------------
delete columns= 363428 remain= 40152
 ****** Separate RCCs ****** 
 ****** Separate Rank1Cuts ****** 
it= 3   ncol= 1533  ncstr= 554  mt= 0.0   spt= 0.0   lpval= 94017.9   ub= 94044.0  
-----------------------------------------------------------------------------------------
elapsed time= 126.56 s.
-----------------------------------------------------------------------------------------
columns pending deletion= 7397 remain= 40152 col ratio= 0.815775 row ratio= 0.944043
[1;36m[REMIND] 2: gap improved= 0.885617 ratio= 0.033986 threshold= 0.040000 in function increaseCondition2 at /blue/yu.yang1/you.z/route_opt/packages/application/X-n313-k71/src/main/src/call_cutting.cpp:74[0m
 ****** Separate RCCs ****** 
 ****** Separate Rank1Cuts ****** 
it= 3   ncol= 1448  ncstr= 604  mt= 0.0   spt= 0.0   lpval= 94019.0   ub= 94044.0  
-----------------------------------------------------------------------------------------
elapsed time= 127.07 s.
-----------------------------------------------------------------------------------------
columns pending deletion= 12263 remain= 40152 col ratio= 0.694586 row ratio= 0.889073
 ****** Separate RCCs ****** 
 ****** Separate Rank1Cuts ****** 
it= 3   ncol= 1434  ncstr= 651  mt= 0.0   spt= 0.0   lpval= 94019.8   ub= 94044.0  
-----------------------------------------------------------------------------------------
elapsed time= 127.51 s.
-----------------------------------------------------------------------------------------
delete columns= 15154 remain= 24998
[1;36m[REMIND] 2: gap improved= 0.825759 ratio= 0.034189 threshold= 0.040000 in function increaseCondition2 at /blue/yu.yang1/you.z/route_opt/packages/application/X-n313-k71/src/main/src/call_cutting.cpp:74[0m
 ****** Separate RCCs ****** 
 ****** Separate Rank1Cuts ****** 
it= 2   ncol= 1416  ncstr= 565  mt= 0.0   spt= 0.0   lpval= 94019.9   ub= 94044.0  
-----------------------------------------------------------------------------------------
elapsed time= 127.89 s.
-----------------------------------------------------------------------------------------
columns pending deletion= 942 remain= 24998 col ratio= 0.962317 row ratio= 0.964602
current_r_best= 15.9335
alpha= 0.37 beta= 1.51121 omega= 436.997 k1= 13
lb_k= 1 ub_k= 37
revise: lb_k= 11 ub_k= 15
opt_k= 13
alpha= 0.75 beta= 1.51121 omega= 165.672 k1= 3
lb_k= 3 ub_k= 3
opt_k= 3
pseudo= 50 frac= 50
#candidates in phase1= 13
testing lp time= 4.04 s.
-----------------------------------------------------------------------------------------
  4-237 , 116.42|  51-116 ,  50.24|   3-174 ,  50.14| 125-224 ,  42.68|  21-42  ,  36.57| 
132-230 ,  31.06| 131-281 ,  25.54|  60-115 ,  20.56|  43-141 ,  15.52|  13-104 ,  15.26| 
140-284 ,   9.95|  60-89  ,   1.34|   6-9   ,   0.25| 
-----------------------------------------------------------------------------------------
edge= 3 174 lp= 1.00867 pre= 2 lp2= 49.7135 pre2= 2 score= 50.1446
-----------------------------------------------------------------------------------------
edge= 51 116 lp= 1.00824 pre= 2 lp2= 49.8307 pre2= 2 score= 50.2415
-----------------------------------------------------------------------------------------
edge= 4 237 lp= 2.33632 pre= 2 lp2= 49.8307 pre2= 2 score= 116.421
-----------------------------------------------------------------------------------------
candidate= 4-237 : -
-----------------------------------------------------------------------------------------
it= 2   ncol= 1421  ncstr= 566  mt= 0.2   spt= 0.0   lpval= 94022.3   ub= 94044.0  
-----------------------------------------------------------------------------------------
elapsed time= 132.15 s.
-----------------------------------------------------------------------------------------
candidate= 4-237 : +
-----------------------------------------------------------------------------------------
it= 5   ncol= 1508  ncstr= 566  mt= 0.3   spt= 0.0   lpval= 94059.9   ub= 94044.0  
-----------------------------------------------------------------------------------------
elapsed time= 132.47 s.
-----------------------------------------------------------------------------------------
brc= 4-237
t= 0.169449 c= 41.6525 n= 1 if_b4= 0
t= 0.428749 c= 50.8317 n= 1 if_b4= 0
#########################################################################################
tree size= 2 lb= 93997.9 ub= 94044
#########################################################################################
idx= 2 value= 93997.9 enu= 1
brc= 50-103 : -
brc= 76-103 : -
brc= 49-105 : -
brc= 70-133 : -
brc= 74-217 : -
brc= 233-246 : -
brc= 164-175 : +
brc= 167-232 : -
brc= 85-105 : +
brc= 3-269 : -
brc= 128-150 : -
brc= 0-218 : -
brc= 79-269 : +
brc= 103-138 : -
brc= 270-279 : -
brc= 1-103 : -
brc= 33-281 : -
brc= 19-60 : -
brc= 3-137 : -
brc= 141-164 : -
brc= 57-64 : +
brc= 3-128 : -
it= 4   ncol= 1672  ncstr= 608  mt= 0.1   spt= 0.1   lpval= 94005.0   ub= 94044.0  
-----------------------------------------------------------------------------------------
elapsed time= 133.45 s.
-----------------------------------------------------------------------------------------
delete columns= 203950 remain= 200371
 ****** Separate RCCs ****** 
 ****** Separate Rank1Cuts ****** 
it= 3   ncol= 1649  ncstr= 573  mt= 0.0   spt= 0.0   lpval= 94006.3   ub= 94044.0  
-----------------------------------------------------------------------------------------
elapsed time= 134.40 s.
-----------------------------------------------------------------------------------------
columns pending deletion= 29660 remain= 200371 col ratio= 0.851975 row ratio= 0.961606
[1;36m[REMIND] 2: gap improved= 1.260797 ratio= 0.033404 threshold= 0.040000 in function increaseCondition2 at /blue/yu.yang1/you.z/route_opt/packages/application/X-n313-k71/src/main/src/call_cutting.cpp:74[0m
 ****** Separate RCCs ****** 
 ****** Separate Rank1Cuts ****** 
it= 2   ncol= 1636  ncstr= 600  mt= 0.0   spt= 0.0   lpval= 94006.4   ub= 94044.0  
-----------------------------------------------------------------------------------------
elapsed time= 134.93 s.
-----------------------------------------------------------------------------------------
columns pending deletion= 38265 remain= 200371 col ratio= 0.809029 row ratio= 0.935
[1;36m[REMIND] 2: gap improved= 0.131677 ratio= 0.003501 threshold= 0.040000 in function increaseCondition2 at /blue/yu.yang1/you.z/route_opt/packages/application/X-n313-k71/src/main/src/call_cutting.cpp:74[0m
 ****** Separate RCCs ****** 
 ****** Separate Rank1Cuts ****** 
it= 2   ncol= 1636  ncstr= 669  mt= 0.0   spt= 0.0   lpval= 94006.4   ub= 94044.0  
-----------------------------------------------------------------------------------------
elapsed time= 135.66 s.
-----------------------------------------------------------------------------------------
columns pending deletion= 41313 remain= 200371 col ratio= 0.793817 row ratio= 0.852018
current_r_best= 9.92332
alpha= 0.37 beta= 3.78657 omega= 245.812 k1= 15
lb_k= 1 ub_k= 37
revise: lb_k= 12 ub_k= 19
opt_k= 16
alpha= 0.75 beta= 3.78657 omega= 118.558 k1= 3
lb_k= 1 ub_k= 3
revise: lb_k= 2 ub_k= 3
opt_k= 3
pseudo= 50 frac= 50
#candidates in phase1= 16
testing lp time= 7.54 s.
-----------------------------------------------------------------------------------------
 60-115 , 183.42|  19-128 , 180.48| 131-281 , 179.59|  19-174 , 171.66| 115-137 , 155.60| 
106-115 , 112.16|   6-19  , 108.41|   3-150 ,  45.02| 250-278 ,  27.15|  13-104 ,  17.53| 
  4-9   ,  14.42| 132-230 ,  14.41|  71-109 ,  10.05|  81-183 ,   8.45|   4-137 ,   2.22| 
 60-128 ,   0.00| 
-----------------------------------------------------------------------------------------
edge= 131 281 lp= 4.28626 pre= 2 lp2= 41.8988 pre2= 2 score= 179.589
-----------------------------------------------------------------------------------------
edge= 19 128 lp= 2.66284 pre= 2 lp2= 67.7786 pre2= 2 score= 180.483
-----------------------------------------------------------------------------------------
edge= 60 115 lp= 2.70622 pre= 2 lp2= 67.7786 pre2= 2 score= 183.424
-----------------------------------------------------------------------------------------
candidate= 60-115 : -
-----------------------------------------------------------------------------------------
it= 2   ncol= 1666  ncstr= 670  mt= 0.4   spt= 0.0   lpval= 94007.1   ub= 94044.0  
-----------------------------------------------------------------------------------------
elapsed time= 143.61 s.
-----------------------------------------------------------------------------------------
candidate= 19-128 : -
-----------------------------------------------------------------------------------------
it= 2   ncol= 1678  ncstr= 670  mt= 0.4   spt= 0.0   lpval= 94009.0   ub= 94044.0  
-----------------------------------------------------------------------------------------
elapsed time= 144.02 s.
-----------------------------------------------------------------------------------------
candidate= 131-281 : -
-----------------------------------------------------------------------------------------
it= 4   ncol= 1670  ncstr= 670  mt= 0.4   spt= 0.1   lpval= 94010.0   ub= 94044.0  
-----------------------------------------------------------------------------------------
elapsed time= 144.50 s.
-----------------------------------------------------------------------------------------
candidate= 19-128 : +
-----------------------------------------------------------------------------------------
it= 5   ncol= 1761  ncstr= 670  mt= 0.4   spt= 0.1   lpval= 94066.0   ub= 94044.0  
-----------------------------------------------------------------------------------------
elapsed time= 145.04 s.
-----------------------------------------------------------------------------------------
brc= 19-128
t= 0.191553 c= 28.895 n= 2 if_b4= 0
t= 0.439062 c= 35.9654 n= 2 if_b4= 0
#########################################################################################
tree size= 3 lb= 94006.4 ub= 94044
#########################################################################################
idx= 5 value= 94006.4 enu= 1
brc= 50-103 : -
brc= 76-103 : -
brc= 49-105 : -
brc= 70-133 : -
brc= 74-217 : -
brc= 233-246 : -
brc= 164-175 : +
brc= 167-232 : -
brc= 85-105 : +
brc= 3-269 : -
brc= 128-150 : -
brc= 0-218 : -
brc= 79-269 : +
brc= 103-138 : -
brc= 270-279 : -
brc= 1-103 : -
brc= 33-281 : -
brc= 19-60 : -
brc= 3-137 : -
brc= 141-164 : -
brc= 57-64 : +
brc= 3-128 : -
brc= 19-128 : +
it= 5   ncol= 1716  ncstr= 669  mt= 0.4   spt= 0.1   lpval= 94066.0   ub= 94044.0  
-----------------------------------------------------------------------------------------
elapsed time= 147.47 s.
-----------------------------------------------------------------------------------------
#########################################################################################
tree size= 2 lb= 94006.4 ub= 94044
#########################################################################################
idx= 6 value= 94006.4 enu= 1
brc= 50-103 : -
brc= 76-103 : -
brc= 49-105 : -
brc= 70-133 : -
brc= 74-217 : -
brc= 233-246 : -
brc= 164-175 : +
brc= 167-232 : -
brc= 85-105 : +
brc= 3-269 : -
brc= 128-150 : -
brc= 0-218 : -
brc= 79-269 : +
brc= 103-138 : -
brc= 270-279 : -
brc= 1-103 : -
brc= 33-281 : -
brc= 19-60 : -
brc= 3-137 : -
brc= 141-164 : -
brc= 57-64 : +
brc= 3-128 : -
brc= 19-128 : -
it= 3   ncol= 1674  ncstr= 669  mt= 0.0   spt= 0.0   lpval= 94009.0   ub= 94044.0  
-----------------------------------------------------------------------------------------
elapsed time= 147.59 s.
-----------------------------------------------------------------------------------------
columns pending deletion= 37566 remain= 159048 col ratio= 0.763807 row ratio= 0.825112
 ****** Separate RCCs ****** 
 ****** Separate Rank1Cuts ****** 
it= 3   ncol= 1624  ncstr= 726  mt= 0.0   spt= 0.0   lpval= 94009.2   ub= 94044.0  
-----------------------------------------------------------------------------------------
elapsed time= 148.12 s.
-----------------------------------------------------------------------------------------
delete columns= 43174 remain= 115874
[1;36m[REMIND] 2: gap improved= 0.158888 ratio= 0.004562 threshold= 0.040000 in function increaseCondition2 at /blue/yu.yang1/you.z/route_opt/packages/application/X-n313-k71/src/main/src/call_cutting.cpp:74[0m
 ****** Separate RCCs ****** 
 ****** Separate Rank1Cuts ****** 
it= 3   ncol= 1628  ncstr= 608  mt= 0.0   spt= 0.0   lpval= 94009.3   ub= 94044.0  
-----------------------------------------------------------------------------------------
elapsed time= 149.17 s.
-----------------------------------------------------------------------------------------
columns pending deletion= 9156 remain= 115874 col ratio= 0.920983 row ratio= 0.924342
[1;36m[REMIND] 2: gap improved= 0.151441 ratio= 0.004367 threshold= 0.040000 in function increaseCondition2 at /blue/yu.yang1/you.z/route_opt/packages/application/X-n313-k71/src/main/src/call_cutting.cpp:74[0m
 ****** Separate RCCs ****** 
 ****** Separate Rank1Cuts ****** 
it= 3   ncol= 1614  ncstr= 693  mt= 0.0   spt= 0.0   lpval= 94009.4   ub= 94044.0  
-----------------------------------------------------------------------------------------
elapsed time= 150.06 s.
-----------------------------------------------------------------------------------------
columns pending deletion= 12397 remain= 115874 col ratio= 0.893013 row ratio= 0.82684
[1;36m[REMIND] 1: gap improved= 0.098806 threshold= 0.100000 in function increaseCondition1 at /blue/yu.yang1/you.z/route_opt/packages/application/X-n313-k71/src/main/src/call_cutting.cpp:58[0m
[1;36m[REMIND] tail off counter= 3 threshold= 3 in function setIfTailOff at /blue/yu.yang1/you.z/route_opt/packages/application/X-n313-k71/src/main/src/call_cutting.cpp:150[0m
current_r_best= 9.92332
alpha= 0.37 beta= 3.48468 omega= 150.846 k1= 11
lb_k= 1 ub_k= 37
revise: lb_k= 9 ub_k= 14
opt_k= 12
alpha= 0.75 beta= 3.48468 omega= 81.9143 k1= 3
lb_k= 1 ub_k= 3
revise: lb_k= 2 ub_k= 3
opt_k= 3
pseudo= 50 frac= 50
#candidates in phase1= 12
testing lp time= 5.73 s.
-----------------------------------------------------------------------------------------
115-128 , 114.19|   2-230 ,  62.50| 106-202 ,  32.67|  60-115 ,  32.13|   2-130 ,  23.48| 
132-230 ,  20.46|  30-128 ,  15.88| 201-218 ,  12.17|  71-109 ,  12.06|  70-121 ,  11.21| 
 13-104 ,   5.58| 128-137 ,   0.00| 
-----------------------------------------------------------------------------------------
edge= 2 230 lp= 0.891491 pre= 2 lp2= 70.111 pre2= 2 score= 62.5033
-----------------------------------------------------------------------------------------
edge= 106 202 lp= 1.64657 pre= 2 lp2= 19.8411 pre2= 2 score= 32.6698
-----------------------------------------------------------------------------------------
edge= 115 128 lp= 1.85821 pre= 2 lp2= 61.454 pre2= 2 score= 114.194
-----------------------------------------------------------------------------------------
candidate= 115-128 : -
-----------------------------------------------------------------------------------------
it= 3   ncol= 1636  ncstr= 694  mt= 0.5   spt= 0.0   lpval= 94010.9   ub= 94044.0  
-----------------------------------------------------------------------------------------
elapsed time= 156.34 s.
-----------------------------------------------------------------------------------------
candidate= 115-128 : +
-----------------------------------------------------------------------------------------
it= 5   ncol= 1713  ncstr= 694  mt= 0.5   spt= 0.1   lpval= 94066.3   ub= 94044.0  
-----------------------------------------------------------------------------------------
elapsed time= 156.93 s.
-----------------------------------------------------------------------------------------
brc= 115-128
t= 0.203339 c= 22.4588 n= 3 if_b4= 0
t= 0.470572 c= 28.3365 n= 3 if_b4= 0
#########################################################################################
tree size= 3 lb= 94009.4 ub= 94044
#########################################################################################
idx= 7 value= 94009.4 enu= 1
brc= 50-103 : -
brc= 76-103 : -
brc= 49-105 : -
brc= 70-133 : -
brc= 74-217 : -
brc= 233-246 : -
brc= 164-175 : +
brc= 167-232 : -
brc= 85-105 : +
brc= 3-269 : -
brc= 128-150 : -
brc= 0-218 : -
brc= 79-269 : +
brc= 103-138 : -
brc= 270-279 : -
brc= 1-103 : -
brc= 33-281 : -
brc= 19-60 : -
brc= 3-137 : -
brc= 141-164 : -
brc= 57-64 : +
brc= 3-128 : -
brc= 19-128 : -
brc= 115-128 : +
it= 5   ncol= 1683  ncstr= 693  mt= 0.5   spt= 0.0   lpval= 94066.3   ub= 94044.0  
-----------------------------------------------------------------------------------------
elapsed time= 159.07 s.
-----------------------------------------------------------------------------------------
#########################################################################################
tree size= 2 lb= 94009.4 ub= 94044
#########################################################################################
idx= 8 value= 94009.4 enu= 1
brc= 50-103 : -
brc= 76-103 : -
brc= 49-105 : -
brc= 70-133 : -
brc= 74-217 : -
brc= 233-246 : -
brc= 164-175 : +
brc= 167-232 : -
brc= 85-105 : +
brc= 3-269 : -
brc= 128-150 : -
brc= 0-218 : -
brc= 79-269 : +
brc= 103-138 : -
brc= 270-279 : -
brc= 1-103 : -
brc= 33-281 : -
brc= 19-60 : -
brc= 3-137 : -
brc= 141-164 : -
brc= 57-64 : +
brc= 3-128 : -
brc= 19-128 : -
brc= 115-128 : -
it= 4   ncol= 1640  ncstr= 693  mt= 0.1   spt= 0.0   lpval= 94010.9   ub= 94044.0  
-----------------------------------------------------------------------------------------
elapsed time= 159.21 s.
-----------------------------------------------------------------------------------------
columns pending deletion= 12303 remain= 103468 col ratio= 0.881094 row ratio= 0.809524
 ****** Separate RCCs ****** 
 ****** Separate Rank1Cuts ****** 
it= 2   ncol= 1625  ncstr= 704  mt= 0.0   spt= 0.0   lpval= 94011.3   ub= 94044.0  
-----------------------------------------------------------------------------------------
elapsed time= 159.60 s.
-----------------------------------------------------------------------------------------
columns pending deletion= 18173 remain= 103468 col ratio= 0.824361 row ratio= 0.823864
[1;36m[REMIND] 2: gap improved= 0.340562 ratio= 0.010409 threshold= 0.040000 in function increaseCondition2 at /blue/yu.yang1/you.z/route_opt/packages/application/X-n313-k71/src/main/src/call_cutting.cpp:74[0m
 ****** Separate RCCs ****** 
 ****** Separate Rank1Cuts ****** 
it= 3   ncol= 1640  ncstr= 788  mt= 0.0   spt= 0.0   lpval= 94011.8   ub= 94044.0  
-----------------------------------------------------------------------------------------
elapsed time= 160.16 s.
-----------------------------------------------------------------------------------------
delete columns= 25512 remain= 77956
[1;36m[REMIND] 2: gap improved= 0.553088 ratio= 0.017196 threshold= 0.040000 in function increaseCondition2 at /blue/yu.yang1/you.z/route_opt/packages/application/X-n313-k71/src/main/src/call_cutting.cpp:74[0m
 ****** Separate RCCs ****** 
 ****** Separate Rank1Cuts ****** 
it= 2   ncol= 1635  ncstr= 591  mt= 0.0   spt= 0.0   lpval= 94012.0   ub= 94044.0  
-----------------------------------------------------------------------------------------
elapsed time= 160.75 s.
-----------------------------------------------------------------------------------------
columns pending deletion= 2977 remain= 77956 col ratio= 0.961812 row ratio= 0.979695
[1;36m[REMIND] 2: gap improved= 0.179532 ratio= 0.005613 threshold= 0.040000 in function increaseCondition2 at /blue/yu.yang1/you.z/route_opt/packages/application/X-n313-k71/src/main/src/call_cutting.cpp:74[0m
[1;36m[REMIND] tail off counter= 3 threshold= 3 in function setIfTailOff at /blue/yu.yang1/you.z/route_opt/packages/application/X-n313-k71/src/main/src/call_cutting.cpp:150[0m
current_r_best= 9.92332
alpha= 0.37 beta= 3.22318 omega= 110.45 k1= 9
lb_k= 1 ub_k= 37
revise: lb_k= 7 ub_k= 12
opt_k= 10
alpha= 0.75 beta= 3.22318 omega= 60.2171 k1= 3
lb_k= 1 ub_k= 3
revise: lb_k= 2 ub_k= 3
opt_k= 3
pseudo= 50 frac= 50
#candidates in phase1= 10
testing lp time= 3.47 s.
-----------------------------------------------------------------------------------------
  2-230 , 107.07|  60-137 ,  31.57| 106-202 ,  26.98| 202-276 ,  26.07|  32-152 ,  19.14| 
 13-104 ,  18.44| 115-139 ,  15.95|  19-106 ,   9.30|  62-68  ,   4.46|   6-150 ,   0.00| 
-----------------------------------------------------------------------------------------
edge= 106 202 lp= 1.61975 pre= 2 lp2= 16.6588 pre2= 2 score= 26.983
-----------------------------------------------------------------------------------------
edge= 60 137 lp= 4.72703 pre= 2 lp2= 6.6788 pre2= 2 score= 31.5709
-----------------------------------------------------------------------------------------
edge= 2 230 lp= 0.759316 pre= 2 lp2= 141.013 pre2= 2 score= 107.073
-----------------------------------------------------------------------------------------
candidate= 2-230 : -
-----------------------------------------------------------------------------------------
it= 2   ncol= 1639  ncstr= 592  mt= 0.3   spt= 0.0   lpval= 94012.8   ub= 94044.0  
-----------------------------------------------------------------------------------------
elapsed time= 164.55 s.
-----------------------------------------------------------------------------------------
candidate= 2-230 : +
-----------------------------------------------------------------------------------------
it= 4   ncol= 1723  ncstr= 592  mt= 0.4   spt= 0.0   lpval= 94029.4   ub= 94044.0  
-----------------------------------------------------------------------------------------
elapsed time= 165.02 s.
-----------------------------------------------------------------------------------------
candidate= 60-137 : -
-----------------------------------------------------------------------------------------
it= 4   ncol= 1652  ncstr= 592  mt= 0.3   spt= 0.0   lpval= 94016.5   ub= 94044.0  
-----------------------------------------------------------------------------------------
elapsed time= 165.39 s.
-----------------------------------------------------------------------------------------
candidate= 60-137 : +
-----------------------------------------------------------------------------------------
it= 3   ncol= 1671  ncstr= 592  mt= 0.3   spt= 0.0   lpval= 94018.3   ub= 94044.0  
-----------------------------------------------------------------------------------------
elapsed time= 165.74 s.
-----------------------------------------------------------------------------------------
brc= 60-137
t= 0.197404 c= 18.4545 n= 4 if_b4= 0
t= 0.452282 c= 23.3523 n= 4 if_b4= 0
#########################################################################################
tree size= 3 lb= 94012 ub= 94044
#########################################################################################
idx= 9 value= 94012 enu= 1
brc= 50-103 : -
brc= 76-103 : -
brc= 49-105 : -
brc= 70-133 : -
brc= 74-217 : -
brc= 233-246 : -
brc= 164-175 : +
brc= 167-232 : -
brc= 85-105 : +
brc= 3-269 : -
brc= 128-150 : -
brc= 0-218 : -
brc= 79-269 : +
brc= 103-138 : -
brc= 270-279 : -
brc= 1-103 : -
brc= 33-281 : -
brc= 19-60 : -
brc= 3-137 : -
brc= 141-164 : -
brc= 57-64 : +
brc= 3-128 : -
brc= 19-128 : -
brc= 115-128 : -
brc= 60-137 : +
it= 3   ncol= 1630  ncstr= 591  mt= 0.3   spt= 0.0   lpval= 94018.3   ub= 94044.0  
-----------------------------------------------------------------------------------------
elapsed time= 167.13 s.
-----------------------------------------------------------------------------------------
delete columns= 41238 remain= 33500
 ****** Separate RCCs ****** 
 ****** Separate Rank1Cuts ****** 
it= 2   ncol= 1572  ncstr= 659  mt= 0.0   spt= 0.0   lpval= 94019.6   ub= 94044.0  
-----------------------------------------------------------------------------------------
elapsed time= 167.68 s.
-----------------------------------------------------------------------------------------
columns pending deletion= 6877 remain= 33500 col ratio= 0.794716 row ratio= 0.83915
 ****** Separate RCCs ****** 
 ****** Separate Rank1Cuts ****** 
it= 3   ncol= 1557  ncstr= 699  mt= 0.0   spt= 0.0   lpval= 94020.2   ub= 94044.0  
-----------------------------------------------------------------------------------------
elapsed time= 168.21 s.
-----------------------------------------------------------------------------------------
delete columns= 11048 remain= 22452
[1;36m[REMIND] 2: gap improved= 0.646029 ratio= 0.027144 threshold= 0.040000 in function increaseCondition2 at /blue/yu.yang1/you.z/route_opt/packages/application/X-n313-k71/src/main/src/call_cutting.cpp:74[0m
 ****** Separate RCCs ****** 
 ****** Separate Rank1Cuts ****** 
it= 2   ncol= 1543  ncstr= 585  mt= 0.0   spt= 0.0   lpval= 94020.5   ub= 94044.0  
-----------------------------------------------------------------------------------------
elapsed time= 169.03 s.
-----------------------------------------------------------------------------------------
columns pending deletion= 1815 remain= 22452 col ratio= 0.919161 row ratio= 0.967521
[1;36m[REMIND] 2: gap improved= 0.321445 ratio= 0.013691 threshold= 0.040000 in function increaseCondition2 at /blue/yu.yang1/you.z/route_opt/packages/application/X-n313-k71/src/main/src/call_cutting.cpp:74[0m
 ****** Separate RCCs ****** 
 ****** Separate Rank1Cuts ****** 
it= 2   ncol= 1518  ncstr= 617  mt= 0.0   spt= 0.0   lpval= 94020.6   ub= 94044.0  
-----------------------------------------------------------------------------------------
elapsed time= 169.49 s.
-----------------------------------------------------------------------------------------
columns pending deletion= 2546 remain= 22452 col ratio= 0.886603 row ratio= 0.931929
current_r_best= 9.92332
alpha= 0.37 beta= 2.3565 omega= 93.4859 k1= 7
lb_k= 1 ub_k= 37
revise: lb_k= 6 ub_k= 9
opt_k= 8
alpha= 0.75 beta= 2.3565 omega= 51.6322 k1= 3
lb_k= 1 ub_k= 3
revise: lb_k= 2 ub_k= 3
opt_k= 3
pseudo= 50 frac= 50
#candidates in phase1= 8
testing lp time= 3.06 s.
-----------------------------------------------------------------------------------------
117-237 , 116.36| 131-281 ,  84.18|   9-30  ,  38.79|   9-51  ,  28.69|  30-230 ,  23.94| 
  0-59  ,  21.33|  62-68  ,  21.33|  13-104 ,  15.85| 
-----------------------------------------------------------------------------------------
edge= 9 30 lp= 3.01734 pre= 0 lp2= 12.857 pre2= 2 score= 38.7941
-----------------------------------------------------------------------------------------
edge= 131 281 lp= 2.9453 pre= 1 lp2= 28.5812 pre2= 2 score= 84.1802
-----------------------------------------------------------------------------------------
edge= 117 237 lp= 38.4547 pre= 2 lp2= 3.02587 pre2= 0 score= 116.359
-----------------------------------------------------------------------------------------
candidate= 117-237 : -
-----------------------------------------------------------------------------------------
it= 4   ncol= 1573  ncstr= 618  mt= 0.4   spt= 0.0   lpval= 94047.8   ub= 94044.0  
-----------------------------------------------------------------------------------------
elapsed time= 173.00 s.
-----------------------------------------------------------------------------------------
candidate= 131-281 : +
-----------------------------------------------------------------------------------------
it= 5   ncol= 1581  ncstr= 618  mt= 0.4   spt= 0.0   lpval= 94044.8   ub= 94044.0  
-----------------------------------------------------------------------------------------
elapsed time= 173.37 s.
-----------------------------------------------------------------------------------------
brc= 117-237
t= 0.196336 c= 15.9023 n= 5 if_b4= 0
t= 0.444897 c= 20.1705 n= 5 if_b4= 0
#########################################################################################
tree size= 4 lb= 94012 ub= 94044
#########################################################################################
idx= 10 value= 94012 enu= 1
brc= 50-103 : -
brc= 76-103 : -
brc= 49-105 : -
brc= 70-133 : -
brc= 74-217 : -
brc= 233-246 : -
brc= 164-175 : +
brc= 167-232 : -
brc= 85-105 : +
brc= 3-269 : -
brc= 128-150 : -
brc= 0-218 : -
brc= 79-269 : +
brc= 103-138 : -
brc= 270-279 : -
brc= 1-103 : -
brc= 33-281 : -
brc= 19-60 : -
brc= 3-137 : -
brc= 141-164 : -
brc= 57-64 : +
brc= 3-128 : -
brc= 19-128 : -
brc= 115-128 : -
brc= 60-137 : -
it= 3   ncol= 1642  ncstr= 591  mt= 0.1   spt= 0.0   lpval= 94016.5   ub= 94044.0  
-----------------------------------------------------------------------------------------
elapsed time= 174.41 s.
-----------------------------------------------------------------------------------------
delete columns= 34460 remain= 40488
 ****** Separate RCCs ****** 
 ****** Separate Rank1Cuts ****** 
it= 3   ncol= 1597  ncstr= 594  mt= 0.0   spt= 0.0   lpval= 94019.9   ub= 94044.0  
-----------------------------------------------------------------------------------------
elapsed time= 175.01 s.
-----------------------------------------------------------------------------------------
delete columns= 15215 remain= 25273
 ****** Separate RCCs ****** 
 ****** Separate Rank1Cuts ****** 
it= 3   ncol= 1560  ncstr= 612  mt= 0.0   spt= 0.0   lpval= 94020.8   ub= 94044.0  
-----------------------------------------------------------------------------------------
elapsed time= 175.85 s.
-----------------------------------------------------------------------------------------
columns pending deletion= 4302 remain= 25273 col ratio= 0.829779 row ratio= 0.892157
 ****** Separate RCCs ****** 
 ****** Separate Rank1Cuts ****** 
it= 2   ncol= 1527  ncstr= 634  mt= 0.0   spt= 0.0   lpval= 94020.9   ub= 94044.0  
-----------------------------------------------------------------------------------------
elapsed time= 176.28 s.
-----------------------------------------------------------------------------------------
columns pending deletion= 5053 remain= 25273 col ratio= 0.800063 row ratio= 0.880126
current_r_best= 6.50786
alpha= 0.37 beta= 3.55164 omega= 80.9954 k1= 8
lb_k= 1 ub_k= 37
revise: lb_k= 7 ub_k= 11
opt_k= 9
alpha= 0.75 beta= 3.55164 omega= 45.3374 k1= 3
lb_k= 1 ub_k= 3
revise: lb_k= 2 ub_k= 3
opt_k= 3
pseudo= 50 frac= 50
#candidates in phase1= 9
testing lp time= 3.44 s.
-----------------------------------------------------------------------------------------
126-152 ,  47.54|   2-64  ,  39.72| 117-237 ,  35.58| 131-281 ,  28.55| 208-230 ,   8.39| 
  4-84  ,   7.13| 132-302 ,   2.26| 165-280 ,   1.98|   0-51  ,   0.30| 
-----------------------------------------------------------------------------------------
edge= 117 237 lp= 26.6082 pre= 1 lp2= 1.33734 pre2= 0 score= 35.5843
-----------------------------------------------------------------------------------------
edge= 2 64 lp= 1.13306 pre= 0 lp2= 35.0577 pre2= 2 score= 39.7226
-----------------------------------------------------------------------------------------
edge= 126 152 lp= 10.5102 pre= 0 lp2= 4.52284 pre2= 1 score= 47.5358
-----------------------------------------------------------------------------------------
brc= 126-152
t= 0.195554 c= 13.9104 n= 6 if_b4= 0
t= 0.444897 c= 17.8142 n= 6 if_b4= 0
#########################################################################################
tree size= 5 lb= 94019.9 ub= 94044
#########################################################################################
idx= 3 value= 94019.9 enu= 1
brc= 50-103 : -
brc= 76-103 : -
brc= 49-105 : -
brc= 70-133 : -
brc= 74-217 : -
brc= 233-246 : -
brc= 164-175 : +
brc= 167-232 : -
brc= 85-105 : +
brc= 3-269 : -
brc= 128-150 : -
brc= 0-218 : -
brc= 79-269 : +
brc= 103-138 : -
brc= 270-279 : -
brc= 1-103 : -
brc= 33-281 : -
brc= 19-60 : -
brc= 3-137 : -
brc= 141-164 : -
brc= 57-64 : +
brc= 3-128 : +
brc= 4-237 : +
it= 5   ncol= 1405  ncstr= 565  mt= 0.3   spt= 0.0   lpval= 94059.9   ub= 94044.0  
-----------------------------------------------------------------------------------------
elapsed time= 180.97 s.
-----------------------------------------------------------------------------------------
#########################################################################################
tree size= 4 lb= 94019.9 ub= 94044
#########################################################################################
idx= 4 value= 94019.9 enu= 1
brc= 50-103 : -
brc= 76-103 : -
brc= 49-105 : -
brc= 70-133 : -
brc= 74-217 : -
brc= 233-246 : -
brc= 164-175 : +
brc= 167-232 : -
brc= 85-105 : +
brc= 3-269 : -
brc= 128-150 : -
brc= 0-218 : -
brc= 79-269 : +
brc= 103-138 : -
brc= 270-279 : -
brc= 1-103 : -
brc= 33-281 : -
brc= 19-60 : -
brc= 3-137 : -
brc= 141-164 : -
brc= 57-64 : +
brc= 3-128 : +
brc= 4-237 : -
it= 3   ncol= 1435  ncstr= 565  mt= 0.0   spt= 0.0   lpval= 94022.3   ub= 94044.0  
-----------------------------------------------------------------------------------------
elapsed time= 181.03 s.
-----------------------------------------------------------------------------------------
columns pending deletion= 6612 remain= 24051 col ratio= 0.725084 row ratio= 0.946903
 ****** Separate RCCs ****** 
 ****** Separate Rank1Cuts ****** 
it= 2   ncol= 1389  ncstr= 625  mt= 0.0   spt= 0.0   lpval= 94022.5   ub= 94044.0  
-----------------------------------------------------------------------------------------
elapsed time= 181.44 s.
-----------------------------------------------------------------------------------------
delete columns= 7648 remain= 16403
[1;36m[REMIND] 2: gap improved= 0.219127 ratio= 0.010180 threshold= 0.040000 in function increaseCondition2 at /blue/yu.yang1/you.z/route_opt/packages/application/X-n313-k71/src/main/src/call_cutting.cpp:74[0m
mip: row= 542 col= 17787 density= 4.25126%
mip time= 16.35 s.
mip status= 6
update f from 0 to 21.5259
#########################################################################################
tree size= 3 lb= 94020.6 ub= 94044
#########################################################################################
idx= 11 value= 94020.6 enu= 1
brc= 50-103 : -
brc= 76-103 : -
brc= 49-105 : -
brc= 70-133 : -
brc= 74-217 : -
brc= 233-246 : -
brc= 164-175 : +
brc= 167-232 : -
brc= 85-105 : +
brc= 3-269 : -
brc= 128-150 : -
brc= 0-218 : -
brc= 79-269 : +
brc= 103-138 : -
brc= 270-279 : -
brc= 1-103 : -
brc= 33-281 : -
brc= 19-60 : -
brc= 3-137 : -
brc= 141-164 : -
brc= 57-64 : +
brc= 3-128 : -
brc= 19-128 : -
brc= 115-128 : -
brc= 60-137 : +
brc= 117-237 : +
it= 3   ncol= 1510  ncstr= 617  mt= 0.4   spt= 0.0   lpval= 94023.6   ub= 94044.0  
-----------------------------------------------------------------------------------------
elapsed time= 198.26 s.
-----------------------------------------------------------------------------------------
columns pending deletion= 5899 remain= 19861 col ratio= 0.702986 row ratio= 0.902755
 ****** Separate RCCs ****** 
 ****** Separate Rank1Cuts ****** 
it= 3   ncol= 1460  ncstr= 662  mt= 0.0   spt= 0.0   lpval= 94024.8   ub= 94044.0  
-----------------------------------------------------------------------------------------
elapsed time= 198.85 s.
-----------------------------------------------------------------------------------------
delete columns= 8747 remain= 11114
mip: row= 562 col= 12552 density= 4.25321%
mip time= 7.36 s.
mip status= 6
#########################################################################################
tree size= 2 lb= 94020.6 ub= 94044
#########################################################################################
idx= 12 value= 94020.6 enu= 1
brc= 50-103 : -
brc= 76-103 : -
brc= 49-105 : -
brc= 70-133 : -
brc= 74-217 : -
brc= 233-246 : -
brc= 164-175 : +
brc= 167-232 : -
brc= 85-105 : +
brc= 3-269 : -
brc= 128-150 : -
brc= 0-218 : -
brc= 79-269 : +
brc= 103-138 : -
brc= 270-279 : -
brc= 1-103 : -
brc= 33-281 : -
brc= 19-60 : -
brc= 3-137 : -
brc= 141-164 : -
brc= 57-64 : +
brc= 3-128 : -
brc= 19-128 : -
brc= 115-128 : -
brc= 60-137 : +
brc= 117-237 : -
it= 4   ncol= 1564  ncstr= 617  mt= 0.1   spt= 0.0   lpval= 94047.8   ub= 94044.0  
-----------------------------------------------------------------------------------------
elapsed time= 206.78 s.
-----------------------------------------------------------------------------------------
#########################################################################################
tree size= 1 lb= 94020.9 ub= 94044
#########################################################################################
idx= 13 value= 94020.9 enu= 1
brc= 50-103 : -
brc= 76-103 : -
brc= 49-105 : -
brc= 70-133 : -
brc= 74-217 : -
brc= 233-246 : -
brc= 164-175 : +
brc= 167-232 : -
brc= 85-105 : +
brc= 3-269 : -
brc= 128-150 : -
brc= 0-218 : -
brc= 79-269 : +
brc= 103-138 : -
brc= 270-279 : -
brc= 1-103 : -
brc= 33-281 : -
brc= 19-60 : -
brc= 3-137 : -
brc= 141-164 : -
brc= 57-64 : +
brc= 3-128 : -
brc= 19-128 : -
brc= 115-128 : -
brc= 60-137 : -
brc= 126-152 : +
it= 2   ncol= 1445  ncstr= 634  mt= 0.3   spt= 0.0   lpval= 94024.6   ub= 94044.0  
-----------------------------------------------------------------------------------------
elapsed time= 207.12 s.
-----------------------------------------------------------------------------------------
delete columns= 8701 remain= 11294
 ****** Separate RCCs ****** 
 ****** Separate Rank1Cuts ****** 
it= 2   ncol= 1317  ncstr= 585  mt= 0.0   spt= 0.0   lpval= 94025.2   ub= 94044.0  
-----------------------------------------------------------------------------------------
elapsed time= 207.56 s.
-----------------------------------------------------------------------------------------
columns pending deletion= 857 remain= 11294 col ratio= 0.924119 row ratio= 0.931624
[1;36m[REMIND] 2: gap improved= 0.517534 ratio= 0.027481 threshold= 0.040000 in function increaseCondition2 at /blue/yu.yang1/you.z/route_opt/packages/application/X-n313-k71/src/main/src/call_cutting.cpp:74[0m
mip: row= 545 col= 11743 density= 4.60452%
mip time= 7.12 s.
mip status= 6
#########################################################################################
tree size= 0 lb= 94020.9 ub= 94044
#########################################################################################
idx= 14 value= 94020.9 enu= 1
brc= 50-103 : -
brc= 76-103 : -
brc= 49-105 : -
brc= 70-133 : -
brc= 74-217 : -
brc= 233-246 : -
brc= 164-175 : +
brc= 167-232 : -
brc= 85-105 : +
brc= 3-269 : -
brc= 128-150 : -
brc= 0-218 : -
brc= 79-269 : +
brc= 103-138 : -
brc= 270-279 : -
brc= 1-103 : -
brc= 33-281 : -
brc= 19-60 : -
brc= 3-137 : -
brc= 141-164 : -
brc= 57-64 : +
brc= 3-128 : -
brc= 19-128 : -
brc= 115-128 : -
brc= 60-137 : -
brc= 126-152 : -
it= 2   ncol= 1536  ncstr= 634  mt= 0.0   spt= 0.0   lpval= 94031.4   ub= 94044.0  
-----------------------------------------------------------------------------------------
elapsed time= 214.78 s.
-----------------------------------------------------------------------------------------
delete columns= 16508 remain= 3690
 ****** Separate RCCs ****** 
 ****** Separate Rank1Cuts ****** 
it= 3   ncol= 1282  ncstr= 649  mt= 0.1   spt= 0.0   lpval= 94041.5   ub= 94044.0  
-----------------------------------------------------------------------------------------
elapsed time= 215.79 s.
-----------------------------------------------------------------------------------------
delete columns= 3060 remain= 630
mip: row= 532 col= 1369 density= 3.27526%
mip time= 0.08 s.
mip status= 3
#########################################################################################
[32m<Instance: X-n313-k71>
<Solution>
<UB= 94044>
<LB= 94044>
<Elapsed Time= 216.1>
<Nodes Explored= 15>
<Global Gap= 0%>[0m
#########################################################################################
File nodes/X-n313-k71_6_1_3_7_G32.node deleted successfully.
