application type: CVRP
X-n313-k71_6_0_0_1_0_G32.node
Set parameter ServerTimeout to value 600
Set parameter TokenServer to value "grb-ts.ufhpc"
Set parameter Threads to value 1
instance name= X-n313-k71
#########################################################################################
tree size= 0 lb= 0 ub= 94044
#########################################################################################
idx= 1 value= 93933.1 enu= 0
brc= 50-103 : -
brc= 76-103 : -
brc= 49-105 : -
brc= 70-133 : -
brc= 74-217 : -
brc= 233-246 : -
brc= 164-175 : +
brc= 167-232 : +
brc= 223-246 : +
brc= 13-104 : -
brc= 3-269 : +
brc= 3-137 : +
-----------------------------------------------------------------------------------------
 ****** Pricing Level: LIGHT HEUR ****** 
it= 7   ncol= 1448  ncstr= 565  mt= 0.3   spt= 0.3   lpval= 93956.9   ub= 94044.0  
 ****** Pricing Level: HEAVY HEUR ****** 
it= 6   ncol= 1525  ncstr= 565  mt= 0.1   spt= 0.7   lpval= 93955.2   ub= 94044.0  
 ****** Pricing Level: EXACT ****** 
it= 3   ncol= 1587  ncstr= 565  mt= 0.1   spt= 5.3   lpval= 93953.7   ub= 94044.0  
-----------------------------------------------------------------------------------------
elapsed time= 10.04 s.
-----------------------------------------------------------------------------------------
-----------------------------------------------------------------------------------------
 ****** Run Arc Elimination ****** 
arc elimination time= 16.29 s.
previous= 72.8468% maximum= 5.42712%
eliminate bucket arcs time= 1.15 s.
obtain jump arcs time= 0.01 s.
-----------------------------------------------------------------------------------------
-----------------------------------------------------------------------------------------
elapsed time= 27.82 s.
-----------------------------------------------------------------------------------------
-----------------------------------------------------------------------------------------
 ****** Try Enumeration ****** 
n= 8.82002 stop_b= 10 status= LABEL_FOR_LIMIT
#labels= 50295 #routes= 15
labeling 1 time= 0.40 s.
next try value > 93968.6
-----------------------------------------------------------------------------------------
elapsed time= 28.29 s.
-----------------------------------------------------------------------------------------
 ****** Separate RCCs ****** 
 ****** Separate Rank1Cuts ****** 
-----------------------------------------------------------------------------------------
 ****** Pricing Level: LIGHT HEUR ****** 
it= 5   ncol= 1675  ncstr= 666  mt= 0.3   spt= 0.2   lpval= 93982.2   ub= 94044.0  
 ****** Pricing Level: HEAVY HEUR ****** 
it= 4   ncol= 1735  ncstr= 666  mt= 0.1   spt= 0.4   lpval= 93981.3   ub= 94044.0  
 ****** Pricing Level: EXACT ****** 
it= 5   ncol= 1862  ncstr= 666  mt= 0.1   spt= 7.3   lpval= 93981.3   ub= 94044.0  
-----------------------------------------------------------------------------------------
elapsed time= 38.03 s.
-----------------------------------------------------------------------------------------
-----------------------------------------------------------------------------------------
 ****** Run Arc Elimination ****** 
arc elimination time= 10.21 s.
previous= 65.9443% maximum= 3.57887%
eliminate bucket arcs time= 0.88 s.
obtain jump arcs time= 0.01 s.
-----------------------------------------------------------------------------------------
-----------------------------------------------------------------------------------------
elapsed time= 49.15 s.
-----------------------------------------------------------------------------------------
-----------------------------------------------------------------------------------------
 ****** Try Enumeration ****** 
max_val= 65395 stop_b= 10 max_idx= 6 num_label= 239352 max_label_in_enumeration= 500000 q= 22.4455 aq.size()= 21 left_bin= 4 left_labels= 260648
status= LABEL_FOR_LIMIT
#labels= 239352 #routes= 31
labeling 1 time= 7.18 s.
next try value > 93983.7
-----------------------------------------------------------------------------------------
elapsed time= 56.39 s.
-----------------------------------------------------------------------------------------
 ****** Separate RCCs ****** 
 ****** Separate Rank1Cuts ****** 
-----------------------------------------------------------------------------------------
 ****** Pricing Level: LIGHT HEUR ****** 
it= 3   ncol= 1896  ncstr= 589  mt= 0.2   spt= 0.1   lpval= 93985.4   ub= 94044.0  
 ****** Pricing Level: HEAVY HEUR ****** 
it= 4   ncol= 1933  ncstr= 589  mt= 0.0   spt= 0.3   lpval= 93985.4   ub= 94044.0  
 ****** Pricing Level: EXACT ****** 
it= 4   ncol= 1993  ncstr= 589  mt= 0.1   spt= 5.5   lpval= 93985.4   ub= 94044.0  
-----------------------------------------------------------------------------------------
elapsed time= 63.94 s.
-----------------------------------------------------------------------------------------
 ****** Separate RCCs ****** 
 ****** Separate Rank1Cuts ****** 
-----------------------------------------------------------------------------------------
 ****** Pricing Level: LIGHT HEUR ****** 
it= 3   ncol= 2029  ncstr= 626  mt= 0.3   spt= 0.1   lpval= 93988.6   ub= 94044.0  
 ****** Pricing Level: HEAVY HEUR ****** 
it= 3   ncol= 2052  ncstr= 626  mt= 0.0   spt= 0.2   lpval= 93988.2   ub= 94044.0  
 ****** Pricing Level: EXACT ****** 
it= 3   ncol= 2077  ncstr= 626  mt= 0.1   spt= 3.7   lpval= 93988.2   ub= 94044.0  
-----------------------------------------------------------------------------------------
elapsed time= 69.44 s.
-----------------------------------------------------------------------------------------
-----------------------------------------------------------------------------------------
 ****** Run Arc Elimination ****** 
arc elimination time= 8.14 s.
previous= 88.5579% maximum= 3.16937%
eliminate bucket arcs time= 0.66 s.
obtain jump arcs time= 0.01 s.
-----------------------------------------------------------------------------------------
-----------------------------------------------------------------------------------------
elapsed time= 78.28 s.
-----------------------------------------------------------------------------------------
-----------------------------------------------------------------------------------------
 ****** Try Enumeration ****** 
max_val= 74386 stop_b= 10 max_idx= 7 num_label= 280203 max_label_in_enumeration= 500000 q= 22.6785 aq.size()= 21 left_bin= 3 left_labels= 219797
status= LABEL_FOR_LIMIT
#labels= 280203 #routes= 27
labeling 1 time= 8.59 s.
next try value > 93995.8
-----------------------------------------------------------------------------------------
elapsed time= 86.94 s.
-----------------------------------------------------------------------------------------
 ****** Separate RCCs ****** 
 ****** Separate Rank1Cuts ****** 
-----------------------------------------------------------------------------------------
 ****** Pricing Level: LIGHT HEUR ****** 
it= 2   ncol= 2079  ncstr= 608  mt= 0.2   spt= 0.1   lpval= 93990.1   ub= 94044.0  
 ****** Pricing Level: HEAVY HEUR ****** 
it= 2   ncol= 2090  ncstr= 608  mt= 0.0   spt= 0.1   lpval= 93989.9   ub= 94044.0  
 ****** Pricing Level: EXACT ****** 
it= 2   ncol= 2098  ncstr= 608  mt= 0.0   spt= 2.1   lpval= 93989.9   ub= 94044.0  
-----------------------------------------------------------------------------------------
elapsed time= 90.66 s.
-----------------------------------------------------------------------------------------
[1;36m[REMIND] 2: gap improved= 1.693787 ratio= 0.031321 threshold= 0.040000 in function increaseCondition2 at /blue/yu.yang1/you.z/route_opt/packages/application/X-n313-k71/src/main/src/call_cutting.cpp:74[0m
 ****** Separate RCCs ****** 
 ****** Separate Rank1Cuts ****** 
br_value_improved= 2.97308 cutting_branching_ratio= 0.2 minor (0.56874) improvement after cutting, stop this cutting iteration
-----------------------------------------------------------------------------------------
[1;36m[REMIND] opt_k not found for node 1, use m directly in function getOptK at /blue/yu.yang1/you.z/route_opt/packages/branching/bkf/include/bkf_controller.hpp:239[0m
current_r_best= 41.3168
we directly test 100
we directly test 4
pseudo= 50 frac= 50
#candidates in phase1= 100
testing lp time= 25.72 s.
-----------------------------------------------------------------------------------------
115-237 , 311.68| 117-237 , 311.65|  19-128 , 311.65| 117-174 , 311.65| 131-147 , 278.36| 
 29-131 , 186.19| 131-281 , 175.46|   0-131 , 174.81|  30-79  , 146.02| 115-139 , 131.08| 
  0-95  , 111.46| 207-230 ,  90.46| 106-207 ,  90.46|   0-106 ,  90.46|  57-64  ,  88.63| 
  4-79  ,  73.90|  57-130 ,  73.57|   0-207 ,  72.99|   0-19  ,  71.39|   0-57  ,  68.31| 
 60-87  ,  65.94|   9-28  ,  48.86|  95-279 ,  43.25|  74-95  ,  43.25|  51-84  ,  41.65| 
  0-121 ,  40.79|   0-218 ,  37.95|   0-270 ,  37.89| 270-279 ,  36.67| 228-270 ,  36.40| 
  0-130 ,  34.97| 108-218 ,  33.28|  29-218 ,  33.28| 220-305 ,  33.06| 194-220 ,  33.06| 
 24-257 ,  31.37|   0-64  ,  30.21| 125-224 ,  29.81| 221-228 ,  29.64|  95-252 ,  29.23| 
126-152 ,  27.09|   9-126 ,  27.09|  51-130 ,  27.00|  95-281 ,  25.30|  60-64  ,  24.41| 
114-272 ,  24.34|  23-118 ,  21.67|  52-296 ,  21.67| 141-164 ,  20.98|   0-27  ,  19.75| 
136-143 ,  19.59|   0-136 ,  19.59| 132-230 ,  19.56|  34-70  ,  18.26|   0-133 ,  17.74| 
  0-257 ,  17.64|  53-54  ,  17.32|  82-182 ,  17.26|   0-84  ,  17.17| 211-239 ,  16.63| 
 32-152 ,  16.31|  81-183 ,  15.43|   0-50  ,  14.88|  59-76  ,  13.83|  59-68  ,  13.83| 
 86-243 ,  13.72|  17-272 ,  13.06|   0-51  ,  12.68| 102-133 ,  11.20|   0-2   ,  10.68| 
  0-1   ,  10.66|  44-133 ,  10.51|   0-134 ,  10.49|  12-76  ,  10.47|  12-134 ,  10.47| 
 87-117 ,  10.29|   0-148 ,   8.64| 214-289 ,   8.46| 109-138 ,   7.97|   0-147 ,   7.90| 
  0-85  ,   7.61| 133-153 ,   6.59|   0-295 ,   6.41|   0-76  ,   5.06|   0-285 ,   4.38| 
164-295 ,   4.29| 166-177 ,   4.15|   6-28  ,   4.06|  94-135 ,   3.80| 177-282 ,   3.16| 
205-293 ,   3.11|   0-202 ,   3.10|   0-48  ,   2.87| 254-308 ,   2.43|  38-198 ,   2.37| 
230-276 ,   1.64|  90-132 ,   1.64|   0-230 ,   1.57|  48-99  ,   1.37|  30-57  ,   0.00| 
-----------------------------------------------------------------------------------------
edge= 117 174 lp= 14.5636 pre= 2 lp2= 21.399 pre2= 2 score= 311.647
-----------------------------------------------------------------------------------------
edge= 19 128 lp= 14.5636 pre= 2 lp2= 21.399 pre2= 2 score= 311.647
-----------------------------------------------------------------------------------------
edge= 117 237 lp= 21.399 pre= 2 lp2= 14.5638 pre2= 2 score= 311.651
-----------------------------------------------------------------------------------------
edge= 115 237 lp= 14.5653 pre= 2 lp2= 21.399 pre2= 2 score= 311.683
-----------------------------------------------------------------------------------------
candidate= 115-237 : -
-----------------------------------------------------------------------------------------
-----------------------------------------------------------------------------------------
 ****** Pricing Level: LIGHT HEUR ****** 
it= 7   ncol= 1524  ncstr= 556  mt= 0.3   spt= 0.2   lpval= 93998.7   ub= 94044.0  
 ****** Pricing Level: HEAVY HEUR ****** 
it= 4   ncol= 1583  ncstr= 556  mt= 0.1   spt= 0.3   lpval= 93995.3   ub= 94044.0  
-----------------------------------------------------------------------------------------
elapsed time= 118.81 s.
-----------------------------------------------------------------------------------------
candidate= 117-237 : -
-----------------------------------------------------------------------------------------
-----------------------------------------------------------------------------------------
 ****** Pricing Level: LIGHT HEUR ****** 
it= 7   ncol= 1528  ncstr= 556  mt= 0.2   spt= 0.2   lpval= 94009.0   ub= 94044.0  
 ****** Pricing Level: HEAVY HEUR ****** 
it= 4   ncol= 1578  ncstr= 556  mt= 0.1   spt= 0.3   lpval= 94007.2   ub= 94044.0  
-----------------------------------------------------------------------------------------
elapsed time= 120.06 s.
-----------------------------------------------------------------------------------------
candidate= 19-128 : -
-----------------------------------------------------------------------------------------
-----------------------------------------------------------------------------------------
 ****** Pricing Level: LIGHT HEUR ****** 
it= 6   ncol= 1543  ncstr= 556  mt= 0.3   spt= 0.2   lpval= 93999.5   ub= 94044.0  
 ****** Pricing Level: HEAVY HEUR ****** 
it= 5   ncol= 1614  ncstr= 556  mt= 0.1   spt= 0.3   lpval= 93995.0   ub= 94044.0  
-----------------------------------------------------------------------------------------
elapsed time= 121.39 s.
-----------------------------------------------------------------------------------------
candidate= 117-174 : -
-----------------------------------------------------------------------------------------
-----------------------------------------------------------------------------------------
 ****** Pricing Level: LIGHT HEUR ****** 
it= 7   ncol= 1534  ncstr= 556  mt= 0.3   spt= 0.2   lpval= 93997.5   ub= 94044.0  
 ****** Pricing Level: HEAVY HEUR ****** 
it= 4   ncol= 1584  ncstr= 556  mt= 0.0   spt= 0.3   lpval= 93997.2   ub= 94044.0  
-----------------------------------------------------------------------------------------
elapsed time= 122.65 s.
-----------------------------------------------------------------------------------------
candidate= 117-237 : +
-----------------------------------------------------------------------------------------
-----------------------------------------------------------------------------------------
 ****** Pricing Level: LIGHT HEUR ****** 
it= 7   ncol= 1521  ncstr= 556  mt= 0.3   spt= 0.2   lpval= 93998.9   ub= 94044.0  
 ****** Pricing Level: HEAVY HEUR ****** 
it= 5   ncol= 1575  ncstr= 556  mt= 0.0   spt= 0.3   lpval= 93998.3   ub= 94044.0  
-----------------------------------------------------------------------------------------
elapsed time= 124.05 s.
-----------------------------------------------------------------------------------------
candidate= 117-174 : +
-----------------------------------------------------------------------------------------
-----------------------------------------------------------------------------------------
 ****** Pricing Level: LIGHT HEUR ****** 
it= 7   ncol= 1531  ncstr= 556  mt= 0.3   spt= 0.2   lpval= 94010.4   ub= 94044.0  
 ****** Pricing Level: HEAVY HEUR ****** 
it= 5   ncol= 1605  ncstr= 556  mt= 0.1   spt= 0.3   lpval= 94006.5   ub= 94044.0  
-----------------------------------------------------------------------------------------
elapsed time= 125.47 s.
-----------------------------------------------------------------------------------------
brc= 117-237
t= 0.128604 c= 93.2359 n= 0 if_b4= 1
t= 1.32984 c= 102.107 n= 0 if_b4= 1
nodes already exists
memory usage= 5GB.
#########################################################################################
tree size= 0 lb= 93989.9 ub= 94044
#########################################################################################
idx= 2 value= 93989.9 enu= 0
brc= 50-103 : -
brc= 76-103 : -
brc= 49-105 : -
brc= 70-133 : -
brc= 74-217 : -
brc= 233-246 : -
brc= 164-175 : +
brc= 167-232 : +
brc= 223-246 : +
brc= 13-104 : -
brc= 3-269 : +
brc= 3-137 : +
brc= 117-237 : -
-----------------------------------------------------------------------------------------
 ****** Pricing Level: LIGHT HEUR ****** 
it= 6   ncol= 1524  ncstr= 555  mt= 0.2   spt= 0.2   lpval= 94009.0   ub= 94044.0  
 ****** Pricing Level: HEAVY HEUR ****** 
it= 5   ncol= 1585  ncstr= 555  mt= 0.1   spt= 0.3   lpval= 94007.2   ub= 94044.0  
 ****** Pricing Level: EXACT ****** 
it= 4   ncol= 1648  ncstr= 555  mt= 0.1   spt= 4.4   lpval= 94005.3   ub= 94044.0  
-----------------------------------------------------------------------------------------
elapsed time= 132.12 s.
-----------------------------------------------------------------------------------------
-----------------------------------------------------------------------------------------
 ****** Run Arc Elimination ****** 
arc elimination time= 3.61 s.
previous= 66.8818% maximum= 2.11936%
eliminate bucket arcs time= 0.50 s.
obtain jump arcs time= 0.01 s.
-----------------------------------------------------------------------------------------
-----------------------------------------------------------------------------------------
elapsed time= 136.26 s.
-----------------------------------------------------------------------------------------
-----------------------------------------------------------------------------------------
 ****** Try Enumeration ****** 
#labels= 154923 #routes= 7
labeling 1 time= 2.54 s.
concatenate time= 4.52 s.
#routes= 189712
average gap of successful enumeration= 0.000400634
next try value > 93989.3
-----------------------------------------------------------------------------------------
elapsed time= 143.41 s.
-----------------------------------------------------------------------------------------
 ****** Process Enumeration Matrix ****** 
delete non-ele routes lp val= 94005.8
recover rank1c lp val= 94006.7
recover rcc lp val= 94007.1
obtain rcc coefficient time= 0.03 s.
obtain r1c coefficient time= 0.23 s.
obtain matrix from triplets time= 0.29 s.
delete columns by branch time= 0.00 s.
columns pending deletion= 66 remain= 189712 col ratio= 0.999652 row ratio= 1
regenerate enumeration matrix time= 0.00 s.
-----------------------------------------------------------------------------------------
elapsed time= 145.50 s.
-----------------------------------------------------------------------------------------
it= 2   ncol= 1469  ncstr= 512  mt= 0.0   spt= 0.0   lpval= 94006.9   ub= 94044.0  
-----------------------------------------------------------------------------------------
elapsed time= 145.56 s.
-----------------------------------------------------------------------------------------
columns pending deletion= 52939 remain= 189712 col ratio= 0.720951 row ratio= 0.945312
 ****** Separate RCCs ****** 
 ****** Separate Rank1Cuts ****** 
it= 4   ncol= 1412  ncstr= 560  mt= 0.0   spt= 0.0   lpval= 94013.9   ub= 94044.0  
-----------------------------------------------------------------------------------------
elapsed time= 146.11 s.
-----------------------------------------------------------------------------------------
delete columns= 135442 remain= 54270
 ****** Separate RCCs ****** 
 ****** Separate Rank1Cuts ****** 
it= 2   ncol= 1408  ncstr= 530  mt= 0.0   spt= 0.0   lpval= 94014.2   ub= 94044.0  
-----------------------------------------------------------------------------------------
elapsed time= 146.69 s.
-----------------------------------------------------------------------------------------
columns pending deletion= 5407 remain= 54270 col ratio= 0.900369 row ratio= 0.945283
[1;36m[REMIND] 2: gap improved= 0.293714 ratio= 0.009851 threshold= 0.040000 in function increaseCondition2 at /blue/yu.yang1/you.z/route_opt/packages/application/X-n313-k71/src/main/src/call_cutting.cpp:74[0m
 ****** Separate Rank1Cuts ****** 
it= 2   ncol= 1406  ncstr= 601  mt= 0.0   spt= 0.0   lpval= 94014.6   ub= 94044.0  
-----------------------------------------------------------------------------------------
elapsed time= 147.23 s.
-----------------------------------------------------------------------------------------
columns pending deletion= 9168 remain= 54270 col ratio= 0.831067 row ratio= 0.860233
[1;36m[REMIND] 2: gap improved= 0.369304 ratio= 0.012541 threshold= 0.040000 in function increaseCondition2 at /blue/yu.yang1/you.z/route_opt/packages/application/X-n313-k71/src/main/src/call_cutting.cpp:74[0m
 ****** Separate RCCs ****** 
 ****** Separate Rank1Cuts ****** 
it= 3   ncol= 1418  ncstr= 668  mt= 0.0   spt= 0.0   lpval= 94014.9   ub= 94044.0  
-----------------------------------------------------------------------------------------
elapsed time= 147.85 s.
-----------------------------------------------------------------------------------------
columns pending deletion= 11515 remain= 54270 col ratio= 0.78782 row ratio= 0.802395
[1;36m[REMIND] 2: gap improved= 0.355088 ratio= 0.012206 threshold= 0.040000 in function increaseCondition2 at /blue/yu.yang1/you.z/route_opt/packages/application/X-n313-k71/src/main/src/call_cutting.cpp:74[0m
[1;36m[REMIND] tail off counter= 3 threshold= 3 in function setIfTailOff at /blue/yu.yang1/you.z/route_opt/packages/application/X-n313-k71/src/main/src/call_cutting.cpp:150[0m
current_r_best= 18.0564
pseudo= 50 frac= 50
#candidates in phase1= 37
testing lp time= 16.50 s.
-----------------------------------------------------------------------------------------
174-237 , 200.04|   4-84  , 194.04| 117-131 , 166.12|  59-76  , 116.75|  60-87  , 114.83| 
126-152 , 107.02| 207-230 , 106.14| 106-207 , 106.14|   0-106 , 106.14| 194-220 ,  87.83| 
220-305 ,  87.83|   2-64  ,  86.00|   2-57  ,  85.99| 115-139 ,  84.09|   0-121 ,  54.34| 
270-279 ,  52.29|  29-147 ,  50.00|  32-64  ,  46.84| 228-270 ,  45.95|  24-189 ,  39.13| 
102-152 ,  37.54|   0-19  ,  36.36| 221-228 ,  35.43| 207-257 ,  31.80|   0-218 ,  29.65| 
132-302 ,  28.51|  57-130 ,  23.97|   0-50  ,  21.41|  60-64  ,  18.98|  49-50  ,   9.82| 
 77-146 ,   8.35|  24-155 ,   8.34| 108-301 ,   8.00|  29-30  ,   7.34|  28-128 ,   5.64| 
  6-9   ,   5.23|  60-89  ,   4.98| 
-----------------------------------------------------------------------------------------
edge= 117 131 lp= 11.944 pre= 2 lp2= 13.908 pre2= 2 score= 166.117
-----------------------------------------------------------------------------------------
edge= 4 84 lp= 2.37618 pre= 2 lp2= 81.6584 pre2= 2 score= 194.035
-----------------------------------------------------------------------------------------
edge= 174 237 lp= 10.5746 pre= 2 lp2= 18.9172 pre2= 2 score= 200.041
-----------------------------------------------------------------------------------------
candidate= 174-237 : -
-----------------------------------------------------------------------------------------
it= 4   ncol= 1493  ncstr= 669  mt= 0.4   spt= 0.0   lpval= 94019.1   ub= 94044.0  
-----------------------------------------------------------------------------------------
elapsed time= 164.82 s.
-----------------------------------------------------------------------------------------
candidate= 4-84 : -
-----------------------------------------------------------------------------------------
it= 3   ncol= 1448  ncstr= 669  mt= 0.3   spt= 0.0   lpval= 94016.4   ub= 94044.0  
-----------------------------------------------------------------------------------------
elapsed time= 165.17 s.
-----------------------------------------------------------------------------------------
candidate= 117-131 : -
-----------------------------------------------------------------------------------------
it= 3   ncol= 1481  ncstr= 669  mt= 0.4   spt= 0.0   lpval= 94021.9   ub= 94044.0  
-----------------------------------------------------------------------------------------
elapsed time= 165.61 s.
-----------------------------------------------------------------------------------------
candidate= 4-84 : +
-----------------------------------------------------------------------------------------
it= 6   ncol= 1556  ncstr= 669  mt= 0.6   spt= 0.0   lpval= 94053.4   ub= 94044.0  
-----------------------------------------------------------------------------------------
elapsed time= 166.24 s.
-----------------------------------------------------------------------------------------
candidate= 117-131 : +
-----------------------------------------------------------------------------------------
it= 3   ncol= 1478  ncstr= 669  mt= 0.4   spt= 0.0   lpval= 94028.8   ub= 94044.0  
-----------------------------------------------------------------------------------------
elapsed time= 166.61 s.
-----------------------------------------------------------------------------------------
brc= 117-131
t= 0.222975 c= 22.8285 n= 0 if_b4= 0
t= 0.451829 c= 29.949 n= 0 if_b4= 0
#########################################################################################
tree size= 1 lb= 94014.9 ub= 94044
#########################################################################################
idx= 3 value= 94014.9 enu= 1
brc= 50-103 : -
brc= 76-103 : -
brc= 49-105 : -
brc= 70-133 : -
brc= 74-217 : -
brc= 233-246 : -
brc= 164-175 : +
brc= 167-232 : +
brc= 223-246 : +
brc= 13-104 : -
brc= 3-269 : +
brc= 3-137 : +
brc= 117-237 : -
brc= 117-131 : +
it= 4   ncol= 1481  ncstr= 668  mt= 0.3   spt= 0.0   lpval= 94028.8   ub= 94044.0  
-----------------------------------------------------------------------------------------
elapsed time= 168.04 s.
-----------------------------------------------------------------------------------------
delete columns= 37045 remain= 5678
 ****** Separate RCCs ****** 
 ****** Separate Rank1Cuts ****** 
it= 5   ncol= 1492  ncstr= 593  mt= 0.3   spt= 0.0   lpval= 94085.2   ub= 94044.0  
-----------------------------------------------------------------------------------------
elapsed time= 169.18 s.
-----------------------------------------------------------------------------------------
#########################################################################################
tree size= 0 lb= 94014.9 ub= 94044
#########################################################################################
idx= 4 value= 94014.9 enu= 1
brc= 50-103 : -
brc= 76-103 : -
brc= 49-105 : -
brc= 70-133 : -
brc= 74-217 : -
brc= 233-246 : -
brc= 164-175 : +
brc= 167-232 : +
brc= 223-246 : +
brc= 13-104 : -
brc= 3-269 : +
brc= 3-137 : +
brc= 117-237 : -
brc= 117-131 : -
it= 4   ncol= 1504  ncstr= 668  mt= 0.2   spt= 0.0   lpval= 94021.9   ub= 94044.0  
-----------------------------------------------------------------------------------------
elapsed time= 169.37 s.
-----------------------------------------------------------------------------------------
delete columns= 24911 remain= 17843
 ****** Separate RCCs ****** 
 ****** Separate Rank1Cuts ****** 
it= 3   ncol= 1483  ncstr= 597  mt= 0.0   spt= 0.0   lpval= 94023.5   ub= 94044.0  
-----------------------------------------------------------------------------------------
elapsed time= 170.24 s.
-----------------------------------------------------------------------------------------
columns pending deletion= 5311 remain= 17843 col ratio= 0.702348 row ratio= 0.855946
mip: row= 511 col= 13971 density= 4.65821%
mip time= 8.35 s.
mip status= 6
update f from 0 to 20.4677
#########################################################################################
[32m<Instance: X-n313-k71>
<Solution>
<UB= 94044>
<LB= 94044>
<Elapsed Time= 178.6>
<Nodes Explored= 4>
<Global Gap= 0%>[0m
#########################################################################################
File nodes/X-n313-k71_6_0_0_1_0_G32.node deleted successfully.
