application type: CVRP
X-n313-k71_3_3_2_12_G32.node
Set parameter ServerTimeout to value 600
Set parameter TokenServer to value "grb-ts.ufhpc"
Set parameter Threads to value 1
instance name= X-n313-k71
#########################################################################################
tree size= 0 lb= 0 ub= 94044
#########################################################################################
idx= 25 value= 93997.9 enu= 0
brc= 50-103 : -
brc= 76-103 : -
brc= 49-105 : -
brc= 70-133 : +
brc= 164-295 : -
brc= 24-250 : -
brc= 57-64 : -
brc= 3-269 : +
brc= 100-119 : -
brc= 74-217 : -
brc= 233-246 : +
brc= 59-68 : -
brc= 74-95 : -
brc= 95-312 : -
brc= 95-252 : -
brc= 75-303 : -
brc= 29-218 : -
brc= 13-65 : -
brc= 161-184 : -
brc= 57-84 : -
brc= 124-292 : -
brc= 75-248 : -
brc= 281-312 : -
brc= 51-57 : +
-----------------------------------------------------------------------------------------
 ****** Pricing Level: LIGHT HEUR ****** 
it= 7   ncol= 2124  ncstr= 663  mt= 0.4   spt= 0.2   lpval= 94005.8   ub= 94044.0  
 ****** Pricing Level: HEAVY HEUR ****** 
it= 5   ncol= 2176  ncstr= 663  mt= 0.2   spt= 0.3   lpval= 94005.2   ub= 94044.0  
 ****** Pricing Level: EXACT ****** 
it= 5   ncol= 2335  ncstr= 663  mt= 0.2   spt= 6.7   lpval= 94004.6   ub= 94044.0  
-----------------------------------------------------------------------------------------
elapsed time= 11.89 s.
-----------------------------------------------------------------------------------------
-----------------------------------------------------------------------------------------
 ****** Run Arc Elimination ****** 
arc elimination time= 4.76 s.
previous= 76.3003% maximum= 2.26436%
eliminate bucket arcs time= 0.53 s.
obtain jump arcs time= 0.01 s.
-----------------------------------------------------------------------------------------
-----------------------------------------------------------------------------------------
elapsed time= 17.52 s.
-----------------------------------------------------------------------------------------
-----------------------------------------------------------------------------------------
 ****** Try Enumeration ****** 
#labels= 207431 #routes= 4
labeling 1 time= 4.23 s.
concatenate time= 7.62 s.
#routes= 322865
average gap of successful enumeration= 0.000407925
next try value > 93996.1
-----------------------------------------------------------------------------------------
elapsed time= 29.50 s.
-----------------------------------------------------------------------------------------
 ****** Process Enumeration Matrix ****** 
delete non-ele routes lp val= 94004.9
recover rank1c lp val= 94005
recover rcc lp val= 94006.5
obtain rcc coefficient time= 0.13 s.
obtain r1c coefficient time= 0.55 s.
obtain matrix from triplets time= 0.98 s.
delete columns by branch time= 0.00 s.
columns pending deletion= 280 remain= 322865 col ratio= 0.999133 row ratio= 1
regenerate enumeration matrix time= 0.00 s.
-----------------------------------------------------------------------------------------
elapsed time= 34.37 s.
-----------------------------------------------------------------------------------------
it= 5   ncol= 2088  ncstr= 623  mt= 0.1   spt= 0.1   lpval= 94006.4   ub= 94044.0  
-----------------------------------------------------------------------------------------
elapsed time= 34.68 s.
-----------------------------------------------------------------------------------------
columns pending deletion= 90924 remain= 322865 col ratio= 0.718384 row ratio= 0.860353
 ****** Separate RCCs ****** 
 ****** Separate Rank1Cuts ****** 
it= 4   ncol= 1642  ncstr= 681  mt= 0.1   spt= 0.1   lpval= 94008.8   ub= 94044.0  
-----------------------------------------------------------------------------------------
elapsed time= 35.63 s.
-----------------------------------------------------------------------------------------
delete columns= 170821 remain= 152044
 ****** Separate RCCs ****** 
 ****** Separate Rank1Cuts ****** 
it= 3   ncol= 1627  ncstr= 623  mt= 0.1   spt= 0.0   lpval= 94009.6   ub= 94044.0  
-----------------------------------------------------------------------------------------
elapsed time= 37.10 s.
-----------------------------------------------------------------------------------------
columns pending deletion= 26022 remain= 152044 col ratio= 0.828852 row ratio= 0.927769
[1;36m[REMIND] 2: gap improved= 0.788124 ratio= 0.022907 threshold= 0.040000 in function increaseCondition2 at /blue/yu.yang1/you.z/route_opt/packages/application/X-n313-k71/src/main/src/call_cutting.cpp:74[0m
 ****** Separate RCCs ****** 
 ****** Separate Rank1Cuts ****** 
it= 3   ncol= 1609  ncstr= 681  mt= 0.1   spt= 0.0   lpval= 94010.3   ub= 94044.0  
-----------------------------------------------------------------------------------------
elapsed time= 37.88 s.
-----------------------------------------------------------------------------------------
columns pending deletion= 41977 remain= 152044 col ratio= 0.723915 row ratio= 0.863436
[1;36m[REMIND] 2: gap improved= 0.713942 ratio= 0.021191 threshold= 0.040000 in function increaseCondition2 at /blue/yu.yang1/you.z/route_opt/packages/application/X-n313-k71/src/main/src/call_cutting.cpp:74[0m
 ****** Separate RCCs ****** 
 ****** Separate Rank1Cuts ****** 
it= 3   ncol= 1638  ncstr= 788  mt= 0.1   spt= 0.0   lpval= 94010.9   ub= 94044.0  
-----------------------------------------------------------------------------------------
elapsed time= 38.82 s.
-----------------------------------------------------------------------------------------
delete columns= 49284 remain= 102760
[1;36m[REMIND] 2: gap improved= 0.550731 ratio= 0.016618 threshold= 0.040000 in function increaseCondition2 at /blue/yu.yang1/you.z/route_opt/packages/application/X-n313-k71/src/main/src/call_cutting.cpp:74[0m
[1;36m[REMIND] tail off counter= 3 threshold= 3 in function setIfTailOff at /blue/yu.yang1/you.z/route_opt/packages/application/X-n313-k71/src/main/src/call_cutting.cpp:150[0m
[1;36m[REMIND] opt_k not found for node 25, use m directly in function getOptK at /blue/yu.yang1/you.z/route_opt/packages/branching/bkf/include/bkf_controller.hpp:239[0m
current_r_best= 9.39714
we directly test 100
we directly test 4
pseudo= 50 frac= 50
#candidates in phase1= 100
testing lp time= 45.15 s.
-----------------------------------------------------------------------------------------
 75-236 , 116.07|   0-236 ,  44.33| 114-272 ,  44.21|   0-292 ,  43.87|  68-296 ,  41.86| 
114-161 ,  38.85|  75-161 ,  38.85|  76-105 ,  38.13|   1-105 ,  31.80|   0-13  ,  30.83| 
  0-85  ,  29.63|   0-50  ,  28.93|   0-248 ,  27.41|  74-248 ,  27.41| 184-248 ,  27.41| 
 10-161 ,  27.10|   0-134 ,  26.89| 243-311 ,  26.35| 192-209 ,  22.79|   0-118 ,  22.46| 
  0-1   ,  20.70| 118-301 ,  20.04| 236-266 ,  17.91|  88-124 ,  17.27| 109-138 ,  17.19| 
143-296 ,  16.76|  10-215 ,  14.64|  23-88  ,  14.27| 110-182 ,  14.08|  17-245 ,  12.81| 
136-238 ,  11.62|   0-110 ,   9.34|   0-243 ,   9.32|   0-148 ,   9.23|  64-84  ,   9.00| 
 47-192 ,   8.54|   5-195 ,   7.97|  66-123 ,   6.49| 127-145 ,   6.44| 190-217 ,   6.15| 
182-296 ,   6.12| 109-203 ,   5.77| 245-264 ,   5.31|  33-281 ,   4.95|  33-228 ,   4.95| 
  0-196 ,   4.78| 193-259 ,   4.54|   0-130 ,   4.41|  57-130 ,   4.40| 171-250 ,   3.92| 
 45-222 ,   3.86|   0-2   ,   3.64| 158-259 ,   3.62|   0-274 ,   3.48| 125-287 ,   3.33| 
  0-41  ,   3.26|  30-79  ,   3.19| 205-293 ,   3.16|  18-301 ,   3.02|   0-45  ,   2.97| 
166-271 ,   2.91| 238-244 ,   2.78|   0-145 ,   2.68| 205-259 ,   2.63| 229-273 ,   2.61| 
  0-180 ,   2.49|  23-296 ,   2.23| 168-231 ,   2.17| 258-311 ,   2.13|   2-130 ,   2.07| 
 66-231 ,   2.02|   0-191 ,   2.00|   0-293 ,   1.95| 167-232 ,   1.89|  98-123 ,   1.79| 
  0-195 ,   1.64| 140-300 ,   1.63| 229-282 ,   1.43| 236-311 ,   1.39|  30-202 ,   1.34| 
256-274 ,   1.34|   0-256 ,   1.33| 140-231 ,   1.31| 185-297 ,   1.21|  47-113 ,   1.16| 
  0-47  ,   1.16| 185-282 ,   0.99|  81-192 ,   0.98|   0-230 ,   0.82| 256-297 ,   0.75| 
179-219 ,   0.71| 169-199 ,   0.41|  81-220 ,   0.39|   0-51  ,   0.38|  13-104 ,   0.21| 
 23-182 ,   0.08| 200-294 ,   0.01|   9-126 ,   0.00|  82-153 ,   0.00| 111-229 ,   0.00| 
-----------------------------------------------------------------------------------------
edge= 0 292 lp= 39.8773 pre= 2 lp2= 1.10009 pre2= 2 score= 43.8687
-----------------------------------------------------------------------------------------
edge= 114 272 lp= 5.53059 pre= 2 lp2= 7.99387 pre2= 2 score= 44.2108
-----------------------------------------------------------------------------------------
edge= 0 236 lp= 23.6687 pre= 2 lp2= 1.87287 pre2= 2 score= 44.3284
-----------------------------------------------------------------------------------------
edge= 75 236 lp= 1.21964 pre= 2 lp2= 95.168 pre2= 2 score= 116.071
-----------------------------------------------------------------------------------------
candidate= 75-236 : -
-----------------------------------------------------------------------------------------
it= 4   ncol= 1659  ncstr= 609  mt= 0.5   spt= 0.0   lpval= 94012.0   ub= 94044.0  
-----------------------------------------------------------------------------------------
elapsed time= 85.30 s.
-----------------------------------------------------------------------------------------
candidate= 75-236 : +
-----------------------------------------------------------------------------------------
it= 5   ncol= 1755  ncstr= 609  mt= 0.6   spt= 0.0   lpval= 94026.5   ub= 94044.0  
-----------------------------------------------------------------------------------------
elapsed time= 85.95 s.
-----------------------------------------------------------------------------------------
candidate= 0-236 : -
-----------------------------------------------------------------------------------------
it= 5   ncol= 1707  ncstr= 609  mt= 0.6   spt= 0.0   lpval= 94023.6   ub= 94044.0  
-----------------------------------------------------------------------------------------
elapsed time= 86.57 s.
-----------------------------------------------------------------------------------------
candidate= 114-272 : -
-----------------------------------------------------------------------------------------
it= 5   ncol= 1730  ncstr= 609  mt= 0.6   spt= 0.0   lpval= 94013.6   ub= 94044.0  
-----------------------------------------------------------------------------------------
elapsed time= 87.22 s.
-----------------------------------------------------------------------------------------
candidate= 0-292 : -
-----------------------------------------------------------------------------------------
it= 4   ncol= 1727  ncstr= 609  mt= 0.7   spt= 0.0   lpval= 94036.4   ub= 94044.0  
-----------------------------------------------------------------------------------------
elapsed time= 87.94 s.
-----------------------------------------------------------------------------------------
candidate= 0-292 : +
-----------------------------------------------------------------------------------------
it= 4   ncol= 1674  ncstr= 609  mt= 0.6   spt= 0.0   lpval= 94011.8   ub= 94044.0  
-----------------------------------------------------------------------------------------
elapsed time= 88.53 s.
-----------------------------------------------------------------------------------------
candidate= 0-236 : +
-----------------------------------------------------------------------------------------
it= 4   ncol= 1685  ncstr= 609  mt= 0.6   spt= 0.0   lpval= 94012.0   ub= 94044.0  
-----------------------------------------------------------------------------------------
elapsed time= 89.16 s.
-----------------------------------------------------------------------------------------
brc= 0-292
t= 0.225753 c= 38.8826 n= 0 if_b4= 0
t= 0.624214 c= 59.2731 n= 0 if_b4= 0
#########################################################################################
tree size= 1 lb= 94010.9 ub= 94044
#########################################################################################
idx= 1 value= 94010.9 enu= 1
brc= 50-103 : -
brc= 76-103 : -
brc= 49-105 : -
brc= 70-133 : +
brc= 164-295 : -
brc= 24-250 : -
brc= 57-64 : -
brc= 3-269 : +
brc= 100-119 : -
brc= 74-217 : -
brc= 233-246 : +
brc= 59-68 : -
brc= 74-95 : -
brc= 95-312 : -
brc= 95-252 : -
brc= 75-303 : -
brc= 29-218 : -
brc= 13-65 : -
brc= 161-184 : -
brc= 57-84 : -
brc= 124-292 : -
brc= 75-248 : -
brc= 281-312 : -
brc= 51-57 : +
brc= 0-292 : +
it= 4   ncol= 1675  ncstr= 608  mt= 0.6   spt= 0.0   lpval= 94011.8   ub= 94044.0  
-----------------------------------------------------------------------------------------
elapsed time= 91.32 s.
-----------------------------------------------------------------------------------------
columns pending deletion= 8490 remain= 102751 col ratio= 0.917373 row ratio= 0.950658
 ****** Separate RCCs ****** 
 ****** Separate Rank1Cuts ****** 
it= 3   ncol= 1631  ncstr= 641  mt= 0.0   spt= 0.0   lpval= 94012.1   ub= 94044.0  
-----------------------------------------------------------------------------------------
elapsed time= 91.94 s.
-----------------------------------------------------------------------------------------
columns pending deletion= 17143 remain= 102751 col ratio= 0.83316 row ratio= 0.928237
[1;36m[REMIND] 2: gap improved= 0.348331 ratio= 0.010921 threshold= 0.040000 in function increaseCondition2 at /blue/yu.yang1/you.z/route_opt/packages/application/X-n313-k71/src/main/src/call_cutting.cpp:74[0m
 ****** Separate Rank1Cuts ****** 
it= 2   ncol= 1629  ncstr= 674  mt= 0.0   spt= 0.0   lpval= 94012.2   ub= 94044.0  
-----------------------------------------------------------------------------------------
elapsed time= 92.48 s.
-----------------------------------------------------------------------------------------
columns pending deletion= 19861 remain= 102751 col ratio= 0.806707 row ratio= 0.900593
current_r_best= 0.941381
pseudo= 50 frac= 50
#candidates in phase1= 37
testing lp time= 19.48 s.
-----------------------------------------------------------------------------------------
155-204 ,  70.80|  24-162 ,  70.80|   0-208 ,  53.66| 208-226 ,  53.66|  68-296 ,  47.84| 
236-266 ,  45.24| 114-161 ,  42.20|  75-161 ,  42.20|  12-76  ,  38.06| 243-311 ,  32.15| 
184-248 ,  29.68|  88-124 ,  29.23|  10-161 ,  28.78|   1-105 ,  27.38|   0-50  ,  23.84| 
155-230 ,  19.90| 145-204 ,  19.90|  17-245 ,  13.73| 127-145 ,   8.78| 108-127 ,   6.42| 
  0-226 ,   5.22| 161-258 ,   4.11| 160-235 ,   3.70| 180-195 ,   3.35|   4-84  ,   3.28| 
136-291 ,   2.82| 258-311 ,   2.43| 173-291 ,   2.43|  42-173 ,   2.06| 167-232 ,   1.99| 
 23-296 ,   1.60| 132-302 ,   1.49| 180-244 ,   0.82|  14-212 ,   0.80|  81-220 ,   0.78| 
  0-14  ,   0.62| 193-229 ,   0.00| 
-----------------------------------------------------------------------------------------
edge= 0 208 lp= 0.493576 pre= 2 lp2= 108.714 pre2= 2 score= 53.6588
-----------------------------------------------------------------------------------------
edge= 24 162 lp= 0.651218 pre= 2 lp2= 108.714 pre2= 2 score= 70.7968
-----------------------------------------------------------------------------------------
edge= 155 204 lp= 0.651225 pre= 2 lp2= 108.714 pre2= 2 score= 70.7976
-----------------------------------------------------------------------------------------
candidate= 155-204 : -
-----------------------------------------------------------------------------------------
it= 3   ncol= 1632  ncstr= 675  mt= 0.6   spt= 0.0   lpval= 94012.7   ub= 94044.0  
-----------------------------------------------------------------------------------------
elapsed time= 112.58 s.
-----------------------------------------------------------------------------------------
candidate= 24-162 : -
-----------------------------------------------------------------------------------------
it= 3   ncol= 1634  ncstr= 675  mt= 0.5   spt= 0.0   lpval= 94012.7   ub= 94044.0  
-----------------------------------------------------------------------------------------
elapsed time= 113.15 s.
-----------------------------------------------------------------------------------------
candidate= 24-162 : +
-----------------------------------------------------------------------------------------
it= 6   ncol= 1759  ncstr= 675  mt= 0.9   spt= 0.1   lpval= 94036.1   ub= 94044.0  
-----------------------------------------------------------------------------------------
elapsed time= 114.10 s.
-----------------------------------------------------------------------------------------
candidate= 155-204 : +
-----------------------------------------------------------------------------------------
it= 4   ncol= 1731  ncstr= 675  mt= 0.7   spt= 0.0   lpval= 94033.0   ub= 94044.0  
-----------------------------------------------------------------------------------------
elapsed time= 114.89 s.
-----------------------------------------------------------------------------------------
candidate= 0-208 : -
-----------------------------------------------------------------------------------------
it= 2   ncol= 1629  ncstr= 675  mt= 0.6   spt= 0.0   lpval= 94012.7   ub= 94044.0  
-----------------------------------------------------------------------------------------
elapsed time= 115.49 s.
-----------------------------------------------------------------------------------------
candidate= 0-208 : +
-----------------------------------------------------------------------------------------
it= 5   ncol= 1711  ncstr= 675  mt= 0.8   spt= 0.0   lpval= 94032.7   ub= 94044.0  
-----------------------------------------------------------------------------------------
elapsed time= 116.39 s.
-----------------------------------------------------------------------------------------
brc= 24-162
t= 0.24451 c= 21.4505 n= 1 if_b4= 0
t= 0.681388 c= 35.4083 n= 1 if_b4= 0
#########################################################################################
tree size= 2 lb= 94010.9 ub= 94044
#########################################################################################
idx= 2 value= 94010.9 enu= 1
brc= 50-103 : -
brc= 76-103 : -
brc= 49-105 : -
brc= 70-133 : +
brc= 164-295 : -
brc= 24-250 : -
brc= 57-64 : -
brc= 3-269 : +
brc= 100-119 : -
brc= 74-217 : -
brc= 233-246 : +
brc= 59-68 : -
brc= 74-95 : -
brc= 95-312 : -
brc= 95-252 : -
brc= 75-303 : -
brc= 29-218 : -
brc= 13-65 : -
brc= 161-184 : -
brc= 57-84 : -
brc= 124-292 : -
brc= 75-248 : -
brc= 281-312 : -
brc= 51-57 : +
brc= 0-292 : -
it= 4   ncol= 1707  ncstr= 608  mt= 0.2   spt= 0.0   lpval= 94036.4   ub= 94044.0  
-----------------------------------------------------------------------------------------
elapsed time= 118.34 s.
-----------------------------------------------------------------------------------------
delete columns= 101143 remain= 1597
 ****** Separate RCCs ****** 
 ****** Separate Rank1Cuts ****** 
it= 3   ncol= 1193  ncstr= 606  mt= 0.0   spt= 0.0   lpval= 94040.7   ub= 94044.0  
-----------------------------------------------------------------------------------------
elapsed time= 118.95 s.
-----------------------------------------------------------------------------------------
delete columns= 879 remain= 718
mip: row= 536 col= 1547 density= 3.66091%
mip time= 0.10 s.
mip status= 3
update f from 0 to 3.28801
#########################################################################################
tree size= 1 lb= 94012.2 ub= 94044
#########################################################################################
idx= 3 value= 94012.2 enu= 1
brc= 50-103 : -
brc= 76-103 : -
brc= 49-105 : -
brc= 70-133 : +
brc= 164-295 : -
brc= 24-250 : -
brc= 57-64 : -
brc= 3-269 : +
brc= 100-119 : -
brc= 74-217 : -
brc= 233-246 : +
brc= 59-68 : -
brc= 74-95 : -
brc= 95-312 : -
brc= 95-252 : -
brc= 75-303 : -
brc= 29-218 : -
brc= 13-65 : -
brc= 161-184 : -
brc= 57-84 : -
brc= 124-292 : -
brc= 75-248 : -
brc= 281-312 : -
brc= 51-57 : +
brc= 0-292 : +
brc= 24-162 : +
it= 6   ncol= 1723  ncstr= 674  mt= 0.8   spt= 0.0   lpval= 94036.1   ub= 94044.0  
-----------------------------------------------------------------------------------------
elapsed time= 120.00 s.
-----------------------------------------------------------------------------------------
delete columns= 81051 remain= 1746
 ****** Separate RCCs ****** 
 ****** Separate Rank1Cuts ****** 
it= 3   ncol= 1251  ncstr= 649  mt= 0.0   spt= 0.0   lpval= 94041.5   ub= 94044.0  
-----------------------------------------------------------------------------------------
elapsed time= 120.70 s.
-----------------------------------------------------------------------------------------
delete columns= 1112 remain= 634
mip: row= 568 col= 1426 density= 3.47174%
mip time= 0.09 s.
mip status= 3
#########################################################################################
tree size= 0 lb= 94012.2 ub= 94044
#########################################################################################
idx= 4 value= 94012.2 enu= 1
brc= 50-103 : -
brc= 76-103 : -
brc= 49-105 : -
brc= 70-133 : +
brc= 164-295 : -
brc= 24-250 : -
brc= 57-64 : -
brc= 3-269 : +
brc= 100-119 : -
brc= 74-217 : -
brc= 233-246 : +
brc= 59-68 : -
brc= 74-95 : -
brc= 95-312 : -
brc= 95-252 : -
brc= 75-303 : -
brc= 29-218 : -
brc= 13-65 : -
brc= 161-184 : -
brc= 57-84 : -
brc= 124-292 : -
brc= 75-248 : -
brc= 281-312 : -
brc= 51-57 : +
brc= 0-292 : +
brc= 24-162 : -
it= 3   ncol= 1630  ncstr= 674  mt= 0.1   spt= 0.0   lpval= 94012.7   ub= 94044.0  
-----------------------------------------------------------------------------------------
elapsed time= 121.11 s.
-----------------------------------------------------------------------------------------
columns pending deletion= 4694 remain= 82888 col ratio= 0.943369 row ratio= 0.888724
 ****** Separate RCCs ****** 
 ****** Separate Rank1Cuts ****** 
it= 3   ncol= 1631  ncstr= 707  mt= 0.0   spt= 0.0   lpval= 94012.9   ub= 94044.0  
-----------------------------------------------------------------------------------------
elapsed time= 121.73 s.
-----------------------------------------------------------------------------------------
columns pending deletion= 6050 remain= 82888 col ratio= 0.92701 row ratio= 0.868458
[1;36m[REMIND] 2: gap improved= 0.163576 ratio= 0.005252 threshold= 0.040000 in function increaseCondition2 at /blue/yu.yang1/you.z/route_opt/packages/application/X-n313-k71/src/main/src/call_cutting.cpp:74[0m
 ****** Separate Rank1Cuts ****** 
it= 3   ncol= 1643  ncstr= 750  mt= 0.1   spt= 0.0   lpval= 94013.0   ub= 94044.0  
-----------------------------------------------------------------------------------------
elapsed time= 122.46 s.
-----------------------------------------------------------------------------------------
columns pending deletion= 7890 remain= 82888 col ratio= 0.904811 row ratio= 0.833333
[1;36m[REMIND] 2: gap improved= 0.130575 ratio= 0.004210 threshold= 0.040000 in function increaseCondition2 at /blue/yu.yang1/you.z/route_opt/packages/application/X-n313-k71/src/main/src/call_cutting.cpp:74[0m
 ****** Separate RCCs ****** 
 ****** Separate Rank1Cuts ****** 
it= 2   ncol= 1638  ncstr= 798  mt= 0.0   spt= 0.0   lpval= 94013.0   ub= 94044.0  
-----------------------------------------------------------------------------------------
elapsed time= 122.95 s.
-----------------------------------------------------------------------------------------
columns pending deletion= 8901 remain= 82888 col ratio= 0.892614 row ratio= 0.815789
current_r_best= 0.614746
pseudo= 50 frac= 50
#candidates in phase1= 37
testing lp time= 28.07 s.
-----------------------------------------------------------------------------------------
  1-105 ,  66.67|  68-296 ,  57.90| 236-266 ,  53.53|  12-76  ,  51.07| 114-161 ,  40.58| 
 75-161 ,  40.58|   0-50  ,  35.06|  27-138 ,  33.98| 184-248 ,  32.49| 243-311 ,  30.73| 
 10-161 ,  27.21|  10-215 ,  23.84|  79-128 ,  15.21|  18-118 ,  14.76|  18-301 ,  14.14| 
 30-64  ,  12.72| 128-150 ,  12.63| 184-258 ,  12.54|  83-91  ,  11.59|   0-148 ,  10.19| 
  6-137 ,   9.38|  30-182 ,   5.93|  26-123 ,   4.21|   9-84  ,   4.13|  13-104 ,   3.81| 
 30-106 ,   3.78| 218-302 ,   3.46|   0-21  ,   3.13|  81-220 ,   2.31|   5-191 ,   1.87| 
108-302 ,   1.64|  48-99  ,   1.62| 303-311 ,   0.94|  26-160 ,   0.90| 149-195 ,   0.47| 
  6-150 ,   0.00|  60-128 ,   0.00| 
-----------------------------------------------------------------------------------------
edge= 236 266 lp= 6.97779 pre= 2 lp2= 7.67197 pre2= 2 score= 53.5334
-----------------------------------------------------------------------------------------
edge= 68 296 lp= 0.886167 pre= 2 lp2= 65.339 pre2= 2 score= 57.9012
-----------------------------------------------------------------------------------------
edge= 1 105 lp= 17.3065 pre= 2 lp2= 3.85251 pre2= 2 score= 66.6736
-----------------------------------------------------------------------------------------
candidate= 1-105 : -
-----------------------------------------------------------------------------------------
it= 5   ncol= 1757  ncstr= 799  mt= 0.8   spt= 0.0   lpval= 94026.1   ub= 94044.0  
-----------------------------------------------------------------------------------------
elapsed time= 151.87 s.
-----------------------------------------------------------------------------------------
candidate= 68-296 : -
-----------------------------------------------------------------------------------------
it= 3   ncol= 1661  ncstr= 799  mt= 0.7   spt= 0.0   lpval= 94013.9   ub= 94044.0  
-----------------------------------------------------------------------------------------
elapsed time= 152.61 s.
-----------------------------------------------------------------------------------------
candidate= 68-296 : +
-----------------------------------------------------------------------------------------
it= 6   ncol= 1760  ncstr= 799  mt= 0.9   spt= 0.0   lpval= 94075.0   ub= 94044.0  
-----------------------------------------------------------------------------------------
elapsed time= 153.56 s.
-----------------------------------------------------------------------------------------
brc= 68-296
t= 0.289468 c= 15.3752 n= 2 if_b4= 0
t= 0.735205 c= 28.9381 n= 2 if_b4= 0
#########################################################################################
tree size= 1 lb= 94013 ub= 94044
#########################################################################################
idx= 5 value= 94013 enu= 1
brc= 50-103 : -
brc= 76-103 : -
brc= 49-105 : -
brc= 70-133 : +
brc= 164-295 : -
brc= 24-250 : -
brc= 57-64 : -
brc= 3-269 : +
brc= 100-119 : -
brc= 74-217 : -
brc= 233-246 : +
brc= 59-68 : -
brc= 74-95 : -
brc= 95-312 : -
brc= 95-252 : -
brc= 75-303 : -
brc= 29-218 : -
brc= 13-65 : -
brc= 161-184 : -
brc= 57-84 : -
brc= 124-292 : -
brc= 75-248 : -
brc= 281-312 : -
brc= 51-57 : +
brc= 0-292 : +
brc= 24-162 : -
brc= 68-296 : +
it= 5   ncol= 1744  ncstr= 798  mt= 0.9   spt= 0.0   lpval= 94075.0   ub= 94044.0  
-----------------------------------------------------------------------------------------
elapsed time= 156.55 s.
-----------------------------------------------------------------------------------------
#########################################################################################
tree size= 0 lb= 94013 ub= 94044
#########################################################################################
idx= 6 value= 94013 enu= 1
brc= 50-103 : -
brc= 76-103 : -
brc= 49-105 : -
brc= 70-133 : +
brc= 164-295 : -
brc= 24-250 : -
brc= 57-64 : -
brc= 3-269 : +
brc= 100-119 : -
brc= 74-217 : -
brc= 233-246 : +
brc= 59-68 : -
brc= 74-95 : -
brc= 95-312 : -
brc= 95-252 : -
brc= 75-303 : -
brc= 29-218 : -
brc= 13-65 : -
brc= 161-184 : -
brc= 57-84 : -
brc= 124-292 : -
brc= 75-248 : -
brc= 281-312 : -
brc= 51-57 : +
brc= 0-292 : +
brc= 24-162 : -
brc= 68-296 : -
it= 3   ncol= 1659  ncstr= 798  mt= 0.0   spt= 0.0   lpval= 94013.9   ub= 94044.0  
-----------------------------------------------------------------------------------------
elapsed time= 156.66 s.
-----------------------------------------------------------------------------------------
columns pending deletion= 8070 remain= 73975 col ratio= 0.890909 row ratio= 0.766917
 ****** Separate RCCs ****** 
 ****** Separate Rank1Cuts ****** 
it= 3   ncol= 1648  ncstr= 819  mt= 0.1   spt= 0.0   lpval= 94014.2   ub= 94044.0  
-----------------------------------------------------------------------------------------
elapsed time= 157.33 s.
-----------------------------------------------------------------------------------------
columns pending deletion= 10777 remain= 73975 col ratio= 0.854316 row ratio= 0.759463
[1;36m[REMIND] 2: gap improved= 0.311271 ratio= 0.010445 threshold= 0.040000 in function increaseCondition2 at /blue/yu.yang1/you.z/route_opt/packages/application/X-n313-k71/src/main/src/call_cutting.cpp:74[0m
 ****** Separate RCCs ****** 
 ****** Separate Rank1Cuts ****** 
it= 3   ncol= 1644  ncstr= 839  mt= 0.0   spt= 0.0   lpval= 94014.9   ub= 94044.0  
-----------------------------------------------------------------------------------------
elapsed time= 158.00 s.
-----------------------------------------------------------------------------------------
columns pending deletion= 14939 remain= 73975 col ratio= 0.798053 row ratio= 0.752086
[1;36m[REMIND] 2: gap improved= 0.705378 ratio= 0.024244 threshold= 0.040000 in function increaseCondition2 at /blue/yu.yang1/you.z/route_opt/packages/application/X-n313-k71/src/main/src/call_cutting.cpp:74[0m
 ****** Separate RCCs ****** 
 ****** Separate Rank1Cuts ****** 
it= 3   ncol= 1627  ncstr= 861  mt= 0.0   spt= 0.0   lpval= 94015.1   ub= 94044.0  
-----------------------------------------------------------------------------------------
elapsed time= 158.63 s.
-----------------------------------------------------------------------------------------
delete columns= 17348 remain= 56627
[1;36m[REMIND] 2: gap improved= 0.191059 ratio= 0.006610 threshold= 0.040000 in function increaseCondition2 at /blue/yu.yang1/you.z/route_opt/packages/application/X-n313-k71/src/main/src/call_cutting.cpp:74[0m
[1;36m[REMIND] tail off counter= 3 threshold= 3 in function setIfTailOff at /blue/yu.yang1/you.z/route_opt/packages/application/X-n313-k71/src/main/src/call_cutting.cpp:150[0m
current_r_best= 1.51813
pseudo= 50 frac= 50
#candidates in phase1= 37
testing lp time= 18.47 s.
-----------------------------------------------------------------------------------------
 12-134 , 186.38|  12-76  , 182.66|  76-105 , 163.15|  27-59  , 143.14|   0-134 ,  95.37| 
 62-296 ,  83.27|   0-1   ,  73.87|   1-105 ,  72.86|  23-59  ,  69.85|   0-13  ,  67.06| 
 59-292 ,  50.40|  59-286 ,  46.84|   0-68  ,  36.63|  13-49  ,  34.46| 114-161 ,  29.73| 
 81-192 ,  23.23| 184-248 ,  18.73|  81-220 ,  10.57| 106-207 ,  10.31|   4-106 ,   9.85| 
207-230 ,   9.63|   8-241 ,   7.94|   0-172 ,   7.94|  55-241 ,   7.94|   6-137 ,   5.60| 
 24-155 ,   4.27|  87-115 ,   4.15| 232-275 ,   3.66| 167-232 ,   3.12|  73-169 ,   2.92| 
  0-186 ,   2.27| 181-194 ,   1.01| 181-242 ,   1.01|  61-145 ,   0.21|  61-107 ,   0.10| 
 60-150 ,   0.00| 248-266 ,   0.00| 
-----------------------------------------------------------------------------------------
edge= 76 105 lp= 1.43392 pre= 2 lp2= 113.777 pre2= 2 score= 163.147
-----------------------------------------------------------------------------------------
edge= 12 76 lp= 110.953 pre= 2 lp2= 1.64628 pre2= 2 score= 182.661
-----------------------------------------------------------------------------------------
edge= 12 134 lp= 1.64629 pre= 2 lp2= 113.214 pre2= 2 score= 186.384
-----------------------------------------------------------------------------------------
candidate= 12-134 : -
-----------------------------------------------------------------------------------------
it= 3   ncol= 1629  ncstr= 636  mt= 0.6   spt= 0.0   lpval= 94016.2   ub= 94044.0  
-----------------------------------------------------------------------------------------
elapsed time= 178.44 s.
-----------------------------------------------------------------------------------------
candidate= 12-76 : -
-----------------------------------------------------------------------------------------
it= 7   ncol= 1808  ncstr= 636  mt= 0.6   spt= 0.0   lpval= 94038.8   ub= 94044.0  
-----------------------------------------------------------------------------------------
elapsed time= 179.09 s.
-----------------------------------------------------------------------------------------
candidate= 76-105 : -
-----------------------------------------------------------------------------------------
it= 3   ncol= 1634  ncstr= 636  mt= 0.6   spt= 0.0   lpval= 94016.1   ub= 94044.0  
-----------------------------------------------------------------------------------------
elapsed time= 179.70 s.
-----------------------------------------------------------------------------------------
candidate= 12-134 : +
-----------------------------------------------------------------------------------------
it= 7   ncol= 1835  ncstr= 636  mt= 0.5   spt= 0.0   lpval= 94040.8   ub= 94044.0  
-----------------------------------------------------------------------------------------
elapsed time= 180.21 s.
-----------------------------------------------------------------------------------------
candidate= 76-105 : +
-----------------------------------------------------------------------------------------
it= 7   ncol= 1823  ncstr= 636  mt= 0.4   spt= 0.0   lpval= 94040.8   ub= 94044.0  
-----------------------------------------------------------------------------------------
elapsed time= 180.66 s.
-----------------------------------------------------------------------------------------
candidate= 12-76 : +
-----------------------------------------------------------------------------------------
it= 3   ncol= 1630  ncstr= 636  mt= 0.6   spt= 0.0   lpval= 94016.2   ub= 94044.0  
-----------------------------------------------------------------------------------------
elapsed time= 181.29 s.
-----------------------------------------------------------------------------------------
brc= 12-134
t= 0.279516 c= 12.667 n= 3 if_b4= 0
t= 0.694773 c= 24.7184 n= 3 if_b4= 0
#########################################################################################
tree size= 1 lb= 94015.1 ub= 94044
#########################################################################################
idx= 7 value= 94015.1 enu= 1
brc= 50-103 : -
brc= 76-103 : -
brc= 49-105 : -
brc= 70-133 : +
brc= 164-295 : -
brc= 24-250 : -
brc= 57-64 : -
brc= 3-269 : +
brc= 100-119 : -
brc= 74-217 : -
brc= 233-246 : +
brc= 59-68 : -
brc= 74-95 : -
brc= 95-312 : -
brc= 95-252 : -
brc= 75-303 : -
brc= 29-218 : -
brc= 13-65 : -
brc= 161-184 : -
brc= 57-84 : -
brc= 124-292 : -
brc= 75-248 : -
brc= 281-312 : -
brc= 51-57 : +
brc= 0-292 : +
brc= 24-162 : -
brc= 68-296 : -
brc= 12-134 : +
it= 6   ncol= 1776  ncstr= 635  mt= 0.5   spt= 0.0   lpval= 94040.8   ub= 94044.0  
-----------------------------------------------------------------------------------------
elapsed time= 183.33 s.
-----------------------------------------------------------------------------------------
delete columns= 55978 remain= 596
 ****** Separate RCCs ****** 
 ****** Separate Rank1Cuts ****** 
it= 5   ncol= 755   ncstr= 712  mt= 0.1   spt= 0.0   lpval= 1000000.0 ub= 94044.0  
-----------------------------------------------------------------------------------------
elapsed time= 183.86 s.
-----------------------------------------------------------------------------------------
#########################################################################################
tree size= 0 lb= 94015.1 ub= 94044
#########################################################################################
idx= 8 value= 94015.1 enu= 1
brc= 50-103 : -
brc= 76-103 : -
brc= 49-105 : -
brc= 70-133 : +
brc= 164-295 : -
brc= 24-250 : -
brc= 57-64 : -
brc= 3-269 : +
brc= 100-119 : -
brc= 74-217 : -
brc= 233-246 : +
brc= 59-68 : -
brc= 74-95 : -
brc= 95-312 : -
brc= 95-252 : -
brc= 75-303 : -
brc= 29-218 : -
brc= 13-65 : -
brc= 161-184 : -
brc= 57-84 : -
brc= 124-292 : -
brc= 75-248 : -
brc= 281-312 : -
brc= 51-57 : +
brc= 0-292 : +
brc= 24-162 : -
brc= 68-296 : -
brc= 12-134 : -
it= 3   ncol= 1631  ncstr= 635  mt= 0.1   spt= 0.0   lpval= 94016.2   ub= 94044.0  
-----------------------------------------------------------------------------------------
elapsed time= 183.98 s.
-----------------------------------------------------------------------------------------
columns pending deletion= 7585 remain= 56626 col ratio= 0.866051 row ratio= 0.933858
 ****** Separate RCCs ****** 
 ****** Separate Rank1Cuts ****** 
it= 3   ncol= 1639  ncstr= 682  mt= 0.1   spt= 0.0   lpval= 94017.6   ub= 94044.0  
-----------------------------------------------------------------------------------------
elapsed time= 184.78 s.
-----------------------------------------------------------------------------------------
columns pending deletion= 14147 remain= 56626 col ratio= 0.750168 row ratio= 0.903226
 ****** Separate RCCs ****** 
 ****** Separate Rank1Cuts ****** 
it= 2   ncol= 1640  ncstr= 751  mt= 0.0   spt= 0.0   lpval= 94017.9   ub= 94044.0  
-----------------------------------------------------------------------------------------
elapsed time= 185.51 s.
-----------------------------------------------------------------------------------------
delete columns= 17043 remain= 39583
[1;36m[REMIND] 2: gap improved= 0.276681 ratio= 0.010599 threshold= 0.040000 in function increaseCondition2 at /blue/yu.yang1/you.z/route_opt/packages/application/X-n313-k71/src/main/src/call_cutting.cpp:74[0m
 ****** Separate RCCs ****** 
 ****** Separate Rank1Cuts ****** 
it= 3   ncol= 1645  ncstr= 640  mt= 0.0   spt= 0.0   lpval= 94018.1   ub= 94044.0  
-----------------------------------------------------------------------------------------
elapsed time= 186.69 s.
-----------------------------------------------------------------------------------------
columns pending deletion= 2577 remain= 39583 col ratio= 0.934896 row ratio= 0.942187
[1;36m[REMIND] 2: gap improved= 0.201838 ratio= 0.007792 threshold= 0.040000 in function increaseCondition2 at /blue/yu.yang1/you.z/route_opt/packages/application/X-n313-k71/src/main/src/call_cutting.cpp:74[0m
 ****** Separate RCCs ****** 
 ****** Separate Rank1Cuts ****** 
it= 2   ncol= 1636  ncstr= 658  mt= 0.0   spt= 0.0   lpval= 94018.2   ub= 94044.0  
-----------------------------------------------------------------------------------------
elapsed time= 187.16 s.
-----------------------------------------------------------------------------------------
columns pending deletion= 4851 remain= 39583 col ratio= 0.877447 row ratio= 0.931611
[1;36m[REMIND] 2: gap improved= 0.123212 ratio= 0.004779 threshold= 0.040000 in function increaseCondition2 at /blue/yu.yang1/you.z/route_opt/packages/application/X-n313-k71/src/main/src/call_cutting.cpp:74[0m
[1;36m[REMIND] tail off counter= 3 threshold= 3 in function setIfTailOff at /blue/yu.yang1/you.z/route_opt/packages/application/X-n313-k71/src/main/src/call_cutting.cpp:150[0m
current_r_best= 2.2714
alpha= 0.37 beta= 9.90222 omega= 45.3175 k1= 11
lb_k= 1 ub_k= 37
revise: lb_k= 8 ub_k= 17
opt_k= 13
alpha= 0.75 beta= 9.90222 omega= 35.5776 k1= 3
lb_k= 1 ub_k= 3
revise: lb_k= 1 ub_k= 3
opt_k= 3
pseudo= 50 frac= 50
#candidates in phase1= 13
testing lp time= 6.58 s.
-----------------------------------------------------------------------------------------
  0-118 ,  63.46|  59-296 ,  57.01| 124-178 ,  35.79| 114-161 ,  33.50|  62-296 ,  28.54| 
 88-124 ,  24.65|   0-50  ,  13.52|  13-49  ,  13.33|   1-109 ,  10.17|  65-105 ,   9.31| 
 49-103 ,   8.72| 102-152 ,   2.67|   0-100 ,   2.00| 
-----------------------------------------------------------------------------------------
edge= 124 178 lp= 0.360749 pre= 2 lp2= 99.1978 pre2= 2 score= 35.7855
-----------------------------------------------------------------------------------------
edge= 59 296 lp= 0.574717 pre= 2 lp2= 99.1978 pre2= 2 score= 57.0106
-----------------------------------------------------------------------------------------
edge= 0 118 lp= 0.639688 pre= 2 lp2= 99.1978 pre2= 2 score= 63.4556
-----------------------------------------------------------------------------------------
candidate= 0-118 : -
-----------------------------------------------------------------------------------------
it= 2   ncol= 1648  ncstr= 659  mt= 0.6   spt= 0.0   lpval= 94018.8   ub= 94044.0  
-----------------------------------------------------------------------------------------
elapsed time= 194.34 s.
-----------------------------------------------------------------------------------------
candidate= 0-118 : +
-----------------------------------------------------------------------------------------
it= 6   ncol= 1799  ncstr= 659  mt= 0.6   spt= 0.0   lpval= 94070.7   ub= 94044.0  
-----------------------------------------------------------------------------------------
elapsed time= 194.95 s.
-----------------------------------------------------------------------------------------
candidate= 59-296 : -
-----------------------------------------------------------------------------------------
it= 2   ncol= 1643  ncstr= 659  mt= 0.5   spt= 0.0   lpval= 94018.8   ub= 94044.0  
-----------------------------------------------------------------------------------------
elapsed time= 195.48 s.
-----------------------------------------------------------------------------------------
candidate= 59-296 : +
-----------------------------------------------------------------------------------------
it= 7   ncol= 1814  ncstr= 659  mt= 0.7   spt= 0.0   lpval= 94125.0   ub= 94044.0  
-----------------------------------------------------------------------------------------
elapsed time= 196.24 s.
-----------------------------------------------------------------------------------------
brc= 59-296
t= 0.274226 c= 11.0439 n= 4 if_b4= 0
t= 0.68012 c= 21.0944 n= 4 if_b4= 0
#########################################################################################
tree size= 1 lb= 94018.2 ub= 94044
#########################################################################################
idx= 9 value= 94018.2 enu= 1
brc= 50-103 : -
brc= 76-103 : -
brc= 49-105 : -
brc= 70-133 : +
brc= 164-295 : -
brc= 24-250 : -
brc= 57-64 : -
brc= 3-269 : +
brc= 100-119 : -
brc= 74-217 : -
brc= 233-246 : +
brc= 59-68 : -
brc= 74-95 : -
brc= 95-312 : -
brc= 95-252 : -
brc= 75-303 : -
brc= 29-218 : -
brc= 13-65 : -
brc= 161-184 : -
brc= 57-84 : -
brc= 124-292 : -
brc= 75-248 : -
brc= 281-312 : -
brc= 51-57 : +
brc= 0-292 : +
brc= 24-162 : -
brc= 68-296 : -
brc= 12-134 : -
brc= 59-296 : +
it= 6   ncol= 1772  ncstr= 658  mt= 0.6   spt= 0.0   lpval= 94125.0   ub= 94044.0  
-----------------------------------------------------------------------------------------
elapsed time= 198.35 s.
-----------------------------------------------------------------------------------------
#########################################################################################
tree size= 0 lb= 94018.2 ub= 94044
#########################################################################################
idx= 10 value= 94018.2 enu= 1
brc= 50-103 : -
brc= 76-103 : -
brc= 49-105 : -
brc= 70-133 : +
brc= 164-295 : -
brc= 24-250 : -
brc= 57-64 : -
brc= 3-269 : +
brc= 100-119 : -
brc= 74-217 : -
brc= 233-246 : +
brc= 59-68 : -
brc= 74-95 : -
brc= 95-312 : -
brc= 95-252 : -
brc= 75-303 : -
brc= 29-218 : -
brc= 13-65 : -
brc= 161-184 : -
brc= 57-84 : -
brc= 124-292 : -
brc= 75-248 : -
brc= 281-312 : -
brc= 51-57 : +
brc= 0-292 : +
brc= 24-162 : -
brc= 68-296 : -
brc= 12-134 : -
brc= 59-296 : -
it= 3   ncol= 1643  ncstr= 658  mt= 0.0   spt= 0.0   lpval= 94018.8   ub= 94044.0  
-----------------------------------------------------------------------------------------
elapsed time= 198.42 s.
-----------------------------------------------------------------------------------------
columns pending deletion= 1606 remain= 34730 col ratio= 0.953758 row ratio= 0.905775
 ****** Separate RCCs ****** 
 ****** Separate Rank1Cuts ****** 
it= 3   ncol= 1634  ncstr= 692  mt= 0.0   spt= 0.0   lpval= 94019.8   ub= 94044.0  
-----------------------------------------------------------------------------------------
elapsed time= 199.11 s.
-----------------------------------------------------------------------------------------
columns pending deletion= 5148 remain= 34730 col ratio= 0.851771 row ratio= 0.872832
 ****** Separate RCCs ****** 
 ****** Separate Rank1Cuts ****** 
it= 2   ncol= 1627  ncstr= 713  mt= 0.0   spt= 0.0   lpval= 94020.1   ub= 94044.0  
-----------------------------------------------------------------------------------------
elapsed time= 199.59 s.
-----------------------------------------------------------------------------------------
columns pending deletion= 6984 remain= 34730 col ratio= 0.798906 row ratio= 0.880785
[1;36m[REMIND] 2: gap improved= 0.326321 ratio= 0.013659 threshold= 0.040000 in function increaseCondition2 at /blue/yu.yang1/you.z/route_opt/packages/application/X-n313-k71/src/main/src/call_cutting.cpp:74[0m
 ****** Separate Rank1Cuts ****** 
it= 3   ncol= 1624  ncstr= 730  mt= 0.0   spt= 0.0   lpval= 94020.2   ub= 94044.0  
-----------------------------------------------------------------------------------------
elapsed time= 200.05 s.
-----------------------------------------------------------------------------------------
columns pending deletion= 7603 remain= 34730 col ratio= 0.781083 row ratio= 0.869863
current_r_best= 1.44938
alpha= 0.37 beta= 14.1662 omega= 40.2728 k1= 13
lb_k= 1 ub_k= 37
revise: lb_k= 9 ub_k= 21
opt_k= 16
alpha= 0.75 beta= 14.1662 omega= 31.0157 k1= 3
lb_k= 1 ub_k= 3
revise: lb_k= 1 ub_k= 3
opt_k= 3
pseudo= 50 frac= 50
#candidates in phase1= 16
testing lp time= 10.40 s.
-----------------------------------------------------------------------------------------
 62-296 , 112.51|  23-59  ,  68.45|   0-50  ,  52.28|   1-105 ,  52.27| 114-161 ,  40.20| 
188-197 ,  33.34|  10-161 ,  31.74|  13-49  ,  30.93|  92-263 ,  29.44|   0-87  ,  15.33| 
 87-182 ,  15.32|   0-55  ,  11.37| 138-203 ,   8.79|  88-124 ,   8.18| 113-167 ,   4.34| 
254-294 ,   0.14| 
-----------------------------------------------------------------------------------------
edge= 0 50 lp= 24.1935 pre= 2 lp2= 2.16087 pre2= 2 score= 52.2791
-----------------------------------------------------------------------------------------
edge= 23 59 lp= 1.11267 pre= 2 lp2= 61.5149 pre2= 2 score= 68.446
-----------------------------------------------------------------------------------------
edge= 62 296 lp= 1.80706 pre= 2 lp2= 62.262 pre2= 2 score= 112.511
-----------------------------------------------------------------------------------------
candidate= 62-296 : -
-----------------------------------------------------------------------------------------
it= 3   ncol= 1636  ncstr= 731  mt= 0.8   spt= 0.0   lpval= 94021.5   ub= 94044.0  
-----------------------------------------------------------------------------------------
elapsed time= 211.28 s.
-----------------------------------------------------------------------------------------
candidate= 62-296 : +
-----------------------------------------------------------------------------------------
it= 4   ncol= 1688  ncstr= 731  mt= 0.7   spt= 0.0   lpval= 94076.4   ub= 94044.0  
-----------------------------------------------------------------------------------------
elapsed time= 211.98 s.
-----------------------------------------------------------------------------------------
brc= 62-296
t= 0.282672 c= 9.61438 n= 5 if_b4= 0
t= 0.693494 c= 18.7295 n= 5 if_b4= 0
#########################################################################################
tree size= 1 lb= 94020.2 ub= 94044
#########################################################################################
idx= 11 value= 94020.2 enu= 1
brc= 50-103 : -
brc= 76-103 : -
brc= 49-105 : -
brc= 70-133 : +
brc= 164-295 : -
brc= 24-250 : -
brc= 57-64 : -
brc= 3-269 : +
brc= 100-119 : -
brc= 74-217 : -
brc= 233-246 : +
brc= 59-68 : -
brc= 74-95 : -
brc= 95-312 : -
brc= 95-252 : -
brc= 75-303 : -
brc= 29-218 : -
brc= 13-65 : -
brc= 161-184 : -
brc= 57-84 : -
brc= 124-292 : -
brc= 75-248 : -
brc= 281-312 : -
brc= 51-57 : +
brc= 0-292 : +
brc= 24-162 : -
brc= 68-296 : -
brc= 12-134 : -
brc= 59-296 : -
brc= 62-296 : +
it= 3   ncol= 1653  ncstr= 730  mt= 0.7   spt= 0.0   lpval= 94076.4   ub= 94044.0  
-----------------------------------------------------------------------------------------
elapsed time= 214.21 s.
-----------------------------------------------------------------------------------------
#########################################################################################
tree size= 0 lb= 94020.2 ub= 94044
#########################################################################################
idx= 12 value= 94020.2 enu= 1
brc= 50-103 : -
brc= 76-103 : -
brc= 49-105 : -
brc= 70-133 : +
brc= 164-295 : -
brc= 24-250 : -
brc= 57-64 : -
brc= 3-269 : +
brc= 100-119 : -
brc= 74-217 : -
brc= 233-246 : +
brc= 59-68 : -
brc= 74-95 : -
brc= 95-312 : -
brc= 95-252 : -
brc= 75-303 : -
brc= 29-218 : -
brc= 13-65 : -
brc= 161-184 : -
brc= 57-84 : -
brc= 124-292 : -
brc= 75-248 : -
brc= 281-312 : -
brc= 51-57 : +
brc= 0-292 : +
brc= 24-162 : -
brc= 68-296 : -
brc= 12-134 : -
brc= 59-296 : -
brc= 62-296 : -
it= 3   ncol= 1639  ncstr= 730  mt= 0.1   spt= 0.0   lpval= 94021.5   ub= 94044.0  
-----------------------------------------------------------------------------------------
elapsed time= 214.40 s.
-----------------------------------------------------------------------------------------
columns pending deletion= 4217 remain= 27124 col ratio= 0.844529 row ratio= 0.839726
 ****** Separate RCCs ****** 
 ****** Separate Rank1Cuts ****** 
it= 3   ncol= 1621  ncstr= 773  mt= 0.1   spt= 0.0   lpval= 94021.7   ub= 94044.0  
-----------------------------------------------------------------------------------------
elapsed time= 215.09 s.
-----------------------------------------------------------------------------------------
columns pending deletion= 5744 remain= 27124 col ratio= 0.788232 row ratio= 0.825356
[1;36m[REMIND] 2: gap improved= 0.243754 ratio= 0.010929 threshold= 0.040000 in function increaseCondition2 at /blue/yu.yang1/you.z/route_opt/packages/application/X-n313-k71/src/main/src/call_cutting.cpp:74[0m
 ****** Separate RCCs ****** 
 ****** Separate Rank1Cuts ****** 
it= 2   ncol= 1609  ncstr= 788  mt= 0.0   spt= 0.0   lpval= 94022.1   ub= 94044.0  
-----------------------------------------------------------------------------------------
elapsed time= 215.65 s.
-----------------------------------------------------------------------------------------
delete columns= 7131 remain= 19993
[1;36m[REMIND] 2: gap improved= 0.378787 ratio= 0.017277 threshold= 0.040000 in function increaseCondition2 at /blue/yu.yang1/you.z/route_opt/packages/application/X-n313-k71/src/main/src/call_cutting.cpp:74[0m
 ****** Separate Rank1Cuts ****** 
it= 2   ncol= 1605  ncstr= 646  mt= 0.0   spt= 0.0   lpval= 94022.1   ub= 94044.0  
-----------------------------------------------------------------------------------------
elapsed time= 216.80 s.
-----------------------------------------------------------------------------------------
columns pending deletion= 357 remain= 19993 col ratio= 0.982144 row ratio= 0.9613
current_r_best= 1.40821
alpha= 0.37 beta= 13.2216 omega= 34.0125 k1= 12
lb_k= 1 ub_k= 37
revise: lb_k= 8 ub_k= 19
opt_k= 14
alpha= 0.75 beta= 13.2216 omega= 27.0074 k1= 3
lb_k= 1 ub_k= 3
revise: lb_k= 1 ub_k= 3
opt_k= 3
pseudo= 50 frac= 50
#candidates in phase1= 14
testing lp time= 7.09 s.
-----------------------------------------------------------------------------------------
 13-49  ,  59.29| 114-161 ,  37.28| 184-248 ,  26.07|  10-161 ,  19.87|   0-118 ,  12.75| 
 23-68  ,  11.00|  27-138 ,  10.02| 136-296 ,   9.47|   1-103 ,   6.96|  12-52  ,   6.20| 
  1-76  ,   6.20|  81-220 ,   2.71|   1-134 ,   2.43| 105-134 ,   0.41| 
-----------------------------------------------------------------------------------------
edge= 184 248 lp= 5.40909 pre= 2 lp2= 4.82035 pre2= 2 score= 26.0737
-----------------------------------------------------------------------------------------
edge= 114 161 lp= 6.33498 pre= 1 lp2= 5.88414 pre2= 2 score= 37.2759
-----------------------------------------------------------------------------------------
edge= 13 49 lp= 7.9634 pre= 2 lp2= 7.44506 pre2= 2 score= 59.288
-----------------------------------------------------------------------------------------
candidate= 13-49 : -
-----------------------------------------------------------------------------------------
it= 4   ncol= 1659  ncstr= 647  mt= 0.5   spt= 0.0   lpval= 94029.4   ub= 94044.0  
-----------------------------------------------------------------------------------------
elapsed time= 224.37 s.
-----------------------------------------------------------------------------------------
candidate= 13-49 : +
-----------------------------------------------------------------------------------------
it= 3   ncol= 1631  ncstr= 647  mt= 0.5   spt= 0.0   lpval= 94028.8   ub= 94044.0  
-----------------------------------------------------------------------------------------
elapsed time= 224.86 s.
-----------------------------------------------------------------------------------------
brc= 13-49
t= 0.278473 c= 8.67939 n= 6 if_b4= 0
t= 0.663184 c= 16.9301 n= 6 if_b4= 0
#########################################################################################
tree size= 1 lb= 94022.1 ub= 94044
#########################################################################################
idx= 13 value= 94022.1 enu= 1
brc= 50-103 : -
brc= 76-103 : -
brc= 49-105 : -
brc= 70-133 : +
brc= 164-295 : -
brc= 24-250 : -
brc= 57-64 : -
brc= 3-269 : +
brc= 100-119 : -
brc= 74-217 : -
brc= 233-246 : +
brc= 59-68 : -
brc= 74-95 : -
brc= 95-312 : -
brc= 95-252 : -
brc= 75-303 : -
brc= 29-218 : -
brc= 13-65 : -
brc= 161-184 : -
brc= 57-84 : -
brc= 124-292 : -
brc= 75-248 : -
brc= 281-312 : -
brc= 51-57 : +
brc= 0-292 : +
brc= 24-162 : -
brc= 68-296 : -
brc= 12-134 : -
brc= 59-296 : -
brc= 62-296 : -
brc= 13-49 : +
it= 3   ncol= 1518  ncstr= 646  mt= 0.5   spt= 0.0   lpval= 94028.8   ub= 94044.0  
-----------------------------------------------------------------------------------------
elapsed time= 226.59 s.
-----------------------------------------------------------------------------------------
delete columns= 13225 remain= 6274
 ****** Separate RCCs ****** 
 ****** Separate Rank1Cuts ****** 
it= 3   ncol= 1414  ncstr= 624  mt= 0.1   spt= 0.0   lpval= 94030.6   ub= 94044.0  
-----------------------------------------------------------------------------------------
elapsed time= 227.26 s.
-----------------------------------------------------------------------------------------
columns pending deletion= 1832 remain= 6274 col ratio= 0.708001 row ratio= 0.889423
mip: row= 555 col= 5812 density= 5.18223%
mip time= 3.45 s.
mip status= 6
update f from 3.28801 to 13.409
#########################################################################################
tree size= 0 lb= 94022.1 ub= 94044
#########################################################################################
idx= 14 value= 94022.1 enu= 1
brc= 50-103 : -
brc= 76-103 : -
brc= 49-105 : -
brc= 70-133 : +
brc= 164-295 : -
brc= 24-250 : -
brc= 57-64 : -
brc= 3-269 : +
brc= 100-119 : -
brc= 74-217 : -
brc= 233-246 : +
brc= 59-68 : -
brc= 74-95 : -
brc= 95-312 : -
brc= 95-252 : -
brc= 75-303 : -
brc= 29-218 : -
brc= 13-65 : -
brc= 161-184 : -
brc= 57-84 : -
brc= 124-292 : -
brc= 75-248 : -
brc= 281-312 : -
brc= 51-57 : +
brc= 0-292 : +
brc= 24-162 : -
brc= 68-296 : -
brc= 12-134 : -
brc= 59-296 : -
brc= 62-296 : -
brc= 13-49 : -
it= 4   ncol= 1638  ncstr= 646  mt= 0.1   spt= 0.0   lpval= 94029.4   ub= 94044.0  
-----------------------------------------------------------------------------------------
elapsed time= 230.87 s.
-----------------------------------------------------------------------------------------
delete columns= 14092 remain= 5517
 ****** Separate RCCs ****** 
 ****** Separate Rank1Cuts ****** 
it= 3   ncol= 1531  ncstr= 650  mt= 0.1   spt= 0.0   lpval= 94032.5   ub= 94044.0  
-----------------------------------------------------------------------------------------
elapsed time= 231.96 s.
-----------------------------------------------------------------------------------------
delete columns= 2597 remain= 2920
mip: row= 560 col= 4331 density= 4.57202%
mip time= 1.75 s.
mip status= 6
#########################################################################################
[32m<Instance: X-n313-k71>
<Solution>
<UB= 94044>
<LB= 94044>
<Elapsed Time= 234.2>
<Nodes Explored= 15>
<Global Gap= 0%>[0m
#########################################################################################
File nodes/X-n313-k71_3_3_2_12_G32.node deleted successfully.
