application type: CVRP
X-n313-k71_3_3_3_4_G32.node
Set parameter ServerTimeout to value 600
Set parameter TokenServer to value "grb-ts.ufhpc"
Set parameter Threads to value 1
instance name= X-n313-k71
#########################################################################################
tree size= 0 lb= 0 ub= 94044
#########################################################################################
idx= 9 value= 93994.5 enu= 0
brc= 50-103 : -
brc= 76-103 : -
brc= 49-105 : -
brc= 70-133 : +
brc= 164-295 : -
brc= 24-250 : -
brc= 57-64 : -
brc= 3-269 : +
brc= 100-119 : -
brc= 74-217 : -
brc= 233-246 : -
brc= 95-252 : +
brc= 260-279 : -
brc= 62-68 : -
brc= 88-124 : -
brc= 110-124 : -
brc= 27-59 : +
-----------------------------------------------------------------------------------------
 ****** Pricing Level: LIGHT HEUR ****** 
it= 10  ncol= 1455  ncstr= 588  mt= 0.3   spt= 0.2   lpval= 94020.7   ub= 94044.0  
 ****** Pricing Level: HEAVY HEUR ****** 
it= 5   ncol= 1528  ncstr= 588  mt= 0.1   spt= 0.3   lpval= 94015.6   ub= 94044.0  
 ****** Pricing Level: EXACT ****** 
it= 4   ncol= 2507  ncstr= 588  mt= 0.0   spt= 3.7   lpval= 94015.3   ub= 94044.0  
-----------------------------------------------------------------------------------------
elapsed time= 8.04 s.
-----------------------------------------------------------------------------------------
-----------------------------------------------------------------------------------------
 ****** Run Arc Elimination ****** 
arc elimination time= 1.90 s.
previous= 56.9481% maximum= 1.59745%
eliminate bucket arcs time= 0.37 s.
obtain jump arcs time= 0.01 s.
-----------------------------------------------------------------------------------------
-----------------------------------------------------------------------------------------
elapsed time= 10.65 s.
-----------------------------------------------------------------------------------------
-----------------------------------------------------------------------------------------
 ****** Try Enumeration ****** 
#labels= 66513 #routes= 3
labeling 1 time= 0.65 s.
concatenate time= 0.80 s.
#routes= 49655
average gap of successful enumeration= 0.000294087
next try value > 93990.7
-----------------------------------------------------------------------------------------
elapsed time= 12.16 s.
-----------------------------------------------------------------------------------------
 ****** Process Enumeration Matrix ****** 
delete non-ele routes lp val= 94016.2
recover rank1c lp val= 94016.3
recover rcc lp val= 94017.1
obtain rcc coefficient time= 0.01 s.
obtain r1c coefficient time= 0.07 s.
obtain matrix from triplets time= 0.06 s.
delete columns by branch time= 0.00 s.
columns pending deletion= 21 remain= 49655 col ratio= 0.999577 row ratio= 1
regenerate enumeration matrix time= 0.00 s.
-----------------------------------------------------------------------------------------
elapsed time= 13.28 s.
-----------------------------------------------------------------------------------------
it= 3   ncol= 2141  ncstr= 552  mt= 0.0   spt= 0.0   lpval= 94017.1   ub= 94044.0  
-----------------------------------------------------------------------------------------
elapsed time= 13.31 s.
-----------------------------------------------------------------------------------------
delete columns= 19656 remain= 29999
 ****** Separate RCCs ****** 
 ****** Separate Rank1Cuts ****** 
it= 4   ncol= 1322  ncstr= 590  mt= 0.1   spt= 0.0   lpval= 94025.2   ub= 94044.0  
-----------------------------------------------------------------------------------------
elapsed time= 14.29 s.
-----------------------------------------------------------------------------------------
delete columns= 21166 remain= 8833
mip: row= 508 col= 10083 density= 4.36003%
mip time= 4.99 s.
mip status= 6
update f from 0 to 18.8381
#########################################################################################
[32m<Instance: X-n313-k71>
<Solution>
<UB= 94044>
<LB= 94044>
<Elapsed Time= 19.6>
<Nodes Explored= 1>
<Global Gap= 0%>[0m
#########################################################################################
File nodes/X-n313-k71_3_3_3_4_G32.node deleted successfully.
