application type: CVRP
X-n313-k71_2_0_0_0_2_4_G32.node
Set parameter ServerTimeout to value 600
Set parameter TokenServer to value "grb-ts.ufhpc"
Set parameter Threads to value 1
instance name= X-n313-k71
#########################################################################################
tree size= 0 lb= 0 ub= 94044
#########################################################################################
idx= 9 value= 93992.6 enu= 0
brc= 50-103 : -
brc= 76-103 : -
brc= 49-105 : +
brc= 164-295 : +
brc= 221-228 : +
brc= 0-57 : +
brc= 64-130 : -
brc= 7-56 : -
brc= 62-68 : +
brc= 126-152 : -
brc= 59-68 : -
brc= 138-203 : -
brc= 260-279 : -
brc= 211-290 : +
-----------------------------------------------------------------------------------------
 ****** Pricing Level: LIGHT HEUR ****** 
it= 8   ncol= 1422  ncstr= 624  mt= 0.3   spt= 0.2   lpval= 94021.5   ub= 94044.0  
 ****** Pricing Level: HEAVY HEUR ****** 
it= 5   ncol= 1503  ncstr= 624  mt= 0.1   spt= 0.3   lpval= 94017.0   ub= 94044.0  
 ****** Pricing Level: EXACT ****** 
it= 3   ncol= 1622  ncstr= 624  mt= 0.0   spt= 2.5   lpval= 94017.0   ub= 94044.0  
-----------------------------------------------------------------------------------------
elapsed time= 7.13 s.
-----------------------------------------------------------------------------------------
-----------------------------------------------------------------------------------------
 ****** Run Arc Elimination ****** 
arc elimination time= 1.47 s.
previous= 47.3481% maximum= 1.59769%
eliminate bucket arcs time= 0.40 s.
obtain jump arcs time= 0.01 s.
-----------------------------------------------------------------------------------------
-----------------------------------------------------------------------------------------
elapsed time= 9.35 s.
-----------------------------------------------------------------------------------------
-----------------------------------------------------------------------------------------
 ****** Try Enumeration ****** 
#labels= 66303 #routes= 4
labeling 1 time= 0.56 s.
concatenate time= 0.52 s.
#routes= 42640
average gap of successful enumeration= 0.000276954
next try value > 93983.9
-----------------------------------------------------------------------------------------
elapsed time= 10.50 s.
-----------------------------------------------------------------------------------------
 ****** Process Enumeration Matrix ****** 
delete non-ele routes lp val= 94017
recover rank1c lp val= 94017.1
recover rcc lp val= 94018
obtain rcc coefficient time= 0.01 s.
obtain r1c coefficient time= 0.07 s.
obtain matrix from triplets time= 0.05 s.
delete columns by branch time= 0.00 s.
columns pending deletion= 31 remain= 42640 col ratio= 0.999273 row ratio= 1
regenerate enumeration matrix time= 0.00 s.
-----------------------------------------------------------------------------------------
elapsed time= 12.50 s.
-----------------------------------------------------------------------------------------
it= 3   ncol= 1407  ncstr= 577  mt= 0.0   spt= 0.0   lpval= 94017.9   ub= 94044.0  
-----------------------------------------------------------------------------------------
elapsed time= 12.53 s.
-----------------------------------------------------------------------------------------
columns pending deletion= 10464 remain= 42640 col ratio= 0.754597 row ratio= 0.915078
 ****** Separate RCCs ****** 
 ****** Separate Rank1Cuts ****** 
it= 3   ncol= 1322  ncstr= 674  mt= 0.0   spt= 0.0   lpval= 94020.4   ub= 94044.0  
-----------------------------------------------------------------------------------------
elapsed time= 13.17 s.
-----------------------------------------------------------------------------------------
delete columns= 20790 remain= 21850
 ****** Separate RCCs ****** 
 ****** Separate Rank1Cuts ****** 
it= 4   ncol= 1378  ncstr= 646  mt= 0.1   spt= 0.0   lpval= 94022.6   ub= 94044.0  
-----------------------------------------------------------------------------------------
elapsed time= 14.29 s.
-----------------------------------------------------------------------------------------
delete columns= 6708 remain= 15142
mip: row= 554 col= 16491 density= 4.5349%
mip time= 7.56 s.
mip status= 6
update f from 0 to 21.3618
#########################################################################################
[32m<Instance: X-n313-k71>
<Solution>
<UB= 94044>
<LB= 94044>
<Elapsed Time= 22.3>
<Nodes Explored= 1>
<Global Gap= 0%>[0m
#########################################################################################
File nodes/X-n313-k71_2_0_0_0_2_4_G32.node deleted successfully.
