application type: CVRP
X-n313-k71_0_2_0_1_2_0_G32.node
Set parameter ServerTimeout to value 600
Set parameter TokenServer to value "grb-ts.ufhpc"
Set parameter Threads to value 1
instance name= X-n313-k71
#########################################################################################
tree size= 0 lb= 0 ub= 94044
#########################################################################################
idx= 1 value= 93995.4 enu= 0
brc= 50-103 : +
brc= 233-246 : -
brc= 57-64 : -
brc= 70-133 : +
brc= 164-295 : +
brc= 95-279 : -
brc= 62-296 : +
brc= 33-56 : -
brc= 12-76 : -
brc= 118-296 : +
brc= 194-200 : +
-----------------------------------------------------------------------------------------
 ****** Pricing Level: LIGHT HEUR ****** 
it= 5   ncol= 1627  ncstr= 624  mt= 0.2   spt= 0.1   lpval= 94003.1   ub= 94044.0  
 ****** Pricing Level: HEAVY HEUR ****** 
it= 3   ncol= 1646  ncstr= 624  mt= 0.1   spt= 0.2   lpval= 94001.9   ub= 94044.0  
 ****** Pricing Level: EXACT ****** 
it= 4   ncol= 1688  ncstr= 624  mt= 0.0   spt= 3.5   lpval= 94001.9   ub= 94044.0  
-----------------------------------------------------------------------------------------
elapsed time= 7.64 s.
-----------------------------------------------------------------------------------------
-----------------------------------------------------------------------------------------
 ****** Run Arc Elimination ****** 
arc elimination time= 4.40 s.
previous= 84.776% maximum= 2.43175%
eliminate bucket arcs time= 0.45 s.
obtain jump arcs time= 0.01 s.
-----------------------------------------------------------------------------------------
-----------------------------------------------------------------------------------------
elapsed time= 12.84 s.
-----------------------------------------------------------------------------------------
 ****** Separate RCCs ****** 
 ****** Separate Rank1Cuts ****** 
-----------------------------------------------------------------------------------------
 ****** Pricing Level: LIGHT HEUR ****** 
it= 4   ncol= 1742  ncstr= 686  mt= 0.3   spt= 0.1   lpval= 94006.2   ub= 94044.0  
 ****** Pricing Level: HEAVY HEUR ****** 
it= 5   ncol= 1786  ncstr= 686  mt= 0.1   spt= 0.3   lpval= 94006.1   ub= 94044.0  
 ****** Pricing Level: EXACT ****** 
it= 4   ncol= 1899  ncstr= 686  mt= 0.0   spt= 3.2   lpval= 94006.1   ub= 94044.0  
-----------------------------------------------------------------------------------------
elapsed time= 18.73 s.
-----------------------------------------------------------------------------------------
-----------------------------------------------------------------------------------------
 ****** Run Arc Elimination ****** 
arc elimination time= 3.02 s.
previous= 89.0512% maximum= 2.1655%
eliminate bucket arcs time= 0.40 s.
obtain jump arcs time= 0.01 s.
-----------------------------------------------------------------------------------------
-----------------------------------------------------------------------------------------
elapsed time= 22.18 s.
-----------------------------------------------------------------------------------------
-----------------------------------------------------------------------------------------
 ****** Try Enumeration ****** 
#labels= 156485 #routes= 4
labeling 1 time= 2.43 s.
concatenate time= 4.35 s.
#routes= 150931
average gap of successful enumeration= 0.000392316
next try value > 93996.5
-----------------------------------------------------------------------------------------
elapsed time= 29.05 s.
-----------------------------------------------------------------------------------------
 ****** Process Enumeration Matrix ****** 
delete non-ele routes lp val= 94006.7
recover rank1c lp val= 94007.8
recover rcc lp val= 94008.8
obtain rcc coefficient time= 0.10 s.
obtain r1c coefficient time= 0.22 s.
obtain matrix from triplets time= 0.38 s.
delete columns by branch time= 0.00 s.
columns pending deletion= 279 remain= 150931 col ratio= 0.998151 row ratio= 1
regenerate enumeration matrix time= 0.00 s.
-----------------------------------------------------------------------------------------
elapsed time= 32.19 s.
-----------------------------------------------------------------------------------------
it= 3   ncol= 1714  ncstr= 636  mt= 0.0   spt= 0.0   lpval= 94008.3   ub= 94044.0  
-----------------------------------------------------------------------------------------
elapsed time= 32.28 s.
-----------------------------------------------------------------------------------------
delete columns= 54303 remain= 96628
 ****** Separate RCCs ****** 
 ****** Separate Rank1Cuts ****** 
it= 3   ncol= 1636  ncstr= 576  mt= 0.0   spt= 0.0   lpval= 94009.2   ub= 94044.0  
-----------------------------------------------------------------------------------------
elapsed time= 33.54 s.
-----------------------------------------------------------------------------------------
columns pending deletion= 11463 remain= 96628 col ratio= 0.88137 row ratio= 0.928819
[1;36m[REMIND] 2: gap improved= 0.924846 ratio= 0.026606 threshold= 0.040000 in function increaseCondition2 at /blue/yu.yang1/you.z/route_opt/packages/application/X-n313-k71/src/main/src/call_cutting.cpp:74[0m
 ****** Separate RCCs ****** 
 ****** Separate Rank1Cuts ****** 
it= 3   ncol= 1640  ncstr= 666  mt= 0.1   spt= 0.0   lpval= 94009.6   ub= 94044.0  
-----------------------------------------------------------------------------------------
elapsed time= 34.11 s.
-----------------------------------------------------------------------------------------
columns pending deletion= 18263 remain= 96628 col ratio= 0.810997 row ratio= 0.816817
[1;36m[REMIND] 2: gap improved= 0.395959 ratio= 0.011522 threshold= 0.040000 in function increaseCondition2 at /blue/yu.yang1/you.z/route_opt/packages/application/X-n313-k71/src/main/src/call_cutting.cpp:74[0m
 ****** Separate RCCs ****** 
 ****** Separate Rank1Cuts ****** 
it= 2   ncol= 1641  ncstr= 704  mt= 0.0   spt= 0.0   lpval= 94010.1   ub= 94044.0  
-----------------------------------------------------------------------------------------
elapsed time= 34.70 s.
-----------------------------------------------------------------------------------------
delete columns= 27160 remain= 69468
[1;36m[REMIND] 2: gap improved= 0.481664 ratio= 0.014215 threshold= 0.040000 in function increaseCondition2 at /blue/yu.yang1/you.z/route_opt/packages/application/X-n313-k71/src/main/src/call_cutting.cpp:74[0m
[1;36m[REMIND] tail off counter= 3 threshold= 3 in function setIfTailOff at /blue/yu.yang1/you.z/route_opt/packages/application/X-n313-k71/src/main/src/call_cutting.cpp:150[0m
[1;36m[REMIND] opt_k not found for node 1, use m directly in function getOptK at /blue/yu.yang1/you.z/route_opt/packages/branching/bkf/include/bkf_controller.hpp:239[0m
current_r_best= 10.6696
we directly test 100
we directly test 4
pseudo= 50 frac= 50
#candidates in phase1= 100
testing lp time= 35.01 s.
-----------------------------------------------------------------------------------------
127-145 , 189.13|   0-127 , 142.89|  18-224 , 115.83| 189-278 , 115.83| 224-278 , 115.83| 
 53-54  , 113.94|   0-306 ,  83.77| 263-306 ,  83.77|  71-306 ,  83.77|  57-130 ,  60.59| 
  3-269 ,  60.41| 264-297 ,  60.17|   0-57  ,  58.49|   0-130 ,  46.70|   0-301 ,  44.73| 
 59-292 ,  37.78| 114-272 ,  37.43|   0-64  ,  35.78|  30-57  ,  34.48| 141-175 ,  29.77| 
 17-272 ,  28.97| 167-232 ,  28.68| 100-275 ,  28.68| 132-230 ,  27.32| 108-301 ,  25.45| 
 29-218 ,  24.89|  10-54  ,  23.57|  95-281 ,  22.99|   9-51  ,  22.42|  51-64  ,  21.66| 
 33-228 ,  21.03|  39-203 ,  20.07| 164-175 ,  19.86|   0-255 ,  18.53|  39-255 ,  18.53| 
 87-182 ,  18.28|   0-87  ,  18.28|  64-130 ,  17.59| 137-150 ,  17.47| 175-299 ,  17.31| 
 24-189 ,  17.16|  74-95  ,  16.74| 252-260 ,  13.98| 138-227 ,  12.69|   0-122 ,  12.35| 
  0-93  ,  12.35|   0-312 ,  12.30| 116-302 ,  11.99|   0-242 ,  11.28|  60-64  ,  10.38| 
  0-17  ,  10.32|  24-155 ,  10.24| 270-279 ,  10.11|  87-116 ,   9.32| 221-270 ,   9.10| 
221-228 ,   9.10| 228-270 ,   8.70| 145-281 ,   8.70|  33-281 ,   8.70|   0-34  ,   8.65| 
108-218 ,   8.19|   0-228 ,   7.96|   0-270 ,   7.83| 240-275 ,   7.75| 113-232 ,   7.74| 
  0-33  ,   7.48| 201-302 ,   5.93|   0-201 ,   5.93|  74-217 ,   5.70|   0-116 ,   4.87| 
189-224 ,   4.73|   0-74  ,   3.78|  95-252 ,   3.71|   0-192 ,   3.25|  41-113 ,   2.79| 
112-165 ,   2.78| 165-190 ,   2.77| 157-210 ,   2.74| 181-220 ,   2.21|  90-132 ,   1.89| 
  0-302 ,   1.83| 192-294 ,   1.79|   0-82  ,   1.75| 230-276 ,   1.56| 170-286 ,   1.41| 
  0-6   ,   1.13|   5-272 ,   1.07|  28-82  ,   1.00| 215-272 ,   0.89|  41-192 ,   0.88| 
  0-190 ,   0.80|  48-153 ,   0.67| 171-280 ,   0.66| 157-199 ,   0.65| 203-246 ,   0.55| 
  0-48  ,   0.45| 171-250 ,   0.27|   0-188 ,   0.20|   0-170 ,   0.20|   0-171 ,   0.05| 
-----------------------------------------------------------------------------------------
edge= 18 224 lp= 1.75983 pre= 2 lp2= 65.8207 pre2= 2 score= 115.833
-----------------------------------------------------------------------------------------
edge= 0 127 lp= 36.0506 pre= 2 lp2= 3.96364 pre2= 2 score= 142.892
-----------------------------------------------------------------------------------------
edge= 189 278 lp= 1.75983 pre= 2 lp2= 65.8207 pre2= 2 score= 115.833
-----------------------------------------------------------------------------------------
edge= 127 145 lp= 3.96364 pre= 2 lp2= 47.7164 pre2= 2 score= 189.13
-----------------------------------------------------------------------------------------
candidate= 127-145 : -
-----------------------------------------------------------------------------------------
it= 3   ncol= 1683  ncstr= 557  mt= 0.3   spt= 0.0   lpval= 94012.9   ub= 94044.0  
-----------------------------------------------------------------------------------------
elapsed time= 70.56 s.
-----------------------------------------------------------------------------------------
candidate= 0-127 : -
-----------------------------------------------------------------------------------------
it= 4   ncol= 1718  ncstr= 557  mt= 0.4   spt= 0.0   lpval= 94028.2   ub= 94044.0  
-----------------------------------------------------------------------------------------
elapsed time= 70.95 s.
-----------------------------------------------------------------------------------------
candidate= 127-145 : +
-----------------------------------------------------------------------------------------
it= 5   ncol= 1754  ncstr= 557  mt= 0.5   spt= 0.0   lpval= 94037.8   ub= 94044.0  
-----------------------------------------------------------------------------------------
elapsed time= 71.44 s.
-----------------------------------------------------------------------------------------
candidate= 18-224 : -
-----------------------------------------------------------------------------------------
it= 3   ncol= 1681  ncstr= 557  mt= 0.4   spt= 0.0   lpval= 94011.7   ub= 94044.0  
-----------------------------------------------------------------------------------------
elapsed time= 71.83 s.
-----------------------------------------------------------------------------------------
candidate= 189-278 : -
-----------------------------------------------------------------------------------------
it= 3   ncol= 1677  ncstr= 557  mt= 0.4   spt= 0.0   lpval= 94011.8   ub= 94044.0  
-----------------------------------------------------------------------------------------
elapsed time= 72.20 s.
-----------------------------------------------------------------------------------------
candidate= 189-278 : +
-----------------------------------------------------------------------------------------
it= 5   ncol= 1737  ncstr= 557  mt= 0.5   spt= 0.0   lpval= 94021.6   ub= 94044.0  
-----------------------------------------------------------------------------------------
elapsed time= 72.71 s.
-----------------------------------------------------------------------------------------
candidate= 18-224 : +
-----------------------------------------------------------------------------------------
it= 5   ncol= 1750  ncstr= 557  mt= 0.5   spt= 0.0   lpval= 94028.8   ub= 94044.0  
-----------------------------------------------------------------------------------------
elapsed time= 73.23 s.
-----------------------------------------------------------------------------------------
brc= 127-145
t= 0.175038 c= 33.896 n= 0 if_b4= 0
t= 0.426606 c= 49.9067 n= 0 if_b4= 0
#########################################################################################
tree size= 1 lb= 94010.1 ub= 94044
#########################################################################################
idx= 1 value= 94010.1 enu= 1
brc= 50-103 : +
brc= 233-246 : -
brc= 57-64 : -
brc= 70-133 : +
brc= 164-295 : +
brc= 95-279 : -
brc= 62-296 : +
brc= 33-56 : -
brc= 12-76 : -
brc= 118-296 : +
brc= 194-200 : +
brc= 127-145 : +
it= 5   ncol= 1671  ncstr= 556  mt= 0.4   spt= 0.0   lpval= 94037.8   ub= 94044.0  
-----------------------------------------------------------------------------------------
elapsed time= 74.71 s.
-----------------------------------------------------------------------------------------
delete columns= 67897 remain= 1202
 ****** Separate RCCs ****** 
 ****** Separate Rank1Cuts ****** 
it= 4   ncol= 1059  ncstr= 534  mt= 0.0   spt= 0.0   lpval= 94041.1   ub= 94044.0  
-----------------------------------------------------------------------------------------
elapsed time= 75.18 s.
-----------------------------------------------------------------------------------------
delete columns= 621 remain= 581
mip: row= 485 col= 1215 density= 3.39604%
mip time= 0.05 s.
mip status= 3
update f from 0 to 2.92967
#########################################################################################
tree size= 0 lb= 94010.1 ub= 94044
#########################################################################################
idx= 2 value= 94010.1 enu= 1
brc= 50-103 : +
brc= 233-246 : -
brc= 57-64 : -
brc= 70-133 : +
brc= 164-295 : +
brc= 95-279 : -
brc= 62-296 : +
brc= 33-56 : -
brc= 12-76 : -
brc= 118-296 : +
brc= 194-200 : +
brc= 127-145 : -
it= 3   ncol= 1664  ncstr= 556  mt= 0.0   spt= 0.0   lpval= 94012.9   ub= 94044.0  
-----------------------------------------------------------------------------------------
elapsed time= 75.42 s.
-----------------------------------------------------------------------------------------
columns pending deletion= 20097 remain= 69439 col ratio= 0.710581 row ratio= 0.928058
 ****** Separate RCCs ****** 
 ****** Separate Rank1Cuts ****** 
it= 3   ncol= 1599  ncstr= 624  mt= 0.0   spt= 0.0   lpval= 94014.6   ub= 94044.0  
-----------------------------------------------------------------------------------------
elapsed time= 76.09 s.
-----------------------------------------------------------------------------------------
delete columns= 29050 remain= 40389
 ****** Separate RCCs ****** 
 ****** Separate Rank1Cuts ****** 
it= 3   ncol= 1617  ncstr= 620  mt= 0.0   spt= 0.0   lpval= 94015.4   ub= 94044.0  
-----------------------------------------------------------------------------------------
elapsed time= 77.23 s.
-----------------------------------------------------------------------------------------
columns pending deletion= 5294 remain= 40389 col ratio= 0.868925 row ratio= 0.885484
[1;36m[REMIND] 2: gap improved= 0.701551 ratio= 0.024488 threshold= 0.040000 in function increaseCondition2 at /blue/yu.yang1/you.z/route_opt/packages/application/X-n313-k71/src/main/src/call_cutting.cpp:74[0m
 ****** Separate RCCs ****** 
 ****** Separate Rank1Cuts ****** 
it= 2   ncol= 1607  ncstr= 661  mt= 0.0   spt= 0.0   lpval= 94015.7   ub= 94044.0  
-----------------------------------------------------------------------------------------
elapsed time= 77.72 s.
-----------------------------------------------------------------------------------------
columns pending deletion= 6967 remain= 40389 col ratio= 0.827503 row ratio= 0.847201
[1;36m[REMIND] 2: gap improved= 0.345633 ratio= 0.012212 threshold= 0.040000 in function increaseCondition2 at /blue/yu.yang1/you.z/route_opt/packages/application/X-n313-k71/src/main/src/call_cutting.cpp:74[0m
 ****** Separate RCCs ****** 
 ****** Separate Rank1Cuts ****** 
it= 3   ncol= 1605  ncstr= 701  mt= 0.0   spt= 0.0   lpval= 94015.9   ub= 94044.0  
-----------------------------------------------------------------------------------------
elapsed time= 78.26 s.
-----------------------------------------------------------------------------------------
columns pending deletion= 9034 remain= 40389 col ratio= 0.776325 row ratio= 0.796006
[1;36m[REMIND] 2: gap improved= 0.185844 ratio= 0.006609 threshold= 0.040000 in function increaseCondition2 at /blue/yu.yang1/you.z/route_opt/packages/application/X-n313-k71/src/main/src/call_cutting.cpp:74[0m
[1;36m[REMIND] tail off counter= 3 threshold= 3 in function setIfTailOff at /blue/yu.yang1/you.z/route_opt/packages/application/X-n313-k71/src/main/src/call_cutting.cpp:150[0m
current_r_best= 4.16681
alpha= 0.37 beta= 6.04493 omega= 193.649 k1= 17
lb_k= 1 ub_k= 37
revise: lb_k= 14 ub_k= 22
opt_k= 19
alpha= 0.75 beta= 6.04493 omega= 116.985 k1= 3
lb_k= 1 ub_k= 3
revise: lb_k= 1 ub_k= 3
opt_k= 3
pseudo= 50 frac= 50
#candidates in phase1= 19
testing lp time= 9.44 s.
-----------------------------------------------------------------------------------------
  0-306 ,  91.89| 263-306 ,  91.88| 142-152 ,  30.76| 264-297 ,  29.43|  17-272 ,  28.31| 
 39-255 ,  23.26| 108-301 ,  22.80|  36-142 ,  21.44|  30-269 ,  19.76| 112-257 ,  18.31| 
 64-79  ,  18.14| 270-279 ,  10.11|  44-102 ,   9.95|  67-251 ,   7.98|   2-30  ,   4.09| 
145-281 ,   3.18|  33-281 ,   3.18| 106-202 ,   2.06| 272-290 ,   1.86| 
-----------------------------------------------------------------------------------------
edge= 142 152 lp= 1.04495 pre= 2 lp2= 29.4368 pre2= 2 score= 30.7601
-----------------------------------------------------------------------------------------
edge= 263 306 lp= 1.83603 pre= 2 lp2= 50.0449 pre2= 2 score= 91.8841
-----------------------------------------------------------------------------------------
edge= 0 306 lp= 50.0449 pre= 2 lp2= 1.83605 pre2= 2 score= 91.8851
-----------------------------------------------------------------------------------------
candidate= 0-306 : -
-----------------------------------------------------------------------------------------
it= 5   ncol= 1679  ncstr= 702  mt= 0.5   spt= 0.0   lpval= 94028.9   ub= 94044.0  
-----------------------------------------------------------------------------------------
elapsed time= 88.25 s.
-----------------------------------------------------------------------------------------
candidate= 263-306 : -
-----------------------------------------------------------------------------------------
it= 3   ncol= 1625  ncstr= 702  mt= 0.4   spt= 0.0   lpval= 94016.8   ub= 94044.0  
-----------------------------------------------------------------------------------------
elapsed time= 88.69 s.
-----------------------------------------------------------------------------------------
candidate= 263-306 : +
-----------------------------------------------------------------------------------------
it= 5   ncol= 1677  ncstr= 702  mt= 0.5   spt= 0.0   lpval= 94037.2   ub= 94044.0  
-----------------------------------------------------------------------------------------
elapsed time= 89.23 s.
-----------------------------------------------------------------------------------------
candidate= 142-152 : -
-----------------------------------------------------------------------------------------
it= 3   ncol= 1636  ncstr= 702  mt= 0.4   spt= 0.0   lpval= 94016.9   ub= 94044.0  
-----------------------------------------------------------------------------------------
elapsed time= 89.64 s.
-----------------------------------------------------------------------------------------
candidate= 142-152 : +
-----------------------------------------------------------------------------------------
it= 3   ncol= 1681  ncstr= 702  mt= 0.5   spt= 0.0   lpval= 94032.3   ub= 94044.0  
-----------------------------------------------------------------------------------------
elapsed time= 90.19 s.
-----------------------------------------------------------------------------------------
candidate= 0-306 : +
-----------------------------------------------------------------------------------------
it= 4   ncol= 1621  ncstr= 702  mt= 0.4   spt= 0.0   lpval= 94017.2   ub= 94044.0  
-----------------------------------------------------------------------------------------
elapsed time= 90.59 s.
-----------------------------------------------------------------------------------------
brc= 263-306
t= 0.211705 c= 19.1249 n= 1 if_b4= 0
t= 0.45429 c= 28.7668 n= 1 if_b4= 0
#########################################################################################
tree size= 1 lb= 94015.9 ub= 94044
#########################################################################################
idx= 3 value= 94015.9 enu= 1
brc= 50-103 : +
brc= 233-246 : -
brc= 57-64 : -
brc= 70-133 : +
brc= 164-295 : +
brc= 95-279 : -
brc= 62-296 : +
brc= 33-56 : -
brc= 12-76 : -
brc= 118-296 : +
brc= 194-200 : +
brc= 127-145 : -
brc= 263-306 : +
it= 4   ncol= 1662  ncstr= 701  mt= 0.5   spt= 0.0   lpval= 94037.2   ub= 94044.0  
-----------------------------------------------------------------------------------------
elapsed time= 92.34 s.
-----------------------------------------------------------------------------------------
delete columns= 29941 remain= 1354
 ****** Separate RCCs ****** 
 ****** Separate Rank1Cuts ****** 
it= 4   ncol= 1196  ncstr= 570  mt= 0.0   spt= 0.0   lpval= 94042.1   ub= 94044.0  
-----------------------------------------------------------------------------------------
elapsed time= 93.13 s.
-----------------------------------------------------------------------------------------
delete columns= 796 remain= 558
mip: row= 529 col= 1195 density= 4.08602%
mip time= 0.04 s.
mip status= 6
#########################################################################################
tree size= 0 lb= 94015.9 ub= 94044
#########################################################################################
idx= 4 value= 94015.9 enu= 1
brc= 50-103 : +
brc= 233-246 : -
brc= 57-64 : -
brc= 70-133 : +
brc= 164-295 : +
brc= 95-279 : -
brc= 62-296 : +
brc= 33-56 : -
brc= 12-76 : -
brc= 118-296 : +
brc= 194-200 : +
brc= 127-145 : -
brc= 263-306 : -
it= 3   ncol= 1616  ncstr= 701  mt= 0.1   spt= 0.0   lpval= 94016.8   ub= 94044.0  
-----------------------------------------------------------------------------------------
elapsed time= 93.44 s.
-----------------------------------------------------------------------------------------
columns pending deletion= 1875 remain= 31354 col ratio= 0.940199 row ratio= 0.791726
 ****** Separate RCCs ****** 
 ****** Separate Rank1Cuts ****** 
it= 2   ncol= 1613  ncstr= 754  mt= 0.0   spt= 0.0   lpval= 94017.4   ub= 94044.0  
-----------------------------------------------------------------------------------------
elapsed time= 94.05 s.
-----------------------------------------------------------------------------------------
columns pending deletion= 4884 remain= 31354 col ratio= 0.84423 row ratio= 0.759947
[1;36m[REMIND] 2: gap improved= 0.608428 ratio= 0.022861 threshold= 0.040000 in function increaseCondition2 at /blue/yu.yang1/you.z/route_opt/packages/application/X-n313-k71/src/main/src/call_cutting.cpp:74[0m
 ****** Separate Rank1Cuts ****** 
it= 1   ncol= 1606  ncstr= 769  mt= 0.0   spt= 0.0   lpval= 94017.5   ub= 94044.0  
-----------------------------------------------------------------------------------------
elapsed time= 94.48 s.
-----------------------------------------------------------------------------------------
columns pending deletion= 5385 remain= 31354 col ratio= 0.828252 row ratio= 0.752926
[1;36m[REMIND] 2: gap improved= 0.160939 ratio= 0.006084 threshold= 0.040000 in function increaseCondition2 at /blue/yu.yang1/you.z/route_opt/packages/application/X-n313-k71/src/main/src/call_cutting.cpp:74[0m
 ****** Separate RCCs ****** 
 ****** Separate Rank1Cuts ****** 
it= 3   ncol= 1608  ncstr= 789  mt= 0.0   spt= 0.0   lpval= 94017.6   ub= 94044.0  
-----------------------------------------------------------------------------------------
elapsed time= 94.99 s.
-----------------------------------------------------------------------------------------
columns pending deletion= 5869 remain= 31354 col ratio= 0.812815 row ratio= 0.752852
current_r_best= 1.27021
pseudo= 50 frac= 50
#candidates in phase1= 37
testing lp time= 23.05 s.
-----------------------------------------------------------------------------------------
  3-269 ,  79.76|   0-64  ,  52.62|  18-224 ,  39.77| 224-278 ,  39.77| 114-272 ,  38.66| 
 30-79  ,  32.89|  17-272 ,  31.65| 264-297 ,  30.89| 108-301 ,  24.11| 119-181 ,  23.62| 
 29-218 ,  23.26|  51-57  ,  22.72| 119-275 ,  20.93|   0-232 ,  18.03| 113-119 ,  17.27| 
 64-89  ,  16.77|   0-267 ,  14.79| 165-234 ,  14.13| 112-279 ,  10.53| 102-152 ,  10.40| 
240-275 ,   9.81| 270-279 ,   9.62|   0-201 ,   9.16| 108-201 ,   8.45|  54-290 ,   7.24| 
221-270 ,   7.20|  74-217 ,   5.91|  95-252 ,   5.63| 145-239 ,   5.57|  45-245 ,   5.14| 
 33-281 ,   3.41| 145-281 ,   3.41| 158-179 ,   2.75|   0-195 ,   2.59|  32-153 ,   2.47| 
185-215 ,   2.19|  42-136 ,   1.72| 
-----------------------------------------------------------------------------------------
edge= 18 224 lp= 1.32605 pre= 0 lp2= 29.9908 pre2= 2 score= 39.7694
-----------------------------------------------------------------------------------------
edge= 0 64 lp= 9.30303 pre= 2 lp2= 5.65646 pre2= 2 score= 52.6222
-----------------------------------------------------------------------------------------
edge= 3 269 lp= 2.65947 pre= 0 lp2= 29.9908 pre2= 1 score= 79.7596
-----------------------------------------------------------------------------------------
brc= 3-269
t= 0.244976 c= 13.2996 n= 2 if_b4= 0
t= 0.45429 c= 23.5696 n= 2 if_b4= 0
#########################################################################################
tree size= 1 lb= 94017.6 ub= 94044
#########################################################################################
idx= 5 value= 94017.6 enu= 1
brc= 50-103 : +
brc= 233-246 : -
brc= 57-64 : -
brc= 70-133 : +
brc= 164-295 : +
brc= 95-279 : -
brc= 62-296 : +
brc= 33-56 : -
brc= 12-76 : -
brc= 118-296 : +
brc= 194-200 : +
brc= 127-145 : -
brc= 263-306 : -
brc= 3-269 : +
it= 4   ncol= 1638  ncstr= 789  mt= 0.6   spt= 0.0   lpval= 94028.4   ub= 94044.0  
-----------------------------------------------------------------------------------------
elapsed time= 119.97 s.
-----------------------------------------------------------------------------------------
delete columns= 19403 remain= 5821
 ****** Separate RCCs ****** 
 ****** Separate Rank1Cuts ****** 
it= 3   ncol= 1565  ncstr= 596  mt= 0.1   spt= 0.0   lpval= 94031.4   ub= 94044.0  
-----------------------------------------------------------------------------------------
elapsed time= 120.91 s.
-----------------------------------------------------------------------------------------
delete columns= 2376 remain= 3445
mip: row= 548 col= 4907 density= 4.89651%
mip time= 1.26 s.
mip status= 6
update f from 2.92967 to 12.6353
#########################################################################################
tree size= 0 lb= 94017.6 ub= 94044
#########################################################################################
idx= 6 value= 94017.6 enu= 1
brc= 50-103 : +
brc= 233-246 : -
brc= 57-64 : -
brc= 70-133 : +
brc= 164-295 : +
brc= 95-279 : -
brc= 62-296 : +
brc= 33-56 : -
brc= 12-76 : -
brc= 118-296 : +
brc= 194-200 : +
brc= 127-145 : -
brc= 263-306 : -
brc= 3-269 : -
it= 4   ncol= 1635  ncstr= 789  mt= 0.0   spt= 0.0   lpval= 94020.3   ub= 94044.0  
-----------------------------------------------------------------------------------------
elapsed time= 122.61 s.
-----------------------------------------------------------------------------------------
delete columns= 6391 remain= 19082
 ****** Separate RCCs ****** 
 ****** Separate Rank1Cuts ****** 
it= 3   ncol= 1598  ncstr= 592  mt= 0.0   spt= 0.0   lpval= 94021.5   ub= 94044.0  
-----------------------------------------------------------------------------------------
elapsed time= 123.47 s.
-----------------------------------------------------------------------------------------
columns pending deletion= 3305 remain= 19082 col ratio= 0.8268 row ratio= 0.944257
mip: row= 559 col= 17325 density= 5.38651%
mip time= 13.88 s.
mip status= 6
update f from 12.6353 to 22.4999
#########################################################################################
[32m<Instance: X-n313-k71>
<Solution>
<UB= 94044>
<LB= 94044>
<Elapsed Time= 137.8>
<Nodes Explored= 7>
<Global Gap= 0%>[0m
#########################################################################################
File nodes/X-n313-k71_0_2_0_1_2_0_G32.node deleted successfully.
