application type: CVRP
X-n313-k71_2_4_0_11_5_G32.node
Set parameter ServerTimeout to value 600
Set parameter TokenServer to value "grb-ts.ufhpc"
Set parameter Threads to value 1
instance name= X-n313-k71
#########################################################################################
tree size= 0 lb= 0 ub= 94044
#########################################################################################
idx= 11 value= 93995.6 enu= 0
brc= 50-103 : -
brc= 76-103 : -
brc= 49-105 : +
brc= 164-295 : -
brc= 62-296 : -
brc= 126-152 : -
brc= 109-138 : -
brc= 57-130 : +
brc= 70-121 : +
brc= 145-281 : -
brc= 250-278 : -
brc= 164-260 : -
brc= 6-137 : -
brc= 9-126 : -
brc= 18-224 : -
brc= 4-64 : -
brc= 18-301 : -
brc= 32-102 : -
brc= 207-230 : -
brc= 207-269 : -
brc= 19-106 : +
brc= 74-260 : -
brc= 147-237 : -
brc= 6-60 : -
brc= 9-237 : -
brc= 9-150 : -
brc= 118-127 : +
-----------------------------------------------------------------------------------------
 ****** Pricing Level: LIGHT HEUR ****** 
it= 7   ncol= 1063  ncstr= 584  mt= 0.1   spt= 0.2   lpval= 93998.7   ub= 94044.0  
 ****** Pricing Level: HEAVY HEUR ****** 
it= 8   ncol= 1200  ncstr= 584  mt= 0.1   spt= 0.5   lpval= 93998.4   ub= 94044.0  
 ****** Pricing Level: EXACT ****** 
it= 5   ncol= 1271  ncstr= 584  mt= 0.1   spt= 5.3   lpval= 93997.6   ub= 94044.0  
-----------------------------------------------------------------------------------------
elapsed time= 9.94 s.
-----------------------------------------------------------------------------------------
-----------------------------------------------------------------------------------------
 ****** Run Arc Elimination ****** 
arc elimination time= 6.25 s.
previous= 83.5065% maximum= 2.47848%
eliminate bucket arcs time= 0.53 s.
obtain jump arcs time= 0.01 s.
-----------------------------------------------------------------------------------------
-----------------------------------------------------------------------------------------
elapsed time= 17.07 s.
-----------------------------------------------------------------------------------------
-----------------------------------------------------------------------------------------
 ****** Try Enumeration ****** 
#labels= 336971 #routes= 11
labeling 1 time= 10.75 s.
concatenate time= 20.00 s.
#routes= 674818
average gap of successful enumeration= 0.000482371
next try value > 93984.8
-----------------------------------------------------------------------------------------
elapsed time= 48.02 s.
-----------------------------------------------------------------------------------------
 ****** Process Enumeration Matrix ****** 
delete non-ele routes lp val= 93997.6
recover rank1c lp val= 93997.7
recover rcc lp val= 93998
obtain rcc coefficient time= 0.22 s.
obtain r1c coefficient time= 1.32 s.
obtain matrix from triplets time= 2.29 s.
delete columns by branch time= 0.00 s.
columns pending deletion= 170 remain= 674818 col ratio= 0.999748 row ratio= 1
regenerate enumeration matrix time= 0.00 s.
-----------------------------------------------------------------------------------------
elapsed time= 53.86 s.
-----------------------------------------------------------------------------------------
it= 6   ncol= 1254  ncstr= 541  mt= 0.1   spt= 0.3   lpval= 93997.9   ub= 94044.0  
-----------------------------------------------------------------------------------------
elapsed time= 54.35 s.
-----------------------------------------------------------------------------------------
columns pending deletion= 200529 remain= 674818 col ratio= 0.70284 row ratio= 0.887246
 ****** Separate RCCs ****** 
 ****** Separate Rank1Cuts ****** 
it= 4   ncol= 1267  ncstr= 587  mt= 0.1   spt= 0.2   lpval= 94000.3   ub= 94044.0  
-----------------------------------------------------------------------------------------
elapsed time= 55.49 s.
-----------------------------------------------------------------------------------------
delete columns= 292923 remain= 381895
 ****** Separate RCCs ****** 
 ****** Separate Rank1Cuts ****** 
it= 4   ncol= 1282  ncstr= 591  mt= 0.0   spt= 0.1   lpval= 94000.6   ub= 94044.0  
-----------------------------------------------------------------------------------------
elapsed time= 58.13 s.
-----------------------------------------------------------------------------------------
columns pending deletion= 34191 remain= 381895 col ratio= 0.91047 row ratio= 0.862944
[1;36m[REMIND] 2: gap improved= 0.359349 ratio= 0.008289 threshold= 0.040000 in function increaseCondition2 at /blue/yu.yang1/you.z/route_opt/packages/application/X-n313-k71/src/main/src/call_cutting.cpp:74[0m
 ****** Separate RCCs ****** 
 ****** Separate Rank1Cuts ****** 
it= 3   ncol= 1303  ncstr= 616  mt= 0.0   spt= 0.1   lpval= 94000.9   ub= 94044.0  
-----------------------------------------------------------------------------------------
elapsed time= 58.72 s.
-----------------------------------------------------------------------------------------
columns pending deletion= 51430 remain= 381895 col ratio= 0.865329 row ratio= 0.844156
[1;36m[REMIND] 2: gap improved= 0.212061 ratio= 0.004916 threshold= 0.040000 in function increaseCondition2 at /blue/yu.yang1/you.z/route_opt/packages/application/X-n313-k71/src/main/src/call_cutting.cpp:74[0m
 ****** Separate RCCs ****** 
 ****** Separate Rank1Cuts ****** 
it= 2   ncol= 1306  ncstr= 654  mt= 0.0   spt= 0.1   lpval= 94001.0   ub= 94044.0  
-----------------------------------------------------------------------------------------
elapsed time= 59.25 s.
-----------------------------------------------------------------------------------------
columns pending deletion= 60886 remain= 381895 col ratio= 0.840569 row ratio= 0.813456
[1;36m[REMIND] 2: gap improved= 0.103007 ratio= 0.002393 threshold= 0.040000 in function increaseCondition2 at /blue/yu.yang1/you.z/route_opt/packages/application/X-n313-k71/src/main/src/call_cutting.cpp:74[0m
[1;36m[REMIND] tail off counter= 3 threshold= 3 in function setIfTailOff at /blue/yu.yang1/you.z/route_opt/packages/application/X-n313-k71/src/main/src/call_cutting.cpp:150[0m
[1;36m[REMIND] opt_k not found for node 11, use m directly in function getOptK at /blue/yu.yang1/you.z/route_opt/packages/branching/bkf/include/bkf_controller.hpp:239[0m
current_r_best= 3.91689
we directly test 100
we directly test 4
pseudo= 50 frac= 50
#candidates in phase1= 100
testing lp time= 40.44 s.
-----------------------------------------------------------------------------------------
 25-189 , 194.57| 189-257 , 194.57| 243-311 , 193.06|  10-161 , 193.06| 114-267 , 132.47| 
245-272 , 132.47|   0-114 , 132.47|  18-189 , 107.27|  30-79  , 104.83|   0-74  ,  77.61| 
258-311 ,  67.85|  29-131 ,  66.61| 164-299 ,  65.86|   0-139 ,  65.76|   2-132 ,  64.89| 
  2-51  ,  64.89|  61-107 ,  53.07|  61-302 ,  53.07|  29-218 ,  45.66|  54-290 ,  45.52| 
236-311 ,  45.06|  75-303 ,  45.06| 184-303 ,  45.06|  90-302 ,  43.71|  95-281 ,  42.18| 
 95-279 ,  42.16|  74-95  ,  42.16| 132-155 ,  40.32|   9-64  ,  40.19|   0-84  ,  40.19| 
 28-32  ,  40.19|  61-218 ,  34.53|   0-237 ,  33.46|  95-252 ,  30.46|  18-118 ,  28.73| 
 23-127 ,  28.71| 118-143 ,  28.53|   0-143 ,  28.52|  89-150 ,  26.29|   0-145 ,  24.47| 
148-195 ,  24.16|   7-295 ,  22.94|   7-281 ,  22.94| 205-274 ,  21.22| 229-282 ,  20.46| 
141-175 ,  20.40|  74-312 ,  20.25|  33-56  ,  18.34|  43-239 ,  17.74| 215-239 ,  16.95| 
 45-195 ,  13.25|  87-116 ,  12.86| 164-175 ,  12.18|   0-32  ,  11.49|  33-281 ,  11.44| 
189-214 ,  10.62| 161-266 ,   9.12|  22-161 ,   9.11|  98-123 ,   8.03| 141-211 ,   7.81| 
 66-135 ,   7.01|   0-98  ,   6.93| 135-231 ,   6.77|  38-231 ,   6.31|   0-26  ,   5.92| 
166-271 ,   5.89| 179-297 ,   5.78|   0-66  ,   5.41|  86-301 ,   5.33|   0-301 ,   5.32| 
175-285 ,   5.12|  42-148 ,   4.67|   3-82  ,   4.52| 185-282 ,   4.50| 136-238 ,   3.82| 
179-293 ,   3.36| 112-217 ,   3.14|  24-112 ,   2.91| 112-165 ,   2.91| 140-231 ,   2.86| 
123-235 ,   2.56| 123-160 ,   2.51|   0-33  ,   2.43| 165-190 ,   2.35|   0-190 ,   2.35| 
190-280 ,   2.34|   0-165 ,   2.23|   0-112 ,   2.02| 163-180 ,   2.01|  11-198 ,   1.97| 
 26-123 ,   1.76|  86-290 ,   1.57| 222-282 ,   1.44|   0-164 ,   1.34| 256-264 ,   1.11| 
  0-11  ,   1.10| 222-297 ,   1.05| 158-166 ,   1.02| 173-231 ,   1.00|  26-52  ,   0.94| 
-----------------------------------------------------------------------------------------
edge= 10 161 lp= 1.74552 pre= 2 lp2= 110.604 pre2= 2 score= 193.062
-----------------------------------------------------------------------------------------
edge= 243 311 lp= 1.74552 pre= 2 lp2= 110.604 pre2= 2 score= 193.062
-----------------------------------------------------------------------------------------
edge= 189 257 lp= 2.21677 pre= 2 lp2= 87.7725 pre2= 2 score= 194.572
-----------------------------------------------------------------------------------------
edge= 25 189 lp= 2.21677 pre= 0 lp2= 87.7725 pre2= 2 score= 194.572
-----------------------------------------------------------------------------------------
candidate= 189-257 : -
-----------------------------------------------------------------------------------------
it= 4   ncol= 1357  ncstr= 655  mt= 0.4   spt= 0.1   lpval= 94003.1   ub= 94044.0  
-----------------------------------------------------------------------------------------
elapsed time= 100.24 s.
-----------------------------------------------------------------------------------------
candidate= 25-189 : +
-----------------------------------------------------------------------------------------
it= 7   ncol= 1524  ncstr= 655  mt= 0.6   spt= 0.2   lpval= 94021.4   ub= 94044.0  
-----------------------------------------------------------------------------------------
elapsed time= 101.22 s.
-----------------------------------------------------------------------------------------
candidate= 243-311 : -
-----------------------------------------------------------------------------------------
it= 4   ncol= 1370  ncstr= 655  mt= 0.4   spt= 0.1   lpval= 94001.0   ub= 94044.0  
-----------------------------------------------------------------------------------------
elapsed time= 101.84 s.
-----------------------------------------------------------------------------------------
candidate= 10-161 : -
-----------------------------------------------------------------------------------------
it= 3   ncol= 1393  ncstr= 655  mt= 0.4   spt= 0.1   lpval= 94002.7   ub= 94044.0  
-----------------------------------------------------------------------------------------
elapsed time= 102.34 s.
-----------------------------------------------------------------------------------------
candidate= 10-161 : +
-----------------------------------------------------------------------------------------
it= 7   ncol= 1486  ncstr= 655  mt= 0.6   spt= 0.2   lpval= 94017.7   ub= 94044.0  
-----------------------------------------------------------------------------------------
elapsed time= 103.31 s.
-----------------------------------------------------------------------------------------
candidate= 189-257 : +
-----------------------------------------------------------------------------------------
it= 5   ncol= 1446  ncstr= 655  mt= 0.6   spt= 0.2   lpval= 94014.4   ub= 94044.0  
-----------------------------------------------------------------------------------------
elapsed time= 104.14 s.
-----------------------------------------------------------------------------------------
brc= 25-189
t= 0.202209 c= 58.7995 n= 0 if_b4= 0
t= 0.740944 c= 76.7976 n= 0 if_b4= 0
#########################################################################################
tree size= 1 lb= 94001 ub= 94044
#########################################################################################
idx= 1 value= 94001 enu= 1
brc= 50-103 : -
brc= 76-103 : -
brc= 49-105 : +
brc= 164-295 : -
brc= 62-296 : -
brc= 126-152 : -
brc= 109-138 : -
brc= 57-130 : +
brc= 70-121 : +
brc= 145-281 : -
brc= 250-278 : -
brc= 164-260 : -
brc= 6-137 : -
brc= 9-126 : -
brc= 18-224 : -
brc= 4-64 : -
brc= 18-301 : -
brc= 32-102 : -
brc= 207-230 : -
brc= 207-269 : -
brc= 19-106 : +
brc= 74-260 : -
brc= 147-237 : -
brc= 6-60 : -
brc= 9-237 : -
brc= 9-150 : -
brc= 118-127 : +
brc= 25-189 : +
it= 7   ncol= 1459  ncstr= 654  mt= 0.6   spt= 0.2   lpval= 94021.4   ub= 94044.0  
-----------------------------------------------------------------------------------------
elapsed time= 109.05 s.
-----------------------------------------------------------------------------------------
delete columns= 297514 remain= 23004
 ****** Separate RCCs ****** 
 ****** Separate Rank1Cuts ****** 
it= 4   ncol= 1351  ncstr= 534  mt= 0.1   spt= 0.0   lpval= 94028.4   ub= 94044.0  
-----------------------------------------------------------------------------------------
elapsed time= 109.60 s.
-----------------------------------------------------------------------------------------
delete columns= 16081 remain= 6923
mip: row= 487 col= 8178 density= 4.66936%
mip time= 6.14 s.
mip status= 6
update f from 0 to 15.6498
#########################################################################################
tree size= 0 lb= 94001 ub= 94044
#########################################################################################
idx= 2 value= 94001 enu= 1
brc= 50-103 : -
brc= 76-103 : -
brc= 49-105 : +
brc= 164-295 : -
brc= 62-296 : -
brc= 126-152 : -
brc= 109-138 : -
brc= 57-130 : +
brc= 70-121 : +
brc= 145-281 : -
brc= 250-278 : -
brc= 164-260 : -
brc= 6-137 : -
brc= 9-126 : -
brc= 18-224 : -
brc= 4-64 : -
brc= 18-301 : -
brc= 32-102 : -
brc= 207-230 : -
brc= 207-269 : -
brc= 19-106 : +
brc= 74-260 : -
brc= 147-237 : -
brc= 6-60 : -
brc= 9-237 : -
brc= 9-150 : -
brc= 118-127 : +
brc= 25-189 : -
it= 3   ncol= 1359  ncstr= 654  mt= 0.1   spt= 0.1   lpval= 94003.0   ub= 94044.0  
-----------------------------------------------------------------------------------------
elapsed time= 115.99 s.
-----------------------------------------------------------------------------------------
columns pending deletion= 43281 remain= 321005 col ratio= 0.86517 row ratio= 0.810398
 ****** Separate RCCs ****** 
 ****** Separate Rank1Cuts ****** 
it= 3   ncol= 1357  ncstr= 667  mt= 0.0   spt= 0.1   lpval= 94003.7   ub= 94044.0  
-----------------------------------------------------------------------------------------
elapsed time= 116.48 s.
-----------------------------------------------------------------------------------------
columns pending deletion= 61813 remain= 321005 col ratio= 0.807439 row ratio= 0.812594
[1;36m[REMIND] 2: gap improved= 0.737701 ratio= 0.018318 threshold= 0.040000 in function increaseCondition2 at /blue/yu.yang1/you.z/route_opt/packages/application/X-n313-k71/src/main/src/call_cutting.cpp:74[0m
 ****** Separate Rank1Cuts ****** 
it= 2   ncol= 1362  ncstr= 727  mt= 0.0   spt= 0.1   lpval= 94003.9   ub= 94044.0  
-----------------------------------------------------------------------------------------
elapsed time= 117.26 s.
-----------------------------------------------------------------------------------------
delete columns= 79604 remain= 241401
[1;36m[REMIND] 2: gap improved= 0.182532 ratio= 0.004553 threshold= 0.040000 in function increaseCondition2 at /blue/yu.yang1/you.z/route_opt/packages/application/X-n313-k71/src/main/src/call_cutting.cpp:74[0m
 ****** Separate RCCs ****** 
 ****** Separate Rank1Cuts ****** 
it= 3   ncol= 1369  ncstr= 583  mt= 0.0   spt= 0.1   lpval= 94004.0   ub= 94044.0  
-----------------------------------------------------------------------------------------
elapsed time= 118.73 s.
-----------------------------------------------------------------------------------------
columns pending deletion= 4848 remain= 241401 col ratio= 0.979917 row ratio= 0.943396
[1;36m[REMIND] 2: gap improved= 0.137201 ratio= 0.003434 threshold= 0.040000 in function increaseCondition2 at /blue/yu.yang1/you.z/route_opt/packages/application/X-n313-k71/src/main/src/call_cutting.cpp:74[0m
[1;36m[REMIND] tail off counter= 3 threshold= 3 in function setIfTailOff at /blue/yu.yang1/you.z/route_opt/packages/application/X-n313-k71/src/main/src/call_cutting.cpp:150[0m
current_r_best= 2.22973
alpha= 0.37 beta= 10.8995 omega= 290.785 k1= 29
lb_k= 1 ub_k= 37
revise: lb_k= 23 ub_k= 37
opt_k= 31
alpha= 0.75 beta= 10.8995 omega= 103.648 k1= 3
lb_k= 1 ub_k= 3
revise: lb_k= 1 ub_k= 3
opt_k= 3
pseudo= 50 frac= 50
#candidates in phase1= 31
testing lp time= 11.11 s.
-----------------------------------------------------------------------------------------
 18-189 , 106.48|   0-114 ,  90.68|   2-115 ,  78.29|   3-128 ,  70.30|  95-281 ,  34.81| 
 74-95  ,  34.80|  95-279 ,  34.80|   2-139 ,  24.27| 139-155 ,  24.27|  90-189 ,  18.57| 
118-143 ,  14.59|  89-150 ,  12.64| 236-311 ,   9.91| 184-303 ,   9.91|  75-303 ,   9.91| 
 89-202 ,   5.76|   0-33  ,   5.54|  25-302 ,   3.88| 149-284 ,   2.43| 132-302 ,   2.31| 
 26-160 ,   1.21|  52-196 ,   1.17|  52-148 ,   1.05|   0-180 ,   1.03|  21-296 ,   0.67| 
  0-179 ,   0.63| 163-191 ,   0.59| 143-195 ,   0.58|   0-163 ,   0.42| 256-297 ,   0.28| 
132-276 ,   0.19| 
-----------------------------------------------------------------------------------------
edge= 2 115 lp= 0.808288 pre= 0 lp2= 96.8589 pre2= 2 score= 78.2899
-----------------------------------------------------------------------------------------
edge= 0 114 lp= 96.8589 pre= 2 lp2= 0.936168 pre2= 2 score= 90.6762
-----------------------------------------------------------------------------------------
edge= 18 189 lp= 1.09932 pre= 2 lp2= 96.8589 pre2= 2 score= 106.479
-----------------------------------------------------------------------------------------
candidate= 18-189 : -
-----------------------------------------------------------------------------------------
it= 2   ncol= 1391  ncstr= 584  mt= 0.3   spt= 0.0   lpval= 94005.1   ub= 94044.0  
-----------------------------------------------------------------------------------------
elapsed time= 130.24 s.
-----------------------------------------------------------------------------------------
candidate= 18-189 : +
-----------------------------------------------------------------------------------------
it= 5   ncol= 1534  ncstr= 584  mt= 0.5   spt= 0.1   lpval= 94031.7   ub= 94044.0  
-----------------------------------------------------------------------------------------
elapsed time= 130.88 s.
-----------------------------------------------------------------------------------------
candidate= 0-114 : -
-----------------------------------------------------------------------------------------
it= 5   ncol= 1446  ncstr= 584  mt= 0.4   spt= 0.1   lpval= 94012.1   ub= 94044.0  
-----------------------------------------------------------------------------------------
elapsed time= 131.46 s.
-----------------------------------------------------------------------------------------
candidate= 2-115 : +
-----------------------------------------------------------------------------------------
it= 6   ncol= 1521  ncstr= 584  mt= 0.6   spt= 0.1   lpval= 94038.6   ub= 94044.0  
-----------------------------------------------------------------------------------------
elapsed time= 132.29 s.
-----------------------------------------------------------------------------------------
brc= 18-189
t= 0.190734 c= 31.4919 n= 1 if_b4= 0
t= 0.674351 c= 42.6617 n= 1 if_b4= 0
#########################################################################################
tree size= 1 lb= 94004 ub= 94044
#########################################################################################
idx= 3 value= 94004 enu= 1
brc= 50-103 : -
brc= 76-103 : -
brc= 49-105 : +
brc= 164-295 : -
brc= 62-296 : -
brc= 126-152 : -
brc= 109-138 : -
brc= 57-130 : +
brc= 70-121 : +
brc= 145-281 : -
brc= 250-278 : -
brc= 164-260 : -
brc= 6-137 : -
brc= 9-126 : -
brc= 18-224 : -
brc= 4-64 : -
brc= 18-301 : -
brc= 32-102 : -
brc= 207-230 : -
brc= 207-269 : -
brc= 19-106 : +
brc= 74-260 : -
brc= 147-237 : -
brc= 6-60 : -
brc= 9-237 : -
brc= 9-150 : -
brc= 118-127 : +
brc= 25-189 : -
brc= 18-189 : +
it= 5   ncol= 1493  ncstr= 583  mt= 0.5   spt= 0.1   lpval= 94031.7   ub= 94044.0  
-----------------------------------------------------------------------------------------
elapsed time= 135.61 s.
-----------------------------------------------------------------------------------------
delete columns= 232950 remain= 3319
 ****** Separate RCCs ****** 
 ****** Separate Rank1Cuts ****** 
it= 3   ncol= 1240  ncstr= 527  mt= 0.1   spt= 0.0   lpval= 94047.7   ub= 94044.0  
-----------------------------------------------------------------------------------------
elapsed time= 136.14 s.
-----------------------------------------------------------------------------------------
#########################################################################################
tree size= 0 lb= 94004 ub= 94044
#########################################################################################
idx= 4 value= 94004 enu= 1
brc= 50-103 : -
brc= 76-103 : -
brc= 49-105 : +
brc= 164-295 : -
brc= 62-296 : -
brc= 126-152 : -
brc= 109-138 : -
brc= 57-130 : +
brc= 70-121 : +
brc= 145-281 : -
brc= 250-278 : -
brc= 164-260 : -
brc= 6-137 : -
brc= 9-126 : -
brc= 18-224 : -
brc= 4-64 : -
brc= 18-301 : -
brc= 32-102 : -
brc= 207-230 : -
brc= 207-269 : -
brc= 19-106 : +
brc= 74-260 : -
brc= 147-237 : -
brc= 6-60 : -
brc= 9-237 : -
brc= 9-150 : -
brc= 118-127 : +
brc= 25-189 : -
brc= 18-189 : -
it= 2   ncol= 1373  ncstr= 583  mt= 0.0   spt= 0.0   lpval= 94005.1   ub= 94044.0  
-----------------------------------------------------------------------------------------
elapsed time= 136.23 s.
-----------------------------------------------------------------------------------------
columns pending deletion= 24264 remain= 236551 col ratio= 0.897426 row ratio= 0.922813
 ****** Separate RCCs ****** 
 ****** Separate Rank1Cuts ****** 
it= 3   ncol= 1377  ncstr= 621  mt= 0.0   spt= 0.1   lpval= 94005.5   ub= 94044.0  
-----------------------------------------------------------------------------------------
elapsed time= 136.78 s.
-----------------------------------------------------------------------------------------
columns pending deletion= 35127 remain= 236551 col ratio= 0.851503 row ratio= 0.89211
[1;36m[REMIND] 2: gap improved= 0.372493 ratio= 0.009680 threshold= 0.040000 in function increaseCondition2 at /blue/yu.yang1/you.z/route_opt/packages/application/X-n313-k71/src/main/src/call_cutting.cpp:74[0m
 ****** Separate RCCs ****** 
 ****** Separate Rank1Cuts ****** 
it= 2   ncol= 1385  ncstr= 639  mt= 0.0   spt= 0.0   lpval= 94005.6   ub= 94044.0  
-----------------------------------------------------------------------------------------
elapsed time= 137.27 s.
-----------------------------------------------------------------------------------------
columns pending deletion= 42910 remain= 236551 col ratio= 0.818601 row ratio= 0.87011
[1;36m[REMIND] 1: gap improved= 0.099299 threshold= 0.100000 in function increaseCondition1 at /blue/yu.yang1/you.z/route_opt/packages/application/X-n313-k71/src/main/src/call_cutting.cpp:58[0m
[1;36m[REMIND] tail off counter= 3 threshold= 3 in function setIfTailOff at /blue/yu.yang1/you.z/route_opt/packages/application/X-n313-k71/src/main/src/call_cutting.cpp:150[0m
current_r_best= 1.1439
pseudo= 50 frac= 50
#candidates in phase1= 37
testing lp time= 15.92 s.
-----------------------------------------------------------------------------------------
  3-128 ,  87.57|   2-115 ,  86.46|   0-114 ,  39.59|  29-131 ,  30.48|  74-95  ,  23.85| 
 95-279 ,  23.85|  95-281 ,  23.85|  89-150 ,  22.32| 125-287 ,  21.29| 258-311 ,  19.65| 
236-311 ,  19.44| 184-303 ,  19.43|  75-303 ,  19.43|  33-281 ,  14.72| 139-155 ,  13.87| 
  2-139 ,  13.87|  56-93  ,  10.12|  93-260 ,  10.12| 165-234 ,   9.80|  69-228 ,   8.03| 
 90-228 ,   8.03| 196-238 ,   7.34|  69-277 ,   7.30|   0-69  ,   7.30|  78-176 ,   7.30| 
  0-176 ,   7.30|  69-176 ,   7.30| 176-277 ,   6.79| 171-280 ,   6.28| 112-257 ,   5.99| 
  0-33  ,   5.61| 164-175 ,   5.35|  25-122 ,   2.84|   7-143 ,   2.80| 149-205 ,   1.55| 
 66-231 ,   1.45|  66-235 ,   1.36| 
-----------------------------------------------------------------------------------------
edge= 0 114 lp= 81.0515 pre= 2 lp2= 0.488515 pre2= 2 score= 39.5948
-----------------------------------------------------------------------------------------
edge= 2 115 lp= 1.06672 pre= 0 lp2= 81.0515 pre2= 2 score= 86.4596
-----------------------------------------------------------------------------------------
edge= 3 128 lp= 1.08037 pre= 2 lp2= 81.0515 pre2= 2 score= 87.5653
-----------------------------------------------------------------------------------------
candidate= 3-128 : -
-----------------------------------------------------------------------------------------
it= 4   ncol= 1408  ncstr= 640  mt= 0.4   spt= 0.1   lpval= 94006.7   ub= 94044.0  
-----------------------------------------------------------------------------------------
elapsed time= 153.73 s.
-----------------------------------------------------------------------------------------
candidate= 2-115 : +
-----------------------------------------------------------------------------------------
it= 5   ncol= 1518  ncstr= 640  mt= 0.6   spt= 0.1   lpval= 94039.4   ub= 94044.0  
-----------------------------------------------------------------------------------------
elapsed time= 154.48 s.
-----------------------------------------------------------------------------------------
candidate= 3-128 : +
-----------------------------------------------------------------------------------------
it= 6   ncol= 1554  ncstr= 640  mt= 0.7   spt= 0.1   lpval= 94039.8   ub= 94044.0  
-----------------------------------------------------------------------------------------
elapsed time= 155.36 s.
-----------------------------------------------------------------------------------------
candidate= 0-114 : -
-----------------------------------------------------------------------------------------
it= 4   ncol= 1460  ncstr= 640  mt= 0.6   spt= 0.1   lpval= 94013.5   ub= 94044.0  
-----------------------------------------------------------------------------------------
elapsed time= 156.06 s.
-----------------------------------------------------------------------------------------
candidate= 2-115 : -
-----------------------------------------------------------------------------------------
it= 4   ncol= 1402  ncstr= 640  mt= 0.4   spt= 0.1   lpval= 94006.6   ub= 94044.0  
-----------------------------------------------------------------------------------------
elapsed time= 156.61 s.
-----------------------------------------------------------------------------------------
brc= 3-128
t= 0.198862 c= 21.9406 n= 2 if_b4= 0
t= 0.677259 c= 31.471 n= 2 if_b4= 0
#########################################################################################
tree size= 1 lb= 94005.6 ub= 94044
#########################################################################################
idx= 5 value= 94005.6 enu= 1
brc= 50-103 : -
brc= 76-103 : -
brc= 49-105 : +
brc= 164-295 : -
brc= 62-296 : -
brc= 126-152 : -
brc= 109-138 : -
brc= 57-130 : +
brc= 70-121 : +
brc= 145-281 : -
brc= 250-278 : -
brc= 164-260 : -
brc= 6-137 : -
brc= 9-126 : -
brc= 18-224 : -
brc= 4-64 : -
brc= 18-301 : -
brc= 32-102 : -
brc= 207-230 : -
brc= 207-269 : -
brc= 19-106 : +
brc= 74-260 : -
brc= 147-237 : -
brc= 6-60 : -
brc= 9-237 : -
brc= 9-150 : -
brc= 118-127 : +
brc= 25-189 : -
brc= 18-189 : -
brc= 3-128 : +
it= 6   ncol= 1498  ncstr= 639  mt= 0.6   spt= 0.1   lpval= 94039.8   ub= 94044.0  
-----------------------------------------------------------------------------------------
elapsed time= 159.86 s.
-----------------------------------------------------------------------------------------
delete columns= 192371 remain= 794
 ****** Separate RCCs ****** 
 ****** Separate Rank1Cuts ****** 
it= 6   ncol= 931   ncstr= 586  mt= 0.2   spt= 0.0   lpval= 1000000.0 ub= 94044.0  
-----------------------------------------------------------------------------------------
elapsed time= 160.56 s.
-----------------------------------------------------------------------------------------
#########################################################################################
tree size= 0 lb= 94005.6 ub= 94044
#########################################################################################
idx= 6 value= 94005.6 enu= 1
brc= 50-103 : -
brc= 76-103 : -
brc= 49-105 : +
brc= 164-295 : -
brc= 62-296 : -
brc= 126-152 : -
brc= 109-138 : -
brc= 57-130 : +
brc= 70-121 : +
brc= 145-281 : -
brc= 250-278 : -
brc= 164-260 : -
brc= 6-137 : -
brc= 9-126 : -
brc= 18-224 : -
brc= 4-64 : -
brc= 18-301 : -
brc= 32-102 : -
brc= 207-230 : -
brc= 207-269 : -
brc= 19-106 : +
brc= 74-260 : -
brc= 147-237 : -
brc= 6-60 : -
brc= 9-237 : -
brc= 9-150 : -
brc= 118-127 : +
brc= 25-189 : -
brc= 18-189 : -
brc= 3-128 : -
it= 3   ncol= 1409  ncstr= 639  mt= 0.1   spt= 0.1   lpval= 94006.7   ub= 94044.0  
-----------------------------------------------------------------------------------------
elapsed time= 160.71 s.
-----------------------------------------------------------------------------------------
columns pending deletion= 16370 remain= 193590 col ratio= 0.91544 row ratio= 0.85759
 ****** Separate Rank1Cuts ****** 
it= 3   ncol= 1417  ncstr= 693  mt= 0.0   spt= 0.1   lpval= 94007.2   ub= 94044.0  
-----------------------------------------------------------------------------------------
elapsed time= 161.23 s.
-----------------------------------------------------------------------------------------
columns pending deletion= 26585 remain= 193590 col ratio= 0.862674 row ratio= 0.806638
[1;36m[REMIND] 2: gap improved= 0.558047 ratio= 0.015168 threshold= 0.040000 in function increaseCondition2 at /blue/yu.yang1/you.z/route_opt/packages/application/X-n313-k71/src/main/src/call_cutting.cpp:74[0m
 ****** Separate Rank1Cuts ****** 
it= 2   ncol= 1430  ncstr= 718  mt= 0.0   spt= 0.0   lpval= 94007.3   ub= 94044.0  
-----------------------------------------------------------------------------------------
elapsed time= 161.62 s.
-----------------------------------------------------------------------------------------
columns pending deletion= 31128 remain= 193590 col ratio= 0.839207 row ratio= 0.792479
[1;36m[REMIND] 2: gap improved= 0.140551 ratio= 0.003835 threshold= 0.040000 in function increaseCondition2 at /blue/yu.yang1/you.z/route_opt/packages/application/X-n313-k71/src/main/src/call_cutting.cpp:74[0m
 ****** Separate Rank1Cuts ****** 
it= 2   ncol= 1434  ncstr= 775  mt= 0.0   spt= 0.0   lpval= 94007.4   ub= 94044.0  
-----------------------------------------------------------------------------------------
elapsed time= 162.33 s.
-----------------------------------------------------------------------------------------
columns pending deletion= 34499 remain= 193590 col ratio= 0.821793 row ratio= 0.745806
current_r_best= 1.32253
alpha= 0.37 beta= 15.8134 omega= 110.331 k1= 23
lb_k= 1 ub_k= 37
revise: lb_k= 16 ub_k= 32
opt_k= 25
alpha= 0.75 beta= 15.8134 omega= 46.4682 k1= 3
lb_k= 1 ub_k= 3
revise: lb_k= 1 ub_k= 3
opt_k= 3
pseudo= 50 frac= 50
#candidates in phase1= 25
testing lp time= 16.06 s.
-----------------------------------------------------------------------------------------
 29-131 ,  49.77|   0-139 ,  35.76| 208-226 ,  28.81|  95-279 ,  28.45|  95-281 ,  28.45| 
  0-114 ,  27.49| 184-303 ,  21.36|  75-303 ,  21.36| 236-311 ,  21.36| 125-287 ,  20.90| 
258-311 ,  20.28|   0-208 ,  13.33| 118-143 ,  10.98| 107-125 ,  10.29|  42-66  ,   5.79| 
 86-258 ,   4.96|  66-94  ,   4.61|  29-276 ,   4.35|  25-155 ,   4.35| 218-224 ,   3.67| 
 18-267 ,   3.62| 164-175 ,   3.36| 164-267 ,   2.28| 149-293 ,   2.21| 217-257 ,   1.87| 
-----------------------------------------------------------------------------------------
edge= 208 226 lp= 0.512567 pre= 2 lp2= 56.2123 pre2= 2 score= 28.8126
-----------------------------------------------------------------------------------------
edge= 0 139 lp= 9.63249 pre= 2 lp2= 3.71263 pre2= 2 score= 35.7619
-----------------------------------------------------------------------------------------
edge= 29 131 lp= 14.7401 pre= 2 lp2= 3.37674 pre2= 2 score= 49.7733
-----------------------------------------------------------------------------------------
candidate= 29-131 : -
-----------------------------------------------------------------------------------------
it= 5   ncol= 1517  ncstr= 776  mt= 0.6   spt= 0.1   lpval= 94018.3   ub= 94044.0  
-----------------------------------------------------------------------------------------
elapsed time= 179.18 s.
-----------------------------------------------------------------------------------------
candidate= 29-131 : +
-----------------------------------------------------------------------------------------
it= 2   ncol= 1466  ncstr= 776  mt= 0.4   spt= 0.0   lpval= 94010.8   ub= 94044.0  
-----------------------------------------------------------------------------------------
elapsed time= 179.68 s.
-----------------------------------------------------------------------------------------
brc= 29-131
t= 0.22946 c= 17.0581 n= 3 if_b4= 0
t= 0.667462 c= 26.0542 n= 3 if_b4= 0
#########################################################################################
tree size= 1 lb= 94007.4 ub= 94044
#########################################################################################
idx= 7 value= 94007.4 enu= 1
brc= 50-103 : -
brc= 76-103 : -
brc= 49-105 : +
brc= 164-295 : -
brc= 62-296 : -
brc= 126-152 : -
brc= 109-138 : -
brc= 57-130 : +
brc= 70-121 : +
brc= 145-281 : -
brc= 250-278 : -
brc= 164-260 : -
brc= 6-137 : -
brc= 9-126 : -
brc= 18-224 : -
brc= 4-64 : -
brc= 18-301 : -
brc= 32-102 : -
brc= 207-230 : -
brc= 207-269 : -
brc= 19-106 : +
brc= 74-260 : -
brc= 147-237 : -
brc= 6-60 : -
brc= 9-237 : -
brc= 9-150 : -
brc= 118-127 : +
brc= 25-189 : -
brc= 18-189 : -
brc= 3-128 : -
brc= 29-131 : +
it= 3   ncol= 1453  ncstr= 775  mt= 0.6   spt= 0.0   lpval= 94010.8   ub= 94044.0  
-----------------------------------------------------------------------------------------
elapsed time= 182.74 s.
-----------------------------------------------------------------------------------------
delete columns= 41215 remain= 117672
 ****** Separate RCCs ****** 
 ****** Separate Rank1Cuts ****** 
it= 3   ncol= 1437  ncstr= 601  mt= 0.0   spt= 0.0   lpval= 94011.8   ub= 94044.0  
-----------------------------------------------------------------------------------------
elapsed time= 183.60 s.
-----------------------------------------------------------------------------------------
columns pending deletion= 16570 remain= 117672 col ratio= 0.859185 row ratio= 0.9401
[1;36m[REMIND] 2: gap improved= 1.026317 ratio= 0.031893 threshold= 0.040000 in function increaseCondition2 at /blue/yu.yang1/you.z/route_opt/packages/application/X-n313-k71/src/main/src/call_cutting.cpp:74[0m
 ****** Separate RCCs ****** 
 ****** Separate Rank1Cuts ****** 
it= 2   ncol= 1440  ncstr= 617  mt= 0.0   spt= 0.0   lpval= 94012.0   ub= 94044.0  
-----------------------------------------------------------------------------------------
elapsed time= 183.95 s.
-----------------------------------------------------------------------------------------
columns pending deletion= 21965 remain= 117672 col ratio= 0.813337 row ratio= 0.917342
[1;36m[REMIND] 2: gap improved= 0.213047 ratio= 0.006665 threshold= 0.040000 in function increaseCondition2 at /blue/yu.yang1/you.z/route_opt/packages/application/X-n313-k71/src/main/src/call_cutting.cpp:74[0m
 ****** Separate RCCs ****** 
 ****** Separate Rank1Cuts ****** 
it= 4   ncol= 1449  ncstr= 646  mt= 0.1   spt= 0.0   lpval= 94012.5   ub= 94044.0  
-----------------------------------------------------------------------------------------
elapsed time= 184.50 s.
-----------------------------------------------------------------------------------------
columns pending deletion= 28565 remain= 117672 col ratio= 0.757249 row ratio= 0.866873
[1;36m[REMIND] 2: gap improved= 0.489111 ratio= 0.015538 threshold= 0.040000 in function increaseCondition2 at /blue/yu.yang1/you.z/route_opt/packages/application/X-n313-k71/src/main/src/call_cutting.cpp:74[0m
[1;36m[REMIND] tail off counter= 3 threshold= 3 in function setIfTailOff at /blue/yu.yang1/you.z/route_opt/packages/application/X-n313-k71/src/main/src/call_cutting.cpp:150[0m
current_r_best= 3.71475
alpha= 0.37 beta= 4.26077 omega= 74.34 k1= 9
lb_k= 1 ub_k= 37
revise: lb_k= 7 ub_k= 12
opt_k= 10
alpha= 0.75 beta= 4.26077 omega= 39.0347 k1= 3
lb_k= 1 ub_k= 3
revise: lb_k= 1 ub_k= 3
opt_k= 3
pseudo= 50 frac= 50
#candidates in phase1= 10
testing lp time= 4.33 s.
-----------------------------------------------------------------------------------------
112-131 ,  33.29|   0-237 ,  25.81| 217-265 ,   9.65| 204-276 ,   9.61|  61-301 ,   8.43| 
  2-139 ,   6.96| 139-155 ,   6.96|  51-64  ,   6.04| 206-290 ,   2.92|  18-218 ,   0.84| 
-----------------------------------------------------------------------------------------
edge= 217 265 lp= 0.195766 pre= 2 lp2= 49.2876 pre2= 2 score= 9.64884
-----------------------------------------------------------------------------------------
edge= 0 237 lp= 25.7578 pre= 2 lp2= 1.00218 pre2= 2 score= 25.814
-----------------------------------------------------------------------------------------
edge= 112 131 lp= 1.15497 pre= 2 lp2= 28.8196 pre2= 2 score= 33.2858
-----------------------------------------------------------------------------------------
candidate= 112-131 : -
-----------------------------------------------------------------------------------------
it= 3   ncol= 1460  ncstr= 647  mt= 0.4   spt= 0.0   lpval= 94013.3   ub= 94044.0  
-----------------------------------------------------------------------------------------
elapsed time= 189.27 s.
-----------------------------------------------------------------------------------------
candidate= 0-237 : -
-----------------------------------------------------------------------------------------
it= 3   ncol= 1485  ncstr= 647  mt= 0.4   spt= 0.0   lpval= 94035.3   ub= 94044.0  
-----------------------------------------------------------------------------------------
elapsed time= 189.74 s.
-----------------------------------------------------------------------------------------
candidate= 112-131 : +
-----------------------------------------------------------------------------------------
it= 4   ncol= 1511  ncstr= 647  mt= 0.4   spt= 0.0   lpval= 94038.5   ub= 94044.0  
-----------------------------------------------------------------------------------------
elapsed time= 190.21 s.
-----------------------------------------------------------------------------------------
candidate= 0-237 : +
-----------------------------------------------------------------------------------------
it= 3   ncol= 1461  ncstr= 647  mt= 0.5   spt= 0.0   lpval= 94013.3   ub= 94044.0  
-----------------------------------------------------------------------------------------
elapsed time= 190.72 s.
-----------------------------------------------------------------------------------------
brc= 112-131
t= 0.226885 c= 14.3195 n= 4 if_b4= 0
t= 0.627771 c= 21.762 n= 4 if_b4= 0
#########################################################################################
tree size= 2 lb= 94007.4 ub= 94044
#########################################################################################
idx= 8 value= 94007.4 enu= 1
brc= 50-103 : -
brc= 76-103 : -
brc= 49-105 : +
brc= 164-295 : -
brc= 62-296 : -
brc= 126-152 : -
brc= 109-138 : -
brc= 57-130 : +
brc= 70-121 : +
brc= 145-281 : -
brc= 250-278 : -
brc= 164-260 : -
brc= 6-137 : -
brc= 9-126 : -
brc= 18-224 : -
brc= 4-64 : -
brc= 18-301 : -
brc= 32-102 : -
brc= 207-230 : -
brc= 207-269 : -
brc= 19-106 : +
brc= 74-260 : -
brc= 147-237 : -
brc= 6-60 : -
brc= 9-237 : -
brc= 9-150 : -
brc= 118-127 : +
brc= 25-189 : -
brc= 18-189 : -
brc= 3-128 : -
brc= 29-131 : -
it= 4   ncol= 1523  ncstr= 775  mt= 0.2   spt= 0.1   lpval= 94018.3   ub= 94044.0  
-----------------------------------------------------------------------------------------
elapsed time= 192.45 s.
-----------------------------------------------------------------------------------------
delete columns= 118577 remain= 40510
 ****** Separate RCCs ****** 
 ****** Separate Rank1Cuts ****** 
it= 3   ncol= 1465  ncstr= 578  mt= 0.0   spt= 0.0   lpval= 94018.6   ub= 94044.0  
-----------------------------------------------------------------------------------------
elapsed time= 192.88 s.
-----------------------------------------------------------------------------------------
columns pending deletion= 6026 remain= 40510 col ratio= 0.851247 row ratio= 0.958478
[1;36m[REMIND] 2: gap improved= 0.280652 ratio= 0.011053 threshold= 0.040000 in function increaseCondition2 at /blue/yu.yang1/you.z/route_opt/packages/application/X-n313-k71/src/main/src/call_cutting.cpp:74[0m
 ****** Separate RCCs ****** 
 ****** Separate Rank1Cuts ****** 
it= 4   ncol= 1464  ncstr= 621  mt= 0.0   spt= 0.0   lpval= 94019.3   ub= 94044.0  
-----------------------------------------------------------------------------------------
elapsed time= 193.23 s.
-----------------------------------------------------------------------------------------
columns pending deletion= 8645 remain= 40510 col ratio= 0.786596 row ratio= 0.903382
[1;36m[REMIND] 2: gap improved= 0.689918 ratio= 0.027929 threshold= 0.040000 in function increaseCondition2 at /blue/yu.yang1/you.z/route_opt/packages/application/X-n313-k71/src/main/src/call_cutting.cpp:74[0m
 ****** Separate RCCs ****** 
 ****** Separate Rank1Cuts ****** 
it= 3   ncol= 1464  ncstr= 644  mt= 0.0   spt= 0.0   lpval= 94019.4   ub= 94044.0  
-----------------------------------------------------------------------------------------
elapsed time= 193.57 s.
-----------------------------------------------------------------------------------------
columns pending deletion= 9617 remain= 40510 col ratio= 0.762602 row ratio= 0.889752
[1;36m[REMIND] 2: gap improved= 0.108945 ratio= 0.004430 threshold= 0.040000 in function increaseCondition2 at /blue/yu.yang1/you.z/route_opt/packages/application/X-n313-k71/src/main/src/call_cutting.cpp:74[0m
[1;36m[REMIND] tail off counter= 3 threshold= 3 in function setIfTailOff at /blue/yu.yang1/you.z/route_opt/packages/application/X-n313-k71/src/main/src/call_cutting.cpp:150[0m
current_r_best= 5.69884
alpha= 0.37 beta= 1.56942 omega= 63.1135 k1= 5
lb_k= 1 ub_k= 37
revise: lb_k= 4 ub_k= 6
opt_k= 5
alpha= 0.75 beta= 1.56942 omega= 34.6655 k1= 3
lb_k= 2 ub_k= 3
revise: lb_k= 2 ub_k= 3
opt_k= 3
pseudo= 50 frac= 50
#candidates in phase1= 5
testing lp time= 2.32 s.
-----------------------------------------------------------------------------------------
  2-139 ,  21.69|  29-189 ,  20.96|   9-79  ,  11.34|   9-174 ,   7.63|  18-131 ,   3.58| 
-----------------------------------------------------------------------------------------
edge= 9 79 lp= 0.608051 pre= 0 lp2= 18.642 pre2= 2 score= 11.3353
-----------------------------------------------------------------------------------------
edge= 29 189 lp= 1.05316 pre= 1 lp2= 19.8995 pre2= 2 score= 20.9574
-----------------------------------------------------------------------------------------
edge= 2 139 lp= 1.62383 pre= 0 lp2= 13.3561 pre2= 1 score= 21.6881
-----------------------------------------------------------------------------------------
brc= 2-139
t= 0.227777 c= 12.1765 n= 5 if_b4= 0
t= 0.627771 c= 18.5721 n= 5 if_b4= 0
#########################################################################################
tree size= 3 lb= 94012.5 ub= 94044
#########################################################################################
idx= 9 value= 94012.5 enu= 1
brc= 50-103 : -
brc= 76-103 : -
brc= 49-105 : +
brc= 164-295 : -
brc= 62-296 : -
brc= 126-152 : -
brc= 109-138 : -
brc= 57-130 : +
brc= 70-121 : +
brc= 145-281 : -
brc= 250-278 : -
brc= 164-260 : -
brc= 6-137 : -
brc= 9-126 : -
brc= 18-224 : -
brc= 4-64 : -
brc= 18-301 : -
brc= 32-102 : -
brc= 207-230 : -
brc= 207-269 : -
brc= 19-106 : +
brc= 74-260 : -
brc= 147-237 : -
brc= 6-60 : -
brc= 9-237 : -
brc= 9-150 : -
brc= 118-127 : +
brc= 25-189 : -
brc= 18-189 : -
brc= 3-128 : -
brc= 29-131 : +
brc= 112-131 : +
it= 4   ncol= 1523  ncstr= 646  mt= 0.4   spt= 0.0   lpval= 94038.5   ub= 94044.0  
-----------------------------------------------------------------------------------------
elapsed time= 197.40 s.
-----------------------------------------------------------------------------------------
delete columns= 88066 remain= 1005
 ****** Separate RCCs ****** 
 ****** Separate Rank1Cuts ****** 
it= 4   ncol= 1010  ncstr= 551  mt= 0.0   spt= 0.0   lpval= 94041.8   ub= 94044.0  
-----------------------------------------------------------------------------------------
elapsed time= 197.81 s.
-----------------------------------------------------------------------------------------
delete columns= 521 remain= 484
mip: row= 520 col= 1152 density= 3.6692%
mip time= 0.09 s.
mip status= 3
#########################################################################################
tree size= 2 lb= 94012.5 ub= 94044
#########################################################################################
idx= 10 value= 94012.5 enu= 1
brc= 50-103 : -
brc= 76-103 : -
brc= 49-105 : +
brc= 164-295 : -
brc= 62-296 : -
brc= 126-152 : -
brc= 109-138 : -
brc= 57-130 : +
brc= 70-121 : +
brc= 145-281 : -
brc= 250-278 : -
brc= 164-260 : -
brc= 6-137 : -
brc= 9-126 : -
brc= 18-224 : -
brc= 4-64 : -
brc= 18-301 : -
brc= 32-102 : -
brc= 207-230 : -
brc= 207-269 : -
brc= 19-106 : +
brc= 74-260 : -
brc= 147-237 : -
brc= 6-60 : -
brc= 9-237 : -
brc= 9-150 : -
brc= 118-127 : +
brc= 25-189 : -
brc= 18-189 : -
brc= 3-128 : -
brc= 29-131 : +
brc= 112-131 : -
it= 4   ncol= 1465  ncstr= 646  mt= 0.1   spt= 0.0   lpval= 94013.3   ub= 94044.0  
-----------------------------------------------------------------------------------------
elapsed time= 198.04 s.
-----------------------------------------------------------------------------------------
columns pending deletion= 12432 remain= 89107 col ratio= 0.860482 row ratio= 0.851393
 ****** Separate RCCs ****** 
 ****** Separate Rank1Cuts ****** 
it= 3   ncol= 1442  ncstr= 690  mt= 0.0   spt= 0.0   lpval= 94013.5   ub= 94044.0  
-----------------------------------------------------------------------------------------
elapsed time= 198.70 s.
-----------------------------------------------------------------------------------------
columns pending deletion= 18102 remain= 89107 col ratio= 0.796851 row ratio= 0.817391
[1;36m[REMIND] 2: gap improved= 0.177418 ratio= 0.005820 threshold= 0.040000 in function increaseCondition2 at /blue/yu.yang1/you.z/route_opt/packages/application/X-n313-k71/src/main/src/call_cutting.cpp:74[0m
 ****** Separate RCCs ****** 
 ****** Separate Rank1Cuts ****** 
it= 2   ncol= 1443  ncstr= 719  mt= 0.0   spt= 0.0   lpval= 94013.7   ub= 94044.0  
-----------------------------------------------------------------------------------------
elapsed time= 199.17 s.
-----------------------------------------------------------------------------------------
columns pending deletion= 20917 remain= 89107 col ratio= 0.76526 row ratio= 0.798331
[1;36m[REMIND] 2: gap improved= 0.185759 ratio= 0.006131 threshold= 0.040000 in function increaseCondition2 at /blue/yu.yang1/you.z/route_opt/packages/application/X-n313-k71/src/main/src/call_cutting.cpp:74[0m
 ****** Separate RCCs ****** 
 ****** Separate Rank1Cuts ****** 
it= 3   ncol= 1452  ncstr= 742  mt= 0.0   spt= 0.0   lpval= 94013.8   ub= 94044.0  
-----------------------------------------------------------------------------------------
elapsed time= 199.65 s.
-----------------------------------------------------------------------------------------
delete columns= 23995 remain= 65112
[1;36m[REMIND] 2: gap improved= 0.144256 ratio= 0.004784 threshold= 0.040000 in function increaseCondition2 at /blue/yu.yang1/you.z/route_opt/packages/application/X-n313-k71/src/main/src/call_cutting.cpp:74[0m
[1;36m[REMIND] tail off counter= 3 threshold= 3 in function setIfTailOff at /blue/yu.yang1/you.z/route_opt/packages/application/X-n313-k71/src/main/src/call_cutting.cpp:150[0m
current_r_best= 5.69884
alpha= 0.37 beta= 2.54544 omega= 53.4579 k1= 6
lb_k= 1 ub_k= 37
revise: lb_k= 4 ub_k= 7
opt_k= 6
alpha= 0.75 beta= 2.54544 omega= 29.5841 k1= 3
lb_k= 1 ub_k= 3
revise: lb_k= 2 ub_k= 3
opt_k= 3
pseudo= 50 frac= 50
#candidates in phase1= 6
testing lp time= 2.52 s.
-----------------------------------------------------------------------------------------
139-155 ,  11.78|   2-139 ,  11.78|  61-301 ,   4.41|  24-89  ,   1.45|  24-190 ,   0.62| 
  9-60  ,   0.37| 
-----------------------------------------------------------------------------------------
edge= 61 301 lp= 1.05739 pre= 0 lp2= 4.16821 pre2= 0 score= 4.40743
-----------------------------------------------------------------------------------------
edge= 2 139 lp= 0.471649 pre= 0 lp2= 24.9772 pre2= 2 score= 11.7805
-----------------------------------------------------------------------------------------
edge= 139 155 lp= 0.471649 pre= 0 lp2= 24.9772 pre2= 2 score= 11.7805
-----------------------------------------------------------------------------------------
candidate= 2-139 : +
-----------------------------------------------------------------------------------------
it= 4   ncol= 1540  ncstr= 582  mt= 0.3   spt= 0.0   lpval= 94032.0   ub= 94044.0  
-----------------------------------------------------------------------------------------
elapsed time= 203.15 s.
-----------------------------------------------------------------------------------------
candidate= 139-155 : +
-----------------------------------------------------------------------------------------
it= 4   ncol= 1524  ncstr= 582  mt= 0.3   spt= 0.0   lpval= 94032.1   ub= 94044.0  
-----------------------------------------------------------------------------------------
elapsed time= 203.51 s.
-----------------------------------------------------------------------------------------
brc= 139-155
t= 0.225292 c= 10.8239 n= 6 if_b4= 0
t= 0.588973 c= 16.4353 n= 6 if_b4= 0
#########################################################################################
tree size= 3 lb= 94013.8 ub= 94044
#########################################################################################
idx= 13 value= 94013.8 enu= 1
brc= 50-103 : -
brc= 76-103 : -
brc= 49-105 : +
brc= 164-295 : -
brc= 62-296 : -
brc= 126-152 : -
brc= 109-138 : -
brc= 57-130 : +
brc= 70-121 : +
brc= 145-281 : -
brc= 250-278 : -
brc= 164-260 : -
brc= 6-137 : -
brc= 9-126 : -
brc= 18-224 : -
brc= 4-64 : -
brc= 18-301 : -
brc= 32-102 : -
brc= 207-230 : -
brc= 207-269 : -
brc= 19-106 : +
brc= 74-260 : -
brc= 147-237 : -
brc= 6-60 : -
brc= 9-237 : -
brc= 9-150 : -
brc= 118-127 : +
brc= 25-189 : -
brc= 18-189 : -
brc= 3-128 : -
brc= 29-131 : +
brc= 112-131 : -
brc= 139-155 : +
it= 5   ncol= 1526  ncstr= 581  mt= 0.4   spt= 0.0   lpval= 94032.1   ub= 94044.0  
-----------------------------------------------------------------------------------------
elapsed time= 205.12 s.
-----------------------------------------------------------------------------------------
delete columns= 61849 remain= 3152
 ****** Separate RCCs ****** 
 ****** Separate Rank1Cuts ****** 
it= 3   ncol= 1243  ncstr= 583  mt= 0.0   spt= 0.0   lpval= 94033.8   ub= 94044.0  
-----------------------------------------------------------------------------------------
elapsed time= 205.44 s.
-----------------------------------------------------------------------------------------
delete columns= 936 remain= 2216
mip: row= 494 col= 3383 density= 3.77519%
mip time= 0.79 s.
mip status= 6
#########################################################################################
tree size= 2 lb= 94013.8 ub= 94044
#########################################################################################
idx= 14 value= 94013.8 enu= 1
brc= 50-103 : -
brc= 76-103 : -
brc= 49-105 : +
brc= 164-295 : -
brc= 62-296 : -
brc= 126-152 : -
brc= 109-138 : -
brc= 57-130 : +
brc= 70-121 : +
brc= 145-281 : -
brc= 250-278 : -
brc= 164-260 : -
brc= 6-137 : -
brc= 9-126 : -
brc= 18-224 : -
brc= 4-64 : -
brc= 18-301 : -
brc= 32-102 : -
brc= 207-230 : -
brc= 207-269 : -
brc= 19-106 : +
brc= 74-260 : -
brc= 147-237 : -
brc= 6-60 : -
brc= 9-237 : -
brc= 9-150 : -
brc= 118-127 : +
brc= 25-189 : -
brc= 18-189 : -
brc= 3-128 : -
brc= 29-131 : +
brc= 112-131 : -
brc= 139-155 : -
it= 2   ncol= 1449  ncstr= 581  mt= 0.0   spt= 0.0   lpval= 94014.3   ub= 94044.0  
-----------------------------------------------------------------------------------------
elapsed time= 206.30 s.
-----------------------------------------------------------------------------------------
columns pending deletion= 3389 remain= 65111 col ratio= 0.94795 row ratio= 0.953528
 ****** Separate RCCs ****** 
 ****** Separate Rank1Cuts ****** 
it= 3   ncol= 1450  ncstr= 614  mt= 0.0   spt= 0.0   lpval= 94014.8   ub= 94044.0  
-----------------------------------------------------------------------------------------
elapsed time= 206.80 s.
-----------------------------------------------------------------------------------------
columns pending deletion= 6272 remain= 65111 col ratio= 0.903672 row ratio= 0.923453
[1;36m[REMIND] 2: gap improved= 0.445120 ratio= 0.015223 threshold= 0.040000 in function increaseCondition2 at /blue/yu.yang1/you.z/route_opt/packages/application/X-n313-k71/src/main/src/call_cutting.cpp:74[0m
 ****** Separate Rank1Cuts ****** 
it= 2   ncol= 1451  ncstr= 650  mt= 0.0   spt= 0.0   lpval= 94014.9   ub= 94044.0  
-----------------------------------------------------------------------------------------
elapsed time= 207.23 s.
-----------------------------------------------------------------------------------------
columns pending deletion= 7822 remain= 65111 col ratio= 0.879867 row ratio= 0.887692
[1;36m[REMIND] 2: gap improved= 0.154482 ratio= 0.005311 threshold= 0.040000 in function increaseCondition2 at /blue/yu.yang1/you.z/route_opt/packages/application/X-n313-k71/src/main/src/call_cutting.cpp:74[0m
 ****** Separate RCCs ****** 
 ****** Separate Rank1Cuts ****** 
it= 3   ncol= 1458  ncstr= 663  mt= 0.0   spt= 0.0   lpval= 94014.9   ub= 94044.0  
-----------------------------------------------------------------------------------------
elapsed time= 207.63 s.
-----------------------------------------------------------------------------------------
columns pending deletion= 8863 remain= 65111 col ratio= 0.863879 row ratio= 0.871795
current_r_best= 5.69884
alpha= 0.37 beta= 2.35206 omega= 48.0438 k1= 5
lb_k= 1 ub_k= 37
revise: lb_k= 4 ub_k= 7
opt_k= 6
alpha= 0.75 beta= 2.35206 omega= 27.905 k1= 3
lb_k= 1 ub_k= 3
revise: lb_k= 2 ub_k= 3
opt_k= 3
pseudo= 50 frac= 50
#candidates in phase1= 6
testing lp time= 2.67 s.
-----------------------------------------------------------------------------------------
 90-189 ,  58.00| 139-230 ,  29.67|  30-115 ,  10.79|  61-301 ,   5.38|  90-93  ,   4.63| 
 79-128 ,   2.18| 
-----------------------------------------------------------------------------------------
edge= 30 115 lp= 0.241979 pre= 1 lp2= 44.6028 pre2= 2 score= 10.7929
-----------------------------------------------------------------------------------------
edge= 139 230 lp= 5.7247 pre= 0 lp2= 5.18263 pre2= 0 score= 29.669
-----------------------------------------------------------------------------------------
edge= 90 189 lp= 1.30046 pre= 0 lp2= 44.6028 pre2= 2 score= 58.0043
-----------------------------------------------------------------------------------------
candidate= 90-189 : +
-----------------------------------------------------------------------------------------
it= 4   ncol= 1541  ncstr= 664  mt= 0.5   spt= 0.0   lpval= 94034.0   ub= 94044.0  
-----------------------------------------------------------------------------------------
elapsed time= 210.88 s.
-----------------------------------------------------------------------------------------
candidate= 139-230 : +
-----------------------------------------------------------------------------------------
it= 5   ncol= 1541  ncstr= 664  mt= 0.5   spt= 0.0   lpval= 94020.0   ub= 94044.0  
-----------------------------------------------------------------------------------------
elapsed time= 211.43 s.
-----------------------------------------------------------------------------------------
brc= 139-230
t= 0.224937 c= 9.71435 n= 7 if_b4= 0
t= 0.585968 c= 14.7205 n= 7 if_b4= 0
#########################################################################################
tree size= 3 lb= 94014.9 ub= 94044
#########################################################################################
idx= 15 value= 94014.9 enu= 1
brc= 50-103 : -
brc= 76-103 : -
brc= 49-105 : +
brc= 164-295 : -
brc= 62-296 : -
brc= 126-152 : -
brc= 109-138 : -
brc= 57-130 : +
brc= 70-121 : +
brc= 145-281 : -
brc= 250-278 : -
brc= 164-260 : -
brc= 6-137 : -
brc= 9-126 : -
brc= 18-224 : -
brc= 4-64 : -
brc= 18-301 : -
brc= 32-102 : -
brc= 207-230 : -
brc= 207-269 : -
brc= 19-106 : +
brc= 74-260 : -
brc= 147-237 : -
brc= 6-60 : -
brc= 9-237 : -
brc= 9-150 : -
brc= 118-127 : +
brc= 25-189 : -
brc= 18-189 : -
brc= 3-128 : -
brc= 29-131 : +
brc= 112-131 : -
brc= 139-155 : -
brc= 139-230 : +
it= 4   ncol= 1529  ncstr= 663  mt= 0.5   spt= 0.0   lpval= 94020.0   ub= 94044.0  
-----------------------------------------------------------------------------------------
elapsed time= 213.29 s.
-----------------------------------------------------------------------------------------
delete columns= 26422 remain= 29764
 ****** Separate RCCs ****** 
 ****** Separate Rank1Cuts ****** 
it= 3   ncol= 1427  ncstr= 533  mt= 0.0   spt= 0.0   lpval= 94021.7   ub= 94044.0  
-----------------------------------------------------------------------------------------
elapsed time= 213.72 s.
-----------------------------------------------------------------------------------------
columns pending deletion= 8249 remain= 29764 col ratio= 0.722853 row ratio= 0.95122
 ****** Separate Rank1Cuts ****** 
it= 3   ncol= 1400  ncstr= 585  mt= 0.0   spt= 0.0   lpval= 94022.7   ub= 94044.0  
-----------------------------------------------------------------------------------------
elapsed time= 214.10 s.
-----------------------------------------------------------------------------------------
delete columns= 12823 remain= 16941
mip: row= 516 col= 18322 density= 4.96944%
mip time= 11.11 s.
mip status= 6
update f from 15.6498 to 21.2625
#########################################################################################
tree size= 2 lb= 94014.9 ub= 94044
#########################################################################################
idx= 16 value= 94014.9 enu= 1
brc= 50-103 : -
brc= 76-103 : -
brc= 49-105 : +
brc= 164-295 : -
brc= 62-296 : -
brc= 126-152 : -
brc= 109-138 : -
brc= 57-130 : +
brc= 70-121 : +
brc= 145-281 : -
brc= 250-278 : -
brc= 164-260 : -
brc= 6-137 : -
brc= 9-126 : -
brc= 18-224 : -
brc= 4-64 : -
brc= 18-301 : -
brc= 32-102 : -
brc= 207-230 : -
brc= 207-269 : -
brc= 19-106 : +
brc= 74-260 : -
brc= 147-237 : -
brc= 6-60 : -
brc= 9-237 : -
brc= 9-150 : -
brc= 118-127 : +
brc= 25-189 : -
brc= 18-189 : -
brc= 3-128 : -
brc= 29-131 : +
brc= 112-131 : -
brc= 139-155 : -
brc= 139-230 : -
it= 3   ncol= 1465  ncstr= 663  mt= 0.0   spt= 0.0   lpval= 94020.7   ub= 94044.0  
-----------------------------------------------------------------------------------------
elapsed time= 225.68 s.
-----------------------------------------------------------------------------------------
delete columns= 29027 remain= 27209
 ****** Separate RCCs ****** 
 ****** Separate Rank1Cuts ****** 
it= 2   ncol= 1439  ncstr= 581  mt= 0.0   spt= 0.0   lpval= 94022.2   ub= 94044.0  
-----------------------------------------------------------------------------------------
elapsed time= 226.27 s.
-----------------------------------------------------------------------------------------
columns pending deletion= 6498 remain= 27209 col ratio= 0.761182 row ratio= 0.936317
 ****** Separate RCCs ****** 
 ****** Separate Rank1Cuts ****** 
it= 3   ncol= 1438  ncstr= 650  mt= 0.0   spt= 0.0   lpval= 94023.4   ub= 94044.0  
-----------------------------------------------------------------------------------------
elapsed time= 226.72 s.
-----------------------------------------------------------------------------------------
delete columns= 10176 remain= 17033
mip: row= 565 col= 18453 density= 5.53818%
mip time= 23.47 s.
mip status= 6
#########################################################################################
tree size= 1 lb= 94019.4 ub= 94044
#########################################################################################
idx= 11 value= 94019.4 enu= 1
brc= 50-103 : -
brc= 76-103 : -
brc= 49-105 : +
brc= 164-295 : -
brc= 62-296 : -
brc= 126-152 : -
brc= 109-138 : -
brc= 57-130 : +
brc= 70-121 : +
brc= 145-281 : -
brc= 250-278 : -
brc= 164-260 : -
brc= 6-137 : -
brc= 9-126 : -
brc= 18-224 : -
brc= 4-64 : -
brc= 18-301 : -
brc= 32-102 : -
brc= 207-230 : -
brc= 207-269 : -
brc= 19-106 : +
brc= 74-260 : -
brc= 147-237 : -
brc= 6-60 : -
brc= 9-237 : -
brc= 9-150 : -
brc= 118-127 : +
brc= 25-189 : -
brc= 18-189 : -
brc= 3-128 : -
brc= 29-131 : -
brc= 2-139 : +
it= 5   ncol= 1487  ncstr= 644  mt= 0.4   spt= 0.0   lpval= 94030.3   ub= 94044.0  
-----------------------------------------------------------------------------------------
elapsed time= 250.73 s.
-----------------------------------------------------------------------------------------
delete columns= 26461 remain= 4266
 ****** Separate RCCs ****** 
 ****** Separate Rank1Cuts ****** 
it= 4   ncol= 1263  ncstr= 593  mt= 0.0   spt= 0.0   lpval= 94031.6   ub= 94044.0  
-----------------------------------------------------------------------------------------
elapsed time= 251.32 s.
-----------------------------------------------------------------------------------------
columns pending deletion= 1160 remain= 4266 col ratio= 0.728083 row ratio= 0.851602
mip: row= 505 col= 4327 density= 4.42339%
mip time= 1.86 s.
mip status= 6
#########################################################################################
tree size= 0 lb= 94019.4 ub= 94044
#########################################################################################
idx= 12 value= 94019.4 enu= 1
brc= 50-103 : -
brc= 76-103 : -
brc= 49-105 : +
brc= 164-295 : -
brc= 62-296 : -
brc= 126-152 : -
brc= 109-138 : -
brc= 57-130 : +
brc= 70-121 : +
brc= 145-281 : -
brc= 250-278 : -
brc= 164-260 : -
brc= 6-137 : -
brc= 9-126 : -
brc= 18-224 : -
brc= 4-64 : -
brc= 18-301 : -
brc= 32-102 : -
brc= 207-230 : -
brc= 207-269 : -
brc= 19-106 : +
brc= 74-260 : -
brc= 147-237 : -
brc= 6-60 : -
brc= 9-237 : -
brc= 9-150 : -
brc= 118-127 : +
brc= 25-189 : -
brc= 18-189 : -
brc= 3-128 : -
brc= 29-131 : -
brc= 2-139 : -
it= 3   ncol= 1467  ncstr= 644  mt= 0.0   spt= 0.0   lpval= 94021.0   ub= 94044.0  
-----------------------------------------------------------------------------------------
elapsed time= 253.27 s.
-----------------------------------------------------------------------------------------
columns pending deletion= 6144 remain= 30889 col ratio= 0.801094 row ratio= 0.849379
 ****** Separate RCCs ****** 
 ****** Separate Rank1Cuts ****** 
it= 4   ncol= 1419  ncstr= 664  mt= 0.1   spt= 0.0   lpval= 94021.6   ub= 94044.0  
-----------------------------------------------------------------------------------------
elapsed time= 253.67 s.
-----------------------------------------------------------------------------------------
delete columns= 8915 remain= 21974
[1;36m[REMIND] 2: gap improved= 0.573795 ratio= 0.025564 threshold= 0.040000 in function increaseCondition2 at /blue/yu.yang1/you.z/route_opt/packages/application/X-n313-k71/src/main/src/call_cutting.cpp:74[0m
 ****** Separate Rank1Cuts ****** 
it= 2   ncol= 1415  ncstr= 625  mt= 0.0   spt= 0.0   lpval= 94021.8   ub= 94044.0  
-----------------------------------------------------------------------------------------
elapsed time= 254.06 s.
-----------------------------------------------------------------------------------------
columns pending deletion= 1190 remain= 21974 col ratio= 0.945845 row ratio= 0.8896
[1;36m[REMIND] 2: gap improved= 0.265856 ratio= 0.011986 threshold= 0.040000 in function increaseCondition2 at /blue/yu.yang1/you.z/route_opt/packages/application/X-n313-k71/src/main/src/call_cutting.cpp:74[0m
 ****** Separate RCCs ****** 
 ****** Separate Rank1Cuts ****** 
it= 2   ncol= 1414  ncstr= 664  mt= 0.0   spt= 0.0   lpval= 94022.0   ub= 94044.0  
-----------------------------------------------------------------------------------------
elapsed time= 254.40 s.
-----------------------------------------------------------------------------------------
columns pending deletion= 2356 remain= 21974 col ratio= 0.892782 row ratio= 0.843373
[1;36m[REMIND] 2: gap improved= 0.178416 ratio= 0.008109 threshold= 0.040000 in function increaseCondition2 at /blue/yu.yang1/you.z/route_opt/packages/application/X-n313-k71/src/main/src/call_cutting.cpp:74[0m
[1;36m[REMIND] tail off counter= 3 threshold= 3 in function setIfTailOff at /blue/yu.yang1/you.z/route_opt/packages/application/X-n313-k71/src/main/src/call_cutting.cpp:150[0m
current_r_best= 5.69884
alpha= 0.37 beta= 0.129637 omega= 43.187 k1= 1
lb_k= 1 ub_k= 1
opt_k= 1
alpha= 0.75 beta= 0.129637 omega= 25.1217 k1= 1
lb_k= 1 ub_k= 3
revise: lb_k= 1 ub_k= 2
opt_k= 2
pseudo= 50 frac= 50
#candidates in phase1= 1
[1;36m[REMIND] no data in phase2: a single candidate in function getFeatureDataPhase2 at /blue/yu.yang1/you.z/route_opt/packages/application/X-n313-k71/src/l2b/include/t_l2b_phase2.hpp:27[0m
brc= 2-147
t= 0.224937 c= 8.76936 n= 8 if_b4= 0
t= 0.585968 c= 13.2193 n= 8 if_b4= 0
#########################################################################################
tree size= 1 lb= 94022 ub= 94044
#########################################################################################
idx= 17 value= 94022 enu= 1
brc= 50-103 : -
brc= 76-103 : -
brc= 49-105 : +
brc= 164-295 : -
brc= 62-296 : -
brc= 126-152 : -
brc= 109-138 : -
brc= 57-130 : +
brc= 70-121 : +
brc= 145-281 : -
brc= 250-278 : -
brc= 164-260 : -
brc= 6-137 : -
brc= 9-126 : -
brc= 18-224 : -
brc= 4-64 : -
brc= 18-301 : -
brc= 32-102 : -
brc= 207-230 : -
brc= 207-269 : -
brc= 19-106 : +
brc= 74-260 : -
brc= 147-237 : -
brc= 6-60 : -
brc= 9-237 : -
brc= 9-150 : -
brc= 118-127 : +
brc= 25-189 : -
brc= 18-189 : -
brc= 3-128 : -
brc= 29-131 : -
brc= 2-139 : -
brc= 2-147 : +
it= 5   ncol= 1464  ncstr= 664  mt= 0.4   spt= 0.0   lpval= 94067.2   ub= 94044.0  
-----------------------------------------------------------------------------------------
elapsed time= 255.35 s.
-----------------------------------------------------------------------------------------
#########################################################################################
tree size= 0 lb= 94022 ub= 94044
#########################################################################################
idx= 18 value= 94022 enu= 1
brc= 50-103 : -
brc= 76-103 : -
brc= 49-105 : +
brc= 164-295 : -
brc= 62-296 : -
brc= 126-152 : -
brc= 109-138 : -
brc= 57-130 : +
brc= 70-121 : +
brc= 145-281 : -
brc= 250-278 : -
brc= 164-260 : -
brc= 6-137 : -
brc= 9-126 : -
brc= 18-224 : -
brc= 4-64 : -
brc= 18-301 : -
brc= 32-102 : -
brc= 207-230 : -
brc= 207-269 : -
brc= 19-106 : +
brc= 74-260 : -
brc= 147-237 : -
brc= 6-60 : -
brc= 9-237 : -
brc= 9-150 : -
brc= 118-127 : +
brc= 25-189 : -
brc= 18-189 : -
brc= 3-128 : -
brc= 29-131 : -
brc= 2-139 : -
brc= 2-147 : -
it= 3   ncol= 1425  ncstr= 664  mt= 0.1   spt= 0.0   lpval= 94022.7   ub= 94044.0  
-----------------------------------------------------------------------------------------
elapsed time= 255.43 s.
-----------------------------------------------------------------------------------------
columns pending deletion= 2473 remain= 19618 col ratio= 0.873942 row ratio= 0.837349
 ****** Separate RCCs ****** 
 ****** Separate Rank1Cuts ****** 
it= 3   ncol= 1391  ncstr= 692  mt= 0.0   spt= 0.0   lpval= 94023.3   ub= 94044.0  
-----------------------------------------------------------------------------------------
elapsed time= 255.80 s.
-----------------------------------------------------------------------------------------
columns pending deletion= 3655 remain= 19618 col ratio= 0.813692 row ratio= 0.823699
[1;36m[REMIND] 2: gap improved= 0.572022 ratio= 0.027644 threshold= 0.040000 in function increaseCondition2 at /blue/yu.yang1/you.z/route_opt/packages/application/X-n313-k71/src/main/src/call_cutting.cpp:74[0m
mip: row= 570 col= 17345 density= 5.35645%
mip time= 38.16 s.
mip status= 6
#########################################################################################
[32m<Instance: X-n313-k71>
<Solution>
<UB= 94044>
<LB= 94044>
<Elapsed Time= 294>
<Nodes Explored= 19>
<Global Gap= 0%>[0m
#########################################################################################
File nodes/X-n313-k71_2_4_0_11_5_G32.node deleted successfully.
