application type: CVRP
X-n313-k71_0_1_0_2_3_0_0_G32.node
Set parameter ServerTimeout to value 600
Set parameter TokenServer to value "grb-ts.ufhpc"
Set parameter Threads to value 1
instance name= X-n313-k71
#########################################################################################
tree size= 0 lb= 0 ub= 94044
#########################################################################################
idx= 1 value= 93987.1 enu= 0
brc= 50-103 : +
brc= 233-246 : -
brc= 57-64 : +
brc= 164-295 : +
brc= 95-279 : -
brc= 126-152 : -
brc= 270-279 : +
brc= 0-32 : -
brc= 3-269 : -
brc= 39-203 : -
brc= 0-121 : +
brc= 62-68 : +
brc= 250-278 : +
-----------------------------------------------------------------------------------------
 ****** Pricing Level: LIGHT HEUR ****** 
it= 7   ncol= 1510  ncstr= 608  mt= 0.4   spt= 0.2   lpval= 94002.7   ub= 94044.0  
 ****** Pricing Level: HEAVY HEUR ****** 
it= 7   ncol= 1583  ncstr= 608  mt= 0.2   spt= 0.5   lpval= 93995.4   ub= 94044.0  
 ****** Pricing Level: EXACT ****** 
it= 3   ncol= 1677  ncstr= 608  mt= 0.1   spt= 3.2   lpval= 93995.3   ub= 94044.0  
-----------------------------------------------------------------------------------------
elapsed time= 8.17 s.
-----------------------------------------------------------------------------------------
-----------------------------------------------------------------------------------------
 ****** Run Arc Elimination ****** 
arc elimination time= 6.09 s.
previous= 81.5475% maximum= 2.77981%
eliminate bucket arcs time= 0.59 s.
obtain jump arcs time= 0.01 s.
-----------------------------------------------------------------------------------------
-----------------------------------------------------------------------------------------
elapsed time= 15.20 s.
-----------------------------------------------------------------------------------------
-----------------------------------------------------------------------------------------
 ****** Try Enumeration ****** 
max_val= 88787 stop_b= 10 max_idx= 8 num_label= 322805 max_label_in_enumeration= 500000 q= 23.2273 aq.size()= 21 left_bin= 2 left_labels= 177195
status= LABEL_FOR_LIMIT
#labels= 322805 #routes= 47
labeling 1 time= 9.27 s.
next try value > 94005.4
-----------------------------------------------------------------------------------------
elapsed time= 24.54 s.
-----------------------------------------------------------------------------------------
 ****** Separate RCCs ****** 
 ****** Separate Rank1Cuts ****** 
-----------------------------------------------------------------------------------------
 ****** Pricing Level: LIGHT HEUR ****** 
it= 6   ncol= 1731  ncstr= 735  mt= 0.4   spt= 0.1   lpval= 94002.8   ub= 94044.0  
 ****** Pricing Level: HEAVY HEUR ****** 
it= 5   ncol= 1796  ncstr= 735  mt= 0.1   spt= 0.3   lpval= 94001.6   ub= 94044.0  
 ****** Pricing Level: EXACT ****** 
it= 3   ncol= 1872  ncstr= 735  mt= 0.0   spt= 3.2   lpval= 94001.6   ub= 94044.0  
-----------------------------------------------------------------------------------------
elapsed time= 30.48 s.
-----------------------------------------------------------------------------------------
-----------------------------------------------------------------------------------------
 ****** Run Arc Elimination ****** 
arc elimination time= 4.92 s.
previous= 87.0512% maximum= 2.41986%
eliminate bucket arcs time= 0.52 s.
obtain jump arcs time= 0.01 s.
-----------------------------------------------------------------------------------------
-----------------------------------------------------------------------------------------
elapsed time= 35.95 s.
-----------------------------------------------------------------------------------------
 ****** Separate RCCs ****** 
 ****** Separate Rank1Cuts ****** 
-----------------------------------------------------------------------------------------
 ****** Pricing Level: LIGHT HEUR ****** 
it= 3   ncol= 1883  ncstr= 652  mt= 0.3   spt= 0.1   lpval= 94004.2   ub= 94044.0  
 ****** Pricing Level: HEAVY HEUR ****** 
it= 3   ncol= 1907  ncstr= 652  mt= 0.1   spt= 0.2   lpval= 94003.5   ub= 94044.0  
 ****** Pricing Level: EXACT ****** 
it= 3   ncol= 1937  ncstr= 652  mt= 0.0   spt= 3.2   lpval= 94003.4   ub= 94044.0  
-----------------------------------------------------------------------------------------
elapsed time= 41.34 s.
-----------------------------------------------------------------------------------------
 ****** Separate RCCs ****** 
 ****** Separate Rank1Cuts ****** 
-----------------------------------------------------------------------------------------
 ****** Pricing Level: LIGHT HEUR ****** 
it= 2   ncol= 1967  ncstr= 647  mt= 0.3   spt= 0.0   lpval= 94004.4   ub= 94044.0  
 ****** Pricing Level: HEAVY HEUR ****** 
it= 2   ncol= 1968  ncstr= 647  mt= 0.0   spt= 0.1   lpval= 94004.4   ub= 94044.0  
 ****** Pricing Level: EXACT ****** 
it= 3   ncol= 1979  ncstr= 647  mt= 0.0   spt= 2.7   lpval= 94004.4   ub= 94044.0  
-----------------------------------------------------------------------------------------
elapsed time= 45.35 s.
-----------------------------------------------------------------------------------------
[1;36m[REMIND] 2: gap improved= 1.032957 ratio= 0.026106 threshold= 0.040000 in function increaseCondition2 at /blue/yu.yang1/you.z/route_opt/packages/application/X-n313-k71/src/main/src/call_cutting.cpp:74[0m
 ****** Separate RCCs ****** 
 ****** Separate Rank1Cuts ****** 
-----------------------------------------------------------------------------------------
 ****** Pricing Level: LIGHT HEUR ****** 
it= 2   ncol= 1980  ncstr= 669  mt= 0.3   spt= 0.1   lpval= 94005.1   ub= 94044.0  
 ****** Pricing Level: HEAVY HEUR ****** 
it= 2   ncol= 1991  ncstr= 669  mt= 0.0   spt= 0.1   lpval= 94005.1   ub= 94044.0  
 ****** Pricing Level: EXACT ****** 
it= 3   ncol= 2013  ncstr= 669  mt= 0.0   spt= 2.6   lpval= 94005.1   ub= 94044.0  
-----------------------------------------------------------------------------------------
elapsed time= 49.73 s.
-----------------------------------------------------------------------------------------
[1;36m[REMIND] 2: gap improved= 0.657461 ratio= 0.016897 threshold= 0.040000 in function increaseCondition2 at /blue/yu.yang1/you.z/route_opt/packages/application/X-n313-k71/src/main/src/call_cutting.cpp:74[0m
 ****** Separate RCCs ****** 
 ****** Separate Rank1Cuts ****** 
-----------------------------------------------------------------------------------------
 ****** Pricing Level: LIGHT HEUR ****** 
it= 2   ncol= 2015  ncstr= 666  mt= 0.3   spt= 0.0   lpval= 94005.7   ub= 94044.0  
 ****** Pricing Level: HEAVY HEUR ****** 
it= 2   ncol= 2016  ncstr= 666  mt= 0.0   spt= 0.1   lpval= 94005.7   ub= 94044.0  
 ****** Pricing Level: EXACT ****** 
it= 3   ncol= 2025  ncstr= 666  mt= 0.1   spt= 2.7   lpval= 94005.6   ub= 94044.0  
-----------------------------------------------------------------------------------------
elapsed time= 53.97 s.
-----------------------------------------------------------------------------------------
-----------------------------------------------------------------------------------------
 ****** Run Arc Elimination ****** 
arc elimination time= 3.46 s.
previous= 91.4708% maximum= 2.21346%
eliminate bucket arcs time= 0.43 s.
obtain jump arcs time= 0.01 s.
-----------------------------------------------------------------------------------------
-----------------------------------------------------------------------------------------
elapsed time= 57.89 s.
-----------------------------------------------------------------------------------------
-----------------------------------------------------------------------------------------
 ****** Try Enumeration ****** 
#labels= 174211 #routes= 21
labeling 1 time= 2.71 s.
concatenate time= 4.58 s.
#routes= 192360
average gap of successful enumeration= 0.000397705
next try value > 93996.4
-----------------------------------------------------------------------------------------
elapsed time= 65.28 s.
-----------------------------------------------------------------------------------------
 ****** Process Enumeration Matrix ****** 
delete non-ele routes lp val= 94005.6
recover rank1c lp val= 94005.8
recover rcc lp val= 94010.6
obtain rcc coefficient time= 0.04 s.
obtain r1c coefficient time= 0.37 s.
obtain matrix from triplets time= 0.46 s.
delete columns by branch time= 0.00 s.
columns pending deletion= 221 remain= 192360 col ratio= 0.998851 row ratio= 1
regenerate enumeration matrix time= 0.00 s.
-----------------------------------------------------------------------------------------
elapsed time= 68.69 s.
-----------------------------------------------------------------------------------------
it= 4   ncol= 1766  ncstr= 620  mt= 0.0   spt= 0.1   lpval= 94010.6   ub= 94044.0  
-----------------------------------------------------------------------------------------
elapsed time= 68.82 s.
-----------------------------------------------------------------------------------------
delete columns= 101102 remain= 91258
 ****** Separate RCCs ****** 
 ****** Separate Rank1Cuts ****** 
it= 3   ncol= 1603  ncstr= 664  mt= 0.0   spt= 0.0   lpval= 94011.7   ub= 94044.0  
-----------------------------------------------------------------------------------------
elapsed time= 69.76 s.
-----------------------------------------------------------------------------------------
columns pending deletion= 14421 remain= 91258 col ratio= 0.841975 row ratio= 0.813253
[1;36m[REMIND] 2: gap improved= 1.107154 ratio= 0.034259 threshold= 0.040000 in function increaseCondition2 at /blue/yu.yang1/you.z/route_opt/packages/application/X-n313-k71/src/main/src/call_cutting.cpp:74[0m
 ****** Separate RCCs ****** 
 ****** Separate Rank1Cuts ****** 
it= 2   ncol= 1604  ncstr= 711  mt= 0.0   spt= 0.0   lpval= 94012.1   ub= 94044.0  
-----------------------------------------------------------------------------------------
elapsed time= 70.34 s.
-----------------------------------------------------------------------------------------
delete columns= 23828 remain= 67430
[1;36m[REMIND] 2: gap improved= 0.453356 ratio= 0.014228 threshold= 0.040000 in function increaseCondition2 at /blue/yu.yang1/you.z/route_opt/packages/application/X-n313-k71/src/main/src/call_cutting.cpp:74[0m
 ****** Separate RCCs ****** 
 ****** Separate Rank1Cuts ****** 
it= 3   ncol= 1612  ncstr= 603  mt= 0.0   spt= 0.0   lpval= 94012.3   ub= 94044.0  
-----------------------------------------------------------------------------------------
elapsed time= 71.39 s.
-----------------------------------------------------------------------------------------
columns pending deletion= 5364 remain= 67430 col ratio= 0.920451 row ratio= 0.913765
[1;36m[REMIND] 2: gap improved= 0.207965 ratio= 0.006570 threshold= 0.040000 in function increaseCondition2 at /blue/yu.yang1/you.z/route_opt/packages/application/X-n313-k71/src/main/src/call_cutting.cpp:74[0m
[1;36m[REMIND] tail off counter= 3 threshold= 3 in function setIfTailOff at /blue/yu.yang1/you.z/route_opt/packages/application/X-n313-k71/src/main/src/call_cutting.cpp:150[0m
[1;36m[REMIND] opt_k not found for node 1, use m directly in function getOptK at /blue/yu.yang1/you.z/route_opt/packages/branching/bkf/include/bkf_controller.hpp:239[0m
current_r_best= 18.3388
we directly test 100
we directly test 4
pseudo= 50 frac= 50
#candidates in phase1= 100
testing lp time= 36.07 s.
-----------------------------------------------------------------------------------------
138-213 , 119.31|   0-70  , 117.16| 141-175 , 104.84|  36-152 ,  99.87| 126-142 ,  99.87| 
 70-133 ,  80.65|   0-9   ,  76.68|   0-76  ,  75.39|   0-175 ,  64.05| 190-260 ,  62.17| 
162-208 ,  58.92|   0-138 ,  58.56|  32-57  ,  56.92|  57-130 ,  52.95|   0-102 ,  49.32| 
211-295 ,  48.51|  39-246 ,  44.46|  39-71  ,  44.46| 113-232 ,  44.45| 240-275 ,  44.03| 
106-202 ,  43.99|  32-48  ,  43.75| 100-275 ,  42.03| 167-232 ,  41.55|  70-153 ,  39.92| 
 44-133 ,  39.65|  32-152 ,  39.65|   9-51  ,  39.54| 102-133 ,  39.01| 109-138 ,  37.99| 
 59-76  ,  37.80|  95-281 ,  37.51|   0-33  ,  37.33|  62-182 ,  36.52|  59-68  ,  36.52| 
131-281 ,  35.19|  86-267 ,  33.70| 107-287 ,  33.70|  33-228 ,  30.22|  30-139 ,  29.51| 
 12-76  ,  29.29|   0-162 ,  27.16| 162-201 ,  27.16| 204-208 ,  27.16|  74-252 ,  25.82| 
 22-161 ,  23.54| 187-246 ,  22.84| 206-290 ,  21.44| 189-224 ,  20.73| 164-260 ,  20.69| 
 53-295 ,  20.69| 175-252 ,  20.33| 234-252 ,  20.26| 164-175 ,  20.00|   0-208 ,  19.99| 
125-287 ,  19.31|  61-301 ,  18.41|   0-260 ,  17.32|  21-42  ,  16.25|  74-312 ,  15.94| 
206-310 ,  15.90| 203-263 ,  15.53|  12-134 ,  14.82|  30-269 ,  14.43| 118-127 ,  13.17| 
 24-250 ,  13.14|  30-202 ,  12.12|  24-189 ,  10.96|  24-155 ,  10.96|   0-228 ,  10.95| 
  0-107 ,  10.91|  33-56  ,  10.75|   1-109 ,  10.73| 181-220 ,  10.63|   7-127 ,  10.48| 
233-263 ,  10.22| 260-312 ,   9.84| 247-273 ,   9.57|   0-127 ,   9.20|   0-306 ,   8.90| 
  0-220 ,   8.77| 200-220 ,   8.73|   9-137 ,   7.66|   4-6   ,   7.66| 125-224 ,   7.08| 
264-290 ,   6.47|  30-89  ,   5.40| 145-281 ,   5.28|  33-281 ,   5.28|   0-302 ,   4.75| 
  0-206 ,   4.09| 190-250 ,   3.93| 190-257 ,   3.93|   0-116 ,   3.55|   0-190 ,   2.82| 
166-179 ,   1.71|  11-284 ,   1.37| 256-297 ,   1.25|   0-188 ,   0.13| 210-220 ,   0.00| 
-----------------------------------------------------------------------------------------
edge= 36 152 lp= 2.72269 pre= 2 lp2= 36.6825 pre2= 2 score= 99.8748
-----------------------------------------------------------------------------------------
edge= 141 175 lp= 2.77362 pre= 2 lp2= 37.7983 pre2= 2 score= 104.838
-----------------------------------------------------------------------------------------
edge= 0 70 lp= 23.4114 pre= 2 lp2= 5.00443 pre2= 2 score= 117.161
-----------------------------------------------------------------------------------------
edge= 138 213 lp= 3.15643 pre= 2 lp2= 37.7983 pre2= 2 score= 119.308
-----------------------------------------------------------------------------------------
candidate= 138-213 : -
-----------------------------------------------------------------------------------------
it= 3   ncol= 1614  ncstr= 604  mt= 0.4   spt= 0.0   lpval= 94014.2   ub= 94044.0  
-----------------------------------------------------------------------------------------
elapsed time= 107.86 s.
-----------------------------------------------------------------------------------------
candidate= 0-70 : -
-----------------------------------------------------------------------------------------
it= 5   ncol= 1661  ncstr= 604  mt= 0.4   spt= 0.0   lpval= 94027.6   ub= 94044.0  
-----------------------------------------------------------------------------------------
elapsed time= 108.27 s.
-----------------------------------------------------------------------------------------
candidate= 141-175 : -
-----------------------------------------------------------------------------------------
it= 4   ncol= 1593  ncstr= 604  mt= 0.3   spt= 0.0   lpval= 94015.1   ub= 94044.0  
-----------------------------------------------------------------------------------------
elapsed time= 108.63 s.
-----------------------------------------------------------------------------------------
candidate= 141-175 : +
-----------------------------------------------------------------------------------------
it= 5   ncol= 1679  ncstr= 604  mt= 0.6   spt= 0.0   lpval= 94026.7   ub= 94044.0  
-----------------------------------------------------------------------------------------
elapsed time= 109.22 s.
-----------------------------------------------------------------------------------------
candidate= 36-152 : -
-----------------------------------------------------------------------------------------
it= 3   ncol= 1590  ncstr= 604  mt= 0.4   spt= 0.0   lpval= 94013.9   ub= 94044.0  
-----------------------------------------------------------------------------------------
elapsed time= 109.63 s.
-----------------------------------------------------------------------------------------
candidate= 0-70 : +
-----------------------------------------------------------------------------------------
it= 3   ncol= 1606  ncstr= 604  mt= 0.4   spt= 0.0   lpval= 94017.2   ub= 94044.0  
-----------------------------------------------------------------------------------------
elapsed time= 110.04 s.
-----------------------------------------------------------------------------------------
brc= 0-70
t= 0.180343 c= 69.958 n= 0 if_b4= 0
t= 0.429475 c= 86.704 n= 0 if_b4= 0
#########################################################################################
tree size= 1 lb= 94012.3 ub= 94044
#########################################################################################
idx= 1 value= 94012.3 enu= 1
brc= 50-103 : +
brc= 233-246 : -
brc= 57-64 : +
brc= 164-295 : +
brc= 95-279 : -
brc= 126-152 : -
brc= 270-279 : +
brc= 0-32 : -
brc= 3-269 : -
brc= 39-203 : -
brc= 0-121 : +
brc= 62-68 : +
brc= 250-278 : +
brc= 0-70 : +
it= 4   ncol= 1596  ncstr= 603  mt= 0.4   spt= 0.0   lpval= 94017.2   ub= 94044.0  
-----------------------------------------------------------------------------------------
elapsed time= 111.57 s.
-----------------------------------------------------------------------------------------
delete columns= 27179 remain= 34857
 ****** Separate RCCs ****** 
 ****** Separate Rank1Cuts ****** 
it= 3   ncol= 1571  ncstr= 603  mt= 0.0   spt= 0.0   lpval= 94018.7   ub= 94044.0  
-----------------------------------------------------------------------------------------
elapsed time= 112.52 s.
-----------------------------------------------------------------------------------------
columns pending deletion= 6079 remain= 34857 col ratio= 0.825602 row ratio= 0.902156
 ****** Separate RCCs ****** 
 ****** Separate Rank1Cuts ****** 
it= 3   ncol= 1563  ncstr= 737  mt= 0.0   spt= 0.0   lpval= 94019.2   ub= 94044.0  
-----------------------------------------------------------------------------------------
elapsed time= 113.18 s.
-----------------------------------------------------------------------------------------
delete columns= 8840 remain= 26017
[1;36m[REMIND] 2: gap improved= 0.538245 ratio= 0.021743 threshold= 0.040000 in function increaseCondition2 at /blue/yu.yang1/you.z/route_opt/packages/application/X-n313-k71/src/main/src/call_cutting.cpp:74[0m
 ****** Separate RCCs ****** 
 ****** Separate Rank1Cuts ****** 
it= 3   ncol= 1572  ncstr= 627  mt= 0.0   spt= 0.0   lpval= 94019.4   ub= 94044.0  
-----------------------------------------------------------------------------------------
elapsed time= 114.12 s.
-----------------------------------------------------------------------------------------
columns pending deletion= 2168 remain= 26017 col ratio= 0.91667 row ratio= 0.901116
[1;36m[REMIND] 2: gap improved= 0.113093 ratio= 0.004589 threshold= 0.040000 in function increaseCondition2 at /blue/yu.yang1/you.z/route_opt/packages/application/X-n313-k71/src/main/src/call_cutting.cpp:74[0m
 ****** Separate Rank1Cuts ****** 
it= 2   ncol= 1565  ncstr= 686  mt= 0.0   spt= 0.0   lpval= 94019.4   ub= 94044.0  
-----------------------------------------------------------------------------------------
elapsed time= 114.66 s.
-----------------------------------------------------------------------------------------
columns pending deletion= 2680 remain= 26017 col ratio= 0.89699 row ratio= 0.849854
current_r_best= 5.08553
alpha= 0.37 beta= 4.84093 omega= 387.916 k1= 22
lb_k= 1 ub_k= 37
revise: lb_k= 18 ub_k= 27
opt_k= 23
alpha= 0.75 beta= 4.84093 omega= 201.884 k1= 3
lb_k= 1 ub_k= 3
revise: lb_k= 1 ub_k= 3
opt_k= 3
pseudo= 50 frac= 50
#candidates in phase1= 23
testing lp time= 11.42 s.
-----------------------------------------------------------------------------------------
141-175 , 357.66| 138-213 , 202.05|  56-175 , 141.23| 162-208 ,  74.07| 118-301 ,  49.70| 
131-281 ,  45.85|  57-130 ,  31.68|  59-76  ,  31.42| 157-181 ,  27.97|  68-296 ,  18.05| 
 24-250 ,  15.27| 264-297 ,  14.66|  12-134 ,  13.01|  24-29  ,  11.17| 233-263 ,   9.22| 
 30-202 ,   8.98| 112-165 ,   8.33|   0-306 ,   2.76|  26-52  ,   2.41|  60-89  ,   1.01| 
126-150 ,   0.01|   0-4   ,   0.00|   4-9   ,   0.00| 
-----------------------------------------------------------------------------------------
edge= 56 175 lp= 1.55485 pre= 2 lp2= 90.8351 pre2= 2 score= 141.235
-----------------------------------------------------------------------------------------
edge= 138 213 lp= 2.22437 pre= 2 lp2= 90.8351 pre2= 2 score= 202.051
-----------------------------------------------------------------------------------------
edge= 141 175 lp= 3.93752 pre= 0 lp2= 90.8351 pre2= 2 score= 357.665
-----------------------------------------------------------------------------------------
candidate= 141-175 : +
-----------------------------------------------------------------------------------------
it= 5   ncol= 1658  ncstr= 687  mt= 0.6   spt= 0.0   lpval= 94034.0   ub= 94044.0  
-----------------------------------------------------------------------------------------
elapsed time= 126.72 s.
-----------------------------------------------------------------------------------------
candidate= 138-213 : -
-----------------------------------------------------------------------------------------
it= 3   ncol= 1596  ncstr= 687  mt= 0.5   spt= 0.0   lpval= 94021.2   ub= 94044.0  
-----------------------------------------------------------------------------------------
elapsed time= 127.23 s.
-----------------------------------------------------------------------------------------
candidate= 138-213 : +
-----------------------------------------------------------------------------------------
it= 5   ncol= 1670  ncstr= 687  mt= 0.5   spt= 0.0   lpval= 94033.4   ub= 94044.0  
-----------------------------------------------------------------------------------------
elapsed time= 127.72 s.
-----------------------------------------------------------------------------------------
candidate= 56-175 : -
-----------------------------------------------------------------------------------------
it= 3   ncol= 1595  ncstr= 687  mt= 0.4   spt= 0.0   lpval= 94020.9   ub= 94044.0  
-----------------------------------------------------------------------------------------
elapsed time= 128.14 s.
-----------------------------------------------------------------------------------------
candidate= 56-175 : +
-----------------------------------------------------------------------------------------
it= 5   ncol= 1698  ncstr= 687  mt= 0.6   spt= 0.0   lpval= 94059.8   ub= 94044.0  
-----------------------------------------------------------------------------------------
elapsed time= 128.79 s.
-----------------------------------------------------------------------------------------
brc= 56-175
t= 0.214256 c= 37.4292 n= 1 if_b4= 0
t= 0.484993 c= 47.9805 n= 1 if_b4= 0
#########################################################################################
tree size= 2 lb= 94012.3 ub= 94044
#########################################################################################
idx= 2 value= 94012.3 enu= 1
brc= 50-103 : +
brc= 233-246 : -
brc= 57-64 : +
brc= 164-295 : +
brc= 95-279 : -
brc= 126-152 : -
brc= 270-279 : +
brc= 0-32 : -
brc= 3-269 : -
brc= 39-203 : -
brc= 0-121 : +
brc= 62-68 : +
brc= 250-278 : +
brc= 0-70 : -
it= 5   ncol= 1635  ncstr= 603  mt= 0.1   spt= 0.0   lpval= 94027.6   ub= 94044.0  
-----------------------------------------------------------------------------------------
elapsed time= 130.04 s.
-----------------------------------------------------------------------------------------
delete columns= 55371 remain= 6578
 ****** Separate RCCs ****** 
 ****** Separate Rank1Cuts ****** 
it= 3   ncol= 1494  ncstr= 590  mt= 0.1   spt= 0.0   lpval= 94036.5   ub= 94044.0  
-----------------------------------------------------------------------------------------
elapsed time= 130.67 s.
-----------------------------------------------------------------------------------------
delete columns= 5161 remain= 1417
mip: row= 512 col= 2618 density= 3.82307%
mip time= 0.57 s.
mip status= 6
update f from 0 to 7.4913
#########################################################################################
tree size= 1 lb= 94019.4 ub= 94044
#########################################################################################
idx= 3 value= 94019.4 enu= 1
brc= 50-103 : +
brc= 233-246 : -
brc= 57-64 : +
brc= 164-295 : +
brc= 95-279 : -
brc= 126-152 : -
brc= 270-279 : +
brc= 0-32 : -
brc= 3-269 : -
brc= 39-203 : -
brc= 0-121 : +
brc= 62-68 : +
brc= 250-278 : +
brc= 0-70 : +
brc= 56-175 : +
it= 6   ncol= 1671  ncstr= 686  mt= 0.6   spt= 0.0   lpval= 94059.8   ub= 94044.0  
-----------------------------------------------------------------------------------------
elapsed time= 131.92 s.
-----------------------------------------------------------------------------------------
#########################################################################################
tree size= 0 lb= 94019.4 ub= 94044
#########################################################################################
idx= 4 value= 94019.4 enu= 1
brc= 50-103 : +
brc= 233-246 : -
brc= 57-64 : +
brc= 164-295 : +
brc= 95-279 : -
brc= 126-152 : -
brc= 270-279 : +
brc= 0-32 : -
brc= 3-269 : -
brc= 39-203 : -
brc= 0-121 : +
brc= 62-68 : +
brc= 250-278 : +
brc= 0-70 : +
brc= 56-175 : -
it= 3   ncol= 1589  ncstr= 686  mt= 0.0   spt= 0.0   lpval= 94020.9   ub= 94044.0  
-----------------------------------------------------------------------------------------
elapsed time= 131.99 s.
-----------------------------------------------------------------------------------------
columns pending deletion= 4689 remain= 23335 col ratio= 0.799057 row ratio= 0.803207
 ****** Separate RCCs ****** 
 ****** Separate Rank1Cuts ****** 
it= 4   ncol= 1605  ncstr= 736  mt= 0.1   spt= 0.0   lpval= 94021.9   ub= 94044.0  
-----------------------------------------------------------------------------------------
elapsed time= 132.61 s.
-----------------------------------------------------------------------------------------
delete columns= 7955 remain= 15380
mip: row= 576 col= 16973 density= 4.64595%
mip time= 12.79 s.
mip status= 6
update f from 7.4913 to 22.1496
#########################################################################################
[32m<Instance: X-n313-k71>
<Solution>
<UB= 94044>
<LB= 94044>
<Elapsed Time= 145.9>
<Nodes Explored= 5>
<Global Gap= 0%>[0m
#########################################################################################
File nodes/X-n313-k71_0_1_0_2_3_0_0_G32.node deleted successfully.
