application type: CVRP
X-n313-k71_2_0_0_2_0_0_3_G32.node
Set parameter ServerTimeout to value 600
Set parameter TokenServer to value "grb-ts.ufhpc"
Set parameter Threads to value 1
instance name= X-n313-k71
#########################################################################################
tree size= 0 lb= 0 ub= 94044
#########################################################################################
idx= 7 value= 93995.1 enu= 0
brc= 50-103 : -
brc= 76-103 : -
brc= 49-105 : +
brc= 164-295 : +
brc= 221-228 : +
brc= 0-57 : -
brc= 211-295 : -
brc= 126-152 : +
brc= 270-279 : +
brc= 33-56 : +
brc= 56-141 : -
brc= 74-312 : -
brc= 6-19 : -
brc= 147-174 : +
-----------------------------------------------------------------------------------------
 ****** Pricing Level: LIGHT HEUR ****** 
it= 14  ncol= 1287  ncstr= 589  mt= 0.2   spt= 0.3   lpval= 94002.8   ub= 94044.0  
 ****** Pricing Level: HEAVY HEUR ****** 
it= 8   ncol= 1433  ncstr= 589  mt= 0.1   spt= 0.5   lpval= 94001.3   ub= 94044.0  
 ****** Pricing Level: EXACT ****** 
it= 6   ncol= 1515  ncstr= 589  mt= 0.1   spt= 4.7   lpval= 94000.9   ub= 94044.0  
-----------------------------------------------------------------------------------------
elapsed time= 9.92 s.
-----------------------------------------------------------------------------------------
-----------------------------------------------------------------------------------------
 ****** Run Arc Elimination ****** 
arc elimination time= 3.90 s.
previous= 81.0108% maximum= 2.41681%
eliminate bucket arcs time= 0.45 s.
obtain jump arcs time= 0.01 s.
-----------------------------------------------------------------------------------------
-----------------------------------------------------------------------------------------
elapsed time= 14.62 s.
-----------------------------------------------------------------------------------------
-----------------------------------------------------------------------------------------
 ****** Try Enumeration ****** 
#labels= 224210 #routes= 12
labeling 1 time= 5.10 s.
concatenate time= 8.00 s.
#routes= 326545
average gap of successful enumeration= 0.000447768
next try value > 93986.1
-----------------------------------------------------------------------------------------
elapsed time= 27.84 s.
-----------------------------------------------------------------------------------------
 ****** Process Enumeration Matrix ****** 
delete non-ele routes lp val= 94001.6
recover rank1c lp val= 94002.1
recover rcc lp val= 94002.7
obtain rcc coefficient time= 0.05 s.
obtain r1c coefficient time= 0.52 s.
obtain matrix from triplets time= 0.74 s.
delete columns by branch time= 0.00 s.
columns pending deletion= 412 remain= 326545 col ratio= 0.998738 row ratio= 1
regenerate enumeration matrix time= 0.00 s.
-----------------------------------------------------------------------------------------
elapsed time= 30.77 s.
-----------------------------------------------------------------------------------------
it= 6   ncol= 1314  ncstr= 548  mt= 0.1   spt= 0.1   lpval= 94002.1   ub= 94044.0  
-----------------------------------------------------------------------------------------
elapsed time= 31.02 s.
-----------------------------------------------------------------------------------------
columns pending deletion= 93979 remain= 326545 col ratio= 0.712202 row ratio= 0.941606
 ****** Separate RCCs ****** 
 ****** Separate Rank1Cuts ****** 
it= 3   ncol= 1221  ncstr= 593  mt= 0.0   spt= 0.1   lpval= 94004.0   ub= 94044.0  
-----------------------------------------------------------------------------------------
elapsed time= 31.76 s.
-----------------------------------------------------------------------------------------
delete columns= 144763 remain= 181782
 ****** Separate RCCs ****** 
 ****** Separate Rank1Cuts ****** 
it= 4   ncol= 1312  ncstr= 607  mt= 0.0   spt= 0.1   lpval= 94004.6   ub= 94044.0  
-----------------------------------------------------------------------------------------
elapsed time= 33.40 s.
-----------------------------------------------------------------------------------------
columns pending deletion= 25258 remain= 181782 col ratio= 0.861053 row ratio= 0.876442
[1;36m[REMIND] 2: gap improved= 0.639438 ratio= 0.016239 threshold= 0.040000 in function increaseCondition2 at /blue/yu.yang1/you.z/route_opt/packages/application/X-n313-k71/src/main/src/call_cutting.cpp:74[0m
 ****** Separate Rank1Cuts ****** 
it= 4   ncol= 1259  ncstr= 663  mt= 0.0   spt= 0.1   lpval= 94004.9   ub= 94044.0  
-----------------------------------------------------------------------------------------
elapsed time= 34.06 s.
-----------------------------------------------------------------------------------------
columns pending deletion= 38074 remain= 181782 col ratio= 0.790551 row ratio= 0.828054
[1;36m[REMIND] 2: gap improved= 0.317928 ratio= 0.008140 threshold= 0.040000 in function increaseCondition2 at /blue/yu.yang1/you.z/route_opt/packages/application/X-n313-k71/src/main/src/call_cutting.cpp:74[0m
 ****** Separate Rank1Cuts ****** 
it= 2   ncol= 1258  ncstr= 707  mt= 0.0   spt= 0.0   lpval= 94005.1   ub= 94044.0  
-----------------------------------------------------------------------------------------
elapsed time= 34.58 s.
-----------------------------------------------------------------------------------------
columns pending deletion= 41507 remain= 181782 col ratio= 0.771666 row ratio= 0.794908
[1;36m[REMIND] 2: gap improved= 0.137273 ratio= 0.003527 threshold= 0.040000 in function increaseCondition2 at /blue/yu.yang1/you.z/route_opt/packages/application/X-n313-k71/src/main/src/call_cutting.cpp:74[0m
[1;36m[REMIND] tail off counter= 3 threshold= 3 in function setIfTailOff at /blue/yu.yang1/you.z/route_opt/packages/application/X-n313-k71/src/main/src/call_cutting.cpp:150[0m
[1;36m[REMIND] opt_k not found for node 7, use m directly in function getOptK at /blue/yu.yang1/you.z/route_opt/packages/branching/bkf/include/bkf_controller.hpp:239[0m
current_r_best= 7.2888
we directly test 100
we directly test 4
pseudo= 50 frac= 50
#candidates in phase1= 100
testing lp time= 46.16 s.
-----------------------------------------------------------------------------------------
  0-9   , 162.38|   3-269 , 135.70| 234-289 , 105.85|  29-147 ,  99.09| 257-299 ,  84.85| 
234-299 ,  82.61|  89-137 ,  57.71| 165-252 ,  56.73|   0-165 ,  56.73| 112-165 ,  56.66| 
  0-234 ,  55.96| 112-270 ,  50.29|  86-243 ,  45.61| 207-228 ,  44.24| 127-145 ,  42.75| 
118-127 ,  42.75|   0-127 ,  42.75|   0-106 ,  41.73| 189-214 ,  39.38|   0-214 ,  39.38| 
  2-89  ,  39.06|  30-128 ,  39.06|   3-128 ,  39.05|  82-128 ,  38.65| 115-117 ,  35.11| 
174-237 ,  35.11| 117-237 ,  35.04|  74-217 ,  29.46|  74-279 ,  27.74|  25-74  ,  27.74| 
  0-270 ,  27.74|  51-89  ,  27.69|  53-54  ,  26.79| 250-278 ,  25.97| 215-239 ,  21.40| 
145-279 ,  21.33| 239-290 ,  20.33|   0-260 ,  19.84|  53-295 ,  19.84| 164-260 ,  19.84| 
 52-296 ,  19.79|  22-239 ,  19.53|   0-136 ,  18.72| 136-143 ,  18.71|  23-118 ,  18.71| 
141-295 ,  18.28|  10-54  ,  17.73| 162-208 ,  16.71|  18-224 ,  15.35|  10-215 ,  15.29| 
 43-211 ,  14.40| 132-155 ,  14.08|   7-56  ,  12.30| 164-175 ,  12.17|  43-141 ,  11.92| 
228-281 ,  11.55|  95-281 ,  11.55|  22-161 ,  11.15|  22-248 ,  11.15| 108-218 ,   9.00| 
  0-114 ,   8.65|   0-198 ,   8.35| 131-228 ,   8.15| 145-221 ,   8.15|   0-164 ,   7.94| 
204-208 ,   7.91|   7-127 ,   6.95|  54-295 ,   6.74|  54-274 ,   6.74| 243-267 ,   6.68| 
191-271 ,   6.65|   0-2   ,   6.52| 245-272 ,   6.21|   0-155 ,   5.88|   0-17  ,   5.21| 
  0-32  ,   5.15| 173-238 ,   4.92| 141-175 ,   4.53|   0-251 ,   4.42| 238-293 ,   4.40| 
  0-243 ,   4.19| 177-179 ,   3.95| 179-282 ,   3.61| 252-312 ,   3.25|   0-51  ,   3.03| 
 90-116 ,   2.81| 158-205 ,   2.81|   0-116 ,   2.39|   0-293 ,   2.36|   0-205 ,   2.32| 
  0-222 ,   1.43|   0-175 ,   1.26| 222-264 ,   1.25| 179-273 ,   0.98|  48-102 ,   0.97| 
256-297 ,   0.89| 205-271 ,   0.78| 149-195 ,   0.68|   0-190 ,   0.00|  24-190 ,   0.00| 
-----------------------------------------------------------------------------------------
edge= 29 147 lp= 1.35669 pre= 2 lp2= 73.0368 pre2= 2 score= 99.0884
-----------------------------------------------------------------------------------------
edge= 234 289 lp= 4.01111 pre= 2 lp2= 26.3902 pre2= 2 score= 105.854
-----------------------------------------------------------------------------------------
edge= 3 269 lp= 7.37459 pre= 0 lp2= 18.4012 pre2= 0 score= 135.701
-----------------------------------------------------------------------------------------
edge= 0 9 lp= 8.23954 pre= 0 lp2= 19.7079 pre2= 1 score= 162.384
-----------------------------------------------------------------------------------------
candidate= 0-9 : +
-----------------------------------------------------------------------------------------
it= 5   ncol= 1418  ncstr= 708  mt= 0.6   spt= 0.1   lpval= 94006.8   ub= 94044.0  
-----------------------------------------------------------------------------------------
elapsed time= 81.44 s.
-----------------------------------------------------------------------------------------
candidate= 3-269 : +
-----------------------------------------------------------------------------------------
it= 5   ncol= 1384  ncstr= 708  mt= 0.5   spt= 0.1   lpval= 94012.3   ub= 94044.0  
-----------------------------------------------------------------------------------------
elapsed time= 82.01 s.
-----------------------------------------------------------------------------------------
brc= 3-269
t= 0.2308 c= 32.5836 n= 0 if_b4= 0
t= 0.629582 c= 55.034 n= 0 if_b4= 0
#########################################################################################
tree size= 1 lb= 94005.1 ub= 94044
#########################################################################################
idx= 1 value= 94005.1 enu= 1
brc= 50-103 : -
brc= 76-103 : -
brc= 49-105 : +
brc= 164-295 : +
brc= 221-228 : +
brc= 0-57 : -
brc= 211-295 : -
brc= 126-152 : +
brc= 270-279 : +
brc= 33-56 : +
brc= 56-141 : -
brc= 74-312 : -
brc= 6-19 : -
brc= 147-174 : +
brc= 3-269 : +
it= 5   ncol= 1357  ncstr= 707  mt= 0.5   spt= 0.1   lpval= 94012.3   ub= 94044.0  
-----------------------------------------------------------------------------------------
elapsed time= 84.27 s.
-----------------------------------------------------------------------------------------
delete columns= 79972 remain= 59912
 ****** Separate RCCs ****** 
 ****** Separate Rank1Cuts ****** 
it= 4   ncol= 1342  ncstr= 577  mt= 0.0   spt= 0.0   lpval= 94017.4   ub= 94044.0  
-----------------------------------------------------------------------------------------
elapsed time= 84.96 s.
-----------------------------------------------------------------------------------------
delete columns= 29676 remain= 30236
 ****** Separate RCCs ****** 
 ****** Separate Rank1Cuts ****** 
it= 2   ncol= 1317  ncstr= 584  mt= 0.0   spt= 0.0   lpval= 94018.9   ub= 94044.0  
-----------------------------------------------------------------------------------------
elapsed time= 85.82 s.
-----------------------------------------------------------------------------------------
columns pending deletion= 6866 remain= 30236 col ratio= 0.77292 row ratio= 0.907534
 ****** Separate Rank1Cuts ****** 
it= 3   ncol= 1299  ncstr= 620  mt= 0.0   spt= 0.0   lpval= 94019.1   ub= 94044.0  
-----------------------------------------------------------------------------------------
elapsed time= 86.30 s.
-----------------------------------------------------------------------------------------
columns pending deletion= 8743 remain= 30236 col ratio= 0.710841 row ratio= 0.882258
[1;36m[REMIND] 2: gap improved= 0.188029 ratio= 0.007563 threshold= 0.040000 in function increaseCondition2 at /blue/yu.yang1/you.z/route_opt/packages/application/X-n313-k71/src/main/src/call_cutting.cpp:74[0m
 ****** Separate Rank1Cuts ****** 
it= 4   ncol= 1316  ncstr= 632  mt= 0.0   spt= 0.0   lpval= 94019.2   ub= 94044.0  
-----------------------------------------------------------------------------------------
elapsed time= 86.73 s.
-----------------------------------------------------------------------------------------
delete columns= 9478 remain= 20758
current_r_best= 10.2157
alpha= 0.37 beta= 2.42614 omega= 141.177 k1= 9
lb_k= 1 ub_k= 37
revise: lb_k= 7 ub_k= 9
opt_k= 9
alpha= 0.75 beta= 2.42614 omega= 87.4137 k1= 3
lb_k= 1 ub_k= 3
revise: lb_k= 2 ub_k= 3
opt_k= 3
pseudo= 50 frac= 50
#candidates in phase1= 9
testing lp time= 2.45 s.
-----------------------------------------------------------------------------------------
117-237 ,  78.61|   7-56  ,  62.50| 228-237 ,  50.11|  78-176 ,  45.20|   2-79  ,  44.31| 
228-281 ,  37.77| 106-128 ,  24.06|   2-269 ,  23.88|  32-202 ,  19.36| 
-----------------------------------------------------------------------------------------
edge= 228 237 lp= 1.64531 pre= 0 lp2= 30.4535 pre2= 1 score= 50.1055
-----------------------------------------------------------------------------------------
edge= 7 56 lp= 76.84 pre= 2 lp2= 0.813326 pre2= 0 score= 62.496
-----------------------------------------------------------------------------------------
edge= 117 237 lp= 19.844 pre= 0 lp2= 3.96124 pre2= 0 score= 78.6068
-----------------------------------------------------------------------------------------
brc= 117-237
t= 0.183575 c= 17.8396 n= 1 if_b4= 0
t= 0.629582 c= 29.6783 n= 1 if_b4= 0
#########################################################################################
tree size= 2 lb= 94005.1 ub= 94044
#########################################################################################
idx= 2 value= 94005.1 enu= 1
brc= 50-103 : -
brc= 76-103 : -
brc= 49-105 : +
brc= 164-295 : +
brc= 221-228 : +
brc= 0-57 : -
brc= 211-295 : -
brc= 126-152 : +
brc= 270-279 : +
brc= 33-56 : +
brc= 56-141 : -
brc= 74-312 : -
brc= 6-19 : -
brc= 147-174 : +
brc= 3-269 : -
it= 5   ncol= 1367  ncstr= 707  mt= 0.2   spt= 0.1   lpval= 94008.0   ub= 94044.0  
-----------------------------------------------------------------------------------------
elapsed time= 90.21 s.
-----------------------------------------------------------------------------------------
columns pending deletion= 31182 remain= 140242 col ratio= 0.777656 row ratio= 0.78925
 ****** Separate RCCs ****** 
 ****** Separate Rank1Cuts ****** 
it= 3   ncol= 1358  ncstr= 740  mt= 0.0   spt= 0.0   lpval= 94008.4   ub= 94044.0  
-----------------------------------------------------------------------------------------
elapsed time= 90.78 s.
-----------------------------------------------------------------------------------------
delete columns= 38272 remain= 101970
[1;36m[REMIND] 2: gap improved= 0.436976 ratio= 0.012278 threshold= 0.040000 in function increaseCondition2 at /blue/yu.yang1/you.z/route_opt/packages/application/X-n313-k71/src/main/src/call_cutting.cpp:74[0m
 ****** Separate Rank1Cuts ****** 
it= 3   ncol= 1389  ncstr= 600  mt= 0.0   spt= 0.0   lpval= 94008.5   ub= 94044.0  
-----------------------------------------------------------------------------------------
elapsed time= 91.88 s.
-----------------------------------------------------------------------------------------
columns pending deletion= 4160 remain= 101970 col ratio= 0.959204 row ratio= 0.94
current_r_best= 5.02658
alpha= 0.37 beta= 7.0622 omega= 97.1789 k1= 14
lb_k= 1 ub_k= 37
revise: lb_k= 10 ub_k= 18
opt_k= 15
alpha= 0.75 beta= 7.0622 omega= 47.1398 k1= 3
lb_k= 1 ub_k= 3
revise: lb_k= 1 ub_k= 3
opt_k= 3
pseudo= 50 frac= 50
#candidates in phase1= 15
testing lp time= 5.09 s.
-----------------------------------------------------------------------------------------
 30-128 ,  78.26|   2-89  ,  64.72|   0-270 ,  24.34|   3-4   ,  19.09| 174-237 ,  17.32| 
115-117 ,  17.31| 117-237 ,  17.03|   9-51  ,  13.93| 137-150 ,  13.59|   2-57  ,   8.02| 
 30-89  ,   7.08|  30-269 ,   7.07| 145-239 ,   5.71|  82-128 ,   5.18|   3-174 ,   1.25| 
-----------------------------------------------------------------------------------------
edge= 0 270 lp= 21.8377 pre= 2 lp2= 1.11464 pre2= 2 score= 24.3413
-----------------------------------------------------------------------------------------
edge= 2 89 lp= 0.763066 pre= 2 lp2= 84.8121 pre2= 2 score= 64.7173
-----------------------------------------------------------------------------------------
edge= 30 128 lp= 0.763075 pre= 2 lp2= 102.555 pre2= 2 score= 78.2571
-----------------------------------------------------------------------------------------
candidate= 30-128 : -
-----------------------------------------------------------------------------------------
it= 2   ncol= 1383  ncstr= 601  mt= 0.3   spt= 0.0   lpval= 94009.2   ub= 94044.0  
-----------------------------------------------------------------------------------------
elapsed time= 97.30 s.
-----------------------------------------------------------------------------------------
candidate= 30-128 : +
-----------------------------------------------------------------------------------------
it= 6   ncol= 1527  ncstr= 601  mt= 0.4   spt= 0.0   lpval= 94014.2   ub= 94044.0  
-----------------------------------------------------------------------------------------
elapsed time= 97.78 s.
-----------------------------------------------------------------------------------------
candidate= 2-89 : -
-----------------------------------------------------------------------------------------
it= 3   ncol= 1382  ncstr= 601  mt= 0.3   spt= 0.0   lpval= 94009.2   ub= 94044.0  
-----------------------------------------------------------------------------------------
elapsed time= 98.12 s.
-----------------------------------------------------------------------------------------
candidate= 2-89 : +
-----------------------------------------------------------------------------------------
it= 5   ncol= 1485  ncstr= 601  mt= 0.4   spt= 0.0   lpval= 94019.0   ub= 94044.0  
-----------------------------------------------------------------------------------------
elapsed time= 98.60 s.
-----------------------------------------------------------------------------------------
candidate= 0-270 : -
-----------------------------------------------------------------------------------------
it= 4   ncol= 1457  ncstr= 601  mt= 0.3   spt= 0.0   lpval= 94017.9   ub= 94044.0  
-----------------------------------------------------------------------------------------
elapsed time= 98.96 s.
-----------------------------------------------------------------------------------------
candidate= 0-270 : +
-----------------------------------------------------------------------------------------
it= 4   ncol= 1392  ncstr= 601  mt= 0.3   spt= 0.0   lpval= 94009.4   ub= 94044.0  
-----------------------------------------------------------------------------------------
elapsed time= 99.33 s.
-----------------------------------------------------------------------------------------
brc= 0-270
t= 0.178929 c= 12.9469 n= 2 if_b4= 0
t= 0.550644 c= 21.2949 n= 2 if_b4= 0
#########################################################################################
tree size= 3 lb= 94008.5 ub= 94044
#########################################################################################
idx= 5 value= 94008.5 enu= 1
brc= 50-103 : -
brc= 76-103 : -
brc= 49-105 : +
brc= 164-295 : +
brc= 221-228 : +
brc= 0-57 : -
brc= 211-295 : -
brc= 126-152 : +
brc= 270-279 : +
brc= 33-56 : +
brc= 56-141 : -
brc= 74-312 : -
brc= 6-19 : -
brc= 147-174 : +
brc= 3-269 : -
brc= 0-270 : +
it= 3   ncol= 1393  ncstr= 600  mt= 0.3   spt= 0.0   lpval= 94009.4   ub= 94044.0  
-----------------------------------------------------------------------------------------
elapsed time= 100.81 s.
-----------------------------------------------------------------------------------------
columns pending deletion= 11561 remain= 97793 col ratio= 0.881781 row ratio= 0.906667
 ****** Separate RCCs ****** 
 ****** Separate Rank1Cuts ****** 
it= 3   ncol= 1385  ncstr= 638  mt= 0.0   spt= 0.0   lpval= 94009.8   ub= 94044.0  
-----------------------------------------------------------------------------------------
elapsed time= 101.27 s.
-----------------------------------------------------------------------------------------
columns pending deletion= 17123 remain= 97793 col ratio= 0.824906 row ratio= 0.87931
[1;36m[REMIND] 2: gap improved= 0.475967 ratio= 0.013937 threshold= 0.040000 in function increaseCondition2 at /blue/yu.yang1/you.z/route_opt/packages/application/X-n313-k71/src/main/src/call_cutting.cpp:74[0m
 ****** Separate RCCs ****** 
 ****** Separate Rank1Cuts ****** 
it= 2   ncol= 1385  ncstr= 663  mt= 0.0   spt= 0.0   lpval= 94009.9   ub= 94044.0  
-----------------------------------------------------------------------------------------
elapsed time= 101.79 s.
-----------------------------------------------------------------------------------------
columns pending deletion= 20231 remain= 97793 col ratio= 0.793124 row ratio= 0.861237
current_r_best= 5.02658
alpha= 0.37 beta= 6.77565 omega= 72.3579 k1= 11
lb_k= 1 ub_k= 37
revise: lb_k= 8 ub_k= 16
opt_k= 13
alpha= 0.75 beta= 6.77565 omega= 38.6727 k1= 3
lb_k= 1 ub_k= 3
revise: lb_k= 1 ub_k= 3
opt_k= 3
pseudo= 50 frac= 50
#candidates in phase1= 13
testing lp time= 5.18 s.
-----------------------------------------------------------------------------------------
117-237 ,  29.60| 115-117 ,  29.54|  23-118 ,  27.83|  10-54  ,  23.30|  54-295 ,  13.01| 
  0-202 ,  12.69|  82-128 ,   8.37|   0-257 ,   6.97|   2-230 ,   5.79|  38-173 ,   5.00| 
116-302 ,   4.26|  32-137 ,   3.84| 112-228 ,   2.89| 
-----------------------------------------------------------------------------------------
edge= 23 118 lp= 5.2493 pre= 2 lp2= 5.30124 pre2= 2 score= 27.8278
-----------------------------------------------------------------------------------------
edge= 115 117 lp= 3.41196 pre= 2 lp2= 8.65818 pre2= 2 score= 29.5414
-----------------------------------------------------------------------------------------
edge= 117 237 lp= 8.37274 pre= 2 lp2= 3.5352 pre2= 2 score= 29.5993
-----------------------------------------------------------------------------------------
candidate= 117-237 : -
-----------------------------------------------------------------------------------------
it= 4   ncol= 1450  ncstr= 664  mt= 0.4   spt= 0.0   lpval= 94017.6   ub= 94044.0  
-----------------------------------------------------------------------------------------
elapsed time= 107.38 s.
-----------------------------------------------------------------------------------------
candidate= 115-117 : -
-----------------------------------------------------------------------------------------
it= 3   ncol= 1409  ncstr= 664  mt= 0.3   spt= 0.0   lpval= 94013.3   ub= 94044.0  
-----------------------------------------------------------------------------------------
elapsed time= 107.73 s.
-----------------------------------------------------------------------------------------
candidate= 115-117 : +
-----------------------------------------------------------------------------------------
it= 5   ncol= 1457  ncstr= 664  mt= 0.3   spt= 0.0   lpval= 94017.6   ub= 94044.0  
-----------------------------------------------------------------------------------------
elapsed time= 108.11 s.
-----------------------------------------------------------------------------------------
candidate= 23-118 : -
-----------------------------------------------------------------------------------------
it= 5   ncol= 1507  ncstr= 664  mt= 0.4   spt= 0.0   lpval= 94014.8   ub= 94044.0  
-----------------------------------------------------------------------------------------
elapsed time= 108.54 s.
-----------------------------------------------------------------------------------------
candidate= 117-237 : +
-----------------------------------------------------------------------------------------
it= 3   ncol= 1405  ncstr= 664  mt= 0.4   spt= 0.0   lpval= 94013.3   ub= 94044.0  
-----------------------------------------------------------------------------------------
elapsed time= 108.92 s.
-----------------------------------------------------------------------------------------
brc= 115-117
t= 0.183999 c= 10.2989 n= 3 if_b4= 0
t= 0.510063 c= 16.9646 n= 3 if_b4= 0
#########################################################################################
tree size= 4 lb= 94008.5 ub= 94044
#########################################################################################
idx= 6 value= 94008.5 enu= 1
brc= 50-103 : -
brc= 76-103 : -
brc= 49-105 : +
brc= 164-295 : +
brc= 221-228 : +
brc= 0-57 : -
brc= 211-295 : -
brc= 126-152 : +
brc= 270-279 : +
brc= 33-56 : +
brc= 56-141 : -
brc= 74-312 : -
brc= 6-19 : -
brc= 147-174 : +
brc= 3-269 : -
brc= 0-270 : -
it= 4   ncol= 1456  ncstr= 600  mt= 0.1   spt= 0.0   lpval= 94017.9   ub= 94044.0  
-----------------------------------------------------------------------------------------
elapsed time= 110.42 s.
-----------------------------------------------------------------------------------------
delete columns= 71429 remain= 26372
 ****** Separate RCCs ****** 
 ****** Separate Rank1Cuts ****** 
it= 5   ncol= 1400  ncstr= 617  mt= 0.0   spt= 0.0   lpval= 94020.8   ub= 94044.0  
-----------------------------------------------------------------------------------------
elapsed time= 111.05 s.
-----------------------------------------------------------------------------------------
delete columns= 10225 remain= 16147
mip: row= 529 col= 17520 density= 4.0737%
mip time= 12.85 s.
mip status= 6
update f from 0 to 23.156
#########################################################################################
tree size= 3 lb= 94009.9 ub= 94044
#########################################################################################
idx= 7 value= 94009.9 enu= 1
brc= 50-103 : -
brc= 76-103 : -
brc= 49-105 : +
brc= 164-295 : +
brc= 221-228 : +
brc= 0-57 : -
brc= 211-295 : -
brc= 126-152 : +
brc= 270-279 : +
brc= 33-56 : +
brc= 56-141 : -
brc= 74-312 : -
brc= 6-19 : -
brc= 147-174 : +
brc= 3-269 : -
brc= 0-270 : +
brc= 115-117 : +
it= 5   ncol= 1442  ncstr= 663  mt= 0.4   spt= 0.0   lpval= 94017.6   ub= 94044.0  
-----------------------------------------------------------------------------------------
elapsed time= 124.72 s.
-----------------------------------------------------------------------------------------
delete columns= 48715 remain= 28704
 ****** Separate RCCs ****** 
 ****** Separate Rank1Cuts ****** 
it= 3   ncol= 1364  ncstr= 571  mt= 0.0   spt= 0.0   lpval= 94019.1   ub= 94044.0  
-----------------------------------------------------------------------------------------
elapsed time= 125.37 s.
-----------------------------------------------------------------------------------------
columns pending deletion= 7781 remain= 28704 col ratio= 0.728923 row ratio= 0.873905
 ****** Separate RCCs ****** 
 ****** Separate Rank1Cuts ****** 
it= 3   ncol= 1362  ncstr= 634  mt= 0.0   spt= 0.0   lpval= 94019.8   ub= 94044.0  
-----------------------------------------------------------------------------------------
elapsed time= 125.88 s.
-----------------------------------------------------------------------------------------
delete columns= 10696 remain= 18008
[1;36m[REMIND] 2: gap improved= 0.692444 ratio= 0.028607 threshold= 0.040000 in function increaseCondition2 at /blue/yu.yang1/you.z/route_opt/packages/application/X-n313-k71/src/main/src/call_cutting.cpp:74[0m
mip: row= 522 col= 19354 density= 4.76357%
mip time= 52.31 s.
mip status= 6
update f from 23.156 to 24.2052
#########################################################################################
tree size= 2 lb= 94009.9 ub= 94044
#########################################################################################
idx= 8 value= 94009.9 enu= 1
brc= 50-103 : -
brc= 76-103 : -
brc= 49-105 : +
brc= 164-295 : +
brc= 221-228 : +
brc= 0-57 : -
brc= 211-295 : -
brc= 126-152 : +
brc= 270-279 : +
brc= 33-56 : +
brc= 56-141 : -
brc= 74-312 : -
brc= 6-19 : -
brc= 147-174 : +
brc= 3-269 : -
brc= 0-270 : +
brc= 115-117 : -
it= 3   ncol= 1401  ncstr= 663  mt= 0.0   spt= 0.0   lpval= 94013.3   ub= 94044.0  
-----------------------------------------------------------------------------------------
elapsed time= 178.37 s.
-----------------------------------------------------------------------------------------
delete columns= 26158 remain= 51403
 ****** Separate RCCs ****** 
 ****** Separate Rank1Cuts ****** 
it= 2   ncol= 1396  ncstr= 581  mt= 0.0   spt= 0.0   lpval= 94014.0   ub= 94044.0  
-----------------------------------------------------------------------------------------
elapsed time= 178.88 s.
-----------------------------------------------------------------------------------------
columns pending deletion= 5408 remain= 51403 col ratio= 0.894792 row ratio= 0.939759
[1;36m[REMIND] 2: gap improved= 0.699127 ratio= 0.023304 threshold= 0.040000 in function increaseCondition2 at /blue/yu.yang1/you.z/route_opt/packages/application/X-n313-k71/src/main/src/call_cutting.cpp:74[0m
 ****** Separate RCCs ****** 
 ****** Separate Rank1Cuts ****** 
it= 2   ncol= 1396  ncstr= 644  mt= 0.0   spt= 0.0   lpval= 94014.6   ub= 94044.0  
-----------------------------------------------------------------------------------------
elapsed time= 179.40 s.
-----------------------------------------------------------------------------------------
columns pending deletion= 9745 remain= 51403 col ratio= 0.81042 row ratio= 0.852484
[1;36m[REMIND] 2: gap improved= 0.579465 ratio= 0.019695 threshold= 0.040000 in function increaseCondition2 at /blue/yu.yang1/you.z/route_opt/packages/application/X-n313-k71/src/main/src/call_cutting.cpp:74[0m
 ****** Separate RCCs ****** 
 ****** Separate Rank1Cuts ****** 
it= 2   ncol= 1397  ncstr= 686  mt= 0.0   spt= 0.0   lpval= 94014.7   ub= 94044.0  
-----------------------------------------------------------------------------------------
elapsed time= 179.81 s.
-----------------------------------------------------------------------------------------
columns pending deletion= 10878 remain= 51403 col ratio= 0.788378 row ratio= 0.823615
[1;36m[REMIND] 2: gap improved= 0.123411 ratio= 0.004212 threshold= 0.040000 in function increaseCondition2 at /blue/yu.yang1/you.z/route_opt/packages/application/X-n313-k71/src/main/src/call_cutting.cpp:74[0m
[1;36m[REMIND] tail off counter= 3 threshold= 3 in function setIfTailOff at /blue/yu.yang1/you.z/route_opt/packages/application/X-n313-k71/src/main/src/call_cutting.cpp:150[0m
current_r_best= 5.02658
alpha= 0.37 beta= 1.01315 omega= 55.973 k1= 3
lb_k= 1 ub_k= 37
revise: lb_k= 3 ub_k= 4
opt_k= 4
alpha= 0.75 beta= 1.01315 omega= 33.2598 k1= 3
lb_k= 1 ub_k= 3
revise: lb_k= 2 ub_k= 3
opt_k= 3
pseudo= 50 frac= 50
#candidates in phase1= 4
testing lp time= 1.81 s.
-----------------------------------------------------------------------------------------
  3-128 ,  48.41| 112-145 ,  19.42|  43-141 ,   8.68|   6-9   ,   1.07| 
-----------------------------------------------------------------------------------------
edge= 43 141 lp= 29.4834 pre= 1 lp2= 0.294569 pre2= 0 score= 8.68491
-----------------------------------------------------------------------------------------
edge= 112 145 lp= 0.658634 pre= 1 lp2= 29.4834 pre2= 2 score= 19.4187
-----------------------------------------------------------------------------------------
edge= 3 128 lp= 3.60914 pre= 0 lp2= 13.4124 pre2= 1 score= 48.4072
-----------------------------------------------------------------------------------------
brc= 3-128
t= 0.19248 c= 8.54805 n= 4 if_b4= 0
t= 0.510063 c= 14.0617 n= 4 if_b4= 0
#########################################################################################
tree size= 3 lb= 94014.7 ub= 94044
#########################################################################################
idx= 9 value= 94014.7 enu= 1
brc= 50-103 : -
brc= 76-103 : -
brc= 49-105 : +
brc= 164-295 : +
brc= 221-228 : +
brc= 0-57 : -
brc= 211-295 : -
brc= 126-152 : +
brc= 270-279 : +
brc= 33-56 : +
brc= 56-141 : -
brc= 74-312 : -
brc= 6-19 : -
brc= 147-174 : +
brc= 3-269 : -
brc= 0-270 : +
brc= 115-117 : -
brc= 3-128 : +
it= 4   ncol= 1394  ncstr= 686  mt= 0.4   spt= 0.0   lpval= 94026.1   ub= 94044.0  
-----------------------------------------------------------------------------------------
elapsed time= 183.28 s.
-----------------------------------------------------------------------------------------
delete columns= 31952 remain= 8218
 ****** Separate RCCs ****** 
 ****** Separate Rank1Cuts ****** 
it= 2   ncol= 1273  ncstr= 548  mt= 0.0   spt= 0.0   lpval= 94026.5   ub= 94044.0  
-----------------------------------------------------------------------------------------
elapsed time= 183.95 s.
-----------------------------------------------------------------------------------------
columns pending deletion= 1178 remain= 8218 col ratio= 0.856656 row ratio= 0.930657
[1;36m[REMIND] 2: gap improved= 0.480889 ratio= 0.027545 threshold= 0.040000 in function increaseCondition2 at /blue/yu.yang1/you.z/route_opt/packages/application/X-n313-k71/src/main/src/call_cutting.cpp:74[0m
mip: row= 510 col= 8231 density= 4.22006%
mip time= 14.89 s.
mip status= 6
#########################################################################################
tree size= 2 lb= 94014.7 ub= 94044
#########################################################################################
idx= 10 value= 94014.7 enu= 1
brc= 50-103 : -
brc= 76-103 : -
brc= 49-105 : +
brc= 164-295 : +
brc= 221-228 : +
brc= 0-57 : -
brc= 211-295 : -
brc= 126-152 : +
brc= 270-279 : +
brc= 33-56 : +
brc= 56-141 : -
brc= 74-312 : -
brc= 6-19 : -
brc= 147-174 : +
brc= 3-269 : -
brc= 0-270 : +
brc= 115-117 : -
brc= 3-128 : -
it= 3   ncol= 1402  ncstr= 686  mt= 0.0   spt= 0.0   lpval= 94018.3   ub= 94044.0  
-----------------------------------------------------------------------------------------
elapsed time= 199.22 s.
-----------------------------------------------------------------------------------------
delete columns= 13928 remain= 26577
 ****** Separate RCCs ****** 
 ****** Separate Rank1Cuts ****** 
it= 2   ncol= 1365  ncstr= 574  mt= 0.0   spt= 0.0   lpval= 94019.7   ub= 94044.0  
-----------------------------------------------------------------------------------------
elapsed time= 200.01 s.
-----------------------------------------------------------------------------------------
columns pending deletion= 5930 remain= 26577 col ratio= 0.776875 row ratio= 0.923345
 ****** Separate RCCs ****** 
 ****** Separate Rank1Cuts ****** 
it= 3   ncol= 1361  ncstr= 620  mt= 0.0   spt= 0.0   lpval= 94020.5   ub= 94044.0  
-----------------------------------------------------------------------------------------
elapsed time= 200.57 s.
-----------------------------------------------------------------------------------------
columns pending deletion= 8274 remain= 26577 col ratio= 0.688678 row ratio= 0.890323
[1;36m[REMIND] 2: gap improved= 0.816427 ratio= 0.034693 threshold= 0.040000 in function increaseCondition2 at /blue/yu.yang1/you.z/route_opt/packages/application/X-n313-k71/src/main/src/call_cutting.cpp:74[0m
mip: row= 552 col= 19656 density= 4.74972%
mip time= 64.28 s.
mip status= 6
#########################################################################################
tree size= 1 lb= 94019.2 ub= 94044
#########################################################################################
idx= 3 value= 94019.2 enu= 1
brc= 50-103 : -
brc= 76-103 : -
brc= 49-105 : +
brc= 164-295 : +
brc= 221-228 : +
brc= 0-57 : -
brc= 211-295 : -
brc= 126-152 : +
brc= 270-279 : +
brc= 33-56 : +
brc= 56-141 : -
brc= 74-312 : -
brc= 6-19 : -
brc= 147-174 : +
brc= 3-269 : +
brc= 117-237 : +
it= 4   ncol= 1329  ncstr= 544  mt= 0.3   spt= 0.0   lpval= 94022.5   ub= 94044.0  
-----------------------------------------------------------------------------------------
elapsed time= 265.63 s.
-----------------------------------------------------------------------------------------
columns pending deletion= 7239 remain= 20731 col ratio= 0.650813 row ratio= 0.948529
 ****** Separate RCCs ****** 
 ****** Separate Rank1Cuts ****** 
it= 3   ncol= 1327  ncstr= 589  mt= 0.1   spt= 0.0   lpval= 94025.7   ub= 94044.0  
-----------------------------------------------------------------------------------------
elapsed time= 266.21 s.
-----------------------------------------------------------------------------------------
delete columns= 12372 remain= 8359
mip: row= 523 col= 9631 density= 4.52236%
mip time= 11.83 s.
mip status= 6
#########################################################################################
tree size= 0 lb= 94019.2 ub= 94044
#########################################################################################
idx= 4 value= 94019.2 enu= 1
brc= 50-103 : -
brc= 76-103 : -
brc= 49-105 : +
brc= 164-295 : +
brc= 221-228 : +
brc= 0-57 : -
brc= 211-295 : -
brc= 126-152 : +
brc= 270-279 : +
brc= 33-56 : +
brc= 56-141 : -
brc= 74-312 : -
brc= 6-19 : -
brc= 147-174 : +
brc= 3-269 : +
brc= 117-237 : -
it= 3   ncol= 1340  ncstr= 544  mt= 0.0   spt= 0.0   lpval= 94039.0   ub= 94044.0  
-----------------------------------------------------------------------------------------
elapsed time= 278.47 s.
-----------------------------------------------------------------------------------------
delete columns= 19871 remain= 877
 ****** Separate RCCs ****** 
 ****** Separate Rank1Cuts ****** 
it= 3   ncol= 911   ncstr= 567  mt= 0.0   spt= 0.0   lpval= 94050.9   ub= 94044.0  
-----------------------------------------------------------------------------------------
elapsed time= 279.05 s.
-----------------------------------------------------------------------------------------
#########################################################################################
[32m<Instance: X-n313-k71>
<Solution>
<UB= 94044>
<LB= 94044>
<Elapsed Time= 279>
<Nodes Explored= 11>
<Global Gap= 0%>[0m
#########################################################################################
File nodes/X-n313-k71_2_0_0_2_0_0_3_G32.node deleted successfully.
