application type: CVRP
X-n313-k71_2_2_2_1_3_9_G32.node
Set parameter ServerTimeout to value 600
Set parameter TokenServer to value "grb-ts.ufhpc"
Set parameter Threads to value 1
instance name= X-n313-k71
#########################################################################################
tree size= 0 lb= 0 ub= 94044
#########################################################################################
idx= 19 value= 94003.4 enu= 0
brc= 50-103 : -
brc= 76-103 : -
brc= 49-105 : +
brc= 164-295 : -
brc= 62-296 : -
brc= 126-152 : +
brc= 7-127 : -
brc= 250-278 : -
brc= 19-115 : +
brc= 136-143 : -
brc= 33-281 : +
brc= 132-230 : -
brc= 22-239 : -
brc= 95-279 : -
brc= 7-33 : +
brc= 95-175 : -
brc= 131-270 : -
brc= 56-228 : -
brc= 95-228 : -
brc= 74-217 : -
brc= 217-252 : -
brc= 24-95 : -
brc= 4-64 : -
brc= 117-174 : -
brc= 139-269 : +
-----------------------------------------------------------------------------------------
 ****** Pricing Level: LIGHT HEUR ****** 
it= 8   ncol= 1166  ncstr= 644  mt= 0.1   spt= 0.2   lpval= 94005.0   ub= 94044.0  
 ****** Pricing Level: HEAVY HEUR ****** 
it= 5   ncol= 1260  ncstr= 644  mt= 0.2   spt= 0.3   lpval= 94004.8   ub= 94044.0  
 ****** Pricing Level: EXACT ****** 
it= 5   ncol= 1369  ncstr= 644  mt= 0.1   spt= 7.5   lpval= 94004.6   ub= 94044.0  
-----------------------------------------------------------------------------------------
elapsed time= 12.36 s.
-----------------------------------------------------------------------------------------
-----------------------------------------------------------------------------------------
 ****** Run Arc Elimination ****** 
arc elimination time= 7.08 s.
previous= 90.0339% maximum= 2.25025%
eliminate bucket arcs time= 0.57 s.
obtain jump arcs time= 0.01 s.
-----------------------------------------------------------------------------------------
-----------------------------------------------------------------------------------------
elapsed time= 20.36 s.
-----------------------------------------------------------------------------------------
-----------------------------------------------------------------------------------------
 ****** Try Enumeration ****** 
#labels= 208707 #routes= 13
labeling 1 time= 4.64 s.
concatenate time= 9.13 s.
#routes= 280520
average gap of successful enumeration= 0.000407974
next try value > 93997.9
-----------------------------------------------------------------------------------------
elapsed time= 34.25 s.
-----------------------------------------------------------------------------------------
 ****** Process Enumeration Matrix ****** 
delete non-ele routes lp val= 94004.7
recover rank1c lp val= 94004.7
recover rcc lp val= 94005.3
obtain rcc coefficient time= 0.08 s.
obtain r1c coefficient time= 0.60 s.
obtain matrix from triplets time= 0.88 s.
delete columns by branch time= 0.00 s.
columns pending deletion= 74 remain= 280520 col ratio= 0.999736 row ratio= 1
regenerate enumeration matrix time= 0.00 s.
-----------------------------------------------------------------------------------------
elapsed time= 37.60 s.
-----------------------------------------------------------------------------------------
it= 5   ncol= 1258  ncstr= 597  mt= 0.1   spt= 0.1   lpval= 94005.2   ub= 94044.0  
-----------------------------------------------------------------------------------------
elapsed time= 37.81 s.
-----------------------------------------------------------------------------------------
columns pending deletion= 57132 remain= 280520 col ratio= 0.796335 row ratio= 0.929648
 ****** Separate RCCs ****** 
 ****** Separate Rank1Cuts ****** 
it= 2   ncol= 1201  ncstr= 631  mt= 0.0   spt= 0.0   lpval= 94005.6   ub= 94044.0  
-----------------------------------------------------------------------------------------
elapsed time= 38.33 s.
-----------------------------------------------------------------------------------------
columns pending deletion= 72129 remain= 280520 col ratio= 0.742874 row ratio= 0.900158
[1;36m[REMIND] 2: gap improved= 0.408176 ratio= 0.010618 threshold= 0.040000 in function increaseCondition2 at /blue/yu.yang1/you.z/route_opt/packages/application/X-n313-k71/src/main/src/call_cutting.cpp:74[0m
 ****** Separate RCCs ****** 
 ****** Separate Rank1Cuts ****** 
it= 1   ncol= 1201  ncstr= 659  mt= 0.0   spt= 0.0   lpval= 94005.7   ub= 94044.0  
-----------------------------------------------------------------------------------------
elapsed time= 38.87 s.
-----------------------------------------------------------------------------------------
columns pending deletion= 79774 remain= 280520 col ratio= 0.715621 row ratio= 0.877086
[1;36m[REMIND] 2: gap improved= 0.141698 ratio= 0.003700 threshold= 0.040000 in function increaseCondition2 at /blue/yu.yang1/you.z/route_opt/packages/application/X-n313-k71/src/main/src/call_cutting.cpp:74[0m
 ****** Separate RCCs ****** 
 ****** Separate Rank1Cuts ****** 
it= 3   ncol= 1205  ncstr= 672  mt= 0.0   spt= 0.1   lpval= 94005.9   ub= 94044.0  
-----------------------------------------------------------------------------------------
elapsed time= 39.38 s.
-----------------------------------------------------------------------------------------
delete columns= 88621 remain= 191899
[1;36m[REMIND] 2: gap improved= 0.168637 ratio= 0.004423 threshold= 0.040000 in function increaseCondition2 at /blue/yu.yang1/you.z/route_opt/packages/application/X-n313-k71/src/main/src/call_cutting.cpp:74[0m
[1;36m[REMIND] tail off counter= 3 threshold= 3 in function setIfTailOff at /blue/yu.yang1/you.z/route_opt/packages/application/X-n313-k71/src/main/src/call_cutting.cpp:150[0m
[1;36m[REMIND] opt_k not found for node 19, use m directly in function getOptK at /blue/yu.yang1/you.z/route_opt/packages/branching/bkf/include/bkf_controller.hpp:239[0m
current_r_best= 1.77495
we directly test 100
we directly test 4
pseudo= 50 frac= 50
#candidates in phase1= 100
testing lp time= 32.70 s.
-----------------------------------------------------------------------------------------
 29-30  ,  25.18| 189-278 ,  24.00| 224-278 ,  24.00|  18-224 ,  24.00|  30-276 ,  23.42| 
  0-125 ,  23.05| 243-287 ,  23.05|   0-176 ,  22.41| 107-267 ,  18.30| 132-276 ,  17.70| 
  6-137 ,  15.30|  19-60  ,  15.30| 264-290 ,  15.18| 164-285 ,  13.10| 175-252 ,  13.10| 
  0-301 ,  13.05|  74-95  ,  12.52|   0-9   ,  12.26|  53-54  ,  11.54| 132-155 ,  11.54| 
164-175 ,  10.82|  43-239 ,  10.34| 118-296 ,   9.91| 106-202 ,   9.80| 116-145 ,   9.70| 
  0-145 ,   9.68|   0-115 ,   9.22|   0-143 ,   8.95| 164-260 ,   8.67|  74-312 ,   8.67| 
211-239 ,   8.64|  43-211 ,   8.44| 250-257 ,   8.01| 171-214 ,   8.01|  54-161 ,   7.79| 
 22-54  ,   7.79|   0-287 ,   7.58|   6-60  ,   7.19|  18-301 ,   7.10|   0-214 ,   6.80| 
189-214 ,   6.80|   9-128 ,   6.11|  61-108 ,   6.06|  70-133 ,   6.06| 143-296 ,   5.58| 
149-163 ,   5.24|   0-136 ,   5.23| 239-290 ,   4.99|  28-32  ,   4.76|  57-130 ,   4.62| 
 56-141 ,   4.37|  56-164 ,   4.37| 111-273 ,   4.33|   0-130 ,   4.31|   0-57  ,   4.07| 
 89-106 ,   4.06|  19-150 ,   4.06| 106-115 ,   4.06|  84-130 ,   3.96| 218-302 ,   3.95| 
211-290 ,   3.77|  57-64  ,   3.30|  38-231 ,   1.69|   0-114 ,   1.62| 245-272 ,   1.62| 
 10-161 ,   1.61| 161-258 ,   1.61|  75-248 ,   1.61| 114-161 ,   1.61| 166-271 ,   1.51| 
163-180 ,   1.50|   0-74  ,   1.33| 205-259 ,   1.28| 236-266 ,   1.28| 303-311 ,   1.28| 
208-257 ,   1.28|   0-95  ,   1.26|  43-53  ,   1.26| 166-185 ,   1.18| 179-293 ,   1.04| 
  0-284 ,   1.03| 206-219 ,   0.95|   5-264 ,   0.93|   0-222 ,   0.88|   3-269 ,   0.78| 
193-273 ,   0.65| 229-293 ,   0.65|   9-82  ,   0.59|  54-211 ,   0.58| 222-282 ,   0.57| 
140-231 ,   0.53|   6-28  ,   0.53|   0-231 ,   0.42| 208-224 ,   0.37|   0-10  ,   0.29| 
163-222 ,   0.24| 171-189 ,   0.22| 162-250 ,   0.22| 256-297 ,   0.21|  26-52  ,   0.16| 
-----------------------------------------------------------------------------------------
edge= 18 224 lp= 0.343195 pre= 2 lp2= 69.9257 pre2= 2 score= 23.9982
-----------------------------------------------------------------------------------------
edge= 224 278 lp= 0.343195 pre= 2 lp2= 69.9257 pre2= 2 score= 23.9982
-----------------------------------------------------------------------------------------
edge= 189 278 lp= 0.343195 pre= 2 lp2= 69.9257 pre2= 2 score= 23.9982
-----------------------------------------------------------------------------------------
edge= 29 30 lp= 0.482622 pre= 2 lp2= 52.1768 pre2= 2 score= 25.1817
-----------------------------------------------------------------------------------------
candidate= 29-30 : -
-----------------------------------------------------------------------------------------
it= 3   ncol= 1244  ncstr= 583  mt= 0.3   spt= 0.0   lpval= 94006.3   ub= 94044.0  
-----------------------------------------------------------------------------------------
elapsed time= 73.61 s.
-----------------------------------------------------------------------------------------
candidate= 18-224 : -
-----------------------------------------------------------------------------------------
it= 3   ncol= 1214  ncstr= 583  mt= 0.3   spt= 0.0   lpval= 94006.2   ub= 94044.0  
-----------------------------------------------------------------------------------------
elapsed time= 73.96 s.
-----------------------------------------------------------------------------------------
candidate= 224-278 : -
-----------------------------------------------------------------------------------------
it= 3   ncol= 1214  ncstr= 583  mt= 0.3   spt= 0.0   lpval= 94006.2   ub= 94044.0  
-----------------------------------------------------------------------------------------
elapsed time= 74.31 s.
-----------------------------------------------------------------------------------------
candidate= 189-278 : -
-----------------------------------------------------------------------------------------
it= 3   ncol= 1214  ncstr= 583  mt= 0.3   spt= 0.0   lpval= 94006.2   ub= 94044.0  
-----------------------------------------------------------------------------------------
elapsed time= 74.65 s.
-----------------------------------------------------------------------------------------
candidate= 18-224 : +
-----------------------------------------------------------------------------------------
it= 7   ncol= 1351  ncstr= 583  mt= 0.4   spt= 0.1   lpval= 94034.6   ub= 94044.0  
-----------------------------------------------------------------------------------------
elapsed time= 75.17 s.
-----------------------------------------------------------------------------------------
candidate= 224-278 : +
-----------------------------------------------------------------------------------------
it= 5   ncol= 1327  ncstr= 583  mt= 0.4   spt= 0.1   lpval= 94021.5   ub= 94044.0  
-----------------------------------------------------------------------------------------
elapsed time= 75.64 s.
-----------------------------------------------------------------------------------------
candidate= 189-278 : +
-----------------------------------------------------------------------------------------
it= 5   ncol= 1346  ncstr= 583  mt= 0.4   spt= 0.1   lpval= 94024.9   ub= 94044.0  
-----------------------------------------------------------------------------------------
elapsed time= 76.15 s.
-----------------------------------------------------------------------------------------
candidate= 29-30 : +
-----------------------------------------------------------------------------------------
it= 6   ncol= 1336  ncstr= 583  mt= 0.4   spt= 0.1   lpval= 94045.3   ub= 94044.0  
-----------------------------------------------------------------------------------------
elapsed time= 76.71 s.
-----------------------------------------------------------------------------------------
brc= 29-30
t= 0.163523 c= 39.4608 n= 0 if_b4= 0
t= 0.437138 c= 54.0646 n= 0 if_b4= 0
#########################################################################################
tree size= 1 lb= 94005.9 ub= 94044
#########################################################################################
idx= 1 value= 94005.9 enu= 1
brc= 50-103 : -
brc= 76-103 : -
brc= 49-105 : +
brc= 164-295 : -
brc= 62-296 : -
brc= 126-152 : +
brc= 7-127 : -
brc= 250-278 : -
brc= 19-115 : +
brc= 136-143 : -
brc= 33-281 : +
brc= 132-230 : -
brc= 22-239 : -
brc= 95-279 : -
brc= 7-33 : +
brc= 95-175 : -
brc= 131-270 : -
brc= 56-228 : -
brc= 95-228 : -
brc= 74-217 : -
brc= 217-252 : -
brc= 24-95 : -
brc= 4-64 : -
brc= 117-174 : -
brc= 139-269 : +
brc= 29-30 : +
it= 5   ncol= 1291  ncstr= 582  mt= 0.4   spt= 0.1   lpval= 94045.3   ub= 94044.0  
-----------------------------------------------------------------------------------------
elapsed time= 79.35 s.
-----------------------------------------------------------------------------------------
#########################################################################################
tree size= 0 lb= 94005.9 ub= 94044
#########################################################################################
idx= 2 value= 94005.9 enu= 1
brc= 50-103 : -
brc= 76-103 : -
brc= 49-105 : +
brc= 164-295 : -
brc= 62-296 : -
brc= 126-152 : +
brc= 7-127 : -
brc= 250-278 : -
brc= 19-115 : +
brc= 136-143 : -
brc= 33-281 : +
brc= 132-230 : -
brc= 22-239 : -
brc= 95-279 : -
brc= 7-33 : +
brc= 95-175 : -
brc= 131-270 : -
brc= 56-228 : -
brc= 95-228 : -
brc= 74-217 : -
brc= 217-252 : -
brc= 24-95 : -
brc= 4-64 : -
brc= 117-174 : -
brc= 139-269 : +
brc= 29-30 : -
it= 3   ncol= 1240  ncstr= 582  mt= 0.0   spt= 0.0   lpval= 94006.3   ub= 94044.0  
-----------------------------------------------------------------------------------------
elapsed time= 79.47 s.
-----------------------------------------------------------------------------------------
columns pending deletion= 10476 remain= 191897 col ratio= 0.945408 row ratio= 0.958763
 ****** Separate RCCs ****** 
 ****** Separate Rank1Cuts ****** 
it= 3   ncol= 1234  ncstr= 608  mt= 0.0   spt= 0.0   lpval= 94006.5   ub= 94044.0  
-----------------------------------------------------------------------------------------
elapsed time= 79.99 s.
-----------------------------------------------------------------------------------------
columns pending deletion= 18033 remain= 191897 col ratio= 0.906028 row ratio= 0.929276
[1;36m[REMIND] 2: gap improved= 0.209034 ratio= 0.005575 threshold= 0.040000 in function increaseCondition2 at /blue/yu.yang1/you.z/route_opt/packages/application/X-n313-k71/src/main/src/call_cutting.cpp:74[0m
 ****** Separate Rank1Cuts ****** 
it= 2   ncol= 1233  ncstr= 620  mt= 0.0   spt= 0.0   lpval= 94006.6   ub= 94044.0  
-----------------------------------------------------------------------------------------
elapsed time= 80.34 s.
-----------------------------------------------------------------------------------------
columns pending deletion= 21561 remain= 191897 col ratio= 0.887643 row ratio= 0.916129
[1;36m[REMIND] 2: gap improved= 0.140252 ratio= 0.003754 threshold= 0.040000 in function increaseCondition2 at /blue/yu.yang1/you.z/route_opt/packages/application/X-n313-k71/src/main/src/call_cutting.cpp:74[0m
 ****** Separate RCCs ****** 
 ****** Separate Rank1Cuts ****** 
it= 2   ncol= 1235  ncstr= 656  mt= 0.0   spt= 0.0   lpval= 94006.8   ub= 94044.0  
-----------------------------------------------------------------------------------------
elapsed time= 80.77 s.
-----------------------------------------------------------------------------------------
columns pending deletion= 25433 remain= 191897 col ratio= 0.867465 row ratio= 0.884146
[1;36m[REMIND] 2: gap improved= 0.111524 ratio= 0.002994 threshold= 0.040000 in function increaseCondition2 at /blue/yu.yang1/you.z/route_opt/packages/application/X-n313-k71/src/main/src/call_cutting.cpp:74[0m
[1;36m[REMIND] tail off counter= 3 threshold= 3 in function setIfTailOff at /blue/yu.yang1/you.z/route_opt/packages/application/X-n313-k71/src/main/src/call_cutting.cpp:150[0m
current_r_best= 0.640324
pseudo= 50 frac= 50
#candidates in phase1= 37
testing lp time= 15.16 s.
-----------------------------------------------------------------------------------------
 30-276 ,  39.44|   0-176 ,  33.82|   3-128 ,  17.11|  19-60  ,  15.03|   6-137 ,  15.02| 
132-155 ,  14.04| 164-285 ,  13.54| 175-252 ,  13.54| 118-296 ,  12.45|  43-239 ,  12.17| 
 18-301 ,  11.61| 164-260 ,  10.31| 189-214 ,   7.92|  54-161 ,   7.36|   9-64  ,   6.97| 
  0-218 ,   6.72|  32-102 ,   6.61|   9-36  ,   6.61|  36-142 ,   6.61| 102-142 ,   6.60| 
239-290 ,   6.07| 189-226 ,   5.29|   3-269 ,   4.55| 164-279 ,   4.39| 165-279 ,   4.39| 
145-204 ,   4.05| 132-257 ,   3.59| 159-278 ,   3.01|  52-148 ,   2.73|  24-162 ,   2.19| 
102-152 ,   2.17|   2-130 ,   2.14| 155-230 ,   1.90|  48-102 ,   1.72|   0-204 ,   1.51| 
162-208 ,   1.42|   5-21  ,   0.50| 
-----------------------------------------------------------------------------------------
edge= 3 128 lp= 0.796314 pre= 2 lp2= 21.4905 pre2= 2 score= 17.1132
-----------------------------------------------------------------------------------------
edge= 0 176 lp= 0.414388 pre= 2 lp2= 81.6035 pre2= 2 score= 33.8155
-----------------------------------------------------------------------------------------
edge= 30 276 lp= 4.89573 pre= 2 lp2= 8.05544 pre2= 2 score= 39.4373
-----------------------------------------------------------------------------------------
candidate= 30-276 : -
-----------------------------------------------------------------------------------------
it= 3   ncol= 1276  ncstr= 657  mt= 0.3   spt= 0.1   lpval= 94011.6   ub= 94044.0  
-----------------------------------------------------------------------------------------
elapsed time= 96.35 s.
-----------------------------------------------------------------------------------------
candidate= 30-276 : +
-----------------------------------------------------------------------------------------
it= 6   ncol= 1365  ncstr= 657  mt= 0.4   spt= 0.1   lpval= 94011.4   ub= 94044.0  
-----------------------------------------------------------------------------------------
elapsed time= 96.91 s.
-----------------------------------------------------------------------------------------
candidate= 0-176 : -
-----------------------------------------------------------------------------------------
it= 3   ncol= 1285  ncstr= 657  mt= 0.4   spt= 0.1   lpval= 94007.1   ub= 94044.0  
-----------------------------------------------------------------------------------------
elapsed time= 97.34 s.
-----------------------------------------------------------------------------------------
candidate= 0-176 : +
-----------------------------------------------------------------------------------------
it= 7   ncol= 1409  ncstr= 657  mt= 0.6   spt= 0.1   lpval= 94037.0   ub= 94044.0  
-----------------------------------------------------------------------------------------
elapsed time= 98.10 s.
-----------------------------------------------------------------------------------------
brc= 30-276
t= 0.184193 c= 20.9791 n= 1 if_b4= 0
t= 0.489509 c= 31.5291 n= 1 if_b4= 0
#########################################################################################
tree size= 1 lb= 94006.8 ub= 94044
#########################################################################################
idx= 3 value= 94006.8 enu= 1
brc= 50-103 : -
brc= 76-103 : -
brc= 49-105 : +
brc= 164-295 : -
brc= 62-296 : -
brc= 126-152 : +
brc= 7-127 : -
brc= 250-278 : -
brc= 19-115 : +
brc= 136-143 : -
brc= 33-281 : +
brc= 132-230 : -
brc= 22-239 : -
brc= 95-279 : -
brc= 7-33 : +
brc= 95-175 : -
brc= 131-270 : -
brc= 56-228 : -
brc= 95-228 : -
brc= 74-217 : -
brc= 217-252 : -
brc= 24-95 : -
brc= 4-64 : -
brc= 117-174 : -
brc= 139-269 : +
brc= 29-30 : -
brc= 30-276 : +
it= 6   ncol= 1362  ncstr= 656  mt= 0.4   spt= 0.1   lpval= 94011.4   ub= 94044.0  
-----------------------------------------------------------------------------------------
elapsed time= 100.63 s.
-----------------------------------------------------------------------------------------
delete columns= 86389 remain= 79752
 ****** Separate RCCs ****** 
 ****** Separate Rank1Cuts ****** 
it= 2   ncol= 1324  ncstr= 584  mt= 0.0   spt= 0.0   lpval= 94012.0   ub= 94044.0  
-----------------------------------------------------------------------------------------
elapsed time= 101.32 s.
-----------------------------------------------------------------------------------------
columns pending deletion= 7857 remain= 79752 col ratio= 0.901482 row ratio= 0.912671
[1;36m[REMIND] 2: gap improved= 0.558343 ratio= 0.017434 threshold= 0.040000 in function increaseCondition2 at /blue/yu.yang1/you.z/route_opt/packages/application/X-n313-k71/src/main/src/call_cutting.cpp:74[0m
 ****** Separate RCCs ****** 
 ****** Separate Rank1Cuts ****** 
it= 3   ncol= 1339  ncstr= 628  mt= 0.0   spt= 0.0   lpval= 94012.4   ub= 94044.0  
-----------------------------------------------------------------------------------------
elapsed time= 101.77 s.
-----------------------------------------------------------------------------------------
columns pending deletion= 14490 remain= 79752 col ratio= 0.818312 row ratio= 0.86465
[1;36m[REMIND] 2: gap improved= 0.446662 ratio= 0.014144 threshold= 0.040000 in function increaseCondition2 at /blue/yu.yang1/you.z/route_opt/packages/application/X-n313-k71/src/main/src/call_cutting.cpp:74[0m
 ****** Separate RCCs ****** 
 ****** Separate Rank1Cuts ****** 
it= 3   ncol= 1371  ncstr= 665  mt= 0.1   spt= 0.0   lpval= 94013.0   ub= 94044.0  
-----------------------------------------------------------------------------------------
elapsed time= 102.30 s.
-----------------------------------------------------------------------------------------
columns pending deletion= 17719 remain= 79752 col ratio= 0.777824 row ratio= 0.840602
[1;36m[REMIND] 2: gap improved= 0.598907 ratio= 0.019331 threshold= 0.040000 in function increaseCondition2 at /blue/yu.yang1/you.z/route_opt/packages/application/X-n313-k71/src/main/src/call_cutting.cpp:74[0m
[1;36m[REMIND] tail off counter= 3 threshold= 3 in function setIfTailOff at /blue/yu.yang1/you.z/route_opt/packages/application/X-n313-k71/src/main/src/call_cutting.cpp:150[0m
current_r_best= 4.55399
alpha= 0.37 beta= 6.80306 omega= 113.898 k1= 14
lb_k= 1 ub_k= 37
revise: lb_k= 11 ub_k= 19
opt_k= 16
alpha= 0.75 beta= 6.80306 omega= 64.4096 k1= 3
lb_k= 1 ub_k= 3
revise: lb_k= 1 ub_k= 3
opt_k= 3
pseudo= 50 frac= 50
#candidates in phase1= 16
testing lp time= 6.71 s.
-----------------------------------------------------------------------------------------
 61-218 , 150.31| 204-208 ,  48.77| 118-296 ,  45.01| 164-285 ,  41.18| 162-201 ,  27.49| 
155-204 ,  18.31|   2-230 ,   6.79|  67-158 ,   5.82|  26-160 ,   2.62|   0-280 ,   2.37| 
123-235 ,   1.98|  26-123 ,   1.71|  95-112 ,   1.17| 112-165 ,   1.17| 219-264 ,   0.78| 
190-280 ,   0.00| 
-----------------------------------------------------------------------------------------
edge= 118 296 lp= 5.04496 pre= 2 lp2= 8.92246 pre2= 2 score= 45.0134
-----------------------------------------------------------------------------------------
edge= 204 208 lp= 9.01684 pre= 2 lp2= 5.4089 pre2= 2 score= 48.7712
-----------------------------------------------------------------------------------------
edge= 61 218 lp= 4.78702 pre= 2 lp2= 31.3992 pre2= 2 score= 150.309
-----------------------------------------------------------------------------------------
candidate= 61-218 : -
-----------------------------------------------------------------------------------------
it= 4   ncol= 1424  ncstr= 666  mt= 0.4   spt= 0.0   lpval= 94016.2   ub= 94044.0  
-----------------------------------------------------------------------------------------
elapsed time= 109.46 s.
-----------------------------------------------------------------------------------------
candidate= 61-218 : +
-----------------------------------------------------------------------------------------
it= 6   ncol= 1479  ncstr= 666  mt= 0.5   spt= 0.0   lpval= 94032.5   ub= 94044.0  
-----------------------------------------------------------------------------------------
elapsed time= 109.98 s.
-----------------------------------------------------------------------------------------
brc= 61-218
t= 0.192688 c= 14.8825 n= 2 if_b4= 0
t= 0.486044 c= 22.8743 n= 2 if_b4= 0
#########################################################################################
tree size= 2 lb= 94006.8 ub= 94044
#########################################################################################
idx= 4 value= 94006.8 enu= 1
brc= 50-103 : -
brc= 76-103 : -
brc= 49-105 : +
brc= 164-295 : -
brc= 62-296 : -
brc= 126-152 : +
brc= 7-127 : -
brc= 250-278 : -
brc= 19-115 : +
brc= 136-143 : -
brc= 33-281 : +
brc= 132-230 : -
brc= 22-239 : -
brc= 95-279 : -
brc= 7-33 : +
brc= 95-175 : -
brc= 131-270 : -
brc= 56-228 : -
brc= 95-228 : -
brc= 74-217 : -
brc= 217-252 : -
brc= 24-95 : -
brc= 4-64 : -
brc= 117-174 : -
brc= 139-269 : +
brc= 29-30 : -
brc= 30-276 : -
it= 3   ncol= 1288  ncstr= 656  mt= 0.0   spt= 0.0   lpval= 94011.6   ub= 94044.0  
-----------------------------------------------------------------------------------------
elapsed time= 111.20 s.
-----------------------------------------------------------------------------------------
delete columns= 74559 remain= 91903
 ****** Separate Rank1Cuts ****** 
it= 3   ncol= 1288  ncstr= 586  mt= 0.1   spt= 0.0   lpval= 94012.3   ub= 94044.0  
-----------------------------------------------------------------------------------------
elapsed time= 112.41 s.
-----------------------------------------------------------------------------------------
columns pending deletion= 8808 remain= 91903 col ratio= 0.90416 row ratio= 0.947099
[1;36m[REMIND] 2: gap improved= 0.643052 ratio= 0.020268 threshold= 0.040000 in function increaseCondition2 at /blue/yu.yang1/you.z/route_opt/packages/application/X-n313-k71/src/main/src/call_cutting.cpp:74[0m
 ****** Separate RCCs ****** 
 ****** Separate Rank1Cuts ****** 
it= 3   ncol= 1286  ncstr= 615  mt= 0.0   spt= 0.0   lpval= 94013.3   ub= 94044.0  
-----------------------------------------------------------------------------------------
elapsed time= 113.06 s.
-----------------------------------------------------------------------------------------
columns pending deletion= 20184 remain= 91903 col ratio= 0.780377 row ratio= 0.933333
[1;36m[REMIND] 2: gap improved= 1.049133 ratio= 0.034197 threshold= 0.040000 in function increaseCondition2 at /blue/yu.yang1/you.z/route_opt/packages/application/X-n313-k71/src/main/src/call_cutting.cpp:74[0m
 ****** Separate RCCs ****** 
 ****** Separate Rank1Cuts ****** 
it= 3   ncol= 1298  ncstr= 662  mt= 0.0   spt= 0.0   lpval= 94013.8   ub= 94044.0  
-----------------------------------------------------------------------------------------
elapsed time= 113.77 s.
-----------------------------------------------------------------------------------------
columns pending deletion= 27789 remain= 91903 col ratio= 0.697627 row ratio= 0.880665
[1;36m[REMIND] 2: gap improved= 0.439551 ratio= 0.014536 threshold= 0.040000 in function increaseCondition2 at /blue/yu.yang1/you.z/route_opt/packages/application/X-n313-k71/src/main/src/call_cutting.cpp:74[0m
[1;36m[REMIND] tail off counter= 3 threshold= 3 in function setIfTailOff at /blue/yu.yang1/you.z/route_opt/packages/application/X-n313-k71/src/main/src/call_cutting.cpp:150[0m
current_r_best= 4.81614
alpha= 0.37 beta= 6.27871 omega= 77.236 k1= 11
lb_k= 1 ub_k= 37
revise: lb_k= 8 ub_k= 15
opt_k= 12
alpha= 0.75 beta= 6.27871 omega= 47.0623 k1= 3
lb_k= 1 ub_k= 3
revise: lb_k= 1 ub_k= 3
opt_k= 3
pseudo= 50 frac= 50
#candidates in phase1= 12
testing lp time= 5.03 s.
-----------------------------------------------------------------------------------------
  6-137 ,  19.18|  19-60  ,  19.16|  79-276 ,  18.94|   3-269 ,  15.52|  79-202 ,  13.36| 
 18-301 ,  12.58|  18-224 ,  10.22|  82-128 ,   9.81|  30-106 ,   3.52| 138-187 ,   0.67| 
138-283 ,   0.67| 213-306 ,   0.54| 
-----------------------------------------------------------------------------------------
edge= 79 276 lp= 1.85655 pre= 2 lp2= 10.2005 pre2= 2 score= 18.9377
-----------------------------------------------------------------------------------------
edge= 19 60 lp= 9.39986 pre= 2 lp2= 2.03788 pre2= 2 score= 19.1558
-----------------------------------------------------------------------------------------
edge= 6 137 lp= 9.397 pre= 2 lp2= 2.04141 pre2= 2 score= 19.1831
-----------------------------------------------------------------------------------------
candidate= 6-137 : -
-----------------------------------------------------------------------------------------
it= 3   ncol= 1320  ncstr= 663  mt= 0.4   spt= 0.0   lpval= 94022.1   ub= 94044.0  
-----------------------------------------------------------------------------------------
elapsed time= 119.27 s.
-----------------------------------------------------------------------------------------
candidate= 19-60 : -
-----------------------------------------------------------------------------------------
it= 3   ncol= 1322  ncstr= 663  mt= 0.4   spt= 0.0   lpval= 94022.1   ub= 94044.0  
-----------------------------------------------------------------------------------------
elapsed time= 119.72 s.
-----------------------------------------------------------------------------------------
candidate= 79-276 : -
-----------------------------------------------------------------------------------------
it= 3   ncol= 1315  ncstr= 663  mt= 0.4   spt= 0.0   lpval= 94014.9   ub= 94044.0  
-----------------------------------------------------------------------------------------
elapsed time= 120.13 s.
-----------------------------------------------------------------------------------------
candidate= 6-137 : +
-----------------------------------------------------------------------------------------
it= 3   ncol= 1325  ncstr= 663  mt= 0.4   spt= 0.0   lpval= 94015.3   ub= 94044.0  
-----------------------------------------------------------------------------------------
elapsed time= 120.59 s.
-----------------------------------------------------------------------------------------
candidate= 19-60 : +
-----------------------------------------------------------------------------------------
it= 3   ncol= 1327  ncstr= 663  mt= 0.5   spt= 0.0   lpval= 94015.3   ub= 94044.0  
-----------------------------------------------------------------------------------------
elapsed time= 121.10 s.
-----------------------------------------------------------------------------------------
brc= 6-137
t= 0.196905 c= 12.1228 n= 3 if_b4= 0
t= 0.478687 c= 18.4599 n= 3 if_b4= 0
#########################################################################################
tree size= 3 lb= 94013 ub= 94044
#########################################################################################
idx= 5 value= 94013 enu= 1
brc= 50-103 : -
brc= 76-103 : -
brc= 49-105 : +
brc= 164-295 : -
brc= 62-296 : -
brc= 126-152 : +
brc= 7-127 : -
brc= 250-278 : -
brc= 19-115 : +
brc= 136-143 : -
brc= 33-281 : +
brc= 132-230 : -
brc= 22-239 : -
brc= 95-279 : -
brc= 7-33 : +
brc= 95-175 : -
brc= 131-270 : -
brc= 56-228 : -
brc= 95-228 : -
brc= 74-217 : -
brc= 217-252 : -
brc= 24-95 : -
brc= 4-64 : -
brc= 117-174 : -
brc= 139-269 : +
brc= 29-30 : -
brc= 30-276 : +
brc= 61-218 : +
it= 5   ncol= 1439  ncstr= 665  mt= 0.4   spt= 0.0   lpval= 94032.5   ub= 94044.0  
-----------------------------------------------------------------------------------------
elapsed time= 122.79 s.
-----------------------------------------------------------------------------------------
delete columns= 58924 remain= 2934
 ****** Separate RCCs ****** 
 ****** Separate Rank1Cuts ****** 
it= 4   ncol= 1186  ncstr= 564  mt= 0.0   spt= 0.0   lpval= 94034.1   ub= 94044.0  
-----------------------------------------------------------------------------------------
elapsed time= 123.47 s.
-----------------------------------------------------------------------------------------
columns pending deletion= 906 remain= 2934 col ratio= 0.691207 row ratio= 0.934397
mip: row= 527 col= 3102 density= 3.53393%
mip time= 0.74 s.
mip status= 6
update f from 0 to 9.9383
#########################################################################################
tree size= 2 lb= 94013 ub= 94044
#########################################################################################
idx= 6 value= 94013 enu= 1
brc= 50-103 : -
brc= 76-103 : -
brc= 49-105 : +
brc= 164-295 : -
brc= 62-296 : -
brc= 126-152 : +
brc= 7-127 : -
brc= 250-278 : -
brc= 19-115 : +
brc= 136-143 : -
brc= 33-281 : +
brc= 132-230 : -
brc= 22-239 : -
brc= 95-279 : -
brc= 7-33 : +
brc= 95-175 : -
brc= 131-270 : -
brc= 56-228 : -
brc= 95-228 : -
brc= 74-217 : -
brc= 217-252 : -
brc= 24-95 : -
brc= 4-64 : -
brc= 117-174 : -
brc= 139-269 : +
brc= 29-30 : -
brc= 30-276 : +
brc= 61-218 : -
it= 3   ncol= 1405  ncstr= 665  mt= 0.1   spt= 0.0   lpval= 94016.2   ub= 94044.0  
-----------------------------------------------------------------------------------------
elapsed time= 124.64 s.
-----------------------------------------------------------------------------------------
delete columns= 17144 remain= 44846
 ****** Separate Rank1Cuts ****** 
it= 2   ncol= 1395  ncstr= 562  mt= 0.0   spt= 0.0   lpval= 94017.2   ub= 94044.0  
-----------------------------------------------------------------------------------------
elapsed time= 125.35 s.
-----------------------------------------------------------------------------------------
columns pending deletion= 11043 remain= 44846 col ratio= 0.753757 row ratio= 0.94484
[1;36m[REMIND] 2: gap improved= 1.060204 ratio= 0.039612 threshold= 0.040000 in function increaseCondition2 at /blue/yu.yang1/you.z/route_opt/packages/application/X-n313-k71/src/main/src/call_cutting.cpp:74[0m
 ****** Separate RCCs ****** 
 ****** Separate Rank1Cuts ****** 
it= 2   ncol= 1372  ncstr= 606  mt= 0.0   spt= 0.0   lpval= 94017.6   ub= 94044.0  
-----------------------------------------------------------------------------------------
elapsed time= 125.84 s.
-----------------------------------------------------------------------------------------
columns pending deletion= 14356 remain= 44846 col ratio= 0.679882 row ratio= 0.892739
[1;36m[REMIND] 2: gap improved= 0.412750 ratio= 0.015663 threshold= 0.040000 in function increaseCondition2 at /blue/yu.yang1/you.z/route_opt/packages/application/X-n313-k71/src/main/src/call_cutting.cpp:74[0m
 ****** Separate Rank1Cuts ****** 
it= 3   ncol= 1371  ncstr= 645  mt= 0.0   spt= 0.0   lpval= 94017.8   ub= 94044.0  
-----------------------------------------------------------------------------------------
elapsed time= 126.43 s.
-----------------------------------------------------------------------------------------
delete columns= 16120 remain= 28726
[1;36m[REMIND] 2: gap improved= 0.135031 ratio= 0.005151 threshold= 0.040000 in function increaseCondition2 at /blue/yu.yang1/you.z/route_opt/packages/application/X-n313-k71/src/main/src/call_cutting.cpp:74[0m
[1;36m[REMIND] tail off counter= 3 threshold= 3 in function setIfTailOff at /blue/yu.yang1/you.z/route_opt/packages/application/X-n313-k71/src/main/src/call_cutting.cpp:150[0m
current_r_best= 4.81614
alpha= 0.37 beta= 3.37997 omega= 61.5667 k1= 7
lb_k= 1 ub_k= 37
revise: lb_k= 5 ub_k= 10
opt_k= 8
alpha= 0.75 beta= 3.37997 omega= 38.5637 k1= 3
lb_k= 1 ub_k= 3
revise: lb_k= 2 ub_k= 3
opt_k= 3
pseudo= 50 frac= 50
#candidates in phase1= 8
testing lp time= 2.32 s.
-----------------------------------------------------------------------------------------
 56-93  , 112.59|  95-145 ,  77.35|  69-277 ,  50.56| 204-208 ,  24.75| 108-218 ,  19.44| 
164-285 ,  19.10|   9-106 ,   0.45|  61-243 ,   0.00| 
-----------------------------------------------------------------------------------------
edge= 69 277 lp= 1.03488 pre= 0 lp2= 48.8567 pre2= 1 score= 50.5606
-----------------------------------------------------------------------------------------
edge= 95 145 lp= 0.745001 pre= 0 lp2= 103.825 pre2= 2 score= 77.3499
-----------------------------------------------------------------------------------------
edge= 56 93 lp= 1.08446 pre= 0 lp2= 103.825 pre2= 2 score= 112.594
-----------------------------------------------------------------------------------------
candidate= 56-93 : +
-----------------------------------------------------------------------------------------
it= 6   ncol= 1479  ncstr= 553  mt= 0.4   spt= 0.0   lpval= 94048.1   ub= 94044.0  
-----------------------------------------------------------------------------------------
elapsed time= 129.53 s.
-----------------------------------------------------------------------------------------
candidate= 95-145 : +
-----------------------------------------------------------------------------------------
it= 6   ncol= 1508  ncstr= 553  mt= 0.3   spt= 0.0   lpval= 94068.2   ub= 94044.0  
-----------------------------------------------------------------------------------------
elapsed time= 129.84 s.
-----------------------------------------------------------------------------------------
candidate= 69-277 : +
-----------------------------------------------------------------------------------------
it= 4   ncol= 1448  ncstr= 553  mt= 0.3   spt= 0.0   lpval= 94046.6   ub= 94044.0  
-----------------------------------------------------------------------------------------
elapsed time= 130.14 s.
-----------------------------------------------------------------------------------------
brc= 95-145
t= 0.186473 c= 10.2674 n= 4 if_b4= 0
t= 0.449936 c= 15.4683 n= 4 if_b4= 0
#########################################################################################
tree size= 3 lb= 94013.8 ub= 94044
#########################################################################################
idx= 7 value= 94013.8 enu= 1
brc= 50-103 : -
brc= 76-103 : -
brc= 49-105 : +
brc= 164-295 : -
brc= 62-296 : -
brc= 126-152 : +
brc= 7-127 : -
brc= 250-278 : -
brc= 19-115 : +
brc= 136-143 : -
brc= 33-281 : +
brc= 132-230 : -
brc= 22-239 : -
brc= 95-279 : -
brc= 7-33 : +
brc= 95-175 : -
brc= 131-270 : -
brc= 56-228 : -
brc= 95-228 : -
brc= 74-217 : -
brc= 217-252 : -
brc= 24-95 : -
brc= 4-64 : -
brc= 117-174 : -
brc= 139-269 : +
brc= 29-30 : -
brc= 30-276 : -
brc= 6-137 : +
it= 3   ncol= 1288  ncstr= 662  mt= 0.5   spt= 0.0   lpval= 94015.3   ub= 94044.0  
-----------------------------------------------------------------------------------------
elapsed time= 131.46 s.
-----------------------------------------------------------------------------------------
columns pending deletion= 9358 remain= 63988 col ratio= 0.853754 row ratio= 0.862538
 ****** Separate RCCs ****** 
 ****** Separate Rank1Cuts ****** 
it= 3   ncol= 1283  ncstr= 678  mt= 0.0   spt= 0.0   lpval= 94015.7   ub= 94044.0  
-----------------------------------------------------------------------------------------
elapsed time= 132.01 s.
-----------------------------------------------------------------------------------------
columns pending deletion= 12362 remain= 63988 col ratio= 0.806808 row ratio= 0.859882
[1;36m[REMIND] 2: gap improved= 0.348341 ratio= 0.012300 threshold= 0.040000 in function increaseCondition2 at /blue/yu.yang1/you.z/route_opt/packages/application/X-n313-k71/src/main/src/call_cutting.cpp:74[0m
 ****** Separate RCCs ****** 
 ****** Separate Rank1Cuts ****** 
it= 2   ncol= 1285  ncstr= 695  mt= 0.0   spt= 0.0   lpval= 94016.0   ub= 94044.0  
-----------------------------------------------------------------------------------------
elapsed time= 132.48 s.
-----------------------------------------------------------------------------------------
columns pending deletion= 15626 remain= 63988 col ratio= 0.755798 row ratio= 0.851799
[1;36m[REMIND] 2: gap improved= 0.364951 ratio= 0.013054 threshold= 0.040000 in function increaseCondition2 at /blue/yu.yang1/you.z/route_opt/packages/application/X-n313-k71/src/main/src/call_cutting.cpp:74[0m
 ****** Separate RCCs ****** 
 ****** Separate Rank1Cuts ****** 
it= 1   ncol= 1285  ncstr= 710  mt= 0.0   spt= 0.0   lpval= 94016.1   ub= 94044.0  
-----------------------------------------------------------------------------------------
elapsed time= 132.94 s.
-----------------------------------------------------------------------------------------
columns pending deletion= 16699 remain= 63988 col ratio= 0.739029 row ratio= 0.84507
current_r_best= 2.47935
alpha= 0.37 beta= 7.23389 omega= 55.0612 k1= 10
lb_k= 1 ub_k= 37
revise: lb_k= 8 ub_k= 15
opt_k= 12
alpha= 0.75 beta= 7.23389 omega= 34.3788 k1= 3
lb_k= 1 ub_k= 3
revise: lb_k= 1 ub_k= 3
opt_k= 3
pseudo= 50 frac= 50
#candidates in phase1= 12
testing lp time= 5.75 s.
-----------------------------------------------------------------------------------------
 69-277 ,  74.08|   6-237 ,  63.96|  79-276 ,  50.48|  61-218 ,  40.54| 131-228 ,  34.44| 
 82-128 ,  28.90|   3-269 ,  24.79|   6-89  ,  21.64| 164-228 ,  20.50|  18-301 ,  16.10| 
  6-64  ,   3.80|  29-218 ,   0.82| 
-----------------------------------------------------------------------------------------
edge= 79 276 lp= 4.69987 pre= 2 lp2= 10.74 pre2= 2 score= 50.4767
-----------------------------------------------------------------------------------------
edge= 6 237 lp= 0.758873 pre= 2 lp2= 84.2814 pre2= 2 score= 63.9589
-----------------------------------------------------------------------------------------
edge= 69 277 lp= 0.879015 pre= 2 lp2= 84.2814 pre2= 2 score= 74.0847
-----------------------------------------------------------------------------------------
candidate= 69-277 : -
-----------------------------------------------------------------------------------------
it= 3   ncol= 1303  ncstr= 711  mt= 0.4   spt= 0.0   lpval= 94016.8   ub= 94044.0  
-----------------------------------------------------------------------------------------
elapsed time= 139.15 s.
-----------------------------------------------------------------------------------------
candidate= 6-237 : -
-----------------------------------------------------------------------------------------
it= 3   ncol= 1313  ncstr= 711  mt= 0.4   spt= 0.0   lpval= 94016.7   ub= 94044.0  
-----------------------------------------------------------------------------------------
elapsed time= 139.58 s.
-----------------------------------------------------------------------------------------
candidate= 69-277 : +
-----------------------------------------------------------------------------------------
it= 6   ncol= 1426  ncstr= 711  mt= 0.6   spt= 0.0   lpval= 94037.7   ub= 94044.0  
-----------------------------------------------------------------------------------------
elapsed time= 140.20 s.
-----------------------------------------------------------------------------------------
candidate= 79-276 : -
-----------------------------------------------------------------------------------------
it= 4   ncol= 1319  ncstr= 711  mt= 0.5   spt= 0.0   lpval= 94018.3   ub= 94044.0  
-----------------------------------------------------------------------------------------
elapsed time= 140.71 s.
-----------------------------------------------------------------------------------------
candidate= 6-237 : +
-----------------------------------------------------------------------------------------
it= 5   ncol= 1413  ncstr= 711  mt= 0.5   spt= 0.0   lpval= 94083.6   ub= 94044.0  
-----------------------------------------------------------------------------------------
elapsed time= 141.24 s.
-----------------------------------------------------------------------------------------
brc= 6-237
t= 0.195297 c= 9.10535 n= 5 if_b4= 0
t= 0.459956 c= 13.7057 n= 5 if_b4= 0
#########################################################################################
tree size= 4 lb= 94013.8 ub= 94044
#########################################################################################
idx= 8 value= 94013.8 enu= 1
brc= 50-103 : -
brc= 76-103 : -
brc= 49-105 : +
brc= 164-295 : -
brc= 62-296 : -
brc= 126-152 : +
brc= 7-127 : -
brc= 250-278 : -
brc= 19-115 : +
brc= 136-143 : -
brc= 33-281 : +
brc= 132-230 : -
brc= 22-239 : -
brc= 95-279 : -
brc= 7-33 : +
brc= 95-175 : -
brc= 131-270 : -
brc= 56-228 : -
brc= 95-228 : -
brc= 74-217 : -
brc= 217-252 : -
brc= 24-95 : -
brc= 4-64 : -
brc= 117-174 : -
brc= 139-269 : +
brc= 29-30 : -
brc= 30-276 : -
brc= 6-137 : -
it= 3   ncol= 1328  ncstr= 662  mt= 0.1   spt= 0.0   lpval= 94022.1   ub= 94044.0  
-----------------------------------------------------------------------------------------
elapsed time= 142.59 s.
-----------------------------------------------------------------------------------------
delete columns= 44393 remain= 19679
 ****** Separate RCCs ****** 
 ****** Separate Rank1Cuts ****** 
it= 4   ncol= 1304  ncstr= 586  mt= 0.1   spt= 0.0   lpval= 94026.5   ub= 94044.0  
-----------------------------------------------------------------------------------------
elapsed time= 143.50 s.
-----------------------------------------------------------------------------------------
delete columns= 10722 remain= 8957
mip: row= 522 col= 10174 density= 4.94635%
mip time= 12.16 s.
mip status= 6
update f from 9.9383 to 17.5165
#########################################################################################
tree size= 3 lb= 94016.1 ub= 94044
#########################################################################################
idx= 11 value= 94016.1 enu= 1
brc= 50-103 : -
brc= 76-103 : -
brc= 49-105 : +
brc= 164-295 : -
brc= 62-296 : -
brc= 126-152 : +
brc= 7-127 : -
brc= 250-278 : -
brc= 19-115 : +
brc= 136-143 : -
brc= 33-281 : +
brc= 132-230 : -
brc= 22-239 : -
brc= 95-279 : -
brc= 7-33 : +
brc= 95-175 : -
brc= 131-270 : -
brc= 56-228 : -
brc= 95-228 : -
brc= 74-217 : -
brc= 217-252 : -
brc= 24-95 : -
brc= 4-64 : -
brc= 117-174 : -
brc= 139-269 : +
brc= 29-30 : -
brc= 30-276 : -
brc= 6-137 : +
brc= 6-237 : +
it= 5   ncol= 1371  ncstr= 710  mt= 0.5   spt= 0.0   lpval= 94083.6   ub= 94044.0  
-----------------------------------------------------------------------------------------
elapsed time= 156.59 s.
-----------------------------------------------------------------------------------------
#########################################################################################
tree size= 2 lb= 94016.1 ub= 94044
#########################################################################################
idx= 12 value= 94016.1 enu= 1
brc= 50-103 : -
brc= 76-103 : -
brc= 49-105 : +
brc= 164-295 : -
brc= 62-296 : -
brc= 126-152 : +
brc= 7-127 : -
brc= 250-278 : -
brc= 19-115 : +
brc= 136-143 : -
brc= 33-281 : +
brc= 132-230 : -
brc= 22-239 : -
brc= 95-279 : -
brc= 7-33 : +
brc= 95-175 : -
brc= 131-270 : -
brc= 56-228 : -
brc= 95-228 : -
brc= 74-217 : -
brc= 217-252 : -
brc= 24-95 : -
brc= 4-64 : -
brc= 117-174 : -
brc= 139-269 : +
brc= 29-30 : -
brc= 30-276 : -
brc= 6-137 : +
brc= 6-237 : -
it= 3   ncol= 1305  ncstr= 710  mt= 0.1   spt= 0.0   lpval= 94016.7   ub= 94044.0  
-----------------------------------------------------------------------------------------
elapsed time= 156.69 s.
-----------------------------------------------------------------------------------------
columns pending deletion= 4634 remain= 47289 col ratio= 0.902007 row ratio= 0.809859
 ****** Separate RCCs ****** 
 ****** Separate Rank1Cuts ****** 
it= 3   ncol= 1308  ncstr= 723  mt= 0.1   spt= 0.0   lpval= 94017.3   ub= 94044.0  
-----------------------------------------------------------------------------------------
elapsed time= 157.17 s.
-----------------------------------------------------------------------------------------
columns pending deletion= 10036 remain= 47289 col ratio= 0.787773 row ratio= 0.784232
[1;36m[REMIND] 2: gap improved= 0.561878 ratio= 0.021022 threshold= 0.040000 in function increaseCondition2 at /blue/yu.yang1/you.z/route_opt/packages/application/X-n313-k71/src/main/src/call_cutting.cpp:74[0m
 ****** Separate RCCs ****** 
 ****** Separate Rank1Cuts ****** 
it= 2   ncol= 1307  ncstr= 744  mt= 0.0   spt= 0.0   lpval= 94017.4   ub= 94044.0  
-----------------------------------------------------------------------------------------
elapsed time= 157.52 s.
-----------------------------------------------------------------------------------------
delete columns= 11724 remain= 35565
[1;36m[REMIND] 2: gap improved= 0.104030 ratio= 0.003907 threshold= 0.040000 in function increaseCondition2 at /blue/yu.yang1/you.z/route_opt/packages/application/X-n313-k71/src/main/src/call_cutting.cpp:74[0m
 ****** Separate RCCs ****** 
 ****** Separate Rank1Cuts ****** 
it= 2   ncol= 1309  ncstr= 602  mt= 0.0   spt= 0.0   lpval= 94017.4   ub= 94044.0  
-----------------------------------------------------------------------------------------
elapsed time= 158.36 s.
-----------------------------------------------------------------------------------------
columns pending deletion= 1049 remain= 35565 col ratio= 0.970505 row ratio= 0.938538
current_r_best= 2.47935
alpha= 0.37 beta= 3.66097 omega= 46.623 k1= 6
lb_k= 1 ub_k= 37
revise: lb_k= 5 ub_k= 9
opt_k= 7
alpha= 0.75 beta= 3.66097 omega= 29.7979 k1= 3
lb_k= 1 ub_k= 3
revise: lb_k= 2 ub_k= 3
opt_k= 3
pseudo= 50 frac= 50
#candidates in phase1= 7
testing lp time= 2.32 s.
-----------------------------------------------------------------------------------------
 61-218 ,  43.20|  18-301 ,  14.41|  79-276 ,   8.60| 117-221 ,   3.22| 128-202 ,   3.22| 
 57-237 ,   3.22|  89-137 ,   0.49| 
-----------------------------------------------------------------------------------------
edge= 79 276 lp= 1.0046 pre= 1 lp2= 8.56536 pre2= 2 score= 8.60475
-----------------------------------------------------------------------------------------
edge= 18 301 lp= 17.3086 pre= 2 lp2= 0.832257 pre2= 0 score= 14.4052
-----------------------------------------------------------------------------------------
edge= 61 218 lp= 1.74632 pre= 0 lp2= 24.7386 pre2= 2 score= 43.2016
-----------------------------------------------------------------------------------------
candidate= 61-218 : +
-----------------------------------------------------------------------------------------
it= 4   ncol= 1378  ncstr= 603  mt= 0.4   spt= 0.0   lpval= 94035.3   ub= 94044.0  
-----------------------------------------------------------------------------------------
elapsed time= 161.10 s.
-----------------------------------------------------------------------------------------
brc= 61-218
t= 0.191025 c= 8.08812 n= 6 if_b4= 0
t= 0.454637 c= 12.1665 n= 6 if_b4= 0
#########################################################################################
tree size= 3 lb= 94017.4 ub= 94044
#########################################################################################
idx= 13 value= 94017.4 enu= 1
brc= 50-103 : -
brc= 76-103 : -
brc= 49-105 : +
brc= 164-295 : -
brc= 62-296 : -
brc= 126-152 : +
brc= 7-127 : -
brc= 250-278 : -
brc= 19-115 : +
brc= 136-143 : -
brc= 33-281 : +
brc= 132-230 : -
brc= 22-239 : -
brc= 95-279 : -
brc= 7-33 : +
brc= 95-175 : -
brc= 131-270 : -
brc= 56-228 : -
brc= 95-228 : -
brc= 74-217 : -
brc= 217-252 : -
brc= 24-95 : -
brc= 4-64 : -
brc= 117-174 : -
brc= 139-269 : +
brc= 29-30 : -
brc= 30-276 : -
brc= 6-137 : +
brc= 6-237 : -
brc= 61-218 : +
it= 4   ncol= 1350  ncstr= 602  mt= 0.4   spt= 0.0   lpval= 94035.3   ub= 94044.0  
-----------------------------------------------------------------------------------------
elapsed time= 162.47 s.
-----------------------------------------------------------------------------------------
delete columns= 32629 remain= 1801
 ****** Separate RCCs ****** 
 ****** Separate Rank1Cuts ****** 
it= 4   ncol= 1135  ncstr= 576  mt= 0.0   spt= 0.0   lpval= 94038.0   ub= 94044.0  
-----------------------------------------------------------------------------------------
elapsed time= 163.01 s.
-----------------------------------------------------------------------------------------
delete columns= 701 remain= 1100
mip: row= 520 col= 2087 density= 3.73143%
mip time= 0.39 s.
mip status= 6
#########################################################################################
tree size= 2 lb= 94017.4 ub= 94044
#########################################################################################
idx= 14 value= 94017.4 enu= 1
brc= 50-103 : -
brc= 76-103 : -
brc= 49-105 : +
brc= 164-295 : -
brc= 62-296 : -
brc= 126-152 : +
brc= 7-127 : -
brc= 250-278 : -
brc= 19-115 : +
brc= 136-143 : -
brc= 33-281 : +
brc= 132-230 : -
brc= 22-239 : -
brc= 95-279 : -
brc= 7-33 : +
brc= 95-175 : -
brc= 131-270 : -
brc= 56-228 : -
brc= 95-228 : -
brc= 74-217 : -
brc= 217-252 : -
brc= 24-95 : -
brc= 4-64 : -
brc= 117-174 : -
brc= 139-269 : +
brc= 29-30 : -
brc= 30-276 : -
brc= 6-137 : +
brc= 6-237 : -
brc= 61-218 : -
it= 3   ncol= 1311  ncstr= 602  mt= 0.0   spt= 0.0   lpval= 94019.0   ub= 94044.0  
-----------------------------------------------------------------------------------------
elapsed time= 163.73 s.
-----------------------------------------------------------------------------------------
columns pending deletion= 5789 remain= 34483 col ratio= 0.83212 row ratio= 0.903654
 ****** Separate RCCs ****** 
 ****** Separate Rank1Cuts ****** 
it= 3   ncol= 1339  ncstr= 637  mt= 0.1   spt= 0.0   lpval= 94019.5   ub= 94044.0  
-----------------------------------------------------------------------------------------
elapsed time= 164.25 s.
-----------------------------------------------------------------------------------------
columns pending deletion= 9943 remain= 34483 col ratio= 0.711655 row ratio= 0.854003
[1;36m[REMIND] 2: gap improved= 0.514428 ratio= 0.021004 threshold= 0.040000 in function increaseCondition2 at /blue/yu.yang1/you.z/route_opt/packages/application/X-n313-k71/src/main/src/call_cutting.cpp:74[0m
 ****** Separate RCCs ****** 
 ****** Separate Rank1Cuts ****** 
it= 2   ncol= 1341  ncstr= 671  mt= 0.0   spt= 0.0   lpval= 94019.8   ub= 94044.0  
-----------------------------------------------------------------------------------------
elapsed time= 164.72 s.
-----------------------------------------------------------------------------------------
delete columns= 11699 remain= 22784
[1;36m[REMIND] 2: gap improved= 0.331025 ratio= 0.013701 threshold= 0.040000 in function increaseCondition2 at /blue/yu.yang1/you.z/route_opt/packages/application/X-n313-k71/src/main/src/call_cutting.cpp:74[0m
 ****** Separate Rank1Cuts ****** 
it= 3   ncol= 1354  ncstr= 589  mt= 0.0   spt= 0.0   lpval= 94019.9   ub= 94044.0  
-----------------------------------------------------------------------------------------
elapsed time= 165.53 s.
-----------------------------------------------------------------------------------------
columns pending deletion= 1278 remain= 22784 col ratio= 0.943908 row ratio= 0.95416
current_r_best= 2.47935
alpha= 0.37 beta= 2.64465 omega= 42.3406 k1= 5
lb_k= 1 ub_k= 37
revise: lb_k= 4 ub_k= 7
opt_k= 6
alpha= 0.75 beta= 2.64465 omega= 26.7609 k1= 3
lb_k= 1 ub_k= 3
revise: lb_k= 2 ub_k= 3
opt_k= 3
pseudo= 50 frac= 50
#candidates in phase1= 6
testing lp time= 2.03 s.
-----------------------------------------------------------------------------------------
 18-301 ,  31.90| 108-301 ,  10.35|  79-276 ,   9.76| 143-243 ,   9.59|  18-107 ,   8.40| 
  6-89  ,   7.13| 
-----------------------------------------------------------------------------------------
edge= 79 276 lp= 0.762953 pre= 0 lp2= 12.7875 pre2= 2 score= 9.75623
-----------------------------------------------------------------------------------------
edge= 108 301 lp= 0.393037 pre= 0 lp2= 26.3276 pre2= 2 score= 10.3477
-----------------------------------------------------------------------------------------
edge= 18 301 lp= 17.3331 pre= 1 lp2= 1.84051 pre2= 0 score= 31.9017
-----------------------------------------------------------------------------------------
brc= 18-301
t= 0.188246 c= 7.31238 n= 7 if_b4= 0
t= 0.454637 c= 11.0076 n= 7 if_b4= 0
#########################################################################################
tree size= 3 lb= 94017.8 ub= 94044
#########################################################################################
idx= 9 value= 94017.8 enu= 1
brc= 50-103 : -
brc= 76-103 : -
brc= 49-105 : +
brc= 164-295 : -
brc= 62-296 : -
brc= 126-152 : +
brc= 7-127 : -
brc= 250-278 : -
brc= 19-115 : +
brc= 136-143 : -
brc= 33-281 : +
brc= 132-230 : -
brc= 22-239 : -
brc= 95-279 : -
brc= 7-33 : +
brc= 95-175 : -
brc= 131-270 : -
brc= 56-228 : -
brc= 95-228 : -
brc= 74-217 : -
brc= 217-252 : -
brc= 24-95 : -
brc= 4-64 : -
brc= 117-174 : -
brc= 139-269 : +
brc= 29-30 : -
brc= 30-276 : +
brc= 61-218 : -
brc= 95-145 : +
it= 7   ncol= 1467  ncstr= 552  mt= 0.3   spt= 0.0   lpval= 94068.2   ub= 94044.0  
-----------------------------------------------------------------------------------------
elapsed time= 168.85 s.
-----------------------------------------------------------------------------------------
#########################################################################################
tree size= 2 lb= 94017.8 ub= 94044
#########################################################################################
idx= 10 value= 94017.8 enu= 1
brc= 50-103 : -
brc= 76-103 : -
brc= 49-105 : +
brc= 164-295 : -
brc= 62-296 : -
brc= 126-152 : +
brc= 7-127 : -
brc= 250-278 : -
brc= 19-115 : +
brc= 136-143 : -
brc= 33-281 : +
brc= 132-230 : -
brc= 22-239 : -
brc= 95-279 : -
brc= 7-33 : +
brc= 95-175 : -
brc= 131-270 : -
brc= 56-228 : -
brc= 95-228 : -
brc= 74-217 : -
brc= 217-252 : -
brc= 24-95 : -
brc= 4-64 : -
brc= 117-174 : -
brc= 139-269 : +
brc= 29-30 : -
brc= 30-276 : +
brc= 61-218 : -
brc= 95-145 : -
it= 4   ncol= 1384  ncstr= 552  mt= 0.0   spt= 0.0   lpval= 94018.1   ub= 94044.0  
-----------------------------------------------------------------------------------------
elapsed time= 168.94 s.
-----------------------------------------------------------------------------------------
columns pending deletion= 1459 remain= 28725 col ratio= 0.949208 row ratio= 0.963768
 ****** Separate Rank1Cuts ****** 
it= 3   ncol= 1346  ncstr= 594  mt= 0.0   spt= 0.0   lpval= 94018.6   ub= 94044.0  
-----------------------------------------------------------------------------------------
elapsed time= 169.49 s.
-----------------------------------------------------------------------------------------
columns pending deletion= 3021 remain= 28725 col ratio= 0.89483 row ratio= 0.915825
[1;36m[REMIND] 2: gap improved= 0.477328 ratio= 0.018768 threshold= 0.040000 in function increaseCondition2 at /blue/yu.yang1/you.z/route_opt/packages/application/X-n313-k71/src/main/src/call_cutting.cpp:74[0m
 ****** Separate Rank1Cuts ****** 
it= 3   ncol= 1349  ncstr= 626  mt= 0.0   spt= 0.0   lpval= 94018.7   ub= 94044.0  
-----------------------------------------------------------------------------------------
elapsed time= 169.96 s.
-----------------------------------------------------------------------------------------
columns pending deletion= 4042 remain= 28725 col ratio= 0.859286 row ratio= 0.873802
[1;36m[REMIND] 2: gap improved= 0.113289 ratio= 0.004474 threshold= 0.040000 in function increaseCondition2 at /blue/yu.yang1/you.z/route_opt/packages/application/X-n313-k71/src/main/src/call_cutting.cpp:74[0m
 ****** Separate Rank1Cuts ****** 
it= 2   ncol= 1344  ncstr= 676  mt= 0.0   spt= 0.0   lpval= 94018.7   ub= 94044.0  
-----------------------------------------------------------------------------------------
elapsed time= 170.32 s.
-----------------------------------------------------------------------------------------
columns pending deletion= 4247 remain= 28725 col ratio= 0.85215 row ratio= 0.821006
current_r_best= 2.47935
alpha= 0.37 beta= 3.13805 omega= 38.8448 k1= 5
lb_k= 1 ub_k= 37
revise: lb_k= 4 ub_k= 7
opt_k= 6
alpha= 0.75 beta= 3.13805 omega= 24.2117 k1= 3
lb_k= 1 ub_k= 3
revise: lb_k= 2 ub_k= 3
opt_k= 3
pseudo= 50 frac= 50
#candidates in phase1= 6
testing lp time= 2.60 s.
-----------------------------------------------------------------------------------------
204-208 ,  24.14| 162-201 ,  19.28| 164-285 ,  17.31|  95-312 ,   9.99|  25-265 ,   2.95| 
218-243 ,   0.03| 
-----------------------------------------------------------------------------------------
edge= 164 285 lp= 2.22515 pre= 0 lp2= 7.77999 pre2= 2 score= 17.3117
-----------------------------------------------------------------------------------------
edge= 162 201 lp= 6.17063 pre= 2 lp2= 3.12376 pre2= 0 score= 19.2756
-----------------------------------------------------------------------------------------
edge= 204 208 lp= 6.15216 pre= 2 lp2= 3.92444 pre2= 1 score= 24.1438
-----------------------------------------------------------------------------------------
candidate= 204-208 : -
-----------------------------------------------------------------------------------------
it= 3   ncol= 1364  ncstr= 677  mt= 0.4   spt= 0.0   lpval= 94024.7   ub= 94044.0  
-----------------------------------------------------------------------------------------
elapsed time= 173.33 s.
-----------------------------------------------------------------------------------------
brc= 204-208
t= 0.191391 c= 6.68548 n= 8 if_b4= 0
t= 0.449468 c= 10.0918 n= 8 if_b4= 0
#########################################################################################
tree size= 3 lb= 94018.7 ub= 94044
#########################################################################################
idx= 17 value= 94018.7 enu= 1
brc= 50-103 : -
brc= 76-103 : -
brc= 49-105 : +
brc= 164-295 : -
brc= 62-296 : -
brc= 126-152 : +
brc= 7-127 : -
brc= 250-278 : -
brc= 19-115 : +
brc= 136-143 : -
brc= 33-281 : +
brc= 132-230 : -
brc= 22-239 : -
brc= 95-279 : -
brc= 7-33 : +
brc= 95-175 : -
brc= 131-270 : -
brc= 56-228 : -
brc= 95-228 : -
brc= 74-217 : -
brc= 217-252 : -
brc= 24-95 : -
brc= 4-64 : -
brc= 117-174 : -
brc= 139-269 : +
brc= 29-30 : -
brc= 30-276 : +
brc= 61-218 : -
brc= 95-145 : -
brc= 204-208 : +
it= 3   ncol= 1374  ncstr= 676  mt= 0.4   spt= 0.0   lpval= 94021.2   ub= 94044.0  
-----------------------------------------------------------------------------------------
elapsed time= 174.70 s.
-----------------------------------------------------------------------------------------
columns pending deletion= 5336 remain= 24423 col ratio= 0.781517 row ratio= 0.784024
 ****** Separate RCCs ****** 
 ****** Separate Rank1Cuts ****** 
it= 2   ncol= 1328  ncstr= 729  mt= 0.0   spt= 0.0   lpval= 94021.9   ub= 94044.0  
-----------------------------------------------------------------------------------------
elapsed time= 175.15 s.
-----------------------------------------------------------------------------------------
delete columns= 7333 remain= 17090
[1;36m[REMIND] 2: gap improved= 0.750283 ratio= 0.034020 threshold= 0.040000 in function increaseCondition2 at /blue/yu.yang1/you.z/route_opt/packages/application/X-n313-k71/src/main/src/call_cutting.cpp:74[0m
mip: row= 555 col= 18413 density= 5.15704%
mip time= 58.48 s.
mip status= 6
update f from 17.5165 to 22.0539
#########################################################################################
tree size= 2 lb= 94018.7 ub= 94044
#########################################################################################
idx= 18 value= 94018.7 enu= 1
brc= 50-103 : -
brc= 76-103 : -
brc= 49-105 : +
brc= 164-295 : -
brc= 62-296 : -
brc= 126-152 : +
brc= 7-127 : -
brc= 250-278 : -
brc= 19-115 : +
brc= 136-143 : -
brc= 33-281 : +
brc= 132-230 : -
brc= 22-239 : -
brc= 95-279 : -
brc= 7-33 : +
brc= 95-175 : -
brc= 131-270 : -
brc= 56-228 : -
brc= 95-228 : -
brc= 74-217 : -
brc= 217-252 : -
brc= 24-95 : -
brc= 4-64 : -
brc= 117-174 : -
brc= 139-269 : +
brc= 29-30 : -
brc= 30-276 : +
brc= 61-218 : -
brc= 95-145 : -
brc= 204-208 : -
it= 4   ncol= 1367  ncstr= 676  mt= 0.1   spt= 0.0   lpval= 94024.7   ub= 94044.0  
-----------------------------------------------------------------------------------------
elapsed time= 233.82 s.
-----------------------------------------------------------------------------------------
delete columns= 13686 remain= 10789
 ****** Separate RCCs ****** 
 ****** Separate Rank1Cuts ****** 
it= 3   ncol= 1301  ncstr= 548  mt= 0.0   spt= 0.0   lpval= 94025.9   ub= 94044.0  
-----------------------------------------------------------------------------------------
elapsed time= 234.22 s.
-----------------------------------------------------------------------------------------
columns pending deletion= 2103 remain= 10789 col ratio= 0.805079 row ratio= 0.95438
mip: row= 523 col= 9976 density= 4.56593%
mip time= 16.93 s.
mip status= 6
#########################################################################################
tree size= 1 lb= 94019.9 ub= 94044
#########################################################################################
idx= 15 value= 94019.9 enu= 1
brc= 50-103 : -
brc= 76-103 : -
brc= 49-105 : +
brc= 164-295 : -
brc= 62-296 : -
brc= 126-152 : +
brc= 7-127 : -
brc= 250-278 : -
brc= 19-115 : +
brc= 136-143 : -
brc= 33-281 : +
brc= 132-230 : -
brc= 22-239 : -
brc= 95-279 : -
brc= 7-33 : +
brc= 95-175 : -
brc= 131-270 : -
brc= 56-228 : -
brc= 95-228 : -
brc= 74-217 : -
brc= 217-252 : -
brc= 24-95 : -
brc= 4-64 : -
brc= 117-174 : -
brc= 139-269 : +
brc= 29-30 : -
brc= 30-276 : -
brc= 6-137 : +
brc= 6-237 : -
brc= 61-218 : -
brc= 18-301 : +
it= 2   ncol= 1343  ncstr= 589  mt= 0.3   spt= 0.0   lpval= 94021.7   ub= 94044.0  
-----------------------------------------------------------------------------------------
elapsed time= 251.88 s.
-----------------------------------------------------------------------------------------
columns pending deletion= 4046 remain= 21469 col ratio= 0.811542 row ratio= 0.889643
 ****** Separate RCCs ****** 
 ****** Separate Rank1Cuts ****** 
it= 2   ncol= 1313  ncstr= 618  mt= 0.0   spt= 0.0   lpval= 94022.2   ub= 94044.0  
-----------------------------------------------------------------------------------------
elapsed time= 252.27 s.
-----------------------------------------------------------------------------------------
columns pending deletion= 5072 remain= 21469 col ratio= 0.763752 row ratio= 0.883495
[1;36m[REMIND] 2: gap improved= 0.452031 ratio= 0.020721 threshold= 0.040000 in function increaseCondition2 at /blue/yu.yang1/you.z/route_opt/packages/application/X-n313-k71/src/main/src/call_cutting.cpp:74[0m
mip: row= 546 col= 17708 density= 5.52375%
mip time= 71.54 s.
mip status= 6
#########################################################################################
tree size= 0 lb= 94019.9 ub= 94044
#########################################################################################
idx= 16 value= 94019.9 enu= 1
brc= 50-103 : -
brc= 76-103 : -
brc= 49-105 : +
brc= 164-295 : -
brc= 62-296 : -
brc= 126-152 : +
brc= 7-127 : -
brc= 250-278 : -
brc= 19-115 : +
brc= 136-143 : -
brc= 33-281 : +
brc= 132-230 : -
brc= 22-239 : -
brc= 95-279 : -
brc= 7-33 : +
brc= 95-175 : -
brc= 131-270 : -
brc= 56-228 : -
brc= 95-228 : -
brc= 74-217 : -
brc= 217-252 : -
brc= 24-95 : -
brc= 4-64 : -
brc= 117-174 : -
brc= 139-269 : +
brc= 29-30 : -
brc= 30-276 : -
brc= 6-137 : +
brc= 6-237 : -
brc= 61-218 : -
brc= 18-301 : -
it= 4   ncol= 1431  ncstr= 589  mt= 0.1   spt= 0.0   lpval= 94030.9   ub= 94044.0  
-----------------------------------------------------------------------------------------
elapsed time= 324.41 s.
-----------------------------------------------------------------------------------------
delete columns= 18061 remain= 3437
 ****** Separate RCCs ****** 
 ****** Separate Rank1Cuts ****** 
it= 3   ncol= 1259  ncstr= 573  mt= 0.0   spt= 0.0   lpval= 94032.6   ub= 94044.0  
-----------------------------------------------------------------------------------------
elapsed time= 325.01 s.
-----------------------------------------------------------------------------------------
columns pending deletion= 984 remain= 3437 col ratio= 0.713704 row ratio= 0.905759
mip: row= 519 col= 3664 density= 4.0403%
mip time= 2.21 s.
mip status= 6
#########################################################################################
[32m<Instance: X-n313-k71>
<Solution>
<UB= 94044>
<LB= 94044>
<Elapsed Time= 327.2>
<Nodes Explored= 19>
<Global Gap= 0%>[0m
#########################################################################################
File nodes/X-n313-k71_2_2_2_1_3_9_G32.node deleted successfully.
