application type: CVRP
X-n313-k71_2_2_2_1_0_7_G32.node
Set parameter ServerTimeout to value 600
Set parameter TokenServer to value "grb-ts.ufhpc"
Set parameter Threads to value 1
instance name= X-n313-k71
#########################################################################################
tree size= 0 lb= 0 ub= 94044
#########################################################################################
idx= 15 value= 93975.1 enu= 0
brc= 50-103 : -
brc= 76-103 : -
brc= 49-105 : +
brc= 164-295 : -
brc= 62-296 : -
brc= 126-152 : +
brc= 7-127 : -
brc= 250-278 : -
brc= 19-115 : +
brc= 136-143 : -
brc= 33-281 : +
brc= 132-230 : +
brc= 22-239 : -
brc= 147-174 : -
brc= 147-269 : -
brc= 202-269 : -
brc= 7-33 : -
brc= 43-295 : -
brc= 264-290 : -
brc= 164-249 : +
-----------------------------------------------------------------------------------------
 ****** Pricing Level: LIGHT HEUR ****** 
it= 9   ncol= 1672  ncstr= 609  mt= 0.6   spt= 0.3   lpval= 94012.3   ub= 94044.0  
 ****** Pricing Level: HEAVY HEUR ****** 
it= 7   ncol= 1757  ncstr= 609  mt= 0.2   spt= 0.6   lpval= 94001.3   ub= 94044.0  
 ****** Pricing Level: EXACT ****** 
it= 4   ncol= 1804  ncstr= 609  mt= 0.1   spt= 4.3   lpval= 94000.7   ub= 94044.0  
-----------------------------------------------------------------------------------------
elapsed time= 9.70 s.
-----------------------------------------------------------------------------------------
-----------------------------------------------------------------------------------------
 ****** Run Arc Elimination ****** 
arc elimination time= 4.05 s.
previous= 55.5539% maximum= 2.44178%
eliminate bucket arcs time= 0.61 s.
obtain jump arcs time= 0.01 s.
-----------------------------------------------------------------------------------------
-----------------------------------------------------------------------------------------
elapsed time= 14.71 s.
-----------------------------------------------------------------------------------------
-----------------------------------------------------------------------------------------
 ****** Try Enumeration ****** 
#labels= 254249 #routes= 10
labeling 1 time= 5.50 s.
concatenate time= 8.65 s.
#routes= 379408
average gap of successful enumeration= 0.000449511
next try value > 93972
-----------------------------------------------------------------------------------------
elapsed time= 28.98 s.
-----------------------------------------------------------------------------------------
 ****** Process Enumeration Matrix ****** 
delete non-ele routes lp val= 94000.8
recover rank1c lp val= 94000.9
recover rcc lp val= 94001.4
obtain rcc coefficient time= 0.06 s.
obtain r1c coefficient time= 0.60 s.
obtain matrix from triplets time= 0.92 s.
delete columns by branch time= 0.00 s.
columns pending deletion= 523 remain= 379408 col ratio= 0.998622 row ratio= 1
regenerate enumeration matrix time= 0.00 s.
-----------------------------------------------------------------------------------------
elapsed time= 32.34 s.
-----------------------------------------------------------------------------------------
it= 2   ncol= 1524  ncstr= 568  mt= 0.0   spt= 0.0   lpval= 94001.2   ub= 94044.0  
-----------------------------------------------------------------------------------------
elapsed time= 32.44 s.
-----------------------------------------------------------------------------------------
columns pending deletion= 79045 remain= 379408 col ratio= 0.791662 row ratio= 0.896127
 ****** Separate RCCs ****** 
 ****** Separate Rank1Cuts ****** 
it= 5   ncol= 1526  ncstr= 650  mt= 0.1   spt= 0.1   lpval= 94005.6   ub= 94044.0  
-----------------------------------------------------------------------------------------
elapsed time= 33.61 s.
-----------------------------------------------------------------------------------------
delete columns= 194102 remain= 185306
 ****** Separate RCCs ****** 
 ****** Separate Rank1Cuts ****** 
it= 4   ncol= 1577  ncstr= 642  mt= 0.0   spt= 0.1   lpval= 94006.2   ub= 94044.0  
-----------------------------------------------------------------------------------------
elapsed time= 35.57 s.
-----------------------------------------------------------------------------------------
columns pending deletion= 21964 remain= 185306 col ratio= 0.881472 row ratio= 0.862928
[1;36m[REMIND] 2: gap improved= 0.577101 ratio= 0.015269 threshold= 0.040000 in function increaseCondition2 at /blue/yu.yang1/you.z/route_opt/packages/application/X-n313-k71/src/main/src/call_cutting.cpp:74[0m
 ****** Separate RCCs ****** 
 ****** Separate Rank1Cuts ****** 
it= 4   ncol= 1602  ncstr= 668  mt= 0.1   spt= 0.1   lpval= 94006.7   ub= 94044.0  
-----------------------------------------------------------------------------------------
elapsed time= 36.31 s.
-----------------------------------------------------------------------------------------
columns pending deletion= 38634 remain= 185306 col ratio= 0.791512 row ratio= 0.847305
[1;36m[REMIND] 2: gap improved= 0.529227 ratio= 0.014201 threshold= 0.040000 in function increaseCondition2 at /blue/yu.yang1/you.z/route_opt/packages/application/X-n313-k71/src/main/src/call_cutting.cpp:74[0m
 ****** Separate RCCs ****** 
 ****** Separate Rank1Cuts ****** 
it= 4   ncol= 1637  ncstr= 716  mt= 0.1   spt= 0.1   lpval= 94007.6   ub= 94044.0  
-----------------------------------------------------------------------------------------
elapsed time= 37.11 s.
-----------------------------------------------------------------------------------------
delete columns= 52739 remain= 132567
[1;36m[REMIND] 2: gap improved= 0.907790 ratio= 0.024967 threshold= 0.040000 in function increaseCondition2 at /blue/yu.yang1/you.z/route_opt/packages/application/X-n313-k71/src/main/src/call_cutting.cpp:74[0m
[1;36m[REMIND] tail off counter= 3 threshold= 3 in function setIfTailOff at /blue/yu.yang1/you.z/route_opt/packages/application/X-n313-k71/src/main/src/call_cutting.cpp:150[0m
[1;36m[REMIND] opt_k not found for node 15, use m directly in function getOptK at /blue/yu.yang1/you.z/route_opt/packages/branching/bkf/include/bkf_controller.hpp:239[0m
current_r_best= 23.6264
we directly test 100
we directly test 4
pseudo= 50 frac= 50
#candidates in phase1= 100
testing lp time= 36.13 s.
-----------------------------------------------------------------------------------------
 30-79  , 141.86| 201-302 , 114.35|   0-201 , 114.34|  10-161 ,  92.96|   0-70  ,  80.35| 
  0-121 ,  79.88| 243-267 ,  72.34| 175-280 ,  70.27| 303-311 ,  70.24| 249-285 ,  63.61| 
  7-43  ,  61.17| 207-269 ,  58.81|   0-280 ,  58.57| 139-269 ,  51.71| 161-184 ,  49.35| 
174-221 ,  48.23|  75-248 ,  45.40| 236-266 ,  43.98|   3-269 ,  41.26|  70-133 ,  40.58| 
 52-143 ,  39.63| 165-252 ,  39.04| 164-260 ,  38.58|   0-127 ,  38.37| 118-127 ,  38.37| 
215-239 ,  37.11| 136-296 ,  37.08|   0-136 ,  37.08|  51-84  ,  37.07| 164-175 ,  36.29| 
  2-79  ,  35.73| 248-266 ,  35.53| 204-257 ,  34.66| 184-303 ,  34.53|  75-303 ,  32.58| 
 57-64  ,  31.62| 239-290 ,  29.22|  84-130 ,  28.03| 185-245 ,  27.87|  29-30  ,  27.39| 
 64-128 ,  26.75|  51-64  ,  24.25|   0-75  ,  23.85|  90-155 ,  23.82| 141-211 ,  23.54| 
285-295 ,  23.08|   0-207 ,  21.98| 141-295 ,  21.66| 141-175 ,  21.31| 112-131 ,  20.82| 
  0-162 ,  20.30|   0-130 ,  18.64|   0-301 ,  18.05|  56-299 ,  17.18|  60-137 ,  17.12| 
  6-19  ,  17.09|  53-54  ,  16.03| 114-161 ,  15.05|   0-9   ,  13.52|  51-116 ,  13.31| 
103-138 ,  12.18| 109-138 ,  12.18| 161-258 ,  12.04|  56-164 ,  10.17|   7-141 ,   9.92| 
  0-249 ,   9.76|  54-161 ,   9.46|  22-54  ,   9.46| 229-282 ,   9.31|   7-56  ,   8.84| 
  0-165 ,   7.48| 173-238 ,   7.26| 185-282 ,   7.14|  72-86  ,   6.03|   0-189 ,   5.60| 
211-239 ,   5.59| 179-219 ,   5.33|   0-84  ,   5.17|   0-180 ,   4.95| 175-249 ,   4.83| 
198-238 ,   4.77| 112-257 ,   3.51| 171-299 ,   3.42| 158-205 ,   3.31| 205-259 ,   3.31| 
272-290 ,   3.12| 252-312 ,   2.75| 113-232 ,   2.32|  12-76  ,   2.22|  54-290 ,   2.15| 
179-273 ,   2.06|  11-284 ,   2.06| 216-272 ,   1.98| 240-275 ,   1.97|  59-68  ,   1.97| 
243-303 ,   0.00|   0-311 ,   0.00| 111-229 ,   0.00|   0-76  ,   0.00|  59-76  ,   0.00| 
-----------------------------------------------------------------------------------------
edge= 10 161 lp= 1.93364 pre= 2 lp2= 48.0742 pre2= 2 score= 92.9582
-----------------------------------------------------------------------------------------
edge= 0 201 lp= 83.799 pre= 2 lp2= 1.36441 pre2= 2 score= 114.336
-----------------------------------------------------------------------------------------
edge= 201 302 lp= 1.36455 pre= 2 lp2= 83.799 pre2= 2 score= 114.348
-----------------------------------------------------------------------------------------
edge= 30 79 lp= 9.4204 pre= 2 lp2= 15.0587 pre2= 2 score= 141.859
-----------------------------------------------------------------------------------------
candidate= 30-79 : -
-----------------------------------------------------------------------------------------
it= 4   ncol= 1721  ncstr= 581  mt= 0.5   spt= 0.0   lpval= 94014.3   ub= 94044.0  
-----------------------------------------------------------------------------------------
elapsed time= 74.63 s.
-----------------------------------------------------------------------------------------
candidate= 201-302 : -
-----------------------------------------------------------------------------------------
it= 4   ncol= 1703  ncstr= 581  mt= 0.5   spt= 0.0   lpval= 94008.7   ub= 94044.0  
-----------------------------------------------------------------------------------------
elapsed time= 75.17 s.
-----------------------------------------------------------------------------------------
candidate= 0-201 : -
-----------------------------------------------------------------------------------------
it= 5   ncol= 1742  ncstr= 581  mt= 0.6   spt= 0.0   lpval= 94015.1   ub= 94044.0  
-----------------------------------------------------------------------------------------
elapsed time= 75.83 s.
-----------------------------------------------------------------------------------------
candidate= 30-79 : +
-----------------------------------------------------------------------------------------
it= 4   ncol= 1710  ncstr= 581  mt= 0.5   spt= 0.0   lpval= 94016.5   ub= 94044.0  
-----------------------------------------------------------------------------------------
elapsed time= 76.43 s.
-----------------------------------------------------------------------------------------
candidate= 10-161 : -
-----------------------------------------------------------------------------------------
it= 5   ncol= 1709  ncstr= 581  mt= 0.5   spt= 0.0   lpval= 94008.7   ub= 94044.0  
-----------------------------------------------------------------------------------------
elapsed time= 76.95 s.
-----------------------------------------------------------------------------------------
candidate= 201-302 : +
-----------------------------------------------------------------------------------------
it= 6   ncol= 1804  ncstr= 581  mt= 0.6   spt= 0.1   lpval= 94015.1   ub= 94044.0  
-----------------------------------------------------------------------------------------
elapsed time= 77.66 s.
-----------------------------------------------------------------------------------------
brc= 30-79
t= 0.180638 c= 37.1591 n= 0 if_b4= 0
t= 0.598106 c= 53.4286 n= 0 if_b4= 0
#########################################################################################
tree size= 1 lb= 94007.6 ub= 94044
#########################################################################################
idx= 1 value= 94007.6 enu= 1
brc= 50-103 : -
brc= 76-103 : -
brc= 49-105 : +
brc= 164-295 : -
brc= 62-296 : -
brc= 126-152 : +
brc= 7-127 : -
brc= 250-278 : -
brc= 19-115 : +
brc= 136-143 : -
brc= 33-281 : +
brc= 132-230 : +
brc= 22-239 : -
brc= 147-174 : -
brc= 147-269 : -
brc= 202-269 : -
brc= 7-33 : -
brc= 43-295 : -
brc= 264-290 : -
brc= 164-249 : +
brc= 30-79 : +
it= 4   ncol= 1662  ncstr= 580  mt= 0.5   spt= 0.0   lpval= 94016.5   ub= 94044.0  
-----------------------------------------------------------------------------------------
elapsed time= 79.75 s.
-----------------------------------------------------------------------------------------
delete columns= 88701 remain= 43568
 ****** Separate Rank1Cuts ****** 
it= 3   ncol= 1625  ncstr= 550  mt= 0.0   spt= 0.0   lpval= 94017.1   ub= 94044.0  
-----------------------------------------------------------------------------------------
elapsed time= 80.19 s.
-----------------------------------------------------------------------------------------
columns pending deletion= 5419 remain= 43568 col ratio= 0.87562 row ratio= 0.969091
[1;36m[REMIND] 2: gap improved= 0.664691 ratio= 0.024736 threshold= 0.040000 in function increaseCondition2 at /blue/yu.yang1/you.z/route_opt/packages/application/X-n313-k71/src/main/src/call_cutting.cpp:74[0m
 ****** Separate Rank1Cuts ****** 
it= 2   ncol= 1622  ncstr= 590  mt= 0.0   spt= 0.0   lpval= 94017.4   ub= 94044.0  
-----------------------------------------------------------------------------------------
elapsed time= 80.61 s.
-----------------------------------------------------------------------------------------
columns pending deletion= 8095 remain= 43568 col ratio= 0.814198 row ratio= 0.908475
[1;36m[REMIND] 2: gap improved= 0.317455 ratio= 0.011955 threshold= 0.040000 in function increaseCondition2 at /blue/yu.yang1/you.z/route_opt/packages/application/X-n313-k71/src/main/src/call_cutting.cpp:74[0m
 ****** Separate Rank1Cuts ****** 
it= 2   ncol= 1616  ncstr= 634  mt= 0.0   spt= 0.0   lpval= 94017.5   ub= 94044.0  
-----------------------------------------------------------------------------------------
elapsed time= 81.10 s.
-----------------------------------------------------------------------------------------
columns pending deletion= 9674 remain= 43568 col ratio= 0.777956 row ratio= 0.873817
[1;36m[REMIND] 1: gap improved= 0.097981 threshold= 0.100000 in function increaseCondition1 at /blue/yu.yang1/you.z/route_opt/packages/application/X-n313-k71/src/main/src/call_cutting.cpp:58[0m
[1;36m[REMIND] tail off counter= 3 threshold= 3 in function setIfTailOff at /blue/yu.yang1/you.z/route_opt/packages/application/X-n313-k71/src/main/src/call_cutting.cpp:150[0m
current_r_best= 7.15715
alpha= 0.37 beta= 3.69639 omega= 205.71 k1= 14
lb_k= 1 ub_k= 37
revise: lb_k= 11 ub_k= 17
opt_k= 15
alpha= 0.75 beta= 3.69639 omega= 89.3296 k1= 3
lb_k= 1 ub_k= 3
revise: lb_k= 2 ub_k= 3
opt_k= 3
pseudo= 50 frac= 50
#candidates in phase1= 15
testing lp time= 6.20 s.
-----------------------------------------------------------------------------------------
207-269 , 133.36| 202-207 , 133.36| 139-269 , 109.74| 165-252 ,  89.09|  79-150 ,  85.89| 
  9-36  ,  73.19|   7-43  ,  70.21|   0-207 ,  69.70|   2-139 ,  66.30| 139-155 ,  66.30| 
 64-237 ,  42.17| 106-117 ,  37.78| 184-303 ,  27.28|  75-303 ,  25.82|  28-137 ,  10.62| 
-----------------------------------------------------------------------------------------
edge= 139 269 lp= 12.6353 pre= 0 lp2= 8.68526 pre2= 1 score= 109.741
-----------------------------------------------------------------------------------------
edge= 202 207 lp= 2.33772 pre= 2 lp2= 57.0478 pre2= 2 score= 133.362
-----------------------------------------------------------------------------------------
edge= 207 269 lp= 2.33772 pre= 2 lp2= 57.0478 pre2= 2 score= 133.362
-----------------------------------------------------------------------------------------
candidate= 202-207 : -
-----------------------------------------------------------------------------------------
it= 3   ncol= 1654  ncstr= 635  mt= 0.5   spt= 0.0   lpval= 94019.5   ub= 94044.0  
-----------------------------------------------------------------------------------------
elapsed time= 87.86 s.
-----------------------------------------------------------------------------------------
candidate= 207-269 : -
-----------------------------------------------------------------------------------------
it= 3   ncol= 1654  ncstr= 635  mt= 0.5   spt= 0.0   lpval= 94019.5   ub= 94044.0  
-----------------------------------------------------------------------------------------
elapsed time= 88.40 s.
-----------------------------------------------------------------------------------------
candidate= 202-207 : +
-----------------------------------------------------------------------------------------
it= 6   ncol= 1707  ncstr= 635  mt= 0.7   spt= 0.0   lpval= 94062.2   ub= 94044.0  
-----------------------------------------------------------------------------------------
elapsed time= 89.13 s.
-----------------------------------------------------------------------------------------
candidate= 207-269 : +
-----------------------------------------------------------------------------------------
it= 6   ncol= 1707  ncstr= 635  mt= 0.7   spt= 0.0   lpval= 94062.2   ub= 94044.0  
-----------------------------------------------------------------------------------------
elapsed time= 89.86 s.
-----------------------------------------------------------------------------------------
candidate= 139-269 : +
-----------------------------------------------------------------------------------------
it= 4   ncol= 1677  ncstr= 635  mt= 0.4   spt= 0.0   lpval= 94025.6   ub= 94044.0  
-----------------------------------------------------------------------------------------
elapsed time= 90.31 s.
-----------------------------------------------------------------------------------------
brc= 139-269
t= 0.193732 c= 20.2928 n= 1 if_b4= 0
t= 0.598243 c= 29.2308 n= 1 if_b4= 0
#########################################################################################
tree size= 2 lb= 94007.6 ub= 94044
#########################################################################################
idx= 2 value= 94007.6 enu= 1
brc= 50-103 : -
brc= 76-103 : -
brc= 49-105 : +
brc= 164-295 : -
brc= 62-296 : -
brc= 126-152 : +
brc= 7-127 : -
brc= 250-278 : -
brc= 19-115 : +
brc= 136-143 : -
brc= 33-281 : +
brc= 132-230 : +
brc= 22-239 : -
brc= 147-174 : -
brc= 147-269 : -
brc= 202-269 : -
brc= 7-33 : -
brc= 43-295 : -
brc= 264-290 : -
brc= 164-249 : +
brc= 30-79 : -
it= 5   ncol= 1703  ncstr= 580  mt= 0.2   spt= 0.0   lpval= 94014.3   ub= 94044.0  
-----------------------------------------------------------------------------------------
elapsed time= 91.65 s.
-----------------------------------------------------------------------------------------
delete columns= 68415 remain= 64112
 ****** Separate RCCs ****** 
 ****** Separate Rank1Cuts ****** 
it= 4   ncol= 1688  ncstr= 579  mt= 0.0   spt= 0.0   lpval= 94014.7   ub= 94044.0  
-----------------------------------------------------------------------------------------
elapsed time= 92.28 s.
-----------------------------------------------------------------------------------------
columns pending deletion= 8649 remain= 64112 col ratio= 0.865095 row ratio= 0.93437
[1;36m[REMIND] 2: gap improved= 0.404567 ratio= 0.013811 threshold= 0.040000 in function increaseCondition2 at /blue/yu.yang1/you.z/route_opt/packages/application/X-n313-k71/src/main/src/call_cutting.cpp:74[0m
 ****** Separate RCCs ****** 
 ****** Separate Rank1Cuts ****** 
it= 4   ncol= 1691  ncstr= 610  mt= 0.0   spt= 0.0   lpval= 94014.9   ub= 94044.0  
-----------------------------------------------------------------------------------------
elapsed time= 92.75 s.
-----------------------------------------------------------------------------------------
columns pending deletion= 11498 remain= 64112 col ratio= 0.820658 row ratio= 0.914754
[1;36m[REMIND] 2: gap improved= 0.150544 ratio= 0.005166 threshold= 0.040000 in function increaseCondition2 at /blue/yu.yang1/you.z/route_opt/packages/application/X-n313-k71/src/main/src/call_cutting.cpp:74[0m
 ****** Separate RCCs ****** 
 ****** Separate Rank1Cuts ****** 
it= 2   ncol= 1691  ncstr= 690  mt= 0.0   spt= 0.0   lpval= 94015.0   ub= 94044.0  
-----------------------------------------------------------------------------------------
elapsed time= 93.34 s.
-----------------------------------------------------------------------------------------
columns pending deletion= 13074 remain= 64112 col ratio= 0.796076 row ratio= 0.811594
[1;36m[REMIND] 2: gap improved= 0.159293 ratio= 0.005496 threshold= 0.040000 in function increaseCondition2 at /blue/yu.yang1/you.z/route_opt/packages/application/X-n313-k71/src/main/src/call_cutting.cpp:74[0m
[1;36m[REMIND] tail off counter= 3 threshold= 3 in function setIfTailOff at /blue/yu.yang1/you.z/route_opt/packages/application/X-n313-k71/src/main/src/call_cutting.cpp:150[0m
current_r_best= 6.17664
alpha= 0.37 beta= 4.69242 omega= 104.747 k1= 11
lb_k= 1 ub_k= 37
revise: lb_k= 9 ub_k= 14
opt_k= 12
alpha= 0.75 beta= 4.69242 omega= 48.8611 k1= 3
lb_k= 1 ub_k= 3
revise: lb_k= 1 ub_k= 3
opt_k= 3
pseudo= 50 frac= 50
#candidates in phase1= 12
testing lp time= 5.59 s.
-----------------------------------------------------------------------------------------
204-257 , 315.76|   0-201 , 277.87| 116-302 ,  82.18| 162-165 ,  76.04| 131-165 ,  76.04| 
  3-4   ,  69.72|  36-142 ,  45.27|   2-79  ,  42.50| 102-152 ,  22.96|  30-269 ,  10.74| 
184-303 ,   8.63|  75-303 ,   8.11| 
-----------------------------------------------------------------------------------------
edge= 116 302 lp= 1.1157 pre= 2 lp2= 73.6596 pre2= 2 score= 82.1821
-----------------------------------------------------------------------------------------
edge= 0 201 lp= 73.6596 pre= 2 lp2= 3.77242 pre2= 2 score= 277.875
-----------------------------------------------------------------------------------------
edge= 204 257 lp= 4.2868 pre= 2 lp2= 73.6596 pre2= 2 score= 315.764
-----------------------------------------------------------------------------------------
candidate= 204-257 : -
-----------------------------------------------------------------------------------------
it= 3   ncol= 1716  ncstr= 691  mt= 0.4   spt= 0.0   lpval= 94019.2   ub= 94044.0  
-----------------------------------------------------------------------------------------
elapsed time= 99.41 s.
-----------------------------------------------------------------------------------------
candidate= 204-257 : +
-----------------------------------------------------------------------------------------
it= 4   ncol= 1753  ncstr= 691  mt= 0.6   spt= 0.0   lpval= 94018.6   ub= 94044.0  
-----------------------------------------------------------------------------------------
elapsed time= 100.05 s.
-----------------------------------------------------------------------------------------
candidate= 0-201 : -
-----------------------------------------------------------------------------------------
it= 5   ncol= 1762  ncstr= 691  mt= 0.8   spt= 0.0   lpval= 94020.8   ub= 94044.0  
-----------------------------------------------------------------------------------------
elapsed time= 100.86 s.
-----------------------------------------------------------------------------------------
candidate= 116-302 : -
-----------------------------------------------------------------------------------------
it= 3   ncol= 1719  ncstr= 691  mt= 0.5   spt= 0.0   lpval= 94016.1   ub= 94044.0  
-----------------------------------------------------------------------------------------
elapsed time= 101.36 s.
-----------------------------------------------------------------------------------------
candidate= 116-302 : +
-----------------------------------------------------------------------------------------
it= 4   ncol= 1786  ncstr= 691  mt= 0.7   spt= 0.0   lpval= 94023.2   ub= 94044.0  
-----------------------------------------------------------------------------------------
elapsed time= 102.10 s.
-----------------------------------------------------------------------------------------
candidate= 0-201 : +
-----------------------------------------------------------------------------------------
it= 3   ncol= 1716  ncstr= 691  mt= 0.5   spt= 0.0   lpval= 94018.0   ub= 94044.0  
-----------------------------------------------------------------------------------------
elapsed time= 102.60 s.
-----------------------------------------------------------------------------------------
brc= 0-201
t= 0.206859 c= 14.8029 n= 2 if_b4= 0
t= 0.602202 c= 21.0839 n= 2 if_b4= 0
#########################################################################################
tree size= 3 lb= 94015 ub= 94044
#########################################################################################
idx= 5 value= 94015 enu= 1
brc= 50-103 : -
brc= 76-103 : -
brc= 49-105 : +
brc= 164-295 : -
brc= 62-296 : -
brc= 126-152 : +
brc= 7-127 : -
brc= 250-278 : -
brc= 19-115 : +
brc= 136-143 : -
brc= 33-281 : +
brc= 132-230 : +
brc= 22-239 : -
brc= 147-174 : -
brc= 147-269 : -
brc= 202-269 : -
brc= 7-33 : -
brc= 43-295 : -
brc= 264-290 : -
brc= 164-249 : +
brc= 30-79 : -
brc= 0-201 : +
it= 2   ncol= 1713  ncstr= 690  mt= 0.5   spt= 0.0   lpval= 94018.0   ub= 94044.0  
-----------------------------------------------------------------------------------------
elapsed time= 104.44 s.
-----------------------------------------------------------------------------------------
delete columns= 15684 remain= 35312
 ****** Separate RCCs ****** 
 ****** Separate Rank1Cuts ****** 
it= 2   ncol= 1703  ncstr= 592  mt= 0.0   spt= 0.0   lpval= 94018.5   ub= 94044.0  
-----------------------------------------------------------------------------------------
elapsed time= 105.42 s.
-----------------------------------------------------------------------------------------
columns pending deletion= 4922 remain= 35312 col ratio= 0.860614 row ratio= 0.922297
[1;36m[REMIND] 2: gap improved= 0.530108 ratio= 0.020801 threshold= 0.040000 in function increaseCondition2 at /blue/yu.yang1/you.z/route_opt/packages/application/X-n313-k71/src/main/src/call_cutting.cpp:74[0m
 ****** Separate RCCs ****** 
 ****** Separate Rank1Cuts ****** 
it= 3   ncol= 1675  ncstr= 625  mt= 0.0   spt= 0.0   lpval= 94018.7   ub= 94044.0  
-----------------------------------------------------------------------------------------
elapsed time= 105.89 s.
-----------------------------------------------------------------------------------------
columns pending deletion= 6624 remain= 35312 col ratio= 0.812415 row ratio= 0.9056
[1;36m[REMIND] 2: gap improved= 0.158137 ratio= 0.006244 threshold= 0.040000 in function increaseCondition2 at /blue/yu.yang1/you.z/route_opt/packages/application/X-n313-k71/src/main/src/call_cutting.cpp:74[0m
 ****** Separate RCCs ****** 
 ****** Separate Rank1Cuts ****** 
it= 2   ncol= 1674  ncstr= 670  mt= 0.0   spt= 0.0   lpval= 94018.9   ub= 94044.0  
-----------------------------------------------------------------------------------------
elapsed time= 106.50 s.
-----------------------------------------------------------------------------------------
columns pending deletion= 7849 remain= 35312 col ratio= 0.777724 row ratio= 0.865672
[1;36m[REMIND] 2: gap improved= 0.206208 ratio= 0.008209 threshold= 0.040000 in function increaseCondition2 at /blue/yu.yang1/you.z/route_opt/packages/application/X-n313-k71/src/main/src/call_cutting.cpp:74[0m
[1;36m[REMIND] tail off counter= 3 threshold= 3 in function setIfTailOff at /blue/yu.yang1/you.z/route_opt/packages/application/X-n313-k71/src/main/src/call_cutting.cpp:150[0m
current_r_best= 6.17664
alpha= 0.37 beta= 4.06709 omega= 71.5605 k1= 9
lb_k= 1 ub_k= 37
revise: lb_k= 7 ub_k= 11
opt_k= 9
alpha= 0.75 beta= 4.06709 omega= 35.0113 k1= 3
lb_k= 1 ub_k= 3
revise: lb_k= 2 ub_k= 3
opt_k= 3
pseudo= 50 frac= 50
#candidates in phase1= 9
testing lp time= 4.25 s.
-----------------------------------------------------------------------------------------
  7-43  ,  65.28|   3-4   ,  63.31| 102-142 ,  55.78|  28-32  ,  23.69|  56-299 ,  22.80| 
  9-51  ,  18.71| 201-287 ,  18.69|   7-141 ,  10.44|  32-137 ,   2.45| 
-----------------------------------------------------------------------------------------
edge= 102 142 lp= 0.794784 pre= 0 lp2= 70.1855 pre2= 2 score= 55.7824
-----------------------------------------------------------------------------------------
edge= 3 4 lp= 5.53975 pre= 0 lp2= 11.4291 pre2= 0 score= 63.3144
-----------------------------------------------------------------------------------------
edge= 7 43 lp= 0.930089 pre= 0 lp2= 70.1855 pre2= 2 score= 65.2787
-----------------------------------------------------------------------------------------
candidate= 7-43 : +
-----------------------------------------------------------------------------------------
it= 5   ncol= 1757  ncstr= 671  mt= 0.6   spt= 0.0   lpval= 94037.9   ub= 94044.0  
-----------------------------------------------------------------------------------------
elapsed time= 111.35 s.
-----------------------------------------------------------------------------------------
candidate= 3-4 : +
-----------------------------------------------------------------------------------------
it= 3   ncol= 1708  ncstr= 671  mt= 0.5   spt= 0.0   lpval= 94029.0   ub= 94044.0  
-----------------------------------------------------------------------------------------
elapsed time= 111.82 s.
-----------------------------------------------------------------------------------------
brc= 3-4
t= 0.214193 c= 11.8952 n= 3 if_b4= 0
t= 0.584095 c= 17.0049 n= 3 if_b4= 0
#########################################################################################
tree size= 4 lb= 94015 ub= 94044
#########################################################################################
idx= 6 value= 94015 enu= 1
brc= 50-103 : -
brc= 76-103 : -
brc= 49-105 : +
brc= 164-295 : -
brc= 62-296 : -
brc= 126-152 : +
brc= 7-127 : -
brc= 250-278 : -
brc= 19-115 : +
brc= 136-143 : -
brc= 33-281 : +
brc= 132-230 : +
brc= 22-239 : -
brc= 147-174 : -
brc= 147-269 : -
brc= 202-269 : -
brc= 7-33 : -
brc= 43-295 : -
brc= 264-290 : -
brc= 164-249 : +
brc= 30-79 : -
brc= 0-201 : -
it= 4   ncol= 1767  ncstr= 690  mt= 0.6   spt= 0.0   lpval= 94020.8   ub= 94044.0  
-----------------------------------------------------------------------------------------
elapsed time= 113.62 s.
-----------------------------------------------------------------------------------------
delete columns= 28549 remain= 22462
 ****** Separate RCCs ****** 
 ****** Separate Rank1Cuts ****** 
it= 3   ncol= 1722  ncstr= 568  mt= 0.0   spt= 0.0   lpval= 94021.6   ub= 94044.0  
-----------------------------------------------------------------------------------------
elapsed time= 114.02 s.
-----------------------------------------------------------------------------------------
columns pending deletion= 3276 remain= 22462 col ratio= 0.854154 row ratio= 0.945423
[1;36m[REMIND] 2: gap improved= 0.755925 ratio= 0.033698 threshold= 0.040000 in function increaseCondition2 at /blue/yu.yang1/you.z/route_opt/packages/application/X-n313-k71/src/main/src/call_cutting.cpp:74[0m
 ****** Separate RCCs ****** 
 ****** Separate Rank1Cuts ****** 
it= 3   ncol= 1704  ncstr= 596  mt= 0.0   spt= 0.0   lpval= 94021.7   ub= 94044.0  
-----------------------------------------------------------------------------------------
elapsed time= 114.32 s.
-----------------------------------------------------------------------------------------
columns pending deletion= 4566 remain= 22462 col ratio= 0.796723 row ratio= 0.91443
[1;36m[REMIND] 2: gap improved= 0.138342 ratio= 0.006205 threshold= 0.040000 in function increaseCondition2 at /blue/yu.yang1/you.z/route_opt/packages/application/X-n313-k71/src/main/src/call_cutting.cpp:74[0m
mip: row= 545 col= 19590 density= 4.57949%
mip time= 33.24 s.
mip status= 6
update f from 0 to 22.2941
#########################################################################################
tree size= 3 lb= 94017.5 ub= 94044
#########################################################################################
idx= 3 value= 94017.5 enu= 1
brc= 50-103 : -
brc= 76-103 : -
brc= 49-105 : +
brc= 164-295 : -
brc= 62-296 : -
brc= 126-152 : +
brc= 7-127 : -
brc= 250-278 : -
brc= 19-115 : +
brc= 136-143 : -
brc= 33-281 : +
brc= 132-230 : +
brc= 22-239 : -
brc= 147-174 : -
brc= 147-269 : -
brc= 202-269 : -
brc= 7-33 : -
brc= 43-295 : -
brc= 264-290 : -
brc= 164-249 : +
brc= 30-79 : +
brc= 139-269 : +
it= 4   ncol= 1666  ncstr= 634  mt= 0.5   spt= 0.0   lpval= 94025.6   ub= 94044.0  
-----------------------------------------------------------------------------------------
elapsed time= 148.14 s.
-----------------------------------------------------------------------------------------
delete columns= 23292 remain= 10558
 ****** Separate RCCs ****** 
 ****** Separate Rank1Cuts ****** 
it= 3   ncol= 1556  ncstr= 598  mt= 0.1   spt= 0.0   lpval= 94028.7   ub= 94044.0  
-----------------------------------------------------------------------------------------
elapsed time= 148.65 s.
-----------------------------------------------------------------------------------------
delete columns= 3981 remain= 6577
mip: row= 531 col= 8050 density= 4.75002%
mip time= 3.30 s.
mip status= 6
#########################################################################################
tree size= 2 lb= 94017.5 ub= 94044
#########################################################################################
idx= 4 value= 94017.5 enu= 1
brc= 50-103 : -
brc= 76-103 : -
brc= 49-105 : +
brc= 164-295 : -
brc= 62-296 : -
brc= 126-152 : +
brc= 7-127 : -
brc= 250-278 : -
brc= 19-115 : +
brc= 136-143 : -
brc= 33-281 : +
brc= 132-230 : +
brc= 22-239 : -
brc= 147-174 : -
brc= 147-269 : -
brc= 202-269 : -
brc= 7-33 : -
brc= 43-295 : -
brc= 264-290 : -
brc= 164-249 : +
brc= 30-79 : +
brc= 139-269 : -
it= 5   ncol= 1672  ncstr= 634  mt= 0.2   spt= 0.0   lpval= 94028.6   ub= 94044.0  
-----------------------------------------------------------------------------------------
elapsed time= 152.20 s.
-----------------------------------------------------------------------------------------
delete columns= 27637 remain= 6253
 ****** Separate RCCs ****** 
 ****** Separate Rank1Cuts ****** 
it= 3   ncol= 1436  ncstr= 551  mt= 0.0   spt= 0.0   lpval= 94030.7   ub= 94044.0  
-----------------------------------------------------------------------------------------
elapsed time= 152.83 s.
-----------------------------------------------------------------------------------------
delete columns= 2313 remain= 3940
mip: row= 507 col= 5259 density= 3.874%
mip time= 1.69 s.
mip status= 6
#########################################################################################
tree size= 1 lb= 94018.9 ub= 94044
#########################################################################################
idx= 7 value= 94018.9 enu= 1
brc= 50-103 : -
brc= 76-103 : -
brc= 49-105 : +
brc= 164-295 : -
brc= 62-296 : -
brc= 126-152 : +
brc= 7-127 : -
brc= 250-278 : -
brc= 19-115 : +
brc= 136-143 : -
brc= 33-281 : +
brc= 132-230 : +
brc= 22-239 : -
brc= 147-174 : -
brc= 147-269 : -
brc= 202-269 : -
brc= 7-33 : -
brc= 43-295 : -
brc= 264-290 : -
brc= 164-249 : +
brc= 30-79 : -
brc= 0-201 : +
brc= 3-4 : +
it= 3   ncol= 1638  ncstr= 670  mt= 0.5   spt= 0.0   lpval= 94029.0   ub= 94044.0  
-----------------------------------------------------------------------------------------
elapsed time= 155.38 s.
-----------------------------------------------------------------------------------------
delete columns= 21175 remain= 6017
 ****** Separate RCCs ****** 
 ****** Separate Rank1Cuts ****** 
it= 2   ncol= 1452  ncstr= 571  mt= 0.0   spt= 0.0   lpval= 94032.2   ub= 94044.0  
-----------------------------------------------------------------------------------------
elapsed time= 156.35 s.
-----------------------------------------------------------------------------------------
delete columns= 2847 remain= 3170
mip: row= 529 col= 4494 density= 4.18811%
mip time= 0.94 s.
mip status= 6
#########################################################################################
tree size= 0 lb= 94018.9 ub= 94044
#########################################################################################
idx= 8 value= 94018.9 enu= 1
brc= 50-103 : -
brc= 76-103 : -
brc= 49-105 : +
brc= 164-295 : -
brc= 62-296 : -
brc= 126-152 : +
brc= 7-127 : -
brc= 250-278 : -
brc= 19-115 : +
brc= 136-143 : -
brc= 33-281 : +
brc= 132-230 : +
brc= 22-239 : -
brc= 147-174 : -
brc= 147-269 : -
brc= 202-269 : -
brc= 7-33 : -
brc= 43-295 : -
brc= 264-290 : -
brc= 164-249 : +
brc= 30-79 : -
brc= 0-201 : +
brc= 3-4 : -
it= 3   ncol= 1696  ncstr= 670  mt= 0.1   spt= 0.0   lpval= 94023.8   ub= 94044.0  
-----------------------------------------------------------------------------------------
elapsed time= 157.73 s.
-----------------------------------------------------------------------------------------
delete columns= 13242 remain= 14210
 ****** Separate RCCs ****** 
 ****** Separate Rank1Cuts ****** 
it= 3   ncol= 1654  ncstr= 617  mt= 0.0   spt= 0.0   lpval= 94024.6   ub= 94044.0  
-----------------------------------------------------------------------------------------
elapsed time= 158.80 s.
-----------------------------------------------------------------------------------------
columns pending deletion= 2256 remain= 14210 col ratio= 0.841239 row ratio= 0.915721
mip: row= 565 col= 13565 density= 4.95393%
mip time= 10.70 s.
mip status= 6
#########################################################################################
[32m<Instance: X-n313-k71>
<Solution>
<UB= 94044>
<LB= 94044>
<Elapsed Time= 170>
<Nodes Explored= 9>
<Global Gap= 0%>[0m
#########################################################################################
File nodes/X-n313-k71_2_2_2_1_0_7_G32.node deleted successfully.
