application type: CVRP
X-n313-k71_2_1_2_3_0_1_1_G32.node
Set parameter ServerTimeout to value 600
Set parameter TokenServer to value "grb-ts.ufhpc"
Set parameter Threads to value 1
instance name= X-n313-k71
#########################################################################################
tree size= 0 lb= 0 ub= 94044
#########################################################################################
idx= 3 value= 93985.3 enu= 0
brc= 50-103 : -
brc= 76-103 : -
brc= 49-105 : +
brc= 164-295 : -
brc= 62-296 : +
brc= 57-64 : -
brc= 33-56 : -
brc= 14-212 : +
brc= 51-84 : -
brc= 86-118 : -
brc= 33-228 : -
brc= 0-9 : +
brc= 70-133 : +
brc= 250-278 : -
brc= 184-303 : +
brc= 141-164 : -
brc= 113-242 : +
-----------------------------------------------------------------------------------------
 ****** Pricing Level: LIGHT HEUR ****** 
it= 10  ncol= 1421  ncstr= 593  mt= 0.5   spt= 0.3   lpval= 93997.8   ub= 94044.0  
 ****** Pricing Level: HEAVY HEUR ****** 
it= 5   ncol= 1473  ncstr= 593  mt= 0.1   spt= 0.4   lpval= 93997.6   ub= 94044.0  
 ****** Pricing Level: EXACT ****** 
it= 3   ncol= 1512  ncstr= 593  mt= 0.1   spt= 3.1   lpval= 93997.1   ub= 94044.0  
-----------------------------------------------------------------------------------------
elapsed time= 7.92 s.
-----------------------------------------------------------------------------------------
-----------------------------------------------------------------------------------------
 ****** Run Arc Elimination ****** 
arc elimination time= 4.96 s.
previous= 72.2051% maximum= 2.7106%
eliminate bucket arcs time= 0.56 s.
obtain jump arcs time= 0.01 s.
-----------------------------------------------------------------------------------------
-----------------------------------------------------------------------------------------
elapsed time= 13.78 s.
-----------------------------------------------------------------------------------------
-----------------------------------------------------------------------------------------
 ****** Try Enumeration ****** 
#labels= 315372 #routes= 3
labeling 1 time= 9.34 s.
concatenate time= 15.04 s.
#routes= 568754
average gap of successful enumeration= 0.000487812
next try value > 93970.3
-----------------------------------------------------------------------------------------
elapsed time= 38.34 s.
-----------------------------------------------------------------------------------------
 ****** Process Enumeration Matrix ****** 
delete non-ele routes lp val= 93997.2
recover rank1c lp val= 93997.2
recover rcc lp val= 93999.2
obtain rcc coefficient time= 0.18 s.
obtain r1c coefficient time= 0.81 s.
obtain matrix from triplets time= 1.56 s.
delete columns by branch time= 0.00 s.
columns pending deletion= 310 remain= 568754 col ratio= 0.999455 row ratio= 1
regenerate enumeration matrix time= 0.00 s.
-----------------------------------------------------------------------------------------
elapsed time= 43.06 s.
-----------------------------------------------------------------------------------------
it= 5   ncol= 1413  ncstr= 554  mt= 0.1   spt= 0.2   lpval= 93999.1   ub= 94044.0  
-----------------------------------------------------------------------------------------
elapsed time= 43.38 s.
-----------------------------------------------------------------------------------------
columns pending deletion= 176535 remain= 568754 col ratio= 0.689611 row ratio= 0.967509
 ****** Separate RCCs ****** 
 ****** Separate Rank1Cuts ****** 
it= 4   ncol= 1380  ncstr= 596  mt= 0.0   spt= 0.2   lpval= 94001.4   ub= 94044.0  
-----------------------------------------------------------------------------------------
elapsed time= 44.37 s.
-----------------------------------------------------------------------------------------
delete columns= 282319 remain= 286435
 ****** Separate RCCs ****** 
 ****** Separate Rank1Cuts ****** 
it= 6   ncol= 1497  ncstr= 672  mt= 0.1   spt= 0.1   lpval= 94002.1   ub= 94044.0  
-----------------------------------------------------------------------------------------
elapsed time= 46.75 s.
-----------------------------------------------------------------------------------------
columns pending deletion= 45378 remain= 286435 col ratio= 0.841577 row ratio= 0.827381
[1;36m[REMIND] 2: gap improved= 0.752855 ratio= 0.017981 threshold= 0.040000 in function increaseCondition2 at /blue/yu.yang1/you.z/route_opt/packages/application/X-n313-k71/src/main/src/call_cutting.cpp:74[0m
 ****** Separate RCCs ****** 
 ****** Separate Rank1Cuts ****** 
it= 4   ncol= 1491  ncstr= 787  mt= 0.1   spt= 0.1   lpval= 94002.8   ub= 94044.0  
-----------------------------------------------------------------------------------------
elapsed time= 48.32 s.
-----------------------------------------------------------------------------------------
delete columns= 64449 remain= 221986
[1;36m[REMIND] 2: gap improved= 0.623616 ratio= 0.015120 threshold= 0.040000 in function increaseCondition2 at /blue/yu.yang1/you.z/route_opt/packages/application/X-n313-k71/src/main/src/call_cutting.cpp:74[0m
 ****** Separate RCCs ****** 
 ****** Separate Rank1Cuts ****** 
it= 5   ncol= 1532  ncstr= 632  mt= 0.0   spt= 0.1   lpval= 94003.0   ub= 94044.0  
-----------------------------------------------------------------------------------------
elapsed time= 50.30 s.
-----------------------------------------------------------------------------------------
columns pending deletion= 18253 remain= 221986 col ratio= 0.917774 row ratio= 0.905063
[1;36m[REMIND] 2: gap improved= 0.257507 ratio= 0.006283 threshold= 0.040000 in function increaseCondition2 at /blue/yu.yang1/you.z/route_opt/packages/application/X-n313-k71/src/main/src/call_cutting.cpp:74[0m
[1;36m[REMIND] tail off counter= 3 threshold= 3 in function setIfTailOff at /blue/yu.yang1/you.z/route_opt/packages/application/X-n313-k71/src/main/src/call_cutting.cpp:150[0m
[1;36m[REMIND] opt_k not found for node 3, use m directly in function getOptK at /blue/yu.yang1/you.z/route_opt/packages/branching/bkf/include/bkf_controller.hpp:239[0m
current_r_best= 12.8866
we directly test 100
we directly test 4
pseudo= 50 frac= 50
#candidates in phase1= 100
testing lp time= 39.72 s.
-----------------------------------------------------------------------------------------
  0-292 , 264.03|  71-306 , 249.47| 263-306 , 249.47| 138-203 , 248.87|  59-68  , 203.41| 
  0-59  , 180.17|  33-281 , 167.16|   0-7   , 167.16|  12-76  , 167.00| 103-138 , 151.00| 
233-246 , 130.66| 233-263 , 130.64| 124-292 , 126.30| 109-138 , 111.90|  57-130 , 102.45| 
286-292 ,  98.32|  95-279 ,  97.87|  74-95  ,  97.87|  95-281 ,  97.86| 141-295 ,  92.97| 
 71-203 ,  89.93|  43-141 ,  82.45|   0-4   ,  80.04| 194-294 ,  79.44| 203-225 ,  79.05| 
  0-109 ,  77.29|  71-109 ,  76.68|   6-237 ,  63.59| 223-227 ,  61.43|  24-162 ,  60.00| 
131-281 ,  59.89|   0-33  ,  57.84|   0-57  ,  57.12| 221-228 ,  55.04|   0-270 ,  55.03| 
221-270 ,  55.03| 270-279 ,  55.03|  36-142 ,  52.21| 142-152 ,  52.21| 119-157 ,  47.99| 
 10-215 ,  47.68| 192-294 ,  43.77| 192-209 ,  42.76|   0-228 ,  42.55| 199-307 ,  37.00| 
  0-306 ,  36.23|   0-227 ,  36.15|  43-239 ,  36.13|  92-197 ,  35.94| 126-150 ,  35.41| 
128-150 ,  35.41| 143-296 ,  34.15| 264-290 ,  34.03| 278-299 ,  32.20| 183-307 ,  28.92| 
 54-290 ,  27.81| 118-296 ,  23.64|  41-192 ,  23.56| 183-192 ,  23.45|   0-127 ,  23.08| 
  0-143 ,  22.96|   0-68  ,  22.09| 118-143 ,  21.67| 179-297 ,  21.36|  41-169 ,  19.75| 
119-210 ,  18.95| 155-204 ,  17.40| 118-127 ,  16.69| 127-145 ,  16.00| 189-226 ,  14.87| 
208-226 ,  14.87| 145-204 ,  14.64| 157-199 ,  12.35|   0-183 ,  12.05|   5-191 ,  10.57| 
  0-208 ,  10.36|  56-127 ,   9.61| 224-289 ,   7.69|  21-196 ,   6.26|  21-191 ,   5.71| 
 81-199 ,   5.52| 232-275 ,   5.13|   0-66  ,   4.94|  42-136 ,   3.90| 132-302 ,   3.84| 
155-230 ,   3.42| 240-304 ,   3.18|   0-226 ,   2.47| 179-273 ,   1.59| 173-291 ,   1.57| 
 81-294 ,   1.56|   0-293 ,   1.48| 173-231 ,   1.34|   0-41  ,   1.21| 198-284 ,   1.00| 
  0-209 ,   0.99| 178-209 ,   0.99| 132-276 ,   0.47| 169-199 ,   0.42|  81-307 ,   0.40| 
-----------------------------------------------------------------------------------------
edge= 138 203 lp= 1.90891 pre= 2 lp2= 130.374 pre2= 2 score= 248.872
-----------------------------------------------------------------------------------------
edge= 263 306 lp= 1.91346 pre= 2 lp2= 130.374 pre2= 2 score= 249.465
-----------------------------------------------------------------------------------------
edge= 71 306 lp= 1.91346 pre= 2 lp2= 130.374 pre2= 2 score= 249.465
-----------------------------------------------------------------------------------------
edge= 0 292 lp= 79.5286 pre= 2 lp2= 3.31994 pre2= 2 score= 264.03
-----------------------------------------------------------------------------------------
candidate= 0-292 : -
-----------------------------------------------------------------------------------------
it= 7   ncol= 1692  ncstr= 633  mt= 0.5   spt= 0.1   lpval= 94039.0   ub= 94044.0  
-----------------------------------------------------------------------------------------
elapsed time= 90.69 s.
-----------------------------------------------------------------------------------------
candidate= 263-306 : -
-----------------------------------------------------------------------------------------
it= 4   ncol= 1573  ncstr= 633  mt= 0.4   spt= 0.1   lpval= 94004.0   ub= 94044.0  
-----------------------------------------------------------------------------------------
elapsed time= 91.19 s.
-----------------------------------------------------------------------------------------
candidate= 71-306 : -
-----------------------------------------------------------------------------------------
it= 3   ncol= 1571  ncstr= 633  mt= 0.4   spt= 0.1   lpval= 94004.5   ub= 94044.0  
-----------------------------------------------------------------------------------------
elapsed time= 91.65 s.
-----------------------------------------------------------------------------------------
candidate= 138-203 : -
-----------------------------------------------------------------------------------------
it= 5   ncol= 1591  ncstr= 633  mt= 0.4   spt= 0.1   lpval= 94004.9   ub= 94044.0  
-----------------------------------------------------------------------------------------
elapsed time= 92.12 s.
-----------------------------------------------------------------------------------------
candidate= 138-203 : +
-----------------------------------------------------------------------------------------
it= 5   ncol= 1629  ncstr= 633  mt= 0.5   spt= 0.1   lpval= 94025.6   ub= 94044.0  
-----------------------------------------------------------------------------------------
elapsed time= 92.76 s.
-----------------------------------------------------------------------------------------
candidate= 71-306 : +
-----------------------------------------------------------------------------------------
it= 6   ncol= 1666  ncstr= 633  mt= 0.4   spt= 0.1   lpval= 94038.2   ub= 94044.0  
-----------------------------------------------------------------------------------------
elapsed time= 93.32 s.
-----------------------------------------------------------------------------------------
candidate= 263-306 : +
-----------------------------------------------------------------------------------------
it= 6   ncol= 1664  ncstr= 633  mt= 0.5   spt= 0.1   lpval= 94033.8   ub= 94044.0  
-----------------------------------------------------------------------------------------
elapsed time= 93.94 s.
-----------------------------------------------------------------------------------------
candidate= 0-292 : +
-----------------------------------------------------------------------------------------
it= 3   ncol= 1553  ncstr= 633  mt= 0.4   spt= 0.1   lpval= 94005.5   ub= 94044.0  
-----------------------------------------------------------------------------------------
elapsed time= 94.43 s.
-----------------------------------------------------------------------------------------
brc= 0-292
t= 0.19862 c= 49.9874 n= 0 if_b4= 0
t= 0.549715 c= 67.6505 n= 0 if_b4= 0
#########################################################################################
tree size= 1 lb= 94003 ub= 94044
#########################################################################################
idx= 1 value= 94003 enu= 1
brc= 50-103 : -
brc= 76-103 : -
brc= 49-105 : +
brc= 164-295 : -
brc= 62-296 : +
brc= 57-64 : -
brc= 33-56 : -
brc= 14-212 : +
brc= 51-84 : -
brc= 86-118 : -
brc= 33-228 : -
brc= 0-9 : +
brc= 70-133 : +
brc= 250-278 : -
brc= 184-303 : +
brc= 141-164 : -
brc= 113-242 : +
brc= 0-292 : +
it= 4   ncol= 1569  ncstr= 632  mt= 0.4   spt= 0.1   lpval= 94005.5   ub= 94044.0  
-----------------------------------------------------------------------------------------
elapsed time= 97.25 s.
-----------------------------------------------------------------------------------------
columns pending deletion= 37361 remain= 203729 col ratio= 0.816614 row ratio= 0.887658
 ****** Separate RCCs ****** 
 ****** Separate Rank1Cuts ****** 
it= 4   ncol= 1580  ncstr= 704  mt= 0.0   spt= 0.1   lpval= 94006.7   ub= 94044.0  
-----------------------------------------------------------------------------------------
elapsed time= 98.05 s.
-----------------------------------------------------------------------------------------
delete columns= 62970 remain= 140759
[1;36m[REMIND] 2: gap improved= 1.252151 ratio= 0.033603 threshold= 0.040000 in function increaseCondition2 at /blue/yu.yang1/you.z/route_opt/packages/application/X-n313-k71/src/main/src/call_cutting.cpp:74[0m
 ****** Separate RCCs ****** 
 ****** Separate Rank1Cuts ****** 
it= 3   ncol= 1583  ncstr= 655  mt= 0.0   spt= 0.0   lpval= 94007.2   ub= 94044.0  
-----------------------------------------------------------------------------------------
elapsed time= 99.56 s.
-----------------------------------------------------------------------------------------
columns pending deletion= 8470 remain= 140759 col ratio= 0.939826 row ratio= 0.89313
[1;36m[REMIND] 2: gap improved= 0.429092 ratio= 0.011649 threshold= 0.040000 in function increaseCondition2 at /blue/yu.yang1/you.z/route_opt/packages/application/X-n313-k71/src/main/src/call_cutting.cpp:74[0m
 ****** Separate RCCs ****** 
 ****** Separate Rank1Cuts ****** 
it= 3   ncol= 1587  ncstr= 678  mt= 0.0   spt= 0.0   lpval= 94007.3   ub= 94044.0  
-----------------------------------------------------------------------------------------
elapsed time= 100.14 s.
-----------------------------------------------------------------------------------------
columns pending deletion= 11753 remain= 140759 col ratio= 0.916503 row ratio= 0.873156
[1;36m[REMIND] 2: gap improved= 0.107086 ratio= 0.002916 threshold= 0.040000 in function increaseCondition2 at /blue/yu.yang1/you.z/route_opt/packages/application/X-n313-k71/src/main/src/call_cutting.cpp:74[0m
[1;36m[REMIND] tail off counter= 3 threshold= 3 in function setIfTailOff at /blue/yu.yang1/you.z/route_opt/packages/application/X-n313-k71/src/main/src/call_cutting.cpp:150[0m
current_r_best= 3.07932
alpha= 0.37 beta= 11.9269 omega= 251.674 k1= 29
lb_k= 1 ub_k= 37
revise: lb_k= 22 ub_k= 37
opt_k= 31
alpha= 0.75 beta= 11.9269 omega= 123.065 k1= 3
lb_k= 1 ub_k= 3
revise: lb_k= 1 ub_k= 3
opt_k= 3
pseudo= 50 frac= 50
#candidates in phase1= 31
testing lp time= 14.79 s.
-----------------------------------------------------------------------------------------
 59-68  , 141.59|  27-50  , 111.83| 116-145 , 103.52|  18-118 , 100.49| 233-246 ,  89.42| 
 43-141 ,  73.11|  71-109 ,  64.53|   6-237 ,  64.18|   1-109 ,  59.83|  95-281 ,  46.78| 
 10-215 ,  46.68| 187-225 ,  38.72| 278-299 ,  38.17|   0-227 ,  31.39| 270-279 ,  29.02| 
221-270 ,  29.02|  92-197 ,  27.56| 138-213 ,  26.79|   0-33  ,  24.60| 223-227 ,  23.90| 
  0-183 ,  12.49|  23-127 ,   6.18| 138-246 ,   5.28|  85-103 ,   4.50| 260-312 ,   4.14| 
 42-291 ,   3.29|  38-173 ,   2.45|  84-202 ,   2.41|   0-44  ,   1.24|  68-296 ,   0.00| 
 68-182 ,   0.00| 
-----------------------------------------------------------------------------------------
edge= 116 145 lp= 1.26772 pre= 2 lp2= 81.6581 pre2= 2 score= 103.52
-----------------------------------------------------------------------------------------
edge= 27 50 lp= 43.324 pre= 2 lp2= 2.58126 pre2= 2 score= 111.831
-----------------------------------------------------------------------------------------
edge= 59 68 lp= 85.3946 pre= 2 lp2= 1.65809 pre2= 2 score= 141.592
-----------------------------------------------------------------------------------------
candidate= 59-68 : -
-----------------------------------------------------------------------------------------
it= 5   ncol= 1677  ncstr= 679  mt= 0.6   spt= 0.1   lpval= 94060.2   ub= 94044.0  
-----------------------------------------------------------------------------------------
elapsed time= 115.64 s.
-----------------------------------------------------------------------------------------
candidate= 27-50 : -
-----------------------------------------------------------------------------------------
it= 4   ncol= 1645  ncstr= 679  mt= 0.5   spt= 0.0   lpval= 94047.9   ub= 94044.0  
-----------------------------------------------------------------------------------------
elapsed time= 116.22 s.
-----------------------------------------------------------------------------------------
candidate= 27-50 : +
-----------------------------------------------------------------------------------------
it= 3   ncol= 1636  ncstr= 679  mt= 0.4   spt= 0.0   lpval= 94009.8   ub= 94044.0  
-----------------------------------------------------------------------------------------
elapsed time= 116.66 s.
-----------------------------------------------------------------------------------------
candidate= 116-145 : -
-----------------------------------------------------------------------------------------
it= 3   ncol= 1622  ncstr= 679  mt= 0.5   spt= 0.0   lpval= 94008.5   ub= 94044.0  
-----------------------------------------------------------------------------------------
elapsed time= 117.16 s.
-----------------------------------------------------------------------------------------
brc= 27-50
t= 0.218571 c= 27.2501 n= 1 if_b4= 0
t= 0.552781 c= 39.2229 n= 1 if_b4= 0
#########################################################################################
tree size= 2 lb= 94003 ub= 94044
#########################################################################################
idx= 2 value= 94003 enu= 1
brc= 50-103 : -
brc= 76-103 : -
brc= 49-105 : +
brc= 164-295 : -
brc= 62-296 : +
brc= 57-64 : -
brc= 33-56 : -
brc= 14-212 : +
brc= 51-84 : -
brc= 86-118 : -
brc= 33-228 : -
brc= 0-9 : +
brc= 70-133 : +
brc= 250-278 : -
brc= 184-303 : +
brc= 141-164 : -
brc= 113-242 : +
brc= 0-292 : -
it= 6   ncol= 1686  ncstr= 632  mt= 0.2   spt= 0.1   lpval= 94039.0   ub= 94044.0  
-----------------------------------------------------------------------------------------
elapsed time= 119.41 s.
-----------------------------------------------------------------------------------------
delete columns= 202806 remain= 915
 ****** Separate RCCs ****** 
 ****** Separate Rank1Cuts ****** 
it= 4   ncol= 987   ncstr= 620  mt= 0.1   spt= 0.0   lpval= 94052.4   ub= 94044.0  
-----------------------------------------------------------------------------------------
elapsed time= 120.26 s.
-----------------------------------------------------------------------------------------
#########################################################################################
tree size= 1 lb= 94007.3 ub= 94044
#########################################################################################
idx= 3 value= 94007.3 enu= 1
brc= 50-103 : -
brc= 76-103 : -
brc= 49-105 : +
brc= 164-295 : -
brc= 62-296 : +
brc= 57-64 : -
brc= 33-56 : -
brc= 14-212 : +
brc= 51-84 : -
brc= 86-118 : -
brc= 33-228 : -
brc= 0-9 : +
brc= 70-133 : +
brc= 250-278 : -
brc= 184-303 : +
brc= 141-164 : -
brc= 113-242 : +
brc= 0-292 : +
brc= 27-50 : +
it= 4   ncol= 1614  ncstr= 678  mt= 0.4   spt= 0.0   lpval= 94009.8   ub= 94044.0  
-----------------------------------------------------------------------------------------
elapsed time= 120.74 s.
-----------------------------------------------------------------------------------------
delete columns= 33018 remain= 95935
 ****** Separate RCCs ****** 
 ****** Separate Rank1Cuts ****** 
it= 4   ncol= 1567  ncstr= 603  mt= 0.1   spt= 0.0   lpval= 94011.2   ub= 94044.0  
-----------------------------------------------------------------------------------------
elapsed time= 121.76 s.
-----------------------------------------------------------------------------------------
columns pending deletion= 16601 remain= 95935 col ratio= 0.826956 row ratio= 0.910448
 ****** Separate RCCs ****** 
 ****** Separate Rank1Cuts ****** 
it= 3   ncol= 1563  ncstr= 651  mt= 0.0   spt= 0.0   lpval= 94011.6   ub= 94044.0  
-----------------------------------------------------------------------------------------
elapsed time= 122.35 s.
-----------------------------------------------------------------------------------------
columns pending deletion= 20740 remain= 95935 col ratio= 0.783812 row ratio= 0.870968
[1;36m[REMIND] 2: gap improved= 0.409676 ratio= 0.012652 threshold= 0.040000 in function increaseCondition2 at /blue/yu.yang1/you.z/route_opt/packages/application/X-n313-k71/src/main/src/call_cutting.cpp:74[0m
 ****** Separate RCCs ****** 
 ****** Separate Rank1Cuts ****** 
it= 2   ncol= 1565  ncstr= 725  mt= 0.0   spt= 0.0   lpval= 94011.7   ub= 94044.0  
-----------------------------------------------------------------------------------------
elapsed time= 122.98 s.
-----------------------------------------------------------------------------------------
columns pending deletion= 23842 remain= 95935 col ratio= 0.751478 row ratio= 0.811034
[1;36m[REMIND] 2: gap improved= 0.117728 ratio= 0.003649 threshold= 0.040000 in function increaseCondition2 at /blue/yu.yang1/you.z/route_opt/packages/application/X-n313-k71/src/main/src/call_cutting.cpp:74[0m
 ****** Separate Rank1Cuts ****** 
it= 2   ncol= 1559  ncstr= 750  mt= 0.0   spt= 0.0   lpval= 94011.8   ub= 94044.0  
-----------------------------------------------------------------------------------------
elapsed time= 123.48 s.
-----------------------------------------------------------------------------------------
delete columns= 25425 remain= 70510
current_r_best= 3.27145
alpha= 0.37 beta= 9.85359 omega= 124.674 k1= 18
lb_k= 1 ub_k= 37
revise: lb_k= 14 ub_k= 25
opt_k= 20
alpha= 0.75 beta= 9.85359 omega= 70.9556 k1= 3
lb_k= 1 ub_k= 3
revise: lb_k= 1 ub_k= 3
opt_k= 3
pseudo= 50 frac= 50
#candidates in phase1= 20
testing lp time= 6.88 s.
-----------------------------------------------------------------------------------------
194-294 ,  90.93|   6-237 ,  84.91|  36-142 ,  78.07|   8-241 ,  72.85|   0-172 ,  72.85| 
 55-241 ,  72.85|   8-225 ,  72.52| 167-241 ,  72.52|   8-172 ,  72.52| 240-241 ,  72.52| 
 55-172 ,  72.52|   0-227 ,  65.77|  41-169 ,  63.55| 286-292 ,  61.98|  92-197 ,  57.25| 
 10-215 ,  41.47|  41-192 ,  39.02| 126-150 ,  38.48|  47-275 ,  22.11|  73-308 ,   0.00| 
-----------------------------------------------------------------------------------------
edge= 36 142 lp= 44.2351 pre= 2 lp2= 1.76482 pre2= 2 score= 78.0671
-----------------------------------------------------------------------------------------
edge= 6 237 lp= 9.2606 pre= 2 lp2= 9.16863 pre2= 2 score= 84.907
-----------------------------------------------------------------------------------------
edge= 194 294 lp= 2.99939 pre= 2 lp2= 30.3171 pre2= 2 score= 90.9329
-----------------------------------------------------------------------------------------
candidate= 194-294 : -
-----------------------------------------------------------------------------------------
it= 2   ncol= 1572  ncstr= 597  mt= 0.3   spt= 0.0   lpval= 94014.8   ub= 94044.0  
-----------------------------------------------------------------------------------------
elapsed time= 131.35 s.
-----------------------------------------------------------------------------------------
candidate= 194-294 : +
-----------------------------------------------------------------------------------------
it= 4   ncol= 1650  ncstr= 597  mt= 0.4   spt= 0.0   lpval= 94031.3   ub= 94044.0  
-----------------------------------------------------------------------------------------
elapsed time= 131.82 s.
-----------------------------------------------------------------------------------------
candidate= 6-237 : -
-----------------------------------------------------------------------------------------
it= 3   ncol= 1614  ncstr= 597  mt= 0.4   spt= 0.0   lpval= 94019.4   ub= 94044.0  
-----------------------------------------------------------------------------------------
elapsed time= 132.24 s.
-----------------------------------------------------------------------------------------
candidate= 36-142 : -
-----------------------------------------------------------------------------------------
it= 4   ncol= 1627  ncstr= 597  mt= 0.5   spt= 0.0   lpval= 94032.2   ub= 94044.0  
-----------------------------------------------------------------------------------------
elapsed time= 132.72 s.
-----------------------------------------------------------------------------------------
candidate= 6-237 : +
-----------------------------------------------------------------------------------------
it= 4   ncol= 1670  ncstr= 597  mt= 0.4   spt= 0.0   lpval= 94017.2   ub= 94044.0  
-----------------------------------------------------------------------------------------
elapsed time= 133.17 s.
-----------------------------------------------------------------------------------------
brc= 194-294
t= 0.203053 c= 19.8147 n= 2 if_b4= 0
t= 0.512514 c= 28.5834 n= 2 if_b4= 0
#########################################################################################
tree size= 2 lb= 94007.3 ub= 94044
#########################################################################################
idx= 4 value= 94007.3 enu= 1
brc= 50-103 : -
brc= 76-103 : -
brc= 49-105 : +
brc= 164-295 : -
brc= 62-296 : +
brc= 57-64 : -
brc= 33-56 : -
brc= 14-212 : +
brc= 51-84 : -
brc= 86-118 : -
brc= 33-228 : -
brc= 0-9 : +
brc= 70-133 : +
brc= 250-278 : -
brc= 184-303 : +
brc= 141-164 : -
brc= 113-242 : +
brc= 0-292 : +
brc= 27-50 : -
it= 3   ncol= 1641  ncstr= 678  mt= 0.1   spt= 0.0   lpval= 94047.9   ub= 94044.0  
-----------------------------------------------------------------------------------------
elapsed time= 134.59 s.
-----------------------------------------------------------------------------------------
#########################################################################################
tree size= 1 lb= 94011.8 ub= 94044
#########################################################################################
idx= 5 value= 94011.8 enu= 1
brc= 50-103 : -
brc= 76-103 : -
brc= 49-105 : +
brc= 164-295 : -
brc= 62-296 : +
brc= 57-64 : -
brc= 33-56 : -
brc= 14-212 : +
brc= 51-84 : -
brc= 86-118 : -
brc= 33-228 : -
brc= 0-9 : +
brc= 70-133 : +
brc= 250-278 : -
brc= 184-303 : +
brc= 141-164 : -
brc= 113-242 : +
brc= 0-292 : +
brc= 27-50 : +
brc= 194-294 : +
it= 4   ncol= 1617  ncstr= 596  mt= 0.4   spt= 0.0   lpval= 94031.3   ub= 94044.0  
-----------------------------------------------------------------------------------------
elapsed time= 135.09 s.
-----------------------------------------------------------------------------------------
delete columns= 66535 remain= 3897
 ****** Separate RCCs ****** 
 ****** Separate Rank1Cuts ****** 
it= 3   ncol= 1333  ncstr= 621  mt= 0.0   spt= 0.0   lpval= 94035.4   ub= 94044.0  
-----------------------------------------------------------------------------------------
elapsed time= 135.62 s.
-----------------------------------------------------------------------------------------
delete columns= 1983 remain= 1914
mip: row= 560 col= 3136 density= 4.56786%
mip time= 0.80 s.
mip status= 6
update f from 0 to 8.60589
#########################################################################################
tree size= 0 lb= 94011.8 ub= 94044
#########################################################################################
idx= 6 value= 94011.8 enu= 1
brc= 50-103 : -
brc= 76-103 : -
brc= 49-105 : +
brc= 164-295 : -
brc= 62-296 : +
brc= 57-64 : -
brc= 33-56 : -
brc= 14-212 : +
brc= 51-84 : -
brc= 86-118 : -
brc= 33-228 : -
brc= 0-9 : +
brc= 70-133 : +
brc= 250-278 : -
brc= 184-303 : +
brc= 141-164 : -
brc= 113-242 : +
brc= 0-292 : +
brc= 27-50 : +
brc= 194-294 : -
it= 2   ncol= 1580  ncstr= 596  mt= 0.0   spt= 0.0   lpval= 94014.8   ub= 94044.0  
-----------------------------------------------------------------------------------------
elapsed time= 136.83 s.
-----------------------------------------------------------------------------------------
columns pending deletion= 18686 remain= 70507 col ratio= 0.734977 row ratio= 0.963087
 ****** Separate RCCs ****** 
 ****** Separate Rank1Cuts ****** 
it= 2   ncol= 1571  ncstr= 619  mt= 0.0   spt= 0.0   lpval= 94015.7   ub= 94044.0  
-----------------------------------------------------------------------------------------
elapsed time= 137.27 s.
-----------------------------------------------------------------------------------------
delete columns= 25602 remain= 44905
[1;36m[REMIND] 2: gap improved= 0.962041 ratio= 0.034026 threshold= 0.040000 in function increaseCondition2 at /blue/yu.yang1/you.z/route_opt/packages/application/X-n313-k71/src/main/src/call_cutting.cpp:74[0m
 ****** Separate RCCs ****** 
 ****** Separate Rank1Cuts ****** 
it= 2   ncol= 1567  ncstr= 604  mt= 0.0   spt= 0.0   lpval= 94016.5   ub= 94044.0  
-----------------------------------------------------------------------------------------
elapsed time= 138.31 s.
-----------------------------------------------------------------------------------------
columns pending deletion= 4109 remain= 44905 col ratio= 0.908496 row ratio= 0.958609
[1;36m[REMIND] 2: gap improved= 0.757828 ratio= 0.027541 threshold= 0.040000 in function increaseCondition2 at /blue/yu.yang1/you.z/route_opt/packages/application/X-n313-k71/src/main/src/call_cutting.cpp:74[0m
 ****** Separate RCCs ****** 
 ****** Separate Rank1Cuts ****** 
it= 2   ncol= 1551  ncstr= 648  mt= 0.0   spt= 0.0   lpval= 94016.7   ub= 94044.0  
-----------------------------------------------------------------------------------------
elapsed time= 138.88 s.
-----------------------------------------------------------------------------------------
columns pending deletion= 6127 remain= 44905 col ratio= 0.863556 row ratio= 0.907407
[1;36m[REMIND] 2: gap improved= 0.257587 ratio= 0.009450 threshold= 0.040000 in function increaseCondition2 at /blue/yu.yang1/you.z/route_opt/packages/application/X-n313-k71/src/main/src/call_cutting.cpp:74[0m
[1;36m[REMIND] tail off counter= 3 threshold= 3 in function setIfTailOff at /blue/yu.yang1/you.z/route_opt/packages/application/X-n313-k71/src/main/src/call_cutting.cpp:150[0m
current_r_best= 3.6476
alpha= 0.37 beta= 5.11371 omega= 97.5839 k1= 11
lb_k= 1 ub_k= 37
revise: lb_k= 9 ub_k= 15
opt_k= 12
alpha= 0.75 beta= 5.11371 omega= 55.7709 k1= 3
lb_k= 1 ub_k= 3
revise: lb_k= 1 ub_k= 3
opt_k= 3
pseudo= 50 frac= 50
#candidates in phase1= 12
testing lp time= 5.22 s.
-----------------------------------------------------------------------------------------
233-246 ,  63.57|  36-142 ,  62.68|   8-241 ,  33.30|  55-241 ,  33.30|   0-172 ,  33.30| 
  8-172 ,  33.30| 232-304 ,  33.30| 119-275 ,  25.85|  96-240 ,  24.46|  51-130 ,  20.56| 
  0-232 ,  18.73|  30-276 ,  11.36| 
-----------------------------------------------------------------------------------------
edge= 8 241 lp= 40.491 pre= 2 lp2= 0.822487 pre2= 2 score= 33.3033
-----------------------------------------------------------------------------------------
edge= 36 142 lp= 40.491 pre= 2 lp2= 1.54804 pre2= 2 score= 62.6815
-----------------------------------------------------------------------------------------
edge= 233 246 lp= 23.5635 pre= 2 lp2= 2.6979 pre2= 2 score= 63.572
-----------------------------------------------------------------------------------------
candidate= 233-246 : -
-----------------------------------------------------------------------------------------
it= 4   ncol= 1594  ncstr= 649  mt= 0.5   spt= 0.0   lpval= 94026.6   ub= 94044.0  
-----------------------------------------------------------------------------------------
elapsed time= 144.63 s.
-----------------------------------------------------------------------------------------
candidate= 36-142 : -
-----------------------------------------------------------------------------------------
it= 3   ncol= 1595  ncstr= 649  mt= 0.5   spt= 0.0   lpval= 94037.3   ub= 94044.0  
-----------------------------------------------------------------------------------------
elapsed time= 145.15 s.
-----------------------------------------------------------------------------------------
candidate= 8-241 : -
-----------------------------------------------------------------------------------------
it= 4   ncol= 1602  ncstr= 649  mt= 0.5   spt= 0.0   lpval= 94040.7   ub= 94044.0  
-----------------------------------------------------------------------------------------
elapsed time= 145.67 s.
-----------------------------------------------------------------------------------------
candidate= 36-142 : +
-----------------------------------------------------------------------------------------
it= 3   ncol= 1555  ncstr= 649  mt= 0.4   spt= 0.0   lpval= 94018.3   ub= 94044.0  
-----------------------------------------------------------------------------------------
elapsed time= 146.13 s.
-----------------------------------------------------------------------------------------
brc= 36-142
t= 0.206651 c= 15.6418 n= 3 if_b4= 0
t= 0.51108 c= 22.6173 n= 3 if_b4= 0
#########################################################################################
tree size= 1 lb= 94016.7 ub= 94044
#########################################################################################
idx= 7 value= 94016.7 enu= 1
brc= 50-103 : -
brc= 76-103 : -
brc= 49-105 : +
brc= 164-295 : -
brc= 62-296 : +
brc= 57-64 : -
brc= 33-56 : -
brc= 14-212 : +
brc= 51-84 : -
brc= 86-118 : -
brc= 33-228 : -
brc= 0-9 : +
brc= 70-133 : +
brc= 250-278 : -
brc= 184-303 : +
brc= 141-164 : -
brc= 113-242 : +
brc= 0-292 : +
brc= 27-50 : +
brc= 194-294 : -
brc= 36-142 : +
it= 2   ncol= 1524  ncstr= 648  mt= 0.4   spt= 0.0   lpval= 94018.3   ub= 94044.0  
-----------------------------------------------------------------------------------------
elapsed time= 147.70 s.
-----------------------------------------------------------------------------------------
columns pending deletion= 6472 remain= 38674 col ratio= 0.832652 row ratio= 0.868827
 ****** Separate RCCs ****** 
 ****** Separate Rank1Cuts ****** 
it= 2   ncol= 1501  ncstr= 691  mt= 0.0   spt= 0.0   lpval= 94018.8   ub= 94044.0  
-----------------------------------------------------------------------------------------
elapsed time= 148.17 s.
-----------------------------------------------------------------------------------------
columns pending deletion= 9167 remain= 38674 col ratio= 0.762967 row ratio= 0.842258
[1;36m[REMIND] 2: gap improved= 0.524191 ratio= 0.020807 threshold= 0.040000 in function increaseCondition2 at /blue/yu.yang1/you.z/route_opt/packages/application/X-n313-k71/src/main/src/call_cutting.cpp:74[0m
 ****** Separate RCCs ****** 
 ****** Separate Rank1Cuts ****** 
it= 2   ncol= 1508  ncstr= 715  mt= 0.0   spt= 0.0   lpval= 94019.0   ub= 94044.0  
-----------------------------------------------------------------------------------------
elapsed time= 148.71 s.
-----------------------------------------------------------------------------------------
delete columns= 11016 remain= 27658
[1;36m[REMIND] 2: gap improved= 0.171406 ratio= 0.006850 threshold= 0.040000 in function increaseCondition2 at /blue/yu.yang1/you.z/route_opt/packages/application/X-n313-k71/src/main/src/call_cutting.cpp:74[0m
 ****** Separate Rank1Cuts ****** 
it= 2   ncol= 1509  ncstr= 610  mt= 0.0   spt= 0.0   lpval= 94019.0   ub= 94044.0  
-----------------------------------------------------------------------------------------
elapsed time= 149.67 s.
-----------------------------------------------------------------------------------------
columns pending deletion= 1321 remain= 27658 col ratio= 0.952238 row ratio= 0.947541
current_r_best= 1.69319
alpha= 0.37 beta= 9.66699 omega= 75.6921 k1= 14
lb_k= 1 ub_k= 37
revise: lb_k= 10 ub_k= 20
opt_k= 16
alpha= 0.75 beta= 9.66699 omega= 44.2538 k1= 3
lb_k= 1 ub_k= 3
revise: lb_k= 1 ub_k= 3
opt_k= 3
pseudo= 50 frac= 50
#candidates in phase1= 16
testing lp time= 5.54 s.
-----------------------------------------------------------------------------------------
172-304 ,  81.58|   8-241 ,  81.58|  55-241 ,  81.58|   0-172 ,  81.58|   8-172 ,  81.58| 
225-307 ,  81.58|  43-295 ,  64.99|  43-290 ,  64.99| 119-181 ,  58.58| 130-302 ,  53.33| 
221-270 ,  38.77| 233-246 ,  25.48| 126-150 ,  22.78| 119-275 ,  21.89|   0-96  ,  17.88| 
  5-196 ,   2.21| 
-----------------------------------------------------------------------------------------
edge= 55 241 lp= 125.877 pre= 2 lp2= 0.648062 pre2= 2 score= 81.576
-----------------------------------------------------------------------------------------
edge= 8 241 lp= 125.877 pre= 2 lp2= 0.648062 pre2= 2 score= 81.576
-----------------------------------------------------------------------------------------
edge= 172 304 lp= 0.648063 pre= 2 lp2= 125.877 pre2= 2 score= 81.5762
-----------------------------------------------------------------------------------------
candidate= 172-304 : -
-----------------------------------------------------------------------------------------
it= 3   ncol= 1513  ncstr= 611  mt= 0.4   spt= 0.0   lpval= 94019.6   ub= 94044.0  
-----------------------------------------------------------------------------------------
elapsed time= 155.58 s.
-----------------------------------------------------------------------------------------
candidate= 55-241 : -
-----------------------------------------------------------------------------------------
it= 5   ncol= 1574  ncstr= 611  mt= 0.5   spt= 0.0   lpval= 94050.2   ub= 94044.0  
-----------------------------------------------------------------------------------------
elapsed time= 156.12 s.
-----------------------------------------------------------------------------------------
candidate= 8-241 : -
-----------------------------------------------------------------------------------------
it= 4   ncol= 1566  ncstr= 611  mt= 0.5   spt= 0.0   lpval= 94041.4   ub= 94044.0  
-----------------------------------------------------------------------------------------
elapsed time= 156.65 s.
-----------------------------------------------------------------------------------------
candidate= 172-304 : +
-----------------------------------------------------------------------------------------
it= 4   ncol= 1568  ncstr= 611  mt= 0.5   spt= 0.0   lpval= 94050.2   ub= 94044.0  
-----------------------------------------------------------------------------------------
elapsed time= 157.18 s.
-----------------------------------------------------------------------------------------
candidate= 55-241 : +
-----------------------------------------------------------------------------------------
it= 2   ncol= 1505  ncstr= 611  mt= 0.4   spt= 0.0   lpval= 94019.6   ub= 94044.0  
-----------------------------------------------------------------------------------------
elapsed time= 157.53 s.
-----------------------------------------------------------------------------------------
brc= 172-304
t= 0.199958 c= 13.2236 n= 4 if_b4= 0
t= 0.50147 c= 19.1266 n= 4 if_b4= 0
#########################################################################################
tree size= 2 lb= 94016.7 ub= 94044
#########################################################################################
idx= 8 value= 94016.7 enu= 1
brc= 50-103 : -
brc= 76-103 : -
brc= 49-105 : +
brc= 164-295 : -
brc= 62-296 : +
brc= 57-64 : -
brc= 33-56 : -
brc= 14-212 : +
brc= 51-84 : -
brc= 86-118 : -
brc= 33-228 : -
brc= 0-9 : +
brc= 70-133 : +
brc= 250-278 : -
brc= 184-303 : +
brc= 141-164 : -
brc= 113-242 : +
brc= 0-292 : +
brc= 27-50 : +
brc= 194-294 : -
brc= 36-142 : -
it= 3   ncol= 1577  ncstr= 648  mt= 0.1   spt= 0.0   lpval= 94037.3   ub= 94044.0  
-----------------------------------------------------------------------------------------
elapsed time= 158.70 s.
-----------------------------------------------------------------------------------------
delete columns= 37300 remain= 1375
 ****** Separate RCCs ****** 
 ****** Separate Rank1Cuts ****** 
it= 3   ncol= 1127  ncstr= 584  mt= 0.1   spt= 0.0   lpval= 94042.0   ub= 94044.0  
-----------------------------------------------------------------------------------------
elapsed time= 159.29 s.
-----------------------------------------------------------------------------------------
delete columns= 801 remain= 574
mip: row= 545 col= 1229 density= 3.79185%
mip time= 0.07 s.
mip status= 3
#########################################################################################
tree size= 1 lb= 94019 ub= 94044
#########################################################################################
idx= 9 value= 94019 enu= 1
brc= 50-103 : -
brc= 76-103 : -
brc= 49-105 : +
brc= 164-295 : -
brc= 62-296 : +
brc= 57-64 : -
brc= 33-56 : -
brc= 14-212 : +
brc= 51-84 : -
brc= 86-118 : -
brc= 33-228 : -
brc= 0-9 : +
brc= 70-133 : +
brc= 250-278 : -
brc= 184-303 : +
brc= 141-164 : -
brc= 113-242 : +
brc= 0-292 : +
brc= 27-50 : +
brc= 194-294 : -
brc= 36-142 : +
brc= 172-304 : +
it= 5   ncol= 1559  ncstr= 610  mt= 0.5   spt= 0.0   lpval= 94050.2   ub= 94044.0  
-----------------------------------------------------------------------------------------
elapsed time= 159.86 s.
-----------------------------------------------------------------------------------------
#########################################################################################
tree size= 0 lb= 94019 ub= 94044
#########################################################################################
idx= 10 value= 94019 enu= 1
brc= 50-103 : -
brc= 76-103 : -
brc= 49-105 : +
brc= 164-295 : -
brc= 62-296 : +
brc= 57-64 : -
brc= 33-56 : -
brc= 14-212 : +
brc= 51-84 : -
brc= 86-118 : -
brc= 33-228 : -
brc= 0-9 : +
brc= 70-133 : +
brc= 250-278 : -
brc= 184-303 : +
brc= 141-164 : -
brc= 113-242 : +
brc= 0-292 : +
brc= 27-50 : +
brc= 194-294 : -
brc= 36-142 : +
brc= 172-304 : -
it= 2   ncol= 1507  ncstr= 610  mt= 0.0   spt= 0.0   lpval= 94019.6   ub= 94044.0  
-----------------------------------------------------------------------------------------
elapsed time= 159.92 s.
-----------------------------------------------------------------------------------------
columns pending deletion= 1451 remain= 26332 col ratio= 0.944896 row ratio= 0.939344
 ****** Separate RCCs ****** 
 ****** Separate Rank1Cuts ****** 
it= 2   ncol= 1476  ncstr= 640  mt= 0.0   spt= 0.0   lpval= 94019.9   ub= 94044.0  
-----------------------------------------------------------------------------------------
elapsed time= 160.45 s.
-----------------------------------------------------------------------------------------
columns pending deletion= 2451 remain= 26332 col ratio= 0.906919 row ratio= 0.917188
[1;36m[REMIND] 2: gap improved= 0.314821 ratio= 0.013063 threshold= 0.040000 in function increaseCondition2 at /blue/yu.yang1/you.z/route_opt/packages/application/X-n313-k71/src/main/src/call_cutting.cpp:74[0m
 ****** Separate RCCs ****** 
 ****** Separate Rank1Cuts ****** 
it= 2   ncol= 1473  ncstr= 673  mt= 0.0   spt= 0.0   lpval= 94020.1   ub= 94044.0  
-----------------------------------------------------------------------------------------
elapsed time= 160.96 s.
-----------------------------------------------------------------------------------------
columns pending deletion= 3462 remain= 26332 col ratio= 0.868525 row ratio= 0.882615
[1;36m[REMIND] 2: gap improved= 0.172001 ratio= 0.007188 threshold= 0.040000 in function increaseCondition2 at /blue/yu.yang1/you.z/route_opt/packages/application/X-n313-k71/src/main/src/call_cutting.cpp:74[0m
 ****** Separate RCCs ****** 
 ****** Separate Rank1Cuts ****** 
it= 2   ncol= 1473  ncstr= 690  mt= 0.0   spt= 0.0   lpval= 94020.1   ub= 94044.0  
-----------------------------------------------------------------------------------------
elapsed time= 161.46 s.
-----------------------------------------------------------------------------------------
columns pending deletion= 4660 remain= 26332 col ratio= 0.823029 row ratio= 0.868116
current_r_best= 0.826393
pseudo= 50 frac= 50
#candidates in phase1= 37
testing lp time= 18.18 s.
-----------------------------------------------------------------------------------------
187-225 , 143.63| 283-286 ,  98.45| 261-283 ,  98.45|   6-237 ,  94.12| 138-203 ,  74.60| 
103-138 ,  74.60| 286-292 ,  71.24|  59-68  ,  68.42| 167-186 ,  67.54| 164-260 ,  65.34| 
 95-281 ,  63.63|  95-279 ,  63.63|  74-95  ,  63.63| 233-246 ,  63.52| 221-270 ,  49.04| 
109-213 ,  46.22| 130-302 ,  45.63| 118-143 ,  41.31|  43-295 ,  40.76|  43-290 ,  40.76| 
  0-167 ,  38.31|  16-167 ,  38.31|  16-186 ,  37.40|   0-186 ,  37.40|   0-227 ,  35.85| 
 61-201 ,  33.47| 126-150 ,  31.01|  92-197 ,  30.51| 108-301 ,  25.26| 187-246 ,  17.94| 
  0-187 ,  15.47|   0-100 ,   6.92|  90-302 ,   4.29|  98-123 ,   2.18| 149-238 ,   2.10| 
 98-231 ,   1.93|  98-135 ,   1.77| 
-----------------------------------------------------------------------------------------
edge= 261 283 lp= 1.12881 pre= 2 lp2= 87.2189 pre2= 2 score= 98.4537
-----------------------------------------------------------------------------------------
edge= 283 286 lp= 1.12881 pre= 2 lp2= 87.2189 pre2= 2 score= 98.4537
-----------------------------------------------------------------------------------------
edge= 187 225 lp= 2.03152 pre= 2 lp2= 70.6983 pre2= 2 score= 143.625
-----------------------------------------------------------------------------------------
candidate= 187-225 : -
-----------------------------------------------------------------------------------------
it= 3   ncol= 1487  ncstr= 691  mt= 0.5   spt= 0.0   lpval= 94021.9   ub= 94044.0  
-----------------------------------------------------------------------------------------
elapsed time= 180.15 s.
-----------------------------------------------------------------------------------------
candidate= 187-225 : +
-----------------------------------------------------------------------------------------
it= 3   ncol= 1525  ncstr= 691  mt= 0.6   spt= 0.0   lpval= 94059.0   ub= 94044.0  
-----------------------------------------------------------------------------------------
elapsed time= 180.71 s.
-----------------------------------------------------------------------------------------
candidate= 261-283 : -
-----------------------------------------------------------------------------------------
it= 3   ncol= 1474  ncstr= 691  mt= 0.5   spt= 0.0   lpval= 94021.3   ub= 94044.0  
-----------------------------------------------------------------------------------------
elapsed time= 181.17 s.
-----------------------------------------------------------------------------------------
candidate= 283-286 : -
-----------------------------------------------------------------------------------------
it= 3   ncol= 1474  ncstr= 691  mt= 0.5   spt= 0.0   lpval= 94021.3   ub= 94044.0  
-----------------------------------------------------------------------------------------
elapsed time= 181.63 s.
-----------------------------------------------------------------------------------------
candidate= 261-283 : +
-----------------------------------------------------------------------------------------
it= 4   ncol= 1546  ncstr= 691  mt= 0.5   spt= 0.0   lpval= 94091.1   ub= 94044.0  
-----------------------------------------------------------------------------------------
elapsed time= 182.14 s.
-----------------------------------------------------------------------------------------
candidate= 283-286 : +
-----------------------------------------------------------------------------------------
it= 4   ncol= 1546  ncstr= 691  mt= 0.5   spt= 0.0   lpval= 94091.1   ub= 94044.0  
-----------------------------------------------------------------------------------------
elapsed time= 182.66 s.
-----------------------------------------------------------------------------------------
brc= 261-283
t= 0.207578 c= 11.5372 n= 5 if_b4= 0
t= 0.50138 c= 17.721 n= 5 if_b4= 0
#########################################################################################
tree size= 1 lb= 94020.1 ub= 94044
#########################################################################################
idx= 11 value= 94020.1 enu= 1
brc= 50-103 : -
brc= 76-103 : -
brc= 49-105 : +
brc= 164-295 : -
brc= 62-296 : +
brc= 57-64 : -
brc= 33-56 : -
brc= 14-212 : +
brc= 51-84 : -
brc= 86-118 : -
brc= 33-228 : -
brc= 0-9 : +
brc= 70-133 : +
brc= 250-278 : -
brc= 184-303 : +
brc= 141-164 : -
brc= 113-242 : +
brc= 0-292 : +
brc= 27-50 : +
brc= 194-294 : -
brc= 36-142 : +
brc= 172-304 : -
brc= 261-283 : +
it= 4   ncol= 1518  ncstr= 690  mt= 0.5   spt= 0.0   lpval= 94091.1   ub= 94044.0  
-----------------------------------------------------------------------------------------
elapsed time= 184.32 s.
-----------------------------------------------------------------------------------------
#########################################################################################
tree size= 0 lb= 94020.1 ub= 94044
#########################################################################################
idx= 12 value= 94020.1 enu= 1
brc= 50-103 : -
brc= 76-103 : -
brc= 49-105 : +
brc= 164-295 : -
brc= 62-296 : +
brc= 57-64 : -
brc= 33-56 : -
brc= 14-212 : +
brc= 51-84 : -
brc= 86-118 : -
brc= 33-228 : -
brc= 0-9 : +
brc= 70-133 : +
brc= 250-278 : -
brc= 184-303 : +
brc= 141-164 : -
brc= 113-242 : +
brc= 0-292 : +
brc= 27-50 : +
brc= 194-294 : -
brc= 36-142 : +
brc= 172-304 : -
brc= 261-283 : -
it= 2   ncol= 1473  ncstr= 690  mt= 0.0   spt= 0.0   lpval= 94021.3   ub= 94044.0  
-----------------------------------------------------------------------------------------
elapsed time= 184.37 s.
-----------------------------------------------------------------------------------------
columns pending deletion= 2202 remain= 21672 col ratio= 0.898394 row ratio= 0.842029
 ****** Separate RCCs ****** 
 ****** Separate Rank1Cuts ****** 
it= 2   ncol= 1468  ncstr= 730  mt= 0.0   spt= 0.0   lpval= 94021.8   ub= 94044.0  
-----------------------------------------------------------------------------------------
elapsed time= 184.84 s.
-----------------------------------------------------------------------------------------
columns pending deletion= 3438 remain= 21672 col ratio= 0.841362 row ratio= 0.810959
[1;36m[REMIND] 2: gap improved= 0.474140 ratio= 0.021310 threshold= 0.040000 in function increaseCondition2 at /blue/yu.yang1/you.z/route_opt/packages/application/X-n313-k71/src/main/src/call_cutting.cpp:74[0m
mip: row= 592 col= 19700 density= 6.27447%
mip time= 35.46 s.
mip status= 6
update f from 8.60589 to 22.2495
#########################################################################################
[32m<Instance: X-n313-k71>
<Solution>
<UB= 94044>
<LB= 94044>
<Elapsed Time= 220.9>
<Nodes Explored= 13>
<Global Gap= 0%>[0m
#########################################################################################
File nodes/X-n313-k71_2_1_2_3_0_1_1_G32.node deleted successfully.
