application type: CVRP
X-n313-k71_2_0_0_1_2_6_0_0_G32.node
Set parameter ServerTimeout to value 600
Set parameter TokenServer to value "grb-ts.ufhpc"
Set parameter Threads to value 1
instance name= X-n313-k71
#########################################################################################
tree size= 0 lb= 0 ub= 94044
#########################################################################################
idx= 1 value= 93988.7 enu= 0
brc= 50-103 : -
brc= 76-103 : -
brc= 49-105 : +
brc= 164-295 : +
brc= 221-228 : +
brc= 0-57 : -
brc= 211-295 : +
brc= 270-279 : -
brc= 0-121 : -
brc= 147-174 : +
brc= 74-252 : -
brc= 18-224 : -
brc= 190-217 : -
brc= 24-250 : -
brc= 18-301 : -
brc= 207-230 : -
brc= 117-237 : +
brc= 30-128 : +
brc= 19-106 : +
-----------------------------------------------------------------------------------------
 ****** Pricing Level: LIGHT HEUR ****** 
it= 9   ncol= 1488  ncstr= 615  mt= 0.3   spt= 0.2   lpval= 94034.4   ub= 94044.0  
 ****** Pricing Level: HEAVY HEUR ****** 
it= 5   ncol= 1519  ncstr= 615  mt= 0.1   spt= 0.4   lpval= 94026.1   ub= 94044.0  
 ****** Pricing Level: EXACT ****** 
it= 3   ncol= 1576  ncstr= 615  mt= 0.0   spt= 2.6   lpval= 94026.1   ub= 94044.0  
-----------------------------------------------------------------------------------------
elapsed time= 7.26 s.
-----------------------------------------------------------------------------------------
-----------------------------------------------------------------------------------------
 ****** Run Arc Elimination ****** 
arc elimination time= 0.44 s.
previous= 31.3383% maximum= 1.04414%
eliminate bucket arcs time= 0.28 s.
obtain jump arcs time= 0.01 s.
-----------------------------------------------------------------------------------------
-----------------------------------------------------------------------------------------
elapsed time= 8.33 s.
-----------------------------------------------------------------------------------------
-----------------------------------------------------------------------------------------
 ****** Try Enumeration ****** 
#labels= 18889 #routes= 1
labeling 1 time= 0.09 s.
concatenate time= 0.04 s.
#routes= 9071
average gap of successful enumeration= 0.000180018
next try value > 93987
-----------------------------------------------------------------------------------------
elapsed time= 8.52 s.
-----------------------------------------------------------------------------------------
 ****** Process Enumeration Matrix ****** 
delete non-ele routes lp val= 94028.4
recover rank1c lp val= 94028.6
recover rcc lp val= 94029.8
obtain rcc coefficient time= 0.00 s.
obtain r1c coefficient time= 0.01 s.
obtain matrix from triplets time= 0.01 s.
delete columns by branch time= 0.00 s.
columns pending deletion= 25 remain= 9071 col ratio= 0.997244 row ratio= 1
regenerate enumeration matrix time= 0.00 s.
-----------------------------------------------------------------------------------------
elapsed time= 10.15 s.
-----------------------------------------------------------------------------------------
it= 2   ncol= 1260  ncstr= 567  mt= 0.0   spt= 0.0   lpval= 94029.8   ub= 94044.0  
-----------------------------------------------------------------------------------------
elapsed time= 10.16 s.
-----------------------------------------------------------------------------------------
delete columns= 4621 remain= 4450
 ****** Separate RCCs ****** 
 ****** Separate Rank1Cuts ****** 
it= 4   ncol= 1127  ncstr= 550  mt= 0.0   spt= 0.0   lpval= 94041.1   ub= 94044.0  
-----------------------------------------------------------------------------------------
elapsed time= 10.67 s.
-----------------------------------------------------------------------------------------
delete columns= 3794 remain= 656
mip: row= 511 col= 1343 density= 3.26663%
mip time= 0.06 s.
mip status= 3
update f from 0 to 2.85878
#########################################################################################
[32m<Instance: X-n313-k71>
<Solution>
<UB= 94044>
<LB= 94044>
<Elapsed Time= 10.7>
<Nodes Explored= 1>
<Global Gap= 0%>[0m
#########################################################################################
File nodes/X-n313-k71_2_0_0_1_2_6_0_0_G32.node deleted successfully.
