application type: CVRP
X-n313-k71_1_0_1_1_2_2_10_2_G32.node
Set parameter ServerTimeout to value 600
Set parameter TokenServer to value "grb-ts.ufhpc"
Set parameter Threads to value 1
instance name= X-n313-k71
#########################################################################################
tree size= 0 lb= 0 ub= 94044
#########################################################################################
idx= 5 value= 94002.8 enu= 0
brc= 50-103 : -
brc= 76-103 : +
brc= 57-64 : +
brc= 164-295 : -
brc= 223-227 : +
brc= 250-278 : -
brc= 126-152 : +
brc= 233-246 : -
brc= 33-281 : -
brc= 6-137 : +
brc= 117-207 : -
brc= 106-207 : -
brc= 207-237 : +
brc= 95-279 : -
brc= 106-202 : -
brc= 162-250 : -
brc= 162-171 : -
brc= 162-189 : -
brc= 260-299 : -
brc= 74-299 : -
brc= 74-312 : -
brc= 74-260 : -
brc= 0-260 : -
brc= 109-138 : +
brc= 3-174 : -
brc= 208-226 : -
brc= 223-246 : +
-----------------------------------------------------------------------------------------
 ****** Pricing Level: LIGHT HEUR ****** 
it= 9   ncol= 1389  ncstr= 602  mt= 0.1   spt= 0.2   lpval= 94012.9   ub= 94044.0  
 ****** Pricing Level: HEAVY HEUR ****** 
it= 4   ncol= 1445  ncstr= 602  mt= 0.0   spt= 0.3   lpval= 94012.8   ub= 94044.0  
 ****** Pricing Level: EXACT ****** 
it= 4   ncol= 1679  ncstr= 602  mt= 0.1   spt= 4.7   lpval= 94012.8   ub= 94044.0  
-----------------------------------------------------------------------------------------
elapsed time= 8.97 s.
-----------------------------------------------------------------------------------------
-----------------------------------------------------------------------------------------
 ****** Run Arc Elimination ****** 
arc elimination time= 2.89 s.
previous= 71.9962% maximum= 1.77043%
eliminate bucket arcs time= 0.42 s.
obtain jump arcs time= 0.01 s.
-----------------------------------------------------------------------------------------
-----------------------------------------------------------------------------------------
elapsed time= 12.62 s.
-----------------------------------------------------------------------------------------
-----------------------------------------------------------------------------------------
 ****** Try Enumeration ****** 
#labels= 89170 #routes= 4
labeling 1 time= 1.05 s.
concatenate time= 1.21 s.
#routes= 80410
average gap of successful enumeration= 0.000321108
next try value > 93996.3
-----------------------------------------------------------------------------------------
elapsed time= 14.96 s.
-----------------------------------------------------------------------------------------
 ****** Process Enumeration Matrix ****** 
delete non-ele routes lp val= 94012.8
recover rank1c lp val= 94012.9
recover rcc lp val= 94013.2
obtain rcc coefficient time= 0.02 s.
obtain r1c coefficient time= 0.13 s.
obtain matrix from triplets time= 0.09 s.
delete columns by branch time= 0.00 s.
columns pending deletion= 214 remain= 80410 col ratio= 0.997339 row ratio= 1
regenerate enumeration matrix time= 0.00 s.
-----------------------------------------------------------------------------------------
elapsed time= 16.69 s.
-----------------------------------------------------------------------------------------
it= 3   ncol= 1286  ncstr= 550  mt= 0.0   spt= 0.0   lpval= 94013.2   ub= 94044.0  
-----------------------------------------------------------------------------------------
elapsed time= 16.73 s.
-----------------------------------------------------------------------------------------
columns pending deletion= 14574 remain= 80410 col ratio= 0.818754 row ratio= 0.94
 ****** Separate RCCs ****** 
 ****** Separate Rank1Cuts ****** 
it= 4   ncol= 1286  ncstr= 622  mt= 0.1   spt= 0.0   lpval= 94026.0   ub= 94044.0  
-----------------------------------------------------------------------------------------
elapsed time= 17.40 s.
-----------------------------------------------------------------------------------------
delete columns= 70572 remain= 9838
mip: row= 529 col= 11042 density= 4.61426%
mip time= 6.54 s.
mip status= 6
update f from 0 to 18.0105
#########################################################################################
[32m<Instance: X-n313-k71>
<Solution>
<UB= 94044>
<LB= 94044>
<Elapsed Time= 24>
<Nodes Explored= 1>
<Global Gap= 0%>[0m
#########################################################################################
File nodes/X-n313-k71_1_0_1_1_2_2_10_2_G32.node deleted successfully.
