application type: CVRP
X-n313-k71_2_1_1_2_2_3_2_1_G32.node
Set parameter ServerTimeout to value 600
Set parameter TokenServer to value "grb-ts.ufhpc"
Set parameter Threads to value 1
instance name= X-n313-k71
#########################################################################################
tree size= 0 lb= 0 ub= 94044
#########################################################################################
idx= 3 value= 93980 enu= 0
brc= 50-103 : -
brc= 76-103 : -
brc= 49-105 : +
brc= 164-295 : -
brc= 62-296 : +
brc= 57-64 : -
brc= 33-56 : +
brc= 143-296 : -
brc= 0-57 : -
brc= 147-174 : +
brc= 141-164 : -
brc= 164-260 : -
brc= 59-292 : +
brc= 74-217 : -
brc= 70-121 : -
brc= 233-246 : -
brc= 223-246 : +
brc= 0-133 : -
brc= 119-308 : -
brc= 236-311 : +
brc= 22-54 : -
brc= 23-86 : +
-----------------------------------------------------------------------------------------
 ****** Pricing Level: LIGHT HEUR ****** 
it= 5   ncol= 1153  ncstr= 668  mt= 0.1   spt= 0.2   lpval= 93982.0   ub= 94044.0  
 ****** Pricing Level: HEAVY HEUR ****** 
it= 3   ncol= 1172  ncstr= 668  mt= 0.0   spt= 0.3   lpval= 93981.8   ub= 94044.0  
 ****** Pricing Level: EXACT ****** 
it= 4   ncol= 1289  ncstr= 668  mt= 0.1   spt= 6.0   lpval= 93981.3   ub= 94044.0  
-----------------------------------------------------------------------------------------
elapsed time= 10.42 s.
-----------------------------------------------------------------------------------------
-----------------------------------------------------------------------------------------
 ****** Run Arc Elimination ****** 
arc elimination time= 12.43 s.
previous= 90.4768% maximum= 3.83216%
eliminate bucket arcs time= 0.80 s.
obtain jump arcs time= 0.01 s.
-----------------------------------------------------------------------------------------
-----------------------------------------------------------------------------------------
elapsed time= 24.00 s.
-----------------------------------------------------------------------------------------
 ****** Separate RCCs ****** 
 ****** Separate Rank1Cuts ****** 
-----------------------------------------------------------------------------------------
 ****** Pricing Level: LIGHT HEUR ****** 
it= 3   ncol= 1308  ncstr= 736  mt= 0.3   spt= 0.1   lpval= 93983.3   ub= 94044.0  
 ****** Pricing Level: HEAVY HEUR ****** 
it= 4   ncol= 1338  ncstr= 736  mt= 0.1   spt= 0.3   lpval= 93983.0   ub= 94044.0  
 ****** Pricing Level: EXACT ****** 
it= 4   ncol= 1370  ncstr= 736  mt= 0.1   spt= 5.5   lpval= 93983.0   ub= 94044.0  
-----------------------------------------------------------------------------------------
elapsed time= 32.29 s.
-----------------------------------------------------------------------------------------
[1;36m[REMIND] 2: gap improved= 1.690153 ratio= 0.027717 threshold= 0.040000 in function increaseCondition2 at /blue/yu.yang1/you.z/route_opt/packages/application/X-n313-k71/src/main/src/call_cutting.cpp:74[0m
 ****** Separate RCCs ****** 
 ****** Separate Rank1Cuts ****** 
-----------------------------------------------------------------------------------------
 ****** Pricing Level: LIGHT HEUR ****** 
it= 7   ncol= 1517  ncstr= 776  mt= 0.4   spt= 0.2   lpval= 93984.0   ub= 94044.0  
 ****** Pricing Level: HEAVY HEUR ****** 
it= 4   ncol= 1567  ncstr= 776  mt= 0.0   spt= 0.3   lpval= 93984.0   ub= 94044.0  
 ****** Pricing Level: EXACT ****** 
it= 3   ncol= 1778  ncstr= 776  mt= 0.1   spt= 4.0   lpval= 93984.0   ub= 94044.0  
-----------------------------------------------------------------------------------------
elapsed time= 39.70 s.
-----------------------------------------------------------------------------------------
[1;36m[REMIND] 2: gap improved= 0.947477 ratio= 0.015783 threshold= 0.040000 in function increaseCondition2 at /blue/yu.yang1/you.z/route_opt/packages/application/X-n313-k71/src/main/src/call_cutting.cpp:74[0m
 ****** Separate RCCs ****** 
 ****** Separate Rank1Cuts ****** 
-----------------------------------------------------------------------------------------
 ****** Pricing Level: LIGHT HEUR ****** 
it= 2   ncol= 1779  ncstr= 725  mt= 0.4   spt= 0.1   lpval= 93984.2   ub= 94044.0  
 ****** Pricing Level: HEAVY HEUR ****** 
it= 2   ncol= 1792  ncstr= 725  mt= 0.0   spt= 0.1   lpval= 93984.2   ub= 94044.0  
 ****** Pricing Level: EXACT ****** 
it= 4   ncol= 1832  ncstr= 725  mt= 0.1   spt= 5.3   lpval= 93984.2   ub= 94044.0  
-----------------------------------------------------------------------------------------
elapsed time= 47.41 s.
-----------------------------------------------------------------------------------------
[1;36m[REMIND] 2: gap improved= 0.228825 ratio= 0.003826 threshold= 0.040000 in function increaseCondition2 at /blue/yu.yang1/you.z/route_opt/packages/application/X-n313-k71/src/main/src/call_cutting.cpp:74[0m
[1;36m[REMIND] tail off counter= 3 threshold= 3 in function setIfTailOff at /blue/yu.yang1/you.z/route_opt/packages/application/X-n313-k71/src/main/src/call_cutting.cpp:150[0m
[1;36m[REMIND] opt_k not found for node 3, use m directly in function getOptK at /blue/yu.yang1/you.z/route_opt/packages/branching/bkf/include/bkf_controller.hpp:239[0m
current_r_best= 3.08446
we directly test 100
we directly test 4
pseudo= 50 frac= 50
#candidates in phase1= 100
testing lp time= 36.95 s.
-----------------------------------------------------------------------------------------
  0-12  , 353.31|  59-68  , 220.30|  12-68  , 220.28|  70-133 , 220.05| 126-152 , 197.65| 
 48-133 , 156.02| 209-261 , 149.64|  27-178 , 149.64|  27-50  , 136.17| 202-269 , 131.62| 
 51-82  , 110.18| 246-263 , 100.70| 223-233 , 100.69|   0-246 , 100.68|  44-133 ,  95.80| 
102-133 ,  95.80|   3-269 ,  76.85|   1-103 ,  67.55|  95-281 ,  64.38|  14-154 ,  59.99| 
154-212 ,  59.99|  14-212 ,  59.99|  19-237 ,  52.26| 115-237 ,  52.26|  19-128 ,  52.26| 
 41-192 ,  52.01|  71-203 ,  49.99| 113-242 ,  48.72|   0-32  ,  43.24| 203-225 ,  37.24| 
 96-304 ,  37.24|  84-145 ,  32.22|   0-233 ,  26.63| 118-143 ,  23.33|  52-143 ,  23.33| 
 86-127 ,  23.33|   0-143 ,  23.33|   7-127 ,  23.20|  48-57  ,  20.38|  29-218 ,  20.22| 
108-301 ,  20.22|  57-130 ,  19.47| 164-175 ,  19.36|  70-153 ,  19.10| 207-269 ,  17.57| 
 54-295 ,  17.50| 182-286 ,  16.76|   0-34  ,  14.90| 117-174 ,  14.22|  41-305 ,  14.16| 
  7-141 ,  11.62|  56-93  ,  11.62|   0-164 ,  11.61|  93-130 ,  11.61| 145-175 ,  11.61| 
  7-164 ,  11.61| 175-295 ,  11.60| 138-233 ,  11.05| 190-280 ,  10.99|  51-116 ,  10.98| 
 87-182 ,  10.96|  84-89  ,  10.39|  72-145 ,  10.14|  72-164 ,  10.14| 164-281 ,  10.14| 
170-286 ,   8.67|   0-87  ,   7.89| 261-305 ,   7.04| 261-286 ,   7.04| 192-209 ,   6.96| 
 22-266 ,   6.87|   0-78  ,   6.56|  30-89  ,   6.32|  30-269 ,   6.32|  87-116 ,   5.28| 
179-293 ,   4.09| 164-299 ,   3.63|  56-164 ,   3.63|  47-192 ,   3.56| 175-252 ,   2.89| 
108-218 ,   2.41| 208-224 ,   2.26| 238-293 ,   2.21|  90-93  ,   2.08| 192-305 ,   1.96| 
239-295 ,   1.95|   0-218 ,   1.83|   0-235 ,   1.66|  11-284 ,   1.48|   0-251 ,   1.39| 
141-175 ,   1.35|   0-206 ,   1.19|   0-222 ,   0.85|  87-218 ,   0.82| 256-297 ,   0.76| 
  0-231 ,   0.60|   0-272 ,   0.56|  54-239 ,   0.40|   0-188 ,   0.10|   0-170 ,   0.10| 
-----------------------------------------------------------------------------------------
edge= 70 133 lp= 40.289 pre= 2 lp2= 5.46181 pre2= 2 score= 220.051
-----------------------------------------------------------------------------------------
edge= 12 68 lp= 2.66381 pre= 2 lp2= 82.695 pre2= 2 score= 220.284
-----------------------------------------------------------------------------------------
edge= 59 68 lp= 82.6951 pre= 2 lp2= 2.664 pre2= 2 score= 220.3
-----------------------------------------------------------------------------------------
edge= 0 12 lp= 82.6951 pre= 2 lp2= 4.27248 pre2= 2 score= 353.313
-----------------------------------------------------------------------------------------
candidate= 0-12 : -
-----------------------------------------------------------------------------------------
-----------------------------------------------------------------------------------------
 ****** Pricing Level: LIGHT HEUR ****** 
it= 7   ncol= 1324  ncstr= 659  mt= 0.5   spt= 0.2   lpval= 94033.5   ub= 94044.0  
 ****** Pricing Level: HEAVY HEUR ****** 
it= 6   ncol= 1415  ncstr= 659  mt= 0.1   spt= 0.4   lpval= 94031.6   ub= 94044.0  
-----------------------------------------------------------------------------------------
elapsed time= 86.47 s.
-----------------------------------------------------------------------------------------
candidate= 59-68 : -
-----------------------------------------------------------------------------------------
-----------------------------------------------------------------------------------------
 ****** Pricing Level: LIGHT HEUR ****** 
it= 6   ncol= 1311  ncstr= 659  mt= 0.5   spt= 0.2   lpval= 94043.3   ub= 94044.0  
 ****** Pricing Level: HEAVY HEUR ****** 
it= 5   ncol= 1387  ncstr= 659  mt= 0.1   spt= 0.4   lpval= 94040.9   ub= 94044.0  
-----------------------------------------------------------------------------------------
elapsed time= 88.27 s.
-----------------------------------------------------------------------------------------
candidate= 12-68 : -
-----------------------------------------------------------------------------------------
-----------------------------------------------------------------------------------------
 ****** Pricing Level: LIGHT HEUR ****** 
it= 3   ncol= 1261  ncstr= 659  mt= 0.3   spt= 0.1   lpval= 93984.6   ub= 94044.0  
 ****** Pricing Level: HEAVY HEUR ****** 
it= 4   ncol= 1286  ncstr= 659  mt= 0.0   spt= 0.3   lpval= 93984.6   ub= 94044.0  
-----------------------------------------------------------------------------------------
elapsed time= 89.47 s.
-----------------------------------------------------------------------------------------
candidate= 70-133 : -
-----------------------------------------------------------------------------------------
-----------------------------------------------------------------------------------------
 ****** Pricing Level: LIGHT HEUR ****** 
it= 8   ncol= 1373  ncstr= 659  mt= 0.6   spt= 0.2   lpval= 94000.0   ub= 94044.0  
 ****** Pricing Level: HEAVY HEUR ****** 
it= 5   ncol= 1430  ncstr= 659  mt= 0.2   spt= 0.4   lpval= 93998.1   ub= 94044.0  
-----------------------------------------------------------------------------------------
elapsed time= 91.66 s.
-----------------------------------------------------------------------------------------
candidate= 0-12 : +
-----------------------------------------------------------------------------------------
-----------------------------------------------------------------------------------------
 ****** Pricing Level: LIGHT HEUR ****** 
it= 4   ncol= 1303  ncstr= 659  mt= 0.4   spt= 0.1   lpval= 93984.6   ub= 94044.0  
 ****** Pricing Level: HEAVY HEUR ****** 
it= 5   ncol= 1326  ncstr= 659  mt= 0.0   spt= 0.4   lpval= 93984.6   ub= 94044.0  
-----------------------------------------------------------------------------------------
elapsed time= 93.12 s.
-----------------------------------------------------------------------------------------
candidate= 59-68 : +
-----------------------------------------------------------------------------------------
-----------------------------------------------------------------------------------------
 ****** Pricing Level: LIGHT HEUR ****** 
it= 7   ncol= 1365  ncstr= 659  mt= 0.3   spt= 0.2   lpval= 93986.7   ub= 94044.0  
 ****** Pricing Level: HEAVY HEUR ****** 
it= 4   ncol= 1421  ncstr= 659  mt= 0.1   spt= 0.3   lpval= 93986.7   ub= 94044.0  
-----------------------------------------------------------------------------------------
elapsed time= 94.64 s.
-----------------------------------------------------------------------------------------
brc= 59-68
t= 0.184737 c= 49.6638 n= 0 if_b4= 1
t= 1.70814 c= 63.0131 n= 0 if_b4= 1
nodes already exists
memory usage= 5GB.
#########################################################################################
tree size= 0 lb= 93984.2 ub= 94044
#########################################################################################
idx= 2 value= 93984.2 enu= 0
brc= 50-103 : -
brc= 76-103 : -
brc= 49-105 : +
brc= 164-295 : -
brc= 62-296 : +
brc= 57-64 : -
brc= 33-56 : +
brc= 143-296 : -
brc= 0-57 : -
brc= 147-174 : +
brc= 141-164 : -
brc= 164-260 : -
brc= 59-292 : +
brc= 74-217 : -
brc= 70-121 : -
brc= 233-246 : -
brc= 223-246 : +
brc= 0-133 : -
brc= 119-308 : -
brc= 236-311 : +
brc= 22-54 : -
brc= 23-86 : +
brc= 59-68 : -
-----------------------------------------------------------------------------------------
 ****** Pricing Level: LIGHT HEUR ****** 
it= 7   ncol= 1321  ncstr= 658  mt= 0.5   spt= 0.2   lpval= 94043.4   ub= 94044.0  
 ****** Pricing Level: HEAVY HEUR ****** 
it= 6   ncol= 1383  ncstr= 658  mt= 0.1   spt= 0.4   lpval= 94040.9   ub= 94044.0  
 ****** Pricing Level: EXACT ****** 
it= 6   ncol= 1518  ncstr= 658  mt= 0.2   spt= 7.2   lpval= 94040.3   ub= 94044.0  
-----------------------------------------------------------------------------------------
elapsed time= 105.27 s.
-----------------------------------------------------------------------------------------
-----------------------------------------------------------------------------------------
 ****** Run Arc Elimination ****** 
arc elimination time= 0.21 s.
previous= 11.0649% maximum= 0.424008%
eliminate bucket arcs time= 0.32 s.
obtain jump arcs time= 0.01 s.
-----------------------------------------------------------------------------------------
-----------------------------------------------------------------------------------------
elapsed time= 105.83 s.
-----------------------------------------------------------------------------------------
-----------------------------------------------------------------------------------------
 ****** Try Enumeration ****** 
#labels= 3112 #routes= 1
labeling 1 time= 0.02 s.
concatenate time= 0.00 s.
#routes= 969
average gap of successful enumeration= 2.85322e-05
next try value > 93994.3
-----------------------------------------------------------------------------------------
elapsed time= 105.91 s.
-----------------------------------------------------------------------------------------
 ****** Process Enumeration Matrix ****** 
delete non-ele routes lp val= 94040.4
recover rank1c lp val= 94040.5
recover rcc lp val= 94041.6
obtain rcc coefficient time= 0.00 s.
obtain r1c coefficient time= 0.00 s.
obtain matrix from triplets time= 0.00 s.
delete columns by branch time= 0.00 s.
columns pending deletion= 15 remain= 969 col ratio= 0.98452 row ratio= 1
regenerate enumeration matrix time= 0.00 s.
-----------------------------------------------------------------------------------------
elapsed time= 107.91 s.
-----------------------------------------------------------------------------------------
it= 2   ncol= 1328  ncstr= 613  mt= 0.0   spt= 0.0   lpval= 94041.4   ub= 94044.0  
-----------------------------------------------------------------------------------------
elapsed time= 107.94 s.
-----------------------------------------------------------------------------------------
delete columns= 329 remain= 640
 ****** Separate RCCs ****** 
 ****** Separate Rank1Cuts ****** 
it= 4   ncol= 730   ncstr= 608  mt= 0.1   spt= 0.0   lpval= 94096.8   ub= 94044.0  
-----------------------------------------------------------------------------------------
elapsed time= 108.63 s.
-----------------------------------------------------------------------------------------
#########################################################################################
[32m<Instance: X-n313-k71>
<Solution>
<UB= 94044>
<LB= 94044>
<Elapsed Time= 108.6>
<Nodes Explored= 2>
<Global Gap= 0%>[0m
#########################################################################################
File nodes/X-n313-k71_2_1_1_2_2_3_2_1_G32.node deleted successfully.
