application type: CVRP
X-n313-k71_2_2_2_4_4_2_0_G32.node
Set parameter ServerTimeout to value 600
Set parameter TokenServer to value "grb-ts.ufhpc"
Set parameter Threads to value 1
instance name= X-n313-k71
#########################################################################################
tree size= 0 lb= 0 ub= 94044
#########################################################################################
idx= 1 value= 93979.3 enu= 0
brc= 50-103 : -
brc= 76-103 : -
brc= 49-105 : +
brc= 164-295 : -
brc= 62-296 : -
brc= 126-152 : +
brc= 7-127 : -
brc= 250-278 : -
brc= 19-115 : +
brc= 136-143 : -
brc= 33-281 : -
brc= 132-230 : -
brc= 207-230 : -
brc= 52-143 : +
brc= 249-285 : -
brc= 18-224 : -
brc= 162-208 : -
brc= 30-276 : -
brc= 22-239 : +
brc= 303-311 : -
brc= 236-303 : -
brc= 139-269 : +
brc= 24-162 : +
-----------------------------------------------------------------------------------------
 ****** Pricing Level: LIGHT HEUR ****** 
it= 5   ncol= 1666  ncstr= 583  mt= 0.4   spt= 0.1   lpval= 93987.2   ub= 94044.0  
 ****** Pricing Level: HEAVY HEUR ****** 
it= 3   ncol= 1688  ncstr= 583  mt= 0.0   spt= 0.2   lpval= 93987.2   ub= 94044.0  
 ****** Pricing Level: EXACT ****** 
it= 4   ncol= 1735  ncstr= 583  mt= 0.1   spt= 3.6   lpval= 93987.1   ub= 94044.0  
-----------------------------------------------------------------------------------------
elapsed time= 7.83 s.
-----------------------------------------------------------------------------------------
-----------------------------------------------------------------------------------------
 ****** Run Arc Elimination ****** 
arc elimination time= 6.46 s.
previous= 80.7911% maximum= 3.27794%
eliminate bucket arcs time= 0.59 s.
obtain jump arcs time= 0.01 s.
-----------------------------------------------------------------------------------------
-----------------------------------------------------------------------------------------
elapsed time= 15.23 s.
-----------------------------------------------------------------------------------------
-----------------------------------------------------------------------------------------
 ****** Try Enumeration ****** 
max_val= 76930 stop_b= 10 max_idx= 7 num_label= 271341 max_label_in_enumeration= 500000 q= 22.5978 aq.size()= 21 left_bin= 3 left_labels= 228659
status= LABEL_FOR_LIMIT
#labels= 271341 #routes= 23
labeling 1 time= 7.54 s.
next try value > 93995.8
-----------------------------------------------------------------------------------------
elapsed time= 22.83 s.
-----------------------------------------------------------------------------------------
 ****** Separate RCCs ****** 
 ****** Separate Rank1Cuts ****** 
-----------------------------------------------------------------------------------------
 ****** Pricing Level: LIGHT HEUR ****** 
it= 6   ncol= 1800  ncstr= 691  mt= 0.3   spt= 0.2   lpval= 93989.8   ub= 94044.0  
 ****** Pricing Level: HEAVY HEUR ****** 
it= 3   ncol= 1822  ncstr= 691  mt= 0.0   spt= 0.2   lpval= 93989.8   ub= 94044.0  
 ****** Pricing Level: EXACT ****** 
it= 3   ncol= 1910  ncstr= 691  mt= 0.0   spt= 2.3   lpval= 93989.8   ub= 94044.0  
-----------------------------------------------------------------------------------------
elapsed time= 27.43 s.
-----------------------------------------------------------------------------------------
 ****** Separate RCCs ****** 
 ****** Separate Rank1Cuts ****** 
-----------------------------------------------------------------------------------------
 ****** Pricing Level: LIGHT HEUR ****** 
it= 2   ncol= 1913  ncstr= 664  mt= 0.3   spt= 0.1   lpval= 93990.6   ub= 94044.0  
 ****** Pricing Level: HEAVY HEUR ****** 
it= 3   ncol= 1925  ncstr= 664  mt= 0.0   spt= 0.2   lpval= 93990.5   ub= 94044.0  
 ****** Pricing Level: EXACT ****** 
it= 5   ncol= 1979  ncstr= 664  mt= 0.0   spt= 4.6   lpval= 93990.5   ub= 94044.0  
-----------------------------------------------------------------------------------------
elapsed time= 33.88 s.
-----------------------------------------------------------------------------------------
[1;36m[REMIND] 2: gap improved= 0.656038 ratio= 0.012254 threshold= 0.040000 in function increaseCondition2 at /blue/yu.yang1/you.z/route_opt/packages/application/X-n313-k71/src/main/src/call_cutting.cpp:74[0m
 ****** Separate RCCs ****** 
 ****** Separate Rank1Cuts ****** 
-----------------------------------------------------------------------------------------
 ****** Pricing Level: LIGHT HEUR ****** 
it= 2   ncol= 1988  ncstr= 642  mt= 0.2   spt= 0.1   lpval= 93990.9   ub= 94044.0  
 ****** Pricing Level: HEAVY HEUR ****** 
it= 3   ncol= 2023  ncstr= 642  mt= 0.0   spt= 0.2   lpval= 93990.9   ub= 94044.0  
 ****** Pricing Level: EXACT ****** 
it= 4   ncol= 2049  ncstr= 642  mt= 0.1   spt= 3.7   lpval= 93990.9   ub= 94044.0  
-----------------------------------------------------------------------------------------
elapsed time= 39.49 s.
-----------------------------------------------------------------------------------------
[1;36m[REMIND] 2: gap improved= 0.387308 ratio= 0.007287 threshold= 0.040000 in function increaseCondition2 at /blue/yu.yang1/you.z/route_opt/packages/application/X-n313-k71/src/main/src/call_cutting.cpp:74[0m
 ****** Separate RCCs ****** 
 ****** Separate Rank1Cuts ****** 
-----------------------------------------------------------------------------------------
 ****** Pricing Level: LIGHT HEUR ****** 
it= 1   ncol= 2049  ncstr= 621  mt= 0.2   spt= 0.0   lpval= 93991.1   ub= 94044.0  
 ****** Pricing Level: HEAVY HEUR ****** 
it= 2   ncol= 2053  ncstr= 621  mt= 0.0   spt= 0.1   lpval= 93991.1   ub= 94044.0  
 ****** Pricing Level: EXACT ****** 
it= 1   ncol= 2053  ncstr= 621  mt= 0.0   spt= 1.0   lpval= 93991.1   ub= 94044.0  
-----------------------------------------------------------------------------------------
elapsed time= 41.50 s.
-----------------------------------------------------------------------------------------
[1;36m[REMIND] gap improved= 0.219201 threshold= 0.224585 in function setIfTailOff at /blue/yu.yang1/you.z/route_opt/packages/application/X-n313-k71/src/main/src/call_cutting.cpp:133[0m
[1;36m[REMIND] opt_k not found for node 1, use m directly in function getOptK at /blue/yu.yang1/you.z/route_opt/packages/branching/bkf/include/bkf_controller.hpp:239[0m
current_r_best= 8.54352
we directly test 100
we directly test 4
pseudo= 50 frac= 50
#candidates in phase1= 100
testing lp time= 27.16 s.
-----------------------------------------------------------------------------------------
208-226 , 110.99| 189-226 , 110.99| 224-289 , 100.32|  95-281 ,  71.51|  74-95  ,  68.29| 
 95-279 ,  68.29|  74-234 ,  46.83|  33-127 ,  44.57|   7-56  ,  44.57| 116-145 ,  43.61| 
 74-217 ,  42.44| 159-265 ,  41.88| 159-278 ,  41.88|  74-252 ,  39.48| 118-127 ,  35.19| 
 23-118 ,  35.19| 164-260 ,  34.12| 136-296 ,  33.91|   0-136 ,  33.90|   0-296 ,  33.68| 
127-145 ,  33.68|  23-296 ,  33.68|  90-228 ,  33.55|   0-69  ,  33.46|  90-122 ,  33.40| 
 25-265 ,  33.03| 278-289 ,  33.03|  53-54  ,  31.77| 243-287 ,  30.16| 125-171 ,  24.17| 
189-250 ,  24.17|  33-56  ,  22.73|   7-33  ,  17.65|   0-145 ,  17.34|   0-74  ,  17.22| 
116-302 ,  15.93| 174-221 ,  15.18| 214-224 ,  14.27| 171-214 ,  14.27|   6-60  ,  14.00| 
 95-252 ,  12.78|   0-270 ,  11.56|   7-281 ,  11.52| 164-175 ,  11.26|  56-228 ,   6.73| 
132-257 ,   6.61| 208-217 ,   5.79| 171-299 ,   5.65|  89-106 ,   5.60|   3-137 ,   5.60| 
 19-60  ,   5.44|   6-137 ,   5.43| 128-202 ,   5.38|   3-269 ,   5.36|  29-30  ,   5.15| 
  0-106 ,   4.72|  57-130 ,   4.60|  72-295 ,   4.55|  87-155 ,   4.45|   9-128 ,   4.33| 
  0-114 ,   4.25|   0-243 ,   4.20|  84-130 ,   3.63|   2-130 ,   3.47|   0-175 ,   3.46| 
 29-204 ,   3.25|   4-150 ,   3.12|   0-130 ,   3.06| 258-311 ,   2.76|  57-64  ,   2.22| 
 51-64  ,   2.11| 191-256 ,   2.05|   0-9   ,   2.03|  57-84  ,   2.03| 113-232 ,   1.82| 
 67-282 ,   1.63|  59-68  ,   1.59| 214-217 ,   1.52|  67-251 ,   0.98|   7-295 ,   0.87| 
205-259 ,   0.86| 218-224 ,   0.85|  82-137 ,   0.81|  17-45  ,   0.69|  67-297 ,   0.69| 
  0-259 ,   0.61|   0-274 ,   0.59| 158-166 ,   0.57| 177-179 ,   0.49|   0-166 ,   0.47| 
  0-251 ,   0.41| 191-196 ,   0.34| 166-215 ,   0.34| 138-187 ,   0.30| 138-283 ,   0.30| 
166-179 ,   0.24| 213-306 ,   0.13| 192-305 ,   0.04|  47-181 ,   0.04|  60-150 ,   0.00| 
-----------------------------------------------------------------------------------------
edge= 224 289 lp= 2.99697 pre= 2 lp2= 33.4721 pre2= 2 score= 100.315
-----------------------------------------------------------------------------------------
edge= 95 281 lp= 52.0085 pre= 2 lp2= 1.37503 pre2= 2 score= 71.5133
-----------------------------------------------------------------------------------------
edge= 189 226 lp= 2.51658 pre= 0 lp2= 44.1038 pre2= 2 score= 110.99
-----------------------------------------------------------------------------------------
edge= 208 226 lp= 2.51658 pre= 0 lp2= 44.1038 pre2= 2 score= 110.99
-----------------------------------------------------------------------------------------
candidate= 189-226 : +
-----------------------------------------------------------------------------------------
-----------------------------------------------------------------------------------------
 ****** Pricing Level: LIGHT HEUR ****** 
it= 6   ncol= 1504  ncstr= 583  mt= 0.3   spt= 0.2   lpval= 93998.9   ub= 94044.0  
 ****** Pricing Level: HEAVY HEUR ****** 
it= 5   ncol= 1550  ncstr= 583  mt= 0.0   spt= 0.3   lpval= 93998.7   ub= 94044.0  
-----------------------------------------------------------------------------------------
elapsed time= 70.52 s.
-----------------------------------------------------------------------------------------
candidate= 208-226 : +
-----------------------------------------------------------------------------------------
-----------------------------------------------------------------------------------------
 ****** Pricing Level: LIGHT HEUR ****** 
it= 5   ncol= 1474  ncstr= 583  mt= 0.4   spt= 0.1   lpval= 93998.9   ub= 94044.0  
 ****** Pricing Level: HEAVY HEUR ****** 
it= 3   ncol= 1519  ncstr= 583  mt= 0.0   spt= 0.2   lpval= 93998.7   ub= 94044.0  
-----------------------------------------------------------------------------------------
elapsed time= 71.65 s.
-----------------------------------------------------------------------------------------
candidate= 224-289 : -
-----------------------------------------------------------------------------------------
-----------------------------------------------------------------------------------------
 ****** Pricing Level: LIGHT HEUR ****** 
it= 6   ncol= 1503  ncstr= 583  mt= 0.3   spt= 0.2   lpval= 93993.9   ub= 94044.0  
 ****** Pricing Level: HEAVY HEUR ****** 
it= 4   ncol= 1561  ncstr= 583  mt= 0.1   spt= 0.3   lpval= 93991.9   ub= 94044.0  
-----------------------------------------------------------------------------------------
elapsed time= 72.95 s.
-----------------------------------------------------------------------------------------
candidate= 95-281 : -
-----------------------------------------------------------------------------------------
-----------------------------------------------------------------------------------------
 ****** Pricing Level: LIGHT HEUR ****** 
it= 6   ncol= 1487  ncstr= 583  mt= 0.4   spt= 0.2   lpval= 94005.5   ub= 94044.0  
 ****** Pricing Level: HEAVY HEUR ****** 
it= 7   ncol= 1576  ncstr= 583  mt= 0.1   spt= 0.5   lpval= 94004.0   ub= 94044.0  
-----------------------------------------------------------------------------------------
elapsed time= 74.73 s.
-----------------------------------------------------------------------------------------
candidate= 224-289 : +
-----------------------------------------------------------------------------------------
-----------------------------------------------------------------------------------------
 ****** Pricing Level: LIGHT HEUR ****** 
it= 6   ncol= 1488  ncstr= 583  mt= 0.3   spt= 0.2   lpval= 94015.6   ub= 94044.0  
 ****** Pricing Level: HEAVY HEUR ****** 
it= 5   ncol= 1561  ncstr= 583  mt= 0.1   spt= 0.3   lpval= 94012.6   ub= 94044.0  
-----------------------------------------------------------------------------------------
elapsed time= 76.22 s.
-----------------------------------------------------------------------------------------
candidate= 208-226 : -
-----------------------------------------------------------------------------------------
-----------------------------------------------------------------------------------------
 ****** Pricing Level: LIGHT HEUR ****** 
it= 5   ncol= 1474  ncstr= 583  mt= 0.3   spt= 0.1   lpval= 93993.2   ub= 94044.0  
 ****** Pricing Level: HEAVY HEUR ****** 
it= 4   ncol= 1530  ncstr= 583  mt= 0.0   spt= 0.3   lpval= 93993.2   ub= 94044.0  
-----------------------------------------------------------------------------------------
elapsed time= 77.39 s.
-----------------------------------------------------------------------------------------
brc= 224-289
t= 0.135792 c= 43.4221 n= 0 if_b4= 1
t= 1.38685 c= 52.8408 n= 0 if_b4= 1
nodes already exists
memory usage= 5GB.
#########################################################################################
tree size= 0 lb= 93991.1 ub= 94044
#########################################################################################
idx= 2 value= 93991.1 enu= 0
brc= 50-103 : -
brc= 76-103 : -
brc= 49-105 : +
brc= 164-295 : -
brc= 62-296 : -
brc= 126-152 : +
brc= 7-127 : -
brc= 250-278 : -
brc= 19-115 : +
brc= 136-143 : -
brc= 33-281 : -
brc= 132-230 : -
brc= 207-230 : -
brc= 52-143 : +
brc= 249-285 : -
brc= 18-224 : -
brc= 162-208 : -
brc= 30-276 : -
brc= 22-239 : +
brc= 303-311 : -
brc= 236-303 : -
brc= 139-269 : +
brc= 24-162 : +
brc= 224-289 : -
-----------------------------------------------------------------------------------------
 ****** Pricing Level: LIGHT HEUR ****** 
it= 7   ncol= 1502  ncstr= 582  mt= 0.3   spt= 0.2   lpval= 93993.9   ub= 94044.0  
 ****** Pricing Level: HEAVY HEUR ****** 
it= 4   ncol= 1564  ncstr= 582  mt= 0.1   spt= 0.3   lpval= 93991.9   ub= 94044.0  
 ****** Pricing Level: EXACT ****** 
it= 3   ncol= 1578  ncstr= 582  mt= 0.0   spt= 2.8   lpval= 93991.9   ub= 94044.0  
-----------------------------------------------------------------------------------------
elapsed time= 82.53 s.
-----------------------------------------------------------------------------------------
 ****** Separate RCCs ****** 
 ****** Separate Rank1Cuts ****** 
-----------------------------------------------------------------------------------------
 ****** Pricing Level: LIGHT HEUR ****** 
it= 3   ncol= 1610  ncstr= 622  mt= 0.2   spt= 0.1   lpval= 93992.2   ub= 94044.0  
 ****** Pricing Level: HEAVY HEUR ****** 
it= 2   ncol= 1615  ncstr= 622  mt= 0.0   spt= 0.1   lpval= 93992.2   ub= 94044.0  
 ****** Pricing Level: EXACT ****** 
it= 2   ncol= 1626  ncstr= 622  mt= 0.0   spt= 1.7   lpval= 93992.2   ub= 94044.0  
-----------------------------------------------------------------------------------------
elapsed time= 85.66 s.
-----------------------------------------------------------------------------------------
[1;36m[REMIND] 2: gap improved= 0.312319 ratio= 0.006028 threshold= 0.040000 in function increaseCondition2 at /blue/yu.yang1/you.z/route_opt/packages/application/X-n313-k71/src/main/src/call_cutting.cpp:74[0m
 ****** Separate RCCs ****** 
 ****** Separate Rank1Cuts ****** 
-----------------------------------------------------------------------------------------
 ****** Pricing Level: LIGHT HEUR ****** 
it= 6   ncol= 1712  ncstr= 664  mt= 0.3   spt= 0.2   lpval= 93992.4   ub= 94044.0  
 ****** Pricing Level: HEAVY HEUR ****** 
it= 3   ncol= 1751  ncstr= 664  mt= 0.0   spt= 0.2   lpval= 93992.4   ub= 94044.0  
 ****** Pricing Level: EXACT ****** 
it= 4   ncol= 1772  ncstr= 664  mt= 0.0   spt= 3.7   lpval= 93992.4   ub= 94044.0  
-----------------------------------------------------------------------------------------
elapsed time= 91.90 s.
-----------------------------------------------------------------------------------------
-----------------------------------------------------------------------------------------
 ****** Run Arc Elimination ****** 
arc elimination time= 5.20 s.
previous= 90.8048% maximum= 2.97606%
eliminate bucket arcs time= 0.50 s.
obtain jump arcs time= 0.01 s.
-----------------------------------------------------------------------------------------
-----------------------------------------------------------------------------------------
elapsed time= 97.63 s.
-----------------------------------------------------------------------------------------
[1;36m[REMIND] 2: gap improved= 0.211922 ratio= 0.004107 threshold= 0.040000 in function increaseCondition2 at /blue/yu.yang1/you.z/route_opt/packages/application/X-n313-k71/src/main/src/call_cutting.cpp:74[0m
 ****** Separate RCCs ****** 
 ****** Separate Rank1Cuts ****** 
-----------------------------------------------------------------------------------------
 ****** Pricing Level: LIGHT HEUR ****** 
it= 1   ncol= 1772  ncstr= 611  mt= 0.2   spt= 0.0   lpval= 93992.5   ub= 94044.0  
 ****** Pricing Level: HEAVY HEUR ****** 
it= 3   ncol= 1775  ncstr= 611  mt= 0.0   spt= 0.2   lpval= 93992.4   ub= 94044.0  
 ****** Pricing Level: EXACT ****** 
it= 3   ncol= 1786  ncstr= 611  mt= 0.0   spt= 2.6   lpval= 93992.4   ub= 94044.0  
-----------------------------------------------------------------------------------------
elapsed time= 101.94 s.
-----------------------------------------------------------------------------------------
current_r_best= 0.992455
pseudo= 50 frac= 50
#candidates in phase1= 37
testing lp time= 10.00 s.
-----------------------------------------------------------------------------------------
 95-281 ,  98.92|  74-234 ,  76.29|  74-95  ,  76.16|  95-279 ,  76.16| 159-278 ,  66.36| 
224-299 ,  65.35|  25-265 ,  64.37| 106-115 ,  43.28| 189-250 ,  39.95| 125-171 ,  39.95| 
 23-118 ,  38.97|  90-228 ,  31.21| 164-260 ,  31.02|  90-122 ,  31.02|   7-33  ,  21.98| 
164-175 ,  13.36|   2-132 ,  11.69|   6-137 ,  11.47|  19-60  ,  11.46|  51-116 ,   8.16| 
 84-89  ,   7.99| 171-299 ,   6.48|   2-51  ,   6.36|  28-32  ,   5.83|   0-114 ,   5.35| 
  9-32  ,   4.71|  19-150 ,   3.70| 164-299 ,   2.31|   6-28  ,   0.52| 198-244 ,   0.52| 
286-292 ,   0.09|  62-182 ,   0.09|  32-153 ,   0.09|   0-277 ,   0.04|  82-277 ,   0.04| 
 57-202 ,   0.02|  12-59  ,   0.00| 
-----------------------------------------------------------------------------------------
edge= 74 95 lp= 0.962722 pre= 2 lp2= 79.1132 pre2= 2 score= 76.164
-----------------------------------------------------------------------------------------
edge= 74 234 lp= 0.964283 pre= 2 lp2= 79.1132 pre2= 2 score= 76.2875
-----------------------------------------------------------------------------------------
edge= 95 281 lp= 79.1132 pre= 2 lp2= 1.25041 pre2= 2 score= 98.9243
-----------------------------------------------------------------------------------------
candidate= 95-281 : -
-----------------------------------------------------------------------------------------
-----------------------------------------------------------------------------------------
 ****** Pricing Level: LIGHT HEUR ****** 
it= 7   ncol= 1307  ncstr= 592  mt= 0.5   spt= 0.2   lpval= 94009.8   ub= 94044.0  
 ****** Pricing Level: HEAVY HEUR ****** 
it= 5   ncol= 1368  ncstr= 592  mt= 0.1   spt= 0.3   lpval= 94007.0   ub= 94044.0  
-----------------------------------------------------------------------------------------
elapsed time= 114.05 s.
-----------------------------------------------------------------------------------------
candidate= 74-234 : -
-----------------------------------------------------------------------------------------
-----------------------------------------------------------------------------------------
 ****** Pricing Level: LIGHT HEUR ****** 
it= 5   ncol= 1257  ncstr= 592  mt= 0.2   spt= 0.1   lpval= 93993.4   ub= 94044.0  
 ****** Pricing Level: HEAVY HEUR ****** 
it= 4   ncol= 1298  ncstr= 592  mt= 0.0   spt= 0.3   lpval= 93993.4   ub= 94044.0  
-----------------------------------------------------------------------------------------
elapsed time= 115.19 s.
-----------------------------------------------------------------------------------------
candidate= 74-95 : -
-----------------------------------------------------------------------------------------
-----------------------------------------------------------------------------------------
 ****** Pricing Level: LIGHT HEUR ****** 
it= 4   ncol= 1257  ncstr= 592  mt= 0.3   spt= 0.1   lpval= 93993.4   ub= 94044.0  
 ****** Pricing Level: HEAVY HEUR ****** 
it= 3   ncol= 1291  ncstr= 592  mt= 0.0   spt= 0.2   lpval= 93993.4   ub= 94044.0  
-----------------------------------------------------------------------------------------
elapsed time= 116.16 s.
-----------------------------------------------------------------------------------------
candidate= 74-95 : +
-----------------------------------------------------------------------------------------
-----------------------------------------------------------------------------------------
 ****** Pricing Level: LIGHT HEUR ****** 
it= 7   ncol= 1346  ncstr= 592  mt= 0.6   spt= 0.2   lpval= 94014.6   ub= 94044.0  
 ****** Pricing Level: HEAVY HEUR ****** 
it= 5   ncol= 1420  ncstr= 592  mt= 0.1   spt= 0.3   lpval= 94008.6   ub= 94044.0  
-----------------------------------------------------------------------------------------
elapsed time= 117.96 s.
-----------------------------------------------------------------------------------------
candidate= 74-234 : +
-----------------------------------------------------------------------------------------
-----------------------------------------------------------------------------------------
 ****** Pricing Level: LIGHT HEUR ****** 
it= 8   ncol= 1358  ncstr= 592  mt= 0.7   spt= 0.2   lpval= 94010.6   ub= 94044.0  
 ****** Pricing Level: HEAVY HEUR ****** 
it= 4   ncol= 1405  ncstr= 592  mt= 0.1   spt= 0.3   lpval= 94007.4   ub= 94044.0  
-----------------------------------------------------------------------------------------
elapsed time= 119.89 s.
-----------------------------------------------------------------------------------------
candidate= 95-281 : +
-----------------------------------------------------------------------------------------
-----------------------------------------------------------------------------------------
 ****** Pricing Level: LIGHT HEUR ****** 
it= 4   ncol= 1247  ncstr= 592  mt= 0.2   spt= 0.1   lpval= 93993.7   ub= 94044.0  
 ****** Pricing Level: HEAVY HEUR ****** 
it= 3   ncol= 1279  ncstr= 592  mt= 0.0   spt= 0.2   lpval= 93993.7   ub= 94044.0  
-----------------------------------------------------------------------------------------
elapsed time= 120.75 s.
-----------------------------------------------------------------------------------------
brc= 95-281
t= 0.135489 c= 35.9272 n= 1 if_b4= 1
t= 1.39562 c= 41.0309 n= 1 if_b4= 1
nodes already exists
memory usage= 5GB.
#########################################################################################
tree size= 0 lb= 93992.4 ub= 94044
#########################################################################################
idx= 4 value= 93992.4 enu= 0
brc= 50-103 : -
brc= 76-103 : -
brc= 49-105 : +
brc= 164-295 : -
brc= 62-296 : -
brc= 126-152 : +
brc= 7-127 : -
brc= 250-278 : -
brc= 19-115 : +
brc= 136-143 : -
brc= 33-281 : -
brc= 132-230 : -
brc= 207-230 : -
brc= 52-143 : +
brc= 249-285 : -
brc= 18-224 : -
brc= 162-208 : -
brc= 30-276 : -
brc= 22-239 : +
brc= 303-311 : -
brc= 236-303 : -
brc= 139-269 : +
brc= 24-162 : +
brc= 224-289 : -
brc= 95-281 : -
-----------------------------------------------------------------------------------------
 ****** Pricing Level: LIGHT HEUR ****** 
it= 8   ncol= 1338  ncstr= 591  mt= 0.6   spt= 0.2   lpval= 94010.7   ub= 94044.0  
 ****** Pricing Level: HEAVY HEUR ****** 
it= 5   ncol= 1421  ncstr= 591  mt= 0.2   spt= 0.3   lpval= 94008.1   ub= 94044.0  
 ****** Pricing Level: EXACT ****** 
it= 5   ncol= 1521  ncstr= 591  mt= 0.1   spt= 3.7   lpval= 94004.9   ub= 94044.0  
-----------------------------------------------------------------------------------------
elapsed time= 127.48 s.
-----------------------------------------------------------------------------------------
-----------------------------------------------------------------------------------------
 ****** Run Arc Elimination ****** 
arc elimination time= 2.31 s.
previous= 73.0794% maximum= 2.17454%
eliminate bucket arcs time= 0.39 s.
obtain jump arcs time= 0.01 s.
-----------------------------------------------------------------------------------------
-----------------------------------------------------------------------------------------
elapsed time= 130.22 s.
-----------------------------------------------------------------------------------------
-----------------------------------------------------------------------------------------
 ****** Try Enumeration ****** 
#labels= 159715 #routes= 6
labeling 1 time= 2.32 s.
concatenate time= 3.38 s.
#routes= 202080
average gap of successful enumeration= 0.000404908
next try value > 93988.2
-----------------------------------------------------------------------------------------
elapsed time= 136.01 s.
-----------------------------------------------------------------------------------------
 ****** Process Enumeration Matrix ****** 
delete non-ele routes lp val= 94006.7
recover rank1c lp val= 94006.7
recover rcc lp val= 94007.1
obtain rcc coefficient time= 0.06 s.
obtain r1c coefficient time= 0.29 s.
obtain matrix from triplets time= 0.42 s.
delete columns by branch time= 0.00 s.
columns pending deletion= 517 remain= 202080 col ratio= 0.997442 row ratio= 1
regenerate enumeration matrix time= 0.00 s.
-----------------------------------------------------------------------------------------
elapsed time= 138.28 s.
-----------------------------------------------------------------------------------------
it= 6   ncol= 1412  ncstr= 548  mt= 0.1   spt= 0.1   lpval= 94007.0   ub= 94044.0  
-----------------------------------------------------------------------------------------
elapsed time= 138.49 s.
-----------------------------------------------------------------------------------------
delete columns= 68368 remain= 133712
 ****** Separate RCCs ****** 
 ****** Separate Rank1Cuts ****** 
it= 3   ncol= 1332  ncstr= 551  mt= 0.0   spt= 0.0   lpval= 94009.0   ub= 94044.0  
-----------------------------------------------------------------------------------------
elapsed time= 139.52 s.
-----------------------------------------------------------------------------------------
columns pending deletion= 29438 remain= 133712 col ratio= 0.77984 row ratio= 0.932849
 ****** Separate RCCs ****** 
 ****** Separate Rank1Cuts ****** 
it= 3   ncol= 1343  ncstr= 639  mt= 0.1   spt= 0.0   lpval= 94010.8   ub= 94044.0  
-----------------------------------------------------------------------------------------
elapsed time= 140.55 s.
-----------------------------------------------------------------------------------------
delete columns= 52218 remain= 81494
 ****** Separate RCCs ****** 
 ****** Separate Rank1Cuts ****** 
it= 4   ncol= 1391  ncstr= 592  mt= 0.0   spt= 0.0   lpval= 94011.6   ub= 94044.0  
-----------------------------------------------------------------------------------------
elapsed time= 141.88 s.
-----------------------------------------------------------------------------------------
columns pending deletion= 9891 remain= 81494 col ratio= 0.878629 row ratio= 0.907095
[1;36m[REMIND] 2: gap improved= 0.802004 ratio= 0.024786 threshold= 0.040000 in function increaseCondition2 at /blue/yu.yang1/you.z/route_opt/packages/application/X-n313-k71/src/main/src/call_cutting.cpp:74[0m
 ****** Separate RCCs ****** 
 ****** Separate Rank1Cuts ****** 
it= 3   ncol= 1435  ncstr= 624  mt= 0.1   spt= 0.0   lpval= 94012.2   ub= 94044.0  
-----------------------------------------------------------------------------------------
elapsed time= 142.51 s.
-----------------------------------------------------------------------------------------
columns pending deletion= 17202 remain= 81494 col ratio= 0.788917 row ratio= 0.875
[1;36m[REMIND] 2: gap improved= 0.517857 ratio= 0.016265 threshold= 0.040000 in function increaseCondition2 at /blue/yu.yang1/you.z/route_opt/packages/application/X-n313-k71/src/main/src/call_cutting.cpp:74[0m
 ****** Separate Rank1Cuts ****** 
it= 3   ncol= 1428  ncstr= 687  mt= 0.0   spt= 0.0   lpval= 94012.4   ub= 94044.0  
-----------------------------------------------------------------------------------------
elapsed time= 143.30 s.
-----------------------------------------------------------------------------------------
delete columns= 22711 remain= 58783
[1;36m[REMIND] 2: gap improved= 0.251408 ratio= 0.007959 threshold= 0.040000 in function increaseCondition2 at /blue/yu.yang1/you.z/route_opt/packages/application/X-n313-k71/src/main/src/call_cutting.cpp:74[0m
[1;36m[REMIND] tail off counter= 3 threshold= 3 in function setIfTailOff at /blue/yu.yang1/you.z/route_opt/packages/application/X-n313-k71/src/main/src/call_cutting.cpp:150[0m
current_r_best= 14.5178
pseudo= 50 frac= 50
#candidates in phase1= 37
testing lp time= 12.13 s.
-----------------------------------------------------------------------------------------
108-127 ,  88.51|  25-218 ,  77.74| 175-234 ,  75.99|  33-164 ,  75.99| 224-299 ,  63.59| 
125-171 ,  60.07| 136-296 ,  31.12|  56-281 ,  30.28|   7-145 ,  30.28| 175-252 ,  29.51| 
106-147 ,  26.72| 159-265 ,  25.74| 159-278 ,  25.74|   7-281 ,  25.09| 164-175 ,  21.17| 
 23-296 ,  20.83|  18-189 ,  20.21|  23-118 ,  20.03|  32-276 ,  15.84|  74-95  ,  13.82| 
 95-279 ,  13.82|   0-175 ,  13.10|  19-60  ,  12.71|   6-137 ,  12.71|  84-130 ,  11.04| 
189-250 ,  10.22|  33-95  ,   9.98|  18-131 ,   8.40|  33-93  ,   6.99| 165-280 ,   5.58| 
 86-161 ,   5.49|  57-174 ,   4.28|  60-64  ,   4.01| 221-270 ,   2.14|  33-228 ,   1.96| 
 89-228 ,   1.96|   5-10  ,   0.56| 
-----------------------------------------------------------------------------------------
edge= 175 234 lp= 0.869079 pre= 2 lp2= 87.4357 pre2= 2 score= 75.9885
-----------------------------------------------------------------------------------------
edge= 25 218 lp= 0.889082 pre= 2 lp2= 87.4357 pre2= 2 score= 77.7375
-----------------------------------------------------------------------------------------
edge= 108 127 lp= 1.01231 pre= 2 lp2= 87.4357 pre2= 2 score= 88.5122
-----------------------------------------------------------------------------------------
candidate= 108-127 : -
-----------------------------------------------------------------------------------------
it= 3   ncol= 1441  ncstr= 564  mt= 0.3   spt= 0.0   lpval= 94013.4   ub= 94044.0  
-----------------------------------------------------------------------------------------
elapsed time= 156.27 s.
-----------------------------------------------------------------------------------------
candidate= 108-127 : +
-----------------------------------------------------------------------------------------
it= 5   ncol= 1532  ncstr= 564  mt= 0.4   spt= 0.0   lpval= 94029.2   ub= 94044.0  
-----------------------------------------------------------------------------------------
elapsed time= 156.70 s.
-----------------------------------------------------------------------------------------
candidate= 25-218 : -
-----------------------------------------------------------------------------------------
it= 2   ncol= 1431  ncstr= 564  mt= 0.3   spt= 0.0   lpval= 94013.3   ub= 94044.0  
-----------------------------------------------------------------------------------------
elapsed time= 157.00 s.
-----------------------------------------------------------------------------------------
candidate= 25-218 : +
-----------------------------------------------------------------------------------------
it= 5   ncol= 1530  ncstr= 564  mt= 0.4   spt= 0.0   lpval= 94027.7   ub= 94044.0  
-----------------------------------------------------------------------------------------
elapsed time= 157.42 s.
-----------------------------------------------------------------------------------------
candidate= 175-234 : -
-----------------------------------------------------------------------------------------
it= 2   ncol= 1429  ncstr= 564  mt= 0.3   spt= 0.0   lpval= 94013.3   ub= 94044.0  
-----------------------------------------------------------------------------------------
elapsed time= 157.75 s.
-----------------------------------------------------------------------------------------
candidate= 175-234 : +
-----------------------------------------------------------------------------------------
it= 5   ncol= 1544  ncstr= 564  mt= 0.6   spt= 0.0   lpval= 94032.9   ub= 94044.0  
-----------------------------------------------------------------------------------------
elapsed time= 158.35 s.
-----------------------------------------------------------------------------------------
brc= 175-234
t= 0.163978 c= 23.5911 n= 0 if_b4= 0
t= 0.399304 c= 28.4603 n= 0 if_b4= 0
#########################################################################################
tree size= 1 lb= 94012.4 ub= 94044
#########################################################################################
idx= 5 value= 94012.4 enu= 1
brc= 50-103 : -
brc= 76-103 : -
brc= 49-105 : +
brc= 164-295 : -
brc= 62-296 : -
brc= 126-152 : +
brc= 7-127 : -
brc= 250-278 : -
brc= 19-115 : +
brc= 136-143 : -
brc= 33-281 : -
brc= 132-230 : -
brc= 207-230 : -
brc= 52-143 : +
brc= 249-285 : -
brc= 18-224 : -
brc= 162-208 : -
brc= 30-276 : -
brc= 22-239 : +
brc= 303-311 : -
brc= 236-303 : -
brc= 139-269 : +
brc= 24-162 : +
brc= 224-289 : -
brc= 95-281 : -
brc= 175-234 : +
it= 5   ncol= 1520  ncstr= 563  mt= 0.6   spt= 0.0   lpval= 94032.9   ub= 94044.0  
-----------------------------------------------------------------------------------------
elapsed time= 160.03 s.
-----------------------------------------------------------------------------------------
delete columns= 55887 remain= 2768
 ****** Separate RCCs ****** 
 ****** Separate Rank1Cuts ****** 
it= 4   ncol= 1289  ncstr= 533  mt= 0.1   spt= 0.0   lpval= 94036.8   ub= 94044.0  
-----------------------------------------------------------------------------------------
elapsed time= 160.35 s.
-----------------------------------------------------------------------------------------
delete columns= 1477 remain= 1291
mip: row= 496 col= 2355 density= 3.80291%
mip time= 0.39 s.
mip status= 3
update f from 0 to 7.19834
#########################################################################################
tree size= 0 lb= 94012.4 ub= 94044
#########################################################################################
idx= 6 value= 94012.4 enu= 1
brc= 50-103 : -
brc= 76-103 : -
brc= 49-105 : +
brc= 164-295 : -
brc= 62-296 : -
brc= 126-152 : +
brc= 7-127 : -
brc= 250-278 : -
brc= 19-115 : +
brc= 136-143 : -
brc= 33-281 : -
brc= 132-230 : -
brc= 207-230 : -
brc= 52-143 : +
brc= 249-285 : -
brc= 18-224 : -
brc= 162-208 : -
brc= 30-276 : -
brc= 22-239 : +
brc= 303-311 : -
brc= 236-303 : -
brc= 139-269 : +
brc= 24-162 : +
brc= 224-289 : -
brc= 95-281 : -
brc= 175-234 : -
it= 2   ncol= 1423  ncstr= 563  mt= 0.0   spt= 0.0   lpval= 94013.3   ub= 94044.0  
-----------------------------------------------------------------------------------------
elapsed time= 160.78 s.
-----------------------------------------------------------------------------------------
columns pending deletion= 6044 remain= 58780 col ratio= 0.897176 row ratio= 0.966252
 ****** Separate RCCs ****** 
 ****** Separate Rank1Cuts ****** 
it= 2   ncol= 1402  ncstr= 586  mt= 0.0   spt= 0.0   lpval= 94013.4   ub= 94044.0  
-----------------------------------------------------------------------------------------
elapsed time= 161.24 s.
-----------------------------------------------------------------------------------------
columns pending deletion= 8621 remain= 58780 col ratio= 0.853334 row ratio= 0.94198
[1;36m[REMIND] 2: gap improved= 0.135846 ratio= 0.004442 threshold= 0.040000 in function increaseCondition2 at /blue/yu.yang1/you.z/route_opt/packages/application/X-n313-k71/src/main/src/call_cutting.cpp:74[0m
 ****** Separate RCCs ****** 
 ****** Separate Rank1Cuts ****** 
it= 2   ncol= 1400  ncstr= 654  mt= 0.0   spt= 0.0   lpval= 94013.6   ub= 94044.0  
-----------------------------------------------------------------------------------------
elapsed time= 161.84 s.
-----------------------------------------------------------------------------------------
columns pending deletion= 9465 remain= 58780 col ratio= 0.838976 row ratio= 0.866972
[1;36m[REMIND] 2: gap improved= 0.207579 ratio= 0.006834 threshold= 0.040000 in function increaseCondition2 at /blue/yu.yang1/you.z/route_opt/packages/application/X-n313-k71/src/main/src/call_cutting.cpp:74[0m
 ****** Separate RCCs ****** 
 ****** Separate Rank1Cuts ****** 
it= 3   ncol= 1405  ncstr= 693  mt= 0.0   spt= 0.0   lpval= 94013.7   ub= 94044.0  
-----------------------------------------------------------------------------------------
elapsed time= 162.33 s.
-----------------------------------------------------------------------------------------
columns pending deletion= 10310 remain= 58780 col ratio= 0.8246 row ratio= 0.844156
current_r_best= 0.91683
pseudo= 50 frac= 50
#candidates in phase1= 37
testing lp time= 18.58 s.
-----------------------------------------------------------------------------------------
108-127 ,  75.89|  25-218 ,  51.20| 224-299 ,  50.83|  56-281 ,  36.98| 136-296 ,  36.70| 
175-252 ,  33.87|   7-281 ,  29.90| 159-265 ,  27.46| 159-278 ,  27.46|  23-296 ,  23.67| 
  0-296 ,  23.59| 125-171 ,  23.46|  23-118 ,  22.65| 164-175 ,  21.24|   3-269 ,  20.56| 
  6-60  ,  18.92| 171-280 ,  15.94| 165-217 ,  15.87|  87-112 ,  15.87|   0-112 ,  14.56| 
217-234 ,  13.45| 190-280 ,  12.25|  84-130 ,   9.17| 189-250 ,   6.62|   0-64  ,   6.59| 
  3-19  ,   6.28|  64-130 ,   6.01|   2-64  ,   3.35|   0-189 ,   2.56| 106-137 ,   2.20| 
 10-54  ,   1.74| 130-302 ,   1.48| 158-163 ,   1.30|   0-152 ,   1.04| 158-229 ,   0.73| 
202-230 ,   0.45|   0-10  ,   0.07| 
-----------------------------------------------------------------------------------------
edge= 224 299 lp= 1.7232 pre= 2 lp2= 29.5001 pre2= 2 score= 50.8347
-----------------------------------------------------------------------------------------
edge= 25 218 lp= 0.987624 pre= 0 lp2= 51.8418 pre2= 2 score= 51.2002
-----------------------------------------------------------------------------------------
edge= 108 127 lp= 1.46382 pre= 0 lp2= 51.8418 pre2= 2 score= 75.8872
-----------------------------------------------------------------------------------------
candidate= 108-127 : +
-----------------------------------------------------------------------------------------
it= 6   ncol= 1544  ncstr= 694  mt= 0.7   spt= 0.0   lpval= 94030.2   ub= 94044.0  
-----------------------------------------------------------------------------------------
elapsed time= 181.70 s.
-----------------------------------------------------------------------------------------
candidate= 25-218 : +
-----------------------------------------------------------------------------------------
it= 5   ncol= 1527  ncstr= 694  mt= 0.7   spt= 0.0   lpval= 94028.2   ub= 94044.0  
-----------------------------------------------------------------------------------------
elapsed time= 182.44 s.
-----------------------------------------------------------------------------------------
candidate= 224-299 : -
-----------------------------------------------------------------------------------------
it= 3   ncol= 1425  ncstr= 694  mt= 0.6   spt= 0.0   lpval= 94014.8   ub= 94044.0  
-----------------------------------------------------------------------------------------
elapsed time= 183.03 s.
-----------------------------------------------------------------------------------------
candidate= 224-299 : +
-----------------------------------------------------------------------------------------
it= 4   ncol= 1515  ncstr= 694  mt= 0.7   spt= 0.0   lpval= 94032.8   ub= 94044.0  
-----------------------------------------------------------------------------------------
elapsed time= 183.71 s.
-----------------------------------------------------------------------------------------
candidate= 108-127 : -
-----------------------------------------------------------------------------------------
it= 3   ncol= 1417  ncstr= 694  mt= 0.5   spt= 0.0   lpval= 94015.0   ub= 94044.0  
-----------------------------------------------------------------------------------------
elapsed time= 184.26 s.
-----------------------------------------------------------------------------------------
brc= 224-299
t= 0.207541 c= 13.4239 n= 1 if_b4= 0
t= 0.533795 c= 19.6686 n= 1 if_b4= 0
#########################################################################################
tree size= 1 lb= 94013.7 ub= 94044
#########################################################################################
idx= 7 value= 94013.7 enu= 1
brc= 50-103 : -
brc= 76-103 : -
brc= 49-105 : +
brc= 164-295 : -
brc= 62-296 : -
brc= 126-152 : +
brc= 7-127 : -
brc= 250-278 : -
brc= 19-115 : +
brc= 136-143 : -
brc= 33-281 : -
brc= 132-230 : -
brc= 207-230 : -
brc= 52-143 : +
brc= 249-285 : -
brc= 18-224 : -
brc= 162-208 : -
brc= 30-276 : -
brc= 22-239 : +
brc= 303-311 : -
brc= 236-303 : -
brc= 139-269 : +
brc= 24-162 : +
brc= 224-289 : -
brc= 95-281 : -
brc= 175-234 : -
brc= 224-299 : +
it= 4   ncol= 1500  ncstr= 693  mt= 0.7   spt= 0.0   lpval= 94032.8   ub= 94044.0  
-----------------------------------------------------------------------------------------
elapsed time= 186.36 s.
-----------------------------------------------------------------------------------------
delete columns= 45354 remain= 2999
 ****** Separate RCCs ****** 
 ****** Separate Rank1Cuts ****** 
it= 3   ncol= 1304  ncstr= 568  mt= 0.1   spt= 0.0   lpval= 94046.9   ub= 94044.0  
-----------------------------------------------------------------------------------------
elapsed time= 186.88 s.
-----------------------------------------------------------------------------------------
#########################################################################################
tree size= 0 lb= 94013.7 ub= 94044
#########################################################################################
idx= 8 value= 94013.7 enu= 1
brc= 50-103 : -
brc= 76-103 : -
brc= 49-105 : +
brc= 164-295 : -
brc= 62-296 : -
brc= 126-152 : +
brc= 7-127 : -
brc= 250-278 : -
brc= 19-115 : +
brc= 136-143 : -
brc= 33-281 : -
brc= 132-230 : -
brc= 207-230 : -
brc= 52-143 : +
brc= 249-285 : -
brc= 18-224 : -
brc= 162-208 : -
brc= 30-276 : -
brc= 22-239 : +
brc= 303-311 : -
brc= 236-303 : -
brc= 139-269 : +
brc= 24-162 : +
brc= 224-289 : -
brc= 95-281 : -
brc= 175-234 : -
brc= 224-299 : -
it= 4   ncol= 1429  ncstr= 693  mt= 0.1   spt= 0.0   lpval= 94014.8   ub= 94044.0  
-----------------------------------------------------------------------------------------
elapsed time= 187.04 s.
-----------------------------------------------------------------------------------------
columns pending deletion= 5023 remain= 48468 col ratio= 0.896365 row ratio= 0.828283
 ****** Separate RCCs ****** 
 ****** Separate Rank1Cuts ****** 
it= 2   ncol= 1424  ncstr= 709  mt= 0.0   spt= 0.0   lpval= 94015.1   ub= 94044.0  
-----------------------------------------------------------------------------------------
elapsed time= 187.50 s.
-----------------------------------------------------------------------------------------
columns pending deletion= 6654 remain= 48468 col ratio= 0.862714 row ratio= 0.825106
[1;36m[REMIND] 2: gap improved= 0.310957 ratio= 0.010775 threshold= 0.040000 in function increaseCondition2 at /blue/yu.yang1/you.z/route_opt/packages/application/X-n313-k71/src/main/src/call_cutting.cpp:74[0m
 ****** Separate RCCs ****** 
 ****** Separate Rank1Cuts ****** 
it= 3   ncol= 1427  ncstr= 716  mt= 0.0   spt= 0.0   lpval= 94015.5   ub= 94044.0  
-----------------------------------------------------------------------------------------
elapsed time= 187.94 s.
-----------------------------------------------------------------------------------------
columns pending deletion= 9450 remain= 48468 col ratio= 0.805026 row ratio= 0.810056
[1;36m[REMIND] 2: gap improved= 0.359521 ratio= 0.012615 threshold= 0.040000 in function increaseCondition2 at /blue/yu.yang1/you.z/route_opt/packages/application/X-n313-k71/src/main/src/call_cutting.cpp:74[0m
 ****** Separate RCCs ****** 
 ****** Separate Rank1Cuts ****** 
it= 3   ncol= 1435  ncstr= 742  mt= 0.0   spt= 0.0   lpval= 94015.8   ub= 94044.0  
-----------------------------------------------------------------------------------------
elapsed time= 188.45 s.
-----------------------------------------------------------------------------------------
delete columns= 11786 remain= 36682
[1;36m[REMIND] 2: gap improved= 0.268926 ratio= 0.009526 threshold= 0.040000 in function increaseCondition2 at /blue/yu.yang1/you.z/route_opt/packages/application/X-n313-k71/src/main/src/call_cutting.cpp:74[0m
[1;36m[REMIND] tail off counter= 3 threshold= 3 in function setIfTailOff at /blue/yu.yang1/you.z/route_opt/packages/application/X-n313-k71/src/main/src/call_cutting.cpp:150[0m
current_r_best= 1.52342
alpha= 0.37 beta= 13.8066 omega= 64.6808 k1= 16
lb_k= 1 ub_k= 37
revise: lb_k= 12 ub_k= 24
opt_k= 19
alpha= 0.75 beta= 13.8066 omega= 36.8467 k1= 3
lb_k= 1 ub_k= 3
revise: lb_k= 1 ub_k= 3
opt_k= 3
pseudo= 50 frac= 50
#candidates in phase1= 19
testing lp time= 6.99 s.
-----------------------------------------------------------------------------------------
108-127 ,  46.50| 175-252 ,  44.84|   7-281 ,  39.08|  56-281 ,  29.77| 164-175 ,  29.54| 
136-296 ,  27.47|  25-265 ,  27.37|  23-118 ,  22.90|   0-296 ,  20.22| 234-280 ,  18.86| 
224-234 ,   9.77| 189-299 ,   3.77|   1-109 ,   2.44| 138-246 ,   2.44| 116-182 ,   2.44| 
138-203 ,   2.44| 203-225 ,   1.93|  85-103 ,   1.80|  42-148 ,   1.49| 
-----------------------------------------------------------------------------------------
edge= 7 281 lp= 4.74083 pre= 2 lp2= 8.24275 pre2= 2 score= 39.0775
-----------------------------------------------------------------------------------------
edge= 175 252 lp= 0.947709 pre= 2 lp2= 47.315 pre2= 2 score= 44.8409
-----------------------------------------------------------------------------------------
edge= 108 127 lp= 0.982737 pre= 0 lp2= 47.315 pre2= 2 score= 46.4982
-----------------------------------------------------------------------------------------
candidate= 108-127 : +
-----------------------------------------------------------------------------------------
it= 5   ncol= 1578  ncstr= 586  mt= 0.5   spt= 0.0   lpval= 94031.4   ub= 94044.0  
-----------------------------------------------------------------------------------------
elapsed time= 196.53 s.
-----------------------------------------------------------------------------------------
candidate= 175-252 : -
-----------------------------------------------------------------------------------------
it= 2   ncol= 1440  ncstr= 586  mt= 0.4   spt= 0.0   lpval= 94016.6   ub= 94044.0  
-----------------------------------------------------------------------------------------
elapsed time= 196.89 s.
-----------------------------------------------------------------------------------------
candidate= 175-252 : +
-----------------------------------------------------------------------------------------
it= 5   ncol= 1505  ncstr= 586  mt= 0.4   spt= 0.0   lpval= 94046.6   ub= 94044.0  
-----------------------------------------------------------------------------------------
elapsed time= 197.34 s.
-----------------------------------------------------------------------------------------
candidate= 7-281 : -
-----------------------------------------------------------------------------------------
it= 3   ncol= 1451  ncstr= 586  mt= 0.4   spt= 0.0   lpval= 94020.5   ub= 94044.0  
-----------------------------------------------------------------------------------------
elapsed time= 197.73 s.
-----------------------------------------------------------------------------------------
candidate= 7-281 : +
-----------------------------------------------------------------------------------------
it= 6   ncol= 1509  ncstr= 586  mt= 0.4   spt= 0.0   lpval= 94020.8   ub= 94044.0  
-----------------------------------------------------------------------------------------
elapsed time= 198.18 s.
-----------------------------------------------------------------------------------------
brc= 175-252
t= 0.199678 c= 10.0194 n= 2 if_b4= 0
t= 0.501717 c= 14.983 n= 2 if_b4= 0
#########################################################################################
tree size= 1 lb= 94015.8 ub= 94044
#########################################################################################
idx= 9 value= 94015.8 enu= 1
brc= 50-103 : -
brc= 76-103 : -
brc= 49-105 : +
brc= 164-295 : -
brc= 62-296 : -
brc= 126-152 : +
brc= 7-127 : -
brc= 250-278 : -
brc= 19-115 : +
brc= 136-143 : -
brc= 33-281 : -
brc= 132-230 : -
brc= 207-230 : -
brc= 52-143 : +
brc= 249-285 : -
brc= 18-224 : -
brc= 162-208 : -
brc= 30-276 : -
brc= 22-239 : +
brc= 303-311 : -
brc= 236-303 : -
brc= 139-269 : +
brc= 24-162 : +
brc= 224-289 : -
brc= 95-281 : -
brc= 175-234 : -
brc= 224-299 : -
brc= 175-252 : +
it= 5   ncol= 1486  ncstr= 585  mt= 0.4   spt= 0.0   lpval= 94046.6   ub= 94044.0  
-----------------------------------------------------------------------------------------
elapsed time= 199.68 s.
-----------------------------------------------------------------------------------------
#########################################################################################
tree size= 0 lb= 94015.8 ub= 94044
#########################################################################################
idx= 10 value= 94015.8 enu= 1
brc= 50-103 : -
brc= 76-103 : -
brc= 49-105 : +
brc= 164-295 : -
brc= 62-296 : -
brc= 126-152 : +
brc= 7-127 : -
brc= 250-278 : -
brc= 19-115 : +
brc= 136-143 : -
brc= 33-281 : -
brc= 132-230 : -
brc= 207-230 : -
brc= 52-143 : +
brc= 249-285 : -
brc= 18-224 : -
brc= 162-208 : -
brc= 30-276 : -
brc= 22-239 : +
brc= 303-311 : -
brc= 236-303 : -
brc= 139-269 : +
brc= 24-162 : +
brc= 224-289 : -
brc= 95-281 : -
brc= 175-234 : -
brc= 224-299 : -
brc= 175-252 : -
it= 3   ncol= 1443  ncstr= 585  mt= 0.0   spt= 0.0   lpval= 94016.6   ub= 94044.0  
-----------------------------------------------------------------------------------------
elapsed time= 199.75 s.
-----------------------------------------------------------------------------------------
columns pending deletion= 3029 remain= 36680 col ratio= 0.917421 row ratio= 0.962393
 ****** Separate RCCs ****** 
 ****** Separate Rank1Cuts ****** 
it= 2   ncol= 1435  ncstr= 602  mt= 0.0   spt= 0.0   lpval= 94016.8   ub= 94044.0  
-----------------------------------------------------------------------------------------
elapsed time= 200.13 s.
-----------------------------------------------------------------------------------------
columns pending deletion= 3997 remain= 36680 col ratio= 0.891031 row ratio= 0.943522
[1;36m[REMIND] 2: gap improved= 0.171919 ratio= 0.006323 threshold= 0.040000 in function increaseCondition2 at /blue/yu.yang1/you.z/route_opt/packages/application/X-n313-k71/src/main/src/call_cutting.cpp:74[0m
 ****** Separate RCCs ****** 
 ****** Separate Rank1Cuts ****** 
it= 2   ncol= 1437  ncstr= 642  mt= 0.0   spt= 0.0   lpval= 94017.1   ub= 94044.0  
-----------------------------------------------------------------------------------------
elapsed time= 200.73 s.
-----------------------------------------------------------------------------------------
columns pending deletion= 5240 remain= 36680 col ratio= 0.857143 row ratio= 0.901869
[1;36m[REMIND] 2: gap improved= 0.265546 ratio= 0.009863 threshold= 0.040000 in function increaseCondition2 at /blue/yu.yang1/you.z/route_opt/packages/application/X-n313-k71/src/main/src/call_cutting.cpp:74[0m
 ****** Separate RCCs ****** 
 ****** Separate Rank1Cuts ****** 
it= 3   ncol= 1443  ncstr= 697  mt= 0.0   spt= 0.0   lpval= 94017.2   ub= 94044.0  
-----------------------------------------------------------------------------------------
elapsed time= 201.32 s.
-----------------------------------------------------------------------------------------
columns pending deletion= 6366 remain= 36680 col ratio= 0.826445 row ratio= 0.853659
[1;36m[REMIND] 1: gap improved= 0.096834 threshold= 0.100000 in function increaseCondition1 at /blue/yu.yang1/you.z/route_opt/packages/application/X-n313-k71/src/main/src/call_cutting.cpp:58[0m
[1;36m[REMIND] tail off counter= 3 threshold= 3 in function setIfTailOff at /blue/yu.yang1/you.z/route_opt/packages/application/X-n313-k71/src/main/src/call_cutting.cpp:150[0m
current_r_best= 1.02964
pseudo= 50 frac= 50
#candidates in phase1= 37
testing lp time= 19.07 s.
-----------------------------------------------------------------------------------------
108-127 , 169.70|  25-218 , 138.88| 164-252 ,  83.91| 125-171 ,  53.71| 289-299 ,  46.32| 
  7-281 ,  29.87|  56-281 ,  29.62| 175-285 ,  28.14| 136-296 ,  25.54| 164-175 ,  23.29| 
 33-56  ,  22.89|   7-33  ,  22.81|  23-118 ,  21.56|   0-296 ,  18.62|  23-296 ,  18.61| 
  0-175 ,  16.19|  25-265 ,  15.87|  32-102 ,  14.79|  36-142 ,  14.79| 102-142 ,  14.79| 
159-278 ,  13.77|   9-36  ,  11.22| 204-278 ,   8.84|  51-60  ,   8.24|   4-51  ,   6.58| 
171-299 ,   6.21|   0-133 ,   5.38| 102-152 ,   5.32| 189-250 ,   5.04|  48-152 ,   4.87| 
 36-150 ,   2.65|   0-205 ,   1.26|  32-64  ,   1.22| 149-191 ,   0.98|  42-173 ,   0.65| 
 48-102 ,   0.44|  10-114 ,   0.00| 
-----------------------------------------------------------------------------------------
edge= 164 252 lp= 1.24338 pre= 2 lp2= 67.4816 pre2= 2 score= 83.9052
-----------------------------------------------------------------------------------------
edge= 25 218 lp= 0.95519 pre= 0 lp2= 145.396 pre2= 2 score= 138.881
-----------------------------------------------------------------------------------------
edge= 108 127 lp= 1.16715 pre= 0 lp2= 145.396 pre2= 2 score= 169.698
-----------------------------------------------------------------------------------------
candidate= 108-127 : +
-----------------------------------------------------------------------------------------
it= 6   ncol= 1586  ncstr= 698  mt= 0.7   spt= 0.0   lpval= 94033.3   ub= 94044.0  
-----------------------------------------------------------------------------------------
elapsed time= 221.13 s.
-----------------------------------------------------------------------------------------
candidate= 25-218 : +
-----------------------------------------------------------------------------------------
it= 4   ncol= 1522  ncstr= 698  mt= 0.6   spt= 0.0   lpval= 94031.7   ub= 94044.0  
-----------------------------------------------------------------------------------------
elapsed time= 221.79 s.
-----------------------------------------------------------------------------------------
candidate= 164-252 : -
-----------------------------------------------------------------------------------------
it= 2   ncol= 1454  ncstr= 698  mt= 0.4   spt= 0.0   lpval= 94018.4   ub= 94044.0  
-----------------------------------------------------------------------------------------
elapsed time= 222.23 s.
-----------------------------------------------------------------------------------------
candidate= 164-252 : +
-----------------------------------------------------------------------------------------
it= 3   ncol= 1517  ncstr= 698  mt= 0.5   spt= 0.0   lpval= 94048.2   ub= 94044.0  
-----------------------------------------------------------------------------------------
elapsed time= 222.71 s.
-----------------------------------------------------------------------------------------
brc= 164-252
t= 0.214194 c= 8.21361 n= 3 if_b4= 0
t= 0.521331 c= 14.0303 n= 3 if_b4= 0
#########################################################################################
tree size= 1 lb= 94017.2 ub= 94044
#########################################################################################
idx= 11 value= 94017.2 enu= 1
brc= 50-103 : -
brc= 76-103 : -
brc= 49-105 : +
brc= 164-295 : -
brc= 62-296 : -
brc= 126-152 : +
brc= 7-127 : -
brc= 250-278 : -
brc= 19-115 : +
brc= 136-143 : -
brc= 33-281 : -
brc= 132-230 : -
brc= 207-230 : -
brc= 52-143 : +
brc= 249-285 : -
brc= 18-224 : -
brc= 162-208 : -
brc= 30-276 : -
brc= 22-239 : +
brc= 303-311 : -
brc= 236-303 : -
brc= 139-269 : +
brc= 24-162 : +
brc= 224-289 : -
brc= 95-281 : -
brc= 175-234 : -
brc= 224-299 : -
brc= 175-252 : -
brc= 164-252 : +
it= 4   ncol= 1483  ncstr= 697  mt= 0.6   spt= 0.0   lpval= 94048.2   ub= 94044.0  
-----------------------------------------------------------------------------------------
elapsed time= 224.72 s.
-----------------------------------------------------------------------------------------
#########################################################################################
tree size= 0 lb= 94017.2 ub= 94044
#########################################################################################
idx= 12 value= 94017.2 enu= 1
brc= 50-103 : -
brc= 76-103 : -
brc= 49-105 : +
brc= 164-295 : -
brc= 62-296 : -
brc= 126-152 : +
brc= 7-127 : -
brc= 250-278 : -
brc= 19-115 : +
brc= 136-143 : -
brc= 33-281 : -
brc= 132-230 : -
brc= 207-230 : -
brc= 52-143 : +
brc= 249-285 : -
brc= 18-224 : -
brc= 162-208 : -
brc= 30-276 : -
brc= 22-239 : +
brc= 303-311 : -
brc= 236-303 : -
brc= 139-269 : +
brc= 24-162 : +
brc= 224-289 : -
brc= 95-281 : -
brc= 175-234 : -
brc= 224-299 : -
brc= 175-252 : -
brc= 164-252 : -
it= 2   ncol= 1449  ncstr= 697  mt= 0.0   spt= 0.0   lpval= 94018.4   ub= 94044.0  
-----------------------------------------------------------------------------------------
elapsed time= 224.77 s.
-----------------------------------------------------------------------------------------
columns pending deletion= 3700 remain= 30312 col ratio= 0.877936 row ratio= 0.819225
 ****** Separate Rank1Cuts ****** 
it= 3   ncol= 1448  ncstr= 740  mt= 0.0   spt= 0.0   lpval= 94019.3   ub= 94044.0  
-----------------------------------------------------------------------------------------
elapsed time= 225.35 s.
-----------------------------------------------------------------------------------------
columns pending deletion= 6682 remain= 30312 col ratio= 0.779559 row ratio= 0.772973
[1;36m[REMIND] 2: gap improved= 0.890018 ratio= 0.036039 threshold= 0.040000 in function increaseCondition2 at /blue/yu.yang1/you.z/route_opt/packages/application/X-n313-k71/src/main/src/call_cutting.cpp:74[0m
 ****** Separate RCCs ****** 
 ****** Separate Rank1Cuts ****** 
it= 3   ncol= 1452  ncstr= 750  mt= 0.0   spt= 0.0   lpval= 94019.5   ub= 94044.0  
-----------------------------------------------------------------------------------------
elapsed time= 225.72 s.
-----------------------------------------------------------------------------------------
delete columns= 8175 remain= 22137
[1;36m[REMIND] 2: gap improved= 0.207652 ratio= 0.008480 threshold= 0.040000 in function increaseCondition2 at /blue/yu.yang1/you.z/route_opt/packages/application/X-n313-k71/src/main/src/call_cutting.cpp:74[0m
 ****** Separate RCCs ****** 
 ****** Separate Rank1Cuts ****** 
it= 2   ncol= 1452  ncstr= 659  mt= 0.0   spt= 0.0   lpval= 94019.6   ub= 94044.0  
-----------------------------------------------------------------------------------------
elapsed time= 226.74 s.
-----------------------------------------------------------------------------------------
columns pending deletion= 1058 remain= 22137 col ratio= 0.952207 row ratio= 0.874052
current_r_best= 1.75992
alpha= 0.37 beta= 9.77834 omega= 38.3465 k1= 10
lb_k= 1 ub_k= 37
revise: lb_k= 7 ub_k= 16
opt_k= 12
alpha= 0.75 beta= 9.77834 omega= 26.9125 k1= 3
lb_k= 1 ub_k= 3
revise: lb_k= 1 ub_k= 3
opt_k= 3
pseudo= 50 frac= 50
#candidates in phase1= 12
testing lp time= 5.78 s.
-----------------------------------------------------------------------------------------
108-127 ,  85.43|  25-218 ,  54.40| 136-296 ,  21.61|  18-189 ,  20.67|  23-118 ,  15.61| 
  0-296 ,  15.25|  89-130 ,   9.18| 125-299 ,   3.11| 112-165 ,   2.39|  42-231 ,   2.14| 
206-310 ,   1.65| 247-273 ,   1.04| 
-----------------------------------------------------------------------------------------
edge= 136 296 lp= 11.8701 pre= 2 lp2= 1.82043 pre2= 2 score= 21.6086
-----------------------------------------------------------------------------------------
edge= 25 218 lp= 0.466765 pre= 0 lp2= 116.556 pre2= 2 score= 54.4043
-----------------------------------------------------------------------------------------
edge= 108 127 lp= 0.77778 pre= 0 lp2= 109.836 pre2= 2 score= 85.4283
-----------------------------------------------------------------------------------------
candidate= 108-127 : +
-----------------------------------------------------------------------------------------
it= 6   ncol= 1590  ncstr= 660  mt= 0.5   spt= 0.0   lpval= 94035.7   ub= 94044.0  
-----------------------------------------------------------------------------------------
elapsed time= 233.07 s.
-----------------------------------------------------------------------------------------
candidate= 25-218 : +
-----------------------------------------------------------------------------------------
it= 5   ncol= 1564  ncstr= 660  mt= 0.6   spt= 0.0   lpval= 94033.3   ub= 94044.0  
-----------------------------------------------------------------------------------------
elapsed time= 233.64 s.
-----------------------------------------------------------------------------------------
candidate= 136-296 : -
-----------------------------------------------------------------------------------------
it= 6   ncol= 1549  ncstr= 660  mt= 0.6   spt= 0.0   lpval= 94026.2   ub= 94044.0  
-----------------------------------------------------------------------------------------
elapsed time= 234.28 s.
-----------------------------------------------------------------------------------------
brc= 108-127
t= 0.21952 c= 7.15133 n= 4 if_b4= 0
t= 0.533454 c= 12.2081 n= 4 if_b4= 0
#########################################################################################
tree size= 1 lb= 94019.6 ub= 94044
#########################################################################################
idx= 13 value= 94019.6 enu= 1
brc= 50-103 : -
brc= 76-103 : -
brc= 49-105 : +
brc= 164-295 : -
brc= 62-296 : -
brc= 126-152 : +
brc= 7-127 : -
brc= 250-278 : -
brc= 19-115 : +
brc= 136-143 : -
brc= 33-281 : -
brc= 132-230 : -
brc= 207-230 : -
brc= 52-143 : +
brc= 249-285 : -
brc= 18-224 : -
brc= 162-208 : -
brc= 30-276 : -
brc= 22-239 : +
brc= 303-311 : -
brc= 236-303 : -
brc= 139-269 : +
brc= 24-162 : +
brc= 224-289 : -
brc= 95-281 : -
brc= 175-234 : -
brc= 224-299 : -
brc= 175-252 : -
brc= 164-252 : -
brc= 108-127 : +
it= 6   ncol= 1537  ncstr= 659  mt= 0.6   spt= 0.0   lpval= 94035.7   ub= 94044.0  
-----------------------------------------------------------------------------------------
elapsed time= 236.07 s.
-----------------------------------------------------------------------------------------
delete columns= 19402 remain= 1489
 ****** Separate RCCs ****** 
 ****** Separate Rank1Cuts ****** 
it= 3   ncol= 1164  ncstr= 573  mt= 0.0   spt= 0.0   lpval= 94038.4   ub= 94044.0  
-----------------------------------------------------------------------------------------
elapsed time= 236.81 s.
-----------------------------------------------------------------------------------------
delete columns= 619 remain= 870
mip: row= 519 col= 1829 density= 3.67827%
mip time= 0.17 s.
mip status= 3
#########################################################################################
tree size= 0 lb= 94019.6 ub= 94044
#########################################################################################
idx= 14 value= 94019.6 enu= 1
brc= 50-103 : -
brc= 76-103 : -
brc= 49-105 : +
brc= 164-295 : -
brc= 62-296 : -
brc= 126-152 : +
brc= 7-127 : -
brc= 250-278 : -
brc= 19-115 : +
brc= 136-143 : -
brc= 33-281 : -
brc= 132-230 : -
brc= 207-230 : -
brc= 52-143 : +
brc= 249-285 : -
brc= 18-224 : -
brc= 162-208 : -
brc= 30-276 : -
brc= 22-239 : +
brc= 303-311 : -
brc= 236-303 : -
brc= 139-269 : +
brc= 24-162 : +
brc= 224-289 : -
brc= 95-281 : -
brc= 175-234 : -
brc= 224-299 : -
brc= 175-252 : -
brc= 164-252 : -
brc= 108-127 : -
it= 3   ncol= 1457  ncstr= 659  mt= 0.0   spt= 0.0   lpval= 94020.4   ub= 94044.0  
-----------------------------------------------------------------------------------------
elapsed time= 237.04 s.
-----------------------------------------------------------------------------------------
columns pending deletion= 2213 remain= 21072 col ratio= 0.894979 row ratio= 0.861912
 ****** Separate RCCs ****** 
 ****** Separate Rank1Cuts ****** 
it= 3   ncol= 1452  ncstr= 688  mt= 0.0   spt= 0.0   lpval= 94020.7   ub= 94044.0  
-----------------------------------------------------------------------------------------
elapsed time= 237.38 s.
-----------------------------------------------------------------------------------------
columns pending deletion= 3372 remain= 21072 col ratio= 0.839977 row ratio= 0.84157
[1;36m[REMIND] 2: gap improved= 0.292511 ratio= 0.012532 threshold= 0.040000 in function increaseCondition2 at /blue/yu.yang1/you.z/route_opt/packages/application/X-n313-k71/src/main/src/call_cutting.cpp:74[0m
mip: row= 579 col= 19148 density= 5.37582%
mip time= 64.11 s.
mip status= 6
update f from 7.19834 to 23.3414
#########################################################################################
[32m<Instance: X-n313-k71>
<Solution>
<UB= 94044>
<LB= 94044>
<Elapsed Time= 301.6>
<Nodes Explored= 13>
<Global Gap= 0%>[0m
#########################################################################################
File nodes/X-n313-k71_2_2_2_4_4_2_0_G32.node deleted successfully.
