application type: CVRP
X-n313-k71_2_0_0_1_1_0_0_5_5_G32.node
Set parameter ServerTimeout to value 600
Set parameter TokenServer to value "grb-ts.ufhpc"
Set parameter Threads to value 1
instance name= X-n313-k71
#########################################################################################
tree size= 0 lb= 0 ub= 94044
#########################################################################################
idx= 11 value= 93986.4 enu= 0
brc= 50-103 : -
brc= 76-103 : -
brc= 49-105 : +
brc= 164-295 : +
brc= 221-228 : +
brc= 0-57 : -
brc= 211-295 : +
brc= 270-279 : -
brc= 0-121 : +
brc= 62-68 : +
brc= 126-152 : +
brc= 190-217 : -
brc= 117-174 : -
brc= 106-207 : -
brc= 3-150 : -
brc= 250-278 : -
brc= 125-224 : +
brc= 108-218 : -
brc= 6-60 : -
brc= 30-276 : -
brc= 175-249 : -
brc= 24-299 : -
brc= 6-19 : +
-----------------------------------------------------------------------------------------
 ****** Pricing Level: LIGHT HEUR ****** 
it= 8   ncol= 1202  ncstr= 621  mt= 0.5   spt= 0.2   lpval= 94015.5   ub= 94044.0  
 ****** Pricing Level: HEAVY HEUR ****** 
it= 5   ncol= 1275  ncstr= 621  mt= 0.1   spt= 0.4   lpval= 94000.8   ub= 94044.0  
 ****** Pricing Level: EXACT ****** 
it= 3   ncol= 1298  ncstr= 621  mt= 0.1   spt= 3.1   lpval= 94000.7   ub= 94044.0  
-----------------------------------------------------------------------------------------
elapsed time= 8.18 s.
-----------------------------------------------------------------------------------------
-----------------------------------------------------------------------------------------
 ****** Run Arc Elimination ****** 
arc elimination time= 4.42 s.
previous= 73.5516% maximum= 2.56089%
eliminate bucket arcs time= 0.53 s.
obtain jump arcs time= 0.01 s.
-----------------------------------------------------------------------------------------
-----------------------------------------------------------------------------------------
elapsed time= 13.47 s.
-----------------------------------------------------------------------------------------
-----------------------------------------------------------------------------------------
 ****** Try Enumeration ****** 
#labels= 240806 #routes= 17
labeling 1 time= 5.69 s.
concatenate time= 10.46 s.
#routes= 382051
average gap of successful enumeration= 0.000449289
next try value > 93986.7
-----------------------------------------------------------------------------------------
elapsed time= 29.76 s.
-----------------------------------------------------------------------------------------
 ****** Process Enumeration Matrix ****** 
delete non-ele routes lp val= 94000.7
recover rank1c lp val= 94000.8
recover rcc lp val= 94002
obtain rcc coefficient time= 0.19 s.
obtain r1c coefficient time= 0.66 s.
obtain matrix from triplets time= 1.33 s.
delete columns by branch time= 0.00 s.
columns pending deletion= 630 remain= 382051 col ratio= 0.998351 row ratio= 1
regenerate enumeration matrix time= 0.00 s.
-----------------------------------------------------------------------------------------
elapsed time= 33.91 s.
-----------------------------------------------------------------------------------------
it= 7   ncol= 1231  ncstr= 573  mt= 0.1   spt= 0.2   lpval= 94001.9   ub= 94044.0  
-----------------------------------------------------------------------------------------
elapsed time= 34.31 s.
-----------------------------------------------------------------------------------------
columns pending deletion= 104740 remain= 382051 col ratio= 0.725848 row ratio= 0.940663
 ****** Separate RCCs ****** 
 ****** Separate Rank1Cuts ****** 
it= 4   ncol= 1237  ncstr= 622  mt= 0.1   spt= 0.1   lpval= 94005.4   ub= 94044.0  
-----------------------------------------------------------------------------------------
elapsed time= 35.10 s.
-----------------------------------------------------------------------------------------
delete columns= 212035 remain= 170016
 ****** Separate Rank1Cuts ****** 
it= 3   ncol= 1252  ncstr= 596  mt= 0.0   spt= 0.0   lpval= 94006.3   ub= 94044.0  
-----------------------------------------------------------------------------------------
elapsed time= 36.52 s.
-----------------------------------------------------------------------------------------
columns pending deletion= 23229 remain= 170016 col ratio= 0.863372 row ratio= 0.924497
[1;36m[REMIND] 2: gap improved= 0.939996 ratio= 0.024963 threshold= 0.040000 in function increaseCondition2 at /blue/yu.yang1/you.z/route_opt/packages/application/X-n313-k71/src/main/src/call_cutting.cpp:74[0m
 ****** Separate RCCs ****** 
 ****** Separate Rank1Cuts ****** 
it= 2   ncol= 1249  ncstr= 655  mt= 0.0   spt= 0.0   lpval= 94006.5   ub= 94044.0  
-----------------------------------------------------------------------------------------
elapsed time= 37.05 s.
-----------------------------------------------------------------------------------------
columns pending deletion= 28580 remain= 170016 col ratio= 0.831898 row ratio= 0.859542
[1;36m[REMIND] 2: gap improved= 0.178119 ratio= 0.004753 threshold= 0.040000 in function increaseCondition2 at /blue/yu.yang1/you.z/route_opt/packages/application/X-n313-k71/src/main/src/call_cutting.cpp:74[0m
 ****** Separate RCCs ****** 
 ****** Separate Rank1Cuts ****** 
it= 3   ncol= 1260  ncstr= 663  mt= 0.0   spt= 0.0   lpval= 94006.9   ub= 94044.0  
-----------------------------------------------------------------------------------------
elapsed time= 37.48 s.
-----------------------------------------------------------------------------------------
columns pending deletion= 34090 remain= 170016 col ratio= 0.799489 row ratio= 0.855204
[1;36m[REMIND] 2: gap improved= 0.397656 ratio= 0.010725 threshold= 0.040000 in function increaseCondition2 at /blue/yu.yang1/you.z/route_opt/packages/application/X-n313-k71/src/main/src/call_cutting.cpp:74[0m
[1;36m[REMIND] tail off counter= 3 threshold= 3 in function setIfTailOff at /blue/yu.yang1/you.z/route_opt/packages/application/X-n313-k71/src/main/src/call_cutting.cpp:150[0m
[1;36m[REMIND] opt_k not found for node 11, use m directly in function getOptK at /blue/yu.yang1/you.z/route_opt/packages/branching/bkf/include/bkf_controller.hpp:239[0m
current_r_best= 14.9257
we directly test 100
we directly test 4
pseudo= 50 frac= 50
#candidates in phase1= 100
testing lp time= 41.06 s.
-----------------------------------------------------------------------------------------
  0-239 , 123.50|  72-175 , 123.33| 165-257 ,  53.14|  54-86  ,  48.71|   9-128 ,  45.50| 
 24-171 ,  40.07|   4-106 ,  38.49|  95-279 ,  37.03|  22-161 ,  36.16|  74-299 ,  33.35| 
136-143 ,  25.45|   7-127 ,  25.14|   0-127 ,  25.11|  52-296 ,  24.88|   0-136 ,  24.78| 
  0-312 ,  24.18| 260-279 ,  24.18| 234-312 ,  24.18| 128-202 ,  23.55|  17-272 ,  22.84| 
114-272 ,  19.56| 145-208 ,  18.12| 155-257 ,  18.12|  95-252 ,  17.95|  33-56  ,  17.10| 
  0-175 ,  15.98|   0-74  ,  15.82|  57-64  ,  15.50| 118-127 ,  15.32|  23-118 ,  15.26| 
 33-93  ,  14.69|  18-131 ,  14.38|  95-281 ,  14.30|   0-174 ,  12.79|   2-79  ,  12.74| 
 30-269 ,  12.59| 256-282 ,  11.56|   0-33  ,  10.57|  51-84  ,  10.44|  29-204 ,  10.07| 
 74-217 ,   9.36|  82-115 ,   9.28|  23-86  ,   8.98|   0-86  ,   8.98|  10-22  ,   8.08| 
 89-117 ,   7.80| 131-174 ,   7.77|  57-237 ,   7.77|  57-89  ,   7.77| 143-296 ,   7.71| 
 74-252 ,   7.71|   0-70  ,   7.56|  31-70  ,   7.56|   0-31  ,   7.56|  70-153 ,   7.41| 
 18-301 ,   6.91| 215-251 ,   6.32|  22-239 ,   6.12| 189-214 ,   5.93| 147-174 ,   5.51| 
  0-32  ,   5.45| 270-281 ,   5.40| 207-269 ,   5.38|   9-106 ,   5.31| 148-196 ,   4.73| 
204-302 ,   4.61| 163-180 ,   4.57| 115-237 ,   3.99| 279-281 ,   3.74| 145-279 ,   3.65| 
228-279 ,   3.65|   0-131 ,   3.60| 222-282 ,   3.38| 218-224 ,   3.20|  26-52  ,   3.11| 
 33-228 ,   3.09|  33-281 ,   2.91| 127-145 ,   2.89|   0-251 ,   2.44| 177-179 ,   2.36| 
 66-98  ,   2.36|  45-251 ,   2.24|   0-237 ,   2.21|   0-78  ,   2.06| 122-281 ,   2.06| 
  0-221 ,   2.01| 123-160 ,   1.82| 228-270 ,   1.70| 149-238 ,   1.38|  67-205 ,   1.36| 
  2-130 ,   1.25|  61-201 ,   0.92|   0-231 ,   0.79| 282-290 ,   0.71|   0-117 ,   0.36| 
163-239 ,   0.24| 163-195 ,   0.24|  82-269 ,   0.24| 111-310 ,   0.19| 111-193 ,   0.12| 
-----------------------------------------------------------------------------------------
edge= 54 86 lp= 0.958584 pre= 2 lp2= 50.8173 pre2= 2 score= 48.7127
-----------------------------------------------------------------------------------------
edge= 165 257 lp= 0.506007 pre= 2 lp2= 105.009 pre2= 2 score= 53.1353
-----------------------------------------------------------------------------------------
edge= 72 175 lp= 0.957445 pre= 2 lp2= 128.816 pre2= 2 score= 123.335
-----------------------------------------------------------------------------------------
edge= 0 239 lp= 0.958725 pre= 2 lp2= 128.816 pre2= 2 score= 123.499
-----------------------------------------------------------------------------------------
candidate= 0-239 : -
-----------------------------------------------------------------------------------------
it= 3   ncol= 1316  ncstr= 664  mt= 0.4   spt= 0.0   lpval= 94007.5   ub= 94044.0  
-----------------------------------------------------------------------------------------
elapsed time= 78.99 s.
-----------------------------------------------------------------------------------------
candidate= 72-175 : -
-----------------------------------------------------------------------------------------
it= 3   ncol= 1316  ncstr= 664  mt= 0.3   spt= 0.0   lpval= 94007.2   ub= 94044.0  
-----------------------------------------------------------------------------------------
elapsed time= 79.39 s.
-----------------------------------------------------------------------------------------
candidate= 0-239 : +
-----------------------------------------------------------------------------------------
it= 6   ncol= 1416  ncstr= 664  mt= 0.4   spt= 0.1   lpval= 94010.8   ub= 94044.0  
-----------------------------------------------------------------------------------------
elapsed time= 79.89 s.
-----------------------------------------------------------------------------------------
candidate= 165-257 : -
-----------------------------------------------------------------------------------------
it= 4   ncol= 1303  ncstr= 664  mt= 0.4   spt= 0.1   lpval= 94007.4   ub= 94044.0  
-----------------------------------------------------------------------------------------
elapsed time= 80.36 s.
-----------------------------------------------------------------------------------------
candidate= 165-257 : +
-----------------------------------------------------------------------------------------
it= 6   ncol= 1375  ncstr= 664  mt= 0.5   spt= 0.1   lpval= 94017.1   ub= 94044.0  
-----------------------------------------------------------------------------------------
elapsed time= 80.96 s.
-----------------------------------------------------------------------------------------
candidate= 54-86 : -
-----------------------------------------------------------------------------------------
it= 4   ncol= 1342  ncstr= 664  mt= 0.4   spt= 0.1   lpval= 94007.2   ub= 94044.0  
-----------------------------------------------------------------------------------------
elapsed time= 81.40 s.
-----------------------------------------------------------------------------------------
candidate= 72-175 : +
-----------------------------------------------------------------------------------------
it= 7   ncol= 1423  ncstr= 664  mt= 0.5   spt= 0.1   lpval= 94038.8   ub= 94044.0  
-----------------------------------------------------------------------------------------
elapsed time= 82.00 s.
-----------------------------------------------------------------------------------------
candidate= 54-86 : +
-----------------------------------------------------------------------------------------
it= 6   ncol= 1425  ncstr= 664  mt= 0.4   spt= 0.1   lpval= 94022.7   ub= 94044.0  
-----------------------------------------------------------------------------------------
elapsed time= 82.54 s.
-----------------------------------------------------------------------------------------
brc= 72-175
t= 0.205295 c= 36.6428 n= 0 if_b4= 0
t= 0.499342 c= 55.1749 n= 0 if_b4= 0
#########################################################################################
tree size= 1 lb= 94006.9 ub= 94044
#########################################################################################
idx= 1 value= 94006.9 enu= 1
brc= 50-103 : -
brc= 76-103 : -
brc= 49-105 : +
brc= 164-295 : +
brc= 221-228 : +
brc= 0-57 : -
brc= 211-295 : +
brc= 270-279 : -
brc= 0-121 : +
brc= 62-68 : +
brc= 126-152 : +
brc= 190-217 : -
brc= 117-174 : -
brc= 106-207 : -
brc= 3-150 : -
brc= 250-278 : -
brc= 125-224 : +
brc= 108-218 : -
brc= 6-60 : -
brc= 30-276 : -
brc= 175-249 : -
brc= 24-299 : -
brc= 6-19 : +
brc= 72-175 : +
it= 5   ncol= 1398  ncstr= 663  mt= 0.4   spt= 0.1   lpval= 94038.8   ub= 94044.0  
-----------------------------------------------------------------------------------------
elapsed time= 84.68 s.
-----------------------------------------------------------------------------------------
delete columns= 134974 remain= 871
 ****** Separate RCCs ****** 
 ****** Separate Rank1Cuts ****** 
it= 4   ncol= 886   ncstr= 574  mt= 0.0   spt= 0.0   lpval= 94042.5   ub= 94044.0  
-----------------------------------------------------------------------------------------
elapsed time= 85.03 s.
-----------------------------------------------------------------------------------------
delete columns= 405 remain= 466
mip: row= 509 col= 1022 density= 2.95388%
mip time= 0.04 s.
mip status= 3
update f from 0 to 1.50411
#########################################################################################
tree size= 0 lb= 94006.9 ub= 94044
#########################################################################################
idx= 2 value= 94006.9 enu= 1
brc= 50-103 : -
brc= 76-103 : -
brc= 49-105 : +
brc= 164-295 : +
brc= 221-228 : +
brc= 0-57 : -
brc= 211-295 : +
brc= 270-279 : -
brc= 0-121 : +
brc= 62-68 : +
brc= 126-152 : +
brc= 190-217 : -
brc= 117-174 : -
brc= 106-207 : -
brc= 3-150 : -
brc= 250-278 : -
brc= 125-224 : +
brc= 108-218 : -
brc= 6-60 : -
brc= 30-276 : -
brc= 175-249 : -
brc= 24-299 : -
brc= 6-19 : +
brc= 72-175 : -
it= 4   ncol= 1321  ncstr= 663  mt= 0.1   spt= 0.0   lpval= 94007.2   ub= 94044.0  
-----------------------------------------------------------------------------------------
elapsed time= 85.24 s.
-----------------------------------------------------------------------------------------
columns pending deletion= 17284 remain= 135912 col ratio= 0.872829 row ratio= 0.834087
 ****** Separate RCCs ****** 
 ****** Separate Rank1Cuts ****** 
it= 3   ncol= 1322  ncstr= 704  mt= 0.0   spt= 0.0   lpval= 94007.6   ub= 94044.0  
-----------------------------------------------------------------------------------------
elapsed time= 85.72 s.
-----------------------------------------------------------------------------------------
columns pending deletion= 21629 remain= 135912 col ratio= 0.84086 row ratio= 0.803977
[1;36m[REMIND] 2: gap improved= 0.392932 ratio= 0.010787 threshold= 0.040000 in function increaseCondition2 at /blue/yu.yang1/you.z/route_opt/packages/application/X-n313-k71/src/main/src/call_cutting.cpp:74[0m
 ****** Separate RCCs ****** 
 ****** Separate Rank1Cuts ****** 
it= 4   ncol= 1330  ncstr= 739  mt= 0.0   spt= 0.0   lpval= 94007.6   ub= 94044.0  
-----------------------------------------------------------------------------------------
elapsed time= 86.13 s.
-----------------------------------------------------------------------------------------
columns pending deletion= 24539 remain= 135912 col ratio= 0.819449 row ratio= 0.780785
current_r_best= 0.503488
pseudo= 50 frac= 50
#candidates in phase1= 37
testing lp time= 20.25 s.
-----------------------------------------------------------------------------------------
 52-296 ,  28.62| 136-143 ,  28.54|   4-106 ,  28.20|   0-127 ,  27.59|  57-64  ,  21.91| 
118-127 ,  18.20| 145-208 ,  18.01| 155-257 ,  18.01|  23-118 ,  17.83|  30-269 ,  15.37| 
 22-161 ,  13.82|  18-301 ,  11.75|  24-171 ,  11.12|  23-86  ,   9.46|  95-281 ,   7.06| 
207-269 ,   5.83|  35-235 ,   5.46|  42-136 ,   4.58| 218-224 ,   4.40|  42-143 ,   3.91| 
147-270 ,   3.63|  36-150 ,   3.30|   4-237 ,   2.68|  52-235 ,   2.55|   2-60  ,   2.39| 
  0-20  ,   2.29| 117-131 ,   2.25|   0-235 ,   2.10|   0-104 ,   1.38| 228-270 ,   1.18| 
158-163 ,   1.08| 257-276 ,   0.87|  25-189 ,   0.87|  57-84  ,   0.83| 189-257 ,   0.66| 
 24-279 ,   0.59|   0-26  ,   0.58| 
-----------------------------------------------------------------------------------------
edge= 4 106 lp= 0.389334 pre= 2 lp2= 72.4185 pre2= 2 score= 28.195
-----------------------------------------------------------------------------------------
edge= 136 143 lp= 7.18055 pre= 2 lp2= 3.97412 pre2= 2 score= 28.5364
-----------------------------------------------------------------------------------------
edge= 52 296 lp= 7.19933 pre= 2 lp2= 3.97504 pre2= 2 score= 28.6176
-----------------------------------------------------------------------------------------
candidate= 52-296 : -
-----------------------------------------------------------------------------------------
it= 7   ncol= 1516  ncstr= 740  mt= 0.5   spt= 0.1   lpval= 94013.4   ub= 94044.0  
-----------------------------------------------------------------------------------------
elapsed time= 107.00 s.
-----------------------------------------------------------------------------------------
candidate= 136-143 : -
-----------------------------------------------------------------------------------------
it= 5   ncol= 1465  ncstr= 740  mt= 0.4   spt= 0.1   lpval= 94013.4   ub= 94044.0  
-----------------------------------------------------------------------------------------
elapsed time= 107.52 s.
-----------------------------------------------------------------------------------------
candidate= 4-106 : -
-----------------------------------------------------------------------------------------
it= 3   ncol= 1341  ncstr= 740  mt= 0.5   spt= 0.0   lpval= 94008.0   ub= 94044.0  
-----------------------------------------------------------------------------------------
elapsed time= 108.04 s.
-----------------------------------------------------------------------------------------
candidate= 4-106 : +
-----------------------------------------------------------------------------------------
it= 6   ncol= 1477  ncstr= 740  mt= 0.6   spt= 0.1   lpval= 94038.7   ub= 94044.0  
-----------------------------------------------------------------------------------------
elapsed time= 108.71 s.
-----------------------------------------------------------------------------------------
candidate= 52-296 : +
-----------------------------------------------------------------------------------------
it= 6   ncol= 1488  ncstr= 740  mt= 0.4   spt= 0.1   lpval= 94011.0   ub= 94044.0  
-----------------------------------------------------------------------------------------
elapsed time= 109.24 s.
-----------------------------------------------------------------------------------------
candidate= 136-143 : +
-----------------------------------------------------------------------------------------
it= 7   ncol= 1504  ncstr= 740  mt= 0.4   spt= 0.1   lpval= 94011.1   ub= 94044.0  
-----------------------------------------------------------------------------------------
elapsed time= 109.77 s.
-----------------------------------------------------------------------------------------
brc= 136-143
t= 0.23949 c= 19.6956 n= 1 if_b4= 0
t= 0.531826 c= 33.1784 n= 1 if_b4= 0
#########################################################################################
tree size= 1 lb= 94007.6 ub= 94044
#########################################################################################
idx= 3 value= 94007.6 enu= 1
brc= 50-103 : -
brc= 76-103 : -
brc= 49-105 : +
brc= 164-295 : +
brc= 221-228 : +
brc= 0-57 : -
brc= 211-295 : +
brc= 270-279 : -
brc= 0-121 : +
brc= 62-68 : +
brc= 126-152 : +
brc= 190-217 : -
brc= 117-174 : -
brc= 106-207 : -
brc= 3-150 : -
brc= 250-278 : -
brc= 125-224 : +
brc= 108-218 : -
brc= 6-60 : -
brc= 30-276 : -
brc= 175-249 : -
brc= 24-299 : -
brc= 6-19 : +
brc= 72-175 : -
brc= 136-143 : +
it= 6   ncol= 1413  ncstr= 739  mt= 0.4   spt= 0.0   lpval= 94011.1   ub= 94044.0  
-----------------------------------------------------------------------------------------
elapsed time= 111.82 s.
-----------------------------------------------------------------------------------------
delete columns= 40792 remain= 56688
 ****** Separate RCCs ****** 
 ****** Separate Rank1Cuts ****** 
it= 4   ncol= 1434  ncstr= 568  mt= 0.0   spt= 0.0   lpval= 94012.5   ub= 94044.0  
-----------------------------------------------------------------------------------------
elapsed time= 112.35 s.
-----------------------------------------------------------------------------------------
columns pending deletion= 13157 remain= 56688 col ratio= 0.767905 row ratio= 0.926056
 ****** Separate RCCs ****** 
 ****** Separate Rank1Cuts ****** 
it= 4   ncol= 1458  ncstr= 661  mt= 0.1   spt= 0.0   lpval= 94013.6   ub= 94044.0  
-----------------------------------------------------------------------------------------
elapsed time= 112.97 s.
-----------------------------------------------------------------------------------------
delete columns= 18374 remain= 38314
[1;36m[REMIND] 2: gap improved= 1.048079 ratio= 0.034468 threshold= 0.040000 in function increaseCondition2 at /blue/yu.yang1/you.z/route_opt/packages/application/X-n313-k71/src/main/src/call_cutting.cpp:74[0m
 ****** Separate RCCs ****** 
 ****** Separate Rank1Cuts ****** 
it= 2   ncol= 1444  ncstr= 591  mt= 0.0   spt= 0.0   lpval= 94013.8   ub= 94044.0  
-----------------------------------------------------------------------------------------
elapsed time= 113.50 s.
-----------------------------------------------------------------------------------------
columns pending deletion= 1797 remain= 38314 col ratio= 0.953098 row ratio= 0.937394
[1;36m[REMIND] 2: gap improved= 0.170411 ratio= 0.005636 threshold= 0.040000 in function increaseCondition2 at /blue/yu.yang1/you.z/route_opt/packages/application/X-n313-k71/src/main/src/call_cutting.cpp:74[0m
 ****** Separate RCCs ****** 
 ****** Separate Rank1Cuts ****** 
it= 3   ncol= 1452  ncstr= 674  mt= 0.0   spt= 0.0   lpval= 94014.0   ub= 94044.0  
-----------------------------------------------------------------------------------------
elapsed time= 114.12 s.
-----------------------------------------------------------------------------------------
columns pending deletion= 2859 remain= 38314 col ratio= 0.92538 row ratio= 0.830861
[1;36m[REMIND] 2: gap improved= 0.248051 ratio= 0.008271 threshold= 0.040000 in function increaseCondition2 at /blue/yu.yang1/you.z/route_opt/packages/application/X-n313-k71/src/main/src/call_cutting.cpp:74[0m
[1;36m[REMIND] tail off counter= 3 threshold= 3 in function setIfTailOff at /blue/yu.yang1/you.z/route_opt/packages/application/X-n313-k71/src/main/src/call_cutting.cpp:150[0m
current_r_best= 4.64843
alpha= 0.37 beta= 6.12788 omega= 82.2396 k1= 12
lb_k= 1 ub_k= 37
revise: lb_k= 9 ub_k= 15
opt_k= 13
alpha= 0.75 beta= 6.12788 omega= 62.3859 k1= 3
lb_k= 1 ub_k= 3
revise: lb_k= 1 ub_k= 3
opt_k= 3
pseudo= 50 frac= 50
#candidates in phase1= 13
testing lp time= 6.05 s.
-----------------------------------------------------------------------------------------
145-208 ,  74.67| 155-257 ,  74.67|  54-239 ,  47.27|  18-131 ,  24.59|  30-269 ,  16.17| 
 18-301 ,  11.93|  90-147 ,   6.90| 215-297 ,   6.83|   0-152 ,   5.15| 140-238 ,   4.76| 
 67-185 ,   4.32| 108-201 ,   2.61| 205-256 ,   0.05| 
-----------------------------------------------------------------------------------------
edge= 54 239 lp= 1.13542 pre= 2 lp2= 41.6314 pre2= 2 score= 47.269
-----------------------------------------------------------------------------------------
edge= 155 257 lp= 0.86868 pre= 2 lp2= 85.9589 pre2= 2 score= 74.6707
-----------------------------------------------------------------------------------------
edge= 145 208 lp= 0.86868 pre= 2 lp2= 85.9589 pre2= 2 score= 74.6707
-----------------------------------------------------------------------------------------
candidate= 155-257 : -
-----------------------------------------------------------------------------------------
it= 4   ncol= 1481  ncstr= 675  mt= 0.4   spt= 0.0   lpval= 94014.4   ub= 94044.0  
-----------------------------------------------------------------------------------------
elapsed time= 120.57 s.
-----------------------------------------------------------------------------------------
candidate= 145-208 : -
-----------------------------------------------------------------------------------------
it= 4   ncol= 1481  ncstr= 675  mt= 0.4   spt= 0.0   lpval= 94014.4   ub= 94044.0  
-----------------------------------------------------------------------------------------
elapsed time= 120.95 s.
-----------------------------------------------------------------------------------------
candidate= 54-239 : -
-----------------------------------------------------------------------------------------
it= 4   ncol= 1482  ncstr= 675  mt= 0.4   spt= 0.0   lpval= 94015.1   ub= 94044.0  
-----------------------------------------------------------------------------------------
elapsed time= 121.36 s.
-----------------------------------------------------------------------------------------
candidate= 54-239 : +
-----------------------------------------------------------------------------------------
it= 6   ncol= 1560  ncstr= 675  mt= 0.5   spt= 0.0   lpval= 94036.2   ub= 94044.0  
-----------------------------------------------------------------------------------------
elapsed time= 121.90 s.
-----------------------------------------------------------------------------------------
candidate= 155-257 : +
-----------------------------------------------------------------------------------------
it= 5   ncol= 1576  ncstr= 675  mt= 0.6   spt= 0.0   lpval= 94027.6   ub= 94044.0  
-----------------------------------------------------------------------------------------
elapsed time= 122.54 s.
-----------------------------------------------------------------------------------------
candidate= 145-208 : +
-----------------------------------------------------------------------------------------
it= 6   ncol= 1602  ncstr= 675  mt= 0.7   spt= 0.0   lpval= 94028.1   ub= 94044.0  
-----------------------------------------------------------------------------------------
elapsed time= 123.25 s.
-----------------------------------------------------------------------------------------
brc= 54-239
t= 0.237248 c= 14.5744 n= 2 if_b4= 0
t= 0.525155 c= 24.0598 n= 2 if_b4= 0
#########################################################################################
tree size= 2 lb= 94007.6 ub= 94044
#########################################################################################
idx= 4 value= 94007.6 enu= 1
brc= 50-103 : -
brc= 76-103 : -
brc= 49-105 : +
brc= 164-295 : +
brc= 221-228 : +
brc= 0-57 : -
brc= 211-295 : +
brc= 270-279 : -
brc= 0-121 : +
brc= 62-68 : +
brc= 126-152 : +
brc= 190-217 : -
brc= 117-174 : -
brc= 106-207 : -
brc= 3-150 : -
brc= 250-278 : -
brc= 125-224 : +
brc= 108-218 : -
brc= 6-60 : -
brc= 30-276 : -
brc= 175-249 : -
brc= 24-299 : -
brc= 6-19 : +
brc= 72-175 : -
brc= 136-143 : -
it= 5   ncol= 1470  ncstr= 739  mt= 0.1   spt= 0.0   lpval= 94013.4   ub= 94044.0  
-----------------------------------------------------------------------------------------
elapsed time= 124.59 s.
-----------------------------------------------------------------------------------------
delete columns= 57630 remain= 53730
 ****** Separate RCCs ****** 
 ****** Separate Rank1Cuts ****** 
it= 4   ncol= 1456  ncstr= 588  mt= 0.0   spt= 0.0   lpval= 94015.1   ub= 94044.0  
-----------------------------------------------------------------------------------------
elapsed time= 125.85 s.
-----------------------------------------------------------------------------------------
columns pending deletion= 15996 remain= 53730 col ratio= 0.702289 row ratio= 0.913265
 ****** Separate RCCs ****** 
 ****** Separate Rank1Cuts ****** 
it= 4   ncol= 1461  ncstr= 644  mt= 0.1   spt= 0.0   lpval= 94015.9   ub= 94044.0  
-----------------------------------------------------------------------------------------
elapsed time= 126.47 s.
-----------------------------------------------------------------------------------------
delete columns= 22370 remain= 31360
[1;36m[REMIND] 2: gap improved= 0.821548 ratio= 0.029215 threshold= 0.040000 in function increaseCondition2 at /blue/yu.yang1/you.z/route_opt/packages/application/X-n313-k71/src/main/src/call_cutting.cpp:74[0m
 ****** Separate RCCs ****** 
 ****** Separate Rank1Cuts ****** 
it= 3   ncol= 1463  ncstr= 582  mt= 0.0   spt= 0.0   lpval= 94016.2   ub= 94044.0  
-----------------------------------------------------------------------------------------
elapsed time= 127.29 s.
-----------------------------------------------------------------------------------------
columns pending deletion= 1805 remain= 31360 col ratio= 0.942443 row ratio= 0.92268
[1;36m[REMIND] 2: gap improved= 0.282497 ratio= 0.010148 threshold= 0.040000 in function increaseCondition2 at /blue/yu.yang1/you.z/route_opt/packages/application/X-n313-k71/src/main/src/call_cutting.cpp:74[0m
 ****** Separate RCCs ****** 
 ****** Separate Rank1Cuts ****** 
it= 2   ncol= 1451  ncstr= 617  mt= 0.0   spt= 0.0   lpval= 94016.4   ub= 94044.0  
-----------------------------------------------------------------------------------------
elapsed time= 127.76 s.
-----------------------------------------------------------------------------------------
columns pending deletion= 3109 remain= 31360 col ratio= 0.900861 row ratio= 0.896272
[1;36m[REMIND] 2: gap improved= 0.217320 ratio= 0.007868 threshold= 0.040000 in function increaseCondition2 at /blue/yu.yang1/you.z/route_opt/packages/application/X-n313-k71/src/main/src/call_cutting.cpp:74[0m
[1;36m[REMIND] tail off counter= 3 threshold= 3 in function setIfTailOff at /blue/yu.yang1/you.z/route_opt/packages/application/X-n313-k71/src/main/src/call_cutting.cpp:150[0m
current_r_best= 5.44165
alpha= 0.37 beta= 4.79944 omega= 61.4311 k1= 9
lb_k= 1 ub_k= 37
revise: lb_k= 7 ub_k= 12
opt_k= 10
alpha= 0.75 beta= 4.79944 omega= 45.8146 k1= 3
lb_k= 1 ub_k= 3
revise: lb_k= 1 ub_k= 3
opt_k= 3
pseudo= 50 frac= 50
#candidates in phase1= 10
testing lp time= 4.17 s.
-----------------------------------------------------------------------------------------
 52-143 ,  17.28|   0-214 ,  16.86|  30-269 ,  10.20|  74-217 ,   5.53|  33-56  ,   5.12| 
 95-281 ,   4.53|  69-176 ,   2.13|  78-176 ,   2.13| 176-277 ,   2.13| 179-185 ,   1.67| 
-----------------------------------------------------------------------------------------
edge= 0 214 lp= 23.6185 pre= 2 lp2= 0.713722 pre2= 2 score= 16.8571
-----------------------------------------------------------------------------------------
edge= 30 269 lp= 0.343408 pre= 2 lp2= 29.7159 pre2= 2 score= 10.2047
-----------------------------------------------------------------------------------------
edge= 52 143 lp= 1.07662 pre= 2 lp2= 16.0548 pre2= 2 score= 17.2849
-----------------------------------------------------------------------------------------
candidate= 52-143 : -
-----------------------------------------------------------------------------------------
it= 3   ncol= 1488  ncstr= 618  mt= 0.4   spt= 0.0   lpval= 94017.4   ub= 94044.0  
-----------------------------------------------------------------------------------------
elapsed time= 132.34 s.
-----------------------------------------------------------------------------------------
candidate= 0-214 : -
-----------------------------------------------------------------------------------------
it= 5   ncol= 1516  ncstr= 618  mt= 0.5   spt= 0.0   lpval= 94022.9   ub= 94044.0  
-----------------------------------------------------------------------------------------
elapsed time= 132.90 s.
-----------------------------------------------------------------------------------------
candidate= 52-143 : +
-----------------------------------------------------------------------------------------
it= 5   ncol= 1523  ncstr= 618  mt= 0.3   spt= 0.0   lpval= 94030.5   ub= 94044.0  
-----------------------------------------------------------------------------------------
elapsed time= 133.24 s.
-----------------------------------------------------------------------------------------
brc= 52-143
t= 0.230065 c= 11.9441 n= 3 if_b4= 0
t= 0.502098 c= 19.4171 n= 3 if_b4= 0
#########################################################################################
tree size= 3 lb= 94014 ub= 94044
#########################################################################################
idx= 5 value= 94014 enu= 1
brc= 50-103 : -
brc= 76-103 : -
brc= 49-105 : +
brc= 164-295 : +
brc= 221-228 : +
brc= 0-57 : -
brc= 211-295 : +
brc= 270-279 : -
brc= 0-121 : +
brc= 62-68 : +
brc= 126-152 : +
brc= 190-217 : -
brc= 117-174 : -
brc= 106-207 : -
brc= 3-150 : -
brc= 250-278 : -
brc= 125-224 : +
brc= 108-218 : -
brc= 6-60 : -
brc= 30-276 : -
brc= 175-249 : -
brc= 24-299 : -
brc= 6-19 : +
brc= 72-175 : -
brc= 136-143 : +
brc= 54-239 : +
it= 5   ncol= 1565  ncstr= 674  mt= 0.5   spt= 0.0   lpval= 94036.2   ub= 94044.0  
-----------------------------------------------------------------------------------------
elapsed time= 134.76 s.
-----------------------------------------------------------------------------------------
delete columns= 34031 remain= 1287
 ****** Separate RCCs ****** 
 ****** Separate Rank1Cuts ****** 
it= 4   ncol= 1060  ncstr= 563  mt= 0.0   spt= 0.0   lpval= 94038.0   ub= 94044.0  
-----------------------------------------------------------------------------------------
elapsed time= 135.26 s.
-----------------------------------------------------------------------------------------
delete columns= 437 remain= 850
mip: row= 502 col= 1763 density= 3.43493%
mip time= 0.20 s.
mip status= 3
update f from 1.50411 to 6.01851
#########################################################################################
tree size= 2 lb= 94014 ub= 94044
#########################################################################################
idx= 6 value= 94014 enu= 1
brc= 50-103 : -
brc= 76-103 : -
brc= 49-105 : +
brc= 164-295 : +
brc= 221-228 : +
brc= 0-57 : -
brc= 211-295 : +
brc= 270-279 : -
brc= 0-121 : +
brc= 62-68 : +
brc= 126-152 : +
brc= 190-217 : -
brc= 117-174 : -
brc= 106-207 : -
brc= 3-150 : -
brc= 250-278 : -
brc= 125-224 : +
brc= 108-218 : -
brc= 6-60 : -
brc= 30-276 : -
brc= 175-249 : -
brc= 24-299 : -
brc= 6-19 : +
brc= 72-175 : -
brc= 136-143 : +
brc= 54-239 : -
it= 4   ncol= 1488  ncstr= 674  mt= 0.0   spt= 0.0   lpval= 94015.1   ub= 94044.0  
-----------------------------------------------------------------------------------------
elapsed time= 135.75 s.
-----------------------------------------------------------------------------------------
columns pending deletion= 5068 remain= 35451 col ratio= 0.857042 row ratio= 0.816024
 ****** Separate RCCs ****** 
 ****** Separate Rank1Cuts ****** 
it= 3   ncol= 1469  ncstr= 765  mt= 0.0   spt= 0.0   lpval= 94015.5   ub= 94044.0  
-----------------------------------------------------------------------------------------
elapsed time= 136.38 s.
-----------------------------------------------------------------------------------------
delete columns= 7355 remain= 28096
[1;36m[REMIND] 2: gap improved= 0.418024 ratio= 0.014673 threshold= 0.040000 in function increaseCondition2 at /blue/yu.yang1/you.z/route_opt/packages/application/X-n313-k71/src/main/src/call_cutting.cpp:74[0m
 ****** Separate RCCs ****** 
 ****** Separate Rank1Cuts ****** 
it= 2   ncol= 1469  ncstr= 593  mt= 0.0   spt= 0.0   lpval= 94015.8   ub= 94044.0  
-----------------------------------------------------------------------------------------
elapsed time= 136.79 s.
-----------------------------------------------------------------------------------------
columns pending deletion= 1128 remain= 28096 col ratio= 0.959852 row ratio= 0.944351
[1;36m[REMIND] 2: gap improved= 0.303375 ratio= 0.010763 threshold= 0.040000 in function increaseCondition2 at /blue/yu.yang1/you.z/route_opt/packages/application/X-n313-k71/src/main/src/call_cutting.cpp:74[0m
 ****** Separate RCCs ****** 
 ****** Separate Rank1Cuts ****** 
it= 4   ncol= 1489  ncstr= 718  mt= 0.0   spt= 0.0   lpval= 94016.1   ub= 94044.0  
-----------------------------------------------------------------------------------------
elapsed time= 137.44 s.
-----------------------------------------------------------------------------------------
columns pending deletion= 2981 remain= 28096 col ratio= 0.893899 row ratio= 0.775766
[1;36m[REMIND] 2: gap improved= 0.240985 ratio= 0.008623 threshold= 0.040000 in function increaseCondition2 at /blue/yu.yang1/you.z/route_opt/packages/application/X-n313-k71/src/main/src/call_cutting.cpp:74[0m
[1;36m[REMIND] tail off counter= 3 threshold= 3 in function setIfTailOff at /blue/yu.yang1/you.z/route_opt/packages/application/X-n313-k71/src/main/src/call_cutting.cpp:150[0m
current_r_best= 5.44165
alpha= 0.37 beta= 4.02952 omega= 51.9163 k1= 7
lb_k= 1 ub_k= 37
revise: lb_k= 5 ub_k= 10
opt_k= 8
alpha= 0.75 beta= 4.02952 omega= 38.6719 k1= 3
lb_k= 1 ub_k= 3
revise: lb_k= 2 ub_k= 3
opt_k= 3
pseudo= 50 frac= 50
#candidates in phase1= 8
testing lp time= 4.29 s.
-----------------------------------------------------------------------------------------
128-202 ,  18.98|  18-131 ,  14.99|  30-269 ,  13.67| 117-237 ,   8.74| 215-216 ,   6.31| 
228-281 ,   4.94|  24-190 ,   1.57|  67-158 ,   0.48| 
-----------------------------------------------------------------------------------------
edge= 30 269 lp= 0.461561 pre= 0 lp2= 29.6268 pre2= 2 score= 13.6746
-----------------------------------------------------------------------------------------
edge= 18 131 lp= 0.553397 pre= 0 lp2= 27.0877 pre2= 2 score= 14.9903
-----------------------------------------------------------------------------------------
edge= 128 202 lp= 0.329567 pre= 1 lp2= 57.5987 pre2= 2 score= 18.9826
-----------------------------------------------------------------------------------------
candidate= 128-202 : +
-----------------------------------------------------------------------------------------
it= 4   ncol= 1562  ncstr= 719  mt= 0.4   spt= 0.0   lpval= 94042.6   ub= 94044.0  
-----------------------------------------------------------------------------------------
elapsed time= 142.17 s.
-----------------------------------------------------------------------------------------
candidate= 18-131 : +
-----------------------------------------------------------------------------------------
it= 5   ncol= 1605  ncstr= 719  mt= 0.5   spt= 0.0   lpval= 94035.6   ub= 94044.0  
-----------------------------------------------------------------------------------------
elapsed time= 142.73 s.
-----------------------------------------------------------------------------------------
candidate= 30-269 : +
-----------------------------------------------------------------------------------------
it= 5   ncol= 1587  ncstr= 719  mt= 0.4   spt= 0.0   lpval= 94033.6   ub= 94044.0  
-----------------------------------------------------------------------------------------
elapsed time= 143.19 s.
-----------------------------------------------------------------------------------------
brc= 18-131
t= 0.237722 c= 10.0549 n= 4 if_b4= 0
t= 0.498608 c= 16.3173 n= 4 if_b4= 0
#########################################################################################
tree size= 3 lb= 94016.1 ub= 94044
#########################################################################################
idx= 9 value= 94016.1 enu= 1
brc= 50-103 : -
brc= 76-103 : -
brc= 49-105 : +
brc= 164-295 : +
brc= 221-228 : +
brc= 0-57 : -
brc= 211-295 : +
brc= 270-279 : -
brc= 0-121 : +
brc= 62-68 : +
brc= 126-152 : +
brc= 190-217 : -
brc= 117-174 : -
brc= 106-207 : -
brc= 3-150 : -
brc= 250-278 : -
brc= 125-224 : +
brc= 108-218 : -
brc= 6-60 : -
brc= 30-276 : -
brc= 175-249 : -
brc= 24-299 : -
brc= 6-19 : +
brc= 72-175 : -
brc= 136-143 : +
brc= 54-239 : -
brc= 18-131 : +
it= 5   ncol= 1589  ncstr= 718  mt= 0.5   spt= 0.0   lpval= 94035.6   ub= 94044.0  
-----------------------------------------------------------------------------------------
elapsed time= 144.76 s.
-----------------------------------------------------------------------------------------
delete columns= 23666 remain= 1293
 ****** Separate RCCs ****** 
 ****** Separate Rank1Cuts ****** 
it= 4   ncol= 1056  ncstr= 530  mt= 0.1   spt= 0.0   lpval= 94047.4   ub= 94044.0  
-----------------------------------------------------------------------------------------
elapsed time= 145.13 s.
-----------------------------------------------------------------------------------------
#########################################################################################
tree size= 2 lb= 94016.1 ub= 94044
#########################################################################################
idx= 10 value= 94016.1 enu= 1
brc= 50-103 : -
brc= 76-103 : -
brc= 49-105 : +
brc= 164-295 : +
brc= 221-228 : +
brc= 0-57 : -
brc= 211-295 : +
brc= 270-279 : -
brc= 0-121 : +
brc= 62-68 : +
brc= 126-152 : +
brc= 190-217 : -
brc= 117-174 : -
brc= 106-207 : -
brc= 3-150 : -
brc= 250-278 : -
brc= 125-224 : +
brc= 108-218 : -
brc= 6-60 : -
brc= 30-276 : -
brc= 175-249 : -
brc= 24-299 : -
brc= 6-19 : +
brc= 72-175 : -
brc= 136-143 : +
brc= 54-239 : -
brc= 18-131 : -
it= 3   ncol= 1480  ncstr= 718  mt= 0.0   spt= 0.0   lpval= 94016.6   ub= 94044.0  
-----------------------------------------------------------------------------------------
elapsed time= 145.20 s.
-----------------------------------------------------------------------------------------
columns pending deletion= 1764 remain= 25113 col ratio= 0.929757 row ratio= 0.767409
 ****** Separate RCCs ****** 
 ****** Separate Rank1Cuts ****** 
it= 4   ncol= 1464  ncstr= 788  mt= 0.0   spt= 0.0   lpval= 94017.0   ub= 94044.0  
-----------------------------------------------------------------------------------------
elapsed time= 145.82 s.
-----------------------------------------------------------------------------------------
columns pending deletion= 3227 remain= 25113 col ratio= 0.871501 row ratio= 0.724619
[1;36m[REMIND] 2: gap improved= 0.412868 ratio= 0.015285 threshold= 0.040000 in function increaseCondition2 at /blue/yu.yang1/you.z/route_opt/packages/application/X-n313-k71/src/main/src/call_cutting.cpp:74[0m
 ****** Separate RCCs ****** 
 ****** Separate Rank1Cuts ****** 
it= 3   ncol= 1456  ncstr= 822  mt= 0.0   spt= 0.0   lpval= 94017.2   ub= 94044.0  
-----------------------------------------------------------------------------------------
elapsed time= 146.14 s.
-----------------------------------------------------------------------------------------
delete columns= 3808 remain= 21305
[1;36m[REMIND] 2: gap improved= 0.212719 ratio= 0.007938 threshold= 0.040000 in function increaseCondition2 at /blue/yu.yang1/you.z/route_opt/packages/application/X-n313-k71/src/main/src/call_cutting.cpp:74[0m
 ****** Separate Rank1Cuts ****** 
it= 3   ncol= 1475  ncstr= 618  mt= 0.0   spt= 0.0   lpval= 94017.2   ub= 94044.0  
-----------------------------------------------------------------------------------------
elapsed time= 146.98 s.
-----------------------------------------------------------------------------------------
columns pending deletion= 760 remain= 21305 col ratio= 0.964328 row ratio= 0.928803
current_r_best= 5.44165
alpha= 0.37 beta= 3.81333 omega= 42.297 k1= 6
lb_k= 1 ub_k= 37
revise: lb_k= 5 ub_k= 9
opt_k= 7
alpha= 0.75 beta= 3.81333 omega= 32.7256 k1= 3
lb_k= 1 ub_k= 3
revise: lb_k= 2 ub_k= 3
opt_k= 3
pseudo= 50 frac= 50
#candidates in phase1= 7
testing lp time= 2.86 s.
-----------------------------------------------------------------------------------------
 89-221 ,  11.58|  30-269 ,   7.85| 206-253 ,   7.29|   0-214 ,   4.58| 207-230 ,   3.44| 
 90-117 ,   2.93|   5-229 ,   0.00| 
-----------------------------------------------------------------------------------------
edge= 206 253 lp= 0.190312 pre= 0 lp2= 38.2937 pre2= 2 score= 7.28776
-----------------------------------------------------------------------------------------
edge= 30 269 lp= 0.301443 pre= 0 lp2= 26.0248 pre2= 1 score= 7.84501
-----------------------------------------------------------------------------------------
edge= 89 221 lp= 0.199212 pre= 0 lp2= 58.1376 pre2= 2 score= 11.5817
-----------------------------------------------------------------------------------------
candidate= 89-221 : +
-----------------------------------------------------------------------------------------
it= 5   ncol= 1566  ncstr= 619  mt= 0.5   spt= 0.0   lpval= 94054.4   ub= 94044.0  
-----------------------------------------------------------------------------------------
elapsed time= 150.34 s.
-----------------------------------------------------------------------------------------
candidate= 30-269 : +
-----------------------------------------------------------------------------------------
it= 4   ncol= 1530  ncstr= 619  mt= 0.3   spt= 0.0   lpval= 94032.9   ub= 94044.0  
-----------------------------------------------------------------------------------------
elapsed time= 150.67 s.
-----------------------------------------------------------------------------------------
brc= 89-221
t= 0.232123 c= 8.75654 n= 5 if_b4= 0
t= 0.484536 c= 14.1443 n= 5 if_b4= 0
#########################################################################################
tree size= 3 lb= 94016.4 ub= 94044
#########################################################################################
idx= 7 value= 94016.4 enu= 1
brc= 50-103 : -
brc= 76-103 : -
brc= 49-105 : +
brc= 164-295 : +
brc= 221-228 : +
brc= 0-57 : -
brc= 211-295 : +
brc= 270-279 : -
brc= 0-121 : +
brc= 62-68 : +
brc= 126-152 : +
brc= 190-217 : -
brc= 117-174 : -
brc= 106-207 : -
brc= 3-150 : -
brc= 250-278 : -
brc= 125-224 : +
brc= 108-218 : -
brc= 6-60 : -
brc= 30-276 : -
brc= 175-249 : -
brc= 24-299 : -
brc= 6-19 : +
brc= 72-175 : -
brc= 136-143 : -
brc= 52-143 : +
it= 4   ncol= 1474  ncstr= 617  mt= 0.3   spt= 0.0   lpval= 94030.5   ub= 94044.0  
-----------------------------------------------------------------------------------------
elapsed time= 152.07 s.
-----------------------------------------------------------------------------------------
delete columns= 24364 remain= 3505
 ****** Separate Rank1Cuts ****** 
it= 3   ncol= 1266  ncstr= 564  mt= 0.0   spt= 0.0   lpval= 94033.5   ub= 94044.0  
-----------------------------------------------------------------------------------------
elapsed time= 152.70 s.
-----------------------------------------------------------------------------------------
delete columns= 1621 remain= 1884
mip: row= 489 col= 2999 density= 3.69121%
mip time= 1.36 s.
mip status= 6
update f from 6.01851 to 10.4995
#########################################################################################
tree size= 2 lb= 94016.4 ub= 94044
#########################################################################################
idx= 8 value= 94016.4 enu= 1
brc= 50-103 : -
brc= 76-103 : -
brc= 49-105 : +
brc= 164-295 : +
brc= 221-228 : +
brc= 0-57 : -
brc= 211-295 : +
brc= 270-279 : -
brc= 0-121 : +
brc= 62-68 : +
brc= 126-152 : +
brc= 190-217 : -
brc= 117-174 : -
brc= 106-207 : -
brc= 3-150 : -
brc= 250-278 : -
brc= 125-224 : +
brc= 108-218 : -
brc= 6-60 : -
brc= 30-276 : -
brc= 175-249 : -
brc= 24-299 : -
brc= 6-19 : +
brc= 72-175 : -
brc= 136-143 : -
brc= 52-143 : -
it= 3   ncol= 1486  ncstr= 617  mt= 0.1   spt= 0.0   lpval= 94017.4   ub= 94044.0  
-----------------------------------------------------------------------------------------
elapsed time= 154.15 s.
-----------------------------------------------------------------------------------------
columns pending deletion= 2968 remain= 28248 col ratio= 0.894931 row ratio= 0.858995
 ****** Separate RCCs ****** 
 ****** Separate Rank1Cuts ****** 
it= 4   ncol= 1518  ncstr= 691  mt= 0.1   spt= 0.0   lpval= 94018.4   ub= 94044.0  
-----------------------------------------------------------------------------------------
elapsed time= 154.81 s.
-----------------------------------------------------------------------------------------
columns pending deletion= 6705 remain= 28248 col ratio= 0.762638 row ratio= 0.819103
 ****** Separate RCCs ****** 
 ****** Separate Rank1Cuts ****** 
it= 3   ncol= 1532  ncstr= 737  mt= 0.0   spt= 0.0   lpval= 94018.6   ub= 94044.0  
-----------------------------------------------------------------------------------------
elapsed time= 155.34 s.
-----------------------------------------------------------------------------------------
delete columns= 7432 remain= 20816
[1;36m[REMIND] 2: gap improved= 0.150019 ratio= 0.005903 threshold= 0.040000 in function increaseCondition2 at /blue/yu.yang1/you.z/route_opt/packages/application/X-n313-k71/src/main/src/call_cutting.cpp:74[0m
 ****** Separate Rank1Cuts ****** 
it= 3   ncol= 1547  ncstr= 584  mt= 0.0   spt= 0.0   lpval= 94018.7   ub= 94044.0  
-----------------------------------------------------------------------------------------
elapsed time= 156.17 s.
-----------------------------------------------------------------------------------------
columns pending deletion= 1478 remain= 20816 col ratio= 0.928997 row ratio= 0.965753
[1;36m[REMIND] 2: gap improved= 0.105514 ratio= 0.004169 threshold= 0.040000 in function increaseCondition2 at /blue/yu.yang1/you.z/route_opt/packages/application/X-n313-k71/src/main/src/call_cutting.cpp:74[0m
 ****** Separate Rank1Cuts ****** 
it= 2   ncol= 1539  ncstr= 616  mt= 0.0   spt= 0.0   lpval= 94018.8   ub= 94044.0  
-----------------------------------------------------------------------------------------
elapsed time= 156.79 s.
-----------------------------------------------------------------------------------------
columns pending deletion= 1954 remain= 20816 col ratio= 0.90613 row ratio= 0.925325
[1;36m[REMIND] 2: gap improved= 0.121203 ratio= 0.004812 threshold= 0.040000 in function increaseCondition2 at /blue/yu.yang1/you.z/route_opt/packages/application/X-n313-k71/src/main/src/call_cutting.cpp:74[0m
[1;36m[REMIND] tail off counter= 3 threshold= 3 in function setIfTailOff at /blue/yu.yang1/you.z/route_opt/packages/application/X-n313-k71/src/main/src/call_cutting.cpp:150[0m
current_r_best= 5.44165
alpha= 0.37 beta= 2.69914 omega= 37.7237 k1= 5
lb_k= 1 ub_k= 37
revise: lb_k= 4 ub_k= 6
opt_k= 5
alpha= 0.75 beta= 2.69914 omega= 29.1914 k1= 3
lb_k= 1 ub_k= 3
revise: lb_k= 2 ub_k= 3
opt_k= 3
pseudo= 50 frac= 50
#candidates in phase1= 5
testing lp time= 2.23 s.
-----------------------------------------------------------------------------------------
 54-239 ,  23.89| 117-237 ,  22.97| 269-277 ,   7.34|   2-132 ,   3.61| 195-238 ,   1.23| 
-----------------------------------------------------------------------------------------
edge= 269 277 lp= 0.261467 pre= 2 lp2= 28.0836 pre2= 2 score= 7.34295
-----------------------------------------------------------------------------------------
edge= 117 237 lp= 22.4224 pre= 1 lp2= 1.02432 pre2= 0 score= 22.9676
-----------------------------------------------------------------------------------------
edge= 54 239 lp= 0.85067 pre= 0 lp2= 28.0836 pre2= 2 score= 23.8899
-----------------------------------------------------------------------------------------
candidate= 54-239 : +
-----------------------------------------------------------------------------------------
it= 6   ncol= 1629  ncstr= 617  mt= 0.7   spt= 0.0   lpval= 94038.5   ub= 94044.0  
-----------------------------------------------------------------------------------------
elapsed time= 159.69 s.
-----------------------------------------------------------------------------------------
candidate= 117-237 : -
-----------------------------------------------------------------------------------------
it= 5   ncol= 1601  ncstr= 617  mt= 0.6   spt= 0.0   lpval= 94034.5   ub= 94044.0  
-----------------------------------------------------------------------------------------
elapsed time= 160.28 s.
-----------------------------------------------------------------------------------------
brc= 54-239
t= 0.230801 c= 7.98502 n= 6 if_b4= 0
t= 0.505127 c= 12.6725 n= 6 if_b4= 0
#########################################################################################
tree size= 3 lb= 94017.2 ub= 94044
#########################################################################################
idx= 11 value= 94017.2 enu= 1
brc= 50-103 : -
brc= 76-103 : -
brc= 49-105 : +
brc= 164-295 : +
brc= 221-228 : +
brc= 0-57 : -
brc= 211-295 : +
brc= 270-279 : -
brc= 0-121 : +
brc= 62-68 : +
brc= 126-152 : +
brc= 190-217 : -
brc= 117-174 : -
brc= 106-207 : -
brc= 3-150 : -
brc= 250-278 : -
brc= 125-224 : +
brc= 108-218 : -
brc= 6-60 : -
brc= 30-276 : -
brc= 175-249 : -
brc= 24-299 : -
brc= 6-19 : +
brc= 72-175 : -
brc= 136-143 : +
brc= 54-239 : -
brc= 18-131 : -
brc= 89-221 : +
it= 5   ncol= 1503  ncstr= 618  mt= 0.6   spt= 0.0   lpval= 94054.4   ub= 94044.0  
-----------------------------------------------------------------------------------------
elapsed time= 161.87 s.
-----------------------------------------------------------------------------------------
#########################################################################################
tree size= 2 lb= 94017.2 ub= 94044
#########################################################################################
idx= 12 value= 94017.2 enu= 1
brc= 50-103 : -
brc= 76-103 : -
brc= 49-105 : +
brc= 164-295 : +
brc= 221-228 : +
brc= 0-57 : -
brc= 211-295 : +
brc= 270-279 : -
brc= 0-121 : +
brc= 62-68 : +
brc= 126-152 : +
brc= 190-217 : -
brc= 117-174 : -
brc= 106-207 : -
brc= 3-150 : -
brc= 250-278 : -
brc= 125-224 : +
brc= 108-218 : -
brc= 6-60 : -
brc= 30-276 : -
brc= 175-249 : -
brc= 24-299 : -
brc= 6-19 : +
brc= 72-175 : -
brc= 136-143 : +
brc= 54-239 : -
brc= 18-131 : -
brc= 89-221 : -
it= 2   ncol= 1465  ncstr= 618  mt= 0.0   spt= 0.0   lpval= 94017.4   ub= 94044.0  
-----------------------------------------------------------------------------------------
elapsed time= 161.93 s.
-----------------------------------------------------------------------------------------
columns pending deletion= 276 remain= 20542 col ratio= 0.986564 row ratio= 0.928803
 ****** Separate Rank1Cuts ****** 
it= 2   ncol= 1457  ncstr= 653  mt= 0.0   spt= 0.0   lpval= 94017.4   ub= 94044.0  
-----------------------------------------------------------------------------------------
elapsed time= 162.29 s.
-----------------------------------------------------------------------------------------
columns pending deletion= 514 remain= 20542 col ratio= 0.974978 row ratio= 0.886677
current_r_best= 5.44165
alpha= 0.37 beta= 2.95689 omega= 34.5971 k1= 5
lb_k= 1 ub_k= 37
revise: lb_k= 4 ub_k= 7
opt_k= 5
alpha= 0.75 beta= 2.95689 omega= 25.0877 k1= 3
lb_k= 1 ub_k= 3
revise: lb_k= 2 ub_k= 3
opt_k= 3
pseudo= 50 frac= 50
#candidates in phase1= 5
testing lp time= 2.20 s.
-----------------------------------------------------------------------------------------
132-230 ,  14.08| 189-224 ,  13.31|  33-69  ,   3.52| 136-296 ,   2.83| 219-310 ,   0.30| 
-----------------------------------------------------------------------------------------
edge= 189 224 lp= 1.66952 pre= 0 lp2= 7.97011 pre2= 2 score= 13.3062
-----------------------------------------------------------------------------------------
edge= 33 69 lp= 0.13773 pre= 2 lp2= 25.5812 pre2= 2 score= 3.52331
-----------------------------------------------------------------------------------------
edge= 132 230 lp= 9.37423 pre= 1 lp2= 1.50194 pre2= 0 score= 14.0796
-----------------------------------------------------------------------------------------
brc= 132-230
t= 0.229463 c= 7.03963 n= 7 if_b4= 0
t= 0.505127 c= 11.2787 n= 7 if_b4= 0
#########################################################################################
tree size= 3 lb= 94017.4 ub= 94044
#########################################################################################
idx= 15 value= 94017.4 enu= 1
brc= 50-103 : -
brc= 76-103 : -
brc= 49-105 : +
brc= 164-295 : +
brc= 221-228 : +
brc= 0-57 : -
brc= 211-295 : +
brc= 270-279 : -
brc= 0-121 : +
brc= 62-68 : +
brc= 126-152 : +
brc= 190-217 : -
brc= 117-174 : -
brc= 106-207 : -
brc= 3-150 : -
brc= 250-278 : -
brc= 125-224 : +
brc= 108-218 : -
brc= 6-60 : -
brc= 30-276 : -
brc= 175-249 : -
brc= 24-299 : -
brc= 6-19 : +
brc= 72-175 : -
brc= 136-143 : +
brc= 54-239 : -
brc= 18-131 : -
brc= 89-221 : -
brc= 132-230 : +
it= 3   ncol= 1457  ncstr= 653  mt= 0.3   spt= 0.0   lpval= 94018.9   ub= 94044.0  
-----------------------------------------------------------------------------------------
elapsed time= 165.83 s.
-----------------------------------------------------------------------------------------
columns pending deletion= 3027 remain= 19936 col ratio= 0.848164 row ratio= 0.836141
 ****** Separate RCCs ****** 
 ****** Separate Rank1Cuts ****** 
it= 3   ncol= 1443  ncstr= 703  mt= 0.0   spt= 0.0   lpval= 94019.4   ub= 94044.0  
-----------------------------------------------------------------------------------------
elapsed time= 166.30 s.
-----------------------------------------------------------------------------------------
columns pending deletion= 4201 remain= 19936 col ratio= 0.789276 row ratio= 0.803698
[1;36m[REMIND] 2: gap improved= 0.558966 ratio= 0.022762 threshold= 0.040000 in function increaseCondition2 at /blue/yu.yang1/you.z/route_opt/packages/application/X-n313-k71/src/main/src/call_cutting.cpp:74[0m
mip: row= 565 col= 17169 density= 4.75584%
mip time= 60.72 s.
mip status= 6
update f from 10.4995 to 24.5568
#########################################################################################
tree size= 2 lb= 94017.4 ub= 94044
#########################################################################################
idx= 16 value= 94017.4 enu= 1
brc= 50-103 : -
brc= 76-103 : -
brc= 49-105 : +
brc= 164-295 : +
brc= 221-228 : +
brc= 0-57 : -
brc= 211-295 : +
brc= 270-279 : -
brc= 0-121 : +
brc= 62-68 : +
brc= 126-152 : +
brc= 190-217 : -
brc= 117-174 : -
brc= 106-207 : -
brc= 3-150 : -
brc= 250-278 : -
brc= 125-224 : +
brc= 108-218 : -
brc= 6-60 : -
brc= 30-276 : -
brc= 175-249 : -
brc= 24-299 : -
brc= 6-19 : +
brc= 72-175 : -
brc= 136-143 : +
brc= 54-239 : -
brc= 18-131 : -
brc= 89-221 : -
brc= 132-230 : -
it= 4   ncol= 1489  ncstr= 653  mt= 0.1   spt= 0.0   lpval= 94025.6   ub= 94044.0  
-----------------------------------------------------------------------------------------
elapsed time= 227.63 s.
-----------------------------------------------------------------------------------------
delete columns= 12579 remain= 7436
 ****** Separate RCCs ****** 
 ****** Separate Rank1Cuts ****** 
it= 2   ncol= 1411  ncstr= 556  mt= 0.0   spt= 0.0   lpval= 94026.7   ub= 94044.0  
-----------------------------------------------------------------------------------------
elapsed time= 227.97 s.
-----------------------------------------------------------------------------------------
columns pending deletion= 1405 remain= 7436 col ratio= 0.811054 row ratio= 0.96223
mip: row= 535 col= 7411 density= 4.48164%
mip time= 7.46 s.
mip status= 6
#########################################################################################
tree size= 1 lb= 94018.8 ub= 94044
#########################################################################################
idx= 13 value= 94018.8 enu= 1
brc= 50-103 : -
brc= 76-103 : -
brc= 49-105 : +
brc= 164-295 : +
brc= 221-228 : +
brc= 0-57 : -
brc= 211-295 : +
brc= 270-279 : -
brc= 0-121 : +
brc= 62-68 : +
brc= 126-152 : +
brc= 190-217 : -
brc= 117-174 : -
brc= 106-207 : -
brc= 3-150 : -
brc= 250-278 : -
brc= 125-224 : +
brc= 108-218 : -
brc= 6-60 : -
brc= 30-276 : -
brc= 175-249 : -
brc= 24-299 : -
brc= 6-19 : +
brc= 72-175 : -
brc= 136-143 : -
brc= 52-143 : -
brc= 54-239 : +
it= 5   ncol= 1610  ncstr= 616  mt= 0.6   spt= 0.0   lpval= 94038.5   ub= 94044.0  
-----------------------------------------------------------------------------------------
elapsed time= 236.10 s.
-----------------------------------------------------------------------------------------
delete columns= 17989 remain= 798
 ****** Separate RCCs ****** 
 ****** Separate Rank1Cuts ****** 
it= 4   ncol= 946   ncstr= 578  mt= 0.0   spt= 0.0   lpval= 94039.9   ub= 94044.0  
-----------------------------------------------------------------------------------------
elapsed time= 236.74 s.
-----------------------------------------------------------------------------------------
columns pending deletion= 219 remain= 798 col ratio= 0.725564 row ratio= 0.861592
mip: row= 498 col= 1349 density= 3.48079%
mip time= 0.09 s.
mip status= 3
#########################################################################################
tree size= 0 lb= 94018.8 ub= 94044
#########################################################################################
idx= 14 value= 94018.8 enu= 1
brc= 50-103 : -
brc= 76-103 : -
brc= 49-105 : +
brc= 164-295 : +
brc= 221-228 : +
brc= 0-57 : -
brc= 211-295 : +
brc= 270-279 : -
brc= 0-121 : +
brc= 62-68 : +
brc= 126-152 : +
brc= 190-217 : -
brc= 117-174 : -
brc= 106-207 : -
brc= 3-150 : -
brc= 250-278 : -
brc= 125-224 : +
brc= 108-218 : -
brc= 6-60 : -
brc= 30-276 : -
brc= 175-249 : -
brc= 24-299 : -
brc= 6-19 : +
brc= 72-175 : -
brc= 136-143 : -
brc= 52-143 : -
brc= 54-239 : -
it= 2   ncol= 1555  ncstr= 616  mt= 0.0   spt= 0.0   lpval= 94019.5   ub= 94044.0  
-----------------------------------------------------------------------------------------
elapsed time= 236.92 s.
-----------------------------------------------------------------------------------------
columns pending deletion= 1260 remain= 18859 col ratio= 0.933188 row ratio= 0.907468
 ****** Separate RCCs ****** 
 ****** Separate Rank1Cuts ****** 
it= 3   ncol= 1566  ncstr= 641  mt= 0.1   spt= 0.0   lpval= 94020.3   ub= 94044.0  
-----------------------------------------------------------------------------------------
elapsed time= 237.49 s.
-----------------------------------------------------------------------------------------
columns pending deletion= 2932 remain= 18859 col ratio= 0.84453 row ratio= 0.876755
[1;36m[REMIND] 2: gap improved= 0.815931 ratio= 0.034499 threshold= 0.040000 in function increaseCondition2 at /blue/yu.yang1/you.z/route_opt/packages/application/X-n313-k71/src/main/src/call_cutting.cpp:74[0m
mip: row= 562 col= 17474 density= 5.42415%
mip time= 77.71 s.
mip status= 6
#########################################################################################
[32m<Instance: X-n313-k71>
<Solution>
<UB= 94044>
<LB= 94044>
<Elapsed Time= 315.3>
<Nodes Explored= 17>
<Global Gap= 0%>[0m
#########################################################################################
File nodes/X-n313-k71_2_0_0_1_1_0_0_5_5_G32.node deleted successfully.
