application type: CVRP
X-n313-k71_2_2_2_5_7_2_2_G32.node
Set parameter ServerTimeout to value 600
Set parameter TokenServer to value "grb-ts.ufhpc"
Set parameter Threads to value 1
instance name= X-n313-k71
#########################################################################################
tree size= 0 lb= 0 ub= 94044
#########################################################################################
idx= 5 value= 93993 enu= 0
brc= 50-103 : -
brc= 76-103 : -
brc= 49-105 : +
brc= 164-295 : -
brc= 62-296 : -
brc= 126-152 : +
brc= 7-127 : -
brc= 250-278 : -
brc= 19-115 : +
brc= 136-143 : -
brc= 33-281 : -
brc= 132-230 : -
brc= 207-230 : -
brc= 52-143 : -
brc= 139-269 : +
brc= 74-217 : -
brc= 18-224 : -
brc= 18-189 : -
brc= 7-281 : -
brc= 217-252 : -
brc= 217-312 : -
brc= 54-290 : -
brc= 56-228 : +
brc= 162-250 : -
brc= 131-147 : -
brc= 131-281 : +
brc= 147-217 : -
brc= 3-174 : -
brc= 112-147 : +
-----------------------------------------------------------------------------------------
 ****** Pricing Level: LIGHT HEUR ****** 
it= 11  ncol= 1417  ncstr= 632  mt= 0.4   spt= 0.3   lpval= 94007.2   ub= 94044.0  
 ****** Pricing Level: HEAVY HEUR ****** 
it= 9   ncol= 1559  ncstr= 632  mt= 0.2   spt= 0.9   lpval= 94004.4   ub= 94044.0  
 ****** Pricing Level: EXACT ****** 
it= 5   ncol= 1742  ncstr= 632  mt= 0.1   spt= 10.2  lpval= 94004.3   ub= 94044.0  
-----------------------------------------------------------------------------------------
elapsed time= 16.39 s.
-----------------------------------------------------------------------------------------
-----------------------------------------------------------------------------------------
 ****** Run Arc Elimination ****** 
arc elimination time= 8.05 s.
previous= 74.0332% maximum= 2.29401%
eliminate bucket arcs time= 0.76 s.
obtain jump arcs time= 0.01 s.
-----------------------------------------------------------------------------------------
-----------------------------------------------------------------------------------------
elapsed time= 25.56 s.
-----------------------------------------------------------------------------------------
-----------------------------------------------------------------------------------------
 ****** Try Enumeration ****** 
#labels= 251456 #routes= 6
labeling 1 time= 7.82 s.
concatenate time= 13.01 s.
#routes= 375702
average gap of successful enumeration= 0.000411853
next try value > 93987.5
-----------------------------------------------------------------------------------------
elapsed time= 46.54 s.
-----------------------------------------------------------------------------------------
 ****** Process Enumeration Matrix ****** 
delete non-ele routes lp val= 94004.8
recover rank1c lp val= 94005.1
recover rcc lp val= 94006
obtain rcc coefficient time= 0.10 s.
obtain r1c coefficient time= 0.72 s.
obtain matrix from triplets time= 1.32 s.
delete columns by branch time= 0.00 s.
columns pending deletion= 459 remain= 375702 col ratio= 0.998778 row ratio= 1
regenerate enumeration matrix time= 0.00 s.
-----------------------------------------------------------------------------------------
elapsed time= 50.82 s.
-----------------------------------------------------------------------------------------
it= 5   ncol= 1415  ncstr= 587  mt= 0.1   spt= 0.1   lpval= 94005.9   ub= 94044.0  
-----------------------------------------------------------------------------------------
elapsed time= 51.10 s.
-----------------------------------------------------------------------------------------
delete columns= 135730 remain= 239972
 ****** Separate RCCs ****** 
 ****** Separate Rank1Cuts ****** 
it= 4   ncol= 1389  ncstr= 595  mt= 0.2   spt= 0.1   lpval= 94013.3   ub= 94044.0  
-----------------------------------------------------------------------------------------
elapsed time= 53.71 s.
-----------------------------------------------------------------------------------------
delete columns= 161438 remain= 78534
 ****** Separate RCCs ****** 
 ****** Separate Rank1Cuts ****** 
it= 4   ncol= 1433  ncstr= 589  mt= 0.1   spt= 0.0   lpval= 94016.2   ub= 94044.0  
-----------------------------------------------------------------------------------------
elapsed time= 54.67 s.
-----------------------------------------------------------------------------------------
delete columns= 27697 remain= 50837
 ****** Separate RCCs ****** 
 ****** Separate Rank1Cuts ****** 
it= 3   ncol= 1435  ncstr= 607  mt= 0.0   spt= 0.0   lpval= 94018.2   ub= 94044.0  
-----------------------------------------------------------------------------------------
elapsed time= 55.82 s.
-----------------------------------------------------------------------------------------
columns pending deletion= 13739 remain= 50837 col ratio= 0.729744 row ratio= 0.91598
 ****** Separate RCCs ****** 
 ****** Separate Rank1Cuts ****** 
it= 5   ncol= 1426  ncstr= 656  mt= 0.1   spt= 0.0   lpval= 94019.2   ub= 94044.0  
-----------------------------------------------------------------------------------------
elapsed time= 56.57 s.
-----------------------------------------------------------------------------------------
delete columns= 19921 remain= 30916
 ****** Separate RCCs ****** 
 ****** Separate Rank1Cuts ****** 
it= 3   ncol= 1421  ncstr= 613  mt= 0.0   spt= 0.0   lpval= 94020.0   ub= 94044.0  
-----------------------------------------------------------------------------------------
elapsed time= 57.60 s.
-----------------------------------------------------------------------------------------
columns pending deletion= 4936 remain= 30916 col ratio= 0.840342 row ratio= 0.924959
[1;36m[REMIND] 2: gap improved= 0.713730 ratio= 0.029681 threshold= 0.040000 in function increaseCondition2 at /blue/yu.yang1/you.z/route_opt/packages/application/X-n313-k71/src/main/src/call_cutting.cpp:74[0m
 ****** Separate RCCs ****** 
 ****** Separate Rank1Cuts ****** 
it= 3   ncol= 1402  ncstr= 675  mt= 0.0   spt= 0.0   lpval= 94020.4   ub= 94044.0  
-----------------------------------------------------------------------------------------
elapsed time= 58.25 s.
-----------------------------------------------------------------------------------------
columns pending deletion= 6874 remain= 30916 col ratio= 0.777656 row ratio= 0.874074
[1;36m[REMIND] 2: gap improved= 0.399819 ratio= 0.016908 threshold= 0.040000 in function increaseCondition2 at /blue/yu.yang1/you.z/route_opt/packages/application/X-n313-k71/src/main/src/call_cutting.cpp:74[0m
 ****** Separate RCCs ****** 
 ****** Separate Rank1Cuts ****** 
it= 2   ncol= 1399  ncstr= 716  mt= 0.0   spt= 0.0   lpval= 94020.6   ub= 94044.0  
-----------------------------------------------------------------------------------------
elapsed time= 58.88 s.
-----------------------------------------------------------------------------------------
columns pending deletion= 8026 remain= 30916 col ratio= 0.740393 row ratio= 0.835196
[1;36m[REMIND] 2: gap improved= 0.213834 ratio= 0.009125 threshold= 0.040000 in function increaseCondition2 at /blue/yu.yang1/you.z/route_opt/packages/application/X-n313-k71/src/main/src/call_cutting.cpp:74[0m
[1;36m[REMIND] tail off counter= 3 threshold= 3 in function setIfTailOff at /blue/yu.yang1/you.z/route_opt/packages/application/X-n313-k71/src/main/src/call_cutting.cpp:150[0m
[1;36m[REMIND] opt_k not found for node 5, use m directly in function getOptK at /blue/yu.yang1/you.z/route_opt/packages/branching/bkf/include/bkf_controller.hpp:239[0m
current_r_best= 20.0471
we directly test 100
we directly test 4
pseudo= 50 frac= 50
#candidates in phase1= 100
testing lp time= 50.10 s.
-----------------------------------------------------------------------------------------
  0-64  , 256.40|  57-64  , 213.76| 128-174 ,  91.81|   3-4   ,  89.09|   6-137 ,  84.96| 
 19-60  ,  84.95|  64-128 ,  79.54| 128-150 ,  79.53|  51-84  ,  79.47|   6-60  ,  74.42| 
114-272 ,  55.31|   0-130 ,  50.08|  57-130 ,  50.08|  84-130 ,  50.08| 184-243 ,  49.13| 
 51-64  ,  43.07|  22-239 ,  41.31|  43-239 ,  40.16|  30-276 ,  35.95|   0-215 ,  30.99| 
  0-9   ,  28.29| 243-287 ,  21.74|  29-106 ,  21.63| 217-260 ,  21.06|   0-287 ,  21.03| 
 28-32  ,  19.50|   3-269 ,  19.26| 108-301 ,  18.32|  75-303 ,  18.25|  23-296 ,  18.24| 
 74-248 ,  17.36|  18-118 ,  17.34|   0-147 ,  14.87| 258-311 ,  14.86|   0-301 ,  14.02| 
  0-125 ,  13.75|  18-301 ,  13.68|  74-280 ,  13.67| 165-252 ,  13.51| 116-145 ,  13.11| 
108-218 ,  11.92|   0-176 ,  11.80|  78-176 ,  11.80|  69-174 ,  11.80|  33-87  ,  11.80| 
  0-69  ,  11.80|  89-277 ,  11.80|  69-176 ,  11.80|  69-277 ,  11.80|   0-218 ,  11.14| 
 29-218 ,  11.09|  26-83  ,  10.13|  42-91  ,   9.75| 224-289 ,   9.55| 245-272 ,   9.20| 
107-267 ,   9.08|  83-91  ,   8.72| 132-155 ,   8.50|   0-74  ,   8.15| 189-214 ,   7.38| 
  0-214 ,   7.32| 250-299 ,   6.95|   0-224 ,   6.79| 125-278 ,   6.26|  17-45  ,   5.98| 
215-216 ,   5.98| 216-264 ,   5.98|  35-235 ,   5.80| 155-276 ,   5.59|  24-230 ,   5.44| 
 23-127 ,   5.16| 159-234 ,   5.14| 217-234 ,   5.14| 214-217 ,   4.84|   0-136 ,   4.83| 
136-296 ,   4.83|  24-257 ,   4.52|  32-137 ,   3.85| 127-145 ,   3.84|  18-145 ,   3.81| 
 21-296 ,   2.86| 143-191 ,   2.81|  29-257 ,   2.40|  67-149 ,   2.39|   0-245 ,   1.94| 
205-256 ,   1.80| 111-310 ,   1.68| 148-191 ,   1.64|   6-28  ,   1.58|   0-20  ,   1.55| 
 90-122 ,   1.35| 148-235 ,   0.98| 252-312 ,   0.83|  21-136 ,   0.82|  29-90  ,   0.79| 
  0-29  ,   0.78|  89-174 ,   0.50| 112-116 ,   0.50| 158-166 ,   0.35|  90-93  ,   0.10| 
-----------------------------------------------------------------------------------------
edge= 3 4 lp= 2.76013 pre= 2 lp2= 32.2774 pre2= 2 score= 89.0898
-----------------------------------------------------------------------------------------
edge= 128 174 lp= 4.18634 pre= 2 lp2= 21.9303 pre2= 2 score= 91.8078
-----------------------------------------------------------------------------------------
edge= 57 64 lp= 34.5298 pre= 2 lp2= 6.19047 pre2= 1 score= 213.756
-----------------------------------------------------------------------------------------
edge= 0 64 lp= 6.19045 pre= 2 lp2= 41.4193 pre2= 2 score= 256.405
-----------------------------------------------------------------------------------------
candidate= 0-64 : -
-----------------------------------------------------------------------------------------
it= 3   ncol= 1428  ncstr= 717  mt= 0.6   spt= 0.0   lpval= 94024.5   ub= 94044.0  
-----------------------------------------------------------------------------------------
elapsed time= 109.60 s.
-----------------------------------------------------------------------------------------
candidate= 57-64 : -
-----------------------------------------------------------------------------------------
it= 4   ncol= 1468  ncstr= 717  mt= 0.6   spt= 0.0   lpval= 94042.4   ub= 94044.0  
-----------------------------------------------------------------------------------------
elapsed time= 110.26 s.
-----------------------------------------------------------------------------------------
candidate= 0-64 : +
-----------------------------------------------------------------------------------------
it= 5   ncol= 1479  ncstr= 717  mt= 0.5   spt= 0.0   lpval= 94054.3   ub= 94044.0  
-----------------------------------------------------------------------------------------
elapsed time= 110.78 s.
-----------------------------------------------------------------------------------------
candidate= 57-64 : +
-----------------------------------------------------------------------------------------
it= 3   ncol= 1451  ncstr= 717  mt= 0.6   spt= 0.0   lpval= 94024.9   ub= 94044.0  
-----------------------------------------------------------------------------------------
elapsed time= 111.39 s.
-----------------------------------------------------------------------------------------
brc= 0-64
t= 0.250521 c= 57.3785 n= 0 if_b4= 0
t= 0.599051 c= 81.2324 n= 0 if_b4= 0
#########################################################################################
tree size= 1 lb= 94020.6 ub= 94044
#########################################################################################
idx= 1 value= 94020.6 enu= 1
brc= 50-103 : -
brc= 76-103 : -
brc= 49-105 : +
brc= 164-295 : -
brc= 62-296 : -
brc= 126-152 : +
brc= 7-127 : -
brc= 250-278 : -
brc= 19-115 : +
brc= 136-143 : -
brc= 33-281 : -
brc= 132-230 : -
brc= 207-230 : -
brc= 52-143 : -
brc= 139-269 : +
brc= 74-217 : -
brc= 18-224 : -
brc= 18-189 : -
brc= 7-281 : -
brc= 217-252 : -
brc= 217-312 : -
brc= 54-290 : -
brc= 56-228 : +
brc= 162-250 : -
brc= 131-147 : -
brc= 131-281 : +
brc= 147-217 : -
brc= 3-174 : -
brc= 112-147 : +
brc= 0-64 : +
it= 4   ncol= 1435  ncstr= 716  mt= 0.5   spt= 0.0   lpval= 94054.3   ub= 94044.0  
-----------------------------------------------------------------------------------------
elapsed time= 113.14 s.
-----------------------------------------------------------------------------------------
#########################################################################################
tree size= 0 lb= 94020.6 ub= 94044
#########################################################################################
idx= 2 value= 94020.6 enu= 1
brc= 50-103 : -
brc= 76-103 : -
brc= 49-105 : +
brc= 164-295 : -
brc= 62-296 : -
brc= 126-152 : +
brc= 7-127 : -
brc= 250-278 : -
brc= 19-115 : +
brc= 136-143 : -
brc= 33-281 : -
brc= 132-230 : -
brc= 207-230 : -
brc= 52-143 : -
brc= 139-269 : +
brc= 74-217 : -
brc= 18-224 : -
brc= 18-189 : -
brc= 7-281 : -
brc= 217-252 : -
brc= 217-312 : -
brc= 54-290 : -
brc= 56-228 : +
brc= 162-250 : -
brc= 131-147 : -
brc= 131-281 : +
brc= 147-217 : -
brc= 3-174 : -
brc= 112-147 : +
brc= 0-64 : -
it= 4   ncol= 1414  ncstr= 716  mt= 0.2   spt= 0.0   lpval= 94024.5   ub= 94044.0  
-----------------------------------------------------------------------------------------
elapsed time= 113.40 s.
-----------------------------------------------------------------------------------------
delete columns= 9299 remain= 13579
 ****** Separate RCCs ****** 
 ****** Separate Rank1Cuts ****** 
it= 3   ncol= 1391  ncstr= 615  mt= 0.0   spt= 0.0   lpval= 94025.9   ub= 94044.0  
-----------------------------------------------------------------------------------------
elapsed time= 114.15 s.
-----------------------------------------------------------------------------------------
columns pending deletion= 2795 remain= 13579 col ratio= 0.794167 row ratio= 0.892683
mip: row= 549 col= 12125 density= 5.16102%
mip time= 20.46 s.
mip status= 6
update f from 0 to 18.1217
#########################################################################################
[32m<Instance: X-n313-k71>
<Solution>
<UB= 94044>
<LB= 94044>
<Elapsed Time= 135>
<Nodes Explored= 3>
<Global Gap= 0%>[0m
#########################################################################################
File nodes/X-n313-k71_2_2_2_5_7_2_2_G32.node deleted successfully.
