application type: CVRP
X-n313-k71_2_2_2_0_1_2_4_0_G32.node
Set parameter ServerTimeout to value 600
Set parameter TokenServer to value "grb-ts.ufhpc"
Set parameter Threads to value 1
instance name= X-n313-k71
#########################################################################################
tree size= 0 lb= 0 ub= 94044
#########################################################################################
idx= 1 value= 93973 enu= 0
brc= 50-103 : -
brc= 76-103 : -
brc= 49-105 : +
brc= 164-295 : -
brc= 62-296 : -
brc= 126-152 : +
brc= 7-127 : -
brc= 250-278 : -
brc= 19-115 : +
brc= 136-143 : +
brc= 33-281 : -
brc= 118-296 : +
brc= 114-267 : -
brc= 74-260 : -
brc= 270-279 : +
brc= 95-260 : -
brc= 117-207 : -
brc= 207-237 : -
brc= 202-269 : -
brc= 117-174 : +
brc= 52-296 : +
-----------------------------------------------------------------------------------------
 ****** Pricing Level: LIGHT HEUR ****** 
it= 13  ncol= 1397  ncstr= 597  mt= 0.2   spt= 0.4   lpval= 94003.2   ub= 94044.0  
 ****** Pricing Level: HEAVY HEUR ****** 
it= 11  ncol= 1615  ncstr= 597  mt= 0.2   spt= 0.8   lpval= 93998.3   ub= 94044.0  
 ****** Pricing Level: EXACT ****** 
it= 4   ncol= 1839  ncstr= 597  mt= 0.1   spt= 2.3   lpval= 93995.9   ub= 94044.0  
-----------------------------------------------------------------------------------------
elapsed time= 7.87 s.
-----------------------------------------------------------------------------------------
-----------------------------------------------------------------------------------------
 ****** Run Arc Elimination ****** 
arc elimination time= 2.29 s.
previous= 56.1875% maximum= 2.53132%
eliminate bucket arcs time= 0.43 s.
obtain jump arcs time= 0.01 s.
-----------------------------------------------------------------------------------------
-----------------------------------------------------------------------------------------
elapsed time= 10.94 s.
-----------------------------------------------------------------------------------------
-----------------------------------------------------------------------------------------
 ****** Try Enumeration ****** 
#labels= 238085 #routes= 12
labeling 1 time= 5.88 s.
concatenate time= 8.98 s.
#routes= 348759
average gap of successful enumeration= 0.000501056
next try value > 93954.1
-----------------------------------------------------------------------------------------
elapsed time= 25.91 s.
-----------------------------------------------------------------------------------------
 ****** Process Enumeration Matrix ****** 
delete non-ele routes lp val= 94002
recover rank1c lp val= 94002.5
recover rcc lp val= 94003.3
obtain rcc coefficient time= 0.08 s.
obtain r1c coefficient time= 0.52 s.
obtain matrix from triplets time= 0.77 s.
delete columns by branch time= 0.00 s.
columns pending deletion= 1593 remain= 348759 col ratio= 0.995432 row ratio= 1
regenerate enumeration matrix time= 0.00 s.
-----------------------------------------------------------------------------------------
elapsed time= 28.63 s.
-----------------------------------------------------------------------------------------
it= 6   ncol= 1530  ncstr= 558  mt= 0.1   spt= 0.1   lpval= 94002.0   ub= 94044.0  
-----------------------------------------------------------------------------------------
elapsed time= 28.91 s.
-----------------------------------------------------------------------------------------
delete columns= 198629 remain= 150130
 ****** Separate RCCs ****** 
 ****** Separate Rank1Cuts ****** 
it= 5   ncol= 1513  ncstr= 503  mt= 0.1   spt= 0.0   lpval= 94007.6   ub= 94044.0  
-----------------------------------------------------------------------------------------
elapsed time= 29.57 s.
-----------------------------------------------------------------------------------------
delete columns= 75981 remain= 74149
 ****** Separate RCCs ****** 
 ****** Separate Rank1Cuts ****** 
it= 5   ncol= 1545  ncstr= 559  mt= 0.1   spt= 0.0   lpval= 94009.6   ub= 94044.0  
-----------------------------------------------------------------------------------------
elapsed time= 30.60 s.
-----------------------------------------------------------------------------------------
columns pending deletion= 14775 remain= 74149 col ratio= 0.800739 row ratio= 0.846154
 ****** Separate RCCs ****** 
 ****** Separate Rank1Cuts ****** 
it= 4   ncol= 1536  ncstr= 669  mt= 0.1   spt= 0.0   lpval= 94012.1   ub= 94044.0  
-----------------------------------------------------------------------------------------
elapsed time= 31.35 s.
-----------------------------------------------------------------------------------------
delete columns= 30410 remain= 43739
 ****** Separate RCCs ****** 
 ****** Separate Rank1Cuts ****** 
it= 3   ncol= 1524  ncstr= 566  mt= 0.0   spt= 0.0   lpval= 94014.0   ub= 94044.0  
-----------------------------------------------------------------------------------------
elapsed time= 31.87 s.
-----------------------------------------------------------------------------------------
columns pending deletion= 7939 remain= 43739 col ratio= 0.818492 row ratio= 0.878092
 ****** Separate RCCs ****** 
 ****** Separate Rank1Cuts ****** 
it= 4   ncol= 1530  ncstr= 644  mt= 0.0   spt= 0.0   lpval= 94014.6   ub= 94044.0  
-----------------------------------------------------------------------------------------
elapsed time= 32.59 s.
-----------------------------------------------------------------------------------------
delete columns= 12253 remain= 31486
[1;36m[REMIND] 2: gap improved= 0.579429 ratio= 0.019695 threshold= 0.040000 in function increaseCondition2 at /blue/yu.yang1/you.z/route_opt/packages/application/X-n313-k71/src/main/src/call_cutting.cpp:74[0m
 ****** Separate RCCs ****** 
 ****** Separate Rank1Cuts ****** 
it= 3   ncol= 1519  ncstr= 543  mt= 0.0   spt= 0.0   lpval= 94015.2   ub= 94044.0  
-----------------------------------------------------------------------------------------
elapsed time= 32.96 s.
-----------------------------------------------------------------------------------------
columns pending deletion= 1206 remain= 31486 col ratio= 0.961697 row ratio= 0.963168
[1;36m[REMIND] 2: gap improved= 0.619598 ratio= 0.021514 threshold= 0.040000 in function increaseCondition2 at /blue/yu.yang1/you.z/route_opt/packages/application/X-n313-k71/src/main/src/call_cutting.cpp:74[0m
 ****** Separate RCCs ****** 
 ****** Separate Rank1Cuts ****** 
it= 3   ncol= 1539  ncstr= 620  mt= 0.0   spt= 0.0   lpval= 94016.0   ub= 94044.0  
-----------------------------------------------------------------------------------------
elapsed time= 33.69 s.
-----------------------------------------------------------------------------------------
columns pending deletion= 3759 remain= 31486 col ratio= 0.880614 row ratio= 0.875806
[1;36m[REMIND] 2: gap improved= 0.761688 ratio= 0.027166 threshold= 0.040000 in function increaseCondition2 at /blue/yu.yang1/you.z/route_opt/packages/application/X-n313-k71/src/main/src/call_cutting.cpp:74[0m
[1;36m[REMIND] tail off counter= 3 threshold= 3 in function setIfTailOff at /blue/yu.yang1/you.z/route_opt/packages/application/X-n313-k71/src/main/src/call_cutting.cpp:150[0m
[1;36m[REMIND] opt_k not found for node 1, use m directly in function getOptK at /blue/yu.yang1/you.z/route_opt/packages/branching/bkf/include/bkf_controller.hpp:239[0m
current_r_best= 31.2576
we directly test 100
we directly test 4
pseudo= 50 frac= 50
#candidates in phase1= 100
testing lp time= 40.56 s.
-----------------------------------------------------------------------------------------
 18-61  , 104.15|  24-189 ,  74.25|  24-155 ,  74.25|  64-130 ,  58.10|   9-32  ,  58.10| 
 51-116 ,  58.10| 141-295 ,  47.89|   0-57  ,  37.11|  51-130 ,  32.28|  51-84  ,  28.69| 
243-287 ,  27.33|   7-33  ,  25.93|   7-54  ,  25.93|  33-127 ,  25.64|  86-243 ,  25.08| 
  7-56  ,  24.85|   6-60  ,  24.55|  18-127 ,  22.94|  51-64  ,  22.58| 224-289 ,  21.93| 
  4-9   ,  20.59|  33-56  ,  19.34|  86-267 ,  18.81| 141-211 ,  18.60| 107-287 ,  17.97| 
  0-287 ,  16.96|  57-64  ,  16.45|   4-64  ,  16.16| 147-281 ,  16.15|  56-164 ,  15.04| 
  0-115 ,  14.98|   0-116 ,  14.86|   6-137 ,  14.14|  84-130 ,  13.98|  43-239 ,  13.78| 
 22-239 ,  13.70|  70-99  ,  13.67|  56-228 ,  13.56|  30-79  ,  13.01|  57-130 ,  12.60| 
  0-99  ,  12.04| 132-230 ,  12.02| 155-276 ,  11.97|  56-93  ,  11.84|  18-145 ,  11.71| 
207-230 ,  11.59|  38-238 ,  11.50|  24-257 ,  11.44| 139-269 ,  11.20| 239-290 ,  11.00| 
264-290 ,  10.21| 116-302 ,   9.52| 108-201 ,   9.25|   0-9   ,   9.24| 207-269 ,   9.14| 
  0-301 ,   9.04| 201-302 ,   8.81|   0-201 ,   8.81|  87-116 ,   7.99|  10-22  ,   7.40| 
164-228 ,   7.04| 131-228 ,   7.04|   0-204 ,   6.98| 117-237 ,   6.97| 218-302 ,   6.91| 
 18-108 ,   6.86|  54-290 ,   6.61| 166-271 ,   5.54|  74-217 ,   5.47|   0-45  ,   4.88| 
  3-89  ,   4.61|   0-207 ,   4.00| 108-218 ,   3.16| 205-256 ,   2.97|   0-180 ,   2.96| 
  0-191 ,   2.85| 163-256 ,   2.84| 198-244 ,   2.67|   0-302 ,   2.55| 191-196 ,   2.40| 
 54-161 ,   2.29| 173-238 ,   2.22|   0-274 ,   2.18|  89-130 ,   2.14|  29-90  ,   1.85| 
163-222 ,   1.70| 163-191 ,   1.69| 191-271 ,   1.58|  67-149 ,   1.48|   0-163 ,   1.46| 
 45-245 ,   1.44| 163-274 ,   1.43|  67-274 ,   1.43|  67-271 ,   1.39| 149-238 ,   1.26| 
  0-29  ,   1.20|   5-21  ,   1.06|  67-158 ,   0.99| 114-216 ,   0.42|  57-202 ,   0.01| 
-----------------------------------------------------------------------------------------
edge= 64 130 lp= 0.859537 pre= 2 lp2= 67.5922 pre2= 2 score= 58.0979
-----------------------------------------------------------------------------------------
edge= 24 155 lp= 1.09857 pre= 2 lp2= 67.5922 pre2= 2 score= 74.2545
-----------------------------------------------------------------------------------------
edge= 24 189 lp= 1.09857 pre= 2 lp2= 67.5922 pre2= 2 score= 74.2545
-----------------------------------------------------------------------------------------
edge= 18 61 lp= 1.54081 pre= 2 lp2= 67.5922 pre2= 2 score= 104.147
-----------------------------------------------------------------------------------------
candidate= 18-61 : -
-----------------------------------------------------------------------------------------
it= 3   ncol= 1576  ncstr= 621  mt= 0.3   spt= 0.0   lpval= 94017.5   ub= 94044.0  
-----------------------------------------------------------------------------------------
elapsed time= 74.61 s.
-----------------------------------------------------------------------------------------
candidate= 18-61 : +
-----------------------------------------------------------------------------------------
it= 5   ncol= 1625  ncstr= 621  mt= 0.5   spt= 0.0   lpval= 94042.4   ub= 94044.0  
-----------------------------------------------------------------------------------------
elapsed time= 75.17 s.
-----------------------------------------------------------------------------------------
candidate= 24-155 : -
-----------------------------------------------------------------------------------------
it= 4   ncol= 1605  ncstr= 621  mt= 0.3   spt= 0.0   lpval= 94017.1   ub= 94044.0  
-----------------------------------------------------------------------------------------
elapsed time= 75.53 s.
-----------------------------------------------------------------------------------------
candidate= 24-189 : -
-----------------------------------------------------------------------------------------
it= 4   ncol= 1605  ncstr= 621  mt= 0.3   spt= 0.0   lpval= 94017.1   ub= 94044.0  
-----------------------------------------------------------------------------------------
elapsed time= 75.87 s.
-----------------------------------------------------------------------------------------
candidate= 24-155 : +
-----------------------------------------------------------------------------------------
it= 3   ncol= 1633  ncstr= 621  mt= 0.5   spt= 0.0   lpval= 94028.1   ub= 94044.0  
-----------------------------------------------------------------------------------------
elapsed time= 76.37 s.
-----------------------------------------------------------------------------------------
candidate= 24-189 : +
-----------------------------------------------------------------------------------------
it= 5   ncol= 1646  ncstr= 621  mt= 0.5   spt= 0.0   lpval= 94028.3   ub= 94044.0  
-----------------------------------------------------------------------------------------
elapsed time= 76.91 s.
-----------------------------------------------------------------------------------------
candidate= 64-130 : -
-----------------------------------------------------------------------------------------
it= 2   ncol= 1578  ncstr= 621  mt= 0.4   spt= 0.0   lpval= 94016.8   ub= 94044.0  
-----------------------------------------------------------------------------------------
elapsed time= 77.27 s.
-----------------------------------------------------------------------------------------
candidate= 64-130 : +
-----------------------------------------------------------------------------------------
it= 5   ncol= 1614  ncstr= 621  mt= 0.5   spt= 0.0   lpval= 94043.5   ub= 94044.0  
-----------------------------------------------------------------------------------------
elapsed time= 77.79 s.
-----------------------------------------------------------------------------------------
brc= 18-61
t= 0.202818 c= 32.8483 n= 0 if_b4= 0
t= 0.441297 c= 51.3649 n= 0 if_b4= 0
#########################################################################################
tree size= 1 lb= 94016 ub= 94044
#########################################################################################
idx= 1 value= 94016 enu= 1
brc= 50-103 : -
brc= 76-103 : -
brc= 49-105 : +
brc= 164-295 : -
brc= 62-296 : -
brc= 126-152 : +
brc= 7-127 : -
brc= 250-278 : -
brc= 19-115 : +
brc= 136-143 : +
brc= 33-281 : -
brc= 118-296 : +
brc= 114-267 : -
brc= 74-260 : -
brc= 270-279 : +
brc= 95-260 : -
brc= 117-207 : -
brc= 207-237 : -
brc= 202-269 : -
brc= 117-174 : +
brc= 52-296 : +
brc= 18-61 : +
it= 5   ncol= 1597  ncstr= 620  mt= 0.5   spt= 0.0   lpval= 94042.4   ub= 94044.0  
-----------------------------------------------------------------------------------------
elapsed time= 79.29 s.
-----------------------------------------------------------------------------------------
delete columns= 27136 remain= 453
 ****** Separate RCCs ****** 
 ****** Separate Rank1Cuts ****** 
it= 2   ncol= 572   ncstr= 629  mt= 0.0   spt= 0.0   lpval= 94100.3   ub= 94044.0  
-----------------------------------------------------------------------------------------
elapsed time= 79.85 s.
-----------------------------------------------------------------------------------------
#########################################################################################
tree size= 0 lb= 94016 ub= 94044
#########################################################################################
idx= 2 value= 94016 enu= 1
brc= 50-103 : -
brc= 76-103 : -
brc= 49-105 : +
brc= 164-295 : -
brc= 62-296 : -
brc= 126-152 : +
brc= 7-127 : -
brc= 250-278 : -
brc= 19-115 : +
brc= 136-143 : +
brc= 33-281 : -
brc= 118-296 : +
brc= 114-267 : -
brc= 74-260 : -
brc= 270-279 : +
brc= 95-260 : -
brc= 117-207 : -
brc= 207-237 : -
brc= 202-269 : -
brc= 117-174 : +
brc= 52-296 : +
brc= 18-61 : -
it= 2   ncol= 1552  ncstr= 620  mt= 0.0   spt= 0.0   lpval= 94017.5   ub= 94044.0  
-----------------------------------------------------------------------------------------
elapsed time= 79.89 s.
-----------------------------------------------------------------------------------------
columns pending deletion= 4273 remain= 27722 col ratio= 0.845862 row ratio= 0.85
 ****** Separate RCCs ****** 
 ****** Separate Rank1Cuts ****** 
it= 2   ncol= 1476  ncstr= 728  mt= 0.0   spt= 0.0   lpval= 94017.7   ub= 94044.0  
-----------------------------------------------------------------------------------------
elapsed time= 80.39 s.
-----------------------------------------------------------------------------------------
columns pending deletion= 5218 remain= 27722 col ratio= 0.811774 row ratio= 0.754121
[1;36m[REMIND] 2: gap improved= 0.211480 ratio= 0.008040 threshold= 0.040000 in function increaseCondition2 at /blue/yu.yang1/you.z/route_opt/packages/application/X-n313-k71/src/main/src/call_cutting.cpp:74[0m
 ****** Separate Rank1Cuts ****** 
it= 2   ncol= 1469  ncstr= 765  mt= 0.0   spt= 0.0   lpval= 94017.8   ub= 94044.0  
-----------------------------------------------------------------------------------------
elapsed time= 80.81 s.
-----------------------------------------------------------------------------------------
delete columns= 5862 remain= 21860
current_r_best= 1.31475
pseudo= 50 frac= 50
#candidates in phase1= 37
testing lp time= 11.38 s.
-----------------------------------------------------------------------------------------
141-295 ,  55.22|   9-32  ,  39.48|   4-9   ,  20.46|   7-33  ,  18.14| 132-257 ,  17.59| 
 24-162 ,  17.59|   7-56  ,  16.75| 141-211 ,  16.33|  51-116 ,  16.22| 224-289 ,  12.70| 
116-218 ,  11.18|  56-228 ,  10.96|  22-239 ,   9.85| 117-237 ,   9.62| 117-150 ,   7.66| 
132-230 ,   7.41|  84-130 ,   7.14|   4-64  ,   6.88| 139-269 ,   6.66| 207-230 ,   6.44| 
 22-54  ,   6.09|  56-141 ,   4.37|  87-155 ,   3.99| 250-257 ,   2.92|   0-207 ,   2.71| 
 67-239 ,   1.92|  61-302 ,   1.90|  61-107 ,   1.37| 132-155 ,   1.09|  18-107 ,   1.02| 
256-297 ,   0.75|  45-215 ,   0.65|  45-195 ,   0.65|  10-114 ,   0.29|  54-285 ,   0.08| 
114-266 ,   0.08| 128-137 ,   0.00| 
-----------------------------------------------------------------------------------------
edge= 4 9 lp= 2.12442 pre= 2 lp2= 9.63212 pre2= 2 score= 20.4627
-----------------------------------------------------------------------------------------
edge= 9 32 lp= 0.460498 pre= 2 lp2= 85.7257 pre2= 2 score= 39.4765
-----------------------------------------------------------------------------------------
edge= 141 295 lp= 0.64416 pre= 2 lp2= 85.7257 pre2= 2 score= 55.2211
-----------------------------------------------------------------------------------------
candidate= 141-295 : -
-----------------------------------------------------------------------------------------
it= 2   ncol= 1485  ncstr= 556  mt= 0.2   spt= 0.0   lpval= 94018.4   ub= 94044.0  
-----------------------------------------------------------------------------------------
elapsed time= 92.83 s.
-----------------------------------------------------------------------------------------
candidate= 141-295 : +
-----------------------------------------------------------------------------------------
it= 4   ncol= 1549  ncstr= 556  mt= 0.3   spt= 0.0   lpval= 94039.4   ub= 94044.0  
-----------------------------------------------------------------------------------------
elapsed time= 93.18 s.
-----------------------------------------------------------------------------------------
candidate= 9-32 : -
-----------------------------------------------------------------------------------------
it= 3   ncol= 1485  ncstr= 556  mt= 0.3   spt= 0.0   lpval= 94018.2   ub= 94044.0  
-----------------------------------------------------------------------------------------
elapsed time= 93.47 s.
-----------------------------------------------------------------------------------------
candidate= 9-32 : +
-----------------------------------------------------------------------------------------
it= 5   ncol= 1591  ncstr= 556  mt= 0.4   spt= 0.0   lpval= 94041.6   ub= 94044.0  
-----------------------------------------------------------------------------------------
elapsed time= 93.89 s.
-----------------------------------------------------------------------------------------
candidate= 4-9 : -
-----------------------------------------------------------------------------------------
it= 3   ncol= 1503  ncstr= 556  mt= 0.3   spt= 0.0   lpval= 94019.4   ub= 94044.0  
-----------------------------------------------------------------------------------------
elapsed time= 94.18 s.
-----------------------------------------------------------------------------------------
candidate= 4-9 : +
-----------------------------------------------------------------------------------------
it= 4   ncol= 1527  ncstr= 556  mt= 0.3   spt= 0.0   lpval= 94023.9   ub= 94044.0  
-----------------------------------------------------------------------------------------
elapsed time= 94.49 s.
-----------------------------------------------------------------------------------------
brc= 141-295
t= 0.1783 c= 17.5784 n= 1 if_b4= 0
t= 0.379595 c= 29.2048 n= 1 if_b4= 0
#########################################################################################
tree size= 1 lb= 94017.8 ub= 94044
#########################################################################################
idx= 3 value= 94017.8 enu= 1
brc= 50-103 : -
brc= 76-103 : -
brc= 49-105 : +
brc= 164-295 : -
brc= 62-296 : -
brc= 126-152 : +
brc= 7-127 : -
brc= 250-278 : -
brc= 19-115 : +
brc= 136-143 : +
brc= 33-281 : -
brc= 118-296 : +
brc= 114-267 : -
brc= 74-260 : -
brc= 270-279 : +
brc= 95-260 : -
brc= 117-207 : -
brc= 207-237 : -
brc= 202-269 : -
brc= 117-174 : +
brc= 52-296 : +
brc= 18-61 : -
brc= 141-295 : +
it= 4   ncol= 1534  ncstr= 555  mt= 0.3   spt= 0.0   lpval= 94039.4   ub= 94044.0  
-----------------------------------------------------------------------------------------
elapsed time= 95.60 s.
-----------------------------------------------------------------------------------------
delete columns= 20982 remain= 723
 ****** Separate RCCs ****** 
 ****** Separate Rank1Cuts ****** 
it= 3   ncol= 860   ncstr= 574  mt= 0.1   spt= 0.0   lpval= 94059.2   ub= 94044.0  
-----------------------------------------------------------------------------------------
elapsed time= 96.22 s.
-----------------------------------------------------------------------------------------
#########################################################################################
tree size= 0 lb= 94017.8 ub= 94044
#########################################################################################
idx= 4 value= 94017.8 enu= 1
brc= 50-103 : -
brc= 76-103 : -
brc= 49-105 : +
brc= 164-295 : -
brc= 62-296 : -
brc= 126-152 : +
brc= 7-127 : -
brc= 250-278 : -
brc= 19-115 : +
brc= 136-143 : +
brc= 33-281 : -
brc= 118-296 : +
brc= 114-267 : -
brc= 74-260 : -
brc= 270-279 : +
brc= 95-260 : -
brc= 117-207 : -
brc= 207-237 : -
brc= 202-269 : -
brc= 117-174 : +
brc= 52-296 : +
brc= 18-61 : -
brc= 141-295 : -
it= 2   ncol= 1483  ncstr= 555  mt= 0.0   spt= 0.0   lpval= 94018.4   ub= 94044.0  
-----------------------------------------------------------------------------------------
elapsed time= 96.25 s.
-----------------------------------------------------------------------------------------
columns pending deletion= 1870 remain= 21849 col ratio= 0.914413 row ratio= 0.942342
 ****** Separate RCCs ****** 
 ****** Separate Rank1Cuts ****** 
it= 1   ncol= 1462  ncstr= 625  mt= 0.0   spt= 0.0   lpval= 94018.6   ub= 94044.0  
-----------------------------------------------------------------------------------------
elapsed time= 96.75 s.
-----------------------------------------------------------------------------------------
columns pending deletion= 2446 remain= 21849 col ratio= 0.88805 row ratio= 0.8624
[1;36m[REMIND] 2: gap improved= 0.184074 ratio= 0.007250 threshold= 0.040000 in function increaseCondition2 at /blue/yu.yang1/you.z/route_opt/packages/application/X-n313-k71/src/main/src/call_cutting.cpp:74[0m
 ****** Separate RCCs ****** 
 ****** Separate Rank1Cuts ****** 
it= 3   ncol= 1467  ncstr= 657  mt= 0.0   spt= 0.0   lpval= 94018.7   ub= 94044.0  
-----------------------------------------------------------------------------------------
elapsed time= 97.03 s.
-----------------------------------------------------------------------------------------
columns pending deletion= 2985 remain= 21849 col ratio= 0.86338 row ratio= 0.821918
current_r_best= 0.638475
pseudo= 50 frac= 50
#candidates in phase1= 37
testing lp time= 15.66 s.
-----------------------------------------------------------------------------------------
 24-162 ,  17.46| 117-237 ,  16.15|  51-64  ,  15.76|  51-116 ,  15.44| 132-257 ,  15.03| 
224-289 ,  14.79|   7-33  ,  13.78|  54-215 ,  13.02|  54-266 ,  13.02|  56-228 ,  10.84| 
207-230 ,  10.77| 155-276 ,   8.79| 132-230 ,   8.36| 258-311 ,   8.17| 127-267 ,   8.17| 
 82-150 ,   7.95|  56-164 ,   7.78| 215-216 ,   7.43| 139-269 ,   7.29| 208-226 ,   7.22| 
155-204 ,   7.07|   0-208 ,   6.29|   6-237 ,   5.19|  84-130 ,   5.16|   0-207 ,   4.97| 
204-302 ,   4.33|  87-115 ,   3.06| 162-250 ,   2.67|   2-276 ,   1.21|  43-53  ,   1.13| 
  0-56  ,   0.98| 201-278 ,   0.94| 111-193 ,   0.65| 228-260 ,   0.45| 147-228 ,   0.45| 
268-298 ,   0.17|   6-150 ,   0.00| 
-----------------------------------------------------------------------------------------
edge= 51 64 lp= 4.58352 pre= 2 lp2= 3.43896 pre2= 2 score= 15.7625
-----------------------------------------------------------------------------------------
edge= 117 237 lp= 16.3326 pre= 2 lp2= 0.988736 pre2= 2 score= 16.1487
-----------------------------------------------------------------------------------------
edge= 24 162 lp= 0.403624 pre= 2 lp2= 43.2537 pre2= 2 score= 17.4583
-----------------------------------------------------------------------------------------
candidate= 24-162 : -
-----------------------------------------------------------------------------------------
it= 3   ncol= 1480  ncstr= 658  mt= 0.3   spt= 0.0   lpval= 94019.0   ub= 94044.0  
-----------------------------------------------------------------------------------------
elapsed time= 113.03 s.
-----------------------------------------------------------------------------------------
candidate= 117-237 : -
-----------------------------------------------------------------------------------------
it= 5   ncol= 1534  ncstr= 658  mt= 0.4   spt= 0.0   lpval= 94030.9   ub= 94044.0  
-----------------------------------------------------------------------------------------
elapsed time= 113.45 s.
-----------------------------------------------------------------------------------------
candidate= 51-64 : -
-----------------------------------------------------------------------------------------
it= 3   ncol= 1512  ncstr= 658  mt= 0.3   spt= 0.0   lpval= 94022.1   ub= 94044.0  
-----------------------------------------------------------------------------------------
elapsed time= 113.80 s.
-----------------------------------------------------------------------------------------
candidate= 24-162 : +
-----------------------------------------------------------------------------------------
it= 5   ncol= 1556  ncstr= 658  mt= 0.5   spt= 0.0   lpval= 94032.9   ub= 94044.0  
-----------------------------------------------------------------------------------------
elapsed time= 114.28 s.
-----------------------------------------------------------------------------------------
candidate= 117-237 : +
-----------------------------------------------------------------------------------------
it= 3   ncol= 1477  ncstr= 658  mt= 0.3   spt= 0.0   lpval= 94019.6   ub= 94044.0  
-----------------------------------------------------------------------------------------
elapsed time= 114.64 s.
-----------------------------------------------------------------------------------------
candidate= 51-64 : +
-----------------------------------------------------------------------------------------
it= 3   ncol= 1532  ncstr= 658  mt= 0.3   spt= 0.0   lpval= 94019.9   ub= 94044.0  
-----------------------------------------------------------------------------------------
elapsed time= 114.99 s.
-----------------------------------------------------------------------------------------
brc= 117-237
t= 0.189396 c= 12.3724 n= 2 if_b4= 0
t= 0.380693 c= 22.35 n= 2 if_b4= 0
#########################################################################################
tree size= 1 lb= 94018.7 ub= 94044
#########################################################################################
idx= 5 value= 94018.7 enu= 1
brc= 50-103 : -
brc= 76-103 : -
brc= 49-105 : +
brc= 164-295 : -
brc= 62-296 : -
brc= 126-152 : +
brc= 7-127 : -
brc= 250-278 : -
brc= 19-115 : +
brc= 136-143 : +
brc= 33-281 : -
brc= 118-296 : +
brc= 114-267 : -
brc= 74-260 : -
brc= 270-279 : +
brc= 95-260 : -
brc= 117-207 : -
brc= 207-237 : -
brc= 202-269 : -
brc= 117-174 : +
brc= 52-296 : +
brc= 18-61 : -
brc= 141-295 : -
brc= 117-237 : +
it= 3   ncol= 1449  ncstr= 657  mt= 0.3   spt= 0.0   lpval= 94019.6   ub= 94044.0  
-----------------------------------------------------------------------------------------
elapsed time= 116.26 s.
-----------------------------------------------------------------------------------------
columns pending deletion= 1334 remain= 18821 col ratio= 0.929122 row ratio= 0.800609
 ****** Separate RCCs ****** 
 ****** Separate Rank1Cuts ****** 
it= 4   ncol= 1443  ncstr= 676  mt= 0.1   spt= 0.0   lpval= 94020.9   ub= 94044.0  
-----------------------------------------------------------------------------------------
elapsed time= 116.58 s.
-----------------------------------------------------------------------------------------
columns pending deletion= 3270 remain= 18821 col ratio= 0.826258 row ratio= 0.792899
mip: row= 536 col= 16982 density= 4.49532%
mip time= 32.34 s.
mip status= 6
update f from 0 to 23.1379
#########################################################################################
tree size= 0 lb= 94018.7 ub= 94044
#########################################################################################
idx= 6 value= 94018.7 enu= 1
brc= 50-103 : -
brc= 76-103 : -
brc= 49-105 : +
brc= 164-295 : -
brc= 62-296 : -
brc= 126-152 : +
brc= 7-127 : -
brc= 250-278 : -
brc= 19-115 : +
brc= 136-143 : +
brc= 33-281 : -
brc= 118-296 : +
brc= 114-267 : -
brc= 74-260 : -
brc= 270-279 : +
brc= 95-260 : -
brc= 117-207 : -
brc= 207-237 : -
brc= 202-269 : -
brc= 117-174 : +
brc= 52-296 : +
brc= 18-61 : -
brc= 141-295 : -
brc= 117-237 : -
it= 4   ncol= 1533  ncstr= 657  mt= 0.1   spt= 0.0   lpval= 94030.9   ub= 94044.0  
-----------------------------------------------------------------------------------------
elapsed time= 149.45 s.
-----------------------------------------------------------------------------------------
delete columns= 15460 remain= 3391
 ****** Separate RCCs ****** 
 ****** Separate Rank1Cuts ****** 
it= 2   ncol= 1330  ncstr= 557  mt= 0.0   spt= 0.0   lpval= 94033.5   ub= 94044.0  
-----------------------------------------------------------------------------------------
elapsed time= 150.16 s.
-----------------------------------------------------------------------------------------
delete columns= 1281 remain= 2110
mip: row= 505 col= 3322 density= 3.52054%
mip time= 0.96 s.
mip status= 6
#########################################################################################
[32m<Instance: X-n313-k71>
<Solution>
<UB= 94044>
<LB= 94044>
<Elapsed Time= 151.4>
<Nodes Explored= 7>
<Global Gap= 0%>[0m
#########################################################################################
File nodes/X-n313-k71_2_2_2_0_1_2_4_0_G32.node deleted successfully.
