application type: CVRP
X-n313-k71_2_2_3_3_5_1_4_G32.node
Set parameter ServerTimeout to value 600
Set parameter TokenServer to value "grb-ts.ufhpc"
Set parameter Threads to value 1
instance name= X-n313-k71
#########################################################################################
tree size= 0 lb= 0 ub= 94044
#########################################################################################
idx= 9 value= 93973.7 enu= 0
brc= 50-103 : -
brc= 76-103 : -
brc= 49-105 : +
brc= 164-295 : -
brc= 62-296 : -
brc= 126-152 : +
brc= 7-127 : -
brc= 250-278 : -
brc= 19-115 : -
brc= 270-279 : +
brc= 29-131 : -
brc= 64-128 : -
brc= 116-145 : -
brc= 23-296 : +
brc= 6-60 : -
brc= 117-207 : -
brc= 2-269 : -
brc= 207-237 : -
brc= 102-142 : -
brc= 118-127 : +
brc= 139-207 : -
brc= 164-175 : +
brc= 161-184 : -
brc= 22-248 : -
brc= 164-285 : -
brc= 75-303 : -
brc= 9-32 : +
-----------------------------------------------------------------------------------------
 ****** Pricing Level: LIGHT HEUR ****** 
it= 14  ncol= 2030  ncstr= 591  mt= 0.9   spt= 0.4   lpval= 94009.1   ub= 94044.0  
 ****** Pricing Level: HEAVY HEUR ****** 
it= 8   ncol= 2158  ncstr= 591  mt= 0.3   spt= 0.6   lpval= 93998.9   ub= 94044.0  
 ****** Pricing Level: EXACT ****** 
it= 4   ncol= 2256  ncstr= 591  mt= 0.1   spt= 5.2   lpval= 93998.1   ub= 94044.0  
-----------------------------------------------------------------------------------------
elapsed time= 11.69 s.
-----------------------------------------------------------------------------------------
-----------------------------------------------------------------------------------------
 ****** Run Arc Elimination ****** 
arc elimination time= 5.42 s.
previous= 56.8628% maximum= 2.57996%
eliminate bucket arcs time= 0.71 s.
obtain jump arcs time= 0.01 s.
-----------------------------------------------------------------------------------------
-----------------------------------------------------------------------------------------
elapsed time= 18.17 s.
-----------------------------------------------------------------------------------------
-----------------------------------------------------------------------------------------
 ****** Try Enumeration ****** 
#labels= 316613 #routes= 18
labeling 1 time= 9.16 s.
concatenate time= 17.27 s.
#routes= 548445
average gap of successful enumeration= 0.000477136
next try value > 93969.7
-----------------------------------------------------------------------------------------
elapsed time= 44.77 s.
-----------------------------------------------------------------------------------------
 ****** Process Enumeration Matrix ****** 
delete non-ele routes lp val= 93999.3
recover rank1c lp val= 93999.9
recover rcc lp val= 94000.1
obtain rcc coefficient time= 0.22 s.
obtain r1c coefficient time= 0.76 s.
obtain matrix from triplets time= 1.66 s.
delete columns by branch time= 0.00 s.
columns pending deletion= 549 remain= 548445 col ratio= 0.998999 row ratio= 1
regenerate enumeration matrix time= 0.00 s.
-----------------------------------------------------------------------------------------
elapsed time= 49.93 s.
-----------------------------------------------------------------------------------------
it= 4   ncol= 1726  ncstr= 551  mt= 0.1   spt= 0.1   lpval= 93999.3   ub= 94044.0  
-----------------------------------------------------------------------------------------
elapsed time= 50.21 s.
-----------------------------------------------------------------------------------------
columns pending deletion= 148199 remain= 548445 col ratio= 0.729783 row ratio= 0.898367
 ****** Separate RCCs ****** 
 ****** Separate Rank1Cuts ****** 
it= 4   ncol= 1651  ncstr= 609  mt= 0.0   spt= 0.2   lpval= 94002.3   ub= 94044.0  
-----------------------------------------------------------------------------------------
elapsed time= 51.35 s.
-----------------------------------------------------------------------------------------
delete columns= 252305 remain= 296140
 ****** Separate RCCs ****** 
 ****** Separate Rank1Cuts ****** 
it= 2   ncol= 1646  ncstr= 557  mt= 0.0   spt= 0.0   lpval= 94004.2   ub= 94044.0  
-----------------------------------------------------------------------------------------
elapsed time= 52.96 s.
-----------------------------------------------------------------------------------------
columns pending deletion= 56280 remain= 296140 col ratio= 0.809955 row ratio= 0.942549
 ****** Separate RCCs ****** 
 ****** Separate Rank1Cuts ****** 
it= 2   ncol= 1665  ncstr= 666  mt= 0.0   spt= 0.1   lpval= 94004.5   ub= 94044.0  
-----------------------------------------------------------------------------------------
elapsed time= 54.07 s.
-----------------------------------------------------------------------------------------
delete columns= 80849 remain= 215291
[1;36m[REMIND] 2: gap improved= 0.309300 ratio= 0.007830 threshold= 0.040000 in function increaseCondition2 at /blue/yu.yang1/you.z/route_opt/packages/application/X-n313-k71/src/main/src/call_cutting.cpp:74[0m
 ****** Separate Rank1Cuts ****** 
it= 4   ncol= 1699  ncstr= 579  mt= 0.0   spt= 0.1   lpval= 94004.6   ub= 94044.0  
-----------------------------------------------------------------------------------------
elapsed time= 55.78 s.
-----------------------------------------------------------------------------------------
columns pending deletion= 16093 remain= 215291 col ratio= 0.92525 row ratio= 0.946459
[1;36m[REMIND] 2: gap improved= 0.134752 ratio= 0.003423 threshold= 0.040000 in function increaseCondition2 at /blue/yu.yang1/you.z/route_opt/packages/application/X-n313-k71/src/main/src/call_cutting.cpp:74[0m
 ****** Separate RCCs ****** 
 ****** Separate Rank1Cuts ****** 
it= 4   ncol= 1695  ncstr= 609  mt= 0.0   spt= 0.1   lpval= 94005.3   ub= 94044.0  
-----------------------------------------------------------------------------------------
elapsed time= 56.46 s.
-----------------------------------------------------------------------------------------
columns pending deletion= 38873 remain= 215291 col ratio= 0.81944 row ratio= 0.881773
[1;36m[REMIND] 2: gap improved= 0.680625 ratio= 0.017592 threshold= 0.040000 in function increaseCondition2 at /blue/yu.yang1/you.z/route_opt/packages/application/X-n313-k71/src/main/src/call_cutting.cpp:74[0m
[1;36m[REMIND] tail off counter= 3 threshold= 3 in function setIfTailOff at /blue/yu.yang1/you.z/route_opt/packages/application/X-n313-k71/src/main/src/call_cutting.cpp:150[0m
[1;36m[REMIND] opt_k not found for node 9, use m directly in function getOptK at /blue/yu.yang1/you.z/route_opt/packages/branching/bkf/include/bkf_controller.hpp:239[0m
current_r_best= 22.9904
we directly test 100
we directly test 4
pseudo= 50 frac= 50
#candidates in phase1= 100
testing lp time= 41.12 s.
-----------------------------------------------------------------------------------------
 53-54  ,  81.08|  56-228 ,  61.98|  95-281 ,  52.11|   0-287 ,  44.77| 117-131 ,  44.73| 
  2-51  ,  37.86| 131-281 ,  35.81| 164-249 ,  35.36| 175-260 ,  35.36| 131-207 ,  32.01| 
 74-312 ,  30.30| 116-127 ,  30.02| 118-296 ,  30.02| 191-243 ,  29.88| 117-174 ,  29.13| 
147-174 ,  27.81|  95-252 ,  26.85|  74-248 ,  25.81| 155-276 ,  25.41|  21-42  ,  25.01| 
  0-207 ,  24.81| 218-302 ,  24.37|  61-201 ,  22.06|  74-234 ,  21.76| 131-147 ,  21.69| 
 75-266 ,  21.22|   0-269 ,  20.90|  74-299 ,  19.75| 132-230 ,  19.45|   0-95  ,  17.06| 
171-299 ,  16.89|  75-248 ,  16.71|  51-116 ,  16.44| 127-145 ,  16.14|   0-196 ,  15.84| 
145-174 ,  15.67| 243-287 ,  15.31| 132-208 ,  14.88| 132-204 ,  14.88| 303-311 ,  12.69| 
140-173 ,  12.51|  10-161 ,  12.25| 189-214 ,  12.14|   0-214 ,  12.14|   0-267 ,  11.89| 
243-303 ,  11.71|   0-125 ,  11.60|   9-64  ,  11.52| 116-302 ,  11.49| 234-299 ,  11.27| 
137-150 ,  11.27|  84-130 ,  11.08|   0-224 ,  10.91|  51-130 ,  10.61|  87-128 ,  10.29| 
207-269 ,   9.71|  51-87  ,   8.75| 114-161 ,   8.67|  57-64  ,   8.21|  22-72  ,   8.18| 
 57-130 ,   7.98| 117-237 ,   7.88|  29-174 ,   6.47|   0-303 ,   4.95| 236-303 ,   4.55| 
165-190 ,   4.30|  24-112 ,   4.30| 190-280 ,   4.29|   0-112 ,   4.27| 184-266 ,   3.86| 
114-311 ,   3.70| 184-311 ,   3.70| 258-311 ,   3.08| 245-303 ,   3.05| 113-232 ,   2.87| 
184-303 ,   2.62| 185-216 ,   2.36| 256-282 ,   2.27| 163-297 ,   2.16| 245-297 ,   2.03| 
259-271 ,   1.99|  30-57  ,   1.90| 256-264 ,   1.71|  59-68  ,   1.69| 195-238 ,   1.44| 
127-182 ,   1.42| 245-274 ,   1.38|  38-173 ,   1.31|   0-183 ,   1.20|  92-197 ,   1.20| 
  0-245 ,   1.13| 158-229 ,   1.11|   0-41  ,   1.05|   0-192 ,   1.05|   0-62  ,   1.05| 
238-293 ,   1.04| 158-163 ,   0.86|   5-196 ,   0.85| 179-259 ,   0.84| 179-273 ,   0.83| 
-----------------------------------------------------------------------------------------
edge= 0 287 lp= 14.0924 pre= 2 lp2= 3.17655 pre2= 2 score= 44.7653
-----------------------------------------------------------------------------------------
edge= 95 281 lp= 31.7674 pre= 2 lp2= 1.64049 pre2= 2 score= 52.1142
-----------------------------------------------------------------------------------------
edge= 56 228 lp= 26.8484 pre= 2 lp2= 2.30851 pre2= 2 score= 61.9799
-----------------------------------------------------------------------------------------
edge= 53 54 lp= 1.37976 pre= 2 lp2= 58.7673 pre2= 2 score= 81.0848
-----------------------------------------------------------------------------------------
candidate= 53-54 : -
-----------------------------------------------------------------------------------------
it= 3   ncol= 1720  ncstr= 610  mt= 0.5   spt= 0.1   lpval= 94006.3   ub= 94044.0  
-----------------------------------------------------------------------------------------
elapsed time= 98.12 s.
-----------------------------------------------------------------------------------------
candidate= 56-228 : -
-----------------------------------------------------------------------------------------
it= 4   ncol= 1769  ncstr= 610  mt= 0.4   spt= 0.1   lpval= 94028.2   ub= 94044.0  
-----------------------------------------------------------------------------------------
elapsed time= 98.65 s.
-----------------------------------------------------------------------------------------
candidate= 53-54 : +
-----------------------------------------------------------------------------------------
it= 6   ncol= 1780  ncstr= 610  mt= 0.5   spt= 0.1   lpval= 94049.3   ub= 94044.0  
-----------------------------------------------------------------------------------------
elapsed time= 99.31 s.
-----------------------------------------------------------------------------------------
candidate= 56-228 : +
-----------------------------------------------------------------------------------------
it= 3   ncol= 1715  ncstr= 610  mt= 0.4   spt= 0.1   lpval= 94007.6   ub= 94044.0  
-----------------------------------------------------------------------------------------
elapsed time= 99.77 s.
-----------------------------------------------------------------------------------------
brc= 56-228
t= 0.205605 c= 54.7312 n= 0 if_b4= 0
t= 0.544615 c= 74.2024 n= 0 if_b4= 0
#########################################################################################
tree size= 1 lb= 94005.3 ub= 94044
#########################################################################################
idx= 1 value= 94005.3 enu= 1
brc= 50-103 : -
brc= 76-103 : -
brc= 49-105 : +
brc= 164-295 : -
brc= 62-296 : -
brc= 126-152 : +
brc= 7-127 : -
brc= 250-278 : -
brc= 19-115 : -
brc= 270-279 : +
brc= 29-131 : -
brc= 64-128 : -
brc= 116-145 : -
brc= 23-296 : +
brc= 6-60 : -
brc= 117-207 : -
brc= 2-269 : -
brc= 207-237 : -
brc= 102-142 : -
brc= 118-127 : +
brc= 139-207 : -
brc= 164-175 : +
brc= 161-184 : -
brc= 22-248 : -
brc= 164-285 : -
brc= 75-303 : -
brc= 9-32 : +
brc= 56-228 : +
it= 3   ncol= 1710  ncstr= 609  mt= 0.4   spt= 0.0   lpval= 94007.6   ub= 94044.0  
-----------------------------------------------------------------------------------------
elapsed time= 102.47 s.
-----------------------------------------------------------------------------------------
columns pending deletion= 41553 remain= 176243 col ratio= 0.764229 row ratio= 0.866995
 ****** Separate RCCs ****** 
 ****** Separate Rank1Cuts ****** 
it= 2   ncol= 1691  ncstr= 681  mt= 0.0   spt= 0.0   lpval= 94008.5   ub= 94044.0  
-----------------------------------------------------------------------------------------
elapsed time= 103.18 s.
-----------------------------------------------------------------------------------------
delete columns= 55880 remain= 120363
[1;36m[REMIND] 2: gap improved= 0.906707 ratio= 0.025541 threshold= 0.040000 in function increaseCondition2 at /blue/yu.yang1/you.z/route_opt/packages/application/X-n313-k71/src/main/src/call_cutting.cpp:74[0m
 ****** Separate RCCs ****** 
 ****** Separate Rank1Cuts ****** 
it= 3   ncol= 1752  ncstr= 599  mt= 0.1   spt= 0.0   lpval= 94009.4   ub= 94044.0  
-----------------------------------------------------------------------------------------
elapsed time= 104.13 s.
-----------------------------------------------------------------------------------------
columns pending deletion= 17663 remain= 120363 col ratio= 0.853252 row ratio= 0.886477
[1;36m[REMIND] 2: gap improved= 0.890757 ratio= 0.025737 threshold= 0.040000 in function increaseCondition2 at /blue/yu.yang1/you.z/route_opt/packages/application/X-n313-k71/src/main/src/call_cutting.cpp:74[0m
 ****** Separate RCCs ****** 
 ****** Separate Rank1Cuts ****** 
it= 2   ncol= 1751  ncstr= 626  mt= 0.0   spt= 0.0   lpval= 94010.0   ub= 94044.0  
-----------------------------------------------------------------------------------------
elapsed time= 104.54 s.
-----------------------------------------------------------------------------------------
columns pending deletion= 26248 remain= 120363 col ratio= 0.781926 row ratio= 0.86901
[1;36m[REMIND] 2: gap improved= 0.566717 ratio= 0.016647 threshold= 0.040000 in function increaseCondition2 at /blue/yu.yang1/you.z/route_opt/packages/application/X-n313-k71/src/main/src/call_cutting.cpp:74[0m
[1;36m[REMIND] tail off counter= 3 threshold= 3 in function setIfTailOff at /blue/yu.yang1/you.z/route_opt/packages/application/X-n313-k71/src/main/src/call_cutting.cpp:150[0m
current_r_best= 3.35721
alpha= 0.37 beta= 10.1402 omega= 266.196 k1= 27
lb_k= 1 ub_k= 37
revise: lb_k= 21 ub_k= 35
opt_k= 29
alpha= 0.75 beta= 10.1402 omega= 136.247 k1= 3
lb_k= 1 ub_k= 3
revise: lb_k= 1 ub_k= 3
opt_k= 3
pseudo= 50 frac= 50
#candidates in phase1= 29
testing lp time= 12.29 s.
-----------------------------------------------------------------------------------------
 33-93  , 150.17| 155-276 ,  48.96|   0-207 ,  32.40| 122-281 ,  29.13|   0-78  ,  28.69| 
132-230 ,  26.48| 131-281 ,  20.27| 132-204 ,  19.60| 132-208 ,  19.60|   7-260 ,  16.47| 
 95-285 ,  16.38| 131-147 ,  15.77|  10-161 ,  14.25|  78-176 ,  13.96|  69-174 ,  13.38| 
 51-116 ,  11.72|  29-174 ,  10.23|   0-214 ,   8.52| 244-284 ,   7.99| 114-161 ,   4.67| 
258-311 ,   3.57| 161-258 ,   2.81| 136-296 ,   2.81| 123-160 ,   2.77| 196-235 ,   2.49| 
 75-161 ,   2.40| 224-287 ,   0.95|  21-136 ,   0.29|   0-190 ,   0.08| 
-----------------------------------------------------------------------------------------
edge= 0 207 lp= 9.69966 pre= 2 lp2= 3.3404 pre2= 2 score= 32.4007
-----------------------------------------------------------------------------------------
edge= 155 276 lp= 1.9695 pre= 2 lp2= 24.8599 pre2= 2 score= 48.9617
-----------------------------------------------------------------------------------------
edge= 33 93 lp= 1.85025 pre= 2 lp2= 81.1596 pre2= 2 score= 150.165
-----------------------------------------------------------------------------------------
candidate= 33-93 : -
-----------------------------------------------------------------------------------------
it= 3   ncol= 1777  ncstr= 627  mt= 0.5   spt= 0.0   lpval= 94011.4   ub= 94044.0  
-----------------------------------------------------------------------------------------
elapsed time= 117.34 s.
-----------------------------------------------------------------------------------------
candidate= 33-93 : +
-----------------------------------------------------------------------------------------
it= 4   ncol= 1833  ncstr= 627  mt= 0.5   spt= 0.0   lpval= 94077.0   ub= 94044.0  
-----------------------------------------------------------------------------------------
elapsed time= 117.85 s.
-----------------------------------------------------------------------------------------
brc= 33-93
t= 0.208735 c= 28.9074 n= 1 if_b4= 0
t= 0.525977 c= 41.4614 n= 1 if_b4= 0
#########################################################################################
tree size= 2 lb= 94005.3 ub= 94044
#########################################################################################
idx= 2 value= 94005.3 enu= 1
brc= 50-103 : -
brc= 76-103 : -
brc= 49-105 : +
brc= 164-295 : -
brc= 62-296 : -
brc= 126-152 : +
brc= 7-127 : -
brc= 250-278 : -
brc= 19-115 : -
brc= 270-279 : +
brc= 29-131 : -
brc= 64-128 : -
brc= 116-145 : -
brc= 23-296 : +
brc= 6-60 : -
brc= 117-207 : -
brc= 2-269 : -
brc= 207-237 : -
brc= 102-142 : -
brc= 118-127 : +
brc= 139-207 : -
brc= 164-175 : +
brc= 161-184 : -
brc= 22-248 : -
brc= 164-285 : -
brc= 75-303 : -
brc= 9-32 : +
brc= 56-228 : -
it= 5   ncol= 1756  ncstr= 609  mt= 0.2   spt= 0.1   lpval= 94028.2   ub= 94044.0  
-----------------------------------------------------------------------------------------
elapsed time= 119.54 s.
-----------------------------------------------------------------------------------------
delete columns= 170199 remain= 6217
 ****** Separate RCCs ****** 
 ****** Separate Rank1Cuts ****** 
it= 2   ncol= 1450  ncstr= 550  mt= 0.0   spt= 0.0   lpval= 94030.9   ub= 94044.0  
-----------------------------------------------------------------------------------------
elapsed time= 119.99 s.
-----------------------------------------------------------------------------------------
delete columns= 2478 remain= 3739
mip: row= 498 col= 5095 density= 3.64386%
mip time= 1.07 s.
mip status= 6
update f from 0 to 13.1398
#########################################################################################
tree size= 1 lb= 94010 ub= 94044
#########################################################################################
idx= 3 value= 94010 enu= 1
brc= 50-103 : -
brc= 76-103 : -
brc= 49-105 : +
brc= 164-295 : -
brc= 62-296 : -
brc= 126-152 : +
brc= 7-127 : -
brc= 250-278 : -
brc= 19-115 : -
brc= 270-279 : +
brc= 29-131 : -
brc= 64-128 : -
brc= 116-145 : -
brc= 23-296 : +
brc= 6-60 : -
brc= 117-207 : -
brc= 2-269 : -
brc= 207-237 : -
brc= 102-142 : -
brc= 118-127 : +
brc= 139-207 : -
brc= 164-175 : +
brc= 161-184 : -
brc= 22-248 : -
brc= 164-285 : -
brc= 75-303 : -
brc= 9-32 : +
brc= 56-228 : +
brc= 33-93 : +
it= 3   ncol= 1815  ncstr= 626  mt= 0.5   spt= 0.0   lpval= 94077.0   ub= 94044.0  
-----------------------------------------------------------------------------------------
elapsed time= 121.58 s.
-----------------------------------------------------------------------------------------
#########################################################################################
tree size= 0 lb= 94010 ub= 94044
#########################################################################################
idx= 4 value= 94010 enu= 1
brc= 50-103 : -
brc= 76-103 : -
brc= 49-105 : +
brc= 164-295 : -
brc= 62-296 : -
brc= 126-152 : +
brc= 7-127 : -
brc= 250-278 : -
brc= 19-115 : -
brc= 270-279 : +
brc= 29-131 : -
brc= 64-128 : -
brc= 116-145 : -
brc= 23-296 : +
brc= 6-60 : -
brc= 117-207 : -
brc= 2-269 : -
brc= 207-237 : -
brc= 102-142 : -
brc= 118-127 : +
brc= 139-207 : -
brc= 164-175 : +
brc= 161-184 : -
brc= 22-248 : -
brc= 164-285 : -
brc= 75-303 : -
brc= 9-32 : +
brc= 56-228 : +
brc= 33-93 : -
it= 3   ncol= 1766  ncstr= 626  mt= 0.1   spt= 0.0   lpval= 94011.4   ub= 94044.0  
-----------------------------------------------------------------------------------------
elapsed time= 121.71 s.
-----------------------------------------------------------------------------------------
columns pending deletion= 14612 remain= 94097 col ratio= 0.844713 row ratio= 0.848243
 ****** Separate RCCs ****** 
 ****** Separate Rank1Cuts ****** 
it= 2   ncol= 1740  ncstr= 662  mt= 0.0   spt= 0.0   lpval= 94012.0   ub= 94044.0  
-----------------------------------------------------------------------------------------
elapsed time= 122.13 s.
-----------------------------------------------------------------------------------------
columns pending deletion= 24153 remain= 94097 col ratio= 0.743318 row ratio= 0.826284
[1;36m[REMIND] 2: gap improved= 0.583674 ratio= 0.018238 threshold= 0.040000 in function increaseCondition2 at /blue/yu.yang1/you.z/route_opt/packages/application/X-n313-k71/src/main/src/call_cutting.cpp:74[0m
 ****** Separate RCCs ****** 
 ****** Separate Rank1Cuts ****** 
it= 2   ncol= 1734  ncstr= 686  mt= 0.0   spt= 0.0   lpval= 94012.1   ub= 94044.0  
-----------------------------------------------------------------------------------------
elapsed time= 122.50 s.
-----------------------------------------------------------------------------------------
delete columns= 25877 remain= 68220
[1;36m[REMIND] 2: gap improved= 0.114325 ratio= 0.003585 threshold= 0.040000 in function increaseCondition2 at /blue/yu.yang1/you.z/route_opt/packages/application/X-n313-k71/src/main/src/call_cutting.cpp:74[0m
 ****** Separate Rank1Cuts ****** 
it= 1   ncol= 1732  ncstr= 567  mt= 0.0   spt= 0.0   lpval= 94012.2   ub= 94044.0  
-----------------------------------------------------------------------------------------
elapsed time= 123.03 s.
-----------------------------------------------------------------------------------------
columns pending deletion= 1890 remain= 68220 col ratio= 0.972296 row ratio= 0.964727
current_r_best= 1.61248
alpha= 0.37 beta= 11.5916 omega= 138.489 k1= 21
lb_k= 1 ub_k= 37
revise: lb_k= 16 ub_k= 29
opt_k= 23
alpha= 0.75 beta= 11.5916 omega= 78.8275 k1= 3
lb_k= 1 ub_k= 3
revise: lb_k= 1 ub_k= 3
opt_k= 3
pseudo= 50 frac= 50
#candidates in phase1= 23
testing lp time= 7.66 s.
-----------------------------------------------------------------------------------------
  0-207 ,  26.27| 132-230 ,  16.23| 207-269 ,  11.87| 131-281 ,  10.91|  10-161 ,  10.69| 
 51-116 ,   9.80| 131-147 ,   6.94| 117-237 ,   4.44|  22-86  ,   2.76| 161-258 ,   2.44| 
 24-95  ,   2.34| 258-311 ,   2.08|  79-128 ,   1.86| 114-161 ,   1.82|   4-115 ,   1.42| 
  0-208 ,   1.02| 262-268 ,   1.02| 131-257 ,   0.84| 282-297 ,   0.77| 166-215 ,   0.48| 
 67-282 ,   0.45| 195-196 ,   0.40| 268-298 ,   0.07| 
-----------------------------------------------------------------------------------------
edge= 207 269 lp= 9.17233 pre= 2 lp2= 1.29432 pre2= 2 score= 11.8719
-----------------------------------------------------------------------------------------
edge= 132 230 lp= 4.94651 pre= 2 lp2= 3.2819 pre2= 2 score= 16.234
-----------------------------------------------------------------------------------------
edge= 0 207 lp= 8.43811 pre= 2 lp2= 3.1137 pre2= 2 score= 26.2737
-----------------------------------------------------------------------------------------
candidate= 0-207 : -
-----------------------------------------------------------------------------------------
it= 4   ncol= 1774  ncstr= 568  mt= 0.4   spt= 0.0   lpval= 94019.8   ub= 94044.0  
-----------------------------------------------------------------------------------------
elapsed time= 131.11 s.
-----------------------------------------------------------------------------------------
candidate= 0-207 : +
-----------------------------------------------------------------------------------------
it= 3   ncol= 1741  ncstr= 568  mt= 0.4   spt= 0.0   lpval= 94015.2   ub= 94044.0  
-----------------------------------------------------------------------------------------
elapsed time= 131.48 s.
-----------------------------------------------------------------------------------------
brc= 0-207
t= 0.194696 c= 19.8834 n= 2 if_b4= 0
t= 0.481476 c= 29.3993 n= 2 if_b4= 0
#########################################################################################
tree size= 1 lb= 94012.2 ub= 94044
#########################################################################################
idx= 5 value= 94012.2 enu= 1
brc= 50-103 : -
brc= 76-103 : -
brc= 49-105 : +
brc= 164-295 : -
brc= 62-296 : -
brc= 126-152 : +
brc= 7-127 : -
brc= 250-278 : -
brc= 19-115 : -
brc= 270-279 : +
brc= 29-131 : -
brc= 64-128 : -
brc= 116-145 : -
brc= 23-296 : +
brc= 6-60 : -
brc= 117-207 : -
brc= 2-269 : -
brc= 207-237 : -
brc= 102-142 : -
brc= 118-127 : +
brc= 139-207 : -
brc= 164-175 : +
brc= 161-184 : -
brc= 22-248 : -
brc= 164-285 : -
brc= 75-303 : -
brc= 9-32 : +
brc= 56-228 : +
brc= 33-93 : -
brc= 0-207 : +
it= 3   ncol= 1741  ncstr= 567  mt= 0.4   spt= 0.0   lpval= 94015.2   ub= 94044.0  
-----------------------------------------------------------------------------------------
elapsed time= 132.97 s.
-----------------------------------------------------------------------------------------
columns pending deletion= 21215 remain= 66315 col ratio= 0.680087 row ratio= 0.917108
 ****** Separate RCCs ****** 
 ****** Separate Rank1Cuts ****** 
it= 2   ncol= 1719  ncstr= 607  mt= 0.0   spt= 0.0   lpval= 94016.4   ub= 94044.0  
-----------------------------------------------------------------------------------------
elapsed time= 133.40 s.
-----------------------------------------------------------------------------------------
delete columns= 27485 remain= 38830
 ****** Separate RCCs ****** 
 ****** Separate Rank1Cuts ****** 
it= 3   ncol= 1722  ncstr= 612  mt= 0.0   spt= 0.0   lpval= 94017.2   ub= 94044.0  
-----------------------------------------------------------------------------------------
elapsed time= 134.40 s.
-----------------------------------------------------------------------------------------
columns pending deletion= 5840 remain= 38830 col ratio= 0.849601 row ratio= 0.883987
[1;36m[REMIND] 2: gap improved= 0.864940 ratio= 0.032334 threshold= 0.040000 in function increaseCondition2 at /blue/yu.yang1/you.z/route_opt/packages/application/X-n313-k71/src/main/src/call_cutting.cpp:74[0m
 ****** Separate RCCs ****** 
 ****** Separate Rank1Cuts ****** 
it= 2   ncol= 1718  ncstr= 634  mt= 0.0   spt= 0.0   lpval= 94017.4   ub= 94044.0  
-----------------------------------------------------------------------------------------
elapsed time= 134.73 s.
-----------------------------------------------------------------------------------------
columns pending deletion= 7115 remain= 38830 col ratio= 0.816765 row ratio= 0.873817
[1;36m[REMIND] 2: gap improved= 0.135132 ratio= 0.005077 threshold= 0.040000 in function increaseCondition2 at /blue/yu.yang1/you.z/route_opt/packages/application/X-n313-k71/src/main/src/call_cutting.cpp:74[0m
 ****** Separate RCCs ****** 
 ****** Separate Rank1Cuts ****** 
it= 3   ncol= 1726  ncstr= 655  mt= 0.0   spt= 0.0   lpval= 94017.5   ub= 94044.0  
-----------------------------------------------------------------------------------------
elapsed time= 135.11 s.
-----------------------------------------------------------------------------------------
columns pending deletion= 8096 remain= 38830 col ratio= 0.791501 row ratio= 0.845802
[1;36m[REMIND] 2: gap improved= 0.136914 ratio= 0.005171 threshold= 0.040000 in function increaseCondition2 at /blue/yu.yang1/you.z/route_opt/packages/application/X-n313-k71/src/main/src/call_cutting.cpp:74[0m
[1;36m[REMIND] tail off counter= 3 threshold= 3 in function setIfTailOff at /blue/yu.yang1/you.z/route_opt/packages/application/X-n313-k71/src/main/src/call_cutting.cpp:150[0m
current_r_best= 3.91448
alpha= 0.37 beta= 3.40743 omega= 102.126 k1= 9
lb_k= 1 ub_k= 37
revise: lb_k= 7 ub_k= 12
opt_k= 10
alpha= 0.75 beta= 3.40743 omega= 61.0609 k1= 3
lb_k= 1 ub_k= 3
revise: lb_k= 2 ub_k= 3
opt_k= 3
pseudo= 50 frac= 50
#candidates in phase1= 10
testing lp time= 4.71 s.
-----------------------------------------------------------------------------------------
117-131 ,  61.06| 131-207 ,  55.47| 117-174 ,  29.44|  75-266 ,  28.62|  95-260 ,   7.50| 
264-272 ,   5.90|   2-128 ,   3.55| 114-303 ,   3.17|  84-89  ,   1.33|   6-19  ,   0.79| 
-----------------------------------------------------------------------------------------
edge= 117 174 lp= 8.27871 pre= 2 lp2= 3.55644 pre2= 2 score= 29.4427
-----------------------------------------------------------------------------------------
edge= 131 207 lp= 0.74923 pre= 2 lp2= 74.032 pre2= 2 score= 55.467
-----------------------------------------------------------------------------------------
edge= 117 131 lp= 1.11926 pre= 2 lp2= 54.5568 pre2= 2 score= 61.0633
-----------------------------------------------------------------------------------------
candidate= 117-131 : -
-----------------------------------------------------------------------------------------
it= 3   ncol= 1732  ncstr= 656  mt= 0.5   spt= 0.0   lpval= 94018.6   ub= 94044.0  
-----------------------------------------------------------------------------------------
elapsed time= 140.28 s.
-----------------------------------------------------------------------------------------
candidate= 117-131 : +
-----------------------------------------------------------------------------------------
it= 4   ncol= 1797  ncstr= 656  mt= 0.6   spt= 0.0   lpval= 94054.5   ub= 94044.0  
-----------------------------------------------------------------------------------------
elapsed time= 140.87 s.
-----------------------------------------------------------------------------------------
candidate= 131-207 : -
-----------------------------------------------------------------------------------------
it= 3   ncol= 1724  ncstr= 656  mt= 0.4   spt= 0.0   lpval= 94018.3   ub= 94044.0  
-----------------------------------------------------------------------------------------
elapsed time= 141.31 s.
-----------------------------------------------------------------------------------------
candidate= 131-207 : +
-----------------------------------------------------------------------------------------
it= 4   ncol= 1781  ncstr= 656  mt= 0.6   spt= 0.0   lpval= 94050.3   ub= 94044.0  
-----------------------------------------------------------------------------------------
elapsed time= 141.89 s.
-----------------------------------------------------------------------------------------
brc= 117-131
t= 0.204845 c= 15.8098 n= 3 if_b4= 0
t= 0.490491 c= 23.2762 n= 3 if_b4= 0
#########################################################################################
tree size= 2 lb= 94012.2 ub= 94044
#########################################################################################
idx= 6 value= 94012.2 enu= 1
brc= 50-103 : -
brc= 76-103 : -
brc= 49-105 : +
brc= 164-295 : -
brc= 62-296 : -
brc= 126-152 : +
brc= 7-127 : -
brc= 250-278 : -
brc= 19-115 : -
brc= 270-279 : +
brc= 29-131 : -
brc= 64-128 : -
brc= 116-145 : -
brc= 23-296 : +
brc= 6-60 : -
brc= 117-207 : -
brc= 2-269 : -
brc= 207-237 : -
brc= 102-142 : -
brc= 118-127 : +
brc= 139-207 : -
brc= 164-175 : +
brc= 161-184 : -
brc= 22-248 : -
brc= 164-285 : -
brc= 75-303 : -
brc= 9-32 : +
brc= 56-228 : +
brc= 33-93 : -
brc= 0-207 : -
it= 4   ncol= 1780  ncstr= 567  mt= 0.1   spt= 0.0   lpval= 94019.8   ub= 94044.0  
-----------------------------------------------------------------------------------------
elapsed time= 143.21 s.
-----------------------------------------------------------------------------------------
delete columns= 43889 remain= 22424
 ****** Separate RCCs ****** 
 ****** Separate Rank1Cuts ****** 
it= 4   ncol= 1669  ncstr= 568  mt= 0.0   spt= 0.0   lpval= 94022.6   ub= 94044.0  
-----------------------------------------------------------------------------------------
elapsed time= 143.75 s.
-----------------------------------------------------------------------------------------
delete columns= 8048 remain= 14376
mip: row= 522 col= 15982 density= 4.95225%
mip time= 23.03 s.
mip status= 6
update f from 13.1398 to 21.3742
#########################################################################################
tree size= 1 lb= 94017.5 ub= 94044
#########################################################################################
idx= 7 value= 94017.5 enu= 1
brc= 50-103 : -
brc= 76-103 : -
brc= 49-105 : +
brc= 164-295 : -
brc= 62-296 : -
brc= 126-152 : +
brc= 7-127 : -
brc= 250-278 : -
brc= 19-115 : -
brc= 270-279 : +
brc= 29-131 : -
brc= 64-128 : -
brc= 116-145 : -
brc= 23-296 : +
brc= 6-60 : -
brc= 117-207 : -
brc= 2-269 : -
brc= 207-237 : -
brc= 102-142 : -
brc= 118-127 : +
brc= 139-207 : -
brc= 164-175 : +
brc= 161-184 : -
brc= 22-248 : -
brc= 164-285 : -
brc= 75-303 : -
brc= 9-32 : +
brc= 56-228 : +
brc= 33-93 : -
brc= 0-207 : +
brc= 117-131 : +
it= 4   ncol= 1750  ncstr= 655  mt= 0.6   spt= 0.0   lpval= 94054.5   ub= 94044.0  
-----------------------------------------------------------------------------------------
elapsed time= 167.80 s.
-----------------------------------------------------------------------------------------
#########################################################################################
tree size= 0 lb= 94017.5 ub= 94044
#########################################################################################
idx= 8 value= 94017.5 enu= 1
brc= 50-103 : -
brc= 76-103 : -
brc= 49-105 : +
brc= 164-295 : -
brc= 62-296 : -
brc= 126-152 : +
brc= 7-127 : -
brc= 250-278 : -
brc= 19-115 : -
brc= 270-279 : +
brc= 29-131 : -
brc= 64-128 : -
brc= 116-145 : -
brc= 23-296 : +
brc= 6-60 : -
brc= 117-207 : -
brc= 2-269 : -
brc= 207-237 : -
brc= 102-142 : -
brc= 118-127 : +
brc= 139-207 : -
brc= 164-175 : +
brc= 161-184 : -
brc= 22-248 : -
brc= 164-285 : -
brc= 75-303 : -
brc= 9-32 : +
brc= 56-228 : +
brc= 33-93 : -
brc= 0-207 : +
brc= 117-131 : -
it= 2   ncol= 1720  ncstr= 655  mt= 0.0   spt= 0.0   lpval= 94018.6   ub= 94044.0  
-----------------------------------------------------------------------------------------
elapsed time= 167.85 s.
-----------------------------------------------------------------------------------------
columns pending deletion= 4089 remain= 30731 col ratio= 0.866942 row ratio= 0.833588
 ****** Separate RCCs ****** 
 ****** Separate Rank1Cuts ****** 
it= 3   ncol= 1708  ncstr= 691  mt= 0.0   spt= 0.0   lpval= 94019.3   ub= 94044.0  
-----------------------------------------------------------------------------------------
elapsed time= 168.24 s.
-----------------------------------------------------------------------------------------
columns pending deletion= 6002 remain= 30731 col ratio= 0.804692 row ratio= 0.819103
[1;36m[REMIND] 2: gap improved= 0.665727 ratio= 0.026954 threshold= 0.040000 in function increaseCondition2 at /blue/yu.yang1/you.z/route_opt/packages/application/X-n313-k71/src/main/src/call_cutting.cpp:74[0m
 ****** Separate RCCs ****** 
 ****** Separate Rank1Cuts ****** 
it= 3   ncol= 1705  ncstr= 746  mt= 0.1   spt= 0.0   lpval= 94019.5   ub= 94044.0  
-----------------------------------------------------------------------------------------
elapsed time= 168.88 s.
-----------------------------------------------------------------------------------------
delete columns= 7682 remain= 23049
[1;36m[REMIND] 2: gap improved= 0.246790 ratio= 0.010093 threshold= 0.040000 in function increaseCondition2 at /blue/yu.yang1/you.z/route_opt/packages/application/X-n313-k71/src/main/src/call_cutting.cpp:74[0m
 ****** Separate RCCs ****** 
 ****** Separate Rank1Cuts ****** 
it= 3   ncol= 1696  ncstr= 634  mt= 0.0   spt= 0.0   lpval= 94019.6   ub= 94044.0  
-----------------------------------------------------------------------------------------
elapsed time= 169.81 s.
-----------------------------------------------------------------------------------------
columns pending deletion= 849 remain= 23049 col ratio= 0.963165 row ratio= 0.905363
current_r_best= 1.57611
alpha= 0.37 beta= 1.89614 omega= 77.1794 k1= 6
lb_k= 1 ub_k= 37
revise: lb_k= 5 ub_k= 7
opt_k= 6
alpha= 0.75 beta= 1.89614 omega= 47.455 k1= 3
lb_k= 2 ub_k= 3
revise: lb_k= 2 ub_k= 3
opt_k= 3
pseudo= 50 frac= 50
#candidates in phase1= 6
testing lp time= 2.50 s.
-----------------------------------------------------------------------------------------
 10-161 ,   9.78|  71-109 ,   4.48| 258-311 ,   3.92|   1-109 ,   2.00|  85-103 ,   1.36| 
 64-150 ,   1.25| 
-----------------------------------------------------------------------------------------
edge= 258 311 lp= 2.4787 pre= 0 lp2= 1.58232 pre2= 1 score= 3.9221
-----------------------------------------------------------------------------------------
edge= 71 109 lp= 10.9333 pre= 1 lp2= 0.410114 pre2= 1 score= 4.48388
-----------------------------------------------------------------------------------------
edge= 10 161 lp= 0.66059 pre= 0 lp2= 14.8092 pre2= 2 score= 9.78279
-----------------------------------------------------------------------------------------
candidate= 10-161 : +
-----------------------------------------------------------------------------------------
it= 4   ncol= 1739  ncstr= 635  mt= 0.4   spt= 0.0   lpval= 94034.1   ub= 94044.0  
-----------------------------------------------------------------------------------------
elapsed time= 172.69 s.
-----------------------------------------------------------------------------------------
brc= 10-161
t= 0.205516 c= 13.0878 n= 4 if_b4= 0
t= 0.468221 c= 19.2729 n= 4 if_b4= 0
#########################################################################################
tree size= 1 lb= 94019.6 ub= 94044
#########################################################################################
idx= 9 value= 94019.6 enu= 1
brc= 50-103 : -
brc= 76-103 : -
brc= 49-105 : +
brc= 164-295 : -
brc= 62-296 : -
brc= 126-152 : +
brc= 7-127 : -
brc= 250-278 : -
brc= 19-115 : -
brc= 270-279 : +
brc= 29-131 : -
brc= 64-128 : -
brc= 116-145 : -
brc= 23-296 : +
brc= 6-60 : -
brc= 117-207 : -
brc= 2-269 : -
brc= 207-237 : -
brc= 102-142 : -
brc= 118-127 : +
brc= 139-207 : -
brc= 164-175 : +
brc= 161-184 : -
brc= 22-248 : -
brc= 164-285 : -
brc= 75-303 : -
brc= 9-32 : +
brc= 56-228 : +
brc= 33-93 : -
brc= 0-207 : +
brc= 117-131 : -
brc= 10-161 : +
it= 3   ncol= 1694  ncstr= 634  mt= 0.4   spt= 0.0   lpval= 94034.1   ub= 94044.0  
-----------------------------------------------------------------------------------------
elapsed time= 174.15 s.
-----------------------------------------------------------------------------------------
delete columns= 20110 remain= 1884
 ****** Separate RCCs ****** 
 ****** Separate Rank1Cuts ****** 
it= 3   ncol= 1233  ncstr= 578  mt= 0.1   spt= 0.0   lpval= 94041.4   ub= 94044.0  
-----------------------------------------------------------------------------------------
elapsed time= 174.69 s.
-----------------------------------------------------------------------------------------
delete columns= 1340 remain= 544
mip: row= 518 col= 1219 density= 2.98602%
mip time= 0.09 s.
mip status= 3
#########################################################################################
tree size= 0 lb= 94019.6 ub= 94044
#########################################################################################
idx= 10 value= 94019.6 enu= 1
brc= 50-103 : -
brc= 76-103 : -
brc= 49-105 : +
brc= 164-295 : -
brc= 62-296 : -
brc= 126-152 : +
brc= 7-127 : -
brc= 250-278 : -
brc= 19-115 : -
brc= 270-279 : +
brc= 29-131 : -
brc= 64-128 : -
brc= 116-145 : -
brc= 23-296 : +
brc= 6-60 : -
brc= 117-207 : -
brc= 2-269 : -
brc= 207-237 : -
brc= 102-142 : -
brc= 118-127 : +
brc= 139-207 : -
brc= 164-175 : +
brc= 161-184 : -
brc= 22-248 : -
brc= 164-285 : -
brc= 75-303 : -
brc= 9-32 : +
brc= 56-228 : +
brc= 33-93 : -
brc= 0-207 : +
brc= 117-131 : -
brc= 10-161 : -
it= 2   ncol= 1682  ncstr= 634  mt= 0.0   spt= 0.0   lpval= 94020.3   ub= 94044.0  
-----------------------------------------------------------------------------------------
elapsed time= 174.84 s.
-----------------------------------------------------------------------------------------
columns pending deletion= 1860 remain= 22198 col ratio= 0.916209 row ratio= 0.894322
 ****** Separate RCCs ****** 
 ****** Separate Rank1Cuts ****** 
it= 4   ncol= 1683  ncstr= 671  mt= 0.0   spt= 0.0   lpval= 94021.1   ub= 94044.0  
-----------------------------------------------------------------------------------------
elapsed time= 175.39 s.
-----------------------------------------------------------------------------------------
columns pending deletion= 4501 remain= 22198 col ratio= 0.797234 row ratio= 0.862891
[1;36m[REMIND] 2: gap improved= 0.821198 ratio= 0.035889 threshold= 0.040000 in function increaseCondition2 at /blue/yu.yang1/you.z/route_opt/packages/application/X-n313-k71/src/main/src/call_cutting.cpp:74[0m
mip: row= 579 col= 19365 density= 5.0142%
mip time= 74.99 s.
mip status= 6
update f from 21.3742 to 22.8819
#########################################################################################
[32m<Instance: X-n313-k71>
<Solution>
<UB= 94044>
<LB= 94044>
<Elapsed Time= 250.5>
<Nodes Explored= 11>
<Global Gap= 0%>[0m
#########################################################################################
File nodes/X-n313-k71_2_2_3_3_5_1_4_G32.node deleted successfully.
