application type: CVRP
X-n313-k71_2_1_1_2_2_0_0_1_1_G32.node
Set parameter ServerTimeout to value 600
Set parameter TokenServer to value "grb-ts.ufhpc"
Set parameter Threads to value 1
instance name= X-n313-k71
#########################################################################################
tree size= 0 lb= 0 ub= 94044
#########################################################################################
idx= 3 value= 93990.5 enu= 0
brc= 50-103 : -
brc= 76-103 : -
brc= 49-105 : +
brc= 164-295 : -
brc= 62-296 : +
brc= 57-64 : -
brc= 33-56 : +
brc= 143-296 : -
brc= 0-57 : -
brc= 147-174 : +
brc= 141-164 : -
brc= 164-260 : -
brc= 59-292 : +
brc= 74-217 : +
brc= 260-279 : +
brc= 211-239 : -
brc= 0-270 : +
brc= 10-161 : -
brc= 0-121 : +
-----------------------------------------------------------------------------------------
 ****** Pricing Level: LIGHT HEUR ****** 
it= 8   ncol= 1282  ncstr= 647  mt= 0.2   spt= 0.2   lpval= 93992.7   ub= 94044.0  
 ****** Pricing Level: HEAVY HEUR ****** 
it= 4   ncol= 1328  ncstr= 647  mt= 0.1   spt= 0.3   lpval= 93992.4   ub= 94044.0  
 ****** Pricing Level: EXACT ****** 
it= 3   ncol= 1381  ncstr= 647  mt= 0.1   spt= 3.0   lpval= 93992.3   ub= 94044.0  
-----------------------------------------------------------------------------------------
elapsed time= 7.62 s.
-----------------------------------------------------------------------------------------
-----------------------------------------------------------------------------------------
 ****** Run Arc Elimination ****** 
arc elimination time= 6.05 s.
previous= 91.2652% maximum= 3.11031%
eliminate bucket arcs time= 0.55 s.
obtain jump arcs time= 0.01 s.
-----------------------------------------------------------------------------------------
-----------------------------------------------------------------------------------------
elapsed time= 14.57 s.
-----------------------------------------------------------------------------------------
 ****** Separate RCCs ****** 
 ****** Separate Rank1Cuts ****** 
-----------------------------------------------------------------------------------------
 ****** Pricing Level: LIGHT HEUR ****** 
it= 2   ncol= 1394  ncstr= 756  mt= 0.3   spt= 0.1   lpval= 93992.6   ub= 94044.0  
 ****** Pricing Level: HEAVY HEUR ****** 
it= 6   ncol= 1459  ncstr= 756  mt= 0.1   spt= 0.4   lpval= 93992.6   ub= 94044.0  
 ****** Pricing Level: EXACT ****** 
it= 4   ncol= 1555  ncstr= 756  mt= 0.1   spt= 3.9   lpval= 93992.6   ub= 94044.0  
-----------------------------------------------------------------------------------------
elapsed time= 20.96 s.
-----------------------------------------------------------------------------------------
[1;36m[REMIND] 2: gap improved= 0.319873 ratio= 0.006221 threshold= 0.040000 in function increaseCondition2 at /blue/yu.yang1/you.z/route_opt/packages/application/X-n313-k71/src/main/src/call_cutting.cpp:74[0m
 ****** Separate RCCs ****** 
 ****** Separate Rank1Cuts ****** 
-----------------------------------------------------------------------------------------
 ****** Pricing Level: LIGHT HEUR ****** 
it= 2   ncol= 1556  ncstr= 692  mt= 0.3   spt= 0.1   lpval= 93992.7   ub= 94044.0  
 ****** Pricing Level: HEAVY HEUR ****** 
it= 2   ncol= 1559  ncstr= 692  mt= 0.0   spt= 0.1   lpval= 93992.7   ub= 94044.0  
 ****** Pricing Level: EXACT ****** 
it= 3   ncol= 1584  ncstr= 692  mt= 0.1   spt= 3.1   lpval= 93992.7   ub= 94044.0  
-----------------------------------------------------------------------------------------
elapsed time= 25.46 s.
-----------------------------------------------------------------------------------------
[1;36m[REMIND] 1: gap improved= 0.094325 threshold= 0.100000 in function increaseCondition1 at /blue/yu.yang1/you.z/route_opt/packages/application/X-n313-k71/src/main/src/call_cutting.cpp:58[0m
[1;36m[REMIND] tail off counter= 3 threshold= 3 in function setIfTailOff at /blue/yu.yang1/you.z/route_opt/packages/application/X-n313-k71/src/main/src/call_cutting.cpp:150[0m
[1;36m[REMIND] opt_k not found for node 3, use m directly in function getOptK at /blue/yu.yang1/you.z/route_opt/packages/branching/bkf/include/bkf_controller.hpp:239[0m
current_r_best= 1.61228
we directly test 100
we directly test 4
pseudo= 50 frac= 50
#candidates in phase1= 100
testing lp time= 33.71 s.
-----------------------------------------------------------------------------------------
 57-84  , 348.46| 128-150 , 207.24|  31-70  , 160.08|   0-31  , 160.08| 140-284 , 125.69| 
 79-106 , 109.40| 113-242 , 104.05|  64-130 ,  86.87| 102-133 ,  81.59|  44-133 ,  81.59| 
162-189 ,  80.99| 189-224 ,  80.99|   0-162 ,  75.03|   9-51  ,  74.73|  51-82  ,  56.98| 
 14-154 ,  55.19|   0-212 ,  55.19|  14-212 ,  55.19| 154-212 ,  55.19|  24-250 ,  48.72| 
187-225 ,  47.47|   0-133 ,  43.09| 221-228 ,  42.08| 164-228 ,  42.06| 228-270 ,  42.05| 
233-263 ,  39.27|   0-130 ,  38.36| 145-265 ,  36.12|   0-201 ,  35.60|  86-118 ,  32.81| 
 61-107 ,  30.73| 207-269 ,  29.32| 263-306 ,  28.99|  71-306 ,  28.99| 138-203 ,  28.99| 
  0-306 ,  28.99|  56-164 ,  24.81| 145-175 ,  22.33| 175-295 ,  22.33|   7-56  ,  22.12| 
  7-127 ,  22.12|  38-238 ,  21.66|   0-12  ,  20.84|  71-203 ,  20.74| 164-249 ,  20.14| 
  0-278 ,  19.14| 189-278 ,  19.14| 224-278 ,  19.14|  27-50  ,  18.68|  72-285 ,  16.90| 
 54-72  ,  16.90|   0-167 ,  16.77|   0-189 ,  15.31|  57-130 ,  15.09| 118-296 ,  14.71| 
240-275 ,  14.37|   3-269 ,  14.07|  19-60  ,  13.60| 164-175 ,  13.20|   0-143 ,  11.76| 
 95-281 ,  11.24| 201-302 ,  11.03|  52-235 ,  11.02|  53-54  ,  10.90|  98-135 ,  10.55| 
  9-126 ,   9.55| 165-280 ,   9.26| 117-174 ,   6.96| 190-280 ,   6.34| 112-165 ,   6.33| 
187-246 ,   6.33|   0-187 ,   6.33| 141-175 ,   4.88|  61-201 ,   3.84| 130-302 ,   3.84| 
 53-211 ,   3.60|   0-145 ,   3.39|  45-222 ,   2.24|  48-153 ,   2.15|   0-186 ,   2.04| 
  0-199 ,   1.95|   0-26  ,   1.93| 149-163 ,   1.60| 205-271 ,   1.33|   0-48  ,   1.24| 
 48-99  ,   1.24|   0-45  ,   1.23|  45-245 ,   1.21|  11-284 ,   1.11| 205-256 ,   1.03| 
205-259 ,   0.83| 161-272 ,   0.81| 149-238 ,   0.71| 256-274 ,   0.71|  42-291 ,   0.68| 
238-293 ,   0.62| 163-271 ,   0.34| 256-297 ,   0.33|  24-112 ,   0.00| 190-250 ,   0.00| 
-----------------------------------------------------------------------------------------
edge= 31 70 lp= 1.09284 pre= 2 lp2= 146.48 pre2= 2 score= 160.078
-----------------------------------------------------------------------------------------
edge= 0 31 lp= 146.48 pre= 2 lp2= 1.09284 pre2= 2 score= 160.078
-----------------------------------------------------------------------------------------
edge= 128 150 lp= 4.22144 pre= 2 lp2= 49.0912 pre2= 2 score= 207.236
-----------------------------------------------------------------------------------------
edge= 57 84 lp= 7.09812 pre= 2 lp2= 49.0916 pre2= 2 score= 348.458
-----------------------------------------------------------------------------------------
candidate= 57-84 : -
-----------------------------------------------------------------------------------------
-----------------------------------------------------------------------------------------
 ****** Pricing Level: LIGHT HEUR ****** 
it= 6   ncol= 1170  ncstr= 644  mt= 0.3   spt= 0.2   lpval= 93998.6   ub= 94044.0  
 ****** Pricing Level: HEAVY HEUR ****** 
it= 5   ncol= 1241  ncstr= 644  mt= 0.1   spt= 0.3   lpval= 93998.1   ub= 94044.0  
-----------------------------------------------------------------------------------------
elapsed time= 61.25 s.
-----------------------------------------------------------------------------------------
candidate= 57-84 : +
-----------------------------------------------------------------------------------------
-----------------------------------------------------------------------------------------
 ****** Pricing Level: LIGHT HEUR ****** 
it= 15  ncol= 1371  ncstr= 644  mt= 0.8   spt= 0.4   lpval= 93996.5   ub= 94044.0  
 ****** Pricing Level: HEAVY HEUR ****** 
it= 4   ncol= 1429  ncstr= 644  mt= 0.1   spt= 0.3   lpval= 93995.8   ub= 94044.0  
-----------------------------------------------------------------------------------------
elapsed time= 63.91 s.
-----------------------------------------------------------------------------------------
candidate= 128-150 : -
-----------------------------------------------------------------------------------------
-----------------------------------------------------------------------------------------
 ****** Pricing Level: LIGHT HEUR ****** 
it= 5   ncol= 1141  ncstr= 644  mt= 0.3   spt= 0.1   lpval= 93996.8   ub= 94044.0  
 ****** Pricing Level: HEAVY HEUR ****** 
it= 5   ncol= 1198  ncstr= 644  mt= 0.1   spt= 0.3   lpval= 93996.5   ub= 94044.0  
-----------------------------------------------------------------------------------------
elapsed time= 65.26 s.
-----------------------------------------------------------------------------------------
candidate= 128-150 : +
-----------------------------------------------------------------------------------------
-----------------------------------------------------------------------------------------
 ****** Pricing Level: LIGHT HEUR ****** 
it= 12  ncol= 1283  ncstr= 644  mt= 0.7   spt= 0.3   lpval= 93998.1   ub= 94044.0  
 ****** Pricing Level: HEAVY HEUR ****** 
it= 6   ncol= 1370  ncstr= 644  mt= 0.1   spt= 0.4   lpval= 93997.7   ub= 94044.0  
-----------------------------------------------------------------------------------------
elapsed time= 67.75 s.
-----------------------------------------------------------------------------------------
candidate= 31-70 : -
-----------------------------------------------------------------------------------------
-----------------------------------------------------------------------------------------
 ****** Pricing Level: LIGHT HEUR ****** 
it= 4   ncol= 1129  ncstr= 644  mt= 0.3   spt= 0.1   lpval= 93993.3   ub= 94044.0  
 ****** Pricing Level: HEAVY HEUR ****** 
it= 5   ncol= 1176  ncstr= 644  mt= 0.0   spt= 0.3   lpval= 93993.3   ub= 94044.0  
-----------------------------------------------------------------------------------------
elapsed time= 68.99 s.
-----------------------------------------------------------------------------------------
candidate= 0-31 : -
-----------------------------------------------------------------------------------------
-----------------------------------------------------------------------------------------
 ****** Pricing Level: LIGHT HEUR ****** 
it= 14  ncol= 1375  ncstr= 644  mt= 1.0   spt= 0.3   lpval= 94032.2   ub= 94044.0  
 ****** Pricing Level: HEAVY HEUR ****** 
it= 7   ncol= 1509  ncstr= 644  mt= 0.2   spt= 0.4   lpval= 94024.7   ub= 94044.0  
-----------------------------------------------------------------------------------------
elapsed time= 72.13 s.
-----------------------------------------------------------------------------------------
candidate= 31-70 : +
-----------------------------------------------------------------------------------------
-----------------------------------------------------------------------------------------
 ****** Pricing Level: LIGHT HEUR ****** 
it= 15  ncol= 1435  ncstr= 644  mt= 1.0   spt= 0.3   lpval= 94032.8   ub= 94044.0  
 ****** Pricing Level: HEAVY HEUR ****** 
it= 8   ncol= 1569  ncstr= 644  mt= 0.2   spt= 0.5   lpval= 94021.4   ub= 94044.0  
-----------------------------------------------------------------------------------------
elapsed time= 75.50 s.
-----------------------------------------------------------------------------------------
candidate= 0-31 : +
-----------------------------------------------------------------------------------------
-----------------------------------------------------------------------------------------
 ****** Pricing Level: LIGHT HEUR ****** 
it= 5   ncol= 1137  ncstr= 644  mt= 0.3   spt= 0.1   lpval= 93993.3   ub= 94044.0  
 ****** Pricing Level: HEAVY HEUR ****** 
it= 5   ncol= 1188  ncstr= 644  mt= 0.0   spt= 0.3   lpval= 93993.3   ub= 94044.0  
-----------------------------------------------------------------------------------------
elapsed time= 76.87 s.
-----------------------------------------------------------------------------------------
brc= 0-31
t= 0.168557 c= 31.7856 n= 0 if_b4= 1
t= 2.13671 c= 40.0945 n= 0 if_b4= 1
nodes already exists
memory usage= 4GB.
#########################################################################################
tree size= 0 lb= 93992.7 ub= 94044
#########################################################################################
idx= 2 value= 93992.7 enu= 0
brc= 50-103 : -
brc= 76-103 : -
brc= 49-105 : +
brc= 164-295 : -
brc= 62-296 : +
brc= 57-64 : -
brc= 33-56 : +
brc= 143-296 : -
brc= 0-57 : -
brc= 147-174 : +
brc= 141-164 : -
brc= 164-260 : -
brc= 59-292 : +
brc= 74-217 : +
brc= 260-279 : +
brc= 211-239 : -
brc= 0-270 : +
brc= 10-161 : -
brc= 0-121 : +
brc= 0-31 : -
-----------------------------------------------------------------------------------------
 ****** Pricing Level: LIGHT HEUR ****** 
it= 15  ncol= 1416  ncstr= 643  mt= 1.0   spt= 0.3   lpval= 94032.2   ub= 94044.0  
 ****** Pricing Level: HEAVY HEUR ****** 
it= 9   ncol= 1584  ncstr= 643  mt= 0.2   spt= 0.5   lpval= 94022.3   ub= 94044.0  
 ****** Pricing Level: EXACT ****** 
it= 5   ncol= 1758  ncstr= 643  mt= 0.1   spt= 4.3   lpval= 94020.6   ub= 94044.0  
-----------------------------------------------------------------------------------------
elapsed time= 85.85 s.
-----------------------------------------------------------------------------------------
-----------------------------------------------------------------------------------------
 ****** Run Arc Elimination ****** 
arc elimination time= 0.92 s.
previous= 43.6586% maximum= 1.35792%
eliminate bucket arcs time= 0.36 s.
obtain jump arcs time= 0.01 s.
-----------------------------------------------------------------------------------------
-----------------------------------------------------------------------------------------
elapsed time= 87.16 s.
-----------------------------------------------------------------------------------------
-----------------------------------------------------------------------------------------
 ****** Try Enumeration ****** 
#labels= 41112 #routes= 1
labeling 1 time= 0.19 s.
concatenate time= 0.20 s.
#routes= 24023
average gap of successful enumeration= 0.000238438
next try value > 93984.8
-----------------------------------------------------------------------------------------
elapsed time= 87.61 s.
-----------------------------------------------------------------------------------------
 ****** Process Enumeration Matrix ****** 
delete non-ele routes lp val= 94021.9
recover rank1c lp val= 94022
recover rcc lp val= 94032.9
obtain rcc coefficient time= 0.01 s.
obtain r1c coefficient time= 0.04 s.
obtain matrix from triplets time= 0.03 s.
delete columns by branch time= 0.00 s.
columns pending deletion= 43 remain= 24023 col ratio= 0.99821 row ratio= 1
regenerate enumeration matrix time= 0.00 s.
-----------------------------------------------------------------------------------------
elapsed time= 89.63 s.
-----------------------------------------------------------------------------------------
it= 5   ncol= 1433  ncstr= 592  mt= 0.1   spt= 0.0   lpval= 94028.5   ub= 94044.0  
-----------------------------------------------------------------------------------------
elapsed time= 89.77 s.
-----------------------------------------------------------------------------------------
delete columns= 18415 remain= 5608
 ****** Separate RCCs ****** 
 ****** Separate Rank1Cuts ****** 
it= 4   ncol= 1231  ncstr= 598  mt= 0.1   spt= 0.0   lpval= 94039.6   ub= 94044.0  
-----------------------------------------------------------------------------------------
elapsed time= 90.54 s.
-----------------------------------------------------------------------------------------
delete columns= 4696 remain= 912
mip: row= 543 col= 1816 density= 3.98423%
mip time= 0.15 s.
mip status= 3
update f from 0 to 4.40185
#########################################################################################
[32m<Instance: X-n313-k71>
<Solution>
<UB= 94044>
<LB= 94044>
<Elapsed Time= 91>
<Nodes Explored= 2>
<Global Gap= 0%>[0m
#########################################################################################
File nodes/X-n313-k71_2_1_1_2_2_0_0_1_1_G32.node deleted successfully.
