application type: CVRP
X-n313-k71_2_2_2_5_3_2_4_4_1_G32.node
Set parameter ServerTimeout to value 600
Set parameter TokenServer to value "grb-ts.ufhpc"
Set parameter Threads to value 1
instance name= X-n313-k71
#########################################################################################
tree size= 0 lb= 0 ub= 94044
#########################################################################################
idx= 3 value= 94004.7 enu= 0
brc= 50-103 : -
brc= 76-103 : -
brc= 49-105 : +
brc= 164-295 : -
brc= 62-296 : -
brc= 126-152 : +
brc= 7-127 : -
brc= 250-278 : -
brc= 19-115 : +
brc= 136-143 : -
brc= 33-281 : -
brc= 132-230 : -
brc= 207-230 : -
brc= 52-143 : -
brc= 139-269 : +
brc= 74-217 : -
brc= 18-224 : -
brc= 18-189 : -
brc= 7-281 : +
brc= 56-228 : -
brc= 56-279 : -
brc= 30-276 : +
brc= 234-289 : -
brc= 25-108 : -
brc= 61-218 : -
brc= 17-272 : -
brc= 239-290 : +
brc= 54-215 : -
brc= 259-273 : -
brc= 21-42 : -
brc= 54-72 : -
brc= 7-33 : +
brc= 53-54 : -
brc= 164-175 : +
-----------------------------------------------------------------------------------------
 ****** Pricing Level: LIGHT HEUR ****** 
it= 9   ncol= 1532  ncstr= 587  mt= 0.2   spt= 0.2   lpval= 94007.7   ub= 94044.0  
 ****** Pricing Level: HEAVY HEUR ****** 
it= 5   ncol= 1611  ncstr= 587  mt= 0.1   spt= 0.3   lpval= 94006.9   ub= 94044.0  
 ****** Pricing Level: EXACT ****** 
it= 3   ncol= 1684  ncstr= 587  mt= 0.0   spt= 2.0   lpval= 94006.9   ub= 94044.0  
-----------------------------------------------------------------------------------------
elapsed time= 6.26 s.
-----------------------------------------------------------------------------------------
-----------------------------------------------------------------------------------------
 ****** Run Arc Elimination ****** 
arc elimination time= 1.88 s.
previous= 86.1241% maximum= 1.98146%
eliminate bucket arcs time= 0.32 s.
obtain jump arcs time= 0.01 s.
-----------------------------------------------------------------------------------------
-----------------------------------------------------------------------------------------
elapsed time= 8.81 s.
-----------------------------------------------------------------------------------------
-----------------------------------------------------------------------------------------
 ****** Try Enumeration ****** 
#labels= 146248 #routes= 6
labeling 1 time= 1.83 s.
concatenate time= 1.83 s.
#routes= 172838
average gap of successful enumeration= 0.000384106
next try value > 93996.3
-----------------------------------------------------------------------------------------
elapsed time= 12.56 s.
-----------------------------------------------------------------------------------------
 ****** Process Enumeration Matrix ****** 
delete non-ele routes lp val= 94006.9
recover rank1c lp val= 94007.2
recover rcc lp val= 94008.9
obtain rcc coefficient time= 0.04 s.
obtain r1c coefficient time= 0.24 s.
obtain matrix from triplets time= 0.25 s.
delete columns by branch time= 0.00 s.
columns pending deletion= 117 remain= 172838 col ratio= 0.999323 row ratio= 1
regenerate enumeration matrix time= 0.00 s.
-----------------------------------------------------------------------------------------
elapsed time= 14.60 s.
-----------------------------------------------------------------------------------------
it= 5   ncol= 1497  ncstr= 537  mt= 0.1   spt= 0.0   lpval= 94008.8   ub= 94044.0  
-----------------------------------------------------------------------------------------
elapsed time= 14.76 s.
-----------------------------------------------------------------------------------------
delete columns= 72504 remain= 100334
 ****** Separate RCCs ****** 
 ****** Separate Rank1Cuts ****** 
it= 3   ncol= 1346  ncstr= 510  mt= 0.0   spt= 0.0   lpval= 94010.3   ub= 94044.0  
-----------------------------------------------------------------------------------------
elapsed time= 15.20 s.
-----------------------------------------------------------------------------------------
columns pending deletion= 14515 remain= 100334 col ratio= 0.855333 row ratio= 0.972549
 ****** Separate RCCs ****** 
 ****** Separate Rank1Cuts ****** 
it= 4   ncol= 1364  ncstr= 621  mt= 0.0   spt= 0.0   lpval= 94011.3   ub= 94044.0  
-----------------------------------------------------------------------------------------
elapsed time= 15.83 s.
-----------------------------------------------------------------------------------------
columns pending deletion= 27956 remain= 100334 col ratio= 0.721371 row ratio= 0.834138
[1;36m[REMIND] 2: gap improved= 0.906715 ratio= 0.027689 threshold= 0.040000 in function increaseCondition2 at /blue/yu.yang1/you.z/route_opt/packages/application/X-n313-k71/src/main/src/call_cutting.cpp:74[0m
 ****** Separate RCCs ****** 
 ****** Separate Rank1Cuts ****** 
it= 4   ncol= 1383  ncstr= 640  mt= 0.0   spt= 0.0   lpval= 94011.6   ub= 94044.0  
-----------------------------------------------------------------------------------------
elapsed time= 16.14 s.
-----------------------------------------------------------------------------------------
delete columns= 33182 remain= 67152
[1;36m[REMIND] 2: gap improved= 0.303945 ratio= 0.009369 threshold= 0.040000 in function increaseCondition2 at /blue/yu.yang1/you.z/route_opt/packages/application/X-n313-k71/src/main/src/call_cutting.cpp:74[0m
 ****** Separate RCCs ****** 
 ****** Separate Rank1Cuts ****** 
it= 3   ncol= 1424  ncstr= 535  mt= 0.0   spt= 0.0   lpval= 94011.6   ub= 94044.0  
-----------------------------------------------------------------------------------------
elapsed time= 16.80 s.
-----------------------------------------------------------------------------------------
columns pending deletion= 2304 remain= 67152 col ratio= 0.96569 row ratio= 0.962617
[1;36m[REMIND] opt_k not found for node 3, use m directly in function getOptK at /blue/yu.yang1/you.z/route_opt/packages/branching/bkf/include/bkf_controller.hpp:239[0m
current_r_best= 5.0667
we directly test 100
we directly test 4
pseudo= 50 frac= 50
#candidates in phase1= 100
testing lp time= 27.46 s.
-----------------------------------------------------------------------------------------
164-249 ,  76.78| 190-260 ,  72.60|  54-161 ,  60.59|  56-141 ,  37.26| 243-287 ,  35.45| 
  0-287 ,  35.45| 164-285 ,  33.15| 175-252 ,  32.64|  24-230 ,  29.69| 114-272 ,  25.95| 
218-224 ,  24.78| 190-217 ,  19.63|   0-61  ,  19.46| 191-243 ,  18.68|  56-72  ,  18.29| 
 56-95  ,  18.29| 118-296 ,  17.72| 116-145 ,  17.00|   0-145 ,  16.97|   0-143 ,  14.71| 
143-296 ,  14.70| 118-143 ,  14.70| 107-267 ,  14.63| 201-302 ,  14.20| 185-245 ,  14.01| 
  0-125 ,  13.93|   0-224 ,  13.02| 159-299 ,  12.25| 249-295 ,  12.01| 125-171 ,  11.56| 
  0-173 ,  10.83| 253-274 ,  10.80| 226-299 ,  10.20|   5-264 ,   9.97|  52-136 ,   9.08| 
  0-196 ,   8.79|  94-135 ,   8.63|   0-98  ,   7.82| 155-230 ,   7.29|  66-123 ,   6.74| 
 66-160 ,   6.65|   0-214 ,   6.56| 189-214 ,   6.56| 231-291 ,   6.43|  26-235 ,   5.75| 
 20-35  ,   5.40| 211-295 ,   5.17|  53-264 ,   5.08|  43-67  ,   5.08|  54-141 ,   5.08| 
211-239 ,   5.06|  35-291 ,   4.27| 166-177 ,   4.22|   0-148 ,   3.83| 161-243 ,   3.47| 
161-248 ,   3.47|  17-245 ,   3.23|   3-174 ,   3.04|  26-94  ,   2.92| 226-250 ,   2.84| 
217-226 ,   2.84|  56-249 ,   2.82|   3-19  ,   2.63|  52-291 ,   2.49|  84-89  ,   2.09| 
164-228 ,   1.97| 131-228 ,   1.97|   0-24  ,   1.94|  13-65  ,   1.87|   0-104 ,   1.75| 
  4-150 ,   1.65| 171-289 ,   1.54|  13-104 ,   1.37|  18-118 ,   1.34|  32-102 ,   0.92| 
102-142 ,   0.92|  48-152 ,   0.91|   9-36  ,   0.87|  18-145 ,   0.71|  23-127 ,   0.71| 
108-301 ,   0.69|  29-218 ,   0.68| 108-218 ,   0.68|  67-158 ,   0.48|  21-243 ,   0.48| 
  0-217 ,   0.40|   0-6   ,   0.33| 282-290 ,   0.32|  35-173 ,   0.20|   5-238 ,   0.18| 
163-274 ,   0.17| 191-264 ,   0.17| 179-264 ,   0.16|  35-160 ,   0.16| 160-291 ,   0.12| 
  5-163 ,   0.07| 179-271 ,   0.02|  22-295 ,   0.02| 185-205 ,   0.01|  25-226 ,   0.00| 
-----------------------------------------------------------------------------------------
edge= 56 141 lp= 25.0363 pre= 2 lp2= 1.48837 pre2= 2 score= 37.2633
-----------------------------------------------------------------------------------------
edge= 54 161 lp= 10.1476 pre= 0 lp2= 5.97096 pre2= 0 score= 60.5909
-----------------------------------------------------------------------------------------
edge= 190 260 lp= 6.99547 pre= 2 lp2= 10.3785 pre2= 2 score= 72.6024
-----------------------------------------------------------------------------------------
edge= 164 249 lp= 0.803737 pre= 0 lp2= 95.5344 pre2= 2 score= 76.7845
-----------------------------------------------------------------------------------------
candidate= 164-249 : +
-----------------------------------------------------------------------------------------
it= 5   ncol= 1522  ncstr= 536  mt= 0.4   spt= 0.0   lpval= 94028.2   ub= 94044.0  
-----------------------------------------------------------------------------------------
elapsed time= 44.66 s.
-----------------------------------------------------------------------------------------
candidate= 190-260 : -
-----------------------------------------------------------------------------------------
it= 4   ncol= 1476  ncstr= 536  mt= 0.3   spt= 0.0   lpval= 94016.7   ub= 94044.0  
-----------------------------------------------------------------------------------------
elapsed time= 44.96 s.
-----------------------------------------------------------------------------------------
candidate= 54-161 : +
-----------------------------------------------------------------------------------------
it= 4   ncol= 1475  ncstr= 536  mt= 0.2   spt= 0.0   lpval= 94016.3   ub= 94044.0  
-----------------------------------------------------------------------------------------
elapsed time= 45.20 s.
-----------------------------------------------------------------------------------------
candidate= 190-260 : +
-----------------------------------------------------------------------------------------
it= 4   ncol= 1468  ncstr= 536  mt= 0.3   spt= 0.0   lpval= 94021.4   ub= 94044.0  
-----------------------------------------------------------------------------------------
elapsed time= 45.47 s.
-----------------------------------------------------------------------------------------
brc= 190-260
t= 0.137304 c= 14.7517 n= 0 if_b4= 0
t= 0.301253 c= 27.8797 n= 0 if_b4= 0
#########################################################################################
tree size= 1 lb= 94011.6 ub= 94044
#########################################################################################
idx= 1 value= 94011.6 enu= 1
brc= 50-103 : -
brc= 76-103 : -
brc= 49-105 : +
brc= 164-295 : -
brc= 62-296 : -
brc= 126-152 : +
brc= 7-127 : -
brc= 250-278 : -
brc= 19-115 : +
brc= 136-143 : -
brc= 33-281 : -
brc= 132-230 : -
brc= 207-230 : -
brc= 52-143 : -
brc= 139-269 : +
brc= 74-217 : -
brc= 18-224 : -
brc= 18-189 : -
brc= 7-281 : +
brc= 56-228 : -
brc= 56-279 : -
brc= 30-276 : +
brc= 234-289 : -
brc= 25-108 : -
brc= 61-218 : -
brc= 17-272 : -
brc= 239-290 : +
brc= 54-215 : -
brc= 259-273 : -
brc= 21-42 : -
brc= 54-72 : -
brc= 7-33 : +
brc= 53-54 : -
brc= 164-175 : +
brc= 190-260 : +
it= 4   ncol= 1455  ncstr= 535  mt= 0.2   spt= 0.0   lpval= 94021.4   ub= 94044.0  
-----------------------------------------------------------------------------------------
elapsed time= 46.61 s.
-----------------------------------------------------------------------------------------
delete columns= 46000 remain= 18753
 ****** Separate RCCs ****** 
 ****** Separate Rank1Cuts ****** 
it= 3   ncol= 1428  ncstr= 588  mt= 0.1   spt= 0.0   lpval= 94024.0   ub= 94044.0  
-----------------------------------------------------------------------------------------
elapsed time= 47.33 s.
-----------------------------------------------------------------------------------------
delete columns= 7914 remain= 10839
mip: row= 512 col= 12217 density= 4.05327%
mip time= 10.67 s.
mip status= 6
update f from 0 to 20.0124
#########################################################################################
tree size= 0 lb= 94011.6 ub= 94044
#########################################################################################
idx= 2 value= 94011.6 enu= 1
brc= 50-103 : -
brc= 76-103 : -
brc= 49-105 : +
brc= 164-295 : -
brc= 62-296 : -
brc= 126-152 : +
brc= 7-127 : -
brc= 250-278 : -
brc= 19-115 : +
brc= 136-143 : -
brc= 33-281 : -
brc= 132-230 : -
brc= 207-230 : -
brc= 52-143 : -
brc= 139-269 : +
brc= 74-217 : -
brc= 18-224 : -
brc= 18-189 : -
brc= 7-281 : +
brc= 56-228 : -
brc= 56-279 : -
brc= 30-276 : +
brc= 234-289 : -
brc= 25-108 : -
brc= 61-218 : -
brc= 17-272 : -
brc= 239-290 : +
brc= 54-215 : -
brc= 259-273 : -
brc= 21-42 : -
brc= 54-72 : -
brc= 7-33 : +
brc= 53-54 : -
brc= 164-175 : +
brc= 190-260 : -
it= 4   ncol= 1458  ncstr= 535  mt= 0.1   spt= 0.0   lpval= 94016.7   ub= 94044.0  
-----------------------------------------------------------------------------------------
elapsed time= 58.44 s.
-----------------------------------------------------------------------------------------
delete columns= 26982 remain= 37865
 ****** Separate RCCs ****** 
 ****** Separate Rank1Cuts ****** 
it= 3   ncol= 1433  ncstr= 528  mt= 0.0   spt= 0.0   lpval= 94018.4   ub= 94044.0  
-----------------------------------------------------------------------------------------
elapsed time= 58.99 s.
-----------------------------------------------------------------------------------------
columns pending deletion= 10179 remain= 37865 col ratio= 0.731177 row ratio= 0.931818
 ****** Separate Rank1Cuts ****** 
it= 2   ncol= 1415  ncstr= 569  mt= 0.0   spt= 0.0   lpval= 94019.3   ub= 94044.0  
-----------------------------------------------------------------------------------------
elapsed time= 59.34 s.
-----------------------------------------------------------------------------------------
delete columns= 14119 remain= 23746
[1;36m[REMIND] 2: gap improved= 0.844325 ratio= 0.034173 threshold= 0.040000 in function increaseCondition2 at /blue/yu.yang1/you.z/route_opt/packages/application/X-n313-k71/src/main/src/call_cutting.cpp:74[0m
 ****** Separate Rank1Cuts ****** 
it= 2   ncol= 1411  ncstr= 521  mt= 0.0   spt= 0.0   lpval= 94019.6   ub= 94044.0  
-----------------------------------------------------------------------------------------
elapsed time= 59.60 s.
-----------------------------------------------------------------------------------------
columns pending deletion= 1649 remain= 23746 col ratio= 0.930557 row ratio= 0.980806
[1;36m[REMIND] 2: gap improved= 0.260441 ratio= 0.010653 threshold= 0.040000 in function increaseCondition2 at /blue/yu.yang1/you.z/route_opt/packages/application/X-n313-k71/src/main/src/call_cutting.cpp:74[0m
 ****** Separate Rank1Cuts ****** 
it= 2   ncol= 1403  ncstr= 539  mt= 0.0   spt= 0.0   lpval= 94019.6   ub= 94044.0  
-----------------------------------------------------------------------------------------
elapsed time= 59.81 s.
-----------------------------------------------------------------------------------------
columns pending deletion= 2276 remain= 23746 col ratio= 0.904152 row ratio= 0.959184
current_r_best= 5.77719
alpha= 0.37 beta= 0.755845 omega= 107.438 k1= 4
lb_k= 1 ub_k= 37
revise: lb_k= 3 ub_k= 5
opt_k= 4
alpha= 0.75 beta= 0.755845 omega= 92.5458 k1= 3
lb_k= 1 ub_k= 3
revise: lb_k= 3 ub_k= 3
opt_k= 3
pseudo= 50 frac= 50
#candidates in phase1= 4
testing lp time= 1.12 s.
-----------------------------------------------------------------------------------------
164-249 ,  34.45| 112-260 ,  12.36| 112-165 ,   7.83| 190-280 ,   5.12| 
-----------------------------------------------------------------------------------------
edge= 112 165 lp= 6.86139 pre= 0 lp2= 1.14083 pre2= 0 score= 7.82769
-----------------------------------------------------------------------------------------
edge= 112 260 lp= 1.1335 pre= 1 lp2= 10.901 pre2= 2 score= 12.3562
-----------------------------------------------------------------------------------------
edge= 164 249 lp= 2.59675 pre= 0 lp2= 13.2665 pre2= 2 score= 34.4499
-----------------------------------------------------------------------------------------
candidate= 164-249 : +
-----------------------------------------------------------------------------------------
it= 4   ncol= 1476  ncstr= 540  mt= 0.3   spt= 0.0   lpval= 94027.9   ub= 94044.0  
-----------------------------------------------------------------------------------------
elapsed time= 61.22 s.
-----------------------------------------------------------------------------------------
brc= 164-249
t= 0.138864 c= 8.18491 n= 1 if_b4= 0
t= 0.29035 c= 14.9599 n= 1 if_b4= 0
#########################################################################################
tree size= 1 lb= 94019.6 ub= 94044
#########################################################################################
idx= 3 value= 94019.6 enu= 1
brc= 50-103 : -
brc= 76-103 : -
brc= 49-105 : +
brc= 164-295 : -
brc= 62-296 : -
brc= 126-152 : +
brc= 7-127 : -
brc= 250-278 : -
brc= 19-115 : +
brc= 136-143 : -
brc= 33-281 : -
brc= 132-230 : -
brc= 207-230 : -
brc= 52-143 : -
brc= 139-269 : +
brc= 74-217 : -
brc= 18-224 : -
brc= 18-189 : -
brc= 7-281 : +
brc= 56-228 : -
brc= 56-279 : -
brc= 30-276 : +
brc= 234-289 : -
brc= 25-108 : -
brc= 61-218 : -
brc= 17-272 : -
brc= 239-290 : +
brc= 54-215 : -
brc= 259-273 : -
brc= 21-42 : -
brc= 54-72 : -
brc= 7-33 : +
brc= 53-54 : -
brc= 164-175 : +
brc= 190-260 : -
brc= 164-249 : +
it= 4   ncol= 1458  ncstr= 539  mt= 0.3   spt= 0.0   lpval= 94027.9   ub= 94044.0  
-----------------------------------------------------------------------------------------
elapsed time= 62.18 s.
-----------------------------------------------------------------------------------------
delete columns= 15963 remain= 5480
 ****** Separate RCCs ****** 
 ****** Separate Rank1Cuts ****** 
it= 2   ncol= 1324  ncstr= 516  mt= 0.0   spt= 0.0   lpval= 94035.2   ub= 94044.0  
-----------------------------------------------------------------------------------------
elapsed time= 62.54 s.
-----------------------------------------------------------------------------------------
delete columns= 3931 remain= 1549
mip: row= 469 col= 2634 density= 3.3971%
mip time= 0.47 s.
mip status= 6
#########################################################################################
tree size= 0 lb= 94019.6 ub= 94044
#########################################################################################
idx= 4 value= 94019.6 enu= 1
brc= 50-103 : -
brc= 76-103 : -
brc= 49-105 : +
brc= 164-295 : -
brc= 62-296 : -
brc= 126-152 : +
brc= 7-127 : -
brc= 250-278 : -
brc= 19-115 : +
brc= 136-143 : -
brc= 33-281 : -
brc= 132-230 : -
brc= 207-230 : -
brc= 52-143 : -
brc= 139-269 : +
brc= 74-217 : -
brc= 18-224 : -
brc= 18-189 : -
brc= 7-281 : +
brc= 56-228 : -
brc= 56-279 : -
brc= 30-276 : +
brc= 234-289 : -
brc= 25-108 : -
brc= 61-218 : -
brc= 17-272 : -
brc= 239-290 : +
brc= 54-215 : -
brc= 259-273 : -
brc= 21-42 : -
brc= 54-72 : -
brc= 7-33 : +
brc= 53-54 : -
brc= 164-175 : +
brc= 190-260 : -
brc= 164-249 : -
it= 3   ncol= 1437  ncstr= 539  mt= 0.0   spt= 0.0   lpval= 94022.2   ub= 94044.0  
-----------------------------------------------------------------------------------------
elapsed time= 63.05 s.
-----------------------------------------------------------------------------------------
columns pending deletion= 7038 remain= 21462 col ratio= 0.672072 row ratio= 0.912801
 ****** Separate RCCs ****** 
 ****** Separate Rank1Cuts ****** 
it= 3   ncol= 1409  ncstr= 569  mt= 0.0   spt= 0.0   lpval= 94023.0   ub= 94044.0  
-----------------------------------------------------------------------------------------
elapsed time= 63.33 s.
-----------------------------------------------------------------------------------------
delete columns= 8968 remain= 12494
[1;36m[REMIND] 2: gap improved= 0.803868 ratio= 0.038315 threshold= 0.040000 in function increaseCondition2 at /blue/yu.yang1/you.z/route_opt/packages/application/X-n313-k71/src/main/src/call_cutting.cpp:74[0m
mip: row= 514 col= 13895 density= 4.35315%
mip time= 17.49 s.
mip status= 6
update f from 20.0124 to 20.9805
#########################################################################################
[32m<Instance: X-n313-k71>
<Solution>
<UB= 94044>
<LB= 94044>
<Elapsed Time= 81.2>
<Nodes Explored= 5>
<Global Gap= 0%>[0m
#########################################################################################
File nodes/X-n313-k71_2_2_2_5_3_2_4_4_1_G32.node deleted successfully.
