application type: CVRP
X-n313-k71_2_2_2_5_0_0_2_2_5_G32.node
Set parameter ServerTimeout to value 600
Set parameter TokenServer to value "grb-ts.ufhpc"
Set parameter Threads to value 1
instance name= X-n313-k71
#########################################################################################
tree size= 0 lb= 0 ub= 94044
#########################################################################################
idx= 11 value= 93977.1 enu= 0
brc= 50-103 : -
brc= 76-103 : -
brc= 49-105 : +
brc= 164-295 : -
brc= 62-296 : -
brc= 126-152 : +
brc= 7-127 : -
brc= 250-278 : -
brc= 19-115 : +
brc= 136-143 : -
brc= 33-281 : -
brc= 132-230 : -
brc= 207-230 : -
brc= 52-143 : -
brc= 139-269 : +
brc= 74-217 : +
brc= 95-281 : +
brc= 10-161 : -
brc= 164-260 : -
brc= 0-201 : +
brc= 162-250 : -
brc= 18-224 : -
brc= 57-64 : +
brc= 30-276 : -
brc= 106-115 : -
brc= 3-269 : -
brc= 3-4 : -
brc= 131-281 : -
brc= 250-299 : +
-----------------------------------------------------------------------------------------
 ****** Pricing Level: LIGHT HEUR ****** 
it= 9   ncol= 1875  ncstr= 627  mt= 0.4   spt= 0.2   lpval= 93999.1   ub= 94044.0  
 ****** Pricing Level: HEAVY HEUR ****** 
it= 5   ncol= 1950  ncstr= 627  mt= 0.3   spt= 0.4   lpval= 93987.2   ub= 94044.0  
 ****** Pricing Level: EXACT ****** 
it= 3   ncol= 1988  ncstr= 627  mt= 0.1   spt= 4.4   lpval= 93987.0   ub= 94044.0  
-----------------------------------------------------------------------------------------
elapsed time= 9.57 s.
-----------------------------------------------------------------------------------------
-----------------------------------------------------------------------------------------
 ****** Run Arc Elimination ****** 
arc elimination time= 9.96 s.
previous= 82.0702% maximum= 3.31445%
eliminate bucket arcs time= 0.74 s.
obtain jump arcs time= 0.01 s.
-----------------------------------------------------------------------------------------
-----------------------------------------------------------------------------------------
elapsed time= 20.62 s.
-----------------------------------------------------------------------------------------
-----------------------------------------------------------------------------------------
 ****** Try Enumeration ****** 
max_val= 76063 stop_b= 10 max_idx= 7 num_label= 279712 max_label_in_enumeration= 500000 q= 23.1934 aq.size()= 21 left_bin= 3 left_labels= 220288
status= LABEL_FOR_LIMIT
#labels= 279712 #routes= 33
labeling 1 time= 8.09 s.
next try value > 93995.8
-----------------------------------------------------------------------------------------
elapsed time= 28.78 s.
-----------------------------------------------------------------------------------------
 ****** Separate RCCs ****** 
 ****** Separate Rank1Cuts ****** 
-----------------------------------------------------------------------------------------
 ****** Pricing Level: LIGHT HEUR ****** 
it= 4   ncol= 2068  ncstr= 654  mt= 0.3   spt= 0.1   lpval= 93988.3   ub= 94044.0  
 ****** Pricing Level: HEAVY HEUR ****** 
it= 5   ncol= 2114  ncstr= 654  mt= 0.1   spt= 0.3   lpval= 93988.1   ub= 94044.0  
 ****** Pricing Level: EXACT ****** 
it= 3   ncol= 2136  ncstr= 654  mt= 0.0   spt= 4.1   lpval= 93988.1   ub= 94044.0  
-----------------------------------------------------------------------------------------
elapsed time= 35.16 s.
-----------------------------------------------------------------------------------------
[1;36m[REMIND] 2: gap improved= 1.138932 ratio= 0.020387 threshold= 0.040000 in function increaseCondition2 at /blue/yu.yang1/you.z/route_opt/packages/application/X-n313-k71/src/main/src/call_cutting.cpp:74[0m
 ****** Separate RCCs ****** 
 ****** Separate Rank1Cuts ****** 
-----------------------------------------------------------------------------------------
 ****** Pricing Level: LIGHT HEUR ****** 
it= 3   ncol= 2152  ncstr= 703  mt= 0.4   spt= 0.1   lpval= 93988.8   ub= 94044.0  
 ****** Pricing Level: HEAVY HEUR ****** 
it= 3   ncol= 2177  ncstr= 703  mt= 0.0   spt= 0.2   lpval= 93988.7   ub= 94044.0  
 ****** Pricing Level: EXACT ****** 
it= 4   ncol= 2239  ncstr= 703  mt= 0.1   spt= 5.6   lpval= 93988.6   ub= 94044.0  
-----------------------------------------------------------------------------------------
elapsed time= 43.03 s.
-----------------------------------------------------------------------------------------
[1;36m[REMIND] 2: gap improved= 0.508325 ratio= 0.009182 threshold= 0.040000 in function increaseCondition2 at /blue/yu.yang1/you.z/route_opt/packages/application/X-n313-k71/src/main/src/call_cutting.cpp:74[0m
 ****** Separate RCCs ****** 
 ****** Separate Rank1Cuts ****** 
-----------------------------------------------------------------------------------------
 ****** Pricing Level: LIGHT HEUR ****** 
it= 2   ncol= 2240  ncstr= 665  mt= 0.3   spt= 0.1   lpval= 93989.0   ub= 94044.0  
 ****** Pricing Level: HEAVY HEUR ****** 
it= 3   ncol= 2249  ncstr= 665  mt= 0.0   spt= 0.2   lpval= 93989.0   ub= 94044.0  
 ****** Pricing Level: EXACT ****** 
it= 3   ncol= 2288  ncstr= 665  mt= 0.1   spt= 4.0   lpval= 93989.0   ub= 94044.0  
-----------------------------------------------------------------------------------------
elapsed time= 48.82 s.
-----------------------------------------------------------------------------------------
[1;36m[REMIND] 2: gap improved= 0.339747 ratio= 0.006175 threshold= 0.040000 in function increaseCondition2 at /blue/yu.yang1/you.z/route_opt/packages/application/X-n313-k71/src/main/src/call_cutting.cpp:74[0m
[1;36m[REMIND] tail off counter= 3 threshold= 3 in function setIfTailOff at /blue/yu.yang1/you.z/route_opt/packages/application/X-n313-k71/src/main/src/call_cutting.cpp:150[0m
[1;36m[REMIND] opt_k not found for node 11, use m directly in function getOptK at /blue/yu.yang1/you.z/route_opt/packages/branching/bkf/include/bkf_controller.hpp:239[0m
current_r_best= 8.63196
we directly test 100
we directly test 4
pseudo= 50 frac= 50
#candidates in phase1= 100
testing lp time= 35.00 s.
-----------------------------------------------------------------------------------------
  3-137 , 116.42|   6-60  ,  92.62|  79-269 ,  54.25|  24-230 ,  48.98|  29-257 ,  48.98| 
  0-115 ,  43.77| 171-189 ,  43.70|  22-239 ,  43.50| 107-267 ,  35.09| 260-279 ,  34.43| 
  0-190 ,  33.07|  56-164 ,  29.18| 165-171 ,  27.81|  56-228 ,  26.26|   0-9   ,  26.13| 
  7-33  ,  25.69|   7-54  ,  25.69|  33-56  ,  23.61| 165-234 ,  20.63|   7-56  ,  20.57| 
 19-106 ,  19.59| 162-208 ,  17.97|   0-162 ,  17.97| 128-150 ,  16.09|  10-22  ,  15.95| 
  0-215 ,  15.95|  18-301 ,  15.92|   0-301 ,  15.52| 125-262 ,  14.73|   0-270 ,  14.31| 
243-311 ,  14.10| 218-224 ,  13.99| 116-145 ,  13.46|   0-145 ,  13.46|   0-143 ,  12.93| 
143-296 ,  12.93|  18-165 ,  10.53| 132-155 ,   9.33| 175-285 ,   9.05|  75-303 ,   8.94| 
184-303 ,   8.94| 112-257 ,   8.64| 224-262 ,   7.94| 107-224 ,   7.68|  53-54  ,   7.61| 
239-290 ,   7.11| 264-290 ,   6.62| 116-130 ,   5.98|  75-266 ,   5.34| 164-249 ,   5.26| 
184-268 ,   5.24| 258-311 ,   4.91| 243-287 ,   4.78|   0-287 ,   4.76| 239-264 ,   4.27| 
165-257 ,   3.74| 257-280 ,   3.74| 125-278 ,   3.61| 201-278 ,   3.60| 179-185 ,   3.43| 
127-145 ,   3.39|  23-296 ,   3.36| 163-297 ,   3.10| 184-266 ,   3.06| 285-295 ,   3.03| 
 25-72  ,   3.03| 135-231 ,   2.91|  19-128 ,   2.59| 115-237 ,   2.59| 195-198 ,   2.50| 
 24-269 ,   2.38| 265-298 ,   2.34|  24-162 ,   2.32| 171-278 ,   1.60| 204-302 ,   1.18| 
 87-155 ,   1.17| 155-204 ,   1.17| 148-244 ,   1.04|   0-204 ,   0.98|  45-205 ,   0.85| 
 26-123 ,   0.70| 148-235 ,   0.53| 166-185 ,   0.45| 166-251 ,   0.43| 293-297 ,   0.43| 
173-195 ,   0.43| 149-293 ,   0.40| 166-259 ,   0.39|   0-216 ,   0.32|  17-45  ,   0.30| 
  0-272 ,   0.29| 136-235 ,   0.29|  67-205 ,   0.28| 206-222 ,   0.27| 216-264 ,   0.24| 
185-264 ,   0.17|  26-98  ,   0.13| 158-166 ,   0.12| 256-264 ,   0.09| 163-271 ,   0.09| 
-----------------------------------------------------------------------------------------
edge= 24 230 lp= 0.579931 pre= 2 lp2= 84.462 pre2= 2 score= 48.9822
-----------------------------------------------------------------------------------------
edge= 6 60 lp= 3.24323 pre= 2 lp2= 28.558 pre2= 2 score= 92.6202
-----------------------------------------------------------------------------------------
edge= 79 269 lp= 7.03188 pre= 2 lp2= 7.7146 pre2= 2 score= 54.2482
-----------------------------------------------------------------------------------------
edge= 3 137 lp= 1.16182 pre= 2 lp2= 100.207 pre2= 2 score= 116.423
-----------------------------------------------------------------------------------------
candidate= 3-137 : -
-----------------------------------------------------------------------------------------
-----------------------------------------------------------------------------------------
 ****** Pricing Level: LIGHT HEUR ****** 
it= 6   ncol= 1638  ncstr= 621  mt= 0.3   spt= 0.2   lpval= 93990.1   ub= 94044.0  
 ****** Pricing Level: HEAVY HEUR ****** 
it= 4   ncol= 1688  ncstr= 621  mt= 0.1   spt= 0.3   lpval= 93990.1   ub= 94044.0  
-----------------------------------------------------------------------------------------
elapsed time= 85.68 s.
-----------------------------------------------------------------------------------------
candidate= 3-137 : +
-----------------------------------------------------------------------------------------
-----------------------------------------------------------------------------------------
 ****** Pricing Level: LIGHT HEUR ****** 
it= 8   ncol= 1683  ncstr= 621  mt= 0.8   spt= 0.2   lpval= 94062.0   ub= 94044.0  
 ****** Pricing Level: HEAVY HEUR ****** 
it= 5   ncol= 1751  ncstr= 621  mt= 0.1   spt= 0.3   lpval= 94057.4   ub= 94044.0  
-----------------------------------------------------------------------------------------
elapsed time= 87.86 s.
-----------------------------------------------------------------------------------------
candidate= 6-60 : -
-----------------------------------------------------------------------------------------
-----------------------------------------------------------------------------------------
 ****** Pricing Level: LIGHT HEUR ****** 
it= 7   ncol= 1653  ncstr= 621  mt= 0.4   spt= 0.2   lpval= 93990.9   ub= 94044.0  
 ****** Pricing Level: HEAVY HEUR ****** 
it= 3   ncol= 1681  ncstr= 621  mt= 0.1   spt= 0.2   lpval= 93990.9   ub= 94044.0  
-----------------------------------------------------------------------------------------
elapsed time= 89.28 s.
-----------------------------------------------------------------------------------------
brc= 3-137
t= 0.175021 c= 48.9747 n= 0 if_b4= 1
t= 1.65623 c= 63.9925 n= 0 if_b4= 1
nodes already exists
memory usage= 6GB.
#########################################################################################
tree size= 0 lb= 93989 ub= 94044
#########################################################################################
idx= 2 value= 93989 enu= 0
brc= 50-103 : -
brc= 76-103 : -
brc= 49-105 : +
brc= 164-295 : -
brc= 62-296 : -
brc= 126-152 : +
brc= 7-127 : -
brc= 250-278 : -
brc= 19-115 : +
brc= 136-143 : -
brc= 33-281 : -
brc= 132-230 : -
brc= 207-230 : -
brc= 52-143 : -
brc= 139-269 : +
brc= 74-217 : +
brc= 95-281 : +
brc= 10-161 : -
brc= 164-260 : -
brc= 0-201 : +
brc= 162-250 : -
brc= 18-224 : -
brc= 57-64 : +
brc= 30-276 : -
brc= 106-115 : -
brc= 3-269 : -
brc= 3-4 : -
brc= 131-281 : -
brc= 250-299 : +
brc= 3-137 : -
-----------------------------------------------------------------------------------------
 ****** Pricing Level: LIGHT HEUR ****** 
it= 6   ncol= 1632  ncstr= 620  mt= 0.3   spt= 0.2   lpval= 93990.1   ub= 94044.0  
 ****** Pricing Level: HEAVY HEUR ****** 
it= 4   ncol= 1677  ncstr= 620  mt= 0.0   spt= 0.3   lpval= 93990.1   ub= 94044.0  
 ****** Pricing Level: EXACT ****** 
it= 3   ncol= 1705  ncstr= 620  mt= 0.1   spt= 4.1   lpval= 93990.1   ub= 94044.0  
-----------------------------------------------------------------------------------------
elapsed time= 95.65 s.
-----------------------------------------------------------------------------------------
 ****** Separate RCCs ****** 
 ****** Separate Rank1Cuts ****** 
-----------------------------------------------------------------------------------------
 ****** Pricing Level: LIGHT HEUR ****** 
it= 2   ncol= 1707  ncstr= 643  mt= 0.3   spt= 0.1   lpval= 93991.0   ub= 94044.0  
 ****** Pricing Level: HEAVY HEUR ****** 
it= 2   ncol= 1710  ncstr= 643  mt= 0.0   spt= 0.1   lpval= 93991.0   ub= 94044.0  
 ****** Pricing Level: EXACT ****** 
it= 3   ncol= 1773  ncstr= 643  mt= 0.1   spt= 3.9   lpval= 93990.7   ub= 94044.0  
-----------------------------------------------------------------------------------------
elapsed time= 101.08 s.
-----------------------------------------------------------------------------------------
[1;36m[REMIND] 2: gap improved= 0.596561 ratio= 0.011196 threshold= 0.040000 in function increaseCondition2 at /blue/yu.yang1/you.z/route_opt/packages/application/X-n313-k71/src/main/src/call_cutting.cpp:74[0m
 ****** Separate RCCs ****** 
 ****** Separate Rank1Cuts ****** 
-----------------------------------------------------------------------------------------
 ****** Pricing Level: LIGHT HEUR ****** 
it= 5   ncol= 1835  ncstr= 685  mt= 0.4   spt= 0.1   lpval= 93990.9   ub= 94044.0  
 ****** Pricing Level: HEAVY HEUR ****** 
it= 2   ncol= 1847  ncstr= 685  mt= 0.0   spt= 0.1   lpval= 93990.9   ub= 94044.0  
 ****** Pricing Level: EXACT ****** 
it= 3   ncol= 1851  ncstr= 685  mt= 0.0   spt= 3.8   lpval= 93990.9   ub= 94044.0  
-----------------------------------------------------------------------------------------
elapsed time= 107.28 s.
-----------------------------------------------------------------------------------------
[1;36m[REMIND] 2: gap improved= 0.214674 ratio= 0.004045 threshold= 0.040000 in function increaseCondition2 at /blue/yu.yang1/you.z/route_opt/packages/application/X-n313-k71/src/main/src/call_cutting.cpp:74[0m
 ****** Separate Rank1Cuts ****** 
-----------------------------------------------------------------------------------------
 ****** Pricing Level: LIGHT HEUR ****** 
it= 2   ncol= 1858  ncstr= 641  mt= 0.3   spt= 0.1   lpval= 93991.0   ub= 94044.0  
 ****** Pricing Level: HEAVY HEUR ****** 
it= 2   ncol= 1861  ncstr= 641  mt= 0.0   spt= 0.1   lpval= 93991.0   ub= 94044.0  
 ****** Pricing Level: EXACT ****** 
it= 2   ncol= 1863  ncstr= 641  mt= 0.0   spt= 2.5   lpval= 93991.0   ub= 94044.0  
-----------------------------------------------------------------------------------------
elapsed time= 111.44 s.
-----------------------------------------------------------------------------------------
current_r_best= 1.45568
pseudo= 50 frac= 50
#candidates in phase1= 37
testing lp time= 13.39 s.
-----------------------------------------------------------------------------------------
218-224 ,  31.29|   7-54  ,  30.60|   7-33  ,  30.60|  79-269 ,  27.46|  56-228 ,  22.54| 
 29-257 ,  21.73|  24-230 ,  21.73|  56-164 ,  18.39| 248-266 ,  12.95|   0-115 ,  11.49| 
132-155 ,  11.38| 239-290 ,   8.52|  75-303 ,   8.01| 184-303 ,   8.01|  43-141 ,   7.65| 
 87-115 ,   6.62| 132-202 ,   5.43|  18-301 ,   5.38|   0-218 ,   5.04| 165-257 ,   3.89| 
  0-137 ,   3.36|  75-86  ,   2.53|   9-64  ,   2.45|  54-86  ,   1.62| 141-239 ,   1.62| 
  7-211 ,   1.62| 166-256 ,   1.00| 198-244 ,   0.87|  66-235 ,   0.68|  42-173 ,   0.66| 
 21-136 ,   0.64| 148-173 ,   0.53|   0-20  ,   0.22| 193-247 ,   0.11|  56-279 ,   0.08| 
179-222 ,   0.06|  53-239 ,   0.00| 
-----------------------------------------------------------------------------------------
edge= 7 33 lp= 15.2776 pre= 2 lp2= 2.00301 pre2= 2 score= 30.6012
-----------------------------------------------------------------------------------------
edge= 7 54 lp= 15.2776 pre= 2 lp2= 2.00301 pre2= 2 score= 30.6012
-----------------------------------------------------------------------------------------
edge= 218 224 lp= 1.82205 pre= 2 lp2= 17.1716 pre2= 2 score= 31.2874
-----------------------------------------------------------------------------------------
candidate= 218-224 : -
-----------------------------------------------------------------------------------------
-----------------------------------------------------------------------------------------
 ****** Pricing Level: LIGHT HEUR ****** 
it= 4   ncol= 1299  ncstr= 619  mt= 0.3   spt= 0.1   lpval= 93992.8   ub= 94044.0  
 ****** Pricing Level: HEAVY HEUR ****** 
it= 3   ncol= 1335  ncstr= 619  mt= 0.0   spt= 0.2   lpval= 93992.8   ub= 94044.0  
-----------------------------------------------------------------------------------------
elapsed time= 125.86 s.
-----------------------------------------------------------------------------------------
candidate= 7-33 : -
-----------------------------------------------------------------------------------------
-----------------------------------------------------------------------------------------
 ****** Pricing Level: LIGHT HEUR ****** 
it= 5   ncol= 1314  ncstr= 619  mt= 0.3   spt= 0.1   lpval= 94002.7   ub= 94044.0  
 ****** Pricing Level: HEAVY HEUR ****** 
it= 5   ncol= 1370  ncstr= 619  mt= 0.1   spt= 0.3   lpval= 94002.5   ub= 94044.0  
-----------------------------------------------------------------------------------------
elapsed time= 127.28 s.
-----------------------------------------------------------------------------------------
candidate= 7-54 : -
-----------------------------------------------------------------------------------------
-----------------------------------------------------------------------------------------
 ****** Pricing Level: LIGHT HEUR ****** 
it= 5   ncol= 1314  ncstr= 619  mt= 0.3   spt= 0.1   lpval= 94002.7   ub= 94044.0  
 ****** Pricing Level: HEAVY HEUR ****** 
it= 5   ncol= 1370  ncstr= 619  mt= 0.1   spt= 0.3   lpval= 94002.5   ub= 94044.0  
-----------------------------------------------------------------------------------------
elapsed time= 128.70 s.
-----------------------------------------------------------------------------------------
candidate= 218-224 : +
-----------------------------------------------------------------------------------------
-----------------------------------------------------------------------------------------
 ****** Pricing Level: LIGHT HEUR ****** 
it= 6   ncol= 1367  ncstr= 619  mt= 0.4   spt= 0.2   lpval= 93997.4   ub= 94044.0  
 ****** Pricing Level: HEAVY HEUR ****** 
it= 7   ncol= 1434  ncstr= 619  mt= 0.1   spt= 0.5   lpval= 93997.1   ub= 94044.0  
-----------------------------------------------------------------------------------------
elapsed time= 130.55 s.
-----------------------------------------------------------------------------------------
candidate= 7-33 : +
-----------------------------------------------------------------------------------------
-----------------------------------------------------------------------------------------
 ****** Pricing Level: LIGHT HEUR ****** 
it= 5   ncol= 1348  ncstr= 619  mt= 0.3   spt= 0.1   lpval= 93993.0   ub= 94044.0  
 ****** Pricing Level: HEAVY HEUR ****** 
it= 4   ncol= 1380  ncstr= 619  mt= 0.1   spt= 0.3   lpval= 93992.9   ub= 94044.0  
-----------------------------------------------------------------------------------------
elapsed time= 131.79 s.
-----------------------------------------------------------------------------------------
candidate= 7-54 : +
-----------------------------------------------------------------------------------------
-----------------------------------------------------------------------------------------
 ****** Pricing Level: LIGHT HEUR ****** 
it= 6   ncol= 1348  ncstr= 619  mt= 0.3   spt= 0.2   lpval= 93993.0   ub= 94044.0  
 ****** Pricing Level: HEAVY HEUR ****** 
it= 4   ncol= 1373  ncstr= 619  mt= 0.0   spt= 0.3   lpval= 93993.0   ub= 94044.0  
-----------------------------------------------------------------------------------------
elapsed time= 133.09 s.
-----------------------------------------------------------------------------------------
brc= 7-54
t= 0.178012 c= 37.2645 n= 1 if_b4= 1
t= 1.51474 c= 46.0621 n= 1 if_b4= 1
nodes already exists
memory usage= 6GB.
#########################################################################################
tree size= 0 lb= 93991 ub= 94044
#########################################################################################
idx= 4 value= 93991 enu= 0
brc= 50-103 : -
brc= 76-103 : -
brc= 49-105 : +
brc= 164-295 : -
brc= 62-296 : -
brc= 126-152 : +
brc= 7-127 : -
brc= 250-278 : -
brc= 19-115 : +
brc= 136-143 : -
brc= 33-281 : -
brc= 132-230 : -
brc= 207-230 : -
brc= 52-143 : -
brc= 139-269 : +
brc= 74-217 : +
brc= 95-281 : +
brc= 10-161 : -
brc= 164-260 : -
brc= 0-201 : +
brc= 162-250 : -
brc= 18-224 : -
brc= 57-64 : +
brc= 30-276 : -
brc= 106-115 : -
brc= 3-269 : -
brc= 3-4 : -
brc= 131-281 : -
brc= 250-299 : +
brc= 3-137 : -
brc= 7-54 : -
-----------------------------------------------------------------------------------------
 ****** Pricing Level: LIGHT HEUR ****** 
it= 4   ncol= 1308  ncstr= 618  mt= 0.3   spt= 0.1   lpval= 94002.7   ub= 94044.0  
 ****** Pricing Level: HEAVY HEUR ****** 
it= 5   ncol= 1364  ncstr= 618  mt= 0.1   spt= 0.3   lpval= 94002.5   ub= 94044.0  
 ****** Pricing Level: EXACT ****** 
it= 4   ncol= 1592  ncstr= 618  mt= 0.1   spt= 3.9   lpval= 94002.4   ub= 94044.0  
-----------------------------------------------------------------------------------------
elapsed time= 139.39 s.
-----------------------------------------------------------------------------------------
-----------------------------------------------------------------------------------------
 ****** Run Arc Elimination ****** 
arc elimination time= 3.69 s.
previous= 69.9648% maximum= 2.31823%
eliminate bucket arcs time= 0.54 s.
obtain jump arcs time= 0.01 s.
-----------------------------------------------------------------------------------------
-----------------------------------------------------------------------------------------
elapsed time= 143.65 s.
-----------------------------------------------------------------------------------------
-----------------------------------------------------------------------------------------
 ****** Try Enumeration ****** 
#labels= 232268 #routes= 12
labeling 1 time= 4.54 s.
concatenate time= 8.56 s.
#routes= 336423
average gap of successful enumeration= 0.0004314
next try value > 93988.1
-----------------------------------------------------------------------------------------
elapsed time= 156.88 s.
-----------------------------------------------------------------------------------------
 ****** Process Enumeration Matrix ****** 
delete non-ele routes lp val= 94004.1
recover rank1c lp val= 94005.2
recover rcc lp val= 94006.2
obtain rcc coefficient time= 0.10 s.
obtain r1c coefficient time= 0.61 s.
obtain matrix from triplets time= 1.00 s.
delete columns by branch time= 0.00 s.
columns pending deletion= 680 remain= 336423 col ratio= 0.997979 row ratio= 1
regenerate enumeration matrix time= 0.00 s.
-----------------------------------------------------------------------------------------
elapsed time= 160.53 s.
-----------------------------------------------------------------------------------------
it= 4   ncol= 1370  ncstr= 575  mt= 0.1   spt= 0.1   lpval= 94005.9   ub= 94044.0  
-----------------------------------------------------------------------------------------
elapsed time= 160.73 s.
-----------------------------------------------------------------------------------------
delete columns= 157037 remain= 179386
 ****** Separate RCCs ****** 
 ****** Separate Rank1Cuts ****** 
it= 3   ncol= 1312  ncstr= 566  mt= 0.0   spt= 0.0   lpval= 94007.8   ub= 94044.0  
-----------------------------------------------------------------------------------------
elapsed time= 161.85 s.
-----------------------------------------------------------------------------------------
columns pending deletion= 45366 remain= 179386 col ratio= 0.747104 row ratio= 0.927562
 ****** Separate RCCs ****** 
 ****** Separate Rank1Cuts ****** 
it= 4   ncol= 1339  ncstr= 607  mt= 0.1   spt= 0.1   lpval= 94009.9   ub= 94044.0  
-----------------------------------------------------------------------------------------
elapsed time= 162.58 s.
-----------------------------------------------------------------------------------------
delete columns= 78864 remain= 100522
 ****** Separate Rank1Cuts ****** 
it= 3   ncol= 1330  ncstr= 585  mt= 0.0   spt= 0.0   lpval= 94010.4   ub= 94044.0  
-----------------------------------------------------------------------------------------
elapsed time= 163.30 s.
-----------------------------------------------------------------------------------------
columns pending deletion= 12175 remain= 100522 col ratio= 0.878882 row ratio= 0.938462
[1;36m[REMIND] 2: gap improved= 0.445311 ratio= 0.013242 threshold= 0.040000 in function increaseCondition2 at /blue/yu.yang1/you.z/route_opt/packages/application/X-n313-k71/src/main/src/call_cutting.cpp:74[0m
 ****** Separate RCCs ****** 
 ****** Separate Rank1Cuts ****** 
it= 2   ncol= 1336  ncstr= 628  mt= 0.0   spt= 0.0   lpval= 94010.7   ub= 94044.0  
-----------------------------------------------------------------------------------------
elapsed time= 163.76 s.
-----------------------------------------------------------------------------------------
columns pending deletion= 17192 remain= 100522 col ratio= 0.828973 row ratio= 0.893312
[1;36m[REMIND] 2: gap improved= 0.297697 ratio= 0.008932 threshold= 0.040000 in function increaseCondition2 at /blue/yu.yang1/you.z/route_opt/packages/application/X-n313-k71/src/main/src/call_cutting.cpp:74[0m
 ****** Separate Rank1Cuts ****** 
it= 2   ncol= 1341  ncstr= 658  mt= 0.0   spt= 0.0   lpval= 94010.8   ub= 94044.0  
-----------------------------------------------------------------------------------------
elapsed time= 164.31 s.
-----------------------------------------------------------------------------------------
columns pending deletion= 20312 remain= 100522 col ratio= 0.797935 row ratio= 0.869301
[1;36m[REMIND] 2: gap improved= 0.113002 ratio= 0.003402 threshold= 0.040000 in function increaseCondition2 at /blue/yu.yang1/you.z/route_opt/packages/application/X-n313-k71/src/main/src/call_cutting.cpp:74[0m
[1;36m[REMIND] tail off counter= 3 threshold= 3 in function setIfTailOff at /blue/yu.yang1/you.z/route_opt/packages/application/X-n313-k71/src/main/src/call_cutting.cpp:150[0m
current_r_best= 14.3867
pseudo= 50 frac= 50
#candidates in phase1= 37
testing lp time= 14.89 s.
-----------------------------------------------------------------------------------------
 56-228 ,  84.85| 208-230 ,  63.26|  22-54  ,  47.98| 218-224 ,  47.64|  56-164 ,  46.79| 
 53-54  ,  33.61|  54-161 ,  32.72| 107-267 ,  32.55|  79-269 ,  28.41| 162-208 ,  23.79| 
270-279 ,  22.16| 214-289 ,  22.00|   6-137 ,  20.84|  19-60  ,  20.83|   7-295 ,  20.01| 
  7-33  ,  20.01| 239-290 ,  19.26| 132-155 ,  19.13|   0-115 ,  14.30|   0-218 ,  10.94| 
 10-54  ,   9.23|  54-72  ,   8.62| 164-228 ,   8.16| 131-228 ,   8.16| 127-145 ,   8.07| 
  5-10  ,   4.88|  72-285 ,   4.61|   7-239 ,   2.74|  45-222 ,   2.42|  54-215 ,   1.97| 
256-274 ,   0.86|  90-228 ,   0.69| 138-246 ,   0.51| 203-225 ,   0.51| 106-147 ,   0.27| 
199-254 ,   0.01|  47-181 ,   0.01| 
-----------------------------------------------------------------------------------------
edge= 208 230 lp= 1.90184 pre= 2 lp2= 33.2626 pre2= 2 score= 63.2602
-----------------------------------------------------------------------------------------
edge= 22 54 lp= 2.87081 pre= 2 lp2= 16.7117 pre2= 2 score= 47.976
-----------------------------------------------------------------------------------------
edge= 56 228 lp= 1.98839 pre= 0 lp2= 42.6742 pre2= 2 score= 84.853
-----------------------------------------------------------------------------------------
candidate= 56-228 : +
-----------------------------------------------------------------------------------------
it= 5   ncol= 1459  ncstr= 659  mt= 0.5   spt= 0.0   lpval= 94031.2   ub= 94044.0  
-----------------------------------------------------------------------------------------
elapsed time= 179.73 s.
-----------------------------------------------------------------------------------------
candidate= 208-230 : -
-----------------------------------------------------------------------------------------
it= 3   ncol= 1381  ncstr= 659  mt= 0.4   spt= 0.0   lpval= 94012.6   ub= 94044.0  
-----------------------------------------------------------------------------------------
elapsed time= 180.11 s.
-----------------------------------------------------------------------------------------
candidate= 208-230 : +
-----------------------------------------------------------------------------------------
it= 4   ncol= 1447  ncstr= 659  mt= 0.4   spt= 0.0   lpval= 94022.9   ub= 94044.0  
-----------------------------------------------------------------------------------------
elapsed time= 180.55 s.
-----------------------------------------------------------------------------------------
candidate= 22-54 : -
-----------------------------------------------------------------------------------------
it= 3   ncol= 1384  ncstr= 659  mt= 0.3   spt= 0.0   lpval= 94013.3   ub= 94044.0  
-----------------------------------------------------------------------------------------
elapsed time= 180.93 s.
-----------------------------------------------------------------------------------------
candidate= 22-54 : +
-----------------------------------------------------------------------------------------
it= 4   ncol= 1398  ncstr= 659  mt= 0.4   spt= 0.0   lpval= 94027.0   ub= 94044.0  
-----------------------------------------------------------------------------------------
elapsed time= 181.33 s.
-----------------------------------------------------------------------------------------
candidate= 56-228 : -
-----------------------------------------------------------------------------------------
it= 3   ncol= 1388  ncstr= 659  mt= 0.4   spt= 0.0   lpval= 94012.5   ub= 94044.0  
-----------------------------------------------------------------------------------------
elapsed time= 181.78 s.
-----------------------------------------------------------------------------------------
brc= 22-54
t= 0.201212 c= 31.768 n= 0 if_b4= 0
t= 0.429628 c= 37.924 n= 0 if_b4= 0
#########################################################################################
tree size= 1 lb= 94010.8 ub= 94044
#########################################################################################
idx= 5 value= 94010.8 enu= 1
brc= 50-103 : -
brc= 76-103 : -
brc= 49-105 : +
brc= 164-295 : -
brc= 62-296 : -
brc= 126-152 : +
brc= 7-127 : -
brc= 250-278 : -
brc= 19-115 : +
brc= 136-143 : -
brc= 33-281 : -
brc= 132-230 : -
brc= 207-230 : -
brc= 52-143 : -
brc= 139-269 : +
brc= 74-217 : +
brc= 95-281 : +
brc= 10-161 : -
brc= 164-260 : -
brc= 0-201 : +
brc= 162-250 : -
brc= 18-224 : -
brc= 57-64 : +
brc= 30-276 : -
brc= 106-115 : -
brc= 3-269 : -
brc= 3-4 : -
brc= 131-281 : -
brc= 250-299 : +
brc= 3-137 : -
brc= 7-54 : -
brc= 22-54 : +
it= 4   ncol= 1358  ncstr= 658  mt= 0.4   spt= 0.0   lpval= 94027.0   ub= 94044.0  
-----------------------------------------------------------------------------------------
elapsed time= 183.42 s.
-----------------------------------------------------------------------------------------
delete columns= 71877 remain= 8162
 ****** Separate RCCs ****** 
 ****** Separate Rank1Cuts ****** 
it= 3   ncol= 1282  ncstr= 560  mt= 0.1   spt= 0.0   lpval= 94031.7   ub= 94044.0  
-----------------------------------------------------------------------------------------
elapsed time= 184.27 s.
-----------------------------------------------------------------------------------------
delete columns= 4799 remain= 3363
mip: row= 522 col= 4559 density= 4.10568%
mip time= 1.33 s.
mip status= 6
update f from 0 to 12.2875
#########################################################################################
tree size= 0 lb= 94010.8 ub= 94044
#########################################################################################
idx= 6 value= 94010.8 enu= 1
brc= 50-103 : -
brc= 76-103 : -
brc= 49-105 : +
brc= 164-295 : -
brc= 62-296 : -
brc= 126-152 : +
brc= 7-127 : -
brc= 250-278 : -
brc= 19-115 : +
brc= 136-143 : -
brc= 33-281 : -
brc= 132-230 : -
brc= 207-230 : -
brc= 52-143 : -
brc= 139-269 : +
brc= 74-217 : +
brc= 95-281 : +
brc= 10-161 : -
brc= 164-260 : -
brc= 0-201 : +
brc= 162-250 : -
brc= 18-224 : -
brc= 57-64 : +
brc= 30-276 : -
brc= 106-115 : -
brc= 3-269 : -
brc= 3-4 : -
brc= 131-281 : -
brc= 250-299 : +
brc= 3-137 : -
brc= 7-54 : -
brc= 22-54 : -
it= 4   ncol= 1369  ncstr= 658  mt= 0.1   spt= 0.0   lpval= 94013.3   ub= 94044.0  
-----------------------------------------------------------------------------------------
elapsed time= 186.02 s.
-----------------------------------------------------------------------------------------
columns pending deletion= 20480 remain= 80196 col ratio= 0.744626 row ratio= 0.834347
 ****** Separate RCCs ****** 
 ****** Separate Rank1Cuts ****** 
it= 3   ncol= 1377  ncstr= 685  mt= 0.1   spt= 0.0   lpval= 94015.1   ub= 94044.0  
-----------------------------------------------------------------------------------------
elapsed time= 186.66 s.
-----------------------------------------------------------------------------------------
delete columns= 31734 remain= 48462
 ****** Separate Rank1Cuts ****** 
it= 2   ncol= 1381  ncstr= 624  mt= 0.0   spt= 0.0   lpval= 94015.2   ub= 94044.0  
-----------------------------------------------------------------------------------------
elapsed time= 187.65 s.
-----------------------------------------------------------------------------------------
columns pending deletion= 4781 remain= 48462 col ratio= 0.901345 row ratio= 0.907051
current_r_best= 3.23041
alpha= 0.37 beta= 5.10366 omega= 157.884 k1= 14
lb_k= 1 ub_k= 37
revise: lb_k= 11 ub_k= 18
opt_k= 15
alpha= 0.75 beta= 5.10366 omega= 88.2717 k1= 3
lb_k= 1 ub_k= 3
revise: lb_k= 1 ub_k= 3
opt_k= 3
pseudo= 50 frac= 50
#candidates in phase1= 15
testing lp time= 5.44 s.
-----------------------------------------------------------------------------------------
218-224 ,  33.85| 208-230 ,  28.85| 164-249 ,  17.32| 162-208 ,  15.10| 270-279 ,  11.29| 
  7-33  ,   5.79|   7-295 ,   5.79|  54-266 ,   1.98| 190-257 ,   1.43| 125-280 ,   1.43| 
 54-285 ,   1.23| 195-284 ,   0.78|  25-248 ,   0.74|   7-93  ,   0.51|  33-93  ,   0.51| 
-----------------------------------------------------------------------------------------
edge= 164 249 lp= 0.694764 pre= 2 lp2= 24.9242 pre2= 2 score= 17.3165
-----------------------------------------------------------------------------------------
edge= 208 230 lp= 1.32315 pre= 0 lp2= 21.8049 pre2= 2 score= 28.8511
-----------------------------------------------------------------------------------------
edge= 218 224 lp= 1.67335 pre= 0 lp2= 20.2267 pre2= 2 score= 33.8463
-----------------------------------------------------------------------------------------
candidate= 218-224 : +
-----------------------------------------------------------------------------------------
it= 6   ncol= 1455  ncstr= 625  mt= 0.4   spt= 0.0   lpval= 94028.0   ub= 94044.0  
-----------------------------------------------------------------------------------------
elapsed time= 193.51 s.
-----------------------------------------------------------------------------------------
candidate= 208-230 : +
-----------------------------------------------------------------------------------------
it= 4   ncol= 1459  ncstr= 625  mt= 0.5   spt= 0.0   lpval= 94026.3   ub= 94044.0  
-----------------------------------------------------------------------------------------
elapsed time= 194.00 s.
-----------------------------------------------------------------------------------------
brc= 218-224
t= 0.191245 c= 16.9849 n= 1 if_b4= 0
t= 0.441412 c= 21.1959 n= 1 if_b4= 0
#########################################################################################
tree size= 1 lb= 94015.2 ub= 94044
#########################################################################################
idx= 7 value= 94015.2 enu= 1
brc= 50-103 : -
brc= 76-103 : -
brc= 49-105 : +
brc= 164-295 : -
brc= 62-296 : -
brc= 126-152 : +
brc= 7-127 : -
brc= 250-278 : -
brc= 19-115 : +
brc= 136-143 : -
brc= 33-281 : -
brc= 132-230 : -
brc= 207-230 : -
brc= 52-143 : -
brc= 139-269 : +
brc= 74-217 : +
brc= 95-281 : +
brc= 10-161 : -
brc= 164-260 : -
brc= 0-201 : +
brc= 162-250 : -
brc= 18-224 : -
brc= 57-64 : +
brc= 30-276 : -
brc= 106-115 : -
brc= 3-269 : -
brc= 3-4 : -
brc= 131-281 : -
brc= 250-299 : +
brc= 3-137 : -
brc= 7-54 : -
brc= 22-54 : -
brc= 218-224 : +
it= 6   ncol= 1443  ncstr= 624  mt= 0.4   spt= 0.0   lpval= 94028.0   ub= 94044.0  
-----------------------------------------------------------------------------------------
elapsed time= 195.61 s.
-----------------------------------------------------------------------------------------
delete columns= 37215 remain= 6378
 ****** Separate RCCs ****** 
 ****** Separate Rank1Cuts ****** 
it= 4   ncol= 1344  ncstr= 562  mt= 0.1   spt= 0.0   lpval= 94029.0   ub= 94044.0  
-----------------------------------------------------------------------------------------
elapsed time= 195.95 s.
-----------------------------------------------------------------------------------------
columns pending deletion= 1382 remain= 6378 col ratio= 0.783318 row ratio= 0.914591
mip: row= 514 col= 6310 density= 3.83053%
mip time= 3.58 s.
mip status= 6
update f from 12.2875 to 15.0281
#########################################################################################
tree size= 0 lb= 94015.2 ub= 94044
#########################################################################################
idx= 8 value= 94015.2 enu= 1
brc= 50-103 : -
brc= 76-103 : -
brc= 49-105 : +
brc= 164-295 : -
brc= 62-296 : -
brc= 126-152 : +
brc= 7-127 : -
brc= 250-278 : -
brc= 19-115 : +
brc= 136-143 : -
brc= 33-281 : -
brc= 132-230 : -
brc= 207-230 : -
brc= 52-143 : -
brc= 139-269 : +
brc= 74-217 : +
brc= 95-281 : +
brc= 10-161 : -
brc= 164-260 : -
brc= 0-201 : +
brc= 162-250 : -
brc= 18-224 : -
brc= 57-64 : +
brc= 30-276 : -
brc= 106-115 : -
brc= 3-269 : -
brc= 3-4 : -
brc= 131-281 : -
brc= 250-299 : +
brc= 3-137 : -
brc= 7-54 : -
brc= 22-54 : -
brc= 218-224 : -
it= 3   ncol= 1411  ncstr= 624  mt= 0.1   spt= 0.0   lpval= 94016.8   ub= 94044.0  
-----------------------------------------------------------------------------------------
elapsed time= 199.63 s.
-----------------------------------------------------------------------------------------
columns pending deletion= 7075 remain= 43676 col ratio= 0.838012 row ratio= 0.887821
 ****** Separate RCCs ****** 
 ****** Separate Rank1Cuts ****** 
it= 2   ncol= 1406  ncstr= 652  mt= 0.0   spt= 0.0   lpval= 94017.3   ub= 94044.0  
-----------------------------------------------------------------------------------------
elapsed time= 200.00 s.
-----------------------------------------------------------------------------------------
columns pending deletion= 10633 remain= 43676 col ratio= 0.756548 row ratio= 0.878834
[1;36m[REMIND] 2: gap improved= 0.463353 ratio= 0.017351 threshold= 0.040000 in function increaseCondition2 at /blue/yu.yang1/you.z/route_opt/packages/application/X-n313-k71/src/main/src/call_cutting.cpp:74[0m
 ****** Separate Rank1Cuts ****** 
it= 2   ncol= 1404  ncstr= 684  mt= 0.0   spt= 0.0   lpval= 94017.4   ub= 94044.0  
-----------------------------------------------------------------------------------------
elapsed time= 200.47 s.
-----------------------------------------------------------------------------------------
columns pending deletion= 12095 remain= 43676 col ratio= 0.723074 row ratio= 0.836257
[1;36m[REMIND] 2: gap improved= 0.102433 ratio= 0.003851 threshold= 0.040000 in function increaseCondition2 at /blue/yu.yang1/you.z/route_opt/packages/application/X-n313-k71/src/main/src/call_cutting.cpp:74[0m
 ****** Separate Rank1Cuts ****** 
it= 2   ncol= 1407  ncstr= 703  mt= 0.0   spt= 0.0   lpval= 94017.6   ub= 94044.0  
-----------------------------------------------------------------------------------------
elapsed time= 200.80 s.
-----------------------------------------------------------------------------------------
delete columns= 13423 remain= 30253
[1;36m[REMIND] 2: gap improved= 0.179661 ratio= 0.006800 threshold= 0.040000 in function increaseCondition2 at /blue/yu.yang1/you.z/route_opt/packages/application/X-n313-k71/src/main/src/call_cutting.cpp:74[0m
[1;36m[REMIND] tail off counter= 3 threshold= 3 in function setIfTailOff at /blue/yu.yang1/you.z/route_opt/packages/application/X-n313-k71/src/main/src/call_cutting.cpp:150[0m
current_r_best= 1.73351
alpha= 0.37 beta= 6.57299 omega= 88.8122 k1= 12
lb_k= 1 ub_k= 37
revise: lb_k= 9 ub_k= 17
opt_k= 14
alpha= 0.75 beta= 6.57299 omega= 48.0184 k1= 3
lb_k= 1 ub_k= 3
revise: lb_k= 1 ub_k= 3
opt_k= 3
pseudo= 50 frac= 50
#candidates in phase1= 14
testing lp time= 5.05 s.
-----------------------------------------------------------------------------------------
108-218 ,  25.15| 164-249 ,  13.63| 112-257 ,   5.83|   7-33  ,   2.88| 249-260 ,   1.80| 
164-285 ,   1.62|  33-87  ,   1.38|  43-295 ,   1.10|  43-290 ,   1.10| 239-290 ,   1.03| 
179-271 ,   0.92|  43-141 ,   0.74|  33-295 ,   0.71| 239-295 ,   0.37| 
-----------------------------------------------------------------------------------------
edge= 112 257 lp= 1.814 pre= 2 lp2= 3.21419 pre2= 2 score= 5.83053
-----------------------------------------------------------------------------------------
edge= 164 249 lp= 0.557065 pre= 2 lp2= 24.4695 pre2= 2 score= 13.6311
-----------------------------------------------------------------------------------------
edge= 108 218 lp= 1.61855 pre= 2 lp2= 15.5362 pre2= 2 score= 25.1462
-----------------------------------------------------------------------------------------
candidate= 108-218 : -
-----------------------------------------------------------------------------------------
it= 2   ncol= 1414  ncstr= 592  mt= 0.3   spt= 0.0   lpval= 94019.2   ub= 94044.0  
-----------------------------------------------------------------------------------------
elapsed time= 206.23 s.
-----------------------------------------------------------------------------------------
candidate= 108-218 : +
-----------------------------------------------------------------------------------------
it= 4   ncol= 1446  ncstr= 592  mt= 0.3   spt= 0.0   lpval= 94031.8   ub= 94044.0  
-----------------------------------------------------------------------------------------
elapsed time= 206.59 s.
-----------------------------------------------------------------------------------------
brc= 108-218
t= 0.187566 c= 11.8784 n= 2 if_b4= 0
t= 0.404009 c= 15.417 n= 2 if_b4= 0
#########################################################################################
tree size= 1 lb= 94017.6 ub= 94044
#########################################################################################
idx= 9 value= 94017.6 enu= 1
brc= 50-103 : -
brc= 76-103 : -
brc= 49-105 : +
brc= 164-295 : -
brc= 62-296 : -
brc= 126-152 : +
brc= 7-127 : -
brc= 250-278 : -
brc= 19-115 : +
brc= 136-143 : -
brc= 33-281 : -
brc= 132-230 : -
brc= 207-230 : -
brc= 52-143 : -
brc= 139-269 : +
brc= 74-217 : +
brc= 95-281 : +
brc= 10-161 : -
brc= 164-260 : -
brc= 0-201 : +
brc= 162-250 : -
brc= 18-224 : -
brc= 57-64 : +
brc= 30-276 : -
brc= 106-115 : -
brc= 3-269 : -
brc= 3-4 : -
brc= 131-281 : -
brc= 250-299 : +
brc= 3-137 : -
brc= 7-54 : -
brc= 22-54 : -
brc= 218-224 : -
brc= 108-218 : +
it= 4   ncol= 1414  ncstr= 591  mt= 0.3   spt= 0.0   lpval= 94031.8   ub= 94044.0  
-----------------------------------------------------------------------------------------
elapsed time= 207.94 s.
-----------------------------------------------------------------------------------------
delete columns= 26765 remain= 3436
 ****** Separate RCCs ****** 
 ****** Separate Rank1Cuts ****** 
it= 4   ncol= 1309  ncstr= 532  mt= 0.1   spt= 0.0   lpval= 94035.6   ub= 94044.0  
-----------------------------------------------------------------------------------------
elapsed time= 208.37 s.
-----------------------------------------------------------------------------------------
delete columns= 1787 remain= 1649
mip: row= 506 col= 2784 density= 3.68253%
mip time= 0.63 s.
mip status= 6
#########################################################################################
tree size= 0 lb= 94017.6 ub= 94044
#########################################################################################
idx= 10 value= 94017.6 enu= 1
brc= 50-103 : -
brc= 76-103 : -
brc= 49-105 : +
brc= 164-295 : -
brc= 62-296 : -
brc= 126-152 : +
brc= 7-127 : -
brc= 250-278 : -
brc= 19-115 : +
brc= 136-143 : -
brc= 33-281 : -
brc= 132-230 : -
brc= 207-230 : -
brc= 52-143 : -
brc= 139-269 : +
brc= 74-217 : +
brc= 95-281 : +
brc= 10-161 : -
brc= 164-260 : -
brc= 0-201 : +
brc= 162-250 : -
brc= 18-224 : -
brc= 57-64 : +
brc= 30-276 : -
brc= 106-115 : -
brc= 3-269 : -
brc= 3-4 : -
brc= 131-281 : -
brc= 250-299 : +
brc= 3-137 : -
brc= 7-54 : -
brc= 22-54 : -
brc= 218-224 : -
brc= 108-218 : -
it= 3   ncol= 1425  ncstr= 591  mt= 0.0   spt= 0.0   lpval= 94019.2   ub= 94044.0  
-----------------------------------------------------------------------------------------
elapsed time= 209.05 s.
-----------------------------------------------------------------------------------------
columns pending deletion= 4030 remain= 30247 col ratio= 0.866764 row ratio= 0.945854
 ****** Separate RCCs ****** 
 ****** Separate Rank1Cuts ****** 
it= 2   ncol= 1407  ncstr= 603  mt= 0.0   spt= 0.0   lpval= 94019.4   ub= 94044.0  
-----------------------------------------------------------------------------------------
elapsed time= 209.34 s.
-----------------------------------------------------------------------------------------
columns pending deletion= 6391 remain= 30247 col ratio= 0.788706 row ratio= 0.92869
[1;36m[REMIND] 2: gap improved= 0.250260 ratio= 0.010192 threshold= 0.040000 in function increaseCondition2 at /blue/yu.yang1/you.z/route_opt/packages/application/X-n313-k71/src/main/src/call_cutting.cpp:74[0m
 ****** Separate Rank1Cuts ****** 
it= 3   ncol= 1409  ncstr= 618  mt= 0.0   spt= 0.0   lpval= 94019.6   ub= 94044.0  
-----------------------------------------------------------------------------------------
elapsed time= 209.66 s.
-----------------------------------------------------------------------------------------
columns pending deletion= 7477 remain= 30247 col ratio= 0.752802 row ratio= 0.915858
[1;36m[REMIND] 2: gap improved= 0.107896 ratio= 0.004414 threshold= 0.040000 in function increaseCondition2 at /blue/yu.yang1/you.z/route_opt/packages/application/X-n313-k71/src/main/src/call_cutting.cpp:74[0m
 ****** Separate RCCs ****** 
 ****** Separate Rank1Cuts ****** 
it= 3   ncol= 1410  ncstr= 633  mt= 0.0   spt= 0.0   lpval= 94019.7   ub= 94044.0  
-----------------------------------------------------------------------------------------
elapsed time= 210.01 s.
-----------------------------------------------------------------------------------------
columns pending deletion= 8472 remain= 30247 col ratio= 0.719906 row ratio= 0.914692
[1;36m[REMIND] 2: gap improved= 0.147809 ratio= 0.006083 threshold= 0.040000 in function increaseCondition2 at /blue/yu.yang1/you.z/route_opt/packages/application/X-n313-k71/src/main/src/call_cutting.cpp:74[0m
[1;36m[REMIND] tail off counter= 3 threshold= 3 in function setIfTailOff at /blue/yu.yang1/you.z/route_opt/packages/application/X-n313-k71/src/main/src/call_cutting.cpp:150[0m
current_r_best= 1.56834
alpha= 0.37 beta= 5.91061 omega= 63.3293 k1= 10
lb_k= 1 ub_k= 37
revise: lb_k= 8 ub_k= 14
opt_k= 11
alpha= 0.75 beta= 5.91061 omega= 38.1599 k1= 3
lb_k= 1 ub_k= 3
revise: lb_k= 1 ub_k= 3
opt_k= 3
pseudo= 50 frac= 50
#candidates in phase1= 11
testing lp time= 4.47 s.
-----------------------------------------------------------------------------------------
224-278 ,  86.96| 132-208 ,  17.54|   0-115 ,  17.48|   2-132 ,  11.67|  23-296 ,   6.38| 
 43-141 ,   3.35| 239-290 ,   3.09| 175-280 ,   2.17| 163-256 ,   0.23|  82-106 ,   0.02| 
 82-202 ,   0.00| 
-----------------------------------------------------------------------------------------
edge= 0 115 lp= 28.8251 pre= 2 lp2= 0.606505 pre2= 2 score= 17.4825
-----------------------------------------------------------------------------------------
edge= 132 208 lp= 0.453392 pre= 2 lp2= 38.6914 pre2= 2 score= 17.5424
-----------------------------------------------------------------------------------------
edge= 224 278 lp= 1.59665 pre= 2 lp2= 54.4628 pre2= 2 score= 86.958
-----------------------------------------------------------------------------------------
candidate= 224-278 : -
-----------------------------------------------------------------------------------------
it= 3   ncol= 1423  ncstr= 634  mt= 0.4   spt= 0.0   lpval= 94021.2   ub= 94044.0  
-----------------------------------------------------------------------------------------
elapsed time= 214.91 s.
-----------------------------------------------------------------------------------------
candidate= 224-278 : +
-----------------------------------------------------------------------------------------
it= 4   ncol= 1471  ncstr= 634  mt= 0.4   spt= 0.0   lpval= 94031.7   ub= 94044.0  
-----------------------------------------------------------------------------------------
elapsed time= 215.36 s.
-----------------------------------------------------------------------------------------
brc= 224-278
t= 0.191523 c= 9.26833 n= 3 if_b4= 0
t= 0.412309 c= 12.3723 n= 3 if_b4= 0
#########################################################################################
tree size= 1 lb= 94019.7 ub= 94044
#########################################################################################
idx= 11 value= 94019.7 enu= 1
brc= 50-103 : -
brc= 76-103 : -
brc= 49-105 : +
brc= 164-295 : -
brc= 62-296 : -
brc= 126-152 : +
brc= 7-127 : -
brc= 250-278 : -
brc= 19-115 : +
brc= 136-143 : -
brc= 33-281 : -
brc= 132-230 : -
brc= 207-230 : -
brc= 52-143 : -
brc= 139-269 : +
brc= 74-217 : +
brc= 95-281 : +
brc= 10-161 : -
brc= 164-260 : -
brc= 0-201 : +
brc= 162-250 : -
brc= 18-224 : -
brc= 57-64 : +
brc= 30-276 : -
brc= 106-115 : -
brc= 3-269 : -
brc= 3-4 : -
brc= 131-281 : -
brc= 250-299 : +
brc= 3-137 : -
brc= 7-54 : -
brc= 22-54 : -
brc= 218-224 : -
brc= 108-218 : -
brc= 224-278 : +
it= 4   ncol= 1459  ncstr= 633  mt= 0.5   spt= 0.0   lpval= 94031.7   ub= 94044.0  
-----------------------------------------------------------------------------------------
elapsed time= 216.93 s.
-----------------------------------------------------------------------------------------
delete columns= 18213 remain= 3512
 ****** Separate RCCs ****** 
 ****** Separate Rank1Cuts ****** 
it= 3   ncol= 1281  ncstr= 599  mt= 0.0   spt= 0.0   lpval= 94035.3   ub= 94044.0  
-----------------------------------------------------------------------------------------
elapsed time= 217.78 s.
-----------------------------------------------------------------------------------------
delete columns= 1692 remain= 1820
mip: row= 535 col= 2975 density= 4.06547%
mip time= 0.68 s.
mip status= 6
#########################################################################################
tree size= 0 lb= 94019.7 ub= 94044
#########################################################################################
idx= 12 value= 94019.7 enu= 1
brc= 50-103 : -
brc= 76-103 : -
brc= 49-105 : +
brc= 164-295 : -
brc= 62-296 : -
brc= 126-152 : +
brc= 7-127 : -
brc= 250-278 : -
brc= 19-115 : +
brc= 136-143 : -
brc= 33-281 : -
brc= 132-230 : -
brc= 207-230 : -
brc= 52-143 : -
brc= 139-269 : +
brc= 74-217 : +
brc= 95-281 : +
brc= 10-161 : -
brc= 164-260 : -
brc= 0-201 : +
brc= 162-250 : -
brc= 18-224 : -
brc= 57-64 : +
brc= 30-276 : -
brc= 106-115 : -
brc= 3-269 : -
brc= 3-4 : -
brc= 131-281 : -
brc= 250-299 : +
brc= 3-137 : -
brc= 7-54 : -
brc= 22-54 : -
brc= 218-224 : -
brc= 108-218 : -
brc= 224-278 : -
it= 3   ncol= 1423  ncstr= 633  mt= 0.0   spt= 0.0   lpval= 94021.2   ub= 94044.0  
-----------------------------------------------------------------------------------------
elapsed time= 218.54 s.
-----------------------------------------------------------------------------------------
columns pending deletion= 3263 remain= 21764 col ratio= 0.850074 row ratio= 0.884676
 ****** Separate RCCs ****** 
 ****** Separate Rank1Cuts ****** 
it= 2   ncol= 1407  ncstr= 672  mt= 0.0   spt= 0.0   lpval= 94021.4   ub= 94044.0  
-----------------------------------------------------------------------------------------
elapsed time= 218.89 s.
-----------------------------------------------------------------------------------------
columns pending deletion= 3831 remain= 21764 col ratio= 0.823975 row ratio= 0.855655
[1;36m[REMIND] 2: gap improved= 0.185083 ratio= 0.008176 threshold= 0.040000 in function increaseCondition2 at /blue/yu.yang1/you.z/route_opt/packages/application/X-n313-k71/src/main/src/call_cutting.cpp:74[0m
mip: row= 575 col= 19337 density= 5.4357%
mip time= 69.77 s.
mip status= 6
update f from 15.0281 to 22.6384
#########################################################################################
[32m<Instance: X-n313-k71>
<Solution>
<UB= 94044>
<LB= 94044>
<Elapsed Time= 289.1>
<Nodes Explored= 11>
<Global Gap= 0%>[0m
#########################################################################################
File nodes/X-n313-k71_2_2_2_5_0_0_2_2_5_G32.node deleted successfully.
