application type: CVRP
X-n313-k71_2_2_0_1_1_1_2_1_0_0_0_G32.node
Set parameter ServerTimeout to value 600
Set parameter TokenServer to value "grb-ts.ufhpc"
Set parameter Threads to value 1
instance name= X-n313-k71
#########################################################################################
tree size= 0 lb= 0 ub= 94044
#########################################################################################
idx= 1 value= 93992.2 enu= 0
brc= 50-103 : -
brc= 76-103 : -
brc= 49-105 : +
brc= 164-295 : -
brc= 62-296 : -
brc= 126-152 : +
brc= 7-127 : +
brc= 22-54 : -
brc= 117-174 : +
brc= 141-164 : -
brc= 60-137 : +
brc= 24-257 : -
brc= 221-228 : +
brc= 164-249 : -
brc= 175-252 : -
brc= 125-224 : +
brc= 32-276 : -
brc= 75-303 : +
brc= 57-64 : +
brc= 211-239 : +
brc= 25-108 : +
-----------------------------------------------------------------------------------------
 ****** Pricing Level: LIGHT HEUR ****** 
it= 6   ncol= 1549  ncstr= 558  mt= 0.2   spt= 0.1   lpval= 93998.6   ub= 94044.0  
 ****** Pricing Level: HEAVY HEUR ****** 
it= 4   ncol= 1614  ncstr= 558  mt= 0.1   spt= 0.2   lpval= 93998.2   ub= 94044.0  
 ****** Pricing Level: EXACT ****** 
it= 3   ncol= 1663  ncstr= 558  mt= 0.0   spt= 1.9   lpval= 93998.1   ub= 94044.0  
-----------------------------------------------------------------------------------------
elapsed time= 5.68 s.
-----------------------------------------------------------------------------------------
-----------------------------------------------------------------------------------------
 ****** Run Arc Elimination ****** 
arc elimination time= 2.57 s.
previous= 80% maximum= 2.48705%
eliminate bucket arcs time= 0.38 s.
obtain jump arcs time= 0.01 s.
-----------------------------------------------------------------------------------------
-----------------------------------------------------------------------------------------
elapsed time= 8.97 s.
-----------------------------------------------------------------------------------------
-----------------------------------------------------------------------------------------
 ****** Try Enumeration ****** 
#labels= 242124 #routes= 14
labeling 1 time= 5.36 s.
concatenate time= 8.32 s.
#routes= 347759
average gap of successful enumeration= 0.000477633
next try value > 93988.6
-----------------------------------------------------------------------------------------
elapsed time= 22.77 s.
-----------------------------------------------------------------------------------------
 ****** Process Enumeration Matrix ****** 
delete non-ele routes lp val= 93998.2
recover rank1c lp val= 93998.4
recover rcc lp val= 94003.5
obtain rcc coefficient time= 0.06 s.
obtain r1c coefficient time= 0.44 s.
obtain matrix from triplets time= 0.63 s.
delete columns by branch time= 0.00 s.
columns pending deletion= 548 remain= 347759 col ratio= 0.998424 row ratio= 1
regenerate enumeration matrix time= 0.00 s.
-----------------------------------------------------------------------------------------
elapsed time= 25.44 s.
-----------------------------------------------------------------------------------------
it= 5   ncol= 1491  ncstr= 514  mt= 0.1   spt= 0.1   lpval= 94001.3   ub= 94044.0  
-----------------------------------------------------------------------------------------
elapsed time= 25.68 s.
-----------------------------------------------------------------------------------------
delete columns= 144941 remain= 202818
 ****** Separate RCCs ****** 
 ****** Separate Rank1Cuts ****** 
it= 3   ncol= 1478  ncstr= 549  mt= 0.0   spt= 0.0   lpval= 94003.9   ub= 94044.0  
-----------------------------------------------------------------------------------------
elapsed time= 26.80 s.
-----------------------------------------------------------------------------------------
columns pending deletion= 47813 remain= 202818 col ratio= 0.764257 row ratio= 0.888889
 ****** Separate RCCs ****** 
 ****** Separate Rank1Cuts ****** 
it= 3   ncol= 1487  ncstr= 614  mt= 0.1   spt= 0.0   lpval= 94006.1   ub= 94044.0  
-----------------------------------------------------------------------------------------
elapsed time= 27.38 s.
-----------------------------------------------------------------------------------------
delete columns= 78462 remain= 124356
 ****** Separate RCCs ****** 
 ****** Separate Rank1Cuts ****** 
it= 3   ncol= 1493  ncstr= 565  mt= 0.0   spt= 0.0   lpval= 94006.7   ub= 94044.0  
-----------------------------------------------------------------------------------------
elapsed time= 28.10 s.
-----------------------------------------------------------------------------------------
columns pending deletion= 8462 remain= 124356 col ratio= 0.931953 row ratio= 0.911504
[1;36m[REMIND] 2: gap improved= 0.579046 ratio= 0.015535 threshold= 0.040000 in function increaseCondition2 at /blue/yu.yang1/you.z/route_opt/packages/application/X-n313-k71/src/main/src/call_cutting.cpp:74[0m
 ****** Separate RCCs ****** 
 ****** Separate Rank1Cuts ****** 
it= 4   ncol= 1503  ncstr= 646  mt= 0.1   spt= 0.0   lpval= 94007.0   ub= 94044.0  
-----------------------------------------------------------------------------------------
elapsed time= 28.62 s.
-----------------------------------------------------------------------------------------
columns pending deletion= 13574 remain= 124356 col ratio= 0.890846 row ratio= 0.823529
[1;36m[REMIND] 2: gap improved= 0.236645 ratio= 0.006389 threshold= 0.040000 in function increaseCondition2 at /blue/yu.yang1/you.z/route_opt/packages/application/X-n313-k71/src/main/src/call_cutting.cpp:74[0m
 ****** Separate RCCs ****** 
 ****** Separate Rank1Cuts ****** 
it= 3   ncol= 1507  ncstr= 664  mt= 0.0   spt= 0.0   lpval= 94007.3   ub= 94044.0  
-----------------------------------------------------------------------------------------
elapsed time= 28.95 s.
-----------------------------------------------------------------------------------------
columns pending deletion= 16514 remain= 124356 col ratio= 0.867204 row ratio= 0.816265
[1;36m[REMIND] 2: gap improved= 0.341968 ratio= 0.009319 threshold= 0.040000 in function increaseCondition2 at /blue/yu.yang1/you.z/route_opt/packages/application/X-n313-k71/src/main/src/call_cutting.cpp:74[0m
[1;36m[REMIND] tail off counter= 3 threshold= 3 in function setIfTailOff at /blue/yu.yang1/you.z/route_opt/packages/application/X-n313-k71/src/main/src/call_cutting.cpp:150[0m
[1;36m[REMIND] opt_k not found for node 1, use m directly in function getOptK at /blue/yu.yang1/you.z/route_opt/packages/branching/bkf/include/bkf_controller.hpp:239[0m
current_r_best= 10.9593
we directly test 100
we directly test 4
pseudo= 50 frac= 50
#candidates in phase1= 100
testing lp time= 46.42 s.
-----------------------------------------------------------------------------------------
162-208 ,  64.16|  54-215 ,  41.79| 132-230 ,  40.69|  84-87  ,  34.34| 201-302 ,  34.27| 
  0-201 ,  33.57|  70-133 ,  31.09| 114-267 ,  30.16| 243-267 ,  28.61|  72-87  ,  26.89| 
 23-296 ,  25.76| 155-257 ,  25.65| 201-218 ,  23.33| 239-290 ,  22.45|  52-296 ,  22.33| 
136-143 ,  22.17| 218-302 ,  22.02| 159-214 ,  21.03|  53-54  ,  19.84| 115-269 ,  18.83| 
  0-243 ,  17.70| 243-278 ,  16.83| 201-278 ,  16.83| 147-281 ,  15.49| 116-302 ,  14.83| 
  3-19  ,  13.71|  10-22  ,  12.55|  51-64  ,  12.37|   0-175 ,  12.24| 208-230 ,  11.63| 
 84-116 ,  11.35|  43-295 ,  11.29|  43-290 ,  10.02| 249-260 ,   9.79|  53-249 ,   9.79| 
164-260 ,   9.68|   0-237 ,   9.46| 106-139 ,   9.26| 131-147 ,   9.01|  22-53  ,   8.94| 
 54-295 ,   8.14|  53-274 ,   8.14|  43-164 ,   6.83| 189-214 ,   6.82|   0-214 ,   6.81| 
  6-82  ,   6.79|  19-115 ,   6.79|   0-162 ,   6.76| 162-201 ,   6.76| 204-208 ,   6.76| 
207-269 ,   6.64|   0-249 ,   6.52|   0-95  ,   6.11| 249-281 ,   5.15|  51-84  ,   4.83| 
175-299 ,   4.58| 249-285 ,   4.58| 175-249 ,   4.56|  53-164 ,   4.47| 139-269 ,   3.43| 
  0-174 ,   2.65| 141-299 ,   2.43|  54-141 ,   2.32| 207-257 ,   2.06| 139-207 ,   2.06| 
162-280 ,   1.89|  38-140 ,   1.86| 141-166 ,   1.58| 141-239 ,   1.58| 158-274 ,   1.57| 
 89-249 ,   1.50|   0-269 ,   1.47|  42-148 ,   1.37| 123-160 ,   1.34|  18-218 ,   1.33| 
237-269 ,   1.31| 195-244 ,   1.26| 137-150 ,   1.25|   2-230 ,   1.17|  42-149 ,   1.14| 
  0-26  ,   1.11|   0-29  ,   1.05|  25-116 ,   0.97|   0-25  ,   0.97| 205-229 ,   0.89| 
147-174 ,   0.89|  90-248 ,   0.75|  90-93  ,   0.72| 222-264 ,   0.60| 158-219 ,   0.55| 
229-282 ,   0.52| 149-293 ,   0.49| 214-289 ,   0.48| 206-215 ,   0.40|   6-89  ,   0.37| 
179-219 ,   0.30| 185-282 ,   0.29|   0-11  ,   0.28| 159-285 ,   0.00|   4-137 ,   0.00| 
-----------------------------------------------------------------------------------------
edge= 84 87 lp= 5.20679 pre= 2 lp2= 6.59475 pre2= 2 score= 34.3374
-----------------------------------------------------------------------------------------
edge= 132 230 lp= 14.0412 pre= 0 lp2= 2.89785 pre2= 1 score= 40.6893
-----------------------------------------------------------------------------------------
edge= 54 215 lp= 1.83125 pre= 2 lp2= 22.8229 pre2= 2 score= 41.7944
-----------------------------------------------------------------------------------------
edge= 162 208 lp= 15.1218 pre= 2 lp2= 4.24304 pre2= 2 score= 64.1626
-----------------------------------------------------------------------------------------
candidate= 162-208 : -
-----------------------------------------------------------------------------------------
it= 4   ncol= 1568  ncstr= 665  mt= 0.4   spt= 0.0   lpval= 94016.1   ub= 94044.0  
-----------------------------------------------------------------------------------------
elapsed time= 75.83 s.
-----------------------------------------------------------------------------------------
candidate= 54-215 : -
-----------------------------------------------------------------------------------------
it= 3   ncol= 1520  ncstr= 665  mt= 0.3   spt= 0.0   lpval= 94009.1   ub= 94044.0  
-----------------------------------------------------------------------------------------
elapsed time= 76.21 s.
-----------------------------------------------------------------------------------------
candidate= 54-215 : +
-----------------------------------------------------------------------------------------
it= 6   ncol= 1682  ncstr= 665  mt= 0.4   spt= 0.1   lpval= 94017.8   ub= 94044.0  
-----------------------------------------------------------------------------------------
elapsed time= 76.67 s.
-----------------------------------------------------------------------------------------
brc= 132-230
t= 0.232101 c= 26.9579 n= 0 if_b4= 0
t= 0.42944 c= 49.5238 n= 0 if_b4= 0
#########################################################################################
tree size= 1 lb= 94007.3 ub= 94044
#########################################################################################
idx= 1 value= 94007.3 enu= 1
brc= 50-103 : -
brc= 76-103 : -
brc= 49-105 : +
brc= 164-295 : -
brc= 62-296 : -
brc= 126-152 : +
brc= 7-127 : +
brc= 22-54 : -
brc= 117-174 : +
brc= 141-164 : -
brc= 60-137 : +
brc= 24-257 : -
brc= 221-228 : +
brc= 164-249 : -
brc= 175-252 : -
brc= 125-224 : +
brc= 32-276 : -
brc= 75-303 : +
brc= 57-64 : +
brc= 211-239 : +
brc= 25-108 : +
brc= 132-230 : +
it= 5   ncol= 1543  ncstr= 664  mt= 0.4   spt= 0.0   lpval= 94009.2   ub= 94044.0  
-----------------------------------------------------------------------------------------
elapsed time= 78.49 s.
-----------------------------------------------------------------------------------------
columns pending deletion= 13189 remain= 107723 col ratio= 0.877566 row ratio= 0.786145
 ****** Separate RCCs ****** 
 ****** Separate Rank1Cuts ****** 
it= 4   ncol= 1534  ncstr= 684  mt= 0.1   spt= 0.0   lpval= 94010.4   ub= 94044.0  
-----------------------------------------------------------------------------------------
elapsed time= 78.90 s.
-----------------------------------------------------------------------------------------
delete columns= 26669 remain= 81054
[1;36m[REMIND] 2: gap improved= 1.161563 ratio= 0.034521 threshold= 0.040000 in function increaseCondition2 at /blue/yu.yang1/you.z/route_opt/packages/application/X-n313-k71/src/main/src/call_cutting.cpp:74[0m
 ****** Separate Rank1Cuts ****** 
it= 2   ncol= 1550  ncstr= 598  mt= 0.0   spt= 0.0   lpval= 94010.4   ub= 94044.0  
-----------------------------------------------------------------------------------------
elapsed time= 79.86 s.
-----------------------------------------------------------------------------------------
columns pending deletion= 3762 remain= 81054 col ratio= 0.953586 row ratio= 0.908027
current_r_best= 2.26182
alpha= 0.37 beta= 14.8401 omega= 116.148 k1= 22
lb_k= 1 ub_k= 37
revise: lb_k= 16 ub_k= 32
opt_k= 25
alpha= 0.75 beta= 14.8401 omega= 115.322 k1= 3
lb_k= 1 ub_k= 3
revise: lb_k= 1 ub_k= 3
opt_k= 3
pseudo= 50 frac= 50
#candidates in phase1= 25
testing lp time= 9.20 s.
-----------------------------------------------------------------------------------------
  9-36  , 106.58|  32-102 , 105.06| 162-208 ,  97.05|   2-64  ,  91.78|  70-133 ,  84.12| 
 36-142 ,  78.48| 102-142 ,  78.43|   9-51  ,  69.91|   0-152 ,  64.53| 155-257 ,  34.44| 
 54-215 ,  29.36|  90-155 ,   8.62|   0-237 ,   6.59| 116-131 ,   4.55|   0-86  ,   4.04| 
 86-118 ,   4.04|  86-116 ,   4.04|  67-282 ,   2.99| 282-297 ,   1.16| 138-187 ,   0.02| 
138-283 ,   0.02| 213-306 ,   0.02| 265-285 ,   0.00|  60-128 ,   0.00|   4-60  ,   0.00| 
-----------------------------------------------------------------------------------------
edge= 32 102 lp= 1.98053 pre= 2 lp2= 53.0483 pre2= 2 score= 105.064
-----------------------------------------------------------------------------------------
edge= 162 208 lp= 23.8328 pre= 2 lp2= 4.07206 pre2= 2 score= 97.0483
-----------------------------------------------------------------------------------------
edge= 9 36 lp= 1.18179 pre= 2 lp2= 90.1842 pre2= 2 score= 106.579
-----------------------------------------------------------------------------------------
candidate= 9-36 : -
-----------------------------------------------------------------------------------------
it= 3   ncol= 1581  ncstr= 599  mt= 0.3   spt= 0.0   lpval= 94011.5   ub= 94044.0  
-----------------------------------------------------------------------------------------
elapsed time= 89.41 s.
-----------------------------------------------------------------------------------------
candidate= 32-102 : -
-----------------------------------------------------------------------------------------
it= 3   ncol= 1561  ncstr= 599  mt= 0.4   spt= 0.0   lpval= 94012.1   ub= 94044.0  
-----------------------------------------------------------------------------------------
elapsed time= 89.78 s.
-----------------------------------------------------------------------------------------
candidate= 162-208 : -
-----------------------------------------------------------------------------------------
it= 4   ncol= 1594  ncstr= 599  mt= 0.4   spt= 0.0   lpval= 94023.3   ub= 94044.0  
-----------------------------------------------------------------------------------------
elapsed time= 90.18 s.
-----------------------------------------------------------------------------------------
candidate= 9-36 : +
-----------------------------------------------------------------------------------------
it= 4   ncol= 1644  ncstr= 599  mt= 0.4   spt= 0.0   lpval= 94074.3   ub= 94044.0  
-----------------------------------------------------------------------------------------
elapsed time= 90.64 s.
-----------------------------------------------------------------------------------------
candidate= 32-102 : +
-----------------------------------------------------------------------------------------
it= 5   ncol= 1645  ncstr= 599  mt= 0.4   spt= 0.0   lpval= 94055.8   ub= 94044.0  
-----------------------------------------------------------------------------------------
elapsed time= 91.05 s.
-----------------------------------------------------------------------------------------
brc= 32-102
t= 0.208093 c= 14.901 n= 1 if_b4= 0
t= 0.412933 c= 27.9895 n= 1 if_b4= 0
#########################################################################################
tree size= 2 lb= 94007.3 ub= 94044
#########################################################################################
idx= 2 value= 94007.3 enu= 1
brc= 50-103 : -
brc= 76-103 : -
brc= 49-105 : +
brc= 164-295 : -
brc= 62-296 : -
brc= 126-152 : +
brc= 7-127 : +
brc= 22-54 : -
brc= 117-174 : +
brc= 141-164 : -
brc= 60-137 : +
brc= 24-257 : -
brc= 221-228 : +
brc= 164-249 : -
brc= 175-252 : -
brc= 125-224 : +
brc= 32-276 : -
brc= 75-303 : +
brc= 57-64 : +
brc= 211-239 : +
brc= 25-108 : +
brc= 132-230 : -
it= 4   ncol= 1552  ncstr= 664  mt= 0.1   spt= 0.0   lpval= 94020.4   ub= 94044.0  
-----------------------------------------------------------------------------------------
elapsed time= 92.38 s.
-----------------------------------------------------------------------------------------
delete columns= 86916 remain= 20907
 ****** Separate RCCs ****** 
 ****** Separate Rank1Cuts ****** 
it= 4   ncol= 1452  ncstr= 532  mt= 0.1   spt= 0.0   lpval= 94023.9   ub= 94044.0  
-----------------------------------------------------------------------------------------
elapsed time= 92.80 s.
-----------------------------------------------------------------------------------------
delete columns= 8910 remain= 11997
mip: row= 501 col= 13407 density= 4.28334%
mip time= 26.01 s.
mip status= 6
update f from 0 to 20.1222
#########################################################################################
tree size= 1 lb= 94010.4 ub= 94044
#########################################################################################
idx= 3 value= 94010.4 enu= 1
brc= 50-103 : -
brc= 76-103 : -
brc= 49-105 : +
brc= 164-295 : -
brc= 62-296 : -
brc= 126-152 : +
brc= 7-127 : +
brc= 22-54 : -
brc= 117-174 : +
brc= 141-164 : -
brc= 60-137 : +
brc= 24-257 : -
brc= 221-228 : +
brc= 164-249 : -
brc= 175-252 : -
brc= 125-224 : +
brc= 32-276 : -
brc= 75-303 : +
brc= 57-64 : +
brc= 211-239 : +
brc= 25-108 : +
brc= 132-230 : +
brc= 32-102 : +
it= 5   ncol= 1565  ncstr= 598  mt= 0.4   spt= 0.0   lpval= 94055.8   ub= 94044.0  
-----------------------------------------------------------------------------------------
elapsed time= 119.30 s.
-----------------------------------------------------------------------------------------
#########################################################################################
tree size= 0 lb= 94010.4 ub= 94044
#########################################################################################
idx= 4 value= 94010.4 enu= 1
brc= 50-103 : -
brc= 76-103 : -
brc= 49-105 : +
brc= 164-295 : -
brc= 62-296 : -
brc= 126-152 : +
brc= 7-127 : +
brc= 22-54 : -
brc= 117-174 : +
brc= 141-164 : -
brc= 60-137 : +
brc= 24-257 : -
brc= 221-228 : +
brc= 164-249 : -
brc= 175-252 : -
brc= 125-224 : +
brc= 32-276 : -
brc= 75-303 : +
brc= 57-64 : +
brc= 211-239 : +
brc= 25-108 : +
brc= 132-230 : +
brc= 32-102 : -
it= 4   ncol= 1547  ncstr= 598  mt= 0.1   spt= 0.0   lpval= 94012.1   ub= 94044.0  
-----------------------------------------------------------------------------------------
elapsed time= 119.41 s.
-----------------------------------------------------------------------------------------
columns pending deletion= 13075 remain= 77231 col ratio= 0.830703 row ratio= 0.874582
 ****** Separate RCCs ****** 
 ****** Separate Rank1Cuts ****** 
it= 3   ncol= 1537  ncstr= 689  mt= 0.0   spt= 0.0   lpval= 94012.8   ub= 94044.0  
-----------------------------------------------------------------------------------------
elapsed time= 120.00 s.
-----------------------------------------------------------------------------------------
delete columns= 22922 remain= 54309
[1;36m[REMIND] 2: gap improved= 0.688909 ratio= 0.022046 threshold= 0.040000 in function increaseCondition2 at /blue/yu.yang1/you.z/route_opt/packages/application/X-n313-k71/src/main/src/call_cutting.cpp:74[0m
 ****** Separate RCCs ****** 
 ****** Separate Rank1Cuts ****** 
it= 4   ncol= 1557  ncstr= 574  mt= 0.0   spt= 0.0   lpval= 94013.0   ub= 94044.0  
-----------------------------------------------------------------------------------------
elapsed time= 120.51 s.
-----------------------------------------------------------------------------------------
columns pending deletion= 3191 remain= 54309 col ratio= 0.941244 row ratio= 0.940767
[1;36m[REMIND] 2: gap improved= 0.275694 ratio= 0.008901 threshold= 0.040000 in function increaseCondition2 at /blue/yu.yang1/you.z/route_opt/packages/application/X-n313-k71/src/main/src/call_cutting.cpp:74[0m
 ****** Separate RCCs ****** 
 ****** Separate Rank1Cuts ****** 
it= 3   ncol= 1569  ncstr= 599  mt= 0.0   spt= 0.0   lpval= 94013.4   ub= 94044.0  
-----------------------------------------------------------------------------------------
elapsed time= 120.91 s.
-----------------------------------------------------------------------------------------
columns pending deletion= 5431 remain= 54309 col ratio= 0.899998 row ratio= 0.906511
[1;36m[REMIND] 2: gap improved= 0.377436 ratio= 0.012336 threshold= 0.040000 in function increaseCondition2 at /blue/yu.yang1/you.z/route_opt/packages/application/X-n313-k71/src/main/src/call_cutting.cpp:74[0m
[1;36m[REMIND] tail off counter= 3 threshold= 3 in function setIfTailOff at /blue/yu.yang1/you.z/route_opt/packages/application/X-n313-k71/src/main/src/call_cutting.cpp:150[0m
current_r_best= 2.1695
alpha= 0.37 beta= 4.82742 omega= 71.6078 k1= 9
lb_k= 1 ub_k= 37
revise: lb_k= 7 ub_k= 13
opt_k= 10
alpha= 0.75 beta= 4.82742 omega= 67.7823 k1= 3
lb_k= 1 ub_k= 3
revise: lb_k= 1 ub_k= 3
opt_k= 3
pseudo= 50 frac= 50
#candidates in phase1= 10
testing lp time= 3.88 s.
-----------------------------------------------------------------------------------------
 54-215 ,  32.78|   0-175 ,  24.17|  24-155 ,  19.66|  54-295 ,  11.71|  53-274 ,  11.71| 
  1-109 ,   9.85|  28-102 ,   6.76|   2-276 ,   4.20|  44-70  ,   4.07|   5-244 ,   3.30| 
-----------------------------------------------------------------------------------------
edge= 24 155 lp= 0.682823 pre= 2 lp2= 28.7855 pre2= 2 score= 19.6554
-----------------------------------------------------------------------------------------
edge= 0 175 lp= 21.9476 pre= 2 lp2= 1.10133 pre2= 2 score= 24.1716
-----------------------------------------------------------------------------------------
edge= 54 215 lp= 1.8988 pre= 0 lp2= 17.2656 pre2= 2 score= 32.7838
-----------------------------------------------------------------------------------------
candidate= 54-215 : +
-----------------------------------------------------------------------------------------
it= 5   ncol= 1693  ncstr= 600  mt= 0.4   spt= 0.0   lpval= 94022.6   ub= 94044.0  
-----------------------------------------------------------------------------------------
elapsed time= 125.20 s.
-----------------------------------------------------------------------------------------
candidate= 0-175 : -
-----------------------------------------------------------------------------------------
it= 5   ncol= 1646  ncstr= 600  mt= 0.4   spt= 0.0   lpval= 94026.8   ub= 94044.0  
-----------------------------------------------------------------------------------------
elapsed time= 125.60 s.
-----------------------------------------------------------------------------------------
candidate= 24-155 : -
-----------------------------------------------------------------------------------------
it= 3   ncol= 1578  ncstr= 600  mt= 0.4   spt= 0.0   lpval= 94013.9   ub= 94044.0  
-----------------------------------------------------------------------------------------
elapsed time= 126.05 s.
-----------------------------------------------------------------------------------------
brc= 54-215
t= 0.203416 c= 10.6786 n= 2 if_b4= 0
t= 0.414455 c= 19.8424 n= 2 if_b4= 0
#########################################################################################
tree size= 1 lb= 94013.4 ub= 94044
#########################################################################################
idx= 5 value= 94013.4 enu= 1
brc= 50-103 : -
brc= 76-103 : -
brc= 49-105 : +
brc= 164-295 : -
brc= 62-296 : -
brc= 126-152 : +
brc= 7-127 : +
brc= 22-54 : -
brc= 117-174 : +
brc= 141-164 : -
brc= 60-137 : +
brc= 24-257 : -
brc= 221-228 : +
brc= 164-249 : -
brc= 175-252 : -
brc= 125-224 : +
brc= 32-276 : -
brc= 75-303 : +
brc= 57-64 : +
brc= 211-239 : +
brc= 25-108 : +
brc= 132-230 : +
brc= 32-102 : -
brc= 54-215 : +
it= 5   ncol= 1654  ncstr= 599  mt= 0.3   spt= 0.0   lpval= 94022.6   ub= 94044.0  
-----------------------------------------------------------------------------------------
elapsed time= 127.49 s.
-----------------------------------------------------------------------------------------
delete columns= 38111 remain= 9596
 ****** Separate RCCs ****** 
 ****** Separate Rank1Cuts ****** 
it= 4   ncol= 1574  ncstr= 566  mt= 0.0   spt= 0.0   lpval= 94026.8   ub= 94044.0  
-----------------------------------------------------------------------------------------
elapsed time= 128.29 s.
-----------------------------------------------------------------------------------------
delete columns= 4474 remain= 5122
mip: row= 481 col= 6594 density= 3.84029%
mip time= 5.22 s.
mip status= 6
#########################################################################################
tree size= 0 lb= 94013.4 ub= 94044
#########################################################################################
idx= 6 value= 94013.4 enu= 1
brc= 50-103 : -
brc= 76-103 : -
brc= 49-105 : +
brc= 164-295 : -
brc= 62-296 : -
brc= 126-152 : +
brc= 7-127 : +
brc= 22-54 : -
brc= 117-174 : +
brc= 141-164 : -
brc= 60-137 : +
brc= 24-257 : -
brc= 221-228 : +
brc= 164-249 : -
brc= 175-252 : -
brc= 125-224 : +
brc= 32-276 : -
brc= 75-303 : +
brc= 57-64 : +
brc= 211-239 : +
brc= 25-108 : +
brc= 132-230 : +
brc= 32-102 : -
brc= 54-215 : -
it= 4   ncol= 1600  ncstr= 599  mt= 0.1   spt= 0.0   lpval= 94015.1   ub= 94044.0  
-----------------------------------------------------------------------------------------
elapsed time= 133.92 s.
-----------------------------------------------------------------------------------------
columns pending deletion= 13137 remain= 48855 col ratio= 0.731102 row ratio= 0.851419
 ****** Separate RCCs ****** 
 ****** Separate Rank1Cuts ****** 
it= 3   ncol= 1604  ncstr= 631  mt= 0.0   spt= 0.0   lpval= 94016.2   ub= 94044.0  
-----------------------------------------------------------------------------------------
elapsed time= 134.50 s.
-----------------------------------------------------------------------------------------
delete columns= 18420 remain= 30435
[1;36m[REMIND] 2: gap improved= 1.106856 ratio= 0.039791 threshold= 0.040000 in function increaseCondition2 at /blue/yu.yang1/you.z/route_opt/packages/application/X-n313-k71/src/main/src/call_cutting.cpp:74[0m
 ****** Separate Rank1Cuts ****** 
it= 2   ncol= 1605  ncstr= 566  mt= 0.0   spt= 0.0   lpval= 94016.6   ub= 94044.0  
-----------------------------------------------------------------------------------------
elapsed time= 135.50 s.
-----------------------------------------------------------------------------------------
columns pending deletion= 3693 remain= 30435 col ratio= 0.878659 row ratio= 0.931095
[1;36m[REMIND] 2: gap improved= 0.382854 ratio= 0.013955 threshold= 0.040000 in function increaseCondition2 at /blue/yu.yang1/you.z/route_opt/packages/application/X-n313-k71/src/main/src/call_cutting.cpp:74[0m
 ****** Separate RCCs ****** 
 ****** Separate Rank1Cuts ****** 
it= 2   ncol= 1591  ncstr= 600  mt= 0.0   spt= 0.0   lpval= 94016.8   ub= 94044.0  
-----------------------------------------------------------------------------------------
elapsed time= 135.94 s.
-----------------------------------------------------------------------------------------
columns pending deletion= 4853 remain= 30435 col ratio= 0.840545 row ratio= 0.906667
[1;36m[REMIND] 2: gap improved= 0.240074 ratio= 0.008828 threshold= 0.040000 in function increaseCondition2 at /blue/yu.yang1/you.z/route_opt/packages/application/X-n313-k71/src/main/src/call_cutting.cpp:74[0m
[1;36m[REMIND] tail off counter= 3 threshold= 3 in function setIfTailOff at /blue/yu.yang1/you.z/route_opt/packages/application/X-n313-k71/src/main/src/call_cutting.cpp:150[0m
current_r_best= 2.53421
alpha= 0.37 beta= 2.79052 omega= 52.4963 k1= 6
lb_k= 1 ub_k= 37
revise: lb_k= 5 ub_k= 8
opt_k= 6
alpha= 0.75 beta= 2.79052 omega= 47.8758 k1= 3
lb_k= 1 ub_k= 3
revise: lb_k= 2 ub_k= 3
opt_k= 3
pseudo= 50 frac= 50
#candidates in phase1= 6
testing lp time= 2.43 s.
-----------------------------------------------------------------------------------------
189-226 ,  13.56|  53-274 ,  13.43|  54-295 ,  13.43| 163-179 ,   5.21| 206-229 ,   4.48| 
149-205 ,   1.17| 
-----------------------------------------------------------------------------------------
edge= 54 295 lp= 1.02352 pre= 0 lp2= 13.1222 pre2= 2 score= 13.4309
-----------------------------------------------------------------------------------------
edge= 53 274 lp= 1.02352 pre= 0 lp2= 13.1222 pre2= 1 score= 13.4309
-----------------------------------------------------------------------------------------
edge= 189 226 lp= 0.466441 pre= 0 lp2= 29.0774 pre2= 2 score= 13.5629
-----------------------------------------------------------------------------------------
candidate= 189-226 : +
-----------------------------------------------------------------------------------------
it= 5   ncol= 1645  ncstr= 601  mt= 0.5   spt= 0.0   lpval= 94025.3   ub= 94044.0  
-----------------------------------------------------------------------------------------
elapsed time= 138.85 s.
-----------------------------------------------------------------------------------------
candidate= 53-274 : +
-----------------------------------------------------------------------------------------
it= 4   ncol= 1655  ncstr= 601  mt= 0.4   spt= 0.0   lpval= 94028.3   ub= 94044.0  
-----------------------------------------------------------------------------------------
elapsed time= 139.21 s.
-----------------------------------------------------------------------------------------
brc= 53-274
t= 0.203158 c= 8.64845 n= 3 if_b4= 0
t= 0.41547 c= 15.7202 n= 3 if_b4= 0
#########################################################################################
tree size= 1 lb= 94016.8 ub= 94044
#########################################################################################
idx= 7 value= 94016.8 enu= 1
brc= 50-103 : -
brc= 76-103 : -
brc= 49-105 : +
brc= 164-295 : -
brc= 62-296 : -
brc= 126-152 : +
brc= 7-127 : +
brc= 22-54 : -
brc= 117-174 : +
brc= 141-164 : -
brc= 60-137 : +
brc= 24-257 : -
brc= 221-228 : +
brc= 164-249 : -
brc= 175-252 : -
brc= 125-224 : +
brc= 32-276 : -
brc= 75-303 : +
brc= 57-64 : +
brc= 211-239 : +
brc= 25-108 : +
brc= 132-230 : +
brc= 32-102 : -
brc= 54-215 : -
brc= 53-274 : +
it= 4   ncol= 1600  ncstr= 600  mt= 0.4   spt= 0.0   lpval= 94028.3   ub= 94044.0  
-----------------------------------------------------------------------------------------
elapsed time= 140.55 s.
-----------------------------------------------------------------------------------------
delete columns= 19428 remain= 4558
 ****** Separate RCCs ****** 
 ****** Separate Rank1Cuts ****** 
it= 3   ncol= 1410  ncstr= 533  mt= 0.0   spt= 0.0   lpval= 94032.4   ub= 94044.0  
-----------------------------------------------------------------------------------------
elapsed time= 141.02 s.
-----------------------------------------------------------------------------------------
delete columns= 2432 remain= 2126
mip: row= 478 col= 3363 density= 3.89602%
mip time= 1.21 s.
mip status= 6
#########################################################################################
tree size= 0 lb= 94016.8 ub= 94044
#########################################################################################
idx= 8 value= 94016.8 enu= 1
brc= 50-103 : -
brc= 76-103 : -
brc= 49-105 : +
brc= 164-295 : -
brc= 62-296 : -
brc= 126-152 : +
brc= 7-127 : +
brc= 22-54 : -
brc= 117-174 : +
brc= 141-164 : -
brc= 60-137 : +
brc= 24-257 : -
brc= 221-228 : +
brc= 164-249 : -
brc= 175-252 : -
brc= 125-224 : +
brc= 32-276 : -
brc= 75-303 : +
brc= 57-64 : +
brc= 211-239 : +
brc= 25-108 : +
brc= 132-230 : +
brc= 32-102 : -
brc= 54-215 : -
brc= 53-274 : -
it= 3   ncol= 1601  ncstr= 600  mt= 0.0   spt= 0.0   lpval= 94017.8   ub= 94044.0  
-----------------------------------------------------------------------------------------
elapsed time= 142.54 s.
-----------------------------------------------------------------------------------------
columns pending deletion= 1818 remain= 25581 col ratio= 0.928932 row ratio= 0.895
 ****** Separate RCCs ****** 
 ****** Separate Rank1Cuts ****** 
it= 3   ncol= 1606  ncstr= 633  mt= 0.0   spt= 0.0   lpval= 94018.5   ub= 94044.0  
-----------------------------------------------------------------------------------------
elapsed time= 142.98 s.
-----------------------------------------------------------------------------------------
columns pending deletion= 3807 remain= 25581 col ratio= 0.851179 row ratio= 0.873618
[1;36m[REMIND] 2: gap improved= 0.716714 ratio= 0.028145 threshold= 0.040000 in function increaseCondition2 at /blue/yu.yang1/you.z/route_opt/packages/application/X-n313-k71/src/main/src/call_cutting.cpp:74[0m
 ****** Separate RCCs ****** 
 ****** Separate Rank1Cuts ****** 
it= 2   ncol= 1605  ncstr= 683  mt= 0.0   spt= 0.0   lpval= 94018.7   ub= 94044.0  
-----------------------------------------------------------------------------------------
elapsed time= 143.51 s.
-----------------------------------------------------------------------------------------
columns pending deletion= 4622 remain= 25581 col ratio= 0.819319 row ratio= 0.833089
[1;36m[REMIND] 2: gap improved= 0.171774 ratio= 0.006791 threshold= 0.040000 in function increaseCondition2 at /blue/yu.yang1/you.z/route_opt/packages/application/X-n313-k71/src/main/src/call_cutting.cpp:74[0m
 ****** Separate RCCs ****** 
 ****** Separate Rank1Cuts ****** 
it= 2   ncol= 1600  ncstr= 725  mt= 0.0   spt= 0.0   lpval= 94018.7   ub= 94044.0  
-----------------------------------------------------------------------------------------
elapsed time= 144.01 s.
-----------------------------------------------------------------------------------------
columns pending deletion= 4976 remain= 25581 col ratio= 0.805481 row ratio= 0.783448
current_r_best= 1.47673
alpha= 0.37 beta= 3.47334 omega= 42.5701 k1= 6
lb_k= 1 ub_k= 37
revise: lb_k= 5 ub_k= 8
opt_k= 7
alpha= 0.75 beta= 3.47334 omega= 37.8373 k1= 3
lb_k= 1 ub_k= 3
revise: lb_k= 2 ub_k= 3
opt_k= 3
pseudo= 50 frac= 50
#candidates in phase1= 7
testing lp time= 3.70 s.
-----------------------------------------------------------------------------------------
189-226 ,  93.34| 138-203 ,  22.12|   0-175 ,  19.43|   0-279 ,  15.72|  32-153 ,   7.00| 
 85-103 ,   3.89| 116-155 ,   2.34| 
-----------------------------------------------------------------------------------------
edge= 0 175 lp= 18.4922 pre= 1 lp2= 1.05083 pre2= 0 score= 19.4322
-----------------------------------------------------------------------------------------
edge= 138 203 lp= 0.49298 pre= 0 lp2= 44.8614 pre2= 1 score= 22.1158
-----------------------------------------------------------------------------------------
edge= 189 226 lp= 2.88613 pre= 0 lp2= 32.3405 pre2= 2 score= 93.3387
-----------------------------------------------------------------------------------------
candidate= 189-226 : +
-----------------------------------------------------------------------------------------
it= 3   ncol= 1652  ncstr= 726  mt= 0.5   spt= 0.0   lpval= 94027.8   ub= 94044.0  
-----------------------------------------------------------------------------------------
elapsed time= 148.23 s.
-----------------------------------------------------------------------------------------
brc= 189-226
t= 0.21545 c= 7.27973 n= 4 if_b4= 0
t= 0.433843 c= 13.2569 n= 4 if_b4= 0
#########################################################################################
tree size= 1 lb= 94018.7 ub= 94044
#########################################################################################
idx= 9 value= 94018.7 enu= 1
brc= 50-103 : -
brc= 76-103 : -
brc= 49-105 : +
brc= 164-295 : -
brc= 62-296 : -
brc= 126-152 : +
brc= 7-127 : +
brc= 22-54 : -
brc= 117-174 : +
brc= 141-164 : -
brc= 60-137 : +
brc= 24-257 : -
brc= 221-228 : +
brc= 164-249 : -
brc= 175-252 : -
brc= 125-224 : +
brc= 32-276 : -
brc= 75-303 : +
brc= 57-64 : +
brc= 211-239 : +
brc= 25-108 : +
brc= 132-230 : +
brc= 32-102 : -
brc= 54-215 : -
brc= 53-274 : -
brc= 189-226 : +
it= 3   ncol= 1627  ncstr= 725  mt= 0.6   spt= 0.0   lpval= 94027.8   ub= 94044.0  
-----------------------------------------------------------------------------------------
elapsed time= 150.05 s.
-----------------------------------------------------------------------------------------
delete columns= 14221 remain= 6331
 ****** Separate RCCs ****** 
 ****** Separate Rank1Cuts ****** 
it= 2   ncol= 1517  ncstr= 577  mt= 0.0   spt= 0.0   lpval= 94029.2   ub= 94044.0  
-----------------------------------------------------------------------------------------
elapsed time= 150.55 s.
-----------------------------------------------------------------------------------------
columns pending deletion= 1585 remain= 6331 col ratio= 0.749645 row ratio= 0.930676
mip: row= 537 col= 6204 density= 4.75815%
mip time= 2.32 s.
mip status= 6
#########################################################################################
tree size= 0 lb= 94018.7 ub= 94044
#########################################################################################
idx= 10 value= 94018.7 enu= 1
brc= 50-103 : -
brc= 76-103 : -
brc= 49-105 : +
brc= 164-295 : -
brc= 62-296 : -
brc= 126-152 : +
brc= 7-127 : +
brc= 22-54 : -
brc= 117-174 : +
brc= 141-164 : -
brc= 60-137 : +
brc= 24-257 : -
brc= 221-228 : +
brc= 164-249 : -
brc= 175-252 : -
brc= 125-224 : +
brc= 32-276 : -
brc= 75-303 : +
brc= 57-64 : +
brc= 211-239 : +
brc= 25-108 : +
brc= 132-230 : +
brc= 32-102 : -
brc= 54-215 : -
brc= 53-274 : -
brc= 189-226 : -
it= 3   ncol= 1618  ncstr= 725  mt= 0.1   spt= 0.0   lpval= 94020.1   ub= 94044.0  
-----------------------------------------------------------------------------------------
elapsed time= 153.42 s.
-----------------------------------------------------------------------------------------
columns pending deletion= 2248 remain= 20601 col ratio= 0.890879 row ratio= 0.76
 ****** Separate RCCs ****** 
 ****** Separate Rank1Cuts ****** 
it= 2   ncol= 1603  ncstr= 753  mt= 0.0   spt= 0.0   lpval= 94020.4   ub= 94044.0  
-----------------------------------------------------------------------------------------
elapsed time= 154.00 s.
-----------------------------------------------------------------------------------------
columns pending deletion= 2857 remain= 20601 col ratio= 0.861317 row ratio= 0.7583
[1;36m[REMIND] 2: gap improved= 0.308842 ratio= 0.013103 threshold= 0.040000 in function increaseCondition2 at /blue/yu.yang1/you.z/route_opt/packages/application/X-n313-k71/src/main/src/call_cutting.cpp:74[0m
mip: row= 571 col= 19343 density= 5.27138%
mip time= 62.71 s.
mip status= 6
update f from 20.1222 to 23.5708
#########################################################################################
[32m<Instance: X-n313-k71>
<Solution>
<UB= 94044>
<LB= 94044>
<Elapsed Time= 216.8>
<Nodes Explored= 11>
<Global Gap= 0%>[0m
#########################################################################################
File nodes/X-n313-k71_2_2_0_1_1_1_2_1_0_0_0_G32.node deleted successfully.
