application type: CVRP
X-n313-k71_2_2_0_1_2_3_1_2_2_0_1_G32.node
Set parameter ServerTimeout to value 600
Set parameter TokenServer to value "grb-ts.ufhpc"
Set parameter Threads to value 1
instance name= X-n313-k71
#########################################################################################
tree size= 0 lb= 0 ub= 94044
#########################################################################################
idx= 3 value= 93999 enu= 0
brc= 50-103 : -
brc= 76-103 : -
brc= 49-105 : +
brc= 164-295 : -
brc= 62-296 : -
brc= 126-152 : +
brc= 7-127 : +
brc= 22-54 : -
brc= 117-174 : +
brc= 141-164 : -
brc= 60-137 : -
brc= 164-228 : +
brc= 125-224 : -
brc= 0-121 : -
brc= 155-276 : -
brc= 43-141 : +
brc= 9-150 : -
brc= 75-303 : +
brc= 147-174 : -
brc= 189-278 : -
brc= 164-175 : +
brc= 211-239 : -
brc= 132-230 : -
brc= 74-252 : +
brc= 22-239 : +
brc= 24-257 : -
brc= 0-260 : +
-----------------------------------------------------------------------------------------
 ****** Pricing Level: LIGHT HEUR ****** 
it= 8   ncol= 1333  ncstr= 583  mt= 0.3   spt= 0.2   lpval= 94033.6   ub= 94044.0  
 ****** Pricing Level: HEAVY HEUR ****** 
it= 7   ncol= 1449  ncstr= 583  mt= 0.2   spt= 0.4   lpval= 94031.8   ub= 94044.0  
 ****** Pricing Level: EXACT ****** 
it= 4   ncol= 1568  ncstr= 583  mt= 0.0   spt= 2.8   lpval= 94031.8   ub= 94044.0  
-----------------------------------------------------------------------------------------
elapsed time= 7.31 s.
-----------------------------------------------------------------------------------------
-----------------------------------------------------------------------------------------
 ****** Run Arc Elimination ****** 
arc elimination time= 0.24 s.
previous= 28.8583% maximum= 0.764538%
eliminate bucket arcs time= 0.22 s.
obtain jump arcs time= 0.01 s.
-----------------------------------------------------------------------------------------
-----------------------------------------------------------------------------------------
elapsed time= 8.11 s.
-----------------------------------------------------------------------------------------
-----------------------------------------------------------------------------------------
 ****** Try Enumeration ****** 
#labels= 9989 #routes= 1
labeling 1 time= 0.05 s.
concatenate time= 0.01 s.
#routes= 3721
average gap of successful enumeration= 0.000119228
next try value > 93996.6
-----------------------------------------------------------------------------------------
elapsed time= 8.22 s.
-----------------------------------------------------------------------------------------
 ****** Process Enumeration Matrix ****** 
delete non-ele routes lp val= 94032.9
recover rank1c lp val= 94033.3
recover rcc lp val= 94034
obtain rcc coefficient time= 0.00 s.
obtain r1c coefficient time= 0.00 s.
obtain matrix from triplets time= 0.00 s.
delete columns by branch time= 0.00 s.
columns pending deletion= 23 remain= 3721 col ratio= 0.993819 row ratio= 1
regenerate enumeration matrix time= 0.00 s.
-----------------------------------------------------------------------------------------
elapsed time= 9.52 s.
-----------------------------------------------------------------------------------------
it= 3   ncol= 1324  ncstr= 542  mt= 0.0   spt= 0.0   lpval= 94033.9   ub= 94044.0  
-----------------------------------------------------------------------------------------
elapsed time= 9.56 s.
-----------------------------------------------------------------------------------------
delete columns= 1552 remain= 2169
 ****** Separate RCCs ****** 
 ****** Separate Rank1Cuts ****** 
it= 3   ncol= 1082  ncstr= 511  mt= 0.0   spt= 0.0   lpval= 94035.4   ub= 94044.0  
-----------------------------------------------------------------------------------------
elapsed time= 9.86 s.
-----------------------------------------------------------------------------------------
columns pending deletion= 448 remain= 2169 col ratio= 0.793453 row ratio= 0.960861
mip: row= 491 col= 2762 density= 3.53643%
mip time= 0.61 s.
mip status= 6
update f from 0 to 8.64918
#########################################################################################
[32m<Instance: X-n313-k71>
<Solution>
<UB= 94044>
<LB= 94044>
<Elapsed Time= 10.5>
<Nodes Explored= 1>
<Global Gap= 0%>[0m
#########################################################################################
File nodes/X-n313-k71_2_2_0_1_2_3_1_2_2_0_1_G32.node deleted successfully.
