application type: CVRP
X-n313-k71_2_2_2_0_5_1_2_5_4_2_G32.node
Set parameter ServerTimeout to value 600
Set parameter TokenServer to value "grb-ts.ufhpc"
Set parameter Threads to value 1
instance name= X-n313-k71
#########################################################################################
tree size= 0 lb= 0 ub= 94044
#########################################################################################
idx= 5 value= 93997.2 enu= 0
brc= 50-103 : -
brc= 76-103 : -
brc= 49-105 : +
brc= 164-295 : -
brc= 62-296 : -
brc= 126-152 : +
brc= 7-127 : -
brc= 250-278 : -
brc= 19-115 : +
brc= 136-143 : +
brc= 33-281 : -
brc= 118-296 : -
brc= 10-161 : -
brc= 141-164 : -
brc= 117-174 : -
brc= 132-230 : +
brc= 24-162 : -
brc= 270-279 : +
brc= 74-260 : -
brc= 24-299 : -
brc= 164-175 : +
brc= 95-260 : -
brc= 260-281 : -
brc= 0-260 : -
brc= 24-155 : -
brc= 24-257 : -
brc= 236-311 : +
brc= 25-260 : -
brc= 22-239 : -
brc= 145-221 : -
brc= 43-211 : -
brc= 22-290 : +
brc= 95-312 : -
brc= 6-60 : -
brc= 189-226 : +
-----------------------------------------------------------------------------------------
 ****** Pricing Level: LIGHT HEUR ****** 
it= 8   ncol= 1356  ncstr= 610  mt= 0.3   spt= 0.2   lpval= 94010.0   ub= 94044.0  
 ****** Pricing Level: HEAVY HEUR ****** 
it= 7   ncol= 1473  ncstr= 610  mt= 0.2   spt= 0.4   lpval= 94006.6   ub= 94044.0  
 ****** Pricing Level: EXACT ****** 
it= 3   ncol= 1544  ncstr= 610  mt= 0.1   spt= 2.7   lpval= 94006.4   ub= 94044.0  
-----------------------------------------------------------------------------------------
elapsed time= 7.52 s.
-----------------------------------------------------------------------------------------
-----------------------------------------------------------------------------------------
 ****** Run Arc Elimination ****** 
arc elimination time= 2.52 s.
previous= 73.5551% maximum= 2.17525%
eliminate bucket arcs time= 0.42 s.
obtain jump arcs time= 0.01 s.
-----------------------------------------------------------------------------------------
-----------------------------------------------------------------------------------------
elapsed time= 10.82 s.
-----------------------------------------------------------------------------------------
-----------------------------------------------------------------------------------------
 ****** Try Enumeration ****** 
#labels= 146708 #routes= 6
labeling 1 time= 1.96 s.
concatenate time= 2.60 s.
#routes= 153238
average gap of successful enumeration= 0.000389532
next try value > 93989.7
-----------------------------------------------------------------------------------------
elapsed time= 15.46 s.
-----------------------------------------------------------------------------------------
 ****** Process Enumeration Matrix ****** 
delete non-ele routes lp val= 94006.8
recover rank1c lp val= 94007
recover rcc lp val= 94007.6
obtain rcc coefficient time= 0.09 s.
obtain r1c coefficient time= 0.20 s.
obtain matrix from triplets time= 0.29 s.
delete columns by branch time= 0.00 s.
columns pending deletion= 2387 remain= 153238 col ratio= 0.984423 row ratio= 1
regenerate enumeration matrix time= 0.00 s.
-----------------------------------------------------------------------------------------
elapsed time= 17.53 s.
-----------------------------------------------------------------------------------------
it= 4   ncol= 1294  ncstr= 562  mt= 0.0   spt= 0.0   lpval= 94007.6   ub= 94044.0  
-----------------------------------------------------------------------------------------
elapsed time= 17.63 s.
-----------------------------------------------------------------------------------------
columns pending deletion= 44464 remain= 153238 col ratio= 0.709837 row ratio= 0.925267
 ****** Separate RCCs ****** 
 ****** Separate Rank1Cuts ****** 
it= 4   ncol= 1251  ncstr= 599  mt= 0.1   spt= 0.0   lpval= 94010.9   ub= 94044.0  
-----------------------------------------------------------------------------------------
elapsed time= 18.21 s.
-----------------------------------------------------------------------------------------
delete columns= 78249 remain= 74989
 ****** Separate RCCs ****** 
 ****** Separate Rank1Cuts ****** 
it= 3   ncol= 1274  ncstr= 598  mt= 0.0   spt= 0.0   lpval= 94012.8   ub= 94044.0  
-----------------------------------------------------------------------------------------
elapsed time= 18.81 s.
-----------------------------------------------------------------------------------------
columns pending deletion= 20188 remain= 74989 col ratio= 0.730787 row ratio= 0.889632
 ****** Separate RCCs ****** 
 ****** Separate Rank1Cuts ****** 
it= 4   ncol= 1291  ncstr= 629  mt= 0.0   spt= 0.0   lpval= 94014.0   ub= 94044.0  
-----------------------------------------------------------------------------------------
elapsed time= 19.32 s.
-----------------------------------------------------------------------------------------
delete columns= 27391 remain= 47598
[1;36m[REMIND] 2: gap improved= 1.192056 ratio= 0.039680 threshold= 0.040000 in function increaseCondition2 at /blue/yu.yang1/you.z/route_opt/packages/application/X-n313-k71/src/main/src/call_cutting.cpp:74[0m
 ****** Separate Rank1Cuts ****** 
it= 3   ncol= 1301  ncstr= 579  mt= 0.0   spt= 0.0   lpval= 94014.3   ub= 94044.0  
-----------------------------------------------------------------------------------------
elapsed time= 20.22 s.
-----------------------------------------------------------------------------------------
columns pending deletion= 4202 remain= 47598 col ratio= 0.911719 row ratio= 0.944732
[1;36m[REMIND] 2: gap improved= 0.350081 ratio= 0.011790 threshold= 0.040000 in function increaseCondition2 at /blue/yu.yang1/you.z/route_opt/packages/application/X-n313-k71/src/main/src/call_cutting.cpp:74[0m
 ****** Separate RCCs ****** 
 ****** Separate Rank1Cuts ****** 
it= 3   ncol= 1301  ncstr= 627  mt= 0.0   spt= 0.0   lpval= 94014.7   ub= 94044.0  
-----------------------------------------------------------------------------------------
elapsed time= 20.67 s.
-----------------------------------------------------------------------------------------
columns pending deletion= 6617 remain= 47598 col ratio= 0.860982 row ratio= 0.901116
[1;36m[REMIND] 2: gap improved= 0.428082 ratio= 0.014628 threshold= 0.040000 in function increaseCondition2 at /blue/yu.yang1/you.z/route_opt/packages/application/X-n313-k71/src/main/src/call_cutting.cpp:74[0m
[1;36m[REMIND] tail off counter= 3 threshold= 3 in function setIfTailOff at /blue/yu.yang1/you.z/route_opt/packages/application/X-n313-k71/src/main/src/call_cutting.cpp:150[0m
[1;36m[REMIND] opt_k not found for node 5, use m directly in function getOptK at /blue/yu.yang1/you.z/route_opt/packages/branching/bkf/include/bkf_controller.hpp:239[0m
current_r_best= 12.7682
we directly test 100
we directly test 4
pseudo= 50 frac= 50
#candidates in phase1= 100
testing lp time= 36.66 s.
-----------------------------------------------------------------------------------------
  0-204 ,  67.45| 208-226 ,  64.64| 139-269 ,  63.92| 204-302 ,  60.42| 171-289 ,  56.81| 
117-207 ,  52.07| 162-250 ,  48.66| 117-221 ,  43.48| 131-221 ,  43.48| 131-147 ,  42.19| 
201-278 ,  40.18| 131-281 ,  37.23|   6-89  ,  34.63| 155-204 ,  34.29|   0-270 ,  33.80| 
 74-279 ,  33.80|  25-74  ,  33.80|   0-279 ,  33.80|  95-252 ,  31.22|   0-95  ,  29.83| 
 70-133 ,  29.62|  86-243 ,  27.34|  74-252 ,  27.06|  51-84  ,  26.73|   9-150 ,  26.44| 
  0-3   ,  25.72|  56-228 ,  24.55|  69-277 ,  23.63|  69-228 ,  23.63|   0-69  ,  23.63| 
 33-93  ,  23.63|   0-176 ,  23.63|  74-312 ,  20.96| 161-266 ,  20.91|   0-147 ,  19.70| 
107-267 ,  19.29|   0-174 ,  19.28| 174-237 ,  19.13|  57-64  ,  18.57| 109-138 ,  18.34| 
214-217 ,  18.10|   0-301 ,  16.04| 218-302 ,  13.29|  52-296 ,  13.23|   3-269 ,  12.96| 
 21-191 ,  12.25| 253-274 ,  11.51| 127-145 ,  10.54|  42-136 ,  10.34|  27-50  ,  10.01| 
 18-301 ,   9.83|   0-127 ,   9.35|   0-296 ,   8.50|  23-296 ,   8.50|  86-265 ,   8.26| 
118-127 ,   8.13|  23-118 ,   7.25|  74-265 ,   7.13|   0-74  ,   6.61|  25-122 ,   6.59| 
184-303 ,   6.51|  74-190 ,   6.23|   0-220 ,   6.05|  29-130 ,   5.18|  18-29  ,   5.18| 
  0-29  ,   5.18| 240-275 ,   5.01|  64-79  ,   4.16|   0-9   ,   3.79| 145-298 ,   3.61| 
 82-99  ,   3.56|  25-108 ,   3.38|   0-298 ,   3.37|   9-64  ,   2.42|  17-272 ,   2.39| 
210-305 ,   2.38|   0-34  ,   1.87|  34-99  ,   1.67| 161-216 ,   1.57| 163-216 ,   1.57| 
 81-307 ,   1.18| 169-199 ,   1.18|  88-110 ,   1.17| 200-220 ,   1.15| 181-220 ,   1.15| 
184-243 ,   1.11| 198-291 ,   0.51| 184-267 ,   0.50| 127-301 ,   0.50| 251-297 ,   0.47| 
163-205 ,   0.47|  18-267 ,   0.42|  67-293 ,   0.31|  86-127 ,   0.27|  17-45  ,   0.18| 
108-145 ,   0.14|  21-184 ,   0.07|   0-181 ,   0.05| 171-280 ,   0.00|  73-254 ,   0.00| 
-----------------------------------------------------------------------------------------
edge= 204 302 lp= 1.87388 pre= 2 lp2= 32.2447 pre2= 2 score= 60.4229
-----------------------------------------------------------------------------------------
edge= 139 269 lp= 8.99603 pre= 0 lp2= 7.10495 pre2= 1 score= 63.9163
-----------------------------------------------------------------------------------------
edge= 208 226 lp= 4.20619 pre= 2 lp2= 15.3685 pre2= 2 score= 64.6429
-----------------------------------------------------------------------------------------
edge= 0 204 lp= 31.4442 pre= 2 lp2= 2.14504 pre2= 2 score= 67.4491
-----------------------------------------------------------------------------------------
candidate= 0-204 : -
-----------------------------------------------------------------------------------------
it= 5   ncol= 1376  ncstr= 628  mt= 0.4   spt= 0.0   lpval= 94028.3   ub= 94044.0  
-----------------------------------------------------------------------------------------
elapsed time= 57.78 s.
-----------------------------------------------------------------------------------------
candidate= 208-226 : -
-----------------------------------------------------------------------------------------
it= 3   ncol= 1338  ncstr= 628  mt= 0.3   spt= 0.0   lpval= 94018.3   ub= 94044.0  
-----------------------------------------------------------------------------------------
elapsed time= 58.09 s.
-----------------------------------------------------------------------------------------
candidate= 139-269 : -
-----------------------------------------------------------------------------------------
it= 5   ncol= 1352  ncstr= 628  mt= 0.4   spt= 0.0   lpval= 94021.8   ub= 94044.0  
-----------------------------------------------------------------------------------------
elapsed time= 58.47 s.
-----------------------------------------------------------------------------------------
candidate= 208-226 : +
-----------------------------------------------------------------------------------------
it= 3   ncol= 1348  ncstr= 628  mt= 0.4   spt= 0.0   lpval= 94023.8   ub= 94044.0  
-----------------------------------------------------------------------------------------
elapsed time= 58.86 s.
-----------------------------------------------------------------------------------------
brc= 139-269
t= 0.183281 c= 18.8233 n= 0 if_b4= 0
t= 0.383532 c= 36.3844 n= 0 if_b4= 0
#########################################################################################
tree size= 1 lb= 94014.7 ub= 94044
#########################################################################################
idx= 1 value= 94014.7 enu= 1
brc= 50-103 : -
brc= 76-103 : -
brc= 49-105 : +
brc= 164-295 : -
brc= 62-296 : -
brc= 126-152 : +
brc= 7-127 : -
brc= 250-278 : -
brc= 19-115 : +
brc= 136-143 : +
brc= 33-281 : -
brc= 118-296 : -
brc= 10-161 : -
brc= 141-164 : -
brc= 117-174 : -
brc= 132-230 : +
brc= 24-162 : -
brc= 270-279 : +
brc= 74-260 : -
brc= 24-299 : -
brc= 164-175 : +
brc= 95-260 : -
brc= 260-281 : -
brc= 0-260 : -
brc= 24-155 : -
brc= 24-257 : -
brc= 236-311 : +
brc= 25-260 : -
brc= 22-239 : -
brc= 145-221 : -
brc= 43-211 : -
brc= 22-290 : +
brc= 95-312 : -
brc= 6-60 : -
brc= 189-226 : +
brc= 139-269 : +
it= 5   ncol= 1356  ncstr= 627  mt= 0.4   spt= 0.0   lpval= 94019.2   ub= 94044.0  
-----------------------------------------------------------------------------------------
elapsed time= 60.25 s.
-----------------------------------------------------------------------------------------
delete columns= 15663 remain= 25226
 ****** Separate RCCs ****** 
 ****** Separate Rank1Cuts ****** 
it= 3   ncol= 1348  ncstr= 592  mt= 0.0   spt= 0.0   lpval= 94021.0   ub= 94044.0  
-----------------------------------------------------------------------------------------
elapsed time= 60.78 s.
-----------------------------------------------------------------------------------------
columns pending deletion= 5900 remain= 25226 col ratio= 0.766114 row ratio= 0.912162
 ****** Separate RCCs ****** 
 ****** Separate Rank1Cuts ****** 
it= 3   ncol= 1330  ncstr= 632  mt= 0.0   spt= 0.0   lpval= 94021.7   ub= 94044.0  
-----------------------------------------------------------------------------------------
elapsed time= 61.23 s.
-----------------------------------------------------------------------------------------
delete columns= 8147 remain= 17079
[1;36m[REMIND] 2: gap improved= 0.613102 ratio= 0.027445 threshold= 0.040000 in function increaseCondition2 at /blue/yu.yang1/you.z/route_opt/packages/application/X-n313-k71/src/main/src/call_cutting.cpp:74[0m
mip: row= 555 col= 18402 density= 5.0387%
mip time= 43.28 s.
mip status= 6
update f from 0 to 22.339
#########################################################################################
tree size= 0 lb= 94014.7 ub= 94044
#########################################################################################
idx= 2 value= 94014.7 enu= 1
brc= 50-103 : -
brc= 76-103 : -
brc= 49-105 : +
brc= 164-295 : -
brc= 62-296 : -
brc= 126-152 : +
brc= 7-127 : -
brc= 250-278 : -
brc= 19-115 : +
brc= 136-143 : +
brc= 33-281 : -
brc= 118-296 : -
brc= 10-161 : -
brc= 141-164 : -
brc= 117-174 : -
brc= 132-230 : +
brc= 24-162 : -
brc= 270-279 : +
brc= 74-260 : -
brc= 24-299 : -
brc= 164-175 : +
brc= 95-260 : -
brc= 260-281 : -
brc= 0-260 : -
brc= 24-155 : -
brc= 24-257 : -
brc= 236-311 : +
brc= 25-260 : -
brc= 22-239 : -
brc= 145-221 : -
brc= 43-211 : -
brc= 22-290 : +
brc= 95-312 : -
brc= 6-60 : -
brc= 189-226 : +
brc= 139-269 : -
it= 5   ncol= 1346  ncstr= 627  mt= 0.1   spt= 0.0   lpval= 94021.8   ub= 94044.0  
-----------------------------------------------------------------------------------------
elapsed time= 105.09 s.
-----------------------------------------------------------------------------------------
delete columns= 24581 remain= 16383
 ****** Separate RCCs ****** 
 ****** Separate Rank1Cuts ****** 
it= 4   ncol= 1356  ncstr= 631  mt= 0.1   spt= 0.0   lpval= 94023.4   ub= 94044.0  
-----------------------------------------------------------------------------------------
elapsed time= 105.79 s.
-----------------------------------------------------------------------------------------
columns pending deletion= 4087 remain= 16383 col ratio= 0.750534 row ratio= 0.868463
mip: row= 548 col= 13606 density= 5.08568%
mip time= 32.95 s.
mip status= 6
#########################################################################################
[32m<Instance: X-n313-k71>
<Solution>
<UB= 94044>
<LB= 94044>
<Elapsed Time= 138.8>
<Nodes Explored= 3>
<Global Gap= 0%>[0m
#########################################################################################
File nodes/X-n313-k71_2_2_2_0_5_1_2_5_4_2_G32.node deleted successfully.
