application type: CVRP
X-n313-k71_2_4_6_4_2_2_0_G32.node
Set parameter ServerTimeout to value 600
Set parameter TokenServer to value "grb-ts.ufhpc"
Set parameter Threads to value 1
instance name= X-n313-k71
#########################################################################################
tree size= 0 lb= 0 ub= 94044
#########################################################################################
idx= 1 value= 93995.1 enu= 0
brc= 50-103 : -
brc= 76-103 : -
brc= 49-105 : +
brc= 164-295 : -
brc= 62-296 : -
brc= 126-152 : -
brc= 109-138 : -
brc= 57-130 : +
brc= 70-121 : -
brc= 31-70 : -
brc= 33-281 : -
brc= 243-267 : -
brc= 10-161 : -
brc= 0-121 : -
brc= 204-208 : +
brc= 70-133 : -
brc= 108-301 : -
brc= 141-164 : -
brc= 164-260 : -
brc= 132-230 : +
brc= 3-115 : -
brc= 64-128 : -
brc= 127-145 : +
brc= 29-131 : -
brc= 29-174 : -
brc= 0-184 : +
brc= 189-278 : +
-----------------------------------------------------------------------------------------
 ****** Pricing Level: LIGHT HEUR ****** 
it= 8   ncol= 1461  ncstr= 599  mt= 0.5   spt= 0.2   lpval= 94021.0   ub= 94044.0  
 ****** Pricing Level: HEAVY HEUR ****** 
it= 5   ncol= 1543  ncstr= 599  mt= 0.2   spt= 0.3   lpval= 94015.4   ub= 94044.0  
 ****** Pricing Level: EXACT ****** 
it= 4   ncol= 1608  ncstr= 599  mt= 0.0   spt= 3.0   lpval= 94015.1   ub= 94044.0  
-----------------------------------------------------------------------------------------
elapsed time= 7.64 s.
-----------------------------------------------------------------------------------------
-----------------------------------------------------------------------------------------
 ****** Run Arc Elimination ****** 
arc elimination time= 1.59 s.
previous= 58.1138% maximum= 1.59666%
eliminate bucket arcs time= 0.36 s.
obtain jump arcs time= 0.01 s.
-----------------------------------------------------------------------------------------
-----------------------------------------------------------------------------------------
elapsed time= 9.94 s.
-----------------------------------------------------------------------------------------
-----------------------------------------------------------------------------------------
 ****** Try Enumeration ****** 
#labels= 77237 #routes= 6
labeling 1 time= 0.71 s.
concatenate time= 0.72 s.
#routes= 54057
average gap of successful enumeration= 0.000296217
next try value > 93984.8
-----------------------------------------------------------------------------------------
elapsed time= 11.44 s.
-----------------------------------------------------------------------------------------
 ****** Process Enumeration Matrix ****** 
delete non-ele routes lp val= 94016.7
recover rank1c lp val= 94017
recover rcc lp val= 94017.6
obtain rcc coefficient time= 0.02 s.
obtain r1c coefficient time= 0.07 s.
obtain matrix from triplets time= 0.07 s.
delete columns by branch time= 0.00 s.
columns pending deletion= 175 remain= 54057 col ratio= 0.996763 row ratio= 1
regenerate enumeration matrix time= 0.00 s.
-----------------------------------------------------------------------------------------
elapsed time= 12.98 s.
-----------------------------------------------------------------------------------------
it= 4   ncol= 1398  ncstr= 558  mt= 0.0   spt= 0.0   lpval= 94017.0   ub= 94044.0  
-----------------------------------------------------------------------------------------
elapsed time= 13.05 s.
-----------------------------------------------------------------------------------------
delete columns= 19221 remain= 34836
 ****** Separate RCCs ****** 
 ****** Separate Rank1Cuts ****** 
it= 3   ncol= 1281  ncstr= 556  mt= 0.0   spt= 0.0   lpval= 94020.0   ub= 94044.0  
-----------------------------------------------------------------------------------------
elapsed time= 13.58 s.
-----------------------------------------------------------------------------------------
columns pending deletion= 12081 remain= 34836 col ratio= 0.653204 row ratio= 0.928058
 ****** Separate RCCs ****** 
 ****** Separate Rank1Cuts ****** 
it= 3   ncol= 1278  ncstr= 598  mt= 0.0   spt= 0.0   lpval= 94022.0   ub= 94044.0  
-----------------------------------------------------------------------------------------
elapsed time= 14.13 s.
-----------------------------------------------------------------------------------------
delete columns= 17899 remain= 16937
mip: row= 533 col= 18204 density= 4.79446%
mip time= 16.31 s.
mip status= 6
update f from 0 to 22.0325
#########################################################################################
[32m<Instance: X-n313-k71>
<Solution>
<UB= 94044>
<LB= 94044>
<Elapsed Time= 30.5>
<Nodes Explored= 1>
<Global Gap= 0%>[0m
#########################################################################################
File nodes/X-n313-k71_2_4_6_4_2_2_0_G32.node deleted successfully.
