application type: CVRP
X-n313-k71_2_4_3_1_7_1_4_G32.node
Set parameter ServerTimeout to value 600
Set parameter TokenServer to value "grb-ts.ufhpc"
Set parameter Threads to value 1
instance name= X-n313-k71
#########################################################################################
tree size= 0 lb= 0 ub= 94044
#########################################################################################
idx= 9 value= 93987.9 enu= 0
brc= 50-103 : -
brc= 76-103 : -
brc= 49-105 : +
brc= 164-295 : -
brc= 62-296 : -
brc= 126-152 : -
brc= 109-138 : -
brc= 57-130 : +
brc= 70-121 : -
brc= 31-70 : -
brc= 33-281 : -
brc= 243-267 : +
brc= 70-133 : -
brc= 126-142 : +
brc= 0-121 : -
brc= 141-164 : -
brc= 2-89 : -
brc= 18-301 : -
brc= 18-224 : -
brc= 132-155 : -
brc= 52-296 : -
brc= 125-224 : +
brc= 6-60 : -
brc= 162-208 : +
brc= 207-230 : -
brc= 164-260 : -
brc= 29-218 : -
brc= 19-106 : -
brc= 3-128 : +
-----------------------------------------------------------------------------------------
 ****** Pricing Level: LIGHT HEUR ****** 
it= 9   ncol= 1324  ncstr= 581  mt= 0.2   spt= 0.2   lpval= 94008.2   ub= 94044.0  
 ****** Pricing Level: HEAVY HEUR ****** 
it= 7   ncol= 1460  ncstr= 581  mt= 0.1   spt= 0.5   lpval= 93999.6   ub= 94044.0  
 ****** Pricing Level: EXACT ****** 
it= 4   ncol= 1575  ncstr= 581  mt= 0.1   spt= 3.6   lpval= 93999.5   ub= 94044.0  
-----------------------------------------------------------------------------------------
elapsed time= 8.33 s.
-----------------------------------------------------------------------------------------
-----------------------------------------------------------------------------------------
 ****** Run Arc Elimination ****** 
arc elimination time= 4.48 s.
previous= 74.6962% maximum= 2.39521%
eliminate bucket arcs time= 0.51 s.
obtain jump arcs time= 0.01 s.
-----------------------------------------------------------------------------------------
-----------------------------------------------------------------------------------------
elapsed time= 13.65 s.
-----------------------------------------------------------------------------------------
-----------------------------------------------------------------------------------------
 ****** Try Enumeration ****** 
#labels= 287786 #routes= 4
labeling 1 time= 7.39 s.
concatenate time= 12.64 s.
#routes= 463974
average gap of successful enumeration= 0.000462542
next try value > 93988.5
-----------------------------------------------------------------------------------------
elapsed time= 33.83 s.
-----------------------------------------------------------------------------------------
 ****** Process Enumeration Matrix ****** 
delete non-ele routes lp val= 93999.5
recover rank1c lp val= 93999.6
recover rcc lp val= 93999.9
obtain rcc coefficient time= 0.11 s.
obtain r1c coefficient time= 0.70 s.
obtain matrix from triplets time= 1.17 s.
delete columns by branch time= 0.00 s.
columns pending deletion= 451 remain= 463974 col ratio= 0.999028 row ratio= 1
regenerate enumeration matrix time= 0.00 s.
-----------------------------------------------------------------------------------------
elapsed time= 37.63 s.
-----------------------------------------------------------------------------------------
it= 4   ncol= 1366  ncstr= 537  mt= 0.0   spt= 0.1   lpval= 93999.9   ub= 94044.0  
-----------------------------------------------------------------------------------------
elapsed time= 37.83 s.
-----------------------------------------------------------------------------------------
columns pending deletion= 80557 remain= 463974 col ratio= 0.826376 row ratio= 0.916201
 ****** Separate RCCs ****** 
 ****** Separate Rank1Cuts ****** 
it= 2   ncol= 1293  ncstr= 597  mt= 0.0   spt= 0.1   lpval= 94001.1   ub= 94044.0  
-----------------------------------------------------------------------------------------
elapsed time= 38.81 s.
-----------------------------------------------------------------------------------------
columns pending deletion= 128341 remain= 463974 col ratio= 0.723388 row ratio= 0.869347
[1;36m[REMIND] 2: gap improved= 1.198082 ratio= 0.027908 threshold= 0.040000 in function increaseCondition2 at /blue/yu.yang1/you.z/route_opt/packages/application/X-n313-k71/src/main/src/call_cutting.cpp:74[0m
 ****** Separate RCCs ****** 
 ****** Separate Rank1Cuts ****** 
it= 4   ncol= 1317  ncstr= 627  mt= 0.0   spt= 0.2   lpval= 94001.3   ub= 94044.0  
-----------------------------------------------------------------------------------------
elapsed time= 39.53 s.
-----------------------------------------------------------------------------------------
delete columns= 148137 remain= 315837
[1;36m[REMIND] 2: gap improved= 0.278635 ratio= 0.006533 threshold= 0.040000 in function increaseCondition2 at /blue/yu.yang1/you.z/route_opt/packages/application/X-n313-k71/src/main/src/call_cutting.cpp:74[0m
 ****** Separate Rank1Cuts ****** 
it= 3   ncol= 1331  ncstr= 583  mt= 0.0   spt= 0.1   lpval= 94001.5   ub= 94044.0  
-----------------------------------------------------------------------------------------
elapsed time= 41.60 s.
-----------------------------------------------------------------------------------------
columns pending deletion= 16498 remain= 315837 col ratio= 0.947764 row ratio= 0.919383
[1;36m[REMIND] 2: gap improved= 0.175669 ratio= 0.004136 threshold= 0.040000 in function increaseCondition2 at /blue/yu.yang1/you.z/route_opt/packages/application/X-n313-k71/src/main/src/call_cutting.cpp:74[0m
[1;36m[REMIND] tail off counter= 3 threshold= 3 in function setIfTailOff at /blue/yu.yang1/you.z/route_opt/packages/application/X-n313-k71/src/main/src/call_cutting.cpp:150[0m
[1;36m[REMIND] opt_k not found for node 9, use m directly in function getOptK at /blue/yu.yang1/you.z/route_opt/packages/branching/bkf/include/bkf_controller.hpp:239[0m
current_r_best= 9.9155
we directly test 100
we directly test 4
pseudo= 50 frac= 50
#candidates in phase1= 100
testing lp time= 31.18 s.
-----------------------------------------------------------------------------------------
189-302 ,  56.17|   0-207 ,  44.69| 207-257 ,  44.68| 139-207 ,  44.68| 145-278 ,  43.69| 
 84-116 ,  33.14| 114-272 ,  31.55|  30-79  ,  30.92|   0-127 ,  25.43| 118-127 ,  25.41| 
189-278 ,  23.21|   0-74  ,  22.63| 136-296 ,  21.46| 155-230 ,  18.05| 136-291 ,  16.83| 
  0-278 ,  16.05| 107-267 ,  15.79|  52-143 ,  15.34|   0-267 ,  15.30|   0-198 ,  15.28| 
 21-42  ,  15.26| 143-296 ,  15.21| 140-173 ,  15.19|   4-32  ,  14.84|  51-116 ,  14.84| 
 95-252 ,  14.33| 108-218 ,  13.52|  74-260 ,  13.15|  75-303 ,  12.45| 191-243 ,  12.00| 
 95-281 ,  11.35|  74-95  ,  11.35|  95-279 ,  11.35|  25-155 ,  11.34| 236-311 ,  11.33| 
236-266 ,  11.33|  23-296 ,  11.28| 127-145 ,  11.28| 164-175 ,  10.73|   4-64  ,  10.61| 
 32-51  ,   9.18| 177-251 ,   9.06| 214-289 ,   8.83|   0-289 ,   8.83| 239-290 ,   8.72| 
  0-155 ,   8.49|  74-252 ,   7.91|  84-130 ,   6.98|  51-130 ,   6.98|   0-269 ,   5.89| 
189-217 ,   5.87|  32-202 ,   5.81|  72-295 ,   4.96| 196-238 ,   4.91|  33-56  ,   4.72| 
184-303 ,   4.52| 234-260 ,   3.98|   5-195 ,   3.34| 256-282 ,   3.23|   0-284 ,   3.17| 
159-289 ,   2.86|   0-301 ,   2.81|   3-30  ,   2.72| 166-256 ,   2.32|  11-198 ,   2.22| 
159-171 ,   1.98| 149-205 ,   1.97| 185-216 ,   1.92|  42-198 ,   1.84| 185-253 ,   1.80| 
206-253 ,   1.80|   0-214 ,   1.79|  11-247 ,   1.75|  26-123 ,   1.65| 215-251 ,   1.58| 
158-166 ,   1.58| 123-235 ,   1.45| 193-273 ,   1.40|  42-231 ,   1.40|  18-108 ,   1.38| 
  0-45  ,   1.32| 238-259 ,   1.24| 158-273 ,   1.10|   5-196 ,   1.09| 123-160 ,   0.94| 
163-180 ,   0.91|  45-251 ,   0.75|  67-297 ,   0.72|  25-248 ,   0.71|   0-191 ,   0.70| 
 45-264 ,   0.56| 149-163 ,   0.56| 164-285 ,   0.34| 175-312 ,   0.34|   0-11  ,   0.33| 
163-271 ,   0.29| 222-297 ,   0.23|   0-175 ,   0.18| 245-297 ,   0.16|  53-141 ,   0.01| 
-----------------------------------------------------------------------------------------
edge= 139 207 lp= 2.52401 pre= 2 lp2= 17.7039 pre2= 2 score= 44.6849
-----------------------------------------------------------------------------------------
edge= 207 257 lp= 2.52401 pre= 2 lp2= 17.7039 pre2= 2 score= 44.6849
-----------------------------------------------------------------------------------------
edge= 0 207 lp= 17.704 pre= 2 lp2= 2.52405 pre2= 2 score= 44.6856
-----------------------------------------------------------------------------------------
edge= 189 302 lp= 0.611182 pre= 2 lp2= 91.9115 pre2= 2 score= 56.1747
-----------------------------------------------------------------------------------------
candidate= 189-302 : -
-----------------------------------------------------------------------------------------
it= 3   ncol= 1356  ncstr= 584  mt= 0.3   spt= 0.1   lpval= 94002.1   ub= 94044.0  
-----------------------------------------------------------------------------------------
elapsed time= 73.20 s.
-----------------------------------------------------------------------------------------
candidate= 189-302 : +
-----------------------------------------------------------------------------------------
it= 6   ncol= 1513  ncstr= 584  mt= 0.4   spt= 0.2   lpval= 94024.2   ub= 94044.0  
-----------------------------------------------------------------------------------------
elapsed time= 73.78 s.
-----------------------------------------------------------------------------------------
candidate= 0-207 : -
-----------------------------------------------------------------------------------------
it= 5   ncol= 1476  ncstr= 584  mt= 0.4   spt= 0.1   lpval= 94008.6   ub= 94044.0  
-----------------------------------------------------------------------------------------
elapsed time= 74.34 s.
-----------------------------------------------------------------------------------------
candidate= 139-207 : -
-----------------------------------------------------------------------------------------
it= 5   ncol= 1363  ncstr= 584  mt= 0.3   spt= 0.1   lpval= 94004.0   ub= 94044.0  
-----------------------------------------------------------------------------------------
elapsed time= 74.81 s.
-----------------------------------------------------------------------------------------
candidate= 207-257 : -
-----------------------------------------------------------------------------------------
it= 5   ncol= 1367  ncstr= 584  mt= 0.3   spt= 0.1   lpval= 94004.0   ub= 94044.0  
-----------------------------------------------------------------------------------------
elapsed time= 75.28 s.
-----------------------------------------------------------------------------------------
candidate= 207-257 : +
-----------------------------------------------------------------------------------------
it= 7   ncol= 1512  ncstr= 584  mt= 0.5   spt= 0.2   lpval= 94008.8   ub= 94044.0  
-----------------------------------------------------------------------------------------
elapsed time= 75.99 s.
-----------------------------------------------------------------------------------------
candidate= 139-207 : +
-----------------------------------------------------------------------------------------
it= 7   ncol= 1520  ncstr= 584  mt= 0.4   spt= 0.2   lpval= 94008.8   ub= 94044.0  
-----------------------------------------------------------------------------------------
elapsed time= 76.70 s.
-----------------------------------------------------------------------------------------
candidate= 0-207 : +
-----------------------------------------------------------------------------------------
it= 4   ncol= 1371  ncstr= 584  mt= 0.3   spt= 0.1   lpval= 94004.0   ub= 94044.0  
-----------------------------------------------------------------------------------------
elapsed time= 77.12 s.
-----------------------------------------------------------------------------------------
brc= 207-257
t= 0.155922 c= 41.1036 n= 0 if_b4= 0
t= 0.540599 c= 54.5334 n= 0 if_b4= 0
#########################################################################################
tree size= 1 lb= 94001.5 ub= 94044
#########################################################################################
idx= 1 value= 94001.5 enu= 1
brc= 50-103 : -
brc= 76-103 : -
brc= 49-105 : +
brc= 164-295 : -
brc= 62-296 : -
brc= 126-152 : -
brc= 109-138 : -
brc= 57-130 : +
brc= 70-121 : -
brc= 31-70 : -
brc= 33-281 : -
brc= 243-267 : +
brc= 70-133 : -
brc= 126-142 : +
brc= 0-121 : -
brc= 141-164 : -
brc= 2-89 : -
brc= 18-301 : -
brc= 18-224 : -
brc= 132-155 : -
brc= 52-296 : -
brc= 125-224 : +
brc= 6-60 : -
brc= 162-208 : +
brc= 207-230 : -
brc= 164-260 : -
brc= 29-218 : -
brc= 19-106 : -
brc= 3-128 : +
brc= 207-257 : +
it= 7   ncol= 1488  ncstr= 583  mt= 0.4   spt= 0.2   lpval= 94008.8   ub= 94044.0  
-----------------------------------------------------------------------------------------
elapsed time= 81.00 s.
-----------------------------------------------------------------------------------------
delete columns= 177809 remain= 121364
 ****** Separate RCCs ****** 
 ****** Separate Rank1Cuts ****** 
it= 3   ncol= 1405  ncstr= 507  mt= 0.0   spt= 0.0   lpval= 94012.4   ub= 94044.0  
-----------------------------------------------------------------------------------------
elapsed time= 81.54 s.
-----------------------------------------------------------------------------------------
delete columns= 45597 remain= 75767
 ****** Separate RCCs ****** 
 ****** Separate Rank1Cuts ****** 
it= 3   ncol= 1417  ncstr= 548  mt= 0.0   spt= 0.0   lpval= 94016.4   ub= 94044.0  
-----------------------------------------------------------------------------------------
elapsed time= 82.28 s.
-----------------------------------------------------------------------------------------
delete columns= 35661 remain= 40106
 ****** Separate RCCs ****** 
 ****** Separate Rank1Cuts ****** 
it= 3   ncol= 1398  ncstr= 543  mt= 0.0   spt= 0.0   lpval= 94017.6   ub= 94044.0  
-----------------------------------------------------------------------------------------
elapsed time= 82.88 s.
-----------------------------------------------------------------------------------------
columns pending deletion= 8730 remain= 40106 col ratio= 0.782327 row ratio= 0.906077
 ****** Separate RCCs ****** 
 ****** Separate Rank1Cuts ****** 
it= 2   ncol= 1387  ncstr= 604  mt= 0.0   spt= 0.0   lpval= 94018.1   ub= 94044.0  
-----------------------------------------------------------------------------------------
elapsed time= 83.25 s.
-----------------------------------------------------------------------------------------
delete columns= 11462 remain= 28644
[1;36m[REMIND] 2: gap improved= 0.485392 ratio= 0.018754 threshold= 0.040000 in function increaseCondition2 at /blue/yu.yang1/you.z/route_opt/packages/application/X-n313-k71/src/main/src/call_cutting.cpp:74[0m
 ****** Separate RCCs ****** 
 ****** Separate Rank1Cuts ****** 
it= 4   ncol= 1419  ncstr= 530  mt= 0.0   spt= 0.0   lpval= 94018.2   ub= 94044.0  
-----------------------------------------------------------------------------------------
elapsed time= 83.87 s.
-----------------------------------------------------------------------------------------
columns pending deletion= 2566 remain= 28644 col ratio= 0.910418 row ratio= 0.945283
[1;36m[REMIND] 2: gap improved= 0.104636 ratio= 0.004059 threshold= 0.040000 in function increaseCondition2 at /blue/yu.yang1/you.z/route_opt/packages/application/X-n313-k71/src/main/src/call_cutting.cpp:74[0m
 ****** Separate RCCs ****** 
 ****** Separate Rank1Cuts ****** 
it= 3   ncol= 1344  ncstr= 547  mt= 0.0   spt= 0.0   lpval= 94018.9   ub= 94044.0  
-----------------------------------------------------------------------------------------
elapsed time= 84.20 s.
-----------------------------------------------------------------------------------------
columns pending deletion= 4423 remain= 28644 col ratio= 0.845587 row ratio= 0.934186
[1;36m[REMIND] 2: gap improved= 0.631572 ratio= 0.025116 threshold= 0.040000 in function increaseCondition2 at /blue/yu.yang1/you.z/route_opt/packages/application/X-n313-k71/src/main/src/call_cutting.cpp:74[0m
[1;36m[REMIND] tail off counter= 3 threshold= 3 in function setIfTailOff at /blue/yu.yang1/you.z/route_opt/packages/application/X-n313-k71/src/main/src/call_cutting.cpp:150[0m
current_r_best= 12.5226
alpha= 0.37 beta= 2.00807 omega= 263.616 k1= 11
lb_k= 1 ub_k= 37
revise: lb_k= 9 ub_k= 14
opt_k= 12
alpha= 0.75 beta= 2.00807 omega= 100.876 k1= 3
lb_k= 2 ub_k= 3
revise: lb_k= 2 ub_k= 3
opt_k= 3
pseudo= 50 frac= 50
#candidates in phase1= 12
testing lp time= 3.32 s.
-----------------------------------------------------------------------------------------
 18-165 ,  43.71| 108-127 ,  41.83|   7-145 ,  36.65|  74-260 ,  25.09| 165-312 ,  19.97| 
260-279 ,  16.54|  24-112 ,  13.82| 114-266 ,  13.03|  75-303 ,  12.27| 236-311 ,   6.95| 
189-217 ,   5.07| 184-303 ,   4.91| 
-----------------------------------------------------------------------------------------
edge= 7 145 lp= 0.647408 pre= 2 lp2= 56.6119 pre2= 2 score= 36.651
-----------------------------------------------------------------------------------------
edge= 108 127 lp= 0.647742 pre= 2 lp2= 64.5842 pre2= 2 score= 41.8339
-----------------------------------------------------------------------------------------
edge= 18 165 lp= 1.42456 pre= 2 lp2= 30.6827 pre2= 2 score= 43.7094
-----------------------------------------------------------------------------------------
candidate= 18-165 : -
-----------------------------------------------------------------------------------------
it= 2   ncol= 1355  ncstr= 548  mt= 0.2   spt= 0.0   lpval= 94020.3   ub= 94044.0  
-----------------------------------------------------------------------------------------
elapsed time= 87.77 s.
-----------------------------------------------------------------------------------------
candidate= 18-165 : +
-----------------------------------------------------------------------------------------
it= 4   ncol= 1398  ncstr= 548  mt= 0.2   spt= 0.0   lpval= 94043.0   ub= 94044.0  
-----------------------------------------------------------------------------------------
elapsed time= 88.00 s.
-----------------------------------------------------------------------------------------
candidate= 108-127 : -
-----------------------------------------------------------------------------------------
it= 2   ncol= 1343  ncstr= 548  mt= 0.2   spt= 0.0   lpval= 94019.5   ub= 94044.0  
-----------------------------------------------------------------------------------------
elapsed time= 88.23 s.
-----------------------------------------------------------------------------------------
candidate= 108-127 : +
-----------------------------------------------------------------------------------------
it= 5   ncol= 1466  ncstr= 548  mt= 0.2   spt= 0.0   lpval= 94051.6   ub= 94044.0  
-----------------------------------------------------------------------------------------
elapsed time= 88.45 s.
-----------------------------------------------------------------------------------------
candidate= 7-145 : -
-----------------------------------------------------------------------------------------
it= 2   ncol= 1355  ncstr= 548  mt= 0.2   spt= 0.0   lpval= 94019.5   ub= 94044.0  
-----------------------------------------------------------------------------------------
elapsed time= 88.68 s.
-----------------------------------------------------------------------------------------
candidate= 7-145 : +
-----------------------------------------------------------------------------------------
it= 4   ncol= 1412  ncstr= 548  mt= 0.3   spt= 0.0   lpval= 94044.5   ub= 94044.0  
-----------------------------------------------------------------------------------------
elapsed time= 88.94 s.
-----------------------------------------------------------------------------------------
brc= 18-165
t= 0.147101 c= 22.8378 n= 1 if_b4= 0
t= 0.387652 c= 30.0304 n= 1 if_b4= 0
#########################################################################################
tree size= 2 lb= 94001.5 ub= 94044
#########################################################################################
idx= 2 value= 94001.5 enu= 1
brc= 50-103 : -
brc= 76-103 : -
brc= 49-105 : +
brc= 164-295 : -
brc= 62-296 : -
brc= 126-152 : -
brc= 109-138 : -
brc= 57-130 : +
brc= 70-121 : -
brc= 31-70 : -
brc= 33-281 : -
brc= 243-267 : +
brc= 70-133 : -
brc= 126-142 : +
brc= 0-121 : -
brc= 141-164 : -
brc= 2-89 : -
brc= 18-301 : -
brc= 18-224 : -
brc= 132-155 : -
brc= 52-296 : -
brc= 125-224 : +
brc= 6-60 : -
brc= 162-208 : +
brc= 207-230 : -
brc= 164-260 : -
brc= 29-218 : -
brc= 19-106 : -
brc= 3-128 : +
brc= 207-257 : -
it= 4   ncol= 1357  ncstr= 583  mt= 0.1   spt= 0.1   lpval= 94004.0   ub= 94044.0  
-----------------------------------------------------------------------------------------
elapsed time= 89.88 s.
-----------------------------------------------------------------------------------------
columns pending deletion= 46140 remain= 299336 col ratio= 0.845859 row ratio= 0.897084
 ****** Separate RCCs ****** 
 ****** Separate Rank1Cuts ****** 
it= 3   ncol= 1335  ncstr= 616  mt= 0.0   spt= 0.1   lpval= 94004.3   ub= 94044.0  
-----------------------------------------------------------------------------------------
elapsed time= 90.45 s.
-----------------------------------------------------------------------------------------
columns pending deletion= 59898 remain= 299336 col ratio= 0.799897 row ratio= 0.871753
[1;36m[REMIND] 2: gap improved= 0.374883 ratio= 0.009451 threshold= 0.040000 in function increaseCondition2 at /blue/yu.yang1/you.z/route_opt/packages/application/X-n313-k71/src/main/src/call_cutting.cpp:74[0m
 ****** Separate RCCs ****** 
 ****** Separate Rank1Cuts ****** 
it= 3   ncol= 1341  ncstr= 642  mt= 0.0   spt= 0.1   lpval= 94004.7   ub= 94044.0  
-----------------------------------------------------------------------------------------
elapsed time= 90.94 s.
-----------------------------------------------------------------------------------------
columns pending deletion= 71508 remain= 299336 col ratio= 0.761111 row ratio= 0.830218
[1;36m[REMIND] 2: gap improved= 0.373940 ratio= 0.009517 threshold= 0.040000 in function increaseCondition2 at /blue/yu.yang1/you.z/route_opt/packages/application/X-n313-k71/src/main/src/call_cutting.cpp:74[0m
 ****** Separate RCCs ****** 
 ****** Separate Rank1Cuts ****** 
it= 2   ncol= 1360  ncstr= 659  mt= 0.0   spt= 0.1   lpval= 94005.0   ub= 94044.0  
-----------------------------------------------------------------------------------------
elapsed time= 91.40 s.
-----------------------------------------------------------------------------------------
delete columns= 83892 remain= 215444
[1;36m[REMIND] 2: gap improved= 0.292748 ratio= 0.007507 threshold= 0.040000 in function increaseCondition2 at /blue/yu.yang1/you.z/route_opt/packages/application/X-n313-k71/src/main/src/call_cutting.cpp:74[0m
[1;36m[REMIND] tail off counter= 3 threshold= 3 in function setIfTailOff at /blue/yu.yang1/you.z/route_opt/packages/application/X-n313-k71/src/main/src/call_cutting.cpp:150[0m
current_r_best= 5.60922
alpha= 0.37 beta= 6.95249 omega= 155.252 k1= 17
lb_k= 1 ub_k= 37
revise: lb_k= 13 ub_k= 22
opt_k= 18
alpha= 0.75 beta= 6.95249 omega= 77.4673 k1= 3
lb_k= 1 ub_k= 3
revise: lb_k= 1 ub_k= 3
opt_k= 3
pseudo= 50 frac= 50
#candidates in phase1= 18
testing lp time= 4.69 s.
-----------------------------------------------------------------------------------------
150-237 ,  46.23|  24-139 ,  42.48|   7-295 ,  41.66| 145-278 ,  17.43|  30-230 ,  14.79| 
 30-276 ,  13.57|  95-281 ,  12.11| 132-269 ,  11.89| 164-175 ,   9.52| 155-230 ,   7.89| 
 51-106 ,   7.25|  75-303 ,   6.69| 236-311 ,   3.06|   0-33  ,   2.14|  38-231 ,   1.29| 
 66-235 ,   0.70|   0-231 ,   0.41| 136-231 ,   0.41| 
-----------------------------------------------------------------------------------------
edge= 7 295 lp= 0.459961 pre= 2 lp2= 90.5778 pre2= 2 score= 41.6622
-----------------------------------------------------------------------------------------
edge= 24 139 lp= 0.468975 pre= 2 lp2= 90.5778 pre2= 2 score= 42.4787
-----------------------------------------------------------------------------------------
edge= 150 237 lp= 1.50939 pre= 2 lp2= 30.6293 pre2= 2 score= 46.2316
-----------------------------------------------------------------------------------------
candidate= 150-237 : -
-----------------------------------------------------------------------------------------
it= 4   ncol= 1436  ncstr= 537  mt= 0.3   spt= 0.1   lpval= 94006.5   ub= 94044.0  
-----------------------------------------------------------------------------------------
elapsed time= 97.14 s.
-----------------------------------------------------------------------------------------
candidate= 150-237 : +
-----------------------------------------------------------------------------------------
it= 4   ncol= 1432  ncstr= 537  mt= 0.3   spt= 0.1   lpval= 94027.0   ub= 94044.0  
-----------------------------------------------------------------------------------------
elapsed time= 97.50 s.
-----------------------------------------------------------------------------------------
candidate= 24-139 : -
-----------------------------------------------------------------------------------------
it= 4   ncol= 1380  ncstr= 537  mt= 0.2   spt= 0.1   lpval= 94005.3   ub= 94044.0  
-----------------------------------------------------------------------------------------
elapsed time= 97.83 s.
-----------------------------------------------------------------------------------------
candidate= 7-295 : -
-----------------------------------------------------------------------------------------
it= 2   ncol= 1375  ncstr= 537  mt= 0.2   spt= 0.0   lpval= 94005.5   ub= 94044.0  
-----------------------------------------------------------------------------------------
elapsed time= 98.09 s.
-----------------------------------------------------------------------------------------
candidate= 7-295 : +
-----------------------------------------------------------------------------------------
it= 5   ncol= 1483  ncstr= 537  mt= 0.3   spt= 0.1   lpval= 94022.7   ub= 94044.0  
-----------------------------------------------------------------------------------------
elapsed time= 98.53 s.
-----------------------------------------------------------------------------------------
brc= 150-237
t= 0.141462 c= 16.3236 n= 2 if_b4= 0
t= 0.373205 c= 21.6128 n= 2 if_b4= 0
#########################################################################################
tree size= 3 lb= 94005 ub= 94044
#########################################################################################
idx= 5 value= 94005 enu= 1
brc= 50-103 : -
brc= 76-103 : -
brc= 49-105 : +
brc= 164-295 : -
brc= 62-296 : -
brc= 126-152 : -
brc= 109-138 : -
brc= 57-130 : +
brc= 70-121 : -
brc= 31-70 : -
brc= 33-281 : -
brc= 243-267 : +
brc= 70-133 : -
brc= 126-142 : +
brc= 0-121 : -
brc= 141-164 : -
brc= 2-89 : -
brc= 18-301 : -
brc= 18-224 : -
brc= 132-155 : -
brc= 52-296 : -
brc= 125-224 : +
brc= 6-60 : -
brc= 162-208 : +
brc= 207-230 : -
brc= 164-260 : -
brc= 29-218 : -
brc= 19-106 : -
brc= 3-128 : +
brc= 207-257 : -
brc= 150-237 : +
it= 4   ncol= 1373  ncstr= 536  mt= 0.3   spt= 0.1   lpval= 94027.0   ub= 94044.0  
-----------------------------------------------------------------------------------------
elapsed time= 100.86 s.
-----------------------------------------------------------------------------------------
delete columns= 206728 remain= 8379
 ****** Separate RCCs ****** 
 ****** Separate Rank1Cuts ****** 
it= 4   ncol= 1234  ncstr= 538  mt= 0.0   spt= 0.0   lpval= 94033.8   ub= 94044.0  
-----------------------------------------------------------------------------------------
elapsed time= 101.51 s.
-----------------------------------------------------------------------------------------
delete columns= 5869 remain= 2510
mip: row= 495 col= 3594 density= 3.98543%
mip time= 0.60 s.
mip status= 6
update f from 0 to 10.23
#########################################################################################
tree size= 2 lb= 94005 ub= 94044
#########################################################################################
idx= 6 value= 94005 enu= 1
brc= 50-103 : -
brc= 76-103 : -
brc= 49-105 : +
brc= 164-295 : -
brc= 62-296 : -
brc= 126-152 : -
brc= 109-138 : -
brc= 57-130 : +
brc= 70-121 : -
brc= 31-70 : -
brc= 33-281 : -
brc= 243-267 : +
brc= 70-133 : -
brc= 126-142 : +
brc= 0-121 : -
brc= 141-164 : -
brc= 2-89 : -
brc= 18-301 : -
brc= 18-224 : -
brc= 132-155 : -
brc= 52-296 : -
brc= 125-224 : +
brc= 6-60 : -
brc= 162-208 : +
brc= 207-230 : -
brc= 164-260 : -
brc= 29-218 : -
brc= 19-106 : -
brc= 3-128 : +
brc= 207-257 : -
brc= 150-237 : -
it= 3   ncol= 1392  ncstr= 536  mt= 0.0   spt= 0.0   lpval= 94006.5   ub= 94044.0  
-----------------------------------------------------------------------------------------
elapsed time= 102.46 s.
-----------------------------------------------------------------------------------------
columns pending deletion= 30486 remain= 215413 col ratio= 0.858477 row ratio= 0.949627
 ****** Separate RCCs ****** 
 ****** Separate Rank1Cuts ****** 
it= 3   ncol= 1380  ncstr= 570  mt= 0.0   spt= 0.0   lpval= 94007.0   ub= 94044.0  
-----------------------------------------------------------------------------------------
elapsed time= 103.00 s.
-----------------------------------------------------------------------------------------
columns pending deletion= 49479 remain= 215413 col ratio= 0.770306 row ratio= 0.933333
[1;36m[REMIND] 2: gap improved= 0.531865 ratio= 0.014378 threshold= 0.040000 in function increaseCondition2 at /blue/yu.yang1/you.z/route_opt/packages/application/X-n313-k71/src/main/src/call_cutting.cpp:74[0m
 ****** Separate RCCs ****** 
 ****** Separate Rank1Cuts ****** 
it= 3   ncol= 1386  ncstr= 605  mt= 0.0   spt= 0.1   lpval= 94007.2   ub= 94044.0  
-----------------------------------------------------------------------------------------
elapsed time= 103.56 s.
-----------------------------------------------------------------------------------------
columns pending deletion= 58160 remain= 215413 col ratio= 0.730007 row ratio= 0.900826
[1;36m[REMIND] 2: gap improved= 0.185454 ratio= 0.005039 threshold= 0.040000 in function increaseCondition2 at /blue/yu.yang1/you.z/route_opt/packages/application/X-n313-k71/src/main/src/call_cutting.cpp:74[0m
 ****** Separate Rank1Cuts ****** 
it= 2   ncol= 1387  ncstr= 631  mt= 0.0   spt= 0.0   lpval= 94007.3   ub= 94044.0  
-----------------------------------------------------------------------------------------
elapsed time= 104.06 s.
-----------------------------------------------------------------------------------------
columns pending deletion= 63113 remain= 215413 col ratio= 0.707014 row ratio= 0.874802
[1;36m[REMIND] 2: gap improved= 0.114900 ratio= 0.003131 threshold= 0.040000 in function increaseCondition2 at /blue/yu.yang1/you.z/route_opt/packages/application/X-n313-k71/src/main/src/call_cutting.cpp:74[0m
[1;36m[REMIND] tail off counter= 3 threshold= 3 in function setIfTailOff at /blue/yu.yang1/you.z/route_opt/packages/application/X-n313-k71/src/main/src/call_cutting.cpp:150[0m
current_r_best= 5.60922
alpha= 0.37 beta= 4.71768 omega= 115.392 k1= 12
lb_k= 1 ub_k= 37
revise: lb_k= 9 ub_k= 15
opt_k= 13
alpha= 0.75 beta= 4.71768 omega= 57.9113 k1= 3
lb_k= 1 ub_k= 3
revise: lb_k= 1 ub_k= 3
opt_k= 3
pseudo= 50 frac= 50
#candidates in phase1= 13
testing lp time= 4.94 s.
-----------------------------------------------------------------------------------------
164-175 ,  11.17| 145-278 ,  11.09|  95-281 ,   9.94| 155-230 ,   9.26|  30-276 ,   8.74| 
 93-281 ,   5.13| 214-289 ,   5.07| 106-150 ,   4.23|  42-91  ,   3.50|  35-235 ,   2.41| 
 52-148 ,   2.24|  79-202 ,   0.62| 112-165 ,   0.36| 
-----------------------------------------------------------------------------------------
edge= 95 281 lp= 18.6419 pre= 2 lp2= 0.533396 pre2= 2 score= 9.94354
-----------------------------------------------------------------------------------------
edge= 145 278 lp= 0.231282 pre= 2 lp2= 47.9518 pre2= 2 score= 11.0904
-----------------------------------------------------------------------------------------
edge= 164 175 lp= 15.9707 pre= 2 lp2= 0.699106 pre2= 2 score= 11.1652
-----------------------------------------------------------------------------------------
candidate= 164-175 : -
-----------------------------------------------------------------------------------------
it= 5   ncol= 1487  ncstr= 632  mt= 0.4   spt= 0.1   lpval= 94020.6   ub= 94044.0  
-----------------------------------------------------------------------------------------
elapsed time= 109.57 s.
-----------------------------------------------------------------------------------------
candidate= 145-278 : -
-----------------------------------------------------------------------------------------
it= 3   ncol= 1431  ncstr= 632  mt= 0.3   spt= 0.1   lpval= 94007.5   ub= 94044.0  
-----------------------------------------------------------------------------------------
elapsed time= 109.93 s.
-----------------------------------------------------------------------------------------
candidate= 145-278 : +
-----------------------------------------------------------------------------------------
it= 7   ncol= 1607  ncstr= 632  mt= 0.4   spt= 0.1   lpval= 94039.9   ub= 94044.0  
-----------------------------------------------------------------------------------------
elapsed time= 110.54 s.
-----------------------------------------------------------------------------------------
candidate= 95-281 : -
-----------------------------------------------------------------------------------------
it= 5   ncol= 1487  ncstr= 632  mt= 0.5   spt= 0.1   lpval= 94020.1   ub= 94044.0  
-----------------------------------------------------------------------------------------
elapsed time= 111.16 s.
-----------------------------------------------------------------------------------------
candidate= 164-175 : +
-----------------------------------------------------------------------------------------
it= 3   ncol= 1426  ncstr= 632  mt= 0.3   spt= 0.1   lpval= 94008.0   ub= 94044.0  
-----------------------------------------------------------------------------------------
elapsed time= 111.51 s.
-----------------------------------------------------------------------------------------
brc= 164-175
t= 0.153602 c= 12.9798 n= 3 if_b4= 0
t= 0.405457 c= 17.2504 n= 3 if_b4= 0
#########################################################################################
tree size= 3 lb= 94007.3 ub= 94044
#########################################################################################
idx= 7 value= 94007.3 enu= 1
brc= 50-103 : -
brc= 76-103 : -
brc= 49-105 : +
brc= 164-295 : -
brc= 62-296 : -
brc= 126-152 : -
brc= 109-138 : -
brc= 57-130 : +
brc= 70-121 : -
brc= 31-70 : -
brc= 33-281 : -
brc= 243-267 : +
brc= 70-133 : -
brc= 126-142 : +
brc= 0-121 : -
brc= 141-164 : -
brc= 2-89 : -
brc= 18-301 : -
brc= 18-224 : -
brc= 132-155 : -
brc= 52-296 : -
brc= 125-224 : +
brc= 6-60 : -
brc= 162-208 : +
brc= 207-230 : -
brc= 164-260 : -
brc= 29-218 : -
brc= 19-106 : -
brc= 3-128 : +
brc= 207-257 : -
brc= 150-237 : -
brc= 164-175 : +
it= 3   ncol= 1416  ncstr= 631  mt= 0.3   spt= 0.0   lpval= 94008.0   ub= 94044.0  
-----------------------------------------------------------------------------------------
elapsed time= 113.69 s.
-----------------------------------------------------------------------------------------
columns pending deletion= 15505 remain= 152235 col ratio= 0.898151 row ratio= 0.8542
 ****** Separate RCCs ****** 
 ****** Separate Rank1Cuts ****** 
it= 2   ncol= 1407  ncstr= 655  mt= 0.0   spt= 0.0   lpval= 94008.2   ub= 94044.0  
-----------------------------------------------------------------------------------------
elapsed time= 114.21 s.
-----------------------------------------------------------------------------------------
columns pending deletion= 24731 remain= 152235 col ratio= 0.837547 row ratio= 0.844275
[1;36m[REMIND] 2: gap improved= 0.198898 ratio= 0.005557 threshold= 0.040000 in function increaseCondition2 at /blue/yu.yang1/you.z/route_opt/packages/application/X-n313-k71/src/main/src/call_cutting.cpp:74[0m
 ****** Separate RCCs ****** 
 ****** Separate Rank1Cuts ****** 
it= 2   ncol= 1409  ncstr= 696  mt= 0.0   spt= 0.0   lpval= 94008.2   ub= 94044.0  
-----------------------------------------------------------------------------------------
elapsed time= 114.71 s.
-----------------------------------------------------------------------------------------
columns pending deletion= 26614 remain= 152235 col ratio= 0.825178 row ratio= 0.811782
current_r_best= 5.60922
alpha= 0.37 beta= 4.55129 omega= 84.5028 k1= 10
lb_k= 1 ub_k= 37
revise: lb_k= 8 ub_k= 13
opt_k= 11
alpha= 0.75 beta= 4.55129 omega= 42.5456 k1= 3
lb_k= 1 ub_k= 3
revise: lb_k= 1 ub_k= 3
opt_k= 3
pseudo= 50 frac= 50
#candidates in phase1= 11
testing lp time= 4.90 s.
-----------------------------------------------------------------------------------------
 74-260 ,  35.33| 155-230 ,  13.84| 161-266 ,  10.13|   7-141 ,  10.03|  30-276 ,   9.56| 
 89-207 ,   8.65|  75-303 ,   8.43|   0-56  ,   7.45|  33-90  ,   3.18| 132-204 ,   1.04| 
163-195 ,   0.78| 
-----------------------------------------------------------------------------------------
edge= 161 266 lp= 0.186607 pre= 2 lp2= 54.2994 pre2= 2 score= 10.1327
-----------------------------------------------------------------------------------------
edge= 155 230 lp= 2.69838 pre= 2 lp2= 5.12759 pre2= 2 score= 13.8362
-----------------------------------------------------------------------------------------
edge= 74 260 lp= 0.650678 pre= 2 lp2= 54.2994 pre2= 2 score= 35.3314
-----------------------------------------------------------------------------------------
candidate= 74-260 : -
-----------------------------------------------------------------------------------------
it= 3   ncol= 1440  ncstr= 697  mt= 0.4   spt= 0.0   lpval= 94008.9   ub= 94044.0  
-----------------------------------------------------------------------------------------
elapsed time= 120.05 s.
-----------------------------------------------------------------------------------------
candidate= 74-260 : +
-----------------------------------------------------------------------------------------
it= 4   ncol= 1515  ncstr= 697  mt= 0.6   spt= 0.1   lpval= 94030.6   ub= 94044.0  
-----------------------------------------------------------------------------------------
elapsed time= 120.69 s.
-----------------------------------------------------------------------------------------
candidate= 155-230 : -
-----------------------------------------------------------------------------------------
it= 5   ncol= 1438  ncstr= 697  mt= 0.4   spt= 0.1   lpval= 94010.8   ub= 94044.0  
-----------------------------------------------------------------------------------------
elapsed time= 121.25 s.
-----------------------------------------------------------------------------------------
brc= 74-260
t= 0.167397 c= 10.8316 n= 4 if_b4= 0
t= 0.433106 c= 14.5746 n= 4 if_b4= 0
#########################################################################################
tree size= 4 lb= 94007.3 ub= 94044
#########################################################################################
idx= 8 value= 94007.3 enu= 1
brc= 50-103 : -
brc= 76-103 : -
brc= 49-105 : +
brc= 164-295 : -
brc= 62-296 : -
brc= 126-152 : -
brc= 109-138 : -
brc= 57-130 : +
brc= 70-121 : -
brc= 31-70 : -
brc= 33-281 : -
brc= 243-267 : +
brc= 70-133 : -
brc= 126-142 : +
brc= 0-121 : -
brc= 141-164 : -
brc= 2-89 : -
brc= 18-301 : -
brc= 18-224 : -
brc= 132-155 : -
brc= 52-296 : -
brc= 125-224 : +
brc= 6-60 : -
brc= 162-208 : +
brc= 207-230 : -
brc= 164-260 : -
brc= 29-218 : -
brc= 19-106 : -
brc= 3-128 : +
brc= 207-257 : -
brc= 150-237 : -
brc= 164-175 : -
it= 4   ncol= 1467  ncstr= 631  mt= 0.1   spt= 0.0   lpval= 94020.6   ub= 94044.0  
-----------------------------------------------------------------------------------------
elapsed time= 123.33 s.
-----------------------------------------------------------------------------------------
delete columns= 130383 remain= 21885
 ****** Separate RCCs ****** 
 ****** Separate Rank1Cuts ****** 
it= 3   ncol= 1417  ncstr= 549  mt= 0.0   spt= 0.0   lpval= 94024.8   ub= 94044.0  
-----------------------------------------------------------------------------------------
elapsed time= 123.83 s.
-----------------------------------------------------------------------------------------
delete columns= 11770 remain= 10115
mip: row= 501 col= 11475 density= 4.78838%
mip time= 12.36 s.
mip status= 6
update f from 10.23 to 19.1631
#########################################################################################
tree size= 3 lb= 94008.2 ub= 94044
#########################################################################################
idx= 9 value= 94008.2 enu= 1
brc= 50-103 : -
brc= 76-103 : -
brc= 49-105 : +
brc= 164-295 : -
brc= 62-296 : -
brc= 126-152 : -
brc= 109-138 : -
brc= 57-130 : +
brc= 70-121 : -
brc= 31-70 : -
brc= 33-281 : -
brc= 243-267 : +
brc= 70-133 : -
brc= 126-142 : +
brc= 0-121 : -
brc= 141-164 : -
brc= 2-89 : -
brc= 18-301 : -
brc= 18-224 : -
brc= 132-155 : -
brc= 52-296 : -
brc= 125-224 : +
brc= 6-60 : -
brc= 162-208 : +
brc= 207-230 : -
brc= 164-260 : -
brc= 29-218 : -
brc= 19-106 : -
brc= 3-128 : +
brc= 207-257 : -
brc= 150-237 : -
brc= 164-175 : +
brc= 74-260 : +
it= 4   ncol= 1521  ncstr= 696  mt= 0.5   spt= 0.0   lpval= 94030.6   ub= 94044.0  
-----------------------------------------------------------------------------------------
elapsed time= 136.82 s.
-----------------------------------------------------------------------------------------
delete columns= 121319 remain= 4214
 ****** Separate RCCs ****** 
 ****** Separate Rank1Cuts ****** 
it= 3   ncol= 1330  ncstr= 557  mt= 0.0   spt= 0.0   lpval= 94038.8   ub= 94044.0  
-----------------------------------------------------------------------------------------
elapsed time= 137.65 s.
-----------------------------------------------------------------------------------------
delete columns= 3294 remain= 920
mip: row= 505 col= 1857 density= 3.80066%
mip time= 0.19 s.
mip status= 3
#########################################################################################
tree size= 2 lb= 94008.2 ub= 94044
#########################################################################################
idx= 10 value= 94008.2 enu= 1
brc= 50-103 : -
brc= 76-103 : -
brc= 49-105 : +
brc= 164-295 : -
brc= 62-296 : -
brc= 126-152 : -
brc= 109-138 : -
brc= 57-130 : +
brc= 70-121 : -
brc= 31-70 : -
brc= 33-281 : -
brc= 243-267 : +
brc= 70-133 : -
brc= 126-142 : +
brc= 0-121 : -
brc= 141-164 : -
brc= 2-89 : -
brc= 18-301 : -
brc= 18-224 : -
brc= 132-155 : -
brc= 52-296 : -
brc= 125-224 : +
brc= 6-60 : -
brc= 162-208 : +
brc= 207-230 : -
brc= 164-260 : -
brc= 29-218 : -
brc= 19-106 : -
brc= 3-128 : +
brc= 207-257 : -
brc= 150-237 : -
brc= 164-175 : +
brc= 74-260 : -
it= 3   ncol= 1431  ncstr= 696  mt= 0.0   spt= 0.0   lpval= 94008.9   ub= 94044.0  
-----------------------------------------------------------------------------------------
elapsed time= 138.19 s.
-----------------------------------------------------------------------------------------
columns pending deletion= 10638 remain= 125612 col ratio= 0.915311 row ratio= 0.788793
 ****** Separate RCCs ****** 
 ****** Separate Rank1Cuts ****** 
it= 2   ncol= 1417  ncstr= 717  mt= 0.0   spt= 0.0   lpval= 94008.9   ub= 94044.0  
-----------------------------------------------------------------------------------------
elapsed time= 138.56 s.
-----------------------------------------------------------------------------------------
columns pending deletion= 14030 remain= 125612 col ratio= 0.888307 row ratio= 0.774059
current_r_best= 5.60922
alpha= 0.37 beta= 2.84026 omega= 64.7058 k1= 7
lb_k= 1 ub_k= 37
revise: lb_k= 5 ub_k= 9
opt_k= 7
alpha= 0.75 beta= 2.84026 omega= 33.6514 k1= 3
lb_k= 1 ub_k= 3
revise: lb_k= 2 ub_k= 3
opt_k= 3
pseudo= 50 frac= 50
#candidates in phase1= 7
testing lp time= 3.56 s.
-----------------------------------------------------------------------------------------
155-230 ,  13.19|  95-281 ,  10.35|  30-276 ,   7.93|   3-79  ,   2.32|   0-30  ,   1.34| 
112-131 ,   1.22|   0-165 ,   1.22| 
-----------------------------------------------------------------------------------------
edge= 30 276 lp= 1.75494 pre= 0 lp2= 4.51791 pre2= 0 score= 7.92866
-----------------------------------------------------------------------------------------
edge= 95 281 lp= 19.6905 pre= 2 lp2= 0.525734 pre2= 0 score= 10.3519
-----------------------------------------------------------------------------------------
edge= 155 230 lp= 1.99906 pre= 0 lp2= 6.59885 pre2= 0 score= 13.1915
-----------------------------------------------------------------------------------------
brc= 155-230
t= 0.181849 c= 9.10744 n= 5 if_b4= 0
t= 0.433106 c= 12.5231 n= 5 if_b4= 0
#########################################################################################
tree size= 3 lb= 94008.9 ub= 94044
#########################################################################################
idx= 11 value= 94008.9 enu= 1
brc= 50-103 : -
brc= 76-103 : -
brc= 49-105 : +
brc= 164-295 : -
brc= 62-296 : -
brc= 126-152 : -
brc= 109-138 : -
brc= 57-130 : +
brc= 70-121 : -
brc= 31-70 : -
brc= 33-281 : -
brc= 243-267 : +
brc= 70-133 : -
brc= 126-142 : +
brc= 0-121 : -
brc= 141-164 : -
brc= 2-89 : -
brc= 18-301 : -
brc= 18-224 : -
brc= 132-155 : -
brc= 52-296 : -
brc= 125-224 : +
brc= 6-60 : -
brc= 162-208 : +
brc= 207-230 : -
brc= 164-260 : -
brc= 29-218 : -
brc= 19-106 : -
brc= 3-128 : +
brc= 207-257 : -
brc= 150-237 : -
brc= 164-175 : +
brc= 74-260 : -
brc= 155-230 : +
it= 4   ncol= 1471  ncstr= 717  mt= 0.5   spt= 0.0   lpval= 94013.1   ub= 94044.0  
-----------------------------------------------------------------------------------------
elapsed time= 144.38 s.
-----------------------------------------------------------------------------------------
delete columns= 43363 remain= 68083
 ****** Separate RCCs ****** 
 ****** Separate Rank1Cuts ****** 
it= 4   ncol= 1486  ncstr= 524  mt= 0.1   spt= 0.0   lpval= 94016.2   ub= 94044.0  
-----------------------------------------------------------------------------------------
elapsed time= 145.16 s.
-----------------------------------------------------------------------------------------
delete columns= 30472 remain= 37611
 ****** Separate RCCs ****** 
 ****** Separate Rank1Cuts ****** 
it= 2   ncol= 1415  ncstr= 516  mt= 0.0   spt= 0.0   lpval= 94017.3   ub= 94044.0  
-----------------------------------------------------------------------------------------
elapsed time= 145.52 s.
-----------------------------------------------------------------------------------------
columns pending deletion= 5926 remain= 37611 col ratio= 0.84244 row ratio= 0.95155
 ****** Separate RCCs ****** 
 ****** Separate Rank1Cuts ****** 
it= 3   ncol= 1417  ncstr= 608  mt= 0.0   spt= 0.0   lpval= 94017.7   ub= 94044.0  
-----------------------------------------------------------------------------------------
elapsed time= 146.05 s.
-----------------------------------------------------------------------------------------
columns pending deletion= 8619 remain= 37611 col ratio= 0.770838 row ratio= 0.84375
[1;36m[REMIND] 2: gap improved= 0.400827 ratio= 0.015241 threshold= 0.040000 in function increaseCondition2 at /blue/yu.yang1/you.z/route_opt/packages/application/X-n313-k71/src/main/src/call_cutting.cpp:74[0m
 ****** Separate RCCs ****** 
 ****** Separate Rank1Cuts ****** 
it= 3   ncol= 1421  ncstr= 621  mt= 0.0   spt= 0.0   lpval= 94017.8   ub= 94044.0  
-----------------------------------------------------------------------------------------
elapsed time= 146.30 s.
-----------------------------------------------------------------------------------------
delete columns= 11394 remain= 26217
[1;36m[REMIND] 2: gap improved= 0.114025 ratio= 0.004355 threshold= 0.040000 in function increaseCondition2 at /blue/yu.yang1/you.z/route_opt/packages/application/X-n313-k71/src/main/src/call_cutting.cpp:74[0m
 ****** Separate Rank1Cuts ****** 
it= 3   ncol= 1422  ncstr= 558  mt= 0.0   spt= 0.0   lpval= 94017.9   ub= 94044.0  
-----------------------------------------------------------------------------------------
elapsed time= 146.70 s.
-----------------------------------------------------------------------------------------
columns pending deletion= 723 remain= 26217 col ratio= 0.972422 row ratio= 0.912186
current_r_best= 5.60922
alpha= 0.37 beta= 1.24383 omega= 50.0824 k1= 4
lb_k= 1 ub_k= 37
revise: lb_k= 3 ub_k= 5
opt_k= 4
alpha= 0.75 beta= 1.24383 omega= 28.9146 k1= 3
lb_k= 1 ub_k= 3
revise: lb_k= 2 ub_k= 3
opt_k= 3
pseudo= 50 frac= 50
#candidates in phase1= 4
testing lp time= 1.22 s.
-----------------------------------------------------------------------------------------
248-266 ,  11.87|  75-303 ,  10.31| 236-311 ,   7.44|  25-159 ,   2.91| 
-----------------------------------------------------------------------------------------
edge= 236 311 lp= 4.10381 pre= 1 lp2= 1.81233 pre2= 0 score= 7.43748
-----------------------------------------------------------------------------------------
edge= 75 303 lp= 7.10745 pre= 1 lp2= 1.45007 pre2= 0 score= 10.3063
-----------------------------------------------------------------------------------------
edge= 248 266 lp= 0.649645 pre= 1 lp2= 18.2731 pre2= 2 score= 11.8711
-----------------------------------------------------------------------------------------
candidate= 248-266 : +
-----------------------------------------------------------------------------------------
it= 4   ncol= 1482  ncstr= 559  mt= 0.3   spt= 0.0   lpval= 94027.0   ub= 94044.0  
-----------------------------------------------------------------------------------------
elapsed time= 148.25 s.
-----------------------------------------------------------------------------------------
candidate= 75-303 : +
-----------------------------------------------------------------------------------------
it= 3   ncol= 1438  ncstr= 559  mt= 0.3   spt= 0.0   lpval= 94019.3   ub= 94044.0  
-----------------------------------------------------------------------------------------
elapsed time= 148.51 s.
-----------------------------------------------------------------------------------------
brc= 75-303
t= 0.177697 c= 8.25974 n= 6 if_b4= 0
t= 0.412602 c= 11.2334 n= 6 if_b4= 0
#########################################################################################
tree size= 4 lb= 94008.9 ub= 94044
#########################################################################################
idx= 12 value= 94008.9 enu= 1
brc= 50-103 : -
brc= 76-103 : -
brc= 49-105 : +
brc= 164-295 : -
brc= 62-296 : -
brc= 126-152 : -
brc= 109-138 : -
brc= 57-130 : +
brc= 70-121 : -
brc= 31-70 : -
brc= 33-281 : -
brc= 243-267 : +
brc= 70-133 : -
brc= 126-142 : +
brc= 0-121 : -
brc= 141-164 : -
brc= 2-89 : -
brc= 18-301 : -
brc= 18-224 : -
brc= 132-155 : -
brc= 52-296 : -
brc= 125-224 : +
brc= 6-60 : -
brc= 162-208 : +
brc= 207-230 : -
brc= 164-260 : -
brc= 29-218 : -
brc= 19-106 : -
brc= 3-128 : +
brc= 207-257 : -
brc= 150-237 : -
brc= 164-175 : +
brc= 74-260 : -
brc= 155-230 : -
it= 3   ncol= 1425  ncstr= 717  mt= 0.0   spt= 0.0   lpval= 94010.9   ub= 94044.0  
-----------------------------------------------------------------------------------------
elapsed time= 149.37 s.
-----------------------------------------------------------------------------------------
columns pending deletion= 20202 remain= 111556 col ratio= 0.818907 row ratio= 0.754533
 ****** Separate RCCs ****** 
 ****** Separate Rank1Cuts ****** 
it= 2   ncol= 1423  ncstr= 754  mt= 0.0   spt= 0.0   lpval= 94011.0   ub= 94044.0  
-----------------------------------------------------------------------------------------
elapsed time= 149.76 s.
-----------------------------------------------------------------------------------------
delete columns= 23731 remain= 87825
current_r_best= 3.25832
alpha= 0.37 beta= 4.25105 omega= 46.4822 k1= 7
lb_k= 1 ub_k= 37
revise: lb_k= 5 ub_k= 10
opt_k= 8
alpha= 0.75 beta= 4.25105 omega= 27.2257 k1= 3
lb_k= 1 ub_k= 3
revise: lb_k= 1 ub_k= 3
opt_k= 3
pseudo= 50 frac= 50
#candidates in phase1= 8
testing lp time= 2.21 s.
-----------------------------------------------------------------------------------------
161-266 ,  25.31| 132-230 ,  14.79|  24-139 ,  12.59|  24-250 ,   9.99|  56-299 ,   8.73| 
 83-91  ,   1.54|  30-155 ,   1.25|  82-202 ,   1.13| 
-----------------------------------------------------------------------------------------
edge= 24 139 lp= 0.295761 pre= 1 lp2= 42.5834 pre2= 2 score= 12.5945
-----------------------------------------------------------------------------------------
edge= 132 230 lp= 19.3366 pre= 0 lp2= 0.764852 pre2= 0 score= 14.7896
-----------------------------------------------------------------------------------------
edge= 161 266 lp= 0.323385 pre= 0 lp2= 78.2522 pre2= 2 score= 25.3056
-----------------------------------------------------------------------------------------
candidate= 161-266 : +
-----------------------------------------------------------------------------------------
it= 6   ncol= 1555  ncstr= 554  mt= 0.3   spt= 0.0   lpval= 94030.7   ub= 94044.0  
-----------------------------------------------------------------------------------------
elapsed time= 152.95 s.
-----------------------------------------------------------------------------------------
candidate= 132-230 : +
-----------------------------------------------------------------------------------------
it= 3   ncol= 1423  ncstr= 554  mt= 0.3   spt= 0.0   lpval= 94011.7   ub= 94044.0  
-----------------------------------------------------------------------------------------
elapsed time= 153.25 s.
-----------------------------------------------------------------------------------------
brc= 132-230
t= 0.172786 c= 7.4042 n= 7 if_b4= 0
t= 0.404263 c= 10.1013 n= 7 if_b4= 0
#########################################################################################
tree size= 5 lb= 94011 ub= 94044
#########################################################################################
idx= 15 value= 94011 enu= 1
brc= 50-103 : -
brc= 76-103 : -
brc= 49-105 : +
brc= 164-295 : -
brc= 62-296 : -
brc= 126-152 : -
brc= 109-138 : -
brc= 57-130 : +
brc= 70-121 : -
brc= 31-70 : -
brc= 33-281 : -
brc= 243-267 : +
brc= 70-133 : -
brc= 126-142 : +
brc= 0-121 : -
brc= 141-164 : -
brc= 2-89 : -
brc= 18-301 : -
brc= 18-224 : -
brc= 132-155 : -
brc= 52-296 : -
brc= 125-224 : +
brc= 6-60 : -
brc= 162-208 : +
brc= 207-230 : -
brc= 164-260 : -
brc= 29-218 : -
brc= 19-106 : -
brc= 3-128 : +
brc= 207-257 : -
brc= 150-237 : -
brc= 164-175 : +
brc= 74-260 : -
brc= 155-230 : -
brc= 132-230 : +
it= 3   ncol= 1414  ncstr= 553  mt= 0.3   spt= 0.0   lpval= 94011.7   ub= 94044.0  
-----------------------------------------------------------------------------------------
elapsed time= 154.64 s.
-----------------------------------------------------------------------------------------
columns pending deletion= 8765 remain= 87736 col ratio= 0.900098 row ratio= 0.951175
 ****** Separate RCCs ****** 
 ****** Separate Rank1Cuts ****** 
it= 3   ncol= 1413  ncstr= 592  mt= 0.0   spt= 0.0   lpval= 94012.4   ub= 94044.0  
-----------------------------------------------------------------------------------------
elapsed time= 155.12 s.
-----------------------------------------------------------------------------------------
columns pending deletion= 14094 remain= 87736 col ratio= 0.839359 row ratio= 0.913851
[1;36m[REMIND] 2: gap improved= 0.702497 ratio= 0.022262 threshold= 0.040000 in function increaseCondition2 at /blue/yu.yang1/you.z/route_opt/packages/application/X-n313-k71/src/main/src/call_cutting.cpp:74[0m
 ****** Separate RCCs ****** 
 ****** Separate Rank1Cuts ****** 
it= 3   ncol= 1439  ncstr= 606  mt= 0.0   spt= 0.0   lpval= 94013.1   ub= 94044.0  
-----------------------------------------------------------------------------------------
elapsed time= 155.52 s.
-----------------------------------------------------------------------------------------
columns pending deletion= 19503 remain= 87736 col ratio= 0.777708 row ratio= 0.905941
[1;36m[REMIND] 2: gap improved= 0.631945 ratio= 0.020435 threshold= 0.040000 in function increaseCondition2 at /blue/yu.yang1/you.z/route_opt/packages/application/X-n313-k71/src/main/src/call_cutting.cpp:74[0m
 ****** Separate RCCs ****** 
 ****** Separate Rank1Cuts ****** 
it= 1   ncol= 1430  ncstr= 624  mt= 0.0   spt= 0.0   lpval= 94013.3   ub= 94044.0  
-----------------------------------------------------------------------------------------
elapsed time= 155.91 s.
-----------------------------------------------------------------------------------------
columns pending deletion= 21827 remain= 87736 col ratio= 0.75122 row ratio= 0.899038
[1;36m[REMIND] 2: gap improved= 0.196551 ratio= 0.006397 threshold= 0.040000 in function increaseCondition2 at /blue/yu.yang1/you.z/route_opt/packages/application/X-n313-k71/src/main/src/call_cutting.cpp:74[0m
[1;36m[REMIND] tail off counter= 3 threshold= 3 in function setIfTailOff at /blue/yu.yang1/you.z/route_opt/packages/application/X-n313-k71/src/main/src/call_cutting.cpp:150[0m
current_r_best= 3.25832
alpha= 0.37 beta= 3.54917 omega= 42.8518 k1= 6
lb_k= 1 ub_k= 37
revise: lb_k= 5 ub_k= 8
opt_k= 7
alpha= 0.75 beta= 3.54917 omega= 24.987 k1= 3
lb_k= 1 ub_k= 3
revise: lb_k= 2 ub_k= 3
opt_k= 3
pseudo= 50 frac= 50
#candidates in phase1= 7
testing lp time= 2.59 s.
-----------------------------------------------------------------------------------------
 75-303 ,   7.59| 236-311 ,   6.60| 184-303 ,   3.23| 205-256 ,   1.39| 117-150 ,   1.27| 
 82-150 ,   1.15|   0-279 ,   1.00| 
-----------------------------------------------------------------------------------------
edge= 184 303 lp= 3.31712 pre= 1 lp2= 0.973689 pre2= 0 score= 3.22985
-----------------------------------------------------------------------------------------
edge= 236 311 lp= 6.77373 pre= 2 lp2= 0.974685 pre2= 0 score= 6.60225
-----------------------------------------------------------------------------------------
edge= 75 303 lp= 7.79767 pre= 2 lp2= 0.973667 pre2= 0 score= 7.59234
-----------------------------------------------------------------------------------------
candidate= 75-303 : -
-----------------------------------------------------------------------------------------
it= 5   ncol= 1513  ncstr= 625  mt= 0.4   spt= 0.0   lpval= 94020.3   ub= 94044.0  
-----------------------------------------------------------------------------------------
elapsed time= 158.92 s.
-----------------------------------------------------------------------------------------
brc= 75-303
t= 0.174165 c= 6.78142 n= 8 if_b4= 0
t= 0.405425 c= 9.29986 n= 8 if_b4= 0
#########################################################################################
tree size= 6 lb= 94011 ub= 94044
#########################################################################################
idx= 16 value= 94011 enu= 1
brc= 50-103 : -
brc= 76-103 : -
brc= 49-105 : +
brc= 164-295 : -
brc= 62-296 : -
brc= 126-152 : -
brc= 109-138 : -
brc= 57-130 : +
brc= 70-121 : -
brc= 31-70 : -
brc= 33-281 : -
brc= 243-267 : +
brc= 70-133 : -
brc= 126-142 : +
brc= 0-121 : -
brc= 141-164 : -
brc= 2-89 : -
brc= 18-301 : -
brc= 18-224 : -
brc= 132-155 : -
brc= 52-296 : -
brc= 125-224 : +
brc= 6-60 : -
brc= 162-208 : +
brc= 207-230 : -
brc= 164-260 : -
brc= 29-218 : -
brc= 19-106 : -
brc= 3-128 : +
brc= 207-257 : -
brc= 150-237 : -
brc= 164-175 : +
brc= 74-260 : -
brc= 155-230 : -
brc= 132-230 : -
it= 4   ncol= 1478  ncstr= 553  mt= 0.1   spt= 0.0   lpval= 94024.2   ub= 94044.0  
-----------------------------------------------------------------------------------------
elapsed time= 160.19 s.
-----------------------------------------------------------------------------------------
delete columns= 76271 remain= 11531
 ****** Separate RCCs ****** 
 ****** Separate Rank1Cuts ****** 
it= 3   ncol= 1366  ncstr= 519  mt= 0.0   spt= 0.0   lpval= 94026.1   ub= 94044.0  
-----------------------------------------------------------------------------------------
elapsed time= 160.54 s.
-----------------------------------------------------------------------------------------
columns pending deletion= 3372 remain= 11531 col ratio= 0.707571 row ratio= 0.926782
mip: row= 481 col= 9491 density= 4.68309%
mip time= 14.27 s.
mip status= 6
#########################################################################################
tree size= 5 lb= 94013.3 ub= 94044
#########################################################################################
idx= 17 value= 94013.3 enu= 1
brc= 50-103 : -
brc= 76-103 : -
brc= 49-105 : +
brc= 164-295 : -
brc= 62-296 : -
brc= 126-152 : -
brc= 109-138 : -
brc= 57-130 : +
brc= 70-121 : -
brc= 31-70 : -
brc= 33-281 : -
brc= 243-267 : +
brc= 70-133 : -
brc= 126-142 : +
brc= 0-121 : -
brc= 141-164 : -
brc= 2-89 : -
brc= 18-301 : -
brc= 18-224 : -
brc= 132-155 : -
brc= 52-296 : -
brc= 125-224 : +
brc= 6-60 : -
brc= 162-208 : +
brc= 207-230 : -
brc= 164-260 : -
brc= 29-218 : -
brc= 19-106 : -
brc= 3-128 : +
brc= 207-257 : -
brc= 150-237 : -
brc= 164-175 : +
brc= 74-260 : -
brc= 155-230 : -
brc= 132-230 : +
brc= 75-303 : +
it= 3   ncol= 1433  ncstr= 624  mt= 0.3   spt= 0.0   lpval= 94014.2   ub= 94044.0  
-----------------------------------------------------------------------------------------
elapsed time= 175.23 s.
-----------------------------------------------------------------------------------------
columns pending deletion= 7632 remain= 65875 col ratio= 0.884144 row ratio= 0.876603
 ****** Separate Rank1Cuts ****** 
it= 3   ncol= 1445  ncstr= 643  mt= 0.0   spt= 0.0   lpval= 94014.9   ub= 94044.0  
-----------------------------------------------------------------------------------------
elapsed time= 175.63 s.
-----------------------------------------------------------------------------------------
columns pending deletion= 16844 remain= 65875 col ratio= 0.744304 row ratio= 0.852255
[1;36m[REMIND] 2: gap improved= 0.686388 ratio= 0.023610 threshold= 0.040000 in function increaseCondition2 at /blue/yu.yang1/you.z/route_opt/packages/application/X-n313-k71/src/main/src/call_cutting.cpp:74[0m
 ****** Separate RCCs ****** 
 ****** Separate Rank1Cuts ****** 
it= 2   ncol= 1451  ncstr= 666  mt= 0.0   spt= 0.0   lpval= 94015.3   ub= 94044.0  
-----------------------------------------------------------------------------------------
elapsed time= 176.08 s.
-----------------------------------------------------------------------------------------
delete columns= 22114 remain= 43761
[1;36m[REMIND] 2: gap improved= 0.361111 ratio= 0.012578 threshold= 0.040000 in function increaseCondition2 at /blue/yu.yang1/you.z/route_opt/packages/application/X-n313-k71/src/main/src/call_cutting.cpp:74[0m
 ****** Separate RCCs ****** 
 ****** Separate Rank1Cuts ****** 
it= 3   ncol= 1460  ncstr= 576  mt= 0.0   spt= 0.0   lpval= 94015.4   ub= 94044.0  
-----------------------------------------------------------------------------------------
elapsed time= 176.59 s.
-----------------------------------------------------------------------------------------
columns pending deletion= 1572 remain= 43761 col ratio= 0.964078 row ratio= 0.940972
current_r_best= 3.25832
alpha= 0.37 beta= 2.90178 omega= 38.9368 k1= 5
lb_k= 1 ub_k= 37
revise: lb_k= 4 ub_k= 7
opt_k= 6
alpha= 0.75 beta= 2.90178 omega= 22.9386 k1= 3
lb_k= 1 ub_k= 3
revise: lb_k= 2 ub_k= 3
opt_k= 3
pseudo= 50 frac= 50
#candidates in phase1= 6
testing lp time= 1.82 s.
-----------------------------------------------------------------------------------------
 95-279 ,  83.26|  95-281 ,  83.26|  43-141 ,  81.90| 285-295 ,  13.16|  25-285 ,  13.16| 
175-260 ,  13.16| 
-----------------------------------------------------------------------------------------
edge= 43 141 lp= 20.511 pre= 0 lp2= 3.99276 pre2= 0 score= 81.8954
-----------------------------------------------------------------------------------------
edge= 95 281 lp= 17.6796 pre= 2 lp2= 4.70959 pre2= 0 score= 83.2636
-----------------------------------------------------------------------------------------
edge= 95 279 lp= 4.70959 pre= 0 lp2= 17.6797 pre2= 2 score= 83.2642
-----------------------------------------------------------------------------------------
candidate= 95-279 : +
-----------------------------------------------------------------------------------------
it= 4   ncol= 1509  ncstr= 577  mt= 0.3   spt= 0.0   lpval= 94029.7   ub= 94044.0  
-----------------------------------------------------------------------------------------
elapsed time= 178.76 s.
-----------------------------------------------------------------------------------------
candidate= 95-281 : -
-----------------------------------------------------------------------------------------
it= 4   ncol= 1516  ncstr= 577  mt= 0.4   spt= 0.0   lpval= 94028.1   ub= 94044.0  
-----------------------------------------------------------------------------------------
elapsed time= 179.15 s.
-----------------------------------------------------------------------------------------
candidate= 43-141 : +
-----------------------------------------------------------------------------------------
it= 3   ncol= 1499  ncstr= 577  mt= 0.3   spt= 0.0   lpval= 94018.8   ub= 94044.0  
-----------------------------------------------------------------------------------------
elapsed time= 179.45 s.
-----------------------------------------------------------------------------------------
brc= 43-141
t= 0.171931 c= 6.32979 n= 9 if_b4= 0
t= 0.399199 c= 8.636 n= 9 if_b4= 0
#########################################################################################
tree size= 6 lb= 94013.3 ub= 94044
#########################################################################################
idx= 18 value= 94013.3 enu= 1
brc= 50-103 : -
brc= 76-103 : -
brc= 49-105 : +
brc= 164-295 : -
brc= 62-296 : -
brc= 126-152 : -
brc= 109-138 : -
brc= 57-130 : +
brc= 70-121 : -
brc= 31-70 : -
brc= 33-281 : -
brc= 243-267 : +
brc= 70-133 : -
brc= 126-142 : +
brc= 0-121 : -
brc= 141-164 : -
brc= 2-89 : -
brc= 18-301 : -
brc= 18-224 : -
brc= 132-155 : -
brc= 52-296 : -
brc= 125-224 : +
brc= 6-60 : -
brc= 162-208 : +
brc= 207-230 : -
brc= 164-260 : -
brc= 29-218 : -
brc= 19-106 : -
brc= 3-128 : +
brc= 207-257 : -
brc= 150-237 : -
brc= 164-175 : +
brc= 74-260 : -
brc= 155-230 : -
brc= 132-230 : +
brc= 75-303 : -
it= 5   ncol= 1506  ncstr= 624  mt= 0.1   spt= 0.0   lpval= 94020.3   ub= 94044.0  
-----------------------------------------------------------------------------------------
elapsed time= 180.59 s.
-----------------------------------------------------------------------------------------
delete columns= 41385 remain= 24522
 ****** Separate RCCs ****** 
 ****** Separate Rank1Cuts ****** 
it= 4   ncol= 1488  ncstr= 544  mt= 0.1   spt= 0.0   lpval= 94022.4   ub= 94044.0  
-----------------------------------------------------------------------------------------
elapsed time= 181.05 s.
-----------------------------------------------------------------------------------------
delete columns= 9004 remain= 15518
mip: row= 486 col= 16980 density= 4.88836%
mip time= 25.78 s.
mip status= 6
update f from 19.1631 to 21.6309
#########################################################################################
tree size= 5 lb= 94015.4 ub= 94044
#########################################################################################
idx= 19 value= 94015.4 enu= 1
brc= 50-103 : -
brc= 76-103 : -
brc= 49-105 : +
brc= 164-295 : -
brc= 62-296 : -
brc= 126-152 : -
brc= 109-138 : -
brc= 57-130 : +
brc= 70-121 : -
brc= 31-70 : -
brc= 33-281 : -
brc= 243-267 : +
brc= 70-133 : -
brc= 126-142 : +
brc= 0-121 : -
brc= 141-164 : -
brc= 2-89 : -
brc= 18-301 : -
brc= 18-224 : -
brc= 132-155 : -
brc= 52-296 : -
brc= 125-224 : +
brc= 6-60 : -
brc= 162-208 : +
brc= 207-230 : -
brc= 164-260 : -
brc= 29-218 : -
brc= 19-106 : -
brc= 3-128 : +
brc= 207-257 : -
brc= 150-237 : -
brc= 164-175 : +
brc= 74-260 : -
brc= 155-230 : -
brc= 132-230 : +
brc= 75-303 : +
brc= 43-141 : +
it= 2   ncol= 1485  ncstr= 576  mt= 0.3   spt= 0.0   lpval= 94018.8   ub= 94044.0  
-----------------------------------------------------------------------------------------
elapsed time= 207.22 s.
-----------------------------------------------------------------------------------------
delete columns= 14116 remain= 28036
 ****** Separate RCCs ****** 
 ****** Separate Rank1Cuts ****** 
it= 2   ncol= 1465  ncstr= 547  mt= 0.0   spt= 0.0   lpval= 94019.2   ub= 94044.0  
-----------------------------------------------------------------------------------------
elapsed time= 207.60 s.
-----------------------------------------------------------------------------------------
columns pending deletion= 2393 remain= 28036 col ratio= 0.914645 row ratio= 0.968921
[1;36m[REMIND] 2: gap improved= 0.408504 ratio= 0.016458 threshold= 0.040000 in function increaseCondition2 at /blue/yu.yang1/you.z/route_opt/packages/application/X-n313-k71/src/main/src/call_cutting.cpp:74[0m
 ****** Separate RCCs ****** 
 ****** Separate Rank1Cuts ****** 
it= 1   ncol= 1459  ncstr= 589  mt= 0.0   spt= 0.0   lpval= 94019.6   ub= 94044.0  
-----------------------------------------------------------------------------------------
elapsed time= 207.92 s.
-----------------------------------------------------------------------------------------
columns pending deletion= 4473 remain= 28036 col ratio= 0.840455 row ratio= 0.918506
[1;36m[REMIND] 2: gap improved= 0.440043 ratio= 0.018049 threshold= 0.040000 in function increaseCondition2 at /blue/yu.yang1/you.z/route_opt/packages/application/X-n313-k71/src/main/src/call_cutting.cpp:74[0m
 ****** Separate RCCs ****** 
 ****** Separate Rank1Cuts ****** 
it= 3   ncol= 1464  ncstr= 611  mt= 0.0   spt= 0.0   lpval= 94020.0   ub= 94044.0  
-----------------------------------------------------------------------------------------
elapsed time= 208.26 s.
-----------------------------------------------------------------------------------------
columns pending deletion= 6809 remain= 28036 col ratio= 0.757134 row ratio= 0.883797
[1;36m[REMIND] 2: gap improved= 0.356933 ratio= 0.014858 threshold= 0.040000 in function increaseCondition2 at /blue/yu.yang1/you.z/route_opt/packages/application/X-n313-k71/src/main/src/call_cutting.cpp:74[0m
[1;36m[REMIND] tail off counter= 3 threshold= 3 in function setIfTailOff at /blue/yu.yang1/you.z/route_opt/packages/application/X-n313-k71/src/main/src/call_cutting.cpp:150[0m
current_r_best= 3.25832
alpha= 0.37 beta= 0.734398 omega= 36.8159 k1= 2
lb_k= 1 ub_k= 4
revise: lb_k= 2 ub_k= 2
opt_k= 2
alpha= 0.75 beta= 0.734398 omega= 21.6333 k1= 3
lb_k= 1 ub_k= 3
revise: lb_k= 2 ub_k= 3
opt_k= 3
pseudo= 50 frac= 50
#candidates in phase1= 2
testing lp time= 0.61 s.
-----------------------------------------------------------------------------------------
 53-274 , 1936371.43|   0-53  , 1936365.84| 
-----------------------------------------------------------------------------------------
edge= 0 53 lp= 1001 pre= -1 lp2= 2.13732 pre2= 0 score= 2139.45
-----------------------------------------------------------------------------------------
edge= 53 274 lp= 2.13732 pre= 0 lp2= 1000 pre2= 2 score= 2137.32
-----------------------------------------------------------------------------------------
brc= 0-53
t= 0.170257 c= 5.8786 n= 10 if_b4= 0
t= 0.399199 c= 8.00307 n= 10 if_b4= 0
#########################################################################################
tree size= 6 lb= 94015.4 ub= 94044
#########################################################################################
idx= 20 value= 94015.4 enu= 1
brc= 50-103 : -
brc= 76-103 : -
brc= 49-105 : +
brc= 164-295 : -
brc= 62-296 : -
brc= 126-152 : -
brc= 109-138 : -
brc= 57-130 : +
brc= 70-121 : -
brc= 31-70 : -
brc= 33-281 : -
brc= 243-267 : +
brc= 70-133 : -
brc= 126-142 : +
brc= 0-121 : -
brc= 141-164 : -
brc= 2-89 : -
brc= 18-301 : -
brc= 18-224 : -
brc= 132-155 : -
brc= 52-296 : -
brc= 125-224 : +
brc= 6-60 : -
brc= 162-208 : +
brc= 207-230 : -
brc= 164-260 : -
brc= 29-218 : -
brc= 19-106 : -
brc= 3-128 : +
brc= 207-257 : -
brc= 150-237 : -
brc= 164-175 : +
brc= 74-260 : -
brc= 155-230 : -
brc= 132-230 : +
brc= 75-303 : +
brc= 43-141 : -
it= 4   ncol= 1510  ncstr= 576  mt= 0.1   spt= 0.0   lpval= 94032.0   ub= 94044.0  
-----------------------------------------------------------------------------------------
elapsed time= 209.73 s.
-----------------------------------------------------------------------------------------
delete columns= 39218 remain= 2932
 ****** Separate RCCs ****** 
 ****** Separate Rank1Cuts ****** 
it= 4   ncol= 1316  ncstr= 528  mt= 0.1   spt= 0.0   lpval= 94040.4   ub= 94044.0  
-----------------------------------------------------------------------------------------
elapsed time= 210.12 s.
-----------------------------------------------------------------------------------------
delete columns= 2273 remain= 659
mip: row= 482 col= 1430 density= 3.2265%
mip time= 0.10 s.
mip status= 3
#########################################################################################
tree size= 5 lb= 94017.9 ub= 94044
#########################################################################################
idx= 13 value= 94017.9 enu= 1
brc= 50-103 : -
brc= 76-103 : -
brc= 49-105 : +
brc= 164-295 : -
brc= 62-296 : -
brc= 126-152 : -
brc= 109-138 : -
brc= 57-130 : +
brc= 70-121 : -
brc= 31-70 : -
brc= 33-281 : -
brc= 243-267 : +
brc= 70-133 : -
brc= 126-142 : +
brc= 0-121 : -
brc= 141-164 : -
brc= 2-89 : -
brc= 18-301 : -
brc= 18-224 : -
brc= 132-155 : -
brc= 52-296 : -
brc= 125-224 : +
brc= 6-60 : -
brc= 162-208 : +
brc= 207-230 : -
brc= 164-260 : -
brc= 29-218 : -
brc= 19-106 : -
brc= 3-128 : +
brc= 207-257 : -
brc= 150-237 : -
brc= 164-175 : +
brc= 74-260 : -
brc= 155-230 : +
brc= 75-303 : +
it= 2   ncol= 1434  ncstr= 558  mt= 0.3   spt= 0.0   lpval= 94019.3   ub= 94044.0  
-----------------------------------------------------------------------------------------
elapsed time= 210.51 s.
-----------------------------------------------------------------------------------------
columns pending deletion= 4526 remain= 25467 col ratio= 0.82228 row ratio= 0.863799
 ****** Separate Rank1Cuts ****** 
it= 3   ncol= 1423  ncstr= 589  mt= 0.1   spt= 0.0   lpval= 94019.9   ub= 94044.0  
-----------------------------------------------------------------------------------------
elapsed time= 210.87 s.
-----------------------------------------------------------------------------------------
columns pending deletion= 6715 remain= 25467 col ratio= 0.736325 row ratio= 0.825127
[1;36m[REMIND] 2: gap improved= 0.581062 ratio= 0.024074 threshold= 0.040000 in function increaseCondition2 at /blue/yu.yang1/you.z/route_opt/packages/application/X-n313-k71/src/main/src/call_cutting.cpp:74[0m
 ****** Separate Rank1Cuts ****** 
it= 2   ncol= 1420  ncstr= 608  mt= 0.0   spt= 0.0   lpval= 94020.0   ub= 94044.0  
-----------------------------------------------------------------------------------------
elapsed time= 211.12 s.
-----------------------------------------------------------------------------------------
delete columns= 7177 remain= 18290
[1;36m[REMIND] 1: gap improved= 0.096345 threshold= 0.100000 in function increaseCondition1 at /blue/yu.yang1/you.z/route_opt/packages/application/X-n313-k71/src/main/src/call_cutting.cpp:58[0m
[1;36m[REMIND] tail off counter= 3 threshold= 3 in function setIfTailOff at /blue/yu.yang1/you.z/route_opt/packages/application/X-n313-k71/src/main/src/call_cutting.cpp:150[0m
mip: row= 504 col= 19709 density= 5.0332%
mip time= 36.09 s.
mip status= 6
update f from 21.6309 to 24.0398
#########################################################################################
tree size= 4 lb= 94017.9 ub= 94044
#########################################################################################
idx= 14 value= 94017.9 enu= 1
brc= 50-103 : -
brc= 76-103 : -
brc= 49-105 : +
brc= 164-295 : -
brc= 62-296 : -
brc= 126-152 : -
brc= 109-138 : -
brc= 57-130 : +
brc= 70-121 : -
brc= 31-70 : -
brc= 33-281 : -
brc= 243-267 : +
brc= 70-133 : -
brc= 126-142 : +
brc= 0-121 : -
brc= 141-164 : -
brc= 2-89 : -
brc= 18-301 : -
brc= 18-224 : -
brc= 132-155 : -
brc= 52-296 : -
brc= 125-224 : +
brc= 6-60 : -
brc= 162-208 : +
brc= 207-230 : -
brc= 164-260 : -
brc= 29-218 : -
brc= 19-106 : -
brc= 3-128 : +
brc= 207-257 : -
brc= 150-237 : -
brc= 164-175 : +
brc= 74-260 : -
brc= 155-230 : +
brc= 75-303 : -
it= 3   ncol= 1470  ncstr= 558  mt= 0.1   spt= 0.0   lpval= 94024.3   ub= 94044.0  
-----------------------------------------------------------------------------------------
elapsed time= 247.39 s.
-----------------------------------------------------------------------------------------
delete columns= 14173 remain= 11319
 ****** Separate RCCs ****** 
 ****** Separate Rank1Cuts ****** 
it= 4   ncol= 1423  ncstr= 576  mt= 0.1   spt= 0.0   lpval= 94026.6   ub= 94044.0  
-----------------------------------------------------------------------------------------
elapsed time= 248.09 s.
-----------------------------------------------------------------------------------------
delete columns= 4087 remain= 7232
mip: row= 473 col= 8612 density= 4.36185%
mip time= 7.29 s.
mip status= 6
#########################################################################################
tree size= 3 lb= 94018.9 ub= 94044
#########################################################################################
idx= 3 value= 94018.9 enu= 1
brc= 50-103 : -
brc= 76-103 : -
brc= 49-105 : +
brc= 164-295 : -
brc= 62-296 : -
brc= 126-152 : -
brc= 109-138 : -
brc= 57-130 : +
brc= 70-121 : -
brc= 31-70 : -
brc= 33-281 : -
brc= 243-267 : +
brc= 70-133 : -
brc= 126-142 : +
brc= 0-121 : -
brc= 141-164 : -
brc= 2-89 : -
brc= 18-301 : -
brc= 18-224 : -
brc= 132-155 : -
brc= 52-296 : -
brc= 125-224 : +
brc= 6-60 : -
brc= 162-208 : +
brc= 207-230 : -
brc= 164-260 : -
brc= 29-218 : -
brc= 19-106 : -
brc= 3-128 : +
brc= 207-257 : +
brc= 18-165 : +
it= 3   ncol= 1370  ncstr= 547  mt= 0.2   spt= 0.0   lpval= 94043.0   ub= 94044.0  
-----------------------------------------------------------------------------------------
elapsed time= 255.68 s.
-----------------------------------------------------------------------------------------
#########################################################################################
tree size= 2 lb= 94018.9 ub= 94044
#########################################################################################
idx= 4 value= 94018.9 enu= 1
brc= 50-103 : -
brc= 76-103 : -
brc= 49-105 : +
brc= 164-295 : -
brc= 62-296 : -
brc= 126-152 : -
brc= 109-138 : -
brc= 57-130 : +
brc= 70-121 : -
brc= 31-70 : -
brc= 33-281 : -
brc= 243-267 : +
brc= 70-133 : -
brc= 126-142 : +
brc= 0-121 : -
brc= 141-164 : -
brc= 2-89 : -
brc= 18-301 : -
brc= 18-224 : -
brc= 132-155 : -
brc= 52-296 : -
brc= 125-224 : +
brc= 6-60 : -
brc= 162-208 : +
brc= 207-230 : -
brc= 164-260 : -
brc= 29-218 : -
brc= 19-106 : -
brc= 3-128 : +
brc= 207-257 : +
brc= 18-165 : -
it= 2   ncol= 1352  ncstr= 547  mt= 0.0   spt= 0.0   lpval= 94020.3   ub= 94044.0  
-----------------------------------------------------------------------------------------
elapsed time= 255.72 s.
-----------------------------------------------------------------------------------------
columns pending deletion= 3240 remain= 24220 col ratio= 0.866226 row ratio= 0.906764
 ****** Separate RCCs ****** 
 ****** Separate Rank1Cuts ****** 
it= 3   ncol= 1312  ncstr= 568  mt= 0.0   spt= 0.0   lpval= 94021.1   ub= 94044.0  
-----------------------------------------------------------------------------------------
elapsed time= 256.06 s.
-----------------------------------------------------------------------------------------
columns pending deletion= 5582 remain= 24220 col ratio= 0.769529 row ratio= 0.875
[1;36m[REMIND] 2: gap improved= 0.802674 ratio= 0.035022 threshold= 0.040000 in function increaseCondition2 at /blue/yu.yang1/you.z/route_opt/packages/application/X-n313-k71/src/main/src/call_cutting.cpp:74[0m
mip: row= 497 col= 19942 density= 5.2375%
mip time= 42.12 s.
mip status= 6
#########################################################################################
tree size= 1 lb= 94020 ub= 94044
#########################################################################################
idx= 21 value= 94020 enu= 1
brc= 50-103 : -
brc= 76-103 : -
brc= 49-105 : +
brc= 164-295 : -
brc= 62-296 : -
brc= 126-152 : -
brc= 109-138 : -
brc= 57-130 : +
brc= 70-121 : -
brc= 31-70 : -
brc= 33-281 : -
brc= 243-267 : +
brc= 70-133 : -
brc= 126-142 : +
brc= 0-121 : -
brc= 141-164 : -
brc= 2-89 : -
brc= 18-301 : -
brc= 18-224 : -
brc= 132-155 : -
brc= 52-296 : -
brc= 125-224 : +
brc= 6-60 : -
brc= 162-208 : +
brc= 207-230 : -
brc= 164-260 : -
brc= 29-218 : -
brc= 19-106 : -
brc= 3-128 : +
brc= 207-257 : -
brc= 150-237 : -
brc= 164-175 : +
brc= 74-260 : -
brc= 155-230 : -
brc= 132-230 : +
brc= 75-303 : +
brc= 43-141 : +
brc= 0-53 : +
it= 3   ncol= 1471  ncstr= 611  mt= 0.4   spt= 0.0   lpval= 94022.0   ub= 94044.0  
-----------------------------------------------------------------------------------------
elapsed time= 298.65 s.
-----------------------------------------------------------------------------------------
columns pending deletion= 5918 remain= 21209 col ratio= 0.720968 row ratio= 0.837971
 ****** Separate RCCs ****** 
 ****** Separate Rank1Cuts ****** 
it= 2   ncol= 1459  ncstr= 646  mt= 0.0   spt= 0.0   lpval= 94022.5   ub= 94044.0  
-----------------------------------------------------------------------------------------
elapsed time= 298.98 s.
-----------------------------------------------------------------------------------------
delete columns= 7370 remain= 13839
[1;36m[REMIND] 2: gap improved= 0.509947 ratio= 0.023703 threshold= 0.040000 in function increaseCondition2 at /blue/yu.yang1/you.z/route_opt/packages/application/X-n313-k71/src/main/src/call_cutting.cpp:74[0m
mip: row= 536 col= 15293 density= 5.06343%
mip time= 56.47 s.
mip status= 6
#########################################################################################
tree size= 0 lb= 94020 ub= 94044
#########################################################################################
idx= 22 value= 94020 enu= 1
brc= 50-103 : -
brc= 76-103 : -
brc= 49-105 : +
brc= 164-295 : -
brc= 62-296 : -
brc= 126-152 : -
brc= 109-138 : -
brc= 57-130 : +
brc= 70-121 : -
brc= 31-70 : -
brc= 33-281 : -
brc= 243-267 : +
brc= 70-133 : -
brc= 126-142 : +
brc= 0-121 : -
brc= 141-164 : -
brc= 2-89 : -
brc= 18-301 : -
brc= 18-224 : -
brc= 132-155 : -
brc= 52-296 : -
brc= 125-224 : +
brc= 6-60 : -
brc= 162-208 : +
brc= 207-230 : -
brc= 164-260 : -
brc= 29-218 : -
brc= 19-106 : -
brc= 3-128 : +
brc= 207-257 : -
brc= 150-237 : -
brc= 164-175 : +
brc= 74-260 : -
brc= 155-230 : -
brc= 132-230 : +
brc= 75-303 : +
brc= 43-141 : +
brc= 0-53 : -
it= 4   ncol= 1508  ncstr= 611  mt= 0.3   spt= 0.0   lpval= 94027.2   ub= 94044.0  
-----------------------------------------------------------------------------------------
elapsed time= 356.21 s.
-----------------------------------------------------------------------------------------
delete columns= 14199 remain= 6999
 ****** Separate RCCs ****** 
 ****** Separate Rank1Cuts ****** 
it= 3   ncol= 1445  ncstr= 570  mt= 0.0   spt= 0.0   lpval= 94027.9   ub= 94044.0  
-----------------------------------------------------------------------------------------
elapsed time= 356.65 s.
-----------------------------------------------------------------------------------------
columns pending deletion= 1431 remain= 6999 col ratio= 0.795542 row ratio= 0.896491
[1;36m[REMIND] 2: gap improved= 0.604748 ratio= 0.037446 threshold= 0.040000 in function increaseCondition2 at /blue/yu.yang1/you.z/route_opt/packages/application/X-n313-k71/src/main/src/call_cutting.cpp:74[0m
mip: row= 511 col= 6986 density= 4.82239%
mip time= 3.36 s.
mip status= 6
#########################################################################################
[32m<Instance: X-n313-k71>
<Solution>
<UB= 94044>
<LB= 94044>
<Elapsed Time= 360.4>
<Nodes Explored= 23>
<Global Gap= 0%>[0m
#########################################################################################
File nodes/X-n313-k71_2_4_3_1_7_1_4_G32.node deleted successfully.
