application type: CVRP
X-n313-k71_2_2_3_6_2_0_0_2_5_4_G32.node
Set parameter ServerTimeout to value 600
Set parameter TokenServer to value "grb-ts.ufhpc"
Set parameter Threads to value 1
instance name= X-n313-k71
#########################################################################################
tree size= 0 lb= 0 ub= 94044
#########################################################################################
idx= 9 value= 94001.3 enu= 0
brc= 50-103 : -
brc= 76-103 : -
brc= 49-105 : +
brc= 164-295 : -
brc= 62-296 : -
brc= 126-152 : +
brc= 7-127 : -
brc= 250-278 : -
brc= 19-115 : -
brc= 270-279 : +
brc= 29-131 : -
brc= 64-128 : -
brc= 116-145 : -
brc= 23-296 : -
brc= 6-19 : -
brc= 117-207 : -
brc= 125-287 : +
brc= 10-161 : -
brc= 74-299 : -
brc= 52-296 : +
brc= 6-137 : +
brc= 33-127 : +
brc= 155-257 : -
brc= 115-128 : -
brc= 117-237 : +
brc= 86-243 : -
brc= 228-260 : -
brc= 18-224 : -
brc= 74-260 : -
brc= 164-249 : -
brc= 75-303 : +
brc= 211-239 : -
brc= 239-290 : -
brc= 125-224 : -
brc= 224-287 : -
brc= 70-133 : +
-----------------------------------------------------------------------------------------
 ****** Pricing Level: LIGHT HEUR ****** 
it= 10  ncol= 1616  ncstr= 609  mt= 0.3   spt= 0.2   lpval= 94030.8   ub= 94044.0  
 ****** Pricing Level: HEAVY HEUR ****** 
it= 4   ncol= 1662  ncstr= 609  mt= 0.1   spt= 0.2   lpval= 94028.0   ub= 94044.0  
 ****** Pricing Level: EXACT ****** 
it= 5   ncol= 1788  ncstr= 609  mt= 0.1   spt= 4.0   lpval= 94025.2   ub= 94044.0  
-----------------------------------------------------------------------------------------
elapsed time= 8.53 s.
-----------------------------------------------------------------------------------------
-----------------------------------------------------------------------------------------
 ****** Run Arc Elimination ****** 
arc elimination time= 0.62 s.
previous= 45.2938% maximum= 1.10879%
eliminate bucket arcs time= 0.28 s.
obtain jump arcs time= 0.01 s.
-----------------------------------------------------------------------------------------
-----------------------------------------------------------------------------------------
elapsed time= 9.78 s.
-----------------------------------------------------------------------------------------
-----------------------------------------------------------------------------------------
 ****** Try Enumeration ****** 
#labels= 26295 #routes= 1
labeling 1 time= 0.14 s.
concatenate time= 0.08 s.
#routes= 12059
average gap of successful enumeration= 0.000189558
next try value > 93996.5
-----------------------------------------------------------------------------------------
elapsed time= 10.06 s.
-----------------------------------------------------------------------------------------
 ****** Process Enumeration Matrix ****** 
delete non-ele routes lp val= 94035.1
recover rank1c lp val= 94035.4
recover rcc lp val= 94041.3
obtain rcc coefficient time= 0.00 s.
obtain r1c coefficient time= 0.02 s.
obtain matrix from triplets time= 0.01 s.
delete columns by branch time= 0.00 s.
columns pending deletion= 85 remain= 12059 col ratio= 0.992951 row ratio= 1
regenerate enumeration matrix time= 0.00 s.
-----------------------------------------------------------------------------------------
elapsed time= 11.38 s.
-----------------------------------------------------------------------------------------
it= 3   ncol= 1427  ncstr= 568  mt= 0.1   spt= 0.0   lpval= 94040.2   ub= 94044.0  
-----------------------------------------------------------------------------------------
elapsed time= 11.44 s.
-----------------------------------------------------------------------------------------
delete columns= 11210 remain= 849
 ****** Separate RCCs ****** 
 ****** Separate Rank1Cuts ****** 
it= 3   ncol= 865   ncstr= 624  mt= 0.0   spt= 0.0   lpval= 94053.4   ub= 94044.0  
-----------------------------------------------------------------------------------------
elapsed time= 12.29 s.
-----------------------------------------------------------------------------------------
#########################################################################################
[32m<Instance: X-n313-k71>
<Solution>
<UB= 94044>
<LB= 94044>
<Elapsed Time= 12.3>
<Nodes Explored= 1>
<Global Gap= 0%>[0m
#########################################################################################
File nodes/X-n313-k71_2_2_3_6_2_0_0_2_5_4_G32.node deleted successfully.
