application type: CVRP
X-n313-k71_2_2_2_2_0_2_1_5_0_3_0_G32.node
Set parameter ServerTimeout to value 600
Set parameter TokenServer to value "grb-ts.ufhpc"
Set parameter Threads to value 1
instance name= X-n313-k71
#########################################################################################
tree size= 0 lb= 0 ub= 94044
#########################################################################################
idx= 1 value= 93995.7 enu= 0
brc= 50-103 : -
brc= 76-103 : -
brc= 49-105 : +
brc= 164-295 : -
brc= 62-296 : -
brc= 126-152 : +
brc= 7-127 : -
brc= 250-278 : -
brc= 19-115 : +
brc= 136-143 : -
brc= 33-281 : -
brc= 132-230 : +
brc= 0-136 : +
brc= 207-269 : -
brc= 258-311 : -
brc= 95-281 : +
brc= 236-311 : -
brc= 270-279 : +
brc= 74-248 : -
brc= 3-137 : -
brc= 74-260 : -
brc= 24-257 : -
brc= 95-260 : -
brc= 239-290 : +
brc= 56-228 : +
brc= 74-312 : -
brc= 95-252 : -
brc= 3-150 : -
brc= 3-4 : +
brc= 70-133 : +
-----------------------------------------------------------------------------------------
 ****** Pricing Level: LIGHT HEUR ****** 
it= 17  ncol= 1608  ncstr= 597  mt= 1.2   spt= 0.4   lpval= 94022.6   ub= 94044.0  
 ****** Pricing Level: HEAVY HEUR ****** 
it= 6   ncol= 1683  ncstr= 597  mt= 0.2   spt= 0.4   lpval= 94019.1   ub= 94044.0  
 ****** Pricing Level: EXACT ****** 
it= 4   ncol= 1780  ncstr= 597  mt= 0.1   spt= 5.2   lpval= 94016.2   ub= 94044.0  
-----------------------------------------------------------------------------------------
elapsed time= 11.68 s.
-----------------------------------------------------------------------------------------
-----------------------------------------------------------------------------------------
 ****** Run Arc Elimination ****** 
arc elimination time= 2.30 s.
previous= 55.3109% maximum= 1.55032%
eliminate bucket arcs time= 0.45 s.
obtain jump arcs time= 0.01 s.
-----------------------------------------------------------------------------------------
-----------------------------------------------------------------------------------------
elapsed time= 14.77 s.
-----------------------------------------------------------------------------------------
-----------------------------------------------------------------------------------------
 ****** Try Enumeration ****** 
#labels= 67331 #routes= 4
labeling 1 time= 0.65 s.
concatenate time= 0.64 s.
#routes= 53392
average gap of successful enumeration= 0.000284595
next try value > 93995.4
-----------------------------------------------------------------------------------------
elapsed time= 16.13 s.
-----------------------------------------------------------------------------------------
 ****** Process Enumeration Matrix ****** 
delete non-ele routes lp val= 94027.7
recover rank1c lp val= 94028.4
recover rcc lp val= 94029.1
obtain rcc coefficient time= 0.02 s.
obtain r1c coefficient time= 0.08 s.
obtain matrix from triplets time= 0.08 s.
delete columns by branch time= 0.00 s.
columns pending deletion= 245 remain= 53392 col ratio= 0.995411 row ratio= 1
regenerate enumeration matrix time= 0.00 s.
-----------------------------------------------------------------------------------------
elapsed time= 17.84 s.
-----------------------------------------------------------------------------------------
it= 5   ncol= 1373  ncstr= 555  mt= 0.1   spt= 0.0   lpval= 94023.5   ub= 94044.0  
-----------------------------------------------------------------------------------------
elapsed time= 18.02 s.
-----------------------------------------------------------------------------------------
delete columns= 38017 remain= 15375
 ****** Separate RCCs ****** 
 ****** Separate Rank1Cuts ****** 
it= 4   ncol= 1280  ncstr= 715  mt= 0.1   spt= 0.0   lpval= 94032.7   ub= 94044.0  
-----------------------------------------------------------------------------------------
elapsed time= 18.70 s.
-----------------------------------------------------------------------------------------
delete columns= 12332 remain= 3043
mip: row= 512 col= 4159 density= 4.63711%
mip time= 0.87 s.
mip status= 6
update f from 0 to 11.2785
#########################################################################################
[32m<Instance: X-n313-k71>
<Solution>
<UB= 94044>
<LB= 94044>
<Elapsed Time= 19.9>
<Nodes Explored= 1>
<Global Gap= 0%>[0m
#########################################################################################
File nodes/X-n313-k71_2_2_2_2_0_2_1_5_0_3_0_G32.node deleted successfully.
