application type: CVRP
X-n313-k71_3_0_0_13_3_G32.node
Set parameter ServerTimeout to value 600
Set parameter TokenServer to value "grb-ts.ufhpc"
Set parameter Threads to value 1
instance name= X-n313-k71
#########################################################################################
tree size= 0 lb= 0 ub= 94044
#########################################################################################
idx= 7 value= 93992.3 enu= 0
brc= 50-103 : -
brc= 76-103 : -
brc= 49-105 : -
brc= 70-133 : +
brc= 164-295 : +
brc= 95-279 : +
brc= 62-296 : -
brc= 0-57 : -
brc= 3-269 : -
brc= 13-104 : -
brc= 54-295 : -
brc= 116-145 : -
brc= 48-57 : -
brc= 165-280 : -
brc= 56-281 : -
brc= 68-296 : -
brc= 18-224 : -
brc= 18-189 : -
brc= 81-192 : -
brc= 233-246 : +
brc= 59-68 : -
brc= 124-292 : -
brc= 157-181 : -
brc= 182-292 : +
-----------------------------------------------------------------------------------------
 ****** Pricing Level: LIGHT HEUR ****** 
it= 10  ncol= 1174  ncstr= 624  mt= 0.2   spt= 0.2   lpval= 94032.4   ub= 94044.0  
 ****** Pricing Level: HEAVY HEUR ****** 
it= 7   ncol= 1262  ncstr= 624  mt= 0.1   spt= 0.5   lpval= 94028.2   ub= 94044.0  
 ****** Pricing Level: EXACT ****** 
it= 5   ncol= 1432  ncstr= 624  mt= 0.1   spt= 5.0   lpval= 94027.4   ub= 94044.0  
-----------------------------------------------------------------------------------------
elapsed time= 10.06 s.
-----------------------------------------------------------------------------------------
-----------------------------------------------------------------------------------------
 ****** Run Arc Elimination ****** 
arc elimination time= 0.53 s.
previous= 29.2275% maximum= 0.960389%
eliminate bucket arcs time= 0.31 s.
obtain jump arcs time= 0.01 s.
-----------------------------------------------------------------------------------------
-----------------------------------------------------------------------------------------
elapsed time= 11.24 s.
-----------------------------------------------------------------------------------------
-----------------------------------------------------------------------------------------
 ****** Try Enumeration ****** 
#labels= 16429 #routes= 1
labeling 1 time= 0.09 s.
concatenate time= 0.04 s.
#routes= 6923
average gap of successful enumeration= 0.000166019
next try value > 93983.9
-----------------------------------------------------------------------------------------
elapsed time= 11.42 s.
-----------------------------------------------------------------------------------------
 ****** Process Enumeration Matrix ****** 
delete non-ele routes lp val= 94027.5
recover rank1c lp val= 94027.5
recover rcc lp val= 94027.6
obtain rcc coefficient time= 0.00 s.
obtain r1c coefficient time= 0.01 s.
obtain matrix from triplets time= 0.01 s.
delete columns by branch time= 0.00 s.
columns pending deletion= 23 remain= 6923 col ratio= 0.996678 row ratio= 1
regenerate enumeration matrix time= 0.00 s.
-----------------------------------------------------------------------------------------
elapsed time= 13.04 s.
-----------------------------------------------------------------------------------------
it= 3   ncol= 1195  ncstr= 583  mt= 0.0   spt= 0.0   lpval= 94027.5   ub= 94044.0  
-----------------------------------------------------------------------------------------
elapsed time= 13.07 s.
-----------------------------------------------------------------------------------------
columns pending deletion= 1182 remain= 6923 col ratio= 0.829265 row ratio= 0.871355
 ****** Separate RCCs ****** 
 ****** Separate Rank1Cuts ****** 
it= 4   ncol= 1075  ncstr= 686  mt= 0.1   spt= 0.0   lpval= 94033.5   ub= 94044.0  
-----------------------------------------------------------------------------------------
elapsed time= 13.58 s.
-----------------------------------------------------------------------------------------
delete columns= 4451 remain= 2472
mip: row= 525 col= 3508 density= 3.71667%
mip time= 0.83 s.
mip status= 6
update f from 0 to 10.5186
#########################################################################################
[32m<Instance: X-n313-k71>
<Solution>
<UB= 94044>
<LB= 94044>
<Elapsed Time= 14.7>
<Nodes Explored= 1>
<Global Gap= 0%>[0m
#########################################################################################
File nodes/X-n313-k71_3_0_0_13_3_G32.node deleted successfully.
