application type: CVRP
X-n313-k71_2_4_1_1_0_2_3_1_G32.node
Set parameter ServerTimeout to value 600
Set parameter TokenServer to value "grb-ts.ufhpc"
Set parameter Threads to value 1
instance name= X-n313-k71
#########################################################################################
tree size= 0 lb= 0 ub= 94044
#########################################################################################
idx= 3 value= 93976.7 enu= 0
brc= 50-103 : -
brc= 76-103 : -
brc= 49-105 : +
brc= 164-295 : -
brc= 62-296 : -
brc= 126-152 : -
brc= 109-138 : -
brc= 57-130 : +
brc= 70-121 : -
brc= 31-70 : +
brc= 23-118 : -
brc= 164-175 : +
brc= 22-239 : +
brc= 10-161 : -
brc= 202-269 : -
brc= 250-278 : +
brc= 19-106 : -
brc= 106-207 : -
brc= 19-237 : -
brc= 162-201 : +
brc= 217-280 : -
brc= 174-221 : +
-----------------------------------------------------------------------------------------
 ****** Pricing Level: LIGHT HEUR ****** 
it= 13  ncol= 1258  ncstr= 570  mt= 0.4   spt= 0.3   lpval= 93999.2   ub= 94044.0  
 ****** Pricing Level: HEAVY HEUR ****** 
it= 8   ncol= 1377  ncstr= 570  mt= 0.1   spt= 0.6   lpval= 93993.8   ub= 94044.0  
 ****** Pricing Level: EXACT ****** 
it= 4   ncol= 1532  ncstr= 570  mt= 0.1   spt= 4.4   lpval= 93993.2   ub= 94044.0  
-----------------------------------------------------------------------------------------
elapsed time= 9.71 s.
-----------------------------------------------------------------------------------------
-----------------------------------------------------------------------------------------
 ****** Run Arc Elimination ****** 
arc elimination time= 6.81 s.
previous= 69.6848% maximum= 2.7596%
eliminate bucket arcs time= 0.67 s.
obtain jump arcs time= 0.01 s.
-----------------------------------------------------------------------------------------
-----------------------------------------------------------------------------------------
elapsed time= 17.54 s.
-----------------------------------------------------------------------------------------
-----------------------------------------------------------------------------------------
 ****** Try Enumeration ****** 
max_val= 88467 stop_b= 10 max_idx= 8 num_label= 324645 max_label_in_enumeration= 500000 q= 22.996 aq.size()= 21 left_bin= 2 left_labels= 175355
status= LABEL_FOR_LIMIT
#labels= 324645 #routes= 15
labeling 1 time= 10.49 s.
next try value > 93995.8
-----------------------------------------------------------------------------------------
elapsed time= 28.08 s.
-----------------------------------------------------------------------------------------
 ****** Separate RCCs ****** 
 ****** Separate Rank1Cuts ****** 
-----------------------------------------------------------------------------------------
 ****** Pricing Level: LIGHT HEUR ****** 
it= 8   ncol= 1627  ncstr= 664  mt= 0.3   spt= 0.2   lpval= 93995.3   ub= 94044.0  
 ****** Pricing Level: HEAVY HEUR ****** 
it= 6   ncol= 1711  ncstr= 664  mt= 0.1   spt= 0.4   lpval= 93995.3   ub= 94044.0  
 ****** Pricing Level: EXACT ****** 
it= 4   ncol= 1856  ncstr= 664  mt= 0.0   spt= 3.7   lpval= 93995.3   ub= 94044.0  
-----------------------------------------------------------------------------------------
elapsed time= 34.39 s.
-----------------------------------------------------------------------------------------
 ****** Separate RCCs ****** 
 ****** Separate Rank1Cuts ****** 
-----------------------------------------------------------------------------------------
 ****** Pricing Level: LIGHT HEUR ****** 
it= 2   ncol= 1858  ncstr= 595  mt= 0.2   spt= 0.1   lpval= 93996.8   ub= 94044.0  
 ****** Pricing Level: HEAVY HEUR ****** 
it= 4   ncol= 1900  ncstr= 595  mt= 0.0   spt= 0.2   lpval= 93996.5   ub= 94044.0  
 ****** Pricing Level: EXACT ****** 
it= 3   ncol= 1921  ncstr= 595  mt= 0.0   spt= 2.8   lpval= 93996.5   ub= 94044.0  
-----------------------------------------------------------------------------------------
elapsed time= 38.71 s.
-----------------------------------------------------------------------------------------
[1;36m[REMIND] 2: gap improved= 1.273977 ratio= 0.026843 threshold= 0.040000 in function increaseCondition2 at /blue/yu.yang1/you.z/route_opt/packages/application/X-n313-k71/src/main/src/call_cutting.cpp:74[0m
 ****** Separate RCCs ****** 
 ****** Separate Rank1Cuts ****** 
br_value_improved= 2.37652 cutting_branching_ratio= 0.2 minor (0.47489) improvement after cutting, stop this cutting iteration
-----------------------------------------------------------------------------------------
[1;36m[REMIND] opt_k not found for node 3, use m directly in function getOptK at /blue/yu.yang1/you.z/route_opt/packages/branching/bkf/include/bkf_controller.hpp:239[0m
current_r_best= 14.4061
we directly test 100
we directly test 4
pseudo= 50 frac= 50
#candidates in phase1= 100
testing lp time= 23.90 s.
-----------------------------------------------------------------------------------------
128-269 , 180.94| 147-269 , 180.94|   0-127 ,  49.05| 118-127 ,  49.05|   0-118 ,  49.05| 
 52-296 ,  45.28| 136-143 ,  42.88| 190-280 ,  35.31|  74-217 ,  30.77|   9-126 ,  30.22| 
 33-56  ,  29.29| 190-226 ,  28.82| 165-280 ,  27.20|   7-127 ,  26.61|  48-102 ,  23.94| 
 51-84  ,  23.63|   0-145 ,  19.74| 127-145 ,  18.42| 112-165 ,  16.91|  74-189 ,  15.43| 
 74-265 ,  15.43|   6-60  ,  14.81| 145-281 ,  14.16|  33-228 ,  14.14| 190-250 ,  13.85| 
190-257 ,  13.85|   0-143 ,  13.21| 185-245 ,  12.99|   0-9   ,  11.28|  70-153 ,  11.17| 
 30-79  ,  10.97|  19-60  ,  10.95|   6-137 ,  10.95|  36-152 ,   9.96| 131-257 ,   9.09| 
  2-147 ,   9.09|   0-165 ,   8.68|  84-130 ,   8.44|   3-269 ,   7.48| 114-272 ,   7.44| 
  0-33  ,   7.34|  95-252 ,   7.20| 112-171 ,   6.76|  36-142 ,   6.50|  95-281 ,   6.40| 
 74-95  ,   6.40|  95-279 ,   6.40| 112-131 ,   5.82|  24-112 ,   5.82| 243-311 ,   5.73| 
  3-128 ,   5.41|  24-29  ,   5.02| 165-190 ,   4.46|  56-87  ,   4.43| 229-282 ,   4.08| 
  0-112 ,   3.93|   7-295 ,   3.86| 117-147 ,   3.76|  87-106 ,   3.74|  89-202 ,   3.74| 
  0-70  ,   3.69| 171-299 ,   3.66| 125-224 ,   3.59| 243-267 ,   2.95|  86-295 ,   2.94| 
165-217 ,   2.73|   0-31  ,   2.66|  70-133 ,   2.59| 189-217 ,   2.40|   0-243 ,   2.20| 
102-133 ,   2.20|  44-133 ,   2.17| 205-259 ,   1.85| 163-297 ,   1.75|   4-152 ,   1.53| 
 17-185 ,   1.45| 198-244 ,   1.28| 195-238 ,   1.22|   0-180 ,   1.14|   3-202 ,   1.13| 
159-234 ,   1.00|   0-32  ,   0.93|  30-106 ,   0.92|  89-237 ,   0.85| 145-147 ,   0.85| 
216-274 ,   0.73|  28-128 ,   0.73|  67-271 ,   0.73|   0-191 ,   0.71|  79-106 ,   0.69| 
  0-133 ,   0.63| 259-271 ,   0.61| 158-229 ,   0.58|  11-198 ,   0.50|   0-231 ,   0.46| 
179-259 ,   0.42|   0-284 ,   0.42| 217-234 ,   0.25|   0-195 ,   0.23| 111-229 ,   0.00| 
-----------------------------------------------------------------------------------------
edge= 118 127 lp= 20.579 pre= 2 lp2= 2.38333 pre2= 2 score= 49.0466
-----------------------------------------------------------------------------------------
edge= 0 127 lp= 2.38333 pre= 0 lp2= 20.579 pre2= 1 score= 49.0466
-----------------------------------------------------------------------------------------
edge= 147 269 lp= 1.3498 pre= 2 lp2= 134.048 pre2= 2 score= 180.937
-----------------------------------------------------------------------------------------
edge= 128 269 lp= 1.3498 pre= 2 lp2= 134.048 pre2= 2 score= 180.937
-----------------------------------------------------------------------------------------
candidate= 147-269 : -
-----------------------------------------------------------------------------------------
-----------------------------------------------------------------------------------------
 ****** Pricing Level: LIGHT HEUR ****** 
it= 8   ncol= 1433  ncstr= 549  mt= 0.2   spt= 0.2   lpval= 93997.8   ub= 94044.0  
 ****** Pricing Level: HEAVY HEUR ****** 
it= 4   ncol= 1502  ncstr= 549  mt= 0.0   spt= 0.2   lpval= 93997.8   ub= 94044.0  
-----------------------------------------------------------------------------------------
elapsed time= 64.53 s.
-----------------------------------------------------------------------------------------
candidate= 128-269 : -
-----------------------------------------------------------------------------------------
-----------------------------------------------------------------------------------------
 ****** Pricing Level: LIGHT HEUR ****** 
it= 10  ncol= 1459  ncstr= 549  mt= 0.2   spt= 0.2   lpval= 93997.8   ub= 94044.0  
 ****** Pricing Level: HEAVY HEUR ****** 
it= 6   ncol= 1561  ncstr= 549  mt= 0.0   spt= 0.4   lpval= 93997.8   ub= 94044.0  
-----------------------------------------------------------------------------------------
elapsed time= 66.14 s.
-----------------------------------------------------------------------------------------
candidate= 147-269 : +
-----------------------------------------------------------------------------------------
-----------------------------------------------------------------------------------------
 ****** Pricing Level: LIGHT HEUR ****** 
it= 10  ncol= 1441  ncstr= 549  mt= 0.4   spt= 0.2   lpval= 94023.6   ub= 94044.0  
 ****** Pricing Level: HEAVY HEUR ****** 
it= 7   ncol= 1573  ncstr= 549  mt= 0.1   spt= 0.4   lpval= 94017.5   ub= 94044.0  
-----------------------------------------------------------------------------------------
elapsed time= 68.12 s.
-----------------------------------------------------------------------------------------
candidate= 128-269 : +
-----------------------------------------------------------------------------------------
-----------------------------------------------------------------------------------------
 ****** Pricing Level: LIGHT HEUR ****** 
it= 9   ncol= 1478  ncstr= 549  mt= 0.6   spt= 0.2   lpval= 94033.7   ub= 94044.0  
 ****** Pricing Level: HEAVY HEUR ****** 
it= 9   ncol= 1608  ncstr= 549  mt= 0.1   spt= 0.5   lpval= 94024.2   ub= 94044.0  
-----------------------------------------------------------------------------------------
elapsed time= 70.35 s.
-----------------------------------------------------------------------------------------
brc= 0-127
t= 0.119529 c= 40.4426 n= 0 if_b4= 1
t= 1.75107 c= 48.8934 n= 0 if_b4= 1
nodes already exists
memory usage= 5GB.
#########################################################################################
tree size= 0 lb= 93996.5 ub= 94044
#########################################################################################
idx= 2 value= 93996.5 enu= 0
brc= 50-103 : -
brc= 76-103 : -
brc= 49-105 : +
brc= 164-295 : -
brc= 62-296 : -
brc= 126-152 : -
brc= 109-138 : -
brc= 57-130 : +
brc= 70-121 : -
brc= 31-70 : +
brc= 23-118 : -
brc= 164-175 : +
brc= 22-239 : +
brc= 10-161 : -
brc= 202-269 : -
brc= 250-278 : +
brc= 19-106 : -
brc= 106-207 : -
brc= 19-237 : -
brc= 162-201 : +
brc= 217-280 : -
brc= 174-221 : +
brc= 0-127 : -
-----------------------------------------------------------------------------------------
 ****** Pricing Level: LIGHT HEUR ****** 
it= 10  ncol= 1454  ncstr= 548  mt= 0.2   spt= 0.2   lpval= 93998.9   ub= 94044.0  
 ****** Pricing Level: HEAVY HEUR ****** 
it= 6   ncol= 1526  ncstr= 548  mt= 0.1   spt= 0.4   lpval= 93998.5   ub= 94044.0  
 ****** Pricing Level: EXACT ****** 
it= 3   ncol= 1565  ncstr= 548  mt= 0.0   spt= 2.3   lpval= 93998.5   ub= 94044.0  
-----------------------------------------------------------------------------------------
elapsed time= 75.00 s.
-----------------------------------------------------------------------------------------
-----------------------------------------------------------------------------------------
 ****** Run Arc Elimination ****** 
arc elimination time= 3.73 s.
previous= 86.2712% maximum= 2.38074%
eliminate bucket arcs time= 0.44 s.
obtain jump arcs time= 0.01 s.
-----------------------------------------------------------------------------------------
-----------------------------------------------------------------------------------------
elapsed time= 79.19 s.
-----------------------------------------------------------------------------------------
-----------------------------------------------------------------------------------------
 ****** Try Enumeration ****** 
#labels= 314726 #routes= 11
labeling 1 time= 8.97 s.
concatenate time= 14.93 s.
#routes= 603062
average gap of successful enumeration= 0.000473234
next try value > 93994.3
-----------------------------------------------------------------------------------------
elapsed time= 103.27 s.
-----------------------------------------------------------------------------------------
 ****** Process Enumeration Matrix ****** 
delete non-ele routes lp val= 93998.7
recover rank1c lp val= 93999
recover rcc lp val= 94000.3
obtain rcc coefficient time= 0.11 s.
obtain r1c coefficient time= 0.83 s.
obtain matrix from triplets time= 1.27 s.
delete columns by branch time= 0.00 s.
columns pending deletion= 465 remain= 603062 col ratio= 0.999229 row ratio= 1
regenerate enumeration matrix time= 0.00 s.
-----------------------------------------------------------------------------------------
elapsed time= 107.32 s.
-----------------------------------------------------------------------------------------
it= 5   ncol= 1321  ncstr= 511  mt= 0.1   spt= 0.2   lpval= 94000.1   ub= 94044.0  
-----------------------------------------------------------------------------------------
elapsed time= 107.62 s.
-----------------------------------------------------------------------------------------
delete columns= 216994 remain= 386068
 ****** Separate RCCs ****** 
 ****** Separate Rank1Cuts ****** 
it= 3   ncol= 1306  ncstr= 555  mt= 0.0   spt= 0.1   lpval= 94002.2   ub= 94044.0  
-----------------------------------------------------------------------------------------
elapsed time= 109.97 s.
-----------------------------------------------------------------------------------------
columns pending deletion= 102854 remain= 386068 col ratio= 0.733586 row ratio= 0.882883
 ****** Separate RCCs ****** 
 ****** Separate Rank1Cuts ****** 
it= 4   ncol= 1314  ncstr= 628  mt= 0.1   spt= 0.1   lpval= 94004.3   ub= 94044.0  
-----------------------------------------------------------------------------------------
elapsed time= 110.84 s.
-----------------------------------------------------------------------------------------
delete columns= 166174 remain= 219894
 ****** Separate RCCs ****** 
 ****** Separate Rank1Cuts ****** 
it= 3   ncol= 1322  ncstr= 552  mt= 0.0   spt= 0.0   lpval= 94005.2   ub= 94044.0  
-----------------------------------------------------------------------------------------
elapsed time= 112.19 s.
-----------------------------------------------------------------------------------------
columns pending deletion= 31589 remain= 219894 col ratio= 0.856344 row ratio= 0.911232
[1;36m[REMIND] 2: gap improved= 0.937833 ratio= 0.024165 threshold= 0.040000 in function increaseCondition2 at /blue/yu.yang1/you.z/route_opt/packages/application/X-n313-k71/src/main/src/call_cutting.cpp:74[0m
 ****** Separate RCCs ****** 
 ****** Separate Rank1Cuts ****** 
it= 3   ncol= 1331  ncstr= 588  mt= 0.0   spt= 0.1   lpval= 94005.4   ub= 94044.0  
-----------------------------------------------------------------------------------------
elapsed time= 112.75 s.
-----------------------------------------------------------------------------------------
columns pending deletion= 37520 remain= 219894 col ratio= 0.829372 row ratio= 0.894558
[1;36m[REMIND] 2: gap improved= 0.246280 ratio= 0.006386 threshold= 0.040000 in function increaseCondition2 at /blue/yu.yang1/you.z/route_opt/packages/application/X-n313-k71/src/main/src/call_cutting.cpp:74[0m
 ****** Separate RCCs ****** 
 ****** Separate Rank1Cuts ****** 
it= 3   ncol= 1348  ncstr= 636  mt= 0.0   spt= 0.1   lpval= 94005.7   ub= 94044.0  
-----------------------------------------------------------------------------------------
elapsed time= 113.31 s.
-----------------------------------------------------------------------------------------
columns pending deletion= 44252 remain= 219894 col ratio= 0.798758 row ratio= 0.83805
[1;36m[REMIND] 2: gap improved= 0.309188 ratio= 0.008082 threshold= 0.040000 in function increaseCondition2 at /blue/yu.yang1/you.z/route_opt/packages/application/X-n313-k71/src/main/src/call_cutting.cpp:74[0m
[1;36m[REMIND] tail off counter= 3 threshold= 3 in function setIfTailOff at /blue/yu.yang1/you.z/route_opt/packages/application/X-n313-k71/src/main/src/call_cutting.cpp:150[0m
current_r_best= 6.65265
pseudo= 50 frac= 50
#candidates in phase1= 37
testing lp time= 14.63 s.
-----------------------------------------------------------------------------------------
147-269 , 131.22| 128-269 , 131.22| 125-224 ,  83.35|  74-217 ,  82.19|  95-281 ,  53.27| 
 74-95  ,  53.27|  95-279 ,  53.27|  33-228 ,  43.05| 125-299 ,  38.95| 112-165 ,  23.23| 
165-280 ,  22.50| 185-245 ,  20.83| 205-274 ,  12.67|   7-281 ,   9.14| 264-290 ,   9.14| 
 43-141 ,   9.13|  86-127 ,   7.90|   6-137 ,   7.88|  19-60  ,   7.88|  32-106 ,   6.97| 
 36-142 ,   6.07|  36-152 ,   6.07| 126-142 ,   6.07|   3-237 ,   5.24|  56-141 ,   4.64| 
 79-106 ,   3.96|   3-269 ,   2.65|   0-117 ,   2.37|  23-86  ,   2.32|   0-86  ,   2.31| 
 43-53  ,   2.21|  19-150 ,   2.15|  42-148 ,   2.08| 161-195 ,   2.00| 106-137 ,   1.15| 
  0-30  ,   0.43|  30-139 ,   0.22| 
-----------------------------------------------------------------------------------------
edge= 125 224 lp= 11.2703 pre= 2 lp2= 7.39569 pre2= 2 score= 83.3517
-----------------------------------------------------------------------------------------
edge= 128 269 lp= 1.54859 pre= 0 lp2= 84.7332 pre2= 2 score= 131.217
-----------------------------------------------------------------------------------------
edge= 147 269 lp= 1.54859 pre= 0 lp2= 84.7332 pre2= 2 score= 131.217
-----------------------------------------------------------------------------------------
candidate= 128-269 : +
-----------------------------------------------------------------------------------------
it= 6   ncol= 1523  ncstr= 637  mt= 0.5   spt= 0.1   lpval= 94035.4   ub= 94044.0  
-----------------------------------------------------------------------------------------
elapsed time= 128.63 s.
-----------------------------------------------------------------------------------------
candidate= 147-269 : +
-----------------------------------------------------------------------------------------
it= 6   ncol= 1524  ncstr= 637  mt= 0.5   spt= 0.1   lpval= 94029.1   ub= 94044.0  
-----------------------------------------------------------------------------------------
elapsed time= 129.33 s.
-----------------------------------------------------------------------------------------
candidate= 125-224 : -
-----------------------------------------------------------------------------------------
it= 5   ncol= 1470  ncstr= 637  mt= 0.4   spt= 0.1   lpval= 94012.0   ub= 94044.0  
-----------------------------------------------------------------------------------------
elapsed time= 129.83 s.
-----------------------------------------------------------------------------------------
candidate= 125-224 : +
-----------------------------------------------------------------------------------------
it= 5   ncol= 1457  ncstr= 637  mt= 0.4   spt= 0.1   lpval= 94008.3   ub= 94044.0  
-----------------------------------------------------------------------------------------
elapsed time= 130.39 s.
-----------------------------------------------------------------------------------------
brc= 128-269
t= 0.197683 c= 43.5562 n= 0 if_b4= 0
t= 0.612706 c= 49.6451 n= 0 if_b4= 0
#########################################################################################
tree size= 1 lb= 94005.7 ub= 94044
#########################################################################################
idx= 3 value= 94005.7 enu= 1
brc= 50-103 : -
brc= 76-103 : -
brc= 49-105 : +
brc= 164-295 : -
brc= 62-296 : -
brc= 126-152 : -
brc= 109-138 : -
brc= 57-130 : +
brc= 70-121 : -
brc= 31-70 : +
brc= 23-118 : -
brc= 164-175 : +
brc= 22-239 : +
brc= 10-161 : -
brc= 202-269 : -
brc= 250-278 : +
brc= 19-106 : -
brc= 106-207 : -
brc= 19-237 : -
brc= 162-201 : +
brc= 217-280 : -
brc= 174-221 : +
brc= 0-127 : -
brc= 128-269 : +
it= 5   ncol= 1432  ncstr= 636  mt= 0.5   spt= 0.1   lpval= 94035.4   ub= 94044.0  
-----------------------------------------------------------------------------------------
elapsed time= 133.18 s.
-----------------------------------------------------------------------------------------
delete columns= 173275 remain= 1671
 ****** Separate RCCs ****** 
 ****** Separate Rank1Cuts ****** 
it= 7   ncol= 1249  ncstr= 698  mt= 0.2   spt= 0.0   lpval= 1000000.0 ub= 94044.0  
-----------------------------------------------------------------------------------------
elapsed time= 134.01 s.
-----------------------------------------------------------------------------------------
#########################################################################################
tree size= 0 lb= 94005.7 ub= 94044
#########################################################################################
idx= 4 value= 94005.7 enu= 1
brc= 50-103 : -
brc= 76-103 : -
brc= 49-105 : +
brc= 164-295 : -
brc= 62-296 : -
brc= 126-152 : -
brc= 109-138 : -
brc= 57-130 : +
brc= 70-121 : -
brc= 31-70 : +
brc= 23-118 : -
brc= 164-175 : +
brc= 22-239 : +
brc= 10-161 : -
brc= 202-269 : -
brc= 250-278 : +
brc= 19-106 : -
brc= 106-207 : -
brc= 19-237 : -
brc= 162-201 : +
brc= 217-280 : -
brc= 174-221 : +
brc= 0-127 : -
brc= 128-269 : -
it= 3   ncol= 1383  ncstr= 636  mt= 0.0   spt= 0.0   lpval= 94007.2   ub= 94044.0  
-----------------------------------------------------------------------------------------
elapsed time= 134.13 s.
-----------------------------------------------------------------------------------------
columns pending deletion= 29674 remain= 175635 col ratio= 0.831047 row ratio= 0.827044
 ****** Separate RCCs ****** 
 ****** Separate Rank1Cuts ****** 
it= 4   ncol= 1386  ncstr= 756  mt= 0.1   spt= 0.1   lpval= 94008.2   ub= 94044.0  
-----------------------------------------------------------------------------------------
elapsed time= 134.99 s.
-----------------------------------------------------------------------------------------
delete columns= 46271 remain= 129364
[1;36m[REMIND] 2: gap improved= 0.944415 ratio= 0.026366 threshold= 0.040000 in function increaseCondition2 at /blue/yu.yang1/you.z/route_opt/packages/application/X-n313-k71/src/main/src/call_cutting.cpp:74[0m
 ****** Separate RCCs ****** 
 ****** Separate Rank1Cuts ****** 
it= 2   ncol= 1380  ncstr= 554  mt= 0.0   spt= 0.0   lpval= 94008.3   ub= 94044.0  
-----------------------------------------------------------------------------------------
elapsed time= 135.63 s.
-----------------------------------------------------------------------------------------
columns pending deletion= 7929 remain= 129364 col ratio= 0.938708 row ratio= 0.960289
[1;36m[REMIND] 1: gap improved= 0.097826 threshold= 0.100000 in function increaseCondition1 at /blue/yu.yang1/you.z/route_opt/packages/application/X-n313-k71/src/main/src/call_cutting.cpp:58[0m
[1;36m[REMIND] tail off counter= 3 threshold= 3 in function setIfTailOff at /blue/yu.yang1/you.z/route_opt/packages/application/X-n313-k71/src/main/src/call_cutting.cpp:150[0m
current_r_best= 1.84193
pseudo= 50 frac= 50
#candidates in phase1= 37
testing lp time= 11.50 s.
-----------------------------------------------------------------------------------------
125-224 ,  69.98|  74-217 ,  64.00| 159-280 ,  51.98| 125-299 ,  30.26| 112-165 ,  29.64| 
165-280 ,  28.23| 190-250 ,  26.25| 190-257 ,  26.25|   0-165 ,  24.72|  48-102 ,  23.67| 
185-245 ,  21.12|  51-269 ,  19.79|  33-228 ,  19.56| 106-147 ,  18.21| 106-128 ,  14.93| 
 90-147 ,  13.99|  44-133 ,  12.81|  87-237 ,  11.51|   3-269 ,  10.47|  79-106 ,   9.69| 
224-287 ,   8.09| 274-295 ,   7.74|  19-60  ,   7.69|   6-137 ,   7.69|   0-98  ,   7.46| 
149-163 ,   2.50|   0-56  ,   2.47|  18-107 ,   1.93| 136-238 ,   1.85| 108-301 ,   1.74| 
195-258 ,   1.18| 161-251 ,   1.16| 163-180 ,   0.98| 163-191 ,   0.74| 136-231 ,   0.65| 
  0-20  ,   0.41| 185-264 ,   0.15| 
-----------------------------------------------------------------------------------------
edge= 159 280 lp= 0.488589 pre= 2 lp2= 106.395 pre2= 2 score= 51.9836
-----------------------------------------------------------------------------------------
edge= 74 217 lp= 12.6388 pre= 2 lp2= 5.06344 pre2= 2 score= 63.9959
-----------------------------------------------------------------------------------------
edge= 125 224 lp= 11.4641 pre= 1 lp2= 6.10423 pre2= 1 score= 69.9795
-----------------------------------------------------------------------------------------
brc= 125-224
t= 0.176544 c= 22.5877 n= 1 if_b4= 0
t= 0.612706 c= 28.5072 n= 1 if_b4= 0
#########################################################################################
tree size= 1 lb= 94008.3 ub= 94044
#########################################################################################
idx= 5 value= 94008.3 enu= 1
brc= 50-103 : -
brc= 76-103 : -
brc= 49-105 : +
brc= 164-295 : -
brc= 62-296 : -
brc= 126-152 : -
brc= 109-138 : -
brc= 57-130 : +
brc= 70-121 : -
brc= 31-70 : +
brc= 23-118 : -
brc= 164-175 : +
brc= 22-239 : +
brc= 10-161 : -
brc= 202-269 : -
brc= 250-278 : +
brc= 19-106 : -
brc= 106-207 : -
brc= 19-237 : -
brc= 162-201 : +
brc= 217-280 : -
brc= 174-221 : +
brc= 0-127 : -
brc= 128-269 : -
brc= 125-224 : +
it= 3   ncol= 1423  ncstr= 554  mt= 0.3   spt= 0.0   lpval= 94011.5   ub= 94044.0  
-----------------------------------------------------------------------------------------
elapsed time= 148.85 s.
-----------------------------------------------------------------------------------------
delete columns= 42689 remain= 78607
 ****** Separate RCCs ****** 
 ****** Separate Rank1Cuts ****** 
it= 4   ncol= 1442  ncstr= 569  mt= 0.0   spt= 0.0   lpval= 94012.2   ub= 94044.0  
-----------------------------------------------------------------------------------------
elapsed time= 149.61 s.
-----------------------------------------------------------------------------------------
columns pending deletion= 10551 remain= 78607 col ratio= 0.865775 row ratio= 0.894552
[1;36m[REMIND] 2: gap improved= 0.703798 ratio= 0.022122 threshold= 0.040000 in function increaseCondition2 at /blue/yu.yang1/you.z/route_opt/packages/application/X-n313-k71/src/main/src/call_cutting.cpp:74[0m
 ****** Separate Rank1Cuts ****** 
it= 3   ncol= 1452  ncstr= 589  mt= 0.0   spt= 0.0   lpval= 94012.6   ub= 94044.0  
-----------------------------------------------------------------------------------------
elapsed time= 150.05 s.
-----------------------------------------------------------------------------------------
columns pending deletion= 15141 remain= 78607 col ratio= 0.807384 row ratio= 0.877759
[1;36m[REMIND] 2: gap improved= 0.459063 ratio= 0.014641 threshold= 0.040000 in function increaseCondition2 at /blue/yu.yang1/you.z/route_opt/packages/application/X-n313-k71/src/main/src/call_cutting.cpp:74[0m
 ****** Separate Rank1Cuts ****** 
it= 3   ncol= 1455  ncstr= 623  mt= 0.0   spt= 0.0   lpval= 94012.9   ub= 94044.0  
-----------------------------------------------------------------------------------------
elapsed time= 150.51 s.
-----------------------------------------------------------------------------------------
columns pending deletion= 17624 remain= 78607 col ratio= 0.775796 row ratio= 0.852327
[1;36m[REMIND] 2: gap improved= 0.234413 ratio= 0.007532 threshold= 0.040000 in function increaseCondition2 at /blue/yu.yang1/you.z/route_opt/packages/application/X-n313-k71/src/main/src/call_cutting.cpp:74[0m
[1;36m[REMIND] tail off counter= 3 threshold= 3 in function setIfTailOff at /blue/yu.yang1/you.z/route_opt/packages/application/X-n313-k71/src/main/src/call_cutting.cpp:150[0m
current_r_best= 3.34508
alpha= 0.37 beta= 9.30334 omega= 127.944 k1= 18
lb_k= 1 ub_k= 37
revise: lb_k= 14 ub_k= 24
opt_k= 20
alpha= 0.75 beta= 9.30334 omega= 46.5266 k1= 3
lb_k= 1 ub_k= 3
revise: lb_k= 1 ub_k= 3
opt_k= 3
pseudo= 50 frac= 50
#candidates in phase1= 20
testing lp time= 7.91 s.
-----------------------------------------------------------------------------------------
214-217 ,  68.09| 265-298 ,  52.70|  48-102 ,  40.68|  61-107 ,  39.75|   0-279 ,  33.34| 
228-279 ,  33.33|  29-279 ,  33.33| 147-228 ,  33.33| 175-252 ,  33.33| 262-287 ,  30.68| 
  0-218 ,  25.75| 106-147 ,  23.46|  44-133 ,  23.30|  19-60  ,  19.21|   6-137 ,  19.21| 
 61-302 ,  13.76|  70-153 ,  11.56|  19-79  ,   9.38|  21-296 ,   5.72|  79-106 ,   4.98| 
-----------------------------------------------------------------------------------------
edge= 48 102 lp= 21.2074 pre= 2 lp2= 1.91797 pre2= 2 score= 40.6753
-----------------------------------------------------------------------------------------
edge= 265 298 lp= 2.59636 pre= 2 lp2= 20.2978 pre2= 2 score= 52.7005
-----------------------------------------------------------------------------------------
edge= 214 217 lp= 2.13034 pre= 2 lp2= 31.9644 pre2= 2 score= 68.0949
-----------------------------------------------------------------------------------------
candidate= 214-217 : -
-----------------------------------------------------------------------------------------
it= 2   ncol= 1470  ncstr= 624  mt= 0.3   spt= 0.0   lpval= 94015.0   ub= 94044.0  
-----------------------------------------------------------------------------------------
elapsed time= 158.77 s.
-----------------------------------------------------------------------------------------
candidate= 214-217 : +
-----------------------------------------------------------------------------------------
it= 5   ncol= 1522  ncstr= 624  mt= 0.4   spt= 0.0   lpval= 94041.0   ub= 94044.0  
-----------------------------------------------------------------------------------------
elapsed time= 159.21 s.
-----------------------------------------------------------------------------------------
brc= 214-217
t= 0.183652 c= 15.8708 n= 2 if_b4= 0
t= 0.538131 c= 21.0066 n= 2 if_b4= 0
#########################################################################################
tree size= 2 lb= 94008.3 ub= 94044
#########################################################################################
idx= 6 value= 94008.3 enu= 1
brc= 50-103 : -
brc= 76-103 : -
brc= 49-105 : +
brc= 164-295 : -
brc= 62-296 : -
brc= 126-152 : -
brc= 109-138 : -
brc= 57-130 : +
brc= 70-121 : -
brc= 31-70 : +
brc= 23-118 : -
brc= 164-175 : +
brc= 22-239 : +
brc= 10-161 : -
brc= 202-269 : -
brc= 250-278 : +
brc= 19-106 : -
brc= 106-207 : -
brc= 19-237 : -
brc= 162-201 : +
brc= 217-280 : -
brc= 174-221 : +
brc= 0-127 : -
brc= 128-269 : -
brc= 125-224 : -
it= 5   ncol= 1488  ncstr= 554  mt= 0.1   spt= 0.0   lpval= 94014.2   ub= 94044.0  
-----------------------------------------------------------------------------------------
elapsed time= 160.66 s.
-----------------------------------------------------------------------------------------
delete columns= 63908 remain= 57513
 ****** Separate RCCs ****** 
 ****** Separate Rank1Cuts ****** 
it= 3   ncol= 1482  ncstr= 543  mt= 0.0   spt= 0.0   lpval= 94016.6   ub= 94044.0  
-----------------------------------------------------------------------------------------
elapsed time= 161.15 s.
-----------------------------------------------------------------------------------------
delete columns= 20044 remain= 37469
 ****** Separate RCCs ****** 
 ****** Separate Rank1Cuts ****** 
it= 3   ncol= 1494  ncstr= 588  mt= 0.0   spt= 0.0   lpval= 94018.6   ub= 94044.0  
-----------------------------------------------------------------------------------------
elapsed time= 161.83 s.
-----------------------------------------------------------------------------------------
columns pending deletion= 9146 remain= 37469 col ratio= 0.755905 row ratio= 0.872449
 ****** Separate RCCs ****** 
 ****** Separate Rank1Cuts ****** 
it= 3   ncol= 1494  ncstr= 669  mt= 0.0   spt= 0.0   lpval= 94019.3   ub= 94044.0  
-----------------------------------------------------------------------------------------
elapsed time= 162.24 s.
-----------------------------------------------------------------------------------------
delete columns= 13468 remain= 24001
[1;36m[REMIND] 2: gap improved= 0.677160 ratio= 0.027384 threshold= 0.040000 in function increaseCondition2 at /blue/yu.yang1/you.z/route_opt/packages/application/X-n313-k71/src/main/src/call_cutting.cpp:74[0m
 ****** Separate RCCs ****** 
 ****** Separate Rank1Cuts ****** 
it= 3   ncol= 1495  ncstr= 620  mt= 0.0   spt= 0.0   lpval= 94019.5   ub= 94044.0  
-----------------------------------------------------------------------------------------
elapsed time= 162.75 s.
-----------------------------------------------------------------------------------------
columns pending deletion= 1307 remain= 24001 col ratio= 0.945544 row ratio= 0.874194
[1;36m[REMIND] 2: gap improved= 0.192121 ratio= 0.007830 threshold= 0.040000 in function increaseCondition2 at /blue/yu.yang1/you.z/route_opt/packages/application/X-n313-k71/src/main/src/call_cutting.cpp:74[0m
 ****** Separate RCCs ****** 
 ****** Separate Rank1Cuts ****** 
it= 3   ncol= 1498  ncstr= 644  mt= 0.0   spt= 0.0   lpval= 94019.7   ub= 94044.0  
-----------------------------------------------------------------------------------------
elapsed time= 163.05 s.
-----------------------------------------------------------------------------------------
columns pending deletion= 2101 remain= 24001 col ratio= 0.912462 row ratio= 0.854037
[1;36m[REMIND] 2: gap improved= 0.282699 ratio= 0.011656 threshold= 0.040000 in function increaseCondition2 at /blue/yu.yang1/you.z/route_opt/packages/application/X-n313-k71/src/main/src/call_cutting.cpp:74[0m
[1;36m[REMIND] tail off counter= 3 threshold= 3 in function setIfTailOff at /blue/yu.yang1/you.z/route_opt/packages/application/X-n313-k71/src/main/src/call_cutting.cpp:150[0m
current_r_best= 5.28119
alpha= 0.37 beta= 4.59242 omega= 86.4178 k1= 10
lb_k= 1 ub_k= 37
revise: lb_k= 8 ub_k= 13
opt_k= 11
alpha= 0.75 beta= 4.59242 omega= 39.0362 k1= 3
lb_k= 1 ub_k= 3
revise: lb_k= 1 ub_k= 3
opt_k= 3
pseudo= 50 frac= 50
#candidates in phase1= 11
testing lp time= 5.09 s.
-----------------------------------------------------------------------------------------
 74-217 ,  56.23| 224-262 ,  32.36| 262-268 ,  29.68|   3-128 ,  29.28| 165-280 ,  18.19| 
 79-106 ,   3.36|   0-21  ,   2.42| 215-297 ,   2.27|   0-279 ,   1.66| 217-279 ,   1.56| 
112-279 ,   1.56| 
-----------------------------------------------------------------------------------------
edge= 262 268 lp= 38.2404 pre= 2 lp2= 0.776164 pre2= 2 score= 29.6808
-----------------------------------------------------------------------------------------
edge= 224 262 lp= 0.771702 pre= 2 lp2= 41.9298 pre2= 2 score= 32.3574
-----------------------------------------------------------------------------------------
edge= 74 217 lp= 13.4932 pre= 2 lp2= 4.16759 pre2= 2 score= 56.2341
-----------------------------------------------------------------------------------------
candidate= 74-217 : -
-----------------------------------------------------------------------------------------
it= 3   ncol= 1535  ncstr= 645  mt= 0.4   spt= 0.0   lpval= 94032.6   ub= 94044.0  
-----------------------------------------------------------------------------------------
elapsed time= 168.54 s.
-----------------------------------------------------------------------------------------
candidate= 74-217 : +
-----------------------------------------------------------------------------------------
it= 3   ncol= 1519  ncstr= 645  mt= 0.4   spt= 0.0   lpval= 94023.6   ub= 94044.0  
-----------------------------------------------------------------------------------------
elapsed time= 168.98 s.
-----------------------------------------------------------------------------------------
brc= 74-217
t= 0.195618 c= 12.6571 n= 3 if_b4= 0
t= 0.508446 c= 17.0407 n= 3 if_b4= 0
#########################################################################################
tree size= 3 lb= 94012.9 ub= 94044
#########################################################################################
idx= 7 value= 94012.9 enu= 1
brc= 50-103 : -
brc= 76-103 : -
brc= 49-105 : +
brc= 164-295 : -
brc= 62-296 : -
brc= 126-152 : -
brc= 109-138 : -
brc= 57-130 : +
brc= 70-121 : -
brc= 31-70 : +
brc= 23-118 : -
brc= 164-175 : +
brc= 22-239 : +
brc= 10-161 : -
brc= 202-269 : -
brc= 250-278 : +
brc= 19-106 : -
brc= 106-207 : -
brc= 19-237 : -
brc= 162-201 : +
brc= 217-280 : -
brc= 174-221 : +
brc= 0-127 : -
brc= 128-269 : -
brc= 125-224 : +
brc= 214-217 : +
it= 4   ncol= 1503  ncstr= 623  mt= 0.3   spt= 0.0   lpval= 94041.0   ub= 94044.0  
-----------------------------------------------------------------------------------------
elapsed time= 170.39 s.
-----------------------------------------------------------------------------------------
delete columns= 60320 remain= 587
 ****** Separate RCCs ****** 
 ****** Separate Rank1Cuts ****** 
it= 3   ncol= 728   ncstr= 541  mt= 0.0   spt= 0.0   lpval= 94061.3   ub= 94044.0  
-----------------------------------------------------------------------------------------
elapsed time= 170.79 s.
-----------------------------------------------------------------------------------------
#########################################################################################
tree size= 2 lb= 94012.9 ub= 94044
#########################################################################################
idx= 8 value= 94012.9 enu= 1
brc= 50-103 : -
brc= 76-103 : -
brc= 49-105 : +
brc= 164-295 : -
brc= 62-296 : -
brc= 126-152 : -
brc= 109-138 : -
brc= 57-130 : +
brc= 70-121 : -
brc= 31-70 : +
brc= 23-118 : -
brc= 164-175 : +
brc= 22-239 : +
brc= 10-161 : -
brc= 202-269 : -
brc= 250-278 : +
brc= 19-106 : -
brc= 106-207 : -
brc= 19-237 : -
brc= 162-201 : +
brc= 217-280 : -
brc= 174-221 : +
brc= 0-127 : -
brc= 128-269 : -
brc= 125-224 : +
brc= 214-217 : -
it= 3   ncol= 1470  ncstr= 623  mt= 0.0   spt= 0.0   lpval= 94015.0   ub= 94044.0  
-----------------------------------------------------------------------------------------
elapsed time= 170.85 s.
-----------------------------------------------------------------------------------------
columns pending deletion= 9321 remain= 60983 col ratio= 0.847154 row ratio= 0.842697
 ****** Separate RCCs ****** 
 ****** Separate Rank1Cuts ****** 
it= 3   ncol= 1477  ncstr= 670  mt= 0.0   spt= 0.0   lpval= 94015.3   ub= 94044.0  
-----------------------------------------------------------------------------------------
elapsed time= 171.40 s.
-----------------------------------------------------------------------------------------
columns pending deletion= 13871 remain= 60983 col ratio= 0.772543 row ratio= 0.795522
[1;36m[REMIND] 2: gap improved= 0.258175 ratio= 0.008986 threshold= 0.040000 in function increaseCondition2 at /blue/yu.yang1/you.z/route_opt/packages/application/X-n313-k71/src/main/src/call_cutting.cpp:74[0m
 ****** Separate RCCs ****** 
 ****** Separate Rank1Cuts ****** 
it= 3   ncol= 1481  ncstr= 696  mt= 0.0   spt= 0.0   lpval= 94015.6   ub= 94044.0  
-----------------------------------------------------------------------------------------
elapsed time= 171.73 s.
-----------------------------------------------------------------------------------------
delete columns= 16457 remain= 44526
[1;36m[REMIND] 2: gap improved= 0.336296 ratio= 0.011843 threshold= 0.040000 in function increaseCondition2 at /blue/yu.yang1/you.z/route_opt/packages/application/X-n313-k71/src/main/src/call_cutting.cpp:74[0m
 ****** Separate RCCs ****** 
 ****** Separate Rank1Cuts ****** 
it= 3   ncol= 1485  ncstr= 555  mt= 0.0   spt= 0.0   lpval= 94015.7   ub= 94044.0  
-----------------------------------------------------------------------------------------
elapsed time= 172.12 s.
-----------------------------------------------------------------------------------------
columns pending deletion= 1880 remain= 44526 col ratio= 0.957777 row ratio= 0.969369
[1;36m[REMIND] 2: gap improved= 0.128826 ratio= 0.004557 threshold= 0.040000 in function increaseCondition2 at /blue/yu.yang1/you.z/route_opt/packages/application/X-n313-k71/src/main/src/call_cutting.cpp:74[0m
[1;36m[REMIND] tail off counter= 3 threshold= 3 in function setIfTailOff at /blue/yu.yang1/you.z/route_opt/packages/application/X-n313-k71/src/main/src/call_cutting.cpp:150[0m
current_r_best= 5.28119
alpha= 0.37 beta= 5.35238 omega= 64.7029 k1= 9
lb_k= 1 ub_k= 37
revise: lb_k= 7 ub_k= 13
opt_k= 10
alpha= 0.75 beta= 5.35238 omega= 33.5152 k1= 3
lb_k= 1 ub_k= 3
revise: lb_k= 1 ub_k= 3
opt_k= 3
pseudo= 50 frac= 50
#candidates in phase1= 10
testing lp time= 3.18 s.
-----------------------------------------------------------------------------------------
  0-218 ,  22.52|  44-133 ,  21.83|  19-60  ,  19.31|   6-137 ,  19.31| 106-147 ,   8.50| 
141-211 ,   2.60| 164-285 ,   2.39|  54-295 ,   1.48| 245-297 ,   0.93| 132-276 ,   0.26| 
-----------------------------------------------------------------------------------------
edge= 19 60 lp= 4.88002 pre= 2 lp2= 3.9561 pre2= 2 score= 19.3059
-----------------------------------------------------------------------------------------
edge= 44 133 lp= 23.9733 pre= 2 lp2= 0.9107 pre2= 2 score= 21.8325
-----------------------------------------------------------------------------------------
edge= 0 218 lp= 17.8466 pre= 2 lp2= 1.26191 pre2= 2 score= 22.5209
-----------------------------------------------------------------------------------------
candidate= 0-218 : -
-----------------------------------------------------------------------------------------
it= 4   ncol= 1533  ncstr= 556  mt= 0.4   spt= 0.0   lpval= 94020.5   ub= 94044.0  
-----------------------------------------------------------------------------------------
elapsed time= 175.74 s.
-----------------------------------------------------------------------------------------
candidate= 44-133 : -
-----------------------------------------------------------------------------------------
it= 3   ncol= 1540  ncstr= 556  mt= 0.4   spt= 0.0   lpval= 94034.2   ub= 94044.0  
-----------------------------------------------------------------------------------------
elapsed time= 176.18 s.
-----------------------------------------------------------------------------------------
candidate= 19-60 : -
-----------------------------------------------------------------------------------------
it= 3   ncol= 1506  ncstr= 556  mt= 0.3   spt= 0.0   lpval= 94020.4   ub= 94044.0  
-----------------------------------------------------------------------------------------
elapsed time= 176.51 s.
-----------------------------------------------------------------------------------------
candidate= 19-60 : +
-----------------------------------------------------------------------------------------
it= 3   ncol= 1532  ncstr= 556  mt= 0.4   spt= 0.0   lpval= 94017.9   ub= 94044.0  
-----------------------------------------------------------------------------------------
elapsed time= 176.91 s.
-----------------------------------------------------------------------------------------
candidate= 44-133 : +
-----------------------------------------------------------------------------------------
it= 2   ncol= 1488  ncstr= 556  mt= 0.3   spt= 0.0   lpval= 94016.6   ub= 94044.0  
-----------------------------------------------------------------------------------------
elapsed time= 177.22 s.
-----------------------------------------------------------------------------------------
brc= 44-133
t= 0.188339 c= 10.5836 n= 4 if_b4= 0
t= 0.483155 c= 14.218 n= 4 if_b4= 0
#########################################################################################
tree size= 3 lb= 94015.7 ub= 94044
#########################################################################################
idx= 11 value= 94015.7 enu= 1
brc= 50-103 : -
brc= 76-103 : -
brc= 49-105 : +
brc= 164-295 : -
brc= 62-296 : -
brc= 126-152 : -
brc= 109-138 : -
brc= 57-130 : +
brc= 70-121 : -
brc= 31-70 : +
brc= 23-118 : -
brc= 164-175 : +
brc= 22-239 : +
brc= 10-161 : -
brc= 202-269 : -
brc= 250-278 : +
brc= 19-106 : -
brc= 106-207 : -
brc= 19-237 : -
brc= 162-201 : +
brc= 217-280 : -
brc= 174-221 : +
brc= 0-127 : -
brc= 128-269 : -
brc= 125-224 : +
brc= 214-217 : -
brc= 44-133 : +
it= 2   ncol= 1440  ncstr= 555  mt= 0.3   spt= 0.0   lpval= 94016.6   ub= 94044.0  
-----------------------------------------------------------------------------------------
elapsed time= 178.50 s.
-----------------------------------------------------------------------------------------
columns pending deletion= 3699 remain= 42479 col ratio= 0.912922 row ratio= 0.944144
 ****** Separate RCCs ****** 
 ****** Separate Rank1Cuts ****** 
it= 3   ncol= 1432  ncstr= 596  mt= 0.0   spt= 0.0   lpval= 94016.9   ub= 94044.0  
-----------------------------------------------------------------------------------------
elapsed time= 178.86 s.
-----------------------------------------------------------------------------------------
columns pending deletion= 5990 remain= 42479 col ratio= 0.858989 row ratio= 0.899329
[1;36m[REMIND] 2: gap improved= 0.279880 ratio= 0.010318 threshold= 0.040000 in function increaseCondition2 at /blue/yu.yang1/you.z/route_opt/packages/application/X-n313-k71/src/main/src/call_cutting.cpp:74[0m
 ****** Separate Rank1Cuts ****** 
it= 2   ncol= 1432  ncstr= 615  mt= 0.0   spt= 0.0   lpval= 94017.4   ub= 94044.0  
-----------------------------------------------------------------------------------------
elapsed time= 179.20 s.
-----------------------------------------------------------------------------------------
columns pending deletion= 8011 remain= 42479 col ratio= 0.811413 row ratio= 0.879675
[1;36m[REMIND] 2: gap improved= 0.482052 ratio= 0.018092 threshold= 0.040000 in function increaseCondition2 at /blue/yu.yang1/you.z/route_opt/packages/application/X-n313-k71/src/main/src/call_cutting.cpp:74[0m
 ****** Separate Rank1Cuts ****** 
it= 1   ncol= 1431  ncstr= 693  mt= 0.0   spt= 0.0   lpval= 94017.4   ub= 94044.0  
-----------------------------------------------------------------------------------------
elapsed time= 179.63 s.
-----------------------------------------------------------------------------------------
columns pending deletion= 9253 remain= 42479 col ratio= 0.782175 row ratio= 0.806638
current_r_best= 5.28119
alpha= 0.37 beta= 5.03074 omega= 56.1947 k1= 9
lb_k= 1 ub_k= 37
revise: lb_k= 7 ub_k= 12
opt_k= 9
alpha= 0.75 beta= 5.03074 omega= 29.4274 k1= 3
lb_k= 1 ub_k= 3
revise: lb_k= 1 ub_k= 3
opt_k= 3
pseudo= 50 frac= 50
#candidates in phase1= 9
testing lp time= 4.44 s.
-----------------------------------------------------------------------------------------
 84-130 ,  73.61|  61-107 ,  41.81|   0-218 ,  19.56|   6-137 ,  14.54| 115-147 ,  10.53| 
115-128 ,  10.53|   4-237 ,   3.97| 117-131 ,   3.32|   9-82  ,   1.76| 
-----------------------------------------------------------------------------------------
edge= 0 218 lp= 17.3113 pre= 2 lp2= 1.13016 pre2= 0 score= 19.5644
-----------------------------------------------------------------------------------------
edge= 61 107 lp= 0.731481 pre= 0 lp2= 57.1596 pre2= 2 score= 41.8111
-----------------------------------------------------------------------------------------
edge= 84 130 lp= 31.0432 pre= 1 lp2= 2.37115 pre2= 0 score= 73.6081
-----------------------------------------------------------------------------------------
brc= 84-130
t= 0.198072 c= 9.05922 n= 5 if_b4= 0
t= 0.483155 c= 12.4579 n= 5 if_b4= 0
#########################################################################################
tree size= 4 lb= 94015.7 ub= 94044
#########################################################################################
idx= 12 value= 94015.7 enu= 1
brc= 50-103 : -
brc= 76-103 : -
brc= 49-105 : +
brc= 164-295 : -
brc= 62-296 : -
brc= 126-152 : -
brc= 109-138 : -
brc= 57-130 : +
brc= 70-121 : -
brc= 31-70 : +
brc= 23-118 : -
brc= 164-175 : +
brc= 22-239 : +
brc= 10-161 : -
brc= 202-269 : -
brc= 250-278 : +
brc= 19-106 : -
brc= 106-207 : -
brc= 19-237 : -
brc= 162-201 : +
brc= 217-280 : -
brc= 174-221 : +
brc= 0-127 : -
brc= 128-269 : -
brc= 125-224 : +
brc= 214-217 : -
brc= 44-133 : -
it= 4   ncol= 1537  ncstr= 555  mt= 0.1   spt= 0.0   lpval= 94034.2   ub= 94044.0  
-----------------------------------------------------------------------------------------
elapsed time= 185.32 s.
-----------------------------------------------------------------------------------------
delete columns= 40489 remain= 2061
 ****** Separate RCCs ****** 
 ****** Separate Rank1Cuts ****** 
it= 3   ncol= 1171  ncstr= 652  mt= 0.1   spt= 0.0   lpval= 94042.5   ub= 94044.0  
-----------------------------------------------------------------------------------------
elapsed time= 186.04 s.
-----------------------------------------------------------------------------------------
delete columns= 1632 remain= 429
mip: row= 487 col= 956 density= 3.38358%
mip time= 0.06 s.
mip status= 3
update f from 0 to 1.48035
#########################################################################################
tree size= 3 lb= 94017.4 ub= 94044
#########################################################################################
idx= 13 value= 94017.4 enu= 1
brc= 50-103 : -
brc= 76-103 : -
brc= 49-105 : +
brc= 164-295 : -
brc= 62-296 : -
brc= 126-152 : -
brc= 109-138 : -
brc= 57-130 : +
brc= 70-121 : -
brc= 31-70 : +
brc= 23-118 : -
brc= 164-175 : +
brc= 22-239 : +
brc= 10-161 : -
brc= 202-269 : -
brc= 250-278 : +
brc= 19-106 : -
brc= 106-207 : -
brc= 19-237 : -
brc= 162-201 : +
brc= 217-280 : -
brc= 174-221 : +
brc= 0-127 : -
brc= 128-269 : -
brc= 125-224 : +
brc= 214-217 : -
brc= 44-133 : +
brc= 84-130 : +
it= 4   ncol= 1431  ncstr= 693  mt= 0.4   spt= 0.0   lpval= 94019.4   ub= 94044.0  
-----------------------------------------------------------------------------------------
elapsed time= 186.69 s.
-----------------------------------------------------------------------------------------
delete columns= 7941 remain= 25128
 ****** Separate RCCs ****** 
 ****** Separate Rank1Cuts ****** 
it= 2   ncol= 1410  ncstr= 553  mt= 0.0   spt= 0.0   lpval= 94020.3   ub= 94044.0  
-----------------------------------------------------------------------------------------
elapsed time= 187.00 s.
-----------------------------------------------------------------------------------------
columns pending deletion= 2480 remain= 25128 col ratio= 0.901305 row ratio= 0.940325
[1;36m[REMIND] 2: gap improved= 0.854333 ratio= 0.036043 threshold= 0.040000 in function increaseCondition2 at /blue/yu.yang1/you.z/route_opt/packages/application/X-n313-k71/src/main/src/call_cutting.cpp:74[0m
 ****** Separate RCCs ****** 
 ****** Separate Rank1Cuts ****** 
it= 2   ncol= 1406  ncstr= 590  mt= 0.0   spt= 0.0   lpval= 94020.5   ub= 94044.0  
-----------------------------------------------------------------------------------------
elapsed time= 187.34 s.
-----------------------------------------------------------------------------------------
columns pending deletion= 3947 remain= 25128 col ratio= 0.842924 row ratio= 0.89661
[1;36m[REMIND] 2: gap improved= 0.229477 ratio= 0.009776 threshold= 0.040000 in function increaseCondition2 at /blue/yu.yang1/you.z/route_opt/packages/application/X-n313-k71/src/main/src/call_cutting.cpp:74[0m
 ****** Separate RCCs ****** 
 ****** Separate Rank1Cuts ****** 
it= 2   ncol= 1408  ncstr= 599  mt= 0.0   spt= 0.0   lpval= 94021.5   ub= 94044.0  
-----------------------------------------------------------------------------------------
elapsed time= 187.66 s.
-----------------------------------------------------------------------------------------
columns pending deletion= 6709 remain= 25128 col ratio= 0.733007 row ratio= 0.883139
mip: row= 529 col= 19822 density= 5.20177%
mip time= 40.02 s.
mip status= 6
update f from 1.48035 to 22.4773
#########################################################################################
tree size= 2 lb= 94017.4 ub= 94044
#########################################################################################
idx= 14 value= 94017.4 enu= 1
brc= 50-103 : -
brc= 76-103 : -
brc= 49-105 : +
brc= 164-295 : -
brc= 62-296 : -
brc= 126-152 : -
brc= 109-138 : -
brc= 57-130 : +
brc= 70-121 : -
brc= 31-70 : +
brc= 23-118 : -
brc= 164-175 : +
brc= 22-239 : +
brc= 10-161 : -
brc= 202-269 : -
brc= 250-278 : +
brc= 19-106 : -
brc= 106-207 : -
brc= 19-237 : -
brc= 162-201 : +
brc= 217-280 : -
brc= 174-221 : +
brc= 0-127 : -
brc= 128-269 : -
brc= 125-224 : +
brc= 214-217 : -
brc= 44-133 : +
brc= 84-130 : -
it= 5   ncol= 1503  ncstr= 693  mt= 0.3   spt= 0.0   lpval= 94035.1   ub= 94044.0  
-----------------------------------------------------------------------------------------
elapsed time= 228.07 s.
-----------------------------------------------------------------------------------------
delete columns= 31247 remain= 1911
 ****** Separate RCCs ****** 
 ****** Separate Rank1Cuts ****** 
it= 4   ncol= 1171  ncstr= 590  mt= 0.1   spt= 0.0   lpval= 94041.2   ub= 94044.0  
-----------------------------------------------------------------------------------------
elapsed time= 228.88 s.
-----------------------------------------------------------------------------------------
delete columns= 1357 remain= 554
mip: row= 501 col= 1241 density= 3.5013%
mip time= 0.06 s.
mip status= 3
#########################################################################################
tree size= 1 lb= 94019.7 ub= 94044
#########################################################################################
idx= 9 value= 94019.7 enu= 1
brc= 50-103 : -
brc= 76-103 : -
brc= 49-105 : +
brc= 164-295 : -
brc= 62-296 : -
brc= 126-152 : -
brc= 109-138 : -
brc= 57-130 : +
brc= 70-121 : -
brc= 31-70 : +
brc= 23-118 : -
brc= 164-175 : +
brc= 22-239 : +
brc= 10-161 : -
brc= 202-269 : -
brc= 250-278 : +
brc= 19-106 : -
brc= 106-207 : -
brc= 19-237 : -
brc= 162-201 : +
brc= 217-280 : -
brc= 174-221 : +
brc= 0-127 : -
brc= 128-269 : -
brc= 125-224 : -
brc= 74-217 : +
it= 2   ncol= 1503  ncstr= 644  mt= 0.4   spt= 0.0   lpval= 94023.6   ub= 94044.0  
-----------------------------------------------------------------------------------------
elapsed time= 229.54 s.
-----------------------------------------------------------------------------------------
delete columns= 9015 remain= 12832
 ****** Separate RCCs ****** 
 ****** Separate Rank1Cuts ****** 
it= 3   ncol= 1469  ncstr= 539  mt= 0.0   spt= 0.0   lpval= 94026.3   ub= 94044.0  
-----------------------------------------------------------------------------------------
elapsed time= 229.89 s.
-----------------------------------------------------------------------------------------
columns pending deletion= 4446 remain= 12832 col ratio= 0.653522 row ratio= 0.946197
mip: row= 510 col= 9784 density= 4.45858%
mip time= 4.71 s.
mip status= 6
#########################################################################################
tree size= 0 lb= 94019.7 ub= 94044
#########################################################################################
idx= 10 value= 94019.7 enu= 1
brc= 50-103 : -
brc= 76-103 : -
brc= 49-105 : +
brc= 164-295 : -
brc= 62-296 : -
brc= 126-152 : -
brc= 109-138 : -
brc= 57-130 : +
brc= 70-121 : -
brc= 31-70 : +
brc= 23-118 : -
brc= 164-175 : +
brc= 22-239 : +
brc= 10-161 : -
brc= 202-269 : -
brc= 250-278 : +
brc= 19-106 : -
brc= 106-207 : -
brc= 19-237 : -
brc= 162-201 : +
brc= 217-280 : -
brc= 174-221 : +
brc= 0-127 : -
brc= 128-269 : -
brc= 125-224 : -
brc= 74-217 : -
it= 4   ncol= 1539  ncstr= 644  mt= 0.1   spt= 0.0   lpval= 94032.6   ub= 94044.0  
-----------------------------------------------------------------------------------------
elapsed time= 234.74 s.
-----------------------------------------------------------------------------------------
delete columns= 19119 remain= 2774
 ****** Separate RCCs ****** 
 ****** Separate Rank1Cuts ****** 
it= 2   ncol= 1250  ncstr= 541  mt= 0.0   spt= 0.0   lpval= 94035.5   ub= 94044.0  
-----------------------------------------------------------------------------------------
elapsed time= 235.09 s.
-----------------------------------------------------------------------------------------
delete columns= 1134 remain= 1640
mip: row= 503 col= 2788 density= 3.90512%
mip time= 0.77 s.
mip status= 6
#########################################################################################
[32m<Instance: X-n313-k71>
<Solution>
<UB= 94044>
<LB= 94044>
<Elapsed Time= 236.1>
<Nodes Explored= 14>
<Global Gap= 0%>[0m
#########################################################################################
File nodes/X-n313-k71_2_4_1_1_0_2_3_1_G32.node deleted successfully.
