application type: CVRP
X-n313-k71_2_2_3_2_3_4_2_0_1_1_0_G32.node
Set parameter ServerTimeout to value 600
Set parameter TokenServer to value "grb-ts.ufhpc"
Set parameter Threads to value 1
instance name= X-n313-k71
#########################################################################################
tree size= 0 lb= 0 ub= 94044
#########################################################################################
idx= 1 value= 93997.5 enu= 0
brc= 50-103 : -
brc= 76-103 : -
brc= 49-105 : +
brc= 164-295 : -
brc= 62-296 : -
brc= 126-152 : +
brc= 7-127 : -
brc= 250-278 : -
brc= 19-115 : -
brc= 270-279 : +
brc= 29-131 : -
brc= 64-128 : -
brc= 116-145 : +
brc= 74-260 : -
brc= 2-89 : -
brc= 264-290 : -
brc= 117-174 : +
brc= 53-54 : -
brc= 75-303 : -
brc= 102-142 : -
brc= 114-267 : -
brc= 207-269 : +
brc= 164-260 : -
brc= 161-184 : -
brc= 10-215 : +
brc= 132-230 : +
brc= 243-287 : -
brc= 7-33 : +
brc= 189-278 : -
brc= 75-248 : +
brc= 127-145 : +
-----------------------------------------------------------------------------------------
 ****** Pricing Level: LIGHT HEUR ****** 
it= 8   ncol= 1426  ncstr= 622  mt= 0.1   spt= 0.2   lpval= 93998.0   ub= 94044.0  
 ****** Pricing Level: HEAVY HEUR ****** 
it= 5   ncol= 1505  ncstr= 622  mt= 0.1   spt= 0.4   lpval= 93998.0   ub= 94044.0  
 ****** Pricing Level: EXACT ****** 
it= 3   ncol= 1601  ncstr= 622  mt= 0.1   spt= 4.6   lpval= 93998.0   ub= 94044.0  
-----------------------------------------------------------------------------------------
elapsed time= 9.19 s.
-----------------------------------------------------------------------------------------
-----------------------------------------------------------------------------------------
 ****** Run Arc Elimination ****** 
arc elimination time= 8.47 s.
previous= 93.299% maximum= 2.53865%
eliminate bucket arcs time= 0.65 s.
obtain jump arcs time= 0.01 s.
-----------------------------------------------------------------------------------------
-----------------------------------------------------------------------------------------
elapsed time= 18.67 s.
-----------------------------------------------------------------------------------------
-----------------------------------------------------------------------------------------
 ****** Try Enumeration ****** 
max_val= 89455 stop_b= 10 max_idx= 8 num_label= 321447 max_label_in_enumeration= 500000 q= 23.1156 aq.size()= 21 left_bin= 2 left_labels= 178553
status= LABEL_FOR_LIMIT
#labels= 321447 #routes= 24
labeling 1 time= 10.38 s.
next try value > 94005.4
-----------------------------------------------------------------------------------------
elapsed time= 29.13 s.
-----------------------------------------------------------------------------------------
 ****** Separate RCCs ****** 
 ****** Separate Rank1Cuts ****** 
-----------------------------------------------------------------------------------------
 ****** Pricing Level: LIGHT HEUR ****** 
it= 4   ncol= 1668  ncstr= 686  mt= 0.3   spt= 0.1   lpval= 93998.7   ub= 94044.0  
 ****** Pricing Level: HEAVY HEUR ****** 
it= 3   ncol= 1683  ncstr= 686  mt= 0.0   spt= 0.2   lpval= 93998.7   ub= 94044.0  
 ****** Pricing Level: EXACT ****** 
it= 2   ncol= 1745  ncstr= 686  mt= 0.0   spt= 2.8   lpval= 93998.7   ub= 94044.0  
-----------------------------------------------------------------------------------------
elapsed time= 33.76 s.
-----------------------------------------------------------------------------------------
[1;36m[REMIND] 2: gap improved= 0.682135 ratio= 0.015054 threshold= 0.040000 in function increaseCondition2 at /blue/yu.yang1/you.z/route_opt/packages/application/X-n313-k71/src/main/src/call_cutting.cpp:74[0m
 ****** Separate RCCs ****** 
 ****** Separate Rank1Cuts ****** 
-----------------------------------------------------------------------------------------
 ****** Pricing Level: LIGHT HEUR ****** 
it= 2   ncol= 1772  ncstr= 662  mt= 0.3   spt= 0.1   lpval= 93999.1   ub= 94044.0  
 ****** Pricing Level: HEAVY HEUR ****** 
it= 2   ncol= 1786  ncstr= 662  mt= 0.0   spt= 0.1   lpval= 93999.1   ub= 94044.0  
 ****** Pricing Level: EXACT ****** 
it= 3   ncol= 1875  ncstr= 662  mt= 0.1   spt= 4.1   lpval= 93999.1   ub= 94044.0  
-----------------------------------------------------------------------------------------
elapsed time= 39.42 s.
-----------------------------------------------------------------------------------------
[1;36m[REMIND] 2: gap improved= 0.393511 ratio= 0.008761 threshold= 0.040000 in function increaseCondition2 at /blue/yu.yang1/you.z/route_opt/packages/application/X-n313-k71/src/main/src/call_cutting.cpp:74[0m
 ****** Separate RCCs ****** 
 ****** Separate Rank1Cuts ****** 
-----------------------------------------------------------------------------------------
 ****** Pricing Level: LIGHT HEUR ****** 
it= 3   ncol= 1883  ncstr= 719  mt= 0.4   spt= 0.1   lpval= 93999.3   ub= 94044.0  
 ****** Pricing Level: HEAVY HEUR ****** 
it= 3   ncol= 1904  ncstr= 719  mt= 0.0   spt= 0.2   lpval= 93999.3   ub= 94044.0  
 ****** Pricing Level: EXACT ****** 
it= 3   ncol= 1918  ncstr= 719  mt= 0.1   spt= 4.5   lpval= 93999.3   ub= 94044.0  
-----------------------------------------------------------------------------------------
elapsed time= 46.27 s.
-----------------------------------------------------------------------------------------
[1;36m[REMIND] 2: gap improved= 0.214882 ratio= 0.004807 threshold= 0.040000 in function increaseCondition2 at /blue/yu.yang1/you.z/route_opt/packages/application/X-n313-k71/src/main/src/call_cutting.cpp:74[0m
[1;36m[REMIND] tail off counter= 3 threshold= 3 in function setIfTailOff at /blue/yu.yang1/you.z/route_opt/packages/application/X-n313-k71/src/main/src/call_cutting.cpp:150[0m
[1;36m[REMIND] opt_k not found for node 1, use m directly in function getOptK at /blue/yu.yang1/you.z/route_opt/packages/branching/bkf/include/bkf_controller.hpp:239[0m
current_r_best= 1.33549
we directly test 100
we directly test 4
pseudo= 50 frac= 50
#candidates in phase1= 100
testing lp time= 35.55 s.
-----------------------------------------------------------------------------------------
 32-102 ,  75.91|  82-153 ,  75.91|  36-142 ,  75.91|  70-133 ,  75.91| 184-303 ,  51.32| 
 44-133 ,  50.21| 114-184 ,  47.65|   9-64  ,  29.40|   0-162 ,  25.69|  56-228 ,  21.72| 
243-267 ,  21.68| 107-301 ,  20.75| 147-174 ,  20.58|   0-184 ,  18.81| 131-281 ,  18.33| 
243-311 ,  15.08|  51-84  ,  13.31| 131-147 ,  12.39|  51-64  ,  12.32|   0-131 ,  11.78| 
  0-114 ,  11.33|   0-61  ,  11.33| 253-274 ,  11.13| 117-237 ,  10.43|   0-243 ,   9.19| 
  0-51  ,   8.88|   5-272 ,   8.64|  56-143 ,   8.60|   7-54  ,   8.47| 234-299 ,   7.65| 
  0-95  ,   7.61| 218-302 ,   6.70|  52-136 ,   6.40|  84-87  ,   6.20| 211-239 ,   6.13| 
147-281 ,   6.10|  57-128 ,   5.17| 303-311 ,   4.86| 258-311 ,   4.55|  26-235 ,   4.05| 
115-128 ,   3.75| 267-287 ,   3.42|   0-174 ,   3.23| 150-237 ,   3.09|   3-4   ,   2.95| 
  0-115 ,   2.84|   0-98  ,   2.79| 256-293 ,   2.57|  84-130 ,   2.11|   0-9   ,   1.96| 
 78-176 ,   1.95|  57-130 ,   1.54| 196-243 ,   1.44| 118-296 ,   1.30| 273-293 ,   1.14| 
136-143 ,   1.02| 149-191 ,   0.96|  11-244 ,   0.94|  69-176 ,   0.93| 176-277 ,   0.93| 
  0-277 ,   0.93|  89-176 ,   0.90|   0-69  ,   0.88|   9-137 ,   0.82|  84-127 ,   0.81| 
175-285 ,   0.80| 130-155 ,   0.78|  22-266 ,   0.76|  25-155 ,   0.70|   2-128 ,   0.67| 
149-158 ,   0.67|  19-128 ,   0.65|   0-303 ,   0.65|  32-116 ,   0.62| 137-150 ,   0.62| 
 26-98  ,   0.62| 163-267 ,   0.58|   0-38  ,   0.41| 143-148 ,   0.35| 148-235 ,   0.34| 
 35-148 ,   0.33| 158-273 ,   0.32|  21-148 ,   0.30| 247-259 ,   0.24| 149-259 ,   0.21| 
149-163 ,   0.18| 148-173 ,   0.17| 193-247 ,   0.17| 191-195 ,   0.16| 111-273 ,   0.15| 
 38-231 ,   0.13|  42-173 ,   0.12| 193-273 ,   0.06| 244-271 ,   0.05| 259-297 ,   0.04| 
166-185 ,   0.03|  70-99  ,   0.02|  67-274 ,   0.01|   6-9   ,   0.01|   0-99  ,   0.00| 
-----------------------------------------------------------------------------------------
edge= 70 133 lp= 0.470129 pre= 0 lp2= 161.459 pre2= 2 score= 75.9066
-----------------------------------------------------------------------------------------
edge= 36 142 lp= 161.459 pre= 2 lp2= 0.470157 pre2= 2 score= 75.911
-----------------------------------------------------------------------------------------
edge= 82 153 lp= 0.470166 pre= 2 lp2= 161.459 pre2= 2 score= 75.9126
-----------------------------------------------------------------------------------------
edge= 32 102 lp= 0.470176 pre= 2 lp2= 161.459 pre2= 2 score= 75.9141
-----------------------------------------------------------------------------------------
candidate= 32-102 : -
-----------------------------------------------------------------------------------------
-----------------------------------------------------------------------------------------
 ****** Pricing Level: LIGHT HEUR ****** 
it= 3   ncol= 1322  ncstr= 633  mt= 0.2   spt= 0.1   lpval= 93999.8   ub= 94044.0  
 ****** Pricing Level: HEAVY HEUR ****** 
it= 4   ncol= 1357  ncstr= 633  mt= 0.0   spt= 0.3   lpval= 93999.8   ub= 94044.0  
-----------------------------------------------------------------------------------------
elapsed time= 82.88 s.
-----------------------------------------------------------------------------------------
candidate= 82-153 : -
-----------------------------------------------------------------------------------------
-----------------------------------------------------------------------------------------
 ****** Pricing Level: LIGHT HEUR ****** 
it= 6   ncol= 1376  ncstr= 633  mt= 0.3   spt= 0.1   lpval= 93999.8   ub= 94044.0  
 ****** Pricing Level: HEAVY HEUR ****** 
it= 6   ncol= 1434  ncstr= 633  mt= 0.1   spt= 0.4   lpval= 93999.8   ub= 94044.0  
-----------------------------------------------------------------------------------------
elapsed time= 84.50 s.
-----------------------------------------------------------------------------------------
candidate= 36-142 : -
-----------------------------------------------------------------------------------------
-----------------------------------------------------------------------------------------
 ****** Pricing Level: LIGHT HEUR ****** 
it= 12  ncol= 1586  ncstr= 633  mt= 1.0   spt= 0.3   lpval= 94040.2   ub= 94044.0  
 ****** Pricing Level: HEAVY HEUR ****** 
it= 7   ncol= 1700  ncstr= 633  mt= 0.4   spt= 0.5   lpval= 94034.8   ub= 94044.0  
-----------------------------------------------------------------------------------------
elapsed time= 87.77 s.
-----------------------------------------------------------------------------------------
candidate= 70-133 : +
-----------------------------------------------------------------------------------------
-----------------------------------------------------------------------------------------
 ****** Pricing Level: LIGHT HEUR ****** 
it= 11  ncol= 1541  ncstr= 633  mt= 1.1   spt= 0.2   lpval= 94024.2   ub= 94044.0  
 ****** Pricing Level: HEAVY HEUR ****** 
it= 5   ncol= 1618  ncstr= 633  mt= 0.2   spt= 0.3   lpval= 94022.2   ub= 94044.0  
-----------------------------------------------------------------------------------------
elapsed time= 90.56 s.
-----------------------------------------------------------------------------------------
candidate= 32-102 : +
-----------------------------------------------------------------------------------------
-----------------------------------------------------------------------------------------
 ****** Pricing Level: LIGHT HEUR ****** 
it= 13  ncol= 1591  ncstr= 633  mt= 1.1   spt= 0.3   lpval= 94038.0   ub= 94044.0  
 ****** Pricing Level: HEAVY HEUR ****** 
it= 5   ncol= 1664  ncstr= 633  mt= 0.2   spt= 0.3   lpval= 94030.3   ub= 94044.0  
-----------------------------------------------------------------------------------------
elapsed time= 93.61 s.
-----------------------------------------------------------------------------------------
candidate= 82-153 : +
-----------------------------------------------------------------------------------------
-----------------------------------------------------------------------------------------
 ****** Pricing Level: LIGHT HEUR ****** 
it= 10  ncol= 1453  ncstr= 633  mt= 0.7   spt= 0.2   lpval= 94019.4   ub= 94044.0  
 ****** Pricing Level: HEAVY HEUR ****** 
it= 5   ncol= 1509  ncstr= 633  mt= 0.1   spt= 0.3   lpval= 94018.6   ub= 94044.0  
-----------------------------------------------------------------------------------------
elapsed time= 95.93 s.
-----------------------------------------------------------------------------------------
candidate= 36-142 : +
-----------------------------------------------------------------------------------------
-----------------------------------------------------------------------------------------
 ****** Pricing Level: LIGHT HEUR ****** 
it= 5   ncol= 1360  ncstr= 633  mt= 0.3   spt= 0.1   lpval= 93999.8   ub= 94044.0  
 ****** Pricing Level: HEAVY HEUR ****** 
it= 6   ncol= 1417  ncstr= 633  mt= 0.1   spt= 0.4   lpval= 93999.8   ub= 94044.0  
-----------------------------------------------------------------------------------------
elapsed time= 97.47 s.
-----------------------------------------------------------------------------------------
brc= 36-142
t= 0.177747 c= 51.2923 n= 0 if_b4= 1
t= 2.23127 c= 61.2575 n= 0 if_b4= 1
nodes already exists
memory usage= 6GB.
#########################################################################################
tree size= 0 lb= 93999.3 ub= 94044
#########################################################################################
idx= 2 value= 93999.3 enu= 0
brc= 50-103 : -
brc= 76-103 : -
brc= 49-105 : +
brc= 164-295 : -
brc= 62-296 : -
brc= 126-152 : +
brc= 7-127 : -
brc= 250-278 : -
brc= 19-115 : -
brc= 270-279 : +
brc= 29-131 : -
brc= 64-128 : -
brc= 116-145 : +
brc= 74-260 : -
brc= 2-89 : -
brc= 264-290 : -
brc= 117-174 : +
brc= 53-54 : -
brc= 75-303 : -
brc= 102-142 : -
brc= 114-267 : -
brc= 207-269 : +
brc= 164-260 : -
brc= 161-184 : -
brc= 10-215 : +
brc= 132-230 : +
brc= 243-287 : -
brc= 7-33 : +
brc= 189-278 : -
brc= 75-248 : +
brc= 127-145 : +
brc= 36-142 : -
-----------------------------------------------------------------------------------------
 ****** Pricing Level: LIGHT HEUR ****** 
it= 12  ncol= 1559  ncstr= 632  mt= 1.2   spt= 0.3   lpval= 94037.9   ub= 94044.0  
 ****** Pricing Level: HEAVY HEUR ****** 
it= 9   ncol= 1692  ncstr= 632  mt= 0.3   spt= 0.6   lpval= 94030.7   ub= 94044.0  
 ****** Pricing Level: EXACT ****** 
it= 4   ncol= 1784  ncstr= 632  mt= 0.1   spt= 5.7   lpval= 94022.1   ub= 94044.0  
-----------------------------------------------------------------------------------------
elapsed time= 107.80 s.
-----------------------------------------------------------------------------------------
-----------------------------------------------------------------------------------------
 ****** Run Arc Elimination ****** 
arc elimination time= 1.24 s.
previous= 48.623% maximum= 1.23377%
eliminate bucket arcs time= 0.43 s.
obtain jump arcs time= 0.01 s.
-----------------------------------------------------------------------------------------
-----------------------------------------------------------------------------------------
elapsed time= 109.51 s.
-----------------------------------------------------------------------------------------
-----------------------------------------------------------------------------------------
 ****** Try Enumeration ****** 
#labels= 39458 #routes= 2
labeling 1 time= 0.21 s.
concatenate time= 0.23 s.
#routes= 23143
average gap of successful enumeration= 0.000222066
next try value > 93999.1
-----------------------------------------------------------------------------------------
elapsed time= 110.01 s.
-----------------------------------------------------------------------------------------
 ****** Process Enumeration Matrix ****** 
delete non-ele routes lp val= 94022.7
recover rank1c lp val= 94032.5
recover rcc lp val= 94039.2
obtain rcc coefficient time= 0.01 s.
obtain r1c coefficient time= 0.04 s.
obtain matrix from triplets time= 0.03 s.
delete columns by branch time= 0.00 s.
columns pending deletion= 103 remain= 23143 col ratio= 0.995549 row ratio= 1
regenerate enumeration matrix time= 0.00 s.
-----------------------------------------------------------------------------------------
elapsed time= 111.89 s.
-----------------------------------------------------------------------------------------
it= 4   ncol= 1426  ncstr= 581  mt= 0.1   spt= 0.0   lpval= 94037.8   ub= 94044.0  
-----------------------------------------------------------------------------------------
elapsed time= 112.00 s.
-----------------------------------------------------------------------------------------
delete columns= 21763 remain= 1380
 ****** Separate RCCs ****** 
 ****** Separate Rank1Cuts ****** 
it= 4   ncol= 1119  ncstr= 745  mt= 0.3   spt= 0.0   lpval= 94043.7   ub= 94044.0  
-----------------------------------------------------------------------------------------
elapsed time= 113.05 s.
-----------------------------------------------------------------------------------------
#########################################################################################
[32m<Instance: X-n313-k71>
<Solution>
<UB= 94044>
<LB= 94044>
<Elapsed Time= 113>
<Nodes Explored= 2>
<Global Gap= 0%>[0m
#########################################################################################
File nodes/X-n313-k71_2_2_3_2_3_4_2_0_1_1_0_G32.node deleted successfully.
