application type: CVRP
X-n313-k71_2_4_4_1_0_1_0_0_G32.node
Set parameter ServerTimeout to value 600
Set parameter TokenServer to value "grb-ts.ufhpc"
Set parameter Threads to value 1
instance name= X-n313-k71
#########################################################################################
tree size= 0 lb= 0 ub= 94044
#########################################################################################
idx= 1 value= 93995.8 enu= 0
brc= 50-103 : -
brc= 76-103 : -
brc= 49-105 : +
brc= 164-295 : -
brc= 62-296 : -
brc= 126-152 : -
brc= 109-138 : -
brc= 57-130 : +
brc= 70-121 : -
brc= 31-70 : -
brc= 33-281 : -
brc= 243-267 : -
brc= 10-161 : +
brc= 0-9 : -
brc= 62-182 : +
brc= 118-127 : +
brc= 23-296 : -
brc= 59-68 : +
brc= 0-121 : +
brc= 0-292 : +
-----------------------------------------------------------------------------------------
 ****** Pricing Level: LIGHT HEUR ****** 
it= 8   ncol= 1348  ncstr= 627  mt= 0.2   spt= 0.2   lpval= 93998.3   ub= 94044.0  
 ****** Pricing Level: HEAVY HEUR ****** 
it= 4   ncol= 1401  ncstr= 627  mt= 0.0   spt= 0.3   lpval= 93998.2   ub= 94044.0  
 ****** Pricing Level: EXACT ****** 
it= 2   ncol= 1443  ncstr= 627  mt= 0.0   spt= 2.4   lpval= 93998.2   ub= 94044.0  
-----------------------------------------------------------------------------------------
elapsed time= 6.75 s.
-----------------------------------------------------------------------------------------
-----------------------------------------------------------------------------------------
 ****** Run Arc Elimination ****** 
arc elimination time= 7.39 s.
previous= 93.0497% maximum= 2.60132%
eliminate bucket arcs time= 0.54 s.
obtain jump arcs time= 0.01 s.
-----------------------------------------------------------------------------------------
-----------------------------------------------------------------------------------------
elapsed time= 15.03 s.
-----------------------------------------------------------------------------------------
 ****** Separate RCCs ****** 
 ****** Separate Rank1Cuts ****** 
-----------------------------------------------------------------------------------------
 ****** Pricing Level: LIGHT HEUR ****** 
it= 3   ncol= 1474  ncstr= 664  mt= 0.3   spt= 0.1   lpval= 93998.8   ub= 94044.0  
 ****** Pricing Level: HEAVY HEUR ****** 
it= 2   ncol= 1478  ncstr= 664  mt= 0.0   spt= 0.1   lpval= 93998.8   ub= 94044.0  
 ****** Pricing Level: EXACT ****** 
it= 4   ncol= 1499  ncstr= 664  mt= 0.1   spt= 4.3   lpval= 93998.8   ub= 94044.0  
-----------------------------------------------------------------------------------------
elapsed time= 21.61 s.
-----------------------------------------------------------------------------------------
[1;36m[REMIND] 2: gap improved= 0.653094 ratio= 0.014461 threshold= 0.040000 in function increaseCondition2 at /blue/yu.yang1/you.z/route_opt/packages/application/X-n313-k71/src/main/src/call_cutting.cpp:74[0m
 ****** Separate RCCs ****** 
 ****** Separate Rank1Cuts ****** 
-----------------------------------------------------------------------------------------
 ****** Pricing Level: LIGHT HEUR ****** 
it= 5   ncol= 1554  ncstr= 758  mt= 0.4   spt= 0.1   lpval= 93999.7   ub= 94044.0  
 ****** Pricing Level: HEAVY HEUR ****** 
it= 3   ncol= 1591  ncstr= 758  mt= 0.0   spt= 0.2   lpval= 93999.7   ub= 94044.0  
 ****** Pricing Level: EXACT ****** 
it= 4   ncol= 1733  ncstr= 758  mt= 0.1   spt= 4.7   lpval= 93999.6   ub= 94044.0  
-----------------------------------------------------------------------------------------
elapsed time= 28.78 s.
-----------------------------------------------------------------------------------------
[1;36m[REMIND] 2: gap improved= 0.809553 ratio= 0.018252 threshold= 0.040000 in function increaseCondition2 at /blue/yu.yang1/you.z/route_opt/packages/application/X-n313-k71/src/main/src/call_cutting.cpp:74[0m
 ****** Separate RCCs ****** 
 ****** Separate Rank1Cuts ****** 
-----------------------------------------------------------------------------------------
 ****** Pricing Level: LIGHT HEUR ****** 
it= 1   ncol= 1733  ncstr= 685  mt= 0.3   spt= 0.0   lpval= 94000.0   ub= 94044.0  
 ****** Pricing Level: HEAVY HEUR ****** 
it= 3   ncol= 1740  ncstr= 685  mt= 0.0   spt= 0.2   lpval= 94000.0   ub= 94044.0  
 ****** Pricing Level: EXACT ****** 
it= 2   ncol= 1751  ncstr= 685  mt= 0.0   spt= 2.2   lpval= 94000.0   ub= 94044.0  
-----------------------------------------------------------------------------------------
elapsed time= 33.19 s.
-----------------------------------------------------------------------------------------
[1;36m[REMIND] 2: gap improved= 0.360334 ratio= 0.008191 threshold= 0.040000 in function increaseCondition2 at /blue/yu.yang1/you.z/route_opt/packages/application/X-n313-k71/src/main/src/call_cutting.cpp:74[0m
[1;36m[REMIND] tail off counter= 3 threshold= 3 in function setIfTailOff at /blue/yu.yang1/you.z/route_opt/packages/application/X-n313-k71/src/main/src/call_cutting.cpp:150[0m
[1;36m[REMIND] opt_k not found for node 1, use m directly in function getOptK at /blue/yu.yang1/you.z/route_opt/packages/branching/bkf/include/bkf_controller.hpp:239[0m
current_r_best= 3.0535
we directly test 100
we directly test 4
pseudo= 50 frac= 50
#candidates in phase1= 100
testing lp time= 35.77 s.
-----------------------------------------------------------------------------------------
  0-260 , 184.75| 164-260 , 143.05| 164-175 , 106.45| 185-215 , 100.08|  54-215 , 100.08| 
164-249 ,  96.69|   0-249 ,  96.69| 249-285 ,  92.38| 160-235 ,  91.30| 148-195 ,  91.30| 
 36-152 ,  72.57| 126-142 ,  72.57|   0-27  ,  61.82|   0-12  ,  60.99|  70-133 ,  47.98| 
  2-132 ,  47.05|   0-31  ,  46.08|   0-99  ,  46.08| 222-256 ,  42.51|   7-145 ,  41.57| 
 53-54  ,  40.98|   0-146 ,  39.13| 104-146 ,  39.13|  40-146 ,  39.12|  31-99  ,  38.28| 
  1-134 ,  38.06|  95-281 ,  37.53|  13-104 ,  36.96|   0-13  ,  36.96|  27-50  ,  35.67| 
 13-105 ,  34.17|  64-128 ,  34.12|  36-142 ,  33.59|   0-32  ,  33.36|  32-152 ,  32.26| 
  0-295 ,  32.10|  22-54  ,  32.07|  54-72  ,  32.07|   2-51  ,  31.82| 109-203 ,  31.50| 
207-230 ,  30.01|  30-139 ,  27.66|  77-146 ,  26.55|  48-102 ,  25.77| 102-133 ,  24.45| 
  0-133 ,  22.45|  33-56  ,  21.80|  30-276 ,  21.76| 236-266 ,  21.36|  74-248 ,  20.46| 
 98-123 ,  18.19|  44-133 ,  17.63|  29-131 ,  17.20|   0-178 ,  16.11|  65-77  ,  15.68| 
 13-65  ,  15.53|   0-65  ,  15.35|   0-77  ,  15.16|   0-207 ,  14.60| 184-258 ,  13.14| 
  0-258 ,  13.14| 258-267 ,  12.37| 107-184 ,  12.37| 132-155 ,  11.85| 132-302 ,  10.43| 
 29-30  ,   9.33| 191-274 ,   9.18| 114-216 ,   8.85|   0-302 ,   8.39| 184-245 ,   7.78| 
  0-145 ,   7.32|  23-145 ,   7.29| 127-145 ,   6.70| 191-271 ,   4.57| 162-208 ,   4.40| 
204-208 ,   4.40| 191-264 ,   3.85|   0-269 ,   3.29| 216-264 ,   3.03|  17-184 ,   3.03| 
 67-205 ,   2.74|  42-173 ,   2.59| 245-264 ,   1.79| 216-272 ,   1.58| 205-256 ,   1.55| 
  0-272 ,   1.49|  45-245 ,   1.48| 195-244 ,   0.84| 149-293 ,   0.83|   0-284 ,   0.82| 
173-284 ,   0.78| 177-229 ,   0.73|  11-198 ,   0.73|   0-274 ,   0.68|   0-222 ,   0.62| 
132-276 ,   0.44|   0-231 ,   0.38|   0-216 ,   0.34| 256-274 ,   0.30| 171-280 ,   0.00| 
-----------------------------------------------------------------------------------------
edge= 185 215 lp= 1.64091 pre= 2 lp2= 60.9913 pre2= 2 score= 100.082
-----------------------------------------------------------------------------------------
edge= 164 175 lp= 77.3052 pre= 2 lp2= 1.37698 pre2= 2 score= 106.448
-----------------------------------------------------------------------------------------
edge= 164 260 lp= 1.09437 pre= 2 lp2= 130.711 pre2= 2 score= 143.046
-----------------------------------------------------------------------------------------
edge= 0 260 lp= 1.41341 pre= 2 lp2= 130.711 pre2= 2 score= 184.748
-----------------------------------------------------------------------------------------
candidate= 0-260 : -
-----------------------------------------------------------------------------------------
-----------------------------------------------------------------------------------------
 ****** Pricing Level: LIGHT HEUR ****** 
it= 6   ncol= 1268  ncstr= 628  mt= 0.3   spt= 0.1   lpval= 94001.4   ub= 94044.0  
 ****** Pricing Level: HEAVY HEUR ****** 
it= 3   ncol= 1293  ncstr= 628  mt= 0.0   spt= 0.2   lpval= 94001.3   ub= 94044.0  
-----------------------------------------------------------------------------------------
elapsed time= 70.69 s.
-----------------------------------------------------------------------------------------
candidate= 0-260 : +
-----------------------------------------------------------------------------------------
-----------------------------------------------------------------------------------------
 ****** Pricing Level: LIGHT HEUR ****** 
it= 6   ncol= 1300  ncstr= 628  mt= 0.6   spt= 0.1   lpval= 94025.6   ub= 94044.0  
 ****** Pricing Level: HEAVY HEUR ****** 
it= 5   ncol= 1360  ncstr= 628  mt= 0.2   spt= 0.3   lpval= 94003.7   ub= 94044.0  
-----------------------------------------------------------------------------------------
elapsed time= 72.57 s.
-----------------------------------------------------------------------------------------
candidate= 164-260 : -
-----------------------------------------------------------------------------------------
-----------------------------------------------------------------------------------------
 ****** Pricing Level: LIGHT HEUR ****** 
it= 4   ncol= 1239  ncstr= 628  mt= 0.2   spt= 0.1   lpval= 94001.1   ub= 94044.0  
 ****** Pricing Level: HEAVY HEUR ****** 
it= 5   ncol= 1263  ncstr= 628  mt= 0.0   spt= 0.3   lpval= 94001.1   ub= 94044.0  
-----------------------------------------------------------------------------------------
elapsed time= 73.78 s.
-----------------------------------------------------------------------------------------
candidate= 164-260 : +
-----------------------------------------------------------------------------------------
-----------------------------------------------------------------------------------------
 ****** Pricing Level: LIGHT HEUR ****** 
it= 9   ncol= 1365  ncstr= 628  mt= 0.7   spt= 0.2   lpval= 94051.4   ub= 94044.0  
 ****** Pricing Level: HEAVY HEUR ****** 
it= 8   ncol= 1470  ncstr= 628  mt= 0.3   spt= 0.5   lpval= 94040.9   ub= 94044.0  
-----------------------------------------------------------------------------------------
elapsed time= 76.46 s.
-----------------------------------------------------------------------------------------
candidate= 164-175 : -
-----------------------------------------------------------------------------------------
-----------------------------------------------------------------------------------------
 ****** Pricing Level: LIGHT HEUR ****** 
it= 7   ncol= 1314  ncstr= 628  mt= 0.5   spt= 0.2   lpval= 94023.8   ub= 94044.0  
 ****** Pricing Level: HEAVY HEUR ****** 
it= 6   ncol= 1404  ncstr= 628  mt= 0.2   spt= 0.3   lpval= 94019.9   ub= 94044.0  
-----------------------------------------------------------------------------------------
elapsed time= 78.42 s.
-----------------------------------------------------------------------------------------
candidate= 185-215 : -
-----------------------------------------------------------------------------------------
-----------------------------------------------------------------------------------------
 ****** Pricing Level: LIGHT HEUR ****** 
it= 5   ncol= 1247  ncstr= 628  mt= 0.3   spt= 0.1   lpval= 94001.4   ub= 94044.0  
 ****** Pricing Level: HEAVY HEUR ****** 
it= 3   ncol= 1278  ncstr= 628  mt= 0.1   spt= 0.2   lpval= 94000.7   ub= 94044.0  
-----------------------------------------------------------------------------------------
elapsed time= 79.55 s.
-----------------------------------------------------------------------------------------
brc= 164-260
t= 0.178867 c= 35.9049 n= 0 if_b4= 1
t= 1.66931 c= 48.7837 n= 0 if_b4= 1
nodes already exists
memory usage= 4GB.
#########################################################################################
tree size= 0 lb= 94000 ub= 94044
#########################################################################################
idx= 2 value= 94000 enu= 0
brc= 50-103 : -
brc= 76-103 : -
brc= 49-105 : +
brc= 164-295 : -
brc= 62-296 : -
brc= 126-152 : -
brc= 109-138 : -
brc= 57-130 : +
brc= 70-121 : -
brc= 31-70 : -
brc= 33-281 : -
brc= 243-267 : -
brc= 10-161 : +
brc= 0-9 : -
brc= 62-182 : +
brc= 118-127 : +
brc= 23-296 : -
brc= 59-68 : +
brc= 0-121 : +
brc= 0-292 : +
brc= 164-260 : -
-----------------------------------------------------------------------------------------
 ****** Pricing Level: LIGHT HEUR ****** 
it= 4   ncol= 1236  ncstr= 627  mt= 0.2   spt= 0.1   lpval= 94001.1   ub= 94044.0  
 ****** Pricing Level: HEAVY HEUR ****** 
it= 4   ncol= 1257  ncstr= 627  mt= 0.0   spt= 0.2   lpval= 94001.1   ub= 94044.0  
 ****** Pricing Level: EXACT ****** 
it= 4   ncol= 1285  ncstr= 627  mt= 0.1   spt= 4.5   lpval= 94000.9   ub= 94044.0  
-----------------------------------------------------------------------------------------
elapsed time= 86.09 s.
-----------------------------------------------------------------------------------------
 ****** Separate RCCs ****** 
 ****** Separate Rank1Cuts ****** 
-----------------------------------------------------------------------------------------
 ****** Pricing Level: LIGHT HEUR ****** 
it= 2   ncol= 1288  ncstr= 668  mt= 0.2   spt= 0.1   lpval= 94001.4   ub= 94044.0  
 ****** Pricing Level: HEAVY HEUR ****** 
it= 2   ncol= 1294  ncstr= 668  mt= 0.0   spt= 0.1   lpval= 94001.4   ub= 94044.0  
 ****** Pricing Level: EXACT ****** 
it= 3   ncol= 1304  ncstr= 668  mt= 0.0   spt= 3.4   lpval= 94001.4   ub= 94044.0  
-----------------------------------------------------------------------------------------
elapsed time= 91.42 s.
-----------------------------------------------------------------------------------------
[1;36m[REMIND] 2: gap improved= 0.533138 ratio= 0.012525 threshold= 0.040000 in function increaseCondition2 at /blue/yu.yang1/you.z/route_opt/packages/application/X-n313-k71/src/main/src/call_cutting.cpp:74[0m
 ****** Separate RCCs ****** 
 ****** Separate Rank1Cuts ****** 
-----------------------------------------------------------------------------------------
 ****** Pricing Level: LIGHT HEUR ****** 
it= 3   ncol= 1313  ncstr= 667  mt= 0.3   spt= 0.1   lpval= 94002.0   ub= 94044.0  
 ****** Pricing Level: HEAVY HEUR ****** 
it= 6   ncol= 1330  ncstr= 667  mt= 0.0   spt= 0.4   lpval= 94002.0   ub= 94044.0  
 ****** Pricing Level: EXACT ****** 
it= 4   ncol= 1375  ncstr= 667  mt= 0.1   spt= 4.7   lpval= 94002.0   ub= 94044.0  
-----------------------------------------------------------------------------------------
elapsed time= 98.51 s.
-----------------------------------------------------------------------------------------
[1;36m[REMIND] 2: gap improved= 0.528124 ratio= 0.012563 threshold= 0.040000 in function increaseCondition2 at /blue/yu.yang1/you.z/route_opt/packages/application/X-n313-k71/src/main/src/call_cutting.cpp:74[0m
 ****** Separate RCCs ****** 
 ****** Separate Rank1Cuts ****** 
-----------------------------------------------------------------------------------------
 ****** Pricing Level: LIGHT HEUR ****** 
it= 7   ncol= 1470  ncstr= 761  mt= 0.4   spt= 0.2   lpval= 94002.3   ub= 94044.0  
 ****** Pricing Level: HEAVY HEUR ****** 
it= 6   ncol= 1541  ncstr= 761  mt= 0.1   spt= 0.4   lpval= 94002.3   ub= 94044.0  
 ****** Pricing Level: EXACT ****** 
it= 4   ncol= 1735  ncstr= 761  mt= 0.1   spt= 4.9   lpval= 94002.3   ub= 94044.0  
-----------------------------------------------------------------------------------------
elapsed time= 107.04 s.
-----------------------------------------------------------------------------------------
[1;36m[REMIND] 2: gap improved= 0.294575 ratio= 0.007057 threshold= 0.040000 in function increaseCondition2 at /blue/yu.yang1/you.z/route_opt/packages/application/X-n313-k71/src/main/src/call_cutting.cpp:74[0m
[1;36m[REMIND] tail off counter= 3 threshold= 3 in function setIfTailOff at /blue/yu.yang1/you.z/route_opt/packages/application/X-n313-k71/src/main/src/call_cutting.cpp:150[0m
current_r_best= 1.62607
pseudo= 50 frac= 50
#candidates in phase1= 37
testing lp time= 12.08 s.
-----------------------------------------------------------------------------------------
126-142 ,  64.04| 187-225 ,  58.41| 138-213 ,  58.41| 170-188 ,  53.17|   0-31  ,  48.19| 
 31-99  ,  48.19|  71-306 ,  43.01| 263-306 ,  43.01|  81-183 ,  42.33|   0-27  ,  36.95| 
 65-83  ,  27.77|  13-105 ,  27.26|   0-65  ,  26.32|  40-146 ,  25.19| 104-146 ,  25.19| 
 40-65  ,  25.10|  65-134 ,  25.09|  77-105 ,  25.09|  50-76  ,  24.32|  13-104 ,  24.16| 
  0-13  ,  24.16| 187-246 ,  22.39|  65-77  ,  21.27|  77-146 ,  19.80|   0-12  ,  17.99| 
109-213 ,  15.64| 138-203 ,  15.44|  36-142 ,  14.30|  27-50  ,  13.85| 160-235 ,  10.06| 
 12-170 ,   8.10| 123-135 ,   6.82|   0-38  ,   3.38|  26-160 ,   2.22|  66-231 ,   1.41| 
  4-89  ,   0.40|   3-89  ,   0.00| 
-----------------------------------------------------------------------------------------
edge= 138 213 lp= 0.469486 pre= 2 lp2= 124.407 pre2= 2 score= 58.4074
-----------------------------------------------------------------------------------------
edge= 187 225 lp= 0.469492 pre= 2 lp2= 124.407 pre2= 2 score= 58.4082
-----------------------------------------------------------------------------------------
edge= 126 142 lp= 1.4311 pre= 0 lp2= 44.7469 pre2= 1 score= 64.0374
-----------------------------------------------------------------------------------------
brc= 126-142
t= 0.171092 c= 31.3909 n= 1 if_b4= 1
t= 1.66931 c= 40.8517 n= 1 if_b4= 1
nodes already exists
memory usage= 4GB.
#########################################################################################
tree size= 0 lb= 94002.3 ub= 94044
#########################################################################################
idx= 4 value= 94002.3 enu= 0
brc= 50-103 : -
brc= 76-103 : -
brc= 49-105 : +
brc= 164-295 : -
brc= 62-296 : -
brc= 126-152 : -
brc= 109-138 : -
brc= 57-130 : +
brc= 70-121 : -
brc= 31-70 : -
brc= 33-281 : -
brc= 243-267 : -
brc= 10-161 : +
brc= 0-9 : -
brc= 62-182 : +
brc= 118-127 : +
brc= 23-296 : -
brc= 59-68 : +
brc= 0-121 : +
brc= 0-292 : +
brc= 164-260 : -
brc= 126-142 : -
-----------------------------------------------------------------------------------------
 ****** Pricing Level: LIGHT HEUR ****** 
it= 5   ncol= 1227  ncstr= 618  mt= 0.3   spt= 0.1   lpval= 94003.6   ub= 94044.0  
 ****** Pricing Level: HEAVY HEUR ****** 
it= 3   ncol= 1250  ncstr= 618  mt= 0.0   spt= 0.2   lpval= 94003.6   ub= 94044.0  
 ****** Pricing Level: EXACT ****** 
it= 3   ncol= 1327  ncstr= 618  mt= 0.1   spt= 3.7   lpval= 94003.1   ub= 94044.0  
-----------------------------------------------------------------------------------------
elapsed time= 124.81 s.
-----------------------------------------------------------------------------------------
-----------------------------------------------------------------------------------------
 ****** Run Arc Elimination ****** 
arc elimination time= 6.17 s.
previous= 89.2802% maximum= 2.32112%
eliminate bucket arcs time= 0.53 s.
obtain jump arcs time= 0.01 s.
-----------------------------------------------------------------------------------------
-----------------------------------------------------------------------------------------
elapsed time= 131.54 s.
-----------------------------------------------------------------------------------------
 ****** Separate RCCs ****** 
 ****** Separate Rank1Cuts ****** 
-----------------------------------------------------------------------------------------
 ****** Pricing Level: LIGHT HEUR ****** 
it= 2   ncol= 1335  ncstr= 637  mt= 0.3   spt= 0.1   lpval= 94003.9   ub= 94044.0  
 ****** Pricing Level: HEAVY HEUR ****** 
it= 2   ncol= 1343  ncstr= 637  mt= 0.0   spt= 0.1   lpval= 94003.9   ub= 94044.0  
 ****** Pricing Level: EXACT ****** 
it= 3   ncol= 1394  ncstr= 637  mt= 0.1   spt= 3.2   lpval= 94003.8   ub= 94044.0  
-----------------------------------------------------------------------------------------
elapsed time= 136.70 s.
-----------------------------------------------------------------------------------------
[1;36m[REMIND] 2: gap improved= 0.736380 ratio= 0.018329 threshold= 0.040000 in function increaseCondition2 at /blue/yu.yang1/you.z/route_opt/packages/application/X-n313-k71/src/main/src/call_cutting.cpp:74[0m
 ****** Separate RCCs ****** 
 ****** Separate Rank1Cuts ****** 
-----------------------------------------------------------------------------------------
 ****** Pricing Level: LIGHT HEUR ****** 
it= 3   ncol= 1416  ncstr= 707  mt= 0.3   spt= 0.1   lpval= 94005.5   ub= 94044.0  
 ****** Pricing Level: HEAVY HEUR ****** 
it= 3   ncol= 1441  ncstr= 707  mt= 0.1   spt= 0.2   lpval= 94005.0   ub= 94044.0  
 ****** Pricing Level: EXACT ****** 
it= 4   ncol= 1499  ncstr= 707  mt= 0.1   spt= 4.6   lpval= 94005.0   ub= 94044.0  
-----------------------------------------------------------------------------------------
elapsed time= 143.43 s.
-----------------------------------------------------------------------------------------
[1;36m[REMIND] 2: gap improved= 1.133783 ratio= 0.029040 threshold= 0.040000 in function increaseCondition2 at /blue/yu.yang1/you.z/route_opt/packages/application/X-n313-k71/src/main/src/call_cutting.cpp:74[0m
 ****** Separate Rank1Cuts ****** 
-----------------------------------------------------------------------------------------
 ****** Pricing Level: LIGHT HEUR ****** 
it= 4   ncol= 1556  ncstr= 782  mt= 0.4   spt= 0.1   lpval= 94005.5   ub= 94044.0  
 ****** Pricing Level: HEAVY HEUR ****** 
it= 4   ncol= 1597  ncstr= 782  mt= 0.0   spt= 0.2   lpval= 94005.5   ub= 94044.0  
 ****** Pricing Level: EXACT ****** 
it= 4   ncol= 1702  ncstr= 782  mt= 0.1   spt= 4.3   lpval= 94005.5   ub= 94044.0  
-----------------------------------------------------------------------------------------
elapsed time= 150.90 s.
-----------------------------------------------------------------------------------------
[1;36m[REMIND] 2: gap improved= 0.505464 ratio= 0.013117 threshold= 0.040000 in function increaseCondition2 at /blue/yu.yang1/you.z/route_opt/packages/application/X-n313-k71/src/main/src/call_cutting.cpp:74[0m
[1;36m[REMIND] tail off counter= 3 threshold= 3 in function setIfTailOff at /blue/yu.yang1/you.z/route_opt/packages/application/X-n313-k71/src/main/src/call_cutting.cpp:150[0m
current_r_best= 2.3317
pseudo= 50 frac= 50
#candidates in phase1= 37
testing lp time= 13.62 s.
-----------------------------------------------------------------------------------------
 27-50  , 138.34|   0-13  ,  88.80|  13-104 ,  88.80|  13-105 ,  88.80| 160-235 ,  68.12| 
148-195 ,  68.12|   9-32  ,  67.39|  28-152 ,  64.38|  28-126 ,  64.38|  51-152 ,  60.82| 
  4-32  ,  60.82| 202-269 ,  55.90|  70-102 ,  40.44|  50-76  ,  39.90|   0-65  ,  37.47| 
 65-77  ,  37.47|  13-65  ,  37.45|  65-83  ,  37.45|   0-99  ,  28.16|   0-31  ,  28.16| 
 31-99  ,  28.16|   6-9   ,  23.22|  64-79  ,  21.24| 236-266 ,  19.06|  84-130 ,  16.49| 
 32-152 ,  15.67|  85-103 ,  12.17|   9-82  ,  12.01|  98-123 ,  11.84|   0-130 ,  10.78| 
  2-30  ,   7.98|  21-244 ,   7.92|   0-175 ,   5.92| 231-235 ,   5.36|   0-104 ,   2.95| 
219-264 ,   0.23|  28-60  ,   0.00| 
-----------------------------------------------------------------------------------------
edge= 13 104 lp= 59.1054 pre= 2 lp2= 1.50244 pre2= 2 score= 88.8022
-----------------------------------------------------------------------------------------
edge= 0 13 lp= 59.1054 pre= 2 lp2= 1.50244 pre2= 2 score= 88.8023
-----------------------------------------------------------------------------------------
edge= 27 50 lp= 23.3901 pre= 2 lp2= 5.91467 pre2= 2 score= 138.345
-----------------------------------------------------------------------------------------
candidate= 27-50 : -
-----------------------------------------------------------------------------------------
-----------------------------------------------------------------------------------------
 ****** Pricing Level: LIGHT HEUR ****** 
it= 7   ncol= 1264  ncstr= 633  mt= 0.4   spt= 0.2   lpval= 94011.3   ub= 94044.0  
 ****** Pricing Level: HEAVY HEUR ****** 
it= 5   ncol= 1300  ncstr= 633  mt= 0.0   spt= 0.3   lpval= 94011.3   ub= 94044.0  
-----------------------------------------------------------------------------------------
elapsed time= 166.16 s.
-----------------------------------------------------------------------------------------
candidate= 0-13 : -
-----------------------------------------------------------------------------------------
-----------------------------------------------------------------------------------------
 ****** Pricing Level: LIGHT HEUR ****** 
it= 13  ncol= 1452  ncstr= 633  mt= 0.6   spt= 0.3   lpval= 94029.6   ub= 94044.0  
 ****** Pricing Level: HEAVY HEUR ****** 
it= 8   ncol= 1612  ncstr= 633  mt= 0.2   spt= 0.4   lpval= 94026.5   ub= 94044.0  
-----------------------------------------------------------------------------------------
elapsed time= 168.98 s.
-----------------------------------------------------------------------------------------
candidate= 13-104 : -
-----------------------------------------------------------------------------------------
-----------------------------------------------------------------------------------------
 ****** Pricing Level: LIGHT HEUR ****** 
it= 11  ncol= 1397  ncstr= 633  mt= 0.6   spt= 0.2   lpval= 94015.5   ub= 94044.0  
 ****** Pricing Level: HEAVY HEUR ****** 
it= 8   ncol= 1506  ncstr= 633  mt= 0.1   spt= 0.4   lpval= 94015.5   ub= 94044.0  
-----------------------------------------------------------------------------------------
elapsed time= 171.49 s.
-----------------------------------------------------------------------------------------
candidate= 27-50 : +
-----------------------------------------------------------------------------------------
-----------------------------------------------------------------------------------------
 ****** Pricing Level: LIGHT HEUR ****** 
it= 13  ncol= 1394  ncstr= 633  mt= 0.4   spt= 0.3   lpval= 94008.8   ub= 94044.0  
 ****** Pricing Level: HEAVY HEUR ****** 
it= 6   ncol= 1466  ncstr= 633  mt= 0.1   spt= 0.3   lpval= 94008.7   ub= 94044.0  
-----------------------------------------------------------------------------------------
elapsed time= 173.80 s.
-----------------------------------------------------------------------------------------
candidate= 0-13 : +
-----------------------------------------------------------------------------------------
-----------------------------------------------------------------------------------------
 ****** Pricing Level: LIGHT HEUR ****** 
it= 11  ncol= 1308  ncstr= 633  mt= 0.3   spt= 0.2   lpval= 94006.6   ub= 94044.0  
 ****** Pricing Level: HEAVY HEUR ****** 
it= 5   ncol= 1378  ncstr= 633  mt= 0.1   spt= 0.3   lpval= 94006.6   ub= 94044.0  
-----------------------------------------------------------------------------------------
elapsed time= 175.72 s.
-----------------------------------------------------------------------------------------
brc= 0-13
t= 0.1754 c= 33.164 n= 2 if_b4= 1
t= 1.85787 c= 39.8782 n= 2 if_b4= 1
nodes already exists
memory usage= 4GB.
#########################################################################################
tree size= 0 lb= 94005.5 ub= 94044
#########################################################################################
idx= 6 value= 94005.5 enu= 0
brc= 50-103 : -
brc= 76-103 : -
brc= 49-105 : +
brc= 164-295 : -
brc= 62-296 : -
brc= 126-152 : -
brc= 109-138 : -
brc= 57-130 : +
brc= 70-121 : -
brc= 31-70 : -
brc= 33-281 : -
brc= 243-267 : -
brc= 10-161 : +
brc= 0-9 : -
brc= 62-182 : +
brc= 118-127 : +
brc= 23-296 : -
brc= 59-68 : +
brc= 0-121 : +
brc= 0-292 : +
brc= 164-260 : -
brc= 126-142 : -
brc= 0-13 : -
-----------------------------------------------------------------------------------------
 ****** Pricing Level: LIGHT HEUR ****** 
it= 13  ncol= 1424  ncstr= 632  mt= 0.6   spt= 0.3   lpval= 94029.6   ub= 94044.0  
 ****** Pricing Level: HEAVY HEUR ****** 
it= 10  ncol= 1638  ncstr= 632  mt= 0.3   spt= 0.5   lpval= 94025.2   ub= 94044.0  
 ****** Pricing Level: EXACT ****** 
it= 5   ncol= 1952  ncstr= 632  mt= 0.1   spt= 4.1   lpval= 94022.3   ub= 94044.0  
-----------------------------------------------------------------------------------------
elapsed time= 184.04 s.
-----------------------------------------------------------------------------------------
-----------------------------------------------------------------------------------------
 ****** Run Arc Elimination ****** 
arc elimination time= 0.73 s.
previous= 53.3574% maximum= 1.23849%
eliminate bucket arcs time= 0.28 s.
obtain jump arcs time= 0.01 s.
-----------------------------------------------------------------------------------------
-----------------------------------------------------------------------------------------
elapsed time= 185.09 s.
-----------------------------------------------------------------------------------------
-----------------------------------------------------------------------------------------
 ****** Try Enumeration ****** 
#labels= 30672 #routes= 13
labeling 1 time= 0.14 s.
concatenate time= 0.16 s.
#routes= 16085
average gap of successful enumeration= 0.000220424
next try value > 93996.3
-----------------------------------------------------------------------------------------
elapsed time= 185.45 s.
-----------------------------------------------------------------------------------------
 ****** Process Enumeration Matrix ****** 
delete non-ele routes lp val= 94024.6
recover rank1c lp val= 94025
recover rcc lp val= 94025.4
obtain rcc coefficient time= 0.01 s.
obtain r1c coefficient time= 0.03 s.
obtain matrix from triplets time= 0.02 s.
delete columns by branch time= 0.00 s.
columns pending deletion= 67 remain= 16085 col ratio= 0.995835 row ratio= 1
regenerate enumeration matrix time= 0.00 s.
-----------------------------------------------------------------------------------------
elapsed time= 187.62 s.
-----------------------------------------------------------------------------------------
it= 3   ncol= 1571  ncstr= 589  mt= 0.1   spt= 0.0   lpval= 94024.8   ub= 94044.0  
-----------------------------------------------------------------------------------------
elapsed time= 187.69 s.
-----------------------------------------------------------------------------------------
delete columns= 6809 remain= 9276
 ****** Separate RCCs ****** 
 ****** Separate Rank1Cuts ****** 
it= 4   ncol= 1345  ncstr= 612  mt= 0.1   spt= 0.0   lpval= 94033.1   ub= 94044.0  
-----------------------------------------------------------------------------------------
elapsed time= 188.43 s.
-----------------------------------------------------------------------------------------
delete columns= 6574 remain= 2702
mip: row= 513 col= 3879 density= 4.42418%
mip time= 1.21 s.
mip status= 6
update f from 0 to 10.9064
#########################################################################################
[32m<Instance: X-n313-k71>
<Solution>
<UB= 94044>
<LB= 94044>
<Elapsed Time= 189.9>
<Nodes Explored= 4>
<Global Gap= 0%>[0m
#########################################################################################
File nodes/X-n313-k71_2_4_4_1_0_1_0_0_G32.node deleted successfully.
