application type: CVRP
X-n313-k71_2_4_0_1_4_3_2_1_1_G32.node
Set parameter ServerTimeout to value 600
Set parameter TokenServer to value "grb-ts.ufhpc"
Set parameter Threads to value 1
instance name= X-n313-k71
#########################################################################################
tree size= 0 lb= 0 ub= 94044
#########################################################################################
idx= 3 value= 93998.1 enu= 0
brc= 50-103 : -
brc= 76-103 : -
brc= 49-105 : +
brc= 164-295 : -
brc= 62-296 : -
brc= 126-152 : -
brc= 109-138 : -
brc= 57-130 : +
brc= 70-121 : +
brc= 145-281 : -
brc= 250-278 : +
brc= 7-127 : -
brc= 117-207 : -
brc= 207-237 : -
brc= 51-152 : -
brc= 118-127 : +
brc= 117-131 : -
brc= 30-79 : -
brc= 64-128 : -
brc= 162-208 : +
brc= 22-161 : -
brc= 117-174 : -
brc= 44-133 : +
brc= 74-312 : -
brc= 74-252 : +
brc= 10-161 : -
brc= 139-207 : +
-----------------------------------------------------------------------------------------
 ****** Pricing Level: LIGHT HEUR ****** 
it= 14  ncol= 1391  ncstr= 597  mt= 0.6   spt= 0.3   lpval= 94028.0   ub= 94044.0  
 ****** Pricing Level: HEAVY HEUR ****** 
it= 6   ncol= 1505  ncstr= 597  mt= 0.2   spt= 0.4   lpval= 94024.0   ub= 94044.0  
 ****** Pricing Level: EXACT ****** 
it= 6   ncol= 1642  ncstr= 597  mt= 0.1   spt= 4.7   lpval= 94023.5   ub= 94044.0  
-----------------------------------------------------------------------------------------
elapsed time= 9.82 s.
-----------------------------------------------------------------------------------------
-----------------------------------------------------------------------------------------
 ****** Run Arc Elimination ****** 
arc elimination time= 0.68 s.
previous= 43.9735% maximum= 1.1099%
eliminate bucket arcs time= 0.29 s.
obtain jump arcs time= 0.01 s.
-----------------------------------------------------------------------------------------
-----------------------------------------------------------------------------------------
elapsed time= 11.14 s.
-----------------------------------------------------------------------------------------
-----------------------------------------------------------------------------------------
 ****** Try Enumeration ****** 
#labels= 30734 #routes= 2
labeling 1 time= 0.17 s.
concatenate time= 0.10 s.
#routes= 15638
average gap of successful enumeration= 0.0002071
next try value > 93997.7
-----------------------------------------------------------------------------------------
elapsed time= 11.46 s.
-----------------------------------------------------------------------------------------
 ****** Process Enumeration Matrix ****** 
delete non-ele routes lp val= 94027.9
recover rank1c lp val= 94028.5
recover rcc lp val= 94034.2
obtain rcc coefficient time= 0.00 s.
obtain r1c coefficient time= 0.03 s.
obtain matrix from triplets time= 0.02 s.
delete columns by branch time= 0.00 s.
columns pending deletion= 75 remain= 15638 col ratio= 0.995204 row ratio= 1
regenerate enumeration matrix time= 0.00 s.
-----------------------------------------------------------------------------------------
elapsed time= 12.94 s.
-----------------------------------------------------------------------------------------
it= 4   ncol= 1348  ncstr= 559  mt= 0.1   spt= 0.0   lpval= 94029.9   ub= 94044.0  
-----------------------------------------------------------------------------------------
elapsed time= 13.01 s.
-----------------------------------------------------------------------------------------
delete columns= 10704 remain= 4934
 ****** Separate RCCs ****** 
 ****** Separate Rank1Cuts ****** 
it= 4   ncol= 1126  ncstr= 541  mt= 0.1   spt= 0.0   lpval= 94038.6   ub= 94044.0  
-----------------------------------------------------------------------------------------
elapsed time= 13.65 s.
-----------------------------------------------------------------------------------------
delete columns= 3840 remain= 1094
mip: row= 499 col= 2030 density= 3.77899%
mip time= 0.19 s.
mip status= 3
update f from 0 to 5.36828
#########################################################################################
[32m<Instance: X-n313-k71>
<Solution>
<UB= 94044>
<LB= 94044>
<Elapsed Time= 13.9>
<Nodes Explored= 1>
<Global Gap= 0%>[0m
#########################################################################################
File nodes/X-n313-k71_2_4_0_1_4_3_2_1_1_G32.node deleted successfully.
