application type: CVRP
X-n313-k71_3_2_4_0_4_G32.node
Set parameter ServerTimeout to value 600
Set parameter TokenServer to value "grb-ts.ufhpc"
Set parameter Threads to value 1
instance name= X-n313-k71
#########################################################################################
tree size= 0 lb= 0 ub= 94044
#########################################################################################
idx= 9 value= 93994.9 enu= 0
brc= 50-103 : -
brc= 76-103 : -
brc= 49-105 : -
brc= 70-133 : +
brc= 164-295 : -
brc= 24-250 : -
brc= 57-64 : +
brc= 100-119 : -
brc= 59-292 : -
brc= 75-303 : -
brc= 10-161 : -
brc= 114-161 : +
brc= 0-292 : +
brc= 92-227 : -
brc= 236-266 : -
brc= 95-281 : -
brc= 122-281 : -
brc= 75-161 : +
-----------------------------------------------------------------------------------------
 ****** Pricing Level: LIGHT HEUR ****** 
it= 7   ncol= 1261  ncstr= 622  mt= 0.3   spt= 0.2   lpval= 94001.1   ub= 94044.0  
 ****** Pricing Level: HEAVY HEUR ****** 
it= 8   ncol= 1382  ncstr= 622  mt= 0.1   spt= 0.5   lpval= 94000.2   ub= 94044.0  
 ****** Pricing Level: EXACT ****** 
it= 3   ncol= 1418  ncstr= 622  mt= 0.1   spt= 3.0   lpval= 94000.2   ub= 94044.0  
-----------------------------------------------------------------------------------------
elapsed time= 7.87 s.
-----------------------------------------------------------------------------------------
-----------------------------------------------------------------------------------------
 ****** Run Arc Elimination ****** 
arc elimination time= 4.89 s.
previous= 86.2007% maximum= 2.57909%
eliminate bucket arcs time= 0.48 s.
obtain jump arcs time= 0.01 s.
-----------------------------------------------------------------------------------------
-----------------------------------------------------------------------------------------
elapsed time= 13.59 s.
-----------------------------------------------------------------------------------------
-----------------------------------------------------------------------------------------
 ****** Try Enumeration ****** 
#labels= 261921 #routes= 7
labeling 1 time= 6.72 s.
concatenate time= 14.09 s.
#routes= 409683
average gap of successful enumeration= 0.000455421
next try value > 93994.3
-----------------------------------------------------------------------------------------
elapsed time= 34.54 s.
-----------------------------------------------------------------------------------------
 ****** Process Enumeration Matrix ****** 
delete non-ele routes lp val= 94000.2
recover rank1c lp val= 94000.3
recover rcc lp val= 94000.9
obtain rcc coefficient time= 0.17 s.
obtain r1c coefficient time= 0.58 s.
obtain matrix from triplets time= 1.25 s.
delete columns by branch time= 0.00 s.
columns pending deletion= 213 remain= 409683 col ratio= 0.99948 row ratio= 1
regenerate enumeration matrix time= 0.00 s.
-----------------------------------------------------------------------------------------
elapsed time= 38.71 s.
-----------------------------------------------------------------------------------------
it= 4   ncol= 1287  ncstr= 578  mt= 0.0   spt= 0.1   lpval= 94000.8   ub= 94044.0  
-----------------------------------------------------------------------------------------
elapsed time= 38.93 s.
-----------------------------------------------------------------------------------------
columns pending deletion= 79825 remain= 409683 col ratio= 0.805154 row ratio= 0.934256
 ****** Separate RCCs ****** 
 ****** Separate Rank1Cuts ****** 
it= 4   ncol= 1337  ncstr= 675  mt= 0.1   spt= 0.1   lpval= 94003.3   ub= 94044.0  
-----------------------------------------------------------------------------------------
elapsed time= 40.08 s.
-----------------------------------------------------------------------------------------
delete columns= 168971 remain= 240712
 ****** Separate RCCs ****** 
 ****** Separate Rank1Cuts ****** 
it= 4   ncol= 1360  ncstr= 638  mt= 0.1   spt= 0.1   lpval= 94003.8   ub= 94044.0  
-----------------------------------------------------------------------------------------
elapsed time= 42.27 s.
-----------------------------------------------------------------------------------------
columns pending deletion= 23331 remain= 240712 col ratio= 0.903075 row ratio= 0.912226
[1;36m[REMIND] 2: gap improved= 0.467889 ratio= 0.011633 threshold= 0.040000 in function increaseCondition2 at /blue/yu.yang1/you.z/route_opt/packages/application/X-n313-k71/src/main/src/call_cutting.cpp:74[0m
 ****** Separate RCCs ****** 
 ****** Separate Rank1Cuts ****** 
it= 3   ncol= 1345  ncstr= 673  mt= 0.0   spt= 0.1   lpval= 94004.1   ub= 94044.0  
-----------------------------------------------------------------------------------------
elapsed time= 42.93 s.
-----------------------------------------------------------------------------------------
columns pending deletion= 41309 remain= 240712 col ratio= 0.828388 row ratio= 0.893016
[1;36m[REMIND] 2: gap improved= 0.282482 ratio= 0.007073 threshold= 0.040000 in function increaseCondition2 at /blue/yu.yang1/you.z/route_opt/packages/application/X-n313-k71/src/main/src/call_cutting.cpp:74[0m
 ****** Separate RCCs ****** 
 ****** Separate Rank1Cuts ****** 
it= 3   ncol= 1356  ncstr= 734  mt= 0.0   spt= 0.1   lpval= 94004.2   ub= 94044.0  
-----------------------------------------------------------------------------------------
elapsed time= 43.72 s.
-----------------------------------------------------------------------------------------
columns pending deletion= 47658 remain= 240712 col ratio= 0.802012 row ratio= 0.836512
[1;36m[REMIND] 2: gap improved= 0.131450 ratio= 0.003302 threshold= 0.040000 in function increaseCondition2 at /blue/yu.yang1/you.z/route_opt/packages/application/X-n313-k71/src/main/src/call_cutting.cpp:74[0m
[1;36m[REMIND] tail off counter= 3 threshold= 3 in function setIfTailOff at /blue/yu.yang1/you.z/route_opt/packages/application/X-n313-k71/src/main/src/call_cutting.cpp:150[0m
[1;36m[REMIND] opt_k not found for node 9, use m directly in function getOptK at /blue/yu.yang1/you.z/route_opt/packages/branching/bkf/include/bkf_controller.hpp:239[0m
current_r_best= 6.74208
we directly test 100
we directly test 4
pseudo= 50 frac= 50
#candidates in phase1= 100
testing lp time= 54.69 s.
-----------------------------------------------------------------------------------------
164-175 , 126.88| 164-249 ,  72.96|  62-296 ,  71.28| 141-164 ,  68.21| 249-285 ,  52.15| 
264-290 ,  48.69|  54-290 ,  48.69|  53-54  ,  46.61|   0-260 ,  44.77|  62-68  ,  44.02| 
  0-285 ,  38.92| 211-239 ,  36.25|  22-54  ,  36.10|  22-266 ,  36.04|   0-65  ,  33.58| 
  0-290 ,  33.46|  13-104 ,  32.88| 192-209 ,  31.64| 131-228 ,  29.86| 164-228 ,  29.86| 
 21-42  ,  27.96| 145-281 ,  27.68| 141-175 ,  27.39| 184-267 ,  26.32|  59-76  ,  25.30| 
191-243 ,  24.26| 184-236 ,  23.74| 163-290 ,  21.97|   0-74  ,  20.98| 236-248 ,  20.43| 
 51-64  ,  20.32| 263-307 ,  19.90|  54-185 ,  19.88|   0-76  ,  18.60|  74-95  ,  18.36| 
 95-279 ,  18.36|   0-56  ,  18.08|   7-239 ,  18.04|  59-68  ,  17.35| 243-267 ,  16.86| 
 12-76  ,  16.80|  53-211 ,  16.25| 236-258 ,  15.92| 236-311 ,  15.48| 104-146 ,  15.29| 
 77-146 ,  15.29| 210-308 ,  14.92| 119-308 ,  14.92|  71-109 ,  14.38|  10-215 ,  14.35| 
233-263 ,  14.32| 135-231 ,  14.10|  78-281 ,  14.05|  41-192 ,  13.99|  33-93  ,  13.57| 
  0-33  ,  13.57|   0-85  ,  13.20|   7-54  ,  12.40|   0-270 ,  11.18| 233-246 ,  10.15| 
 57-130 ,  10.08|  33-56  ,   9.58|   0-295 ,   9.36| 240-275 ,   7.62|   0-109 ,   6.77| 
183-308 ,   6.43|   0-107 ,   5.91| 136-291 ,   5.84|   0-236 ,   5.56|  33-95  ,   5.23| 
167-232 ,   5.22|  67-251 ,   5.13|   0-184 ,   5.11|   7-145 ,   4.99|   0-47  ,   4.84| 
 47-113 ,   4.84|  78-93  ,   4.81| 184-303 ,   4.76| 195-274 ,   4.76|   0-215 ,   4.43| 
245-303 ,   4.34| 245-274 ,   4.22|  33-281 ,   3.68|   0-239 ,   3.59|   0-251 ,   3.43| 
177-179 ,   3.14|  42-136 ,   2.62| 223-227 ,   2.23|   0-223 ,   2.23|   0-166 ,   2.20| 
  0-256 ,   1.94|  73-169 ,   1.88|   0-41  ,   1.68| 260-312 ,   1.33| 181-305 ,   1.18| 
 74-248 ,   0.44|  51-89  ,   0.18| 111-219 ,   0.05| 193-309 ,   0.03|  73-254 ,   0.00| 
-----------------------------------------------------------------------------------------
edge= 141 164 lp= 1.31635 pre= 2 lp2= 51.8143 pre2= 2 score= 68.2058
-----------------------------------------------------------------------------------------
edge= 62 296 lp= 1.09306 pre= 2 lp2= 65.2091 pre2= 2 score= 71.2774
-----------------------------------------------------------------------------------------
edge= 164 249 lp= 1.11894 pre= 2 lp2= 65.2091 pre2= 2 score= 72.9649
-----------------------------------------------------------------------------------------
edge= 164 175 lp= 19.558 pre= 2 lp2= 6.48749 pre2= 2 score= 126.882
-----------------------------------------------------------------------------------------
candidate= 164-175 : -
-----------------------------------------------------------------------------------------
it= 5   ncol= 1445  ncstr= 735  mt= 0.6   spt= 0.1   lpval= 94017.3   ub= 94044.0  
-----------------------------------------------------------------------------------------
elapsed time= 99.18 s.
-----------------------------------------------------------------------------------------
candidate= 164-175 : +
-----------------------------------------------------------------------------------------
it= 5   ncol= 1466  ncstr= 735  mt= 0.6   spt= 0.1   lpval= 94006.0   ub= 94044.0  
-----------------------------------------------------------------------------------------
elapsed time= 99.92 s.
-----------------------------------------------------------------------------------------
candidate= 164-249 : -
-----------------------------------------------------------------------------------------
it= 5   ncol= 1470  ncstr= 735  mt= 0.4   spt= 0.1   lpval= 94005.3   ub= 94044.0  
-----------------------------------------------------------------------------------------
elapsed time= 100.53 s.
-----------------------------------------------------------------------------------------
candidate= 164-249 : +
-----------------------------------------------------------------------------------------
it= 7   ncol= 1521  ncstr= 735  mt= 0.6   spt= 0.2   lpval= 94030.5   ub= 94044.0  
-----------------------------------------------------------------------------------------
elapsed time= 101.40 s.
-----------------------------------------------------------------------------------------
candidate= 62-296 : -
-----------------------------------------------------------------------------------------
it= 4   ncol= 1380  ncstr= 735  mt= 0.5   spt= 0.1   lpval= 94005.3   ub= 94044.0  
-----------------------------------------------------------------------------------------
elapsed time= 102.02 s.
-----------------------------------------------------------------------------------------
candidate= 62-296 : +
-----------------------------------------------------------------------------------------
it= 5   ncol= 1510  ncstr= 735  mt= 0.6   spt= 0.1   lpval= 94030.6   ub= 94044.0  
-----------------------------------------------------------------------------------------
elapsed time= 102.76 s.
-----------------------------------------------------------------------------------------
candidate= 141-164 : -
-----------------------------------------------------------------------------------------
it= 5   ncol= 1470  ncstr= 735  mt= 0.5   spt= 0.1   lpval= 94005.4   ub= 94044.0  
-----------------------------------------------------------------------------------------
elapsed time= 103.42 s.
-----------------------------------------------------------------------------------------
candidate= 141-164 : +
-----------------------------------------------------------------------------------------
it= 8   ncol= 1612  ncstr= 735  mt= 0.8   spt= 0.2   lpval= 94022.4   ub= 94044.0  
-----------------------------------------------------------------------------------------
elapsed time= 104.52 s.
-----------------------------------------------------------------------------------------
brc= 164-249
t= 0.273451 c= 44.0252 n= 0 if_b4= 0
t= 0.763674 c= 68.3156 n= 0 if_b4= 0
#########################################################################################
tree size= 1 lb= 94004.2 ub= 94044
#########################################################################################
idx= 1 value= 94004.2 enu= 1
brc= 50-103 : -
brc= 76-103 : -
brc= 49-105 : -
brc= 70-133 : +
brc= 164-295 : -
brc= 24-250 : -
brc= 57-64 : +
brc= 100-119 : -
brc= 59-292 : -
brc= 75-303 : -
brc= 10-161 : -
brc= 114-161 : +
brc= 0-292 : +
brc= 92-227 : -
brc= 236-266 : -
brc= 95-281 : -
brc= 122-281 : -
brc= 75-161 : +
brc= 164-249 : +
it= 6   ncol= 1484  ncstr= 734  mt= 0.6   spt= 0.1   lpval= 94030.5   ub= 94044.0  
-----------------------------------------------------------------------------------------
elapsed time= 108.24 s.
-----------------------------------------------------------------------------------------
delete columns= 188648 remain= 4331
 ****** Separate RCCs ****** 
 ****** Separate Rank1Cuts ****** 
it= 4   ncol= 1339  ncstr= 644  mt= 0.0   spt= 0.0   lpval= 94031.8   ub= 94044.0  
-----------------------------------------------------------------------------------------
elapsed time= 108.78 s.
-----------------------------------------------------------------------------------------
columns pending deletion= 1186 remain= 4331 col ratio= 0.72616 row ratio= 0.858696
mip: row= 553 col= 4448 density= 3.93033%
mip time= 2.54 s.
mip status= 6
update f from 0 to 12.2404
#########################################################################################
tree size= 0 lb= 94004.2 ub= 94044
#########################################################################################
idx= 2 value= 94004.2 enu= 1
brc= 50-103 : -
brc= 76-103 : -
brc= 49-105 : -
brc= 70-133 : +
brc= 164-295 : -
brc= 24-250 : -
brc= 57-64 : +
brc= 100-119 : -
brc= 59-292 : -
brc= 75-303 : -
brc= 10-161 : -
brc= 114-161 : +
brc= 0-292 : +
brc= 92-227 : -
brc= 236-266 : -
brc= 95-281 : -
brc= 122-281 : -
brc= 75-161 : +
brc= 164-249 : -
it= 3   ncol= 1377  ncstr= 734  mt= 0.0   spt= 0.1   lpval= 94005.3   ub= 94044.0  
-----------------------------------------------------------------------------------------
elapsed time= 111.81 s.
-----------------------------------------------------------------------------------------
columns pending deletion= 17497 remain= 193028 col ratio= 0.909355 row ratio= 0.810627
 ****** Separate RCCs ****** 
 ****** Separate Rank1Cuts ****** 
it= 3   ncol= 1396  ncstr= 751  mt= 0.1   spt= 0.1   lpval= 94006.9   ub= 94044.0  
-----------------------------------------------------------------------------------------
elapsed time= 112.45 s.
-----------------------------------------------------------------------------------------
columns pending deletion= 46820 remain= 193028 col ratio= 0.757445 row ratio= 0.793609
 ****** Separate RCCs ****** 
 ****** Separate Rank1Cuts ****** 
it= 3   ncol= 1404  ncstr= 783  mt= 0.1   spt= 0.1   lpval= 94007.2   ub= 94044.0  
-----------------------------------------------------------------------------------------
elapsed time= 113.23 s.
-----------------------------------------------------------------------------------------
delete columns= 58161 remain= 134867
[1;36m[REMIND] 2: gap improved= 0.350494 ratio= 0.009529 threshold= 0.040000 in function increaseCondition2 at /blue/yu.yang1/you.z/route_opt/packages/application/X-n313-k71/src/main/src/call_cutting.cpp:74[0m
 ****** Separate RCCs ****** 
 ****** Separate Rank1Cuts ****** 
it= 3   ncol= 1426  ncstr= 636  mt= 0.0   spt= 0.0   lpval= 94007.4   ub= 94044.0  
-----------------------------------------------------------------------------------------
elapsed time= 114.55 s.
-----------------------------------------------------------------------------------------
columns pending deletion= 8714 remain= 134867 col ratio= 0.935388 row ratio= 0.951258
[1;36m[REMIND] 2: gap improved= 0.188932 ratio= 0.005163 threshold= 0.040000 in function increaseCondition2 at /blue/yu.yang1/you.z/route_opt/packages/application/X-n313-k71/src/main/src/call_cutting.cpp:74[0m
 ****** Separate RCCs ****** 
 ****** Separate Rank1Cuts ****** 
it= 2   ncol= 1418  ncstr= 699  mt= 0.0   spt= 0.0   lpval= 94007.6   ub= 94044.0  
-----------------------------------------------------------------------------------------
elapsed time= 115.15 s.
-----------------------------------------------------------------------------------------
columns pending deletion= 11574 remain= 134867 col ratio= 0.914182 row ratio= 0.874106
[1;36m[REMIND] 2: gap improved= 0.202785 ratio= 0.005572 threshold= 0.040000 in function increaseCondition2 at /blue/yu.yang1/you.z/route_opt/packages/application/X-n313-k71/src/main/src/call_cutting.cpp:74[0m
[1;36m[REMIND] tail off counter= 3 threshold= 3 in function setIfTailOff at /blue/yu.yang1/you.z/route_opt/packages/application/X-n313-k71/src/main/src/call_cutting.cpp:150[0m
current_r_best= 2.46694
alpha= 0.37 beta= 9.79001 omega= 160.999 k1= 21
lb_k= 1 ub_k= 37
revise: lb_k= 16 ub_k= 27
opt_k= 22
alpha= 0.75 beta= 9.79001 omega= 89.4564 k1= 3
lb_k= 1 ub_k= 3
revise: lb_k= 1 ub_k= 3
opt_k= 3
pseudo= 50 frac= 50
#candidates in phase1= 22
testing lp time= 11.45 s.
-----------------------------------------------------------------------------------------
 62-68  ,  46.64|  54-185 ,  38.51| 131-228 ,  38.03| 164-228 ,  38.03|  62-296 ,  37.23| 
 78-281 ,  28.30|  59-76  ,  27.64|   1-103 ,  26.44| 141-164 ,  25.43| 119-308 ,  14.03| 
210-308 ,  14.03|  83-91  ,  14.00|  13-105 ,  10.01|  40-146 ,   9.75|  40-77  ,   9.62| 
158-206 ,   8.75|  53-290 ,   8.45| 206-290 ,   7.12| 135-235 ,   6.98| 206-310 ,   5.30| 
184-303 ,   4.06|   1-49  ,   0.04| 
-----------------------------------------------------------------------------------------
edge= 131 228 lp= 0.844272 pre= 2 lp2= 45.0398 pre2= 2 score= 38.0258
-----------------------------------------------------------------------------------------
edge= 54 185 lp= 1.06333 pre= 2 lp2= 36.2191 pre2= 2 score= 38.5128
-----------------------------------------------------------------------------------------
edge= 62 68 lp= 27.6769 pre= 2 lp2= 1.68524 pre2= 2 score= 46.6421
-----------------------------------------------------------------------------------------
candidate= 62-68 : -
-----------------------------------------------------------------------------------------
it= 5   ncol= 1536  ncstr= 700  mt= 0.5   spt= 0.1   lpval= 94033.0   ub= 94044.0  
-----------------------------------------------------------------------------------------
elapsed time= 127.15 s.
-----------------------------------------------------------------------------------------
candidate= 62-68 : +
-----------------------------------------------------------------------------------------
it= 4   ncol= 1447  ncstr= 700  mt= 0.5   spt= 0.0   lpval= 94009.0   ub= 94044.0  
-----------------------------------------------------------------------------------------
elapsed time= 127.76 s.
-----------------------------------------------------------------------------------------
candidate= 54-185 : -
-----------------------------------------------------------------------------------------
it= 2   ncol= 1447  ncstr= 700  mt= 0.4   spt= 0.0   lpval= 94008.6   ub= 94044.0  
-----------------------------------------------------------------------------------------
elapsed time= 128.20 s.
-----------------------------------------------------------------------------------------
candidate= 131-228 : -
-----------------------------------------------------------------------------------------
it= 3   ncol= 1466  ncstr= 700  mt= 0.5   spt= 0.0   lpval= 94008.5   ub= 94044.0  
-----------------------------------------------------------------------------------------
elapsed time= 128.73 s.
-----------------------------------------------------------------------------------------
candidate= 131-228 : +
-----------------------------------------------------------------------------------------
it= 5   ncol= 1549  ncstr= 700  mt= 0.5   spt= 0.1   lpval= 94022.4   ub= 94044.0  
-----------------------------------------------------------------------------------------
elapsed time= 129.31 s.
-----------------------------------------------------------------------------------------
brc= 62-68
t= 0.266898 c= 24.4261 n= 1 if_b4= 0
t= 0.652316 c= 38.7589 n= 1 if_b4= 0
#########################################################################################
tree size= 1 lb= 94007.6 ub= 94044
#########################################################################################
idx= 3 value= 94007.6 enu= 1
brc= 50-103 : -
brc= 76-103 : -
brc= 49-105 : -
brc= 70-133 : +
brc= 164-295 : -
brc= 24-250 : -
brc= 57-64 : +
brc= 100-119 : -
brc= 59-292 : -
brc= 75-303 : -
brc= 10-161 : -
brc= 114-161 : +
brc= 0-292 : +
brc= 92-227 : -
brc= 236-266 : -
brc= 95-281 : -
brc= 122-281 : -
brc= 75-161 : +
brc= 164-249 : -
brc= 62-68 : +
it= 3   ncol= 1457  ncstr= 699  mt= 0.5   spt= 0.0   lpval= 94009.0   ub= 94044.0  
-----------------------------------------------------------------------------------------
elapsed time= 131.70 s.
-----------------------------------------------------------------------------------------
columns pending deletion= 15928 remain= 123272 col ratio= 0.87079 row ratio= 0.851216
 ****** Separate RCCs ****** 
 ****** Separate Rank1Cuts ****** 
it= 2   ncol= 1456  ncstr= 740  mt= 0.0   spt= 0.0   lpval= 94009.5   ub= 94044.0  
-----------------------------------------------------------------------------------------
elapsed time= 132.25 s.
-----------------------------------------------------------------------------------------
columns pending deletion= 22620 remain= 123272 col ratio= 0.816503 row ratio= 0.828378
[1;36m[REMIND] 2: gap improved= 0.424107 ratio= 0.012277 threshold= 0.040000 in function increaseCondition2 at /blue/yu.yang1/you.z/route_opt/packages/application/X-n313-k71/src/main/src/call_cutting.cpp:74[0m
 ****** Separate Rank1Cuts ****** 
it= 2   ncol= 1459  ncstr= 795  mt= 0.0   spt= 0.0   lpval= 94009.6   ub= 94044.0  
-----------------------------------------------------------------------------------------
elapsed time= 132.91 s.
-----------------------------------------------------------------------------------------
columns pending deletion= 27808 remain= 123272 col ratio= 0.774418 row ratio= 0.787421
[1;36m[REMIND] 2: gap improved= 0.158449 ratio= 0.004608 threshold= 0.040000 in function increaseCondition2 at /blue/yu.yang1/you.z/route_opt/packages/application/X-n313-k71/src/main/src/call_cutting.cpp:74[0m
 ****** Separate Rank1Cuts ****** 
it= 2   ncol= 1462  ncstr= 820  mt= 0.0   spt= 0.0   lpval= 94009.7   ub= 94044.0  
-----------------------------------------------------------------------------------------
elapsed time= 133.45 s.
-----------------------------------------------------------------------------------------
delete columns= 30607 remain= 92665
current_r_best= 1.51242
alpha= 0.37 beta= 14.6022 omega= 91.5186 k1= 20
lb_k= 1 ub_k= 37
revise: lb_k= 14 ub_k= 28
opt_k= 22
alpha= 0.75 beta= 14.6022 omega= 59.4174 k1= 3
lb_k= 1 ub_k= 3
revise: lb_k= 1 ub_k= 3
opt_k= 3
pseudo= 50 frac= 50
#candidates in phase1= 22
testing lp time= 9.14 s.
-----------------------------------------------------------------------------------------
 68-296 , 138.64|   0-118 ,  96.14| 118-301 ,  87.34| 127-296 ,  67.76|  95-279 ,  50.71| 
 74-95  ,  50.71| 164-228 ,  48.65|  54-185 ,  39.47|  78-281 ,  31.07| 184-267 ,  20.83| 
141-164 ,  20.19| 145-236 ,  18.16| 184-243 ,  18.13| 236-311 ,  15.08| 119-308 ,  13.17| 
210-308 ,  13.17|  78-93  ,   9.18| 193-293 ,   8.44|  86-184 ,   7.21|  26-160 ,   4.58| 
123-235 ,   1.02| 200-294 ,   0.10| 
-----------------------------------------------------------------------------------------
edge= 118 301 lp= 1.26818 pre= 2 lp2= 68.8681 pre2= 2 score= 87.337
-----------------------------------------------------------------------------------------
edge= 0 118 lp= 2.77774 pre= 2 lp2= 34.61 pre2= 2 score= 96.1378
-----------------------------------------------------------------------------------------
edge= 68 296 lp= 1.8065 pre= 2 lp2= 76.7434 pre2= 2 score= 138.637
-----------------------------------------------------------------------------------------
candidate= 68-296 : -
-----------------------------------------------------------------------------------------
it= 4   ncol= 1517  ncstr= 627  mt= 0.4   spt= 0.0   lpval= 94011.0   ub= 94044.0  
-----------------------------------------------------------------------------------------
elapsed time= 143.68 s.
-----------------------------------------------------------------------------------------
candidate= 68-296 : +
-----------------------------------------------------------------------------------------
it= 5   ncol= 1543  ncstr= 627  mt= 0.4   spt= 0.0   lpval= 94073.8   ub= 94044.0  
-----------------------------------------------------------------------------------------
elapsed time= 144.09 s.
-----------------------------------------------------------------------------------------
candidate= 0-118 : -
-----------------------------------------------------------------------------------------
it= 3   ncol= 1504  ncstr= 627  mt= 0.4   spt= 0.0   lpval= 94011.5   ub= 94044.0  
-----------------------------------------------------------------------------------------
elapsed time= 144.50 s.
-----------------------------------------------------------------------------------------
candidate= 118-301 : -
-----------------------------------------------------------------------------------------
it= 3   ncol= 1475  ncstr= 627  mt= 0.4   spt= 0.0   lpval= 94010.8   ub= 94044.0  
-----------------------------------------------------------------------------------------
elapsed time= 144.91 s.
-----------------------------------------------------------------------------------------
brc= 68-296
t= 0.24714 c= 17.5605 n= 2 if_b4= 0
t= 0.57066 c= 28.3667 n= 2 if_b4= 0
#########################################################################################
tree size= 2 lb= 94007.6 ub= 94044
#########################################################################################
idx= 4 value= 94007.6 enu= 1
brc= 50-103 : -
brc= 76-103 : -
brc= 49-105 : -
brc= 70-133 : +
brc= 164-295 : -
brc= 24-250 : -
brc= 57-64 : +
brc= 100-119 : -
brc= 59-292 : -
brc= 75-303 : -
brc= 10-161 : -
brc= 114-161 : +
brc= 0-292 : +
brc= 92-227 : -
brc= 236-266 : -
brc= 95-281 : -
brc= 122-281 : -
brc= 75-161 : +
brc= 164-249 : -
brc= 62-68 : -
it= 5   ncol= 1509  ncstr= 699  mt= 0.1   spt= 0.0   lpval= 94033.0   ub= 94044.0  
-----------------------------------------------------------------------------------------
elapsed time= 146.50 s.
-----------------------------------------------------------------------------------------
delete columns= 120602 remain= 2672
 ****** Separate RCCs ****** 
 ****** Separate Rank1Cuts ****** 
it= 3   ncol= 1316  ncstr= 606  mt= 0.0   spt= 0.0   lpval= 94038.4   ub= 94044.0  
-----------------------------------------------------------------------------------------
elapsed time= 147.40 s.
-----------------------------------------------------------------------------------------
delete columns= 1580 remain= 1092
mip: row= 524 col= 2148 density= 2.99506%
mip time= 0.22 s.
mip status= 3
#########################################################################################
tree size= 1 lb= 94009.7 ub= 94044
#########################################################################################
idx= 5 value= 94009.7 enu= 1
brc= 50-103 : -
brc= 76-103 : -
brc= 49-105 : -
brc= 70-133 : +
brc= 164-295 : -
brc= 24-250 : -
brc= 57-64 : +
brc= 100-119 : -
brc= 59-292 : -
brc= 75-303 : -
brc= 10-161 : -
brc= 114-161 : +
brc= 0-292 : +
brc= 92-227 : -
brc= 236-266 : -
brc= 95-281 : -
brc= 122-281 : -
brc= 75-161 : +
brc= 164-249 : -
brc= 62-68 : +
brc= 68-296 : +
it= 4   ncol= 1511  ncstr= 626  mt= 0.4   spt= 0.0   lpval= 94073.8   ub= 94044.0  
-----------------------------------------------------------------------------------------
elapsed time= 148.04 s.
-----------------------------------------------------------------------------------------
#########################################################################################
tree size= 0 lb= 94009.7 ub= 94044
#########################################################################################
idx= 6 value= 94009.7 enu= 1
brc= 50-103 : -
brc= 76-103 : -
brc= 49-105 : -
brc= 70-133 : +
brc= 164-295 : -
brc= 24-250 : -
brc= 57-64 : +
brc= 100-119 : -
brc= 59-292 : -
brc= 75-303 : -
brc= 10-161 : -
brc= 114-161 : +
brc= 0-292 : +
brc= 92-227 : -
brc= 236-266 : -
brc= 95-281 : -
brc= 122-281 : -
brc= 75-161 : +
brc= 164-249 : -
brc= 62-68 : +
brc= 68-296 : -
it= 4   ncol= 1483  ncstr= 626  mt= 0.1   spt= 0.0   lpval= 94011.0   ub= 94044.0  
-----------------------------------------------------------------------------------------
elapsed time= 148.18 s.
-----------------------------------------------------------------------------------------
columns pending deletion= 12478 remain= 92655 col ratio= 0.865328 row ratio= 0.948882
 ****** Separate RCCs ****** 
 ****** Separate Rank1Cuts ****** 
it= 3   ncol= 1474  ncstr= 792  mt= 0.0   spt= 0.0   lpval= 94011.5   ub= 94044.0  
-----------------------------------------------------------------------------------------
elapsed time= 149.03 s.
-----------------------------------------------------------------------------------------
columns pending deletion= 16504 remain= 92655 col ratio= 0.821877 row ratio= 0.782828
[1;36m[REMIND] 2: gap improved= 0.441045 ratio= 0.013553 threshold= 0.040000 in function increaseCondition2 at /blue/yu.yang1/you.z/route_opt/packages/application/X-n313-k71/src/main/src/call_cutting.cpp:74[0m
 ****** Separate RCCs ****** 
 ****** Separate Rank1Cuts ****** 
it= 3   ncol= 1482  ncstr= 815  mt= 0.0   spt= 0.0   lpval= 94011.8   ub= 94044.0  
-----------------------------------------------------------------------------------------
elapsed time= 149.60 s.
-----------------------------------------------------------------------------------------
columns pending deletion= 19439 remain= 92655 col ratio= 0.7902 row ratio= 0.769325
[1;36m[REMIND] 2: gap improved= 0.316685 ratio= 0.009827 threshold= 0.040000 in function increaseCondition2 at /blue/yu.yang1/you.z/route_opt/packages/application/X-n313-k71/src/main/src/call_cutting.cpp:74[0m
 ****** Separate RCCs ****** 
 ****** Separate Rank1Cuts ****** 
it= 2   ncol= 1483  ncstr= 834  mt= 0.0   spt= 0.0   lpval= 94012.0   ub= 94044.0  
-----------------------------------------------------------------------------------------
elapsed time= 150.09 s.
-----------------------------------------------------------------------------------------
delete columns= 21671 remain= 70984
[1;36m[REMIND] 2: gap improved= 0.247095 ratio= 0.007727 threshold= 0.040000 in function increaseCondition2 at /blue/yu.yang1/you.z/route_opt/packages/application/X-n313-k71/src/main/src/call_cutting.cpp:74[0m
[1;36m[REMIND] tail off counter= 3 threshold= 3 in function setIfTailOff at /blue/yu.yang1/you.z/route_opt/packages/application/X-n313-k71/src/main/src/call_cutting.cpp:150[0m
current_r_best= 1.71634
alpha= 0.37 beta= 11.5007 omega= 71.0549 k1= 15
lb_k= 1 ub_k= 37
revise: lb_k= 11 ub_k= 22
opt_k= 17
alpha= 0.75 beta= 11.5007 omega= 49.7086 k1= 3
lb_k= 1 ub_k= 3
revise: lb_k= 1 ub_k= 3
opt_k= 3
pseudo= 50 frac= 50
#candidates in phase1= 17
testing lp time= 7.01 s.
-----------------------------------------------------------------------------------------
164-285 ,  53.88|  95-279 ,  39.04| 164-228 ,  34.16|  54-185 ,  28.42| 184-236 ,  20.60| 
119-308 ,  18.52| 141-164 ,  16.17| 236-311 ,  13.04|  78-281 ,   8.36| 220-305 ,   4.25| 
219-310 ,   2.83| 179-282 ,   2.01|   0-44  ,   0.84| 123-135 ,   0.69| 194-294 ,   0.57| 
  5-21  ,   0.44|  54-239 ,   0.02| 
-----------------------------------------------------------------------------------------
edge= 164 228 lp= 0.768138 pre= 2 lp2= 44.4758 pre2= 2 score= 34.1636
-----------------------------------------------------------------------------------------
edge= 95 279 lp= 13.7847 pre= 2 lp2= 2.832 pre2= 2 score= 39.0382
-----------------------------------------------------------------------------------------
edge= 164 285 lp= 1.37084 pre= 2 lp2= 39.3021 pre2= 2 score= 53.8768
-----------------------------------------------------------------------------------------
candidate= 164-285 : -
-----------------------------------------------------------------------------------------
it= 3   ncol= 1529  ncstr= 631  mt= 0.4   spt= 0.0   lpval= 94013.3   ub= 94044.0  
-----------------------------------------------------------------------------------------
elapsed time= 158.21 s.
-----------------------------------------------------------------------------------------
candidate= 164-285 : +
-----------------------------------------------------------------------------------------
it= 5   ncol= 1592  ncstr= 631  mt= 0.5   spt= 0.0   lpval= 94028.5   ub= 94044.0  
-----------------------------------------------------------------------------------------
elapsed time= 158.75 s.
-----------------------------------------------------------------------------------------
candidate= 95-279 : -
-----------------------------------------------------------------------------------------
it= 3   ncol= 1538  ncstr= 631  mt= 0.4   spt= 0.0   lpval= 94024.5   ub= 94044.0  
-----------------------------------------------------------------------------------------
elapsed time= 159.17 s.
-----------------------------------------------------------------------------------------
candidate= 95-279 : +
-----------------------------------------------------------------------------------------
it= 4   ncol= 1548  ncstr= 631  mt= 0.4   spt= 0.0   lpval= 94014.0   ub= 94044.0  
-----------------------------------------------------------------------------------------
elapsed time= 159.64 s.
-----------------------------------------------------------------------------------------
candidate= 164-228 : -
-----------------------------------------------------------------------------------------
it= 3   ncol= 1490  ncstr= 631  mt= 0.4   spt= 0.0   lpval= 94012.7   ub= 94044.0  
-----------------------------------------------------------------------------------------
elapsed time= 160.09 s.
-----------------------------------------------------------------------------------------
candidate= 164-228 : +
-----------------------------------------------------------------------------------------
it= 5   ncol= 1623  ncstr= 631  mt= 0.5   spt= 0.0   lpval= 94028.3   ub= 94044.0  
-----------------------------------------------------------------------------------------
elapsed time= 160.59 s.
-----------------------------------------------------------------------------------------
brc= 95-279
t= 0.236905 c= 14.2043 n= 3 if_b4= 0
t= 0.544701 c= 22.8352 n= 3 if_b4= 0
#########################################################################################
tree size= 1 lb= 94012 ub= 94044
#########################################################################################
idx= 7 value= 94012 enu= 1
brc= 50-103 : -
brc= 76-103 : -
brc= 49-105 : -
brc= 70-133 : +
brc= 164-295 : -
brc= 24-250 : -
brc= 57-64 : +
brc= 100-119 : -
brc= 59-292 : -
brc= 75-303 : -
brc= 10-161 : -
brc= 114-161 : +
brc= 0-292 : +
brc= 92-227 : -
brc= 236-266 : -
brc= 95-281 : -
brc= 122-281 : -
brc= 75-161 : +
brc= 164-249 : -
brc= 62-68 : +
brc= 68-296 : -
brc= 95-279 : +
it= 4   ncol= 1548  ncstr= 630  mt= 0.4   spt= 0.0   lpval= 94014.0   ub= 94044.0  
-----------------------------------------------------------------------------------------
elapsed time= 162.35 s.
-----------------------------------------------------------------------------------------
columns pending deletion= 15601 remain= 70951 col ratio= 0.780116 row ratio= 0.925397
 ****** Separate RCCs ****** 
 ****** Separate Rank1Cuts ****** 
it= 3   ncol= 1522  ncstr= 698  mt= 0.0   spt= 0.0   lpval= 94015.0   ub= 94044.0  
-----------------------------------------------------------------------------------------
elapsed time= 163.04 s.
-----------------------------------------------------------------------------------------
delete columns= 22774 remain= 48177
[1;36m[REMIND] 2: gap improved= 0.992045 ratio= 0.034172 threshold= 0.040000 in function increaseCondition2 at /blue/yu.yang1/you.z/route_opt/packages/application/X-n313-k71/src/main/src/call_cutting.cpp:74[0m
 ****** Separate RCCs ****** 
 ****** Separate Rank1Cuts ****** 
it= 3   ncol= 1534  ncstr= 646  mt= 0.0   spt= 0.0   lpval= 94015.2   ub= 94044.0  
-----------------------------------------------------------------------------------------
elapsed time= 164.08 s.
-----------------------------------------------------------------------------------------
columns pending deletion= 2563 remain= 48177 col ratio= 0.9468 row ratio= 0.939628
[1;36m[REMIND] 2: gap improved= 0.211301 ratio= 0.007332 threshold= 0.040000 in function increaseCondition2 at /blue/yu.yang1/you.z/route_opt/packages/application/X-n313-k71/src/main/src/call_cutting.cpp:74[0m
 ****** Separate RCCs ****** 
 ****** Separate Rank1Cuts ****** 
it= 3   ncol= 1533  ncstr= 740  mt= 0.0   spt= 0.0   lpval= 94015.2   ub= 94044.0  
-----------------------------------------------------------------------------------------
elapsed time= 164.81 s.
-----------------------------------------------------------------------------------------
columns pending deletion= 4858 remain= 48177 col ratio= 0.899164 row ratio= 0.825676
current_r_best= 2.36529
alpha= 0.37 beta= 6.98499 omega= 59.9578 k1= 11
lb_k= 1 ub_k= 37
revise: lb_k= 8 ub_k= 15
opt_k= 12
alpha= 0.75 beta= 6.98499 omega= 41.9225 k1= 3
lb_k= 1 ub_k= 3
revise: lb_k= 1 ub_k= 3
opt_k= 3
pseudo= 50 frac= 50
#candidates in phase1= 12
testing lp time= 6.66 s.
-----------------------------------------------------------------------------------------
  3-269 ,  56.63| 141-164 ,  35.40|  10-54  ,  18.72| 210-308 ,  18.01| 119-308 ,  18.01| 
 29-30  ,  16.66|  93-257 ,  16.32| 184-236 ,  13.31|  54-185 ,   9.80|   0-7   ,   5.91| 
194-220 ,   5.06|  60-128 ,   0.00| 
-----------------------------------------------------------------------------------------
edge= 141 164 lp= 1.73629 pre= 0 lp2= 20.3866 pre2= 2 score= 35.3972
-----------------------------------------------------------------------------------------
edge= 10 54 lp= 0.792219 pre= 2 lp2= 23.6322 pre2= 2 score= 18.7219
-----------------------------------------------------------------------------------------
edge= 3 269 lp= 0.833294 pre= 2 lp2= 67.9626 pre2= 2 score= 56.6328
-----------------------------------------------------------------------------------------
candidate= 3-269 : -
-----------------------------------------------------------------------------------------
it= 3   ncol= 1559  ncstr= 741  mt= 0.6   spt= 0.0   lpval= 94016.0   ub= 94044.0  
-----------------------------------------------------------------------------------------
elapsed time= 172.08 s.
-----------------------------------------------------------------------------------------
candidate= 3-269 : +
-----------------------------------------------------------------------------------------
it= 4   ncol= 1649  ncstr= 741  mt= 0.8   spt= 0.0   lpval= 94024.5   ub= 94044.0  
-----------------------------------------------------------------------------------------
elapsed time= 172.95 s.
-----------------------------------------------------------------------------------------
candidate= 141-164 : +
-----------------------------------------------------------------------------------------
it= 4   ncol= 1590  ncstr= 741  mt= 0.5   spt= 0.0   lpval= 94027.8   ub= 94044.0  
-----------------------------------------------------------------------------------------
elapsed time= 173.48 s.
-----------------------------------------------------------------------------------------
brc= 141-164
t= 0.24506 c= 12.157 n= 4 if_b4= 0
t= 0.56893 c= 19.5284 n= 4 if_b4= 0
#########################################################################################
tree size= 2 lb= 94012 ub= 94044
#########################################################################################
idx= 8 value= 94012 enu= 1
brc= 50-103 : -
brc= 76-103 : -
brc= 49-105 : -
brc= 70-133 : +
brc= 164-295 : -
brc= 24-250 : -
brc= 57-64 : +
brc= 100-119 : -
brc= 59-292 : -
brc= 75-303 : -
brc= 10-161 : -
brc= 114-161 : +
brc= 0-292 : +
brc= 92-227 : -
brc= 236-266 : -
brc= 95-281 : -
brc= 122-281 : -
brc= 75-161 : +
brc= 164-249 : -
brc= 62-68 : +
brc= 68-296 : -
brc= 95-279 : -
it= 3   ncol= 1517  ncstr= 630  mt= 0.0   spt= 0.0   lpval= 94024.5   ub= 94044.0  
-----------------------------------------------------------------------------------------
elapsed time= 175.02 s.
-----------------------------------------------------------------------------------------
delete columns= 58750 remain= 12233
 ****** Separate RCCs ****** 
 ****** Separate Rank1Cuts ****** 
it= 1   ncol= 1445  ncstr= 602  mt= 0.0   spt= 0.0   lpval= 94026.6   ub= 94044.0  
-----------------------------------------------------------------------------------------
elapsed time= 175.54 s.
-----------------------------------------------------------------------------------------
columns pending deletion= 3769 remain= 12233 col ratio= 0.691899 row ratio= 0.940199
mip: row= 566 col= 9884 density= 4.14506%
mip time= 6.18 s.
mip status= 6
update f from 12.2404 to 17.4337
#########################################################################################
tree size= 1 lb= 94015.2 ub= 94044
#########################################################################################
idx= 9 value= 94015.2 enu= 1
brc= 50-103 : -
brc= 76-103 : -
brc= 49-105 : -
brc= 70-133 : +
brc= 164-295 : -
brc= 24-250 : -
brc= 57-64 : +
brc= 100-119 : -
brc= 59-292 : -
brc= 75-303 : -
brc= 10-161 : -
brc= 114-161 : +
brc= 0-292 : +
brc= 92-227 : -
brc= 236-266 : -
brc= 95-281 : -
brc= 122-281 : -
brc= 75-161 : +
brc= 164-249 : -
brc= 62-68 : +
brc= 68-296 : -
brc= 95-279 : +
brc= 141-164 : +
it= 5   ncol= 1574  ncstr= 740  mt= 0.6   spt= 0.0   lpval= 94027.8   ub= 94044.0  
-----------------------------------------------------------------------------------------
elapsed time= 182.76 s.
-----------------------------------------------------------------------------------------
delete columns= 36690 remain= 6537
 ****** Separate RCCs ****** 
 ****** Separate Rank1Cuts ****** 
it= 3   ncol= 1515  ncstr= 603  mt= 0.1   spt= 0.0   lpval= 94037.7   ub= 94044.0  
-----------------------------------------------------------------------------------------
elapsed time= 183.79 s.
-----------------------------------------------------------------------------------------
delete columns= 5415 remain= 1122
mip: row= 541 col= 2253 density= 3.23766%
mip time= 0.25 s.
mip status= 3
#########################################################################################
tree size= 0 lb= 94015.2 ub= 94044
#########################################################################################
idx= 10 value= 94015.2 enu= 1
brc= 50-103 : -
brc= 76-103 : -
brc= 49-105 : -
brc= 70-133 : +
brc= 164-295 : -
brc= 24-250 : -
brc= 57-64 : +
brc= 100-119 : -
brc= 59-292 : -
brc= 75-303 : -
brc= 10-161 : -
brc= 114-161 : +
brc= 0-292 : +
brc= 92-227 : -
brc= 236-266 : -
brc= 95-281 : -
brc= 122-281 : -
brc= 75-161 : +
brc= 164-249 : -
brc= 62-68 : +
brc= 68-296 : -
brc= 95-279 : +
brc= 141-164 : -
it= 2   ncol= 1538  ncstr= 740  mt= 0.0   spt= 0.0   lpval= 94017.0   ub= 94044.0  
-----------------------------------------------------------------------------------------
elapsed time= 184.37 s.
-----------------------------------------------------------------------------------------
columns pending deletion= 9008 remain= 43314 col ratio= 0.79203 row ratio= 0.821622
 ****** Separate RCCs ****** 
 ****** Separate Rank1Cuts ****** 
it= 2   ncol= 1533  ncstr= 761  mt= 0.0   spt= 0.0   lpval= 94017.4   ub= 94044.0  
-----------------------------------------------------------------------------------------
elapsed time= 184.87 s.
-----------------------------------------------------------------------------------------
delete columns= 11606 remain= 31708
[1;36m[REMIND] 2: gap improved= 0.376449 ratio= 0.014126 threshold= 0.040000 in function increaseCondition2 at /blue/yu.yang1/you.z/route_opt/packages/application/X-n313-k71/src/main/src/call_cutting.cpp:74[0m
 ****** Separate RCCs ****** 
 ****** Separate Rank1Cuts ****** 
it= 2   ncol= 1541  ncstr= 624  mt= 0.0   spt= 0.0   lpval= 94017.7   ub= 94044.0  
-----------------------------------------------------------------------------------------
elapsed time= 185.47 s.
-----------------------------------------------------------------------------------------
columns pending deletion= 1439 remain= 31708 col ratio= 0.954617 row ratio= 0.971154
[1;36m[REMIND] 2: gap improved= 0.304202 ratio= 0.011547 threshold= 0.040000 in function increaseCondition2 at /blue/yu.yang1/you.z/route_opt/packages/application/X-n313-k71/src/main/src/call_cutting.cpp:74[0m
 ****** Separate Rank1Cuts ****** 
it= 1   ncol= 1540  ncstr= 692  mt= 0.0   spt= 0.0   lpval= 94017.8   ub= 94044.0  
-----------------------------------------------------------------------------------------
elapsed time= 186.12 s.
-----------------------------------------------------------------------------------------
columns pending deletion= 2598 remain= 31708 col ratio= 0.918065 row ratio= 0.887283
[1;36m[REMIND] 2: gap improved= 0.174779 ratio= 0.006679 threshold= 0.040000 in function increaseCondition2 at /blue/yu.yang1/you.z/route_opt/packages/application/X-n313-k71/src/main/src/call_cutting.cpp:74[0m
[1;36m[REMIND] tail off counter= 3 threshold= 3 in function setIfTailOff at /blue/yu.yang1/you.z/route_opt/packages/application/X-n313-k71/src/main/src/call_cutting.cpp:150[0m
current_r_best= 1.92078
alpha= 0.37 beta= 4.5484 omega= 49.6082 k1= 8
lb_k= 1 ub_k= 37
revise: lb_k= 6 ub_k= 10
opt_k= 8
alpha= 0.75 beta= 4.5484 omega= 34.3247 k1= 3
lb_k= 1 ub_k= 3
revise: lb_k= 1 ub_k= 3
opt_k= 3
pseudo= 50 frac= 50
#candidates in phase1= 8
testing lp time= 4.15 s.
-----------------------------------------------------------------------------------------
141-175 ,  80.93|   7-141 ,  22.64|  78-281 ,  16.45|  43-141 ,  16.20|   6-237 ,  15.65| 
147-174 ,  11.94|  56-299 ,  10.67|   7-33  ,   8.95| 
-----------------------------------------------------------------------------------------
edge= 78 281 lp= 0.600628 pre= 0 lp2= 27.39 pre2= 2 score= 16.4512
-----------------------------------------------------------------------------------------
edge= 7 141 lp= 0.82648 pre= 0 lp2= 27.39 pre2= 2 score= 22.6373
-----------------------------------------------------------------------------------------
edge= 141 175 lp= 2.96296 pre= 0 lp2= 27.3139 pre2= 1 score= 80.9299
-----------------------------------------------------------------------------------------
brc= 141-175
t= 0.247472 c= 10.4308 n= 5 if_b4= 0
t= 0.56893 c= 16.9197 n= 5 if_b4= 0
#########################################################################################
tree size= 1 lb= 94017.8 ub= 94044
#########################################################################################
idx= 11 value= 94017.8 enu= 1
brc= 50-103 : -
brc= 76-103 : -
brc= 49-105 : -
brc= 70-133 : +
brc= 164-295 : -
brc= 24-250 : -
brc= 57-64 : +
brc= 100-119 : -
brc= 59-292 : -
brc= 75-303 : -
brc= 10-161 : -
brc= 114-161 : +
brc= 0-292 : +
brc= 92-227 : -
brc= 236-266 : -
brc= 95-281 : -
brc= 122-281 : -
brc= 75-161 : +
brc= 164-249 : -
brc= 62-68 : +
brc= 68-296 : -
brc= 95-279 : +
brc= 141-164 : -
brc= 141-175 : +
it= 4   ncol= 1581  ncstr= 692  mt= 0.6   spt= 0.0   lpval= 94036.1   ub= 94044.0  
-----------------------------------------------------------------------------------------
elapsed time= 192.13 s.
-----------------------------------------------------------------------------------------
delete columns= 27342 remain= 1694
 ****** Separate RCCs ****** 
 ****** Separate Rank1Cuts ****** 
it= 3   ncol= 1306  ncstr= 602  mt= 0.0   spt= 0.0   lpval= 94037.7   ub= 94044.0  
-----------------------------------------------------------------------------------------
elapsed time= 193.02 s.
-----------------------------------------------------------------------------------------
columns pending deletion= 541 remain= 1694 col ratio= 0.680638 row ratio= 0.893688
mip: row= 538 col= 2295 density= 3.60498%
mip time= 0.47 s.
mip status= 6
#########################################################################################
tree size= 0 lb= 94017.8 ub= 94044
#########################################################################################
idx= 12 value= 94017.8 enu= 1
brc= 50-103 : -
brc= 76-103 : -
brc= 49-105 : -
brc= 70-133 : +
brc= 164-295 : -
brc= 24-250 : -
brc= 57-64 : +
brc= 100-119 : -
brc= 59-292 : -
brc= 75-303 : -
brc= 10-161 : -
brc= 114-161 : +
brc= 0-292 : +
brc= 92-227 : -
brc= 236-266 : -
brc= 95-281 : -
brc= 122-281 : -
brc= 75-161 : +
brc= 164-249 : -
brc= 62-68 : +
brc= 68-296 : -
brc= 95-279 : +
brc= 141-164 : -
brc= 141-175 : -
it= 4   ncol= 1556  ncstr= 692  mt= 0.1   spt= 0.0   lpval= 94020.2   ub= 94044.0  
-----------------------------------------------------------------------------------------
elapsed time= 193.67 s.
-----------------------------------------------------------------------------------------
columns pending deletion= 6815 remain= 29109 col ratio= 0.76588 row ratio= 0.836705
 ****** Separate RCCs ****** 
 ****** Separate Rank1Cuts ****** 
it= 3   ncol= 1555  ncstr= 736  mt= 0.0   spt= 0.0   lpval= 94021.3   ub= 94044.0  
-----------------------------------------------------------------------------------------
elapsed time= 194.24 s.
-----------------------------------------------------------------------------------------
delete columns= 11277 remain= 17832
mip: row= 595 col= 19382 density= 4.77539%
mip time= 45.54 s.
mip status= 6
update f from 17.4337 to 22.7306
#########################################################################################
[32m<Instance: X-n313-k71>
<Solution>
<UB= 94044>
<LB= 94044>
<Elapsed Time= 240.3>
<Nodes Explored= 13>
<Global Gap= 0%>[0m
#########################################################################################
File nodes/X-n313-k71_3_2_4_0_4_G32.node deleted successfully.
