application type: CVRP
X-n313-k71_2_4_3_1_0_3_3_2_5_G32.node
Set parameter ServerTimeout to value 600
Set parameter TokenServer to value "grb-ts.ufhpc"
Set parameter Threads to value 1
instance name= X-n313-k71
#########################################################################################
tree size= 0 lb= 0 ub= 94044
#########################################################################################
idx= 11 value= 94000 enu= 0
brc= 50-103 : -
brc= 76-103 : -
brc= 49-105 : +
brc= 164-295 : -
brc= 62-296 : -
brc= 126-152 : -
brc= 109-138 : -
brc= 57-130 : +
brc= 70-121 : -
brc= 31-70 : -
brc= 33-281 : -
brc= 243-267 : +
brc= 70-133 : -
brc= 126-142 : +
brc= 0-121 : +
brc= 141-164 : -
brc= 161-266 : -
brc= 18-224 : -
brc= 29-131 : +
brc= 18-189 : -
brc= 132-230 : -
brc= 260-279 : -
brc= 95-281 : +
brc= 165-279 : -
brc= 303-311 : -
brc= 118-127 : +
brc= 24-250 : -
brc= 43-290 : -
brc= 24-299 : -
brc= 74-260 : -
brc= 95-260 : -
brc= 164-175 : +
-----------------------------------------------------------------------------------------
 ****** Pricing Level: LIGHT HEUR ****** 
it= 16  ncol= 1360  ncstr= 602  mt= 0.2   spt= 0.3   lpval= 94000.9   ub= 94043.0  
 ****** Pricing Level: HEAVY HEUR ****** 
it= 6   ncol= 1471  ncstr= 602  mt= 0.1   spt= 0.4   lpval= 94000.8   ub= 94043.0  
 ****** Pricing Level: EXACT ****** 
it= 4   ncol= 1725  ncstr= 602  mt= 0.1   spt= 4.6   lpval= 94000.8   ub= 94043.0  
-----------------------------------------------------------------------------------------
elapsed time= 9.72 s.
-----------------------------------------------------------------------------------------
-----------------------------------------------------------------------------------------
 ****** Run Arc Elimination ****** 
arc elimination time= 6.56 s.
previous= 89.7926% maximum= 2.31042%
eliminate bucket arcs time= 0.54 s.
obtain jump arcs time= 0.01 s.
-----------------------------------------------------------------------------------------
-----------------------------------------------------------------------------------------
elapsed time= 17.18 s.
-----------------------------------------------------------------------------------------
 ****** Separate RCCs ****** 
 ****** Separate Rank1Cuts ****** 
-----------------------------------------------------------------------------------------
 ****** Pricing Level: LIGHT HEUR ****** 
it= 3   ncol= 1745  ncstr= 654  mt= 0.3   spt= 0.1   lpval= 94001.6   ub= 94043.0  
 ****** Pricing Level: HEAVY HEUR ****** 
it= 3   ncol= 1765  ncstr= 654  mt= 0.1   spt= 0.2   lpval= 94001.6   ub= 94043.0  
 ****** Pricing Level: EXACT ****** 
it= 4   ncol= 1794  ncstr= 654  mt= 0.1   spt= 4.5   lpval= 94001.5   ub= 94043.0  
-----------------------------------------------------------------------------------------
elapsed time= 23.72 s.
-----------------------------------------------------------------------------------------
[1;36m[REMIND] 2: gap improved= 0.679314 ratio= 0.016369 threshold= 0.040000 in function increaseCondition2 at /blue/yu.yang1/you.z/route_opt/packages/application/X-n313-k71/src/main/src/call_cutting.cpp:74[0m
 ****** Separate RCCs ****** 
 ****** Separate Rank1Cuts ****** 
-----------------------------------------------------------------------------------------
 ****** Pricing Level: LIGHT HEUR ****** 
it= 3   ncol= 1826  ncstr= 642  mt= 0.3   spt= 0.1   lpval= 94001.8   ub= 94043.0  
 ****** Pricing Level: HEAVY HEUR ****** 
it= 3   ncol= 1841  ncstr= 642  mt= 0.0   spt= 0.2   lpval= 94001.8   ub= 94043.0  
 ****** Pricing Level: EXACT ****** 
it= 4   ncol= 1866  ncstr= 642  mt= 0.1   spt= 4.7   lpval= 94001.8   ub= 94043.0  
-----------------------------------------------------------------------------------------
elapsed time= 30.69 s.
-----------------------------------------------------------------------------------------
[1;36m[REMIND] 2: gap improved= 0.251934 ratio= 0.006108 threshold= 0.040000 in function increaseCondition2 at /blue/yu.yang1/you.z/route_opt/packages/application/X-n313-k71/src/main/src/call_cutting.cpp:74[0m
 ****** Separate RCCs ****** 
 ****** Separate Rank1Cuts ****** 
-----------------------------------------------------------------------------------------
 ****** Pricing Level: LIGHT HEUR ****** 
it= 2   ncol= 1867  ncstr= 638  mt= 0.3   spt= 0.0   lpval= 94001.9   ub= 94043.0  
 ****** Pricing Level: HEAVY HEUR ****** 
it= 2   ncol= 1873  ncstr= 638  mt= 0.0   spt= 0.1   lpval= 94001.9   ub= 94043.0  
 ****** Pricing Level: EXACT ****** 
it= 2   ncol= 1882  ncstr= 638  mt= 0.0   spt= 2.5   lpval= 94001.9   ub= 94043.0  
-----------------------------------------------------------------------------------------
elapsed time= 34.31 s.
-----------------------------------------------------------------------------------------
[1;36m[REMIND] 2: gap improved= 0.158186 ratio= 0.003850 threshold= 0.040000 in function increaseCondition2 at /blue/yu.yang1/you.z/route_opt/packages/application/X-n313-k71/src/main/src/call_cutting.cpp:74[0m
[1;36m[REMIND] tail off counter= 3 threshold= 3 in function setIfTailOff at /blue/yu.yang1/you.z/route_opt/packages/application/X-n313-k71/src/main/src/call_cutting.cpp:150[0m
[1;36m[REMIND] opt_k not found for node 11, use m directly in function getOptK at /blue/yu.yang1/you.z/route_opt/packages/branching/bkf/include/bkf_controller.hpp:239[0m
current_r_best= 1.41713
we directly test 100
we directly test 4
pseudo= 50 frac= 50
#candidates in phase1= 100
testing lp time= 30.45 s.
-----------------------------------------------------------------------------------------
 25-260 ,  86.41|   3-128 ,  58.03| 112-131 ,  56.33|   0-226 ,  36.13|   0-248 ,  31.07| 
 75-303 ,  31.07| 184-303 ,  31.07|   0-303 ,  31.07| 116-127 ,  29.75| 236-311 ,  29.66| 
236-266 ,  29.66|  88-124 ,  26.56|  88-110 ,  26.56|  74-312 ,  26.13|  95-252 ,  23.73| 
161-184 ,  22.59|   0-23  ,  22.46|  23-124 ,  22.46| 258-303 ,  20.14|  86-311 ,  20.12| 
  0-258 ,  20.12|  10-161 ,  19.04| 125-224 ,  18.33|  21-42  ,  16.95|  51-64  ,  16.79| 
207-230 ,  15.22|   0-207 ,  15.22|  23-110 ,  13.99| 114-311 ,  12.04| 114-272 ,  10.37| 
  0-74  ,  10.19|  51-84  ,  10.12|  84-130 ,   9.33| 107-224 ,   9.31|   0-9   ,   8.97| 
114-161 ,   8.55| 161-258 ,   8.41| 239-290 ,   7.72|   0-32  ,   7.30| 184-311 ,   6.62| 
 34-99  ,   6.10|  74-217 ,   5.60|  74-252 ,   5.56| 159-265 ,   5.25| 171-214 ,   5.24| 
  0-214 ,   4.80| 189-214 ,   4.80|   9-99  ,   4.41|  17-185 ,   4.07| 190-280 ,   3.90| 
216-251 ,   3.77| 193-273 ,   3.46| 161-303 ,   3.42| 163-216 ,   3.42| 161-216 ,   3.42| 
179-206 ,   3.24|  10-53  ,   3.14| 196-238 ,   3.06| 235-291 ,   2.90|   0-110 ,   2.76| 
  0-87  ,   2.74|  23-88  ,   2.74| 158-273 ,   2.68|  23-87  ,   2.53|  42-173 ,   2.49| 
 82-99  ,   2.40| 163-297 ,   2.10|  36-152 ,   1.91| 111-273 ,   1.90|  67-271 ,   1.71| 
149-274 ,   1.61|  32-152 ,   1.57| 185-253 ,   1.24| 198-244 ,   1.12|  89-237 ,   1.09| 
256-264 ,   1.01|  51-99  ,   0.95| 247-259 ,   0.91|  66-136 ,   0.88| 245-272 ,   0.68| 
206-219 ,   0.64| 102-133 ,   0.59|  44-133 ,   0.59| 158-229 ,   0.51| 143-148 ,   0.50| 
 26-123 ,   0.43|  94-291 ,   0.36| 195-271 ,   0.34| 158-271 ,   0.27|  11-38  ,   0.24| 
 38-140 ,   0.23|  48-102 ,   0.23| 245-264 ,   0.22| 245-274 ,   0.14|  17-45  ,   0.13| 
163-222 ,   0.12|   0-10  ,   0.09| 136-173 ,   0.06| 158-166 ,   0.05|   0-245 ,   0.05| 
-----------------------------------------------------------------------------------------
edge= 0 226 lp= 146.084 pre= 2 lp2= 0.247291 pre2= 2 score= 36.1253
-----------------------------------------------------------------------------------------
edge= 112 131 lp= 1.39048 pre= 2 lp2= 40.5103 pre2= 2 score= 56.3287
-----------------------------------------------------------------------------------------
edge= 3 128 lp= 2.74103 pre= 2 lp2= 21.1693 pre2= 2 score= 58.0257
-----------------------------------------------------------------------------------------
edge= 25 260 lp= 0.591481 pre= 0 lp2= 146.084 pre2= 2 score= 86.4059
-----------------------------------------------------------------------------------------
candidate= 25-260 : +
-----------------------------------------------------------------------------------------
-----------------------------------------------------------------------------------------
 ****** Pricing Level: LIGHT HEUR ****** 
it= 9   ncol= 1421  ncstr= 603  mt= 0.8   spt= 0.2   lpval= 94040.8   ub= 94043.0  
 ****** Pricing Level: HEAVY HEUR ****** 
it= 5   ncol= 1488  ncstr= 603  mt= 0.2   spt= 0.3   lpval= 94033.2   ub= 94043.0  
-----------------------------------------------------------------------------------------
elapsed time= 67.37 s.
-----------------------------------------------------------------------------------------
candidate= 3-128 : -
-----------------------------------------------------------------------------------------
-----------------------------------------------------------------------------------------
 ****** Pricing Level: LIGHT HEUR ****** 
it= 5   ncol= 1313  ncstr= 603  mt= 0.2   spt= 0.1   lpval= 94004.6   ub= 94043.0  
 ****** Pricing Level: HEAVY HEUR ****** 
it= 4   ncol= 1351  ncstr= 603  mt= 0.1   spt= 0.2   lpval= 94003.5   ub= 94043.0  
-----------------------------------------------------------------------------------------
elapsed time= 68.52 s.
-----------------------------------------------------------------------------------------
candidate= 112-131 : -
-----------------------------------------------------------------------------------------
-----------------------------------------------------------------------------------------
 ****** Pricing Level: LIGHT HEUR ****** 
it= 5   ncol= 1307  ncstr= 603  mt= 0.2   spt= 0.1   lpval= 94003.3   ub= 94043.0  
 ****** Pricing Level: HEAVY HEUR ****** 
it= 3   ncol= 1346  ncstr= 603  mt= 0.1   spt= 0.2   lpval= 94002.8   ub= 94043.0  
-----------------------------------------------------------------------------------------
elapsed time= 69.52 s.
-----------------------------------------------------------------------------------------
candidate= 0-226 : -
-----------------------------------------------------------------------------------------
-----------------------------------------------------------------------------------------
 ****** Pricing Level: LIGHT HEUR ****** 
it= 7   ncol= 1397  ncstr= 603  mt= 0.7   spt= 0.1   lpval= 94019.5   ub= 94043.0  
 ****** Pricing Level: HEAVY HEUR ****** 
it= 4   ncol= 1431  ncstr= 603  mt= 0.2   spt= 0.2   lpval= 94004.2   ub= 94043.0  
-----------------------------------------------------------------------------------------
elapsed time= 71.32 s.
-----------------------------------------------------------------------------------------
candidate= 112-131 : +
-----------------------------------------------------------------------------------------
-----------------------------------------------------------------------------------------
 ****** Pricing Level: LIGHT HEUR ****** 
it= 7   ncol= 1389  ncstr= 603  mt= 0.4   spt= 0.1   lpval= 94029.4   ub= 94043.0  
 ****** Pricing Level: HEAVY HEUR ****** 
it= 6   ncol= 1477  ncstr= 603  mt= 0.1   spt= 0.3   lpval= 94025.8   ub= 94043.0  
-----------------------------------------------------------------------------------------
elapsed time= 73.04 s.
-----------------------------------------------------------------------------------------
candidate= 3-128 : +
-----------------------------------------------------------------------------------------
-----------------------------------------------------------------------------------------
 ****** Pricing Level: LIGHT HEUR ****** 
it= 9   ncol= 1446  ncstr= 603  mt= 0.6   spt= 0.2   lpval= 94012.9   ub= 94043.0  
 ****** Pricing Level: HEAVY HEUR ****** 
it= 6   ncol= 1532  ncstr= 603  mt= 0.2   spt= 0.3   lpval= 94010.4   ub= 94043.0  
-----------------------------------------------------------------------------------------
elapsed time= 75.18 s.
-----------------------------------------------------------------------------------------
brc= 112-131
t= 0.152255 c= 37.0181 n= 0 if_b4= 1
t= 1.66697 c= 47.2427 n= 0 if_b4= 1
nodes already exists
memory usage= 4GB.
#########################################################################################
tree size= 0 lb= 94001.9 ub= 94043
#########################################################################################
idx= 2 value= 94001.9 enu= 0
brc= 50-103 : -
brc= 76-103 : -
brc= 49-105 : +
brc= 164-295 : -
brc= 62-296 : -
brc= 126-152 : -
brc= 109-138 : -
brc= 57-130 : +
brc= 70-121 : -
brc= 31-70 : -
brc= 33-281 : -
brc= 243-267 : +
brc= 70-133 : -
brc= 126-142 : +
brc= 0-121 : +
brc= 141-164 : -
brc= 161-266 : -
brc= 18-224 : -
brc= 29-131 : +
brc= 18-189 : -
brc= 132-230 : -
brc= 260-279 : -
brc= 95-281 : +
brc= 165-279 : -
brc= 303-311 : -
brc= 118-127 : +
brc= 24-250 : -
brc= 43-290 : -
brc= 24-299 : -
brc= 74-260 : -
brc= 95-260 : -
brc= 164-175 : +
brc= 112-131 : -
-----------------------------------------------------------------------------------------
 ****** Pricing Level: LIGHT HEUR ****** 
it= 4   ncol= 1305  ncstr= 602  mt= 0.2   spt= 0.1   lpval= 94003.3   ub= 94043.0  
 ****** Pricing Level: HEAVY HEUR ****** 
it= 3   ncol= 1336  ncstr= 602  mt= 0.1   spt= 0.2   lpval= 94002.8   ub= 94043.0  
 ****** Pricing Level: EXACT ****** 
it= 3   ncol= 1370  ncstr= 602  mt= 0.0   spt= 3.4   lpval= 94002.8   ub= 94043.0  
-----------------------------------------------------------------------------------------
elapsed time= 80.32 s.
-----------------------------------------------------------------------------------------
 ****** Separate RCCs ****** 
 ****** Separate Rank1Cuts ****** 
-----------------------------------------------------------------------------------------
 ****** Pricing Level: LIGHT HEUR ****** 
it= 3   ncol= 1399  ncstr= 671  mt= 0.3   spt= 0.1   lpval= 94003.3   ub= 94043.0  
 ****** Pricing Level: HEAVY HEUR ****** 
it= 3   ncol= 1418  ncstr= 671  mt= 0.0   spt= 0.2   lpval= 94003.3   ub= 94043.0  
 ****** Pricing Level: EXACT ****** 
it= 3   ncol= 1437  ncstr= 671  mt= 0.1   spt= 3.7   lpval= 94003.3   ub= 94043.0  
-----------------------------------------------------------------------------------------
elapsed time= 86.00 s.
-----------------------------------------------------------------------------------------
[1;36m[REMIND] 2: gap improved= 0.513789 ratio= 0.012936 threshold= 0.040000 in function increaseCondition2 at /blue/yu.yang1/you.z/route_opt/packages/application/X-n313-k71/src/main/src/call_cutting.cpp:74[0m
 ****** Separate RCCs ****** 
 ****** Separate Rank1Cuts ****** 
-----------------------------------------------------------------------------------------
 ****** Pricing Level: LIGHT HEUR ****** 
it= 2   ncol= 1439  ncstr= 669  mt= 0.3   spt= 0.1   lpval= 94003.5   ub= 94043.0  
 ****** Pricing Level: HEAVY HEUR ****** 
it= 2   ncol= 1440  ncstr= 669  mt= 0.0   spt= 0.1   lpval= 94003.5   ub= 94043.0  
 ****** Pricing Level: EXACT ****** 
it= 3   ncol= 1455  ncstr= 669  mt= 0.0   spt= 3.7   lpval= 94003.5   ub= 94043.0  
-----------------------------------------------------------------------------------------
elapsed time= 91.68 s.
-----------------------------------------------------------------------------------------
[1;36m[REMIND] 2: gap improved= 0.167715 ratio= 0.004241 threshold= 0.040000 in function increaseCondition2 at /blue/yu.yang1/you.z/route_opt/packages/application/X-n313-k71/src/main/src/call_cutting.cpp:74[0m
 ****** Separate RCCs ****** 
 ****** Separate Rank1Cuts ****** 
-----------------------------------------------------------------------------------------
 ****** Pricing Level: LIGHT HEUR ****** 
it= 2   ncol= 1461  ncstr= 707  mt= 0.3   spt= 0.1   lpval= 94003.6   ub= 94043.0  
 ****** Pricing Level: HEAVY HEUR ****** 
it= 2   ncol= 1472  ncstr= 707  mt= 0.0   spt= 0.1   lpval= 94003.6   ub= 94043.0  
 ****** Pricing Level: EXACT ****** 
it= 3   ncol= 1499  ncstr= 707  mt= 0.1   spt= 3.8   lpval= 94003.6   ub= 94043.0  
-----------------------------------------------------------------------------------------
elapsed time= 97.21 s.
-----------------------------------------------------------------------------------------
[1;36m[REMIND] 2: gap improved= 0.117671 ratio= 0.002984 threshold= 0.040000 in function increaseCondition2 at /blue/yu.yang1/you.z/route_opt/packages/application/X-n313-k71/src/main/src/call_cutting.cpp:74[0m
[1;36m[REMIND] tail off counter= 3 threshold= 3 in function setIfTailOff at /blue/yu.yang1/you.z/route_opt/packages/application/X-n313-k71/src/main/src/call_cutting.cpp:150[0m
current_r_best= 1.19931
pseudo= 50 frac= 50
#candidates in phase1= 37
testing lp time= 11.73 s.
-----------------------------------------------------------------------------------------
125-224 ,  79.48| 236-266 ,  30.21|   0-303 ,  30.21| 236-311 ,  30.21|   0-248 ,  30.21| 
 75-303 ,  30.21| 184-303 ,  30.21|  84-130 ,  29.43|  25-260 ,  28.72|   3-128 ,  25.56| 
162-208 ,  24.89|  74-252 ,  24.82| 131-279 ,  21.87| 112-279 ,  21.87| 161-184 ,  15.41| 
  0-258 ,  13.32|  86-311 ,  13.32|   0-226 ,   6.63|   6-137 ,   6.32|  19-60  ,   6.32| 
 82-137 ,   3.55|  64-82  ,   0.92|  35-148 ,   0.48|  20-173 ,   0.43|  38-231 ,   0.43| 
140-231 ,   0.43|  38-247 ,   0.36| 148-235 ,   0.30|  86-118 ,   0.30|  32-116 ,   0.30| 
 32-34  ,   0.30| 191-238 ,   0.19| 166-259 ,   0.16|  87-276 ,   0.13| 282-310 ,   0.07| 
 42-198 ,   0.06|  11-247 ,   0.06| 
-----------------------------------------------------------------------------------------
edge= 0 303 lp= 1.63966 pre= 2 lp2= 18.4242 pre2= 2 score= 30.2094
-----------------------------------------------------------------------------------------
edge= 236 266 lp= 1.63966 pre= 2 lp2= 18.4242 pre2= 2 score= 30.2094
-----------------------------------------------------------------------------------------
edge= 125 224 lp= 55.1003 pre= 2 lp2= 1.44239 pre2= 2 score= 79.4761
-----------------------------------------------------------------------------------------
candidate= 125-224 : -
-----------------------------------------------------------------------------------------
-----------------------------------------------------------------------------------------
 ****** Pricing Level: LIGHT HEUR ****** 
it= 7   ncol= 1155  ncstr= 628  mt= 0.6   spt= 0.2   lpval= 94008.4   ub= 94043.0  
 ****** Pricing Level: HEAVY HEUR ****** 
it= 4   ncol= 1199  ncstr= 628  mt= 0.1   spt= 0.2   lpval= 94008.0   ub= 94043.0  
-----------------------------------------------------------------------------------------
elapsed time= 111.13 s.
-----------------------------------------------------------------------------------------
candidate= 236-266 : -
-----------------------------------------------------------------------------------------
-----------------------------------------------------------------------------------------
 ****** Pricing Level: LIGHT HEUR ****** 
it= 7   ncol= 1137  ncstr= 628  mt= 0.3   spt= 0.2   lpval= 94004.7   ub= 94043.0  
 ****** Pricing Level: HEAVY HEUR ****** 
it= 5   ncol= 1205  ncstr= 628  mt= 0.0   spt= 0.3   lpval= 94004.7   ub= 94043.0  
-----------------------------------------------------------------------------------------
elapsed time= 112.67 s.
-----------------------------------------------------------------------------------------
candidate= 0-303 : -
-----------------------------------------------------------------------------------------
-----------------------------------------------------------------------------------------
 ****** Pricing Level: LIGHT HEUR ****** 
it= 12  ncol= 1200  ncstr= 628  mt= 0.4   spt= 0.3   lpval= 94004.7   ub= 94043.0  
 ****** Pricing Level: HEAVY HEUR ****** 
it= 6   ncol= 1330  ncstr= 628  mt= 0.2   spt= 0.4   lpval= 94003.6   ub= 94043.0  
-----------------------------------------------------------------------------------------
elapsed time= 114.95 s.
-----------------------------------------------------------------------------------------
candidate= 236-266 : +
-----------------------------------------------------------------------------------------
-----------------------------------------------------------------------------------------
 ****** Pricing Level: LIGHT HEUR ****** 
it= 7   ncol= 1140  ncstr= 628  mt= 0.4   spt= 0.2   lpval= 94013.7   ub= 94043.0  
 ****** Pricing Level: HEAVY HEUR ****** 
it= 7   ncol= 1253  ncstr= 628  mt= 0.2   spt= 0.4   lpval= 94010.6   ub= 94043.0  
-----------------------------------------------------------------------------------------
elapsed time= 116.91 s.
-----------------------------------------------------------------------------------------
brc= 236-266
t= 0.155373 c= 31.3351 n= 1 if_b4= 1
t= 1.76726 c= 37.5119 n= 1 if_b4= 1
nodes already exists
memory usage= 4GB.
#########################################################################################
tree size= 0 lb= 94003.6 ub= 94043
#########################################################################################
idx= 4 value= 94003.6 enu= 0
brc= 50-103 : -
brc= 76-103 : -
brc= 49-105 : +
brc= 164-295 : -
brc= 62-296 : -
brc= 126-152 : -
brc= 109-138 : -
brc= 57-130 : +
brc= 70-121 : -
brc= 31-70 : -
brc= 33-281 : -
brc= 243-267 : +
brc= 70-133 : -
brc= 126-142 : +
brc= 0-121 : +
brc= 141-164 : -
brc= 161-266 : -
brc= 18-224 : -
brc= 29-131 : +
brc= 18-189 : -
brc= 132-230 : -
brc= 260-279 : -
brc= 95-281 : +
brc= 165-279 : -
brc= 303-311 : -
brc= 118-127 : +
brc= 24-250 : -
brc= 43-290 : -
brc= 24-299 : -
brc= 74-260 : -
brc= 95-260 : -
brc= 164-175 : +
brc= 112-131 : -
brc= 236-266 : -
-----------------------------------------------------------------------------------------
 ****** Pricing Level: LIGHT HEUR ****** 
it= 7   ncol= 1158  ncstr= 627  mt= 0.3   spt= 0.2   lpval= 94004.7   ub= 94043.0  
 ****** Pricing Level: HEAVY HEUR ****** 
it= 7   ncol= 1269  ncstr= 627  mt= 0.1   spt= 0.4   lpval= 94004.7   ub= 94043.0  
 ****** Pricing Level: EXACT ****** 
it= 4   ncol= 1573  ncstr= 627  mt= 0.1   spt= 4.8   lpval= 94004.7   ub= 94043.0  
-----------------------------------------------------------------------------------------
elapsed time= 124.43 s.
-----------------------------------------------------------------------------------------
-----------------------------------------------------------------------------------------
 ****** Run Arc Elimination ****** 
arc elimination time= 5.14 s.
previous= 91.3941% maximum= 2.11108%
eliminate bucket arcs time= 0.48 s.
obtain jump arcs time= 0.01 s.
-----------------------------------------------------------------------------------------
-----------------------------------------------------------------------------------------
elapsed time= 130.10 s.
-----------------------------------------------------------------------------------------
-----------------------------------------------------------------------------------------
 ****** Try Enumeration ****** 
#labels= 212564 #routes= 16
labeling 1 time= 5.05 s.
concatenate time= 8.57 s.
#routes= 254867
average gap of successful enumeration= 0.000396794
next try value > 93997.6
-----------------------------------------------------------------------------------------
elapsed time= 143.83 s.
-----------------------------------------------------------------------------------------
 ****** Process Enumeration Matrix ****** 
delete non-ele routes lp val= 94004.7
recover rank1c lp val= 94004.7
recover rcc lp val= 94006.1
obtain rcc coefficient time= 0.16 s.
obtain r1c coefficient time= 0.50 s.
obtain matrix from triplets time= 0.92 s.
delete columns by branch time= 0.00 s.
columns pending deletion= 171 remain= 254867 col ratio= 0.999329 row ratio= 1
regenerate enumeration matrix time= 0.00 s.
-----------------------------------------------------------------------------------------
elapsed time= 147.43 s.
-----------------------------------------------------------------------------------------
it= 5   ncol= 1402  ncstr= 585  mt= 0.1   spt= 0.1   lpval= 94006.1   ub= 94043.0  
-----------------------------------------------------------------------------------------
elapsed time= 147.68 s.
-----------------------------------------------------------------------------------------
columns pending deletion= 72888 remain= 254867 col ratio= 0.714016 row ratio= 0.935043
 ****** Separate RCCs ****** 
 ****** Separate Rank1Cuts ****** 
it= 4   ncol= 1243  ncstr= 660  mt= 0.1   spt= 0.1   lpval= 94006.9   ub= 94043.0  
-----------------------------------------------------------------------------------------
elapsed time= 148.63 s.
-----------------------------------------------------------------------------------------
delete columns= 97559 remain= 157308
[1;36m[REMIND] 2: gap improved= 0.768054 ratio= 0.021263 threshold= 0.040000 in function increaseCondition2 at /blue/yu.yang1/you.z/route_opt/packages/application/X-n313-k71/src/main/src/call_cutting.cpp:74[0m
 ****** Separate RCCs ****** 
 ****** Separate Rank1Cuts ****** 
it= 3   ncol= 1250  ncstr= 622  mt= 0.0   spt= 0.0   lpval= 94007.1   ub= 94043.0  
-----------------------------------------------------------------------------------------
elapsed time= 150.15 s.
-----------------------------------------------------------------------------------------
columns pending deletion= 5314 remain= 157308 col ratio= 0.966219 row ratio= 0.934084
[1;36m[REMIND] 2: gap improved= 0.175584 ratio= 0.004885 threshold= 0.040000 in function increaseCondition2 at /blue/yu.yang1/you.z/route_opt/packages/application/X-n313-k71/src/main/src/call_cutting.cpp:74[0m
 ****** Separate RCCs ****** 
 ****** Separate Rank1Cuts ****** 
it= 2   ncol= 1246  ncstr= 677  mt= 0.0   spt= 0.0   lpval= 94007.1   ub= 94043.0  
-----------------------------------------------------------------------------------------
elapsed time= 150.69 s.
-----------------------------------------------------------------------------------------
columns pending deletion= 9157 remain= 157308 col ratio= 0.941789 row ratio= 0.867061
current_r_best= 2.56435
pseudo= 50 frac= 50
#candidates in phase1= 37
testing lp time= 16.24 s.
-----------------------------------------------------------------------------------------
  0-226 ,  75.29|  51-64  ,  70.32|   0-130 ,  60.48|  74-217 ,  58.52| 162-208 ,  56.31| 
  0-207 ,  48.01|   3-128 ,  47.18|  25-260 ,  44.04|  84-130 ,  41.86|  95-252 ,  37.24| 
 74-252 ,  28.90| 239-290 ,  26.67| 162-189 ,  22.59|  57-64  ,  21.58| 285-295 ,  19.36| 
 25-72  ,  19.36|   0-260 ,  17.93|   0-56  ,  15.97|  33-93  ,  14.78|  33-87  ,  14.78| 
125-224 ,  12.56|   5-274 ,  10.85|   7-93  ,  10.74|   0-7   ,   9.34| 272-303 ,   9.02| 
147-221 ,   6.60|  25-74  ,   6.47| 131-174 ,   6.03|  48-102 ,   1.64| 229-293 ,   1.59| 
272-290 ,   0.83|  70-153 ,   0.82|  74-189 ,   0.71|   5-256 ,   0.55|  90-93  ,   0.50| 
163-259 ,   0.32|   5-163 ,   0.32| 
-----------------------------------------------------------------------------------------
edge= 0 130 lp= 0.618326 pre= 2 lp2= 97.8139 pre2= 2 score= 60.4809
-----------------------------------------------------------------------------------------
edge= 51 64 lp= 23.0469 pre= 2 lp2= 3.05128 pre2= 2 score= 70.3223
-----------------------------------------------------------------------------------------
edge= 0 226 lp= 97.8139 pre= 2 lp2= 0.769732 pre2= 2 score= 75.2905
-----------------------------------------------------------------------------------------
candidate= 0-226 : -
-----------------------------------------------------------------------------------------
it= 5   ncol= 1334  ncstr= 678  mt= 0.5   spt= 0.1   lpval= 94015.0   ub= 94043.0  
-----------------------------------------------------------------------------------------
elapsed time= 167.56 s.
-----------------------------------------------------------------------------------------
candidate= 51-64 : -
-----------------------------------------------------------------------------------------
it= 5   ncol= 1359  ncstr= 678  mt= 0.5   spt= 0.1   lpval= 94016.3   ub= 94043.0  
-----------------------------------------------------------------------------------------
elapsed time= 168.21 s.
-----------------------------------------------------------------------------------------
candidate= 0-130 : -
-----------------------------------------------------------------------------------------
it= 3   ncol= 1273  ncstr= 678  mt= 0.4   spt= 0.0   lpval= 94007.5   ub= 94043.0  
-----------------------------------------------------------------------------------------
elapsed time= 168.68 s.
-----------------------------------------------------------------------------------------
candidate= 0-130 : +
-----------------------------------------------------------------------------------------
it= 7   ncol= 1443  ncstr= 678  mt= 0.5   spt= 0.1   lpval= 94031.6   ub= 94043.0  
-----------------------------------------------------------------------------------------
elapsed time= 169.35 s.
-----------------------------------------------------------------------------------------
candidate= 51-64 : +
-----------------------------------------------------------------------------------------
it= 4   ncol= 1316  ncstr= 678  mt= 0.4   spt= 0.1   lpval= 94008.4   ub= 94043.0  
-----------------------------------------------------------------------------------------
elapsed time= 169.88 s.
-----------------------------------------------------------------------------------------
brc= 51-64
t= 0.219426 c= 34.63 n= 0 if_b4= 0
t= 0.589044 c= 41.2761 n= 0 if_b4= 0
#########################################################################################
tree size= 1 lb= 94007.1 ub= 94043
#########################################################################################
idx= 5 value= 94007.1 enu= 1
brc= 50-103 : -
brc= 76-103 : -
brc= 49-105 : +
brc= 164-295 : -
brc= 62-296 : -
brc= 126-152 : -
brc= 109-138 : -
brc= 57-130 : +
brc= 70-121 : -
brc= 31-70 : -
brc= 33-281 : -
brc= 243-267 : +
brc= 70-133 : -
brc= 126-142 : +
brc= 0-121 : +
brc= 141-164 : -
brc= 161-266 : -
brc= 18-224 : -
brc= 29-131 : +
brc= 18-189 : -
brc= 132-230 : -
brc= 260-279 : -
brc= 95-281 : +
brc= 165-279 : -
brc= 303-311 : -
brc= 118-127 : +
brc= 24-250 : -
brc= 43-290 : -
brc= 24-299 : -
brc= 74-260 : -
brc= 95-260 : -
brc= 164-175 : +
brc= 112-131 : -
brc= 236-266 : -
brc= 51-64 : +
it= 4   ncol= 1267  ncstr= 677  mt= 0.4   spt= 0.1   lpval= 94008.4   ub= 94043.0  
-----------------------------------------------------------------------------------------
elapsed time= 172.36 s.
-----------------------------------------------------------------------------------------
columns pending deletion= 17219 remain= 147408 col ratio= 0.883188 row ratio= 0.849335
 ****** Separate RCCs ****** 
 ****** Separate Rank1Cuts ****** 
it= 3   ncol= 1252  ncstr= 713  mt= 0.0   spt= 0.0   lpval= 94008.6   ub= 94043.0  
-----------------------------------------------------------------------------------------
elapsed time= 173.01 s.
-----------------------------------------------------------------------------------------
columns pending deletion= 22291 remain= 147408 col ratio= 0.84878 row ratio= 0.828892
[1;36m[REMIND] 2: gap improved= 0.183640 ratio= 0.005341 threshold= 0.040000 in function increaseCondition2 at /blue/yu.yang1/you.z/route_opt/packages/application/X-n313-k71/src/main/src/call_cutting.cpp:74[0m
 ****** Separate RCCs ****** 
 ****** Separate Rank1Cuts ****** 
it= 4   ncol= 1256  ncstr= 720  mt= 0.0   spt= 0.1   lpval= 94008.9   ub= 94043.0  
-----------------------------------------------------------------------------------------
elapsed time= 173.47 s.
-----------------------------------------------------------------------------------------
columns pending deletion= 28298 remain= 147408 col ratio= 0.808029 row ratio= 0.813889
[1;36m[REMIND] 2: gap improved= 0.258972 ratio= 0.007589 threshold= 0.040000 in function increaseCondition2 at /blue/yu.yang1/you.z/route_opt/packages/application/X-n313-k71/src/main/src/call_cutting.cpp:74[0m
 ****** Separate RCCs ****** 
 ****** Separate Rank1Cuts ****** 
it= 4   ncol= 1278  ncstr= 742  mt= 0.1   spt= 0.1   lpval= 94009.0   ub= 94043.0  
-----------------------------------------------------------------------------------------
elapsed time= 174.04 s.
-----------------------------------------------------------------------------------------
columns pending deletion= 32729 remain= 147408 col ratio= 0.77797 row ratio= 0.789757
[1;36m[REMIND] 2: gap improved= 0.172085 ratio= 0.005069 threshold= 0.040000 in function increaseCondition2 at /blue/yu.yang1/you.z/route_opt/packages/application/X-n313-k71/src/main/src/call_cutting.cpp:74[0m
[1;36m[REMIND] tail off counter= 3 threshold= 3 in function setIfTailOff at /blue/yu.yang1/you.z/route_opt/packages/application/X-n313-k71/src/main/src/call_cutting.cpp:150[0m
current_r_best= 1.42004
pseudo= 50 frac= 50
#candidates in phase1= 37
testing lp time= 20.71 s.
-----------------------------------------------------------------------------------------
162-208 ,  92.71| 285-295 ,  89.46|  25-72  ,  89.46|   0-226 ,  73.74|  74-217 ,  51.80| 
  0-207 ,  43.35| 162-189 ,  39.33|   0-260 ,  39.23|   4-89  ,  37.82|   0-56  ,  37.53| 
  0-279 ,  36.14| 211-239 ,  32.56| 239-290 ,  31.88|  95-252 ,  30.33|  25-260 ,  28.94| 
 74-252 ,  28.11|  19-60  ,  21.25|   6-137 ,  21.25|   3-128 ,  17.24| 117-147 ,  16.38| 
 74-279 ,  16.38| 137-237 ,  10.17| 201-287 ,   8.83|  90-117 ,   3.53| 115-237 ,   3.52| 
 26-94  ,   2.67| 148-291 ,   1.60| 198-291 ,   1.51|  66-98  ,   1.22|   0-104 ,   0.72| 
191-256 ,   0.69|  11-244 ,   0.65| 136-235 ,   0.50| 273-293 ,   0.46| 185-216 ,   0.40| 
106-128 ,   0.19|   2-79  ,   0.19| 
-----------------------------------------------------------------------------------------
edge= 285 295 lp= 0.998632 pre= 2 lp2= 89.5834 pre2= 2 score= 89.4609
-----------------------------------------------------------------------------------------
edge= 25 72 lp= 0.998632 pre= 2 lp2= 89.5834 pre2= 2 score= 89.4609
-----------------------------------------------------------------------------------------
edge= 162 208 lp= 15.02 pre= 2 lp2= 6.17234 pre2= 2 score= 92.7083
-----------------------------------------------------------------------------------------
candidate= 162-208 : -
-----------------------------------------------------------------------------------------
it= 6   ncol= 1387  ncstr= 743  mt= 0.7   spt= 0.1   lpval= 94018.4   ub= 94043.0  
-----------------------------------------------------------------------------------------
elapsed time= 195.56 s.
-----------------------------------------------------------------------------------------
candidate= 285-295 : -
-----------------------------------------------------------------------------------------
it= 4   ncol= 1340  ncstr= 743  mt= 0.5   spt= 0.1   lpval= 94009.7   ub= 94043.0  
-----------------------------------------------------------------------------------------
elapsed time= 196.14 s.
-----------------------------------------------------------------------------------------
candidate= 25-72 : -
-----------------------------------------------------------------------------------------
it= 3   ncol= 1337  ncstr= 743  mt= 0.5   spt= 0.0   lpval= 94009.7   ub= 94043.0  
-----------------------------------------------------------------------------------------
elapsed time= 196.69 s.
-----------------------------------------------------------------------------------------
candidate= 25-72 : +
-----------------------------------------------------------------------------------------
it= 8   ncol= 1471  ncstr= 743  mt= 0.7   spt= 0.1   lpval= 94039.6   ub= 94043.0  
-----------------------------------------------------------------------------------------
elapsed time= 197.58 s.
-----------------------------------------------------------------------------------------
candidate= 285-295 : +
-----------------------------------------------------------------------------------------
it= 6   ncol= 1460  ncstr= 743  mt= 0.9   spt= 0.1   lpval= 94041.9   ub= 94043.0  
-----------------------------------------------------------------------------------------
elapsed time= 198.58 s.
-----------------------------------------------------------------------------------------
candidate= 162-208 : +
-----------------------------------------------------------------------------------------
it= 4   ncol= 1338  ncstr= 743  mt= 0.5   spt= 0.1   lpval= 94011.3   ub= 94043.0  
-----------------------------------------------------------------------------------------
elapsed time= 199.18 s.
-----------------------------------------------------------------------------------------
brc= 285-295
t= 0.249651 c= 19.5144 n= 1 if_b4= 0
t= 0.663018 c= 26.9097 n= 1 if_b4= 0
#########################################################################################
tree size= 2 lb= 94007.1 ub= 94043
#########################################################################################
idx= 6 value= 94007.1 enu= 1
brc= 50-103 : -
brc= 76-103 : -
brc= 49-105 : +
brc= 164-295 : -
brc= 62-296 : -
brc= 126-152 : -
brc= 109-138 : -
brc= 57-130 : +
brc= 70-121 : -
brc= 31-70 : -
brc= 33-281 : -
brc= 243-267 : +
brc= 70-133 : -
brc= 126-142 : +
brc= 0-121 : +
brc= 141-164 : -
brc= 161-266 : -
brc= 18-224 : -
brc= 29-131 : +
brc= 18-189 : -
brc= 132-230 : -
brc= 260-279 : -
brc= 95-281 : +
brc= 165-279 : -
brc= 303-311 : -
brc= 118-127 : +
brc= 24-250 : -
brc= 43-290 : -
brc= 24-299 : -
brc= 74-260 : -
brc= 95-260 : -
brc= 164-175 : +
brc= 112-131 : -
brc= 236-266 : -
brc= 51-64 : -
it= 5   ncol= 1341  ncstr= 677  mt= 0.2   spt= 0.1   lpval= 94016.3   ub= 94043.0  
-----------------------------------------------------------------------------------------
elapsed time= 201.42 s.
-----------------------------------------------------------------------------------------
delete columns= 102428 remain= 45683
 ****** Separate RCCs ****** 
 ****** Separate Rank1Cuts ****** 
it= 3   ncol= 1298  ncstr= 588  mt= 0.1   spt= 0.0   lpval= 94019.1   ub= 94043.0  
-----------------------------------------------------------------------------------------
elapsed time= 202.21 s.
-----------------------------------------------------------------------------------------
columns pending deletion= 15765 remain= 45683 col ratio= 0.654904 row ratio= 0.95068
 ****** Separate RCCs ****** 
 ****** Separate Rank1Cuts ****** 
it= 3   ncol= 1293  ncstr= 612  mt= 0.0   spt= 0.0   lpval= 94020.0   ub= 94043.0  
-----------------------------------------------------------------------------------------
elapsed time= 202.69 s.
-----------------------------------------------------------------------------------------
delete columns= 20756 remain= 24927
[1;36m[REMIND] 2: gap improved= 0.861514 ratio= 0.037471 threshold= 0.040000 in function increaseCondition2 at /blue/yu.yang1/you.z/route_opt/packages/application/X-n313-k71/src/main/src/call_cutting.cpp:74[0m
 ****** Separate RCCs ****** 
 ****** Separate Rank1Cuts ****** 
it= 2   ncol= 1283  ncstr= 583  mt= 0.0   spt= 0.0   lpval= 94020.2   ub= 94043.0  
-----------------------------------------------------------------------------------------
elapsed time= 203.28 s.
-----------------------------------------------------------------------------------------
columns pending deletion= 1830 remain= 24927 col ratio= 0.926586 row ratio= 0.972556
[1;36m[REMIND] 2: gap improved= 0.194746 ratio= 0.008543 threshold= 0.040000 in function increaseCondition2 at /blue/yu.yang1/you.z/route_opt/packages/application/X-n313-k71/src/main/src/call_cutting.cpp:74[0m
 ****** Separate RCCs ****** 
 ****** Separate Rank1Cuts ****** 
it= 3   ncol= 1277  ncstr= 633  mt= 0.0   spt= 0.0   lpval= 94020.5   ub= 94043.0  
-----------------------------------------------------------------------------------------
elapsed time= 203.74 s.
-----------------------------------------------------------------------------------------
columns pending deletion= 4009 remain= 24927 col ratio= 0.83917 row ratio= 0.911532
[1;36m[REMIND] 2: gap improved= 0.247151 ratio= 0.010960 threshold= 0.040000 in function increaseCondition2 at /blue/yu.yang1/you.z/route_opt/packages/application/X-n313-k71/src/main/src/call_cutting.cpp:74[0m
[1;36m[REMIND] tail off counter= 3 threshold= 3 in function setIfTailOff at /blue/yu.yang1/you.z/route_opt/packages/application/X-n313-k71/src/main/src/call_cutting.cpp:150[0m
current_r_best= 3.71326
alpha= 0.37 beta= 6.07272 omega= 78.1668 k1= 11
lb_k= 1 ub_k= 37
revise: lb_k= 8 ub_k= 15
opt_k= 12
alpha= 0.75 beta= 6.07272 omega= 40.5867 k1= 3
lb_k= 1 ub_k= 3
revise: lb_k= 1 ub_k= 3
opt_k= 3
pseudo= 50 frac= 50
#candidates in phase1= 12
testing lp time= 5.04 s.
-----------------------------------------------------------------------------------------
 32-64  ,  60.22| 128-202 ,  59.10|  60-64  ,  55.46|   2-57  ,  49.74|  84-130 ,  41.01| 
  0-207 ,  38.13|  57-64  ,  23.49|  19-60  ,  13.26|  51-87  ,   7.45|   9-64  ,   4.62| 
138-283 ,   0.25| 138-187 ,   0.14| 
-----------------------------------------------------------------------------------------
edge= 60 64 lp= 0.816924 pre= 2 lp2= 67.8848 pre2= 2 score= 55.4568
-----------------------------------------------------------------------------------------
edge= 128 202 lp= 0.87058 pre= 2 lp2= 67.8848 pre2= 2 score= 59.0992
-----------------------------------------------------------------------------------------
edge= 32 64 lp= 2.25663 pre= 2 lp2= 26.6854 pre2= 2 score= 60.2189
-----------------------------------------------------------------------------------------
candidate= 32-64 : -
-----------------------------------------------------------------------------------------
it= 4   ncol= 1295  ncstr= 634  mt= 0.3   spt= 0.0   lpval= 94022.4   ub= 94043.0  
-----------------------------------------------------------------------------------------
elapsed time= 209.13 s.
-----------------------------------------------------------------------------------------
candidate= 128-202 : -
-----------------------------------------------------------------------------------------
it= 3   ncol= 1287  ncstr= 634  mt= 0.4   spt= 0.0   lpval= 94021.3   ub= 94043.0  
-----------------------------------------------------------------------------------------
elapsed time= 209.51 s.
-----------------------------------------------------------------------------------------
candidate= 128-202 : +
-----------------------------------------------------------------------------------------
it= 6   ncol= 1429  ncstr= 634  mt= 0.4   spt= 0.0   lpval= 94041.5   ub= 94043.0  
-----------------------------------------------------------------------------------------
elapsed time= 209.97 s.
-----------------------------------------------------------------------------------------
candidate= 60-64 : -
-----------------------------------------------------------------------------------------
it= 3   ncol= 1288  ncstr= 634  mt= 0.4   spt= 0.0   lpval= 94021.3   ub= 94043.0  
-----------------------------------------------------------------------------------------
elapsed time= 210.34 s.
-----------------------------------------------------------------------------------------
candidate= 60-64 : +
-----------------------------------------------------------------------------------------
it= 5   ncol= 1384  ncstr= 634  mt= 0.4   spt= 0.0   lpval= 94056.7   ub= 94043.0  
-----------------------------------------------------------------------------------------
elapsed time= 210.79 s.
-----------------------------------------------------------------------------------------
candidate= 32-64 : +
-----------------------------------------------------------------------------------------
it= 5   ncol= 1393  ncstr= 634  mt= 0.4   spt= 0.0   lpval= 94032.5   ub= 94043.0  
-----------------------------------------------------------------------------------------
elapsed time= 211.21 s.
-----------------------------------------------------------------------------------------
brc= 60-64
t= 0.236464 c= 14.2981 n= 2 if_b4= 0
t= 0.576874 c= 19.664 n= 2 if_b4= 0
#########################################################################################
tree size= 3 lb= 94009 ub= 94043
#########################################################################################
idx= 7 value= 94009 enu= 1
brc= 50-103 : -
brc= 76-103 : -
brc= 49-105 : +
brc= 164-295 : -
brc= 62-296 : -
brc= 126-152 : -
brc= 109-138 : -
brc= 57-130 : +
brc= 70-121 : -
brc= 31-70 : -
brc= 33-281 : -
brc= 243-267 : +
brc= 70-133 : -
brc= 126-142 : +
brc= 0-121 : +
brc= 141-164 : -
brc= 161-266 : -
brc= 18-224 : -
brc= 29-131 : +
brc= 18-189 : -
brc= 132-230 : -
brc= 260-279 : -
brc= 95-281 : +
brc= 165-279 : -
brc= 303-311 : -
brc= 118-127 : +
brc= 24-250 : -
brc= 43-290 : -
brc= 24-299 : -
brc= 74-260 : -
brc= 95-260 : -
brc= 164-175 : +
brc= 112-131 : -
brc= 236-266 : -
brc= 51-64 : +
brc= 285-295 : +
it= 7   ncol= 1443  ncstr= 742  mt= 0.8   spt= 0.1   lpval= 94041.9   ub= 94043.0  
-----------------------------------------------------------------------------------------
elapsed time= 213.17 s.
-----------------------------------------------------------------------------------------
delete columns= 113950 remain= 434
 ****** Separate RCCs ****** 
 ****** Separate Rank1Cuts ****** 
it= 2   ncol= 543   ncstr= 569  mt= 0.0   spt= 0.0   lpval= 94053.4   ub= 94043.0  
-----------------------------------------------------------------------------------------
elapsed time= 213.53 s.
-----------------------------------------------------------------------------------------
#########################################################################################
tree size= 2 lb= 94009 ub= 94043
#########################################################################################
idx= 8 value= 94009 enu= 1
brc= 50-103 : -
brc= 76-103 : -
brc= 49-105 : +
brc= 164-295 : -
brc= 62-296 : -
brc= 126-152 : -
brc= 109-138 : -
brc= 57-130 : +
brc= 70-121 : -
brc= 31-70 : -
brc= 33-281 : -
brc= 243-267 : +
brc= 70-133 : -
brc= 126-142 : +
brc= 0-121 : +
brc= 141-164 : -
brc= 161-266 : -
brc= 18-224 : -
brc= 29-131 : +
brc= 18-189 : -
brc= 132-230 : -
brc= 260-279 : -
brc= 95-281 : +
brc= 165-279 : -
brc= 303-311 : -
brc= 118-127 : +
brc= 24-250 : -
brc= 43-290 : -
brc= 24-299 : -
brc= 74-260 : -
brc= 95-260 : -
brc= 164-175 : +
brc= 112-131 : -
brc= 236-266 : -
brc= 51-64 : +
brc= 285-295 : -
it= 4   ncol= 1310  ncstr= 742  mt= 0.1   spt= 0.0   lpval= 94009.7   ub= 94043.0  
-----------------------------------------------------------------------------------------
elapsed time= 213.71 s.
-----------------------------------------------------------------------------------------
columns pending deletion= 6954 remain= 114672 col ratio= 0.939357 row ratio= 0.783019
 ****** Separate RCCs ****** 
 ****** Separate Rank1Cuts ****** 
it= 3   ncol= 1302  ncstr= 772  mt= 0.0   spt= 0.0   lpval= 94010.3   ub= 94043.0  
-----------------------------------------------------------------------------------------
elapsed time= 214.27 s.
-----------------------------------------------------------------------------------------
columns pending deletion= 13829 remain= 114672 col ratio= 0.879404 row ratio= 0.772021
[1;36m[REMIND] 2: gap improved= 0.633220 ratio= 0.019381 threshold= 0.040000 in function increaseCondition2 at /blue/yu.yang1/you.z/route_opt/packages/application/X-n313-k71/src/main/src/call_cutting.cpp:74[0m
 ****** Separate RCCs ****** 
 ****** Separate Rank1Cuts ****** 
it= 3   ncol= 1309  ncstr= 791  mt= 0.0   spt= 0.0   lpval= 94010.4   ub= 94043.0  
-----------------------------------------------------------------------------------------
elapsed time= 214.80 s.
-----------------------------------------------------------------------------------------
columns pending deletion= 16066 remain= 114672 col ratio= 0.859896 row ratio= 0.768647
current_r_best= 3.71326
alpha= 0.37 beta= 8.78064 omega= 60.466 k1= 12
lb_k= 1 ub_k= 37
revise: lb_k= 9 ub_k= 18
opt_k= 14
alpha= 0.75 beta= 8.78064 omega= 34.0872 k1= 3
lb_k= 1 ub_k= 3
revise: lb_k= 1 ub_k= 3
opt_k= 3
pseudo= 50 frac= 50
#candidates in phase1= 14
testing lp time= 9.15 s.
-----------------------------------------------------------------------------------------
162-208 ,  77.96|   0-226 ,  39.62|   0-279 ,  35.77|   0-207 ,  30.63| 162-189 ,  18.66| 
107-224 ,  18.37|   0-278 ,   7.29|   7-143 ,   3.90| 236-303 ,   1.63| 161-311 ,   1.58| 
  0-311 ,   1.40|  72-285 ,   0.66|  86-295 ,   0.66| 166-256 ,   0.17| 
-----------------------------------------------------------------------------------------
edge= 0 226 lp= 47.8318 pre= 2 lp2= 0.828385 pre2= 2 score= 39.6232
-----------------------------------------------------------------------------------------
edge= 0 279 lp= 47.8318 pre= 2 lp2= 0.747775 pre2= 2 score= 35.7674
-----------------------------------------------------------------------------------------
edge= 162 208 lp= 15.3258 pre= 1 lp2= 5.08708 pre2= 1 score= 77.9636
-----------------------------------------------------------------------------------------
brc= 162-208
t= 0.259087 c= 11.0427 n= 3 if_b4= 0
t= 0.576874 c= 16.2115 n= 3 if_b4= 0
#########################################################################################
tree size= 3 lb= 94010.4 ub= 94043
#########################################################################################
idx= 11 value= 94010.4 enu= 1
brc= 50-103 : -
brc= 76-103 : -
brc= 49-105 : +
brc= 164-295 : -
brc= 62-296 : -
brc= 126-152 : -
brc= 109-138 : -
brc= 57-130 : +
brc= 70-121 : -
brc= 31-70 : -
brc= 33-281 : -
brc= 243-267 : +
brc= 70-133 : -
brc= 126-142 : +
brc= 0-121 : +
brc= 141-164 : -
brc= 161-266 : -
brc= 18-224 : -
brc= 29-131 : +
brc= 18-189 : -
brc= 132-230 : -
brc= 260-279 : -
brc= 95-281 : +
brc= 165-279 : -
brc= 303-311 : -
brc= 118-127 : +
brc= 24-250 : -
brc= 43-290 : -
brc= 24-299 : -
brc= 74-260 : -
brc= 95-260 : -
brc= 164-175 : +
brc= 112-131 : -
brc= 236-266 : -
brc= 51-64 : +
brc= 285-295 : -
brc= 162-208 : +
it= 4   ncol= 1355  ncstr= 791  mt= 0.6   spt= 0.0   lpval= 94012.5   ub= 94043.0  
-----------------------------------------------------------------------------------------
elapsed time= 226.46 s.
-----------------------------------------------------------------------------------------
columns pending deletion= 17484 remain= 98495 col ratio= 0.822488 row ratio= 0.744627
 ****** Separate RCCs ****** 
 ****** Separate Rank1Cuts ****** 
it= 3   ncol= 1352  ncstr= 820  mt= 0.1   spt= 0.0   lpval= 94013.0   ub= 94043.0  
-----------------------------------------------------------------------------------------
elapsed time= 227.06 s.
-----------------------------------------------------------------------------------------
delete columns= 26624 remain= 71871
[1;36m[REMIND] 2: gap improved= 0.521617 ratio= 0.017415 threshold= 0.040000 in function increaseCondition2 at /blue/yu.yang1/you.z/route_opt/packages/application/X-n313-k71/src/main/src/call_cutting.cpp:74[0m
 ****** Separate Rank1Cuts ****** 
it= 2   ncol= 1350  ncstr= 607  mt= 0.0   spt= 0.0   lpval= 94013.1   ub= 94043.0  
-----------------------------------------------------------------------------------------
elapsed time= 227.71 s.
-----------------------------------------------------------------------------------------
columns pending deletion= 1652 remain= 71871 col ratio= 0.977014 row ratio= 0.981878
current_r_best= 3.71326
alpha= 0.37 beta= 8.05201 omega= 42.6216 k1= 10
lb_k= 1 ub_k= 37
revise: lb_k= 7 ub_k= 14
opt_k= 11
alpha= 0.75 beta= 8.05201 omega= 28.1023 k1= 3
lb_k= 1 ub_k= 3
revise: lb_k= 1 ub_k= 3
opt_k= 3
pseudo= 50 frac= 50
#candidates in phase1= 11
testing lp time= 4.25 s.
-----------------------------------------------------------------------------------------
 30-79  ,  17.23|  24-155 ,  15.19|  24-189 ,  15.19|  25-260 ,  11.52| 107-125 ,   5.30| 
  0-279 ,   4.75| 165-250 ,   2.64|  24-165 ,   2.64| 132-208 ,   1.65|  79-139 ,   0.99| 
  2-112 ,   0.19| 
-----------------------------------------------------------------------------------------
edge= 24 155 lp= 1.14313 pre= 2 lp2= 13.2872 pre2= 2 score= 15.189
-----------------------------------------------------------------------------------------
edge= 24 189 lp= 1.14313 pre= 2 lp2= 13.2872 pre2= 2 score= 15.189
-----------------------------------------------------------------------------------------
edge= 30 79 lp= 1.3201 pre= 2 lp2= 13.0497 pre2= 2 score= 17.2269
-----------------------------------------------------------------------------------------
candidate= 30-79 : -
-----------------------------------------------------------------------------------------
it= 3   ncol= 1358  ncstr= 608  mt= 0.4   spt= 0.0   lpval= 94014.3   ub= 94043.0  
-----------------------------------------------------------------------------------------
elapsed time= 232.40 s.
-----------------------------------------------------------------------------------------
candidate= 30-79 : +
-----------------------------------------------------------------------------------------
it= 5   ncol= 1434  ncstr= 608  mt= 0.4   spt= 0.0   lpval= 94024.9   ub= 94043.0  
-----------------------------------------------------------------------------------------
elapsed time= 232.83 s.
-----------------------------------------------------------------------------------------
candidate= 24-155 : -
-----------------------------------------------------------------------------------------
it= 4   ncol= 1397  ncstr= 608  mt= 0.4   spt= 0.0   lpval= 94014.2   ub= 94043.0  
-----------------------------------------------------------------------------------------
elapsed time= 233.26 s.
-----------------------------------------------------------------------------------------
candidate= 24-189 : -
-----------------------------------------------------------------------------------------
it= 4   ncol= 1397  ncstr= 608  mt= 0.4   spt= 0.0   lpval= 94014.2   ub= 94043.0  
-----------------------------------------------------------------------------------------
elapsed time= 233.69 s.
-----------------------------------------------------------------------------------------
candidate= 24-155 : +
-----------------------------------------------------------------------------------------
it= 4   ncol= 1400  ncstr= 608  mt= 0.5   spt= 0.0   lpval= 94021.8   ub= 94043.0  
-----------------------------------------------------------------------------------------
elapsed time= 234.19 s.
-----------------------------------------------------------------------------------------
candidate= 24-189 : +
-----------------------------------------------------------------------------------------
it= 4   ncol= 1405  ncstr= 608  mt= 0.5   spt= 0.0   lpval= 94021.8   ub= 94043.0  
-----------------------------------------------------------------------------------------
elapsed time= 234.71 s.
-----------------------------------------------------------------------------------------
brc= 30-79
t= 0.245938 c= 9.49306 n= 4 if_b4= 0
t= 0.552826 c= 13.7795 n= 4 if_b4= 0
#########################################################################################
tree size= 4 lb= 94010.4 ub= 94043
#########################################################################################
idx= 12 value= 94010.4 enu= 1
brc= 50-103 : -
brc= 76-103 : -
brc= 49-105 : +
brc= 164-295 : -
brc= 62-296 : -
brc= 126-152 : -
brc= 109-138 : -
brc= 57-130 : +
brc= 70-121 : -
brc= 31-70 : -
brc= 33-281 : -
brc= 243-267 : +
brc= 70-133 : -
brc= 126-142 : +
brc= 0-121 : +
brc= 141-164 : -
brc= 161-266 : -
brc= 18-224 : -
brc= 29-131 : +
brc= 18-189 : -
brc= 132-230 : -
brc= 260-279 : -
brc= 95-281 : +
brc= 165-279 : -
brc= 303-311 : -
brc= 118-127 : +
brc= 24-250 : -
brc= 43-290 : -
brc= 24-299 : -
brc= 74-260 : -
brc= 95-260 : -
brc= 164-175 : +
brc= 112-131 : -
brc= 236-266 : -
brc= 51-64 : +
brc= 285-295 : -
brc= 162-208 : -
it= 4   ncol= 1391  ncstr= 791  mt= 0.3   spt= 0.0   lpval= 94019.7   ub= 94043.0  
-----------------------------------------------------------------------------------------
elapsed time= 236.34 s.
-----------------------------------------------------------------------------------------
delete columns= 70447 remain= 28147
 ****** Separate RCCs ****** 
 ****** Separate Rank1Cuts ****** 
it= 4   ncol= 1345  ncstr= 594  mt= 0.0   spt= 0.0   lpval= 94020.7   ub= 94043.0  
-----------------------------------------------------------------------------------------
elapsed time= 237.18 s.
-----------------------------------------------------------------------------------------
columns pending deletion= 5647 remain= 28147 col ratio= 0.799375 row ratio= 0.944444
 ****** Separate RCCs ****** 
 ****** Separate Rank1Cuts ****** 
it= 3   ncol= 1334  ncstr= 605  mt= 0.0   spt= 0.0   lpval= 94021.1   ub= 94043.0  
-----------------------------------------------------------------------------------------
elapsed time= 237.54 s.
-----------------------------------------------------------------------------------------
columns pending deletion= 8835 remain= 28147 col ratio= 0.686112 row ratio= 0.933884
[1;36m[REMIND] 2: gap improved= 0.369390 ratio= 0.016868 threshold= 0.040000 in function increaseCondition2 at /blue/yu.yang1/you.z/route_opt/packages/application/X-n313-k71/src/main/src/call_cutting.cpp:74[0m
 ****** Separate RCCs ****** 
 ****** Separate Rank1Cuts ****** 
it= 2   ncol= 1331  ncstr= 613  mt= 0.0   spt= 0.0   lpval= 94021.2   ub= 94043.0  
-----------------------------------------------------------------------------------------
elapsed time= 237.82 s.
-----------------------------------------------------------------------------------------
columns pending deletion= 9446 remain= 28147 col ratio= 0.664405 row ratio= 0.942904
current_r_best= 3.98731
alpha= 0.37 beta= 5.47284 omega= 38.5995 k1= 7
lb_k= 1 ub_k= 37
revise: lb_k= 5 ub_k= 11
opt_k= 8
alpha= 0.75 beta= 5.47284 omega= 24.9256 k1= 3
lb_k= 1 ub_k= 3
revise: lb_k= 1 ub_k= 3
opt_k= 3
pseudo= 50 frac= 50
#candidates in phase1= 8
testing lp time= 3.04 s.
-----------------------------------------------------------------------------------------
  0-226 ,  39.85| 189-226 ,  39.85|   0-278 ,  27.88| 164-249 ,  24.90| 132-204 ,  20.39| 
 32-276 ,  20.39|   0-277 ,   0.88|  82-277 ,   0.88| 
-----------------------------------------------------------------------------------------
edge= 189 226 lp= 3.06472 pre= 0 lp2= 13.0018 pre2= 0 score= 39.8468
-----------------------------------------------------------------------------------------
edge= 0 278 lp= 15.9899 pre= 0 lp2= 1.74376 pre2= 0 score= 27.8824
-----------------------------------------------------------------------------------------
edge= 0 226 lp= 13.0019 pre= 2 lp2= 3.06471 pre2= 0 score= 39.847
-----------------------------------------------------------------------------------------
candidate= 0-226 : -
-----------------------------------------------------------------------------------------
it= 3   ncol= 1393  ncstr= 614  mt= 0.4   spt= 0.0   lpval= 94030.0   ub= 94043.0  
-----------------------------------------------------------------------------------------
elapsed time= 241.28 s.
-----------------------------------------------------------------------------------------
candidate= 189-226 : +
-----------------------------------------------------------------------------------------
it= 3   ncol= 1375  ncstr= 614  mt= 0.3   spt= 0.0   lpval= 94033.8   ub= 94043.0  
-----------------------------------------------------------------------------------------
elapsed time= 241.63 s.
-----------------------------------------------------------------------------------------
brc= 189-226
t= 0.2366 c= 8.28385 n= 5 if_b4= 0
t= 0.525189 c= 12.0446 n= 5 if_b4= 0
#########################################################################################
tree size= 5 lb= 94013.1 ub= 94043
#########################################################################################
idx= 13 value= 94013.1 enu= 1
brc= 50-103 : -
brc= 76-103 : -
brc= 49-105 : +
brc= 164-295 : -
brc= 62-296 : -
brc= 126-152 : -
brc= 109-138 : -
brc= 57-130 : +
brc= 70-121 : -
brc= 31-70 : -
brc= 33-281 : -
brc= 243-267 : +
brc= 70-133 : -
brc= 126-142 : +
brc= 0-121 : +
brc= 141-164 : -
brc= 161-266 : -
brc= 18-224 : -
brc= 29-131 : +
brc= 18-189 : -
brc= 132-230 : -
brc= 260-279 : -
brc= 95-281 : +
brc= 165-279 : -
brc= 303-311 : -
brc= 118-127 : +
brc= 24-250 : -
brc= 43-290 : -
brc= 24-299 : -
brc= 74-260 : -
brc= 95-260 : -
brc= 164-175 : +
brc= 112-131 : -
brc= 236-266 : -
brc= 51-64 : +
brc= 285-295 : -
brc= 162-208 : +
brc= 30-79 : +
it= 4   ncol= 1391  ncstr= 607  mt= 0.4   spt= 0.0   lpval= 94024.9   ub= 94043.0  
-----------------------------------------------------------------------------------------
elapsed time= 242.96 s.
-----------------------------------------------------------------------------------------
delete columns= 59566 remain= 10503
 ****** Separate RCCs ****** 
 ****** Separate Rank1Cuts ****** 
it= 3   ncol= 1295  ncstr= 583  mt= 0.1   spt= 0.0   lpval= 94028.3   ub= 94043.0  
-----------------------------------------------------------------------------------------
elapsed time= 243.57 s.
-----------------------------------------------------------------------------------------
delete columns= 4795 remain= 5708
mip: row= 520 col= 6924 density= 4.92168%
mip time= 2.56 s.
mip status= 6
update f from 0 to 14.7038
#########################################################################################
tree size= 4 lb= 94013.1 ub= 94043
#########################################################################################
idx= 14 value= 94013.1 enu= 1
brc= 50-103 : -
brc= 76-103 : -
brc= 49-105 : +
brc= 164-295 : -
brc= 62-296 : -
brc= 126-152 : -
brc= 109-138 : -
brc= 57-130 : +
brc= 70-121 : -
brc= 31-70 : -
brc= 33-281 : -
brc= 243-267 : +
brc= 70-133 : -
brc= 126-142 : +
brc= 0-121 : +
brc= 141-164 : -
brc= 161-266 : -
brc= 18-224 : -
brc= 29-131 : +
brc= 18-189 : -
brc= 132-230 : -
brc= 260-279 : -
brc= 95-281 : +
brc= 165-279 : -
brc= 303-311 : -
brc= 118-127 : +
brc= 24-250 : -
brc= 43-290 : -
brc= 24-299 : -
brc= 74-260 : -
brc= 95-260 : -
brc= 164-175 : +
brc= 112-131 : -
brc= 236-266 : -
brc= 51-64 : +
brc= 285-295 : -
brc= 162-208 : +
brc= 30-79 : -
it= 4   ncol= 1368  ncstr= 607  mt= 0.1   spt= 0.0   lpval= 94014.3   ub= 94043.0  
-----------------------------------------------------------------------------------------
elapsed time= 246.29 s.
-----------------------------------------------------------------------------------------
columns pending deletion= 11507 remain= 70189 col ratio= 0.836057 row ratio= 0.950577
 ****** Separate RCCs ****** 
 ****** Separate Rank1Cuts ****** 
it= 3   ncol= 1371  ncstr= 642  mt= 0.0   spt= 0.0   lpval= 94015.0   ub= 94043.0  
-----------------------------------------------------------------------------------------
elapsed time= 246.94 s.
-----------------------------------------------------------------------------------------
columns pending deletion= 17211 remain= 70189 col ratio= 0.754791 row ratio= 0.917445
[1;36m[REMIND] 2: gap improved= 0.682548 ratio= 0.024358 threshold= 0.040000 in function increaseCondition2 at /blue/yu.yang1/you.z/route_opt/packages/application/X-n313-k71/src/main/src/call_cutting.cpp:74[0m
 ****** Separate RCCs ****** 
 ****** Separate Rank1Cuts ****** 
it= 3   ncol= 1372  ncstr= 666  mt= 0.0   spt= 0.0   lpval= 94015.4   ub= 94043.0  
-----------------------------------------------------------------------------------------
elapsed time= 247.54 s.
-----------------------------------------------------------------------------------------
columns pending deletion= 21208 remain= 70189 col ratio= 0.697844 row ratio= 0.899399
[1;36m[REMIND] 2: gap improved= 0.471270 ratio= 0.017106 threshold= 0.040000 in function increaseCondition2 at /blue/yu.yang1/you.z/route_opt/packages/application/X-n313-k71/src/main/src/call_cutting.cpp:74[0m
 ****** Separate RCCs ****** 
 ****** Separate Rank1Cuts ****** 
it= 2   ncol= 1374  ncstr= 674  mt= 0.0   spt= 0.0   lpval= 94015.5   ub= 94043.0  
-----------------------------------------------------------------------------------------
elapsed time= 247.88 s.
-----------------------------------------------------------------------------------------
delete columns= 24083 remain= 46106
current_r_best= 3.71326
alpha= 0.37 beta= 3.43885 omega= 35.0121 k1= 5
lb_k= 1 ub_k= 37
revise: lb_k= 4 ub_k= 8
opt_k= 6
alpha= 0.75 beta= 3.43885 omega= 22.9338 k1= 3
lb_k= 1 ub_k= 3
revise: lb_k= 2 ub_k= 3
opt_k= 3
pseudo= 50 frac= 50
#candidates in phase1= 6
testing lp time= 2.16 s.
-----------------------------------------------------------------------------------------
207-230 ,  19.43|  75-303 ,  10.74|  30-32  ,   7.59|   2-89  ,   6.78|  30-106 ,   3.64| 
171-257 ,   2.59| 
-----------------------------------------------------------------------------------------
edge= 30 32 lp= 0.288193 pre= 0 lp2= 26.3322 pre2= 2 score= 7.58875
-----------------------------------------------------------------------------------------
edge= 75 303 lp= 26.3322 pre= 2 lp2= 0.407879 pre2= 0 score= 10.7404
-----------------------------------------------------------------------------------------
edge= 207 230 lp= 0.825453 pre= 0 lp2= 23.5379 pre2= 2 score= 19.4295
-----------------------------------------------------------------------------------------
candidate= 207-230 : +
-----------------------------------------------------------------------------------------
it= 5   ncol= 1449  ncstr= 596  mt= 0.5   spt= 0.0   lpval= 94030.3   ub= 94043.0  
-----------------------------------------------------------------------------------------
elapsed time= 251.14 s.
-----------------------------------------------------------------------------------------
brc= 207-230
t= 0.228463 c= 7.46812 n= 6 if_b4= 0
t= 0.523663 c= 10.8088 n= 6 if_b4= 0
#########################################################################################
tree size= 5 lb= 94015.5 ub= 94043
#########################################################################################
idx= 17 value= 94015.5 enu= 1
brc= 50-103 : -
brc= 76-103 : -
brc= 49-105 : +
brc= 164-295 : -
brc= 62-296 : -
brc= 126-152 : -
brc= 109-138 : -
brc= 57-130 : +
brc= 70-121 : -
brc= 31-70 : -
brc= 33-281 : -
brc= 243-267 : +
brc= 70-133 : -
brc= 126-142 : +
brc= 0-121 : +
brc= 141-164 : -
brc= 161-266 : -
brc= 18-224 : -
brc= 29-131 : +
brc= 18-189 : -
brc= 132-230 : -
brc= 260-279 : -
brc= 95-281 : +
brc= 165-279 : -
brc= 303-311 : -
brc= 118-127 : +
brc= 24-250 : -
brc= 43-290 : -
brc= 24-299 : -
brc= 74-260 : -
brc= 95-260 : -
brc= 164-175 : +
brc= 112-131 : -
brc= 236-266 : -
brc= 51-64 : +
brc= 285-295 : -
brc= 162-208 : +
brc= 30-79 : -
brc= 207-230 : +
it= 5   ncol= 1485  ncstr= 595  mt= 0.5   spt= 0.0   lpval= 94030.3   ub= 94043.0  
-----------------------------------------------------------------------------------------
elapsed time= 252.85 s.
-----------------------------------------------------------------------------------------
delete columns= 41839 remain= 4201
 ****** Separate RCCs ****** 
 ****** Separate Rank1Cuts ****** 
it= 4   ncol= 1289  ncstr= 572  mt= 0.0   spt= 0.0   lpval= 94033.4   ub= 94043.0  
-----------------------------------------------------------------------------------------
elapsed time= 253.57 s.
-----------------------------------------------------------------------------------------
delete columns= 2199 remain= 2002
mip: row= 521 col= 3120 density= 4.37466%
mip time= 0.77 s.
mip status= 6
#########################################################################################
tree size= 4 lb= 94015.5 ub= 94043
#########################################################################################
idx= 18 value= 94015.5 enu= 1
brc= 50-103 : -
brc= 76-103 : -
brc= 49-105 : +
brc= 164-295 : -
brc= 62-296 : -
brc= 126-152 : -
brc= 109-138 : -
brc= 57-130 : +
brc= 70-121 : -
brc= 31-70 : -
brc= 33-281 : -
brc= 243-267 : +
brc= 70-133 : -
brc= 126-142 : +
brc= 0-121 : +
brc= 141-164 : -
brc= 161-266 : -
brc= 18-224 : -
brc= 29-131 : +
brc= 18-189 : -
brc= 132-230 : -
brc= 260-279 : -
brc= 95-281 : +
brc= 165-279 : -
brc= 303-311 : -
brc= 118-127 : +
brc= 24-250 : -
brc= 43-290 : -
brc= 24-299 : -
brc= 74-260 : -
brc= 95-260 : -
brc= 164-175 : +
brc= 112-131 : -
brc= 236-266 : -
brc= 51-64 : +
brc= 285-295 : -
brc= 162-208 : +
brc= 30-79 : -
brc= 207-230 : -
it= 3   ncol= 1377  ncstr= 595  mt= 0.0   spt= 0.0   lpval= 94016.3   ub= 94043.0  
-----------------------------------------------------------------------------------------
elapsed time= 254.42 s.
-----------------------------------------------------------------------------------------
columns pending deletion= 4903 remain= 46101 col ratio= 0.893647 row ratio= 0.94958
 ****** Separate RCCs ****** 
 ****** Separate Rank1Cuts ****** 
it= 2   ncol= 1379  ncstr= 613  mt= 0.0   spt= 0.0   lpval= 94017.2   ub= 94043.0  
-----------------------------------------------------------------------------------------
elapsed time= 254.88 s.
-----------------------------------------------------------------------------------------
columns pending deletion= 9650 remain= 46101 col ratio= 0.790677 row ratio= 0.934747
[1;36m[REMIND] 2: gap improved= 0.892488 ratio= 0.034641 threshold= 0.040000 in function increaseCondition2 at /blue/yu.yang1/you.z/route_opt/packages/application/X-n313-k71/src/main/src/call_cutting.cpp:74[0m
 ****** Separate RCCs ****** 
 ****** Separate Rank1Cuts ****** 
it= 3   ncol= 1384  ncstr= 641  mt= 0.1   spt= 0.0   lpval= 94017.7   ub= 94043.0  
-----------------------------------------------------------------------------------------
elapsed time= 255.32 s.
-----------------------------------------------------------------------------------------
columns pending deletion= 12757 remain= 46101 col ratio= 0.723281 row ratio= 0.898596
[1;36m[REMIND] 2: gap improved= 0.438888 ratio= 0.017330 threshold= 0.040000 in function increaseCondition2 at /blue/yu.yang1/you.z/route_opt/packages/application/X-n313-k71/src/main/src/call_cutting.cpp:74[0m
 ****** Separate RCCs ****** 
 ****** Separate Rank1Cuts ****** 
it= 2   ncol= 1376  ncstr= 650  mt= 0.0   spt= 0.0   lpval= 94017.8   ub= 94043.0  
-----------------------------------------------------------------------------------------
elapsed time= 255.76 s.
-----------------------------------------------------------------------------------------
columns pending deletion= 13548 remain= 46101 col ratio= 0.706124 row ratio= 0.907692
[1;36m[REMIND] 2: gap improved= 0.132142 ratio= 0.005245 threshold= 0.040000 in function increaseCondition2 at /blue/yu.yang1/you.z/route_opt/packages/application/X-n313-k71/src/main/src/call_cutting.cpp:74[0m
[1;36m[REMIND] tail off counter= 3 threshold= 3 in function setIfTailOff at /blue/yu.yang1/you.z/route_opt/packages/application/X-n313-k71/src/main/src/call_cutting.cpp:150[0m
current_r_best= 3.71326
alpha= 0.37 beta= 2.82478 omega= 32.6885 k1= 5
lb_k= 1 ub_k= 37
revise: lb_k= 4 ub_k= 6
opt_k= 5
alpha= 0.75 beta= 2.82478 omega= 20.6408 k1= 3
lb_k= 1 ub_k= 3
revise: lb_k= 2 ub_k= 3
opt_k= 3
pseudo= 50 frac= 50
#candidates in phase1= 5
testing lp time= 2.17 s.
-----------------------------------------------------------------------------------------
  0-303 ,  14.59|   0-278 ,   4.37| 116-230 ,   2.61|  79-128 ,   1.57|  79-202 ,   1.13| 
-----------------------------------------------------------------------------------------
edge= 116 230 lp= 0.0918712 pre= 1 lp2= 28.4004 pre2= 2 score= 2.60918
-----------------------------------------------------------------------------------------
edge= 0 278 lp= 13.7173 pre= 1 lp2= 0.31827 pre2= 0 score= 4.36581
-----------------------------------------------------------------------------------------
edge= 0 303 lp= 0.513883 pre= 0 lp2= 28.4004 pre2= 2 score= 14.5945
-----------------------------------------------------------------------------------------
candidate= 0-303 : +
-----------------------------------------------------------------------------------------
it= 5   ncol= 1477  ncstr= 651  mt= 0.6   spt= 0.0   lpval= 94034.4   ub= 94043.0  
-----------------------------------------------------------------------------------------
elapsed time= 258.61 s.
-----------------------------------------------------------------------------------------
brc= 0-303
t= 0.227093 c= 6.75363 n= 7 if_b4= 0
t= 0.540836 c= 9.77138 n= 7 if_b4= 0
#########################################################################################
tree size= 5 lb= 94017.8 ub= 94043
#########################################################################################
idx= 19 value= 94017.8 enu= 1
brc= 50-103 : -
brc= 76-103 : -
brc= 49-105 : +
brc= 164-295 : -
brc= 62-296 : -
brc= 126-152 : -
brc= 109-138 : -
brc= 57-130 : +
brc= 70-121 : -
brc= 31-70 : -
brc= 33-281 : -
brc= 243-267 : +
brc= 70-133 : -
brc= 126-142 : +
brc= 0-121 : +
brc= 141-164 : -
brc= 161-266 : -
brc= 18-224 : -
brc= 29-131 : +
brc= 18-189 : -
brc= 132-230 : -
brc= 260-279 : -
brc= 95-281 : +
brc= 165-279 : -
brc= 303-311 : -
brc= 118-127 : +
brc= 24-250 : -
brc= 43-290 : -
brc= 24-299 : -
brc= 74-260 : -
brc= 95-260 : -
brc= 164-175 : +
brc= 112-131 : -
brc= 236-266 : -
brc= 51-64 : +
brc= 285-295 : -
brc= 162-208 : +
brc= 30-79 : -
brc= 207-230 : -
brc= 0-303 : +
it= 4   ncol= 1473  ncstr= 650  mt= 0.6   spt= 0.0   lpval= 94034.4   ub= 94043.0  
-----------------------------------------------------------------------------------------
elapsed time= 260.36 s.
-----------------------------------------------------------------------------------------
delete columns= 30697 remain= 1844
 ****** Separate RCCs ****** 
 ****** Separate Rank1Cuts ****** 
it= 2   ncol= 1171  ncstr= 564  mt= 0.0   spt= 0.0   lpval= 94035.3   ub= 94043.0  
-----------------------------------------------------------------------------------------
elapsed time= 260.71 s.
-----------------------------------------------------------------------------------------
columns pending deletion= 414 remain= 1844 col ratio= 0.775488 row ratio= 0.948582
mip: row= 535 col= 2539 density= 4.44733%
mip time= 0.62 s.
mip status= 6
#########################################################################################
tree size= 4 lb= 94017.8 ub= 94043
#########################################################################################
idx= 20 value= 94017.8 enu= 1
brc= 50-103 : -
brc= 76-103 : -
brc= 49-105 : +
brc= 164-295 : -
brc= 62-296 : -
brc= 126-152 : -
brc= 109-138 : -
brc= 57-130 : +
brc= 70-121 : -
brc= 31-70 : -
brc= 33-281 : -
brc= 243-267 : +
brc= 70-133 : -
brc= 126-142 : +
brc= 0-121 : +
brc= 141-164 : -
brc= 161-266 : -
brc= 18-224 : -
brc= 29-131 : +
brc= 18-189 : -
brc= 132-230 : -
brc= 260-279 : -
brc= 95-281 : +
brc= 165-279 : -
brc= 303-311 : -
brc= 118-127 : +
brc= 24-250 : -
brc= 43-290 : -
brc= 24-299 : -
brc= 74-260 : -
brc= 95-260 : -
brc= 164-175 : +
brc= 112-131 : -
brc= 236-266 : -
brc= 51-64 : +
brc= 285-295 : -
brc= 162-208 : +
brc= 30-79 : -
brc= 207-230 : -
brc= 0-303 : -
it= 2   ncol= 1371  ncstr= 650  mt= 0.0   spt= 0.0   lpval= 94018.3   ub= 94043.0  
-----------------------------------------------------------------------------------------
elapsed time= 261.39 s.
-----------------------------------------------------------------------------------------
columns pending deletion= 3574 remain= 32504 col ratio= 0.890044 row ratio= 0.881538
 ****** Separate RCCs ****** 
 ****** Separate Rank1Cuts ****** 
it= 2   ncol= 1374  ncstr= 666  mt= 0.0   spt= 0.0   lpval= 94018.6   ub= 94043.0  
-----------------------------------------------------------------------------------------
elapsed time= 261.72 s.
-----------------------------------------------------------------------------------------
columns pending deletion= 5100 remain= 32504 col ratio= 0.843096 row ratio= 0.875375
[1;36m[REMIND] 2: gap improved= 0.283543 ratio= 0.011623 threshold= 0.040000 in function increaseCondition2 at /blue/yu.yang1/you.z/route_opt/packages/application/X-n313-k71/src/main/src/call_cutting.cpp:74[0m
 ****** Separate RCCs ****** 
 ****** Separate Rank1Cuts ****** 
it= 2   ncol= 1375  ncstr= 710  mt= 0.0   spt= 0.0   lpval= 94018.7   ub= 94043.0  
-----------------------------------------------------------------------------------------
elapsed time= 262.12 s.
-----------------------------------------------------------------------------------------
columns pending deletion= 5818 remain= 32504 col ratio= 0.821007 row ratio= 0.833803
current_r_best= 3.71326
alpha= 0.37 beta= 2.58671 omega= 29.7395 k1= 4
lb_k= 1 ub_k= 37
revise: lb_k= 3 ub_k= 6
opt_k= 5
alpha= 0.75 beta= 2.58671 omega= 18.0672 k1= 3
lb_k= 1 ub_k= 3
revise: lb_k= 2 ub_k= 3
opt_k= 3
pseudo= 50 frac= 50
#candidates in phase1= 5
testing lp time= 2.76 s.
-----------------------------------------------------------------------------------------
  0-278 ,   6.53|  86-272 ,   3.11|  30-269 ,   2.23|   7-72  ,   1.13|  24-226 ,   1.08| 
-----------------------------------------------------------------------------------------
edge= 30 269 lp= 0.0997225 pre= 2 lp2= 22.3497 pre2= 2 score= 2.22877
-----------------------------------------------------------------------------------------
edge= 86 272 lp= 0.251479 pre= 0 lp2= 12.3839 pre2= 2 score= 3.1143
-----------------------------------------------------------------------------------------
edge= 0 278 lp= 13.644 pre= 0 lp2= 0.478762 pre2= 0 score= 6.53225
-----------------------------------------------------------------------------------------
brc= 0-278
t= 0.232494 c= 6.09026 n= 8 if_b4= 0
t= 0.540836 c= 8.92587 n= 8 if_b4= 0
#########################################################################################
tree size= 5 lb= 94018.7 ub= 94043
#########################################################################################
idx= 21 value= 94018.7 enu= 1
brc= 50-103 : -
brc= 76-103 : -
brc= 49-105 : +
brc= 164-295 : -
brc= 62-296 : -
brc= 126-152 : -
brc= 109-138 : -
brc= 57-130 : +
brc= 70-121 : -
brc= 31-70 : -
brc= 33-281 : -
brc= 243-267 : +
brc= 70-133 : -
brc= 126-142 : +
brc= 0-121 : +
brc= 141-164 : -
brc= 161-266 : -
brc= 18-224 : -
brc= 29-131 : +
brc= 18-189 : -
brc= 132-230 : -
brc= 260-279 : -
brc= 95-281 : +
brc= 165-279 : -
brc= 303-311 : -
brc= 118-127 : +
brc= 24-250 : -
brc= 43-290 : -
brc= 24-299 : -
brc= 74-260 : -
brc= 95-260 : -
brc= 164-175 : +
brc= 112-131 : -
brc= 236-266 : -
brc= 51-64 : +
brc= 285-295 : -
brc= 162-208 : +
brc= 30-79 : -
brc= 207-230 : -
brc= 0-303 : -
brc= 0-278 : +
it= 3   ncol= 1382  ncstr= 710  mt= 0.6   spt= 0.0   lpval= 94019.2   ub= 94043.0  
-----------------------------------------------------------------------------------------
elapsed time= 266.72 s.
-----------------------------------------------------------------------------------------
columns pending deletion= 1403 remain= 26663 col ratio= 0.94738 row ratio= 0.830986
 ****** Separate RCCs ****** 
 ****** Separate Rank1Cuts ****** 
it= 3   ncol= 1372  ncstr= 734  mt= 0.0   spt= 0.0   lpval= 94019.4   ub= 94043.0  
-----------------------------------------------------------------------------------------
elapsed time= 267.14 s.
-----------------------------------------------------------------------------------------
columns pending deletion= 2239 remain= 26663 col ratio= 0.916026 row ratio= 0.816076
[1;36m[REMIND] 2: gap improved= 0.233294 ratio= 0.009886 threshold= 0.040000 in function increaseCondition2 at /blue/yu.yang1/you.z/route_opt/packages/application/X-n313-k71/src/main/src/call_cutting.cpp:74[0m
 ****** Separate Rank1Cuts ****** 
it= 2   ncol= 1371  ncstr= 741  mt= 0.0   spt= 0.0   lpval= 94019.4   ub= 94043.0  
-----------------------------------------------------------------------------------------
elapsed time= 267.39 s.
-----------------------------------------------------------------------------------------
columns pending deletion= 2481 remain= 26663 col ratio= 0.90695 row ratio= 0.808367
current_r_best= 3.71326
alpha= 0.37 beta= 2.39466 omega= 26.1953 k1= 4
lb_k= 1 ub_k= 37
revise: lb_k= 3 ub_k= 5
opt_k= 4
alpha= 0.75 beta= 2.39466 omega= 16.5038 k1= 3
lb_k= 1 ub_k= 3
revise: lb_k= 2 ub_k= 3
opt_k= 3
pseudo= 50 frac= 50
#candidates in phase1= 4
testing lp time= 2.41 s.
-----------------------------------------------------------------------------------------
  0-279 ,  26.48| 164-279 ,  16.71| 180-195 ,   0.59|  17-256 ,   0.55| 
-----------------------------------------------------------------------------------------
edge= 180 195 lp= 0.030924 pre= 0 lp2= 19.1643 pre2= 2 score= 0.592635
-----------------------------------------------------------------------------------------
edge= 164 279 lp= 0.692946 pre= 0 lp2= 24.119 pre2= 2 score= 16.7132
-----------------------------------------------------------------------------------------
edge= 0 279 lp= 16.926 pre= 1 lp2= 1.56449 pre2= 1 score= 26.4806
-----------------------------------------------------------------------------------------
candidate= 0-279 : +
-----------------------------------------------------------------------------------------
it= 3   ncol= 1390  ncstr= 742  mt= 0.6   spt= 0.0   lpval= 94020.8   ub= 94043.0  
-----------------------------------------------------------------------------------------
elapsed time= 270.40 s.
-----------------------------------------------------------------------------------------
brc= 0-279
t= 0.239348 c= 5.63999 n= 9 if_b4= 0
t= 0.547037 c= 8.28231 n= 9 if_b4= 0
#########################################################################################
tree size= 6 lb= 94018.7 ub= 94043
#########################################################################################
idx= 22 value= 94018.7 enu= 1
brc= 50-103 : -
brc= 76-103 : -
brc= 49-105 : +
brc= 164-295 : -
brc= 62-296 : -
brc= 126-152 : -
brc= 109-138 : -
brc= 57-130 : +
brc= 70-121 : -
brc= 31-70 : -
brc= 33-281 : -
brc= 243-267 : +
brc= 70-133 : -
brc= 126-142 : +
brc= 0-121 : +
brc= 141-164 : -
brc= 161-266 : -
brc= 18-224 : -
brc= 29-131 : +
brc= 18-189 : -
brc= 132-230 : -
brc= 260-279 : -
brc= 95-281 : +
brc= 165-279 : -
brc= 303-311 : -
brc= 118-127 : +
brc= 24-250 : -
brc= 43-290 : -
brc= 24-299 : -
brc= 74-260 : -
brc= 95-260 : -
brc= 164-175 : +
brc= 112-131 : -
brc= 236-266 : -
brc= 51-64 : +
brc= 285-295 : -
brc= 162-208 : +
brc= 30-79 : -
brc= 207-230 : -
brc= 0-303 : -
brc= 0-278 : -
it= 3   ncol= 1413  ncstr= 710  mt= 0.1   spt= 0.0   lpval= 94031.5   ub= 94043.0  
-----------------------------------------------------------------------------------------
elapsed time= 271.75 s.
-----------------------------------------------------------------------------------------
delete columns= 23218 remain= 3451
 ****** Separate RCCs ****** 
 ****** Separate Rank1Cuts ****** 
it= 4   ncol= 1266  ncstr= 603  mt= 0.1   spt= 0.0   lpval= 94034.5   ub= 94043.0  
-----------------------------------------------------------------------------------------
elapsed time= 272.20 s.
-----------------------------------------------------------------------------------------
delete columns= 1558 remain= 1893
mip: row= 556 col= 3042 density= 4.6681%
mip time= 0.86 s.
mip status= 6
#########################################################################################
tree size= 5 lb= 94019.4 ub= 94043
#########################################################################################
idx= 23 value= 94019.4 enu= 1
brc= 50-103 : -
brc= 76-103 : -
brc= 49-105 : +
brc= 164-295 : -
brc= 62-296 : -
brc= 126-152 : -
brc= 109-138 : -
brc= 57-130 : +
brc= 70-121 : -
brc= 31-70 : -
brc= 33-281 : -
brc= 243-267 : +
brc= 70-133 : -
brc= 126-142 : +
brc= 0-121 : +
brc= 141-164 : -
brc= 161-266 : -
brc= 18-224 : -
brc= 29-131 : +
brc= 18-189 : -
brc= 132-230 : -
brc= 260-279 : -
brc= 95-281 : +
brc= 165-279 : -
brc= 303-311 : -
brc= 118-127 : +
brc= 24-250 : -
brc= 43-290 : -
brc= 24-299 : -
brc= 74-260 : -
brc= 95-260 : -
brc= 164-175 : +
brc= 112-131 : -
brc= 236-266 : -
brc= 51-64 : +
brc= 285-295 : -
brc= 162-208 : +
brc= 30-79 : -
brc= 207-230 : -
brc= 0-303 : -
brc= 0-278 : +
brc= 0-279 : +
it= 3   ncol= 1385  ncstr= 741  mt= 0.6   spt= 0.0   lpval= 94020.8   ub= 94043.0  
-----------------------------------------------------------------------------------------
elapsed time= 274.07 s.
-----------------------------------------------------------------------------------------
columns pending deletion= 3192 remain= 24165 col ratio= 0.867908 row ratio= 0.802969
 ****** Separate RCCs ****** 
 ****** Separate Rank1Cuts ****** 
it= 4   ncol= 1398  ncstr= 755  mt= 0.2   spt= 0.0   lpval= 94021.8   ub= 94043.0  
-----------------------------------------------------------------------------------------
elapsed time= 274.70 s.
-----------------------------------------------------------------------------------------
delete columns= 6558 remain= 17607
mip: row= 595 col= 18978 density= 6.06171%
mip time= 26.93 s.
mip status= 6
update f from 14.7038 to 21.2377
#########################################################################################
tree size= 4 lb= 94019.4 ub= 94043
#########################################################################################
idx= 24 value= 94019.4 enu= 1
brc= 50-103 : -
brc= 76-103 : -
brc= 49-105 : +
brc= 164-295 : -
brc= 62-296 : -
brc= 126-152 : -
brc= 109-138 : -
brc= 57-130 : +
brc= 70-121 : -
brc= 31-70 : -
brc= 33-281 : -
brc= 243-267 : +
brc= 70-133 : -
brc= 126-142 : +
brc= 0-121 : +
brc= 141-164 : -
brc= 161-266 : -
brc= 18-224 : -
brc= 29-131 : +
brc= 18-189 : -
brc= 132-230 : -
brc= 260-279 : -
brc= 95-281 : +
brc= 165-279 : -
brc= 303-311 : -
brc= 118-127 : +
brc= 24-250 : -
brc= 43-290 : -
brc= 24-299 : -
brc= 74-260 : -
brc= 95-260 : -
brc= 164-175 : +
brc= 112-131 : -
brc= 236-266 : -
brc= 51-64 : +
brc= 285-295 : -
brc= 162-208 : +
brc= 30-79 : -
brc= 207-230 : -
brc= 0-303 : -
brc= 0-278 : +
brc= 0-279 : -
it= 4   ncol= 1462  ncstr= 741  mt= 0.3   spt= 0.0   lpval= 94032.0   ub= 94043.0  
-----------------------------------------------------------------------------------------
elapsed time= 302.47 s.
-----------------------------------------------------------------------------------------
delete columns= 21441 remain= 2729
 ****** Separate Rank1Cuts ****** 
it= 3   ncol= 1223  ncstr= 571  mt= 0.0   spt= 0.0   lpval= 94035.6   ub= 94043.0  
-----------------------------------------------------------------------------------------
elapsed time= 303.12 s.
-----------------------------------------------------------------------------------------
delete columns= 1443 remain= 1286
mip: row= 511 col= 2312 density= 4.15453%
mip time= 0.56 s.
mip status= 6
#########################################################################################
tree size= 3 lb= 94020.5 ub= 94043
#########################################################################################
idx= 9 value= 94020.5 enu= 1
brc= 50-103 : -
brc= 76-103 : -
brc= 49-105 : +
brc= 164-295 : -
brc= 62-296 : -
brc= 126-152 : -
brc= 109-138 : -
brc= 57-130 : +
brc= 70-121 : -
brc= 31-70 : -
brc= 33-281 : -
brc= 243-267 : +
brc= 70-133 : -
brc= 126-142 : +
brc= 0-121 : +
brc= 141-164 : -
brc= 161-266 : -
brc= 18-224 : -
brc= 29-131 : +
brc= 18-189 : -
brc= 132-230 : -
brc= 260-279 : -
brc= 95-281 : +
brc= 165-279 : -
brc= 303-311 : -
brc= 118-127 : +
brc= 24-250 : -
brc= 43-290 : -
brc= 24-299 : -
brc= 74-260 : -
brc= 95-260 : -
brc= 164-175 : +
brc= 112-131 : -
brc= 236-266 : -
brc= 51-64 : -
brc= 60-64 : +
it= 5   ncol= 1318  ncstr= 633  mt= 0.4   spt= 0.0   lpval= 94056.7   ub= 94043.0  
-----------------------------------------------------------------------------------------
elapsed time= 304.12 s.
-----------------------------------------------------------------------------------------
#########################################################################################
tree size= 2 lb= 94020.5 ub= 94043
#########################################################################################
idx= 10 value= 94020.5 enu= 1
brc= 50-103 : -
brc= 76-103 : -
brc= 49-105 : +
brc= 164-295 : -
brc= 62-296 : -
brc= 126-152 : -
brc= 109-138 : -
brc= 57-130 : +
brc= 70-121 : -
brc= 31-70 : -
brc= 33-281 : -
brc= 243-267 : +
brc= 70-133 : -
brc= 126-142 : +
brc= 0-121 : +
brc= 141-164 : -
brc= 161-266 : -
brc= 18-224 : -
brc= 29-131 : +
brc= 18-189 : -
brc= 132-230 : -
brc= 260-279 : -
brc= 95-281 : +
brc= 165-279 : -
brc= 303-311 : -
brc= 118-127 : +
brc= 24-250 : -
brc= 43-290 : -
brc= 24-299 : -
brc= 74-260 : -
brc= 95-260 : -
brc= 164-175 : +
brc= 112-131 : -
brc= 236-266 : -
brc= 51-64 : -
brc= 60-64 : -
it= 3   ncol= 1275  ncstr= 633  mt= 0.0   spt= 0.0   lpval= 94021.3   ub= 94043.0  
-----------------------------------------------------------------------------------------
elapsed time= 304.17 s.
-----------------------------------------------------------------------------------------
columns pending deletion= 1952 remain= 20918 col ratio= 0.906683 row ratio= 0.909953
 ****** Separate Rank1Cuts ****** 
it= 3   ncol= 1256  ncstr= 651  mt= 0.0   spt= 0.0   lpval= 94021.5   ub= 94043.0  
-----------------------------------------------------------------------------------------
elapsed time= 304.55 s.
-----------------------------------------------------------------------------------------
columns pending deletion= 3262 remain= 20918 col ratio= 0.844058 row ratio= 0.894009
[1;36m[REMIND] 2: gap improved= 0.276445 ratio= 0.012884 threshold= 0.040000 in function increaseCondition2 at /blue/yu.yang1/you.z/route_opt/packages/application/X-n313-k71/src/main/src/call_cutting.cpp:74[0m
mip: row= 582 col= 18907 density= 6.11446%
mip time= 34.94 s.
mip status= 6
update f from 21.2377 to 21.4563
#########################################################################################
tree size= 1 lb= 94021.2 ub= 94043
#########################################################################################
idx= 15 value= 94021.2 enu= 1
brc= 50-103 : -
brc= 76-103 : -
brc= 49-105 : +
brc= 164-295 : -
brc= 62-296 : -
brc= 126-152 : -
brc= 109-138 : -
brc= 57-130 : +
brc= 70-121 : -
brc= 31-70 : -
brc= 33-281 : -
brc= 243-267 : +
brc= 70-133 : -
brc= 126-142 : +
brc= 0-121 : +
brc= 141-164 : -
brc= 161-266 : -
brc= 18-224 : -
brc= 29-131 : +
brc= 18-189 : -
brc= 132-230 : -
brc= 260-279 : -
brc= 95-281 : +
brc= 165-279 : -
brc= 303-311 : -
brc= 118-127 : +
brc= 24-250 : -
brc= 43-290 : -
brc= 24-299 : -
brc= 74-260 : -
brc= 95-260 : -
brc= 164-175 : +
brc= 112-131 : -
brc= 236-266 : -
brc= 51-64 : +
brc= 285-295 : -
brc= 162-208 : -
brc= 189-226 : +
it= 3   ncol= 1354  ncstr= 613  mt= 0.4   spt= 0.0   lpval= 94033.8   ub= 94043.0  
-----------------------------------------------------------------------------------------
elapsed time= 340.43 s.
-----------------------------------------------------------------------------------------
delete columns= 16483 remain= 2183
 ****** Separate RCCs ****** 
 ****** Separate Rank1Cuts ****** 
it= 4   ncol= 1139  ncstr= 634  mt= 0.1   spt= 0.0   lpval= 94036.5   ub= 94043.0  
-----------------------------------------------------------------------------------------
elapsed time= 341.00 s.
-----------------------------------------------------------------------------------------
delete columns= 972 remain= 1211
mip: row= 536 col= 2237 density= 4.05177%
mip time= 0.45 s.
mip status= 6
#########################################################################################
tree size= 0 lb= 94021.2 ub= 94043
#########################################################################################
idx= 16 value= 94021.2 enu= 1
brc= 50-103 : -
brc= 76-103 : -
brc= 49-105 : +
brc= 164-295 : -
brc= 62-296 : -
brc= 126-152 : -
brc= 109-138 : -
brc= 57-130 : +
brc= 70-121 : -
brc= 31-70 : -
brc= 33-281 : -
brc= 243-267 : +
brc= 70-133 : -
brc= 126-142 : +
brc= 0-121 : +
brc= 141-164 : -
brc= 161-266 : -
brc= 18-224 : -
brc= 29-131 : +
brc= 18-189 : -
brc= 132-230 : -
brc= 260-279 : -
brc= 95-281 : +
brc= 165-279 : -
brc= 303-311 : -
brc= 118-127 : +
brc= 24-250 : -
brc= 43-290 : -
brc= 24-299 : -
brc= 74-260 : -
brc= 95-260 : -
brc= 164-175 : +
brc= 112-131 : -
brc= 236-266 : -
brc= 51-64 : +
brc= 285-295 : -
brc= 162-208 : -
brc= 189-226 : -
it= 3   ncol= 1342  ncstr= 613  mt= 0.1   spt= 0.0   lpval= 94023.4   ub= 94043.0  
-----------------------------------------------------------------------------------------
elapsed time= 341.58 s.
-----------------------------------------------------------------------------------------
columns pending deletion= 4859 remain= 18699 col ratio= 0.740147 row ratio= 0.920065
 ****** Separate RCCs ****** 
 ****** Separate Rank1Cuts ****** 
it= 3   ncol= 1327  ncstr= 652  mt= 0.0   spt= 0.0   lpval= 94023.9   ub= 94043.0  
-----------------------------------------------------------------------------------------
elapsed time= 342.08 s.
-----------------------------------------------------------------------------------------
delete columns= 6006 remain= 12693
[1;36m[REMIND] 2: gap improved= 0.457560 ratio= 0.023913 threshold= 0.040000 in function increaseCondition2 at /blue/yu.yang1/you.z/route_opt/packages/application/X-n313-k71/src/main/src/call_cutting.cpp:74[0m
mip: row= 565 col= 14011 density= 5.6404%
mip time= 14.21 s.
mip status= 6
#########################################################################################
[32m<Instance: X-n313-k71>
<Solution>
<UB= 94043>
<LB= 94043>
<Elapsed Time= 356.4>
<Nodes Explored= 23>
<Global Gap= 0%>[0m
#########################################################################################
File nodes/X-n313-k71_2_4_3_1_0_3_3_2_5_G32.node deleted successfully.
