application type: CVRP
X-n313-k71_2_2_2_2_0_2_1_0_1_5_3_1_0_G32.node
Set parameter ServerTimeout to value 600
Set parameter TokenServer to value "grb-ts.ufhpc"
Set parameter Threads to value 1
instance name= X-n313-k71
#########################################################################################
tree size= 0 lb= 0 ub= 94044
#########################################################################################
idx= 1 value= 94001.2 enu= 0
brc= 50-103 : -
brc= 76-103 : -
brc= 49-105 : +
brc= 164-295 : -
brc= 62-296 : -
brc= 126-152 : +
brc= 7-127 : -
brc= 250-278 : -
brc= 19-115 : +
brc= 136-143 : -
brc= 33-281 : -
brc= 132-230 : +
brc= 0-136 : +
brc= 207-269 : -
brc= 258-311 : -
brc= 95-281 : +
brc= 236-311 : -
brc= 270-279 : +
brc= 74-248 : +
brc= 106-115 : -
brc= 56-228 : +
brc= 175-285 : -
brc= 3-174 : -
brc= 3-150 : -
brc= 64-128 : -
brc= 57-64 : -
brc= 18-301 : +
brc= 7-141 : -
brc= 95-252 : -
brc= 6-60 : -
brc= 64-130 : +
brc= 22-239 : -
brc= 22-290 : +
brc= 53-274 : +
-----------------------------------------------------------------------------------------
 ****** Pricing Level: LIGHT HEUR ****** 
it= 9   ncol= 1888  ncstr= 627  mt= 0.4   spt= 0.2   lpval= 94114.3   ub= 94043.0  
 ****** Pricing Level: HEAVY HEUR ****** 
it= 7   ncol= 1973  ncstr= 627  mt= 0.2   spt= 0.4   lpval= 94082.6   ub= 94043.0  
 ****** Pricing Level: EXACT ****** 
it= 4   ncol= 2089  ncstr= 627  mt= 0.1   spt= 3.2   lpval= 94082.5   ub= 94043.0  
-----------------------------------------------------------------------------------------
elapsed time= 8.10 s.
-----------------------------------------------------------------------------------------
#########################################################################################
[32m<Instance: X-n313-k71>
<Solution>
<UB= 94043>
<LB= 94043>
<Elapsed Time= 8.1>
<Nodes Explored= 1>
<Global Gap= 0%>[0m
#########################################################################################
File nodes/X-n313-k71_2_2_2_2_0_2_1_0_1_5_3_1_0_G32.node deleted successfully.
