application type: CVRP
X-n313-k71_3_2_0_0_2_4_G32.node
Set parameter ServerTimeout to value 600
Set parameter TokenServer to value "grb-ts.ufhpc"
Set parameter Threads to value 1
instance name= X-n313-k71
#########################################################################################
tree size= 0 lb= 0 ub= 94044
#########################################################################################
idx= 9 value= 93968.6 enu= 0
brc= 50-103 : -
brc= 76-103 : -
brc= 49-105 : -
brc= 70-133 : +
brc= 164-295 : -
brc= 24-250 : -
brc= 57-64 : +
brc= 100-119 : +
brc= 62-296 : +
brc= 127-145 : -
brc= 270-279 : -
brc= 95-281 : +
brc= 233-246 : -
brc= 141-164 : -
brc= 108-127 : -
brc= 303-311 : -
brc= 43-164 : +
-----------------------------------------------------------------------------------------
 ****** Pricing Level: LIGHT HEUR ****** 
it= 7   ncol= 1374  ncstr= 615  mt= 0.3   spt= 0.2   lpval= 93994.6   ub= 94043.0  
 ****** Pricing Level: HEAVY HEUR ****** 
it= 4   ncol= 1439  ncstr= 615  mt= 0.1   spt= 0.3   lpval= 93988.8   ub= 94043.0  
 ****** Pricing Level: EXACT ****** 
it= 4   ncol= 1497  ncstr= 615  mt= 0.0   spt= 3.0   lpval= 93988.6   ub= 94043.0  
-----------------------------------------------------------------------------------------
elapsed time= 7.50 s.
-----------------------------------------------------------------------------------------
-----------------------------------------------------------------------------------------
 ****** Run Arc Elimination ****** 
arc elimination time= 2.74 s.
previous= 67.5546% maximum= 3.1312%
eliminate bucket arcs time= 0.48 s.
obtain jump arcs time= 0.01 s.
-----------------------------------------------------------------------------------------
-----------------------------------------------------------------------------------------
elapsed time= 11.06 s.
-----------------------------------------------------------------------------------------
-----------------------------------------------------------------------------------------
 ****** Try Enumeration ****** 
max_val= 86876 stop_b= 10 max_idx= 8 num_label= 327503 max_label_in_enumeration= 500000 q= 23.0254 aq.size()= 21 left_bin= 2 left_labels= 172497
status= LABEL_FOR_LIMIT
#labels= 327503 #routes= 20
labeling 1 time= 8.87 s.
next try value > 93994.8
-----------------------------------------------------------------------------------------
elapsed time= 19.98 s.
-----------------------------------------------------------------------------------------
 ****** Separate RCCs ****** 
 ****** Separate Rank1Cuts ****** 
-----------------------------------------------------------------------------------------
 ****** Pricing Level: LIGHT HEUR ****** 
it= 3   ncol= 1519  ncstr= 612  mt= 0.2   spt= 0.1   lpval= 93992.4   ub= 94043.0  
 ****** Pricing Level: HEAVY HEUR ****** 
it= 6   ncol= 1579  ncstr= 612  mt= 0.1   spt= 0.4   lpval= 93992.2   ub= 94043.0  
 ****** Pricing Level: EXACT ****** 
it= 3   ncol= 1623  ncstr= 612  mt= 0.0   spt= 2.0   lpval= 93991.7   ub= 94043.0  
-----------------------------------------------------------------------------------------
elapsed time= 23.97 s.
-----------------------------------------------------------------------------------------
 ****** Separate RCCs ****** 
 ****** Separate Rank1Cuts ****** 
-----------------------------------------------------------------------------------------
 ****** Pricing Level: LIGHT HEUR ****** 
it= 3   ncol= 1651  ncstr= 677  mt= 0.3   spt= 0.1   lpval= 93994.2   ub= 94043.0  
 ****** Pricing Level: HEAVY HEUR ****** 
it= 3   ncol= 1668  ncstr= 677  mt= 0.0   spt= 0.2   lpval= 93994.1   ub= 94043.0  
 ****** Pricing Level: EXACT ****** 
it= 3   ncol= 1695  ncstr= 677  mt= 0.0   spt= 2.3   lpval= 93994.0   ub= 94043.0  
-----------------------------------------------------------------------------------------
elapsed time= 28.37 s.
-----------------------------------------------------------------------------------------
-----------------------------------------------------------------------------------------
 ****** Run Arc Elimination ****** 
arc elimination time= 2.79 s.
previous= 89.6209% maximum= 2.80621%
eliminate bucket arcs time= 0.41 s.
obtain jump arcs time= 0.01 s.
-----------------------------------------------------------------------------------------
-----------------------------------------------------------------------------------------
elapsed time= 31.60 s.
-----------------------------------------------------------------------------------------
-----------------------------------------------------------------------------------------
 ****** Try Enumeration ****** 
#labels= 355555 #routes= 16
labeling 1 time= 11.10 s.
concatenate time= 14.87 s.
#routes= 589640
average gap of successful enumeration= 0.000510723
next try value > 93989.7
-----------------------------------------------------------------------------------------
elapsed time= 57.74 s.
-----------------------------------------------------------------------------------------
 ****** Process Enumeration Matrix ****** 
delete non-ele routes lp val= 93994.1
recover rank1c lp val= 93994.2
recover rcc lp val= 93999.1
obtain rcc coefficient time= 0.21 s.
obtain r1c coefficient time= 1.34 s.
obtain matrix from triplets time= 2.22 s.
delete columns by branch time= 0.00 s.
columns pending deletion= 454 remain= 589640 col ratio= 0.99923 row ratio= 1
regenerate enumeration matrix time= 0.00 s.
-----------------------------------------------------------------------------------------
elapsed time= 63.94 s.
-----------------------------------------------------------------------------------------
it= 4   ncol= 1528  ncstr= 625  mt= 0.1   spt= 0.2   lpval= 93998.3   ub= 94043.0  
-----------------------------------------------------------------------------------------
elapsed time= 64.31 s.
-----------------------------------------------------------------------------------------
delete columns= 300323 remain= 289317
 ****** Separate RCCs ****** 
 ****** Separate Rank1Cuts ****** 
it= 3   ncol= 1496  ncstr= 594  mt= 0.0   spt= 0.1   lpval= 94000.0   ub= 94043.0  
-----------------------------------------------------------------------------------------
elapsed time= 66.23 s.
-----------------------------------------------------------------------------------------
columns pending deletion= 68260 remain= 289317 col ratio= 0.764065 row ratio= 0.867003
[1;36m[REMIND] 2: gap improved= 1.707292 ratio= 0.039695 threshold= 0.040000 in function increaseCondition2 at /blue/yu.yang1/you.z/route_opt/packages/application/X-n313-k71/src/main/src/call_cutting.cpp:74[0m
 ****** Separate RCCs ****** 
 ****** Separate Rank1Cuts ****** 
it= 2   ncol= 1476  ncstr= 694  mt= 0.0   spt= 0.0   lpval= 94000.5   ub= 94043.0  
-----------------------------------------------------------------------------------------
elapsed time= 67.30 s.
-----------------------------------------------------------------------------------------
delete columns= 84574 remain= 204743
[1;36m[REMIND] 2: gap improved= 0.546507 ratio= 0.012870 threshold= 0.040000 in function increaseCondition2 at /blue/yu.yang1/you.z/route_opt/packages/application/X-n313-k71/src/main/src/call_cutting.cpp:74[0m
 ****** Separate RCCs ****** 
 ****** Separate Rank1Cuts ****** 
it= 3   ncol= 1525  ncstr= 569  mt= 0.0   spt= 0.0   lpval= 94000.9   ub= 94043.0  
-----------------------------------------------------------------------------------------
elapsed time= 68.75 s.
-----------------------------------------------------------------------------------------
columns pending deletion= 12854 remain= 204743 col ratio= 0.937219 row ratio= 0.949033
[1;36m[REMIND] 2: gap improved= 0.315849 ratio= 0.007494 threshold= 0.040000 in function increaseCondition2 at /blue/yu.yang1/you.z/route_opt/packages/application/X-n313-k71/src/main/src/call_cutting.cpp:74[0m
[1;36m[REMIND] tail off counter= 3 threshold= 3 in function setIfTailOff at /blue/yu.yang1/you.z/route_opt/packages/application/X-n313-k71/src/main/src/call_cutting.cpp:150[0m
[1;36m[REMIND] opt_k not found for node 9, use m directly in function getOptK at /blue/yu.yang1/you.z/route_opt/packages/branching/bkf/include/bkf_controller.hpp:239[0m
current_r_best= 23.4704
we directly test 100
we directly test 4
pseudo= 50 frac= 50
#candidates in phase1= 100
testing lp time= 32.28 s.
-----------------------------------------------------------------------------------------
 74-217 , 127.05|  74-252 ,  72.78| 190-280 ,  45.64| 181-194 ,  37.84| 227-233 ,  37.42| 
223-246 ,  37.42| 112-165 ,  35.35| 233-263 ,  35.32| 119-232 ,  30.31|  53-290 ,  29.15| 
109-138 ,  28.61| 206-290 ,  28.27|  24-299 ,  24.75| 119-275 ,  24.31| 164-175 ,  23.52| 
  0-242 ,  22.52| 158-206 ,  22.23| 206-310 ,  22.11| 165-280 ,  21.82| 199-307 ,  21.28| 
 67-251 ,  21.08| 163-290 ,  20.81| 114-272 ,  20.51|   0-206 ,  19.93| 232-275 ,  19.66| 
165-190 ,  19.56|   0-65  ,  19.54|  76-105 ,  19.35|  24-112 ,  19.35|  51-99  ,  19.08| 
 71-109 ,  18.12|   0-1   ,  17.22|  13-104 ,  16.55|  12-103 ,  16.34|  13-65  ,  15.14| 
162-208 ,  14.15| 278-299 ,  13.80|   0-165 ,  12.89|  53-145 ,  12.18|  54-266 ,  12.18| 
  0-134 ,  11.65|  12-76  ,  11.65|  12-134 ,  11.62| 135-231 ,  11.51|  77-146 ,  11.17| 
  0-227 ,  10.95|   0-47  ,  10.62|  47-113 ,  10.62|   0-212 ,  10.61|   0-12  ,  10.20| 
167-232 ,   9.90|   0-112 ,   9.80|   0-243 ,   9.73|   0-251 ,   8.99|  54-215 ,   8.69| 
189-250 ,   8.20| 125-171 ,   8.20|  22-266 ,   8.15| 138-246 ,   8.06| 224-289 ,   7.87| 
  0-85  ,   7.86| 190-257 ,   7.53| 189-226 ,   7.51|  10-22  ,   7.08| 125-224 ,   7.01| 
185-264 ,   6.46| 193-293 ,   6.28|   0-215 ,   6.08| 185-215 ,   6.05| 177-179 ,   5.39| 
 22-161 ,   5.38|   0-199 ,   4.98|   0-53  ,   4.78|  45-245 ,   4.67|   0-208 ,   4.57| 
236-311 ,   4.55| 165-257 ,   4.35|  90-93  ,   4.27|   0-216 ,   3.95| 192-294 ,   3.92| 
163-180 ,   3.52| 204-257 ,   3.34|   0-166 ,   3.32| 219-310 ,   3.09|   0-45  ,   3.07| 
205-256 ,   2.72| 143-195 ,   2.50| 256-297 ,   2.22| 254-305 ,   2.16| 163-191 ,   2.03| 
258-311 ,   1.88|  66-135 ,   1.38| 236-266 ,   1.22|   0-163 ,   1.21| 190-299 ,   0.65| 
 10-161 ,   0.64|  54-211 ,   0.53|   0-303 ,   0.22|   0-100 ,   0.09|   0-239 ,   0.08| 
-----------------------------------------------------------------------------------------
edge= 181 194 lp= 8.18512 pre= 2 lp2= 4.62242 pre2= 2 score= 37.8351
-----------------------------------------------------------------------------------------
edge= 190 280 lp= 2.46939 pre= 2 lp2= 18.4834 pre2= 2 score= 45.6427
-----------------------------------------------------------------------------------------
edge= 74 252 lp= 8.01562 pre= 2 lp2= 9.07918 pre2= 2 score= 72.7752
-----------------------------------------------------------------------------------------
edge= 74 217 lp= 13.9932 pre= 2 lp2= 9.07918 pre2= 2 score= 127.047
-----------------------------------------------------------------------------------------
candidate= 74-217 : -
-----------------------------------------------------------------------------------------
it= 5   ncol= 1584  ncstr= 570  mt= 0.3   spt= 0.1   lpval= 94011.9   ub= 94043.0  
-----------------------------------------------------------------------------------------
elapsed time= 101.47 s.
-----------------------------------------------------------------------------------------
candidate= 74-217 : +
-----------------------------------------------------------------------------------------
it= 4   ncol= 1570  ncstr= 570  mt= 0.3   spt= 0.1   lpval= 94005.4   ub= 94043.0  
-----------------------------------------------------------------------------------------
elapsed time= 101.88 s.
-----------------------------------------------------------------------------------------
candidate= 74-252 : -
-----------------------------------------------------------------------------------------
it= 3   ncol= 1529  ncstr= 570  mt= 0.3   spt= 0.0   lpval= 94008.7   ub= 94043.0  
-----------------------------------------------------------------------------------------
elapsed time= 102.23 s.
-----------------------------------------------------------------------------------------
candidate= 74-252 : +
-----------------------------------------------------------------------------------------
it= 4   ncol= 1562  ncstr= 570  mt= 0.3   spt= 0.1   lpval= 94005.4   ub= 94043.0  
-----------------------------------------------------------------------------------------
elapsed time= 102.61 s.
-----------------------------------------------------------------------------------------
brc= 74-217
t= 0.161412 c= 66.7014 n= 0 if_b4= 0
t= 0.394558 c= 82.0535 n= 0 if_b4= 0
#########################################################################################
tree size= 1 lb= 94000.9 ub= 94043
#########################################################################################
idx= 1 value= 94000.9 enu= 1
brc= 50-103 : -
brc= 76-103 : -
brc= 49-105 : -
brc= 70-133 : +
brc= 164-295 : -
brc= 24-250 : -
brc= 57-64 : +
brc= 100-119 : +
brc= 62-296 : +
brc= 127-145 : -
brc= 270-279 : -
brc= 95-281 : +
brc= 233-246 : -
brc= 141-164 : -
brc= 108-127 : -
brc= 303-311 : -
brc= 43-164 : +
brc= 74-217 : +
it= 4   ncol= 1548  ncstr= 569  mt= 0.3   spt= 0.0   lpval= 94005.4   ub= 94043.0  
-----------------------------------------------------------------------------------------
elapsed time= 104.84 s.
-----------------------------------------------------------------------------------------
delete columns= 69831 remain= 121851
 ****** Separate RCCs ****** 
 ****** Separate Rank1Cuts ****** 
it= 3   ncol= 1548  ncstr= 561  mt= 0.0   spt= 0.0   lpval= 94006.9   ub= 94043.0  
-----------------------------------------------------------------------------------------
elapsed time= 106.03 s.
-----------------------------------------------------------------------------------------
columns pending deletion= 24782 remain= 121851 col ratio= 0.79662 row ratio= 0.932264
 ****** Separate RCCs ****** 
 ****** Separate Rank1Cuts ****** 
it= 3   ncol= 1553  ncstr= 621  mt= 0.0   spt= 0.0   lpval= 94007.7   ub= 94043.0  
-----------------------------------------------------------------------------------------
elapsed time= 106.70 s.
-----------------------------------------------------------------------------------------
columns pending deletion= 36578 remain= 121851 col ratio= 0.699814 row ratio= 0.867955
[1;36m[REMIND] 2: gap improved= 0.836244 ratio= 0.023692 threshold= 0.040000 in function increaseCondition2 at /blue/yu.yang1/you.z/route_opt/packages/application/X-n313-k71/src/main/src/call_cutting.cpp:74[0m
 ****** Separate RCCs ****** 
 ****** Separate Rank1Cuts ****** 
it= 3   ncol= 1563  ncstr= 712  mt= 0.0   spt= 0.0   lpval= 94008.4   ub= 94043.0  
-----------------------------------------------------------------------------------------
elapsed time= 107.47 s.
-----------------------------------------------------------------------------------------
delete columns= 44387 remain= 77464
[1;36m[REMIND] 2: gap improved= 0.684988 ratio= 0.019791 threshold= 0.040000 in function increaseCondition2 at /blue/yu.yang1/you.z/route_opt/packages/application/X-n313-k71/src/main/src/call_cutting.cpp:74[0m
 ****** Separate RCCs ****** 
 ****** Separate Rank1Cuts ****** 
it= 2   ncol= 1581  ncstr= 587  mt= 0.0   spt= 0.0   lpval= 94008.7   ub= 94043.0  
-----------------------------------------------------------------------------------------
elapsed time= 108.57 s.
-----------------------------------------------------------------------------------------
columns pending deletion= 3461 remain= 77464 col ratio= 0.955321 row ratio= 0.938671
[1;36m[REMIND] 2: gap improved= 0.280527 ratio= 0.008171 threshold= 0.040000 in function increaseCondition2 at /blue/yu.yang1/you.z/route_opt/packages/application/X-n313-k71/src/main/src/call_cutting.cpp:74[0m
[1;36m[REMIND] tail off counter= 3 threshold= 3 in function setIfTailOff at /blue/yu.yang1/you.z/route_opt/packages/application/X-n313-k71/src/main/src/call_cutting.cpp:150[0m
current_r_best= 5.64893
alpha= 0.37 beta= 6.07741 omega= 413.236 k1= 26
lb_k= 1 ub_k= 37
revise: lb_k= 21 ub_k= 31
opt_k= 27
alpha= 0.75 beta= 6.07741 omega= 207.963 k1= 3
lb_k= 1 ub_k= 3
revise: lb_k= 1 ub_k= 3
opt_k= 3
pseudo= 50 frac= 50
#candidates in phase1= 27
testing lp time= 9.63 s.
-----------------------------------------------------------------------------------------
 83-91  ,  38.25|  13-105 ,  30.77|  40-146 ,  30.62|  40-77  ,  30.61| 109-138 ,  26.26| 
162-208 ,  26.08|  12-103 ,  19.97|  13-65  ,  16.89| 232-275 ,  16.54| 112-165 ,  15.53| 
 24-112 ,  15.04|  12-134 ,  14.43| 206-310 ,  14.38| 165-280 ,  13.99| 112-131 ,  13.17| 
165-190 ,  12.48|   6-237 ,   8.47| 147-281 ,   7.46| 138-246 ,   7.31| 147-174 ,   6.38| 
 24-29  ,   5.10| 236-311 ,   5.06|  60-89  ,   2.37| 250-278 ,   1.08| 190-250 ,   0.96| 
  1-85  ,   0.00|  54-239 ,   0.00| 
-----------------------------------------------------------------------------------------
edge= 40 146 lp= 33.0919 pre= 2 lp2= 0.925285 pre2= 2 score= 30.6194
-----------------------------------------------------------------------------------------
edge= 13 105 lp= 0.929969 pre= 2 lp2= 33.0919 pre2= 2 score= 30.7744
-----------------------------------------------------------------------------------------
edge= 83 91 lp= 33.0919 pre= 2 lp2= 1.15602 pre2= 2 score= 38.2549
-----------------------------------------------------------------------------------------
candidate= 83-91 : -
-----------------------------------------------------------------------------------------
it= 5   ncol= 1694  ncstr= 588  mt= 0.3   spt= 0.0   lpval= 94025.9   ub= 94043.0  
-----------------------------------------------------------------------------------------
elapsed time= 118.58 s.
-----------------------------------------------------------------------------------------
candidate= 13-105 : -
-----------------------------------------------------------------------------------------
it= 3   ncol= 1582  ncstr= 588  mt= 0.3   spt= 0.0   lpval= 94009.5   ub= 94043.0  
-----------------------------------------------------------------------------------------
elapsed time= 118.90 s.
-----------------------------------------------------------------------------------------
candidate= 40-146 : -
-----------------------------------------------------------------------------------------
it= 7   ncol= 1742  ncstr= 588  mt= 0.4   spt= 0.0   lpval= 94029.4   ub= 94043.0  
-----------------------------------------------------------------------------------------
elapsed time= 119.38 s.
-----------------------------------------------------------------------------------------
candidate= 13-105 : +
-----------------------------------------------------------------------------------------
it= 6   ncol= 1718  ncstr= 588  mt= 0.5   spt= 0.0   lpval= 94028.7   ub= 94043.0  
-----------------------------------------------------------------------------------------
elapsed time= 119.91 s.
-----------------------------------------------------------------------------------------
candidate= 83-91 : +
-----------------------------------------------------------------------------------------
it= 3   ncol= 1585  ncstr= 588  mt= 0.3   spt= 0.0   lpval= 94009.5   ub= 94043.0  
-----------------------------------------------------------------------------------------
elapsed time= 120.23 s.
-----------------------------------------------------------------------------------------
candidate= 40-146 : +
-----------------------------------------------------------------------------------------
it= 3   ncol= 1587  ncstr= 588  mt= 0.3   spt= 0.0   lpval= 94009.5   ub= 94043.0  
-----------------------------------------------------------------------------------------
elapsed time= 120.59 s.
-----------------------------------------------------------------------------------------
brc= 40-146
t= 0.16988 c= 36.0197 n= 1 if_b4= 0
t= 0.395496 c= 45.5089 n= 1 if_b4= 0
#########################################################################################
tree size= 2 lb= 94000.9 ub= 94043
#########################################################################################
idx= 2 value= 94000.9 enu= 1
brc= 50-103 : -
brc= 76-103 : -
brc= 49-105 : -
brc= 70-133 : +
brc= 164-295 : -
brc= 24-250 : -
brc= 57-64 : +
brc= 100-119 : +
brc= 62-296 : +
brc= 127-145 : -
brc= 270-279 : -
brc= 95-281 : +
brc= 233-246 : -
brc= 141-164 : -
brc= 108-127 : -
brc= 303-311 : -
brc= 43-164 : +
brc= 74-217 : -
it= 5   ncol= 1612  ncstr= 569  mt= 0.1   spt= 0.1   lpval= 94011.9   ub= 94043.0  
-----------------------------------------------------------------------------------------
elapsed time= 121.86 s.
-----------------------------------------------------------------------------------------
delete columns= 135585 remain= 56294
 ****** Separate RCCs ****** 
 ****** Separate Rank1Cuts ****** 
it= 4   ncol= 1558  ncstr= 584  mt= 0.0   spt= 0.0   lpval= 94015.5   ub= 94043.0  
-----------------------------------------------------------------------------------------
elapsed time= 122.64 s.
-----------------------------------------------------------------------------------------
delete columns= 21842 remain= 34452
 ****** Separate RCCs ****** 
 ****** Separate Rank1Cuts ****** 
it= 3   ncol= 1557  ncstr= 603  mt= 0.0   spt= 0.0   lpval= 94016.4   ub= 94043.0  
-----------------------------------------------------------------------------------------
elapsed time= 123.61 s.
-----------------------------------------------------------------------------------------
columns pending deletion= 6668 remain= 34452 col ratio= 0.806455 row ratio= 0.900498
[1;36m[REMIND] 2: gap improved= 0.894769 ratio= 0.033684 threshold= 0.040000 in function increaseCondition2 at /blue/yu.yang1/you.z/route_opt/packages/application/X-n313-k71/src/main/src/call_cutting.cpp:74[0m
 ****** Separate RCCs ****** 
 ****** Separate Rank1Cuts ****** 
it= 3   ncol= 1535  ncstr= 689  mt= 0.0   spt= 0.0   lpval= 94017.2   ub= 94043.0  
-----------------------------------------------------------------------------------------
elapsed time= 124.35 s.
-----------------------------------------------------------------------------------------
columns pending deletion= 9334 remain= 34452 col ratio= 0.729072 row ratio= 0.825835
[1;36m[REMIND] 2: gap improved= 0.807143 ratio= 0.031338 threshold= 0.040000 in function increaseCondition2 at /blue/yu.yang1/you.z/route_opt/packages/application/X-n313-k71/src/main/src/call_cutting.cpp:74[0m
 ****** Separate RCCs ****** 
 ****** Separate Rank1Cuts ****** 
it= 2   ncol= 1535  ncstr= 738  mt= 0.0   spt= 0.0   lpval= 94017.6   ub= 94043.0  
-----------------------------------------------------------------------------------------
elapsed time= 124.86 s.
-----------------------------------------------------------------------------------------
delete columns= 10720 remain= 23732
[1;36m[REMIND] 2: gap improved= 0.362327 ratio= 0.014268 threshold= 0.040000 in function increaseCondition2 at /blue/yu.yang1/you.z/route_opt/packages/application/X-n313-k71/src/main/src/call_cutting.cpp:74[0m
[1;36m[REMIND] tail off counter= 3 threshold= 3 in function setIfTailOff at /blue/yu.yang1/you.z/route_opt/packages/application/X-n313-k71/src/main/src/call_cutting.cpp:150[0m
current_r_best= 8.26996
alpha= 0.37 beta= 3.07063 omega= 212.03 k1= 13
lb_k= 1 ub_k= 37
revise: lb_k= 10 ub_k= 16
opt_k= 13
alpha= 0.75 beta= 3.07063 omega= 115.068 k1= 3
lb_k= 1 ub_k= 3
revise: lb_k= 2 ub_k= 3
opt_k= 3
pseudo= 50 frac= 50
#candidates in phase1= 13
testing lp time= 4.39 s.
-----------------------------------------------------------------------------------------
131-279 ,  39.39| 232-275 ,  22.77| 164-175 ,  22.21|  40-77  ,  20.62| 217-279 ,  17.57| 
115-269 ,  16.19| 112-279 ,  14.14|  18-301 ,  10.78| 207-269 ,  10.36|  13-65  ,   9.89| 
236-311 ,   7.04| 258-311 ,   4.63|  78-93  ,   3.99| 
-----------------------------------------------------------------------------------------
edge= 164 175 lp= 11.6355 pre= 2 lp2= 1.9089 pre2= 2 score= 22.2111
-----------------------------------------------------------------------------------------
edge= 232 275 lp= 15.4541 pre= 2 lp2= 1.47325 pre2= 2 score= 22.7677
-----------------------------------------------------------------------------------------
edge= 131 279 lp= 1.89853 pre= 2 lp2= 20.7457 pre2= 2 score= 39.3863
-----------------------------------------------------------------------------------------
candidate= 131-279 : -
-----------------------------------------------------------------------------------------
it= 2   ncol= 1545  ncstr= 575  mt= 0.3   spt= 0.0   lpval= 94019.5   ub= 94043.0  
-----------------------------------------------------------------------------------------
elapsed time= 129.97 s.
-----------------------------------------------------------------------------------------
candidate= 131-279 : +
-----------------------------------------------------------------------------------------
it= 4   ncol= 1589  ncstr= 575  mt= 0.3   spt= 0.0   lpval= 94035.3   ub= 94043.0  
-----------------------------------------------------------------------------------------
elapsed time= 130.29 s.
-----------------------------------------------------------------------------------------
brc= 131-279
t= 0.169598 c= 25.3275 n= 2 if_b4= 0
t= 0.363817 c= 32.2859 n= 2 if_b4= 0
#########################################################################################
tree size= 3 lb= 94008.7 ub= 94043
#########################################################################################
idx= 3 value= 94008.7 enu= 1
brc= 50-103 : -
brc= 76-103 : -
brc= 49-105 : -
brc= 70-133 : +
brc= 164-295 : -
brc= 24-250 : -
brc= 57-64 : +
brc= 100-119 : +
brc= 62-296 : +
brc= 127-145 : -
brc= 270-279 : -
brc= 95-281 : +
brc= 233-246 : -
brc= 141-164 : -
brc= 108-127 : -
brc= 303-311 : -
brc= 43-164 : +
brc= 74-217 : +
brc= 40-146 : +
it= 3   ncol= 1569  ncstr= 587  mt= 0.3   spt= 0.0   lpval= 94009.5   ub= 94043.0  
-----------------------------------------------------------------------------------------
elapsed time= 131.53 s.
-----------------------------------------------------------------------------------------
columns pending deletion= 5771 remain= 73920 col ratio= 0.921929 row ratio= 0.935264
 ****** Separate RCCs ****** 
 ****** Separate Rank1Cuts ****** 
it= 3   ncol= 1572  ncstr= 641  mt= 0.0   spt= 0.0   lpval= 94010.2   ub= 94043.0  
-----------------------------------------------------------------------------------------
elapsed time= 132.22 s.
-----------------------------------------------------------------------------------------
columns pending deletion= 13253 remain= 73920 col ratio= 0.820712 row ratio= 0.862715
[1;36m[REMIND] 2: gap improved= 0.748602 ratio= 0.022822 threshold= 0.040000 in function increaseCondition2 at /blue/yu.yang1/you.z/route_opt/packages/application/X-n313-k71/src/main/src/call_cutting.cpp:74[0m
 ****** Separate RCCs ****** 
 ****** Separate Rank1Cuts ****** 
it= 3   ncol= 1577  ncstr= 740  mt= 0.0   spt= 0.0   lpval= 94010.5   ub= 94043.0  
-----------------------------------------------------------------------------------------
elapsed time= 132.82 s.
-----------------------------------------------------------------------------------------
columns pending deletion= 16210 remain= 73920 col ratio= 0.780709 row ratio= 0.77973
[1;36m[REMIND] 2: gap improved= 0.330728 ratio= 0.010185 threshold= 0.040000 in function increaseCondition2 at /blue/yu.yang1/you.z/route_opt/packages/application/X-n313-k71/src/main/src/call_cutting.cpp:74[0m
 ****** Separate RCCs ****** 
 ****** Separate Rank1Cuts ****** 
it= 3   ncol= 1597  ncstr= 768  mt= 0.1   spt= 0.0   lpval= 94010.8   ub= 94043.0  
-----------------------------------------------------------------------------------------
elapsed time= 133.42 s.
-----------------------------------------------------------------------------------------
delete columns= 18810 remain= 55110
[1;36m[REMIND] 2: gap improved= 0.236059 ratio= 0.007323 threshold= 0.040000 in function increaseCondition2 at /blue/yu.yang1/you.z/route_opt/packages/application/X-n313-k71/src/main/src/call_cutting.cpp:74[0m
[1;36m[REMIND] tail off counter= 3 threshold= 3 in function setIfTailOff at /blue/yu.yang1/you.z/route_opt/packages/application/X-n313-k71/src/main/src/call_cutting.cpp:150[0m
current_r_best= 8.26996
alpha= 0.37 beta= 3.89779 omega= 149.339 k1= 12
lb_k= 1 ub_k= 37
revise: lb_k= 10 ub_k= 15
opt_k= 13
alpha= 0.75 beta= 3.89779 omega= 88.7421 k1= 3
lb_k= 1 ub_k= 3
revise: lb_k= 2 ub_k= 3
opt_k= 3
pseudo= 50 frac= 50
#candidates in phase1= 13
testing lp time= 4.66 s.
-----------------------------------------------------------------------------------------
232-275 ,  26.16| 208-230 ,  21.77|   0-242 ,  21.01| 162-208 ,  20.81|  24-299 ,  13.42| 
 13-65  ,  11.05| 165-280 ,   6.96| 118-296 ,   6.21| 101-104 ,   5.82|  49-101 ,   5.82| 
  2-30  ,   1.57|   6-150 ,   0.00|  60-128 ,   0.00| 
-----------------------------------------------------------------------------------------
edge= 0 242 lp= 22.3495 pre= 2 lp2= 0.939937 pre2= 2 score= 21.0071
-----------------------------------------------------------------------------------------
edge= 208 230 lp= 0.819042 pre= 2 lp2= 26.5796 pre2= 2 score= 21.7698
-----------------------------------------------------------------------------------------
edge= 232 275 lp= 15.5253 pre= 2 lp2= 1.68497 pre2= 2 score= 26.1596
-----------------------------------------------------------------------------------------
candidate= 232-275 : -
-----------------------------------------------------------------------------------------
it= 2   ncol= 1605  ncstr= 579  mt= 0.3   spt= 0.0   lpval= 94025.9   ub= 94043.0  
-----------------------------------------------------------------------------------------
elapsed time= 139.00 s.
-----------------------------------------------------------------------------------------
candidate= 232-275 : +
-----------------------------------------------------------------------------------------
it= 3   ncol= 1614  ncstr= 579  mt= 0.3   spt= 0.0   lpval= 94012.4   ub= 94043.0  
-----------------------------------------------------------------------------------------
elapsed time= 139.33 s.
-----------------------------------------------------------------------------------------
brc= 232-275
t= 0.172025 c= 19.7859 n= 3 if_b4= 0
t= 0.355976 c= 25.5043 n= 3 if_b4= 0
#########################################################################################
tree size= 4 lb= 94008.7 ub= 94043
#########################################################################################
idx= 4 value= 94008.7 enu= 1
brc= 50-103 : -
brc= 76-103 : -
brc= 49-105 : -
brc= 70-133 : +
brc= 164-295 : -
brc= 24-250 : -
brc= 57-64 : +
brc= 100-119 : +
brc= 62-296 : +
brc= 127-145 : -
brc= 270-279 : -
brc= 95-281 : +
brc= 233-246 : -
brc= 141-164 : -
brc= 108-127 : -
brc= 303-311 : -
brc= 43-164 : +
brc= 74-217 : +
brc= 40-146 : -
it= 6   ncol= 1709  ncstr= 587  mt= 0.3   spt= 0.0   lpval= 94029.4   ub= 94043.0  
-----------------------------------------------------------------------------------------
elapsed time= 140.75 s.
-----------------------------------------------------------------------------------------
delete columns= 70629 remain= 3287
 ****** Separate RCCs ****** 
 ****** Separate Rank1Cuts ****** 
it= 3   ncol= 1349  ncstr= 544  mt= 0.0   spt= 0.0   lpval= 94036.0   ub= 94043.0  
-----------------------------------------------------------------------------------------
elapsed time= 141.53 s.
-----------------------------------------------------------------------------------------
delete columns= 2195 remain= 1092
mip: row= 495 col= 2137 density= 3.35418%
mip time= 0.22 s.
mip status= 3
update f from 0 to 7.0291
#########################################################################################
tree size= 3 lb= 94010.8 ub= 94043
#########################################################################################
idx= 7 value= 94010.8 enu= 1
brc= 50-103 : -
brc= 76-103 : -
brc= 49-105 : -
brc= 70-133 : +
brc= 164-295 : -
brc= 24-250 : -
brc= 57-64 : +
brc= 100-119 : +
brc= 62-296 : +
brc= 127-145 : -
brc= 270-279 : -
brc= 95-281 : +
brc= 233-246 : -
brc= 141-164 : -
brc= 108-127 : -
brc= 303-311 : -
brc= 43-164 : +
brc= 74-217 : +
brc= 40-146 : +
brc= 232-275 : +
it= 3   ncol= 1592  ncstr= 578  mt= 0.3   spt= 0.0   lpval= 94012.4   ub= 94043.0  
-----------------------------------------------------------------------------------------
elapsed time= 142.32 s.
-----------------------------------------------------------------------------------------
columns pending deletion= 6641 remain= 55046 col ratio= 0.879355 row ratio= 0.961938
 ****** Separate RCCs ****** 
 ****** Separate Rank1Cuts ****** 
it= 3   ncol= 1592  ncstr= 608  mt= 0.0   spt= 0.0   lpval= 94013.6   ub= 94043.0  
-----------------------------------------------------------------------------------------
elapsed time= 142.81 s.
-----------------------------------------------------------------------------------------
columns pending deletion= 11819 remain= 55046 col ratio= 0.785289 row ratio= 0.925987
 ****** Separate RCCs ****** 
 ****** Separate Rank1Cuts ****** 
it= 2   ncol= 1594  ncstr= 637  mt= 0.0   spt= 0.0   lpval= 94013.8   ub= 94043.0  
-----------------------------------------------------------------------------------------
elapsed time= 143.33 s.
-----------------------------------------------------------------------------------------
columns pending deletion= 14554 remain= 55046 col ratio= 0.735603 row ratio= 0.896389
[1;36m[REMIND] 2: gap improved= 0.257241 ratio= 0.008819 threshold= 0.040000 in function increaseCondition2 at /blue/yu.yang1/you.z/route_opt/packages/application/X-n313-k71/src/main/src/call_cutting.cpp:74[0m
 ****** Separate RCCs ****** 
 ****** Separate Rank1Cuts ****** 
it= 2   ncol= 1594  ncstr= 647  mt= 0.0   spt= 0.0   lpval= 94014.0   ub= 94043.0  
-----------------------------------------------------------------------------------------
elapsed time= 143.82 s.
-----------------------------------------------------------------------------------------
columns pending deletion= 16296 remain= 55046 col ratio= 0.703957 row ratio= 0.88408
[1;36m[REMIND] 2: gap improved= 0.202480 ratio= 0.006990 threshold= 0.040000 in function increaseCondition2 at /blue/yu.yang1/you.z/route_opt/packages/application/X-n313-k71/src/main/src/call_cutting.cpp:74[0m
 ****** Separate Rank1Cuts ****** 
it= 3   ncol= 1594  ncstr= 653  mt= 0.0   spt= 0.0   lpval= 94014.0   ub= 94043.0  
-----------------------------------------------------------------------------------------
elapsed time= 144.25 s.
-----------------------------------------------------------------------------------------
columns pending deletion= 17235 remain= 55046 col ratio= 0.686898 row ratio= 0.87902
current_r_best= 8.26996
alpha= 0.37 beta= 2.6514 omega= 115.018 k1= 9
lb_k= 1 ub_k= 37
revise: lb_k= 7 ub_k= 11
opt_k= 9
alpha= 0.75 beta= 2.6514 omega= 71.646 k1= 3
lb_k= 1 ub_k= 3
revise: lb_k= 2 ub_k= 3
opt_k= 3
pseudo= 50 frac= 50
#candidates in phase1= 9
testing lp time= 4.12 s.
-----------------------------------------------------------------------------------------
206-310 ,  16.47| 162-208 ,  15.43| 194-200 ,  12.20|  13-65  ,   6.18| 247-273 ,   2.80| 
 77-104 ,   2.76|  16-167 ,   2.63|  16-186 ,   2.63| 111-193 ,   1.41| 
-----------------------------------------------------------------------------------------
edge= 194 200 lp= 0.880151 pre= 0 lp2= 13.858 pre2= 2 score= 12.1971
-----------------------------------------------------------------------------------------
edge= 162 208 lp= 12.7631 pre= 1 lp2= 1.20862 pre2= 1 score= 15.4257
-----------------------------------------------------------------------------------------
edge= 206 310 lp= 5.02076 pre= 0 lp2= 3.28015 pre2= 0 score= 16.4688
-----------------------------------------------------------------------------------------
brc= 206-310
t= 0.183421 c= 16.286 n= 4 if_b4= 0
t= 0.355976 c= 21.273 n= 4 if_b4= 0
#########################################################################################
tree size= 4 lb= 94010.8 ub= 94043
#########################################################################################
idx= 8 value= 94010.8 enu= 1
brc= 50-103 : -
brc= 76-103 : -
brc= 49-105 : -
brc= 70-133 : +
brc= 164-295 : -
brc= 24-250 : -
brc= 57-64 : +
brc= 100-119 : +
brc= 62-296 : +
brc= 127-145 : -
brc= 270-279 : -
brc= 95-281 : +
brc= 233-246 : -
brc= 141-164 : -
brc= 108-127 : -
brc= 303-311 : -
brc= 43-164 : +
brc= 74-217 : +
brc= 40-146 : +
brc= 232-275 : -
it= 3   ncol= 1605  ncstr= 578  mt= 0.0   spt= 0.0   lpval= 94025.9   ub= 94043.0  
-----------------------------------------------------------------------------------------
elapsed time= 149.56 s.
-----------------------------------------------------------------------------------------
delete columns= 47760 remain= 7336
 ****** Separate RCCs ****** 
 ****** Separate Rank1Cuts ****** 
it= 2   ncol= 1461  ncstr= 573  mt= 0.0   spt= 0.0   lpval= 94027.5   ub= 94043.0  
-----------------------------------------------------------------------------------------
elapsed time= 149.98 s.
-----------------------------------------------------------------------------------------
columns pending deletion= 1706 remain= 7336 col ratio= 0.767448 row ratio= 0.968586
mip: row= 555 col= 7059 density= 4.75871%
mip time= 8.82 s.
mip status= 6
update f from 7.0291 to 15.4695
#########################################################################################
tree size= 3 lb= 94014 ub= 94043
#########################################################################################
idx= 9 value= 94014 enu= 1
brc= 50-103 : -
brc= 76-103 : -
brc= 49-105 : -
brc= 70-133 : +
brc= 164-295 : -
brc= 24-250 : -
brc= 57-64 : +
brc= 100-119 : +
brc= 62-296 : +
brc= 127-145 : -
brc= 270-279 : -
brc= 95-281 : +
brc= 233-246 : -
brc= 141-164 : -
brc= 108-127 : -
brc= 303-311 : -
brc= 43-164 : +
brc= 74-217 : +
brc= 40-146 : +
brc= 232-275 : +
brc= 206-310 : +
it= 4   ncol= 1544  ncstr= 653  mt= 0.3   spt= 0.0   lpval= 94017.2   ub= 94043.0  
-----------------------------------------------------------------------------------------
elapsed time= 159.59 s.
-----------------------------------------------------------------------------------------
delete columns= 13260 remain= 21396
 ****** Separate Rank1Cuts ****** 
it= 3   ncol= 1544  ncstr= 576  mt= 0.0   spt= 0.0   lpval= 94018.2   ub= 94043.0  
-----------------------------------------------------------------------------------------
elapsed time= 160.17 s.
-----------------------------------------------------------------------------------------
columns pending deletion= 4370 remain= 21396 col ratio= 0.795756 row ratio= 0.927083
[1;36m[REMIND] 2: gap improved= 0.956943 ratio= 0.038576 threshold= 0.040000 in function increaseCondition2 at /blue/yu.yang1/you.z/route_opt/packages/application/X-n313-k71/src/main/src/call_cutting.cpp:74[0m
mip: row= 534 col= 18561 density= 3.94712%
mip time= 35.51 s.
mip status= 6
update f from 15.4695 to 24.8066
#########################################################################################
tree size= 2 lb= 94014 ub= 94043
#########################################################################################
idx= 10 value= 94014 enu= 1
brc= 50-103 : -
brc= 76-103 : -
brc= 49-105 : -
brc= 70-133 : +
brc= 164-295 : -
brc= 24-250 : -
brc= 57-64 : +
brc= 100-119 : +
brc= 62-296 : +
brc= 127-145 : -
brc= 270-279 : -
brc= 95-281 : +
brc= 233-246 : -
brc= 141-164 : -
brc= 108-127 : -
brc= 303-311 : -
brc= 43-164 : +
brc= 74-217 : +
brc= 40-146 : +
brc= 232-275 : +
brc= 206-310 : -
it= 4   ncol= 1596  ncstr= 653  mt= 0.1   spt= 0.0   lpval= 94018.8   ub= 94043.0  
-----------------------------------------------------------------------------------------
elapsed time= 196.19 s.
-----------------------------------------------------------------------------------------
delete columns= 19554 remain= 17615
 ****** Separate RCCs ****** 
 ****** Separate Rank1Cuts ****** 
it= 3   ncol= 1572  ncstr= 586  mt= 0.0   spt= 0.0   lpval= 94020.3   ub= 94043.0  
-----------------------------------------------------------------------------------------
elapsed time= 196.78 s.
-----------------------------------------------------------------------------------------
columns pending deletion= 4884 remain= 17615 col ratio= 0.722736 row ratio= 0.897611
mip: row= 526 col= 14282 density= 4.50493%
mip time= 24.17 s.
mip status= 6
#########################################################################################
tree size= 1 lb= 94017.6 ub= 94043
#########################################################################################
idx= 5 value= 94017.6 enu= 1
brc= 50-103 : -
brc= 76-103 : -
brc= 49-105 : -
brc= 70-133 : +
brc= 164-295 : -
brc= 24-250 : -
brc= 57-64 : +
brc= 100-119 : +
brc= 62-296 : +
brc= 127-145 : -
brc= 270-279 : -
brc= 95-281 : +
brc= 233-246 : -
brc= 141-164 : -
brc= 108-127 : -
brc= 303-311 : -
brc= 43-164 : +
brc= 74-217 : -
brc= 131-279 : +
it= 5   ncol= 1575  ncstr= 574  mt= 0.3   spt= 0.0   lpval= 94035.3   ub= 94043.0  
-----------------------------------------------------------------------------------------
elapsed time= 221.39 s.
-----------------------------------------------------------------------------------------
delete columns= 22192 remain= 1487
 ****** Separate RCCs ****** 
 ****** Separate Rank1Cuts ****** 
it= 3   ncol= 1157  ncstr= 547  mt= 0.0   spt= 0.0   lpval= 94037.9   ub= 94043.0  
-----------------------------------------------------------------------------------------
elapsed time= 221.96 s.
-----------------------------------------------------------------------------------------
delete columns= 600 remain= 887
mip: row= 509 col= 1831 density= 3.48731%
mip time= 0.13 s.
mip status= 3
#########################################################################################
tree size= 0 lb= 94017.6 ub= 94043
#########################################################################################
idx= 6 value= 94017.6 enu= 1
brc= 50-103 : -
brc= 76-103 : -
brc= 49-105 : -
brc= 70-133 : +
brc= 164-295 : -
brc= 24-250 : -
brc= 57-64 : +
brc= 100-119 : +
brc= 62-296 : +
brc= 127-145 : -
brc= 270-279 : -
brc= 95-281 : +
brc= 233-246 : -
brc= 141-164 : -
brc= 108-127 : -
brc= 303-311 : -
brc= 43-164 : +
brc= 74-217 : -
brc= 131-279 : -
it= 2   ncol= 1535  ncstr= 574  mt= 0.0   spt= 0.0   lpval= 94019.5   ub= 94043.0  
-----------------------------------------------------------------------------------------
elapsed time= 222.13 s.
-----------------------------------------------------------------------------------------
columns pending deletion= 5571 remain= 23726 col ratio= 0.765194 row ratio= 0.956446
 ****** Separate RCCs ****** 
 ****** Separate Rank1Cuts ****** 
it= 3   ncol= 1537  ncstr= 630  mt= 0.0   spt= 0.0   lpval= 94021.3   ub= 94043.0  
-----------------------------------------------------------------------------------------
elapsed time= 222.82 s.
-----------------------------------------------------------------------------------------
delete columns= 9184 remain= 14542
mip: row= 576 col= 16064 density= 4.80565%
mip time= 16.92 s.
mip status= 6
#########################################################################################
[32m<Instance: X-n313-k71>
<Solution>
<UB= 94043>
<LB= 94043>
<Elapsed Time= 240.2>
<Nodes Explored= 11>
<Global Gap= 0%>[0m
#########################################################################################
File nodes/X-n313-k71_3_2_0_0_2_4_G32.node deleted successfully.
