application type: CVRP
X-n313-k71_3_3_0_1_1_2_G32.node
Set parameter ServerTimeout to value 600
Set parameter TokenServer to value "grb-ts.ufhpc"
Set parameter Threads to value 1
instance name= X-n313-k71
#########################################################################################
tree size= 0 lb= 0 ub= 94044
#########################################################################################
idx= 5 value= 93994.3 enu= 0
brc= 50-103 : -
brc= 76-103 : -
brc= 49-105 : -
brc= 70-133 : +
brc= 164-295 : -
brc= 24-250 : -
brc= 57-64 : -
brc= 3-269 : +
brc= 100-119 : +
brc= 113-232 : -
brc= 109-138 : +
brc= 23-88 : -
brc= 33-281 : +
brc= 141-164 : -
brc= 74-95 : -
brc= 47-275 : +
-----------------------------------------------------------------------------------------
 ****** Pricing Level: LIGHT HEUR ****** 
it= 10  ncol= 1399  ncstr= 636  mt= 0.2   spt= 0.2   lpval= 94015.6   ub= 94043.0  
 ****** Pricing Level: HEAVY HEUR ****** 
it= 5   ncol= 1466  ncstr= 636  mt= 0.0   spt= 0.3   lpval= 94015.6   ub= 94043.0  
 ****** Pricing Level: EXACT ****** 
it= 5   ncol= 1518  ncstr= 636  mt= 0.2   spt= 4.9   lpval= 94008.5   ub= 94043.0  
-----------------------------------------------------------------------------------------
elapsed time= 9.95 s.
-----------------------------------------------------------------------------------------
-----------------------------------------------------------------------------------------
 ****** Run Arc Elimination ****** 
arc elimination time= 2.60 s.
previous= 64.1741% maximum= 1.988%
eliminate bucket arcs time= 0.46 s.
obtain jump arcs time= 0.01 s.
-----------------------------------------------------------------------------------------
-----------------------------------------------------------------------------------------
elapsed time= 13.37 s.
-----------------------------------------------------------------------------------------
-----------------------------------------------------------------------------------------
 ****** Try Enumeration ****** 
#labels= 122873 #routes= 3
labeling 1 time= 1.44 s.
concatenate time= 1.88 s.
#routes= 130794
average gap of successful enumeration= 0.000355997
next try value > 93991.5
-----------------------------------------------------------------------------------------
elapsed time= 16.77 s.
-----------------------------------------------------------------------------------------
 ****** Process Enumeration Matrix ****** 
delete non-ele routes lp val= 94008.6
recover rank1c lp val= 94008.6
recover rcc lp val= 94009.4
obtain rcc coefficient time= 0.03 s.
obtain r1c coefficient time= 0.19 s.
obtain matrix from triplets time= 0.17 s.
delete columns by branch time= 0.00 s.
columns pending deletion= 99 remain= 130794 col ratio= 0.999243 row ratio= 1
regenerate enumeration matrix time= 0.00 s.
-----------------------------------------------------------------------------------------
elapsed time= 19.00 s.
-----------------------------------------------------------------------------------------
it= 5   ncol= 1359  ncstr= 593  mt= 0.0   spt= 0.0   lpval= 94009.4   ub= 94043.0  
-----------------------------------------------------------------------------------------
elapsed time= 19.11 s.
-----------------------------------------------------------------------------------------
columns pending deletion= 42480 remain= 130794 col ratio= 0.675214 row ratio= 0.920742
 ****** Separate RCCs ****** 
 ****** Separate Rank1Cuts ****** 
it= 3   ncol= 1257  ncstr= 657  mt= 0.0   spt= 0.0   lpval= 94010.4   ub= 94043.0  
-----------------------------------------------------------------------------------------
elapsed time= 19.74 s.
-----------------------------------------------------------------------------------------
delete columns= 54953 remain= 75841
[1;36m[REMIND] 2: gap improved= 1.019818 ratio= 0.031307 threshold= 0.040000 in function increaseCondition2 at /blue/yu.yang1/you.z/route_opt/packages/application/X-n313-k71/src/main/src/call_cutting.cpp:74[0m
 ****** Separate RCCs ****** 
 ****** Separate Rank1Cuts ****** 
it= 3   ncol= 1282  ncstr= 616  mt= 0.0   spt= 0.0   lpval= 94011.0   ub= 94043.0  
-----------------------------------------------------------------------------------------
elapsed time= 20.89 s.
-----------------------------------------------------------------------------------------
columns pending deletion= 7037 remain= 75841 col ratio= 0.907214 row ratio= 0.933442
[1;36m[REMIND] 2: gap improved= 0.618669 ratio= 0.019360 threshold= 0.040000 in function increaseCondition2 at /blue/yu.yang1/you.z/route_opt/packages/application/X-n313-k71/src/main/src/call_cutting.cpp:74[0m
 ****** Separate RCCs ****** 
 ****** Separate Rank1Cuts ****** 
it= 4   ncol= 1300  ncstr= 713  mt= 0.1   spt= 0.0   lpval= 94011.7   ub= 94043.0  
-----------------------------------------------------------------------------------------
elapsed time= 21.66 s.
-----------------------------------------------------------------------------------------
columns pending deletion= 15749 remain= 75841 col ratio= 0.792342 row ratio= 0.830295
[1;36m[REMIND] 2: gap improved= 0.666370 ratio= 0.021297 threshold= 0.040000 in function increaseCondition2 at /blue/yu.yang1/you.z/route_opt/packages/application/X-n313-k71/src/main/src/call_cutting.cpp:74[0m
[1;36m[REMIND] tail off counter= 3 threshold= 3 in function setIfTailOff at /blue/yu.yang1/you.z/route_opt/packages/application/X-n313-k71/src/main/src/call_cutting.cpp:150[0m
[1;36m[REMIND] opt_k not found for node 5, use m directly in function getOptK at /blue/yu.yang1/you.z/route_opt/packages/branching/bkf/include/bkf_controller.hpp:239[0m
current_r_best= 12.6605
we directly test 100
we directly test 4
pseudo= 50 frac= 50
#candidates in phase1= 100
testing lp time= 50.75 s.
-----------------------------------------------------------------------------------------
175-252 , 286.50| 248-266 , 193.30| 181-220 , 119.92| 200-220 , 119.92|  27-59  , 113.30| 
 59-292 , 109.05|   0-59  , 108.02|   0-65  , 107.78|  62-68  , 103.95|   0-68  , 103.95| 
 62-296 ,  89.10| 193-259 ,  67.71| 224-278 ,  67.67|  13-104 ,  62.94|  56-141 ,  61.39| 
 57-130 ,  61.00| 181-242 ,  55.64|  21-42  ,  49.16|  59-68  ,  48.25|   0-208 ,  45.11| 
  0-134 ,  43.34|  62-182 ,  41.44| 278-299 ,  39.19|  23-59  ,  37.81| 196-235 ,  35.48| 
286-292 ,  32.18|  64-89  ,  30.73| 254-305 ,  30.04| 143-296 ,  28.58| 114-272 ,  27.98| 
  0-85  ,  27.78|  22-161 ,  25.46| 233-263 ,  24.50| 135-231 ,  22.90|   0-74  ,  22.58| 
  0-279 ,  21.59|  74-279 ,  21.59| 164-175 ,  21.07|   0-57  ,  19.36|  43-141 ,  19.25| 
294-305 ,  17.03|  51-84  ,  16.46|   0-62  ,  15.99| 127-145 ,  15.69|  33-228 ,  15.56| 
145-281 ,  15.56|  84-87  ,  14.94| 228-270 ,  14.20|   0-228 ,  13.31|   0-220 ,  12.99| 
  0-130 ,  12.55|   0-116 ,  12.45|   0-196 ,  11.05|  74-217 ,  10.85| 219-273 ,  10.58| 
138-246 ,   9.97|   0-132 ,   9.72| 192-286 ,   9.67|  11-259 ,   9.44|   0-223 ,   9.42| 
199-254 ,   9.26| 158-259 ,   8.88|  38-198 ,   8.85| 118-143 ,   8.50| 205-293 ,   8.47| 
270-279 ,   8.34|  21-191 ,   7.91| 177-251 ,   7.81| 116-145 ,   7.77|   0-145 ,   7.77| 
  0-235 ,   7.54|   0-143 ,   7.22| 166-177 ,   7.18| 132-155 ,   7.12|   0-218 ,   7.05| 
  0-173 ,   6.76| 221-270 ,   6.66| 179-282 ,   5.66|   5-195 ,   5.60| 259-293 ,   5.38| 
219-229 ,   5.03|   0-26  ,   4.41| 192-209 ,   4.07|   0-137 ,   3.88|  87-115 ,   3.82| 
 48-99  ,   3.67|   0-195 ,   3.26| 201-302 ,   3.25|   0-201 ,   3.25| 166-222 ,   3.25| 
  0-115 ,   3.11| 157-210 ,   2.67| 157-232 ,   2.32|  42-136 ,   2.17| 199-307 ,   2.08| 
  0-162 ,   1.98|   0-2   ,   1.83|   0-307 ,   1.55|  23-296 ,   0.47|  60-150 ,   0.00| 
-----------------------------------------------------------------------------------------
edge= 200 220 lp= 1.4476 pre= 2 lp2= 82.8394 pre2= 2 score= 119.918
-----------------------------------------------------------------------------------------
edge= 248 266 lp= 2.33337 pre= 2 lp2= 82.8394 pre2= 2 score= 193.295
-----------------------------------------------------------------------------------------
edge= 181 220 lp= 1.4476 pre= 2 lp2= 82.8394 pre2= 2 score= 119.918
-----------------------------------------------------------------------------------------
edge= 175 252 lp= 3.4585 pre= 2 lp2= 82.8394 pre2= 2 score= 286.5
-----------------------------------------------------------------------------------------
candidate= 175-252 : -
-----------------------------------------------------------------------------------------
it= 3   ncol= 1358  ncstr= 714  mt= 0.4   spt= 0.0   lpval= 94014.6   ub= 94043.0  
-----------------------------------------------------------------------------------------
elapsed time= 72.85 s.
-----------------------------------------------------------------------------------------
candidate= 175-252 : +
-----------------------------------------------------------------------------------------
it= 5   ncol= 1392  ncstr= 714  mt= 0.4   spt= 0.0   lpval= 94020.8   ub= 94043.0  
-----------------------------------------------------------------------------------------
elapsed time= 73.34 s.
-----------------------------------------------------------------------------------------
candidate= 248-266 : -
-----------------------------------------------------------------------------------------
it= 3   ncol= 1335  ncstr= 714  mt= 0.3   spt= 0.0   lpval= 94014.0   ub= 94043.0  
-----------------------------------------------------------------------------------------
elapsed time= 73.71 s.
-----------------------------------------------------------------------------------------
candidate= 248-266 : +
-----------------------------------------------------------------------------------------
it= 5   ncol= 1408  ncstr= 714  mt= 0.5   spt= 0.0   lpval= 94019.2   ub= 94043.0  
-----------------------------------------------------------------------------------------
elapsed time= 74.25 s.
-----------------------------------------------------------------------------------------
candidate= 200-220 : -
-----------------------------------------------------------------------------------------
it= 3   ncol= 1350  ncstr= 714  mt= 0.4   spt= 0.0   lpval= 94012.0   ub= 94043.0  
-----------------------------------------------------------------------------------------
elapsed time= 74.66 s.
-----------------------------------------------------------------------------------------
candidate= 181-220 : -
-----------------------------------------------------------------------------------------
it= 3   ncol= 1350  ncstr= 714  mt= 0.4   spt= 0.0   lpval= 94012.0   ub= 94043.0  
-----------------------------------------------------------------------------------------
elapsed time= 75.08 s.
-----------------------------------------------------------------------------------------
brc= 175-252
t= 0.253763 c= 20.2441 n= 0 if_b4= 0
t= 0.443181 c= 44.2909 n= 0 if_b4= 0
#########################################################################################
tree size= 1 lb= 94011.7 ub= 94043
#########################################################################################
idx= 1 value= 94011.7 enu= 1
brc= 50-103 : -
brc= 76-103 : -
brc= 49-105 : -
brc= 70-133 : +
brc= 164-295 : -
brc= 24-250 : -
brc= 57-64 : -
brc= 3-269 : +
brc= 100-119 : +
brc= 113-232 : -
brc= 109-138 : +
brc= 23-88 : -
brc= 33-281 : +
brc= 141-164 : -
brc= 74-95 : -
brc= 47-275 : +
brc= 175-252 : +
it= 4   ncol= 1379  ncstr= 713  mt= 0.4   spt= 0.0   lpval= 94020.8   ub= 94043.0  
-----------------------------------------------------------------------------------------
elapsed time= 76.79 s.
-----------------------------------------------------------------------------------------
delete columns= 43034 remain= 17003
 ****** Separate RCCs ****** 
 ****** Separate Rank1Cuts ****** 
it= 6   ncol= 1446  ncstr= 623  mt= 0.2   spt= 0.0   lpval= 94032.2   ub= 94043.0  
-----------------------------------------------------------------------------------------
elapsed time= 78.06 s.
-----------------------------------------------------------------------------------------
delete columns= 14371 remain= 2632
mip: row= 550 col= 3930 density= 3.64872%
mip time= 0.96 s.
mip status= 6
update f from 0 to 10.7503
#########################################################################################
tree size= 0 lb= 94011.7 ub= 94043
#########################################################################################
idx= 2 value= 94011.7 enu= 1
brc= 50-103 : -
brc= 76-103 : -
brc= 49-105 : -
brc= 70-133 : +
brc= 164-295 : -
brc= 24-250 : -
brc= 57-64 : -
brc= 3-269 : +
brc= 100-119 : +
brc= 113-232 : -
brc= 109-138 : +
brc= 23-88 : -
brc= 33-281 : +
brc= 141-164 : -
brc= 74-95 : -
brc= 47-275 : +
brc= 175-252 : -
it= 3   ncol= 1336  ncstr= 713  mt= 0.1   spt= 0.0   lpval= 94014.6   ub= 94043.0  
-----------------------------------------------------------------------------------------
elapsed time= 79.50 s.
-----------------------------------------------------------------------------------------
delete columns= 16878 remain= 43213
 ****** Separate RCCs ****** 
 ****** Separate Rank1Cuts ****** 
it= 5   ncol= 1362  ncstr= 627  mt= 0.1   spt= 0.0   lpval= 94016.1   ub= 94043.0  
-----------------------------------------------------------------------------------------
elapsed time= 80.22 s.
-----------------------------------------------------------------------------------------
columns pending deletion= 9883 remain= 43213 col ratio= 0.771296 row ratio= 0.909091
 ****** Separate RCCs ****** 
 ****** Separate Rank1Cuts ****** 
it= 3   ncol= 1373  ncstr= 712  mt= 0.0   spt= 0.0   lpval= 94017.4   ub= 94043.0  
-----------------------------------------------------------------------------------------
elapsed time= 80.92 s.
-----------------------------------------------------------------------------------------
delete columns= 15505 remain= 27708
 ****** Separate RCCs ****** 
 ****** Separate Rank1Cuts ****** 
it= 3   ncol= 1378  ncstr= 664  mt= 0.0   spt= 0.0   lpval= 94017.6   ub= 94043.0  
-----------------------------------------------------------------------------------------
elapsed time= 81.57 s.
-----------------------------------------------------------------------------------------
columns pending deletion= 1768 remain= 27708 col ratio= 0.936192 row ratio= 0.881024
[1;36m[REMIND] 2: gap improved= 0.272168 ratio= 0.010727 threshold= 0.040000 in function increaseCondition2 at /blue/yu.yang1/you.z/route_opt/packages/application/X-n313-k71/src/main/src/call_cutting.cpp:74[0m
 ****** Separate RCCs ****** 
 ****** Separate Rank1Cuts ****** 
it= 2   ncol= 1384  ncstr= 765  mt= 0.0   spt= 0.0   lpval= 94017.9   ub= 94043.0  
-----------------------------------------------------------------------------------------
elapsed time= 82.27 s.
-----------------------------------------------------------------------------------------
columns pending deletion= 3028 remain= 27708 col ratio= 0.890717 row ratio= 0.814379
[1;36m[REMIND] 2: gap improved= 0.285008 ratio= 0.011360 threshold= 0.040000 in function increaseCondition2 at /blue/yu.yang1/you.z/route_opt/packages/application/X-n313-k71/src/main/src/call_cutting.cpp:74[0m
 ****** Separate RCCs ****** 
 ****** Separate Rank1Cuts ****** 
it= 2   ncol= 1385  ncstr= 823  mt= 0.0   spt= 0.0   lpval= 94018.0   ub= 94043.0  
-----------------------------------------------------------------------------------------
elapsed time= 82.83 s.
-----------------------------------------------------------------------------------------
columns pending deletion= 3756 remain= 27708 col ratio= 0.864443 row ratio= 0.765492
[1;36m[REMIND] 2: gap improved= 0.107136 ratio= 0.004289 threshold= 0.040000 in function increaseCondition2 at /blue/yu.yang1/you.z/route_opt/packages/application/X-n313-k71/src/main/src/call_cutting.cpp:74[0m
[1;36m[REMIND] tail off counter= 3 threshold= 3 in function setIfTailOff at /blue/yu.yang1/you.z/route_opt/packages/application/X-n313-k71/src/main/src/call_cutting.cpp:150[0m
current_r_best= 4.55899
alpha= 0.37 beta= 3.12135 omega= 79.7757 k1= 8
lb_k= 1 ub_k= 37
revise: lb_k= 6 ub_k= 10
opt_k= 8
alpha= 0.75 beta= 3.12135 omega= 99.9386 k1= 3
lb_k= 1 ub_k= 3
revise: lb_k= 2 ub_k= 3
opt_k= 3
pseudo= 50 frac= 50
#candidates in phase1= 8
testing lp time= 5.65 s.
-----------------------------------------------------------------------------------------
 23-59  ,  83.05| 138-255 ,  28.18|  56-141 ,  27.46| 263-306 ,  24.10| 278-299 ,  23.76| 
 26-123 ,   6.03|   0-223 ,   5.14|  78-93  ,   4.09| 
-----------------------------------------------------------------------------------------
edge= 56 141 lp= 0.834738 pre= 0 lp2= 32.8984 pre2= 1 score= 27.4616
-----------------------------------------------------------------------------------------
edge= 138 255 lp= 0.540961 pre= 0 lp2= 52.1003 pre2= 2 score= 28.1842
-----------------------------------------------------------------------------------------
edge= 23 59 lp= 0.926195 pre= 0 lp2= 89.6628 pre2= 2 score= 83.0452
-----------------------------------------------------------------------------------------
candidate= 23-59 : +
-----------------------------------------------------------------------------------------
it= 4   ncol= 1491  ncstr= 824  mt= 0.6   spt= 0.0   lpval= 94097.5   ub= 94043.0  
-----------------------------------------------------------------------------------------
elapsed time= 89.08 s.
-----------------------------------------------------------------------------------------
brc= 23-59
t= 0.30332 c= 12.0012 n= 1 if_b4= 0
t= 0.522758 c= 25.2855 n= 1 if_b4= 0
#########################################################################################
tree size= 1 lb= 94018 ub= 94043
#########################################################################################
idx= 3 value= 94018 enu= 1
brc= 50-103 : -
brc= 76-103 : -
brc= 49-105 : -
brc= 70-133 : +
brc= 164-295 : -
brc= 24-250 : -
brc= 57-64 : -
brc= 3-269 : +
brc= 100-119 : +
brc= 113-232 : -
brc= 109-138 : +
brc= 23-88 : -
brc= 33-281 : +
brc= 141-164 : -
brc= 74-95 : -
brc= 47-275 : +
brc= 175-252 : -
brc= 23-59 : +
it= 4   ncol= 1457  ncstr= 823  mt= 0.6   spt= 0.0   lpval= 94097.5   ub= 94043.0  
-----------------------------------------------------------------------------------------
elapsed time= 91.09 s.
-----------------------------------------------------------------------------------------
#########################################################################################
tree size= 0 lb= 94018 ub= 94043
#########################################################################################
idx= 4 value= 94018 enu= 1
brc= 50-103 : -
brc= 76-103 : -
brc= 49-105 : -
brc= 70-133 : +
brc= 164-295 : -
brc= 24-250 : -
brc= 57-64 : -
brc= 3-269 : +
brc= 100-119 : +
brc= 113-232 : -
brc= 109-138 : +
brc= 23-88 : -
brc= 33-281 : +
brc= 141-164 : -
brc= 74-95 : -
brc= 47-275 : +
brc= 175-252 : -
brc= 23-59 : -
it= 3   ncol= 1433  ncstr= 823  mt= 0.0   spt= 0.0   lpval= 94018.9   ub= 94043.0  
-----------------------------------------------------------------------------------------
elapsed time= 91.15 s.
-----------------------------------------------------------------------------------------
columns pending deletion= 2939 remain= 23951 col ratio= 0.877291 row ratio= 0.741191
 ****** Separate RCCs ****** 
 ****** Separate Rank1Cuts ****** 
it= 3   ncol= 1415  ncstr= 880  mt= 0.0   spt= 0.0   lpval= 94019.2   ub= 94043.0  
-----------------------------------------------------------------------------------------
elapsed time= 91.72 s.
-----------------------------------------------------------------------------------------
delete columns= 4399 remain= 19552
[1;36m[REMIND] 2: gap improved= 0.283609 ratio= 0.011929 threshold= 0.040000 in function increaseCondition2 at /blue/yu.yang1/you.z/route_opt/packages/application/X-n313-k71/src/main/src/call_cutting.cpp:74[0m
 ****** Separate RCCs ****** 
 ****** Separate Rank1Cuts ****** 
it= 3   ncol= 1430  ncstr= 682  mt= 0.0   spt= 0.0   lpval= 94019.7   ub= 94043.0  
-----------------------------------------------------------------------------------------
elapsed time= 92.88 s.
-----------------------------------------------------------------------------------------
columns pending deletion= 1974 remain= 19552 col ratio= 0.899038 row ratio= 0.891496
[1;36m[REMIND] 2: gap improved= 0.466804 ratio= 0.020028 threshold= 0.040000 in function increaseCondition2 at /blue/yu.yang1/you.z/route_opt/packages/application/X-n313-k71/src/main/src/call_cutting.cpp:74[0m
mip: row= 608 col= 18998 density= 4.25954%
mip time= 18.89 s.
mip status= 6
update f from 10.7503 to 23.3076
#########################################################################################
[32m<Instance: X-n313-k71>
<Solution>
<UB= 94043>
<LB= 94043>
<Elapsed Time= 112.3>
<Nodes Explored= 5>
<Global Gap= 0%>[0m
#########################################################################################
File nodes/X-n313-k71_3_3_0_1_1_2_G32.node deleted successfully.
