application type: CVRP
X-n313-k71_4_1_0_0_4_2_G32.node
Set parameter ServerTimeout to value 600
Set parameter TokenServer to value "grb-ts.ufhpc"
Set parameter Threads to value 1
instance name= X-n313-k71
#########################################################################################
tree size= 0 lb= 0 ub= 94044
#########################################################################################
idx= 5 value= 93991.7 enu= 0
brc= 50-103 : -
brc= 76-103 : -
brc= 49-105 : -
brc= 70-133 : -
brc= 74-217 : +
brc= 250-278 : -
brc= 56-164 : +
brc= 7-54 : +
brc= 125-224 : +
brc= 303-311 : -
brc= 70-121 : -
brc= 71-203 : -
brc= 162-208 : -
brc= 126-152 : +
brc= 13-65 : -
brc= 57-130 : -
brc= 32-153 : +
-----------------------------------------------------------------------------------------
 ****** Pricing Level: LIGHT HEUR ****** 
it= 9   ncol= 1758  ncstr= 614  mt= 0.4   spt= 0.2   lpval= 94003.6   ub= 94043.0  
 ****** Pricing Level: HEAVY HEUR ****** 
it= 5   ncol= 1828  ncstr= 614  mt= 0.1   spt= 0.4   lpval= 94000.1   ub= 94043.0  
 ****** Pricing Level: EXACT ****** 
it= 3   ncol= 2205  ncstr= 614  mt= 0.1   spt= 3.3   lpval= 93999.7   ub= 94043.0  
-----------------------------------------------------------------------------------------
elapsed time= 8.31 s.
-----------------------------------------------------------------------------------------
-----------------------------------------------------------------------------------------
 ****** Run Arc Elimination ****** 
arc elimination time= 4.62 s.
previous= 77.1639% maximum= 2.4859%
eliminate bucket arcs time= 0.52 s.
obtain jump arcs time= 0.01 s.
-----------------------------------------------------------------------------------------
-----------------------------------------------------------------------------------------
elapsed time= 13.80 s.
-----------------------------------------------------------------------------------------
-----------------------------------------------------------------------------------------
 ****** Try Enumeration ****** 
#labels= 274681 #routes= 17
labeling 1 time= 7.14 s.
concatenate time= 12.71 s.
#routes= 458214
average gap of successful enumeration= 0.000449277
next try value > 93989.2
-----------------------------------------------------------------------------------------
elapsed time= 33.80 s.
-----------------------------------------------------------------------------------------
 ****** Process Enumeration Matrix ****** 
delete non-ele routes lp val= 94000.6
recover rank1c lp val= 94000.6
recover rcc lp val= 94001.6
obtain rcc coefficient time= 0.15 s.
obtain r1c coefficient time= 0.77 s.
obtain matrix from triplets time= 1.44 s.
delete columns by branch time= 0.00 s.
columns pending deletion= 1066 remain= 458214 col ratio= 0.997674 row ratio= 1
regenerate enumeration matrix time= 0.00 s.
-----------------------------------------------------------------------------------------
elapsed time= 38.20 s.
-----------------------------------------------------------------------------------------
it= 5   ncol= 1599  ncstr= 570  mt= 0.1   spt= 0.2   lpval= 94001.0   ub= 94043.0  
-----------------------------------------------------------------------------------------
elapsed time= 38.54 s.
-----------------------------------------------------------------------------------------
columns pending deletion= 130969 remain= 458214 col ratio= 0.714175 row ratio= 0.931579
 ****** Separate RCCs ****** 
 ****** Separate Rank1Cuts ****** 
it= 4   ncol= 1646  ncstr= 672  mt= 0.1   spt= 0.1   lpval= 94003.8   ub= 94043.0  
-----------------------------------------------------------------------------------------
elapsed time= 39.58 s.
-----------------------------------------------------------------------------------------
delete columns= 233105 remain= 225109
 ****** Separate RCCs ****** 
 ****** Separate Rank1Cuts ****** 
it= 5   ncol= 1765  ncstr= 719  mt= 0.1   spt= 0.1   lpval= 94005.2   ub= 94043.0  
-----------------------------------------------------------------------------------------
elapsed time= 41.47 s.
-----------------------------------------------------------------------------------------
delete columns= 55871 remain= 169238
[1;36m[REMIND] 2: gap improved= 1.311234 ratio= 0.034648 threshold= 0.040000 in function increaseCondition2 at /blue/yu.yang1/you.z/route_opt/packages/application/X-n313-k71/src/main/src/call_cutting.cpp:74[0m
 ****** Separate RCCs ****** 
 ****** Separate Rank1Cuts ****** 
it= 3   ncol= 1790  ncstr= 624  mt= 0.0   spt= 0.0   lpval= 94005.6   ub= 94043.0  
-----------------------------------------------------------------------------------------
elapsed time= 43.09 s.
-----------------------------------------------------------------------------------------
columns pending deletion= 12468 remain= 169238 col ratio= 0.926329 row ratio= 0.927885
[1;36m[REMIND] 2: gap improved= 0.453819 ratio= 0.012137 threshold= 0.040000 in function increaseCondition2 at /blue/yu.yang1/you.z/route_opt/packages/application/X-n313-k71/src/main/src/call_cutting.cpp:74[0m
 ****** Separate RCCs ****** 
 ****** Separate Rank1Cuts ****** 
it= 2   ncol= 1781  ncstr= 724  mt= 0.0   spt= 0.0   lpval= 94006.4   ub= 94043.0  
-----------------------------------------------------------------------------------------
elapsed time= 43.98 s.
-----------------------------------------------------------------------------------------
columns pending deletion= 22743 remain= 169238 col ratio= 0.865615 row ratio= 0.831492
[1;36m[REMIND] 2: gap improved= 0.746791 ratio= 0.020380 threshold= 0.040000 in function increaseCondition2 at /blue/yu.yang1/you.z/route_opt/packages/application/X-n313-k71/src/main/src/call_cutting.cpp:74[0m
[1;36m[REMIND] tail off counter= 3 threshold= 3 in function setIfTailOff at /blue/yu.yang1/you.z/route_opt/packages/application/X-n313-k71/src/main/src/call_cutting.cpp:150[0m
[1;36m[REMIND] opt_k not found for node 5, use m directly in function getOptK at /blue/yu.yang1/you.z/route_opt/packages/branching/bkf/include/bkf_controller.hpp:239[0m
current_r_best= 10.6303
we directly test 100
we directly test 4
pseudo= 50 frac= 50
#candidates in phase1= 100
testing lp time= 61.58 s.
-----------------------------------------------------------------------------------------
128-202 ,  82.77|   9-128 ,  77.39|   0-31  ,  73.35|  31-70  ,  73.35| 116-182 ,  67.22| 
137-150 ,  66.22|   0-153 ,  62.31|   0-85  ,  58.31|  34-153 ,  55.68| 106-139 ,  55.02| 
  0-13  ,  51.21|   6-9   ,  46.87|  59-68  ,  45.55|   0-76  ,  45.54|  59-76  ,  45.54| 
 34-182 ,  43.79|  57-64  ,  42.18|   0-95  ,  40.97|  51-84  ,  40.92|  59-292 ,  39.46| 
  0-59  ,  39.46| 234-312 ,  38.71|  74-252 ,  38.00|   0-57  ,  34.85|  12-76  ,  32.47| 
233-246 ,  32.42|  10-215 ,  29.79|  62-296 ,  29.03|  21-42  ,  27.38|   3-4   ,  26.89| 
  0-64  ,  26.85| 165-280 ,  26.37|  62-68  ,  26.03|   0-68  ,  26.03|  60-89  ,  25.34| 
 94-135 ,  23.39|   0-227 ,  22.70|   0-74  ,  22.35|  30-79  ,  21.54| 233-263 ,  21.00| 
136-143 ,  19.13| 199-307 ,  18.87| 109-138 ,  18.15| 187-213 ,  18.15|   0-306 ,  17.51| 
 71-306 ,  17.50| 263-306 ,  17.50|  87-174 ,  16.25|  89-237 ,  16.25| 240-275 ,  16.13| 
 29-131 ,  15.67| 109-213 ,  15.12| 103-138 ,  15.12| 138-203 ,  15.12|   0-127 ,  14.88| 
  0-136 ,  14.56| 100-275 ,  13.90|  57-84  ,  13.89|  30-89  ,  13.86|  30-269 ,  13.85| 
167-232 ,  13.69| 109-203 ,  13.21|   0-134 ,  12.99|  12-134 ,  12.99| 191-243 ,  11.93| 
  0-93  ,  11.35|  47-113 ,  10.47|   0-47  ,  10.47|   0-296 ,   9.89|  24-257 ,   9.72| 
  0-109 ,   9.35|  71-109 ,   9.35|   0-190 ,   8.23|   0-196 ,   7.50|  86-118 ,   7.31| 
 23-86  ,   7.31|   0-86  ,   7.31|   0-162 ,   6.73| 162-201 ,   6.73| 258-311 ,   6.58| 
 10-161 ,   6.57| 238-284 ,   6.50|   0-114 ,   6.34| 243-267 ,   5.98| 113-232 ,   5.60| 
149-195 ,   5.41| 236-311 ,   5.25| 181-305 ,   5.09|   0-17  ,   5.01|   3-269 ,   4.52| 
 11-259 ,   4.31| 166-222 ,   4.03| 219-273 ,   3.73|   0-237 ,   3.64| 214-289 ,   3.15| 
166-177 ,   3.00|  21-196 ,   2.54|   0-26  ,   2.13|   4-137 ,   0.79|   0-30  ,   0.28| 
-----------------------------------------------------------------------------------------
edge= 31 70 lp= 6.21151 pre= 2 lp2= 11.8094 pre2= 2 score= 73.3542
-----------------------------------------------------------------------------------------
edge= 9 128 lp= 3.21875 pre= 2 lp2= 24.0445 pre2= 2 score= 77.3932
-----------------------------------------------------------------------------------------
edge= 0 31 lp= 11.8094 pre= 2 lp2= 6.21151 pre2= 2 score= 73.3545
-----------------------------------------------------------------------------------------
edge= 128 202 lp= 2.67281 pre= 2 lp2= 30.967 pre2= 2 score= 82.769
-----------------------------------------------------------------------------------------
candidate= 128-202 : -
-----------------------------------------------------------------------------------------
it= 4   ncol= 1798  ncstr= 725  mt= 0.6   spt= 0.1   lpval= 94009.0   ub= 94043.0  
-----------------------------------------------------------------------------------------
elapsed time= 106.28 s.
-----------------------------------------------------------------------------------------
candidate= 128-202 : +
-----------------------------------------------------------------------------------------
it= 7   ncol= 1924  ncstr= 725  mt= 1.0   spt= 0.1   lpval= 94015.5   ub= 94043.0  
-----------------------------------------------------------------------------------------
elapsed time= 107.48 s.
-----------------------------------------------------------------------------------------
candidate= 9-128 : -
-----------------------------------------------------------------------------------------
it= 2   ncol= 1792  ncstr= 725  mt= 0.5   spt= 0.0   lpval= 94009.4   ub= 94043.0  
-----------------------------------------------------------------------------------------
elapsed time= 108.06 s.
-----------------------------------------------------------------------------------------
candidate= 0-31 : -
-----------------------------------------------------------------------------------------
it= 3   ncol= 1826  ncstr= 725  mt= 0.5   spt= 0.0   lpval= 94018.0   ub= 94043.0  
-----------------------------------------------------------------------------------------
elapsed time= 108.67 s.
-----------------------------------------------------------------------------------------
candidate= 31-70 : -
-----------------------------------------------------------------------------------------
it= 4   ncol= 1826  ncstr= 725  mt= 0.7   spt= 0.1   lpval= 94012.2   ub= 94043.0  
-----------------------------------------------------------------------------------------
elapsed time= 109.50 s.
-----------------------------------------------------------------------------------------
candidate= 0-31 : +
-----------------------------------------------------------------------------------------
it= 4   ncol= 1822  ncstr= 725  mt= 0.7   spt= 0.1   lpval= 94012.2   ub= 94043.0  
-----------------------------------------------------------------------------------------
elapsed time= 110.24 s.
-----------------------------------------------------------------------------------------
candidate= 9-128 : +
-----------------------------------------------------------------------------------------
it= 6   ncol= 1917  ncstr= 725  mt= 0.9   spt= 0.1   lpval= 94015.1   ub= 94043.0  
-----------------------------------------------------------------------------------------
elapsed time= 111.28 s.
-----------------------------------------------------------------------------------------
candidate= 31-70 : +
-----------------------------------------------------------------------------------------
it= 4   ncol= 1837  ncstr= 725  mt= 0.6   spt= 0.1   lpval= 94018.0   ub= 94043.0  
-----------------------------------------------------------------------------------------
elapsed time= 111.96 s.
-----------------------------------------------------------------------------------------
brc= 31-70
t= 0.307886 c= 44.3484 n= 0 if_b4= 0
t= 0.799475 c= 71.9391 n= 0 if_b4= 0
#########################################################################################
tree size= 1 lb= 94006.4 ub= 94043
#########################################################################################
idx= 1 value= 94006.4 enu= 1
brc= 50-103 : -
brc= 76-103 : -
brc= 49-105 : -
brc= 70-133 : -
brc= 74-217 : +
brc= 250-278 : -
brc= 56-164 : +
brc= 7-54 : +
brc= 125-224 : +
brc= 303-311 : -
brc= 70-121 : -
brc= 71-203 : -
brc= 162-208 : -
brc= 126-152 : +
brc= 13-65 : -
brc= 57-130 : -
brc= 32-153 : +
brc= 31-70 : +
it= 5   ncol= 1747  ncstr= 724  mt= 0.6   spt= 0.1   lpval= 94018.0   ub= 94043.0  
-----------------------------------------------------------------------------------------
elapsed time= 114.98 s.
-----------------------------------------------------------------------------------------
delete columns= 115682 remain= 30568
 ****** Separate RCCs ****** 
 ****** Separate Rank1Cuts ****** 
it= 3   ncol= 1668  ncstr= 602  mt= 0.0   spt= 0.0   lpval= 94018.8   ub= 94043.0  
-----------------------------------------------------------------------------------------
elapsed time= 115.52 s.
-----------------------------------------------------------------------------------------
columns pending deletion= 4449 remain= 30568 col ratio= 0.854456 row ratio= 0.938538
[1;36m[REMIND] 2: gap improved= 0.798742 ratio= 0.032979 threshold= 0.040000 in function increaseCondition2 at /blue/yu.yang1/you.z/route_opt/packages/application/X-n313-k71/src/main/src/call_cutting.cpp:74[0m
 ****** Separate RCCs ****** 
 ****** Separate Rank1Cuts ****** 
it= 4   ncol= 1673  ncstr= 705  mt= 0.0   spt= 0.0   lpval= 94019.1   ub= 94043.0  
-----------------------------------------------------------------------------------------
elapsed time= 116.25 s.
-----------------------------------------------------------------------------------------
columns pending deletion= 6875 remain= 30568 col ratio= 0.775092 row ratio= 0.819858
[1;36m[REMIND] 2: gap improved= 0.341876 ratio= 0.014318 threshold= 0.040000 in function increaseCondition2 at /blue/yu.yang1/you.z/route_opt/packages/application/X-n313-k71/src/main/src/call_cutting.cpp:74[0m
 ****** Separate RCCs ****** 
 ****** Separate Rank1Cuts ****** 
it= 3   ncol= 1660  ncstr= 730  mt= 0.0   spt= 0.0   lpval= 94019.3   ub= 94043.0  
-----------------------------------------------------------------------------------------
elapsed time= 116.75 s.
-----------------------------------------------------------------------------------------
delete columns= 8131 remain= 22437
[1;36m[REMIND] 2: gap improved= 0.159257 ratio= 0.006714 threshold= 0.040000 in function increaseCondition2 at /blue/yu.yang1/you.z/route_opt/packages/application/X-n313-k71/src/main/src/call_cutting.cpp:74[0m
[1;36m[REMIND] tail off counter= 3 threshold= 3 in function setIfTailOff at /blue/yu.yang1/you.z/route_opt/packages/application/X-n313-k71/src/main/src/call_cutting.cpp:150[0m
current_r_best= 9.34056
alpha= 0.37 beta= 2.5393 omega= 144.041 k1= 9
lb_k= 1 ub_k= 37
revise: lb_k= 7 ub_k= 11
opt_k= 10
alpha= 0.75 beta= 2.5393 omega= 89.9829 k1= 3
lb_k= 1 ub_k= 3
revise: lb_k= 2 ub_k= 3
opt_k= 3
pseudo= 50 frac= 50
#candidates in phase1= 10
testing lp time= 3.62 s.
-----------------------------------------------------------------------------------------
234-312 , 118.23|   1-103 , 117.84| 103-138 ,  87.92|  43-141 ,  77.11|   6-19  ,  74.12| 
196-235 ,  41.08|  59-76  ,  38.64|  71-109 ,  23.56|  49-103 ,  18.23|  57-64  ,  16.40| 
-----------------------------------------------------------------------------------------
edge= 103 138 lp= 1.04905 pre= 0 lp2= 83.8116 pre2= 2 score= 87.9224
-----------------------------------------------------------------------------------------
edge= 1 103 lp= 1.40603 pre= 2 lp2= 83.8116 pre2= 2 score= 117.841
-----------------------------------------------------------------------------------------
edge= 234 312 lp= 83.8116 pre= 2 lp2= 1.41069 pre2= 2 score= 118.233
-----------------------------------------------------------------------------------------
candidate= 234-312 : -
-----------------------------------------------------------------------------------------
it= 4   ncol= 1717  ncstr= 585  mt= 0.6   spt= 0.0   lpval= 94033.4   ub= 94043.0  
-----------------------------------------------------------------------------------------
elapsed time= 121.03 s.
-----------------------------------------------------------------------------------------
candidate= 1-103 : -
-----------------------------------------------------------------------------------------
it= 3   ncol= 1659  ncstr= 585  mt= 0.4   spt= 0.0   lpval= 94020.5   ub= 94043.0  
-----------------------------------------------------------------------------------------
elapsed time= 121.44 s.
-----------------------------------------------------------------------------------------
candidate= 1-103 : +
-----------------------------------------------------------------------------------------
it= 6   ncol= 1751  ncstr= 585  mt= 0.3   spt= 0.0   lpval= 94084.9   ub= 94043.0  
-----------------------------------------------------------------------------------------
elapsed time= 121.77 s.
-----------------------------------------------------------------------------------------
candidate= 103-138 : +
-----------------------------------------------------------------------------------------
it= 4   ncol= 1712  ncstr= 585  mt= 0.5   spt= 0.0   lpval= 94047.7   ub= 94043.0  
-----------------------------------------------------------------------------------------
elapsed time= 122.24 s.
-----------------------------------------------------------------------------------------
brc= 1-103
t= 0.244336 c= 23.8856 n= 1 if_b4= 0
t= 0.62827 c= 38.1278 n= 1 if_b4= 0
#########################################################################################
tree size= 2 lb= 94006.4 ub= 94043
#########################################################################################
idx= 2 value= 94006.4 enu= 1
brc= 50-103 : -
brc= 76-103 : -
brc= 49-105 : -
brc= 70-133 : -
brc= 74-217 : +
brc= 250-278 : -
brc= 56-164 : +
brc= 7-54 : +
brc= 125-224 : +
brc= 303-311 : -
brc= 70-121 : -
brc= 71-203 : -
brc= 162-208 : -
brc= 126-152 : +
brc= 13-65 : -
brc= 57-130 : -
brc= 32-153 : +
brc= 31-70 : -
it= 4   ncol= 1844  ncstr= 724  mt= 0.1   spt= 0.0   lpval= 94012.2   ub= 94043.0  
-----------------------------------------------------------------------------------------
elapsed time= 123.46 s.
-----------------------------------------------------------------------------------------
delete columns= 72259 remain= 74224
 ****** Separate RCCs ****** 
 ****** Separate Rank1Cuts ****** 
it= 3   ncol= 1836  ncstr= 628  mt= 0.1   spt= 0.0   lpval= 94014.8   ub= 94043.0  
-----------------------------------------------------------------------------------------
elapsed time= 124.26 s.
-----------------------------------------------------------------------------------------
columns pending deletion= 22940 remain= 74224 col ratio= 0.690936 row ratio= 0.909236
 ****** Separate RCCs ****** 
 ****** Separate Rank1Cuts ****** 
it= 3   ncol= 1834  ncstr= 728  mt= 0.0   spt= 0.0   lpval= 94016.6   ub= 94043.0  
-----------------------------------------------------------------------------------------
elapsed time= 125.13 s.
-----------------------------------------------------------------------------------------
delete columns= 34050 remain= 40174
 ****** Separate RCCs ****** 
 ****** Separate Rank1Cuts ****** 
it= 3   ncol= 1849  ncstr= 670  mt= 0.1   spt= 0.0   lpval= 94017.6   ub= 94043.0  
-----------------------------------------------------------------------------------------
elapsed time= 125.90 s.
-----------------------------------------------------------------------------------------
columns pending deletion= 6443 remain= 40174 col ratio= 0.839623 row ratio= 0.908955
[1;36m[REMIND] 2: gap improved= 1.007067 ratio= 0.039593 threshold= 0.040000 in function increaseCondition2 at /blue/yu.yang1/you.z/route_opt/packages/application/X-n313-k71/src/main/src/call_cutting.cpp:74[0m
 ****** Separate RCCs ****** 
 ****** Separate Rank1Cuts ****** 
it= 2   ncol= 1847  ncstr= 740  mt= 0.0   spt= 0.0   lpval= 94017.8   ub= 94043.0  
-----------------------------------------------------------------------------------------
elapsed time= 126.59 s.
-----------------------------------------------------------------------------------------
columns pending deletion= 9571 remain= 40174 col ratio= 0.761761 row ratio= 0.845946
[1;36m[REMIND] 2: gap improved= 0.237276 ratio= 0.009416 threshold= 0.040000 in function increaseCondition2 at /blue/yu.yang1/you.z/route_opt/packages/application/X-n313-k71/src/main/src/call_cutting.cpp:74[0m
 ****** Separate RCCs ****** 
 ****** Separate Rank1Cuts ****** 
it= 2   ncol= 1840  ncstr= 767  mt= 0.0   spt= 0.0   lpval= 94018.0   ub= 94043.0  
-----------------------------------------------------------------------------------------
elapsed time= 127.13 s.
-----------------------------------------------------------------------------------------
delete columns= 11770 remain= 28404
[1;36m[REMIND] 2: gap improved= 0.160139 ratio= 0.006396 threshold= 0.040000 in function increaseCondition2 at /blue/yu.yang1/you.z/route_opt/packages/application/X-n313-k71/src/main/src/call_cutting.cpp:74[0m
[1;36m[REMIND] tail off counter= 3 threshold= 3 in function setIfTailOff at /blue/yu.yang1/you.z/route_opt/packages/application/X-n313-k71/src/main/src/call_cutting.cpp:150[0m
current_r_best= 8.85084
alpha= 0.37 beta= 2.82892 omega= 97.7569 k1= 8
lb_k= 1 ub_k= 37
revise: lb_k= 7 ub_k= 10
opt_k= 9
alpha= 0.75 beta= 2.82892 omega= 60.687 k1= 3
lb_k= 1 ub_k= 3
revise: lb_k= 2 ub_k= 3
opt_k= 3
pseudo= 50 frac= 50
#candidates in phase1= 9
testing lp time= 4.06 s.
-----------------------------------------------------------------------------------------
234-312 , 153.62| 167-186 ,  20.43|  16-167 ,  16.59| 196-235 ,  11.03|   4-106 ,  10.71| 
 12-76  ,  10.22|  59-76  ,   9.10|  57-174 ,   9.08|   4-82  ,   8.20| 
-----------------------------------------------------------------------------------------
edge= 16 167 lp= 0.649382 pre= 0 lp2= 25.546 pre2= 1 score= 16.5891
-----------------------------------------------------------------------------------------
edge= 167 186 lp= 0.649379 pre= 0 lp2= 31.4626 pre2= 1 score= 20.4312
-----------------------------------------------------------------------------------------
edge= 234 312 lp= 61.1618 pre= 2 lp2= 2.51175 pre2= 0 score= 153.623
-----------------------------------------------------------------------------------------
candidate= 234-312 : -
-----------------------------------------------------------------------------------------
it= 4   ncol= 1886  ncstr= 634  mt= 0.7   spt= 0.0   lpval= 94032.2   ub= 94043.0  
-----------------------------------------------------------------------------------------
elapsed time= 132.51 s.
-----------------------------------------------------------------------------------------
brc= 234-312
t= 0.23811 c= 17.529 n= 2 if_b4= 0
t= 0.66978 c= 27.5753 n= 2 if_b4= 0
#########################################################################################
tree size= 3 lb= 94018 ub= 94043
#########################################################################################
idx= 5 value= 94018 enu= 1
brc= 50-103 : -
brc= 76-103 : -
brc= 49-105 : -
brc= 70-133 : -
brc= 74-217 : +
brc= 250-278 : -
brc= 56-164 : +
brc= 7-54 : +
brc= 125-224 : +
brc= 303-311 : -
brc= 70-121 : -
brc= 71-203 : -
brc= 162-208 : -
brc= 126-152 : +
brc= 13-65 : -
brc= 57-130 : -
brc= 32-153 : +
brc= 31-70 : -
brc= 234-312 : +
it= 3   ncol= 1848  ncstr= 633  mt= 0.6   spt= 0.0   lpval= 94020.2   ub= 94043.0  
-----------------------------------------------------------------------------------------
elapsed time= 134.16 s.
-----------------------------------------------------------------------------------------
columns pending deletion= 7607 remain= 28358 col ratio= 0.731751 row ratio= 0.903633
 ****** Separate RCCs ****** 
 ****** Separate Rank1Cuts ****** 
it= 3   ncol= 1804  ncstr= 685  mt= 0.0   spt= 0.0   lpval= 94021.5   ub= 94043.0  
-----------------------------------------------------------------------------------------
elapsed time= 134.74 s.
-----------------------------------------------------------------------------------------
delete columns= 11843 remain= 16515
mip: row= 596 col= 18296 density= 4.98647%
mip time= 17.08 s.
mip status= 6
update f from 0 to 21.5435
#########################################################################################
tree size= 2 lb= 94018 ub= 94043
#########################################################################################
idx= 6 value= 94018 enu= 1
brc= 50-103 : -
brc= 76-103 : -
brc= 49-105 : -
brc= 70-133 : -
brc= 74-217 : +
brc= 250-278 : -
brc= 56-164 : +
brc= 7-54 : +
brc= 125-224 : +
brc= 303-311 : -
brc= 70-121 : -
brc= 71-203 : -
brc= 162-208 : -
brc= 126-152 : +
brc= 13-65 : -
brc= 57-130 : -
brc= 32-153 : +
brc= 31-70 : -
brc= 234-312 : -
it= 3   ncol= 1880  ncstr= 633  mt= 0.3   spt= 0.0   lpval= 94032.2   ub= 94043.0  
-----------------------------------------------------------------------------------------
elapsed time= 152.27 s.
-----------------------------------------------------------------------------------------
delete columns= 25440 remain= 2961
 ****** Separate RCCs ****** 
 ****** Separate Rank1Cuts ****** 
it= 3   ncol= 1494  ncstr= 620  mt= 0.0   spt= 0.0   lpval= 94037.9   ub= 94043.0  
-----------------------------------------------------------------------------------------
elapsed time= 153.01 s.
-----------------------------------------------------------------------------------------
delete columns= 1909 remain= 1052
mip: row= 581 col= 2206 density= 3.93388%
mip time= 0.32 s.
mip status= 3
#########################################################################################
tree size= 1 lb= 94019.3 ub= 94043
#########################################################################################
idx= 3 value= 94019.3 enu= 1
brc= 50-103 : -
brc= 76-103 : -
brc= 49-105 : -
brc= 70-133 : -
brc= 74-217 : +
brc= 250-278 : -
brc= 56-164 : +
brc= 7-54 : +
brc= 125-224 : +
brc= 303-311 : -
brc= 70-121 : -
brc= 71-203 : -
brc= 162-208 : -
brc= 126-152 : +
brc= 13-65 : -
brc= 57-130 : -
brc= 32-153 : +
brc= 31-70 : +
brc= 1-103 : +
it= 4   ncol= 1708  ncstr= 584  mt= 0.4   spt= 0.0   lpval= 94084.9   ub= 94043.0  
-----------------------------------------------------------------------------------------
elapsed time= 153.73 s.
-----------------------------------------------------------------------------------------
#########################################################################################
tree size= 0 lb= 94019.3 ub= 94043
#########################################################################################
idx= 4 value= 94019.3 enu= 1
brc= 50-103 : -
brc= 76-103 : -
brc= 49-105 : -
brc= 70-133 : -
brc= 74-217 : +
brc= 250-278 : -
brc= 56-164 : +
brc= 7-54 : +
brc= 125-224 : +
brc= 303-311 : -
brc= 70-121 : -
brc= 71-203 : -
brc= 162-208 : -
brc= 126-152 : +
brc= 13-65 : -
brc= 57-130 : -
brc= 32-153 : +
brc= 31-70 : +
brc= 1-103 : -
it= 3   ncol= 1658  ncstr= 584  mt= 0.0   spt= 0.0   lpval= 94020.5   ub= 94043.0  
-----------------------------------------------------------------------------------------
elapsed time= 153.81 s.
-----------------------------------------------------------------------------------------
columns pending deletion= 2612 remain= 22434 col ratio= 0.88357 row ratio= 0.972603
 ****** Separate RCCs ****** 
 ****** Separate Rank1Cuts ****** 
it= 2   ncol= 1608  ncstr= 623  mt= 0.0   spt= 0.0   lpval= 94021.1   ub= 94043.0  
-----------------------------------------------------------------------------------------
elapsed time= 154.33 s.
-----------------------------------------------------------------------------------------
columns pending deletion= 4301 remain= 22434 col ratio= 0.808282 row ratio= 0.939005
[1;36m[REMIND] 2: gap improved= 0.664688 ratio= 0.030395 threshold= 0.040000 in function increaseCondition2 at /blue/yu.yang1/you.z/route_opt/packages/application/X-n313-k71/src/main/src/call_cutting.cpp:74[0m
mip: row= 585 col= 19731 density= 5.1927%
mip time= 15.36 s.
mip status= 6
update f from 21.5435 to 21.8686
#########################################################################################
[32m<Instance: X-n313-k71>
<Solution>
<UB= 94043>
<LB= 94043>
<Elapsed Time= 169.8>
<Nodes Explored= 7>
<Global Gap= 0%>[0m
#########################################################################################
File nodes/X-n313-k71_4_1_0_0_4_2_G32.node deleted successfully.
