application type: CVRP
X-n313-k71_4_1_0_1_8_5_G32.node
Set parameter ServerTimeout to value 600
Set parameter TokenServer to value "grb-ts.ufhpc"
Set parameter Threads to value 1
instance name= X-n313-k71
#########################################################################################
tree size= 0 lb= 0 ub= 94044
#########################################################################################
idx= 11 value= 93993 enu= 0
brc= 50-103 : -
brc= 76-103 : -
brc= 49-105 : -
brc= 70-133 : -
brc= 74-217 : +
brc= 250-278 : -
brc= 56-164 : +
brc= 7-54 : +
brc= 125-224 : -
brc= 107-287 : +
brc= 100-119 : -
brc= 233-246 : -
brc= 189-226 : -
brc= 137-150 : -
brc= 162-224 : -
brc= 126-152 : -
brc= 57-64 : -
brc= 30-79 : -
brc= 10-215 : +
brc= 70-121 : -
brc= 142-152 : -
brc= 23-88 : -
brc= 286-292 : -
brc= 26-83 : -
brc= 13-65 : +
-----------------------------------------------------------------------------------------
 ****** Pricing Level: LIGHT HEUR ****** 
it= 7   ncol= 1230  ncstr= 622  mt= 0.1   spt= 0.2   lpval= 93994.3   ub= 94043.0  
 ****** Pricing Level: HEAVY HEUR ****** 
it= 6   ncol= 1305  ncstr= 622  mt= 0.0   spt= 0.4   lpval= 93994.2   ub= 94043.0  
 ****** Pricing Level: EXACT ****** 
it= 4   ncol= 1513  ncstr= 622  mt= 0.1   spt= 5.0   lpval= 93994.2   ub= 94043.0  
-----------------------------------------------------------------------------------------
elapsed time= 9.70 s.
-----------------------------------------------------------------------------------------
-----------------------------------------------------------------------------------------
 ****** Run Arc Elimination ****** 
arc elimination time= 8.79 s.
previous= 90.2489% maximum= 2.81236%
eliminate bucket arcs time= 0.63 s.
obtain jump arcs time= 0.01 s.
-----------------------------------------------------------------------------------------
-----------------------------------------------------------------------------------------
elapsed time= 19.47 s.
-----------------------------------------------------------------------------------------
-----------------------------------------------------------------------------------------
 ****** Try Enumeration ****** 
#labels= 363736 #routes= 42
labeling 1 time= 12.87 s.
concatenate time= 30.30 s.
#routes= 813810
average gap of successful enumeration= 0.000508577
next try value > 93984.5
-----------------------------------------------------------------------------------------
elapsed time= 62.88 s.
-----------------------------------------------------------------------------------------
 ****** Process Enumeration Matrix ****** 
delete non-ele routes lp val= 93994.3
recover rank1c lp val= 93994.3
recover rcc lp val= 93995.8
obtain rcc coefficient time= 0.26 s.
obtain r1c coefficient time= 1.68 s.
obtain matrix from triplets time= 3.12 s.
delete columns by branch time= 0.00 s.
columns pending deletion= 573 remain= 813810 col ratio= 0.999296 row ratio= 1
regenerate enumeration matrix time= 0.00 s.
-----------------------------------------------------------------------------------------
elapsed time= 70.42 s.
-----------------------------------------------------------------------------------------
it= 4   ncol= 1307  ncstr= 583  mt= 0.1   spt= 0.3   lpval= 93995.4   ub= 94043.0  
-----------------------------------------------------------------------------------------
elapsed time= 70.86 s.
-----------------------------------------------------------------------------------------
columns pending deletion= 218512 remain= 813810 col ratio= 0.731495 row ratio= 0.933105
 ****** Separate RCCs ****** 
 ****** Separate Rank1Cuts ****** 
it= 4   ncol= 1312  ncstr= 640  mt= 0.1   spt= 0.3   lpval= 93997.5   ub= 94043.0  
-----------------------------------------------------------------------------------------
elapsed time= 72.37 s.
-----------------------------------------------------------------------------------------
delete columns= 363070 remain= 450740
 ****** Separate RCCs ****** 
 ****** Separate Rank1Cuts ****** 
it= 3   ncol= 1332  ncstr= 611  mt= 0.0   spt= 0.1   lpval= 93998.3   ub= 94043.0  
-----------------------------------------------------------------------------------------
elapsed time= 75.39 s.
-----------------------------------------------------------------------------------------
columns pending deletion= 65246 remain= 450740 col ratio= 0.855247 row ratio= 0.913257
[1;36m[REMIND] 2: gap improved= 0.797172 ratio= 0.017818 threshold= 0.040000 in function increaseCondition2 at /blue/yu.yang1/you.z/route_opt/packages/application/X-n313-k71/src/main/src/call_cutting.cpp:74[0m
 ****** Separate Rank1Cuts ****** 
it= 2   ncol= 1331  ncstr= 663  mt= 0.0   spt= 0.1   lpval= 93998.4   ub= 94043.0  
-----------------------------------------------------------------------------------------
elapsed time= 76.13 s.
-----------------------------------------------------------------------------------------
columns pending deletion= 87872 remain= 450740 col ratio= 0.805049 row ratio= 0.856712
[1;36m[REMIND] 2: gap improved= 0.143919 ratio= 0.003227 threshold= 0.040000 in function increaseCondition2 at /blue/yu.yang1/you.z/route_opt/packages/application/X-n313-k71/src/main/src/call_cutting.cpp:74[0m
 ****** Separate RCCs ****** 
 ****** Separate Rank1Cuts ****** 
it= 3   ncol= 1341  ncstr= 724  mt= 0.0   spt= 0.1   lpval= 93998.5   ub= 94043.0  
-----------------------------------------------------------------------------------------
elapsed time= 76.92 s.
-----------------------------------------------------------------------------------------
columns pending deletion= 98067 remain= 450740 col ratio= 0.782431 row ratio= 0.791436
[1;36m[REMIND] 2: gap improved= 0.137660 ratio= 0.003096 threshold= 0.040000 in function increaseCondition2 at /blue/yu.yang1/you.z/route_opt/packages/application/X-n313-k71/src/main/src/call_cutting.cpp:74[0m
[1;36m[REMIND] tail off counter= 3 threshold= 3 in function setIfTailOff at /blue/yu.yang1/you.z/route_opt/packages/application/X-n313-k71/src/main/src/call_cutting.cpp:150[0m
[1;36m[REMIND] opt_k not found for node 11, use m directly in function getOptK at /blue/yu.yang1/you.z/route_opt/packages/branching/bkf/include/bkf_controller.hpp:239[0m
current_r_best= 4.04641
we directly test 100
we directly test 4
pseudo= 50 frac= 50
#candidates in phase1= 100
testing lp time= 52.05 s.
-----------------------------------------------------------------------------------------
236-266 , 298.37| 240-275 , 176.36|   0-184 , 143.97|  75-161 , 143.97|   0-258 , 143.97| 
184-258 , 143.97|  86-267 , 111.62| 164-175 ,  97.92| 303-311 ,  97.81|  56-93  ,  85.23| 
243-267 ,  81.94|   0-243 ,  81.94| 243-311 ,  81.94| 236-311 ,  70.47| 138-246 ,  70.28| 
 59-76  ,  61.57|  42-196 ,  61.55| 141-175 ,  57.54| 176-277 ,  57.17|  69-176 ,  57.17| 
 78-176 ,  57.17|  69-228 ,  56.31|  69-277 ,  56.31|   0-69  ,  56.31|   0-216 ,  49.82| 
 59-292 ,  49.75| 203-246 ,  44.50| 224-287 ,  43.22|   0-161 ,  40.91|   0-59  ,  40.69| 
125-278 ,  37.74| 167-232 ,  36.77| 109-138 ,  35.30|   0-312 ,  33.76| 154-212 ,  33.59| 
 14-212 ,  33.59|   9-32  ,  32.54| 218-302 ,  31.33|   0-176 ,  28.84|  64-130 ,  28.70| 
 59-68  ,  28.64|   0-57  ,  28.02|   0-47  ,  26.12|  47-113 ,  26.12|   0-224 ,  25.81| 
 57-130 ,  22.89|  86-272 ,  22.04| 224-278 ,  21.57|  30-106 ,  21.46|   0-76  ,  19.85| 
  0-278 ,  19.54|   0-85  ,  19.11| 258-267 ,  17.54| 125-184 ,  17.54|   3-174 ,  15.67| 
  9-126 ,  14.39| 128-150 ,  13.92|  34-182 ,  13.74|   0-104 ,  13.36| 189-224 ,  13.28| 
 24-257 ,   8.79| 135-231 ,   8.65| 189-208 ,   8.50| 155-204 ,   8.50|   0-189 ,   7.94| 
229-282 ,   7.39| 216-264 ,   6.80| 215-216 ,   6.80| 106-202 ,   6.13|  87-202 ,   6.13| 
 28-153 ,   5.92| 191-256 ,   5.49|   0-169 ,   5.22|   0-204 ,   5.08| 204-302 ,   5.05| 
  0-198 ,   4.97|  94-135 ,   4.76| 169-305 ,   4.75| 238-284 ,   4.73|  12-103 ,   4.57| 
  0-12  ,   4.55|   0-135 ,   3.96| 256-282 ,   3.60|   0-153 ,   3.33| 185-282 ,   3.05| 
  0-293 ,   3.05|   0-272 ,   2.90| 179-282 ,   2.89| 199-254 ,   2.55| 216-272 ,   2.48| 
179-219 ,   2.47| 214-289 ,   2.37|   0-94  ,   2.26|  17-45  ,   2.26| 205-259 ,   1.34| 
 38-173 ,   1.24|   0-30  ,   0.74| 222-264 ,   0.51|   0-162 ,   0.30| 193-229 ,   0.00| 
-----------------------------------------------------------------------------------------
edge= 75 161 lp= 1.60191 pre= 2 lp2= 89.871 pre2= 2 score= 143.966
-----------------------------------------------------------------------------------------
edge= 0 184 lp= 89.871 pre= 2 lp2= 1.60191 pre2= 2 score= 143.966
-----------------------------------------------------------------------------------------
edge= 240 275 lp= 1.96235 pre= 2 lp2= 89.871 pre2= 2 score= 176.359
-----------------------------------------------------------------------------------------
edge= 236 266 lp= 3.31999 pre= 2 lp2= 89.871 pre2= 2 score= 298.371
-----------------------------------------------------------------------------------------
candidate= 236-266 : -
-----------------------------------------------------------------------------------------
it= 5   ncol= 1456  ncstr= 725  mt= 0.5   spt= 0.2   lpval= 94000.6   ub= 94043.0  
-----------------------------------------------------------------------------------------
elapsed time= 129.78 s.
-----------------------------------------------------------------------------------------
candidate= 236-266 : +
-----------------------------------------------------------------------------------------
it= 7   ncol= 1540  ncstr= 725  mt= 0.6   spt= 0.3   lpval= 94024.1   ub= 94043.0  
-----------------------------------------------------------------------------------------
elapsed time= 130.76 s.
-----------------------------------------------------------------------------------------
candidate= 240-275 : -
-----------------------------------------------------------------------------------------
it= 5   ncol= 1439  ncstr= 725  mt= 0.4   spt= 0.2   lpval= 94000.0   ub= 94043.0  
-----------------------------------------------------------------------------------------
elapsed time= 131.50 s.
-----------------------------------------------------------------------------------------
candidate= 0-184 : -
-----------------------------------------------------------------------------------------
it= 7   ncol= 1552  ncstr= 725  mt= 0.6   spt= 0.3   lpval= 94030.4   ub= 94043.0  
-----------------------------------------------------------------------------------------
elapsed time= 132.48 s.
-----------------------------------------------------------------------------------------
candidate= 75-161 : -
-----------------------------------------------------------------------------------------
it= 5   ncol= 1497  ncstr= 725  mt= 0.5   spt= 0.2   lpval= 93999.7   ub= 94043.0  
-----------------------------------------------------------------------------------------
elapsed time= 133.29 s.
-----------------------------------------------------------------------------------------
candidate= 240-275 : +
-----------------------------------------------------------------------------------------
it= 7   ncol= 1503  ncstr= 725  mt= 0.7   spt= 0.3   lpval= 94010.1   ub= 94043.0  
-----------------------------------------------------------------------------------------
elapsed time= 134.43 s.
-----------------------------------------------------------------------------------------
candidate= 75-161 : +
-----------------------------------------------------------------------------------------
it= 7   ncol= 1512  ncstr= 725  mt= 0.6   spt= 0.3   lpval= 94023.9   ub= 94043.0  
-----------------------------------------------------------------------------------------
elapsed time= 135.45 s.
-----------------------------------------------------------------------------------------
brc= 236-266
t= 0.26023 c= 77.3611 n= 0 if_b4= 0
t= 0.92521 c= 100.146 n= 0 if_b4= 0
#########################################################################################
tree size= 1 lb= 93998.5 ub= 94043
#########################################################################################
idx= 1 value= 93998.5 enu= 1
brc= 50-103 : -
brc= 76-103 : -
brc= 49-105 : -
brc= 70-133 : -
brc= 74-217 : +
brc= 250-278 : -
brc= 56-164 : +
brc= 7-54 : +
brc= 125-224 : -
brc= 107-287 : +
brc= 100-119 : -
brc= 233-246 : -
brc= 189-226 : -
brc= 137-150 : -
brc= 162-224 : -
brc= 126-152 : -
brc= 57-64 : -
brc= 30-79 : -
brc= 10-215 : +
brc= 70-121 : -
brc= 142-152 : -
brc= 23-88 : -
brc= 286-292 : -
brc= 26-83 : -
brc= 13-65 : +
brc= 236-266 : +
it= 7   ncol= 1537  ncstr= 724  mt= 0.7   spt= 0.2   lpval= 94024.1   ub= 94043.0  
-----------------------------------------------------------------------------------------
elapsed time= 140.80 s.
-----------------------------------------------------------------------------------------
delete columns= 342509 remain= 9999
 ****** Separate RCCs ****** 
 ****** Separate Rank1Cuts ****** 
it= 4   ncol= 1407  ncstr= 569  mt= 0.1   spt= 0.0   lpval= 94028.3   ub= 94043.0  
-----------------------------------------------------------------------------------------
elapsed time= 141.73 s.
-----------------------------------------------------------------------------------------
delete columns= 5217 remain= 4782
mip: row= 519 col= 6109 density= 4.15206%
mip time= 2.69 s.
mip status= 6
update f from 0 to 14.6647
#########################################################################################
tree size= 0 lb= 93998.5 ub= 94043
#########################################################################################
idx= 2 value= 93998.5 enu= 1
brc= 50-103 : -
brc= 76-103 : -
brc= 49-105 : -
brc= 70-133 : -
brc= 74-217 : +
brc= 250-278 : -
brc= 56-164 : +
brc= 7-54 : +
brc= 125-224 : -
brc= 107-287 : +
brc= 100-119 : -
brc= 233-246 : -
brc= 189-226 : -
brc= 137-150 : -
brc= 162-224 : -
brc= 126-152 : -
brc= 57-64 : -
brc= 30-79 : -
brc= 10-215 : +
brc= 70-121 : -
brc= 142-152 : -
brc= 23-88 : -
brc= 286-292 : -
brc= 26-83 : -
brc= 13-65 : +
brc= 236-266 : -
it= 4   ncol= 1453  ncstr= 724  mt= 0.2   spt= 0.1   lpval= 94000.6   ub= 94043.0  
-----------------------------------------------------------------------------------------
elapsed time= 145.11 s.
-----------------------------------------------------------------------------------------
columns pending deletion= 46498 remain= 352669 col ratio= 0.868154 row ratio= 0.767956
 ****** Separate RCCs ****** 
 ****** Separate Rank1Cuts ****** 
it= 3   ncol= 1459  ncstr= 752  mt= 0.0   spt= 0.1   lpval= 94000.9   ub= 94043.0  
-----------------------------------------------------------------------------------------
elapsed time= 145.77 s.
-----------------------------------------------------------------------------------------
columns pending deletion= 66533 remain= 352669 col ratio= 0.811344 row ratio= 0.761968
[1;36m[REMIND] 2: gap improved= 0.255986 ratio= 0.006077 threshold= 0.040000 in function increaseCondition2 at /blue/yu.yang1/you.z/route_opt/packages/application/X-n313-k71/src/main/src/call_cutting.cpp:74[0m
 ****** Separate Rank1Cuts ****** 
it= 2   ncol= 1460  ncstr= 787  mt= 0.0   spt= 0.1   lpval= 94000.9   ub= 94043.0  
-----------------------------------------------------------------------------------------
elapsed time= 146.46 s.
-----------------------------------------------------------------------------------------
delete columns= 80985 remain= 271684
current_r_best= 1.73487
alpha= 0.37 beta= 15.7892 omega= 297.28 k1= 36
lb_k= 1 ub_k= 36
revise: lb_k= 28 ub_k= 36
opt_k= 36
alpha= 0.75 beta= 15.7892 omega= 108.241 k1= 3
lb_k= 1 ub_k= 3
revise: lb_k= 1 ub_k= 3
opt_k= 3
pseudo= 50 frac= 50
#candidates in phase1= 36
testing lp time= 13.02 s.
-----------------------------------------------------------------------------------------
 59-76  ,  46.81|   0-216 ,  41.56| 109-138 ,  29.42| 167-232 ,  28.77|  42-196 ,  22.19| 
138-246 ,  20.57|   0-59  ,  19.64| 107-145 ,  17.69|  21-42  ,  15.65|  68-296 ,  13.04| 
 24-299 ,  12.16| 278-299 ,  12.16| 135-291 ,  11.45|   0-248 ,  10.85|  23-296 ,   9.96| 
 69-277 ,   7.81|   0-69  ,   7.81|  78-176 ,   7.77|  69-176 ,   7.77| 176-277 ,   7.77| 
128-150 ,   7.28| 207-230 ,   3.82| 237-269 ,   3.82|   0-207 ,   3.82| 180-195 ,   3.49| 
127-224 ,   2.99|   3-237 ,   2.73|  95-285 ,   2.02|   0-204 ,   1.67|  44-99  ,   1.65| 
  0-301 ,   0.89|  52-296 ,   0.79| 123-235 ,   0.73|  23-118 ,   0.54|  34-82  ,   0.07| 
111-229 ,   0.05| 
-----------------------------------------------------------------------------------------
edge= 109 138 lp= 1.46399 pre= 0 lp2= 20.099 pre2= 1 score= 29.4247
-----------------------------------------------------------------------------------------
edge= 0 216 lp= 0.857384 pre= 2 lp2= 48.4726 pre2= 2 score= 41.5597
-----------------------------------------------------------------------------------------
edge= 59 76 lp= 17.9069 pre= 2 lp2= 2.61425 pre2= 2 score= 46.8131
-----------------------------------------------------------------------------------------
candidate= 59-76 : -
-----------------------------------------------------------------------------------------
it= 3   ncol= 1560  ncstr= 590  mt= 0.4   spt= 0.1   lpval= 94000.9   ub= 94043.0  
-----------------------------------------------------------------------------------------
elapsed time= 161.53 s.
-----------------------------------------------------------------------------------------
candidate= 0-216 : -
-----------------------------------------------------------------------------------------
it= 2   ncol= 1490  ncstr= 590  mt= 0.3   spt= 0.0   lpval= 94001.7   ub= 94043.0  
-----------------------------------------------------------------------------------------
elapsed time= 161.87 s.
-----------------------------------------------------------------------------------------
candidate= 0-216 : +
-----------------------------------------------------------------------------------------
it= 8   ncol= 1687  ncstr= 590  mt= 0.4   spt= 0.2   lpval= 94010.3   ub= 94043.0  
-----------------------------------------------------------------------------------------
elapsed time= 162.55 s.
-----------------------------------------------------------------------------------------
brc= 109-138
t= 0.220538 c= 40.6939 n= 1 if_b4= 0
t= 0.722233 c= 54.952 n= 1 if_b4= 0
#########################################################################################
tree size= 1 lb= 94000.9 ub= 94043
#########################################################################################
idx= 3 value= 94000.9 enu= 1
brc= 50-103 : -
brc= 76-103 : -
brc= 49-105 : -
brc= 70-133 : -
brc= 74-217 : +
brc= 250-278 : -
brc= 56-164 : +
brc= 7-54 : +
brc= 125-224 : -
brc= 107-287 : +
brc= 100-119 : -
brc= 233-246 : -
brc= 189-226 : -
brc= 137-150 : -
brc= 162-224 : -
brc= 126-152 : -
brc= 57-64 : -
brc= 30-79 : -
brc= 10-215 : +
brc= 70-121 : -
brc= 142-152 : -
brc= 23-88 : -
brc= 286-292 : -
brc= 26-83 : -
brc= 13-65 : +
brc= 236-266 : -
brc= 109-138 : +
it= 4   ncol= 1505  ncstr= 589  mt= 0.4   spt= 0.1   lpval= 94018.0   ub= 94043.0  
-----------------------------------------------------------------------------------------
elapsed time= 165.99 s.
-----------------------------------------------------------------------------------------
delete columns= 241653 remain= 29993
 ****** Separate RCCs ****** 
 ****** Separate Rank1Cuts ****** 
it= 3   ncol= 1481  ncstr= 612  mt= 0.1   spt= 0.0   lpval= 94025.6   ub= 94043.0  
-----------------------------------------------------------------------------------------
elapsed time= 166.95 s.
-----------------------------------------------------------------------------------------
delete columns= 21286 remain= 8707
mip: row= 539 col= 10055 density= 4.69086%
mip time= 5.43 s.
mip status= 6
update f from 14.6647 to 17.4326
#########################################################################################
tree size= 0 lb= 94000.9 ub= 94043
#########################################################################################
idx= 4 value= 94000.9 enu= 1
brc= 50-103 : -
brc= 76-103 : -
brc= 49-105 : -
brc= 70-133 : -
brc= 74-217 : +
brc= 250-278 : -
brc= 56-164 : +
brc= 7-54 : +
brc= 125-224 : -
brc= 107-287 : +
brc= 100-119 : -
brc= 233-246 : -
brc= 189-226 : -
brc= 137-150 : -
brc= 162-224 : -
brc= 126-152 : -
brc= 57-64 : -
brc= 30-79 : -
brc= 10-215 : +
brc= 70-121 : -
brc= 142-152 : -
brc= 23-88 : -
brc= 286-292 : -
brc= 26-83 : -
brc= 13-65 : +
brc= 236-266 : -
brc= 109-138 : -
it= 2   ncol= 1480  ncstr= 589  mt= 0.0   spt= 0.0   lpval= 94002.3   ub= 94043.0  
-----------------------------------------------------------------------------------------
elapsed time= 172.87 s.
-----------------------------------------------------------------------------------------
columns pending deletion= 27816 remain= 271676 col ratio= 0.897613 row ratio= 0.952462
 ****** Separate RCCs ****** 
 ****** Separate Rank1Cuts ****** 
it= 3   ncol= 1478  ncstr= 615  mt= 0.0   spt= 0.1   lpval= 94002.8   ub= 94043.0  
-----------------------------------------------------------------------------------------
elapsed time= 173.47 s.
-----------------------------------------------------------------------------------------
columns pending deletion= 41296 remain= 271676 col ratio= 0.847995 row ratio= 0.921951
[1;36m[REMIND] 2: gap improved= 0.529043 ratio= 0.013159 threshold= 0.040000 in function increaseCondition2 at /blue/yu.yang1/you.z/route_opt/packages/application/X-n313-k71/src/main/src/call_cutting.cpp:74[0m
 ****** Separate RCCs ****** 
 ****** Separate Rank1Cuts ****** 
it= 1   ncol= 1476  ncstr= 637  mt= 0.0   spt= 0.0   lpval= 94003.0   ub= 94043.0  
-----------------------------------------------------------------------------------------
elapsed time= 173.91 s.
-----------------------------------------------------------------------------------------
columns pending deletion= 45857 remain= 271676 col ratio= 0.831207 row ratio= 0.908948
[1;36m[REMIND] 2: gap improved= 0.223911 ratio= 0.005601 threshold= 0.040000 in function increaseCondition2 at /blue/yu.yang1/you.z/route_opt/packages/application/X-n313-k71/src/main/src/call_cutting.cpp:74[0m
 ****** Separate RCCs ****** 
 ****** Separate Rank1Cuts ****** 
it= 3   ncol= 1492  ncstr= 661  mt= 0.1   spt= 0.1   lpval= 94003.3   ub= 94043.0  
-----------------------------------------------------------------------------------------
elapsed time= 174.52 s.
-----------------------------------------------------------------------------------------
columns pending deletion= 61622 remain= 271676 col ratio= 0.773178 row ratio= 0.891074
[1;36m[REMIND] 2: gap improved= 0.266147 ratio= 0.006702 threshold= 0.040000 in function increaseCondition2 at /blue/yu.yang1/you.z/route_opt/packages/application/X-n313-k71/src/main/src/call_cutting.cpp:74[0m
[1;36m[REMIND] tail off counter= 3 threshold= 3 in function setIfTailOff at /blue/yu.yang1/you.z/route_opt/packages/application/X-n313-k71/src/main/src/call_cutting.cpp:150[0m
current_r_best= 1.70472
alpha= 0.37 beta= 13.0697 omega= 184.521 k1= 26
lb_k= 1 ub_k= 37
revise: lb_k= 20 ub_k= 35
opt_k= 28
alpha= 0.75 beta= 13.0697 omega= 76.0862 k1= 3
lb_k= 1 ub_k= 3
revise: lb_k= 1 ub_k= 3
opt_k= 3
pseudo= 50 frac= 50
#candidates in phase1= 28
testing lp time= 12.59 s.
-----------------------------------------------------------------------------------------
 83-91  ,  54.77|   0-13  ,  46.22|  83-123 ,  40.40| 164-175 ,  40.06|  42-196 ,  37.99| 
125-278 ,  25.86|   0-278 ,  25.67|  57-130 ,  21.23|  24-299 ,  18.36| 278-299 ,  18.36| 
167-186 ,  18.01|  23-296 ,  17.24| 218-302 ,  15.36|  23-62  ,  15.28|  27-62  ,  15.28| 
135-291 ,  14.03| 141-175 ,  11.61|   0-269 ,  10.47|   0-167 ,   8.68|   3-150 ,   7.78| 
 19-79  ,   7.77|  16-167 ,   4.77|   0-196 ,   3.27|  67-297 ,   2.02|   0-186 ,   1.68| 
 16-186 ,   1.68|  18-301 ,   1.67|  27-286 ,   0.64| 
-----------------------------------------------------------------------------------------
edge= 83 123 lp= 0.347308 pre= 2 lp2= 116.322 pre2= 2 score= 40.3995
-----------------------------------------------------------------------------------------
edge= 0 13 lp= 98.162 pre= 2 lp2= 0.470845 pre2= 2 score= 46.219
-----------------------------------------------------------------------------------------
edge= 83 91 lp= 116.322 pre= 2 lp2= 0.470853 pre2= 2 score= 54.7704
-----------------------------------------------------------------------------------------
candidate= 83-91 : -
-----------------------------------------------------------------------------------------
it= 8   ncol= 1745  ncstr= 662  mt= 0.6   spt= 0.2   lpval= 94031.9   ub= 94043.0  
-----------------------------------------------------------------------------------------
elapsed time= 188.00 s.
-----------------------------------------------------------------------------------------
candidate= 0-13 : -
-----------------------------------------------------------------------------------------
it= 7   ncol= 1688  ncstr= 662  mt= 0.5   spt= 0.2   lpval= 94031.9   ub= 94043.0  
-----------------------------------------------------------------------------------------
elapsed time= 188.80 s.
-----------------------------------------------------------------------------------------
candidate= 83-123 : -
-----------------------------------------------------------------------------------------
it= 2   ncol= 1529  ncstr= 662  mt= 0.3   spt= 0.0   lpval= 94003.6   ub= 94043.0  
-----------------------------------------------------------------------------------------
elapsed time= 189.19 s.
-----------------------------------------------------------------------------------------
candidate= 83-123 : +
-----------------------------------------------------------------------------------------
it= 8   ncol= 1749  ncstr= 662  mt= 0.6   spt= 0.2   lpval= 94034.3   ub= 94043.0  
-----------------------------------------------------------------------------------------
elapsed time= 190.10 s.
-----------------------------------------------------------------------------------------
candidate= 83-91 : +
-----------------------------------------------------------------------------------------
it= 3   ncol= 1518  ncstr= 662  mt= 0.4   spt= 0.1   lpval= 94003.8   ub= 94043.0  
-----------------------------------------------------------------------------------------
elapsed time= 190.59 s.
-----------------------------------------------------------------------------------------
candidate= 0-13 : +
-----------------------------------------------------------------------------------------
it= 4   ncol= 1552  ncstr= 662  mt= 0.4   spt= 0.1   lpval= 94003.8   ub= 94043.0  
-----------------------------------------------------------------------------------------
elapsed time= 191.09 s.
-----------------------------------------------------------------------------------------
brc= 0-13
t= 0.22198 c= 28.3801 n= 2 if_b4= 0
t= 0.702484 c= 39.3213 n= 2 if_b4= 0
#########################################################################################
tree size= 1 lb= 94003.3 ub= 94043
#########################################################################################
idx= 5 value= 94003.3 enu= 1
brc= 50-103 : -
brc= 76-103 : -
brc= 49-105 : -
brc= 70-133 : -
brc= 74-217 : +
brc= 250-278 : -
brc= 56-164 : +
brc= 7-54 : +
brc= 125-224 : -
brc= 107-287 : +
brc= 100-119 : -
brc= 233-246 : -
brc= 189-226 : -
brc= 137-150 : -
brc= 162-224 : -
brc= 126-152 : -
brc= 57-64 : -
brc= 30-79 : -
brc= 10-215 : +
brc= 70-121 : -
brc= 142-152 : -
brc= 23-88 : -
brc= 286-292 : -
brc= 26-83 : -
brc= 13-65 : +
brc= 236-266 : -
brc= 109-138 : -
brc= 0-13 : +
it= 4   ncol= 1580  ncstr= 661  mt= 0.4   spt= 0.1   lpval= 94003.8   ub= 94043.0  
-----------------------------------------------------------------------------------------
elapsed time= 194.46 s.
-----------------------------------------------------------------------------------------
columns pending deletion= 24535 remain= 210021 col ratio= 0.883178 row ratio= 0.871407
 ****** Separate RCCs ****** 
 ****** Separate Rank1Cuts ****** 
it= 3   ncol= 1561  ncstr= 683  mt= 0.0   spt= 0.1   lpval= 94004.0   ub= 94043.0  
-----------------------------------------------------------------------------------------
elapsed time= 195.04 s.
-----------------------------------------------------------------------------------------
columns pending deletion= 34643 remain= 210021 col ratio= 0.83505 row ratio= 0.844802
[1;36m[REMIND] 2: gap improved= 0.231448 ratio= 0.005933 threshold= 0.040000 in function increaseCondition2 at /blue/yu.yang1/you.z/route_opt/packages/application/X-n313-k71/src/main/src/call_cutting.cpp:74[0m
 ****** Separate Rank1Cuts ****** 
it= 2   ncol= 1563  ncstr= 732  mt= 0.0   spt= 0.0   lpval= 94004.0   ub= 94043.0  
-----------------------------------------------------------------------------------------
elapsed time= 195.66 s.
-----------------------------------------------------------------------------------------
columns pending deletion= 37790 remain= 210021 col ratio= 0.820066 row ratio= 0.806011
current_r_best= 0.543946
pseudo= 50 frac= 50
#candidates in phase1= 37
testing lp time= 21.98 s.
-----------------------------------------------------------------------------------------
 42-196 ,  48.11| 164-175 ,  37.63|   0-224 ,  33.30| 161-184 ,  33.10|  59-76  ,  30.77| 
125-267 ,  29.04|   0-278 ,  26.40|  64-130 ,  24.72|  25-285 ,  23.41|  23-296 ,  22.32| 
  0-59  ,  22.20|  57-130 ,  21.58|  24-299 ,  21.27| 278-299 ,  21.27| 243-267 ,  20.08| 
135-291 ,  18.92|   0-292 ,  17.54| 191-243 ,  17.44| 218-302 ,  16.31| 167-232 ,  16.08| 
178-292 ,  14.24|   4-89  ,  10.53|   0-178 ,   9.21|   0-62  ,   9.13| 114-266 ,   8.54| 
136-143 ,   7.87|   3-115 ,   6.99|  51-269 ,   6.09|  61-125 ,   4.12| 198-244 ,   3.52| 
  0-204 ,   3.52|   0-21  ,   3.26|   0-296 ,   2.78|  23-59  ,   2.33|  21-180 ,   0.89| 
204-208 ,   0.46|   0-210 ,   0.00| 
-----------------------------------------------------------------------------------------
edge= 0 224 lp= 5.14338 pre= 2 lp2= 6.47444 pre2= 2 score= 33.3005
-----------------------------------------------------------------------------------------
edge= 164 175 lp= 36.8685 pre= 2 lp2= 1.02056 pre2= 0 score= 37.6266
-----------------------------------------------------------------------------------------
edge= 42 196 lp= 0.705008 pre= 2 lp2= 68.2371 pre2= 2 score= 48.1077
-----------------------------------------------------------------------------------------
candidate= 42-196 : -
-----------------------------------------------------------------------------------------
it= 4   ncol= 1612  ncstr= 733  mt= 0.5   spt= 0.1   lpval= 94004.7   ub= 94043.0  
-----------------------------------------------------------------------------------------
elapsed time= 218.28 s.
-----------------------------------------------------------------------------------------
candidate= 42-196 : +
-----------------------------------------------------------------------------------------
it= 8   ncol= 1791  ncstr= 733  mt= 0.9   spt= 0.2   lpval= 94014.5   ub= 94043.0  
-----------------------------------------------------------------------------------------
elapsed time= 219.38 s.
-----------------------------------------------------------------------------------------
candidate= 164-175 : -
-----------------------------------------------------------------------------------------
it= 4   ncol= 1640  ncstr= 733  mt= 0.5   spt= 0.1   lpval= 94030.9   ub= 94043.0  
-----------------------------------------------------------------------------------------
elapsed time= 220.00 s.
-----------------------------------------------------------------------------------------
candidate= 0-224 : -
-----------------------------------------------------------------------------------------
it= 4   ncol= 1642  ncstr= 733  mt= 0.7   spt= 0.1   lpval= 94007.9   ub= 94043.0  
-----------------------------------------------------------------------------------------
elapsed time= 220.78 s.
-----------------------------------------------------------------------------------------
brc= 164-175
t= 0.240746 c= 22.1071 n= 3 if_b4= 0
t= 0.722344 c= 32.6698 n= 3 if_b4= 0
#########################################################################################
tree size= 2 lb= 94003.3 ub= 94043
#########################################################################################
idx= 6 value= 94003.3 enu= 1
brc= 50-103 : -
brc= 76-103 : -
brc= 49-105 : -
brc= 70-133 : -
brc= 74-217 : +
brc= 250-278 : -
brc= 56-164 : +
brc= 7-54 : +
brc= 125-224 : -
brc= 107-287 : +
brc= 100-119 : -
brc= 233-246 : -
brc= 189-226 : -
brc= 137-150 : -
brc= 162-224 : -
brc= 126-152 : -
brc= 57-64 : -
brc= 30-79 : -
brc= 10-215 : +
brc= 70-121 : -
brc= 142-152 : -
brc= 23-88 : -
brc= 286-292 : -
brc= 26-83 : -
brc= 13-65 : +
brc= 236-266 : -
brc= 109-138 : -
brc= 0-13 : -
it= 7   ncol= 1693  ncstr= 661  mt= 0.4   spt= 0.1   lpval= 94031.9   ub= 94043.0  
-----------------------------------------------------------------------------------------
elapsed time= 223.90 s.
-----------------------------------------------------------------------------------------
delete columns= 207810 remain= 2240
 ****** Separate RCCs ****** 
 ****** Separate Rank1Cuts ****** 
it= 3   ncol= 1162  ncstr= 560  mt= 0.0   spt= 0.0   lpval= 94036.0   ub= 94043.0  
-----------------------------------------------------------------------------------------
elapsed time= 224.82 s.
-----------------------------------------------------------------------------------------
delete columns= 1132 remain= 1108
mip: row= 499 col= 2070 density= 3.46171%
mip time= 0.21 s.
mip status= 3
#########################################################################################
tree size= 1 lb= 94004 ub= 94043
#########################################################################################
idx= 7 value= 94004 enu= 1
brc= 50-103 : -
brc= 76-103 : -
brc= 49-105 : -
brc= 70-133 : -
brc= 74-217 : +
brc= 250-278 : -
brc= 56-164 : +
brc= 7-54 : +
brc= 125-224 : -
brc= 107-287 : +
brc= 100-119 : -
brc= 233-246 : -
brc= 189-226 : -
brc= 137-150 : -
brc= 162-224 : -
brc= 126-152 : -
brc= 57-64 : -
brc= 30-79 : -
brc= 10-215 : +
brc= 70-121 : -
brc= 142-152 : -
brc= 23-88 : -
brc= 286-292 : -
brc= 26-83 : -
brc= 13-65 : +
brc= 236-266 : -
brc= 109-138 : -
brc= 0-13 : +
brc= 164-175 : +
it= 4   ncol= 1626  ncstr= 732  mt= 0.5   spt= 0.1   lpval= 94005.0   ub= 94043.0  
-----------------------------------------------------------------------------------------
elapsed time= 225.86 s.
-----------------------------------------------------------------------------------------
columns pending deletion= 29968 remain= 172194 col ratio= 0.825964 row ratio= 0.788251
 ****** Separate RCCs ****** 
 ****** Separate Rank1Cuts ****** 
it= 3   ncol= 1624  ncstr= 797  mt= 0.0   spt= 0.1   lpval= 94005.3   ub= 94043.0  
-----------------------------------------------------------------------------------------
elapsed time= 226.48 s.
-----------------------------------------------------------------------------------------
delete columns= 38759 remain= 133435
[1;36m[REMIND] 2: gap improved= 0.334625 ratio= 0.008874 threshold= 0.040000 in function increaseCondition2 at /blue/yu.yang1/you.z/route_opt/packages/application/X-n313-k71/src/main/src/call_cutting.cpp:74[0m
 ****** Separate RCCs ****** 
 ****** Separate Rank1Cuts ****** 
it= 3   ncol= 1630  ncstr= 593  mt= 0.0   spt= 0.0   lpval= 94005.4   ub= 94043.0  
-----------------------------------------------------------------------------------------
elapsed time= 227.72 s.
-----------------------------------------------------------------------------------------
columns pending deletion= 6970 remain= 133435 col ratio= 0.947765 row ratio= 0.962901
[1;36m[REMIND] 2: gap improved= 0.153983 ratio= 0.004100 threshold= 0.040000 in function increaseCondition2 at /blue/yu.yang1/you.z/route_opt/packages/application/X-n313-k71/src/main/src/call_cutting.cpp:74[0m
 ****** Separate Rank1Cuts ****** 
it= 2   ncol= 1624  ncstr= 608  mt= 0.0   spt= 0.0   lpval= 94005.5   ub= 94043.0  
-----------------------------------------------------------------------------------------
elapsed time= 228.10 s.
-----------------------------------------------------------------------------------------
columns pending deletion= 10123 remain= 133435 col ratio= 0.924135 row ratio= 0.949013
current_r_best= 1.09512
pseudo= 50 frac= 50
#candidates in phase1= 37
testing lp time= 15.31 s.
-----------------------------------------------------------------------------------------
278-299 ,  51.03|  24-299 ,  51.03|  57-130 ,  24.32|  23-296 ,  24.13|  59-76  ,  22.89| 
 64-130 ,  22.79|   0-59  ,  18.80| 106-139 ,  15.61| 139-269 ,  15.61| 167-232 ,  14.08| 
218-302 ,  13.95| 106-207 ,  11.08| 135-291 ,  10.88|  18-118 ,  10.60|  18-224 ,   9.39| 
189-278 ,   9.39| 128-150 ,   7.97| 108-301 ,   6.79|  29-218 ,   6.79|  18-301 ,   6.79| 
108-218 ,   6.79|  86-143 ,   5.44|  23-127 ,   3.53|  18-145 ,   3.53|  55-241 ,   2.48| 
  0-172 ,   2.48| 232-275 ,   2.23| 130-302 ,   2.10| 251-297 ,   1.60|   0-102 ,   1.50| 
184-266 ,   1.27| 204-257 ,   0.94|   0-201 ,   0.94| 118-127 ,   0.83| 163-293 ,   0.65| 
157-199 ,   0.62| 166-215 ,   0.26| 
-----------------------------------------------------------------------------------------
edge= 24 299 lp= 1.48678 pre= 2 lp2= 34.3254 pre2= 2 score= 51.0342
-----------------------------------------------------------------------------------------
edge= 57 130 lp= 11.0572 pre= 2 lp2= 2.1999 pre2= 2 score= 24.3247
-----------------------------------------------------------------------------------------
edge= 278 299 lp= 1.48678 pre= 2 lp2= 34.3254 pre2= 2 score= 51.0342
-----------------------------------------------------------------------------------------
candidate= 24-299 : -
-----------------------------------------------------------------------------------------
it= 3   ncol= 1636  ncstr= 609  mt= 0.4   spt= 0.0   lpval= 94007.0   ub= 94043.0  
-----------------------------------------------------------------------------------------
elapsed time= 243.82 s.
-----------------------------------------------------------------------------------------
candidate= 278-299 : -
-----------------------------------------------------------------------------------------
it= 3   ncol= 1636  ncstr= 609  mt= 0.4   spt= 0.0   lpval= 94007.0   ub= 94043.0  
-----------------------------------------------------------------------------------------
elapsed time= 244.22 s.
-----------------------------------------------------------------------------------------
candidate= 24-299 : +
-----------------------------------------------------------------------------------------
it= 5   ncol= 1749  ncstr= 609  mt= 0.6   spt= 0.1   lpval= 94023.3   ub= 94043.0  
-----------------------------------------------------------------------------------------
elapsed time= 244.89 s.
-----------------------------------------------------------------------------------------
candidate= 278-299 : +
-----------------------------------------------------------------------------------------
it= 5   ncol= 1754  ncstr= 609  mt= 0.6   spt= 0.1   lpval= 94023.5   ub= 94043.0  
-----------------------------------------------------------------------------------------
elapsed time= 245.58 s.
-----------------------------------------------------------------------------------------
brc= 278-299
t= 0.233986 c= 18.4742 n= 4 if_b4= 0
t= 0.685583 c= 28.2403 n= 4 if_b4= 0
#########################################################################################
tree size= 2 lb= 94004 ub= 94043
#########################################################################################
idx= 8 value= 94004 enu= 1
brc= 50-103 : -
brc= 76-103 : -
brc= 49-105 : -
brc= 70-133 : -
brc= 74-217 : +
brc= 250-278 : -
brc= 56-164 : +
brc= 7-54 : +
brc= 125-224 : -
brc= 107-287 : +
brc= 100-119 : -
brc= 233-246 : -
brc= 189-226 : -
brc= 137-150 : -
brc= 162-224 : -
brc= 126-152 : -
brc= 57-64 : -
brc= 30-79 : -
brc= 10-215 : +
brc= 70-121 : -
brc= 142-152 : -
brc= 23-88 : -
brc= 286-292 : -
brc= 26-83 : -
brc= 13-65 : +
brc= 236-266 : -
brc= 109-138 : -
brc= 0-13 : +
brc= 164-175 : -
it= 4   ncol= 1654  ncstr= 732  mt= 0.2   spt= 0.1   lpval= 94030.9   ub= 94043.0  
-----------------------------------------------------------------------------------------
elapsed time= 247.39 s.
-----------------------------------------------------------------------------------------
delete columns= 168984 remain= 3244
 ****** Separate RCCs ****** 
 ****** Separate Rank1Cuts ****** 
it= 4   ncol= 1367  ncstr= 585  mt= 0.1   spt= 0.0   lpval= 94040.8   ub= 94043.0  
-----------------------------------------------------------------------------------------
elapsed time= 248.36 s.
-----------------------------------------------------------------------------------------
delete columns= 2727 remain= 517
mip: row= 507 col= 1175 density= 3.298%
mip time= 0.05 s.
mip status= 3
#########################################################################################
tree size= 1 lb= 94005.5 ub= 94043
#########################################################################################
idx= 9 value= 94005.5 enu= 1
brc= 50-103 : -
brc= 76-103 : -
brc= 49-105 : -
brc= 70-133 : -
brc= 74-217 : +
brc= 250-278 : -
brc= 56-164 : +
brc= 7-54 : +
brc= 125-224 : -
brc= 107-287 : +
brc= 100-119 : -
brc= 233-246 : -
brc= 189-226 : -
brc= 137-150 : -
brc= 162-224 : -
brc= 126-152 : -
brc= 57-64 : -
brc= 30-79 : -
brc= 10-215 : +
brc= 70-121 : -
brc= 142-152 : -
brc= 23-88 : -
brc= 286-292 : -
brc= 26-83 : -
brc= 13-65 : +
brc= 236-266 : -
brc= 109-138 : -
brc= 0-13 : +
brc= 164-175 : +
brc= 278-299 : +
it= 7   ncol= 1737  ncstr= 608  mt= 0.6   spt= 0.1   lpval= 94023.5   ub= 94043.0  
-----------------------------------------------------------------------------------------
elapsed time= 249.17 s.
-----------------------------------------------------------------------------------------
delete columns= 110953 remain= 12191
 ****** Separate RCCs ****** 
 ****** Separate Rank1Cuts ****** 
it= 4   ncol= 1519  ncstr= 599  mt= 0.1   spt= 0.0   lpval= 94027.0   ub= 94043.0  
-----------------------------------------------------------------------------------------
elapsed time= 249.68 s.
-----------------------------------------------------------------------------------------
delete columns= 5616 remain= 6575
mip: row= 531 col= 8013 density= 4.38868%
mip time= 3.57 s.
mip status= 6
#########################################################################################
tree size= 0 lb= 94005.5 ub= 94043
#########################################################################################
idx= 10 value= 94005.5 enu= 1
brc= 50-103 : -
brc= 76-103 : -
brc= 49-105 : -
brc= 70-133 : -
brc= 74-217 : +
brc= 250-278 : -
brc= 56-164 : +
brc= 7-54 : +
brc= 125-224 : -
brc= 107-287 : +
brc= 100-119 : -
brc= 233-246 : -
brc= 189-226 : -
brc= 137-150 : -
brc= 162-224 : -
brc= 126-152 : -
brc= 57-64 : -
brc= 30-79 : -
brc= 10-215 : +
brc= 70-121 : -
brc= 142-152 : -
brc= 23-88 : -
brc= 286-292 : -
brc= 26-83 : -
brc= 13-65 : +
brc= 236-266 : -
brc= 109-138 : -
brc= 0-13 : +
brc= 164-175 : +
brc= 278-299 : -
it= 3   ncol= 1637  ncstr= 608  mt= 0.0   spt= 0.0   lpval= 94007.0   ub= 94043.0  
-----------------------------------------------------------------------------------------
elapsed time= 253.70 s.
-----------------------------------------------------------------------------------------
columns pending deletion= 16395 remain= 123308 col ratio= 0.86704 row ratio= 0.921053
 ****** Separate RCCs ****** 
 ****** Separate Rank1Cuts ****** 
it= 3   ncol= 1640  ncstr= 636  mt= 0.0   spt= 0.0   lpval= 94007.1   ub= 94043.0  
-----------------------------------------------------------------------------------------
elapsed time= 254.30 s.
-----------------------------------------------------------------------------------------
columns pending deletion= 22387 remain= 123308 col ratio= 0.818446 row ratio= 0.893082
[1;36m[REMIND] 2: gap improved= 0.191707 ratio= 0.005347 threshold= 0.040000 in function increaseCondition2 at /blue/yu.yang1/you.z/route_opt/packages/application/X-n313-k71/src/main/src/call_cutting.cpp:74[0m
 ****** Separate RCCs ****** 
 ****** Separate Rank1Cuts ****** 
it= 3   ncol= 1637  ncstr= 675  mt= 0.0   spt= 0.0   lpval= 94007.4   ub= 94043.0  
-----------------------------------------------------------------------------------------
elapsed time= 255.01 s.
-----------------------------------------------------------------------------------------
columns pending deletion= 25229 remain= 123308 col ratio= 0.795399 row ratio= 0.882963
[1;36m[REMIND] 2: gap improved= 0.215471 ratio= 0.006047 threshold= 0.040000 in function increaseCondition2 at /blue/yu.yang1/you.z/route_opt/packages/application/X-n313-k71/src/main/src/call_cutting.cpp:74[0m
 ****** Separate Rank1Cuts ****** 
it= 2   ncol= 1634  ncstr= 690  mt= 0.0   spt= 0.0   lpval= 94007.5   ub= 94043.0  
-----------------------------------------------------------------------------------------
elapsed time= 255.50 s.
-----------------------------------------------------------------------------------------
columns pending deletion= 27090 remain= 123308 col ratio= 0.780306 row ratio= 0.866667
current_r_best= 1.38954
alpha= 0.37 beta= 13.0382 omega= 78.9543 k1= 17
lb_k= 1 ub_k= 37
revise: lb_k= 12 ub_k= 25
opt_k= 20
alpha= 0.75 beta= 13.0382 omega= 41.1916 k1= 3
lb_k= 1 ub_k= 3
revise: lb_k= 1 ub_k= 3
opt_k= 3
pseudo= 50 frac= 50
#candidates in phase1= 20
testing lp time= 9.99 s.
-----------------------------------------------------------------------------------------
112-257 ,  31.42| 165-260 ,  31.42|  23-296 ,  22.89|  59-76  ,  22.88|   0-59  ,  17.95| 
174-237 ,  14.54| 115-117 ,  14.52| 117-269 ,  14.52|  64-237 ,  14.52|  87-155 ,  13.39| 
106-139 ,  12.87|   0-204 ,  12.50| 135-291 ,  11.32|   0-155 ,  10.38| 162-208 ,   4.91| 
 29-147 ,   3.20|  25-161 ,   2.88| 204-208 ,   1.55| 270-279 ,   1.47| 116-208 ,   1.34| 
-----------------------------------------------------------------------------------------
edge= 23 296 lp= 7.51616 pre= 2 lp2= 3.04548 pre2= 2 score= 22.8903
-----------------------------------------------------------------------------------------
edge= 165 260 lp= 0.392786 pre= 2 lp2= 79.9806 pre2= 2 score= 31.4153
-----------------------------------------------------------------------------------------
edge= 112 257 lp= 0.392862 pre= 2 lp2= 79.9806 pre2= 2 score= 31.4213
-----------------------------------------------------------------------------------------
candidate= 112-257 : -
-----------------------------------------------------------------------------------------
it= 4   ncol= 1653  ncstr= 691  mt= 0.5   spt= 0.0   lpval= 94007.8   ub= 94043.0  
-----------------------------------------------------------------------------------------
elapsed time= 266.03 s.
-----------------------------------------------------------------------------------------
candidate= 112-257 : +
-----------------------------------------------------------------------------------------
it= 4   ncol= 1696  ncstr= 691  mt= 0.7   spt= 0.0   lpval= 94019.6   ub= 94043.0  
-----------------------------------------------------------------------------------------
elapsed time= 266.82 s.
-----------------------------------------------------------------------------------------
candidate= 165-260 : -
-----------------------------------------------------------------------------------------
it= 3   ncol= 1641  ncstr= 691  mt= 0.4   spt= 0.0   lpval= 94007.8   ub= 94043.0  
-----------------------------------------------------------------------------------------
elapsed time= 267.31 s.
-----------------------------------------------------------------------------------------
candidate= 165-260 : +
-----------------------------------------------------------------------------------------
it= 4   ncol= 1738  ncstr= 691  mt= 0.8   spt= 0.0   lpval= 94027.0   ub= 94043.0  
-----------------------------------------------------------------------------------------
elapsed time= 268.16 s.
-----------------------------------------------------------------------------------------
candidate= 23-296 : -
-----------------------------------------------------------------------------------------
it= 3   ncol= 1688  ncstr= 691  mt= 0.4   spt= 0.0   lpval= 94014.1   ub= 94043.0  
-----------------------------------------------------------------------------------------
elapsed time= 268.64 s.
-----------------------------------------------------------------------------------------
candidate= 23-296 : +
-----------------------------------------------------------------------------------------
it= 3   ncol= 1653  ncstr= 691  mt= 0.4   spt= 0.0   lpval= 94010.5   ub= 94043.0  
-----------------------------------------------------------------------------------------
elapsed time= 269.11 s.
-----------------------------------------------------------------------------------------
brc= 23-296
t= 0.236612 c= 16.0146 n= 5 if_b4= 0
t= 0.671899 c= 24.6837 n= 5 if_b4= 0
#########################################################################################
tree size= 1 lb= 94007.5 ub= 94043
#########################################################################################
idx= 11 value= 94007.5 enu= 1
brc= 50-103 : -
brc= 76-103 : -
brc= 49-105 : -
brc= 70-133 : -
brc= 74-217 : +
brc= 250-278 : -
brc= 56-164 : +
brc= 7-54 : +
brc= 125-224 : -
brc= 107-287 : +
brc= 100-119 : -
brc= 233-246 : -
brc= 189-226 : -
brc= 137-150 : -
brc= 162-224 : -
brc= 126-152 : -
brc= 57-64 : -
brc= 30-79 : -
brc= 10-215 : +
brc= 70-121 : -
brc= 142-152 : -
brc= 23-88 : -
brc= 286-292 : -
brc= 26-83 : -
brc= 13-65 : +
brc= 236-266 : -
brc= 109-138 : -
brc= 0-13 : +
brc= 164-175 : +
brc= 278-299 : -
brc= 23-296 : +
it= 3   ncol= 1617  ncstr= 690  mt= 0.3   spt= 0.0   lpval= 94010.5   ub= 94043.0  
-----------------------------------------------------------------------------------------
elapsed time= 271.24 s.
-----------------------------------------------------------------------------------------
columns pending deletion= 22036 remain= 95957 col ratio= 0.770355 row ratio= 0.8
 ****** Separate RCCs ****** 
 ****** Separate Rank1Cuts ****** 
it= 2   ncol= 1592  ncstr= 739  mt= 0.0   spt= 0.0   lpval= 94011.0   ub= 94043.0  
-----------------------------------------------------------------------------------------
elapsed time= 271.87 s.
-----------------------------------------------------------------------------------------
delete columns= 27582 remain= 68375
[1;36m[REMIND] 2: gap improved= 0.516079 ratio= 0.016126 threshold= 0.040000 in function increaseCondition2 at /blue/yu.yang1/you.z/route_opt/packages/application/X-n313-k71/src/main/src/call_cutting.cpp:74[0m
 ****** Separate RCCs ****** 
 ****** Separate Rank1Cuts ****** 
it= 2   ncol= 1595  ncstr= 609  mt= 0.0   spt= 0.0   lpval= 94011.3   ub= 94043.0  
-----------------------------------------------------------------------------------------
elapsed time= 272.51 s.
-----------------------------------------------------------------------------------------
columns pending deletion= 4116 remain= 68375 col ratio= 0.939803 row ratio= 0.945813
[1;36m[REMIND] 2: gap improved= 0.287789 ratio= 0.009074 threshold= 0.040000 in function increaseCondition2 at /blue/yu.yang1/you.z/route_opt/packages/application/X-n313-k71/src/main/src/call_cutting.cpp:74[0m
 ****** Separate RCCs ****** 
 ****** Separate Rank1Cuts ****** 
it= 3   ncol= 1582  ncstr= 673  mt= 0.0   spt= 0.0   lpval= 94011.5   ub= 94043.0  
-----------------------------------------------------------------------------------------
elapsed time= 273.18 s.
-----------------------------------------------------------------------------------------
columns pending deletion= 6941 remain= 68375 col ratio= 0.898486 row ratio= 0.864785
[1;36m[REMIND] 2: gap improved= 0.243921 ratio= 0.007750 threshold= 0.040000 in function increaseCondition2 at /blue/yu.yang1/you.z/route_opt/packages/application/X-n313-k71/src/main/src/call_cutting.cpp:74[0m
[1;36m[REMIND] tail off counter= 3 threshold= 3 in function setIfTailOff at /blue/yu.yang1/you.z/route_opt/packages/application/X-n313-k71/src/main/src/call_cutting.cpp:150[0m
current_r_best= 2.98858
alpha= 0.37 beta= 4.6977 omega= 67.6831 k1= 9
lb_k= 1 ub_k= 37
revise: lb_k= 7 ub_k= 12
opt_k= 10
alpha= 0.75 beta= 4.6977 omega= 36.7373 k1= 3
lb_k= 1 ub_k= 3
revise: lb_k= 1 ub_k= 3
opt_k= 3
pseudo= 50 frac= 50
#candidates in phase1= 10
testing lp time= 5.11 s.
-----------------------------------------------------------------------------------------
 62-182 ,  70.51|   0-110 ,  17.19| 131-174 ,  15.63|  87-155 ,  12.88|   0-204 ,  11.90| 
  0-221 ,   6.10| 174-221 ,   6.10| 162-208 ,   3.97|  86-272 ,   3.41| 204-208 ,   1.53| 
-----------------------------------------------------------------------------------------
edge= 131 174 lp= 0.34951 pre= 2 lp2= 44.7307 pre2= 2 score= 15.6338
-----------------------------------------------------------------------------------------
edge= 0 110 lp= 29.5169 pre= 2 lp2= 0.582297 pre2= 2 score= 17.1876
-----------------------------------------------------------------------------------------
edge= 62 182 lp= 1.57622 pre= 2 lp2= 44.7307 pre2= 2 score= 70.5054
-----------------------------------------------------------------------------------------
candidate= 62-182 : -
-----------------------------------------------------------------------------------------
it= 2   ncol= 1588  ncstr= 674  mt= 0.5   spt= 0.0   lpval= 94013.0   ub= 94043.0  
-----------------------------------------------------------------------------------------
elapsed time= 278.78 s.
-----------------------------------------------------------------------------------------
candidate= 62-182 : +
-----------------------------------------------------------------------------------------
it= 4   ncol= 1646  ncstr= 674  mt= 0.5   spt= 0.0   lpval= 94055.5   ub= 94043.0  
-----------------------------------------------------------------------------------------
elapsed time= 279.29 s.
-----------------------------------------------------------------------------------------
brc= 62-182
t= 0.239317 c= 14.1348 n= 6 if_b4= 0
t= 0.646362 c= 21.8601 n= 6 if_b4= 0
#########################################################################################
tree size= 2 lb= 94007.5 ub= 94043
#########################################################################################
idx= 12 value= 94007.5 enu= 1
brc= 50-103 : -
brc= 76-103 : -
brc= 49-105 : -
brc= 70-133 : -
brc= 74-217 : +
brc= 250-278 : -
brc= 56-164 : +
brc= 7-54 : +
brc= 125-224 : -
brc= 107-287 : +
brc= 100-119 : -
brc= 233-246 : -
brc= 189-226 : -
brc= 137-150 : -
brc= 162-224 : -
brc= 126-152 : -
brc= 57-64 : -
brc= 30-79 : -
brc= 10-215 : +
brc= 70-121 : -
brc= 142-152 : -
brc= 23-88 : -
brc= 286-292 : -
brc= 26-83 : -
brc= 13-65 : +
brc= 236-266 : -
brc= 109-138 : -
brc= 0-13 : +
brc= 164-175 : +
brc= 278-299 : -
brc= 23-296 : -
it= 4   ncol= 1700  ncstr= 690  mt= 0.1   spt= 0.0   lpval= 94014.1   ub= 94043.0  
-----------------------------------------------------------------------------------------
elapsed time= 280.80 s.
-----------------------------------------------------------------------------------------
delete columns= 56348 remain= 39856
 ****** Separate RCCs ****** 
 ****** Separate Rank1Cuts ****** 
it= 4   ncol= 1675  ncstr= 609  mt= 0.1   spt= 0.0   lpval= 94017.5   ub= 94043.0  
-----------------------------------------------------------------------------------------
elapsed time= 281.82 s.
-----------------------------------------------------------------------------------------
delete columns= 16471 remain= 23385
 ****** Separate RCCs ****** 
 ****** Separate Rank1Cuts ****** 
it= 3   ncol= 1592  ncstr= 649  mt= 0.0   spt= 0.0   lpval= 94018.3   ub= 94043.0  
-----------------------------------------------------------------------------------------
elapsed time= 282.52 s.
-----------------------------------------------------------------------------------------
columns pending deletion= 3598 remain= 23385 col ratio= 0.846141 row ratio= 0.856703
[1;36m[REMIND] 2: gap improved= 0.821981 ratio= 0.033328 threshold= 0.040000 in function increaseCondition2 at /blue/yu.yang1/you.z/route_opt/packages/application/X-n313-k71/src/main/src/call_cutting.cpp:74[0m
 ****** Separate RCCs ****** 
 ****** Separate Rank1Cuts ****** 
it= 3   ncol= 1587  ncstr= 706  mt= 0.0   spt= 0.0   lpval= 94019.2   ub= 94043.0  
-----------------------------------------------------------------------------------------
elapsed time= 283.01 s.
-----------------------------------------------------------------------------------------
delete columns= 5867 remain= 17518
[1;36m[REMIND] 2: gap improved= 0.882632 ratio= 0.037116 threshold= 0.040000 in function increaseCondition2 at /blue/yu.yang1/you.z/route_opt/packages/application/X-n313-k71/src/main/src/call_cutting.cpp:74[0m
mip: row= 555 col= 19100 density= 4.37316%
mip time= 29.89 s.
mip status= 6
update f from 17.4326 to 23.7806
#########################################################################################
tree size= 1 lb= 94011.5 ub= 94043
#########################################################################################
idx= 13 value= 94011.5 enu= 1
brc= 50-103 : -
brc= 76-103 : -
brc= 49-105 : -
brc= 70-133 : -
brc= 74-217 : +
brc= 250-278 : -
brc= 56-164 : +
brc= 7-54 : +
brc= 125-224 : -
brc= 107-287 : +
brc= 100-119 : -
brc= 233-246 : -
brc= 189-226 : -
brc= 137-150 : -
brc= 162-224 : -
brc= 126-152 : -
brc= 57-64 : -
brc= 30-79 : -
brc= 10-215 : +
brc= 70-121 : -
brc= 142-152 : -
brc= 23-88 : -
brc= 286-292 : -
brc= 26-83 : -
brc= 13-65 : +
brc= 236-266 : -
brc= 109-138 : -
brc= 0-13 : +
brc= 164-175 : +
brc= 278-299 : -
brc= 23-296 : +
brc= 62-182 : +
it= 4   ncol= 1582  ncstr= 673  mt= 0.5   spt= 0.0   lpval= 94055.5   ub= 94043.0  
-----------------------------------------------------------------------------------------
elapsed time= 313.81 s.
-----------------------------------------------------------------------------------------
#########################################################################################
tree size= 0 lb= 94011.5 ub= 94043
#########################################################################################
idx= 14 value= 94011.5 enu= 1
brc= 50-103 : -
brc= 76-103 : -
brc= 49-105 : -
brc= 70-133 : -
brc= 74-217 : +
brc= 250-278 : -
brc= 56-164 : +
brc= 7-54 : +
brc= 125-224 : -
brc= 107-287 : +
brc= 100-119 : -
brc= 233-246 : -
brc= 189-226 : -
brc= 137-150 : -
brc= 162-224 : -
brc= 126-152 : -
brc= 57-64 : -
brc= 30-79 : -
brc= 10-215 : +
brc= 70-121 : -
brc= 142-152 : -
brc= 23-88 : -
brc= 286-292 : -
brc= 26-83 : -
brc= 13-65 : +
brc= 236-266 : -
brc= 109-138 : -
brc= 0-13 : +
brc= 164-175 : +
brc= 278-299 : -
brc= 23-296 : +
brc= 62-182 : -
it= 2   ncol= 1589  ncstr= 673  mt= 0.0   spt= 0.0   lpval= 94013.0   ub= 94043.0  
-----------------------------------------------------------------------------------------
elapsed time= 313.90 s.
-----------------------------------------------------------------------------------------
columns pending deletion= 8383 remain= 61431 col ratio= 0.863538 row ratio= 0.855869
 ****** Separate RCCs ****** 
 ****** Separate Rank1Cuts ****** 
it= 2   ncol= 1583  ncstr= 721  mt= 0.0   spt= 0.0   lpval= 94014.5   ub= 94043.0  
-----------------------------------------------------------------------------------------
elapsed time= 314.53 s.
-----------------------------------------------------------------------------------------
columns pending deletion= 15213 remain= 61431 col ratio= 0.752356 row ratio= 0.804438
 ****** Separate RCCs ****** 
 ****** Separate Rank1Cuts ****** 
it= 3   ncol= 1580  ncstr= 742  mt= 0.0   spt= 0.0   lpval= 94015.0   ub= 94043.0  
-----------------------------------------------------------------------------------------
elapsed time= 315.11 s.
-----------------------------------------------------------------------------------------
delete columns= 20095 remain= 41336
[1;36m[REMIND] 2: gap improved= 0.528923 ratio= 0.018902 threshold= 0.040000 in function increaseCondition2 at /blue/yu.yang1/you.z/route_opt/packages/application/X-n313-k71/src/main/src/call_cutting.cpp:74[0m
 ****** Separate RCCs ****** 
 ****** Separate Rank1Cuts ****** 
it= 2   ncol= 1573  ncstr= 651  mt= 0.0   spt= 0.0   lpval= 94016.5   ub= 94043.0  
-----------------------------------------------------------------------------------------
elapsed time= 315.66 s.
-----------------------------------------------------------------------------------------
columns pending deletion= 6625 remain= 41336 col ratio= 0.839728 row ratio= 0.903226
 ****** Separate RCCs ****** 
 ****** Separate Rank1Cuts ****** 
it= 2   ncol= 1569  ncstr= 711  mt= 0.0   spt= 0.0   lpval= 94016.7   ub= 94043.0  
-----------------------------------------------------------------------------------------
elapsed time= 316.20 s.
-----------------------------------------------------------------------------------------
columns pending deletion= 7985 remain= 41336 col ratio= 0.806827 row ratio= 0.846695
[1;36m[REMIND] 2: gap improved= 0.185167 ratio= 0.007032 threshold= 0.040000 in function increaseCondition2 at /blue/yu.yang1/you.z/route_opt/packages/application/X-n313-k71/src/main/src/call_cutting.cpp:74[0m
 ****** Separate Rank1Cuts ****** 
it= 1   ncol= 1563  ncstr= 726  mt= 0.0   spt= 0.0   lpval= 94016.7   ub= 94043.0  
-----------------------------------------------------------------------------------------
elapsed time= 316.60 s.
-----------------------------------------------------------------------------------------
columns pending deletion= 8601 remain= 41336 col ratio= 0.791925 row ratio= 0.833333
current_r_best= 3.84799
alpha= 0.37 beta= 0.656664 omega= 59.0632 k1= 3
lb_k= 1 ub_k= 37
revise: lb_k= 2 ub_k= 3
opt_k= 3
alpha= 0.75 beta= 0.656664 omega= 33.8203 k1= 3
lb_k= 1 ub_k= 3
revise: lb_k= 2 ub_k= 3
opt_k= 3
pseudo= 50 frac= 50
#candidates in phase1= 3
testing lp time= 1.68 s.
-----------------------------------------------------------------------------------------
104-105 ,  20.49|  18-301 ,   5.05|  84-202 ,   1.87| 
-----------------------------------------------------------------------------------------
edge= 84 202 lp= 0.0709123 pre= 1 lp2= 26.3271 pre2= 2 score= 1.86691
-----------------------------------------------------------------------------------------
edge= 18 301 lp= 9.62553 pre= 0 lp2= 0.524787 pre2= 0 score= 5.05136
-----------------------------------------------------------------------------------------
edge= 104 105 lp= 0.778121 pre= 0 lp2= 26.3271 pre2= 2 score= 20.4857
-----------------------------------------------------------------------------------------
candidate= 104-105 : +
-----------------------------------------------------------------------------------------
it= 4   ncol= 1603  ncstr= 727  mt= 0.4   spt= 0.0   lpval= 94043.0   ub= 94043.0  
-----------------------------------------------------------------------------------------
elapsed time= 318.74 s.
-----------------------------------------------------------------------------------------
brc= 104-105
t= 0.244425 c= 12.7452 n= 7 if_b4= 0
t= 0.621122 c= 19.5821 n= 7 if_b4= 0
#########################################################################################
tree size= 1 lb= 94016.7 ub= 94043
#########################################################################################
idx= 15 value= 94016.7 enu= 1
brc= 50-103 : -
brc= 76-103 : -
brc= 49-105 : -
brc= 70-133 : -
brc= 74-217 : +
brc= 250-278 : -
brc= 56-164 : +
brc= 7-54 : +
brc= 125-224 : -
brc= 107-287 : +
brc= 100-119 : -
brc= 233-246 : -
brc= 189-226 : -
brc= 137-150 : -
brc= 162-224 : -
brc= 126-152 : -
brc= 57-64 : -
brc= 30-79 : -
brc= 10-215 : +
brc= 70-121 : -
brc= 142-152 : -
brc= 23-88 : -
brc= 286-292 : -
brc= 26-83 : -
brc= 13-65 : +
brc= 236-266 : -
brc= 109-138 : -
brc= 0-13 : +
brc= 164-175 : +
brc= 278-299 : -
brc= 23-296 : +
brc= 62-182 : -
brc= 104-105 : +
it= 4   ncol= 1563  ncstr= 726  mt= 0.5   spt= 0.0   lpval= 94043.0   ub= 94043.0  
-----------------------------------------------------------------------------------------
elapsed time= 320.48 s.
-----------------------------------------------------------------------------------------
#########################################################################################
tree size= 0 lb= 94016.7 ub= 94043
#########################################################################################
idx= 16 value= 94016.7 enu= 1
brc= 50-103 : -
brc= 76-103 : -
brc= 49-105 : -
brc= 70-133 : -
brc= 74-217 : +
brc= 250-278 : -
brc= 56-164 : +
brc= 7-54 : +
brc= 125-224 : -
brc= 107-287 : +
brc= 100-119 : -
brc= 233-246 : -
brc= 189-226 : -
brc= 137-150 : -
brc= 162-224 : -
brc= 126-152 : -
brc= 57-64 : -
brc= 30-79 : -
brc= 10-215 : +
brc= 70-121 : -
brc= 142-152 : -
brc= 23-88 : -
brc= 286-292 : -
brc= 26-83 : -
brc= 13-65 : +
brc= 236-266 : -
brc= 109-138 : -
brc= 0-13 : +
brc= 164-175 : +
brc= 278-299 : -
brc= 23-296 : +
brc= 62-182 : -
brc= 104-105 : -
it= 3   ncol= 1595  ncstr= 726  mt= 0.0   spt= 0.0   lpval= 94017.5   ub= 94043.0  
-----------------------------------------------------------------------------------------
elapsed time= 320.55 s.
-----------------------------------------------------------------------------------------
columns pending deletion= 4431 remain= 32735 col ratio= 0.86464 row ratio= 0.797521
 ****** Separate RCCs ****** 
 ****** Separate Rank1Cuts ****** 
it= 2   ncol= 1555  ncstr= 748  mt= 0.0   spt= 0.0   lpval= 94018.3   ub= 94043.0  
-----------------------------------------------------------------------------------------
elapsed time= 320.97 s.
-----------------------------------------------------------------------------------------
columns pending deletion= 7258 remain= 32735 col ratio= 0.77828 row ratio= 0.78877
[1;36m[REMIND] 2: gap improved= 0.855059 ratio= 0.034651 threshold= 0.040000 in function increaseCondition2 at /blue/yu.yang1/you.z/route_opt/packages/application/X-n313-k71/src/main/src/call_cutting.cpp:74[0m
 ****** Separate RCCs ****** 
 ****** Separate Rank1Cuts ****** 
it= 2   ncol= 1544  ncstr= 764  mt= 0.0   spt= 0.0   lpval= 94018.4   ub= 94043.0  
-----------------------------------------------------------------------------------------
elapsed time= 321.40 s.
-----------------------------------------------------------------------------------------
delete columns= 8557 remain= 24178
[1;36m[REMIND] 2: gap improved= 0.125705 ratio= 0.005120 threshold= 0.040000 in function increaseCondition2 at /blue/yu.yang1/you.z/route_opt/packages/application/X-n313-k71/src/main/src/call_cutting.cpp:74[0m
 ****** Separate RCCs ****** 
 ****** Separate Rank1Cuts ****** 
it= 2   ncol= 1541  ncstr= 613  mt= 0.0   spt= 0.0   lpval= 94018.7   ub= 94043.0  
-----------------------------------------------------------------------------------------
elapsed time= 322.32 s.
-----------------------------------------------------------------------------------------
columns pending deletion= 1560 remain= 24178 col ratio= 0.935479 row ratio= 0.949429
[1;36m[REMIND] 2: gap improved= 0.293861 ratio= 0.012115 threshold= 0.040000 in function increaseCondition2 at /blue/yu.yang1/you.z/route_opt/packages/application/X-n313-k71/src/main/src/call_cutting.cpp:74[0m
[1;36m[REMIND] tail off counter= 3 threshold= 3 in function setIfTailOff at /blue/yu.yang1/you.z/route_opt/packages/application/X-n313-k71/src/main/src/call_cutting.cpp:150[0m
current_r_best= 1.62716
alpha= 0.37 beta= 0.292497 omega= 52.1438 k1= 1
lb_k= 1 ub_k= 3
revise: lb_k= 1 ub_k= 2
opt_k= 2
alpha= 0.75 beta= 0.292497 omega= 31.5271 k1= 2
lb_k= 1 ub_k= 3
revise: lb_k= 1 ub_k= 3
opt_k= 3
pseudo= 50 frac= 50
#candidates in phase1= 2
testing lp time= 0.84 s.
-----------------------------------------------------------------------------------------
 49-85  ,  15.12|   0-204 ,   4.97| 
-----------------------------------------------------------------------------------------
edge= 0 204 lp= 48.4278 pre= 2 lp2= 0.102712 pre2= 0 score= 4.97414
-----------------------------------------------------------------------------------------
edge= 49 85 lp= 106.408 pre= 2 lp2= 0.142079 pre2= 0 score= 15.1183
-----------------------------------------------------------------------------------------
candidate= 49-85 : -
-----------------------------------------------------------------------------------------
it= 6   ncol= 1702  ncstr= 614  mt= 0.4   spt= 0.0   lpval= 94088.5   ub= 94043.0  
-----------------------------------------------------------------------------------------
elapsed time= 323.59 s.
-----------------------------------------------------------------------------------------
brc= 49-85
t= 0.240652 c= 11.557 n= 8 if_b4= 0
t= 0.598331 c= 17.6579 n= 8 if_b4= 0
#########################################################################################
tree size= 1 lb= 94018.7 ub= 94043
#########################################################################################
idx= 17 value= 94018.7 enu= 1
brc= 50-103 : -
brc= 76-103 : -
brc= 49-105 : -
brc= 70-133 : -
brc= 74-217 : +
brc= 250-278 : -
brc= 56-164 : +
brc= 7-54 : +
brc= 125-224 : -
brc= 107-287 : +
brc= 100-119 : -
brc= 233-246 : -
brc= 189-226 : -
brc= 137-150 : -
brc= 162-224 : -
brc= 126-152 : -
brc= 57-64 : -
brc= 30-79 : -
brc= 10-215 : +
brc= 70-121 : -
brc= 142-152 : -
brc= 23-88 : -
brc= 286-292 : -
brc= 26-83 : -
brc= 13-65 : +
brc= 236-266 : -
brc= 109-138 : -
brc= 0-13 : +
brc= 164-175 : +
brc= 278-299 : -
brc= 23-296 : +
brc= 62-182 : -
brc= 104-105 : -
brc= 49-85 : +
it= 2   ncol= 1522  ncstr= 613  mt= 0.4   spt= 0.0   lpval= 94018.9   ub= 94043.0  
-----------------------------------------------------------------------------------------
elapsed time= 324.92 s.
-----------------------------------------------------------------------------------------
columns pending deletion= 1280 remain= 22605 col ratio= 0.943375 row ratio= 0.926591
 ****** Separate RCCs ****** 
 ****** Separate Rank1Cuts ****** 
it= 3   ncol= 1523  ncstr= 649  mt= 0.0   spt= 0.0   lpval= 94019.5   ub= 94043.0  
-----------------------------------------------------------------------------------------
elapsed time= 325.50 s.
-----------------------------------------------------------------------------------------
columns pending deletion= 2286 remain= 22605 col ratio= 0.898872 row ratio= 0.895223
[1;36m[REMIND] 2: gap improved= 0.615187 ratio= 0.026178 threshold= 0.040000 in function increaseCondition2 at /blue/yu.yang1/you.z/route_opt/packages/application/X-n313-k71/src/main/src/call_cutting.cpp:74[0m
 ****** Separate RCCs ****** 
 ****** Separate Rank1Cuts ****** 
it= 3   ncol= 1519  ncstr= 675  mt= 0.0   spt= 0.0   lpval= 94019.8   ub= 94043.0  
-----------------------------------------------------------------------------------------
elapsed time= 326.00 s.
-----------------------------------------------------------------------------------------
columns pending deletion= 3670 remain= 22605 col ratio= 0.837647 row ratio= 0.868148
[1;36m[REMIND] 2: gap improved= 0.288726 ratio= 0.012439 threshold= 0.040000 in function increaseCondition2 at /blue/yu.yang1/you.z/route_opt/packages/application/X-n313-k71/src/main/src/call_cutting.cpp:74[0m
 ****** Separate Rank1Cuts ****** 
it= 2   ncol= 1513  ncstr= 709  mt= 0.0   spt= 0.0   lpval= 94019.9   ub= 94043.0  
-----------------------------------------------------------------------------------------
elapsed time= 326.48 s.
-----------------------------------------------------------------------------------------
columns pending deletion= 4094 remain= 22605 col ratio= 0.81889 row ratio= 0.843441
current_r_best= 0.923597
alpha= 0.37 beta= 0 omega= 48.0237 k1= 1
lb_k= 1 ub_k= 37
revise: lb_k= 1 ub_k= 1
opt_k= 1
alpha= 0.75 beta= 0 omega= 29.5119 k1= 1
lb_k= 1 ub_k= 3
revise: lb_k= 1 ub_k= 1
opt_k= 1
pseudo= 50 frac= 50
#candidates in phase1= 1
[1;36m[REMIND] no data in phase2: a single candidate in function getFeatureDataPhase2 at /blue/yu.yang1/you.z/route_opt/packages/application/X-n313-k71/src/l2b/include/t_l2b_phase2.hpp:27[0m
brc= 51-116
t= 0.240652 c= 10.5974 n= 9 if_b4= 0
t= 0.598331 c= 16.0882 n= 9 if_b4= 0
#########################################################################################
tree size= 2 lb= 94018.7 ub= 94043
#########################################################################################
idx= 18 value= 94018.7 enu= 1
brc= 50-103 : -
brc= 76-103 : -
brc= 49-105 : -
brc= 70-133 : -
brc= 74-217 : +
brc= 250-278 : -
brc= 56-164 : +
brc= 7-54 : +
brc= 125-224 : -
brc= 107-287 : +
brc= 100-119 : -
brc= 233-246 : -
brc= 189-226 : -
brc= 137-150 : -
brc= 162-224 : -
brc= 126-152 : -
brc= 57-64 : -
brc= 30-79 : -
brc= 10-215 : +
brc= 70-121 : -
brc= 142-152 : -
brc= 23-88 : -
brc= 286-292 : -
brc= 26-83 : -
brc= 13-65 : +
brc= 236-266 : -
brc= 109-138 : -
brc= 0-13 : +
brc= 164-175 : +
brc= 278-299 : -
brc= 23-296 : +
brc= 62-182 : -
brc= 104-105 : -
brc= 49-85 : -
it= 6   ncol= 1667  ncstr= 613  mt= 0.3   spt= 0.0   lpval= 94088.5   ub= 94043.0  
-----------------------------------------------------------------------------------------
elapsed time= 327.43 s.
-----------------------------------------------------------------------------------------
#########################################################################################
tree size= 1 lb= 94019.9 ub= 94043
#########################################################################################
idx= 19 value= 94019.9 enu= 1
brc= 50-103 : -
brc= 76-103 : -
brc= 49-105 : -
brc= 70-133 : -
brc= 74-217 : +
brc= 250-278 : -
brc= 56-164 : +
brc= 7-54 : +
brc= 125-224 : -
brc= 107-287 : +
brc= 100-119 : -
brc= 233-246 : -
brc= 189-226 : -
brc= 137-150 : -
brc= 162-224 : -
brc= 126-152 : -
brc= 57-64 : -
brc= 30-79 : -
brc= 10-215 : +
brc= 70-121 : -
brc= 142-152 : -
brc= 23-88 : -
brc= 286-292 : -
brc= 26-83 : -
brc= 13-65 : +
brc= 236-266 : -
brc= 109-138 : -
brc= 0-13 : +
brc= 164-175 : +
brc= 278-299 : -
brc= 23-296 : +
brc= 62-182 : -
brc= 104-105 : -
brc= 49-85 : +
brc= 51-116 : +
it= 3   ncol= 1509  ncstr= 709  mt= 0.6   spt= 0.0   lpval= 94029.8   ub= 94043.0  
-----------------------------------------------------------------------------------------
elapsed time= 328.06 s.
-----------------------------------------------------------------------------------------
delete columns= 14325 remain= 3895
 ****** Separate RCCs ****** 
 ****** Separate Rank1Cuts ****** 
it= 3   ncol= 1338  ncstr= 581  mt= 0.0   spt= 0.0   lpval= 94031.9   ub= 94043.0  
-----------------------------------------------------------------------------------------
elapsed time= 328.89 s.
-----------------------------------------------------------------------------------------
columns pending deletion= 1185 remain= 3895 col ratio= 0.695764 row ratio= 0.938038
mip: row= 545 col= 3973 density= 4.72386%
mip time= 1.51 s.
mip status= 6
#########################################################################################
tree size= 0 lb= 94019.9 ub= 94043
#########################################################################################
idx= 20 value= 94019.9 enu= 1
brc= 50-103 : -
brc= 76-103 : -
brc= 49-105 : -
brc= 70-133 : -
brc= 74-217 : +
brc= 250-278 : -
brc= 56-164 : +
brc= 7-54 : +
brc= 125-224 : -
brc= 107-287 : +
brc= 100-119 : -
brc= 233-246 : -
brc= 189-226 : -
brc= 137-150 : -
brc= 162-224 : -
brc= 126-152 : -
brc= 57-64 : -
brc= 30-79 : -
brc= 10-215 : +
brc= 70-121 : -
brc= 142-152 : -
brc= 23-88 : -
brc= 286-292 : -
brc= 26-83 : -
brc= 13-65 : +
brc= 236-266 : -
brc= 109-138 : -
brc= 0-13 : +
brc= 164-175 : +
brc= 278-299 : -
brc= 23-296 : +
brc= 62-182 : -
brc= 104-105 : -
brc= 49-85 : +
brc= 51-116 : -
it= 2   ncol= 1508  ncstr= 709  mt= 0.0   spt= 0.0   lpval= 94020.1   ub= 94043.0  
-----------------------------------------------------------------------------------------
elapsed time= 330.77 s.
-----------------------------------------------------------------------------------------
columns pending deletion= 575 remain= 18496 col ratio= 0.968912 row ratio= 0.847673
 ****** Separate Rank1Cuts ****** 
it= 2   ncol= 1505  ncstr= 730  mt= 0.0   spt= 0.0   lpval= 94020.1   ub= 94043.0  
-----------------------------------------------------------------------------------------
elapsed time= 331.21 s.
-----------------------------------------------------------------------------------------
columns pending deletion= 881 remain= 18496 col ratio= 0.952368 row ratio= 0.830137
mip: row= 606 col= 19119 density= 5.76261%
mip time= 29.12 s.
mip status= 6
#########################################################################################
[32m<Instance: X-n313-k71>
<Solution>
<UB= 94043>
<LB= 94043>
<Elapsed Time= 360.9>
<Nodes Explored= 21>
<Global Gap= 0%>[0m
#########################################################################################
File nodes/X-n313-k71_4_1_0_1_8_5_G32.node deleted successfully.
