application type: CVRP
X-n313-k71_2_4_2_0_0_0_1_1_2_3_G32.node
Set parameter ServerTimeout to value 600
Set parameter TokenServer to value "grb-ts.ufhpc"
Set parameter Threads to value 1
instance name= X-n313-k71
#########################################################################################
tree size= 0 lb= 0 ub= 94044
#########################################################################################
idx= 7 value= 93994.5 enu= 0
brc= 50-103 : -
brc= 76-103 : -
brc= 49-105 : +
brc= 164-295 : -
brc= 62-296 : -
brc= 126-152 : -
brc= 109-138 : -
brc= 57-130 : +
brc= 70-121 : -
brc= 31-70 : -
brc= 33-281 : +
brc= 70-133 : +
brc= 62-182 : +
brc= 59-68 : +
brc= 134-296 : -
brc= 75-303 : +
brc= 0-292 : -
brc= 0-27 : +
brc= 124-292 : -
brc= 50-138 : -
brc= 88-124 : +
brc= 175-252 : -
brc= 109-203 : -
brc= 141-164 : -
brc= 13-105 : +
-----------------------------------------------------------------------------------------
 ****** Pricing Level: LIGHT HEUR ****** 
it= 12  ncol= 1469  ncstr= 631  mt= 0.2   spt= 0.3   lpval= 94055.3   ub= 94043.0  
 ****** Pricing Level: HEAVY HEUR ****** 
it= 10  ncol= 1661  ncstr= 631  mt= 0.2   spt= 0.6   lpval= 94053.7   ub= 94043.0  
 ****** Pricing Level: EXACT ****** 
it= 4   ncol= 1855  ncstr= 631  mt= 0.1   spt= 3.1   lpval= 94053.0   ub= 94043.0  
-----------------------------------------------------------------------------------------
elapsed time= 8.52 s.
-----------------------------------------------------------------------------------------
#########################################################################################
[32m<Instance: X-n313-k71>
<Solution>
<UB= 94043>
<LB= 94043>
<Elapsed Time= 8.5>
<Nodes Explored= 1>
<Global Gap= 0%>[0m
#########################################################################################
File nodes/X-n313-k71_2_4_2_0_0_0_1_1_2_3_G32.node deleted successfully.
