application type: CVRP
X-n313-k71_4_1_0_0_1_2_G32.node
Set parameter ServerTimeout to value 600
Set parameter TokenServer to value "grb-ts.ufhpc"
Set parameter Threads to value 1
instance name= X-n313-k71
#########################################################################################
tree size= 0 lb= 0 ub= 94044
#########################################################################################
idx= 5 value= 93938.9 enu= 0
brc= 50-103 : -
brc= 76-103 : -
brc= 49-105 : -
brc= 70-133 : -
brc= 74-217 : +
brc= 250-278 : -
brc= 56-164 : +
brc= 7-54 : +
brc= 125-224 : +
brc= 303-311 : -
brc= 70-121 : +
brc= 71-203 : -
brc= 19-106 : -
brc= 13-65 : +
-----------------------------------------------------------------------------------------
 ****** Pricing Level: LIGHT HEUR ****** 
it= 10  ncol= 1480  ncstr= 597  mt= 0.2   spt= 0.4   lpval= 93941.1   ub= 94043.0  
 ****** Pricing Level: HEAVY HEUR ****** 
it= 5   ncol= 1564  ncstr= 597  mt= 0.0   spt= 0.5   lpval= 93941.0   ub= 94043.0  
 ****** Pricing Level: EXACT ****** 
it= 4   ncol= 1615  ncstr= 597  mt= 0.1   spt= 6.9   lpval= 93940.5   ub= 94043.0  
-----------------------------------------------------------------------------------------
elapsed time= 11.72 s.
-----------------------------------------------------------------------------------------
-----------------------------------------------------------------------------------------
 ****** Run Arc Elimination ****** 
arc elimination time= 15.55 s.
previous= 94.7707% maximum= 6.25551%
eliminate bucket arcs time= 1.01 s.
obtain jump arcs time= 0.01 s.
-----------------------------------------------------------------------------------------
-----------------------------------------------------------------------------------------
elapsed time= 28.63 s.
-----------------------------------------------------------------------------------------
 ****** Separate RCCs ****** 
 ****** Separate Rank1Cuts ****** 
-----------------------------------------------------------------------------------------
 ****** Pricing Level: LIGHT HEUR ****** 
it= 4   ncol= 1701  ncstr= 685  mt= 0.3   spt= 0.2   lpval= 93943.6   ub= 94043.0  
 ****** Pricing Level: HEAVY HEUR ****** 
it= 5   ncol= 1760  ncstr= 685  mt= 0.0   spt= 0.5   lpval= 93943.6   ub= 94043.0  
 ****** Pricing Level: EXACT ****** 
it= 4   ncol= 1806  ncstr= 685  mt= 0.1   spt= 6.9   lpval= 93943.5   ub= 94043.0  
-----------------------------------------------------------------------------------------
elapsed time= 38.23 s.
-----------------------------------------------------------------------------------------
[1;36m[REMIND] 2: gap improved= 2.963636 ratio= 0.029782 threshold= 0.040000 in function increaseCondition2 at /blue/yu.yang1/you.z/route_opt/packages/application/X-n313-k71/src/main/src/call_cutting.cpp:74[0m
 ****** Separate Rank1Cuts ****** 
-----------------------------------------------------------------------------------------
 ****** Pricing Level: LIGHT HEUR ****** 
it= 2   ncol= 1814  ncstr= 627  mt= 0.2   spt= 0.1   lpval= 93944.0   ub= 94043.0  
 ****** Pricing Level: HEAVY HEUR ****** 
it= 2   ncol= 1819  ncstr= 627  mt= 0.0   spt= 0.2   lpval= 93943.9   ub= 94043.0  
 ****** Pricing Level: EXACT ****** 
it= 2   ncol= 1822  ncstr= 627  mt= 0.0   spt= 3.5   lpval= 93943.9   ub= 94043.0  
-----------------------------------------------------------------------------------------
elapsed time= 43.47 s.
-----------------------------------------------------------------------------------------
[1;36m[REMIND] 2: gap improved= 0.445011 ratio= 0.004492 threshold= 0.040000 in function increaseCondition2 at /blue/yu.yang1/you.z/route_opt/packages/application/X-n313-k71/src/main/src/call_cutting.cpp:74[0m
 ****** Separate RCCs ****** 
 ****** Separate Rank1Cuts ****** 
-----------------------------------------------------------------------------------------
 ****** Pricing Level: LIGHT HEUR ****** 
it= 2   ncol= 1823  ncstr= 701  mt= 0.3   spt= 0.1   lpval= 93944.1   ub= 94043.0  
 ****** Pricing Level: HEAVY HEUR ****** 
it= 3   ncol= 1832  ncstr= 701  mt= 0.0   spt= 0.3   lpval= 93944.1   ub= 94043.0  
 ****** Pricing Level: EXACT ****** 
it= 3   ncol= 1853  ncstr= 701  mt= 0.0   spt= 5.7   lpval= 93944.1   ub= 94043.0  
-----------------------------------------------------------------------------------------
elapsed time= 51.04 s.
-----------------------------------------------------------------------------------------
[1;36m[REMIND] 2: gap improved= 0.180295 ratio= 0.001823 threshold= 0.040000 in function increaseCondition2 at /blue/yu.yang1/you.z/route_opt/packages/application/X-n313-k71/src/main/src/call_cutting.cpp:74[0m
[1;36m[REMIND] tail off counter= 3 threshold= 3 in function setIfTailOff at /blue/yu.yang1/you.z/route_opt/packages/application/X-n313-k71/src/main/src/call_cutting.cpp:150[0m
[1;36m[REMIND] opt_k not found for node 5, use m directly in function getOptK at /blue/yu.yang1/you.z/route_opt/packages/branching/bkf/include/bkf_controller.hpp:239[0m
current_r_best= 3.81691
we directly test 100
we directly test 4
pseudo= 50 frac= 50
#candidates in phase1= 100
testing lp time= 27.83 s.
-----------------------------------------------------------------------------------------
  0-162 , 138.60| 128-150 ,  78.54|  64-128 ,  71.47| 162-208 ,  68.56| 215-239 ,  56.05| 
 43-141 ,  56.05|   0-227 ,  54.98| 233-246 ,  54.98| 141-295 ,  53.89| 260-312 ,  53.18| 
234-312 ,  53.18|   0-312 ,  53.18|  74-312 ,  53.18| 278-299 ,  47.56|  24-299 ,  47.56| 
165-257 ,  41.91| 233-263 ,  40.82| 187-213 ,  40.61|   0-269 ,  40.60| 117-237 ,  38.91| 
165-280 ,  33.40| 103-138 ,  33.32| 109-203 ,  33.01|  10-215 ,  31.49|  53-239 ,  29.92| 
167-232 ,  29.23| 100-275 ,  29.23| 107-287 ,  26.42|  86-267 ,  26.42|  24-257 ,  25.48| 
 59-76  ,  24.64|  59-68  ,  24.64| 214-289 ,  23.91|   0-176 ,  22.14| 163-180 ,  21.05| 
  3-269 ,  21.01|  62-296 ,  20.51|  25-122 ,  19.63|   0-109 ,  19.08|  71-109 ,  19.08| 
  0-260 ,  18.55|  86-290 ,  18.23|  90-228 ,  17.87|   0-69  ,  17.84|  29-131 ,  16.95| 
  0-95  ,  16.04| 234-299 ,  15.79|  30-79  ,  14.81|  74-252 ,  14.70|   0-234 ,  14.52| 
162-189 ,  12.31|   0-189 ,  12.31| 164-175 ,  12.00| 202-269 ,  11.04|   0-106 ,  10.72| 
 21-191 ,   8.84|   0-76  ,   8.38| 135-291 ,   7.84| 199-254 ,   7.78|   0-228 ,   7.67| 
 56-228 ,   7.67| 108-218 ,   7.34|   0-296 ,   6.97|  41-254 ,   6.92|   0-47  ,   6.82| 
 47-113 ,   6.82| 112-165 ,   6.41|  87-117 ,   6.09|  86-243 ,   6.07|  49-101 ,   6.04| 
  0-94  ,   6.04|   0-290 ,   6.01|  66-235 ,   5.61|   0-301 ,   5.34|  18-301 ,   5.34| 
259-293 ,   5.06| 198-238 ,   4.13|   0-116 ,   3.61|   0-214 ,   3.30|   0-244 ,   3.16| 
  0-218 ,   2.75|   0-180 ,   2.55|  66-135 ,   2.49| 190-280 ,   2.25| 204-257 ,   2.23| 
123-135 ,   2.23| 200-294 ,   1.67|   0-2   ,   1.50|  25-108 ,   1.48|   0-165 ,   1.36| 
114-161 ,   1.33| 271-293 ,   1.25| 243-267 ,   0.99|   0-41  ,   0.98|   0-26  ,   0.88| 
  0-211 ,   0.88| 166-222 ,   0.69|   0-230 ,   0.47|   0-210 ,   0.03| 210-220 ,   0.00| 
-----------------------------------------------------------------------------------------
edge= 64 128 lp= 1.24107 pre= 2 lp2= 57.5882 pre2= 2 score= 71.4712
-----------------------------------------------------------------------------------------
edge= 128 150 lp= 1.2412 pre= 2 lp2= 63.2788 pre2= 2 score= 78.5413
-----------------------------------------------------------------------------------------
edge= 162 208 lp= 22.1387 pre= 2 lp2= 3.09698 pre2= 2 score= 68.5632
-----------------------------------------------------------------------------------------
edge= 0 162 lp= 11.2318 pre= 2 lp2= 12.3396 pre2= 2 score= 138.596
-----------------------------------------------------------------------------------------
candidate= 0-162 : -
-----------------------------------------------------------------------------------------
-----------------------------------------------------------------------------------------
 ****** Pricing Level: LIGHT HEUR ****** 
it= 6   ncol= 1350  ncstr= 594  mt= 0.3   spt= 0.3   lpval= 93947.0   ub= 94043.0  
 ****** Pricing Level: HEAVY HEUR ****** 
it= 4   ncol= 1421  ncstr= 594  mt= 0.0   spt= 0.4   lpval= 93946.9   ub= 94043.0  
-----------------------------------------------------------------------------------------
elapsed time= 80.40 s.
-----------------------------------------------------------------------------------------
candidate= 128-150 : -
-----------------------------------------------------------------------------------------
-----------------------------------------------------------------------------------------
 ****** Pricing Level: LIGHT HEUR ****** 
it= 4   ncol= 1319  ncstr= 594  mt= 0.2   spt= 0.2   lpval= 93945.3   ub= 94043.0  
 ****** Pricing Level: HEAVY HEUR ****** 
it= 3   ncol= 1332  ncstr= 594  mt= 0.0   spt= 0.3   lpval= 93945.3   ub= 94043.0  
-----------------------------------------------------------------------------------------
elapsed time= 81.44 s.
-----------------------------------------------------------------------------------------
candidate= 128-150 : +
-----------------------------------------------------------------------------------------
-----------------------------------------------------------------------------------------
 ****** Pricing Level: LIGHT HEUR ****** 
it= 8   ncol= 1414  ncstr= 594  mt= 0.4   spt= 0.3   lpval= 93959.2   ub= 94043.0  
 ****** Pricing Level: HEAVY HEUR ****** 
it= 5   ncol= 1475  ncstr= 594  mt= 0.1   spt= 0.5   lpval= 93953.1   ub= 94043.0  
-----------------------------------------------------------------------------------------
elapsed time= 83.52 s.
-----------------------------------------------------------------------------------------
candidate= 64-128 : -
-----------------------------------------------------------------------------------------
-----------------------------------------------------------------------------------------
 ****** Pricing Level: LIGHT HEUR ****** 
it= 5   ncol= 1320  ncstr= 594  mt= 0.2   spt= 0.2   lpval= 93945.3   ub= 94043.0  
 ****** Pricing Level: HEAVY HEUR ****** 
it= 4   ncol= 1370  ncstr= 594  mt= 0.0   spt= 0.4   lpval= 93945.3   ub= 94043.0  
-----------------------------------------------------------------------------------------
elapsed time= 84.85 s.
-----------------------------------------------------------------------------------------
candidate= 162-208 : -
-----------------------------------------------------------------------------------------
-----------------------------------------------------------------------------------------
 ****** Pricing Level: LIGHT HEUR ****** 
it= 5   ncol= 1341  ncstr= 594  mt= 0.2   spt= 0.2   lpval= 93964.6   ub= 94043.0  
 ****** Pricing Level: HEAVY HEUR ****** 
it= 6   ncol= 1426  ncstr= 594  mt= 0.1   spt= 0.6   lpval= 93960.3   ub= 94043.0  
-----------------------------------------------------------------------------------------
elapsed time= 86.53 s.
-----------------------------------------------------------------------------------------
candidate= 64-128 : +
-----------------------------------------------------------------------------------------
-----------------------------------------------------------------------------------------
 ****** Pricing Level: LIGHT HEUR ****** 
it= 12  ncol= 1515  ncstr= 594  mt= 0.4   spt= 0.5   lpval= 93973.3   ub= 94043.0  
 ****** Pricing Level: HEAVY HEUR ****** 
it= 5   ncol= 1598  ncstr= 594  mt= 0.1   spt= 0.5   lpval= 93960.9   ub= 94043.0  
-----------------------------------------------------------------------------------------
elapsed time= 88.95 s.
-----------------------------------------------------------------------------------------
candidate= 162-208 : +
-----------------------------------------------------------------------------------------
-----------------------------------------------------------------------------------------
 ****** Pricing Level: LIGHT HEUR ****** 
it= 5   ncol= 1327  ncstr= 594  mt= 0.2   spt= 0.2   lpval= 93945.6   ub= 94043.0  
 ****** Pricing Level: HEAVY HEUR ****** 
it= 3   ncol= 1351  ncstr= 594  mt= 0.1   spt= 0.3   lpval= 93945.5   ub= 94043.0  
-----------------------------------------------------------------------------------------
elapsed time= 90.15 s.
-----------------------------------------------------------------------------------------
candidate= 0-162 : +
-----------------------------------------------------------------------------------------
-----------------------------------------------------------------------------------------
 ****** Pricing Level: LIGHT HEUR ****** 
it= 5   ncol= 1322  ncstr= 594  mt= 0.2   spt= 0.2   lpval= 93956.3   ub= 94043.0  
 ****** Pricing Level: HEAVY HEUR ****** 
it= 5   ncol= 1376  ncstr= 594  mt= 0.1   spt= 0.5   lpval= 93955.6   ub= 94043.0  
-----------------------------------------------------------------------------------------
elapsed time= 91.62 s.
-----------------------------------------------------------------------------------------
brc= 0-162
t= 0.139142 c= 54.714 n= 0 if_b4= 1
t= 1.59075 c= 62.2652 n= 0 if_b4= 1
nodes already exists
memory usage= 5GB.
#########################################################################################
tree size= 0 lb= 93944.1 ub= 94043
#########################################################################################
idx= 2 value= 93944.1 enu= 0
brc= 50-103 : -
brc= 76-103 : -
brc= 49-105 : -
brc= 70-133 : -
brc= 74-217 : +
brc= 250-278 : -
brc= 56-164 : +
brc= 7-54 : +
brc= 125-224 : +
brc= 303-311 : -
brc= 70-121 : +
brc= 71-203 : -
brc= 19-106 : -
brc= 13-65 : +
brc= 0-162 : -
-----------------------------------------------------------------------------------------
 ****** Pricing Level: LIGHT HEUR ****** 
it= 5   ncol= 1341  ncstr= 593  mt= 0.3   spt= 0.2   lpval= 93947.0   ub= 94043.0  
 ****** Pricing Level: HEAVY HEUR ****** 
it= 5   ncol= 1406  ncstr= 593  mt= 0.0   spt= 0.5   lpval= 93946.9   ub= 94043.0  
 ****** Pricing Level: EXACT ****** 
it= 3   ncol= 1515  ncstr= 593  mt= 0.0   spt= 5.3   lpval= 93946.8   ub= 94043.0  
-----------------------------------------------------------------------------------------
elapsed time= 99.59 s.
-----------------------------------------------------------------------------------------
 ****** Separate RCCs ****** 
 ****** Separate Rank1Cuts ****** 
-----------------------------------------------------------------------------------------
 ****** Pricing Level: LIGHT HEUR ****** 
it= 5   ncol= 1565  ncstr= 676  mt= 0.3   spt= 0.2   lpval= 93947.7   ub= 94043.0  
 ****** Pricing Level: HEAVY HEUR ****** 
it= 3   ncol= 1584  ncstr= 676  mt= 0.0   spt= 0.3   lpval= 93947.7   ub= 94043.0  
 ****** Pricing Level: EXACT ****** 
it= 3   ncol= 1637  ncstr= 676  mt= 0.1   spt= 5.1   lpval= 93947.6   ub= 94043.0  
-----------------------------------------------------------------------------------------
elapsed time= 106.84 s.
-----------------------------------------------------------------------------------------
[1;36m[REMIND] 2: gap improved= 0.785431 ratio= 0.008235 threshold= 0.040000 in function increaseCondition2 at /blue/yu.yang1/you.z/route_opt/packages/application/X-n313-k71/src/main/src/call_cutting.cpp:74[0m
 ****** Separate RCCs ****** 
 ****** Separate Rank1Cuts ****** 
-----------------------------------------------------------------------------------------
 ****** Pricing Level: LIGHT HEUR ****** 
it= 2   ncol= 1664  ncstr= 623  mt= 0.2   spt= 0.1   lpval= 93948.0   ub= 94043.0  
 ****** Pricing Level: HEAVY HEUR ****** 
it= 3   ncol= 1672  ncstr= 623  mt= 0.0   spt= 0.3   lpval= 93948.0   ub= 94043.0  
 ****** Pricing Level: EXACT ****** 
it= 4   ncol= 1730  ncstr= 623  mt= 0.1   spt= 7.1   lpval= 93948.0   ub= 94043.0  
-----------------------------------------------------------------------------------------
elapsed time= 115.76 s.
-----------------------------------------------------------------------------------------
[1;36m[REMIND] 2: gap improved= 0.326060 ratio= 0.003430 threshold= 0.040000 in function increaseCondition2 at /blue/yu.yang1/you.z/route_opt/packages/application/X-n313-k71/src/main/src/call_cutting.cpp:74[0m
 ****** Separate Rank1Cuts ****** 
-----------------------------------------------------------------------------------------
 ****** Pricing Level: LIGHT HEUR ****** 
it= 3   ncol= 1744  ncstr= 627  mt= 0.2   spt= 0.1   lpval= 93948.1   ub= 94043.0  
 ****** Pricing Level: HEAVY HEUR ****** 
it= 2   ncol= 1746  ncstr= 627  mt= 0.0   spt= 0.2   lpval= 93948.1   ub= 94043.0  
 ****** Pricing Level: EXACT ****** 
it= 2   ncol= 1758  ncstr= 627  mt= 0.0   spt= 3.5   lpval= 93948.1   ub= 94043.0  
-----------------------------------------------------------------------------------------
elapsed time= 121.23 s.
-----------------------------------------------------------------------------------------
[1;36m[REMIND] 2: gap improved= 0.132182 ratio= 0.001393 threshold= 0.040000 in function increaseCondition2 at /blue/yu.yang1/you.z/route_opt/packages/application/X-n313-k71/src/main/src/call_cutting.cpp:74[0m
[1;36m[REMIND] tail off counter= 3 threshold= 3 in function setIfTailOff at /blue/yu.yang1/you.z/route_opt/packages/application/X-n313-k71/src/main/src/call_cutting.cpp:150[0m
current_r_best= 2.86915
pseudo= 50 frac= 50
#candidates in phase1= 37
testing lp time= 9.98 s.
-----------------------------------------------------------------------------------------
234-312 ,  89.33| 260-312 ,  89.33|  74-312 ,  89.33|  10-215 ,  55.13| 106-207 ,  50.47| 
207-230 ,  50.47|   0-227 ,  46.66| 233-246 ,  46.66| 164-175 ,  42.78| 117-237 ,  39.75| 
 52-296 ,  39.55|  10-22  ,  34.34|   3-269 ,  29.83|  59-76  ,  28.64| 257-299 ,  27.40| 
 43-141 ,  26.19| 141-295 ,  26.19| 112-171 ,  25.83| 215-239 ,  24.20|  53-239 ,  22.47| 
  0-176 ,  21.27|  16-167 ,  19.65|  16-186 ,  19.64|  30-128 ,  16.78|  23-118 ,  16.31| 
 71-109 ,  11.18|  56-228 ,  10.90| 154-212 ,  10.24|  14-212 ,  10.24|   0-167 ,   8.33| 
117-269 ,   8.23| 247-273 ,   7.40|  77-104 ,   6.49| 101-104 ,   6.49|  18-108 ,   3.79| 
173-284 ,   2.06|  82-128 ,   1.49| 
-----------------------------------------------------------------------------------------
edge= 74 312 lp= 2.56656 pre= 2 lp2= 34.8038 pre2= 2 score= 89.3263
-----------------------------------------------------------------------------------------
edge= 260 312 lp= 34.8038 pre= 2 lp2= 2.56657 pre2= 2 score= 89.3264
-----------------------------------------------------------------------------------------
edge= 234 312 lp= 34.8038 pre= 2 lp2= 2.56657 pre2= 2 score= 89.3264
-----------------------------------------------------------------------------------------
candidate= 260-312 : -
-----------------------------------------------------------------------------------------
-----------------------------------------------------------------------------------------
 ****** Pricing Level: LIGHT HEUR ****** 
it= 6   ncol= 1293  ncstr= 594  mt= 0.3   spt= 0.3   lpval= 93961.2   ub= 94043.0  
 ****** Pricing Level: HEAVY HEUR ****** 
it= 4   ncol= 1330  ncstr= 594  mt= 0.1   spt= 0.4   lpval= 93958.7   ub= 94043.0  
-----------------------------------------------------------------------------------------
elapsed time= 133.21 s.
-----------------------------------------------------------------------------------------
candidate= 234-312 : -
-----------------------------------------------------------------------------------------
-----------------------------------------------------------------------------------------
 ****** Pricing Level: LIGHT HEUR ****** 
it= 6   ncol= 1287  ncstr= 594  mt= 0.4   spt= 0.3   lpval= 93953.8   ub= 94043.0  
 ****** Pricing Level: HEAVY HEUR ****** 
it= 4   ncol= 1313  ncstr= 594  mt= 0.0   spt= 0.4   lpval= 93953.8   ub= 94043.0  
-----------------------------------------------------------------------------------------
elapsed time= 134.83 s.
-----------------------------------------------------------------------------------------
candidate= 74-312 : -
-----------------------------------------------------------------------------------------
-----------------------------------------------------------------------------------------
 ****** Pricing Level: LIGHT HEUR ****** 
it= 6   ncol= 1308  ncstr= 594  mt= 0.2   spt= 0.3   lpval= 93949.8   ub= 94043.0  
 ****** Pricing Level: HEAVY HEUR ****** 
it= 3   ncol= 1340  ncstr= 594  mt= 0.0   spt= 0.3   lpval= 93949.7   ub= 94043.0  
-----------------------------------------------------------------------------------------
elapsed time= 136.13 s.
-----------------------------------------------------------------------------------------
candidate= 74-312 : +
-----------------------------------------------------------------------------------------
-----------------------------------------------------------------------------------------
 ****** Pricing Level: LIGHT HEUR ****** 
it= 6   ncol= 1279  ncstr= 594  mt= 0.3   spt= 0.3   lpval= 93961.1   ub= 94043.0  
 ****** Pricing Level: HEAVY HEUR ****** 
it= 4   ncol= 1313  ncstr= 594  mt= 0.1   spt= 0.4   lpval= 93960.4   ub= 94043.0  
-----------------------------------------------------------------------------------------
elapsed time= 137.69 s.
-----------------------------------------------------------------------------------------
candidate= 260-312 : +
-----------------------------------------------------------------------------------------
-----------------------------------------------------------------------------------------
 ****** Pricing Level: LIGHT HEUR ****** 
it= 6   ncol= 1284  ncstr= 594  mt= 0.2   spt= 0.3   lpval= 93949.8   ub= 94043.0  
 ****** Pricing Level: HEAVY HEUR ****** 
it= 3   ncol= 1316  ncstr= 594  mt= 0.0   spt= 0.3   lpval= 93949.8   ub= 94043.0  
-----------------------------------------------------------------------------------------
elapsed time= 138.95 s.
-----------------------------------------------------------------------------------------
brc= 74-312
t= 0.136988 c= 43.7351 n= 1 if_b4= 1
t= 1.52709 c= 48.1758 n= 1 if_b4= 1
nodes already exists
memory usage= 5GB.
#########################################################################################
tree size= 0 lb= 93948.1 ub= 94043
#########################################################################################
idx= 4 value= 93948.1 enu= 0
brc= 50-103 : -
brc= 76-103 : -
brc= 49-105 : -
brc= 70-133 : -
brc= 74-217 : +
brc= 250-278 : -
brc= 56-164 : +
brc= 7-54 : +
brc= 125-224 : +
brc= 303-311 : -
brc= 70-121 : +
brc= 71-203 : -
brc= 19-106 : -
brc= 13-65 : +
brc= 0-162 : -
brc= 74-312 : -
-----------------------------------------------------------------------------------------
 ****** Pricing Level: LIGHT HEUR ****** 
it= 6   ncol= 1292  ncstr= 593  mt= 0.3   spt= 0.3   lpval= 93949.8   ub= 94043.0  
 ****** Pricing Level: HEAVY HEUR ****** 
it= 4   ncol= 1320  ncstr= 593  mt= 0.0   spt= 0.4   lpval= 93949.7   ub= 94043.0  
 ****** Pricing Level: EXACT ****** 
it= 3   ncol= 1348  ncstr= 593  mt= 0.0   spt= 5.2   lpval= 93949.7   ub= 94043.0  
-----------------------------------------------------------------------------------------
elapsed time= 146.80 s.
-----------------------------------------------------------------------------------------
 ****** Separate RCCs ****** 
 ****** Separate Rank1Cuts ****** 
-----------------------------------------------------------------------------------------
 ****** Pricing Level: LIGHT HEUR ****** 
it= 2   ncol= 1355  ncstr= 632  mt= 0.2   spt= 0.1   lpval= 93951.2   ub= 94043.0  
 ****** Pricing Level: HEAVY HEUR ****** 
it= 3   ncol= 1370  ncstr= 632  mt= 0.0   spt= 0.3   lpval= 93951.1   ub= 94043.0  
 ****** Pricing Level: EXACT ****** 
it= 3   ncol= 1377  ncstr= 632  mt= 0.0   spt= 5.1   lpval= 93951.1   ub= 94043.0  
-----------------------------------------------------------------------------------------
elapsed time= 153.89 s.
-----------------------------------------------------------------------------------------
-----------------------------------------------------------------------------------------
 ****** Run Arc Elimination ****** 
arc elimination time= 11.54 s.
previous= 88.9111% maximum= 5.56117%
eliminate bucket arcs time= 0.92 s.
obtain jump arcs time= 0.01 s.
-----------------------------------------------------------------------------------------
-----------------------------------------------------------------------------------------
elapsed time= 166.39 s.
-----------------------------------------------------------------------------------------
-----------------------------------------------------------------------------------------
 ****** Try Enumeration ****** 
n= 8.82719 stop_b= 10 status= LABEL_FOR_LIMIT
#labels= 50062 #routes= 5
labeling 1 time= 0.32 s.
next try value > 93967.6
-----------------------------------------------------------------------------------------
elapsed time= 166.78 s.
-----------------------------------------------------------------------------------------
[1;36m[REMIND] 2: gap improved= 1.370225 ratio= 0.014902 threshold= 0.040000 in function increaseCondition2 at /blue/yu.yang1/you.z/route_opt/packages/application/X-n313-k71/src/main/src/call_cutting.cpp:74[0m
 ****** Separate RCCs ****** 
 ****** Separate Rank1Cuts ****** 
-----------------------------------------------------------------------------------------
 ****** Pricing Level: LIGHT HEUR ****** 
it= 2   ncol= 1382  ncstr= 641  mt= 0.2   spt= 0.1   lpval= 93951.6   ub= 94043.0  
 ****** Pricing Level: HEAVY HEUR ****** 
it= 3   ncol= 1389  ncstr= 641  mt= 0.0   spt= 0.3   lpval= 93951.5   ub= 94043.0  
 ****** Pricing Level: EXACT ****** 
it= 2   ncol= 1393  ncstr= 641  mt= 0.0   spt= 3.3   lpval= 93951.5   ub= 94043.0  
-----------------------------------------------------------------------------------------
elapsed time= 171.57 s.
-----------------------------------------------------------------------------------------
[1;36m[REMIND] 2: gap improved= 0.425122 ratio= 0.004645 threshold= 0.040000 in function increaseCondition2 at /blue/yu.yang1/you.z/route_opt/packages/application/X-n313-k71/src/main/src/call_cutting.cpp:74[0m
 ****** Separate RCCs ****** 
 ****** Separate Rank1Cuts ****** 
-----------------------------------------------------------------------------------------
 ****** Pricing Level: LIGHT HEUR ****** 
it= 2   ncol= 1412  ncstr= 632  mt= 0.2   spt= 0.1   lpval= 93951.8   ub= 94043.0  
 ****** Pricing Level: HEAVY HEUR ****** 
it= 4   ncol= 1436  ncstr= 632  mt= 0.0   spt= 0.4   lpval= 93951.8   ub= 94043.0  
 ****** Pricing Level: EXACT ****** 
it= 3   ncol= 1449  ncstr= 632  mt= 0.0   spt= 5.2   lpval= 93951.8   ub= 94043.0  
-----------------------------------------------------------------------------------------
elapsed time= 178.84 s.
-----------------------------------------------------------------------------------------
[1;36m[REMIND] 2: gap improved= 0.301599 ratio= 0.003306 threshold= 0.040000 in function increaseCondition2 at /blue/yu.yang1/you.z/route_opt/packages/application/X-n313-k71/src/main/src/call_cutting.cpp:74[0m
[1;36m[REMIND] tail off counter= 3 threshold= 3 in function setIfTailOff at /blue/yu.yang1/you.z/route_opt/packages/application/X-n313-k71/src/main/src/call_cutting.cpp:150[0m
current_r_best= 2.68641
pseudo= 50 frac= 50
#candidates in phase1= 37
testing lp time= 8.37 s.
-----------------------------------------------------------------------------------------
233-246 ,  95.76|   0-227 ,  95.76|  10-215 ,  62.62| 117-237 ,  54.76|   0-43  ,  44.66| 
141-211 ,  44.66| 206-290 ,  44.66|  43-141 ,  44.66| 215-239 ,  44.66|   0-269 ,  37.60| 
 59-76  ,  30.84|  10-22  ,  26.35|  71-109 ,  20.66| 141-295 ,  19.58| 115-117 ,  16.40| 
 29-147 ,  16.40| 174-237 ,  16.40| 167-186 ,  15.90|   3-269 ,  14.58|   2-89  ,  10.31| 
243-267 ,   8.31| 236-311 ,   8.31|  14-154 ,   8.24|   0-280 ,   7.64| 217-280 ,   7.64| 
107-125 ,   4.91| 189-257 ,   4.54|  89-137 ,   4.23|   9-30  ,   4.23| 258-311 ,   4.16| 
257-276 ,   3.69|  25-189 ,   3.69| 173-291 ,   3.20|  86-267 ,   2.74| 107-287 ,   2.74| 
 29-218 ,   1.88|  18-145 ,   1.59| 
-----------------------------------------------------------------------------------------
edge= 10 215 lp= 44.8023 pre= 2 lp2= 1.39777 pre2= 2 score= 62.6234
-----------------------------------------------------------------------------------------
edge= 0 227 lp= 16.2184 pre= 2 lp2= 5.90424 pre2= 2 score= 95.7571
-----------------------------------------------------------------------------------------
edge= 233 246 lp= 16.2184 pre= 2 lp2= 5.90424 pre2= 2 score= 95.7571
-----------------------------------------------------------------------------------------
candidate= 0-227 : -
-----------------------------------------------------------------------------------------
-----------------------------------------------------------------------------------------
 ****** Pricing Level: LIGHT HEUR ****** 
it= 7   ncol= 1134  ncstr= 585  mt= 0.3   spt= 0.3   lpval= 93955.4   ub= 94043.0  
 ****** Pricing Level: HEAVY HEUR ****** 
it= 4   ncol= 1175  ncstr= 585  mt= 0.0   spt= 0.4   lpval= 93955.2   ub= 94043.0  
-----------------------------------------------------------------------------------------
elapsed time= 189.15 s.
-----------------------------------------------------------------------------------------
candidate= 233-246 : -
-----------------------------------------------------------------------------------------
-----------------------------------------------------------------------------------------
 ****** Pricing Level: LIGHT HEUR ****** 
it= 8   ncol= 1130  ncstr= 585  mt= 0.3   spt= 0.3   lpval= 93954.8   ub= 94043.0  
 ****** Pricing Level: HEAVY HEUR ****** 
it= 3   ncol= 1172  ncstr= 585  mt= 0.0   spt= 0.3   lpval= 93954.7   ub= 94043.0  
-----------------------------------------------------------------------------------------
elapsed time= 190.68 s.
-----------------------------------------------------------------------------------------
candidate= 10-215 : -
-----------------------------------------------------------------------------------------
-----------------------------------------------------------------------------------------
 ****** Pricing Level: LIGHT HEUR ****** 
it= 7   ncol= 1128  ncstr= 585  mt= 0.3   spt= 0.3   lpval= 93962.3   ub= 94043.0  
 ****** Pricing Level: HEAVY HEUR ****** 
it= 6   ncol= 1213  ncstr= 585  mt= 0.1   spt= 0.6   lpval= 93959.2   ub= 94043.0  
-----------------------------------------------------------------------------------------
elapsed time= 192.58 s.
-----------------------------------------------------------------------------------------
candidate= 0-227 : +
-----------------------------------------------------------------------------------------
-----------------------------------------------------------------------------------------
 ****** Pricing Level: LIGHT HEUR ****** 
it= 9   ncol= 1140  ncstr= 585  mt= 0.2   spt= 0.4   lpval= 93955.2   ub= 94043.0  
 ****** Pricing Level: HEAVY HEUR ****** 
it= 4   ncol= 1189  ncstr= 585  mt= 0.0   spt= 0.4   lpval= 93954.6   ub= 94043.0  
-----------------------------------------------------------------------------------------
elapsed time= 194.28 s.
-----------------------------------------------------------------------------------------
candidate= 233-246 : +
-----------------------------------------------------------------------------------------
-----------------------------------------------------------------------------------------
 ****** Pricing Level: LIGHT HEUR ****** 
it= 7   ncol= 1123  ncstr= 585  mt= 0.2   spt= 0.3   lpval= 93955.2   ub= 94043.0  
 ****** Pricing Level: HEAVY HEUR ****** 
it= 5   ncol= 1188  ncstr= 585  mt= 0.0   spt= 0.5   lpval= 93955.2   ub= 94043.0  
-----------------------------------------------------------------------------------------
elapsed time= 195.92 s.
-----------------------------------------------------------------------------------------
candidate= 10-215 : +
-----------------------------------------------------------------------------------------
-----------------------------------------------------------------------------------------
 ****** Pricing Level: LIGHT HEUR ****** 
it= 8   ncol= 1164  ncstr= 585  mt= 0.2   spt= 0.3   lpval= 93953.2   ub= 94043.0  
 ****** Pricing Level: HEAVY HEUR ****** 
it= 4   ncol= 1235  ncstr= 585  mt= 0.0   spt= 0.4   lpval= 93953.1   ub= 94043.0  
-----------------------------------------------------------------------------------------
elapsed time= 197.45 s.
-----------------------------------------------------------------------------------------
brc= 10-215
t= 0.129045 c= 43.9095 n= 2 if_b4= 1
t= 1.566 c= 46.6218 n= 2 if_b4= 1
nodes already exists
memory usage= 5GB.
#########################################################################################
tree size= 0 lb= 93951.8 ub= 94043
#########################################################################################
idx= 6 value= 93951.8 enu= 0
brc= 50-103 : -
brc= 76-103 : -
brc= 49-105 : -
brc= 70-133 : -
brc= 74-217 : +
brc= 250-278 : -
brc= 56-164 : +
brc= 7-54 : +
brc= 125-224 : +
brc= 303-311 : -
brc= 70-121 : +
brc= 71-203 : -
brc= 19-106 : -
brc= 13-65 : +
brc= 0-162 : -
brc= 74-312 : -
brc= 10-215 : -
-----------------------------------------------------------------------------------------
 ****** Pricing Level: LIGHT HEUR ****** 
it= 7   ncol= 1098  ncstr= 584  mt= 0.3   spt= 0.3   lpval= 93962.3   ub= 94043.0  
 ****** Pricing Level: HEAVY HEUR ****** 
it= 5   ncol= 1186  ncstr= 584  mt= 0.1   spt= 0.5   lpval= 93959.2   ub= 94043.0  
 ****** Pricing Level: EXACT ****** 
it= 4   ncol= 1226  ncstr= 584  mt= 0.1   spt= 5.6   lpval= 93959.2   ub= 94043.0  
-----------------------------------------------------------------------------------------
elapsed time= 205.93 s.
-----------------------------------------------------------------------------------------
 ****** Separate RCCs ****** 
 ****** Separate Rank1Cuts ****** 
-----------------------------------------------------------------------------------------
 ****** Pricing Level: LIGHT HEUR ****** 
it= 9   ncol= 1415  ncstr= 600  mt= 0.2   spt= 0.4   lpval= 93962.7   ub= 94043.0  
 ****** Pricing Level: HEAVY HEUR ****** 
it= 7   ncol= 1524  ncstr= 600  mt= 0.1   spt= 0.7   lpval= 93962.6   ub= 94043.0  
 ****** Pricing Level: EXACT ****** 
it= 5   ncol= 1960  ncstr= 600  mt= 0.1   spt= 7.5   lpval= 93962.5   ub= 94043.0  
-----------------------------------------------------------------------------------------
elapsed time= 216.61 s.
-----------------------------------------------------------------------------------------
-----------------------------------------------------------------------------------------
 ****** Run Arc Elimination ****** 
arc elimination time= 7.96 s.
previous= 85.2439% maximum= 4.73995%
eliminate bucket arcs time= 0.79 s.
obtain jump arcs time= 0.01 s.
-----------------------------------------------------------------------------------------
-----------------------------------------------------------------------------------------
elapsed time= 225.40 s.
-----------------------------------------------------------------------------------------
 ****** Separate RCCs ****** 
 ****** Separate Rank1Cuts ****** 
-----------------------------------------------------------------------------------------
 ****** Pricing Level: LIGHT HEUR ****** 
it= 6   ncol= 2061  ncstr= 614  mt= 0.2   spt= 0.2   lpval= 93963.5   ub= 94043.0  
 ****** Pricing Level: HEAVY HEUR ****** 
it= 6   ncol= 2122  ncstr= 614  mt= 0.0   spt= 0.5   lpval= 93963.5   ub= 94043.0  
 ****** Pricing Level: EXACT ****** 
it= 3   ncol= 2166  ncstr= 614  mt= 0.0   spt= 4.1   lpval= 93963.5   ub= 94043.0  
-----------------------------------------------------------------------------------------
elapsed time= 232.03 s.
-----------------------------------------------------------------------------------------
[1;36m[REMIND] 2: gap improved= 1.005251 ratio= 0.012648 threshold= 0.040000 in function increaseCondition2 at /blue/yu.yang1/you.z/route_opt/packages/application/X-n313-k71/src/main/src/call_cutting.cpp:74[0m
 ****** Separate RCCs ****** 
 ****** Separate Rank1Cuts ****** 
-----------------------------------------------------------------------------------------
 ****** Pricing Level: LIGHT HEUR ****** 
it= 2   ncol= 2182  ncstr= 631  mt= 0.2   spt= 0.1   lpval= 93964.4   ub= 94043.0  
 ****** Pricing Level: HEAVY HEUR ****** 
it= 3   ncol= 2195  ncstr= 631  mt= 0.0   spt= 0.3   lpval= 93964.3   ub= 94043.0  
 ****** Pricing Level: EXACT ****** 
it= 3   ncol= 2221  ncstr= 631  mt= 0.0   spt= 4.1   lpval= 93964.3   ub= 94043.0  
-----------------------------------------------------------------------------------------
elapsed time= 237.79 s.
-----------------------------------------------------------------------------------------
[1;36m[REMIND] 2: gap improved= 0.819340 ratio= 0.010416 threshold= 0.040000 in function increaseCondition2 at /blue/yu.yang1/you.z/route_opt/packages/application/X-n313-k71/src/main/src/call_cutting.cpp:74[0m
 ****** Separate RCCs ****** 
 ****** Separate Rank1Cuts ****** 
-----------------------------------------------------------------------------------------
 ****** Pricing Level: LIGHT HEUR ****** 
it= 2   ncol= 2222  ncstr= 614  mt= 0.2   spt= 0.1   lpval= 93964.6   ub= 94043.0  
 ****** Pricing Level: HEAVY HEUR ****** 
it= 3   ncol= 2228  ncstr= 614  mt= 0.0   spt= 0.3   lpval= 93964.5   ub= 94043.0  
 ****** Pricing Level: EXACT ****** 
it= 3   ncol= 2236  ncstr= 614  mt= 0.0   spt= 4.5   lpval= 93964.5   ub= 94043.0  
-----------------------------------------------------------------------------------------
elapsed time= 244.15 s.
-----------------------------------------------------------------------------------------
[1;36m[REMIND] gap improved= 0.164575 threshold= 0.213768 in function setIfTailOff at /blue/yu.yang1/you.z/route_opt/packages/application/X-n313-k71/src/main/src/call_cutting.cpp:133[0m
current_r_best= 9.25207
alpha= 0.37 beta= 8.48423 omega= 340.265 k1= 28
lb_k= 1 ub_k= 37
revise: lb_k= 22 ub_k= 35
opt_k= 29
alpha= 0.75 beta= 8.48423 omega= 29.7712 k1= 3
lb_k= 1 ub_k= 3
revise: lb_k= 1 ub_k= 3
opt_k= 3
pseudo= 50 frac= 50
#candidates in phase1= 29
testing lp time= 7.95 s.
-----------------------------------------------------------------------------------------
141-295 , 161.60|  43-239 , 161.60|  43-141 , 161.60| 215-239 , 152.28| 141-211 , 118.58| 
 86-290 ,  79.80| 206-290 ,  76.89|  53-239 ,  69.07|   0-269 ,  61.22|  56-228 ,  57.10| 
106-207 ,  47.00| 112-257 ,  34.44|  95-312 ,  33.37| 117-237 ,  32.48|  25-122 ,  31.70| 
116-218 ,  18.69|  32-202 ,  17.29| 113-242 ,  15.54|   3-269 ,  14.72| 112-171 ,  14.30| 
 42-173 ,  12.53| 196-235 ,   8.02| 118-127 ,   7.92|  18-127 ,   7.16|   0-190 ,   1.95| 
 67-251 ,   1.77| 256-297 ,   1.34| 127-182 ,   1.13| 186-242 ,   1.04| 
-----------------------------------------------------------------------------------------
edge= 43 141 lp= 89.0981 pre= 2 lp2= 1.81372 pre2= 2 score= 161.599
-----------------------------------------------------------------------------------------
edge= 43 239 lp= 1.81374 pre= 2 lp2= 89.0981 pre2= 2 score= 161.601
-----------------------------------------------------------------------------------------
edge= 141 295 lp= 1.81374 pre= 2 lp2= 89.0981 pre2= 2 score= 161.601
-----------------------------------------------------------------------------------------
candidate= 141-295 : -
-----------------------------------------------------------------------------------------
-----------------------------------------------------------------------------------------
 ****** Pricing Level: LIGHT HEUR ****** 
it= 6   ncol= 1596  ncstr= 580  mt= 0.2   spt= 0.2   lpval= 93966.3   ub= 94043.0  
 ****** Pricing Level: HEAVY HEUR ****** 
it= 3   ncol= 1610  ncstr= 580  mt= 0.0   spt= 0.3   lpval= 93966.3   ub= 94043.0  
-----------------------------------------------------------------------------------------
elapsed time= 253.56 s.
-----------------------------------------------------------------------------------------
candidate= 43-239 : -
-----------------------------------------------------------------------------------------
-----------------------------------------------------------------------------------------
 ****** Pricing Level: LIGHT HEUR ****** 
it= 4   ncol= 1563  ncstr= 580  mt= 0.2   spt= 0.1   lpval= 93966.3   ub= 94043.0  
 ****** Pricing Level: HEAVY HEUR ****** 
it= 3   ncol= 1583  ncstr= 580  mt= 0.0   spt= 0.3   lpval= 93966.3   ub= 94043.0  
-----------------------------------------------------------------------------------------
elapsed time= 254.49 s.
-----------------------------------------------------------------------------------------
candidate= 43-141 : -
-----------------------------------------------------------------------------------------
-----------------------------------------------------------------------------------------
 ****** Pricing Level: LIGHT HEUR ****** 
it= 7   ncol= 1650  ncstr= 580  mt= 0.6   spt= 0.2   lpval= 94003.6   ub= 94043.0  
 ****** Pricing Level: HEAVY HEUR ****** 
it= 4   ncol= 1689  ncstr= 580  mt= 0.0   spt= 0.3   lpval= 94002.5   ub= 94043.0  
-----------------------------------------------------------------------------------------
elapsed time= 256.21 s.
-----------------------------------------------------------------------------------------
candidate= 43-239 : +
-----------------------------------------------------------------------------------------
-----------------------------------------------------------------------------------------
 ****** Pricing Level: LIGHT HEUR ****** 
it= 7   ncol= 1653  ncstr= 580  mt= 0.5   spt= 0.2   lpval= 94002.5   ub= 94043.0  
 ****** Pricing Level: HEAVY HEUR ****** 
it= 4   ncol= 1702  ncstr= 580  mt= 0.1   spt= 0.3   lpval= 93996.5   ub= 94043.0  
-----------------------------------------------------------------------------------------
elapsed time= 257.91 s.
-----------------------------------------------------------------------------------------
candidate= 141-295 : +
-----------------------------------------------------------------------------------------
-----------------------------------------------------------------------------------------
 ****** Pricing Level: LIGHT HEUR ****** 
it= 9   ncol= 1678  ncstr= 580  mt= 0.5   spt= 0.3   lpval= 94012.2   ub= 94043.0  
 ****** Pricing Level: HEAVY HEUR ****** 
it= 5   ncol= 1742  ncstr= 580  mt= 0.1   spt= 0.4   lpval= 94008.5   ub= 94043.0  
-----------------------------------------------------------------------------------------
elapsed time= 259.88 s.
-----------------------------------------------------------------------------------------
brc= 141-295
t= 0.13106 c= 45.4017 n= 3 if_b4= 1
t= 1.54646 c= 47.5 n= 3 if_b4= 1
nodes already exists
memory usage= 5GB.
#########################################################################################
tree size= 0 lb= 93964.5 ub= 94043
#########################################################################################
idx= 8 value= 93964.5 enu= 0
brc= 50-103 : -
brc= 76-103 : -
brc= 49-105 : -
brc= 70-133 : -
brc= 74-217 : +
brc= 250-278 : -
brc= 56-164 : +
brc= 7-54 : +
brc= 125-224 : +
brc= 303-311 : -
brc= 70-121 : +
brc= 71-203 : -
brc= 19-106 : -
brc= 13-65 : +
brc= 0-162 : -
brc= 74-312 : -
brc= 10-215 : -
brc= 141-295 : -
-----------------------------------------------------------------------------------------
 ****** Pricing Level: LIGHT HEUR ****** 
it= 5   ncol= 1593  ncstr= 579  mt= 0.2   spt= 0.2   lpval= 93966.3   ub= 94043.0  
 ****** Pricing Level: HEAVY HEUR ****** 
it= 3   ncol= 1609  ncstr= 579  mt= 0.0   spt= 0.3   lpval= 93966.3   ub= 94043.0  
 ****** Pricing Level: EXACT ****** 
it= 3   ncol= 1635  ncstr= 579  mt= 0.0   spt= 4.0   lpval= 93966.2   ub= 94043.0  
-----------------------------------------------------------------------------------------
elapsed time= 265.86 s.
-----------------------------------------------------------------------------------------
 ****** Separate RCCs ****** 
 ****** Separate Rank1Cuts ****** 
-----------------------------------------------------------------------------------------
 ****** Pricing Level: LIGHT HEUR ****** 
it= 2   ncol= 1637  ncstr= 654  mt= 0.2   spt= 0.1   lpval= 93967.5   ub= 94043.0  
 ****** Pricing Level: HEAVY HEUR ****** 
it= 4   ncol= 1645  ncstr= 654  mt= 0.0   spt= 0.4   lpval= 93967.5   ub= 94043.0  
 ****** Pricing Level: EXACT ****** 
it= 3   ncol= 1690  ncstr= 654  mt= 0.1   spt= 4.6   lpval= 93967.4   ub= 94043.0  
-----------------------------------------------------------------------------------------
elapsed time= 272.43 s.
-----------------------------------------------------------------------------------------
[1;36m[REMIND] 2: gap improved= 1.268737 ratio= 0.016791 threshold= 0.040000 in function increaseCondition2 at /blue/yu.yang1/you.z/route_opt/packages/application/X-n313-k71/src/main/src/call_cutting.cpp:74[0m
 ****** Separate RCCs ****** 
 ****** Separate Rank1Cuts ****** 
-----------------------------------------------------------------------------------------
 ****** Pricing Level: LIGHT HEUR ****** 
it= 2   ncol= 1693  ncstr= 682  mt= 0.3   spt= 0.1   lpval= 93968.5   ub= 94043.0  
 ****** Pricing Level: HEAVY HEUR ****** 
it= 3   ncol= 1707  ncstr= 682  mt= 0.0   spt= 0.3   lpval= 93968.4   ub= 94043.0  
 ****** Pricing Level: EXACT ****** 
it= 4   ncol= 1733  ncstr= 682  mt= 0.1   spt= 5.5   lpval= 93968.4   ub= 94043.0  
-----------------------------------------------------------------------------------------
elapsed time= 280.15 s.
-----------------------------------------------------------------------------------------
[1;36m[REMIND] 2: gap improved= 0.958605 ratio= 0.012850 threshold= 0.040000 in function increaseCondition2 at /blue/yu.yang1/you.z/route_opt/packages/application/X-n313-k71/src/main/src/call_cutting.cpp:74[0m
 ****** Separate RCCs ****** 
 ****** Separate Rank1Cuts ****** 
-----------------------------------------------------------------------------------------
 ****** Pricing Level: LIGHT HEUR ****** 
it= 3   ncol= 1761  ncstr= 648  mt= 0.2   spt= 0.1   lpval= 93968.9   ub= 94043.0  
 ****** Pricing Level: HEAVY HEUR ****** 
it= 3   ncol= 1784  ncstr= 648  mt= 0.0   spt= 0.3   lpval= 93968.9   ub= 94043.0  
 ****** Pricing Level: EXACT ****** 
it= 3   ncol= 1803  ncstr= 648  mt= 0.1   spt= 4.0   lpval= 93968.8   ub= 94043.0  
-----------------------------------------------------------------------------------------
elapsed time= 286.16 s.
-----------------------------------------------------------------------------------------
[1;36m[REMIND] 2: gap improved= 0.393435 ratio= 0.005302 threshold= 0.040000 in function increaseCondition2 at /blue/yu.yang1/you.z/route_opt/packages/application/X-n313-k71/src/main/src/call_cutting.cpp:74[0m
[1;36m[REMIND] tail off counter= 3 threshold= 3 in function setIfTailOff at /blue/yu.yang1/you.z/route_opt/packages/application/X-n313-k71/src/main/src/call_cutting.cpp:150[0m
current_r_best= 3.12615
pseudo= 50 frac= 50
#candidates in phase1= 37
testing lp time= 9.76 s.
-----------------------------------------------------------------------------------------
  0-269 ,  98.48|   0-176 ,  97.21|  95-312 ,  90.84| 260-312 ,  90.84|  53-239 ,  89.17| 
  0-207 ,  79.77| 106-207 ,  79.77| 207-230 ,  79.77|  56-228 ,  77.67| 164-175 ,  77.67| 
117-237 ,  62.22|  71-306 ,  58.56| 263-306 ,  58.56|  25-122 ,  57.75| 194-200 ,  41.99| 
 47-194 ,  41.99| 202-269 ,  29.33|   0-237 ,  29.06| 236-311 ,  27.04| 234-312 ,  26.78| 
  3-269 ,  22.77|  71-109 ,  22.50| 108-127 ,  20.74|  18-278 ,  18.55| 161-258 ,  16.82| 
181-305 ,  10.65|   0-212 ,   8.79| 258-311 ,   6.60|  51-89  ,   4.35|  10-253 ,   4.26| 
205-293 ,   3.40| 180-243 ,   3.34| 160-235 ,   3.04| 195-196 ,   2.48|  75-303 ,   2.33| 
143-148 ,   1.67|   0-242 ,   0.58| 
-----------------------------------------------------------------------------------------
edge= 95 312 lp= 1.60261 pre= 2 lp2= 56.6832 pre2= 2 score= 90.8409
-----------------------------------------------------------------------------------------
edge= 0 176 lp= 1.05321 pre= 2 lp2= 92.3015 pre2= 2 score= 97.2127
-----------------------------------------------------------------------------------------
edge= 0 269 lp= 0.987096 pre= 2 lp2= 99.7634 pre2= 2 score= 98.476
-----------------------------------------------------------------------------------------
candidate= 0-269 : -
-----------------------------------------------------------------------------------------
-----------------------------------------------------------------------------------------
 ****** Pricing Level: LIGHT HEUR ****** 
it= 8   ncol= 1380  ncstr= 578  mt= 0.2   spt= 0.3   lpval= 93969.5   ub= 94043.0  
 ****** Pricing Level: HEAVY HEUR ****** 
it= 6   ncol= 1448  ncstr= 578  mt= 0.0   spt= 0.5   lpval= 93969.5   ub= 94043.0  
-----------------------------------------------------------------------------------------
elapsed time= 297.74 s.
-----------------------------------------------------------------------------------------
candidate= 0-176 : -
-----------------------------------------------------------------------------------------
-----------------------------------------------------------------------------------------
 ****** Pricing Level: LIGHT HEUR ****** 
it= 10  ncol= 1417  ncstr= 578  mt= 0.2   spt= 0.4   lpval= 93969.8   ub= 94043.0  
 ****** Pricing Level: HEAVY HEUR ****** 
it= 7   ncol= 1520  ncstr= 578  mt= 0.1   spt= 0.6   lpval= 93969.8   ub= 94043.0  
-----------------------------------------------------------------------------------------
elapsed time= 299.84 s.
-----------------------------------------------------------------------------------------
candidate= 0-176 : +
-----------------------------------------------------------------------------------------
-----------------------------------------------------------------------------------------
 ****** Pricing Level: LIGHT HEUR ****** 
it= 7   ncol= 1344  ncstr= 578  mt= 0.4   spt= 0.2   lpval= 93972.9   ub= 94043.0  
 ****** Pricing Level: HEAVY HEUR ****** 
it= 4   ncol= 1396  ncstr= 578  mt= 0.0   spt= 0.3   lpval= 93972.9   ub= 94043.0  
-----------------------------------------------------------------------------------------
elapsed time= 301.37 s.
-----------------------------------------------------------------------------------------
candidate= 95-312 : -
-----------------------------------------------------------------------------------------
-----------------------------------------------------------------------------------------
 ****** Pricing Level: LIGHT HEUR ****** 
it= 7   ncol= 1359  ncstr= 578  mt= 0.2   spt= 0.3   lpval= 93970.1   ub= 94043.0  
 ****** Pricing Level: HEAVY HEUR ****** 
it= 4   ncol= 1421  ncstr= 578  mt= 0.0   spt= 0.3   lpval= 93970.1   ub= 94043.0  
-----------------------------------------------------------------------------------------
elapsed time= 302.76 s.
-----------------------------------------------------------------------------------------
candidate= 95-312 : +
-----------------------------------------------------------------------------------------
-----------------------------------------------------------------------------------------
 ****** Pricing Level: LIGHT HEUR ****** 
it= 12  ncol= 1456  ncstr= 578  mt= 0.3   spt= 0.4   lpval= 93988.7   ub= 94043.0  
 ****** Pricing Level: HEAVY HEUR ****** 
it= 8   ncol= 1595  ncstr= 578  mt= 0.1   spt= 0.7   lpval= 93986.2   ub= 94043.0  
-----------------------------------------------------------------------------------------
elapsed time= 305.33 s.
-----------------------------------------------------------------------------------------
candidate= 0-269 : +
-----------------------------------------------------------------------------------------
-----------------------------------------------------------------------------------------
 ****** Pricing Level: LIGHT HEUR ****** 
it= 5   ncol= 1284  ncstr= 578  mt= 0.4   spt= 0.2   lpval= 93977.5   ub= 94043.0  
 ****** Pricing Level: HEAVY HEUR ****** 
it= 4   ncol= 1318  ncstr= 578  mt= 0.0   spt= 0.3   lpval= 93976.6   ub= 94043.0  
-----------------------------------------------------------------------------------------
elapsed time= 306.74 s.
-----------------------------------------------------------------------------------------
brc= 95-312
t= 0.131219 c= 42.4988 n= 4 if_b4= 1
t= 1.59694 c= 44.0739 n= 4 if_b4= 1
nodes already exists
memory usage= 5GB.
#########################################################################################
tree size= 0 lb= 93968.8 ub= 94043
#########################################################################################
idx= 10 value= 93968.8 enu= 0
brc= 50-103 : -
brc= 76-103 : -
brc= 49-105 : -
brc= 70-133 : -
brc= 74-217 : +
brc= 250-278 : -
brc= 56-164 : +
brc= 7-54 : +
brc= 125-224 : +
brc= 303-311 : -
brc= 70-121 : +
brc= 71-203 : -
brc= 19-106 : -
brc= 13-65 : +
brc= 0-162 : -
brc= 74-312 : -
brc= 10-215 : -
brc= 141-295 : -
brc= 95-312 : -
-----------------------------------------------------------------------------------------
 ****** Pricing Level: LIGHT HEUR ****** 
it= 8   ncol= 1371  ncstr= 577  mt= 0.2   spt= 0.3   lpval= 93970.1   ub= 94043.0  
 ****** Pricing Level: HEAVY HEUR ****** 
it= 5   ncol= 1449  ncstr= 577  mt= 0.0   spt= 0.4   lpval= 93970.1   ub= 94043.0  
 ****** Pricing Level: EXACT ****** 
it= 4   ncol= 1558  ncstr= 577  mt= 0.1   spt= 5.5   lpval= 93970.1   ub= 94043.0  
-----------------------------------------------------------------------------------------
elapsed time= 314.95 s.
-----------------------------------------------------------------------------------------
-----------------------------------------------------------------------------------------
 ****** Run Arc Elimination ****** 
arc elimination time= 6.50 s.
previous= 89.8992% maximum= 4.26025%
eliminate bucket arcs time= 0.68 s.
obtain jump arcs time= 0.01 s.
-----------------------------------------------------------------------------------------
-----------------------------------------------------------------------------------------
elapsed time= 322.17 s.
-----------------------------------------------------------------------------------------
-----------------------------------------------------------------------------------------
 ****** Try Enumeration ****** 
max_val= 58532 stop_b= 10 max_idx= 5 num_label= 211646 max_label_in_enumeration= 500000 q= 22.0243 aq.size()= 21 left_bin= 5 left_labels= 288354
status= LABEL_FOR_LIMIT
#labels= 211646 #routes= 14
labeling 1 time= 5.55 s.
next try value > 93982.7
-----------------------------------------------------------------------------------------
elapsed time= 327.79 s.
-----------------------------------------------------------------------------------------
 ****** Separate RCCs ****** 
 ****** Separate Rank1Cuts ****** 
-----------------------------------------------------------------------------------------
 ****** Pricing Level: LIGHT HEUR ****** 
it= 5   ncol= 1611  ncstr= 608  mt= 0.2   spt= 0.2   lpval= 93970.5   ub= 94043.0  
 ****** Pricing Level: HEAVY HEUR ****** 
it= 4   ncol= 1636  ncstr= 608  mt= 0.0   spt= 0.3   lpval= 93970.5   ub= 94043.0  
 ****** Pricing Level: EXACT ****** 
it= 3   ncol= 1652  ncstr= 608  mt= 0.0   spt= 4.3   lpval= 93970.4   ub= 94043.0  
-----------------------------------------------------------------------------------------
elapsed time= 333.94 s.
-----------------------------------------------------------------------------------------
[1;36m[REMIND] 2: gap improved= 0.364181 ratio= 0.005020 threshold= 0.040000 in function increaseCondition2 at /blue/yu.yang1/you.z/route_opt/packages/application/X-n313-k71/src/main/src/call_cutting.cpp:74[0m
 ****** Separate Rank1Cuts ****** 
-----------------------------------------------------------------------------------------
 ****** Pricing Level: LIGHT HEUR ****** 
it= 5   ncol= 1707  ncstr= 616  mt= 0.2   spt= 0.2   lpval= 93970.8   ub= 94043.0  
 ****** Pricing Level: HEAVY HEUR ****** 
it= 4   ncol= 1743  ncstr= 616  mt= 0.0   spt= 0.3   lpval= 93970.7   ub= 94043.0  
 ****** Pricing Level: EXACT ****** 
it= 3   ncol= 1752  ncstr= 616  mt= 0.0   spt= 4.5   lpval= 93970.7   ub= 94043.0  
-----------------------------------------------------------------------------------------
elapsed time= 340.60 s.
-----------------------------------------------------------------------------------------
[1;36m[REMIND] 2: gap improved= 0.290187 ratio= 0.004016 threshold= 0.040000 in function increaseCondition2 at /blue/yu.yang1/you.z/route_opt/packages/application/X-n313-k71/src/main/src/call_cutting.cpp:74[0m
 ****** Separate RCCs ****** 
 ****** Separate Rank1Cuts ****** 
-----------------------------------------------------------------------------------------
 ****** Pricing Level: LIGHT HEUR ****** 
it= 4   ncol= 1800  ncstr= 646  mt= 0.3   spt= 0.1   lpval= 93970.9   ub= 94043.0  
 ****** Pricing Level: HEAVY HEUR ****** 
it= 3   ncol= 1815  ncstr= 646  mt= 0.0   spt= 0.3   lpval= 93970.9   ub= 94043.0  
 ****** Pricing Level: EXACT ****** 
it= 3   ncol= 1885  ncstr= 646  mt= 0.1   spt= 4.5   lpval= 93970.9   ub= 94043.0  
-----------------------------------------------------------------------------------------
elapsed time= 347.09 s.
-----------------------------------------------------------------------------------------
[1;36m[REMIND] 2: gap improved= 0.120894 ratio= 0.001676 threshold= 0.040000 in function increaseCondition2 at /blue/yu.yang1/you.z/route_opt/packages/application/X-n313-k71/src/main/src/call_cutting.cpp:74[0m
[1;36m[REMIND] tail off counter= 3 threshold= 3 in function setIfTailOff at /blue/yu.yang1/you.z/route_opt/packages/application/X-n313-k71/src/main/src/call_cutting.cpp:150[0m
current_r_best= 1.50459
pseudo= 50 frac= 50
#candidates in phase1= 37
testing lp time= 10.28 s.
-----------------------------------------------------------------------------------------
 71-306 ,  40.35| 263-306 ,  40.35| 207-230 ,  38.79| 106-207 ,  38.79|   0-207 ,  38.79| 
114-311 ,  37.42| 117-237 ,  32.50|  56-228 ,  31.70|  71-109 ,  28.98|   0-106 ,  27.77| 
243-267 ,  25.54| 236-311 ,  23.92|  59-76  ,  22.91|  47-194 ,  21.43| 194-200 ,  21.43| 
138-203 ,  20.63| 109-213 ,  20.63|  60-137 ,  19.21|   6-19  ,  19.21|   6-82  ,  19.21| 
281-312 ,  19.09|   3-269 ,  15.74| 161-248 ,  14.10|  10-22  ,  13.48|  53-239 ,  13.45| 
218-224 ,  13.40|   2-106 ,   6.73|   3-89  ,   6.15| 258-311 ,   6.12|  84-202 ,   5.23| 
267-289 ,   3.85|  26-123 ,   1.93|   0-311 ,   1.63| 174-221 ,   0.29| 270-279 ,   0.28| 
 60-150 ,   0.00| 128-137 ,   0.00| 
-----------------------------------------------------------------------------------------
edge= 207 230 lp= 0.656592 pre= 2 lp2= 59.084 pre2= 2 score= 38.794
-----------------------------------------------------------------------------------------
edge= 263 306 lp= 0.682958 pre= 2 lp2= 59.084 pre2= 2 score= 40.3519
-----------------------------------------------------------------------------------------
edge= 71 306 lp= 0.682958 pre= 2 lp2= 59.084 pre2= 2 score= 40.3519
-----------------------------------------------------------------------------------------
candidate= 263-306 : -
-----------------------------------------------------------------------------------------
-----------------------------------------------------------------------------------------
 ****** Pricing Level: LIGHT HEUR ****** 
it= 4   ncol= 1329  ncstr= 604  mt= 0.2   spt= 0.1   lpval= 93971.2   ub= 94043.0  
 ****** Pricing Level: HEAVY HEUR ****** 
it= 3   ncol= 1363  ncstr= 604  mt= 0.0   spt= 0.3   lpval= 93971.2   ub= 94043.0  
-----------------------------------------------------------------------------------------
elapsed time= 358.74 s.
-----------------------------------------------------------------------------------------
candidate= 71-306 : -
-----------------------------------------------------------------------------------------
-----------------------------------------------------------------------------------------
 ****** Pricing Level: LIGHT HEUR ****** 
it= 4   ncol= 1329  ncstr= 604  mt= 0.2   spt= 0.1   lpval= 93971.2   ub= 94043.0  
 ****** Pricing Level: HEAVY HEUR ****** 
it= 3   ncol= 1365  ncstr= 604  mt= 0.0   spt= 0.3   lpval= 93971.2   ub= 94043.0  
-----------------------------------------------------------------------------------------
elapsed time= 359.72 s.
-----------------------------------------------------------------------------------------
candidate= 207-230 : -
-----------------------------------------------------------------------------------------
-----------------------------------------------------------------------------------------
 ****** Pricing Level: LIGHT HEUR ****** 
it= 7   ncol= 1354  ncstr= 604  mt= 0.2   spt= 0.2   lpval= 93971.5   ub= 94043.0  
 ****** Pricing Level: HEAVY HEUR ****** 
it= 4   ncol= 1410  ncstr= 604  mt= 0.0   spt= 0.3   lpval= 93971.5   ub= 94043.0  
-----------------------------------------------------------------------------------------
elapsed time= 361.11 s.
-----------------------------------------------------------------------------------------
candidate= 207-230 : +
-----------------------------------------------------------------------------------------
-----------------------------------------------------------------------------------------
 ****** Pricing Level: LIGHT HEUR ****** 
it= 10  ncol= 1477  ncstr= 604  mt= 0.6   spt= 0.3   lpval= 93990.7   ub= 94043.0  
 ****** Pricing Level: HEAVY HEUR ****** 
it= 4   ncol= 1536  ncstr= 604  mt= 0.1   spt= 0.3   lpval= 93990.0   ub= 94043.0  
-----------------------------------------------------------------------------------------
elapsed time= 363.12 s.
-----------------------------------------------------------------------------------------
candidate= 263-306 : +
-----------------------------------------------------------------------------------------
-----------------------------------------------------------------------------------------
 ****** Pricing Level: LIGHT HEUR ****** 
it= 7   ncol= 1421  ncstr= 604  mt= 0.5   spt= 0.2   lpval= 93983.1   ub= 94043.0  
 ****** Pricing Level: HEAVY HEUR ****** 
it= 5   ncol= 1498  ncstr= 604  mt= 0.0   spt= 0.4   lpval= 93982.9   ub= 94043.0  
-----------------------------------------------------------------------------------------
elapsed time= 364.92 s.
-----------------------------------------------------------------------------------------
candidate= 71-306 : +
-----------------------------------------------------------------------------------------
-----------------------------------------------------------------------------------------
 ****** Pricing Level: LIGHT HEUR ****** 
it= 9   ncol= 1456  ncstr= 604  mt= 0.5   spt= 0.3   lpval= 93997.1   ub= 94043.0  
 ****** Pricing Level: HEAVY HEUR ****** 
it= 4   ncol= 1494  ncstr= 604  mt= 0.0   spt= 0.3   lpval= 93997.0   ub= 94043.0  
-----------------------------------------------------------------------------------------
elapsed time= 366.84 s.
-----------------------------------------------------------------------------------------
brc= 207-230
t= 0.132511 c= 42.8248 n= 5 if_b4= 1
t= 1.58289 c= 44.238 n= 5 if_b4= 1
nodes already exists
memory usage= 5GB.
#########################################################################################
tree size= 0 lb= 93970.9 ub= 94043
#########################################################################################
idx= 12 value= 93970.9 enu= 0
brc= 50-103 : -
brc= 76-103 : -
brc= 49-105 : -
brc= 70-133 : -
brc= 74-217 : +
brc= 250-278 : -
brc= 56-164 : +
brc= 7-54 : +
brc= 125-224 : +
brc= 303-311 : -
brc= 70-121 : +
brc= 71-203 : -
brc= 19-106 : -
brc= 13-65 : +
brc= 0-162 : -
brc= 74-312 : -
brc= 10-215 : -
brc= 141-295 : -
brc= 95-312 : -
brc= 207-230 : -
-----------------------------------------------------------------------------------------
 ****** Pricing Level: LIGHT HEUR ****** 
it= 7   ncol= 1353  ncstr= 603  mt= 0.2   spt= 0.2   lpval= 93971.5   ub= 94043.0  
 ****** Pricing Level: HEAVY HEUR ****** 
it= 4   ncol= 1409  ncstr= 603  mt= 0.0   spt= 0.3   lpval= 93971.5   ub= 94043.0  
 ****** Pricing Level: EXACT ****** 
it= 2   ncol= 1431  ncstr= 603  mt= 0.0   spt= 3.0   lpval= 93971.5   ub= 94043.0  
-----------------------------------------------------------------------------------------
elapsed time= 372.12 s.
-----------------------------------------------------------------------------------------
 ****** Separate RCCs ****** 
 ****** Separate Rank1Cuts ****** 
-----------------------------------------------------------------------------------------
 ****** Pricing Level: LIGHT HEUR ****** 
it= 3   ncol= 1463  ncstr= 657  mt= 0.2   spt= 0.1   lpval= 93972.4   ub= 94043.0  
 ****** Pricing Level: HEAVY HEUR ****** 
it= 2   ncol= 1485  ncstr= 657  mt= 0.0   spt= 0.2   lpval= 93972.2   ub= 94043.0  
 ****** Pricing Level: EXACT ****** 
it= 2   ncol= 1503  ncstr= 657  mt= 0.0   spt= 2.9   lpval= 93972.2   ub= 94043.0  
-----------------------------------------------------------------------------------------
elapsed time= 376.51 s.
-----------------------------------------------------------------------------------------
[1;36m[REMIND] 2: gap improved= 0.699934 ratio= 0.009888 threshold= 0.040000 in function increaseCondition2 at /blue/yu.yang1/you.z/route_opt/packages/application/X-n313-k71/src/main/src/call_cutting.cpp:74[0m
 ****** Separate RCCs ****** 
 ****** Separate Rank1Cuts ****** 
-----------------------------------------------------------------------------------------
 ****** Pricing Level: LIGHT HEUR ****** 
it= 7   ncol= 1624  ncstr= 666  mt= 0.3   spt= 0.2   lpval= 93972.8   ub= 94043.0  
 ****** Pricing Level: HEAVY HEUR ****** 
it= 4   ncol= 1659  ncstr= 666  mt= 0.0   spt= 0.3   lpval= 93972.8   ub= 94043.0  
 ****** Pricing Level: EXACT ****** 
it= 4   ncol= 1702  ncstr= 666  mt= 0.1   spt= 6.3   lpval= 93972.7   ub= 94043.0  
-----------------------------------------------------------------------------------------
elapsed time= 385.66 s.
-----------------------------------------------------------------------------------------
[1;36m[REMIND] 2: gap improved= 0.524643 ratio= 0.007467 threshold= 0.040000 in function increaseCondition2 at /blue/yu.yang1/you.z/route_opt/packages/application/X-n313-k71/src/main/src/call_cutting.cpp:74[0m
 ****** Separate RCCs ****** 
 ****** Separate Rank1Cuts ****** 
-----------------------------------------------------------------------------------------
 ****** Pricing Level: LIGHT HEUR ****** 
it= 3   ncol= 1706  ncstr= 631  mt= 0.2   spt= 0.1   lpval= 93973.0   ub= 94043.0  
 ****** Pricing Level: HEAVY HEUR ****** 
it= 3   ncol= 1742  ncstr= 631  mt= 0.0   spt= 0.3   lpval= 93973.0   ub= 94043.0  
 ****** Pricing Level: EXACT ****** 
it= 3   ncol= 1790  ncstr= 631  mt= 0.0   spt= 4.9   lpval= 93973.0   ub= 94043.0  
-----------------------------------------------------------------------------------------
elapsed time= 392.68 s.
-----------------------------------------------------------------------------------------
[1;36m[REMIND] 2: gap improved= 0.242230 ratio= 0.003460 threshold= 0.040000 in function increaseCondition2 at /blue/yu.yang1/you.z/route_opt/packages/application/X-n313-k71/src/main/src/call_cutting.cpp:74[0m
[1;36m[REMIND] tail off counter= 3 threshold= 3 in function setIfTailOff at /blue/yu.yang1/you.z/route_opt/packages/application/X-n313-k71/src/main/src/call_cutting.cpp:150[0m
current_r_best= 1.54372
pseudo= 50 frac= 50
#candidates in phase1= 37
testing lp time= 10.81 s.
-----------------------------------------------------------------------------------------
 10-22  , 173.14|  56-228 , 144.29| 164-175 , 144.29| 202-269 ,  80.45|  47-194 ,  62.36| 
194-200 ,  62.36|  19-237 ,  59.85|  53-239 ,  56.95| 230-257 ,  54.86| 236-311 ,  50.38| 
115-137 ,  42.74|  43-141 ,  29.36| 234-312 ,  28.83|   3-150 ,  28.33|   3-269 ,  26.69| 
106-115 ,  26.23|   0-84  ,  25.71| 206-253 ,  24.70|  71-109 ,  22.43|  28-32  ,  19.08| 
 32-106 ,  16.11|   0-237 ,  14.35| 117-237 ,  12.97| 205-251 ,   9.68|  10-251 ,   9.68| 
 52-296 ,   8.14|  89-237 ,   7.02|  75-303 ,   6.08| 258-311 ,   5.34| 215-274 ,   4.74| 
185-205 ,   3.94|  87-174 ,   3.22|   0-202 ,   2.91|   5-191 ,   2.03|   4-137 ,   0.14| 
194-294 ,   0.11|   6-150 ,   0.00| 
-----------------------------------------------------------------------------------------
edge= 164 175 lp= 133.578 pre= 1 lp2= 1.08023 pre2= 0 score= 144.295
-----------------------------------------------------------------------------------------
edge= 56 228 lp= 133.578 pre= 2 lp2= 1.08023 pre2= 2 score= 144.295
-----------------------------------------------------------------------------------------
edge= 10 22 lp= 1.2962 pre= 2 lp2= 133.578 pre2= 2 score= 173.143
-----------------------------------------------------------------------------------------
candidate= 10-22 : -
-----------------------------------------------------------------------------------------
-----------------------------------------------------------------------------------------
 ****** Pricing Level: LIGHT HEUR ****** 
it= 5   ncol= 1274  ncstr= 602  mt= 0.2   spt= 0.2   lpval= 93974.3   ub= 94043.0  
 ****** Pricing Level: HEAVY HEUR ****** 
it= 4   ncol= 1321  ncstr= 602  mt= 0.0   spt= 0.3   lpval= 93974.1   ub= 94043.0  
-----------------------------------------------------------------------------------------
elapsed time= 405.10 s.
-----------------------------------------------------------------------------------------
candidate= 10-22 : +
-----------------------------------------------------------------------------------------
-----------------------------------------------------------------------------------------
 ****** Pricing Level: LIGHT HEUR ****** 
it= 8   ncol= 1314  ncstr= 602  mt= 0.3   spt= 0.3   lpval= 93987.1   ub= 94043.0  
 ****** Pricing Level: HEAVY HEUR ****** 
it= 6   ncol= 1390  ncstr= 602  mt= 0.1   spt= 0.5   lpval= 93980.2   ub= 94043.0  
-----------------------------------------------------------------------------------------
elapsed time= 407.00 s.
-----------------------------------------------------------------------------------------
brc= 164-175
t= 0.134454 c= 40.5665 n= 6 if_b4= 1
t= 1.57836 c= 42.3286 n= 6 if_b4= 1
nodes already exists
memory usage= 5GB.
#########################################################################################
tree size= 0 lb= 93973 ub= 94043
#########################################################################################
idx= 14 value= 93973 enu= 0
brc= 50-103 : -
brc= 76-103 : -
brc= 49-105 : -
brc= 70-133 : -
brc= 74-217 : +
brc= 250-278 : -
brc= 56-164 : +
brc= 7-54 : +
brc= 125-224 : +
brc= 303-311 : -
brc= 70-121 : +
brc= 71-203 : -
brc= 19-106 : -
brc= 13-65 : +
brc= 0-162 : -
brc= 74-312 : -
brc= 10-215 : -
brc= 141-295 : -
brc= 95-312 : -
brc= 207-230 : -
brc= 164-175 : -
-----------------------------------------------------------------------------------------
 ****** Pricing Level: LIGHT HEUR ****** 
it= 9   ncol= 1343  ncstr= 601  mt= 0.5   spt= 0.3   lpval= 94001.4   ub= 94043.0  
 ****** Pricing Level: HEAVY HEUR ****** 
it= 6   ncol= 1444  ncstr= 601  mt= 0.1   spt= 0.5   lpval= 93996.9   ub= 94043.0  
 ****** Pricing Level: EXACT ****** 
it= 3   ncol= 1509  ncstr= 601  mt= 0.0   spt= 3.4   lpval= 93996.9   ub= 94043.0  
-----------------------------------------------------------------------------------------
elapsed time= 413.53 s.
-----------------------------------------------------------------------------------------
-----------------------------------------------------------------------------------------
 ****** Run Arc Elimination ****** 
arc elimination time= 2.69 s.
previous= 60.2889% maximum= 2.56791%
eliminate bucket arcs time= 0.56 s.
obtain jump arcs time= 0.01 s.
-----------------------------------------------------------------------------------------
-----------------------------------------------------------------------------------------
elapsed time= 416.81 s.
-----------------------------------------------------------------------------------------
-----------------------------------------------------------------------------------------
 ****** Try Enumeration ****** 
#labels= 254589 #routes= 33
labeling 1 time= 5.83 s.
concatenate time= 10.39 s.
#routes= 386811
average gap of successful enumeration= 0.00047984
next try value > 93971.2
-----------------------------------------------------------------------------------------
elapsed time= 433.16 s.
-----------------------------------------------------------------------------------------
 ****** Process Enumeration Matrix ****** 
delete non-ele routes lp val= 93997.2
recover rank1c lp val= 93997.5
recover rcc lp val= 93998.1
obtain rcc coefficient time= 0.05 s.
obtain r1c coefficient time= 0.58 s.
obtain matrix from triplets time= 0.79 s.
delete columns by branch time= 0.00 s.
columns pending deletion= 679 remain= 386811 col ratio= 0.998245 row ratio= 1
regenerate enumeration matrix time= 0.00 s.
-----------------------------------------------------------------------------------------
elapsed time= 436.32 s.
-----------------------------------------------------------------------------------------
it= 4   ncol= 1336  ncstr= 558  mt= 0.0   spt= 0.1   lpval= 93998.0   ub= 94043.0  
-----------------------------------------------------------------------------------------
elapsed time= 436.50 s.
-----------------------------------------------------------------------------------------
columns pending deletion= 121370 remain= 386811 col ratio= 0.686229 row ratio= 0.887097
 ****** Separate RCCs ****** 
 ****** Separate Rank1Cuts ****** 
it= 4   ncol= 1330  ncstr= 621  mt= 0.0   spt= 0.1   lpval= 94003.6   ub= 94043.0  
-----------------------------------------------------------------------------------------
elapsed time= 437.62 s.
-----------------------------------------------------------------------------------------
delete columns= 216640 remain= 170171
 ****** Separate RCCs ****** 
 ****** Separate Rank1Cuts ****** 
it= 3   ncol= 1375  ncstr= 614  mt= 0.0   spt= 0.0   lpval= 94005.7   ub= 94043.0  
-----------------------------------------------------------------------------------------
elapsed time= 438.74 s.
-----------------------------------------------------------------------------------------
columns pending deletion= 32770 remain= 170171 col ratio= 0.807429 row ratio= 0.869707
 ****** Separate RCCs ****** 
 ****** Separate Rank1Cuts ****** 
it= 3   ncol= 1392  ncstr= 684  mt= 0.0   spt= 0.0   lpval= 94006.8   ub= 94043.0  
-----------------------------------------------------------------------------------------
elapsed time= 439.58 s.
-----------------------------------------------------------------------------------------
delete columns= 55416 remain= 114755
[1;36m[REMIND] 2: gap improved= 1.062125 ratio= 0.029312 threshold= 0.040000 in function increaseCondition2 at /blue/yu.yang1/you.z/route_opt/packages/application/X-n313-k71/src/main/src/call_cutting.cpp:74[0m
 ****** Separate RCCs ****** 
 ****** Separate Rank1Cuts ****** 
it= 3   ncol= 1415  ncstr= 589  mt= 0.0   spt= 0.0   lpval= 94007.0   ub= 94043.0  
-----------------------------------------------------------------------------------------
elapsed time= 440.69 s.
-----------------------------------------------------------------------------------------
columns pending deletion= 6763 remain= 114755 col ratio= 0.941066 row ratio= 0.933786
[1;36m[REMIND] 2: gap improved= 0.199454 ratio= 0.005535 threshold= 0.040000 in function increaseCondition2 at /blue/yu.yang1/you.z/route_opt/packages/application/X-n313-k71/src/main/src/call_cutting.cpp:74[0m
 ****** Separate Rank1Cuts ****** 
it= 4   ncol= 1428  ncstr= 679  mt= 0.0   spt= 0.0   lpval= 94007.2   ub= 94043.0  
-----------------------------------------------------------------------------------------
elapsed time= 441.53 s.
-----------------------------------------------------------------------------------------
columns pending deletion= 11328 remain= 114755 col ratio= 0.901285 row ratio= 0.835052
[1;36m[REMIND] 2: gap improved= 0.189217 ratio= 0.005279 threshold= 0.040000 in function increaseCondition2 at /blue/yu.yang1/you.z/route_opt/packages/application/X-n313-k71/src/main/src/call_cutting.cpp:74[0m
[1;36m[REMIND] tail off counter= 3 threshold= 3 in function setIfTailOff at /blue/yu.yang1/you.z/route_opt/packages/application/X-n313-k71/src/main/src/call_cutting.cpp:150[0m
current_r_best= 24.8442
pseudo= 50 frac= 50
#candidates in phase1= 37
testing lp time= 16.62 s.
-----------------------------------------------------------------------------------------
 59-76  ,  78.92|  71-109 ,  55.88|   0-260 ,  51.37| 281-312 ,  44.58| 260-312 ,  42.93| 
234-312 ,  38.37| 112-131 ,  33.22|   0-127 ,  31.51|  56-228 ,  31.27| 165-228 ,  31.27| 
 24-29  ,  27.69| 136-143 ,  25.57| 115-137 ,  23.89|  19-237 ,  19.90| 234-289 ,  18.79| 
 52-296 ,  18.41| 257-299 ,  17.58|   0-164 ,  17.26| 167-232 ,  14.95| 221-270 ,  13.25| 
228-270 ,  13.25| 221-228 ,  12.00| 117-237 ,  11.85| 164-279 ,  10.39|  56-175 ,   9.99| 
  0-270 ,   9.70|  25-122 ,   8.74|   2-130 ,   6.36|  53-239 ,   5.93| 260-279 ,   4.95| 
 47-194 ,   3.90| 171-280 ,   3.70| 163-290 ,   3.01|   5-195 ,   2.44| 190-257 ,   2.09| 
 45-149 ,   1.94| 149-196 ,   0.59| 
-----------------------------------------------------------------------------------------
edge= 0 260 lp= 3.84158 pre= 2 lp2= 13.3727 pre2= 2 score= 51.3722
-----------------------------------------------------------------------------------------
edge= 71 109 lp= 34.4586 pre= 2 lp2= 1.62172 pre2= 2 score= 55.8821
-----------------------------------------------------------------------------------------
edge= 59 76 lp= 24.0374 pre= 2 lp2= 3.2831 pre2= 2 score= 78.9172
-----------------------------------------------------------------------------------------
candidate= 59-76 : -
-----------------------------------------------------------------------------------------
it= 4   ncol= 1501  ncstr= 680  mt= 0.4   spt= 0.0   lpval= 94029.8   ub= 94043.0  
-----------------------------------------------------------------------------------------
elapsed time= 458.61 s.
-----------------------------------------------------------------------------------------
candidate= 59-76 : +
-----------------------------------------------------------------------------------------
it= 4   ncol= 1473  ncstr= 680  mt= 0.3   spt= 0.0   lpval= 94010.2   ub= 94043.0  
-----------------------------------------------------------------------------------------
elapsed time= 459.01 s.
-----------------------------------------------------------------------------------------
brc= 59-76
t= 0.224603 c= 34.1807 n= 0 if_b4= 0
t= 0.424937 c= 42.066 n= 0 if_b4= 0
#########################################################################################
tree size= 1 lb= 94007.2 ub= 94043
#########################################################################################
idx= 15 value= 94007.2 enu= 1
brc= 50-103 : -
brc= 76-103 : -
brc= 49-105 : -
brc= 70-133 : -
brc= 74-217 : +
brc= 250-278 : -
brc= 56-164 : +
brc= 7-54 : +
brc= 125-224 : +
brc= 303-311 : -
brc= 70-121 : +
brc= 71-203 : -
brc= 19-106 : -
brc= 13-65 : +
brc= 0-162 : -
brc= 74-312 : -
brc= 10-215 : -
brc= 141-295 : -
brc= 95-312 : -
brc= 207-230 : -
brc= 164-175 : -
brc= 59-76 : +
it= 4   ncol= 1462  ncstr= 679  mt= 0.4   spt= 0.0   lpval= 94010.2   ub= 94043.0  
-----------------------------------------------------------------------------------------
elapsed time= 460.98 s.
-----------------------------------------------------------------------------------------
delete columns= 26633 remain= 76762
 ****** Separate RCCs ****** 
 ****** Separate Rank1Cuts ****** 
it= 5   ncol= 1580  ncstr= 635  mt= 0.2   spt= 0.0   lpval= 94012.6   ub= 94043.0  
-----------------------------------------------------------------------------------------
elapsed time= 462.43 s.
-----------------------------------------------------------------------------------------
columns pending deletion= 21129 remain= 76762 col ratio= 0.724747 row ratio= 0.837795
 ****** Separate RCCs ****** 
 ****** Separate Rank1Cuts ****** 
it= 2   ncol= 1552  ncstr= 695  mt= 0.0   spt= 0.0   lpval= 94013.8   ub= 94043.0  
-----------------------------------------------------------------------------------------
elapsed time= 462.85 s.
-----------------------------------------------------------------------------------------
delete columns= 31998 remain= 44764
 ****** Separate RCCs ****** 
 ****** Separate Rank1Cuts ****** 
it= 3   ncol= 1571  ncstr= 669  mt= 0.0   spt= 0.0   lpval= 94015.0   ub= 94043.0  
-----------------------------------------------------------------------------------------
elapsed time= 463.62 s.
-----------------------------------------------------------------------------------------
columns pending deletion= 7573 remain= 44764 col ratio= 0.830824 row ratio= 0.825112
 ****** Separate RCCs ****** 
 ****** Separate Rank1Cuts ****** 
it= 4   ncol= 1588  ncstr= 758  mt= 0.1   spt= 0.0   lpval= 94015.6   ub= 94043.0  
-----------------------------------------------------------------------------------------
elapsed time= 464.24 s.
-----------------------------------------------------------------------------------------
delete columns= 11400 remain= 33364
[1;36m[REMIND] 2: gap improved= 0.598064 ratio= 0.021808 threshold= 0.040000 in function increaseCondition2 at /blue/yu.yang1/you.z/route_opt/packages/application/X-n313-k71/src/main/src/call_cutting.cpp:74[0m
 ****** Separate Rank1Cuts ****** 
it= 2   ncol= 1600  ncstr= 694  mt= 0.0   spt= 0.0   lpval= 94015.9   ub= 94043.0  
-----------------------------------------------------------------------------------------
elapsed time= 465.23 s.
-----------------------------------------------------------------------------------------
columns pending deletion= 2258 remain= 33364 col ratio= 0.932322 row ratio= 0.806916
[1;36m[REMIND] 2: gap improved= 0.303136 ratio= 0.011177 threshold= 0.040000 in function increaseCondition2 at /blue/yu.yang1/you.z/route_opt/packages/application/X-n313-k71/src/main/src/call_cutting.cpp:74[0m
 ****** Separate RCCs ****** 
 ****** Separate Rank1Cuts ****** 
it= 2   ncol= 1599  ncstr= 731  mt= 0.0   spt= 0.0   lpval= 94016.1   ub= 94043.0  
-----------------------------------------------------------------------------------------
elapsed time= 465.70 s.
-----------------------------------------------------------------------------------------
columns pending deletion= 3551 remain= 33364 col ratio= 0.893568 row ratio= 0.787962
[1;36m[REMIND] 2: gap improved= 0.174504 ratio= 0.006476 threshold= 0.040000 in function increaseCondition2 at /blue/yu.yang1/you.z/route_opt/packages/application/X-n313-k71/src/main/src/call_cutting.cpp:74[0m
[1;36m[REMIND] tail off counter= 3 threshold= 3 in function setIfTailOff at /blue/yu.yang1/you.z/route_opt/packages/application/X-n313-k71/src/main/src/call_cutting.cpp:150[0m
current_r_best= 6.4708
alpha= 0.37 beta= 4.16429 omega= 152.183 k1= 13
lb_k= 1 ub_k= 37
revise: lb_k= 10 ub_k= 16
opt_k= 14
alpha= 0.75 beta= 4.16429 omega= 98.9936 k1= 3
lb_k= 1 ub_k= 3
revise: lb_k= 2 ub_k= 3
opt_k= 3
pseudo= 50 frac= 50
#candidates in phase1= 14
testing lp time= 7.59 s.
-----------------------------------------------------------------------------------------
  1-109 , 131.31| 138-203 ,  70.17| 103-138 ,  70.17| 103-109 ,  34.97|  40-146 ,  33.62| 
 40-77  ,  33.62|  71-109 ,  32.96|  83-91  ,  26.54|  13-105 ,  17.13|  49-103 ,  13.00| 
 47-194 ,  11.51|  25-122 ,  10.71| 135-291 ,   5.71|   1-49  ,   0.01| 
-----------------------------------------------------------------------------------------
edge= 103 138 lp= 1.75431 pre= 0 lp2= 40.0013 pre2= 2 score= 70.1747
-----------------------------------------------------------------------------------------
edge= 138 203 lp= 1.75431 pre= 2 lp2= 40.0013 pre2= 2 score= 70.1747
-----------------------------------------------------------------------------------------
edge= 1 109 lp= 1.55208 pre= 2 lp2= 84.6016 pre2= 2 score= 131.309
-----------------------------------------------------------------------------------------
candidate= 1-109 : -
-----------------------------------------------------------------------------------------
it= 3   ncol= 1630  ncstr= 732  mt= 0.4   spt= 0.0   lpval= 94017.6   ub= 94043.0  
-----------------------------------------------------------------------------------------
elapsed time= 473.67 s.
-----------------------------------------------------------------------------------------
candidate= 1-109 : +
-----------------------------------------------------------------------------------------
it= 4   ncol= 1702  ncstr= 732  mt= 0.4   spt= 0.0   lpval= 94084.4   ub= 94043.0  
-----------------------------------------------------------------------------------------
elapsed time= 474.07 s.
-----------------------------------------------------------------------------------------
brc= 1-109
t= 0.247878 c= 19.864 n= 1 if_b4= 0
t= 0.403769 c= 25.5135 n= 1 if_b4= 0
#########################################################################################
tree size= 2 lb= 94007.2 ub= 94043
#########################################################################################
idx= 16 value= 94007.2 enu= 1
brc= 50-103 : -
brc= 76-103 : -
brc= 49-105 : -
brc= 70-133 : -
brc= 74-217 : +
brc= 250-278 : -
brc= 56-164 : +
brc= 7-54 : +
brc= 125-224 : +
brc= 303-311 : -
brc= 70-121 : +
brc= 71-203 : -
brc= 19-106 : -
brc= 13-65 : +
brc= 0-162 : -
brc= 74-312 : -
brc= 10-215 : -
brc= 141-295 : -
brc= 95-312 : -
brc= 207-230 : -
brc= 164-175 : -
brc= 59-76 : -
it= 4   ncol= 1502  ncstr= 679  mt= 0.1   spt= 0.0   lpval= 94029.8   ub= 94043.0  
-----------------------------------------------------------------------------------------
elapsed time= 475.37 s.
-----------------------------------------------------------------------------------------
delete columns= 99434 remain= 3992
 ****** Separate RCCs ****** 
 ****** Separate Rank1Cuts ****** 
it= 3   ncol= 1319  ncstr= 625  mt= 0.0   spt= 0.0   lpval= 94030.4   ub= 94043.0  
-----------------------------------------------------------------------------------------
elapsed time= 475.83 s.
-----------------------------------------------------------------------------------------
columns pending deletion= 496 remain= 3992 col ratio= 0.875752 row ratio= 0.8832
mip: row= 552 col= 4796 density= 3.92904%
mip time= 4.08 s.
mip status= 6
update f from 0 to 12.6106
#########################################################################################
tree size= 1 lb= 94016.1 ub= 94043
#########################################################################################
idx= 17 value= 94016.1 enu= 1
brc= 50-103 : -
brc= 76-103 : -
brc= 49-105 : -
brc= 70-133 : -
brc= 74-217 : +
brc= 250-278 : -
brc= 56-164 : +
brc= 7-54 : +
brc= 125-224 : +
brc= 303-311 : -
brc= 70-121 : +
brc= 71-203 : -
brc= 19-106 : -
brc= 13-65 : +
brc= 0-162 : -
brc= 74-312 : -
brc= 10-215 : -
brc= 141-295 : -
brc= 95-312 : -
brc= 207-230 : -
brc= 164-175 : -
brc= 59-76 : +
brc= 1-109 : +
it= 4   ncol= 1681  ncstr= 731  mt= 0.4   spt= 0.0   lpval= 94084.4   ub= 94043.0  
-----------------------------------------------------------------------------------------
elapsed time= 480.68 s.
-----------------------------------------------------------------------------------------
#########################################################################################
tree size= 0 lb= 94016.1 ub= 94043
#########################################################################################
idx= 18 value= 94016.1 enu= 1
brc= 50-103 : -
brc= 76-103 : -
brc= 49-105 : -
brc= 70-133 : -
brc= 74-217 : +
brc= 250-278 : -
brc= 56-164 : +
brc= 7-54 : +
brc= 125-224 : +
brc= 303-311 : -
brc= 70-121 : +
brc= 71-203 : -
brc= 19-106 : -
brc= 13-65 : +
brc= 0-162 : -
brc= 74-312 : -
brc= 10-215 : -
brc= 141-295 : -
brc= 95-312 : -
brc= 207-230 : -
brc= 164-175 : -
brc= 59-76 : +
brc= 1-109 : -
it= 4   ncol= 1622  ncstr= 731  mt= 0.0   spt= 0.0   lpval= 94017.6   ub= 94043.0  
-----------------------------------------------------------------------------------------
elapsed time= 480.76 s.
-----------------------------------------------------------------------------------------
columns pending deletion= 5137 remain= 29813 col ratio= 0.827693 row ratio= 0.763338
 ****** Separate RCCs ****** 
 ****** Separate Rank1Cuts ****** 
it= 3   ncol= 1620  ncstr= 808  mt= 0.0   spt= 0.0   lpval= 94018.6   ub= 94043.0  
-----------------------------------------------------------------------------------------
elapsed time= 481.40 s.
-----------------------------------------------------------------------------------------
delete columns= 8699 remain= 21114
 ****** Separate RCCs ****** 
 ****** Separate Rank1Cuts ****** 
it= 3   ncol= 1619  ncstr= 683  mt= 0.0   spt= 0.0   lpval= 94019.8   ub= 94043.0  
-----------------------------------------------------------------------------------------
elapsed time= 482.18 s.
-----------------------------------------------------------------------------------------
columns pending deletion= 3817 remain= 21114 col ratio= 0.819219 row ratio= 0.819912
mip: row= 560 col= 18884 density= 4.49283%
mip time= 17.99 s.
mip status= 6
update f from 12.6106 to 23.2343
#########################################################################################
[32m<Instance: X-n313-k71>
<Solution>
<UB= 94043>
<LB= 94043>
<Elapsed Time= 500.6>
<Nodes Explored= 12>
<Global Gap= 0%>[0m
#########################################################################################
File nodes/X-n313-k71_4_1_0_0_1_2_G32.node deleted successfully.
