application type: CVRP
X-n313-k71_3_4_11_3_0_G32.node
Set parameter ServerTimeout to value 600
Set parameter TokenServer to value "grb-ts.ufhpc"
Set parameter Threads to value 1
instance name= X-n313-k71
#########################################################################################
tree size= 0 lb= 0 ub= 94044
#########################################################################################
idx= 1 value= 93990.3 enu= 0
brc= 50-103 : -
brc= 76-103 : -
brc= 49-105 : -
brc= 70-133 : +
brc= 164-295 : -
brc= 24-250 : -
brc= 57-64 : -
brc= 3-269 : -
brc= 137-150 : +
brc= 57-130 : -
brc= 233-246 : -
brc= 23-88 : -
brc= 13-104 : -
brc= 286-292 : -
brc= 84-130 : -
brc= 3-128 : -
brc= 81-192 : -
brc= 189-278 : -
brc= 74-95 : -
brc= 161-184 : -
brc= 75-303 : +
brc= 223-246 : -
brc= 74-260 : -
brc= 54-290 : -
brc= 43-295 : +
brc= 33-281 : +
-----------------------------------------------------------------------------------------
 ****** Pricing Level: LIGHT HEUR ****** 
it= 8   ncol= 1221  ncstr= 570  mt= 0.2   spt= 0.2   lpval= 94016.5   ub= 94043.0  
 ****** Pricing Level: HEAVY HEUR ****** 
it= 4   ncol= 1272  ncstr= 570  mt= 0.0   spt= 0.3   lpval= 94015.9   ub= 94043.0  
 ****** Pricing Level: EXACT ****** 
it= 3   ncol= 1322  ncstr= 570  mt= 0.0   spt= 2.6   lpval= 94015.8   ub= 94043.0  
-----------------------------------------------------------------------------------------
elapsed time= 6.77 s.
-----------------------------------------------------------------------------------------
-----------------------------------------------------------------------------------------
 ****** Run Arc Elimination ****** 
arc elimination time= 1.10 s.
previous= 49.8702% maximum= 1.53022%
eliminate bucket arcs time= 0.35 s.
obtain jump arcs time= 0.01 s.
-----------------------------------------------------------------------------------------
-----------------------------------------------------------------------------------------
elapsed time= 8.56 s.
-----------------------------------------------------------------------------------------
-----------------------------------------------------------------------------------------
 ****** Try Enumeration ****** 
#labels= 52509 #routes= 3
labeling 1 time= 0.38 s.
concatenate time= 0.30 s.
#routes= 34599
average gap of successful enumeration= 0.000279055
next try value > 93991.4
-----------------------------------------------------------------------------------------
elapsed time= 9.30 s.
-----------------------------------------------------------------------------------------
 ****** Process Enumeration Matrix ****** 
delete non-ele routes lp val= 94016
recover rank1c lp val= 94017
recover rcc lp val= 94018.1
obtain rcc coefficient time= 0.01 s.
obtain r1c coefficient time= 0.04 s.
obtain matrix from triplets time= 0.04 s.
delete columns by branch time= 0.00 s.
columns pending deletion= 55 remain= 34599 col ratio= 0.99841 row ratio= 1
regenerate enumeration matrix time= 0.00 s.
-----------------------------------------------------------------------------------------
elapsed time= 10.89 s.
-----------------------------------------------------------------------------------------
it= 5   ncol= 1230  ncstr= 530  mt= 0.0   spt= 0.0   lpval= 94018.0   ub= 94043.0  
-----------------------------------------------------------------------------------------
elapsed time= 10.94 s.
-----------------------------------------------------------------------------------------
delete columns= 12472 remain= 22127
 ****** Separate RCCs ****** 
 ****** Separate Rank1Cuts ****** 
it= 5   ncol= 1199  ncstr= 596  mt= 0.1   spt= 0.0   lpval= 94022.2   ub= 94043.0  
-----------------------------------------------------------------------------------------
elapsed time= 11.61 s.
-----------------------------------------------------------------------------------------
delete columns= 9991 remain= 12136
mip: row= 503 col= 13316 density= 4.40808%
mip time= 4.77 s.
mip status= 6
update f from 0 to 20.7668
#########################################################################################
[32m<Instance: X-n313-k71>
<Solution>
<UB= 94043>
<LB= 94043>
<Elapsed Time= 16.7>
<Nodes Explored= 1>
<Global Gap= 0%>[0m
#########################################################################################
File nodes/X-n313-k71_3_4_11_3_0_G32.node deleted successfully.
