application type: CVRP
X-n313-k71_4_3_1_0_4_0_G32.node
Set parameter ServerTimeout to value 600
Set parameter TokenServer to value "grb-ts.ufhpc"
Set parameter Threads to value 1
instance name= X-n313-k71
#########################################################################################
tree size= 0 lb= 0 ub= 94044
#########################################################################################
idx= 1 value= 93993.2 enu= 0
brc= 50-103 : -
brc= 76-103 : -
brc= 49-105 : -
brc= 70-133 : -
brc= 74-217 : +
brc= 250-278 : -
brc= 56-164 : -
brc= 167-232 : -
brc= 0-127 : +
brc= 126-152 : -
brc= 6-137 : +
brc= 164-295 : +
brc= 95-281 : -
brc= 86-243 : -
brc= 125-224 : -
brc= 3-269 : -
brc= 0-121 : +
brc= 31-70 : +
-----------------------------------------------------------------------------------------
 ****** Pricing Level: LIGHT HEUR ****** 
it= 10  ncol= 1509  ncstr= 598  mt= 0.1   spt= 0.2   lpval= 94012.4   ub= 94043.0  
 ****** Pricing Level: HEAVY HEUR ****** 
it= 6   ncol= 1584  ncstr= 598  mt= 0.1   spt= 0.4   lpval= 94012.3   ub= 94043.0  
 ****** Pricing Level: EXACT ****** 
it= 4   ncol= 1813  ncstr= 598  mt= 0.0   spt= 3.4   lpval= 94012.3   ub= 94043.0  
-----------------------------------------------------------------------------------------
elapsed time= 7.84 s.
-----------------------------------------------------------------------------------------
-----------------------------------------------------------------------------------------
 ****** Run Arc Elimination ****** 
arc elimination time= 1.83 s.
previous= 57.7948% maximum= 1.68477%
eliminate bucket arcs time= 0.37 s.
obtain jump arcs time= 0.01 s.
-----------------------------------------------------------------------------------------
-----------------------------------------------------------------------------------------
elapsed time= 10.39 s.
-----------------------------------------------------------------------------------------
-----------------------------------------------------------------------------------------
 ****** Try Enumeration ****** 
#labels= 80711 #routes= 4
labeling 1 time= 0.77 s.
concatenate time= 0.86 s.
#routes= 59315
average gap of successful enumeration= 0.000316154
next try value > 93983.1
-----------------------------------------------------------------------------------------
elapsed time= 12.09 s.
-----------------------------------------------------------------------------------------
 ****** Process Enumeration Matrix ****** 
delete non-ele routes lp val= 94012.3
recover rank1c lp val= 94012.4
recover rcc lp val= 94014
obtain rcc coefficient time= 0.02 s.
obtain r1c coefficient time= 0.08 s.
obtain matrix from triplets time= 0.07 s.
delete columns by branch time= 0.00 s.
columns pending deletion= 118 remain= 59315 col ratio= 0.998011 row ratio= 1
regenerate enumeration matrix time= 0.00 s.
-----------------------------------------------------------------------------------------
elapsed time= 13.74 s.
-----------------------------------------------------------------------------------------
it= 4   ncol= 1350  ncstr= 562  mt= 0.0   spt= 0.0   lpval= 94013.7   ub= 94043.0  
-----------------------------------------------------------------------------------------
elapsed time= 13.79 s.
-----------------------------------------------------------------------------------------
columns pending deletion= 17937 remain= 59315 col ratio= 0.697598 row ratio= 0.912811
 ****** Separate RCCs ****** 
 ****** Separate Rank1Cuts ****** 
it= 3   ncol= 1245  ncstr= 646  mt= 0.0   spt= 0.0   lpval= 94017.2   ub= 94043.0  
-----------------------------------------------------------------------------------------
elapsed time= 14.34 s.
-----------------------------------------------------------------------------------------
delete columns= 31985 remain= 27330
 ****** Separate RCCs ****** 
 ****** Separate Rank1Cuts ****** 
it= 2   ncol= 1227  ncstr= 577  mt= 0.0   spt= 0.0   lpval= 94017.7   ub= 94043.0  
-----------------------------------------------------------------------------------------
elapsed time= 15.25 s.
-----------------------------------------------------------------------------------------
columns pending deletion= 2386 remain= 27330 col ratio= 0.912697 row ratio= 0.939341
[1;36m[REMIND] 2: gap improved= 0.444377 ratio= 0.017534 threshold= 0.040000 in function increaseCondition2 at /blue/yu.yang1/you.z/route_opt/packages/application/X-n313-k71/src/main/src/call_cutting.cpp:74[0m
 ****** Separate RCCs ****** 
 ****** Separate Rank1Cuts ****** 
it= 3   ncol= 1186  ncstr= 637  mt= 0.0   spt= 0.0   lpval= 94018.2   ub= 94043.0  
-----------------------------------------------------------------------------------------
elapsed time= 15.83 s.
-----------------------------------------------------------------------------------------
columns pending deletion= 4166 remain= 27330 col ratio= 0.847567 row ratio= 0.868132
[1;36m[REMIND] 2: gap improved= 0.548810 ratio= 0.022133 threshold= 0.040000 in function increaseCondition2 at /blue/yu.yang1/you.z/route_opt/packages/application/X-n313-k71/src/main/src/call_cutting.cpp:74[0m
 ****** Separate RCCs ****** 
 ****** Separate Rank1Cuts ****** 
it= 3   ncol= 1190  ncstr= 685  mt= 0.0   spt= 0.0   lpval= 94018.6   ub= 94043.0  
-----------------------------------------------------------------------------------------
elapsed time= 16.38 s.
-----------------------------------------------------------------------------------------
columns pending deletion= 5876 remain= 27330 col ratio= 0.784998 row ratio= 0.833577
[1;36m[REMIND] 2: gap improved= 0.434611 ratio= 0.017840 threshold= 0.040000 in function increaseCondition2 at /blue/yu.yang1/you.z/route_opt/packages/application/X-n313-k71/src/main/src/call_cutting.cpp:74[0m
[1;36m[REMIND] tail off counter= 3 threshold= 3 in function setIfTailOff at /blue/yu.yang1/you.z/route_opt/packages/application/X-n313-k71/src/main/src/call_cutting.cpp:150[0m
[1;36m[REMIND] opt_k not found for node 1, use m directly in function getOptK at /blue/yu.yang1/you.z/route_opt/packages/branching/bkf/include/bkf_controller.hpp:239[0m
current_r_best= 18.4665
we directly test 100
we directly test 4
pseudo= 50 frac= 50
#candidates in phase1= 100
testing lp time= 41.81 s.
-----------------------------------------------------------------------------------------
189-278 , 366.23| 224-278 , 366.23|  30-269 , 196.35|  35-235 , 181.74|  26-83  , 179.66| 
 55-167 , 126.85| 233-246 , 126.07| 223-227 , 126.07|  13-104 , 124.66|   0-65  , 124.66| 
  0-59  , 112.34|  86-118 , 112.33|  23-86  , 112.33|  62-296 , 112.33|   0-86  , 112.33| 
 59-292 , 112.33|   0-68  , 112.33|  62-68  , 112.33|   1-103 , 109.89|  13-65  , 109.72| 
 59-68  , 105.22| 113-232 , 102.73|  87-218 , 101.33|  71-109 ,  98.07|   3-4   ,  98.05| 
 64-128 ,  91.56|  18-301 ,  86.77| 113-167 ,  85.67|   3-150 ,  83.86|  40-77  ,  82.88| 
 13-105 ,  82.88|   0-91  ,  82.88|   0-13  ,  82.88|  40-146 ,  82.88| 181-220 ,  78.00| 
 21-42  ,  76.44|  55-241 ,  71.52|   0-172 ,  71.52|  41-73  ,  70.27|  61-218 ,  69.72| 
 83-91  ,  67.85|   0-232 ,  66.44|  54-274 ,  63.39|  54-295 ,  63.39| 119-275 ,  60.57| 
 20-196 ,  57.70| 232-275 ,  56.15|  22-161 ,  54.76|   0-146 ,  54.74|   0-105 ,  54.45| 
175-285 ,  53.83|   0-278 ,  52.20|   0-241 ,  50.65|   3-128 ,  50.13|  24-189 ,  50.04| 
132-230 ,  49.67|  55-232 ,  49.03|   0-55  ,  49.03|  24-155 ,  49.02| 191-243 ,  48.84| 
 28-32  ,  48.56| 167-240 ,  44.04| 108-127 ,  43.63|  30-89  ,  41.86| 264-297 ,  41.21| 
181-194 ,  35.31|  82-128 ,  34.98|   0-237 ,  32.37|  22-248 ,  30.72|   0-285 ,  29.98| 
 79-89  ,  28.43| 193-259 ,  27.75|   4-9   ,  25.93| 135-235 ,  25.70|  30-128 ,  24.01| 
201-302 ,  23.70| 164-175 ,  22.19|   9-28  ,  21.61|   0-137 ,  20.94| 234-312 ,  17.59| 
  2-89  ,  16.30|  49-103 ,  15.64|  18-86  ,  12.48| 169-305 ,  10.92|   0-51  ,  10.79| 
 70-99  ,   8.10|   0-155 ,   7.75|   0-132 ,   7.74|  90-116 ,   7.32|   0-2   ,   7.17| 
271-293 ,   7.01| 238-244 ,   6.79| 166-179 ,   6.06|   0-34  ,   5.01| 294-305 ,   3.32| 
  0-17  ,   3.18|  25-132 ,   2.35|   0-230 ,   1.74|   0-305 ,   1.52|   1-85  ,   0.00| 
-----------------------------------------------------------------------------------------
edge= 35 235 lp= 2.43752 pre= 2 lp2= 74.5582 pre2= 2 score= 181.737
-----------------------------------------------------------------------------------------
edge= 30 269 lp= 2.6335 pre= 2 lp2= 74.5582 pre2= 2 score= 196.349
-----------------------------------------------------------------------------------------
edge= 224 278 lp= 4.91195 pre= 2 lp2= 74.5582 pre2= 2 score= 366.227
-----------------------------------------------------------------------------------------
edge= 189 278 lp= 4.91195 pre= 2 lp2= 74.5582 pre2= 2 score= 366.227
-----------------------------------------------------------------------------------------
candidate= 224-278 : -
-----------------------------------------------------------------------------------------
it= 3   ncol= 1237  ncstr= 686  mt= 0.3   spt= 0.0   lpval= 94021.5   ub= 94043.0  
-----------------------------------------------------------------------------------------
elapsed time= 58.49 s.
-----------------------------------------------------------------------------------------
candidate= 189-278 : -
-----------------------------------------------------------------------------------------
it= 3   ncol= 1241  ncstr= 686  mt= 0.3   spt= 0.0   lpval= 94021.5   ub= 94043.0  
-----------------------------------------------------------------------------------------
elapsed time= 58.78 s.
-----------------------------------------------------------------------------------------
candidate= 224-278 : +
-----------------------------------------------------------------------------------------
it= 5   ncol= 1307  ncstr= 686  mt= 0.4   spt= 0.0   lpval= 94026.4   ub= 94043.0  
-----------------------------------------------------------------------------------------
elapsed time= 59.20 s.
-----------------------------------------------------------------------------------------
candidate= 189-278 : +
-----------------------------------------------------------------------------------------
it= 5   ncol= 1324  ncstr= 686  mt= 0.4   spt= 0.0   lpval= 94033.1   ub= 94043.0  
-----------------------------------------------------------------------------------------
elapsed time= 59.63 s.
-----------------------------------------------------------------------------------------
candidate= 30-269 : -
-----------------------------------------------------------------------------------------
it= 4   ncol= 1226  ncstr= 686  mt= 0.3   spt= 0.0   lpval= 94019.0   ub= 94043.0  
-----------------------------------------------------------------------------------------
elapsed time= 59.96 s.
-----------------------------------------------------------------------------------------
candidate= 35-235 : -
-----------------------------------------------------------------------------------------
it= 4   ncol= 1230  ncstr= 686  mt= 0.3   spt= 0.0   lpval= 94020.9   ub= 94043.0  
-----------------------------------------------------------------------------------------
elapsed time= 60.25 s.
-----------------------------------------------------------------------------------------
candidate= 35-235 : +
-----------------------------------------------------------------------------------------
it= 6   ncol= 1383  ncstr= 686  mt= 0.4   spt= 0.0   lpval= 94034.9   ub= 94043.0  
-----------------------------------------------------------------------------------------
elapsed time= 60.72 s.
-----------------------------------------------------------------------------------------
brc= 189-278
t= 0.209035 c= 14.9366 n= 0 if_b4= 0
t= 0.361436 c= 34.575 n= 0 if_b4= 0
#########################################################################################
tree size= 1 lb= 94018.6 ub= 94043
#########################################################################################
idx= 1 value= 94018.6 enu= 1
brc= 50-103 : -
brc= 76-103 : -
brc= 49-105 : -
brc= 70-133 : -
brc= 74-217 : +
brc= 250-278 : -
brc= 56-164 : -
brc= 167-232 : -
brc= 0-127 : +
brc= 126-152 : -
brc= 6-137 : +
brc= 164-295 : +
brc= 95-281 : -
brc= 86-243 : -
brc= 125-224 : -
brc= 3-269 : -
brc= 0-121 : +
brc= 31-70 : +
brc= 189-278 : +
it= 6   ncol= 1299  ncstr= 685  mt= 0.4   spt= 0.0   lpval= 94033.1   ub= 94043.0  
-----------------------------------------------------------------------------------------
elapsed time= 62.04 s.
-----------------------------------------------------------------------------------------
delete columns= 19195 remain= 2182
 ****** Separate RCCs ****** 
 ****** Separate Rank1Cuts ****** 
it= 4   ncol= 1128  ncstr= 554  mt= 0.0   spt= 0.0   lpval= 94036.6   ub= 94043.0  
-----------------------------------------------------------------------------------------
elapsed time= 62.52 s.
-----------------------------------------------------------------------------------------
delete columns= 1036 remain= 1146
mip: row= 510 col= 2138 density= 3.21319%
mip time= 0.14 s.
mip status= 3
update f from 0 to 6.37101
#########################################################################################
tree size= 0 lb= 94018.6 ub= 94043
#########################################################################################
idx= 2 value= 94018.6 enu= 1
brc= 50-103 : -
brc= 76-103 : -
brc= 49-105 : -
brc= 70-133 : -
brc= 74-217 : +
brc= 250-278 : -
brc= 56-164 : -
brc= 167-232 : -
brc= 0-127 : +
brc= 126-152 : -
brc= 6-137 : +
brc= 164-295 : +
brc= 95-281 : -
brc= 86-243 : -
brc= 125-224 : -
brc= 3-269 : -
brc= 0-121 : +
brc= 31-70 : +
brc= 189-278 : -
it= 4   ncol= 1238  ncstr= 685  mt= 0.1   spt= 0.0   lpval= 94021.5   ub= 94043.0  
-----------------------------------------------------------------------------------------
elapsed time= 62.77 s.
-----------------------------------------------------------------------------------------
delete columns= 7415 remain= 14031
 ****** Separate RCCs ****** 
 ****** Separate Rank1Cuts ****** 
it= 2   ncol= 1216  ncstr= 605  mt= 0.0   spt= 0.0   lpval= 94021.9   ub= 94043.0  
-----------------------------------------------------------------------------------------
elapsed time= 63.26 s.
-----------------------------------------------------------------------------------------
columns pending deletion= 1462 remain= 14031 col ratio= 0.895802 row ratio= 0.895868
[1;36m[REMIND] 2: gap improved= 0.359560 ratio= 0.017011 threshold= 0.040000 in function increaseCondition2 at /blue/yu.yang1/you.z/route_opt/packages/application/X-n313-k71/src/main/src/call_cutting.cpp:74[0m
mip: row= 542 col= 13782 density= 4.75578%
mip time= 4.75 s.
mip status= 6
update f from 6.37101 to 21.1365
#########################################################################################
[32m<Instance: X-n313-k71>
<Solution>
<UB= 94043>
<LB= 94043>
<Elapsed Time= 68.1>
<Nodes Explored= 3>
<Global Gap= 0%>[0m
#########################################################################################
File nodes/X-n313-k71_4_3_1_0_4_0_G32.node deleted successfully.
