application type: CVRP
X-n313-k71_4_2_1_2_4_1_8_G32.node
Set parameter ServerTimeout to value 600
Set parameter TokenServer to value "grb-ts.ufhpc"
Set parameter Threads to value 1
instance name= X-n313-k71
#########################################################################################
tree size= 0 lb= 0 ub= 94044
#########################################################################################
idx= 17 value= 94002.4 enu= 0
brc= 50-103 : -
brc= 76-103 : -
brc= 49-105 : -
brc= 70-133 : -
brc= 74-217 : +
brc= 250-278 : -
brc= 56-164 : -
brc= 167-232 : +
brc= 33-56 : -
brc= 234-312 : +
brc= 24-189 : -
brc= 18-224 : -
brc= 6-137 : +
brc= 41-192 : -
brc= 119-308 : -
brc= 13-65 : -
brc= 18-189 : -
brc= 126-152 : +
brc= 53-54 : -
brc= 106-139 : +
brc= 189-226 : -
brc= 1-103 : -
brc= 162-208 : -
brc= 208-224 : -
brc= 224-257 : -
brc= 208-230 : -
brc= 56-141 : -
brc= 54-72 : -
brc= 59-292 : +
-----------------------------------------------------------------------------------------
 ****** Pricing Level: LIGHT HEUR ****** 
it= 10  ncol= 1447  ncstr= 578  mt= 0.3   spt= 0.2   lpval= 94015.8   ub= 94043.0  
 ****** Pricing Level: HEAVY HEUR ****** 
it= 8   ncol= 1618  ncstr= 578  mt= 0.1   spt= 0.4   lpval= 94014.8   ub= 94043.0  
 ****** Pricing Level: EXACT ****** 
it= 4   ncol= 1745  ncstr= 578  mt= 0.1   spt= 2.9   lpval= 94011.6   ub= 94043.0  
-----------------------------------------------------------------------------------------
elapsed time= 7.56 s.
-----------------------------------------------------------------------------------------
-----------------------------------------------------------------------------------------
 ****** Run Arc Elimination ****** 
arc elimination time= 1.80 s.
previous= 71.168% maximum= 1.67788%
eliminate bucket arcs time= 0.34 s.
obtain jump arcs time= 0.01 s.
-----------------------------------------------------------------------------------------
-----------------------------------------------------------------------------------------
elapsed time= 10.03 s.
-----------------------------------------------------------------------------------------
-----------------------------------------------------------------------------------------
 ****** Try Enumeration ****** 
#labels= 88530 #routes= 5
labeling 1 time= 0.98 s.
concatenate time= 0.91 s.
#routes= 62255
average gap of successful enumeration= 0.000323134
next try value > 93996.9
-----------------------------------------------------------------------------------------
elapsed time= 11.99 s.
-----------------------------------------------------------------------------------------
 ****** Process Enumeration Matrix ****** 
delete non-ele routes lp val= 94012.7
recover rank1c lp val= 94013
recover rcc lp val= 94013
obtain rcc coefficient time= 0.00 s.
obtain r1c coefficient time= 0.09 s.
obtain matrix from triplets time= 0.06 s.
delete columns by branch time= 0.00 s.
columns pending deletion= 164 remain= 62255 col ratio= 0.997366 row ratio= 1
regenerate enumeration matrix time= 0.00 s.
-----------------------------------------------------------------------------------------
elapsed time= 13.59 s.
-----------------------------------------------------------------------------------------
it= 4   ncol= 1454  ncstr= 535  mt= 0.0   spt= 0.0   lpval= 94013.0   ub= 94043.0  
-----------------------------------------------------------------------------------------
elapsed time= 13.64 s.
-----------------------------------------------------------------------------------------
columns pending deletion= 17863 remain= 62255 col ratio= 0.713067 row ratio= 0.86729
 ****** Separate RCCs ****** 
 ****** Separate Rank1Cuts ****** 
it= 4   ncol= 1399  ncstr= 590  mt= 0.1   spt= 0.0   lpval= 94019.0   ub= 94043.0  
-----------------------------------------------------------------------------------------
elapsed time= 14.26 s.
-----------------------------------------------------------------------------------------
delete columns= 41386 remain= 20869
 ****** Separate RCCs ****** 
 ****** Separate Rank1Cuts ****** 
it= 4   ncol= 1378  ncstr= 576  mt= 0.0   spt= 0.0   lpval= 94022.8   ub= 94043.0  
-----------------------------------------------------------------------------------------
elapsed time= 15.06 s.
-----------------------------------------------------------------------------------------
delete columns= 8912 remain= 11957
mip: row= 516 col= 13312 density= 4.41065%
mip time= 11.14 s.
mip status= 6
update f from 0 to 20.1657
#########################################################################################
[32m<Instance: X-n313-k71>
<Solution>
<UB= 94043>
<LB= 94043>
<Elapsed Time= 26.2>
<Nodes Explored= 1>
<Global Gap= 0%>[0m
#########################################################################################
File nodes/X-n313-k71_4_2_1_2_4_1_8_G32.node deleted successfully.
