application type: CVRP
X-n313-k71_3_2_7_0_2_1_0_5_1_G32.node
Set parameter ServerTimeout to value 600
Set parameter TokenServer to value "grb-ts.ufhpc"
Set parameter Threads to value 1
instance name= X-n313-k71
#########################################################################################
tree size= 0 lb= 0 ub= 94044
#########################################################################################
idx= 3 value= 93985.5 enu= 0
brc= 50-103 : -
brc= 76-103 : -
brc= 49-105 : -
brc= 70-133 : +
brc= 164-295 : -
brc= 24-250 : -
brc= 57-64 : +
brc= 100-119 : -
brc= 59-292 : -
brc= 75-303 : -
brc= 10-161 : -
brc= 114-161 : -
brc= 270-279 : -
brc= 33-56 : -
brc= 62-68 : +
brc= 233-263 : +
brc= 0-118 : -
brc= 95-279 : -
brc= 88-124 : +
brc= 68-296 : -
brc= 0-182 : +
brc= 0-204 : +
brc= 114-272 : -
brc= 1-103 : -
brc= 227-306 : -
brc= 27-59 : -
brc= 23-292 : -
brc= 29-30 : +
brc= 182-292 : -
brc= 118-143 : +
-----------------------------------------------------------------------------------------
 ****** Pricing Level: LIGHT HEUR ****** 
it= 9   ncol= 1280  ncstr= 668  mt= 0.2   spt= 0.2   lpval= 93986.1   ub= 94043.0  
 ****** Pricing Level: HEAVY HEUR ****** 
it= 5   ncol= 1341  ncstr= 668  mt= 0.1   spt= 0.4   lpval= 93986.1   ub= 94043.0  
 ****** Pricing Level: EXACT ****** 
it= 6   ncol= 1443  ncstr= 668  mt= 0.1   spt= 8.0   lpval= 93986.1   ub= 94043.0  
-----------------------------------------------------------------------------------------
elapsed time= 13.23 s.
-----------------------------------------------------------------------------------------
-----------------------------------------------------------------------------------------
 ****** Run Arc Elimination ****** 
arc elimination time= 8.61 s.
previous= 92.0532% maximum= 3.31417%
eliminate bucket arcs time= 0.64 s.
obtain jump arcs time= 0.01 s.
-----------------------------------------------------------------------------------------
-----------------------------------------------------------------------------------------
elapsed time= 22.83 s.
-----------------------------------------------------------------------------------------
 ****** Separate RCCs ****** 
 ****** Separate Rank1Cuts ****** 
-----------------------------------------------------------------------------------------
 ****** Pricing Level: LIGHT HEUR ****** 
it= 3   ncol= 1469  ncstr= 711  mt= 0.4   spt= 0.1   lpval= 93986.8   ub= 94043.0  
 ****** Pricing Level: HEAVY HEUR ****** 
it= 4   ncol= 1523  ncstr= 711  mt= 0.1   spt= 0.3   lpval= 93986.7   ub= 94043.0  
 ****** Pricing Level: EXACT ****** 
it= 4   ncol= 1579  ncstr= 711  mt= 0.1   spt= 6.6   lpval= 93986.7   ub= 94043.0  
-----------------------------------------------------------------------------------------
elapsed time= 31.74 s.
-----------------------------------------------------------------------------------------
[1;36m[REMIND] 2: gap improved= 0.575199 ratio= 0.010211 threshold= 0.040000 in function increaseCondition2 at /blue/yu.yang1/you.z/route_opt/packages/application/X-n313-k71/src/main/src/call_cutting.cpp:74[0m
 ****** Separate RCCs ****** 
 ****** Separate Rank1Cuts ****** 
-----------------------------------------------------------------------------------------
 ****** Pricing Level: LIGHT HEUR ****** 
it= 3   ncol= 1587  ncstr= 703  mt= 0.3   spt= 0.1   lpval= 93987.0   ub= 94043.0  
 ****** Pricing Level: HEAVY HEUR ****** 
it= 2   ncol= 1604  ncstr= 703  mt= 0.0   spt= 0.1   lpval= 93987.0   ub= 94043.0  
 ****** Pricing Level: EXACT ****** 
it= 3   ncol= 1646  ncstr= 703  mt= 0.1   spt= 4.5   lpval= 93987.0   ub= 94043.0  
-----------------------------------------------------------------------------------------
elapsed time= 37.83 s.
-----------------------------------------------------------------------------------------
[1;36m[REMIND] 2: gap improved= 0.314436 ratio= 0.005613 threshold= 0.040000 in function increaseCondition2 at /blue/yu.yang1/you.z/route_opt/packages/application/X-n313-k71/src/main/src/call_cutting.cpp:74[0m
 ****** Separate RCCs ****** 
 ****** Separate Rank1Cuts ****** 
-----------------------------------------------------------------------------------------
 ****** Pricing Level: LIGHT HEUR ****** 
it= 3   ncol= 1659  ncstr= 747  mt= 0.4   spt= 0.1   lpval= 93987.1   ub= 94043.0  
 ****** Pricing Level: HEAVY HEUR ****** 
it= 2   ncol= 1665  ncstr= 747  mt= 0.0   spt= 0.1   lpval= 93987.1   ub= 94043.0  
 ****** Pricing Level: EXACT ****** 
it= 5   ncol= 1693  ncstr= 747  mt= 0.1   spt= 6.8   lpval= 93987.1   ub= 94043.0  
-----------------------------------------------------------------------------------------
elapsed time= 47.25 s.
-----------------------------------------------------------------------------------------
[1;36m[REMIND] 2: gap improved= 0.142326 ratio= 0.002547 threshold= 0.040000 in function increaseCondition2 at /blue/yu.yang1/you.z/route_opt/packages/application/X-n313-k71/src/main/src/call_cutting.cpp:74[0m
[1;36m[REMIND] tail off counter= 3 threshold= 3 in function setIfTailOff at /blue/yu.yang1/you.z/route_opt/packages/application/X-n313-k71/src/main/src/call_cutting.cpp:150[0m
[1;36m[REMIND] opt_k not found for node 3, use m directly in function getOptK at /blue/yu.yang1/you.z/route_opt/packages/branching/bkf/include/bkf_controller.hpp:239[0m
current_r_best= 1.17234
we directly test 100
we directly test 4
pseudo= 50 frac= 50
#candidates in phase1= 100
testing lp time= 36.00 s.
-----------------------------------------------------------------------------------------
162-201 ,  68.94| 103-138 ,  33.07|   0-248 ,  32.94|  75-248 ,  32.94| 185-245 ,  29.62| 
192-209 ,  29.49|   6-19  ,  28.96|  60-137 ,  28.96|   0-81  ,  26.80|  75-266 ,  24.03| 
147-174 ,  23.46|   6-237 ,  21.27| 141-164 ,  20.09|  21-42  ,  18.39| 183-308 ,  18.35| 
126-152 ,  18.33| 159-171 ,  18.20|  95-281 ,  18.09| 236-311 ,  17.68|  47-113 ,  17.61| 
  0-47  ,  17.61| 162-189 ,  17.31| 137-150 ,  17.28|   0-9   ,  13.94|  87-145 ,  13.53| 
286-292 ,  13.23|   0-41  ,  13.15| 191-243 ,  11.98|  74-312 ,  11.81|  41-192 ,  11.55| 
 33-228 ,  11.39| 145-281 ,  11.36|  33-281 ,  11.36| 252-260 ,  11.21|  90-145 ,  10.93| 
133-153 ,  10.44| 167-232 ,   9.40|   0-192 ,   8.36| 257-299 ,   8.05|  59-296 ,   7.17| 
 86-127 ,   7.17|  13-104 ,   6.90|   0-138 ,   6.33|  67-293 ,   6.23| 147-221 ,   6.15| 
  0-6   ,   6.06|   0-32  ,   6.03|   0-106 ,   5.73|   0-62  ,   5.44|  91-136 ,   5.29| 
149-163 ,   5.11|  59-68  ,   4.73| 181-194 ,   4.72|   0-70  ,   4.69|   9-137 ,   4.40| 
  4-6   ,   4.40| 183-307 ,   4.36|  12-76  ,   4.03|   0-134 ,   4.03| 181-242 ,   3.84| 
  0-265 ,   3.65|   0-65  ,   3.62| 256-282 ,   3.59|  61-301 ,   3.53| 165-234 ,   3.50| 
  0-112 ,   3.50| 131-174 ,   3.45| 131-145 ,   3.45|  47-181 ,   3.35| 192-254 ,   2.97| 
245-264 ,   2.83| 208-230 ,   2.78| 155-208 ,   2.78|   3-137 ,   1.71| 161-236 ,   1.60| 
183-192 ,   1.56| 157-307 ,   1.56| 107-125 ,   1.45|  98-300 ,   1.34| 234-260 ,   1.24| 
 74-260 ,   1.24|  13-49  ,   1.08|  79-269 ,   1.03| 127-145 ,   0.95| 184-272 ,   0.80| 
263-307 ,   0.76| 221-270 ,   0.62|   0-221 ,   0.62| 145-298 ,   0.56| 268-287 ,   0.56| 
191-274 ,   0.14|   0-117 ,   0.11| 245-274 ,   0.09| 245-272 ,   0.07|  47-192 ,   0.07| 
171-260 ,   0.04| 252-312 ,   0.04| 179-264 ,   0.00|   4-60  ,   0.00| 128-137 ,   0.00| 
-----------------------------------------------------------------------------------------
edge= 75 248 lp= 16.4265 pre= 0 lp2= 2.00556 pre2= 0 score= 32.9443
-----------------------------------------------------------------------------------------
edge= 0 248 lp= 2.00555 pre= 2 lp2= 16.4266 pre2= 2 score= 32.9445
-----------------------------------------------------------------------------------------
edge= 103 138 lp= 0.219301 pre= 0 lp2= 150.808 pre2= 2 score= 33.0722
-----------------------------------------------------------------------------------------
edge= 162 201 lp= 113.758 pre= 2 lp2= 0.605986 pre2= 2 score= 68.9359
-----------------------------------------------------------------------------------------
candidate= 162-201 : -
-----------------------------------------------------------------------------------------
-----------------------------------------------------------------------------------------
 ****** Pricing Level: LIGHT HEUR ****** 
it= 8   ncol= 1290  ncstr= 641  mt= 0.6   spt= 0.2   lpval= 94005.3   ub= 94043.0  
 ****** Pricing Level: HEAVY HEUR ****** 
it= 5   ncol= 1358  ncstr= 641  mt= 0.3   spt= 0.3   lpval= 93994.0   ub= 94043.0  
-----------------------------------------------------------------------------------------
elapsed time= 85.98 s.
-----------------------------------------------------------------------------------------
candidate= 103-138 : +
-----------------------------------------------------------------------------------------
-----------------------------------------------------------------------------------------
 ****** Pricing Level: LIGHT HEUR ****** 
it= 9   ncol= 1282  ncstr= 641  mt= 0.6   spt= 0.2   lpval= 94019.5   ub= 94043.0  
 ****** Pricing Level: HEAVY HEUR ****** 
it= 5   ncol= 1351  ncstr= 641  mt= 0.1   spt= 0.3   lpval= 94019.1   ub= 94043.0  
-----------------------------------------------------------------------------------------
elapsed time= 88.10 s.
-----------------------------------------------------------------------------------------
candidate= 0-248 : -
-----------------------------------------------------------------------------------------
-----------------------------------------------------------------------------------------
 ****** Pricing Level: LIGHT HEUR ****** 
it= 5   ncol= 1208  ncstr= 641  mt= 0.3   spt= 0.1   lpval= 93987.9   ub= 94043.0  
 ****** Pricing Level: HEAVY HEUR ****** 
it= 4   ncol= 1252  ncstr= 641  mt= 0.1   spt= 0.3   lpval= 93987.9   ub= 94043.0  
-----------------------------------------------------------------------------------------
elapsed time= 89.42 s.
-----------------------------------------------------------------------------------------
candidate= 75-248 : +
-----------------------------------------------------------------------------------------
-----------------------------------------------------------------------------------------
 ****** Pricing Level: LIGHT HEUR ****** 
it= 5   ncol= 1227  ncstr= 641  mt= 0.4   spt= 0.1   lpval= 93988.5   ub= 94043.0  
 ****** Pricing Level: HEAVY HEUR ****** 
it= 5   ncol= 1281  ncstr= 641  mt= 0.1   spt= 0.3   lpval= 93988.4   ub= 94043.0  
-----------------------------------------------------------------------------------------
elapsed time= 90.91 s.
-----------------------------------------------------------------------------------------
brc= 75-248
t= 0.180011 c= 48.4858 n= 0 if_b4= 1
t= 1.78592 c= 62.9151 n= 0 if_b4= 1
nodes already exists
memory usage= 4GB.
#########################################################################################
tree size= 0 lb= 93987.1 ub= 94043
#########################################################################################
idx= 2 value= 93987.1 enu= 0
brc= 50-103 : -
brc= 76-103 : -
brc= 49-105 : -
brc= 70-133 : +
brc= 164-295 : -
brc= 24-250 : -
brc= 57-64 : +
brc= 100-119 : -
brc= 59-292 : -
brc= 75-303 : -
brc= 10-161 : -
brc= 114-161 : -
brc= 270-279 : -
brc= 33-56 : -
brc= 62-68 : +
brc= 233-263 : +
brc= 0-118 : -
brc= 95-279 : -
brc= 88-124 : +
brc= 68-296 : -
brc= 0-182 : +
brc= 0-204 : +
brc= 114-272 : -
brc= 1-103 : -
brc= 227-306 : -
brc= 27-59 : -
brc= 23-292 : -
brc= 29-30 : +
brc= 182-292 : -
brc= 118-143 : +
brc= 75-248 : -
-----------------------------------------------------------------------------------------
 ****** Pricing Level: LIGHT HEUR ****** 
it= 7   ncol= 1259  ncstr= 640  mt= 0.4   spt= 0.2   lpval= 93990.4   ub= 94043.0  
 ****** Pricing Level: HEAVY HEUR ****** 
it= 5   ncol= 1317  ncstr= 640  mt= 0.1   spt= 0.3   lpval= 93990.1   ub= 94043.0  
 ****** Pricing Level: EXACT ****** 
it= 3   ncol= 1388  ncstr= 640  mt= 0.1   spt= 3.5   lpval= 93989.6   ub= 94043.0  
-----------------------------------------------------------------------------------------
elapsed time= 97.20 s.
-----------------------------------------------------------------------------------------
 ****** Separate RCCs ****** 
 ****** Separate Rank1Cuts ****** 
-----------------------------------------------------------------------------------------
 ****** Pricing Level: LIGHT HEUR ****** 
it= 5   ncol= 1453  ncstr= 663  mt= 0.3   spt= 0.1   lpval= 93994.8   ub= 94043.0  
 ****** Pricing Level: HEAVY HEUR ****** 
it= 3   ncol= 1490  ncstr= 663  mt= 0.1   spt= 0.2   lpval= 93993.5   ub= 94043.0  
 ****** Pricing Level: EXACT ****** 
it= 4   ncol= 1525  ncstr= 663  mt= 0.1   spt= 4.6   lpval= 93993.3   ub= 94043.0  
-----------------------------------------------------------------------------------------
elapsed time= 104.05 s.
-----------------------------------------------------------------------------------------
-----------------------------------------------------------------------------------------
 ****** Run Arc Elimination ****** 
arc elimination time= 5.42 s.
previous= 86.1282% maximum= 2.85386%
eliminate bucket arcs time= 0.56 s.
obtain jump arcs time= 0.01 s.
-----------------------------------------------------------------------------------------
-----------------------------------------------------------------------------------------
elapsed time= 110.07 s.
-----------------------------------------------------------------------------------------
 ****** Separate RCCs ****** 
 ****** Separate Rank1Cuts ****** 
-----------------------------------------------------------------------------------------
 ****** Pricing Level: LIGHT HEUR ****** 
it= 3   ncol= 1560  ncstr= 734  mt= 0.3   spt= 0.1   lpval= 93995.1   ub= 94043.0  
 ****** Pricing Level: HEAVY HEUR ****** 
it= 5   ncol= 1606  ncstr= 734  mt= 0.1   spt= 0.3   lpval= 93995.0   ub= 94043.0  
 ****** Pricing Level: EXACT ****** 
it= 4   ncol= 1678  ncstr= 734  mt= 0.1   spt= 4.8   lpval= 93994.9   ub= 94043.0  
-----------------------------------------------------------------------------------------
elapsed time= 118.06 s.
-----------------------------------------------------------------------------------------
[1;36m[REMIND] 2: gap improved= 1.604264 ratio= 0.033377 threshold= 0.040000 in function increaseCondition2 at /blue/yu.yang1/you.z/route_opt/packages/application/X-n313-k71/src/main/src/call_cutting.cpp:74[0m
 ****** Separate RCCs ****** 
 ****** Separate Rank1Cuts ****** 
-----------------------------------------------------------------------------------------
 ****** Pricing Level: LIGHT HEUR ****** 
it= 3   ncol= 1682  ncstr= 709  mt= 0.3   spt= 0.1   lpval= 93995.4   ub= 94043.0  
 ****** Pricing Level: HEAVY HEUR ****** 
it= 2   ncol= 1690  ncstr= 709  mt= 0.0   spt= 0.1   lpval= 93995.4   ub= 94043.0  
 ****** Pricing Level: EXACT ****** 
it= 4   ncol= 1730  ncstr= 709  mt= 0.1   spt= 4.2   lpval= 93995.4   ub= 94043.0  
-----------------------------------------------------------------------------------------
elapsed time= 124.67 s.
-----------------------------------------------------------------------------------------
[1;36m[REMIND] 2: gap improved= 0.440675 ratio= 0.009253 threshold= 0.040000 in function increaseCondition2 at /blue/yu.yang1/you.z/route_opt/packages/application/X-n313-k71/src/main/src/call_cutting.cpp:74[0m
 ****** Separate RCCs ****** 
 ****** Separate Rank1Cuts ****** 
-----------------------------------------------------------------------------------------
 ****** Pricing Level: LIGHT HEUR ****** 
it= 2   ncol= 1731  ncstr= 716  mt= 0.3   spt= 0.1   lpval= 93995.7   ub= 94043.0  
 ****** Pricing Level: HEAVY HEUR ****** 
it= 2   ncol= 1738  ncstr= 716  mt= 0.0   spt= 0.1   lpval= 93995.7   ub= 94043.0  
 ****** Pricing Level: EXACT ****** 
it= 3   ncol= 1751  ncstr= 716  mt= 0.1   spt= 3.1   lpval= 93995.7   ub= 94043.0  
-----------------------------------------------------------------------------------------
elapsed time= 129.95 s.
-----------------------------------------------------------------------------------------
[1;36m[REMIND] 2: gap improved= 0.309351 ratio= 0.006538 threshold= 0.040000 in function increaseCondition2 at /blue/yu.yang1/you.z/route_opt/packages/application/X-n313-k71/src/main/src/call_cutting.cpp:74[0m
[1;36m[REMIND] tail off counter= 3 threshold= 3 in function setIfTailOff at /blue/yu.yang1/you.z/route_opt/packages/application/X-n313-k71/src/main/src/call_cutting.cpp:150[0m
current_r_best= 6.18406
alpha= 0.37 beta= 7.65106 omega= 269.349 k1= 23
lb_k= 1 ub_k= 37
revise: lb_k= 19 ub_k= 30
opt_k= 25
alpha= 0.75 beta= 7.65106 omega= 35.2284 k1= 3
lb_k= 1 ub_k= 3
revise: lb_k= 1 ub_k= 3
opt_k= 3
pseudo= 50 frac= 50
#candidates in phase1= 25
testing lp time= 9.19 s.
-----------------------------------------------------------------------------------------
  0-226 , 165.67| 145-265 ,  73.89| 107-287 ,  58.92|   0-155 ,  58.48|  13-134 ,  25.71| 
125-171 ,  23.56| 245-264 ,  20.03| 104-105 ,  17.67| 162-201 ,  17.32|  24-226 ,  16.96| 
189-250 ,  14.41|   0-123 ,  10.84| 155-302 ,  10.54| 141-175 ,   9.51| 167-232 ,   8.95| 
236-311 ,   7.97| 201-278 ,   7.24|   0-278 ,   7.03|  42-91  ,   6.43| 214-289 ,   4.19| 
208-257 ,   3.46|   7-239 ,   2.96|  42-173 ,   1.45| 258-303 ,   1.29| 215-272 ,   0.81| 
-----------------------------------------------------------------------------------------
edge= 107 287 lp= 0.47957 pre= 2 lp2= 122.862 pre2= 2 score= 58.9209
-----------------------------------------------------------------------------------------
edge= 145 265 lp= 0.601412 pre= 2 lp2= 122.862 pre2= 2 score= 73.8906
-----------------------------------------------------------------------------------------
edge= 0 226 lp= 122.862 pre= 2 lp2= 1.34846 pre2= 2 score= 165.675
-----------------------------------------------------------------------------------------
candidate= 0-226 : -
-----------------------------------------------------------------------------------------
-----------------------------------------------------------------------------------------
 ****** Pricing Level: LIGHT HEUR ****** 
it= 6   ncol= 1249  ncstr= 640  mt= 0.6   spt= 0.1   lpval= 93999.1   ub= 94043.0  
 ****** Pricing Level: HEAVY HEUR ****** 
it= 4   ncol= 1279  ncstr= 640  mt= 0.1   spt= 0.2   lpval= 93997.6   ub= 94043.0  
-----------------------------------------------------------------------------------------
elapsed time= 140.84 s.
-----------------------------------------------------------------------------------------
candidate= 145-265 : -
-----------------------------------------------------------------------------------------
-----------------------------------------------------------------------------------------
 ****** Pricing Level: LIGHT HEUR ****** 
it= 4   ncol= 1215  ncstr= 640  mt= 0.3   spt= 0.1   lpval= 93995.7   ub= 94043.0  
 ****** Pricing Level: HEAVY HEUR ****** 
it= 5   ncol= 1259  ncstr= 640  mt= 0.0   spt= 0.3   lpval= 93995.7   ub= 94043.0  
-----------------------------------------------------------------------------------------
elapsed time= 142.16 s.
-----------------------------------------------------------------------------------------
candidate= 107-287 : -
-----------------------------------------------------------------------------------------
-----------------------------------------------------------------------------------------
 ****** Pricing Level: LIGHT HEUR ****** 
it= 4   ncol= 1196  ncstr= 640  mt= 0.3   spt= 0.1   lpval= 93996.2   ub= 94043.0  
 ****** Pricing Level: HEAVY HEUR ****** 
it= 5   ncol= 1242  ncstr= 640  mt= 0.1   spt= 0.3   lpval= 93996.2   ub= 94043.0  
-----------------------------------------------------------------------------------------
elapsed time= 143.44 s.
-----------------------------------------------------------------------------------------
candidate= 107-287 : +
-----------------------------------------------------------------------------------------
-----------------------------------------------------------------------------------------
 ****** Pricing Level: LIGHT HEUR ****** 
it= 8   ncol= 1314  ncstr= 640  mt= 0.7   spt= 0.2   lpval= 94015.9   ub= 94043.0  
 ****** Pricing Level: HEAVY HEUR ****** 
it= 8   ncol= 1418  ncstr= 640  mt= 0.3   spt= 0.5   lpval= 94009.4   ub= 94043.0  
-----------------------------------------------------------------------------------------
elapsed time= 145.99 s.
-----------------------------------------------------------------------------------------
brc= 107-287
t= 0.181918 c= 45.1122 n= 1 if_b4= 1
t= 1.74553 c= 52.9195 n= 1 if_b4= 1
nodes already exists
memory usage= 4GB.
#########################################################################################
tree size= 0 lb= 93995.7 ub= 94043
#########################################################################################
idx= 4 value= 93995.7 enu= 0
brc= 50-103 : -
brc= 76-103 : -
brc= 49-105 : -
brc= 70-133 : +
brc= 164-295 : -
brc= 24-250 : -
brc= 57-64 : +
brc= 100-119 : -
brc= 59-292 : -
brc= 75-303 : -
brc= 10-161 : -
brc= 114-161 : -
brc= 270-279 : -
brc= 33-56 : -
brc= 62-68 : +
brc= 233-263 : +
brc= 0-118 : -
brc= 95-279 : -
brc= 88-124 : +
brc= 68-296 : -
brc= 0-182 : +
brc= 0-204 : +
brc= 114-272 : -
brc= 1-103 : -
brc= 227-306 : -
brc= 27-59 : -
brc= 23-292 : -
brc= 29-30 : +
brc= 182-292 : -
brc= 118-143 : +
brc= 75-248 : -
brc= 107-287 : -
-----------------------------------------------------------------------------------------
 ****** Pricing Level: LIGHT HEUR ****** 
it= 4   ncol= 1210  ncstr= 639  mt= 0.3   spt= 0.1   lpval= 93996.2   ub= 94043.0  
 ****** Pricing Level: HEAVY HEUR ****** 
it= 4   ncol= 1249  ncstr= 639  mt= 0.0   spt= 0.2   lpval= 93996.2   ub= 94043.0  
 ****** Pricing Level: EXACT ****** 
it= 4   ncol= 1421  ncstr= 639  mt= 0.1   spt= 4.1   lpval= 93996.2   ub= 94043.0  
-----------------------------------------------------------------------------------------
elapsed time= 152.24 s.
-----------------------------------------------------------------------------------------
 ****** Separate RCCs ****** 
 ****** Separate Rank1Cuts ****** 
-----------------------------------------------------------------------------------------
 ****** Pricing Level: LIGHT HEUR ****** 
it= 3   ncol= 1434  ncstr= 669  mt= 0.3   spt= 0.1   lpval= 93996.5   ub= 94043.0  
 ****** Pricing Level: HEAVY HEUR ****** 
it= 3   ncol= 1448  ncstr= 669  mt= 0.0   spt= 0.2   lpval= 93996.4   ub= 94043.0  
 ****** Pricing Level: EXACT ****** 
it= 3   ncol= 1481  ncstr= 669  mt= 0.1   spt= 3.3   lpval= 93996.4   ub= 94043.0  
-----------------------------------------------------------------------------------------
elapsed time= 157.36 s.
-----------------------------------------------------------------------------------------
[1;36m[REMIND] 2: gap improved= 0.282263 ratio= 0.006061 threshold= 0.040000 in function increaseCondition2 at /blue/yu.yang1/you.z/route_opt/packages/application/X-n313-k71/src/main/src/call_cutting.cpp:74[0m
 ****** Separate RCCs ****** 
 ****** Separate Rank1Cuts ****** 
-----------------------------------------------------------------------------------------
 ****** Pricing Level: LIGHT HEUR ****** 
it= 2   ncol= 1487  ncstr= 717  mt= 0.3   spt= 0.1   lpval= 93997.0   ub= 94043.0  
 ****** Pricing Level: HEAVY HEUR ****** 
it= 3   ncol= 1501  ncstr= 717  mt= 0.0   spt= 0.2   lpval= 93997.0   ub= 94043.0  
 ****** Pricing Level: EXACT ****** 
it= 3   ncol= 1574  ncstr= 717  mt= 0.1   spt= 3.5   lpval= 93997.0   ub= 94043.0  
-----------------------------------------------------------------------------------------
elapsed time= 162.90 s.
-----------------------------------------------------------------------------------------
[1;36m[REMIND] 2: gap improved= 0.519380 ratio= 0.011279 threshold= 0.040000 in function increaseCondition2 at /blue/yu.yang1/you.z/route_opt/packages/application/X-n313-k71/src/main/src/call_cutting.cpp:74[0m
 ****** Separate RCCs ****** 
 ****** Separate Rank1Cuts ****** 
-----------------------------------------------------------------------------------------
 ****** Pricing Level: LIGHT HEUR ****** 
it= 2   ncol= 1575  ncstr= 682  mt= 0.3   spt= 0.1   lpval= 93997.1   ub= 94043.0  
 ****** Pricing Level: HEAVY HEUR ****** 
it= 2   ncol= 1584  ncstr= 682  mt= 0.0   spt= 0.1   lpval= 93997.1   ub= 94043.0  
 ****** Pricing Level: EXACT ****** 
it= 2   ncol= 1589  ncstr= 682  mt= 0.0   spt= 2.4   lpval= 93997.1   ub= 94043.0  
-----------------------------------------------------------------------------------------
elapsed time= 167.34 s.
-----------------------------------------------------------------------------------------
[1;36m[REMIND] 2: gap improved= 0.114944 ratio= 0.002502 threshold= 0.040000 in function increaseCondition2 at /blue/yu.yang1/you.z/route_opt/packages/application/X-n313-k71/src/main/src/call_cutting.cpp:74[0m
[1;36m[REMIND] tail off counter= 3 threshold= 3 in function setIfTailOff at /blue/yu.yang1/you.z/route_opt/packages/application/X-n313-k71/src/main/src/call_cutting.cpp:150[0m
current_r_best= 1.00879
pseudo= 50 frac= 50
#candidates in phase1= 37
testing lp time= 12.86 s.
-----------------------------------------------------------------------------------------
  0-226 , 161.24|   0-208 ,  68.36| 162-208 ,  68.00| 162-201 ,  67.94|   6-237 ,  55.82| 
 95-112 ,  54.99| 112-165 ,  54.99|   0-165 ,  51.83| 214-289 ,  38.21| 159-171 ,  38.21| 
145-265 ,  36.18|   0-155 ,  27.00|  56-279 ,  16.66| 167-232 ,  16.27|  21-42  ,  14.63| 
  0-221 ,  13.09|  13-104 ,  12.96|  56-93  ,  12.57|  33-122 ,  11.29| 245-264 ,  11.14| 
 47-113 ,  10.58| 155-302 ,  10.40|  24-189 ,   8.94|  24-155 ,   7.79|   1-109 ,   7.40| 
 71-283 ,   7.37|  71-223 ,   7.37| 145-278 ,   6.71| 114-266 ,   6.41| 221-279 ,   4.66| 
  0-56  ,   3.98| 132-302 ,   2.40|  98-168 ,   2.23|  42-98  ,   2.23| 184-248 ,   1.70| 
 75-161 ,   0.76| 268-298 ,   0.21| 
-----------------------------------------------------------------------------------------
edge= 162 208 lp= 38.7216 pre= 2 lp2= 1.75624 pre2= 2 score= 68.0043
-----------------------------------------------------------------------------------------
edge= 0 208 lp= 0.98821 pre= 2 lp2= 69.1744 pre2= 2 score= 68.3588
-----------------------------------------------------------------------------------------
edge= 0 226 lp= 94.9006 pre= 2 lp2= 1.69905 pre2= 2 score= 161.241
-----------------------------------------------------------------------------------------
candidate= 0-226 : -
-----------------------------------------------------------------------------------------
-----------------------------------------------------------------------------------------
 ****** Pricing Level: LIGHT HEUR ****** 
it= 10  ncol= 1236  ncstr= 642  mt= 0.7   spt= 0.2   lpval= 94006.8   ub= 94043.0  
 ****** Pricing Level: HEAVY HEUR ****** 
it= 3   ncol= 1278  ncstr= 642  mt= 0.1   spt= 0.2   lpval= 93999.0   ub= 94043.0  
-----------------------------------------------------------------------------------------
elapsed time= 182.72 s.
-----------------------------------------------------------------------------------------
candidate= 0-208 : -
-----------------------------------------------------------------------------------------
-----------------------------------------------------------------------------------------
 ****** Pricing Level: LIGHT HEUR ****** 
it= 6   ncol= 1181  ncstr= 642  mt= 0.3   spt= 0.1   lpval= 93997.6   ub= 94043.0  
 ****** Pricing Level: HEAVY HEUR ****** 
it= 4   ncol= 1229  ncstr= 642  mt= 0.0   spt= 0.2   lpval= 93997.6   ub= 94043.0  
-----------------------------------------------------------------------------------------
elapsed time= 184.02 s.
-----------------------------------------------------------------------------------------
candidate= 162-208 : -
-----------------------------------------------------------------------------------------
-----------------------------------------------------------------------------------------
 ****** Pricing Level: LIGHT HEUR ****** 
it= 8   ncol= 1225  ncstr= 642  mt= 0.5   spt= 0.2   lpval= 94013.4   ub= 94043.0  
 ****** Pricing Level: HEAVY HEUR ****** 
it= 5   ncol= 1304  ncstr= 642  mt= 0.2   spt= 0.3   lpval= 94007.8   ub= 94043.0  
-----------------------------------------------------------------------------------------
elapsed time= 185.96 s.
-----------------------------------------------------------------------------------------
candidate= 0-208 : +
-----------------------------------------------------------------------------------------
-----------------------------------------------------------------------------------------
 ****** Pricing Level: LIGHT HEUR ****** 
it= 9   ncol= 1234  ncstr= 642  mt= 0.7   spt= 0.2   lpval= 94016.6   ub= 94043.0  
 ****** Pricing Level: HEAVY HEUR ****** 
it= 9   ncol= 1375  ncstr= 642  mt= 0.3   spt= 0.5   lpval= 94011.6   ub= 94043.0  
-----------------------------------------------------------------------------------------
elapsed time= 188.80 s.
-----------------------------------------------------------------------------------------
candidate= 162-208 : +
-----------------------------------------------------------------------------------------
-----------------------------------------------------------------------------------------
 ****** Pricing Level: LIGHT HEUR ****** 
it= 6   ncol= 1150  ncstr= 642  mt= 0.3   spt= 0.1   lpval= 93998.6   ub= 94043.0  
 ****** Pricing Level: HEAVY HEUR ****** 
it= 5   ncol= 1197  ncstr= 642  mt= 0.1   spt= 0.3   lpval= 93998.5   ub= 94043.0  
-----------------------------------------------------------------------------------------
elapsed time= 190.27 s.
-----------------------------------------------------------------------------------------
brc= 162-208
t= 0.179229 c= 38.7209 n= 2 if_b4= 1
t= 1.80058 c= 44.4778 n= 2 if_b4= 1
nodes already exists
memory usage= 4GB.
#########################################################################################
tree size= 0 lb= 93997.1 ub= 94043
#########################################################################################
idx= 6 value= 93997.1 enu= 0
brc= 50-103 : -
brc= 76-103 : -
brc= 49-105 : -
brc= 70-133 : +
brc= 164-295 : -
brc= 24-250 : -
brc= 57-64 : +
brc= 100-119 : -
brc= 59-292 : -
brc= 75-303 : -
brc= 10-161 : -
brc= 114-161 : -
brc= 270-279 : -
brc= 33-56 : -
brc= 62-68 : +
brc= 233-263 : +
brc= 0-118 : -
brc= 95-279 : -
brc= 88-124 : +
brc= 68-296 : -
brc= 0-182 : +
brc= 0-204 : +
brc= 114-272 : -
brc= 1-103 : -
brc= 227-306 : -
brc= 27-59 : -
brc= 23-292 : -
brc= 29-30 : +
brc= 182-292 : -
brc= 118-143 : +
brc= 75-248 : -
brc= 107-287 : -
brc= 162-208 : -
-----------------------------------------------------------------------------------------
 ****** Pricing Level: LIGHT HEUR ****** 
it= 6   ncol= 1178  ncstr= 641  mt= 0.4   spt= 0.1   lpval= 94016.7   ub= 94043.0  
 ****** Pricing Level: HEAVY HEUR ****** 
it= 8   ncol= 1338  ncstr= 641  mt= 0.3   spt= 0.5   lpval= 94007.8   ub= 94043.0  
 ****** Pricing Level: EXACT ****** 
it= 3   ncol= 1369  ncstr= 641  mt= 0.1   spt= 3.4   lpval= 94007.4   ub= 94043.0  
-----------------------------------------------------------------------------------------
elapsed time= 196.81 s.
-----------------------------------------------------------------------------------------
-----------------------------------------------------------------------------------------
 ****** Run Arc Elimination ****** 
arc elimination time= 3.15 s.
previous= 70.8363% maximum= 2.02039%
eliminate bucket arcs time= 0.49 s.
obtain jump arcs time= 0.01 s.
-----------------------------------------------------------------------------------------
-----------------------------------------------------------------------------------------
elapsed time= 200.48 s.
-----------------------------------------------------------------------------------------
-----------------------------------------------------------------------------------------
 ****** Try Enumeration ****** 
#labels= 149399 #routes= 16
labeling 1 time= 2.20 s.
concatenate time= 4.29 s.
#routes= 170040
average gap of successful enumeration= 0.00036782
next try value > 93983.7
-----------------------------------------------------------------------------------------
elapsed time= 207.08 s.
-----------------------------------------------------------------------------------------
 ****** Process Enumeration Matrix ****** 
delete non-ele routes lp val= 94007.4
recover rank1c lp val= 94007.7
recover rcc lp val= 94009.2
obtain rcc coefficient time= 0.12 s.
obtain r1c coefficient time= 0.23 s.
obtain matrix from triplets time= 0.43 s.
delete columns by branch time= 0.00 s.
columns pending deletion= 354 remain= 170040 col ratio= 0.997918 row ratio= 1
regenerate enumeration matrix time= 0.00 s.
-----------------------------------------------------------------------------------------
elapsed time= 209.94 s.
-----------------------------------------------------------------------------------------
it= 4   ncol= 1333  ncstr= 593  mt= 0.1   spt= 0.0   lpval= 94009.2   ub= 94043.0  
-----------------------------------------------------------------------------------------
elapsed time= 210.07 s.
-----------------------------------------------------------------------------------------
columns pending deletion= 54830 remain= 170040 col ratio= 0.677546 row ratio= 0.919056
 ****** Separate RCCs ****** 
 ****** Separate Rank1Cuts ****** 
it= 5   ncol= 1278  ncstr= 660  mt= 0.1   spt= 0.1   lpval= 94014.9   ub= 94043.0  
-----------------------------------------------------------------------------------------
elapsed time= 210.88 s.
-----------------------------------------------------------------------------------------
delete columns= 117953 remain= 52087
 ****** Separate RCCs ****** 
 ****** Separate Rank1Cuts ****** 
it= 3   ncol= 1260  ncstr= 642  mt= 0.0   spt= 0.0   lpval= 94016.0   ub= 94043.0  
-----------------------------------------------------------------------------------------
elapsed time= 211.65 s.
-----------------------------------------------------------------------------------------
columns pending deletion= 8908 remain= 52087 col ratio= 0.828978 row ratio= 0.897196
 ****** Separate RCCs ****** 
 ****** Separate Rank1Cuts ****** 
it= 4   ncol= 1268  ncstr= 775  mt= 0.1   spt= 0.0   lpval= 94016.3   ub= 94043.0  
-----------------------------------------------------------------------------------------
elapsed time= 212.48 s.
-----------------------------------------------------------------------------------------
delete columns= 12581 remain= 39506
[1;36m[REMIND] 2: gap improved= 0.262375 ratio= 0.009821 threshold= 0.040000 in function increaseCondition2 at /blue/yu.yang1/you.z/route_opt/packages/application/X-n313-k71/src/main/src/call_cutting.cpp:74[0m
 ****** Separate Rank1Cuts ****** 
it= 3   ncol= 1276  ncstr= 682  mt= 0.0   spt= 0.0   lpval= 94016.5   ub= 94043.0  
-----------------------------------------------------------------------------------------
elapsed time= 213.12 s.
-----------------------------------------------------------------------------------------
columns pending deletion= 1889 remain= 39506 col ratio= 0.952184 row ratio= 0.884164
[1;36m[REMIND] 2: gap improved= 0.176861 ratio= 0.006665 threshold= 0.040000 in function increaseCondition2 at /blue/yu.yang1/you.z/route_opt/packages/application/X-n313-k71/src/main/src/call_cutting.cpp:74[0m
 ****** Separate RCCs ****** 
 ****** Separate Rank1Cuts ****** 
it= 3   ncol= 1296  ncstr= 717  mt= 0.0   spt= 0.0   lpval= 94016.6   ub= 94043.0  
-----------------------------------------------------------------------------------------
elapsed time= 213.66 s.
-----------------------------------------------------------------------------------------
columns pending deletion= 2982 remain= 39506 col ratio= 0.924518 row ratio= 0.846583
[1;36m[REMIND] 2: gap improved= 0.117017 ratio= 0.004429 threshold= 0.040000 in function increaseCondition2 at /blue/yu.yang1/you.z/route_opt/packages/application/X-n313-k71/src/main/src/call_cutting.cpp:74[0m
[1;36m[REMIND] tail off counter= 3 threshold= 3 in function setIfTailOff at /blue/yu.yang1/you.z/route_opt/packages/application/X-n313-k71/src/main/src/call_cutting.cpp:150[0m
current_r_best= 14.1874
pseudo= 50 frac= 50
#candidates in phase1= 37
testing lp time= 19.51 s.
-----------------------------------------------------------------------------------------
 24-162 ,  68.40|  13-104 ,  65.71| 162-201 ,  34.80| 162-250 ,  22.81|  51-64  ,  17.06| 
155-204 ,  15.05|   0-155 ,  12.92| 125-171 ,  12.24| 189-250 ,  11.49| 236-311 ,  11.47| 
167-232 ,  11.41|  56-279 ,  10.86| 208-224 ,   9.13|   6-237 ,   8.41|  26-91  ,   8.19| 
125-278 ,   7.43| 201-302 ,   6.67| 162-257 ,   6.36| 159-278 ,   6.31|  84-87  ,   6.03| 
145-230 ,   5.98| 116-302 ,   5.90| 214-224 ,   5.78|  65-77  ,   5.55|   0-77  ,   5.55| 
 84-174 ,   5.44| 147-174 ,   5.20| 108-201 ,   5.10|   0-226 ,   4.16|   0-221 ,   3.92| 
155-302 ,   3.90|  50-138 ,   3.84|  65-105 ,   3.84| 171-189 ,   3.79| 155-230 ,   2.11| 
 42-291 ,   1.88|   1-50  ,   1.23| 
-----------------------------------------------------------------------------------------
edge= 162 201 lp= 1.79685 pre= 2 lp2= 19.3678 pre2= 2 score= 34.8011
-----------------------------------------------------------------------------------------
edge= 13 104 lp= 3.94415 pre= 2 lp2= 16.6603 pre2= 2 score= 65.711
-----------------------------------------------------------------------------------------
edge= 24 162 lp= 2.60058 pre= 2 lp2= 26.3023 pre2= 2 score= 68.4014
-----------------------------------------------------------------------------------------
candidate= 24-162 : -
-----------------------------------------------------------------------------------------
it= 4   ncol= 1357  ncstr= 718  mt= 0.5   spt= 0.0   lpval= 94018.9   ub= 94043.0  
-----------------------------------------------------------------------------------------
elapsed time= 233.67 s.
-----------------------------------------------------------------------------------------
candidate= 13-104 : -
-----------------------------------------------------------------------------------------
it= 4   ncol= 1372  ncstr= 718  mt= 0.5   spt= 0.0   lpval= 94018.5   ub= 94043.0  
-----------------------------------------------------------------------------------------
elapsed time= 234.20 s.
-----------------------------------------------------------------------------------------
candidate= 24-162 : +
-----------------------------------------------------------------------------------------
it= 6   ncol= 1417  ncstr= 718  mt= 0.6   spt= 0.0   lpval= 94030.7   ub= 94043.0  
-----------------------------------------------------------------------------------------
elapsed time= 234.79 s.
-----------------------------------------------------------------------------------------
candidate= 162-201 : -
-----------------------------------------------------------------------------------------
it= 3   ncol= 1355  ncstr= 718  mt= 0.4   spt= 0.0   lpval= 94018.3   ub= 94043.0  
-----------------------------------------------------------------------------------------
elapsed time= 235.21 s.
-----------------------------------------------------------------------------------------
candidate= 162-201 : +
-----------------------------------------------------------------------------------------
it= 4   ncol= 1355  ncstr= 718  mt= 0.5   spt= 0.0   lpval= 94030.6   ub= 94043.0  
-----------------------------------------------------------------------------------------
elapsed time= 235.69 s.
-----------------------------------------------------------------------------------------
candidate= 13-104 : +
-----------------------------------------------------------------------------------------
it= 7   ncol= 1514  ncstr= 718  mt= 0.4   spt= 0.0   lpval= 94027.9   ub= 94043.0  
-----------------------------------------------------------------------------------------
elapsed time= 236.11 s.
-----------------------------------------------------------------------------------------
brc= 24-162
t= 0.263711 c= 24.1659 n= 0 if_b4= 0
t= 0.488912 c= 32.4564 n= 0 if_b4= 0
#########################################################################################
tree size= 1 lb= 94016.6 ub= 94043
#########################################################################################
idx= 7 value= 94016.6 enu= 1
brc= 50-103 : -
brc= 76-103 : -
brc= 49-105 : -
brc= 70-133 : +
brc= 164-295 : -
brc= 24-250 : -
brc= 57-64 : +
brc= 100-119 : -
brc= 59-292 : -
brc= 75-303 : -
brc= 10-161 : -
brc= 114-161 : -
brc= 270-279 : -
brc= 33-56 : -
brc= 62-68 : +
brc= 233-263 : +
brc= 0-118 : -
brc= 95-279 : -
brc= 88-124 : +
brc= 68-296 : -
brc= 0-182 : +
brc= 0-204 : +
brc= 114-272 : -
brc= 1-103 : -
brc= 227-306 : -
brc= 27-59 : -
brc= 23-292 : -
brc= 29-30 : +
brc= 182-292 : -
brc= 118-143 : +
brc= 75-248 : -
brc= 107-287 : -
brc= 162-208 : -
brc= 24-162 : +
it= 5   ncol= 1357  ncstr= 717  mt= 0.5   spt= 0.0   lpval= 94030.7   ub= 94043.0  
-----------------------------------------------------------------------------------------
elapsed time= 237.82 s.
-----------------------------------------------------------------------------------------
delete columns= 32441 remain= 4008
 ****** Separate RCCs ****** 
 ****** Separate Rank1Cuts ****** 
it= 3   ncol= 1241  ncstr= 626  mt= 0.1   spt= 0.0   lpval= 94035.3   ub= 94043.0  
-----------------------------------------------------------------------------------------
elapsed time= 238.90 s.
-----------------------------------------------------------------------------------------
delete columns= 2208 remain= 1800
mip: row= 566 col= 2882 density= 4.77228%
mip time= 0.88 s.
mip status= 6
update f from 0 to 7.71123
#########################################################################################
tree size= 0 lb= 94016.6 ub= 94043
#########################################################################################
idx= 8 value= 94016.6 enu= 1
brc= 50-103 : -
brc= 76-103 : -
brc= 49-105 : -
brc= 70-133 : +
brc= 164-295 : -
brc= 24-250 : -
brc= 57-64 : +
brc= 100-119 : -
brc= 59-292 : -
brc= 75-303 : -
brc= 10-161 : -
brc= 114-161 : -
brc= 270-279 : -
brc= 33-56 : -
brc= 62-68 : +
brc= 233-263 : +
brc= 0-118 : -
brc= 95-279 : -
brc= 88-124 : +
brc= 68-296 : -
brc= 0-182 : +
brc= 0-204 : +
brc= 114-272 : -
brc= 1-103 : -
brc= 227-306 : -
brc= 27-59 : -
brc= 23-292 : -
brc= 29-30 : +
brc= 182-292 : -
brc= 118-143 : +
brc= 75-248 : -
brc= 107-287 : -
brc= 162-208 : -
brc= 24-162 : -
it= 4   ncol= 1367  ncstr= 717  mt= 0.1   spt= 0.0   lpval= 94018.9   ub= 94043.0  
-----------------------------------------------------------------------------------------
elapsed time= 240.25 s.
-----------------------------------------------------------------------------------------
delete columns= 9888 remain= 26633
 ****** Separate RCCs ****** 
 ****** Separate Rank1Cuts ****** 
it= 3   ncol= 1357  ncstr= 623  mt= 0.0   spt= 0.0   lpval= 94019.7   ub= 94043.0  
-----------------------------------------------------------------------------------------
elapsed time= 241.22 s.
-----------------------------------------------------------------------------------------
columns pending deletion= 3684 remain= 26633 col ratio= 0.861675 row ratio= 0.94061
[1;36m[REMIND] 2: gap improved= 0.776752 ratio= 0.033285 threshold= 0.040000 in function increaseCondition2 at /blue/yu.yang1/you.z/route_opt/packages/application/X-n313-k71/src/main/src/call_cutting.cpp:74[0m
 ****** Separate RCCs ****** 
 ****** Separate Rank1Cuts ****** 
it= 3   ncol= 1357  ncstr= 695  mt= 0.0   spt= 0.0   lpval= 94020.1   ub= 94043.0  
-----------------------------------------------------------------------------------------
elapsed time= 241.83 s.
-----------------------------------------------------------------------------------------
columns pending deletion= 5114 remain= 26633 col ratio= 0.807983 row ratio= 0.85036
[1;36m[REMIND] 2: gap improved= 0.475063 ratio= 0.020780 threshold= 0.040000 in function increaseCondition2 at /blue/yu.yang1/you.z/route_opt/packages/application/X-n313-k71/src/main/src/call_cutting.cpp:74[0m
 ****** Separate RCCs ****** 
 ****** Separate Rank1Cuts ****** 
it= 3   ncol= 1362  ncstr= 719  mt= 0.0   spt= 0.0   lpval= 94020.6   ub= 94043.0  
-----------------------------------------------------------------------------------------
elapsed time= 242.34 s.
-----------------------------------------------------------------------------------------
columns pending deletion= 7029 remain= 26633 col ratio= 0.736079 row ratio= 0.83032
[1;36m[REMIND] 2: gap improved= 0.424300 ratio= 0.018910 threshold= 0.040000 in function increaseCondition2 at /blue/yu.yang1/you.z/route_opt/packages/application/X-n313-k71/src/main/src/call_cutting.cpp:74[0m
[1;36m[REMIND] tail off counter= 3 threshold= 3 in function setIfTailOff at /blue/yu.yang1/you.z/route_opt/packages/application/X-n313-k71/src/main/src/call_cutting.cpp:150[0m
current_r_best= 2.89608
alpha= 0.37 beta= 5.08484 omega= 91.6377 k1= 11
lb_k= 1 ub_k= 37
revise: lb_k= 8 ub_k= 14
opt_k= 12
alpha= 0.75 beta= 5.08484 omega= 66.3849 k1= 3
lb_k= 1 ub_k= 3
revise: lb_k= 1 ub_k= 3
opt_k= 3
pseudo= 50 frac= 50
#candidates in phase1= 12
testing lp time= 6.33 s.
-----------------------------------------------------------------------------------------
 13-104 ,  41.81| 147-174 ,  12.41|  56-299 ,  10.86| 167-232 ,  10.53|   7-141 ,  10.15| 
201-226 ,   4.38|  52-123 ,   3.90| 159-214 ,   3.29|   0-221 ,   2.72|  50-76  ,   1.78| 
147-281 ,   0.91|   0-226 ,   0.61| 
-----------------------------------------------------------------------------------------
edge= 56 299 lp= 0.162909 pre= 2 lp2= 66.6742 pre2= 2 score= 10.8618
-----------------------------------------------------------------------------------------
edge= 147 174 lp= 12.9913 pre= 2 lp2= 0.955035 pre2= 2 score= 12.4071
-----------------------------------------------------------------------------------------
edge= 13 104 lp= 2.49684 pre= 1 lp2= 16.7449 pre2= 0 score= 41.8094
-----------------------------------------------------------------------------------------
brc= 13-104
t= 0.263632 c= 13.1974 n= 1 if_b4= 0
t= 0.488912 c= 18.924 n= 1 if_b4= 0
#########################################################################################
tree size= 1 lb= 94020.6 ub= 94043
#########################################################################################
idx= 9 value= 94020.6 enu= 1
brc= 50-103 : -
brc= 76-103 : -
brc= 49-105 : -
brc= 70-133 : +
brc= 164-295 : -
brc= 24-250 : -
brc= 57-64 : +
brc= 100-119 : -
brc= 59-292 : -
brc= 75-303 : -
brc= 10-161 : -
brc= 114-161 : -
brc= 270-279 : -
brc= 33-56 : -
brc= 62-68 : +
brc= 233-263 : +
brc= 0-118 : -
brc= 95-279 : -
brc= 88-124 : +
brc= 68-296 : -
brc= 0-182 : +
brc= 0-204 : +
brc= 114-272 : -
brc= 1-103 : -
brc= 227-306 : -
brc= 27-59 : -
brc= 23-292 : -
brc= 29-30 : +
brc= 182-292 : -
brc= 118-143 : +
brc= 75-248 : -
brc= 107-287 : -
brc= 162-208 : -
brc= 24-162 : -
brc= 13-104 : +
it= 5   ncol= 1420  ncstr= 719  mt= 0.4   spt= 0.0   lpval= 94031.9   ub= 94043.0  
-----------------------------------------------------------------------------------------
elapsed time= 250.22 s.
-----------------------------------------------------------------------------------------
delete columns= 16593 remain= 2823
 ****** Separate RCCs ****** 
 ****** Separate Rank1Cuts ****** 
it= 4   ncol= 1246  ncstr= 594  mt= 0.0   spt= 0.0   lpval= 94034.1   ub= 94043.0  
-----------------------------------------------------------------------------------------
elapsed time= 251.15 s.
-----------------------------------------------------------------------------------------
delete columns= 1036 remain= 1787
mip: row= 532 col= 2927 density= 4.31849%
mip time= 1.01 s.
mip status= 6
update f from 7.71123 to 8.86284
#########################################################################################
tree size= 0 lb= 94020.6 ub= 94043
#########################################################################################
idx= 10 value= 94020.6 enu= 1
brc= 50-103 : -
brc= 76-103 : -
brc= 49-105 : -
brc= 70-133 : +
brc= 164-295 : -
brc= 24-250 : -
brc= 57-64 : +
brc= 100-119 : -
brc= 59-292 : -
brc= 75-303 : -
brc= 10-161 : -
brc= 114-161 : -
brc= 270-279 : -
brc= 33-56 : -
brc= 62-68 : +
brc= 233-263 : +
brc= 0-118 : -
brc= 95-279 : -
brc= 88-124 : +
brc= 68-296 : -
brc= 0-182 : +
brc= 0-204 : +
brc= 114-272 : -
brc= 1-103 : -
brc= 227-306 : -
brc= 27-59 : -
brc= 23-292 : -
brc= 29-30 : +
brc= 182-292 : -
brc= 118-143 : +
brc= 75-248 : -
brc= 107-287 : -
brc= 162-208 : -
brc= 24-162 : -
brc= 13-104 : -
it= 3   ncol= 1416  ncstr= 719  mt= 0.1   spt= 0.0   lpval= 94022.1   ub= 94043.0  
-----------------------------------------------------------------------------------------
elapsed time= 252.56 s.
-----------------------------------------------------------------------------------------
columns pending deletion= 4583 remain= 19597 col ratio= 0.766138 row ratio= 0.803894
 ****** Separate RCCs ****** 
 ****** Separate Rank1Cuts ****** 
it= 3   ncol= 1420  ncstr= 830  mt= 0.0   spt= 0.0   lpval= 94023.3   ub= 94043.0  
-----------------------------------------------------------------------------------------
elapsed time= 253.27 s.
-----------------------------------------------------------------------------------------
delete columns= 7654 remain= 11943
mip: row= 593 col= 13345 density= 5.53511%
mip time= 21.19 s.
mip status= 6
update f from 8.86284 to 19.7071
#########################################################################################
[32m<Instance: X-n313-k71>
<Solution>
<UB= 94043>
<LB= 94043>
<Elapsed Time= 275>
<Nodes Explored= 8>
<Global Gap= 0%>[0m
#########################################################################################
File nodes/X-n313-k71_3_2_7_0_2_1_0_5_1_G32.node deleted successfully.
