application type: CVRP
X-n313-k71_5_2_0_3_0_G32.node
Set parameter ServerTimeout to value 600
Set parameter TokenServer to value "grb-ts.ufhpc"
Set parameter Threads to value 1
instance name= X-n313-k71
#########################################################################################
tree size= 0 lb= 0 ub= 94044
#########################################################################################
idx= 1 value= 93962.5 enu= 0
brc= 50-103 : -
brc= 76-103 : -
brc= 49-105 : -
brc= 70-133 : -
brc= 74-217 : -
brc= 233-246 : +
brc= 164-175 : -
brc= 33-228 : -
brc= 54-290 : +
brc= 13-65 : +
brc= 95-279 : -
brc= 217-252 : -
brc= 117-174 : -
brc= 18-301 : +
brc= 56-93 : +
-----------------------------------------------------------------------------------------
 ****** Pricing Level: LIGHT HEUR ****** 
it= 11  ncol= 1531  ncstr= 607  mt= 0.4   spt= 0.4   lpval= 93983.9   ub= 94043.0  
 ****** Pricing Level: HEAVY HEUR ****** 
it= 7   ncol= 1632  ncstr= 607  mt= 0.1   spt= 0.6   lpval= 93983.3   ub= 94043.0  
 ****** Pricing Level: EXACT ****** 
it= 3   ncol= 1770  ncstr= 607  mt= 0.1   spt= 3.3   lpval= 93982.4   ub= 94043.0  
-----------------------------------------------------------------------------------------
elapsed time= 8.65 s.
-----------------------------------------------------------------------------------------
-----------------------------------------------------------------------------------------
 ****** Run Arc Elimination ****** 
arc elimination time= 8.21 s.
previous= 68.7202% maximum= 3.46119%
eliminate bucket arcs time= 0.73 s.
obtain jump arcs time= 0.01 s.
-----------------------------------------------------------------------------------------
-----------------------------------------------------------------------------------------
elapsed time= 17.94 s.
-----------------------------------------------------------------------------------------
-----------------------------------------------------------------------------------------
 ****** Try Enumeration ****** 
max_val= 76697 stop_b= 10 max_idx= 7 num_label= 279371 max_label_in_enumeration= 500000 q= 22.3922 aq.size()= 21 left_bin= 3 left_labels= 220629
status= LABEL_FOR_LIMIT
#labels= 279371 #routes= 43
labeling 1 time= 9.03 s.
next try value > 93983.4
-----------------------------------------------------------------------------------------
elapsed time= 27.03 s.
-----------------------------------------------------------------------------------------
 ****** Separate RCCs ****** 
 ****** Separate Rank1Cuts ****** 
-----------------------------------------------------------------------------------------
 ****** Pricing Level: LIGHT HEUR ****** 
it= 5   ncol= 1841  ncstr= 626  mt= 0.2   spt= 0.2   lpval= 93988.2   ub= 94043.0  
 ****** Pricing Level: HEAVY HEUR ****** 
it= 4   ncol= 1890  ncstr= 626  mt= 0.1   spt= 0.3   lpval= 93987.1   ub= 94043.0  
 ****** Pricing Level: EXACT ****** 
it= 4   ncol= 1922  ncstr= 626  mt= 0.0   spt= 3.4   lpval= 93987.1   ub= 94043.0  
-----------------------------------------------------------------------------------------
elapsed time= 32.40 s.
-----------------------------------------------------------------------------------------
 ****** Separate RCCs ****** 
 ****** Separate Rank1Cuts ****** 
-----------------------------------------------------------------------------------------
 ****** Pricing Level: LIGHT HEUR ****** 
it= 2   ncol= 1927  ncstr= 628  mt= 0.2   spt= 0.1   lpval= 93989.7   ub= 94043.0  
 ****** Pricing Level: HEAVY HEUR ****** 
it= 3   ncol= 1943  ncstr= 628  mt= 0.0   spt= 0.2   lpval= 93989.5   ub= 94043.0  
 ****** Pricing Level: EXACT ****** 
it= 2   ncol= 1953  ncstr= 628  mt= 0.0   spt= 1.7   lpval= 93989.5   ub= 94043.0  
-----------------------------------------------------------------------------------------
elapsed time= 35.96 s.
-----------------------------------------------------------------------------------------
-----------------------------------------------------------------------------------------
 ****** Run Arc Elimination ****** 
arc elimination time= 4.90 s.
previous= 87.9546% maximum= 3.04428%
eliminate bucket arcs time= 0.52 s.
obtain jump arcs time= 0.01 s.
-----------------------------------------------------------------------------------------
-----------------------------------------------------------------------------------------
elapsed time= 41.41 s.
-----------------------------------------------------------------------------------------
-----------------------------------------------------------------------------------------
 ****** Try Enumeration ****** 
max_val= 88454 stop_b= 10 max_idx= 8 num_label= 323342 max_label_in_enumeration= 500000 q= 22.6605 aq.size()= 21 left_bin= 2 left_labels= 176658
status= LABEL_FOR_LIMIT
#labels= 323342 #routes= 29
labeling 1 time= 11.65 s.
next try value > 93995.3
-----------------------------------------------------------------------------------------
elapsed time= 53.13 s.
-----------------------------------------------------------------------------------------
 ****** Separate RCCs ****** 
 ****** Separate Rank1Cuts ****** 
-----------------------------------------------------------------------------------------
 ****** Pricing Level: LIGHT HEUR ****** 
it= 2   ncol= 1961  ncstr= 683  mt= 0.3   spt= 0.1   lpval= 93990.4   ub= 94043.0  
 ****** Pricing Level: HEAVY HEUR ****** 
it= 3   ncol= 1976  ncstr= 683  mt= 0.0   spt= 0.2   lpval= 93990.4   ub= 94043.0  
 ****** Pricing Level: EXACT ****** 
it= 4   ncol= 1998  ncstr= 683  mt= 0.0   spt= 3.3   lpval= 93990.3   ub= 94043.0  
-----------------------------------------------------------------------------------------
elapsed time= 58.64 s.
-----------------------------------------------------------------------------------------
[1;36m[REMIND] 2: gap improved= 0.765560 ratio= 0.014528 threshold= 0.040000 in function increaseCondition2 at /blue/yu.yang1/you.z/route_opt/packages/application/X-n313-k71/src/main/src/call_cutting.cpp:74[0m
 ****** Separate RCCs ****** 
 ****** Separate Rank1Cuts ****** 
-----------------------------------------------------------------------------------------
 ****** Pricing Level: LIGHT HEUR ****** 
it= 2   ncol= 1999  ncstr= 629  mt= 0.2   spt= 0.1   lpval= 93991.2   ub= 94043.0  
 ****** Pricing Level: HEAVY HEUR ****** 
it= 3   ncol= 2011  ncstr= 629  mt= 0.0   spt= 0.2   lpval= 93991.1   ub= 94043.0  
 ****** Pricing Level: EXACT ****** 
it= 3   ncol= 2031  ncstr= 629  mt= 0.0   spt= 2.5   lpval= 93991.0   ub= 94043.0  
-----------------------------------------------------------------------------------------
elapsed time= 63.28 s.
-----------------------------------------------------------------------------------------
[1;36m[REMIND] 2: gap improved= 0.652559 ratio= 0.012539 threshold= 0.040000 in function increaseCondition2 at /blue/yu.yang1/you.z/route_opt/packages/application/X-n313-k71/src/main/src/call_cutting.cpp:74[0m
 ****** Separate RCCs ****** 
 ****** Separate Rank1Cuts ****** 
br_value_improved= 2.85517 cutting_branching_ratio= 0.2 minor (0.475442) improvement after cutting, stop this cutting iteration
-----------------------------------------------------------------------------------------
[1;36m[REMIND] opt_k not found for node 1, use m directly in function getOptK at /blue/yu.yang1/you.z/route_opt/packages/branching/bkf/include/bkf_controller.hpp:239[0m
current_r_best= 20.6685
we directly test 100
we directly test 4
pseudo= 50 frac= 50
#candidates in phase1= 100
testing lp time= 28.12 s.
-----------------------------------------------------------------------------------------
  6-137 , 402.34| 128-150 , 217.32| 243-311 , 149.01| 258-311 , 149.01|  57-130 , 143.61| 
 64-128 , 134.56|  43-239 , 134.42|   0-57  , 123.34|  33-56  , 110.55|  93-130 , 110.55| 
  0-9   , 107.57|   0-303 , 104.57| 303-311 , 104.57| 236-311 , 104.57|   7-164 ,  82.87| 
141-211 ,  81.23|   7-141 ,  81.23|  43-141 ,  81.23|  10-161 ,  80.51| 102-133 ,  76.13| 
126-152 ,  75.60|   9-126 ,  75.26|  62-68  ,  69.28| 236-266 ,  60.96| 266-285 ,  60.96| 
 28-32  ,  59.73|  57-64  ,  59.10| 137-150 ,  56.73|   3-269 ,  55.58|   0-76  ,  53.73| 
 59-76  ,  53.73|   0-64  ,  50.68|   3-128 ,  47.89|  75-303 ,  44.01|  75-248 ,  44.01| 
184-303 ,  44.01| 109-138 ,  43.68|  32-152 ,  41.83|   0-214 ,  41.53| 189-214 ,  41.53| 
243-267 ,  39.23| 215-239 ,  37.94|   0-43  ,  37.94|  74-234 ,  33.01|  74-299 ,  33.01| 
 33-281 ,  31.79| 114-267 ,  29.83|  74-248 ,  29.25|  51-84  ,  28.17|   0-74  ,  27.55| 
 30-79  ,  26.36| 165-280 ,  26.33|   0-84  ,  26.13|   0-115 ,  24.60|  60-64  ,  24.56| 
161-258 ,  24.36|  25-122 ,  23.49|   0-176 ,  23.49| 196-235 ,  22.67|  10-215 ,  22.51| 
 59-68  ,  22.31|   0-215 ,  18.20|   0-27  ,  17.61|  22-266 ,  16.06|   0-237 ,  15.43| 
  0-269 ,  14.36|   0-51  ,  10.27|   0-211 ,   9.63|   0-248 ,   9.49|  10-22  ,   8.56| 
245-272 ,   8.47| 228-270 ,   8.18| 270-279 ,   8.18| 164-295 ,   8.15| 211-295 ,   8.15| 
  0-134 ,   8.03|   2-106 ,   7.18|   0-85  ,   6.44|  25-132 ,   5.95| 113-232 ,   5.56| 
221-270 ,   5.17| 221-228 ,   4.80|   0-6   ,   4.55| 259-293 ,   3.16|  52-235 ,   2.90| 
 21-195 ,   2.45|   0-235 ,   1.56|   5-195 ,   1.23|   0-26  ,   1.20| 158-259 ,   1.15| 
185-297 ,   0.97|  99-176 ,   0.96| 186-242 ,   0.83|   0-195 ,   0.61|  34-153 ,   0.59| 
185-222 ,   0.30|  70-153 ,   0.29| 219-222 ,   0.27| 111-219 ,   0.02| 193-309 ,   0.02| 
-----------------------------------------------------------------------------------------
edge= 258 311 lp= 77.3923 pre= 2 lp2= 1.92535 pre2= 2 score= 149.007
-----------------------------------------------------------------------------------------
edge= 243 311 lp= 1.92538 pre= 2 lp2= 77.3923 pre2= 2 score= 149.009
-----------------------------------------------------------------------------------------
edge= 128 150 lp= 2.80799 pre= 2 lp2= 77.3923 pre2= 2 score= 217.317
-----------------------------------------------------------------------------------------
edge= 6 137 lp= 5.87519 pre= 2 lp2= 68.4813 pre2= 2 score= 402.341
-----------------------------------------------------------------------------------------
candidate= 6-137 : -
-----------------------------------------------------------------------------------------
-----------------------------------------------------------------------------------------
 ****** Pricing Level: LIGHT HEUR ****** 
it= 4   ncol= 1409  ncstr= 582  mt= 0.2   spt= 0.1   lpval= 93996.8   ub= 94043.0  
 ****** Pricing Level: HEAVY HEUR ****** 
it= 4   ncol= 1444  ncstr= 582  mt= 0.0   spt= 0.3   lpval= 93996.4   ub= 94043.0  
-----------------------------------------------------------------------------------------
elapsed time= 94.06 s.
-----------------------------------------------------------------------------------------
candidate= 6-137 : +
-----------------------------------------------------------------------------------------
-----------------------------------------------------------------------------------------
 ****** Pricing Level: LIGHT HEUR ****** 
it= 5   ncol= 1452  ncstr= 582  mt= 0.4   spt= 0.1   lpval= 94004.1   ub= 94043.0  
 ****** Pricing Level: HEAVY HEUR ****** 
it= 6   ncol= 1537  ncstr= 582  mt= 0.1   spt= 0.4   lpval= 93999.7   ub= 94043.0  
-----------------------------------------------------------------------------------------
elapsed time= 95.61 s.
-----------------------------------------------------------------------------------------
candidate= 128-150 : -
-----------------------------------------------------------------------------------------
-----------------------------------------------------------------------------------------
 ****** Pricing Level: LIGHT HEUR ****** 
it= 3   ncol= 1413  ncstr= 582  mt= 0.2   spt= 0.1   lpval= 93993.8   ub= 94043.0  
 ****** Pricing Level: HEAVY HEUR ****** 
it= 4   ncol= 1435  ncstr= 582  mt= 0.0   spt= 0.3   lpval= 93993.7   ub= 94043.0  
-----------------------------------------------------------------------------------------
elapsed time= 96.50 s.
-----------------------------------------------------------------------------------------
candidate= 128-150 : +
-----------------------------------------------------------------------------------------
-----------------------------------------------------------------------------------------
 ****** Pricing Level: LIGHT HEUR ****** 
it= 6   ncol= 1497  ncstr= 582  mt= 0.4   spt= 0.2   lpval= 94016.1   ub= 94043.0  
 ****** Pricing Level: HEAVY HEUR ****** 
it= 5   ncol= 1550  ncstr= 582  mt= 0.1   spt= 0.3   lpval= 94011.7   ub= 94043.0  
-----------------------------------------------------------------------------------------
elapsed time= 98.09 s.
-----------------------------------------------------------------------------------------
candidate= 243-311 : -
-----------------------------------------------------------------------------------------
-----------------------------------------------------------------------------------------
 ****** Pricing Level: LIGHT HEUR ****** 
it= 3   ncol= 1406  ncstr= 582  mt= 0.2   spt= 0.1   lpval= 93991.0   ub= 94043.0  
 ****** Pricing Level: HEAVY HEUR ****** 
it= 3   ncol= 1422  ncstr= 582  mt= 0.0   spt= 0.2   lpval= 93991.0   ub= 94043.0  
-----------------------------------------------------------------------------------------
elapsed time= 98.89 s.
-----------------------------------------------------------------------------------------
candidate= 258-311 : -
-----------------------------------------------------------------------------------------
-----------------------------------------------------------------------------------------
 ****** Pricing Level: LIGHT HEUR ****** 
it= 6   ncol= 1468  ncstr= 582  mt= 0.4   spt= 0.2   lpval= 93998.8   ub= 94043.0  
 ****** Pricing Level: HEAVY HEUR ****** 
it= 3   ncol= 1498  ncstr= 582  mt= 0.0   spt= 0.2   lpval= 93998.8   ub= 94043.0  
-----------------------------------------------------------------------------------------
elapsed time= 100.11 s.
-----------------------------------------------------------------------------------------
brc= 128-150
t= 0.140614 c= 65.8399 n= 0 if_b4= 1
t= 1.17716 c= 76.3698 n= 0 if_b4= 1
nodes already exists
memory usage= 5GB.
#########################################################################################
tree size= 0 lb= 93991 ub= 94043
#########################################################################################
idx= 2 value= 93991 enu= 0
brc= 50-103 : -
brc= 76-103 : -
brc= 49-105 : -
brc= 70-133 : -
brc= 74-217 : -
brc= 233-246 : +
brc= 164-175 : -
brc= 33-228 : -
brc= 54-290 : +
brc= 13-65 : +
brc= 95-279 : -
brc= 217-252 : -
brc= 117-174 : -
brc= 18-301 : +
brc= 56-93 : +
brc= 128-150 : -
-----------------------------------------------------------------------------------------
 ****** Pricing Level: LIGHT HEUR ****** 
it= 3   ncol= 1400  ncstr= 581  mt= 0.2   spt= 0.1   lpval= 93993.8   ub= 94043.0  
 ****** Pricing Level: HEAVY HEUR ****** 
it= 3   ncol= 1423  ncstr= 581  mt= 0.0   spt= 0.2   lpval= 93993.7   ub= 94043.0  
 ****** Pricing Level: EXACT ****** 
it= 3   ncol= 1522  ncstr= 581  mt= 0.0   spt= 2.4   lpval= 93993.7   ub= 94043.0  
-----------------------------------------------------------------------------------------
elapsed time= 104.10 s.
-----------------------------------------------------------------------------------------
 ****** Separate RCCs ****** 
 ****** Separate Rank1Cuts ****** 
-----------------------------------------------------------------------------------------
 ****** Pricing Level: LIGHT HEUR ****** 
it= 2   ncol= 1528  ncstr= 639  mt= 0.2   spt= 0.1   lpval= 93994.8   ub= 94043.0  
 ****** Pricing Level: HEAVY HEUR ****** 
it= 3   ncol= 1564  ncstr= 639  mt= 0.0   spt= 0.2   lpval= 93994.8   ub= 94043.0  
 ****** Pricing Level: EXACT ****** 
it= 3   ncol= 1581  ncstr= 639  mt= 0.0   spt= 2.7   lpval= 93994.7   ub= 94043.0  
-----------------------------------------------------------------------------------------
elapsed time= 108.45 s.
-----------------------------------------------------------------------------------------
-----------------------------------------------------------------------------------------
 ****** Run Arc Elimination ****** 
arc elimination time= 5.07 s.
previous= 90.3283% maximum= 2.74834%
eliminate bucket arcs time= 0.52 s.
obtain jump arcs time= 0.01 s.
-----------------------------------------------------------------------------------------
-----------------------------------------------------------------------------------------
elapsed time= 114.08 s.
-----------------------------------------------------------------------------------------
-----------------------------------------------------------------------------------------
 ****** Try Enumeration ****** 
#labels= 317995 #routes= 24
labeling 1 time= 11.01 s.
concatenate time= 24.22 s.
#routes= 679491
average gap of successful enumeration= 0.000503089
next try value > 93990.6
-----------------------------------------------------------------------------------------
elapsed time= 149.51 s.
-----------------------------------------------------------------------------------------
 ****** Process Enumeration Matrix ****** 
delete non-ele routes lp val= 93994.7
recover rank1c lp val= 93995
recover rcc lp val= 93996.3
obtain rcc coefficient time= 0.24 s.
obtain r1c coefficient time= 1.15 s.
obtain matrix from triplets time= 2.16 s.
delete columns by branch time= 0.00 s.
columns pending deletion= 534 remain= 679491 col ratio= 0.999214 row ratio= 1
regenerate enumeration matrix time= 0.00 s.
-----------------------------------------------------------------------------------------
elapsed time= 154.98 s.
-----------------------------------------------------------------------------------------
it= 5   ncol= 1477  ncstr= 597  mt= 0.1   spt= 0.2   lpval= 93996.0   ub= 94043.0  
-----------------------------------------------------------------------------------------
elapsed time= 155.39 s.
-----------------------------------------------------------------------------------------
delete columns= 232475 remain= 447016
 ****** Separate RCCs ****** 
 ****** Separate Rank1Cuts ****** 
it= 3   ncol= 1470  ncstr= 580  mt= 0.0   spt= 0.1   lpval= 93996.5   ub= 94043.0  
-----------------------------------------------------------------------------------------
elapsed time= 157.80 s.
-----------------------------------------------------------------------------------------
columns pending deletion= 36793 remain= 447016 col ratio= 0.917692 row ratio= 0.913793
[1;36m[REMIND] 2: gap improved= 0.482994 ratio= 0.010384 threshold= 0.040000 in function increaseCondition2 at /blue/yu.yang1/you.z/route_opt/packages/application/X-n313-k71/src/main/src/call_cutting.cpp:74[0m
 ****** Separate Rank1Cuts ****** 
it= 2   ncol= 1470  ncstr= 613  mt= 0.0   spt= 0.1   lpval= 93996.9   ub= 94043.0  
-----------------------------------------------------------------------------------------
elapsed time= 158.42 s.
-----------------------------------------------------------------------------------------
columns pending deletion= 63616 remain= 447016 col ratio= 0.857687 row ratio= 0.880914
[1;36m[REMIND] 2: gap improved= 0.402046 ratio= 0.008719 threshold= 0.040000 in function increaseCondition2 at /blue/yu.yang1/you.z/route_opt/packages/application/X-n313-k71/src/main/src/call_cutting.cpp:74[0m
 ****** Separate RCCs ****** 
 ****** Separate Rank1Cuts ****** 
it= 2   ncol= 1470  ncstr= 723  mt= 0.0   spt= 0.1   lpval= 93997.0   ub= 94043.0  
-----------------------------------------------------------------------------------------
elapsed time= 160.71 s.
-----------------------------------------------------------------------------------------
columns pending deletion= 69036 remain= 447016 col ratio= 0.845563 row ratio= 0.763485
[1;36m[REMIND] 1: gap improved= 0.094316 threshold= 0.100000 in function increaseCondition1 at /blue/yu.yang1/you.z/route_opt/packages/application/X-n313-k71/src/main/src/call_cutting.cpp:58[0m
[1;36m[REMIND] tail off counter= 3 threshold= 3 in function setIfTailOff at /blue/yu.yang1/you.z/route_opt/packages/application/X-n313-k71/src/main/src/call_cutting.cpp:150[0m
current_r_best= 4.35433
pseudo= 50 frac= 50
#candidates in phase1= 37
testing lp time= 20.03 s.
-----------------------------------------------------------------------------------------
258-311 , 328.60| 243-311 , 328.60|  10-161 , 306.91|  33-56  , 208.45|  59-76  , 160.22| 
236-311 , 145.99| 303-311 , 145.99| 126-152 , 112.31|  43-239 , 107.95|   2-132 ,  95.89| 
207-230 ,  91.92| 106-207 ,  91.92|  75-303 ,  89.54| 184-303 ,  89.53|  21-42  ,  77.22| 
 33-122 ,  64.19| 236-266 ,  62.35| 266-285 ,  62.35| 189-257 ,  43.69|  25-189 ,  43.69| 
257-276 ,  43.69|  10-215 ,  40.43|  30-139 ,  29.24| 164-295 ,  20.32| 211-295 ,  20.32| 
 84-89  ,  20.32| 228-270 ,  19.91|   3-4   ,  19.89| 221-228 ,  19.24| 204-257 ,  15.76| 
116-302 ,  15.05| 201-218 ,  12.94| 135-291 ,   9.14| 122-228 ,   6.17|  42-52  ,   3.69| 
237-269 ,   0.00|  87-117 ,   0.00| 
-----------------------------------------------------------------------------------------
edge= 10 161 lp= 2.48552 pre= 2 lp2= 123.481 pre2= 2 score= 306.915
-----------------------------------------------------------------------------------------
edge= 243 311 lp= 2.88366 pre= 2 lp2= 113.952 pre2= 2 score= 328.6
-----------------------------------------------------------------------------------------
edge= 258 311 lp= 113.952 pre= 2 lp2= 2.8837 pre2= 2 score= 328.604
-----------------------------------------------------------------------------------------
candidate= 258-311 : -
-----------------------------------------------------------------------------------------
it= 6   ncol= 1622  ncstr= 724  mt= 0.6   spt= 0.3   lpval= 94010.3   ub= 94043.0  
-----------------------------------------------------------------------------------------
elapsed time= 181.75 s.
-----------------------------------------------------------------------------------------
candidate= 243-311 : -
-----------------------------------------------------------------------------------------
it= 4   ncol= 1572  ncstr= 724  mt= 0.4   spt= 0.2   lpval= 93997.0   ub= 94043.0  
-----------------------------------------------------------------------------------------
elapsed time= 182.47 s.
-----------------------------------------------------------------------------------------
candidate= 10-161 : -
-----------------------------------------------------------------------------------------
it= 4   ncol= 1562  ncstr= 724  mt= 0.4   spt= 0.2   lpval= 93999.4   ub= 94043.0  
-----------------------------------------------------------------------------------------
elapsed time= 183.12 s.
-----------------------------------------------------------------------------------------
candidate= 10-161 : +
-----------------------------------------------------------------------------------------
it= 8   ncol= 1665  ncstr= 724  mt= 0.5   spt= 0.4   lpval= 94017.3   ub= 94043.0  
-----------------------------------------------------------------------------------------
elapsed time= 184.22 s.
-----------------------------------------------------------------------------------------
brc= 10-161
t= 0.27069 c= 61.6662 n= 0 if_b4= 0
t= 0.868056 c= 69.9456 n= 0 if_b4= 0
#########################################################################################
tree size= 1 lb= 93997 ub= 94043
#########################################################################################
idx= 3 value= 93997 enu= 1
brc= 50-103 : -
brc= 76-103 : -
brc= 49-105 : -
brc= 70-133 : -
brc= 74-217 : -
brc= 233-246 : +
brc= 164-175 : -
brc= 33-228 : -
brc= 54-290 : +
brc= 13-65 : +
brc= 95-279 : -
brc= 217-252 : -
brc= 117-174 : -
brc= 18-301 : +
brc= 56-93 : +
brc= 128-150 : -
brc= 10-161 : +
it= 8   ncol= 1676  ncstr= 723  mt= 0.6   spt= 0.3   lpval= 94017.3   ub= 94043.0  
-----------------------------------------------------------------------------------------
elapsed time= 190.74 s.
-----------------------------------------------------------------------------------------
delete columns= 354438 remain= 22173
 ****** Separate RCCs ****** 
 ****** Separate Rank1Cuts ****** 
it= 3   ncol= 1507  ncstr= 553  mt= 0.0   spt= 0.0   lpval= 94024.6   ub= 94043.0  
-----------------------------------------------------------------------------------------
elapsed time= 191.41 s.
-----------------------------------------------------------------------------------------
delete columns= 15228 remain= 6945
mip: row= 494 col= 8350 density= 4.01314%
mip time= 3.82 s.
mip status= 6
update f from 0 to 18.4227
#########################################################################################
tree size= 0 lb= 93997 ub= 94043
#########################################################################################
idx= 4 value= 93997 enu= 1
brc= 50-103 : -
brc= 76-103 : -
brc= 49-105 : -
brc= 70-133 : -
brc= 74-217 : -
brc= 233-246 : +
brc= 164-175 : -
brc= 33-228 : -
brc= 54-290 : +
brc= 13-65 : +
brc= 95-279 : -
brc= 217-252 : -
brc= 117-174 : -
brc= 18-301 : +
brc= 56-93 : +
brc= 128-150 : -
brc= 10-161 : -
it= 5   ncol= 1547  ncstr= 723  mt= 0.1   spt= 0.2   lpval= 93999.4   ub= 94043.0  
-----------------------------------------------------------------------------------------
elapsed time= 195.62 s.
-----------------------------------------------------------------------------------------
delete columns= 77479 remain= 300490
 ****** Separate RCCs ****** 
 ****** Separate Rank1Cuts ****** 
it= 3   ncol= 1551  ncstr= 574  mt= 0.0   spt= 0.1   lpval= 94000.0   ub= 94043.0  
-----------------------------------------------------------------------------------------
elapsed time= 197.63 s.
-----------------------------------------------------------------------------------------
columns pending deletion= 40386 remain= 300490 col ratio= 0.8656 row ratio= 0.91115
[1;36m[REMIND] 2: gap improved= 0.528983 ratio= 0.012295 threshold= 0.040000 in function increaseCondition2 at /blue/yu.yang1/you.z/route_opt/packages/application/X-n313-k71/src/main/src/call_cutting.cpp:74[0m
 ****** Separate Rank1Cuts ****** 
it= 2   ncol= 1547  ncstr= 603  mt= 0.0   spt= 0.0   lpval= 94000.1   ub= 94043.0  
-----------------------------------------------------------------------------------------
elapsed time= 198.20 s.
-----------------------------------------------------------------------------------------
columns pending deletion= 49758 remain= 300490 col ratio= 0.83441 row ratio= 0.865672
[1;36m[REMIND] 2: gap improved= 0.139761 ratio= 0.003259 threshold= 0.040000 in function increaseCondition2 at /blue/yu.yang1/you.z/route_opt/packages/application/X-n313-k71/src/main/src/call_cutting.cpp:74[0m
 ****** Separate Rank1Cuts ****** 
it= 3   ncol= 1552  ncstr= 649  mt= 0.0   spt= 0.1   lpval= 94000.2   ub= 94043.0  
-----------------------------------------------------------------------------------------
elapsed time= 198.73 s.
-----------------------------------------------------------------------------------------
columns pending deletion= 54678 remain= 300490 col ratio= 0.818037 row ratio= 0.822804
[1;36m[REMIND] 2: gap improved= 0.101654 ratio= 0.002376 threshold= 0.040000 in function increaseCondition2 at /blue/yu.yang1/you.z/route_opt/packages/application/X-n313-k71/src/main/src/call_cutting.cpp:74[0m
[1;36m[REMIND] tail off counter= 3 threshold= 3 in function setIfTailOff at /blue/yu.yang1/you.z/route_opt/packages/application/X-n313-k71/src/main/src/call_cutting.cpp:150[0m
current_r_best= 2.35102
alpha= 0.37 beta= 10.3622 omega= 227.811 k1= 25
lb_k= 1 ub_k= 37
revise: lb_k= 20 ub_k= 33
opt_k= 27
alpha= 0.75 beta= 10.3622 omega= 80.5773 k1= 3
lb_k= 1 ub_k= 3
revise: lb_k= 1 ub_k= 3
opt_k= 3
pseudo= 50 frac= 50
#candidates in phase1= 27
testing lp time= 11.64 s.
-----------------------------------------------------------------------------------------
 33-56  , 148.64|  59-76  , 133.01| 126-152 ,  97.27|  43-239 ,  78.99|  21-42  ,  63.63| 
  4-9   ,  60.26|   3-150 ,  38.98|  33-122 ,  38.65|  33-281 ,  38.58|   9-128 ,  33.56| 
207-230 ,  26.10|   4-64  ,  25.60|   2-51  ,  25.56| 106-207 ,  22.70| 236-311 ,  17.34| 
161-184 ,  13.54|  75-303 ,  10.11| 184-303 ,  10.10| 264-297 ,   9.27| 185-290 ,   6.68| 
 32-153 ,   6.43| 221-228 ,   6.31|  45-185 ,   4.48|   4-137 ,   2.95| 254-294 ,   2.21| 
185-219 ,   0.00|  60-150 ,   0.00| 
-----------------------------------------------------------------------------------------
edge= 126 152 lp= 11.1899 pre= 2 lp2= 8.69304 pre2= 2 score= 97.2742
-----------------------------------------------------------------------------------------
edge= 59 76 lp= 27.7824 pre= 2 lp2= 4.78756 pre2= 2 score= 133.01
-----------------------------------------------------------------------------------------
edge= 33 56 lp= 16.0249 pre= 2 lp2= 9.27575 pre2= 2 score= 148.643
-----------------------------------------------------------------------------------------
candidate= 33-56 : -
-----------------------------------------------------------------------------------------
it= 5   ncol= 1642  ncstr= 650  mt= 0.5   spt= 0.1   lpval= 94010.0   ub= 94043.0  
-----------------------------------------------------------------------------------------
elapsed time= 211.02 s.
-----------------------------------------------------------------------------------------
candidate= 59-76 : -
-----------------------------------------------------------------------------------------
it= 3   ncol= 1608  ncstr= 650  mt= 0.3   spt= 0.1   lpval= 94024.2   ub= 94043.0  
-----------------------------------------------------------------------------------------
elapsed time= 211.45 s.
-----------------------------------------------------------------------------------------
candidate= 59-76 : +
-----------------------------------------------------------------------------------------
it= 4   ncol= 1614  ncstr= 650  mt= 0.4   spt= 0.1   lpval= 94003.0   ub= 94043.0  
-----------------------------------------------------------------------------------------
elapsed time= 212.02 s.
-----------------------------------------------------------------------------------------
candidate= 126-152 : -
-----------------------------------------------------------------------------------------
it= 4   ncol= 1619  ncstr= 650  mt= 0.4   spt= 0.1   lpval= 94008.3   ub= 94043.0  
-----------------------------------------------------------------------------------------
elapsed time= 212.57 s.
-----------------------------------------------------------------------------------------
candidate= 33-56 : +
-----------------------------------------------------------------------------------------
it= 3   ncol= 1588  ncstr= 650  mt= 0.3   spt= 0.1   lpval= 94008.4   ub= 94043.0  
-----------------------------------------------------------------------------------------
elapsed time= 213.01 s.
-----------------------------------------------------------------------------------------
brc= 33-56
t= 0.243162 c= 33.2292 n= 1 if_b4= 0
t= 0.69695 c= 39.6226 n= 1 if_b4= 0
#########################################################################################
tree size= 1 lb= 94000.2 ub= 94043
#########################################################################################
idx= 5 value= 94000.2 enu= 1
brc= 50-103 : -
brc= 76-103 : -
brc= 49-105 : -
brc= 70-133 : -
brc= 74-217 : -
brc= 233-246 : +
brc= 164-175 : -
brc= 33-228 : -
brc= 54-290 : +
brc= 13-65 : +
brc= 95-279 : -
brc= 217-252 : -
brc= 117-174 : -
brc= 18-301 : +
brc= 56-93 : +
brc= 128-150 : -
brc= 10-161 : -
brc= 33-56 : +
it= 4   ncol= 1566  ncstr= 649  mt= 0.3   spt= 0.1   lpval= 94008.4   ub= 94043.0  
-----------------------------------------------------------------------------------------
elapsed time= 216.23 s.
-----------------------------------------------------------------------------------------
delete columns= 132624 remain= 113080
 ****** Separate RCCs ****** 
 ****** Separate Rank1Cuts ****** 
it= 2   ncol= 1488  ncstr= 543  mt= 0.0   spt= 0.0   lpval= 94011.5   ub= 94043.0  
-----------------------------------------------------------------------------------------
elapsed time= 217.00 s.
-----------------------------------------------------------------------------------------
delete columns= 45072 remain= 68008
 ****** Separate RCCs ****** 
 ****** Separate Rank1Cuts ****** 
it= 3   ncol= 1474  ncstr= 615  mt= 0.0   spt= 0.0   lpval= 94013.5   ub= 94043.0  
-----------------------------------------------------------------------------------------
elapsed time= 217.75 s.
-----------------------------------------------------------------------------------------
columns pending deletion= 15331 remain= 68008 col ratio= 0.774571 row ratio= 0.858537
 ****** Separate RCCs ****** 
 ****** Separate Rank1Cuts ****** 
it= 3   ncol= 1516  ncstr= 675  mt= 0.1   spt= 0.0   lpval= 94014.7   ub= 94043.0  
-----------------------------------------------------------------------------------------
elapsed time= 218.41 s.
-----------------------------------------------------------------------------------------
delete columns= 23058 remain= 44950
 ****** Separate RCCs ****** 
 ****** Separate Rank1Cuts ****** 
it= 3   ncol= 1533  ncstr= 620  mt= 0.0   spt= 0.0   lpval= 94015.1   ub= 94043.0  
-----------------------------------------------------------------------------------------
elapsed time= 219.60 s.
-----------------------------------------------------------------------------------------
columns pending deletion= 2879 remain= 44950 col ratio= 0.935951 row ratio= 0.872581
[1;36m[REMIND] 2: gap improved= 0.349108 ratio= 0.012497 threshold= 0.040000 in function increaseCondition2 at /blue/yu.yang1/you.z/route_opt/packages/application/X-n313-k71/src/main/src/call_cutting.cpp:74[0m
 ****** Separate Rank1Cuts ****** 
it= 3   ncol= 1522  ncstr= 671  mt= 0.0   spt= 0.0   lpval= 94015.2   ub= 94043.0  
-----------------------------------------------------------------------------------------
elapsed time= 220.10 s.
-----------------------------------------------------------------------------------------
columns pending deletion= 4806 remain= 44950 col ratio= 0.893081 row ratio= 0.824143
[1;36m[REMIND] 2: gap improved= 0.129594 ratio= 0.004661 threshold= 0.040000 in function increaseCondition2 at /blue/yu.yang1/you.z/route_opt/packages/application/X-n313-k71/src/main/src/call_cutting.cpp:74[0m
 ****** Separate Rank1Cuts ****** 
it= 3   ncol= 1527  ncstr= 723  mt= 0.0   spt= 0.0   lpval= 94015.3   ub= 94043.0  
-----------------------------------------------------------------------------------------
elapsed time= 220.62 s.
-----------------------------------------------------------------------------------------
columns pending deletion= 6556 remain= 44950 col ratio= 0.854149 row ratio= 0.79668
[1;36m[REMIND] 2: gap improved= 0.104461 ratio= 0.003771 threshold= 0.040000 in function increaseCondition2 at /blue/yu.yang1/you.z/route_opt/packages/application/X-n313-k71/src/main/src/call_cutting.cpp:74[0m
[1;36m[REMIND] tail off counter= 3 threshold= 3 in function setIfTailOff at /blue/yu.yang1/you.z/route_opt/packages/application/X-n313-k71/src/main/src/call_cutting.cpp:150[0m
current_r_best= 11.0056
alpha= 0.37 beta= 0.843046 omega= 136.655 k1= 5
lb_k= 1 ub_k= 37
revise: lb_k= 4 ub_k= 6
opt_k= 5
alpha= 0.75 beta= 0.843046 omega= 56.8515 k1= 3
lb_k= 1 ub_k= 3
revise: lb_k= 2 ub_k= 3
opt_k= 3
pseudo= 50 frac= 50
#candidates in phase1= 5
testing lp time= 2.54 s.
-----------------------------------------------------------------------------------------
184-303 ,  79.12|  75-303 ,  77.86|   7-78  ,  63.01|  40-77  ,  17.84|  40-146 ,  17.84| 
-----------------------------------------------------------------------------------------
edge= 7 78 lp= 2.80016 pre= 0 lp2= 22.5009 pre2= 0 score= 63.0061
-----------------------------------------------------------------------------------------
edge= 75 303 lp= 21.8976 pre= 2 lp2= 3.5557 pre2= 0 score= 77.8611
-----------------------------------------------------------------------------------------
edge= 184 303 lp= 22.2527 pre= 2 lp2= 3.5557 pre2= 0 score= 79.124
-----------------------------------------------------------------------------------------
candidate= 184-303 : -
-----------------------------------------------------------------------------------------
it= 5   ncol= 1609  ncstr= 724  mt= 0.6   spt= 0.0   lpval= 94031.6   ub= 94043.0  
-----------------------------------------------------------------------------------------
elapsed time= 223.76 s.
-----------------------------------------------------------------------------------------
candidate= 75-303 : -
-----------------------------------------------------------------------------------------
it= 6   ncol= 1608  ncstr= 724  mt= 0.5   spt= 0.0   lpval= 94031.2   ub= 94043.0  
-----------------------------------------------------------------------------------------
elapsed time= 224.31 s.
-----------------------------------------------------------------------------------------
candidate= 7-78 : +
-----------------------------------------------------------------------------------------
it= 4   ncol= 1617  ncstr= 724  mt= 0.6   spt= 0.0   lpval= 94036.0   ub= 94043.0  
-----------------------------------------------------------------------------------------
elapsed time= 224.92 s.
-----------------------------------------------------------------------------------------
brc= 184-303
t= 0.246821 c= 24.072 n= 2 if_b4= 0
t= 0.659175 c= 28.466 n= 2 if_b4= 0
#########################################################################################
tree size= 2 lb= 94000.2 ub= 94043
#########################################################################################
idx= 6 value= 94000.2 enu= 1
brc= 50-103 : -
brc= 76-103 : -
brc= 49-105 : -
brc= 70-133 : -
brc= 74-217 : -
brc= 233-246 : +
brc= 164-175 : -
brc= 33-228 : -
brc= 54-290 : +
brc= 13-65 : +
brc= 95-279 : -
brc= 217-252 : -
brc= 117-174 : -
brc= 18-301 : +
brc= 56-93 : +
brc= 128-150 : -
brc= 10-161 : -
brc= 33-56 : -
it= 4   ncol= 1643  ncstr= 649  mt= 0.1   spt= 0.1   lpval= 94010.0   ub= 94043.0  
-----------------------------------------------------------------------------------------
elapsed time= 226.30 s.
-----------------------------------------------------------------------------------------
delete columns= 156597 remain= 89207
 ****** Separate RCCs ****** 
 ****** Separate Rank1Cuts ****** 
it= 4   ncol= 1599  ncstr= 536  mt= 0.1   spt= 0.0   lpval= 94012.5   ub= 94043.0  
-----------------------------------------------------------------------------------------
elapsed time= 226.92 s.
-----------------------------------------------------------------------------------------
columns pending deletion= 23703 remain= 89207 col ratio= 0.734292 row ratio= 0.945896
 ****** Separate RCCs ****** 
 ****** Separate Rank1Cuts ****** 
it= 2   ncol= 1591  ncstr= 642  mt= 0.0   spt= 0.0   lpval= 94013.5   ub= 94043.0  
-----------------------------------------------------------------------------------------
elapsed time= 227.42 s.
-----------------------------------------------------------------------------------------
delete columns= 34328 remain= 54879
[1;36m[REMIND] 2: gap improved= 0.947475 ratio= 0.032113 threshold= 0.040000 in function increaseCondition2 at /blue/yu.yang1/you.z/route_opt/packages/application/X-n313-k71/src/main/src/call_cutting.cpp:74[0m
 ****** Separate RCCs ****** 
 ****** Separate Rank1Cuts ****** 
it= 1   ncol= 1572  ncstr= 582  mt= 0.0   spt= 0.0   lpval= 94013.7   ub= 94043.0  
-----------------------------------------------------------------------------------------
elapsed time= 227.93 s.
-----------------------------------------------------------------------------------------
columns pending deletion= 3083 remain= 54879 col ratio= 0.943822 row ratio= 0.915808
[1;36m[REMIND] 2: gap improved= 0.253354 ratio= 0.008661 threshold= 0.040000 in function increaseCondition2 at /blue/yu.yang1/you.z/route_opt/packages/application/X-n313-k71/src/main/src/call_cutting.cpp:74[0m
 ****** Separate Rank1Cuts ****** 
it= 2   ncol= 1577  ncstr= 669  mt= 0.0   spt= 0.0   lpval= 94014.2   ub= 94043.0  
-----------------------------------------------------------------------------------------
elapsed time= 228.66 s.
-----------------------------------------------------------------------------------------
columns pending deletion= 9343 remain= 54879 col ratio= 0.829753 row ratio= 0.819133
[1;36m[REMIND] 2: gap improved= 0.428417 ratio= 0.014864 threshold= 0.040000 in function increaseCondition2 at /blue/yu.yang1/you.z/route_opt/packages/application/X-n313-k71/src/main/src/call_cutting.cpp:74[0m
[1;36m[REMIND] tail off counter= 3 threshold= 3 in function setIfTailOff at /blue/yu.yang1/you.z/route_opt/packages/application/X-n313-k71/src/main/src/call_cutting.cpp:150[0m
current_r_best= 10.5886
alpha= 0.37 beta= 0.982167 omega= 97.5278 k1= 4
lb_k= 1 ub_k= 37
revise: lb_k= 4 ub_k= 5
opt_k= 5
alpha= 0.75 beta= 0.982167 omega= 43.1843 k1= 3
lb_k= 1 ub_k= 3
revise: lb_k= 2 ub_k= 3
opt_k= 3
pseudo= 50 frac= 50
#candidates in phase1= 5
testing lp time= 2.41 s.
-----------------------------------------------------------------------------------------
 33-116 ,  26.70|   3-115 ,  25.79|   3-150 ,  14.59|  75-303 ,   6.02|  93-257 ,   1.69| 
-----------------------------------------------------------------------------------------
edge= 3 150 lp= 0.740096 pre= 0 lp2= 19.7152 pre2= 1 score= 14.5912
-----------------------------------------------------------------------------------------
edge= 3 115 lp= 0.56815 pre= 0 lp2= 45.3972 pre2= 2 score= 25.7924
-----------------------------------------------------------------------------------------
edge= 33 116 lp= 1.99488 pre= 0 lp2= 13.382 pre2= 1 score= 26.6955
-----------------------------------------------------------------------------------------
brc= 33-116
t= 0.245268 c= 18.7108 n= 3 if_b4= 0
t= 0.659175 c= 22.3071 n= 3 if_b4= 0
#########################################################################################
tree size= 3 lb= 94014.2 ub= 94043
#########################################################################################
idx= 9 value= 94014.2 enu= 1
brc= 50-103 : -
brc= 76-103 : -
brc= 49-105 : -
brc= 70-133 : -
brc= 74-217 : -
brc= 233-246 : +
brc= 164-175 : -
brc= 33-228 : -
brc= 54-290 : +
brc= 13-65 : +
brc= 95-279 : -
brc= 217-252 : -
brc= 117-174 : -
brc= 18-301 : +
brc= 56-93 : +
brc= 128-150 : -
brc= 10-161 : -
brc= 33-56 : -
brc= 33-116 : +
it= 5   ncol= 1574  ncstr= 669  mt= 0.4   spt= 0.0   lpval= 94025.8   ub= 94043.0  
-----------------------------------------------------------------------------------------
elapsed time= 232.67 s.
-----------------------------------------------------------------------------------------
delete columns= 37439 remain= 7765
 ****** Separate RCCs ****** 
 ****** Separate Rank1Cuts ****** 
it= 3   ncol= 1435  ncstr= 547  mt= 0.0   spt= 0.0   lpval= 94030.4   ub= 94043.0  
-----------------------------------------------------------------------------------------
elapsed time= 233.42 s.
-----------------------------------------------------------------------------------------
delete columns= 4446 remain= 3319
mip: row= 498 col= 4632 density= 3.64662%
mip time= 0.94 s.
mip status= 6
#########################################################################################
tree size= 2 lb= 94014.2 ub= 94043
#########################################################################################
idx= 10 value= 94014.2 enu= 1
brc= 50-103 : -
brc= 76-103 : -
brc= 49-105 : -
brc= 70-133 : -
brc= 74-217 : -
brc= 233-246 : +
brc= 164-175 : -
brc= 33-228 : -
brc= 54-290 : +
brc= 13-65 : +
brc= 95-279 : -
brc= 217-252 : -
brc= 117-174 : -
brc= 18-301 : +
brc= 56-93 : +
brc= 128-150 : -
brc= 10-161 : -
brc= 33-56 : -
brc= 33-116 : -
it= 4   ncol= 1631  ncstr= 669  mt= 0.1   spt= 0.0   lpval= 94015.5   ub= 94043.0  
-----------------------------------------------------------------------------------------
elapsed time= 234.77 s.
-----------------------------------------------------------------------------------------
columns pending deletion= 9699 remain= 45536 col ratio= 0.787004 row ratio= 0.786248
 ****** Separate RCCs ****** 
 ****** Separate Rank1Cuts ****** 
it= 3   ncol= 1601  ncstr= 724  mt= 0.0   spt= 0.0   lpval= 94017.3   ub= 94043.0  
-----------------------------------------------------------------------------------------
elapsed time= 235.41 s.
-----------------------------------------------------------------------------------------
delete columns= 17372 remain= 28164
 ****** Separate RCCs ****** 
 ****** Separate Rank1Cuts ****** 
it= 4   ncol= 1608  ncstr= 559  mt= 0.0   spt= 0.0   lpval= 94017.5   ub= 94043.0  
-----------------------------------------------------------------------------------------
elapsed time= 236.24 s.
-----------------------------------------------------------------------------------------
columns pending deletion= 1835 remain= 28164 col ratio= 0.934846 row ratio= 0.949911
[1;36m[REMIND] 2: gap improved= 0.240677 ratio= 0.009454 threshold= 0.040000 in function increaseCondition2 at /blue/yu.yang1/you.z/route_opt/packages/application/X-n313-k71/src/main/src/call_cutting.cpp:74[0m
 ****** Separate RCCs ****** 
 ****** Separate Rank1Cuts ****** 
it= 2   ncol= 1607  ncstr= 593  mt= 0.0   spt= 0.0   lpval= 94018.8   ub= 94043.0  
-----------------------------------------------------------------------------------------
elapsed time= 236.62 s.
-----------------------------------------------------------------------------------------
columns pending deletion= 5584 remain= 28164 col ratio= 0.801733 row ratio= 0.895447
 ****** Separate RCCs ****** 
 ****** Separate Rank1Cuts ****** 
it= 1   ncol= 1601  ncstr= 614  mt= 0.0   spt= 0.0   lpval= 94019.5   ub= 94043.0  
-----------------------------------------------------------------------------------------
elapsed time= 236.95 s.
-----------------------------------------------------------------------------------------
columns pending deletion= 7374 remain= 28164 col ratio= 0.738176 row ratio= 0.884365
[1;36m[REMIND] 2: gap improved= 0.693677 ratio= 0.029470 threshold= 0.040000 in function increaseCondition2 at /blue/yu.yang1/you.z/route_opt/packages/application/X-n313-k71/src/main/src/call_cutting.cpp:74[0m
 ****** Separate RCCs ****** 
 ****** Separate Rank1Cuts ****** 
it= 3   ncol= 1601  ncstr= 645  mt= 0.0   spt= 0.0   lpval= 94019.8   ub= 94043.0  
-----------------------------------------------------------------------------------------
elapsed time= 237.41 s.
-----------------------------------------------------------------------------------------
delete columns= 8928 remain= 19236
[1;36m[REMIND] 2: gap improved= 0.373140 ratio= 0.016108 threshold= 0.040000 in function increaseCondition2 at /blue/yu.yang1/you.z/route_opt/packages/application/X-n313-k71/src/main/src/call_cutting.cpp:74[0m
[1;36m[REMIND] tail off counter= 3 threshold= 3 in function setIfTailOff at /blue/yu.yang1/you.z/route_opt/packages/application/X-n313-k71/src/main/src/call_cutting.cpp:150[0m
current_r_best= 10.5886
alpha= 0.37 beta= 0.4479 omega= 76.2871 k1= 2
lb_k= 1 ub_k= 5
revise: lb_k= 2 ub_k= 2
opt_k= 2
alpha= 0.75 beta= 0.4479 omega= 33.8409 k1= 3
lb_k= 1 ub_k= 3
revise: lb_k= 2 ub_k= 3
opt_k= 3
pseudo= 50 frac= 50
#candidates in phase1= 2
testing lp time= 0.58 s.
-----------------------------------------------------------------------------------------
 95-281 ,  33.87|  95-228 ,  18.11| 
-----------------------------------------------------------------------------------------
edge= 95 228 lp= 0.309876 pre= 0 lp2= 58.4398 pre2= 2 score= 18.1091
-----------------------------------------------------------------------------------------
edge= 95 281 lp= 35.1756 pre= 2 lp2= 0.962912 pre2= 0 score= 33.871
-----------------------------------------------------------------------------------------
candidate= 95-281 : -
-----------------------------------------------------------------------------------------
it= 4   ncol= 1650  ncstr= 544  mt= 0.3   spt= 0.0   lpval= 94033.4   ub= 94043.0  
-----------------------------------------------------------------------------------------
elapsed time= 238.35 s.
-----------------------------------------------------------------------------------------
candidate= 95-228 : +
-----------------------------------------------------------------------------------------
it= 4   ncol= 1663  ncstr= 544  mt= 0.3   spt= 0.0   lpval= 94044.6   ub= 94043.0  
-----------------------------------------------------------------------------------------
elapsed time= 238.69 s.
-----------------------------------------------------------------------------------------
brc= 95-281
t= 0.225267 c= 15.6014 n= 4 if_b4= 0
t= 0.593454 c= 18.4704 n= 4 if_b4= 0
#########################################################################################
tree size= 3 lb= 94015.3 ub= 94043
#########################################################################################
idx= 7 value= 94015.3 enu= 1
brc= 50-103 : -
brc= 76-103 : -
brc= 49-105 : -
brc= 70-133 : -
brc= 74-217 : -
brc= 233-246 : +
brc= 164-175 : -
brc= 33-228 : -
brc= 54-290 : +
brc= 13-65 : +
brc= 95-279 : -
brc= 217-252 : -
brc= 117-174 : -
brc= 18-301 : +
brc= 56-93 : +
brc= 128-150 : -
brc= 10-161 : -
brc= 33-56 : +
brc= 184-303 : +
it= 3   ncol= 1562  ncstr= 723  mt= 0.4   spt= 0.0   lpval= 94018.8   ub= 94043.0  
-----------------------------------------------------------------------------------------
elapsed time= 239.97 s.
-----------------------------------------------------------------------------------------
delete columns= 16016 remain= 22324
 ****** Separate RCCs ****** 
 ****** Separate Rank1Cuts ****** 
it= 3   ncol= 1543  ncstr= 568  mt= 0.1   spt= 0.0   lpval= 94020.3   ub= 94043.0  
-----------------------------------------------------------------------------------------
elapsed time= 240.80 s.
-----------------------------------------------------------------------------------------
columns pending deletion= 5429 remain= 22324 col ratio= 0.756809 row ratio= 0.910211
mip: row= 517 col= 18419 density= 4.20839%
mip time= 11.75 s.
mip status= 6
update f from 18.4227 to 22.6712
#########################################################################################
tree size= 2 lb= 94015.3 ub= 94043
#########################################################################################
idx= 8 value= 94015.3 enu= 1
brc= 50-103 : -
brc= 76-103 : -
brc= 49-105 : -
brc= 70-133 : -
brc= 74-217 : -
brc= 233-246 : +
brc= 164-175 : -
brc= 33-228 : -
brc= 54-290 : +
brc= 13-65 : +
brc= 95-279 : -
brc= 217-252 : -
brc= 117-174 : -
brc= 18-301 : +
brc= 56-93 : +
brc= 128-150 : -
brc= 10-161 : -
brc= 33-56 : +
brc= 184-303 : -
it= 5   ncol= 1639  ncstr= 723  mt= 0.2   spt= 0.0   lpval= 94031.6   ub= 94043.0  
-----------------------------------------------------------------------------------------
elapsed time= 253.15 s.
-----------------------------------------------------------------------------------------
delete columns= 35596 remain= 2794
 ****** Separate RCCs ****** 
 ****** Separate Rank1Cuts ****** 
it= 3   ncol= 1376  ncstr= 540  mt= 0.0   spt= 0.0   lpval= 94034.6   ub= 94043.0  
-----------------------------------------------------------------------------------------
elapsed time= 253.60 s.
-----------------------------------------------------------------------------------------
delete columns= 1227 remain= 1567
mip: row= 495 col= 2758 density= 3.30308%
mip time= 0.55 s.
mip status= 6
#########################################################################################
tree size= 1 lb= 94019.8 ub= 94043
#########################################################################################
idx= 11 value= 94019.8 enu= 1
brc= 50-103 : -
brc= 76-103 : -
brc= 49-105 : -
brc= 70-133 : -
brc= 74-217 : -
brc= 233-246 : +
brc= 164-175 : -
brc= 33-228 : -
brc= 54-290 : +
brc= 13-65 : +
brc= 95-279 : -
brc= 217-252 : -
brc= 117-174 : -
brc= 18-301 : +
brc= 56-93 : +
brc= 128-150 : -
brc= 10-161 : -
brc= 33-56 : -
brc= 33-116 : -
brc= 95-281 : +
it= 2   ncol= 1586  ncstr= 543  mt= 0.2   spt= 0.0   lpval= 94020.8   ub= 94043.0  
-----------------------------------------------------------------------------------------
elapsed time= 254.43 s.
-----------------------------------------------------------------------------------------
columns pending deletion= 2814 remain= 19203 col ratio= 0.85346 row ratio= 0.952118
 ****** Separate RCCs ****** 
 ****** Separate Rank1Cuts ****** 
it= 2   ncol= 1566  ncstr= 579  mt= 0.0   spt= 0.0   lpval= 94021.4   ub= 94043.0  
-----------------------------------------------------------------------------------------
elapsed time= 255.01 s.
-----------------------------------------------------------------------------------------
columns pending deletion= 4805 remain= 19203 col ratio= 0.749779 row ratio= 0.92228
[1;36m[REMIND] 2: gap improved= 0.593501 ratio= 0.027466 threshold= 0.040000 in function increaseCondition2 at /blue/yu.yang1/you.z/route_opt/packages/application/X-n313-k71/src/main/src/call_cutting.cpp:74[0m
mip: row= 534 col= 15954 density= 4.78749%
mip time= 15.57 s.
mip status= 6
#########################################################################################
tree size= 0 lb= 94019.8 ub= 94043
#########################################################################################
idx= 12 value= 94019.8 enu= 1
brc= 50-103 : -
brc= 76-103 : -
brc= 49-105 : -
brc= 70-133 : -
brc= 74-217 : -
brc= 233-246 : +
brc= 164-175 : -
brc= 33-228 : -
brc= 54-290 : +
brc= 13-65 : +
brc= 95-279 : -
brc= 217-252 : -
brc= 117-174 : -
brc= 18-301 : +
brc= 56-93 : +
brc= 128-150 : -
brc= 10-161 : -
brc= 33-56 : -
brc= 33-116 : -
brc= 95-281 : -
it= 4   ncol= 1648  ncstr= 543  mt= 0.1   spt= 0.0   lpval= 94033.4   ub= 94043.0  
-----------------------------------------------------------------------------------------
elapsed time= 271.13 s.
-----------------------------------------------------------------------------------------
delete columns= 17088 remain= 2145
 ****** Separate RCCs ****** 
 ****** Separate Rank1Cuts ****** 
it= 1   ncol= 1326  ncstr= 608  mt= 0.0   spt= 0.0   lpval= 94035.1   ub= 94043.0  
-----------------------------------------------------------------------------------------
elapsed time= 271.72 s.
-----------------------------------------------------------------------------------------
columns pending deletion= 587 remain= 2145 col ratio= 0.72634 row ratio= 0.873355
mip: row= 531 col= 2799 density= 3.78074%
mip time= 0.66 s.
mip status= 6
#########################################################################################
[32m<Instance: X-n313-k71>
<Solution>
<UB= 94043>
<LB= 94043>
<Elapsed Time= 272.7>
<Nodes Explored= 12>
<Global Gap= 0%>[0m
#########################################################################################
File nodes/X-n313-k71_5_2_0_3_0_G32.node deleted successfully.
