application type: CVRP
X-n313-k71_4_2_0_1_1_1_1_3_0_G32.node
Set parameter ServerTimeout to value 600
Set parameter TokenServer to value "grb-ts.ufhpc"
Set parameter Threads to value 1
instance name= X-n313-k71
#########################################################################################
tree size= 0 lb= 0 ub= 94044
#########################################################################################
idx= 1 value= 93991.7 enu= 0
brc= 50-103 : -
brc= 76-103 : -
brc= 49-105 : -
brc= 70-133 : -
brc= 74-217 : +
brc= 250-278 : -
brc= 56-164 : -
brc= 167-232 : +
brc= 33-56 : +
brc= 141-175 : -
brc= 62-68 : +
brc= 19-60 : -
brc= 162-208 : +
brc= 125-224 : -
brc= 13-104 : +
brc= 221-228 : -
brc= 139-269 : +
brc= 106-207 : -
brc= 19-128 : -
brc= 189-278 : -
brc= 7-56 : +
brc= 164-228 : +
-----------------------------------------------------------------------------------------
 ****** Pricing Level: LIGHT HEUR ****** 
it= 11  ncol= 1443  ncstr= 619  mt= 0.2   spt= 0.3   lpval= 94000.3   ub= 94043.0  
 ****** Pricing Level: HEAVY HEUR ****** 
it= 5   ncol= 1522  ncstr= 619  mt= 0.1   spt= 0.3   lpval= 93997.6   ub= 94043.0  
 ****** Pricing Level: EXACT ****** 
it= 3   ncol= 1605  ncstr= 619  mt= 0.0   spt= 2.7   lpval= 93997.6   ub= 94043.0  
-----------------------------------------------------------------------------------------
elapsed time= 7.43 s.
-----------------------------------------------------------------------------------------
-----------------------------------------------------------------------------------------
 ****** Run Arc Elimination ****** 
arc elimination time= 4.14 s.
previous= 85.8283% maximum= 2.58234%
eliminate bucket arcs time= 0.46 s.
obtain jump arcs time= 0.01 s.
-----------------------------------------------------------------------------------------
-----------------------------------------------------------------------------------------
elapsed time= 12.38 s.
-----------------------------------------------------------------------------------------
-----------------------------------------------------------------------------------------
 ****** Try Enumeration ****** 
#labels= 275496 #routes= 22
labeling 1 time= 6.77 s.
concatenate time= 11.12 s.
#routes= 455047
average gap of successful enumeration= 0.000471865
next try value > 93987.6
-----------------------------------------------------------------------------------------
elapsed time= 30.41 s.
-----------------------------------------------------------------------------------------
 ****** Process Enumeration Matrix ****** 
delete non-ele routes lp val= 93997.6
recover rank1c lp val= 93997.7
recover rcc lp val= 93998.8
obtain rcc coefficient time= 0.12 s.
obtain r1c coefficient time= 0.72 s.
obtain matrix from triplets time= 1.22 s.
delete columns by branch time= 0.00 s.
columns pending deletion= 621 remain= 455047 col ratio= 0.998635 row ratio= 1
regenerate enumeration matrix time= 0.00 s.
-----------------------------------------------------------------------------------------
elapsed time= 34.60 s.
-----------------------------------------------------------------------------------------
it= 6   ncol= 1441  ncstr= 576  mt= 0.1   spt= 0.2   lpval= 93998.7   ub= 94043.0  
-----------------------------------------------------------------------------------------
elapsed time= 34.93 s.
-----------------------------------------------------------------------------------------
columns pending deletion= 124135 remain= 455047 col ratio= 0.727204 row ratio= 0.907986
 ****** Separate RCCs ****** 
 ****** Separate Rank1Cuts ****** 
it= 4   ncol= 1417  ncstr= 659  mt= 0.1   spt= 0.2   lpval= 94002.9   ub= 94043.0  
-----------------------------------------------------------------------------------------
elapsed time= 36.94 s.
-----------------------------------------------------------------------------------------
delete columns= 243897 remain= 211150
 ****** Separate RCCs ****** 
 ****** Separate Rank1Cuts ****** 
it= 3   ncol= 1443  ncstr= 612  mt= 0.1   spt= 0.1   lpval= 94005.7   ub= 94043.0  
-----------------------------------------------------------------------------------------
elapsed time= 39.22 s.
-----------------------------------------------------------------------------------------
delete columns= 78516 remain= 132634
 ****** Separate RCCs ****** 
 ****** Separate Rank1Cuts ****** 
it= 4   ncol= 1443  ncstr= 611  mt= 0.0   spt= 0.0   lpval= 94006.9   ub= 94043.0  
-----------------------------------------------------------------------------------------
elapsed time= 40.85 s.
-----------------------------------------------------------------------------------------
columns pending deletion= 18200 remain= 132634 col ratio= 0.86278 row ratio= 0.91162
[1;36m[REMIND] 2: gap improved= 1.202053 ratio= 0.033254 threshold= 0.040000 in function increaseCondition2 at /blue/yu.yang1/you.z/route_opt/packages/application/X-n313-k71/src/main/src/call_cutting.cpp:74[0m
 ****** Separate RCCs ****** 
 ****** Separate Rank1Cuts ****** 
it= 3   ncol= 1434  ncstr= 696  mt= 0.1   spt= 0.0   lpval= 94008.1   ub= 94043.0  
-----------------------------------------------------------------------------------------
elapsed time= 41.76 s.
-----------------------------------------------------------------------------------------
columns pending deletion= 31099 remain= 132634 col ratio= 0.765528 row ratio= 0.833333
[1;36m[REMIND] 2: gap improved= 1.263116 ratio= 0.036209 threshold= 0.040000 in function increaseCondition2 at /blue/yu.yang1/you.z/route_opt/packages/application/X-n313-k71/src/main/src/call_cutting.cpp:74[0m
 ****** Separate RCCs ****** 
 ****** Separate Rank1Cuts ****** 
it= 4   ncol= 1464  ncstr= 768  mt= 0.1   spt= 0.1   lpval= 94008.7   ub= 94043.0  
-----------------------------------------------------------------------------------------
elapsed time= 42.67 s.
-----------------------------------------------------------------------------------------
delete columns= 39323 remain= 93311
[1;36m[REMIND] 2: gap improved= 0.598972 ratio= 0.017470 threshold= 0.040000 in function increaseCondition2 at /blue/yu.yang1/you.z/route_opt/packages/application/X-n313-k71/src/main/src/call_cutting.cpp:74[0m
[1;36m[REMIND] tail off counter= 3 threshold= 3 in function setIfTailOff at /blue/yu.yang1/you.z/route_opt/packages/application/X-n313-k71/src/main/src/call_cutting.cpp:150[0m
[1;36m[REMIND] opt_k not found for node 1, use m directly in function getOptK at /blue/yu.yang1/you.z/route_opt/packages/branching/bkf/include/bkf_controller.hpp:239[0m
current_r_best= 12.3522
we directly test 100
we directly test 4
pseudo= 50 frac= 50
#candidates in phase1= 100
testing lp time= 36.21 s.
-----------------------------------------------------------------------------------------
 70-121 , 145.89|   0-121 , 145.89|  18-108 ,  91.52|  30-269 ,  69.09|  30-202 ,  57.74| 
 29-218 ,  51.94| 108-218 ,  48.10|   0-106 ,  46.19|  11-198 ,  44.13|  32-152 ,  41.97| 
126-152 ,  41.12| 270-279 ,  40.83|  52-296 ,  40.61| 136-143 ,  40.61|  30-276 ,  39.37| 
  0-136 ,  38.20|  84-116 ,  34.53| 125-287 ,  33.24|   2-79  ,  32.57|  82-182 ,  31.88| 
  9-126 ,  31.03|   4-84  ,  30.87|  57-64  ,  29.91| 260-279 ,  28.77|   0-127 ,  27.83| 
207-230 ,  27.13|   0-207 ,  27.13|   0-57  ,  24.49|  19-106 ,  21.14|  24-257 ,  20.85| 
  7-127 ,  20.80|  90-302 ,  20.54|   0-132 ,  20.54| 102-133 ,  19.96|   4-106 ,  19.54| 
189-214 ,  17.19| 141-295 ,  16.76| 233-263 ,  16.25| 223-227 ,  16.25| 233-246 ,  16.25| 
106-202 ,  16.03| 107-287 ,  14.28|  86-267 ,  14.28| 189-250 ,  14.21|  85-105 ,  13.74| 
254-308 ,  12.85|  27-50  ,  12.71|   0-85  ,  12.37|  79-89  ,  12.34|   2-106 ,  12.13| 
 42-231 ,  11.95|  94-135 ,  11.72|   0-130 ,  10.40|  24-165 ,   9.68| 127-145 ,   9.18| 
 90-116 ,   8.58|   0-134 ,   8.30|  59-68  ,   8.29|  12-134 ,   8.29|  12-76  ,   8.29| 
 59-76  ,   8.29|   0-76  ,   8.29|   0-312 ,   7.89|   3-82  ,   7.34|  24-190 ,   7.12| 
215-297 ,   6.99|   9-82  ,   5.81| 115-207 ,   5.60|  42-173 ,   5.29|   0-155 ,   4.89| 
 87-202 ,   4.59|   0-30  ,   4.34| 190-226 ,   4.10|  67-185 ,   4.07|  54-285 ,   3.77| 
114-266 ,   3.77|   3-115 ,   3.70|   2-64  ,   3.40|  25-226 ,   3.08|  67-271 ,   2.91| 
248-266 ,   2.86|   2-57  ,   2.63|  18-107 ,   2.55|  61-302 ,   2.55|  45-215 ,   2.47| 
 45-195 ,   2.47| 149-191 ,   2.40| 185-245 ,   2.04|  38-173 ,   2.03| 173-291 ,   1.93| 
163-256 ,   1.85|  48-99  ,   1.72|  61-107 ,   1.55|  10-216 ,   1.48| 108-301 ,   1.27| 
  5-21  ,   1.25|   0-216 ,   1.06| 205-271 ,   1.06|   0-274 ,   0.68| 222-264 ,   0.41| 
-----------------------------------------------------------------------------------------
edge= 30 269 lp= 2.59441 pre= 2 lp2= 26.6295 pre2= 2 score= 69.0878
-----------------------------------------------------------------------------------------
edge= 0 121 lp= 5.39669 pre= 2 lp2= 27.0337 pre2= 1 score= 145.893
-----------------------------------------------------------------------------------------
edge= 18 108 lp= 2.09644 pre= 2 lp2= 43.6568 pre2= 2 score= 91.524
-----------------------------------------------------------------------------------------
edge= 70 121 lp= 27.0337 pre= 2 lp2= 5.39671 pre2= 2 score= 145.893
-----------------------------------------------------------------------------------------
candidate= 70-121 : -
-----------------------------------------------------------------------------------------
it= 6   ncol= 1582  ncstr= 598  mt= 0.4   spt= 0.0   lpval= 94030.8   ub= 94043.0  
-----------------------------------------------------------------------------------------
elapsed time= 79.57 s.
-----------------------------------------------------------------------------------------
candidate= 0-121 : -
-----------------------------------------------------------------------------------------
it= 3   ncol= 1487  ncstr= 598  mt= 0.4   spt= 0.0   lpval= 94013.8   ub= 94043.0  
-----------------------------------------------------------------------------------------
elapsed time= 80.00 s.
-----------------------------------------------------------------------------------------
brc= 0-121
t= 0.181044 c= 40.6278 n= 0 if_b4= 0
t= 0.439909 c= 58.2924 n= 0 if_b4= 0
#########################################################################################
tree size= 1 lb= 94008.7 ub= 94043
#########################################################################################
idx= 1 value= 94008.7 enu= 1
brc= 50-103 : -
brc= 76-103 : -
brc= 49-105 : -
brc= 70-133 : -
brc= 74-217 : +
brc= 250-278 : -
brc= 56-164 : -
brc= 167-232 : +
brc= 33-56 : +
brc= 141-175 : -
brc= 62-68 : +
brc= 19-60 : -
brc= 162-208 : +
brc= 125-224 : -
brc= 13-104 : +
brc= 221-228 : -
brc= 139-269 : +
brc= 106-207 : -
brc= 19-128 : -
brc= 189-278 : -
brc= 7-56 : +
brc= 164-228 : +
brc= 0-121 : +
it= 5   ncol= 1570  ncstr= 597  mt= 0.4   spt= 0.0   lpval= 94030.8   ub= 94043.0  
-----------------------------------------------------------------------------------------
elapsed time= 81.75 s.
-----------------------------------------------------------------------------------------
delete columns= 89986 remain= 3301
 ****** Separate RCCs ****** 
 ****** Separate Rank1Cuts ****** 
it= 4   ncol= 1337  ncstr= 600  mt= 0.0   spt= 0.0   lpval= 94034.6   ub= 94043.0  
-----------------------------------------------------------------------------------------
elapsed time= 82.44 s.
-----------------------------------------------------------------------------------------
delete columns= 1739 remain= 1562
mip: row= 524 col= 2729 density= 3.64155%
mip time= 0.63 s.
mip status= 6
update f from 0 to 8.41537
#########################################################################################
tree size= 0 lb= 94008.7 ub= 94043
#########################################################################################
idx= 2 value= 94008.7 enu= 1
brc= 50-103 : -
brc= 76-103 : -
brc= 49-105 : -
brc= 70-133 : -
brc= 74-217 : +
brc= 250-278 : -
brc= 56-164 : -
brc= 167-232 : +
brc= 33-56 : +
brc= 141-175 : -
brc= 62-68 : +
brc= 19-60 : -
brc= 162-208 : +
brc= 125-224 : -
brc= 13-104 : +
brc= 221-228 : -
brc= 139-269 : +
brc= 106-207 : -
brc= 19-128 : -
brc= 189-278 : -
brc= 7-56 : +
brc= 164-228 : +
brc= 0-121 : -
it= 3   ncol= 1490  ncstr= 597  mt= 0.0   spt= 0.0   lpval= 94013.8   ub= 94043.0  
-----------------------------------------------------------------------------------------
elapsed time= 83.44 s.
-----------------------------------------------------------------------------------------
delete columns= 42669 remain= 50641
 ****** Separate RCCs ****** 
 ****** Separate Rank1Cuts ****** 
it= 3   ncol= 1461  ncstr= 628  mt= 0.0   spt= 0.0   lpval= 94014.6   ub= 94043.0  
-----------------------------------------------------------------------------------------
elapsed time= 84.20 s.
-----------------------------------------------------------------------------------------
columns pending deletion= 7937 remain= 50641 col ratio= 0.843269 row ratio= 0.896497
[1;36m[REMIND] 2: gap improved= 0.828731 ratio= 0.029198 threshold= 0.040000 in function increaseCondition2 at /blue/yu.yang1/you.z/route_opt/packages/application/X-n313-k71/src/main/src/call_cutting.cpp:74[0m
 ****** Separate RCCs ****** 
 ****** Separate Rank1Cuts ****** 
it= 3   ncol= 1461  ncstr= 675  mt= 0.0   spt= 0.0   lpval= 94015.0   ub= 94043.0  
-----------------------------------------------------------------------------------------
elapsed time= 84.77 s.
-----------------------------------------------------------------------------------------
columns pending deletion= 12618 remain= 50641 col ratio= 0.750834 row ratio= 0.851852
[1;36m[REMIND] 2: gap improved= 0.394742 ratio= 0.014104 threshold= 0.040000 in function increaseCondition2 at /blue/yu.yang1/you.z/route_opt/packages/application/X-n313-k71/src/main/src/call_cutting.cpp:74[0m
 ****** Separate Rank1Cuts ****** 
it= 3   ncol= 1465  ncstr= 726  mt= 0.0   spt= 0.0   lpval= 94015.1   ub= 94043.0  
-----------------------------------------------------------------------------------------
elapsed time= 85.31 s.
-----------------------------------------------------------------------------------------
delete columns= 14291 remain= 36350
current_r_best= 4.61457
alpha= 0.37 beta= 4.22227 omega= 224.408 k1= 15
lb_k= 1 ub_k= 37
revise: lb_k= 12 ub_k= 19
opt_k= 16
alpha= 0.75 beta= 4.22227 omega= 132.51 k1= 3
lb_k= 1 ub_k= 3
revise: lb_k= 2 ub_k= 3
opt_k= 3
pseudo= 50 frac= 50
#candidates in phase1= 16
testing lp time= 5.59 s.
-----------------------------------------------------------------------------------------
 18-108 , 110.58|  64-128 ,  83.78|   4-32  ,  67.61|  30-202 ,  56.88|   3-174 ,  53.24| 
 28-32  ,  47.36|  99-102 ,  40.60|   0-207 ,  37.84| 202-207 ,  37.84|   2-79  ,  37.38| 
 51-152 ,  30.93| 204-208 ,  28.82|   3-269 ,  28.01|  82-128 ,  14.53| 106-128 ,  12.56| 
248-266 ,   3.43| 
-----------------------------------------------------------------------------------------
edge= 4 32 lp= 0.818978 pre= 2 lp2= 82.554 pre2= 2 score= 67.6099
-----------------------------------------------------------------------------------------
edge= 64 128 lp= 0.932516 pre= 2 lp2= 89.845 pre2= 2 score= 83.7819
-----------------------------------------------------------------------------------------
edge= 18 108 lp= 1.88403 pre= 2 lp2= 58.6956 pre2= 2 score= 110.585
-----------------------------------------------------------------------------------------
candidate= 18-108 : -
-----------------------------------------------------------------------------------------
it= 4   ncol= 1505  ncstr= 595  mt= 0.4   spt= 0.0   lpval= 94016.6   ub= 94043.0  
-----------------------------------------------------------------------------------------
elapsed time= 91.79 s.
-----------------------------------------------------------------------------------------
candidate= 18-108 : +
-----------------------------------------------------------------------------------------
it= 6   ncol= 1614  ncstr= 595  mt= 0.4   spt= 0.0   lpval= 94040.6   ub= 94043.0  
-----------------------------------------------------------------------------------------
elapsed time= 92.20 s.
-----------------------------------------------------------------------------------------
candidate= 64-128 : -
-----------------------------------------------------------------------------------------
it= 3   ncol= 1478  ncstr= 595  mt= 0.4   spt= 0.0   lpval= 94016.0   ub= 94043.0  
-----------------------------------------------------------------------------------------
elapsed time= 92.56 s.
-----------------------------------------------------------------------------------------
candidate= 64-128 : +
-----------------------------------------------------------------------------------------
it= 5   ncol= 1571  ncstr= 595  mt= 0.5   spt= 0.0   lpval= 94056.4   ub= 94043.0  
-----------------------------------------------------------------------------------------
elapsed time= 93.05 s.
-----------------------------------------------------------------------------------------
candidate= 4-32 : -
-----------------------------------------------------------------------------------------
it= 3   ncol= 1482  ncstr= 595  mt= 0.3   spt= 0.0   lpval= 94015.9   ub= 94043.0  
-----------------------------------------------------------------------------------------
elapsed time= 93.40 s.
-----------------------------------------------------------------------------------------
candidate= 4-32 : +
-----------------------------------------------------------------------------------------
it= 3   ncol= 1564  ncstr= 595  mt= 0.4   spt= 0.0   lpval= 94054.5   ub= 94043.0  
-----------------------------------------------------------------------------------------
elapsed time= 93.79 s.
-----------------------------------------------------------------------------------------
brc= 18-108
t= 0.177851 c= 22.1454 n= 1 if_b4= 0
t= 0.418073 c= 31.7806 n= 1 if_b4= 0
#########################################################################################
tree size= 1 lb= 94015.1 ub= 94043
#########################################################################################
idx= 3 value= 94015.1 enu= 1
brc= 50-103 : -
brc= 76-103 : -
brc= 49-105 : -
brc= 70-133 : -
brc= 74-217 : +
brc= 250-278 : -
brc= 56-164 : -
brc= 167-232 : +
brc= 33-56 : +
brc= 141-175 : -
brc= 62-68 : +
brc= 19-60 : -
brc= 162-208 : +
brc= 125-224 : -
brc= 13-104 : +
brc= 221-228 : -
brc= 139-269 : +
brc= 106-207 : -
brc= 19-128 : -
brc= 189-278 : -
brc= 7-56 : +
brc= 164-228 : +
brc= 0-121 : -
brc= 18-108 : +
it= 6   ncol= 1580  ncstr= 594  mt= 0.4   spt= 0.0   lpval= 94040.6   ub= 94043.0  
-----------------------------------------------------------------------------------------
elapsed time= 95.24 s.
-----------------------------------------------------------------------------------------
delete columns= 35717 remain= 522
 ****** Separate RCCs ****** 
 ****** Separate Rank1Cuts ****** 
it= 3   ncol= 662   ncstr= 569  mt= 0.0   spt= 0.0   lpval= 94050.9   ub= 94043.0  
-----------------------------------------------------------------------------------------
elapsed time= 95.77 s.
-----------------------------------------------------------------------------------------
#########################################################################################
tree size= 0 lb= 94015.1 ub= 94043
#########################################################################################
idx= 4 value= 94015.1 enu= 1
brc= 50-103 : -
brc= 76-103 : -
brc= 49-105 : -
brc= 70-133 : -
brc= 74-217 : +
brc= 250-278 : -
brc= 56-164 : -
brc= 167-232 : +
brc= 33-56 : +
brc= 141-175 : -
brc= 62-68 : +
brc= 19-60 : -
brc= 162-208 : +
brc= 125-224 : -
brc= 13-104 : +
brc= 221-228 : -
brc= 139-269 : +
brc= 106-207 : -
brc= 19-128 : -
brc= 189-278 : -
brc= 7-56 : +
brc= 164-228 : +
brc= 0-121 : -
brc= 18-108 : -
it= 3   ncol= 1496  ncstr= 594  mt= 0.0   spt= 0.0   lpval= 94016.6   ub= 94043.0  
-----------------------------------------------------------------------------------------
elapsed time= 95.84 s.
-----------------------------------------------------------------------------------------
columns pending deletion= 6252 remain= 36345 col ratio= 0.827982 row ratio= 0.924242
 ****** Separate RCCs ****** 
 ****** Separate Rank1Cuts ****** 
it= 4   ncol= 1478  ncstr= 666  mt= 0.1   spt= 0.0   lpval= 94017.6   ub= 94043.0  
-----------------------------------------------------------------------------------------
elapsed time= 96.43 s.
-----------------------------------------------------------------------------------------
columns pending deletion= 10285 remain= 36345 col ratio= 0.717017 row ratio= 0.846847
[1;36m[REMIND] 2: gap improved= 0.991144 ratio= 0.039003 threshold= 0.040000 in function increaseCondition2 at /blue/yu.yang1/you.z/route_opt/packages/application/X-n313-k71/src/main/src/call_cutting.cpp:74[0m
 ****** Separate RCCs ****** 
 ****** Separate Rank1Cuts ****** 
it= 4   ncol= 1482  ncstr= 723  mt= 0.1   spt= 0.0   lpval= 94017.9   ub= 94043.0  
-----------------------------------------------------------------------------------------
elapsed time= 96.99 s.
-----------------------------------------------------------------------------------------
delete columns= 11824 remain= 24521
[1;36m[REMIND] 2: gap improved= 0.271379 ratio= 0.010795 threshold= 0.040000 in function increaseCondition2 at /blue/yu.yang1/you.z/route_opt/packages/application/X-n313-k71/src/main/src/call_cutting.cpp:74[0m
 ****** Separate Rank1Cuts ****** 
it= 3   ncol= 1484  ncstr= 623  mt= 0.0   spt= 0.0   lpval= 94018.0   ub= 94043.0  
-----------------------------------------------------------------------------------------
elapsed time= 98.05 s.
-----------------------------------------------------------------------------------------
columns pending deletion= 1007 remain= 24521 col ratio= 0.958933 row ratio= 0.94382
[1;36m[REMIND] 2: gap improved= 0.166638 ratio= 0.006673 threshold= 0.040000 in function increaseCondition2 at /blue/yu.yang1/you.z/route_opt/packages/application/X-n313-k71/src/main/src/call_cutting.cpp:74[0m
[1;36m[REMIND] tail off counter= 3 threshold= 3 in function setIfTailOff at /blue/yu.yang1/you.z/route_opt/packages/application/X-n313-k71/src/main/src/call_cutting.cpp:150[0m
current_r_best= 2.15329
alpha= 0.37 beta= 7.68983 omega= 124.517 k1= 16
lb_k= 1 ub_k= 37
revise: lb_k= 12 ub_k= 21
opt_k= 17
alpha= 0.75 beta= 7.68983 omega= 76.0169 k1= 3
lb_k= 1 ub_k= 3
revise: lb_k= 1 ub_k= 3
opt_k= 3
pseudo= 50 frac= 50
#candidates in phase1= 17
testing lp time= 6.69 s.
-----------------------------------------------------------------------------------------
 52-296 ,  41.53|  30-202 ,  37.62|   2-132 ,  34.11|   3-174 ,  32.74|   9-32  ,  28.63| 
 51-116 ,  27.94|  64-130 ,  27.94|  30-276 ,  27.79| 116-155 ,  16.45|   2-79  ,  14.96| 
164-175 ,  10.97|   0-214 ,   7.49| 224-289 ,   3.49| 219-264 ,   1.20|  57-84  ,   0.89| 
  2-130 ,   0.70| 111-193 ,   0.43| 
-----------------------------------------------------------------------------------------
edge= 2 132 lp= 0.7837 pre= 2 lp2= 43.521 pre2= 2 score= 34.1074
-----------------------------------------------------------------------------------------
edge= 30 202 lp= 9.48828 pre= 2 lp2= 3.96537 pre2= 2 score= 37.6245
-----------------------------------------------------------------------------------------
edge= 52 296 lp= 11.893 pre= 2 lp2= 3.49227 pre2= 2 score= 41.5336
-----------------------------------------------------------------------------------------
candidate= 52-296 : -
-----------------------------------------------------------------------------------------
it= 4   ncol= 1540  ncstr= 624  mt= 0.3   spt= 0.0   lpval= 94029.2   ub= 94043.0  
-----------------------------------------------------------------------------------------
elapsed time= 105.06 s.
-----------------------------------------------------------------------------------------
candidate= 52-296 : +
-----------------------------------------------------------------------------------------
it= 4   ncol= 1525  ncstr= 624  mt= 0.3   spt= 0.0   lpval= 94021.2   ub= 94043.0  
-----------------------------------------------------------------------------------------
elapsed time= 105.41 s.
-----------------------------------------------------------------------------------------
candidate= 30-202 : -
-----------------------------------------------------------------------------------------
it= 3   ncol= 1517  ncstr= 624  mt= 0.5   spt= 0.0   lpval= 94024.8   ub= 94043.0  
-----------------------------------------------------------------------------------------
elapsed time= 105.88 s.
-----------------------------------------------------------------------------------------
brc= 52-296
t= 0.184132 c= 15.7157 n= 2 if_b4= 0
t= 0.404648 c= 23.0648 n= 2 if_b4= 0
#########################################################################################
tree size= 1 lb= 94018 ub= 94043
#########################################################################################
idx= 5 value= 94018 enu= 1
brc= 50-103 : -
brc= 76-103 : -
brc= 49-105 : -
brc= 70-133 : -
brc= 74-217 : +
brc= 250-278 : -
brc= 56-164 : -
brc= 167-232 : +
brc= 33-56 : +
brc= 141-175 : -
brc= 62-68 : +
brc= 19-60 : -
brc= 162-208 : +
brc= 125-224 : -
brc= 13-104 : +
brc= 221-228 : -
brc= 139-269 : +
brc= 106-207 : -
brc= 19-128 : -
brc= 189-278 : -
brc= 7-56 : +
brc= 164-228 : +
brc= 0-121 : -
brc= 18-108 : -
brc= 52-296 : +
it= 4   ncol= 1484  ncstr= 623  mt= 0.3   spt= 0.0   lpval= 94021.2   ub= 94043.0  
-----------------------------------------------------------------------------------------
elapsed time= 107.28 s.
-----------------------------------------------------------------------------------------
delete columns= 9528 remain= 13793
 ****** Separate RCCs ****** 
 ****** Separate Rank1Cuts ****** 
it= 3   ncol= 1432  ncstr= 569  mt= 0.0   spt= 0.0   lpval= 94022.4   ub= 94043.0  
-----------------------------------------------------------------------------------------
elapsed time= 107.78 s.
-----------------------------------------------------------------------------------------
columns pending deletion= 2874 remain= 13793 col ratio= 0.791633 row ratio= 0.942004
mip: row= 536 col= 12334 density= 4.71644%
mip time= 10.80 s.
mip status= 6
update f from 8.41537 to 20.5966
#########################################################################################
tree size= 0 lb= 94018 ub= 94043
#########################################################################################
idx= 6 value= 94018 enu= 1
brc= 50-103 : -
brc= 76-103 : -
brc= 49-105 : -
brc= 70-133 : -
brc= 74-217 : +
brc= 250-278 : -
brc= 56-164 : -
brc= 167-232 : +
brc= 33-56 : +
brc= 141-175 : -
brc= 62-68 : +
brc= 19-60 : -
brc= 162-208 : +
brc= 125-224 : -
brc= 13-104 : +
brc= 221-228 : -
brc= 139-269 : +
brc= 106-207 : -
brc= 19-128 : -
brc= 189-278 : -
brc= 7-56 : +
brc= 164-228 : +
brc= 0-121 : -
brc= 18-108 : -
brc= 52-296 : -
it= 4   ncol= 1543  ncstr= 623  mt= 0.1   spt= 0.0   lpval= 94029.2   ub= 94043.0  
-----------------------------------------------------------------------------------------
elapsed time= 118.72 s.
-----------------------------------------------------------------------------------------
delete columns= 20087 remain= 3408
 ****** Separate RCCs ****** 
 ****** Separate Rank1Cuts ****** 
it= 3   ncol= 1375  ncstr= 617  mt= 0.0   spt= 0.0   lpval= 94033.8   ub= 94043.0  
-----------------------------------------------------------------------------------------
elapsed time= 119.68 s.
-----------------------------------------------------------------------------------------
delete columns= 1802 remain= 1606
mip: row= 524 col= 2749 density= 3.26385%
mip time= 0.56 s.
mip status= 6
#########################################################################################
[32m<Instance: X-n313-k71>
<Solution>
<UB= 94043>
<LB= 94043>
<Elapsed Time= 120.5>
<Nodes Explored= 7>
<Global Gap= 0%>[0m
#########################################################################################
File nodes/X-n313-k71_4_2_0_1_1_1_1_3_0_G32.node deleted successfully.
