application type: CVRP
X-n313-k71_6_0_0_15_3_G32.node
Set parameter ServerTimeout to value 600
Set parameter TokenServer to value "grb-ts.ufhpc"
Set parameter Threads to value 1
instance name= X-n313-k71
#########################################################################################
tree size= 0 lb= 0 ub= 94044
#########################################################################################
idx= 7 value= 93981.1 enu= 0
brc= 50-103 : -
brc= 76-103 : -
brc= 49-105 : -
brc= 70-133 : -
brc= 74-217 : -
brc= 233-246 : -
brc= 164-175 : +
brc= 167-232 : +
brc= 223-246 : +
brc= 13-104 : -
brc= 3-269 : -
brc= 250-278 : -
brc= 141-164 : -
brc= 220-305 : -
brc= 12-134 : -
brc= 74-260 : -
brc= 86-243 : -
brc= 3-128 : -
brc= 57-130 : -
brc= 142-152 : -
brc= 9-51 : -
brc= 19-60 : -
brc= 9-128 : -
brc= 64-89 : -
brc= 29-218 : +
brc= 164-295 : -
brc= 56-299 : -
brc= 82-182 : -
brc= 19-237 : +
-----------------------------------------------------------------------------------------
 ****** Pricing Level: LIGHT HEUR ****** 
it= 15  ncol= 1307  ncstr= 597  mt= 0.6   spt= 0.4   lpval= 94027.3   ub= 94043.0  
 ****** Pricing Level: HEAVY HEUR ****** 
it= 8   ncol= 1440  ncstr= 597  mt= 0.3   spt= 0.6   lpval= 94006.2   ub= 94043.0  
 ****** Pricing Level: EXACT ****** 
it= 4   ncol= 1595  ncstr= 597  mt= 0.1   spt= 7.0   lpval= 94005.8   ub= 94043.0  
-----------------------------------------------------------------------------------------
elapsed time= 12.92 s.
-----------------------------------------------------------------------------------------
-----------------------------------------------------------------------------------------
 ****** Run Arc Elimination ****** 
arc elimination time= 6.63 s.
previous= 56.5661% maximum= 2.08369%
eliminate bucket arcs time= 0.70 s.
obtain jump arcs time= 0.01 s.
-----------------------------------------------------------------------------------------
-----------------------------------------------------------------------------------------
elapsed time= 20.60 s.
-----------------------------------------------------------------------------------------
-----------------------------------------------------------------------------------------
 ****** Try Enumeration ****** 
#labels= 151417 #routes= 8
labeling 1 time= 3.11 s.
concatenate time= 5.94 s.
#routes= 200677
average gap of successful enumeration= 0.00038521
next try value > 93975
-----------------------------------------------------------------------------------------
elapsed time= 29.75 s.
-----------------------------------------------------------------------------------------
 ****** Process Enumeration Matrix ****** 
delete non-ele routes lp val= 94006.2
recover rank1c lp val= 94006.5
recover rcc lp val= 94006.8
obtain rcc coefficient time= 0.04 s.
obtain r1c coefficient time= 0.35 s.
obtain matrix from triplets time= 0.42 s.
delete columns by branch time= 0.00 s.
columns pending deletion= 183 remain= 200677 col ratio= 0.999088 row ratio= 1
regenerate enumeration matrix time= 0.00 s.
-----------------------------------------------------------------------------------------
elapsed time= 32.01 s.
-----------------------------------------------------------------------------------------
it= 4   ncol= 1255  ncstr= 558  mt= 0.0   spt= 0.1   lpval= 94006.5   ub= 94043.0  
-----------------------------------------------------------------------------------------
elapsed time= 32.13 s.
-----------------------------------------------------------------------------------------
columns pending deletion= 45203 remain= 200677 col ratio= 0.774747 row ratio= 0.912186
 ****** Separate RCCs ****** 
 ****** Separate Rank1Cuts ****** 
it= 4   ncol= 1200  ncstr= 624  mt= 0.1   spt= 0.1   lpval= 94011.9   ub= 94043.0  
-----------------------------------------------------------------------------------------
elapsed time= 32.86 s.
-----------------------------------------------------------------------------------------
delete columns= 126835 remain= 73842
 ****** Separate RCCs ****** 
 ****** Separate Rank1Cuts ****** 
it= 4   ncol= 1198  ncstr= 595  mt= 0.1   spt= 0.0   lpval= 94013.6   ub= 94043.0  
-----------------------------------------------------------------------------------------
elapsed time= 33.93 s.
-----------------------------------------------------------------------------------------
columns pending deletion= 16067 remain= 73842 col ratio= 0.782414 row ratio= 0.897479
 ****** Separate RCCs ****** 
 ****** Separate Rank1Cuts ****** 
it= 3   ncol= 1229  ncstr= 658  mt= 0.1   spt= 0.0   lpval= 94014.4   ub= 94043.0  
-----------------------------------------------------------------------------------------
elapsed time= 34.61 s.
-----------------------------------------------------------------------------------------
delete columns= 25487 remain= 48355
[1;36m[REMIND] 2: gap improved= 0.816865 ratio= 0.028531 threshold= 0.040000 in function increaseCondition2 at /blue/yu.yang1/you.z/route_opt/packages/application/X-n313-k71/src/main/src/call_cutting.cpp:74[0m
 ****** Separate RCCs ****** 
 ****** Separate Rank1Cuts ****** 
it= 3   ncol= 1237  ncstr= 568  mt= 0.0   spt= 0.0   lpval= 94014.6   ub= 94043.0  
-----------------------------------------------------------------------------------------
elapsed time= 35.45 s.
-----------------------------------------------------------------------------------------
columns pending deletion= 2345 remain= 48355 col ratio= 0.951504 row ratio= 0.957746
[1;36m[REMIND] 2: gap improved= 0.181468 ratio= 0.006379 threshold= 0.040000 in function increaseCondition2 at /blue/yu.yang1/you.z/route_opt/packages/application/X-n313-k71/src/main/src/call_cutting.cpp:74[0m
 ****** Separate Rank1Cuts ****** 
it= 2   ncol= 1222  ncstr= 595  mt= 0.0   spt= 0.0   lpval= 94014.8   ub= 94043.0  
-----------------------------------------------------------------------------------------
elapsed time= 35.88 s.
-----------------------------------------------------------------------------------------
columns pending deletion= 3832 remain= 48355 col ratio= 0.920753 row ratio= 0.92437
[1;36m[REMIND] 2: gap improved= 0.275620 ratio= 0.009783 threshold= 0.040000 in function increaseCondition2 at /blue/yu.yang1/you.z/route_opt/packages/application/X-n313-k71/src/main/src/call_cutting.cpp:74[0m
[1;36m[REMIND] tail off counter= 3 threshold= 3 in function setIfTailOff at /blue/yu.yang1/you.z/route_opt/packages/application/X-n313-k71/src/main/src/call_cutting.cpp:150[0m
[1;36m[REMIND] opt_k not found for node 7, use m directly in function getOptK at /blue/yu.yang1/you.z/route_opt/packages/branching/bkf/include/bkf_controller.hpp:239[0m
current_r_best= 24.4886
we directly test 100
we directly test 4
pseudo= 50 frac= 50
#candidates in phase1= 100
testing lp time= 34.11 s.
-----------------------------------------------------------------------------------------
  0-64  , 122.16|  81-183 , 113.96|  24-257 , 102.12|  57-64  ,  79.35|   0-57  ,  79.19| 
 71-109 ,  74.02| 109-138 ,  71.96|  59-76  ,  63.93|  51-84  ,  61.24|  41-261 ,  60.55| 
126-152 ,  56.36|   0-27  ,  56.08| 130-269 ,  55.84| 237-269 ,  55.84|   0-19  ,  55.84| 
 24-299 ,  55.08| 278-299 ,  55.08|  27-138 ,  51.34| 188-197 ,  51.07|   0-133 ,  47.75| 
 62-68  ,  46.76|  62-296 ,  46.76|   0-59  ,  46.76|  59-68  ,  46.64|   0-130 ,  46.63| 
  4-82  ,  45.06|   0-62  ,  44.70|  59-292 ,  43.87|   4-137 ,  42.97|   9-126 ,  42.45| 
  0-292 ,  41.54| 178-292 ,  41.54| 124-292 ,  37.03|  23-88  ,  37.03| 110-182 ,  37.03| 
192-209 ,  35.38|  47-192 ,  35.38|  43-164 ,  34.58|  30-79  ,  31.76|   0-76  ,  31.18| 
  0-212 ,  30.78| 154-212 ,  30.78|  62-182 ,  30.59| 258-311 ,  29.82|   0-139 ,  28.02| 
  2-139 ,  28.02|   3-60  ,  27.65| 106-207 ,  25.90|   0-12  ,  25.57|  61-107 ,  25.55| 
  0-303 ,  25.15| 243-311 ,  25.15|   0-53  ,  24.09|  53-274 ,  24.08|  61-302 ,  24.08| 
 53-54  ,  23.98|   3-137 ,  23.38|   0-302 ,  23.32|  32-152 ,  21.30| 201-302 ,  20.54| 
 19-128 ,  20.38| 194-200 ,  18.69|  90-302 ,  17.75|  44-133 ,  16.67| 102-133 ,  16.67| 
228-270 ,  16.57|  12-76  ,  16.56| 221-228 ,  15.62| 221-270 ,  14.81| 108-301 ,  14.54| 
  0-110 ,  13.83|   0-121 ,  12.55| 270-279 ,  11.91|   0-270 ,  11.91|   0-295 ,  11.32| 
207-230 ,  10.87| 179-282 ,  10.85|  32-202 ,   8.76| 139-155 ,   7.72|  57-237 ,   7.15| 
 22-266 ,   7.05|  10-22  ,   7.05|   0-85  ,   6.70|  27-286 ,   6.22|  89-106 ,   6.21| 
  0-242 ,   5.57|   0-41  ,   4.55|  77-146 ,   4.20| 104-146 ,   4.20|   0-94  ,   3.92| 
 30-276 ,   3.45|  94-135 ,   3.20| 115-137 ,   2.65| 259-293 ,   2.41| 198-238 ,   2.22| 
108-218 ,   2.12| 185-297 ,   1.51| 185-216 ,   1.39| 185-215 ,   1.39|   0-230 ,   0.91| 
-----------------------------------------------------------------------------------------
edge= 24 257 lp= 2.19686 pre= 2 lp2= 46.4845 pre2= 2 score= 102.12
-----------------------------------------------------------------------------------------
edge= 57 64 lp= 10.3884 pre= 2 lp2= 7.63842 pre2= 2 score= 79.3509
-----------------------------------------------------------------------------------------
edge= 81 183 lp= 2.23434 pre= 2 lp2= 51.0029 pre2= 2 score= 113.958
-----------------------------------------------------------------------------------------
edge= 0 64 lp= 7.45896 pre= 2 lp2= 16.3776 pre2= 2 score= 122.16
-----------------------------------------------------------------------------------------
candidate= 0-64 : -
-----------------------------------------------------------------------------------------
it= 3   ncol= 1275  ncstr= 596  mt= 0.3   spt= 0.0   lpval= 94017.6   ub= 94043.0  
-----------------------------------------------------------------------------------------
elapsed time= 70.35 s.
-----------------------------------------------------------------------------------------
candidate= 81-183 : -
-----------------------------------------------------------------------------------------
it= 3   ncol= 1261  ncstr= 596  mt= 0.3   spt= 0.0   lpval= 94016.9   ub= 94043.0  
-----------------------------------------------------------------------------------------
elapsed time= 70.68 s.
-----------------------------------------------------------------------------------------
candidate= 81-183 : +
-----------------------------------------------------------------------------------------
it= 6   ncol= 1298  ncstr= 596  mt= 0.4   spt= 0.0   lpval= 94027.6   ub= 94043.0  
-----------------------------------------------------------------------------------------
elapsed time= 71.14 s.
-----------------------------------------------------------------------------------------
candidate= 24-257 : -
-----------------------------------------------------------------------------------------
it= 3   ncol= 1233  ncstr= 596  mt= 0.3   spt= 0.0   lpval= 94017.0   ub= 94043.0  
-----------------------------------------------------------------------------------------
elapsed time= 71.43 s.
-----------------------------------------------------------------------------------------
candidate= 24-257 : +
-----------------------------------------------------------------------------------------
it= 5   ncol= 1327  ncstr= 596  mt= 0.4   spt= 0.0   lpval= 94022.3   ub= 94043.0  
-----------------------------------------------------------------------------------------
elapsed time= 71.87 s.
-----------------------------------------------------------------------------------------
candidate= 57-64 : -
-----------------------------------------------------------------------------------------
it= 3   ncol= 1277  ncstr= 596  mt= 0.3   spt= 0.0   lpval= 94020.9   ub= 94043.0  
-----------------------------------------------------------------------------------------
elapsed time= 72.19 s.
-----------------------------------------------------------------------------------------
candidate= 57-64 : +
-----------------------------------------------------------------------------------------
it= 4   ncol= 1284  ncstr= 596  mt= 0.3   spt= 0.0   lpval= 94020.8   ub= 94043.0  
-----------------------------------------------------------------------------------------
elapsed time= 72.49 s.
-----------------------------------------------------------------------------------------
candidate= 0-64 : +
-----------------------------------------------------------------------------------------
it= 3   ncol= 1275  ncstr= 596  mt= 0.4   spt= 0.0   lpval= 94025.3   ub= 94043.0  
-----------------------------------------------------------------------------------------
elapsed time= 72.86 s.
-----------------------------------------------------------------------------------------
brc= 57-64
t= 0.170572 c= 34.7173 n= 0 if_b4= 0
t= 0.357488 c= 50.3445 n= 0 if_b4= 0
#########################################################################################
tree size= 1 lb= 94014.8 ub= 94043
#########################################################################################
idx= 1 value= 94014.8 enu= 1
brc= 50-103 : -
brc= 76-103 : -
brc= 49-105 : -
brc= 70-133 : -
brc= 74-217 : -
brc= 233-246 : -
brc= 164-175 : +
brc= 167-232 : +
brc= 223-246 : +
brc= 13-104 : -
brc= 3-269 : -
brc= 250-278 : -
brc= 141-164 : -
brc= 220-305 : -
brc= 12-134 : -
brc= 74-260 : -
brc= 86-243 : -
brc= 3-128 : -
brc= 57-130 : -
brc= 142-152 : -
brc= 9-51 : -
brc= 19-60 : -
brc= 9-128 : -
brc= 64-89 : -
brc= 29-218 : +
brc= 164-295 : -
brc= 56-299 : -
brc= 82-182 : -
brc= 19-237 : +
brc= 57-64 : +
it= 4   ncol= 1258  ncstr= 595  mt= 0.3   spt= 0.0   lpval= 94020.8   ub= 94043.0  
-----------------------------------------------------------------------------------------
elapsed time= 74.13 s.
-----------------------------------------------------------------------------------------
delete columns= 24213 remain= 20210
 ****** Separate RCCs ****** 
 ****** Separate Rank1Cuts ****** 
it= 3   ncol= 1225  ncstr= 618  mt= 0.0   spt= 0.0   lpval= 94023.1   ub= 94043.0  
-----------------------------------------------------------------------------------------
elapsed time= 75.17 s.
-----------------------------------------------------------------------------------------
delete columns= 6987 remain= 13223
mip: row= 535 col= 14430 density= 4.5687%
mip time= 10.65 s.
mip status= 6
update f from 0 to 19.9006
#########################################################################################
tree size= 0 lb= 94014.8 ub= 94043
#########################################################################################
idx= 2 value= 94014.8 enu= 1
brc= 50-103 : -
brc= 76-103 : -
brc= 49-105 : -
brc= 70-133 : -
brc= 74-217 : -
brc= 233-246 : -
brc= 164-175 : +
brc= 167-232 : +
brc= 223-246 : +
brc= 13-104 : -
brc= 3-269 : -
brc= 250-278 : -
brc= 141-164 : -
brc= 220-305 : -
brc= 12-134 : -
brc= 74-260 : -
brc= 86-243 : -
brc= 3-128 : -
brc= 57-130 : -
brc= 142-152 : -
brc= 9-51 : -
brc= 19-60 : -
brc= 9-128 : -
brc= 64-89 : -
brc= 29-218 : +
brc= 164-295 : -
brc= 56-299 : -
brc= 82-182 : -
brc= 19-237 : +
brc= 57-64 : -
it= 3   ncol= 1250  ncstr= 595  mt= 0.1   spt= 0.0   lpval= 94020.9   ub= 94043.0  
-----------------------------------------------------------------------------------------
elapsed time= 86.30 s.
-----------------------------------------------------------------------------------------
delete columns= 25190 remain= 19184
 ****** Separate RCCs ****** 
 ****** Separate Rank1Cuts ****** 
it= 3   ncol= 1235  ncstr= 579  mt= 0.0   spt= 0.0   lpval= 94024.4   ub= 94043.0  
-----------------------------------------------------------------------------------------
elapsed time= 87.20 s.
-----------------------------------------------------------------------------------------
delete columns= 8487 remain= 10697
mip: row= 533 col= 11880 density= 4.64446%
mip time= 7.56 s.
mip status= 6
#########################################################################################
[32m<Instance: X-n313-k71>
<Solution>
<UB= 94043>
<LB= 94043>
<Elapsed Time= 94.8>
<Nodes Explored= 3>
<Global Gap= 0%>[0m
#########################################################################################
File nodes/X-n313-k71_6_0_0_15_3_G32.node deleted successfully.
