application type: CVRP
X-n313-k71_6_0_2_1_3_G32.node
Set parameter ServerTimeout to value 600
Set parameter TokenServer to value "grb-ts.ufhpc"
Set parameter Threads to value 1
instance name= X-n313-k71
#########################################################################################
tree size= 0 lb= 0 ub= 94044
#########################################################################################
idx= 7 value= 93967.8 enu= 0
brc= 50-103 : -
brc= 76-103 : -
brc= 49-105 : -
brc= 70-133 : -
brc= 74-217 : -
brc= 233-246 : -
brc= 164-175 : +
brc= 167-232 : +
brc= 223-246 : -
brc= 3-269 : -
brc= 128-150 : +
brc= 24-250 : -
brc= 70-121 : +
brc= 19-60 : -
brc= 3-4 : -
brc= 6-19 : -
brc= 3-137 : +
-----------------------------------------------------------------------------------------
 ****** Pricing Level: LIGHT HEUR ****** 
it= 10  ncol= 1515  ncstr= 593  mt= 0.3   spt= 0.3   lpval= 93985.1   ub= 94043.0  
 ****** Pricing Level: HEAVY HEUR ****** 
it= 4   ncol= 1573  ncstr= 593  mt= 0.0   spt= 0.4   lpval= 93982.7   ub= 94043.0  
 ****** Pricing Level: EXACT ****** 
it= 3   ncol= 1633  ncstr= 593  mt= 0.1   spt= 4.9   lpval= 93982.4   ub= 94043.0  
-----------------------------------------------------------------------------------------
elapsed time= 9.63 s.
-----------------------------------------------------------------------------------------
-----------------------------------------------------------------------------------------
 ****** Run Arc Elimination ****** 
arc elimination time= 12.40 s.
previous= 70.7444% maximum= 3.50237%
eliminate bucket arcs time= 0.90 s.
obtain jump arcs time= 0.01 s.
-----------------------------------------------------------------------------------------
-----------------------------------------------------------------------------------------
elapsed time= 23.28 s.
-----------------------------------------------------------------------------------------
-----------------------------------------------------------------------------------------
 ****** Try Enumeration ****** 
max_val= 74810 stop_b= 10 max_idx= 7 num_label= 275894 max_label_in_enumeration= 500000 q= 22.2327 aq.size()= 21 left_bin= 3 left_labels= 224106
status= LABEL_FOR_LIMIT
#labels= 275894 #routes= 22
labeling 1 time= 8.28 s.
next try value > 93983.4
-----------------------------------------------------------------------------------------
elapsed time= 31.62 s.
-----------------------------------------------------------------------------------------
 ****** Separate RCCs ****** 
 ****** Separate Rank1Cuts ****** 
-----------------------------------------------------------------------------------------
 ****** Pricing Level: LIGHT HEUR ****** 
it= 5   ncol= 1689  ncstr= 608  mt= 0.3   spt= 0.2   lpval= 94010.8   ub= 94043.0  
 ****** Pricing Level: HEAVY HEUR ****** 
it= 4   ncol= 1733  ncstr= 608  mt= 0.1   spt= 0.3   lpval= 94001.7   ub= 94043.0  
 ****** Pricing Level: EXACT ****** 
it= 5   ncol= 1761  ncstr= 608  mt= 0.1   spt= 7.2   lpval= 94000.8   ub= 94043.0  
-----------------------------------------------------------------------------------------
elapsed time= 41.22 s.
-----------------------------------------------------------------------------------------
-----------------------------------------------------------------------------------------
 ****** Run Arc Elimination ****** 
arc elimination time= 5.70 s.
previous= 67.0741% maximum= 2.34919%
eliminate bucket arcs time= 0.62 s.
obtain jump arcs time= 0.01 s.
-----------------------------------------------------------------------------------------
-----------------------------------------------------------------------------------------
elapsed time= 47.57 s.
-----------------------------------------------------------------------------------------
-----------------------------------------------------------------------------------------
 ****** Try Enumeration ****** 
#labels= 226440 #routes= 16
labeling 1 time= 5.30 s.
concatenate time= 11.08 s.
#routes= 367692
average gap of successful enumeration= 0.000438288
next try value > 93983.5
-----------------------------------------------------------------------------------------
elapsed time= 64.08 s.
-----------------------------------------------------------------------------------------
 ****** Process Enumeration Matrix ****** 
delete non-ele routes lp val= 94001.5
recover rank1c lp val= 94002
recover rcc lp val= 94002.1
obtain rcc coefficient time= 0.04 s.
obtain r1c coefficient time= 0.64 s.
obtain matrix from triplets time= 0.89 s.
delete columns by branch time= 0.00 s.
columns pending deletion= 203 remain= 367692 col ratio= 0.999448 row ratio= 1
regenerate enumeration matrix time= 0.00 s.
-----------------------------------------------------------------------------------------
elapsed time= 67.22 s.
-----------------------------------------------------------------------------------------
it= 3   ncol= 1445  ncstr= 561  mt= 0.0   spt= 0.1   lpval= 94002.1   ub= 94043.0  
-----------------------------------------------------------------------------------------
elapsed time= 67.36 s.
-----------------------------------------------------------------------------------------
columns pending deletion= 115398 remain= 367692 col ratio= 0.686156 row ratio= 0.918004
 ****** Separate RCCs ****** 
 ****** Separate Rank1Cuts ****** 
it= 3   ncol= 1360  ncstr= 595  mt= 0.0   spt= 0.1   lpval= 94004.2   ub= 94043.0  
-----------------------------------------------------------------------------------------
elapsed time= 67.96 s.
-----------------------------------------------------------------------------------------
delete columns= 156095 remain= 211597
 ****** Separate RCCs ****** 
 ****** Separate Rank1Cuts ****** 
it= 3   ncol= 1385  ncstr= 547  mt= 0.0   spt= 0.0   lpval= 94004.6   ub= 94043.0  
-----------------------------------------------------------------------------------------
elapsed time= 69.43 s.
-----------------------------------------------------------------------------------------
columns pending deletion= 28539 remain= 211597 col ratio= 0.865126 row ratio= 0.968921
[1;36m[REMIND] 2: gap improved= 0.401678 ratio= 0.010467 threshold= 0.040000 in function increaseCondition2 at /blue/yu.yang1/you.z/route_opt/packages/application/X-n313-k71/src/main/src/call_cutting.cpp:74[0m
 ****** Separate RCCs ****** 
 ****** Separate Rank1Cuts ****** 
it= 3   ncol= 1371  ncstr= 609  mt= 0.1   spt= 0.1   lpval= 94005.3   ub= 94043.0  
-----------------------------------------------------------------------------------------
elapsed time= 70.27 s.
-----------------------------------------------------------------------------------------
columns pending deletion= 39648 remain= 211597 col ratio= 0.812625 row ratio= 0.908046
[1;36m[REMIND] 2: gap improved= 0.659283 ratio= 0.017480 threshold= 0.040000 in function increaseCondition2 at /blue/yu.yang1/you.z/route_opt/packages/application/X-n313-k71/src/main/src/call_cutting.cpp:74[0m
 ****** Separate Rank1Cuts ****** 
it= 2   ncol= 1370  ncstr= 641  mt= 0.0   spt= 0.0   lpval= 94005.3   ub= 94043.0  
-----------------------------------------------------------------------------------------
elapsed time= 70.81 s.
-----------------------------------------------------------------------------------------
columns pending deletion= 43611 remain= 211597 col ratio= 0.793896 row ratio= 0.879875
[1;36m[REMIND] opt_k not found for node 7, use m directly in function getOptK at /blue/yu.yang1/you.z/route_opt/packages/branching/bkf/include/bkf_controller.hpp:239[0m
current_r_best= 27.2989
we directly test 100
we directly test 4
pseudo= 50 frac= 50
#candidates in phase1= 100
testing lp time= 38.05 s.
-----------------------------------------------------------------------------------------
  9-150 , 191.47|  74-260 , 154.59|  10-161 , 137.53| 114-267 , 137.53| 245-272 , 137.53| 
  0-114 , 137.53| 243-311 , 137.53| 243-267 , 137.53|  60-64  , 124.00|  53-274 , 107.95| 
  0-53  , 107.95|   0-64  ,  96.49| 234-260 ,  75.04|   0-36  ,  63.08|  29-131 ,  59.10| 
261-305 ,  53.75| 261-286 ,  53.75|  95-312 ,  53.60|  13-104 ,  48.06|   0-65  ,  45.91| 
  4-9   ,  45.71|   9-126 ,  44.49| 126-152 ,  44.48|  13-65  ,  42.67| 114-272 ,  42.22| 
 57-64  ,  40.11|   0-57  ,  40.11|  53-54  ,  40.06|   0-27  ,  39.39|   0-50  ,  39.36| 
192-209 ,  38.73| 211-239 ,  33.89|  51-84  ,  31.59|  30-79  ,  31.33|   0-130 ,  30.00| 
 57-130 ,  29.59|   0-85  ,  26.33| 115-269 ,  26.10|   7-127 ,  25.97|  54-161 ,  25.94| 
 84-130 ,  24.74| 115-139 ,  21.59|  82-182 ,  20.91|  74-248 ,  19.05| 303-311 ,  19.01| 
  0-136 ,  18.96|   0-296 ,  18.81|  22-54  ,  18.77| 117-174 ,  18.58|  19-89  ,  18.51| 
  0-76  ,  15.20|  33-281 ,  15.14| 142-152 ,  14.92|  36-142 ,  14.92|   0-134 ,  14.48| 
 59-68  ,  14.48|  12-76  ,  14.48|  12-134 ,  14.48|   9-28  ,  14.45|   0-19  ,  13.94| 
  0-51  ,  13.19|   4-82  ,  13.18|  47-192 ,  13.13|  74-95  ,  12.68|  95-279 ,  12.68| 
  0-33  ,  12.59|   0-84  ,  11.39|   0-251 ,  10.68|   0-295 ,  10.38|   0-294 ,   9.57| 
222-264 ,   9.02| 271-293 ,   8.89| 117-207 ,   8.81|  21-191 ,   8.71|  28-153 ,   8.62| 
  0-153 ,   8.52|   0-116 ,   8.25|   4-64  ,   8.13|  34-182 ,   7.86|  87-269 ,   7.67| 
102-152 ,   7.43| 109-138 ,   7.18| 145-269 ,   7.18| 212-294 ,   6.64|  89-106 ,   6.46| 
  0-115 ,   6.41| 238-244 ,   4.06| 166-222 ,   4.04| 260-312 ,   3.96|   0-244 ,   3.49| 
  0-43  ,   3.21|   0-4   ,   2.81|   0-305 ,   2.80|  48-153 ,   2.14| 185-297 ,   2.02| 
 34-48  ,   1.38|   0-6   ,   1.32|   0-48  ,   1.27|   0-211 ,   0.34|  57-202 ,   0.00| 
-----------------------------------------------------------------------------------------
edge= 114 267 lp= 1.38053 pre= 2 lp2= 99.6193 pre2= 2 score= 137.528
-----------------------------------------------------------------------------------------
edge= 10 161 lp= 1.38053 pre= 2 lp2= 99.6193 pre2= 2 score= 137.528
-----------------------------------------------------------------------------------------
edge= 74 260 lp= 1.5518 pre= 2 lp2= 99.6193 pre2= 2 score= 154.589
-----------------------------------------------------------------------------------------
edge= 9 150 lp= 1.92207 pre= 2 lp2= 99.6193 pre2= 2 score= 191.475
-----------------------------------------------------------------------------------------
candidate= 9-150 : -
-----------------------------------------------------------------------------------------
it= 3   ncol= 1424  ncstr= 642  mt= 0.3   spt= 0.1   lpval= 94007.2   ub= 94043.0  
-----------------------------------------------------------------------------------------
elapsed time= 109.26 s.
-----------------------------------------------------------------------------------------
candidate= 9-150 : +
-----------------------------------------------------------------------------------------
it= 4   ncol= 1464  ncstr= 642  mt= 0.5   spt= 0.1   lpval= 94032.4   ub= 94043.0  
-----------------------------------------------------------------------------------------
elapsed time= 109.82 s.
-----------------------------------------------------------------------------------------
candidate= 74-260 : -
-----------------------------------------------------------------------------------------
it= 3   ncol= 1440  ncstr= 642  mt= 0.3   spt= 0.1   lpval= 94006.8   ub= 94043.0  
-----------------------------------------------------------------------------------------
elapsed time= 110.23 s.
-----------------------------------------------------------------------------------------
candidate= 74-260 : +
-----------------------------------------------------------------------------------------
it= 5   ncol= 1458  ncstr= 642  mt= 0.4   spt= 0.1   lpval= 94028.6   ub= 94043.0  
-----------------------------------------------------------------------------------------
elapsed time= 110.78 s.
-----------------------------------------------------------------------------------------
candidate= 10-161 : -
-----------------------------------------------------------------------------------------
it= 3   ncol= 1406  ncstr= 642  mt= 0.3   spt= 0.1   lpval= 94006.6   ub= 94043.0  
-----------------------------------------------------------------------------------------
elapsed time= 111.19 s.
-----------------------------------------------------------------------------------------
candidate= 114-267 : -
-----------------------------------------------------------------------------------------
it= 4   ncol= 1458  ncstr= 642  mt= 0.3   spt= 0.1   lpval= 94006.5   ub= 94043.0  
-----------------------------------------------------------------------------------------
elapsed time= 111.62 s.
-----------------------------------------------------------------------------------------
candidate= 10-161 : +
-----------------------------------------------------------------------------------------
it= 8   ncol= 1574  ncstr= 642  mt= 0.4   spt= 0.2   lpval= 94023.2   ub= 94043.0  
-----------------------------------------------------------------------------------------
elapsed time= 112.29 s.
-----------------------------------------------------------------------------------------
candidate= 114-267 : +
-----------------------------------------------------------------------------------------
it= 7   ncol= 1538  ncstr= 642  mt= 0.5   spt= 0.1   lpval= 94026.6   ub= 94043.0  
-----------------------------------------------------------------------------------------
elapsed time= 112.94 s.
-----------------------------------------------------------------------------------------
brc= 9-150
t= 0.190264 c= 70.1658 n= 0 if_b4= 0
t= 0.509292 c= 87.1551 n= 0 if_b4= 0
#########################################################################################
tree size= 1 lb= 94005.3 ub= 94043
#########################################################################################
idx= 1 value= 94005.3 enu= 1
brc= 50-103 : -
brc= 76-103 : -
brc= 49-105 : -
brc= 70-133 : -
brc= 74-217 : -
brc= 233-246 : -
brc= 164-175 : +
brc= 167-232 : +
brc= 223-246 : -
brc= 3-269 : -
brc= 128-150 : +
brc= 24-250 : -
brc= 70-121 : +
brc= 19-60 : -
brc= 3-4 : -
brc= 6-19 : -
brc= 3-137 : +
brc= 9-150 : +
it= 4   ncol= 1405  ncstr= 641  mt= 0.4   spt= 0.1   lpval= 94032.4   ub= 94043.0  
-----------------------------------------------------------------------------------------
elapsed time= 115.48 s.
-----------------------------------------------------------------------------------------
delete columns= 164411 remain= 2810
 ****** Separate RCCs ****** 
 ****** Separate Rank1Cuts ****** 
it= 4   ncol= 1220  ncstr= 583  mt= 0.0   spt= 0.0   lpval= 94037.5   ub= 94043.0  
-----------------------------------------------------------------------------------------
elapsed time= 116.23 s.
-----------------------------------------------------------------------------------------
delete columns= 1704 remain= 1106
mip: row= 501 col= 2079 density= 3.43219%
mip time= 0.14 s.
mip status= 3
update f from 0 to 5.46963
#########################################################################################
tree size= 0 lb= 94005.3 ub= 94043
#########################################################################################
idx= 2 value= 94005.3 enu= 1
brc= 50-103 : -
brc= 76-103 : -
brc= 49-105 : -
brc= 70-133 : -
brc= 74-217 : -
brc= 233-246 : -
brc= 164-175 : +
brc= 167-232 : +
brc= 223-246 : -
brc= 3-269 : -
brc= 128-150 : +
brc= 24-250 : -
brc= 70-121 : +
brc= 19-60 : -
brc= 3-4 : -
brc= 6-19 : -
brc= 3-137 : +
brc= 9-150 : -
it= 3   ncol= 1381  ncstr= 641  mt= 0.0   spt= 0.0   lpval= 94007.2   ub= 94043.0  
-----------------------------------------------------------------------------------------
elapsed time= 116.67 s.
-----------------------------------------------------------------------------------------
columns pending deletion= 26027 remain= 167958 col ratio= 0.845039 row ratio= 0.867395
 ****** Separate Rank1Cuts ****** 
it= 2   ncol= 1386  ncstr= 672  mt= 0.0   spt= 0.0   lpval= 94008.2   ub= 94043.0  
-----------------------------------------------------------------------------------------
elapsed time= 117.15 s.
-----------------------------------------------------------------------------------------
columns pending deletion= 43020 remain= 167958 col ratio= 0.743865 row ratio= 0.834821
[1;36m[REMIND] 2: gap improved= 1.008971 ratio= 0.029018 threshold= 0.040000 in function increaseCondition2 at /blue/yu.yang1/you.z/route_opt/packages/application/X-n313-k71/src/main/src/call_cutting.cpp:74[0m
 ****** Separate RCCs ****** 
 ****** Separate Rank1Cuts ****** 
it= 2   ncol= 1391  ncstr= 708  mt= 0.1   spt= 0.0   lpval= 94008.5   ub= 94043.0  
-----------------------------------------------------------------------------------------
elapsed time= 117.72 s.
-----------------------------------------------------------------------------------------
delete columns= 52768 remain= 115190
[1;36m[REMIND] 2: gap improved= 0.295051 ratio= 0.008558 threshold= 0.040000 in function increaseCondition2 at /blue/yu.yang1/you.z/route_opt/packages/application/X-n313-k71/src/main/src/call_cutting.cpp:74[0m
 ****** Separate Rank1Cuts ****** 
it= 2   ncol= 1402  ncstr= 600  mt= 0.0   spt= 0.0   lpval= 94008.5   ub= 94043.0  
-----------------------------------------------------------------------------------------
elapsed time= 118.75 s.
-----------------------------------------------------------------------------------------
columns pending deletion= 2379 remain= 115190 col ratio= 0.979347 row ratio= 0.94
current_r_best= 2.33804
alpha= 0.37 beta= 12.4019 omega= 368.781 k1= 35
lb_k= 1 ub_k= 37
revise: lb_k= 28 ub_k= 37
opt_k= 37
alpha= 0.75 beta= 12.4019 omega= 171.13 k1= 3
lb_k= 1 ub_k= 3
revise: lb_k= 1 ub_k= 3
opt_k= 3
pseudo= 50 frac= 50
#candidates in phase1= 37
testing lp time= 12.41 s.
-----------------------------------------------------------------------------------------
  0-167 ,  83.98| 113-167 ,  83.98|   0-114 ,  66.84|  57-64  ,  40.75|   0-53  ,  36.88| 
 51-116 ,  33.56|  28-32  ,  32.07|  96-304 ,  31.42|   9-32  ,  31.12|  13-65  ,  29.36| 
 30-79  ,  27.92|  57-130 ,  23.36| 117-237 ,  22.19| 100-275 ,  21.08| 100-119 ,  21.08| 
 84-130 ,  18.11|  32-202 ,  17.88| 117-207 ,  17.00|  54-161 ,  15.65|  95-312 ,  13.91| 
 74-95  ,  13.19|  95-279 ,  13.19|  71-203 ,  12.57|  19-115 ,  11.89|  33-281 ,  11.79| 
 22-54  ,  11.75|   0-115 ,  10.14|   2-115 ,   9.36| 156-186 ,   8.96|   9-19  ,   7.47| 
 29-218 ,   6.76|   0-304 ,   5.42| 185-215 ,   5.27|  19-87  ,   4.66|  86-243 ,   3.80| 
  0-119 ,   2.50|  89-137 ,   1.78| 
-----------------------------------------------------------------------------------------
edge= 0 114 lp= 59.6996 pre= 2 lp2= 1.11954 pre2= 2 score= 66.8361
-----------------------------------------------------------------------------------------
edge= 113 167 lp= 1.40664 pre= 2 lp2= 59.6996 pre2= 2 score= 83.9756
-----------------------------------------------------------------------------------------
edge= 0 167 lp= 59.6996 pre= 2 lp2= 1.40668 pre2= 2 score= 83.9784
-----------------------------------------------------------------------------------------
candidate= 0-167 : -
-----------------------------------------------------------------------------------------
it= 5   ncol= 1518  ncstr= 601  mt= 0.4   spt= 0.0   lpval= 94020.5   ub= 94043.0  
-----------------------------------------------------------------------------------------
elapsed time= 131.65 s.
-----------------------------------------------------------------------------------------
candidate= 113-167 : -
-----------------------------------------------------------------------------------------
it= 3   ncol= 1424  ncstr= 601  mt= 0.3   spt= 0.0   lpval= 94009.9   ub= 94043.0  
-----------------------------------------------------------------------------------------
elapsed time= 131.98 s.
-----------------------------------------------------------------------------------------
candidate= 113-167 : +
-----------------------------------------------------------------------------------------
it= 4   ncol= 1485  ncstr= 601  mt= 0.4   spt= 0.0   lpval= 94021.7   ub= 94043.0  
-----------------------------------------------------------------------------------------
elapsed time= 132.40 s.
-----------------------------------------------------------------------------------------
candidate= 0-114 : -
-----------------------------------------------------------------------------------------
it= 4   ncol= 1459  ncstr= 601  mt= 0.3   spt= 0.0   lpval= 94014.6   ub= 94043.0  
-----------------------------------------------------------------------------------------
elapsed time= 132.76 s.
-----------------------------------------------------------------------------------------
brc= 113-167
t= 0.178993 c= 36.566 n= 1 if_b4= 0
t= 0.454035 c= 47.7647 n= 1 if_b4= 0
#########################################################################################
tree size= 1 lb= 94008.5 ub= 94043
#########################################################################################
idx= 3 value= 94008.5 enu= 1
brc= 50-103 : -
brc= 76-103 : -
brc= 49-105 : -
brc= 70-133 : -
brc= 74-217 : -
brc= 233-246 : -
brc= 164-175 : +
brc= 167-232 : +
brc= 223-246 : -
brc= 3-269 : -
brc= 128-150 : +
brc= 24-250 : -
brc= 70-121 : +
brc= 19-60 : -
brc= 3-4 : -
brc= 6-19 : -
brc= 3-137 : +
brc= 9-150 : -
brc= 113-167 : +
it= 4   ncol= 1488  ncstr= 600  mt= 0.4   spt= 0.0   lpval= 94021.7   ub= 94043.0  
-----------------------------------------------------------------------------------------
elapsed time= 134.46 s.
-----------------------------------------------------------------------------------------
delete columns= 95656 remain= 17076
 ****** Separate RCCs ****** 
 ****** Separate Rank1Cuts ****** 
it= 3   ncol= 1450  ncstr= 583  mt= 0.0   spt= 0.0   lpval= 94022.2   ub= 94043.0  
-----------------------------------------------------------------------------------------
elapsed time= 135.24 s.
-----------------------------------------------------------------------------------------
columns pending deletion= 2014 remain= 17076 col ratio= 0.882057 row ratio= 0.929674
[1;36m[REMIND] 2: gap improved= 0.484020 ratio= 0.023288 threshold= 0.040000 in function increaseCondition2 at /blue/yu.yang1/you.z/route_opt/packages/application/X-n313-k71/src/main/src/call_cutting.cpp:74[0m
mip: row= 542 col= 16460 density= 4.67931%
mip time= 10.18 s.
mip status= 6
update f from 5.46963 to 20.7844
#########################################################################################
tree size= 0 lb= 94008.5 ub= 94043
#########################################################################################
idx= 4 value= 94008.5 enu= 1
brc= 50-103 : -
brc= 76-103 : -
brc= 49-105 : -
brc= 70-133 : -
brc= 74-217 : -
brc= 233-246 : -
brc= 164-175 : +
brc= 167-232 : +
brc= 223-246 : -
brc= 3-269 : -
brc= 128-150 : +
brc= 24-250 : -
brc= 70-121 : +
brc= 19-60 : -
brc= 3-4 : -
brc= 6-19 : -
brc= 3-137 : +
brc= 9-150 : -
brc= 113-167 : -
it= 3   ncol= 1416  ncstr= 600  mt= 0.0   spt= 0.0   lpval= 94009.9   ub= 94043.0  
-----------------------------------------------------------------------------------------
elapsed time= 145.88 s.
-----------------------------------------------------------------------------------------
columns pending deletion= 16491 remain= 112809 col ratio= 0.853815 row ratio= 0.911667
 ****** Separate RCCs ****** 
 ****** Separate Rank1Cuts ****** 
it= 3   ncol= 1405  ncstr= 617  mt= 0.0   spt= 0.0   lpval= 94010.3   ub= 94043.0  
-----------------------------------------------------------------------------------------
elapsed time= 146.38 s.
-----------------------------------------------------------------------------------------
columns pending deletion= 21204 remain= 112809 col ratio= 0.812036 row ratio= 0.922204
[1;36m[REMIND] 2: gap improved= 0.384666 ratio= 0.011769 threshold= 0.040000 in function increaseCondition2 at /blue/yu.yang1/you.z/route_opt/packages/application/X-n313-k71/src/main/src/call_cutting.cpp:74[0m
 ****** Separate Rank1Cuts ****** 
it= 3   ncol= 1414  ncstr= 640  mt= 0.0   spt= 0.0   lpval= 94010.4   ub= 94043.0  
-----------------------------------------------------------------------------------------
elapsed time= 146.94 s.
-----------------------------------------------------------------------------------------
columns pending deletion= 26313 remain= 112809 col ratio= 0.766747 row ratio= 0.903125
current_r_best= 1.35048
alpha= 0.37 beta= 8.75547 omega= 204.287 k1= 22
lb_k= 1 ub_k= 37
revise: lb_k= 17 ub_k= 28
opt_k= 23
alpha= 0.75 beta= 8.75547 omega= 105.2 k1= 3
lb_k= 1 ub_k= 3
revise: lb_k= 1 ub_k= 3
opt_k= 3
pseudo= 50 frac= 50
#candidates in phase1= 23
testing lp time= 8.86 s.
-----------------------------------------------------------------------------------------
  0-114 ,  37.84|  28-32  ,  32.95|  13-65  ,  28.60| 117-237 ,  23.19|  12-76  ,  20.33| 
  0-53  ,  19.19|   0-41  ,  18.69|  54-161 ,  15.58| 130-269 ,  15.25|  95-279 ,  13.87| 
 74-95  ,  13.87|  33-281 ,  11.75|  22-54  ,  11.52| 193-259 ,   9.24|  66-235 ,   7.95| 
 45-215 ,   7.50| 186-242 ,   7.19| 147-281 ,   7.06| 205-293 ,   7.05| 199-254 ,   5.01| 
 86-290 ,   4.58|  41-254 ,   3.93|   0-230 ,   0.57| 
-----------------------------------------------------------------------------------------
edge= 13 65 lp= 7.64889 pre= 2 lp2= 3.73958 pre2= 2 score= 28.6036
-----------------------------------------------------------------------------------------
edge= 28 32 lp= 1.03841 pre= 2 lp2= 31.7267 pre2= 2 score= 32.9454
-----------------------------------------------------------------------------------------
edge= 0 114 lp= 31.7267 pre= 2 lp2= 1.19262 pre2= 2 score= 37.8378
-----------------------------------------------------------------------------------------
candidate= 0-114 : -
-----------------------------------------------------------------------------------------
it= 4   ncol= 1477  ncstr= 641  mt= 0.4   spt= 0.0   lpval= 94016.5   ub= 94043.0  
-----------------------------------------------------------------------------------------
elapsed time= 156.21 s.
-----------------------------------------------------------------------------------------
candidate= 28-32 : -
-----------------------------------------------------------------------------------------
it= 3   ncol= 1421  ncstr= 641  mt= 0.4   spt= 0.0   lpval= 94011.4   ub= 94043.0  
-----------------------------------------------------------------------------------------
elapsed time= 156.61 s.
-----------------------------------------------------------------------------------------
candidate= 28-32 : +
-----------------------------------------------------------------------------------------
it= 4   ncol= 1487  ncstr= 641  mt= 0.4   spt= 0.0   lpval= 94022.4   ub= 94043.0  
-----------------------------------------------------------------------------------------
elapsed time= 157.09 s.
-----------------------------------------------------------------------------------------
candidate= 13-65 : -
-----------------------------------------------------------------------------------------
it= 5   ncol= 1522  ncstr= 641  mt= 0.3   spt= 0.0   lpval= 94015.7   ub= 94043.0  
-----------------------------------------------------------------------------------------
elapsed time= 157.45 s.
-----------------------------------------------------------------------------------------
candidate= 13-65 : +
-----------------------------------------------------------------------------------------
it= 5   ncol= 1525  ncstr= 641  mt= 0.3   spt= 0.0   lpval= 94013.3   ub= 94043.0  
-----------------------------------------------------------------------------------------
elapsed time= 157.85 s.
-----------------------------------------------------------------------------------------
brc= 13-65
t= 0.183501 c= 25.0967 n= 2 if_b4= 0
t= 0.438799 c= 33.6982 n= 2 if_b4= 0
#########################################################################################
tree size= 1 lb= 94010.4 ub= 94043
#########################################################################################
idx= 5 value= 94010.4 enu= 1
brc= 50-103 : -
brc= 76-103 : -
brc= 49-105 : -
brc= 70-133 : -
brc= 74-217 : -
brc= 233-246 : -
brc= 164-175 : +
brc= 167-232 : +
brc= 223-246 : -
brc= 3-269 : -
brc= 128-150 : +
brc= 24-250 : -
brc= 70-121 : +
brc= 19-60 : -
brc= 3-4 : -
brc= 6-19 : -
brc= 3-137 : +
brc= 9-150 : -
brc= 113-167 : -
brc= 13-65 : +
it= 5   ncol= 1475  ncstr= 640  mt= 0.4   spt= 0.0   lpval= 94013.3   ub= 94043.0  
-----------------------------------------------------------------------------------------
elapsed time= 159.51 s.
-----------------------------------------------------------------------------------------
delete columns= 30442 remain= 55980
 ****** Separate RCCs ****** 
 ****** Separate Rank1Cuts ****** 
it= 2   ncol= 1465  ncstr= 601  mt= 0.0   spt= 0.0   lpval= 94014.5   ub= 94043.0  
-----------------------------------------------------------------------------------------
elapsed time= 160.47 s.
-----------------------------------------------------------------------------------------
columns pending deletion= 11822 remain= 55980 col ratio= 0.788817 row ratio= 0.900166
 ****** Separate Rank1Cuts ****** 
it= 2   ncol= 1465  ncstr= 636  mt= 0.0   spt= 0.0   lpval= 94015.2   ub= 94043.0  
-----------------------------------------------------------------------------------------
elapsed time= 160.93 s.
-----------------------------------------------------------------------------------------
columns pending deletion= 16088 remain= 55980 col ratio= 0.712612 row ratio= 0.861635
[1;36m[REMIND] 2: gap improved= 0.733120 ratio= 0.026391 threshold= 0.040000 in function increaseCondition2 at /blue/yu.yang1/you.z/route_opt/packages/application/X-n313-k71/src/main/src/call_cutting.cpp:74[0m
 ****** Separate RCCs ****** 
 ****** Separate Rank1Cuts ****** 
it= 3   ncol= 1459  ncstr= 669  mt= 0.0   spt= 0.0   lpval= 94015.4   ub= 94043.0  
-----------------------------------------------------------------------------------------
elapsed time= 161.46 s.
-----------------------------------------------------------------------------------------
delete columns= 17872 remain= 38108
[1;36m[REMIND] 2: gap improved= 0.193706 ratio= 0.007022 threshold= 0.040000 in function increaseCondition2 at /blue/yu.yang1/you.z/route_opt/packages/application/X-n313-k71/src/main/src/call_cutting.cpp:74[0m
 ****** Separate Rank1Cuts ****** 
it= 1   ncol= 1459  ncstr= 584  mt= 0.0   spt= 0.0   lpval= 94015.4   ub= 94043.0  
-----------------------------------------------------------------------------------------
elapsed time= 162.29 s.
-----------------------------------------------------------------------------------------
columns pending deletion= 428 remain= 38108 col ratio= 0.988769 row ratio= 0.967466
current_r_best= 3.68001
alpha= 0.37 beta= 1.84558 omega= 136.767 k1= 8
lb_k= 1 ub_k= 37
revise: lb_k= 6 ub_k= 9
opt_k= 8
alpha= 0.75 beta= 1.84558 omega= 76.7964 k1= 3
lb_k= 2 ub_k= 3
revise: lb_k= 2 ub_k= 3
opt_k= 3
pseudo= 50 frac= 50
#candidates in phase1= 8
testing lp time= 2.49 s.
-----------------------------------------------------------------------------------------
  0-114 ,  58.42|  33-281 ,   9.78|  54-161 ,   9.21|  19-51  ,   8.01|  22-54  ,   6.97| 
101-104 ,   4.06|  49-101 ,   4.02|  77-104 ,   3.33| 
-----------------------------------------------------------------------------------------
edge= 54 161 lp= 0.319638 pre= 0 lp2= 28.8023 pre2= 1 score= 9.20633
-----------------------------------------------------------------------------------------
edge= 33 281 lp= 0.595118 pre= 0 lp2= 16.4365 pre2= 1 score= 9.78163
-----------------------------------------------------------------------------------------
edge= 0 114 lp= 48.3213 pre= 2 lp2= 1.20898 pre2= 0 score= 58.4194
-----------------------------------------------------------------------------------------
candidate= 0-114 : -
-----------------------------------------------------------------------------------------
it= 4   ncol= 1520  ncstr= 585  mt= 0.3   spt= 0.0   lpval= 94021.6   ub= 94043.0  
-----------------------------------------------------------------------------------------
elapsed time= 165.11 s.
-----------------------------------------------------------------------------------------
candidate= 33-281 : +
-----------------------------------------------------------------------------------------
it= 3   ncol= 1494  ncstr= 585  mt= 0.3   spt= 0.0   lpval= 94028.3   ub= 94043.0  
-----------------------------------------------------------------------------------------
elapsed time= 165.43 s.
-----------------------------------------------------------------------------------------
brc= 33-281
t= 0.176493 c= 19.709 n= 3 if_b4= 0
t= 0.409711 c= 26.3905 n= 3 if_b4= 0
#########################################################################################
tree size= 2 lb= 94010.4 ub= 94043
#########################################################################################
idx= 6 value= 94010.4 enu= 1
brc= 50-103 : -
brc= 76-103 : -
brc= 49-105 : -
brc= 70-133 : -
brc= 74-217 : -
brc= 233-246 : -
brc= 164-175 : +
brc= 167-232 : +
brc= 223-246 : -
brc= 3-269 : -
brc= 128-150 : +
brc= 24-250 : -
brc= 70-121 : +
brc= 19-60 : -
brc= 3-4 : -
brc= 6-19 : -
brc= 3-137 : +
brc= 9-150 : -
brc= 113-167 : -
brc= 13-65 : -
it= 5   ncol= 1509  ncstr= 640  mt= 0.1   spt= 0.0   lpval= 94015.7   ub= 94043.0  
-----------------------------------------------------------------------------------------
elapsed time= 166.50 s.
-----------------------------------------------------------------------------------------
delete columns= 52926 remain= 33547
 ****** Separate RCCs ****** 
 ****** Separate Rank1Cuts ****** 
it= 3   ncol= 1516  ncstr= 580  mt= 0.0   spt= 0.0   lpval= 94017.7   ub= 94043.0  
-----------------------------------------------------------------------------------------
elapsed time= 167.34 s.
-----------------------------------------------------------------------------------------
columns pending deletion= 9262 remain= 33547 col ratio= 0.72391 row ratio= 0.877586
 ****** Separate RCCs ****** 
 ****** Separate Rank1Cuts ****** 
it= 3   ncol= 1500  ncstr= 648  mt= 0.0   spt= 0.0   lpval= 94018.6   ub= 94043.0  
-----------------------------------------------------------------------------------------
elapsed time= 167.85 s.
-----------------------------------------------------------------------------------------
delete columns= 13525 remain= 20022
[1;36m[REMIND] 2: gap improved= 0.874567 ratio= 0.035770 threshold= 0.040000 in function increaseCondition2 at /blue/yu.yang1/you.z/route_opt/packages/application/X-n313-k71/src/main/src/call_cutting.cpp:74[0m
 ****** Separate RCCs ****** 
 ****** Separate Rank1Cuts ****** 
it= 3   ncol= 1518  ncstr= 617  mt= 0.0   spt= 0.0   lpval= 94018.9   ub= 94043.0  
-----------------------------------------------------------------------------------------
elapsed time= 168.81 s.
-----------------------------------------------------------------------------------------
columns pending deletion= 1439 remain= 20022 col ratio= 0.928129 row ratio= 0.862237
[1;36m[REMIND] 2: gap improved= 0.376478 ratio= 0.015639 threshold= 0.040000 in function increaseCondition2 at /blue/yu.yang1/you.z/route_opt/packages/application/X-n313-k71/src/main/src/call_cutting.cpp:74[0m
 ****** Separate Rank1Cuts ****** 
it= 3   ncol= 1500  ncstr= 690  mt= 0.0   spt= 0.0   lpval= 94019.1   ub= 94043.0  
-----------------------------------------------------------------------------------------
elapsed time= 169.40 s.
-----------------------------------------------------------------------------------------
columns pending deletion= 2226 remain= 20022 col ratio= 0.888822 row ratio= 0.801449
[1;36m[REMIND] 2: gap improved= 0.193478 ratio= 0.008102 threshold= 0.040000 in function increaseCondition2 at /blue/yu.yang1/you.z/route_opt/packages/application/X-n313-k71/src/main/src/call_cutting.cpp:74[0m
[1;36m[REMIND] tail off counter= 3 threshold= 3 in function setIfTailOff at /blue/yu.yang1/you.z/route_opt/packages/application/X-n313-k71/src/main/src/call_cutting.cpp:150[0m
mip: row= 553 col= 19294 density= 4.89657%
mip time= 40.65 s.
mip status= 6
update f from 20.7844 to 23.8796
#########################################################################################
tree size= 1 lb= 94015.4 ub= 94043
#########################################################################################
idx= 7 value= 94015.4 enu= 1
brc= 50-103 : -
brc= 76-103 : -
brc= 49-105 : -
brc= 70-133 : -
brc= 74-217 : -
brc= 233-246 : -
brc= 164-175 : +
brc= 167-232 : +
brc= 223-246 : -
brc= 3-269 : -
brc= 128-150 : +
brc= 24-250 : -
brc= 70-121 : +
brc= 19-60 : -
brc= 3-4 : -
brc= 6-19 : -
brc= 3-137 : +
brc= 9-150 : -
brc= 113-167 : -
brc= 13-65 : +
brc= 33-281 : +
it= 5   ncol= 1489  ncstr= 584  mt= 0.3   spt= 0.0   lpval= 94028.3   ub= 94043.0  
-----------------------------------------------------------------------------------------
elapsed time= 210.83 s.
-----------------------------------------------------------------------------------------
delete columns= 32449 remain= 5193
 ****** Separate RCCs ****** 
 ****** Separate Rank1Cuts ****** 
it= 3   ncol= 1405  ncstr= 583  mt= 0.0   spt= 0.0   lpval= 94032.3   ub= 94043.0  
-----------------------------------------------------------------------------------------
elapsed time= 211.69 s.
-----------------------------------------------------------------------------------------
delete columns= 2993 remain= 2200
mip: row= 498 col= 3437 density= 3.32234%
mip time= 0.79 s.
mip status= 6
#########################################################################################
tree size= 0 lb= 94015.4 ub= 94043
#########################################################################################
idx= 8 value= 94015.4 enu= 1
brc= 50-103 : -
brc= 76-103 : -
brc= 49-105 : -
brc= 70-133 : -
brc= 74-217 : -
brc= 233-246 : -
brc= 164-175 : +
brc= 167-232 : +
brc= 223-246 : -
brc= 3-269 : -
brc= 128-150 : +
brc= 24-250 : -
brc= 70-121 : +
brc= 19-60 : -
brc= 3-4 : -
brc= 6-19 : -
brc= 3-137 : +
brc= 9-150 : -
brc= 113-167 : -
brc= 13-65 : +
brc= 33-281 : -
it= 2   ncol= 1453  ncstr= 584  mt= 0.0   spt= 0.0   lpval= 94016.0   ub= 94043.0  
-----------------------------------------------------------------------------------------
elapsed time= 212.77 s.
-----------------------------------------------------------------------------------------
columns pending deletion= 3169 remain= 37676 col ratio= 0.915888 row ratio= 0.940068
 ****** Separate RCCs ****** 
 ****** Separate Rank1Cuts ****** 
it= 2   ncol= 1446  ncstr= 629  mt= 0.0   spt= 0.0   lpval= 94016.4   ub= 94043.0  
-----------------------------------------------------------------------------------------
elapsed time= 213.27 s.
-----------------------------------------------------------------------------------------
columns pending deletion= 5295 remain= 37676 col ratio= 0.85946 row ratio= 0.887122
[1;36m[REMIND] 2: gap improved= 0.344799 ratio= 0.012945 threshold= 0.040000 in function increaseCondition2 at /blue/yu.yang1/you.z/route_opt/packages/application/X-n313-k71/src/main/src/call_cutting.cpp:74[0m
 ****** Separate RCCs ****** 
 ****** Separate Rank1Cuts ****** 
it= 3   ncol= 1448  ncstr= 650  mt= 0.0   spt= 0.0   lpval= 94016.4   ub= 94043.0  
-----------------------------------------------------------------------------------------
elapsed time= 213.73 s.
-----------------------------------------------------------------------------------------
columns pending deletion= 6136 remain= 37676 col ratio= 0.837138 row ratio= 0.864615
current_r_best= 0.740714
alpha= 0.37 beta= 3.65873 omega= 111.67 k1= 10
lb_k= 1 ub_k= 37
revise: lb_k= 8 ub_k= 11
opt_k= 11
alpha= 0.75 beta= 3.65873 omega= 64.4124 k1= 3
lb_k= 1 ub_k= 3
revise: lb_k= 2 ub_k= 3
opt_k= 3
pseudo= 50 frac= 50
#candidates in phase1= 11
testing lp time= 4.31 s.
-----------------------------------------------------------------------------------------
 59-76  ,  92.04|   0-114 ,  73.19|  75-303 ,  26.73|  95-312 ,  25.63|   0-53  ,  13.72| 
204-208 ,   9.71| 204-257 ,   8.34| 162-201 ,   8.33| 108-301 ,   4.12| 113-242 ,   2.77| 
 12-103 ,   1.49| 
-----------------------------------------------------------------------------------------
edge= 75 303 lp= 11.2003 pre= 2 lp2= 2.38656 pre2= 2 score= 26.7302
-----------------------------------------------------------------------------------------
edge= 0 114 lp= 34.3569 pre= 2 lp2= 2.13019 pre2= 2 score= 73.1866
-----------------------------------------------------------------------------------------
edge= 59 76 lp= 20.2806 pre= 2 lp2= 4.53819 pre2= 2 score= 92.0373
-----------------------------------------------------------------------------------------
candidate= 59-76 : -
-----------------------------------------------------------------------------------------
it= 4   ncol= 1529  ncstr= 651  mt= 0.4   spt= 0.0   lpval= 94034.1   ub= 94043.0  
-----------------------------------------------------------------------------------------
elapsed time= 218.42 s.
-----------------------------------------------------------------------------------------
candidate= 59-76 : +
-----------------------------------------------------------------------------------------
it= 3   ncol= 1471  ncstr= 651  mt= 0.4   spt= 0.0   lpval= 94019.2   ub= 94043.0  
-----------------------------------------------------------------------------------------
elapsed time= 218.82 s.
-----------------------------------------------------------------------------------------
candidate= 0-114 : -
-----------------------------------------------------------------------------------------
it= 3   ncol= 1508  ncstr= 651  mt= 0.4   spt= 0.0   lpval= 94022.8   ub= 94043.0  
-----------------------------------------------------------------------------------------
elapsed time= 219.19 s.
-----------------------------------------------------------------------------------------
brc= 59-76
t= 0.180402 c= 16.0836 n= 4 if_b4= 0
t= 0.404069 c= 21.7456 n= 4 if_b4= 0
#########################################################################################
tree size= 1 lb= 94016.4 ub= 94043
#########################################################################################
idx= 9 value= 94016.4 enu= 1
brc= 50-103 : -
brc= 76-103 : -
brc= 49-105 : -
brc= 70-133 : -
brc= 74-217 : -
brc= 233-246 : -
brc= 164-175 : +
brc= 167-232 : +
brc= 223-246 : -
brc= 3-269 : -
brc= 128-150 : +
brc= 24-250 : -
brc= 70-121 : +
brc= 19-60 : -
brc= 3-4 : -
brc= 6-19 : -
brc= 3-137 : +
brc= 9-150 : -
brc= 113-167 : -
brc= 13-65 : +
brc= 33-281 : -
brc= 59-76 : +
it= 3   ncol= 1462  ncstr= 650  mt= 0.4   spt= 0.0   lpval= 94019.2   ub= 94043.0  
-----------------------------------------------------------------------------------------
elapsed time= 220.57 s.
-----------------------------------------------------------------------------------------
columns pending deletion= 8891 remain= 31526 col ratio= 0.717979 row ratio= 0.84
 ****** Separate RCCs ****** 
 ****** Separate Rank1Cuts ****** 
it= 3   ncol= 1487  ncstr= 708  mt= 0.1   spt= 0.0   lpval= 94023.9   ub= 94043.0  
-----------------------------------------------------------------------------------------
elapsed time= 221.24 s.
-----------------------------------------------------------------------------------------
delete columns= 20225 remain= 11301
mip: row= 543 col= 12713 density= 4.33374%
mip time= 5.75 s.
mip status= 6
#########################################################################################
tree size= 0 lb= 94016.4 ub= 94043
#########################################################################################
idx= 10 value= 94016.4 enu= 1
brc= 50-103 : -
brc= 76-103 : -
brc= 49-105 : -
brc= 70-133 : -
brc= 74-217 : -
brc= 233-246 : -
brc= 164-175 : +
brc= 167-232 : +
brc= 223-246 : -
brc= 3-269 : -
brc= 128-150 : +
brc= 24-250 : -
brc= 70-121 : +
brc= 19-60 : -
brc= 3-4 : -
brc= 6-19 : -
brc= 3-137 : +
brc= 9-150 : -
brc= 113-167 : -
brc= 13-65 : +
brc= 33-281 : -
brc= 59-76 : -
it= 3   ncol= 1515  ncstr= 650  mt= 0.1   spt= 0.0   lpval= 94034.1   ub= 94043.0  
-----------------------------------------------------------------------------------------
elapsed time= 227.50 s.
-----------------------------------------------------------------------------------------
delete columns= 29654 remain= 1885
 ****** Separate RCCs ****** 
 ****** Separate Rank1Cuts ****** 
it= 3   ncol= 1245  ncstr= 632  mt= 0.0   spt= 0.0   lpval= 94036.2   ub= 94043.0  
-----------------------------------------------------------------------------------------
elapsed time= 228.20 s.
-----------------------------------------------------------------------------------------
delete columns= 741 remain= 1144
mip: row= 507 col= 2214 density= 3.33854%
mip time= 0.35 s.
mip status= 6
#########################################################################################
[32m<Instance: X-n313-k71>
<Solution>
<UB= 94043>
<LB= 94043>
<Elapsed Time= 228.6>
<Nodes Explored= 11>
<Global Gap= 0%>[0m
#########################################################################################
File nodes/X-n313-k71_6_0_2_1_3_G32.node deleted successfully.
