application type: CVRP
X-n313-k71_6_0_0_0_5_1_3_G32.node
Set parameter ServerTimeout to value 600
Set parameter TokenServer to value "grb-ts.ufhpc"
Set parameter Threads to value 1
instance name= X-n313-k71
#########################################################################################
tree size= 0 lb= 0 ub= 94044
#########################################################################################
idx= 7 value= 93967.7 enu= 0
brc= 50-103 : -
brc= 76-103 : -
brc= 49-105 : -
brc= 70-133 : -
brc= 74-217 : -
brc= 233-246 : -
brc= 164-175 : +
brc= 167-232 : +
brc= 223-246 : +
brc= 13-104 : +
brc= 3-269 : -
brc= 250-278 : -
brc= 79-269 : -
brc= 57-130 : -
brc= 9-51 : -
brc= 126-152 : +
brc= 117-174 : -
brc= 19-60 : +
brc= 74-260 : -
brc= 33-281 : -
brc= 6-64 : -
brc= 53-274 : +
-----------------------------------------------------------------------------------------
 ****** Pricing Level: LIGHT HEUR ****** 
it= 9   ncol= 1411  ncstr= 640  mt= 0.4   spt= 0.3   lpval= 94000.6   ub= 94043.0  
 ****** Pricing Level: HEAVY HEUR ****** 
it= 10  ncol= 1582  ncstr= 640  mt= 0.2   spt= 0.9   lpval= 93997.7   ub= 94043.0  
 ****** Pricing Level: EXACT ****** 
it= 4   ncol= 1757  ncstr= 640  mt= 0.1   spt= 6.8   lpval= 93997.6   ub= 94043.0  
-----------------------------------------------------------------------------------------
elapsed time= 12.70 s.
-----------------------------------------------------------------------------------------
-----------------------------------------------------------------------------------------
 ****** Run Arc Elimination ****** 
arc elimination time= 6.18 s.
previous= 54.8682% maximum= 2.59851%
eliminate bucket arcs time= 0.77 s.
obtain jump arcs time= 0.01 s.
-----------------------------------------------------------------------------------------
-----------------------------------------------------------------------------------------
elapsed time= 20.01 s.
-----------------------------------------------------------------------------------------
-----------------------------------------------------------------------------------------
 ****** Try Enumeration ****** 
#labels= 291036 #routes= 17
labeling 1 time= 8.56 s.
concatenate time= 15.39 s.
#routes= 522433
average gap of successful enumeration= 0.000472229
next try value > 93951.6
-----------------------------------------------------------------------------------------
elapsed time= 44.13 s.
-----------------------------------------------------------------------------------------
 ****** Process Enumeration Matrix ****** 
delete non-ele routes lp val= 94001.5
recover rank1c lp val= 94001.6
recover rcc lp val= 94002
obtain rcc coefficient time= 0.14 s.
obtain r1c coefficient time= 0.95 s.
obtain matrix from triplets time= 1.57 s.
delete columns by branch time= 0.00 s.
columns pending deletion= 14965 remain= 522433 col ratio= 0.971355 row ratio= 1
regenerate enumeration matrix time= 0.00 s.
-----------------------------------------------------------------------------------------
elapsed time= 49.06 s.
-----------------------------------------------------------------------------------------
it= 7   ncol= 1621  ncstr= 594  mt= 0.1   spt= 0.3   lpval= 94001.0   ub= 94043.0  
-----------------------------------------------------------------------------------------
elapsed time= 49.57 s.
-----------------------------------------------------------------------------------------
delete columns= 286472 remain= 235961
 ****** Separate RCCs ****** 
 ****** Separate Rank1Cuts ****** 
it= 4   ncol= 1562  ncstr= 599  mt= 0.1   spt= 0.1   lpval= 94008.8   ub= 94043.0  
-----------------------------------------------------------------------------------------
elapsed time= 51.25 s.
-----------------------------------------------------------------------------------------
delete columns= 150747 remain= 85214
 ****** Separate RCCs ****** 
 ****** Separate Rank1Cuts ****** 
it= 4   ncol= 1586  ncstr= 602  mt= 0.0   spt= 0.0   lpval= 94011.7   ub= 94043.0  
-----------------------------------------------------------------------------------------
elapsed time= 52.37 s.
-----------------------------------------------------------------------------------------
delete columns= 27459 remain= 57755
 ****** Separate RCCs ****** 
 ****** Separate Rank1Cuts ****** 
it= 4   ncol= 1511  ncstr= 607  mt= 0.0   spt= 0.0   lpval= 94012.2   ub= 94043.0  
-----------------------------------------------------------------------------------------
elapsed time= 53.50 s.
-----------------------------------------------------------------------------------------
columns pending deletion= 5649 remain= 57755 col ratio= 0.90219 row ratio= 0.866557
[1;36m[REMIND] 2: gap improved= 0.514278 ratio= 0.016686 threshold= 0.040000 in function increaseCondition2 at /blue/yu.yang1/you.z/route_opt/packages/application/X-n313-k71/src/main/src/call_cutting.cpp:74[0m
 ****** Separate RCCs ****** 
 ****** Separate Rank1Cuts ****** 
it= 3   ncol= 1502  ncstr= 660  mt= 0.0   spt= 0.0   lpval= 94012.4   ub= 94043.0  
-----------------------------------------------------------------------------------------
elapsed time= 53.97 s.
-----------------------------------------------------------------------------------------
columns pending deletion= 8109 remain= 57755 col ratio= 0.859597 row ratio= 0.819697
[1;36m[REMIND] 2: gap improved= 0.219981 ratio= 0.007189 threshold= 0.040000 in function increaseCondition2 at /blue/yu.yang1/you.z/route_opt/packages/application/X-n313-k71/src/main/src/call_cutting.cpp:74[0m
 ****** Separate RCCs ****** 
 ****** Separate Rank1Cuts ****** 
it= 2   ncol= 1502  ncstr= 717  mt= 0.0   spt= 0.0   lpval= 94012.5   ub= 94043.0  
-----------------------------------------------------------------------------------------
elapsed time= 54.39 s.
-----------------------------------------------------------------------------------------
columns pending deletion= 10787 remain= 57755 col ratio= 0.813228 row ratio= 0.76848
[1;36m[REMIND] 2: gap improved= 0.125747 ratio= 0.004126 threshold= 0.040000 in function increaseCondition2 at /blue/yu.yang1/you.z/route_opt/packages/application/X-n313-k71/src/main/src/call_cutting.cpp:74[0m
[1;36m[REMIND] tail off counter= 3 threshold= 3 in function setIfTailOff at /blue/yu.yang1/you.z/route_opt/packages/application/X-n313-k71/src/main/src/call_cutting.cpp:150[0m
[1;36m[REMIND] opt_k not found for node 7, use m directly in function getOptK at /blue/yu.yang1/you.z/route_opt/packages/branching/bkf/include/bkf_controller.hpp:239[0m
current_r_best= 32.584
we directly test 100
we directly test 4
pseudo= 50 frac= 50
#candidates in phase1= 100
testing lp time= 53.60 s.
-----------------------------------------------------------------------------------------
258-311 , 202.75|   0-303 , 202.75| 243-311 , 202.75|  74-95  , 187.88|  95-279 , 187.88| 
141-164 , 103.82| 114-267 ,  93.16|  95-281 ,  80.51| 211-258 ,  56.05|   0-274 ,  55.99| 
  0-114 ,  54.96| 243-267 ,  54.88| 228-281 ,  51.56| 145-208 ,  44.28| 155-257 ,  44.28| 
  0-295 ,  42.59| 245-272 ,  37.12| 270-279 ,  35.79|   0-243 ,  34.35| 125-224 ,  29.43| 
137-150 ,  28.41| 157-181 ,  26.92| 114-272 ,  26.06| 189-226 ,  25.06| 208-226 ,  25.06| 
155-204 ,  24.82|  24-162 ,  24.42|   0-226 ,  24.39| 260-279 ,  20.84|  95-252 ,  20.18| 
224-289 ,  20.07|  10-22  ,  19.53| 136-143 ,  19.26|   9-128 ,  17.96|  23-86  ,  17.82| 
 86-118 ,  17.82|   0-86  ,  17.82|   0-59  ,  17.12|  62-296 ,  17.12|  62-68  ,  17.12| 
 57-64  ,  16.50|  24-189 ,  16.14|  22-266 ,  16.05| 115-269 ,  15.74| 162-250 ,  12.94| 
 95-285 ,  12.58|  54-211 ,  12.40| 191-274 ,  12.36|   0-85  ,  11.99|   0-270 ,  11.16| 
  0-50  ,  10.92| 220-305 ,  10.87|   9-150 ,  10.72|   0-27  ,  10.26|  32-153 ,   9.36| 
  3-128 ,   8.68| 116-182 ,   7.42|   0-1   ,   6.97|   0-76  ,   6.93|   0-134 ,   6.93| 
 12-134 ,   6.93|  12-76  ,   6.93|  59-76  ,   6.93|  59-68  ,   6.93|   0-191 ,   6.75| 
201-218 ,   6.27| 116-302 ,   6.19|  82-128 ,   5.99| 208-257 ,   5.86|  38-238 ,   5.81| 
 22-161 ,   5.80| 198-284 ,   5.64| 201-302 ,   5.42|   0-201 ,   5.42|   0-204 ,   5.07| 
163-290 ,   4.97|   0-162 ,   4.34| 171-189 ,   4.27|  22-248 ,   3.96| 166-215 ,   3.93| 
  0-208 ,   3.82|   0-9   ,   3.75| 185-264 ,   3.62| 109-138 ,   2.75|   0-117 ,   2.35| 
127-182 ,   2.34|  45-245 ,   2.32|   0-272 ,   2.29|   0-33  ,   1.96| 166-272 ,   1.95| 
  0-195 ,   1.53| 193-229 ,   1.13| 154-212 ,   0.94|  14-212 ,   0.94|   0-212 ,   0.94| 
216-272 ,   0.87| 205-256 ,   0.80|   0-240 ,   0.47| 186-242 ,   0.16| 194-220 ,   0.00| 
-----------------------------------------------------------------------------------------
edge= 74 95 lp= 7.39137 pre= 2 lp2= 25.419 pre2= 2 score= 187.882
-----------------------------------------------------------------------------------------
edge= 243 311 lp= 1.50619 pre= 2 lp2= 134.608 pre2= 2 score= 202.745
-----------------------------------------------------------------------------------------
edge= 0 303 lp= 1.50619 pre= 2 lp2= 134.608 pre2= 2 score= 202.745
-----------------------------------------------------------------------------------------
edge= 258 311 lp= 134.608 pre= 2 lp2= 1.5062 pre2= 2 score= 202.746
-----------------------------------------------------------------------------------------
candidate= 258-311 : -
-----------------------------------------------------------------------------------------
it= 5   ncol= 1620  ncstr= 718  mt= 0.5   spt= 0.0   lpval= 94032.9   ub= 94043.0  
-----------------------------------------------------------------------------------------
elapsed time= 108.51 s.
-----------------------------------------------------------------------------------------
candidate= 243-311 : -
-----------------------------------------------------------------------------------------
it= 3   ncol= 1557  ncstr= 718  mt= 0.5   spt= 0.0   lpval= 94012.5   ub= 94043.0  
-----------------------------------------------------------------------------------------
elapsed time= 109.01 s.
-----------------------------------------------------------------------------------------
candidate= 0-303 : -
-----------------------------------------------------------------------------------------
it= 3   ncol= 1557  ncstr= 718  mt= 0.5   spt= 0.0   lpval= 94012.5   ub= 94043.0  
-----------------------------------------------------------------------------------------
elapsed time= 109.52 s.
-----------------------------------------------------------------------------------------
candidate= 74-95 : -
-----------------------------------------------------------------------------------------
it= 3   ncol= 1567  ncstr= 718  mt= 0.4   spt= 0.0   lpval= 94019.9   ub= 94043.0  
-----------------------------------------------------------------------------------------
elapsed time= 109.94 s.
-----------------------------------------------------------------------------------------
candidate= 74-95 : +
-----------------------------------------------------------------------------------------
it= 5   ncol= 1613  ncstr= 718  mt= 0.5   spt= 0.0   lpval= 94024.0   ub= 94043.0  
-----------------------------------------------------------------------------------------
elapsed time= 110.52 s.
-----------------------------------------------------------------------------------------
brc= 74-95
t= 0.267995 c= 53.0169 n= 0 if_b4= 0
t= 0.505772 c= 78.5519 n= 0 if_b4= 0
#########################################################################################
tree size= 1 lb= 94012.5 ub= 94043
#########################################################################################
idx= 1 value= 94012.5 enu= 1
brc= 50-103 : -
brc= 76-103 : -
brc= 49-105 : -
brc= 70-133 : -
brc= 74-217 : -
brc= 233-246 : -
brc= 164-175 : +
brc= 167-232 : +
brc= 223-246 : +
brc= 13-104 : +
brc= 3-269 : -
brc= 250-278 : -
brc= 79-269 : -
brc= 57-130 : -
brc= 9-51 : -
brc= 126-152 : +
brc= 117-174 : -
brc= 19-60 : +
brc= 74-260 : -
brc= 33-281 : -
brc= 6-64 : -
brc= 53-274 : +
brc= 74-95 : +
it= 5   ncol= 1588  ncstr= 717  mt= 0.5   spt= 0.0   lpval= 94024.0   ub= 94043.0  
-----------------------------------------------------------------------------------------
elapsed time= 112.38 s.
-----------------------------------------------------------------------------------------
delete columns= 37854 remain= 9057
 ****** Separate RCCs ****** 
 ****** Separate Rank1Cuts ****** 
it= 4   ncol= 1480  ncstr= 614  mt= 0.0   spt= 0.0   lpval= 94026.6   ub= 94043.0  
-----------------------------------------------------------------------------------------
elapsed time= 113.38 s.
-----------------------------------------------------------------------------------------
delete columns= 3377 remain= 5680
mip: row= 516 col= 7091 density= 4.13287%
mip time= 4.02 s.
mip status= 6
update f from 0 to 16.3776
#########################################################################################
tree size= 0 lb= 94012.5 ub= 94043
#########################################################################################
idx= 2 value= 94012.5 enu= 1
brc= 50-103 : -
brc= 76-103 : -
brc= 49-105 : -
brc= 70-133 : -
brc= 74-217 : -
brc= 233-246 : -
brc= 164-175 : +
brc= 167-232 : +
brc= 223-246 : +
brc= 13-104 : +
brc= 3-269 : -
brc= 250-278 : -
brc= 79-269 : -
brc= 57-130 : -
brc= 9-51 : -
brc= 126-152 : +
brc= 117-174 : -
brc= 19-60 : +
brc= 74-260 : -
brc= 33-281 : -
brc= 6-64 : -
brc= 53-274 : +
brc= 74-95 : -
it= 4   ncol= 1574  ncstr= 717  mt= 0.1   spt= 0.0   lpval= 94019.9   ub= 94043.0  
-----------------------------------------------------------------------------------------
elapsed time= 117.51 s.
-----------------------------------------------------------------------------------------
delete columns= 30423 remain= 16544
 ****** Separate RCCs ****** 
 ****** Separate Rank1Cuts ****** 
it= 3   ncol= 1495  ncstr= 583  mt= 0.0   spt= 0.0   lpval= 94021.6   ub= 94043.0  
-----------------------------------------------------------------------------------------
elapsed time= 118.05 s.
-----------------------------------------------------------------------------------------
columns pending deletion= 4811 remain= 16544 col ratio= 0.7092 row ratio= 0.898799
mip: row= 524 col= 13201 density= 4.23686%
mip time= 14.93 s.
mip status= 6
update f from 16.3776 to 21.4323
#########################################################################################
[32m<Instance: X-n313-k71>
<Solution>
<UB= 94043>
<LB= 94043>
<Elapsed Time= 133.3>
<Nodes Explored= 3>
<Global Gap= 0%>[0m
#########################################################################################
File nodes/X-n313-k71_6_0_0_0_5_1_3_G32.node deleted successfully.
