application type: CVRP
X-n313-k71_5_0_0_5_4_1_1_G32.node
Set parameter ServerTimeout to value 600
Set parameter TokenServer to value "grb-ts.ufhpc"
Set parameter Threads to value 1
instance name= X-n313-k71
#########################################################################################
tree size= 0 lb= 0 ub= 94044
#########################################################################################
idx= 3 value= 93983 enu= 0
brc= 50-103 : -
brc= 76-103 : -
brc= 49-105 : -
brc= 70-133 : -
brc= 74-217 : -
brc= 233-246 : +
brc= 164-175 : +
brc= 0-27 : +
brc= 9-126 : -
brc= 13-65 : -
brc= 24-257 : -
brc= 74-95 : -
brc= 19-115 : -
brc= 3-19 : +
brc= 32-152 : -
brc= 115-137 : -
brc= 128-150 : -
brc= 54-295 : -
brc= 57-64 : +
brc= 74-260 : -
brc= 211-239 : +
brc= 56-299 : -
brc= 24-189 : +
-----------------------------------------------------------------------------------------
 ****** Pricing Level: LIGHT HEUR ****** 
it= 11  ncol= 1522  ncstr= 620  mt= 0.5   spt= 0.3   lpval= 94000.9   ub= 94043.0  
 ****** Pricing Level: HEAVY HEUR ****** 
it= 8   ncol= 1680  ncstr= 620  mt= 0.2   spt= 0.6   lpval= 93996.3   ub= 94043.0  
 ****** Pricing Level: EXACT ****** 
it= 4   ncol= 1718  ncstr= 620  mt= 0.1   spt= 5.3   lpval= 93996.2   ub= 94043.0  
-----------------------------------------------------------------------------------------
elapsed time= 10.90 s.
-----------------------------------------------------------------------------------------
-----------------------------------------------------------------------------------------
 ****** Run Arc Elimination ****** 
arc elimination time= 6.82 s.
previous= 72.7809% maximum= 2.71667%
eliminate bucket arcs time= 0.68 s.
obtain jump arcs time= 0.01 s.
-----------------------------------------------------------------------------------------
-----------------------------------------------------------------------------------------
elapsed time= 18.74 s.
-----------------------------------------------------------------------------------------
-----------------------------------------------------------------------------------------
 ****** Try Enumeration ****** 
#labels= 338965 #routes= 20
labeling 1 time= 10.77 s.
concatenate time= 19.59 s.
#routes= 612403
average gap of successful enumeration= 0.000486629
next try value > 93974.9
-----------------------------------------------------------------------------------------
elapsed time= 49.29 s.
-----------------------------------------------------------------------------------------
 ****** Process Enumeration Matrix ****** 
delete non-ele routes lp val= 93996.5
recover rank1c lp val= 93997.4
recover rcc lp val= 93997.9
obtain rcc coefficient time= 0.05 s.
obtain r1c coefficient time= 1.24 s.
obtain matrix from triplets time= 1.76 s.
delete columns by branch time= 0.00 s.
columns pending deletion= 473 remain= 612403 col ratio= 0.999228 row ratio= 1
regenerate enumeration matrix time= 0.00 s.
-----------------------------------------------------------------------------------------
elapsed time= 54.48 s.
-----------------------------------------------------------------------------------------
it= 4   ncol= 1513  ncstr= 579  mt= 0.1   spt= 0.2   lpval= 93997.8   ub= 94043.0  
-----------------------------------------------------------------------------------------
elapsed time= 54.78 s.
-----------------------------------------------------------------------------------------
columns pending deletion= 171084 remain= 612403 col ratio= 0.720635 row ratio= 0.917098
 ****** Separate RCCs ****** 
 ****** Separate Rank1Cuts ****** 
it= 4   ncol= 1499  ncstr= 660  mt= 0.1   spt= 0.2   lpval= 94000.3   ub= 94043.0  
-----------------------------------------------------------------------------------------
elapsed time= 56.04 s.
-----------------------------------------------------------------------------------------
delete columns= 279589 remain= 332814
 ****** Separate RCCs ****** 
 ****** Separate Rank1Cuts ****** 
it= 3   ncol= 1512  ncstr= 626  mt= 0.0   spt= 0.1   lpval= 94000.8   ub= 94043.0  
-----------------------------------------------------------------------------------------
elapsed time= 58.49 s.
-----------------------------------------------------------------------------------------
columns pending deletion= 26314 remain= 332814 col ratio= 0.920935 row ratio= 0.905751
[1;36m[REMIND] 2: gap improved= 0.470888 ratio= 0.011160 threshold= 0.040000 in function increaseCondition2 at /blue/yu.yang1/you.z/route_opt/packages/application/X-n313-k71/src/main/src/call_cutting.cpp:74[0m
 ****** Separate Rank1Cuts ****** 
it= 3   ncol= 1507  ncstr= 667  mt= 0.0   spt= 0.1   lpval= 94001.2   ub= 94043.0  
-----------------------------------------------------------------------------------------
elapsed time= 59.35 s.
-----------------------------------------------------------------------------------------
columns pending deletion= 48301 remain= 332814 col ratio= 0.854871 row ratio= 0.862069
[1;36m[REMIND] 2: gap improved= 0.352372 ratio= 0.008421 threshold= 0.040000 in function increaseCondition2 at /blue/yu.yang1/you.z/route_opt/packages/application/X-n313-k71/src/main/src/call_cutting.cpp:74[0m
 ****** Separate Rank1Cuts ****** 
it= 2   ncol= 1512  ncstr= 707  mt= 0.0   spt= 0.1   lpval= 94001.3   ub= 94043.0  
-----------------------------------------------------------------------------------------
elapsed time= 60.16 s.
-----------------------------------------------------------------------------------------
columns pending deletion= 59305 remain= 332814 col ratio= 0.821807 row ratio= 0.821782
[1;36m[REMIND] 2: gap improved= 0.121982 ratio= 0.002924 threshold= 0.040000 in function increaseCondition2 at /blue/yu.yang1/you.z/route_opt/packages/application/X-n313-k71/src/main/src/call_cutting.cpp:74[0m
[1;36m[REMIND] tail off counter= 3 threshold= 3 in function setIfTailOff at /blue/yu.yang1/you.z/route_opt/packages/application/X-n313-k71/src/main/src/call_cutting.cpp:150[0m
[1;36m[REMIND] opt_k not found for node 3, use m directly in function getOptK at /blue/yu.yang1/you.z/route_opt/packages/branching/bkf/include/bkf_controller.hpp:239[0m
current_r_best= 13.2724
we directly test 100
we directly test 4
pseudo= 50 frac= 50
#candidates in phase1= 100
testing lp time= 53.00 s.
-----------------------------------------------------------------------------------------
  0-218 ,  59.53| 147-174 ,  52.57|  61-107 ,  47.41|   0-301 ,  43.41|  18-301 ,  43.41| 
141-164 ,  42.20| 171-214 ,  40.61|  95-279 ,  38.24|   1-103 ,  36.26|  61-302 ,  34.75| 
 33-56  ,  32.76|  84-116 ,  30.64|  85-105 ,  30.29|   0-13  ,  30.28| 224-289 ,  28.33| 
  1-105 ,  26.53|  27-138 ,  25.79| 115-269 ,  25.49| 159-265 ,  25.37|  13-49  ,  25.33| 
 27-50  ,  24.51| 136-143 ,  23.33|   7-141 ,  23.32| 217-252 ,  22.99| 221-270 ,  21.69| 
228-270 ,  21.69| 278-299 ,  19.15| 190-299 ,  19.05| 113-232 ,  18.73| 109-138 ,  18.38| 
  0-109 ,  17.43|  71-109 ,  17.43|  71-261 ,  16.99|  71-306 ,  16.99|   0-71  ,  16.99| 
  0-174 ,  16.09| 127-145 ,  15.68|  96-304 ,  15.64| 167-304 ,  15.64|   0-304 ,  15.64| 
 96-225 ,  15.64| 225-304 ,  15.64| 221-228 ,  13.51|   0-302 ,  13.27| 114-267 ,  13.25| 
245-272 ,  13.25| 214-224 ,  13.21|  60-137 ,  12.87| 125-224 ,  11.50| 255-306 ,  11.23| 
  6-137 ,  10.58|  12-76  ,  10.54|  59-76  ,  10.54|   0-76  ,  10.54|  59-68  ,  10.54| 
 12-134 ,  10.53| 138-255 ,  10.35| 161-266 ,   9.91| 213-255 ,   9.63|   0-1   ,   9.59| 
  0-134 ,   9.58|  19-60  ,   9.34| 188-197 ,   9.22| 138-283 ,   8.94| 213-283 ,   8.69| 
  0-183 ,   8.25|  92-197 ,   8.25|  81-183 ,   8.25|  92-263 ,   8.25|  94-135 ,   7.93| 
138-187 ,   7.65| 103-109 ,   7.21|   0-62  ,   6.69|   0-86  ,   6.32| 112-171 ,   6.12| 
194-220 ,   6.02|  41-210 ,   5.99|  70-121 ,   5.84|   7-33  ,   5.14|   0-59  ,   4.85| 
  0-68  ,   4.85|  53-54  ,   4.62|  49-103 ,   4.33| 240-263 ,   4.29| 163-180 ,   4.07| 
114-272 ,   3.86|  70-99  ,   3.67|   0-99  ,   3.67|   5-195 ,   2.85| 214-217 ,   2.72| 
  0-195 ,   2.43|   0-205 ,   2.06| 179-273 ,   1.93|   0-163 ,   1.85| 278-289 ,   1.64| 
 25-265 ,   1.38|   0-114 ,   0.91| 194-294 ,   0.10|  54-239 ,   0.00| 128-137 ,   0.00| 
-----------------------------------------------------------------------------------------
edge= 0 301 lp= 3.13242 pre= 2 lp2= 13.8579 pre2= 2 score= 43.4089
-----------------------------------------------------------------------------------------
edge= 61 107 lp= 1.70502 pre= 2 lp2= 27.8082 pre2= 2 score= 47.4136
-----------------------------------------------------------------------------------------
edge= 147 174 lp= 4.3173 pre= 2 lp2= 12.1757 pre2= 2 score= 52.5662
-----------------------------------------------------------------------------------------
edge= 0 218 lp= 19.4964 pre= 2 lp2= 3.05351 pre2= 2 score= 59.5325
-----------------------------------------------------------------------------------------
candidate= 0-218 : -
-----------------------------------------------------------------------------------------
it= 6   ncol= 1607  ncstr= 708  mt= 0.6   spt= 0.2   lpval= 94012.7   ub= 94043.0  
-----------------------------------------------------------------------------------------
elapsed time= 113.99 s.
-----------------------------------------------------------------------------------------
candidate= 147-174 : -
-----------------------------------------------------------------------------------------
it= 4   ncol= 1574  ncstr= 708  mt= 0.5   spt= 0.1   lpval= 94005.2   ub= 94043.0  
-----------------------------------------------------------------------------------------
elapsed time= 114.66 s.
-----------------------------------------------------------------------------------------
candidate= 147-174 : +
-----------------------------------------------------------------------------------------
it= 5   ncol= 1602  ncstr= 708  mt= 0.6   spt= 0.2   lpval= 94011.5   ub= 94043.0  
-----------------------------------------------------------------------------------------
elapsed time= 115.44 s.
-----------------------------------------------------------------------------------------
candidate= 61-107 : -
-----------------------------------------------------------------------------------------
it= 4   ncol= 1583  ncstr= 708  mt= 0.5   spt= 0.1   lpval= 94002.7   ub= 94043.0  
-----------------------------------------------------------------------------------------
elapsed time= 116.11 s.
-----------------------------------------------------------------------------------------
candidate= 0-301 : -
-----------------------------------------------------------------------------------------
it= 4   ncol= 1570  ncstr= 708  mt= 0.5   spt= 0.1   lpval= 94003.7   ub= 94043.0  
-----------------------------------------------------------------------------------------
elapsed time= 116.75 s.
-----------------------------------------------------------------------------------------
candidate= 61-107 : +
-----------------------------------------------------------------------------------------
it= 5   ncol= 1630  ncstr= 708  mt= 0.6   spt= 0.2   lpval= 94015.9   ub= 94043.0  
-----------------------------------------------------------------------------------------
elapsed time= 117.59 s.
-----------------------------------------------------------------------------------------
brc= 147-174
t= 0.265013 c= 59.7809 n= 0 if_b4= 0
t= 0.736764 c= 84.0719 n= 0 if_b4= 0
#########################################################################################
tree size= 1 lb= 94001.3 ub= 94043
#########################################################################################
idx= 1 value= 94001.3 enu= 1
brc= 50-103 : -
brc= 76-103 : -
brc= 49-105 : -
brc= 70-133 : -
brc= 74-217 : -
brc= 233-246 : +
brc= 164-175 : +
brc= 0-27 : +
brc= 9-126 : -
brc= 13-65 : -
brc= 24-257 : -
brc= 74-95 : -
brc= 19-115 : -
brc= 3-19 : +
brc= 32-152 : -
brc= 115-137 : -
brc= 128-150 : -
brc= 54-295 : -
brc= 57-64 : +
brc= 74-260 : -
brc= 211-239 : +
brc= 56-299 : -
brc= 24-189 : +
brc= 147-174 : +
it= 5   ncol= 1578  ncstr= 707  mt= 0.5   spt= 0.1   lpval= 94011.5   ub= 94043.0  
-----------------------------------------------------------------------------------------
elapsed time= 121.69 s.
-----------------------------------------------------------------------------------------
delete columns= 196122 remain= 77114
 ****** Separate RCCs ****** 
 ****** Separate Rank1Cuts ****** 
it= 3   ncol= 1570  ncstr= 600  mt= 0.0   spt= 0.0   lpval= 94014.0   ub= 94043.0  
-----------------------------------------------------------------------------------------
elapsed time= 122.82 s.
-----------------------------------------------------------------------------------------
delete columns= 26693 remain= 50421
 ****** Separate Rank1Cuts ****** 
it= 3   ncol= 1524  ncstr= 594  mt= 0.0   spt= 0.0   lpval= 94014.4   ub= 94043.0  
-----------------------------------------------------------------------------------------
elapsed time= 123.88 s.
-----------------------------------------------------------------------------------------
columns pending deletion= 4921 remain= 50421 col ratio= 0.902402 row ratio= 0.909091
[1;36m[REMIND] 2: gap improved= 0.465612 ratio= 0.016305 threshold= 0.040000 in function increaseCondition2 at /blue/yu.yang1/you.z/route_opt/packages/application/X-n313-k71/src/main/src/call_cutting.cpp:74[0m
 ****** Separate RCCs ****** 
 ****** Separate Rank1Cuts ****** 
it= 2   ncol= 1509  ncstr= 620  mt= 0.0   spt= 0.0   lpval= 94014.7   ub= 94043.0  
-----------------------------------------------------------------------------------------
elapsed time= 124.37 s.
-----------------------------------------------------------------------------------------
columns pending deletion= 7446 remain= 50421 col ratio= 0.852323 row ratio= 0.891935
[1;36m[REMIND] 2: gap improved= 0.265304 ratio= 0.009378 threshold= 0.040000 in function increaseCondition2 at /blue/yu.yang1/you.z/route_opt/packages/application/X-n313-k71/src/main/src/call_cutting.cpp:74[0m
 ****** Separate RCCs ****** 
 ****** Separate Rank1Cuts ****** 
it= 4   ncol= 1514  ncstr= 647  mt= 0.0   spt= 0.0   lpval= 94015.0   ub= 94043.0  
-----------------------------------------------------------------------------------------
elapsed time= 124.92 s.
-----------------------------------------------------------------------------------------
columns pending deletion= 9301 remain= 50421 col ratio= 0.815533 row ratio= 0.867079
[1;36m[REMIND] 2: gap improved= 0.250799 ratio= 0.008944 threshold= 0.040000 in function increaseCondition2 at /blue/yu.yang1/you.z/route_opt/packages/application/X-n313-k71/src/main/src/call_cutting.cpp:74[0m
[1;36m[REMIND] tail off counter= 3 threshold= 3 in function setIfTailOff at /blue/yu.yang1/you.z/route_opt/packages/application/X-n313-k71/src/main/src/call_cutting.cpp:150[0m
current_r_best= 9.88678
alpha= 0.37 beta= 2.8361 omega= 225.577 k1= 13
lb_k= 1 ub_k= 37
revise: lb_k= 10 ub_k= 14
opt_k= 13
alpha= 0.75 beta= 2.8361 omega= 114.11 k1= 3
lb_k= 1 ub_k= 3
revise: lb_k= 2 ub_k= 3
opt_k= 3
pseudo= 50 frac= 50
#candidates in phase1= 13
testing lp time= 5.58 s.
-----------------------------------------------------------------------------------------
 32-202 , 109.85|  30-79  ,  61.42|  33-228 ,  31.39| 228-237 ,  29.52|  24-139 ,  27.71| 
 18-108 ,  25.70| 106-115 ,  23.80|   1-103 ,  20.70|   0-279 ,  17.51| 117-237 ,   9.98| 
 51-89  ,   8.77|  71-109 ,   2.58|  30-128 ,   0.36| 
-----------------------------------------------------------------------------------------
edge= 33 228 lp= 2.08508 pre= 2 lp2= 15.0539 pre2= 2 score= 31.3885
-----------------------------------------------------------------------------------------
edge= 30 79 lp= 1.26954 pre= 2 lp2= 48.3773 pre2= 2 score= 61.4172
-----------------------------------------------------------------------------------------
edge= 32 202 lp= 1.27171 pre= 2 lp2= 86.3831 pre2= 2 score= 109.854
-----------------------------------------------------------------------------------------
candidate= 32-202 : -
-----------------------------------------------------------------------------------------
it= 3   ncol= 1527  ncstr= 648  mt= 0.4   spt= 0.0   lpval= 94016.2   ub= 94043.0  
-----------------------------------------------------------------------------------------
elapsed time= 130.93 s.
-----------------------------------------------------------------------------------------
candidate= 32-202 : +
-----------------------------------------------------------------------------------------
it= 4   ncol= 1582  ncstr= 648  mt= 0.5   spt= 0.0   lpval= 94068.4   ub= 94043.0  
-----------------------------------------------------------------------------------------
elapsed time= 131.45 s.
-----------------------------------------------------------------------------------------
brc= 32-202
t= 0.239909 c= 32.0977 n= 1 if_b4= 0
t= 0.602982 c= 45.4049 n= 1 if_b4= 0
#########################################################################################
tree size= 2 lb= 94001.3 ub= 94043
#########################################################################################
idx= 2 value= 94001.3 enu= 1
brc= 50-103 : -
brc= 76-103 : -
brc= 49-105 : -
brc= 70-133 : -
brc= 74-217 : -
brc= 233-246 : +
brc= 164-175 : +
brc= 0-27 : +
brc= 9-126 : -
brc= 13-65 : -
brc= 24-257 : -
brc= 74-95 : -
brc= 19-115 : -
brc= 3-19 : +
brc= 32-152 : -
brc= 115-137 : -
brc= 128-150 : -
brc= 54-295 : -
brc= 57-64 : +
brc= 74-260 : -
brc= 211-239 : +
brc= 56-299 : -
brc= 24-189 : +
brc= 147-174 : -
it= 4   ncol= 1579  ncstr= 707  mt= 0.1   spt= 0.1   lpval= 94005.2   ub= 94043.0  
-----------------------------------------------------------------------------------------
elapsed time= 132.91 s.
-----------------------------------------------------------------------------------------
delete columns= 92815 remain= 180573
 ****** Separate RCCs ****** 
 ****** Separate Rank1Cuts ****** 
it= 2   ncol= 1586  ncstr= 639  mt= 0.0   spt= 0.0   lpval= 94006.2   ub= 94043.0  
-----------------------------------------------------------------------------------------
elapsed time= 134.40 s.
-----------------------------------------------------------------------------------------
columns pending deletion= 24927 remain= 180573 col ratio= 0.861956 row ratio= 0.873239
[1;36m[REMIND] 2: gap improved= 0.990527 ratio= 0.026916 threshold= 0.040000 in function increaseCondition2 at /blue/yu.yang1/you.z/route_opt/packages/application/X-n313-k71/src/main/src/call_cutting.cpp:74[0m
 ****** Separate RCCs ****** 
 ****** Separate Rank1Cuts ****** 
it= 5   ncol= 1591  ncstr= 681  mt= 0.1   spt= 0.1   lpval= 94007.0   ub= 94043.0  
-----------------------------------------------------------------------------------------
elapsed time= 135.09 s.
-----------------------------------------------------------------------------------------
columns pending deletion= 43221 remain= 180573 col ratio= 0.760645 row ratio= 0.845815
[1;36m[REMIND] 2: gap improved= 0.833064 ratio= 0.023162 threshold= 0.040000 in function increaseCondition2 at /blue/yu.yang1/you.z/route_opt/packages/application/X-n313-k71/src/main/src/call_cutting.cpp:74[0m
 ****** Separate RCCs ****** 
 ****** Separate Rank1Cuts ****** 
it= 4   ncol= 1597  ncstr= 720  mt= 0.1   spt= 0.1   lpval= 94007.4   ub= 94043.0  
-----------------------------------------------------------------------------------------
elapsed time= 135.76 s.
-----------------------------------------------------------------------------------------
delete columns= 55224 remain= 125349
[1;36m[REMIND] 2: gap improved= 0.366421 ratio= 0.010292 threshold= 0.040000 in function increaseCondition2 at /blue/yu.yang1/you.z/route_opt/packages/application/X-n313-k71/src/main/src/call_cutting.cpp:74[0m
[1;36m[REMIND] tail off counter= 3 threshold= 3 in function setIfTailOff at /blue/yu.yang1/you.z/route_opt/packages/application/X-n313-k71/src/main/src/call_cutting.cpp:150[0m
current_r_best= 6.61264
alpha= 0.37 beta= 5.38377 omega= 133.791 k1= 14
lb_k= 1 ub_k= 37
revise: lb_k= 11 ub_k= 18
opt_k= 15
alpha= 0.75 beta= 5.38377 omega= 75.3006 k1= 3
lb_k= 1 ub_k= 3
revise: lb_k= 1 ub_k= 3
opt_k= 3
pseudo= 50 frac= 50
#candidates in phase1= 15
testing lp time= 5.32 s.
-----------------------------------------------------------------------------------------
  0-218 ,  80.27|  18-301 ,  44.47| 115-269 ,  34.47|   4-126 ,  31.44|   6-82  ,  29.97| 
115-237 ,  26.26|   0-13  ,  20.64|  85-105 ,  20.61|  71-109 ,  15.07| 174-221 ,  11.05| 
132-302 ,  10.97| 137-150 ,   8.73| 103-109 ,   6.51|   4-60  ,   0.00|   6-150 ,   0.00| 
-----------------------------------------------------------------------------------------
edge= 115 269 lp= 29.2296 pre= 2 lp2= 1.17939 pre2= 2 score= 34.4729
-----------------------------------------------------------------------------------------
edge= 18 301 lp= 9.1122 pre= 2 lp2= 4.88068 pre2= 2 score= 44.4737
-----------------------------------------------------------------------------------------
edge= 0 218 lp= 17.1302 pre= 2 lp2= 4.68584 pre2= 2 score= 80.2694
-----------------------------------------------------------------------------------------
candidate= 0-218 : -
-----------------------------------------------------------------------------------------
it= 4   ncol= 1665  ncstr= 589  mt= 0.4   spt= 0.0   lpval= 94018.3   ub= 94043.0  
-----------------------------------------------------------------------------------------
elapsed time= 142.27 s.
-----------------------------------------------------------------------------------------
candidate= 0-218 : +
-----------------------------------------------------------------------------------------
it= 4   ncol= 1652  ncstr= 589  mt= 0.4   spt= 0.0   lpval= 94011.5   ub= 94043.0  
-----------------------------------------------------------------------------------------
elapsed time= 142.75 s.
-----------------------------------------------------------------------------------------
brc= 0-218
t= 0.219017 c= 22.836 n= 2 if_b4= 0
t= 0.557554 c= 32.438 n= 2 if_b4= 0
#########################################################################################
tree size= 3 lb= 94007.4 ub= 94043
#########################################################################################
idx= 5 value= 94007.4 enu= 1
brc= 50-103 : -
brc= 76-103 : -
brc= 49-105 : -
brc= 70-133 : -
brc= 74-217 : -
brc= 233-246 : +
brc= 164-175 : +
brc= 0-27 : +
brc= 9-126 : -
brc= 13-65 : -
brc= 24-257 : -
brc= 74-95 : -
brc= 19-115 : -
brc= 3-19 : +
brc= 32-152 : -
brc= 115-137 : -
brc= 128-150 : -
brc= 54-295 : -
brc= 57-64 : +
brc= 74-260 : -
brc= 211-239 : +
brc= 56-299 : -
brc= 24-189 : +
brc= 147-174 : -
brc= 0-218 : +
it= 4   ncol= 1649  ncstr= 588  mt= 0.4   spt= 0.0   lpval= 94011.5   ub= 94043.0  
-----------------------------------------------------------------------------------------
elapsed time= 144.56 s.
-----------------------------------------------------------------------------------------
delete columns= 48820 remain= 76480
 ****** Separate RCCs ****** 
 ****** Separate Rank1Cuts ****** 
it= 3   ncol= 1579  ncstr= 600  mt= 0.0   spt= 0.0   lpval= 94012.8   ub= 94043.0  
-----------------------------------------------------------------------------------------
elapsed time= 145.66 s.
-----------------------------------------------------------------------------------------
columns pending deletion= 13551 remain= 76480 col ratio= 0.822816 row ratio= 0.923333
 ****** Separate RCCs ****** 
 ****** Separate Rank1Cuts ****** 
it= 3   ncol= 1576  ncstr= 646  mt= 0.0   spt= 0.0   lpval= 94015.0   ub= 94043.0  
-----------------------------------------------------------------------------------------
elapsed time= 146.29 s.
-----------------------------------------------------------------------------------------
delete columns= 31781 remain= 44699
 ****** Separate RCCs ****** 
 ****** Separate Rank1Cuts ****** 
it= 3   ncol= 1569  ncstr= 691  mt= 0.0   spt= 0.0   lpval= 94015.5   ub= 94043.0  
-----------------------------------------------------------------------------------------
elapsed time= 147.04 s.
-----------------------------------------------------------------------------------------
columns pending deletion= 4799 remain= 44699 col ratio= 0.892637 row ratio= 0.849493
[1;36m[REMIND] 2: gap improved= 0.482403 ratio= 0.017561 threshold= 0.040000 in function increaseCondition2 at /blue/yu.yang1/you.z/route_opt/packages/application/X-n313-k71/src/main/src/call_cutting.cpp:74[0m
 ****** Separate Rank1Cuts ****** 
it= 3   ncol= 1585  ncstr= 737  mt= 0.1   spt= 0.0   lpval= 94015.7   ub= 94043.0  
-----------------------------------------------------------------------------------------
elapsed time= 147.56 s.
-----------------------------------------------------------------------------------------
columns pending deletion= 7844 remain= 44699 col ratio= 0.824515 row ratio= 0.789688
[1;36m[REMIND] 2: gap improved= 0.124107 ratio= 0.004539 threshold= 0.040000 in function increaseCondition2 at /blue/yu.yang1/you.z/route_opt/packages/application/X-n313-k71/src/main/src/call_cutting.cpp:74[0m
 ****** Separate Rank1Cuts ****** 
it= 2   ncol= 1578  ncstr= 752  mt= 0.0   spt= 0.0   lpval= 94015.8   ub= 94043.0  
-----------------------------------------------------------------------------------------
elapsed time= 147.99 s.
-----------------------------------------------------------------------------------------
columns pending deletion= 8752 remain= 44699 col ratio= 0.804201 row ratio= 0.796543
[1;36m[REMIND] 2: gap improved= 0.115214 ratio= 0.004231 threshold= 0.040000 in function increaseCondition2 at /blue/yu.yang1/you.z/route_opt/packages/application/X-n313-k71/src/main/src/call_cutting.cpp:74[0m
[1;36m[REMIND] tail off counter= 3 threshold= 3 in function setIfTailOff at /blue/yu.yang1/you.z/route_opt/packages/application/X-n313-k71/src/main/src/call_cutting.cpp:150[0m
current_r_best= 6.61264
alpha= 0.37 beta= 4.1179 omega= 104.265 k1= 10
lb_k= 1 ub_k= 37
revise: lb_k= 8 ub_k= 13
opt_k= 11
alpha= 0.75 beta= 4.1179 omega= 58.1791 k1= 3
lb_k= 1 ub_k= 3
revise: lb_k= 2 ub_k= 3
opt_k= 3
pseudo= 50 frac= 50
#candidates in phase1= 11
testing lp time= 6.34 s.
-----------------------------------------------------------------------------------------
 29-226 ,  56.92| 115-269 ,  34.33|   0-13  ,  23.68| 245-272 ,  12.14| 114-267 ,  12.14| 
 71-109 ,  10.95| 147-228 ,   9.90|  29-279 ,   9.90| 228-279 ,   9.90|   6-9   ,   0.68| 
  6-89  ,   0.00| 
-----------------------------------------------------------------------------------------
edge= 0 13 lp= 29.5828 pre= 2 lp2= 0.800585 pre2= 2 score= 23.6835
-----------------------------------------------------------------------------------------
edge= 115 269 lp= 16.6413 pre= 2 lp2= 2.06274 pre2= 2 score= 34.3267
-----------------------------------------------------------------------------------------
edge= 29 226 lp= 0.587296 pre= 2 lp2= 96.9157 pre2= 2 score= 56.9182
-----------------------------------------------------------------------------------------
candidate= 29-226 : -
-----------------------------------------------------------------------------------------
it= 2   ncol= 1590  ncstr= 753  mt= 0.5   spt= 0.0   lpval= 94016.4   ub= 94043.0  
-----------------------------------------------------------------------------------------
elapsed time= 154.83 s.
-----------------------------------------------------------------------------------------
candidate= 29-226 : +
-----------------------------------------------------------------------------------------
it= 6   ncol= 1675  ncstr= 753  mt= 0.6   spt= 0.0   lpval= 94055.1   ub= 94043.0  
-----------------------------------------------------------------------------------------
elapsed time= 155.41 s.
-----------------------------------------------------------------------------------------
candidate= 115-269 : -
-----------------------------------------------------------------------------------------
it= 3   ncol= 1625  ncstr= 753  mt= 0.5   spt= 0.0   lpval= 94032.2   ub= 94043.0  
-----------------------------------------------------------------------------------------
elapsed time= 155.88 s.
-----------------------------------------------------------------------------------------
candidate= 115-269 : +
-----------------------------------------------------------------------------------------
it= 3   ncol= 1595  ncstr= 753  mt= 0.5   spt= 0.0   lpval= 94017.6   ub= 94043.0  
-----------------------------------------------------------------------------------------
elapsed time= 156.43 s.
-----------------------------------------------------------------------------------------
brc= 115-269
t= 0.236299 c= 18.3603 n= 3 if_b4= 0
t= 0.54897 c= 26.0927 n= 3 if_b4= 0
#########################################################################################
tree size= 4 lb= 94007.4 ub= 94043
#########################################################################################
idx= 6 value= 94007.4 enu= 1
brc= 50-103 : -
brc= 76-103 : -
brc= 49-105 : -
brc= 70-133 : -
brc= 74-217 : -
brc= 233-246 : +
brc= 164-175 : +
brc= 0-27 : +
brc= 9-126 : -
brc= 13-65 : -
brc= 24-257 : -
brc= 74-95 : -
brc= 19-115 : -
brc= 3-19 : +
brc= 32-152 : -
brc= 115-137 : -
brc= 128-150 : -
brc= 54-295 : -
brc= 57-64 : +
brc= 74-260 : -
brc= 211-239 : +
brc= 56-299 : -
brc= 24-189 : +
brc= 147-174 : -
brc= 0-218 : -
it= 4   ncol= 1658  ncstr= 588  mt= 0.1   spt= 0.0   lpval= 94018.3   ub= 94043.0  
-----------------------------------------------------------------------------------------
elapsed time= 157.92 s.
-----------------------------------------------------------------------------------------
delete columns= 96213 remain= 29115
 ****** Separate RCCs ****** 
 ****** Separate Rank1Cuts ****** 
it= 3   ncol= 1565  ncstr= 597  mt= 0.0   spt= 0.0   lpval= 94020.7   ub= 94043.0  
-----------------------------------------------------------------------------------------
elapsed time= 158.67 s.
-----------------------------------------------------------------------------------------
columns pending deletion= 9285 remain= 29115 col ratio= 0.681092 row ratio= 0.929648
 ****** Separate RCCs ****** 
 ****** Separate Rank1Cuts ****** 
it= 3   ncol= 1559  ncstr= 697  mt= 0.0   spt= 0.0   lpval= 94022.7   ub= 94043.0  
-----------------------------------------------------------------------------------------
elapsed time= 159.36 s.
-----------------------------------------------------------------------------------------
delete columns= 14621 remain= 14494
mip: row= 568 col= 16026 density= 4.55671%
mip time= 21.01 s.
mip status= 6
update f from 0 to 20.2805
#########################################################################################
tree size= 3 lb= 94015 ub= 94043
#########################################################################################
idx= 3 value= 94015 enu= 1
brc= 50-103 : -
brc= 76-103 : -
brc= 49-105 : -
brc= 70-133 : -
brc= 74-217 : -
brc= 233-246 : +
brc= 164-175 : +
brc= 0-27 : +
brc= 9-126 : -
brc= 13-65 : -
brc= 24-257 : -
brc= 74-95 : -
brc= 19-115 : -
brc= 3-19 : +
brc= 32-152 : -
brc= 115-137 : -
brc= 128-150 : -
brc= 54-295 : -
brc= 57-64 : +
brc= 74-260 : -
brc= 211-239 : +
brc= 56-299 : -
brc= 24-189 : +
brc= 147-174 : +
brc= 32-202 : +
it= 5   ncol= 1531  ncstr= 647  mt= 0.6   spt= 0.0   lpval= 94068.4   ub= 94043.0  
-----------------------------------------------------------------------------------------
elapsed time= 181.50 s.
-----------------------------------------------------------------------------------------
#########################################################################################
tree size= 2 lb= 94015 ub= 94043
#########################################################################################
idx= 4 value= 94015 enu= 1
brc= 50-103 : -
brc= 76-103 : -
brc= 49-105 : -
brc= 70-133 : -
brc= 74-217 : -
brc= 233-246 : +
brc= 164-175 : +
brc= 0-27 : +
brc= 9-126 : -
brc= 13-65 : -
brc= 24-257 : -
brc= 74-95 : -
brc= 19-115 : -
brc= 3-19 : +
brc= 32-152 : -
brc= 115-137 : -
brc= 128-150 : -
brc= 54-295 : -
brc= 57-64 : +
brc= 74-260 : -
brc= 211-239 : +
brc= 56-299 : -
brc= 24-189 : +
brc= 147-174 : +
brc= 32-202 : -
it= 3   ncol= 1524  ncstr= 647  mt= 0.0   spt= 0.0   lpval= 94016.2   ub= 94043.0  
-----------------------------------------------------------------------------------------
elapsed time= 181.56 s.
-----------------------------------------------------------------------------------------
columns pending deletion= 4399 remain= 41118 col ratio= 0.893015 row ratio= 0.877898
 ****** Separate RCCs ****** 
 ****** Separate Rank1Cuts ****** 
it= 3   ncol= 1505  ncstr= 674  mt= 0.0   spt= 0.0   lpval= 94017.7   ub= 94043.0  
-----------------------------------------------------------------------------------------
elapsed time= 182.11 s.
-----------------------------------------------------------------------------------------
columns pending deletion= 10371 remain= 41118 col ratio= 0.747775 row ratio= 0.84273
 ****** Separate RCCs ****** 
 ****** Separate Rank1Cuts ****** 
it= 2   ncol= 1507  ncstr= 732  mt= 0.0   spt= 0.0   lpval= 94018.0   ub= 94043.0  
-----------------------------------------------------------------------------------------
elapsed time= 182.69 s.
-----------------------------------------------------------------------------------------
delete columns= 13069 remain= 28049
[1;36m[REMIND] 2: gap improved= 0.264441 ratio= 0.010571 threshold= 0.040000 in function increaseCondition2 at /blue/yu.yang1/you.z/route_opt/packages/application/X-n313-k71/src/main/src/call_cutting.cpp:74[0m
 ****** Separate RCCs ****** 
 ****** Separate Rank1Cuts ****** 
it= 2   ncol= 1511  ncstr= 625  mt= 0.0   spt= 0.0   lpval= 94018.1   ub= 94043.0  
-----------------------------------------------------------------------------------------
elapsed time= 183.24 s.
-----------------------------------------------------------------------------------------
columns pending deletion= 1299 remain= 28049 col ratio= 0.953688 row ratio= 0.9472
[1;36m[REMIND] 2: gap improved= 0.161321 ratio= 0.006491 threshold= 0.040000 in function increaseCondition2 at /blue/yu.yang1/you.z/route_opt/packages/application/X-n313-k71/src/main/src/call_cutting.cpp:74[0m
 ****** Separate Rank1Cuts ****** 
it= 2   ncol= 1515  ncstr= 659  mt= 0.0   spt= 0.0   lpval= 94018.2   ub= 94043.0  
-----------------------------------------------------------------------------------------
elapsed time= 183.71 s.
-----------------------------------------------------------------------------------------
columns pending deletion= 2067 remain= 28049 col ratio= 0.926308 row ratio= 0.907436
current_r_best= 3.84489
alpha= 0.37 beta= 1.17541 omega= 77.6996 k1= 4
lb_k= 1 ub_k= 37
revise: lb_k= 4 ub_k= 5
opt_k= 5
alpha= 0.75 beta= 1.17541 omega= 47.5302 k1= 3
lb_k= 1 ub_k= 3
revise: lb_k= 2 ub_k= 3
opt_k= 3
pseudo= 50 frac= 50
#candidates in phase1= 5
testing lp time= 2.16 s.
-----------------------------------------------------------------------------------------
132-230 ,  20.57| 207-230 ,  14.86|  90-117 ,   4.40|   0-218 ,   4.22| 132-276 ,   1.12| 
-----------------------------------------------------------------------------------------
edge= 90 117 lp= 0.593452 pre= 0 lp2= 7.41923 pre2= 2 score= 4.40296
-----------------------------------------------------------------------------------------
edge= 207 230 lp= 2.00236 pre= 0 lp2= 7.4192 pre2= 1 score= 14.8559
-----------------------------------------------------------------------------------------
edge= 132 230 lp= 6.9702 pre= 1 lp2= 2.95098 pre2= 0 score= 20.5689
-----------------------------------------------------------------------------------------
brc= 132-230
t= 0.232276 c= 15.1315 n= 4 if_b4= 0
t= 0.54897 c= 21.5335 n= 4 if_b4= 0
#########################################################################################
tree size= 3 lb= 94015.8 ub= 94043
#########################################################################################
idx= 7 value= 94015.8 enu= 1
brc= 50-103 : -
brc= 76-103 : -
brc= 49-105 : -
brc= 70-133 : -
brc= 74-217 : -
brc= 233-246 : +
brc= 164-175 : +
brc= 0-27 : +
brc= 9-126 : -
brc= 13-65 : -
brc= 24-257 : -
brc= 74-95 : -
brc= 19-115 : -
brc= 3-19 : +
brc= 32-152 : -
brc= 115-137 : -
brc= 128-150 : -
brc= 54-295 : -
brc= 57-64 : +
brc= 74-260 : -
brc= 211-239 : +
brc= 56-299 : -
brc= 24-189 : +
brc= 147-174 : -
brc= 0-218 : +
brc= 115-269 : +
it= 3   ncol= 1589  ncstr= 752  mt= 0.4   spt= 0.0   lpval= 94017.6   ub= 94043.0  
-----------------------------------------------------------------------------------------
elapsed time= 187.43 s.
-----------------------------------------------------------------------------------------
delete columns= 8234 remain= 27655
 ****** Separate RCCs ****** 
 ****** Separate Rank1Cuts ****** 
it= 2   ncol= 1569  ncstr= 617  mt= 0.0   spt= 0.0   lpval= 94018.5   ub= 94043.0  
-----------------------------------------------------------------------------------------
elapsed time= 187.97 s.
-----------------------------------------------------------------------------------------
columns pending deletion= 3496 remain= 27655 col ratio= 0.873585 row ratio= 0.936791
[1;36m[REMIND] 2: gap improved= 0.852005 ratio= 0.034724 threshold= 0.040000 in function increaseCondition2 at /blue/yu.yang1/you.z/route_opt/packages/application/X-n313-k71/src/main/src/call_cutting.cpp:74[0m
 ****** Separate RCCs ****** 
 ****** Separate Rank1Cuts ****** 
it= 3   ncol= 1561  ncstr= 658  mt= 0.0   spt= 0.0   lpval= 94019.4   ub= 94043.0  
-----------------------------------------------------------------------------------------
elapsed time= 188.44 s.
-----------------------------------------------------------------------------------------
columns pending deletion= 5536 remain= 27655 col ratio= 0.799819 row ratio= 0.896657
[1;36m[REMIND] 2: gap improved= 0.887474 ratio= 0.037526 threshold= 0.040000 in function increaseCondition2 at /blue/yu.yang1/you.z/route_opt/packages/application/X-n313-k71/src/main/src/call_cutting.cpp:74[0m
 ****** Separate RCCs ****** 
 ****** Separate Rank1Cuts ****** 
it= 2   ncol= 1554  ncstr= 692  mt= 0.0   spt= 0.0   lpval= 94019.5   ub= 94043.0  
-----------------------------------------------------------------------------------------
elapsed time= 188.95 s.
-----------------------------------------------------------------------------------------
columns pending deletion= 6293 remain= 27655 col ratio= 0.772446 row ratio= 0.877168
[1;36m[REMIND] 2: gap improved= 0.147229 ratio= 0.006265 threshold= 0.040000 in function increaseCondition2 at /blue/yu.yang1/you.z/route_opt/packages/application/X-n313-k71/src/main/src/call_cutting.cpp:74[0m
[1;36m[REMIND] tail off counter= 3 threshold= 3 in function setIfTailOff at /blue/yu.yang1/you.z/route_opt/packages/application/X-n313-k71/src/main/src/call_cutting.cpp:150[0m
current_r_best= 3.84489
alpha= 0.37 beta= 0.837888 omega= 65.1444 k1= 3
lb_k= 1 ub_k= 37
revise: lb_k= 3 ub_k= 4
opt_k= 4
alpha= 0.75 beta= 0.837888 omega= 39.2253 k1= 3
lb_k= 1 ub_k= 3
revise: lb_k= 2 ub_k= 3
opt_k= 3
pseudo= 50 frac= 50
#candidates in phase1= 4
testing lp time= 1.89 s.
-----------------------------------------------------------------------------------------
 29-226 , 151.00| 117-137 ,  18.47|  71-109 ,  14.86| 127-182 ,   7.14| 
-----------------------------------------------------------------------------------------
edge= 71 109 lp= 13.5777 pre= 0 lp2= 1.0946 pre2= 0 score= 14.8621
-----------------------------------------------------------------------------------------
edge= 117 137 lp= 0.146148 pre= 0 lp2= 126.403 pre2= 2 score= 18.4735
-----------------------------------------------------------------------------------------
edge= 29 226 lp= 1.19462 pre= 0 lp2= 126.403 pre2= 2 score= 151.003
-----------------------------------------------------------------------------------------
candidate= 29-226 : +
-----------------------------------------------------------------------------------------
it= 4   ncol= 1641  ncstr= 693  mt= 0.4   spt= 0.0   lpval= 94055.5   ub= 94043.0  
-----------------------------------------------------------------------------------------
elapsed time= 191.29 s.
-----------------------------------------------------------------------------------------
brc= 29-226
t= 0.233025 c= 12.9816 n= 5 if_b4= 0
t= 0.531006 c= 18.4377 n= 5 if_b4= 0
#########################################################################################
tree size= 4 lb= 94015.8 ub= 94043
#########################################################################################
idx= 8 value= 94015.8 enu= 1
brc= 50-103 : -
brc= 76-103 : -
brc= 49-105 : -
brc= 70-133 : -
brc= 74-217 : -
brc= 233-246 : +
brc= 164-175 : +
brc= 0-27 : +
brc= 9-126 : -
brc= 13-65 : -
brc= 24-257 : -
brc= 74-95 : -
brc= 19-115 : -
brc= 3-19 : +
brc= 32-152 : -
brc= 115-137 : -
brc= 128-150 : -
brc= 54-295 : -
brc= 57-64 : +
brc= 74-260 : -
brc= 211-239 : +
brc= 56-299 : -
brc= 24-189 : +
brc= 147-174 : -
brc= 0-218 : +
brc= 115-269 : -
it= 3   ncol= 1617  ncstr= 752  mt= 0.1   spt= 0.0   lpval= 94032.2   ub= 94043.0  
-----------------------------------------------------------------------------------------
elapsed time= 192.54 s.
-----------------------------------------------------------------------------------------
delete columns= 33118 remain= 2822
 ****** Separate RCCs ****** 
 ****** Separate Rank1Cuts ****** 
it= 4   ncol= 1314  ncstr= 591  mt= 0.0   spt= 0.0   lpval= 94037.7   ub= 94043.0  
-----------------------------------------------------------------------------------------
elapsed time= 193.07 s.
-----------------------------------------------------------------------------------------
delete columns= 1751 remain= 1071
mip: row= 548 col= 2136 density= 3.43836%
mip time= 0.21 s.
mip status= 3
#########################################################################################
tree size= 3 lb= 94018.2 ub= 94043
#########################################################################################
idx= 9 value= 94018.2 enu= 1
brc= 50-103 : -
brc= 76-103 : -
brc= 49-105 : -
brc= 70-133 : -
brc= 74-217 : -
brc= 233-246 : +
brc= 164-175 : +
brc= 0-27 : +
brc= 9-126 : -
brc= 13-65 : -
brc= 24-257 : -
brc= 74-95 : -
brc= 19-115 : -
brc= 3-19 : +
brc= 32-152 : -
brc= 115-137 : -
brc= 128-150 : -
brc= 54-295 : -
brc= 57-64 : +
brc= 74-260 : -
brc= 211-239 : +
brc= 56-299 : -
brc= 24-189 : +
brc= 147-174 : +
brc= 32-202 : -
brc= 132-230 : +
it= 2   ncol= 1507  ncstr= 659  mt= 0.4   spt= 0.0   lpval= 94021.1   ub= 94043.0  
-----------------------------------------------------------------------------------------
elapsed time= 193.72 s.
-----------------------------------------------------------------------------------------
delete columns= 9179 remain= 16768
 ****** Separate RCCs ****** 
 ****** Separate Rank1Cuts ****** 
it= 3   ncol= 1502  ncstr= 587  mt= 0.1   spt= 0.0   lpval= 94021.8   ub= 94043.0  
-----------------------------------------------------------------------------------------
elapsed time= 194.33 s.
-----------------------------------------------------------------------------------------
columns pending deletion= 1978 remain= 16768 col ratio= 0.882037 row ratio= 0.960818
[1;36m[REMIND] 2: gap improved= 0.673965 ratio= 0.031826 threshold= 0.040000 in function increaseCondition2 at /blue/yu.yang1/you.z/route_opt/packages/application/X-n313-k71/src/main/src/call_cutting.cpp:74[0m
mip: row= 564 col= 16286 density= 5.04392%
mip time= 14.69 s.
mip status= 6
update f from 20.2805 to 21.1768
#########################################################################################
tree size= 2 lb= 94018.2 ub= 94043
#########################################################################################
idx= 10 value= 94018.2 enu= 1
brc= 50-103 : -
brc= 76-103 : -
brc= 49-105 : -
brc= 70-133 : -
brc= 74-217 : -
brc= 233-246 : +
brc= 164-175 : +
brc= 0-27 : +
brc= 9-126 : -
brc= 13-65 : -
brc= 24-257 : -
brc= 74-95 : -
brc= 19-115 : -
brc= 3-19 : +
brc= 32-152 : -
brc= 115-137 : -
brc= 128-150 : -
brc= 54-295 : -
brc= 57-64 : +
brc= 74-260 : -
brc= 211-239 : +
brc= 56-299 : -
brc= 24-189 : +
brc= 147-174 : +
brc= 32-202 : -
brc= 132-230 : -
it= 3   ncol= 1545  ncstr= 659  mt= 0.1   spt= 0.0   lpval= 94024.4   ub= 94043.0  
-----------------------------------------------------------------------------------------
elapsed time= 209.60 s.
-----------------------------------------------------------------------------------------
delete columns= 14827 remain= 11148
 ****** Separate RCCs ****** 
 ****** Separate Rank1Cuts ****** 
it= 3   ncol= 1478  ncstr= 583  mt= 0.0   spt= 0.0   lpval= 94028.5   ub= 94043.0  
-----------------------------------------------------------------------------------------
elapsed time= 210.17 s.
-----------------------------------------------------------------------------------------
delete columns= 5736 remain= 5412
mip: row= 539 col= 6836 density= 4.19415%
mip time= 1.71 s.
mip status= 6
#########################################################################################
tree size= 1 lb= 94019.5 ub= 94043
#########################################################################################
idx= 11 value= 94019.5 enu= 1
brc= 50-103 : -
brc= 76-103 : -
brc= 49-105 : -
brc= 70-133 : -
brc= 74-217 : -
brc= 233-246 : +
brc= 164-175 : +
brc= 0-27 : +
brc= 9-126 : -
brc= 13-65 : -
brc= 24-257 : -
brc= 74-95 : -
brc= 19-115 : -
brc= 3-19 : +
brc= 32-152 : -
brc= 115-137 : -
brc= 128-150 : -
brc= 54-295 : -
brc= 57-64 : +
brc= 74-260 : -
brc= 211-239 : +
brc= 56-299 : -
brc= 24-189 : +
brc= 147-174 : -
brc= 0-218 : +
brc= 115-269 : +
brc= 29-226 : +
it= 4   ncol= 1618  ncstr= 692  mt= 0.5   spt= 0.0   lpval= 94055.5   ub= 94043.0  
-----------------------------------------------------------------------------------------
elapsed time= 212.81 s.
-----------------------------------------------------------------------------------------
#########################################################################################
tree size= 0 lb= 94019.5 ub= 94043
#########################################################################################
idx= 12 value= 94019.5 enu= 1
brc= 50-103 : -
brc= 76-103 : -
brc= 49-105 : -
brc= 70-133 : -
brc= 74-217 : -
brc= 233-246 : +
brc= 164-175 : +
brc= 0-27 : +
brc= 9-126 : -
brc= 13-65 : -
brc= 24-257 : -
brc= 74-95 : -
brc= 19-115 : -
brc= 3-19 : +
brc= 32-152 : -
brc= 115-137 : -
brc= 128-150 : -
brc= 54-295 : -
brc= 57-64 : +
brc= 74-260 : -
brc= 211-239 : +
brc= 56-299 : -
brc= 24-189 : +
brc= 147-174 : -
brc= 0-218 : +
brc= 115-269 : +
brc= 29-226 : -
it= 2   ncol= 1565  ncstr= 692  mt= 0.0   spt= 0.0   lpval= 94020.7   ub= 94043.0  
-----------------------------------------------------------------------------------------
elapsed time= 212.86 s.
-----------------------------------------------------------------------------------------
columns pending deletion= 3255 remain= 21361 col ratio= 0.847619 row ratio= 0.859827
 ****** Separate RCCs ****** 
 ****** Separate Rank1Cuts ****** 
it= 3   ncol= 1554  ncstr= 740  mt= 0.0   spt= 0.0   lpval= 94023.0   ub= 94043.0  
-----------------------------------------------------------------------------------------
elapsed time= 213.56 s.
-----------------------------------------------------------------------------------------
delete columns= 8386 remain= 12975
mip: row= 591 col= 14511 density= 4.41842%
mip time= 19.69 s.
mip status= 6
#########################################################################################
[32m<Instance: X-n313-k71>
<Solution>
<UB= 94043>
<LB= 94043>
<Elapsed Time= 233.3>
<Nodes Explored= 13>
<Global Gap= 0%>[0m
#########################################################################################
File nodes/X-n313-k71_5_0_0_5_4_1_1_G32.node deleted successfully.
