application type: CVRP
X-n313-k71_5_0_0_1_1_3_3_2_6_G32.node
Set parameter ServerTimeout to value 600
Set parameter TokenServer to value "grb-ts.ufhpc"
Set parameter Threads to value 1
instance name= X-n313-k71
#########################################################################################
tree size= 0 lb= 0 ub= 94044
#########################################################################################
idx= 13 value= 94000.9 enu= 0
brc= 50-103 : -
brc= 76-103 : -
brc= 49-105 : -
brc= 70-133 : -
brc= 74-217 : -
brc= 233-246 : +
brc= 164-175 : +
brc= 0-27 : +
brc= 9-126 : -
brc= 13-65 : +
brc= 71-203 : -
brc= 71-109 : +
brc= 0-106 : -
brc= 250-278 : -
brc= 95-279 : -
brc= 207-269 : +
brc= 10-161 : -
brc= 53-54 : -
brc= 208-224 : -
brc= 126-152 : +
brc= 33-56 : -
brc= 9-150 : -
brc= 70-121 : +
brc= 74-260 : -
brc= 147-174 : -
brc= 164-295 : -
brc= 132-257 : -
brc= 114-161 : -
brc= 9-128 : -
brc= 75-303 : +
-----------------------------------------------------------------------------------------
 ****** Pricing Level: LIGHT HEUR ****** 
it= 16  ncol= 1317  ncstr= 596  mt= 0.1   spt= 0.3   lpval= 94002.1   ub= 94043.0  
 ****** Pricing Level: HEAVY HEUR ****** 
it= 6   ncol= 1417  ncstr= 596  mt= 0.0   spt= 0.3   lpval= 94002.1   ub= 94043.0  
 ****** Pricing Level: EXACT ****** 
it= 2   ncol= 1463  ncstr= 596  mt= 0.0   spt= 2.2   lpval= 94002.0   ub= 94043.0  
-----------------------------------------------------------------------------------------
elapsed time= 6.79 s.
-----------------------------------------------------------------------------------------
-----------------------------------------------------------------------------------------
 ****** Run Arc Elimination ****** 
arc elimination time= 4.88 s.
previous= 90.7239% maximum= 2.21557%
eliminate bucket arcs time= 0.47 s.
obtain jump arcs time= 0.01 s.
-----------------------------------------------------------------------------------------
-----------------------------------------------------------------------------------------
elapsed time= 12.49 s.
-----------------------------------------------------------------------------------------
 ****** Separate RCCs ****** 
 ****** Separate Rank1Cuts ****** 
-----------------------------------------------------------------------------------------
 ****** Pricing Level: LIGHT HEUR ****** 
it= 6   ncol= 1571  ncstr= 638  mt= 0.3   spt= 0.1   lpval= 94003.5   ub= 94043.0  
 ****** Pricing Level: HEAVY HEUR ****** 
it= 4   ncol= 1613  ncstr= 638  mt= 0.0   spt= 0.2   lpval= 94003.2   ub= 94043.0  
 ****** Pricing Level: EXACT ****** 
it= 3   ncol= 1686  ncstr= 638  mt= 0.0   spt= 3.1   lpval= 94003.2   ub= 94043.0  
-----------------------------------------------------------------------------------------
elapsed time= 17.47 s.
-----------------------------------------------------------------------------------------
[1;36m[REMIND] 2: gap improved= 1.177262 ratio= 0.029590 threshold= 0.040000 in function increaseCondition2 at /blue/yu.yang1/you.z/route_opt/packages/application/X-n313-k71/src/main/src/call_cutting.cpp:74[0m
 ****** Separate RCCs ****** 
 ****** Separate Rank1Cuts ****** 
-----------------------------------------------------------------------------------------
 ****** Pricing Level: LIGHT HEUR ****** 
it= 3   ncol= 1727  ncstr= 633  mt= 0.2   spt= 0.1   lpval= 94003.7   ub= 94043.0  
 ****** Pricing Level: HEAVY HEUR ****** 
it= 3   ncol= 1759  ncstr= 633  mt= 0.0   spt= 0.2   lpval= 94003.7   ub= 94043.0  
 ****** Pricing Level: EXACT ****** 
it= 2   ncol= 1771  ncstr= 633  mt= 0.0   spt= 2.3   lpval= 94003.7   ub= 94043.0  
-----------------------------------------------------------------------------------------
elapsed time= 21.52 s.
-----------------------------------------------------------------------------------------
[1;36m[REMIND] 2: gap improved= 0.451247 ratio= 0.011472 threshold= 0.040000 in function increaseCondition2 at /blue/yu.yang1/you.z/route_opt/packages/application/X-n313-k71/src/main/src/call_cutting.cpp:74[0m
 ****** Separate RCCs ****** 
 ****** Separate Rank1Cuts ****** 
-----------------------------------------------------------------------------------------
 ****** Pricing Level: LIGHT HEUR ****** 
it= 4   ncol= 1826  ncstr= 656  mt= 0.3   spt= 0.1   lpval= 94003.9   ub= 94043.0  
 ****** Pricing Level: HEAVY HEUR ****** 
it= 4   ncol= 1854  ncstr= 656  mt= 0.0   spt= 0.2   lpval= 94003.9   ub= 94043.0  
 ****** Pricing Level: EXACT ****** 
it= 3   ncol= 1884  ncstr= 656  mt= 0.0   spt= 3.6   lpval= 94003.9   ub= 94043.0  
-----------------------------------------------------------------------------------------
elapsed time= 27.26 s.
-----------------------------------------------------------------------------------------
[1;36m[REMIND] 2: gap improved= 0.206587 ratio= 0.005280 threshold= 0.040000 in function increaseCondition2 at /blue/yu.yang1/you.z/route_opt/packages/application/X-n313-k71/src/main/src/call_cutting.cpp:74[0m
[1;36m[REMIND] tail off counter= 3 threshold= 3 in function setIfTailOff at /blue/yu.yang1/you.z/route_opt/packages/application/X-n313-k71/src/main/src/call_cutting.cpp:150[0m
[1;36m[REMIND] opt_k not found for node 13, use m directly in function getOptK at /blue/yu.yang1/you.z/route_opt/packages/branching/bkf/include/bkf_controller.hpp:239[0m
current_r_best= 2.12772
we directly test 100
we directly test 4
pseudo= 50 frac= 50
#candidates in phase1= 100
testing lp time= 27.81 s.
-----------------------------------------------------------------------------------------
  4-9   , 159.55|  43-141 , 157.08| 215-239 ,  64.44|  10-215 ,  45.64| 128-150 ,  30.65| 
 43-239 ,  29.80|  19-115 ,  27.90| 278-299 ,  25.56|  24-299 ,  25.56|   3-19  ,  25.22| 
117-174 ,  23.54|   0-23  ,  22.85| 260-279 ,  21.38|   0-270 ,  20.01| 125-224 ,  19.62| 
116-218 ,  18.73| 127-145 ,  17.29| 145-174 ,  16.79|  43-295 ,  16.60|  43-290 ,  16.60| 
147-237 ,  16.43|   0-269 ,  16.11|  90-116 ,  14.89| 115-269 ,  14.83|  17-264 ,  13.52| 
  0-209 ,  12.48|   0-148 ,  11.61| 117-237 ,  10.78| 114-272 ,   9.63|   6-137 ,   8.21| 
 19-60  ,   8.21|  74-279 ,   8.18|  25-74  ,   8.17|   0-279 ,   8.16|   0-9   ,   8.16| 
226-280 ,   7.37| 159-280 ,   7.37| 136-143 ,   6.63|   0-136 ,   6.63|  59-292 ,   6.27| 
  0-68  ,   6.27|  62-296 ,   6.27|   0-59  ,   6.27| 171-214 ,   5.57| 210-308 ,   5.54| 
141-266 ,   5.50| 174-237 ,   5.46| 125-265 ,   5.14| 265-299 ,   5.14| 112-257 ,   3.76| 
147-221 ,   3.76| 211-239 ,   3.59|  59-68  ,   3.26|  59-76  ,   3.26| 117-147 ,   2.90| 
 12-76  ,   2.76|   0-76  ,   2.76|   0-134 ,   2.75| 250-299 ,   2.57|  12-134 ,   2.54| 
 26-123 ,   2.43|   0-278 ,   2.27|  12-182 ,   2.10|   0-12  ,   2.10|  94-135 ,   1.94| 
214-224 ,   1.86|   1-105 ,   1.75|  82-137 ,   1.68|   0-85  ,   1.65| 100-157 ,   1.55| 
  0-114 ,   1.52|  94-300 ,   1.39| 163-243 ,   1.20| 168-300 ,   1.19| 171-289 ,   1.09| 
 87-115 ,   1.09|   0-275 ,   1.04| 149-297 ,   0.98| 149-191 ,   0.95|  86-114 ,   0.87| 
  0-284 ,   0.79|  20-143 ,   0.78| 205-259 ,   0.76| 229-282 ,   0.71|   0-191 ,   0.59| 
143-195 ,   0.53| 198-244 ,   0.50| 135-291 ,   0.41| 185-282 ,   0.40|  24-189 ,   0.37| 
 24-155 ,   0.37| 185-274 ,   0.36|   0-216 ,   0.34| 166-251 ,   0.34|  17-45  ,   0.27| 
 61-201 ,   0.26|  42-231 ,   0.19| 113-194 ,   0.11|   0-302 ,   0.08| 194-200 ,   0.07| 
-----------------------------------------------------------------------------------------
edge= 10 215 lp= 15.9565 pre= 2 lp2= 2.86028 pre2= 2 score= 45.64
-----------------------------------------------------------------------------------------
edge= 215 239 lp= 0.879479 pre= 2 lp2= 73.2732 pre2= 2 score= 64.4422
-----------------------------------------------------------------------------------------
edge= 43 141 lp= 69.9679 pre= 2 lp2= 2.24503 pre2= 2 score= 157.08
-----------------------------------------------------------------------------------------
edge= 4 9 lp= 2.1775 pre= 2 lp2= 73.2732 pre2= 2 score= 159.553
-----------------------------------------------------------------------------------------
candidate= 4-9 : -
-----------------------------------------------------------------------------------------
-----------------------------------------------------------------------------------------
 ****** Pricing Level: LIGHT HEUR ****** 
it= 7   ncol= 1352  ncstr= 591  mt= 0.2   spt= 0.2   lpval= 94006.0   ub= 94043.0  
 ****** Pricing Level: HEAVY HEUR ****** 
it= 3   ncol= 1379  ncstr= 591  mt= 0.0   spt= 0.2   lpval= 94006.0   ub= 94043.0  
-----------------------------------------------------------------------------------------
elapsed time= 56.13 s.
-----------------------------------------------------------------------------------------
candidate= 43-141 : -
-----------------------------------------------------------------------------------------
-----------------------------------------------------------------------------------------
 ****** Pricing Level: LIGHT HEUR ****** 
it= 4   ncol= 1320  ncstr= 591  mt= 0.3   spt= 0.1   lpval= 94024.6   ub= 94043.0  
 ****** Pricing Level: HEAVY HEUR ****** 
it= 3   ncol= 1352  ncstr= 591  mt= 0.0   spt= 0.2   lpval= 94023.2   ub= 94043.0  
-----------------------------------------------------------------------------------------
elapsed time= 57.07 s.
-----------------------------------------------------------------------------------------
candidate= 4-9 : +
-----------------------------------------------------------------------------------------
-----------------------------------------------------------------------------------------
 ****** Pricing Level: LIGHT HEUR ****** 
it= 7   ncol= 1381  ncstr= 591  mt= 0.5   spt= 0.1   lpval= 94022.4   ub= 94043.0  
 ****** Pricing Level: HEAVY HEUR ****** 
it= 4   ncol= 1432  ncstr= 591  mt= 0.1   spt= 0.2   lpval= 94019.1   ub= 94043.0  
-----------------------------------------------------------------------------------------
elapsed time= 58.61 s.
-----------------------------------------------------------------------------------------
candidate= 215-239 : -
-----------------------------------------------------------------------------------------
-----------------------------------------------------------------------------------------
 ****** Pricing Level: LIGHT HEUR ****** 
it= 4   ncol= 1317  ncstr= 591  mt= 0.2   spt= 0.1   lpval= 94004.7   ub= 94043.0  
 ****** Pricing Level: HEAVY HEUR ****** 
it= 4   ncol= 1337  ncstr= 591  mt= 0.0   spt= 0.2   lpval= 94004.7   ub= 94043.0  
-----------------------------------------------------------------------------------------
elapsed time= 59.50 s.
-----------------------------------------------------------------------------------------
candidate= 215-239 : +
-----------------------------------------------------------------------------------------
-----------------------------------------------------------------------------------------
 ****** Pricing Level: LIGHT HEUR ****** 
it= 6   ncol= 1339  ncstr= 591  mt= 0.3   spt= 0.1   lpval= 94038.2   ub= 94043.0  
 ****** Pricing Level: HEAVY HEUR ****** 
it= 5   ncol= 1411  ncstr= 591  mt= 0.1   spt= 0.3   lpval= 94036.9   ub= 94043.0  
-----------------------------------------------------------------------------------------
elapsed time= 60.78 s.
-----------------------------------------------------------------------------------------
candidate= 10-215 : -
-----------------------------------------------------------------------------------------
-----------------------------------------------------------------------------------------
 ****** Pricing Level: LIGHT HEUR ****** 
it= 4   ncol= 1331  ncstr= 591  mt= 0.2   spt= 0.1   lpval= 94015.7   ub= 94043.0  
 ****** Pricing Level: HEAVY HEUR ****** 
it= 5   ncol= 1400  ncstr= 591  mt= 0.1   spt= 0.3   lpval= 94012.0   ub= 94043.0  
-----------------------------------------------------------------------------------------
elapsed time= 61.87 s.
-----------------------------------------------------------------------------------------
candidate= 43-141 : +
-----------------------------------------------------------------------------------------
-----------------------------------------------------------------------------------------
 ****** Pricing Level: LIGHT HEUR ****** 
it= 3   ncol= 1295  ncstr= 591  mt= 0.2   spt= 0.1   lpval= 94006.0   ub= 94043.0  
 ****** Pricing Level: HEAVY HEUR ****** 
it= 3   ncol= 1306  ncstr= 591  mt= 0.0   spt= 0.2   lpval= 94006.0   ub= 94043.0  
-----------------------------------------------------------------------------------------
elapsed time= 62.56 s.
-----------------------------------------------------------------------------------------
brc= 43-141
t= 0.139035 c= 28.3718 n= 0 if_b4= 1
t= 1.06623 c= 38.5435 n= 0 if_b4= 1
nodes already exists
memory usage= 3GB.
#########################################################################################
tree size= 0 lb= 94003.9 ub= 94043
#########################################################################################
idx= 2 value= 94003.9 enu= 0
brc= 50-103 : -
brc= 76-103 : -
brc= 49-105 : -
brc= 70-133 : -
brc= 74-217 : -
brc= 233-246 : +
brc= 164-175 : +
brc= 0-27 : +
brc= 9-126 : -
brc= 13-65 : +
brc= 71-203 : -
brc= 71-109 : +
brc= 0-106 : -
brc= 250-278 : -
brc= 95-279 : -
brc= 207-269 : +
brc= 10-161 : -
brc= 53-54 : -
brc= 208-224 : -
brc= 126-152 : +
brc= 33-56 : -
brc= 9-150 : -
brc= 70-121 : +
brc= 74-260 : -
brc= 147-174 : -
brc= 164-295 : -
brc= 132-257 : -
brc= 114-161 : -
brc= 9-128 : -
brc= 75-303 : +
brc= 43-141 : -
-----------------------------------------------------------------------------------------
 ****** Pricing Level: LIGHT HEUR ****** 
it= 3   ncol= 1307  ncstr= 590  mt= 0.3   spt= 0.1   lpval= 94024.6   ub= 94043.0  
 ****** Pricing Level: HEAVY HEUR ****** 
it= 4   ncol= 1340  ncstr= 590  mt= 0.0   spt= 0.2   lpval= 94023.2   ub= 94043.0  
 ****** Pricing Level: EXACT ****** 
it= 3   ncol= 1372  ncstr= 590  mt= 0.0   spt= 2.9   lpval= 94023.1   ub= 94043.0  
-----------------------------------------------------------------------------------------
elapsed time= 67.14 s.
-----------------------------------------------------------------------------------------
-----------------------------------------------------------------------------------------
 ****** Run Arc Elimination ****** 
arc elimination time= 0.76 s.
previous= 51.1357% maximum= 1.13242%
eliminate bucket arcs time= 0.30 s.
obtain jump arcs time= 0.01 s.
-----------------------------------------------------------------------------------------
-----------------------------------------------------------------------------------------
elapsed time= 68.24 s.
-----------------------------------------------------------------------------------------
-----------------------------------------------------------------------------------------
 ****** Try Enumeration ****** 
#labels= 27207 #routes= 2
labeling 1 time= 0.11 s.
concatenate time= 0.09 s.
#routes= 14337
average gap of successful enumeration= 0.000200634
next try value > 93995.9
-----------------------------------------------------------------------------------------
elapsed time= 68.49 s.
-----------------------------------------------------------------------------------------
 ****** Process Enumeration Matrix ****** 
delete non-ele routes lp val= 94024
recover rank1c lp val= 94024.1
recover rcc lp val= 94025
obtain rcc coefficient time= 0.00 s.
obtain r1c coefficient time= 0.02 s.
obtain matrix from triplets time= 0.01 s.
delete columns by branch time= 0.00 s.
columns pending deletion= 59 remain= 14337 col ratio= 0.995885 row ratio= 1
regenerate enumeration matrix time= 0.00 s.
-----------------------------------------------------------------------------------------
elapsed time= 69.59 s.
-----------------------------------------------------------------------------------------
it= 3   ncol= 1253  ncstr= 549  mt= 0.0   spt= 0.0   lpval= 94024.7   ub= 94043.0  
-----------------------------------------------------------------------------------------
elapsed time= 69.62 s.
-----------------------------------------------------------------------------------------
delete columns= 4965 remain= 9372
 ****** Separate RCCs ****** 
 ****** Separate Rank1Cuts ****** 
it= 4   ncol= 1188  ncstr= 570  mt= 0.0   spt= 0.0   lpval= 94032.9   ub= 94043.0  
-----------------------------------------------------------------------------------------
elapsed time= 70.11 s.
-----------------------------------------------------------------------------------------
delete columns= 7073 remain= 2299
mip: row= 491 col= 3373 density= 2.99388%
mip time= 0.55 s.
mip status= 6
update f from 0 to 10.0513
#########################################################################################
[32m<Instance: X-n313-k71>
<Solution>
<UB= 94043>
<LB= 94043>
<Elapsed Time= 70.9>
<Nodes Explored= 2>
<Global Gap= 0%>[0m
#########################################################################################
File nodes/X-n313-k71_5_0_0_1_1_3_3_2_6_G32.node deleted successfully.
