application type: CVRP
X-n313-k71_5_0_0_4_6_5_6_1_G32.node
Set parameter ServerTimeout to value 600
Set parameter TokenServer to value "grb-ts.ufhpc"
Set parameter Threads to value 1
instance name= X-n313-k71
#########################################################################################
tree size= 0 lb= 0 ub= 94044
#########################################################################################
idx= 3 value= 94001.9 enu= 0
brc= 50-103 : -
brc= 76-103 : -
brc= 49-105 : -
brc= 70-133 : -
brc= 74-217 : -
brc= 233-246 : +
brc= 164-175 : +
brc= 0-27 : +
brc= 9-126 : -
brc= 13-65 : -
brc= 24-257 : -
brc= 74-95 : -
brc= 19-115 : +
brc= 117-207 : -
brc= 207-237 : -
brc= 217-252 : -
brc= 221-228 : -
brc= 131-147 : -
brc= 32-152 : -
brc= 147-174 : +
brc= 74-260 : -
brc= 27-138 : -
brc= 27-109 : -
brc= 33-56 : -
brc= 3-150 : -
brc= 95-281 : +
brc= 75-303 : -
brc= 145-221 : -
brc= 13-49 : -
brc= 10-161 : -
brc= 175-260 : -
brc= 224-289 : -
brc= 114-161 : +
brc= 22-266 : -
brc= 52-296 : +
-----------------------------------------------------------------------------------------
 ****** Pricing Level: LIGHT HEUR ****** 
it= 9   ncol= 1383  ncstr= 650  mt= 0.1   spt= 0.2   lpval= 94017.2   ub= 94043.0  
 ****** Pricing Level: HEAVY HEUR ****** 
it= 10  ncol= 1608  ncstr= 650  mt= 0.2   spt= 0.5   lpval= 94013.4   ub= 94043.0  
 ****** Pricing Level: EXACT ****** 
it= 4   ncol= 1984  ncstr= 650  mt= 0.1   spt= 2.9   lpval= 94012.7   ub= 94043.0  
-----------------------------------------------------------------------------------------
elapsed time= 8.03 s.
-----------------------------------------------------------------------------------------
-----------------------------------------------------------------------------------------
 ****** Run Arc Elimination ****** 
arc elimination time= 1.55 s.
previous= 66.7651% maximum= 1.73939%
eliminate bucket arcs time= 0.35 s.
obtain jump arcs time= 0.01 s.
-----------------------------------------------------------------------------------------
-----------------------------------------------------------------------------------------
elapsed time= 10.27 s.
-----------------------------------------------------------------------------------------
-----------------------------------------------------------------------------------------
 ****** Try Enumeration ****** 
#labels= 78317 #routes= 4
labeling 1 time= 0.70 s.
concatenate time= 0.70 s.
#routes= 66475
average gap of successful enumeration= 0.000311375
next try value > 93996.4
-----------------------------------------------------------------------------------------
elapsed time= 11.75 s.
-----------------------------------------------------------------------------------------
 ****** Process Enumeration Matrix ****** 
delete non-ele routes lp val= 94013.3
recover rank1c lp val= 94013.5
recover rcc lp val= 94013.7
obtain rcc coefficient time= 0.02 s.
obtain r1c coefficient time= 0.10 s.
obtain matrix from triplets time= 0.08 s.
delete columns by branch time= 0.00 s.
columns pending deletion= 201 remain= 66475 col ratio= 0.996976 row ratio= 1
regenerate enumeration matrix time= 0.00 s.
-----------------------------------------------------------------------------------------
elapsed time= 13.85 s.
-----------------------------------------------------------------------------------------
it= 6   ncol= 1763  ncstr= 603  mt= 0.1   spt= 0.0   lpval= 94013.6   ub= 94043.0  
-----------------------------------------------------------------------------------------
elapsed time= 13.96 s.
-----------------------------------------------------------------------------------------
delete columns= 21997 remain= 44478
 ****** Separate RCCs ****** 
 ****** Separate Rank1Cuts ****** 
it= 5   ncol= 1604  ncstr= 552  mt= 0.1   spt= 0.0   lpval= 94018.5   ub= 94043.0  
-----------------------------------------------------------------------------------------
elapsed time= 14.59 s.
-----------------------------------------------------------------------------------------
delete columns= 21681 remain= 22797
 ****** Separate RCCs ****** 
 ****** Separate Rank1Cuts ****** 
it= 4   ncol= 1524  ncstr= 600  mt= 0.0   spt= 0.0   lpval= 94020.4   ub= 94043.0  
-----------------------------------------------------------------------------------------
elapsed time= 15.22 s.
-----------------------------------------------------------------------------------------
columns pending deletion= 5647 remain= 22797 col ratio= 0.752292 row ratio= 0.873333
mip: row= 524 col= 18646 density= 3.64223%
mip time= 22.80 s.
mip status= 6
update f from 0 to 22.5739
#########################################################################################
[32m<Instance: X-n313-k71>
<Solution>
<UB= 94043>
<LB= 94043>
<Elapsed Time= 38.1>
<Nodes Explored= 1>
<Global Gap= 0%>[0m
#########################################################################################
File nodes/X-n313-k71_5_0_0_4_6_5_6_1_G32.node deleted successfully.
