application type: CVRP
X-n313-k71_3_5_0_0_0_1_3_1_1_0_1_3_G32.node
Set parameter ServerTimeout to value 600
Set parameter TokenServer to value "grb-ts.ufhpc"
Set parameter Threads to value 1
instance name= X-n313-k71
#########################################################################################
tree size= 0 lb= 0 ub= 94044
#########################################################################################
idx= 7 value= 93979.1 enu= 0
brc= 50-103 : -
brc= 76-103 : -
brc= 49-105 : -
brc= 70-133 : +
brc= 164-295 : -
brc= 24-250 : -
brc= 57-64 : -
brc= 3-269 : -
brc= 137-150 : -
brc= 167-232 : +
brc= 57-130 : +
brc= 0-292 : +
brc= 164-175 : +
brc= 92-227 : -
brc= 88-124 : +
brc= 236-266 : -
brc= 74-95 : -
brc= 155-204 : -
brc= 75-303 : +
brc= 141-164 : -
brc= 0-279 : +
brc= 175-312 : -
brc= 10-215 : +
brc= 278-299 : +
brc= 201-287 : -
brc= 0-201 : +
brc= 0-1 : -
brc= 86-118 : -
brc= 157-181 : -
brc= 83-91 : +
-----------------------------------------------------------------------------------------
 ****** Pricing Level: LIGHT HEUR ****** 
it= 9   ncol= 1147  ncstr= 639  mt= 0.1   spt= 0.3   lpval= 93979.5   ub= 94043.0  
 ****** Pricing Level: HEAVY HEUR ****** 
it= 6   ncol= 1248  ncstr= 639  mt= 0.1   spt= 0.5   lpval= 93979.5   ub= 94043.0  
 ****** Pricing Level: EXACT ****** 
it= 3   ncol= 1306  ncstr= 639  mt= 0.1   spt= 3.8   lpval= 93979.4   ub= 94043.0  
-----------------------------------------------------------------------------------------
elapsed time= 8.66 s.
-----------------------------------------------------------------------------------------
-----------------------------------------------------------------------------------------
 ****** Run Arc Elimination ****** 
arc elimination time= 10.23 s.
previous= 92.1817% maximum= 3.72292%
eliminate bucket arcs time= 0.67 s.
obtain jump arcs time= 0.01 s.
-----------------------------------------------------------------------------------------
-----------------------------------------------------------------------------------------
elapsed time= 19.91 s.
-----------------------------------------------------------------------------------------
 ****** Separate RCCs ****** 
 ****** Separate Rank1Cuts ****** 
-----------------------------------------------------------------------------------------
 ****** Pricing Level: LIGHT HEUR ****** 
it= 2   ncol= 1316  ncstr= 674  mt= 0.3   spt= 0.1   lpval= 93979.6   ub= 94043.0  
 ****** Pricing Level: HEAVY HEUR ****** 
it= 4   ncol= 1365  ncstr= 674  mt= 0.0   spt= 0.3   lpval= 93979.6   ub= 94043.0  
 ****** Pricing Level: EXACT ****** 
it= 3   ncol= 1376  ncstr= 674  mt= 0.1   spt= 3.6   lpval= 93979.6   ub= 94043.0  
-----------------------------------------------------------------------------------------
elapsed time= 25.35 s.
-----------------------------------------------------------------------------------------
[1;36m[REMIND] 2: gap improved= 0.160228 ratio= 0.002528 threshold= 0.040000 in function increaseCondition2 at /blue/yu.yang1/you.z/route_opt/packages/application/X-n313-k71/src/main/src/call_cutting.cpp:74[0m
 ****** Separate RCCs ****** 
 ****** Separate Rank1Cuts ****** 
-----------------------------------------------------------------------------------------
 ****** Pricing Level: LIGHT HEUR ****** 
it= 2   ncol= 1380  ncstr= 635  mt= 0.2   spt= 0.1   lpval= 93979.7   ub= 94043.0  
 ****** Pricing Level: HEAVY HEUR ****** 
it= 3   ncol= 1386  ncstr= 635  mt= 0.0   spt= 0.2   lpval= 93979.7   ub= 94043.0  
 ****** Pricing Level: EXACT ****** 
it= 3   ncol= 1393  ncstr= 635  mt= 0.0   spt= 3.3   lpval= 93979.7   ub= 94043.0  
-----------------------------------------------------------------------------------------
elapsed time= 30.05 s.
-----------------------------------------------------------------------------------------
[1;36m[REMIND] 1: gap improved= 0.094737 threshold= 0.100000 in function increaseCondition1 at /blue/yu.yang1/you.z/route_opt/packages/application/X-n313-k71/src/main/src/call_cutting.cpp:58[0m
[1;36m[REMIND] tail off counter= 3 threshold= 3 in function setIfTailOff at /blue/yu.yang1/you.z/route_opt/packages/application/X-n313-k71/src/main/src/call_cutting.cpp:150[0m
[1;36m[REMIND] opt_k not found for node 7, use m directly in function getOptK at /blue/yu.yang1/you.z/route_opt/packages/branching/bkf/include/bkf_controller.hpp:239[0m
current_r_best= 0.437897
we directly test 100
we directly test 4
pseudo= 50 frac= 50
#candidates in phase1= 100
testing lp time= 27.55 s.
-----------------------------------------------------------------------------------------
 62-68  , 107.18|  62-296 , 107.18|  59-68  , 107.18| 178-286 ,  65.73|   0-85  ,  49.52| 
  0-53  ,  49.42|   0-27  ,  48.79|  18-118 ,  48.64| 189-226 ,  46.69|  81-183 ,  45.56| 
 12-76  ,  40.63|   1-12  ,  40.62|  21-42  ,  39.07|   0-307 ,  37.41|  24-299 ,  25.68| 
223-227 ,  23.43|   0-223 ,  22.93| 233-263 ,  22.81|  23-59  ,  22.33|  27-59  ,  22.33| 
  0-59  ,  22.33| 138-203 ,  22.31| 103-138 ,  22.31| 188-283 ,  22.31|  27-283 ,  22.31| 
 71-306 ,  22.30|  59-292 ,  22.30|   0-187 ,  22.30|   0-283 ,  22.30| 138-213 ,  22.30| 
187-246 ,  22.30| 187-225 ,  22.30| 203-246 ,  22.29| 170-188 ,  22.24|   1-109 ,  22.10| 
109-213 ,  17.36| 191-243 ,  16.10| 260-279 ,  15.97|  81-199 ,  15.92|  30-79  ,  15.47| 
 81-192 ,  15.15|  81-220 ,  15.14|   0-148 ,  11.21| 125-224 ,  10.92|  17-264 ,  10.56| 
 66-123 ,  10.52|  51-64  ,   9.86|   0-295 ,   9.71| 116-145 ,   9.58| 128-150 ,   9.15| 
  0-33  ,   8.85|  22-236 ,   8.12| 236-311 ,   7.79|   0-167 ,   7.15| 100-275 ,   7.15| 
100-157 ,   7.15|   0-100 ,   6.39| 114-272 ,   6.24| 114-161 ,   5.87|   0-114 ,   5.87| 
214-289 ,   5.31|  62-87  ,   5.01|  64-276 ,   4.47| 155-276 ,   4.47| 175-252 ,   4.07| 
 33-228 ,   3.58| 132-204 ,   3.15| 214-299 ,   2.37| 125-214 ,   2.37|  33-95  ,   2.29| 
  7-86  ,   2.24|  33-145 ,   2.24|   0-243 ,   2.21| 192-212 ,   2.17| 100-240 ,   2.13| 
113-167 ,   2.13|   0-275 ,   2.13|   0-286 ,   1.74| 207-230 ,   1.45|   0-207 ,   1.44| 
138-227 ,   1.43| 201-302 ,   1.19| 181-220 ,   0.94| 200-220 ,   0.94|  66-136 ,   0.53| 
  0-41  ,   0.47| 169-199 ,   0.45| 149-284 ,   0.36| 158-229 ,   0.29| 158-163 ,   0.26| 
163-293 ,   0.23| 166-293 ,   0.23| 259-271 ,   0.12|  14-212 ,   0.07|   0-14  ,   0.07| 
222-297 ,   0.06|   0-276 ,   0.04| 179-259 ,   0.04|   0-76  ,   0.01|  73-81  ,   0.00| 
-----------------------------------------------------------------------------------------
edge= 178 286 lp= 2.86703 pre= 2 lp2= 22.9257 pre2= 2 score= 65.7285
-----------------------------------------------------------------------------------------
edge= 59 68 lp= 1.84078 pre= 2 lp2= 58.2257 pre2= 2 score= 107.181
-----------------------------------------------------------------------------------------
edge= 62 296 lp= 1.84078 pre= 2 lp2= 58.2257 pre2= 2 score= 107.181
-----------------------------------------------------------------------------------------
edge= 62 68 lp= 58.2257 pre= 2 lp2= 1.84078 pre2= 2 score= 107.181
-----------------------------------------------------------------------------------------
candidate= 62-68 : -
-----------------------------------------------------------------------------------------
-----------------------------------------------------------------------------------------
 ****** Pricing Level: LIGHT HEUR ****** 
it= 13  ncol= 1244  ncstr= 612  mt= 0.5   spt= 0.4   lpval= 93995.9   ub= 94043.0  
 ****** Pricing Level: HEAVY HEUR ****** 
it= 10  ncol= 1397  ncstr= 612  mt= 0.1   spt= 0.7   lpval= 93994.9   ub= 94043.0  
-----------------------------------------------------------------------------------------
elapsed time= 60.90 s.
-----------------------------------------------------------------------------------------
candidate= 62-296 : -
-----------------------------------------------------------------------------------------
-----------------------------------------------------------------------------------------
 ****** Pricing Level: LIGHT HEUR ****** 
it= 11  ncol= 1162  ncstr= 612  mt= 0.4   spt= 0.3   lpval= 93981.4   ub= 94043.0  
 ****** Pricing Level: HEAVY HEUR ****** 
it= 6   ncol= 1268  ncstr= 612  mt= 0.1   spt= 0.4   lpval= 93980.9   ub= 94043.0  
-----------------------------------------------------------------------------------------
elapsed time= 63.07 s.
-----------------------------------------------------------------------------------------
candidate= 59-68 : -
-----------------------------------------------------------------------------------------
-----------------------------------------------------------------------------------------
 ****** Pricing Level: LIGHT HEUR ****** 
it= 8   ncol= 1098  ncstr= 612  mt= 0.4   spt= 0.2   lpval= 93980.4   ub= 94043.0  
 ****** Pricing Level: HEAVY HEUR ****** 
it= 4   ncol= 1166  ncstr= 612  mt= 0.0   spt= 0.3   lpval= 93980.3   ub= 94043.0  
-----------------------------------------------------------------------------------------
elapsed time= 64.65 s.
-----------------------------------------------------------------------------------------
candidate= 62-296 : +
-----------------------------------------------------------------------------------------
-----------------------------------------------------------------------------------------
 ****** Pricing Level: LIGHT HEUR ****** 
it= 16  ncol= 1254  ncstr= 612  mt= 0.4   spt= 0.4   lpval= 93996.7   ub= 94043.0  
 ****** Pricing Level: HEAVY HEUR ****** 
it= 10  ncol= 1468  ncstr= 612  mt= 0.2   spt= 0.7   lpval= 93995.8   ub= 94043.0  
-----------------------------------------------------------------------------------------
elapsed time= 67.71 s.
-----------------------------------------------------------------------------------------
candidate= 178-286 : -
-----------------------------------------------------------------------------------------
-----------------------------------------------------------------------------------------
 ****** Pricing Level: LIGHT HEUR ****** 
it= 11  ncol= 1170  ncstr= 612  mt= 0.3   spt= 0.3   lpval= 93980.8   ub= 94043.0  
 ****** Pricing Level: HEAVY HEUR ****** 
it= 5   ncol= 1252  ncstr= 612  mt= 0.1   spt= 0.3   lpval= 93980.8   ub= 94043.0  
-----------------------------------------------------------------------------------------
elapsed time= 69.63 s.
-----------------------------------------------------------------------------------------
candidate= 59-68 : +
-----------------------------------------------------------------------------------------
-----------------------------------------------------------------------------------------
 ****** Pricing Level: LIGHT HEUR ****** 
it= 13  ncol= 1228  ncstr= 612  mt= 0.4   spt= 0.4   lpval= 93995.0   ub= 94043.0  
 ****** Pricing Level: HEAVY HEUR ****** 
it= 9   ncol= 1396  ncstr= 612  mt= 0.1   spt= 0.6   lpval= 93994.5   ub= 94043.0  
-----------------------------------------------------------------------------------------
elapsed time= 72.25 s.
-----------------------------------------------------------------------------------------
candidate= 62-68 : +
-----------------------------------------------------------------------------------------
-----------------------------------------------------------------------------------------
 ****** Pricing Level: LIGHT HEUR ****** 
it= 9   ncol= 1107  ncstr= 612  mt= 0.3   spt= 0.3   lpval= 93981.5   ub= 94043.0  
 ****** Pricing Level: HEAVY HEUR ****** 
it= 8   ncol= 1205  ncstr= 612  mt= 0.1   spt= 0.6   lpval= 93981.1   ub= 94043.0  
-----------------------------------------------------------------------------------------
elapsed time= 74.41 s.
-----------------------------------------------------------------------------------------
candidate= 178-286 : +
-----------------------------------------------------------------------------------------
-----------------------------------------------------------------------------------------
 ****** Pricing Level: LIGHT HEUR ****** 
it= 10  ncol= 1130  ncstr= 612  mt= 0.4   spt= 0.3   lpval= 93982.3   ub= 94043.0  
 ****** Pricing Level: HEAVY HEUR ****** 
it= 5   ncol= 1211  ncstr= 612  mt= 0.1   spt= 0.4   lpval= 93982.3   ub= 94043.0  
-----------------------------------------------------------------------------------------
elapsed time= 76.32 s.
-----------------------------------------------------------------------------------------
brc= 62-68
t= 0.137732 c= 36.8539 n= 0 if_b4= 1
t= 2.28348 c= 41.4932 n= 0 if_b4= 1
nodes already exists
memory usage= 4GB.
#########################################################################################
tree size= 0 lb= 93979.7 ub= 94043
#########################################################################################
idx= 2 value= 93979.7 enu= 0
brc= 50-103 : -
brc= 76-103 : -
brc= 49-105 : -
brc= 70-133 : +
brc= 164-295 : -
brc= 24-250 : -
brc= 57-64 : -
brc= 3-269 : -
brc= 137-150 : -
brc= 167-232 : +
brc= 57-130 : +
brc= 0-292 : +
brc= 164-175 : +
brc= 92-227 : -
brc= 88-124 : +
brc= 236-266 : -
brc= 74-95 : -
brc= 155-204 : -
brc= 75-303 : +
brc= 141-164 : -
brc= 0-279 : +
brc= 175-312 : -
brc= 10-215 : +
brc= 278-299 : +
brc= 201-287 : -
brc= 0-201 : +
brc= 0-1 : -
brc= 86-118 : -
brc= 157-181 : -
brc= 83-91 : +
brc= 62-68 : -
-----------------------------------------------------------------------------------------
 ****** Pricing Level: LIGHT HEUR ****** 
it= 22  ncol= 1385  ncstr= 611  mt= 0.6   spt= 0.6   lpval= 93996.0   ub= 94043.0  
 ****** Pricing Level: HEAVY HEUR ****** 
it= 7   ncol= 1513  ncstr= 611  mt= 0.1   spt= 0.5   lpval= 93994.9   ub= 94043.0  
 ****** Pricing Level: EXACT ****** 
it= 5   ncol= 1660  ncstr= 611  mt= 0.1   spt= 4.3   lpval= 93992.8   ub= 94043.0  
-----------------------------------------------------------------------------------------
elapsed time= 85.09 s.
-----------------------------------------------------------------------------------------
-----------------------------------------------------------------------------------------
 ****** Run Arc Elimination ****** 
arc elimination time= 3.89 s.
previous= 74.9971% maximum= 2.79143%
eliminate bucket arcs time= 0.51 s.
obtain jump arcs time= 0.01 s.
-----------------------------------------------------------------------------------------
-----------------------------------------------------------------------------------------
elapsed time= 89.52 s.
-----------------------------------------------------------------------------------------
-----------------------------------------------------------------------------------------
 ****** Try Enumeration ****** 
#labels= 356790 #routes= 6
labeling 1 time= 11.39 s.
concatenate time= 20.24 s.
#routes= 759233
average gap of successful enumeration= 0.000523609
next try value > 93974.1
-----------------------------------------------------------------------------------------
elapsed time= 121.37 s.
-----------------------------------------------------------------------------------------
 ****** Process Enumeration Matrix ****** 
delete non-ele routes lp val= 93993.5
recover rank1c lp val= 93993.9
recover rcc lp val= 93995.4
obtain rcc coefficient time= 0.42 s.
obtain r1c coefficient time= 1.24 s.
obtain matrix from triplets time= 2.80 s.
delete columns by branch time= 0.00 s.
columns pending deletion= 2624 remain= 759233 col ratio= 0.996544 row ratio= 1
regenerate enumeration matrix time= 0.00 s.
-----------------------------------------------------------------------------------------
elapsed time= 128.09 s.
-----------------------------------------------------------------------------------------
it= 4   ncol= 1241  ncstr= 559  mt= 0.0   spt= 0.2   lpval= 93995.3   ub= 94043.0  
-----------------------------------------------------------------------------------------
elapsed time= 128.46 s.
-----------------------------------------------------------------------------------------
delete columns= 283075 remain= 476158
 ****** Separate RCCs ****** 
 ****** Separate Rank1Cuts ****** 
it= 4   ncol= 1252  ncstr= 535  mt= 0.0   spt= 0.1   lpval= 94005.1   ub= 94043.0  
-----------------------------------------------------------------------------------------
elapsed time= 130.73 s.
-----------------------------------------------------------------------------------------
delete columns= 315989 remain= 160169
 ****** Separate RCCs ****** 
 ****** Separate Rank1Cuts ****** 
it= 4   ncol= 1237  ncstr= 577  mt= 0.0   spt= 0.0   lpval= 94006.8   ub= 94043.0  
-----------------------------------------------------------------------------------------
elapsed time= 131.82 s.
-----------------------------------------------------------------------------------------
columns pending deletion= 36241 remain= 160169 col ratio= 0.773733 row ratio= 0.87695
 ****** Separate RCCs ****** 
 ****** Separate Rank1Cuts ****** 
it= 3   ncol= 1239  ncstr= 680  mt= 0.0   spt= 0.0   lpval= 94007.3   ub= 94043.0  
-----------------------------------------------------------------------------------------
elapsed time= 132.63 s.
-----------------------------------------------------------------------------------------
delete columns= 53367 remain= 106802
[1;36m[REMIND] 2: gap improved= 0.556005 ratio= 0.015589 threshold= 0.040000 in function increaseCondition2 at /blue/yu.yang1/you.z/route_opt/packages/application/X-n313-k71/src/main/src/call_cutting.cpp:74[0m
 ****** Separate RCCs ****** 
 ****** Separate Rank1Cuts ****** 
it= 4   ncol= 1319  ncstr= 555  mt= 0.0   spt= 0.0   lpval= 94007.8   ub= 94043.0  
-----------------------------------------------------------------------------------------
elapsed time= 133.52 s.
-----------------------------------------------------------------------------------------
columns pending deletion= 9124 remain= 106802 col ratio= 0.914571 row ratio= 0.915315
[1;36m[REMIND] 2: gap improved= 0.454548 ratio= 0.012909 threshold= 0.040000 in function increaseCondition2 at /blue/yu.yang1/you.z/route_opt/packages/application/X-n313-k71/src/main/src/call_cutting.cpp:74[0m
 ****** Separate RCCs ****** 
 ****** Separate Rank1Cuts ****** 
it= 3   ncol= 1270  ncstr= 611  mt= 0.0   spt= 0.0   lpval= 94008.2   ub= 94043.0  
-----------------------------------------------------------------------------------------
elapsed time= 134.04 s.
-----------------------------------------------------------------------------------------
columns pending deletion= 14594 remain= 106802 col ratio= 0.863355 row ratio= 0.86743
[1;36m[REMIND] 2: gap improved= 0.412313 ratio= 0.011848 threshold= 0.040000 in function increaseCondition2 at /blue/yu.yang1/you.z/route_opt/packages/application/X-n313-k71/src/main/src/call_cutting.cpp:74[0m
[1;36m[REMIND] tail off counter= 3 threshold= 3 in function setIfTailOff at /blue/yu.yang1/you.z/route_opt/packages/application/X-n313-k71/src/main/src/call_cutting.cpp:150[0m
current_r_best= 20.5922
pseudo= 50 frac= 50
#candidates in phase1= 37
testing lp time= 13.01 s.
-----------------------------------------------------------------------------------------
 59-62  , 177.18|   0-53  , 130.26|   0-59  ,  69.39| 181-242 ,  46.63|   1-12  ,  45.06| 
 12-68  ,  43.29|   0-295 ,  40.38| 118-296 ,  31.62|  12-76  ,  31.09|  23-130 ,  27.20| 
260-279 ,  19.32| 147-174 ,  13.38|  96-304 ,  12.49|  81-192 ,  12.07| 114-161 ,  10.51| 
 19-60  ,   9.70| 270-279 ,   9.37|  81-220 ,   9.19|   0-114 ,   8.83|  18-23  ,   6.80| 
223-227 ,   3.70| 145-267 ,   3.17|   5-179 ,   1.92| 235-291 ,   1.85|  44-153 ,   1.44| 
 34-82  ,   1.24|  90-116 ,   1.13| 132-302 ,   1.07| 195-244 ,   1.06| 145-208 ,   1.03| 
  0-231 ,   0.76|  11-293 ,   0.60| 216-274 ,   0.54|   6-28  ,   0.52| 179-273 ,   0.40| 
 20-143 ,   0.30| 136-235 ,   0.26| 
-----------------------------------------------------------------------------------------
edge= 0 59 lp= 1.82095 pre= 2 lp2= 38.1037 pre2= 2 score= 69.3851
-----------------------------------------------------------------------------------------
edge= 0 53 lp= 67.6692 pre= 2 lp2= 1.92493 pre2= 2 score= 130.258
-----------------------------------------------------------------------------------------
edge= 59 62 lp= 2.61832 pre= 2 lp2= 67.6692 pre2= 2 score= 177.179
-----------------------------------------------------------------------------------------
candidate= 59-62 : -
-----------------------------------------------------------------------------------------
it= 3   ncol= 1332  ncstr= 612  mt= 0.3   spt= 0.0   lpval= 94009.9   ub= 94043.0  
-----------------------------------------------------------------------------------------
elapsed time= 147.37 s.
-----------------------------------------------------------------------------------------
candidate= 0-53 : -
-----------------------------------------------------------------------------------------
it= 4   ncol= 1349  ncstr= 612  mt= 0.3   spt= 0.0   lpval= 94016.9   ub= 94043.0  
-----------------------------------------------------------------------------------------
elapsed time= 147.73 s.
-----------------------------------------------------------------------------------------
candidate= 59-62 : +
-----------------------------------------------------------------------------------------
it= 3   ncol= 1360  ncstr= 612  mt= 0.3   spt= 0.0   lpval= 94025.1   ub= 94043.0  
-----------------------------------------------------------------------------------------
elapsed time= 148.03 s.
-----------------------------------------------------------------------------------------
candidate= 0-59 : -
-----------------------------------------------------------------------------------------
it= 3   ncol= 1306  ncstr= 612  mt= 0.3   spt= 0.0   lpval= 94009.8   ub= 94043.0  
-----------------------------------------------------------------------------------------
elapsed time= 148.39 s.
-----------------------------------------------------------------------------------------
candidate= 0-59 : +
-----------------------------------------------------------------------------------------
it= 5   ncol= 1351  ncstr= 612  mt= 0.3   spt= 0.0   lpval= 94040.3   ub= 94043.0  
-----------------------------------------------------------------------------------------
elapsed time= 148.74 s.
-----------------------------------------------------------------------------------------
brc= 0-59
t= 0.175792 c= 57.8051 n= 0 if_b4= 0
t= 0.337062 c= 63.4668 n= 0 if_b4= 0
#########################################################################################
tree size= 1 lb= 94008.2 ub= 94043
#########################################################################################
idx= 3 value= 94008.2 enu= 1
brc= 50-103 : -
brc= 76-103 : -
brc= 49-105 : -
brc= 70-133 : +
brc= 164-295 : -
brc= 24-250 : -
brc= 57-64 : -
brc= 3-269 : -
brc= 137-150 : -
brc= 167-232 : +
brc= 57-130 : +
brc= 0-292 : +
brc= 164-175 : +
brc= 92-227 : -
brc= 88-124 : +
brc= 236-266 : -
brc= 74-95 : -
brc= 155-204 : -
brc= 75-303 : +
brc= 141-164 : -
brc= 0-279 : +
brc= 175-312 : -
brc= 10-215 : +
brc= 278-299 : +
brc= 201-287 : -
brc= 0-201 : +
brc= 0-1 : -
brc= 86-118 : -
brc= 157-181 : -
brc= 83-91 : +
brc= 62-68 : -
brc= 0-59 : +
it= 4   ncol= 1347  ncstr= 611  mt= 0.3   spt= 0.0   lpval= 94040.3   ub= 94043.0  
-----------------------------------------------------------------------------------------
elapsed time= 150.27 s.
-----------------------------------------------------------------------------------------
delete columns= 91587 remain= 613
 ****** Separate RCCs ****** 
 ****** Separate Rank1Cuts ****** 
it= 2   ncol= 706   ncstr= 570  mt= 0.0   spt= 0.0   lpval= 94044.6   ub= 94043.0  
-----------------------------------------------------------------------------------------
elapsed time= 150.79 s.
-----------------------------------------------------------------------------------------
#########################################################################################
tree size= 0 lb= 94008.2 ub= 94043
#########################################################################################
idx= 4 value= 94008.2 enu= 1
brc= 50-103 : -
brc= 76-103 : -
brc= 49-105 : -
brc= 70-133 : +
brc= 164-295 : -
brc= 24-250 : -
brc= 57-64 : -
brc= 3-269 : -
brc= 137-150 : -
brc= 167-232 : +
brc= 57-130 : +
brc= 0-292 : +
brc= 164-175 : +
brc= 92-227 : -
brc= 88-124 : +
brc= 236-266 : -
brc= 74-95 : -
brc= 155-204 : -
brc= 75-303 : +
brc= 141-164 : -
brc= 0-279 : +
brc= 175-312 : -
brc= 10-215 : +
brc= 278-299 : +
brc= 201-287 : -
brc= 0-201 : +
brc= 0-1 : -
brc= 86-118 : -
brc= 157-181 : -
brc= 83-91 : +
brc= 62-68 : -
brc= 0-59 : -
it= 3   ncol= 1325  ncstr= 611  mt= 0.0   spt= 0.0   lpval= 94009.8   ub= 94043.0  
-----------------------------------------------------------------------------------------
elapsed time= 150.87 s.
-----------------------------------------------------------------------------------------
columns pending deletion= 16195 remain= 92203 col ratio= 0.824355 row ratio= 0.85761
 ****** Separate RCCs ****** 
 ****** Separate Rank1Cuts ****** 
it= 2   ncol= 1306  ncstr= 716  mt= 0.0   spt= 0.0   lpval= 94010.3   ub= 94043.0  
-----------------------------------------------------------------------------------------
elapsed time= 151.37 s.
-----------------------------------------------------------------------------------------
delete columns= 20944 remain= 71259
[1;36m[REMIND] 2: gap improved= 0.458485 ratio= 0.014022 threshold= 0.040000 in function increaseCondition2 at /blue/yu.yang1/you.z/route_opt/packages/application/X-n313-k71/src/main/src/call_cutting.cpp:74[0m
 ****** Separate RCCs ****** 
 ****** Separate Rank1Cuts ****** 
it= 2   ncol= 1306  ncstr= 566  mt= 0.0   spt= 0.0   lpval= 94010.7   ub= 94043.0  
-----------------------------------------------------------------------------------------
elapsed time= 151.94 s.
-----------------------------------------------------------------------------------------
columns pending deletion= 4890 remain= 71259 col ratio= 0.931377 row ratio= 0.943463
[1;36m[REMIND] 2: gap improved= 0.362142 ratio= 0.011199 threshold= 0.040000 in function increaseCondition2 at /blue/yu.yang1/you.z/route_opt/packages/application/X-n313-k71/src/main/src/call_cutting.cpp:74[0m
 ****** Separate RCCs ****** 
 ****** Separate Rank1Cuts ****** 
it= 2   ncol= 1307  ncstr= 647  mt= 0.0   spt= 0.0   lpval= 94010.8   ub= 94043.0  
-----------------------------------------------------------------------------------------
elapsed time= 152.47 s.
-----------------------------------------------------------------------------------------
columns pending deletion= 7220 remain= 71259 col ratio= 0.898679 row ratio= 0.854714
[1;36m[REMIND] 2: gap improved= 0.110147 ratio= 0.003418 threshold= 0.040000 in function increaseCondition2 at /blue/yu.yang1/you.z/route_opt/packages/application/X-n313-k71/src/main/src/call_cutting.cpp:74[0m
[1;36m[REMIND] tail off counter= 3 threshold= 3 in function setIfTailOff at /blue/yu.yang1/you.z/route_opt/packages/application/X-n313-k71/src/main/src/call_cutting.cpp:150[0m
current_r_best= 1.87169
pseudo= 50 frac= 50
#candidates in phase1= 37
testing lp time= 15.13 s.
-----------------------------------------------------------------------------------------
  0-53  , 146.00|  23-59  , 102.10|   1-12  ,  81.54|   0-295 ,  53.81| 162-189 ,  38.75| 
 59-62  ,  25.07|  12-76  ,  23.95| 260-279 ,  19.02| 192-286 ,  18.68|  12-68  ,  11.73| 
147-174 ,  11.36|   0-114 ,   9.60|  19-60  ,   9.02|   6-137 ,   9.02|  81-192 ,   8.48| 
 81-220 ,   7.49|  47-113 ,   6.15| 111-247 ,   6.13| 233-263 ,   5.63|  47-242 ,   4.81| 
169-242 ,   4.81|  87-190 ,   3.80| 223-227 ,   3.73| 182-286 ,   2.93| 130-182 ,   2.85| 
  4-84  ,   2.84|  98-235 ,   1.99| 193-273 ,   1.70| 111-193 ,   1.65|  54-285 ,   1.49| 
  3-150 ,   1.42| 163-195 ,   1.35|  17-163 ,   1.35| 247-273 ,   1.30|   0-169 ,   0.93| 
169-305 ,   0.93|   5-256 ,   0.26| 
-----------------------------------------------------------------------------------------
edge= 1 12 lp= 3.74488 pre= 2 lp2= 21.7741 pre2= 2 score= 81.5413
-----------------------------------------------------------------------------------------
edge= 23 59 lp= 2.73359 pre= 2 lp2= 37.3517 pre2= 2 score= 102.104
-----------------------------------------------------------------------------------------
edge= 0 53 lp= 72.4428 pre= 2 lp2= 2.01545 pre2= 2 score= 146.004
-----------------------------------------------------------------------------------------
candidate= 0-53 : -
-----------------------------------------------------------------------------------------
it= 4   ncol= 1403  ncstr= 648  mt= 0.4   spt= 0.0   lpval= 94019.3   ub= 94043.0  
-----------------------------------------------------------------------------------------
elapsed time= 168.08 s.
-----------------------------------------------------------------------------------------
candidate= 23-59 : -
-----------------------------------------------------------------------------------------
it= 3   ncol= 1339  ncstr= 648  mt= 0.4   spt= 0.0   lpval= 94012.5   ub= 94043.0  
-----------------------------------------------------------------------------------------
elapsed time= 168.47 s.
-----------------------------------------------------------------------------------------
candidate= 1-12 : -
-----------------------------------------------------------------------------------------
it= 3   ncol= 1370  ncstr= 648  mt= 0.3   spt= 0.0   lpval= 94013.2   ub= 94043.0  
-----------------------------------------------------------------------------------------
elapsed time= 168.82 s.
-----------------------------------------------------------------------------------------
candidate= 23-59 : +
-----------------------------------------------------------------------------------------
it= 4   ncol= 1378  ncstr= 648  mt= 0.3   spt= 0.0   lpval= 94047.6   ub= 94043.0  
-----------------------------------------------------------------------------------------
elapsed time= 169.19 s.
-----------------------------------------------------------------------------------------
brc= 23-59
t= 0.190157 c= 30.1406 n= 1 if_b4= 0
t= 0.366236 c= 36.3597 n= 1 if_b4= 0
#########################################################################################
tree size= 1 lb= 94010.8 ub= 94043
#########################################################################################
idx= 5 value= 94010.8 enu= 1
brc= 50-103 : -
brc= 76-103 : -
brc= 49-105 : -
brc= 70-133 : +
brc= 164-295 : -
brc= 24-250 : -
brc= 57-64 : -
brc= 3-269 : -
brc= 137-150 : -
brc= 167-232 : +
brc= 57-130 : +
brc= 0-292 : +
brc= 164-175 : +
brc= 92-227 : -
brc= 88-124 : +
brc= 236-266 : -
brc= 74-95 : -
brc= 155-204 : -
brc= 75-303 : +
brc= 141-164 : -
brc= 0-279 : +
brc= 175-312 : -
brc= 10-215 : +
brc= 278-299 : +
brc= 201-287 : -
brc= 0-201 : +
brc= 0-1 : -
brc= 86-118 : -
brc= 157-181 : -
brc= 83-91 : +
brc= 62-68 : -
brc= 0-59 : -
brc= 23-59 : +
it= 3   ncol= 1345  ncstr= 647  mt= 0.3   spt= 0.0   lpval= 94047.6   ub= 94043.0  
-----------------------------------------------------------------------------------------
elapsed time= 170.71 s.
-----------------------------------------------------------------------------------------
#########################################################################################
tree size= 0 lb= 94010.8 ub= 94043
#########################################################################################
idx= 6 value= 94010.8 enu= 1
brc= 50-103 : -
brc= 76-103 : -
brc= 49-105 : -
brc= 70-133 : +
brc= 164-295 : -
brc= 24-250 : -
brc= 57-64 : -
brc= 3-269 : -
brc= 137-150 : -
brc= 167-232 : +
brc= 57-130 : +
brc= 0-292 : +
brc= 164-175 : +
brc= 92-227 : -
brc= 88-124 : +
brc= 236-266 : -
brc= 74-95 : -
brc= 155-204 : -
brc= 75-303 : +
brc= 141-164 : -
brc= 0-279 : +
brc= 175-312 : -
brc= 10-215 : +
brc= 278-299 : +
brc= 201-287 : -
brc= 0-201 : +
brc= 0-1 : -
brc= 86-118 : -
brc= 157-181 : -
brc= 83-91 : +
brc= 62-68 : -
brc= 0-59 : -
brc= 23-59 : -
it= 4   ncol= 1369  ncstr= 647  mt= 0.1   spt= 0.0   lpval= 94012.5   ub= 94043.0  
-----------------------------------------------------------------------------------------
elapsed time= 170.86 s.
-----------------------------------------------------------------------------------------
columns pending deletion= 10619 remain= 64038 col ratio= 0.834177 row ratio= 0.820711
 ****** Separate RCCs ****** 
 ****** Separate Rank1Cuts ****** 
it= 2   ncol= 1340  ncstr= 706  mt= 0.0   spt= 0.0   lpval= 94013.2   ub= 94043.0  
-----------------------------------------------------------------------------------------
elapsed time= 171.32 s.
-----------------------------------------------------------------------------------------
columns pending deletion= 14170 remain= 64038 col ratio= 0.778725 row ratio= 0.784703
[1;36m[REMIND] 2: gap improved= 0.650795 ratio= 0.021818 threshold= 0.040000 in function increaseCondition2 at /blue/yu.yang1/you.z/route_opt/packages/application/X-n313-k71/src/main/src/call_cutting.cpp:74[0m
 ****** Separate RCCs ****** 
 ****** Separate Rank1Cuts ****** 
it= 3   ncol= 1346  ncstr= 732  mt= 0.0   spt= 0.0   lpval= 94013.4   ub= 94043.0  
-----------------------------------------------------------------------------------------
elapsed time= 171.86 s.
-----------------------------------------------------------------------------------------
delete columns= 16606 remain= 47432
[1;36m[REMIND] 2: gap improved= 0.191914 ratio= 0.006476 threshold= 0.040000 in function increaseCondition2 at /blue/yu.yang1/you.z/route_opt/packages/application/X-n313-k71/src/main/src/call_cutting.cpp:74[0m
 ****** Separate RCCs ****** 
 ****** Separate Rank1Cuts ****** 
it= 2   ncol= 1345  ncstr= 588  mt= 0.0   spt= 0.0   lpval= 94013.4   ub= 94043.0  
-----------------------------------------------------------------------------------------
elapsed time= 172.35 s.
-----------------------------------------------------------------------------------------
columns pending deletion= 832 remain= 47432 col ratio= 0.982459 row ratio= 0.959184
current_r_best= 1.94341
alpha= 0.37 beta= 15.207 omega= 158.503 k1= 26
lb_k= 1 ub_k= 37
revise: lb_k= 19 ub_k= 36
opt_k= 29
alpha= 0.75 beta= 15.207 omega= 99.2792 k1= 3
lb_k= 1 ub_k= 3
revise: lb_k= 1 ub_k= 3
opt_k= 3
pseudo= 50 frac= 50
#candidates in phase1= 29
testing lp time= 10.18 s.
-----------------------------------------------------------------------------------------
  0-53  , 118.05|   0-295 ,  36.55|  23-27  ,  32.49|   1-12  ,  24.86| 260-279 ,  17.55| 
 71-109 ,  14.25| 155-257 ,  11.08| 147-174 ,  10.06|  12-76  ,   9.99|  81-220 ,   8.55| 
 81-183 ,   8.40|  47-113 ,   7.92| 114-161 ,   7.28|   0-114 ,   6.42|  34-62  ,   5.43| 
 19-60  ,   5.11|  47-169 ,   3.78| 169-294 ,   3.78| 223-227 ,   3.77|  38-231 ,   1.84| 
148-235 ,   0.88| 163-243 ,   0.73| 205-222 ,   0.56|  27-76  ,   0.42|  12-182 ,   0.42| 
222-253 ,   0.39| 149-256 ,   0.39| 206-222 ,   0.17|   0-268 ,   0.03| 
-----------------------------------------------------------------------------------------
edge= 23 27 lp= 0.498619 pre= 2 lp2= 65.1505 pre2= 2 score= 32.4853
-----------------------------------------------------------------------------------------
edge= 0 295 lp= 1.72166 pre= 2 lp2= 21.2303 pre2= 2 score= 36.5513
-----------------------------------------------------------------------------------------
edge= 0 53 lp= 54.9126 pre= 2 lp2= 2.14972 pre2= 2 score= 118.047
-----------------------------------------------------------------------------------------
candidate= 0-53 : -
-----------------------------------------------------------------------------------------
it= 5   ncol= 1419  ncstr= 589  mt= 0.3   spt= 0.0   lpval= 94022.4   ub= 94043.0  
-----------------------------------------------------------------------------------------
elapsed time= 182.91 s.
-----------------------------------------------------------------------------------------
candidate= 0-295 : -
-----------------------------------------------------------------------------------------
it= 3   ncol= 1351  ncstr= 589  mt= 0.3   spt= 0.0   lpval= 94015.2   ub= 94043.0  
-----------------------------------------------------------------------------------------
elapsed time= 183.20 s.
-----------------------------------------------------------------------------------------
candidate= 0-295 : +
-----------------------------------------------------------------------------------------
it= 4   ncol= 1416  ncstr= 589  mt= 0.4   spt= 0.0   lpval= 94026.1   ub= 94043.0  
-----------------------------------------------------------------------------------------
elapsed time= 183.57 s.
-----------------------------------------------------------------------------------------
candidate= 23-27 : -
-----------------------------------------------------------------------------------------
it= 3   ncol= 1358  ncstr= 589  mt= 0.3   spt= 0.0   lpval= 94013.9   ub= 94043.0  
-----------------------------------------------------------------------------------------
elapsed time= 183.91 s.
-----------------------------------------------------------------------------------------
candidate= 23-27 : +
-----------------------------------------------------------------------------------------
it= 4   ncol= 1401  ncstr= 589  mt= 0.3   spt= 0.0   lpval= 94072.5   ub= 94043.0  
-----------------------------------------------------------------------------------------
elapsed time= 184.20 s.
-----------------------------------------------------------------------------------------
brc= 23-27
t= 0.185288 c= 20.9171 n= 2 if_b4= 0
t= 0.354946 c= 26.4832 n= 2 if_b4= 0
#########################################################################################
tree size= 1 lb= 94013.4 ub= 94043
#########################################################################################
idx= 7 value= 94013.4 enu= 1
brc= 50-103 : -
brc= 76-103 : -
brc= 49-105 : -
brc= 70-133 : +
brc= 164-295 : -
brc= 24-250 : -
brc= 57-64 : -
brc= 3-269 : -
brc= 137-150 : -
brc= 167-232 : +
brc= 57-130 : +
brc= 0-292 : +
brc= 164-175 : +
brc= 92-227 : -
brc= 88-124 : +
brc= 236-266 : -
brc= 74-95 : -
brc= 155-204 : -
brc= 75-303 : +
brc= 141-164 : -
brc= 0-279 : +
brc= 175-312 : -
brc= 10-215 : +
brc= 278-299 : +
brc= 201-287 : -
brc= 0-201 : +
brc= 0-1 : -
brc= 86-118 : -
brc= 157-181 : -
brc= 83-91 : +
brc= 62-68 : -
brc= 0-59 : -
brc= 23-59 : -
brc= 23-27 : +
it= 4   ncol= 1362  ncstr= 588  mt= 0.3   spt= 0.0   lpval= 94072.5   ub= 94043.0  
-----------------------------------------------------------------------------------------
elapsed time= 185.51 s.
-----------------------------------------------------------------------------------------
#########################################################################################
tree size= 0 lb= 94013.4 ub= 94043
#########################################################################################
idx= 8 value= 94013.4 enu= 1
brc= 50-103 : -
brc= 76-103 : -
brc= 49-105 : -
brc= 70-133 : +
brc= 164-295 : -
brc= 24-250 : -
brc= 57-64 : -
brc= 3-269 : -
brc= 137-150 : -
brc= 167-232 : +
brc= 57-130 : +
brc= 0-292 : +
brc= 164-175 : +
brc= 92-227 : -
brc= 88-124 : +
brc= 236-266 : -
brc= 74-95 : -
brc= 155-204 : -
brc= 75-303 : +
brc= 141-164 : -
brc= 0-279 : +
brc= 175-312 : -
brc= 10-215 : +
brc= 278-299 : +
brc= 201-287 : -
brc= 0-201 : +
brc= 0-1 : -
brc= 86-118 : -
brc= 157-181 : -
brc= 83-91 : +
brc= 62-68 : -
brc= 0-59 : -
brc= 23-59 : -
brc= 23-27 : -
it= 4   ncol= 1364  ncstr= 588  mt= 0.0   spt= 0.0   lpval= 94013.9   ub= 94043.0  
-----------------------------------------------------------------------------------------
elapsed time= 185.58 s.
-----------------------------------------------------------------------------------------
columns pending deletion= 2467 remain= 46600 col ratio= 0.94706 row ratio= 0.933673
 ****** Separate Rank1Cuts ****** 
it= 3   ncol= 1352  ncstr= 648  mt= 0.0   spt= 0.0   lpval= 94014.2   ub= 94043.0  
-----------------------------------------------------------------------------------------
elapsed time= 186.02 s.
-----------------------------------------------------------------------------------------
columns pending deletion= 4179 remain= 46600 col ratio= 0.910322 row ratio= 0.851852
[1;36m[REMIND] 2: gap improved= 0.301459 ratio= 0.010478 threshold= 0.040000 in function increaseCondition2 at /blue/yu.yang1/you.z/route_opt/packages/application/X-n313-k71/src/main/src/call_cutting.cpp:74[0m
 ****** Separate RCCs ****** 
 ****** Separate Rank1Cuts ****** 
it= 3   ncol= 1367  ncstr= 703  mt= 0.0   spt= 0.0   lpval= 94014.5   ub= 94043.0  
-----------------------------------------------------------------------------------------
elapsed time= 186.59 s.
-----------------------------------------------------------------------------------------
columns pending deletion= 7043 remain= 46600 col ratio= 0.848863 row ratio= 0.779516
[1;36m[REMIND] 2: gap improved= 0.284335 ratio= 0.009981 threshold= 0.040000 in function increaseCondition2 at /blue/yu.yang1/you.z/route_opt/packages/application/X-n313-k71/src/main/src/call_cutting.cpp:74[0m
 ****** Separate RCCs ****** 
 ****** Separate Rank1Cuts ****** 
it= 3   ncol= 1374  ncstr= 724  mt= 0.0   spt= 0.0   lpval= 94014.6   ub= 94043.0  
-----------------------------------------------------------------------------------------
elapsed time= 187.13 s.
-----------------------------------------------------------------------------------------
columns pending deletion= 8522 remain= 46600 col ratio= 0.817124 row ratio= 0.78453
[1;36m[REMIND] 2: gap improved= 0.114033 ratio= 0.004019 threshold= 0.040000 in function increaseCondition2 at /blue/yu.yang1/you.z/route_opt/packages/application/X-n313-k71/src/main/src/call_cutting.cpp:74[0m
[1;36m[REMIND] tail off counter= 3 threshold= 3 in function setIfTailOff at /blue/yu.yang1/you.z/route_opt/packages/application/X-n313-k71/src/main/src/call_cutting.cpp:150[0m
current_r_best= 0.86051
pseudo= 50 frac= 50
#candidates in phase1= 37
testing lp time= 19.72 s.
-----------------------------------------------------------------------------------------
  0-53  , 182.66|   0-295 ,  47.15| 162-189 ,  44.18|  27-62  ,  42.36| 260-279 ,  22.67| 
 76-105 ,  17.37|   1-12  ,  17.37| 147-174 ,  15.60|  71-109 ,  12.60|  81-183 ,  12.07| 
 47-113 ,  10.64|  81-220 ,   9.44|   6-137 ,   7.97|  19-60  ,   7.97|   0-114 ,   6.52| 
 12-76  ,   6.46|   0-85  ,   6.29| 145-265 ,   5.10| 100-119 ,   3.29|   8-157 ,   3.27| 
  0-241 ,   3.09| 172-241 ,   3.09| 232-275 ,   3.09|   8-241 ,   3.09|   0-55  ,   3.09| 
  0-172 ,   3.09|  55-241 ,   3.09|  55-113 ,   3.09|  55-167 ,   3.09|   0-232 ,   3.09| 
 89-137 ,   2.79|   3-87  ,   2.62| 138-255 ,   2.40| 223-227 ,   2.31|  47-275 ,   1.64| 
119-275 ,   1.64|   0-119 ,   1.37| 
-----------------------------------------------------------------------------------------
edge= 162 189 lp= 0.849777 pre= 2 lp2= 51.9897 pre2= 2 score= 44.1796
-----------------------------------------------------------------------------------------
edge= 0 295 lp= 1.87398 pre= 1 lp2= 25.1587 pre2= 2 score= 47.147
-----------------------------------------------------------------------------------------
edge= 0 53 lp= 57.0882 pre= 2 lp2= 3.1996 pre2= 2 score= 182.659
-----------------------------------------------------------------------------------------
candidate= 0-53 : -
-----------------------------------------------------------------------------------------
it= 5   ncol= 1444  ncstr= 725  mt= 0.5   spt= 0.0   lpval= 94023.6   ub= 94043.0  
-----------------------------------------------------------------------------------------
elapsed time= 207.40 s.
-----------------------------------------------------------------------------------------
candidate= 0-295 : +
-----------------------------------------------------------------------------------------
it= 5   ncol= 1450  ncstr= 725  mt= 0.6   spt= 0.0   lpval= 94029.3   ub= 94043.0  
-----------------------------------------------------------------------------------------
elapsed time= 207.98 s.
-----------------------------------------------------------------------------------------
candidate= 162-189 : -
-----------------------------------------------------------------------------------------
it= 2   ncol= 1381  ncstr= 725  mt= 0.4   spt= 0.0   lpval= 94015.5   ub= 94043.0  
-----------------------------------------------------------------------------------------
elapsed time= 208.37 s.
-----------------------------------------------------------------------------------------
candidate= 162-189 : +
-----------------------------------------------------------------------------------------
it= 5   ncol= 1464  ncstr= 725  mt= 0.4   spt= 0.0   lpval= 94049.9   ub= 94043.0  
-----------------------------------------------------------------------------------------
elapsed time= 208.84 s.
-----------------------------------------------------------------------------------------
brc= 162-189
t= 0.205581 c= 16.3403 n= 3 if_b4= 0
t= 0.390929 c= 22.7302 n= 3 if_b4= 0
#########################################################################################
tree size= 1 lb= 94014.6 ub= 94043
#########################################################################################
idx= 9 value= 94014.6 enu= 1
brc= 50-103 : -
brc= 76-103 : -
brc= 49-105 : -
brc= 70-133 : +
brc= 164-295 : -
brc= 24-250 : -
brc= 57-64 : -
brc= 3-269 : -
brc= 137-150 : -
brc= 167-232 : +
brc= 57-130 : +
brc= 0-292 : +
brc= 164-175 : +
brc= 92-227 : -
brc= 88-124 : +
brc= 236-266 : -
brc= 74-95 : -
brc= 155-204 : -
brc= 75-303 : +
brc= 141-164 : -
brc= 0-279 : +
brc= 175-312 : -
brc= 10-215 : +
brc= 278-299 : +
brc= 201-287 : -
brc= 0-201 : +
brc= 0-1 : -
brc= 86-118 : -
brc= 157-181 : -
brc= 83-91 : +
brc= 62-68 : -
brc= 0-59 : -
brc= 23-59 : -
brc= 23-27 : -
brc= 162-189 : +
it= 5   ncol= 1422  ncstr= 724  mt= 0.5   spt= 0.0   lpval= 94049.9   ub= 94043.0  
-----------------------------------------------------------------------------------------
elapsed time= 210.58 s.
-----------------------------------------------------------------------------------------
#########################################################################################
tree size= 0 lb= 94014.6 ub= 94043
#########################################################################################
idx= 10 value= 94014.6 enu= 1
brc= 50-103 : -
brc= 76-103 : -
brc= 49-105 : -
brc= 70-133 : +
brc= 164-295 : -
brc= 24-250 : -
brc= 57-64 : -
brc= 3-269 : -
brc= 137-150 : -
brc= 167-232 : +
brc= 57-130 : +
brc= 0-292 : +
brc= 164-175 : +
brc= 92-227 : -
brc= 88-124 : +
brc= 236-266 : -
brc= 74-95 : -
brc= 155-204 : -
brc= 75-303 : +
brc= 141-164 : -
brc= 0-279 : +
brc= 175-312 : -
brc= 10-215 : +
brc= 278-299 : +
brc= 201-287 : -
brc= 0-201 : +
brc= 0-1 : -
brc= 86-118 : -
brc= 157-181 : -
brc= 83-91 : +
brc= 62-68 : -
brc= 0-59 : -
brc= 23-59 : -
brc= 23-27 : -
brc= 162-189 : -
it= 2   ncol= 1384  ncstr= 724  mt= 0.0   spt= 0.0   lpval= 94015.5   ub= 94043.0  
-----------------------------------------------------------------------------------------
elapsed time= 210.64 s.
-----------------------------------------------------------------------------------------
columns pending deletion= 2241 remain= 38074 col ratio= 0.941141 row ratio= 0.780387
 ****** Separate Rank1Cuts ****** 
it= 2   ncol= 1378  ncstr= 851  mt= 0.0   spt= 0.0   lpval= 94015.7   ub= 94043.0  
-----------------------------------------------------------------------------------------
elapsed time= 211.29 s.
-----------------------------------------------------------------------------------------
columns pending deletion= 3297 remain= 38074 col ratio= 0.913405 row ratio= 0.674501
[1;36m[REMIND] 2: gap improved= 0.223503 ratio= 0.008183 threshold= 0.040000 in function increaseCondition2 at /blue/yu.yang1/you.z/route_opt/packages/application/X-n313-k71/src/main/src/call_cutting.cpp:74[0m
 ****** Separate RCCs ****** 
 ****** Separate Rank1Cuts ****** 
it= 2   ncol= 1380  ncstr= 871  mt= 0.0   spt= 0.0   lpval= 94015.8   ub= 94043.0  
-----------------------------------------------------------------------------------------
elapsed time= 211.72 s.
-----------------------------------------------------------------------------------------
delete columns= 4197 remain= 33877
[1;36m[REMIND] 2: gap improved= 0.120929 ratio= 0.004447 threshold= 0.040000 in function increaseCondition2 at /blue/yu.yang1/you.z/route_opt/packages/application/X-n313-k71/src/main/src/call_cutting.cpp:74[0m
 ****** Separate RCCs ****** 
 ****** Separate Rank1Cuts ****** 
it= 2   ncol= 1388  ncstr= 595  mt= 0.0   spt= 0.0   lpval= 94015.9   ub= 94043.0  
-----------------------------------------------------------------------------------------
elapsed time= 212.55 s.
-----------------------------------------------------------------------------------------
columns pending deletion= 571 remain= 33877 col ratio= 0.983145 row ratio= 0.942857
current_r_best= 0.924313
pseudo= 50 frac= 50
#candidates in phase1= 37
testing lp time= 13.00 s.
-----------------------------------------------------------------------------------------
  0-53  , 142.08|  27-62  ,  40.38| 125-224 ,  23.16|   0-295 ,  15.17| 147-174 ,  14.26| 
 76-105 ,  12.99|   1-12  ,  12.99| 260-279 ,  11.83|  19-60  ,   8.29|   6-137 ,   8.29| 
 71-109 ,   5.87|  47-113 ,   5.03|  81-183 ,   4.64|  51-64  ,   4.48|  12-76  ,   4.45| 
114-161 ,   3.68|   0-114 ,   3.20| 223-227 ,   2.16| 265-287 ,   1.69| 178-209 ,   1.63| 
  0-209 ,   1.63|  51-230 ,   0.95|  67-179 ,   0.85| 198-231 ,   0.85| 206-310 ,   0.67| 
 38-140 ,   0.59| 168-231 ,   0.58|   0-38  ,   0.50|  61-107 ,   0.35|  61-145 ,   0.35| 
  0-206 ,   0.35| 140-300 ,   0.30| 108-127 ,   0.25|  66-231 ,   0.24| 148-291 ,   0.15| 
  0-260 ,   0.14| 136-148 ,   0.09| 
-----------------------------------------------------------------------------------------
edge= 125 224 lp= 6.88979 pre= 2 lp2= 3.36138 pre2= 2 score= 23.1592
-----------------------------------------------------------------------------------------
edge= 27 62 lp= 0.735279 pre= 2 lp2= 54.9219 pre2= 2 score= 40.3829
-----------------------------------------------------------------------------------------
edge= 0 53 lp= 56.1485 pre= 2 lp2= 2.53044 pre2= 2 score= 142.08
-----------------------------------------------------------------------------------------
candidate= 0-53 : -
-----------------------------------------------------------------------------------------
it= 4   ncol= 1450  ncstr= 596  mt= 0.4   spt= 0.0   lpval= 94024.4   ub= 94043.0  
-----------------------------------------------------------------------------------------
elapsed time= 225.98 s.
-----------------------------------------------------------------------------------------
candidate= 27-62 : -
-----------------------------------------------------------------------------------------
it= 3   ncol= 1386  ncstr= 596  mt= 0.3   spt= 0.0   lpval= 94016.3   ub= 94043.0  
-----------------------------------------------------------------------------------------
elapsed time= 226.28 s.
-----------------------------------------------------------------------------------------
candidate= 27-62 : +
-----------------------------------------------------------------------------------------
it= 4   ncol= 1465  ncstr= 596  mt= 0.3   spt= 0.0   lpval= 94066.9   ub= 94043.0  
-----------------------------------------------------------------------------------------
elapsed time= 226.58 s.
-----------------------------------------------------------------------------------------
candidate= 125-224 : -
-----------------------------------------------------------------------------------------
it= 4   ncol= 1419  ncstr= 596  mt= 0.3   spt= 0.0   lpval= 94022.4   ub= 94043.0  
-----------------------------------------------------------------------------------------
elapsed time= 226.90 s.
-----------------------------------------------------------------------------------------
brc= 27-62
t= 0.199592 c= 13.6013 n= 4 if_b4= 0
t= 0.380352 c= 19.8777 n= 4 if_b4= 0
#########################################################################################
tree size= 1 lb= 94015.9 ub= 94043
#########################################################################################
idx= 11 value= 94015.9 enu= 1
brc= 50-103 : -
brc= 76-103 : -
brc= 49-105 : -
brc= 70-133 : +
brc= 164-295 : -
brc= 24-250 : -
brc= 57-64 : -
brc= 3-269 : -
brc= 137-150 : -
brc= 167-232 : +
brc= 57-130 : +
brc= 0-292 : +
brc= 164-175 : +
brc= 92-227 : -
brc= 88-124 : +
brc= 236-266 : -
brc= 74-95 : -
brc= 155-204 : -
brc= 75-303 : +
brc= 141-164 : -
brc= 0-279 : +
brc= 175-312 : -
brc= 10-215 : +
brc= 278-299 : +
brc= 201-287 : -
brc= 0-201 : +
brc= 0-1 : -
brc= 86-118 : -
brc= 157-181 : -
brc= 83-91 : +
brc= 62-68 : -
brc= 0-59 : -
brc= 23-59 : -
brc= 23-27 : -
brc= 162-189 : -
brc= 27-62 : +
it= 4   ncol= 1422  ncstr= 595  mt= 0.2   spt= 0.0   lpval= 94066.9   ub= 94043.0  
-----------------------------------------------------------------------------------------
elapsed time= 228.08 s.
-----------------------------------------------------------------------------------------
#########################################################################################
tree size= 0 lb= 94015.9 ub= 94043
#########################################################################################
idx= 12 value= 94015.9 enu= 1
brc= 50-103 : -
brc= 76-103 : -
brc= 49-105 : -
brc= 70-133 : +
brc= 164-295 : -
brc= 24-250 : -
brc= 57-64 : -
brc= 3-269 : -
brc= 137-150 : -
brc= 167-232 : +
brc= 57-130 : +
brc= 0-292 : +
brc= 164-175 : +
brc= 92-227 : -
brc= 88-124 : +
brc= 236-266 : -
brc= 74-95 : -
brc= 155-204 : -
brc= 75-303 : +
brc= 141-164 : -
brc= 0-279 : +
brc= 175-312 : -
brc= 10-215 : +
brc= 278-299 : +
brc= 201-287 : -
brc= 0-201 : +
brc= 0-1 : -
brc= 86-118 : -
brc= 157-181 : -
brc= 83-91 : +
brc= 62-68 : -
brc= 0-59 : -
brc= 23-59 : -
brc= 23-27 : -
brc= 162-189 : -
brc= 27-62 : -
it= 3   ncol= 1389  ncstr= 595  mt= 0.0   spt= 0.0   lpval= 94016.3   ub= 94043.0  
-----------------------------------------------------------------------------------------
elapsed time= 228.15 s.
-----------------------------------------------------------------------------------------
columns pending deletion= 1613 remain= 33305 col ratio= 0.951569 row ratio= 0.919328
 ****** Separate RCCs ****** 
 ****** Separate Rank1Cuts ****** 
it= 2   ncol= 1380  ncstr= 637  mt= 0.0   spt= 0.0   lpval= 94016.5   ub= 94043.0  
-----------------------------------------------------------------------------------------
elapsed time= 228.72 s.
-----------------------------------------------------------------------------------------
columns pending deletion= 2623 remain= 33305 col ratio= 0.921243 row ratio= 0.894819
[1;36m[REMIND] 2: gap improved= 0.190405 ratio= 0.007190 threshold= 0.040000 in function increaseCondition2 at /blue/yu.yang1/you.z/route_opt/packages/application/X-n313-k71/src/main/src/call_cutting.cpp:74[0m
 ****** Separate RCCs ****** 
 ****** Separate Rank1Cuts ****** 
it= 2   ncol= 1383  ncstr= 655  mt= 0.0   spt= 0.0   lpval= 94016.6   ub= 94043.0  
-----------------------------------------------------------------------------------------
elapsed time= 229.15 s.
-----------------------------------------------------------------------------------------
columns pending deletion= 3159 remain= 33305 col ratio= 0.905149 row ratio= 0.882443
current_r_best= 0.493648
pseudo= 50 frac= 50
#candidates in phase1= 37
testing lp time= 16.17 s.
-----------------------------------------------------------------------------------------
  0-53  , 213.18|   0-295 ,  28.55| 125-224 ,  25.63| 260-279 ,  22.91| 147-174 ,  15.98| 
128-150 ,  10.91|  12-23  ,  10.60|   1-12  ,   9.20|  19-60  ,   8.37|   6-137 ,   8.37| 
 81-183 ,   5.54|  84-116 ,   5.39|  12-76  ,   4.54|  51-64  ,   4.30|  71-109 ,   3.87| 
 47-113 ,   3.35|   0-114 ,   2.27|  27-41  ,   2.24| 211-295 ,   2.16| 234-295 ,   2.15| 
206-290 ,   1.81| 223-227 ,   1.76| 141-239 ,   1.70| 166-251 ,   0.94|  54-86  ,   0.85| 
193-247 ,   0.66| 177-219 ,   0.45|  35-42  ,   0.28| 195-259 ,   0.27|  90-155 ,   0.20| 
 42-98  ,   0.14|  98-168 ,   0.14|   0-245 ,   0.03|  92-188 ,   0.02|   0-118 ,   0.01| 
265-285 ,   0.00|   9-126 ,   0.00| 
-----------------------------------------------------------------------------------------
edge= 125 224 lp= 7.37095 pre= 2 lp2= 3.47682 pre2= 2 score= 25.6275
-----------------------------------------------------------------------------------------
edge= 0 295 lp= 1.31717 pre= 0 lp2= 21.6719 pre2= 1 score= 28.5456
-----------------------------------------------------------------------------------------
edge= 0 53 lp= 58.2344 pre= 2 lp2= 3.66076 pre2= 2 score= 213.182
-----------------------------------------------------------------------------------------
candidate= 0-53 : -
-----------------------------------------------------------------------------------------
it= 5   ncol= 1479  ncstr= 656  mt= 0.5   spt= 0.0   lpval= 94025.1   ub= 94043.0  
-----------------------------------------------------------------------------------------
elapsed time= 245.86 s.
-----------------------------------------------------------------------------------------
candidate= 0-53 : +
-----------------------------------------------------------------------------------------
it= 4   ncol= 1431  ncstr= 656  mt= 0.4   spt= 0.0   lpval= 94017.6   ub= 94043.0  
-----------------------------------------------------------------------------------------
elapsed time= 246.29 s.
-----------------------------------------------------------------------------------------
candidate= 0-295 : +
-----------------------------------------------------------------------------------------
it= 4   ncol= 1459  ncstr= 656  mt= 0.6   spt= 0.0   lpval= 94030.5   ub= 94043.0  
-----------------------------------------------------------------------------------------
elapsed time= 246.88 s.
-----------------------------------------------------------------------------------------
brc= 0-295
t= 0.202746 c= 11.6432 n= 5 if_b4= 0
t= 0.403228 c= 18.0916 n= 5 if_b4= 0
#########################################################################################
tree size= 1 lb= 94016.6 ub= 94043
#########################################################################################
idx= 13 value= 94016.6 enu= 1
brc= 50-103 : -
brc= 76-103 : -
brc= 49-105 : -
brc= 70-133 : +
brc= 164-295 : -
brc= 24-250 : -
brc= 57-64 : -
brc= 3-269 : -
brc= 137-150 : -
brc= 167-232 : +
brc= 57-130 : +
brc= 0-292 : +
brc= 164-175 : +
brc= 92-227 : -
brc= 88-124 : +
brc= 236-266 : -
brc= 74-95 : -
brc= 155-204 : -
brc= 75-303 : +
brc= 141-164 : -
brc= 0-279 : +
brc= 175-312 : -
brc= 10-215 : +
brc= 278-299 : +
brc= 201-287 : -
brc= 0-201 : +
brc= 0-1 : -
brc= 86-118 : -
brc= 157-181 : -
brc= 83-91 : +
brc= 62-68 : -
brc= 0-59 : -
brc= 23-59 : -
brc= 23-27 : -
brc= 162-189 : -
brc= 27-62 : -
brc= 0-295 : +
it= 5   ncol= 1450  ncstr= 655  mt= 0.6   spt= 0.0   lpval= 94030.5   ub= 94043.0  
-----------------------------------------------------------------------------------------
elapsed time= 248.63 s.
-----------------------------------------------------------------------------------------
delete columns= 26381 remain= 3736
 ****** Separate RCCs ****** 
 ****** Separate Rank1Cuts ****** 
it= 3   ncol= 1330  ncstr= 556  mt= 0.0   spt= 0.0   lpval= 94033.9   ub= 94043.0  
-----------------------------------------------------------------------------------------
elapsed time= 249.17 s.
-----------------------------------------------------------------------------------------
delete columns= 1822 remain= 1914
mip: row= 518 col= 3136 density= 4.62391%
mip time= 0.91 s.
mip status= 6
update f from 0 to 9.1378
#########################################################################################
tree size= 0 lb= 94016.6 ub= 94043
#########################################################################################
idx= 14 value= 94016.6 enu= 1
brc= 50-103 : -
brc= 76-103 : -
brc= 49-105 : -
brc= 70-133 : +
brc= 164-295 : -
brc= 24-250 : -
brc= 57-64 : -
brc= 3-269 : -
brc= 137-150 : -
brc= 167-232 : +
brc= 57-130 : +
brc= 0-292 : +
brc= 164-175 : +
brc= 92-227 : -
brc= 88-124 : +
brc= 236-266 : -
brc= 74-95 : -
brc= 155-204 : -
brc= 75-303 : +
brc= 141-164 : -
brc= 0-279 : +
brc= 175-312 : -
brc= 10-215 : +
brc= 278-299 : +
brc= 201-287 : -
brc= 0-201 : +
brc= 0-1 : -
brc= 86-118 : -
brc= 157-181 : -
brc= 83-91 : +
brc= 62-68 : -
brc= 0-59 : -
brc= 23-59 : -
brc= 23-27 : -
brc= 162-189 : -
brc= 27-62 : -
brc= 0-295 : -
it= 3   ncol= 1399  ncstr= 655  mt= 0.0   spt= 0.0   lpval= 94017.9   ub= 94043.0  
-----------------------------------------------------------------------------------------
elapsed time= 250.47 s.
-----------------------------------------------------------------------------------------
columns pending deletion= 4468 remain= 30094 col ratio= 0.851532 row ratio= 0.819847
 ****** Separate RCCs ****** 
 ****** Separate Rank1Cuts ****** 
it= 3   ncol= 1407  ncstr= 710  mt= 0.0   spt= 0.0   lpval= 94018.2   ub= 94043.0  
-----------------------------------------------------------------------------------------
elapsed time= 251.11 s.
-----------------------------------------------------------------------------------------
columns pending deletion= 6547 remain= 30094 col ratio= 0.782448 row ratio= 0.776056
[1;36m[REMIND] 2: gap improved= 0.309847 ratio= 0.012475 threshold= 0.040000 in function increaseCondition2 at /blue/yu.yang1/you.z/route_opt/packages/application/X-n313-k71/src/main/src/call_cutting.cpp:74[0m
 ****** Separate RCCs ****** 
 ****** Separate Rank1Cuts ****** 
it= 2   ncol= 1412  ncstr= 733  mt= 0.0   spt= 0.0   lpval= 94018.3   ub= 94043.0  
-----------------------------------------------------------------------------------------
elapsed time= 251.53 s.
-----------------------------------------------------------------------------------------
delete columns= 7146 remain= 22948
[1;36m[REMIND] 1: gap improved= 0.095290 threshold= 0.100000 in function increaseCondition1 at /blue/yu.yang1/you.z/route_opt/packages/application/X-n313-k71/src/main/src/call_cutting.cpp:58[0m
[1;36m[REMIND] tail off counter= 3 threshold= 3 in function setIfTailOff at /blue/yu.yang1/you.z/route_opt/packages/application/X-n313-k71/src/main/src/call_cutting.cpp:150[0m
current_r_best= 1.22181
alpha= 0.37 beta= 12.7717 omega= 57.4275 k1= 15
lb_k= 1 ub_k= 37
revise: lb_k= 10 ub_k= 22
opt_k= 17
alpha= 0.75 beta= 12.7717 omega= 44.8669 k1= 3
lb_k= 1 ub_k= 3
revise: lb_k= 1 ub_k= 3
opt_k= 3
pseudo= 50 frac= 50
#candidates in phase1= 17
testing lp time= 5.00 s.
-----------------------------------------------------------------------------------------
  7-33  ,   9.75| 147-174 ,   9.00|  12-76  ,   8.67|   6-60  ,   6.17|  19-60  ,   5.64| 
 81-183 ,   4.90|   5-264 ,   4.29|  86-295 ,   3.97| 175-260 ,   3.97| 239-264 ,   3.85| 
 54-141 ,   3.78|  43-67  ,   3.78|  72-285 ,   1.82| 223-227 ,   1.62|  95-312 ,   1.52| 
 47-113 ,   1.39| 125-267 ,   1.28| 
-----------------------------------------------------------------------------------------
edge= 12 76 lp= 7.0093 pre= 2 lp2= 1.23657 pre2= 2 score= 8.66748
-----------------------------------------------------------------------------------------
edge= 147 174 lp= 3.73514 pre= 2 lp2= 2.40878 pre2= 2 score= 8.99714
-----------------------------------------------------------------------------------------
edge= 7 33 lp= 2.10731 pre= 2 lp2= 4.62556 pre2= 2 score= 9.74748
-----------------------------------------------------------------------------------------
candidate= 7-33 : -
-----------------------------------------------------------------------------------------
it= 4   ncol= 1447  ncstr= 560  mt= 0.3   spt= 0.0   lpval= 94020.2   ub= 94043.0  
-----------------------------------------------------------------------------------------
elapsed time= 257.27 s.
-----------------------------------------------------------------------------------------
candidate= 147-174 : -
-----------------------------------------------------------------------------------------
it= 3   ncol= 1429  ncstr= 560  mt= 0.3   spt= 0.0   lpval= 94021.9   ub= 94043.0  
-----------------------------------------------------------------------------------------
elapsed time= 257.61 s.
-----------------------------------------------------------------------------------------
candidate= 7-33 : +
-----------------------------------------------------------------------------------------
it= 3   ncol= 1435  ncstr= 560  mt= 0.3   spt= 0.0   lpval= 94022.7   ub= 94043.0  
-----------------------------------------------------------------------------------------
elapsed time= 257.89 s.
-----------------------------------------------------------------------------------------
candidate= 147-174 : +
-----------------------------------------------------------------------------------------
it= 3   ncol= 1430  ncstr= 560  mt= 0.3   spt= 0.0   lpval= 94020.4   ub= 94043.0  
-----------------------------------------------------------------------------------------
elapsed time= 258.24 s.
-----------------------------------------------------------------------------------------
candidate= 12-76 : -
-----------------------------------------------------------------------------------------
it= 6   ncol= 1568  ncstr= 560  mt= 0.4   spt= 0.0   lpval= 94022.7   ub= 94043.0  
-----------------------------------------------------------------------------------------
elapsed time= 258.61 s.
-----------------------------------------------------------------------------------------
brc= 7-33
t= 0.194786 c= 10.3181 n= 6 if_b4= 0
t= 0.393743 c= 16.0821 n= 6 if_b4= 0
#########################################################################################
tree size= 1 lb= 94018.3 ub= 94043
#########################################################################################
idx= 15 value= 94018.3 enu= 1
brc= 50-103 : -
brc= 76-103 : -
brc= 49-105 : -
brc= 70-133 : +
brc= 164-295 : -
brc= 24-250 : -
brc= 57-64 : -
brc= 3-269 : -
brc= 137-150 : -
brc= 167-232 : +
brc= 57-130 : +
brc= 0-292 : +
brc= 164-175 : +
brc= 92-227 : -
brc= 88-124 : +
brc= 236-266 : -
brc= 74-95 : -
brc= 155-204 : -
brc= 75-303 : +
brc= 141-164 : -
brc= 0-279 : +
brc= 175-312 : -
brc= 10-215 : +
brc= 278-299 : +
brc= 201-287 : -
brc= 0-201 : +
brc= 0-1 : -
brc= 86-118 : -
brc= 157-181 : -
brc= 83-91 : +
brc= 62-68 : -
brc= 0-59 : -
brc= 23-59 : -
brc= 23-27 : -
brc= 162-189 : -
brc= 27-62 : -
brc= 0-295 : -
brc= 7-33 : +
it= 3   ncol= 1424  ncstr= 559  mt= 0.3   spt= 0.0   lpval= 94022.7   ub= 94043.0  
-----------------------------------------------------------------------------------------
elapsed time= 259.73 s.
-----------------------------------------------------------------------------------------
delete columns= 11644 remain= 11281
 ****** Separate RCCs ****** 
 ****** Separate Rank1Cuts ****** 
it= 2   ncol= 1364  ncstr= 568  mt= 0.0   spt= 0.0   lpval= 94023.8   ub= 94043.0  
-----------------------------------------------------------------------------------------
elapsed time= 260.09 s.
-----------------------------------------------------------------------------------------
columns pending deletion= 1411 remain= 11281 col ratio= 0.874922 row ratio= 0.883803
mip: row= 502 col= 11222 density= 4.89654%
mip time= 14.86 s.
mip status= 6
update f from 9.1378 to 19.2371
#########################################################################################
tree size= 0 lb= 94018.3 ub= 94043
#########################################################################################
idx= 16 value= 94018.3 enu= 1
brc= 50-103 : -
brc= 76-103 : -
brc= 49-105 : -
brc= 70-133 : +
brc= 164-295 : -
brc= 24-250 : -
brc= 57-64 : -
brc= 3-269 : -
brc= 137-150 : -
brc= 167-232 : +
brc= 57-130 : +
brc= 0-292 : +
brc= 164-175 : +
brc= 92-227 : -
brc= 88-124 : +
brc= 236-266 : -
brc= 74-95 : -
brc= 155-204 : -
brc= 75-303 : +
brc= 141-164 : -
brc= 0-279 : +
brc= 175-312 : -
brc= 10-215 : +
brc= 278-299 : +
brc= 201-287 : -
brc= 0-201 : +
brc= 0-1 : -
brc= 86-118 : -
brc= 157-181 : -
brc= 83-91 : +
brc= 62-68 : -
brc= 0-59 : -
brc= 23-59 : -
brc= 23-27 : -
brc= 162-189 : -
brc= 27-62 : -
brc= 0-295 : -
brc= 7-33 : -
it= 5   ncol= 1455  ncstr= 559  mt= 0.1   spt= 0.0   lpval= 94020.2   ub= 94043.0  
-----------------------------------------------------------------------------------------
elapsed time= 275.07 s.
-----------------------------------------------------------------------------------------
columns pending deletion= 6564 remain= 22947 col ratio= 0.71395 row ratio= 0.890877
 ****** Separate RCCs ****** 
 ****** Separate Rank1Cuts ****** 
it= 3   ncol= 1459  ncstr= 627  mt= 0.0   spt= 0.0   lpval= 94024.7   ub= 94043.0  
-----------------------------------------------------------------------------------------
elapsed time= 275.58 s.
-----------------------------------------------------------------------------------------
delete columns= 13714 remain= 9233
mip: row= 533 col= 10667 density= 4.7028%
mip time= 8.80 s.
mip status= 6
#########################################################################################
[32m<Instance: X-n313-k71>
<Solution>
<UB= 94043>
<LB= 94043>
<Elapsed Time= 284.7>
<Nodes Explored= 16>
<Global Gap= 0%>[0m
#########################################################################################
File nodes/X-n313-k71_3_5_0_0_0_1_3_1_1_0_1_3_G32.node deleted successfully.
