application type: CVRP
X-n313-k71_6_0_0_8_4_1_0_G32.node
Set parameter ServerTimeout to value 600
Set parameter TokenServer to value "grb-ts.ufhpc"
Set parameter Threads to value 1
instance name= X-n313-k71
#########################################################################################
tree size= 0 lb= 0 ub= 94044
#########################################################################################
idx= 1 value= 93978.6 enu= 0
brc= 50-103 : -
brc= 76-103 : -
brc= 49-105 : -
brc= 70-133 : -
brc= 74-217 : -
brc= 233-246 : -
brc= 164-175 : +
brc= 167-232 : +
brc= 223-246 : +
brc= 13-104 : -
brc= 3-269 : -
brc= 250-278 : -
brc= 141-164 : -
brc= 220-305 : -
brc= 12-134 : -
brc= 74-260 : -
brc= 86-243 : -
brc= 3-128 : +
brc= 59-68 : -
brc= 33-228 : -
brc= 0-146 : -
brc= 0-64 : -
brc= 2-106 : +
brc= 125-224 : -
brc= 132-230 : +
brc= 189-226 : +
-----------------------------------------------------------------------------------------
 ****** Pricing Level: LIGHT HEUR ****** 
it= 6   ncol= 1372  ncstr= 609  mt= 0.5   spt= 0.2   lpval= 94001.9   ub= 94043.0  
 ****** Pricing Level: HEAVY HEUR ****** 
it= 4   ncol= 1421  ncstr= 609  mt= 0.1   spt= 0.3   lpval= 93993.5   ub= 94043.0  
 ****** Pricing Level: EXACT ****** 
it= 4   ncol= 1476  ncstr= 609  mt= 0.1   spt= 5.8   lpval= 93993.5   ub= 94043.0  
-----------------------------------------------------------------------------------------
elapsed time= 10.18 s.
-----------------------------------------------------------------------------------------
-----------------------------------------------------------------------------------------
 ****** Run Arc Elimination ****** 
arc elimination time= 7.70 s.
previous= 75.2596% maximum= 2.87264%
eliminate bucket arcs time= 0.74 s.
obtain jump arcs time= 0.01 s.
-----------------------------------------------------------------------------------------
-----------------------------------------------------------------------------------------
elapsed time= 18.96 s.
-----------------------------------------------------------------------------------------
-----------------------------------------------------------------------------------------
 ****** Try Enumeration ****** 
max_val= 88681 stop_b= 10 max_idx= 8 num_label= 327909 max_label_in_enumeration= 500000 q= 23.1735 aq.size()= 21 left_bin= 2 left_labels= 172091
status= LABEL_FOR_LIMIT
#labels= 327909 #routes= 24
labeling 1 time= 9.87 s.
next try value > 93994.8
-----------------------------------------------------------------------------------------
elapsed time= 28.90 s.
-----------------------------------------------------------------------------------------
 ****** Separate RCCs ****** 
 ****** Separate Rank1Cuts ****** 
-----------------------------------------------------------------------------------------
 ****** Pricing Level: LIGHT HEUR ****** 
it= 3   ncol= 1504  ncstr= 599  mt= 0.2   spt= 0.1   lpval= 93998.8   ub= 94043.0  
 ****** Pricing Level: HEAVY HEUR ****** 
it= 3   ncol= 1521  ncstr= 599  mt= 0.1   spt= 0.2   lpval= 93997.6   ub= 94043.0  
 ****** Pricing Level: EXACT ****** 
it= 2   ncol= 1525  ncstr= 599  mt= 0.0   spt= 2.6   lpval= 93997.6   ub= 94043.0  
-----------------------------------------------------------------------------------------
elapsed time= 32.99 s.
-----------------------------------------------------------------------------------------
 ****** Separate RCCs ****** 
 ****** Separate Rank1Cuts ****** 
-----------------------------------------------------------------------------------------
 ****** Pricing Level: LIGHT HEUR ****** 
it= 5   ncol= 1542  ncstr= 752  mt= 0.4   spt= 0.1   lpval= 93999.7   ub= 94043.0  
 ****** Pricing Level: HEAVY HEUR ****** 
it= 6   ncol= 1622  ncstr= 752  mt= 0.1   spt= 0.4   lpval= 93999.6   ub= 94043.0  
 ****** Pricing Level: EXACT ****** 
it= 3   ncol= 1734  ncstr= 752  mt= 0.1   spt= 4.3   lpval= 93999.6   ub= 94043.0  
-----------------------------------------------------------------------------------------
elapsed time= 40.71 s.
-----------------------------------------------------------------------------------------
-----------------------------------------------------------------------------------------
 ****** Run Arc Elimination ****** 
arc elimination time= 5.48 s.
previous= 87.1357% maximum= 2.5031%
eliminate bucket arcs time= 0.60 s.
obtain jump arcs time= 0.01 s.
-----------------------------------------------------------------------------------------
-----------------------------------------------------------------------------------------
elapsed time= 46.83 s.
-----------------------------------------------------------------------------------------
-----------------------------------------------------------------------------------------
 ****** Try Enumeration ****** 
#labels= 248991 #routes= 15
labeling 1 time= 5.51 s.
concatenate time= 11.52 s.
#routes= 433865
average gap of successful enumeration= 0.000450478
next try value > 93994.6
-----------------------------------------------------------------------------------------
elapsed time= 64.00 s.
-----------------------------------------------------------------------------------------
 ****** Process Enumeration Matrix ****** 
delete non-ele routes lp val= 93999.6
recover rank1c lp val= 94000.2
recover rcc lp val= 94001.2
obtain rcc coefficient time= 0.06 s.
obtain r1c coefficient time= 0.77 s.
obtain matrix from triplets time= 1.07 s.
delete columns by branch time= 0.00 s.
columns pending deletion= 599 remain= 433865 col ratio= 0.998619 row ratio= 1
regenerate enumeration matrix time= 0.00 s.
-----------------------------------------------------------------------------------------
elapsed time= 68.49 s.
-----------------------------------------------------------------------------------------
it= 5   ncol= 1586  ncstr= 706  mt= 0.1   spt= 0.1   lpval= 94001.1   ub= 94043.0  
-----------------------------------------------------------------------------------------
elapsed time= 68.78 s.
-----------------------------------------------------------------------------------------
delete columns= 150592 remain= 283273
 ****** Separate RCCs ****** 
 ****** Separate Rank1Cuts ****** 
it= 5   ncol= 1459  ncstr= 613  mt= 0.1   spt= 0.1   lpval= 94002.6   ub= 94043.0  
-----------------------------------------------------------------------------------------
elapsed time= 70.57 s.
-----------------------------------------------------------------------------------------
columns pending deletion= 66975 remain= 283273 col ratio= 0.763567 row ratio= 0.867863
[1;36m[REMIND] 2: gap improved= 1.476263 ratio= 0.036510 threshold= 0.040000 in function increaseCondition2 at /blue/yu.yang1/you.z/route_opt/packages/application/X-n313-k71/src/main/src/call_cutting.cpp:74[0m
 ****** Separate RCCs ****** 
 ****** Separate Rank1Cuts ****** 
it= 4   ncol= 1462  ncstr= 704  mt= 0.1   spt= 0.1   lpval= 94003.1   ub= 94043.0  
-----------------------------------------------------------------------------------------
elapsed time= 71.84 s.
-----------------------------------------------------------------------------------------
delete columns= 84422 remain= 198851
[1;36m[REMIND] 2: gap improved= 0.500668 ratio= 0.012537 threshold= 0.040000 in function increaseCondition2 at /blue/yu.yang1/you.z/route_opt/packages/application/X-n313-k71/src/main/src/call_cutting.cpp:74[0m
 ****** Separate RCCs ****** 
 ****** Separate Rank1Cuts ****** 
it= 4   ncol= 1464  ncstr= 646  mt= 0.0   spt= 0.1   lpval= 94004.5   ub= 94043.0  
-----------------------------------------------------------------------------------------
elapsed time= 73.20 s.
-----------------------------------------------------------------------------------------
columns pending deletion= 33186 remain= 198851 col ratio= 0.833111 row ratio= 0.845201
[1;36m[REMIND] 2: gap improved= 1.424703 ratio= 0.036996 threshold= 0.040000 in function increaseCondition2 at /blue/yu.yang1/you.z/route_opt/packages/application/X-n313-k71/src/main/src/call_cutting.cpp:74[0m
[1;36m[REMIND] tail off counter= 3 threshold= 3 in function setIfTailOff at /blue/yu.yang1/you.z/route_opt/packages/application/X-n313-k71/src/main/src/call_cutting.cpp:150[0m
[1;36m[REMIND] opt_k not found for node 1, use m directly in function getOptK at /blue/yu.yang1/you.z/route_opt/packages/branching/bkf/include/bkf_controller.hpp:239[0m
current_r_best= 18.8073
we directly test 100
we directly test 4
pseudo= 50 frac= 50
#candidates in phase1= 100
testing lp time= 42.82 s.
-----------------------------------------------------------------------------------------
192-209 , 115.36|  47-192 , 115.36|  40-146 , 111.92| 203-225 , 110.91|  71-203 , 110.91| 
 96-225 , 110.91|  96-304 , 110.91|   0-85  ,  92.70|  81-183 ,  84.07|   0-50  ,  83.32| 
159-265 ,  71.68|  83-91  ,  69.35|  35-235 ,  67.58|  26-83  ,  52.74| 109-138 ,  50.68| 
217-257 ,  48.90| 217-265 ,  48.90|   0-183 ,  43.12| 178-292 ,  38.80| 125-278 ,  37.24| 
162-208 ,  36.86| 225-304 ,  36.76|   0-62  ,  35.24|  59-62  ,  35.24|   0-208 ,  34.98| 
 41-261 ,  32.98| 171-214 ,  31.09|  53-54  ,  30.89| 214-217 ,  30.37|  74-95  ,  28.79| 
 95-279 ,  28.79| 188-197 ,  27.21|  71-109 ,  26.36| 171-289 ,  23.59|  21-42  ,  22.47| 
182-292 ,  20.49|  17-272 ,  19.89|  92-263 ,  19.18|   0-139 ,  19.17|  87-139 ,  19.17| 
286-292 ,  18.84| 270-279 ,  18.74| 184-303 ,  18.61|  92-197 ,  18.26| 157-305 ,  18.10| 
100-157 ,  18.09|   0-275 ,  18.09| 100-240 ,  18.09|  22-266 ,  18.02| 114-272 ,  16.65| 
 24-226 ,  16.22|   0-270 ,  15.77| 159-234 ,  15.25| 217-234 ,  15.25| 214-224 ,  14.21| 
 12-76  ,  13.99|  56-164 ,  13.50|  56-228 ,  13.50| 124-292 ,  13.44|  23-88  ,  13.44| 
110-182 ,  13.44| 236-311 ,  12.90| 141-295 ,  12.48|   0-30  ,  11.77|   0-74  ,  11.72| 
141-211 ,  11.57|   0-224 ,  11.06| 108-218 ,  10.74|   0-304 ,  10.62| 240-304 ,  10.62| 
221-228 ,  10.24| 165-280 ,   9.88| 221-270 ,   9.56| 264-297 ,   9.03|  10-22  ,   8.32| 
 18-107 ,   7.54|  79-269 ,   7.12|  61-302 ,   6.81| 164-295 ,   6.79|   0-242 ,   6.56| 
169-242 ,   6.56|  47-242 ,   6.56|  43-239 ,   6.47| 228-270 ,   6.44|  88-124 ,   6.39| 
  0-110 ,   6.39|  61-107 ,   6.10| 108-301 ,   5.92| 250-257 ,   5.65| 224-287 ,   4.61| 
  0-302 ,   3.41|  27-286 ,   3.08| 243-311 ,   2.79|   0-303 ,   2.79|  25-155 ,   1.78| 
  0-216 ,   1.02| 205-256 ,   0.77| 165-257 ,   0.00|  59-76  ,   0.00|   0-76  ,   0.00| 
-----------------------------------------------------------------------------------------
edge= 203 225 lp= 1.23821 pre= 2 lp2= 89.5739 pre2= 2 score= 110.911
-----------------------------------------------------------------------------------------
edge= 40 146 lp= 76.1805 pre= 2 lp2= 1.46916 pre2= 2 score= 111.922
-----------------------------------------------------------------------------------------
edge= 47 192 lp= 3.75916 pre= 2 lp2= 30.6866 pre2= 2 score= 115.356
-----------------------------------------------------------------------------------------
edge= 192 209 lp= 3.75916 pre= 2 lp2= 30.6866 pre2= 2 score= 115.356
-----------------------------------------------------------------------------------------
candidate= 192-209 : -
-----------------------------------------------------------------------------------------
it= 5   ncol= 1525  ncstr= 647  mt= 0.4   spt= 0.1   lpval= 94006.6   ub= 94043.0  
-----------------------------------------------------------------------------------------
elapsed time= 116.57 s.
-----------------------------------------------------------------------------------------
candidate= 47-192 : -
-----------------------------------------------------------------------------------------
it= 5   ncol= 1535  ncstr= 647  mt= 0.5   spt= 0.1   lpval= 94005.9   ub= 94043.0  
-----------------------------------------------------------------------------------------
elapsed time= 117.12 s.
-----------------------------------------------------------------------------------------
candidate= 40-146 : -
-----------------------------------------------------------------------------------------
it= 8   ncol= 1692  ncstr= 647  mt= 0.5   spt= 0.1   lpval= 94043.2   ub= 94043.0  
-----------------------------------------------------------------------------------------
elapsed time= 117.77 s.
-----------------------------------------------------------------------------------------
candidate= 203-225 : -
-----------------------------------------------------------------------------------------
it= 3   ncol= 1514  ncstr= 647  mt= 0.4   spt= 0.0   lpval= 94005.0   ub= 94043.0  
-----------------------------------------------------------------------------------------
elapsed time= 118.26 s.
-----------------------------------------------------------------------------------------
candidate= 192-209 : +
-----------------------------------------------------------------------------------------
it= 4   ncol= 1568  ncstr= 647  mt= 0.5   spt= 0.1   lpval= 94020.2   ub= 94043.0  
-----------------------------------------------------------------------------------------
elapsed time= 118.83 s.
-----------------------------------------------------------------------------------------
candidate= 40-146 : +
-----------------------------------------------------------------------------------------
it= 3   ncol= 1504  ncstr= 647  mt= 0.4   spt= 0.0   lpval= 94005.6   ub= 94043.0  
-----------------------------------------------------------------------------------------
elapsed time= 119.29 s.
-----------------------------------------------------------------------------------------
brc= 40-146
t= 0.214103 c= 72.3681 n= 0 if_b4= 0
t= 0.544041 c= 92.1463 n= 0 if_b4= 0
#########################################################################################
tree size= 1 lb= 94004.5 ub= 94043
#########################################################################################
idx= 1 value= 94004.5 enu= 1
brc= 50-103 : -
brc= 76-103 : -
brc= 49-105 : -
brc= 70-133 : -
brc= 74-217 : -
brc= 233-246 : -
brc= 164-175 : +
brc= 167-232 : +
brc= 223-246 : +
brc= 13-104 : -
brc= 3-269 : -
brc= 250-278 : -
brc= 141-164 : -
brc= 220-305 : -
brc= 12-134 : -
brc= 74-260 : -
brc= 86-243 : -
brc= 3-128 : +
brc= 59-68 : -
brc= 33-228 : -
brc= 0-146 : -
brc= 0-64 : -
brc= 2-106 : +
brc= 125-224 : -
brc= 132-230 : +
brc= 189-226 : +
brc= 40-146 : +
it= 4   ncol= 1524  ncstr= 646  mt= 0.4   spt= 0.0   lpval= 94005.6   ub= 94043.0  
-----------------------------------------------------------------------------------------
elapsed time= 121.49 s.
-----------------------------------------------------------------------------------------
columns pending deletion= 20153 remain= 165520 col ratio= 0.878244 row ratio= 0.845201
 ****** Separate RCCs ****** 
 ****** Separate Rank1Cuts ****** 
it= 3   ncol= 1520  ncstr= 675  mt= 0.0   spt= 0.0   lpval= 94006.8   ub= 94043.0  
-----------------------------------------------------------------------------------------
elapsed time= 122.12 s.
-----------------------------------------------------------------------------------------
columns pending deletion= 33749 remain= 165520 col ratio= 0.796103 row ratio= 0.837037
[1;36m[REMIND] 2: gap improved= 1.166160 ratio= 0.032185 threshold= 0.040000 in function increaseCondition2 at /blue/yu.yang1/you.z/route_opt/packages/application/X-n313-k71/src/main/src/call_cutting.cpp:74[0m
 ****** Separate RCCs ****** 
 ****** Separate Rank1Cuts ****** 
it= 2   ncol= 1511  ncstr= 720  mt= 0.0   spt= 0.0   lpval= 94006.9   ub= 94043.0  
-----------------------------------------------------------------------------------------
elapsed time= 122.75 s.
-----------------------------------------------------------------------------------------
columns pending deletion= 41932 remain= 165520 col ratio= 0.746665 row ratio= 0.809722
[1;36m[REMIND] 2: gap improved= 0.131692 ratio= 0.003648 threshold= 0.040000 in function increaseCondition2 at /blue/yu.yang1/you.z/route_opt/packages/application/X-n313-k71/src/main/src/call_cutting.cpp:74[0m
 ****** Separate RCCs ****** 
 ****** Separate Rank1Cuts ****** 
it= 3   ncol= 1522  ncstr= 753  mt= 0.0   spt= 0.0   lpval= 94007.0   ub= 94043.0  
-----------------------------------------------------------------------------------------
elapsed time= 123.27 s.
-----------------------------------------------------------------------------------------
delete columns= 47944 remain= 117576
current_r_best= 1.80711
pseudo= 50 frac= 50
#candidates in phase1= 37
testing lp time= 13.45 s.
-----------------------------------------------------------------------------------------
217-265 ,  94.88| 217-257 ,  94.88|  59-62  ,  76.29|   0-62  ,  75.36|   0-50  ,  66.12| 
 12-76  ,  62.88| 162-208 ,  40.42|  29-204 ,  27.13| 201-278 ,  22.86|  95-279 ,  22.46| 
 22-266 ,  15.65| 184-303 ,  14.08| 204-302 ,  13.94| 270-279 ,  11.69|  87-139 ,  11.50| 
  0-139 ,  11.50|  56-164 ,  11.37| 264-290 ,   9.69|   0-30  ,   9.07| 236-311 ,   8.68| 
 62-68  ,   6.75| 215-239 ,   6.50| 221-270 ,   6.40|  54-290 ,   5.49|   7-281 ,   3.98| 
  7-295 ,   3.98| 228-281 ,   1.90| 173-238 ,   1.64| 196-238 ,   1.64|  20-195 ,   1.46| 
  5-21  ,   0.68|  66-300 ,   0.64| 149-195 ,   0.37|   0-165 ,   0.00| 112-257 ,   0.00| 
  0-112 ,   0.00|  59-76  ,   0.00| 
-----------------------------------------------------------------------------------------
edge= 59 62 lp= 1.73285 pre= 2 lp2= 44.0272 pre2= 2 score= 76.2927
-----------------------------------------------------------------------------------------
edge= 217 257 lp= 1.97378 pre= 2 lp2= 48.069 pre2= 2 score= 94.8773
-----------------------------------------------------------------------------------------
edge= 217 265 lp= 1.97378 pre= 2 lp2= 48.069 pre2= 2 score= 94.8773
-----------------------------------------------------------------------------------------
candidate= 217-257 : -
-----------------------------------------------------------------------------------------
it= 3   ncol= 1538  ncstr= 587  mt= 0.3   spt= 0.0   lpval= 94009.0   ub= 94043.0  
-----------------------------------------------------------------------------------------
elapsed time= 137.64 s.
-----------------------------------------------------------------------------------------
candidate= 217-265 : -
-----------------------------------------------------------------------------------------
it= 3   ncol= 1538  ncstr= 587  mt= 0.3   spt= 0.0   lpval= 94009.0   ub= 94043.0  
-----------------------------------------------------------------------------------------
elapsed time= 137.93 s.
-----------------------------------------------------------------------------------------
candidate= 217-257 : +
-----------------------------------------------------------------------------------------
it= 5   ncol= 1634  ncstr= 587  mt= 0.5   spt= 0.0   lpval= 94027.0   ub= 94043.0  
-----------------------------------------------------------------------------------------
elapsed time= 138.48 s.
-----------------------------------------------------------------------------------------
candidate= 217-265 : +
-----------------------------------------------------------------------------------------
it= 5   ncol= 1641  ncstr= 587  mt= 0.5   spt= 0.0   lpval= 94027.0   ub= 94043.0  
-----------------------------------------------------------------------------------------
elapsed time= 139.02 s.
-----------------------------------------------------------------------------------------
candidate= 59-62 : -
-----------------------------------------------------------------------------------------
it= 3   ncol= 1537  ncstr= 587  mt= 0.3   spt= 0.0   lpval= 94008.7   ub= 94043.0  
-----------------------------------------------------------------------------------------
elapsed time= 139.37 s.
-----------------------------------------------------------------------------------------
candidate= 59-62 : +
-----------------------------------------------------------------------------------------
it= 3   ncol= 1588  ncstr= 587  mt= 0.3   spt= 0.0   lpval= 94049.9   ub= 94043.0  
-----------------------------------------------------------------------------------------
elapsed time= 139.69 s.
-----------------------------------------------------------------------------------------
brc= 59-62
t= 0.197951 c= 38.2098 n= 1 if_b4= 0
t= 0.467263 c= 50.8764 n= 1 if_b4= 0
#########################################################################################
tree size= 2 lb= 94004.5 ub= 94043
#########################################################################################
idx= 2 value= 94004.5 enu= 1
brc= 50-103 : -
brc= 76-103 : -
brc= 49-105 : -
brc= 70-133 : -
brc= 74-217 : -
brc= 233-246 : -
brc= 164-175 : +
brc= 167-232 : +
brc= 223-246 : +
brc= 13-104 : -
brc= 3-269 : -
brc= 250-278 : -
brc= 141-164 : -
brc= 220-305 : -
brc= 12-134 : -
brc= 74-260 : -
brc= 86-243 : -
brc= 3-128 : +
brc= 59-68 : -
brc= 33-228 : -
brc= 0-146 : -
brc= 0-64 : -
brc= 2-106 : +
brc= 125-224 : -
brc= 132-230 : +
brc= 189-226 : +
brc= 40-146 : -
it= 8   ncol= 1628  ncstr= 646  mt= 0.3   spt= 0.1   lpval= 94043.2   ub= 94043.0  
-----------------------------------------------------------------------------------------
elapsed time= 141.33 s.
-----------------------------------------------------------------------------------------
#########################################################################################
tree size= 1 lb= 94007 ub= 94043
#########################################################################################
idx= 3 value= 94007 enu= 1
brc= 50-103 : -
brc= 76-103 : -
brc= 49-105 : -
brc= 70-133 : -
brc= 74-217 : -
brc= 233-246 : -
brc= 164-175 : +
brc= 167-232 : +
brc= 223-246 : +
brc= 13-104 : -
brc= 3-269 : -
brc= 250-278 : -
brc= 141-164 : -
brc= 220-305 : -
brc= 12-134 : -
brc= 74-260 : -
brc= 86-243 : -
brc= 3-128 : +
brc= 59-68 : -
brc= 33-228 : -
brc= 0-146 : -
brc= 0-64 : -
brc= 2-106 : +
brc= 125-224 : -
brc= 132-230 : +
brc= 189-226 : +
brc= 40-146 : +
brc= 59-62 : +
it= 4   ncol= 1576  ncstr= 586  mt= 0.3   spt= 0.0   lpval= 94049.9   ub= 94043.0  
-----------------------------------------------------------------------------------------
elapsed time= 141.68 s.
-----------------------------------------------------------------------------------------
#########################################################################################
tree size= 0 lb= 94007 ub= 94043
#########################################################################################
idx= 4 value= 94007 enu= 1
brc= 50-103 : -
brc= 76-103 : -
brc= 49-105 : -
brc= 70-133 : -
brc= 74-217 : -
brc= 233-246 : -
brc= 164-175 : +
brc= 167-232 : +
brc= 223-246 : +
brc= 13-104 : -
brc= 3-269 : -
brc= 250-278 : -
brc= 141-164 : -
brc= 220-305 : -
brc= 12-134 : -
brc= 74-260 : -
brc= 86-243 : -
brc= 3-128 : +
brc= 59-68 : -
brc= 33-228 : -
brc= 0-146 : -
brc= 0-64 : -
brc= 2-106 : +
brc= 125-224 : -
brc= 132-230 : +
brc= 189-226 : +
brc= 40-146 : +
brc= 59-62 : -
it= 3   ncol= 1531  ncstr= 586  mt= 0.0   spt= 0.0   lpval= 94008.7   ub= 94043.0  
-----------------------------------------------------------------------------------------
elapsed time= 141.76 s.
-----------------------------------------------------------------------------------------
columns pending deletion= 19378 remain= 117574 col ratio= 0.835185 row ratio= 0.948805
 ****** Separate RCCs ****** 
 ****** Separate Rank1Cuts ****** 
it= 3   ncol= 1519  ncstr= 626  mt= 0.0   spt= 0.0   lpval= 94009.0   ub= 94043.0  
-----------------------------------------------------------------------------------------
elapsed time= 142.22 s.
-----------------------------------------------------------------------------------------
columns pending deletion= 25505 remain= 117574 col ratio= 0.783073 row ratio= 0.913738
[1;36m[REMIND] 2: gap improved= 0.236544 ratio= 0.006949 threshold= 0.040000 in function increaseCondition2 at /blue/yu.yang1/you.z/route_opt/packages/application/X-n313-k71/src/main/src/call_cutting.cpp:74[0m
 ****** Separate Rank1Cuts ****** 
it= 2   ncol= 1520  ncstr= 707  mt= 0.0   spt= 0.0   lpval= 94009.0   ub= 94043.0  
-----------------------------------------------------------------------------------------
elapsed time= 142.85 s.
-----------------------------------------------------------------------------------------
columns pending deletion= 27800 remain= 117574 col ratio= 0.763553 row ratio= 0.831683
current_r_best= 1.47091
pseudo= 50 frac= 50
#candidates in phase1= 37
testing lp time= 19.31 s.
-----------------------------------------------------------------------------------------
 23-59  , 198.49| 100-240 , 123.17|   0-275 , 114.49| 217-265 , 112.37| 217-257 , 112.37| 
100-157 , 111.10|  27-59  , 103.20| 138-203 ,  88.60| 157-305 ,  87.47|   0-68  ,  68.88| 
 12-68  ,  68.88|  62-296 ,  68.88|  96-225 ,  61.66| 162-208 ,  41.02|  83-91  ,  38.81| 
 27-138 ,  36.41|  59-286 ,  30.57|  59-292 ,  28.72|  74-95  ,  26.48|  95-279 ,  26.48| 
 49-85  ,  25.95|  13-85  ,  23.16| 104-105 ,  21.47|  87-139 ,  20.23|   0-139 ,  20.22| 
225-304 ,  16.88| 184-303 ,  16.49| 270-279 ,  13.31|  91-136 ,  12.91|   0-246 ,  11.98| 
223-233 ,  11.98| 236-311 ,  10.52| 113-242 ,   6.84|  42-291 ,   2.37| 198-284 ,   1.76| 
 21-180 ,   1.71|  59-76  ,   0.00| 
-----------------------------------------------------------------------------------------
edge= 0 275 lp= 0.612588 pre= 2 lp2= 186.894 pre2= 2 score= 114.489
-----------------------------------------------------------------------------------------
edge= 100 240 lp= 0.659021 pre= 2 lp2= 186.894 pre2= 2 score= 123.167
-----------------------------------------------------------------------------------------
edge= 23 59 lp= 1.06205 pre= 2 lp2= 186.894 pre2= 2 score= 198.491
-----------------------------------------------------------------------------------------
candidate= 23-59 : -
-----------------------------------------------------------------------------------------
it= 3   ncol= 1547  ncstr= 708  mt= 0.4   spt= 0.0   lpval= 94010.0   ub= 94043.0  
-----------------------------------------------------------------------------------------
elapsed time= 162.56 s.
-----------------------------------------------------------------------------------------
candidate= 23-59 : +
-----------------------------------------------------------------------------------------
it= 5   ncol= 1641  ncstr= 708  mt= 0.6   spt= 0.0   lpval= 94082.8   ub= 94043.0  
-----------------------------------------------------------------------------------------
elapsed time= 163.20 s.
-----------------------------------------------------------------------------------------
candidate= 100-240 : -
-----------------------------------------------------------------------------------------
it= 3   ncol= 1533  ncstr= 708  mt= 0.4   spt= 0.0   lpval= 94009.5   ub= 94043.0  
-----------------------------------------------------------------------------------------
elapsed time= 163.68 s.
-----------------------------------------------------------------------------------------
candidate= 0-275 : -
-----------------------------------------------------------------------------------------
it= 3   ncol= 1541  ncstr= 708  mt= 0.4   spt= 0.0   lpval= 94009.5   ub= 94043.0  
-----------------------------------------------------------------------------------------
elapsed time= 164.16 s.
-----------------------------------------------------------------------------------------
candidate= 0-275 : +
-----------------------------------------------------------------------------------------
it= 6   ncol= 1625  ncstr= 708  mt= 0.7   spt= 0.1   lpval= 94018.1   ub= 94043.0  
-----------------------------------------------------------------------------------------
elapsed time= 164.91 s.
-----------------------------------------------------------------------------------------
candidate= 100-240 : +
-----------------------------------------------------------------------------------------
it= 5   ncol= 1643  ncstr= 708  mt= 0.7   spt= 0.0   lpval= 94024.4   ub= 94043.0  
-----------------------------------------------------------------------------------------
elapsed time= 165.63 s.
-----------------------------------------------------------------------------------------
brc= 23-59
t= 0.21897 c= 26.44 n= 2 if_b4= 0
t= 0.504029 c= 37.5259 n= 2 if_b4= 0
#########################################################################################
tree size= 1 lb= 94009 ub= 94043
#########################################################################################
idx= 5 value= 94009 enu= 1
brc= 50-103 : -
brc= 76-103 : -
brc= 49-105 : -
brc= 70-133 : -
brc= 74-217 : -
brc= 233-246 : -
brc= 164-175 : +
brc= 167-232 : +
brc= 223-246 : +
brc= 13-104 : -
brc= 3-269 : -
brc= 250-278 : -
brc= 141-164 : -
brc= 220-305 : -
brc= 12-134 : -
brc= 74-260 : -
brc= 86-243 : -
brc= 3-128 : +
brc= 59-68 : -
brc= 33-228 : -
brc= 0-146 : -
brc= 0-64 : -
brc= 2-106 : +
brc= 125-224 : -
brc= 132-230 : +
brc= 189-226 : +
brc= 40-146 : +
brc= 59-62 : -
brc= 23-59 : +
it= 7   ncol= 1669  ncstr= 707  mt= 0.6   spt= 0.0   lpval= 94082.8   ub= 94043.0  
-----------------------------------------------------------------------------------------
elapsed time= 167.75 s.
-----------------------------------------------------------------------------------------
#########################################################################################
tree size= 0 lb= 94009 ub= 94043
#########################################################################################
idx= 6 value= 94009 enu= 1
brc= 50-103 : -
brc= 76-103 : -
brc= 49-105 : -
brc= 70-133 : -
brc= 74-217 : -
brc= 233-246 : -
brc= 164-175 : +
brc= 167-232 : +
brc= 223-246 : +
brc= 13-104 : -
brc= 3-269 : -
brc= 250-278 : -
brc= 141-164 : -
brc= 220-305 : -
brc= 12-134 : -
brc= 74-260 : -
brc= 86-243 : -
brc= 3-128 : +
brc= 59-68 : -
brc= 33-228 : -
brc= 0-146 : -
brc= 0-64 : -
brc= 2-106 : +
brc= 125-224 : -
brc= 132-230 : +
brc= 189-226 : +
brc= 40-146 : +
brc= 59-62 : -
brc= 23-59 : -
it= 3   ncol= 1538  ncstr= 707  mt= 0.0   spt= 0.0   lpval= 94010.0   ub= 94043.0  
-----------------------------------------------------------------------------------------
elapsed time= 167.85 s.
-----------------------------------------------------------------------------------------
columns pending deletion= 9268 remain= 89772 col ratio= 0.896761 row ratio= 0.809052
 ****** Separate RCCs ****** 
 ****** Separate Rank1Cuts ****** 
it= 3   ncol= 1540  ncstr= 742  mt= 0.0   spt= 0.0   lpval= 94010.8   ub= 94043.0  
-----------------------------------------------------------------------------------------
elapsed time= 168.38 s.
-----------------------------------------------------------------------------------------
columns pending deletion= 16686 remain= 89772 col ratio= 0.814129 row ratio= 0.768194
[1;36m[REMIND] 2: gap improved= 0.746843 ratio= 0.023184 threshold= 0.040000 in function increaseCondition2 at /blue/yu.yang1/you.z/route_opt/packages/application/X-n313-k71/src/main/src/call_cutting.cpp:74[0m
 ****** Separate RCCs ****** 
 ****** Separate Rank1Cuts ****** 
it= 3   ncol= 1545  ncstr= 797  mt= 0.0   spt= 0.0   lpval= 94011.0   ub= 94043.0  
-----------------------------------------------------------------------------------------
elapsed time= 168.96 s.
-----------------------------------------------------------------------------------------
delete columns= 22096 remain= 67676
[1;36m[REMIND] 2: gap improved= 0.207568 ratio= 0.006485 threshold= 0.040000 in function increaseCondition2 at /blue/yu.yang1/you.z/route_opt/packages/application/X-n313-k71/src/main/src/call_cutting.cpp:74[0m
 ****** Separate Rank1Cuts ****** 
it= 2   ncol= 1548  ncstr= 600  mt= 0.0   spt= 0.0   lpval= 94011.0   ub= 94043.0  
-----------------------------------------------------------------------------------------
elapsed time= 169.48 s.
-----------------------------------------------------------------------------------------
columns pending deletion= 1689 remain= 67676 col ratio= 0.975043 row ratio= 0.975
current_r_best= 1.45269
pseudo= 50 frac= 50
#candidates in phase1= 37
testing lp time= 14.18 s.
-----------------------------------------------------------------------------------------
217-265 , 344.17| 217-257 , 344.17| 225-304 ,  70.23|  96-225 ,  70.23| 157-305 ,  51.96| 
162-208 ,  41.95| 100-157 ,  38.06|  83-91  ,  35.01|  71-109 ,  31.66|  95-279 ,  27.09| 
  0-49  ,  24.08|   1-109 ,  22.47|  92-197 ,  21.04|  59-296 ,  20.39|  87-139 ,  18.43| 
  0-139 ,  18.43|  22-266 ,  16.05|   0-204 ,  14.06|   0-306 ,  13.14|  71-306 ,  13.14| 
270-279 ,  13.03| 184-303 ,  11.60| 246-263 ,   9.93| 184-243 ,   9.82|  18-267 ,   9.59| 
  0-43  ,   9.57| 236-311 ,   7.37|  89-221 ,   6.87|  49-103 ,   5.45| 118-301 ,   4.15| 
149-191 ,   2.13| 243-267 ,   1.78|  67-297 ,   1.06|  98-300 ,   0.88| 108-127 ,   0.60| 
 61-145 ,   0.45| 192-212 ,   0.34| 
-----------------------------------------------------------------------------------------
edge= 225 304 lp= 109.151 pre= 2 lp2= 0.643379 pre2= 2 score= 70.2256
-----------------------------------------------------------------------------------------
edge= 217 257 lp= 2.85028 pre= 0 lp2= 120.748 pre2= 2 score= 344.166
-----------------------------------------------------------------------------------------
edge= 217 265 lp= 2.85028 pre= 0 lp2= 120.748 pre2= 2 score= 344.166
-----------------------------------------------------------------------------------------
candidate= 217-257 : +
-----------------------------------------------------------------------------------------
it= 4   ncol= 1630  ncstr= 601  mt= 0.5   spt= 0.0   lpval= 94030.4   ub= 94043.0  
-----------------------------------------------------------------------------------------
elapsed time= 184.20 s.
-----------------------------------------------------------------------------------------
candidate= 217-265 : +
-----------------------------------------------------------------------------------------
it= 4   ncol= 1629  ncstr= 601  mt= 0.6   spt= 0.0   lpval= 94030.4   ub= 94043.0  
-----------------------------------------------------------------------------------------
elapsed time= 184.78 s.
-----------------------------------------------------------------------------------------
candidate= 225-304 : -
-----------------------------------------------------------------------------------------
it= 5   ncol= 1635  ncstr= 601  mt= 0.5   spt= 0.0   lpval= 94030.1   ub= 94043.0  
-----------------------------------------------------------------------------------------
elapsed time= 185.27 s.
-----------------------------------------------------------------------------------------
brc= 217-265
t= 0.212121 c= 20.4643 n= 3 if_b4= 0
t= 0.512041 c= 30.3498 n= 3 if_b4= 0
#########################################################################################
tree size= 1 lb= 94011 ub= 94043
#########################################################################################
idx= 7 value= 94011 enu= 1
brc= 50-103 : -
brc= 76-103 : -
brc= 49-105 : -
brc= 70-133 : -
brc= 74-217 : -
brc= 233-246 : -
brc= 164-175 : +
brc= 167-232 : +
brc= 223-246 : +
brc= 13-104 : -
brc= 3-269 : -
brc= 250-278 : -
brc= 141-164 : -
brc= 220-305 : -
brc= 12-134 : -
brc= 74-260 : -
brc= 86-243 : -
brc= 3-128 : +
brc= 59-68 : -
brc= 33-228 : -
brc= 0-146 : -
brc= 0-64 : -
brc= 2-106 : +
brc= 125-224 : -
brc= 132-230 : +
brc= 189-226 : +
brc= 40-146 : +
brc= 59-62 : -
brc= 23-59 : -
brc= 217-265 : +
it= 5   ncol= 1607  ncstr= 600  mt= 0.6   spt= 0.0   lpval= 94030.4   ub= 94043.0  
-----------------------------------------------------------------------------------------
elapsed time= 187.03 s.
-----------------------------------------------------------------------------------------
delete columns= 62054 remain= 3828
 ****** Separate RCCs ****** 
 ****** Separate Rank1Cuts ****** 
it= 4   ncol= 1418  ncstr= 608  mt= 0.1   spt= 0.0   lpval= 94037.5   ub= 94043.0  
-----------------------------------------------------------------------------------------
elapsed time= 188.13 s.
-----------------------------------------------------------------------------------------
delete columns= 2749 remain= 1079
mip: row= 547 col= 2168 density= 3.47374%
mip time= 0.19 s.
mip status= 3
update f from 0 to 5.4604
#########################################################################################
tree size= 0 lb= 94011 ub= 94043
#########################################################################################
idx= 8 value= 94011 enu= 1
brc= 50-103 : -
brc= 76-103 : -
brc= 49-105 : -
brc= 70-133 : -
brc= 74-217 : -
brc= 233-246 : -
brc= 164-175 : +
brc= 167-232 : +
brc= 223-246 : +
brc= 13-104 : -
brc= 3-269 : -
brc= 250-278 : -
brc= 141-164 : -
brc= 220-305 : -
brc= 12-134 : -
brc= 74-260 : -
brc= 86-243 : -
brc= 3-128 : +
brc= 59-68 : -
brc= 33-228 : -
brc= 0-146 : -
brc= 0-64 : -
brc= 2-106 : +
brc= 125-224 : -
brc= 132-230 : +
brc= 189-226 : +
brc= 40-146 : +
brc= 59-62 : -
brc= 23-59 : -
brc= 217-265 : -
it= 2   ncol= 1551  ncstr= 600  mt= 0.0   spt= 0.0   lpval= 94013.9   ub= 94043.0  
-----------------------------------------------------------------------------------------
elapsed time= 188.38 s.
-----------------------------------------------------------------------------------------
columns pending deletion= 17687 remain= 65985 col ratio= 0.731954 row ratio= 0.926667
 ****** Separate RCCs ****** 
 ****** Separate Rank1Cuts ****** 
it= 3   ncol= 1553  ncstr= 668  mt= 0.0   spt= 0.0   lpval= 94015.4   ub= 94043.0  
-----------------------------------------------------------------------------------------
elapsed time= 189.21 s.
-----------------------------------------------------------------------------------------
delete columns= 27341 remain= 38644
 ****** Separate RCCs ****** 
 ****** Separate Rank1Cuts ****** 
it= 3   ncol= 1554  ncstr= 604  mt= 0.0   spt= 0.0   lpval= 94015.9   ub= 94043.0  
-----------------------------------------------------------------------------------------
elapsed time= 189.83 s.
-----------------------------------------------------------------------------------------
columns pending deletion= 5441 remain= 38644 col ratio= 0.859202 row ratio= 0.951987
[1;36m[REMIND] 2: gap improved= 0.553896 ratio= 0.020474 threshold= 0.040000 in function increaseCondition2 at /blue/yu.yang1/you.z/route_opt/packages/application/X-n313-k71/src/main/src/call_cutting.cpp:74[0m
 ****** Separate RCCs ****** 
 ****** Separate Rank1Cuts ****** 
it= 3   ncol= 1561  ncstr= 639  mt= 0.0   spt= 0.0   lpval= 94016.1   ub= 94043.0  
-----------------------------------------------------------------------------------------
elapsed time= 190.32 s.
-----------------------------------------------------------------------------------------
columns pending deletion= 8055 remain= 38644 col ratio= 0.791559 row ratio= 0.915493
[1;36m[REMIND] 2: gap improved= 0.155307 ratio= 0.005774 threshold= 0.040000 in function increaseCondition2 at /blue/yu.yang1/you.z/route_opt/packages/application/X-n313-k71/src/main/src/call_cutting.cpp:74[0m
 ****** Separate RCCs ****** 
 ****** Separate Rank1Cuts ****** 
it= 2   ncol= 1562  ncstr= 659  mt= 0.0   spt= 0.0   lpval= 94016.2   ub= 94043.0  
-----------------------------------------------------------------------------------------
elapsed time= 190.84 s.
-----------------------------------------------------------------------------------------
columns pending deletion= 9100 remain= 38644 col ratio= 0.764517 row ratio= 0.895296
[1;36m[REMIND] 1: gap improved= 0.095419 threshold= 0.100000 in function increaseCondition1 at /blue/yu.yang1/you.z/route_opt/packages/application/X-n313-k71/src/main/src/call_cutting.cpp:58[0m
[1;36m[REMIND] tail off counter= 3 threshold= 3 in function setIfTailOff at /blue/yu.yang1/you.z/route_opt/packages/application/X-n313-k71/src/main/src/call_cutting.cpp:150[0m
current_r_best= 3.76981
alpha= 0.37 beta= 5.66136 omega= 96.4744 k1= 12
lb_k= 1 ub_k= 37
revise: lb_k= 9 ub_k= 16
opt_k= 13
alpha= 0.75 beta= 5.66136 omega= 59.2722 k1= 3
lb_k= 1 ub_k= 3
revise: lb_k= 1 ub_k= 3
opt_k= 3
pseudo= 50 frac= 50
#candidates in phase1= 13
testing lp time= 5.81 s.
-----------------------------------------------------------------------------------------
217-289 ,  82.97|  96-225 ,  67.15| 225-304 ,  67.15| 258-311 ,  46.96| 217-280 ,  39.47| 
 83-91  ,  38.79|  71-109 ,  34.35| 125-265 ,  25.44|   0-280 ,  20.48| 184-303 ,  11.24| 
 90-189 ,   6.67| 226-278 ,   6.56|  66-136 ,   0.45| 
-----------------------------------------------------------------------------------------
edge= 225 304 lp= 109.43 pre= 2 lp2= 0.613635 pre2= 2 score= 67.1499
-----------------------------------------------------------------------------------------
edge= 96 225 lp= 109.43 pre= 2 lp2= 0.613642 pre2= 2 score= 67.1507
-----------------------------------------------------------------------------------------
edge= 217 289 lp= 0.758214 pre= 2 lp2= 109.43 pre2= 2 score= 82.9712
-----------------------------------------------------------------------------------------
candidate= 217-289 : -
-----------------------------------------------------------------------------------------
it= 3   ncol= 1574  ncstr= 660  mt= 0.5   spt= 0.0   lpval= 94016.8   ub= 94043.0  
-----------------------------------------------------------------------------------------
elapsed time= 197.13 s.
-----------------------------------------------------------------------------------------
candidate= 217-289 : +
-----------------------------------------------------------------------------------------
it= 4   ncol= 1632  ncstr= 660  mt= 0.6   spt= 0.0   lpval= 94051.6   ub= 94043.0  
-----------------------------------------------------------------------------------------
elapsed time= 197.73 s.
-----------------------------------------------------------------------------------------
candidate= 96-225 : -
-----------------------------------------------------------------------------------------
it= 5   ncol= 1665  ncstr= 660  mt= 0.6   spt= 0.0   lpval= 94041.9   ub= 94043.0  
-----------------------------------------------------------------------------------------
elapsed time= 198.36 s.
-----------------------------------------------------------------------------------------
candidate= 225-304 : -
-----------------------------------------------------------------------------------------
it= 4   ncol= 1657  ncstr= 660  mt= 0.6   spt= 0.0   lpval= 94035.5   ub= 94043.0  
-----------------------------------------------------------------------------------------
elapsed time= 198.99 s.
-----------------------------------------------------------------------------------------
brc= 217-289
t= 0.214387 c= 17.1065 n= 4 if_b4= 0
t= 0.526792 c= 25.3615 n= 4 if_b4= 0
#########################################################################################
tree size= 1 lb= 94016.2 ub= 94043
#########################################################################################
idx= 9 value= 94016.2 enu= 1
brc= 50-103 : -
brc= 76-103 : -
brc= 49-105 : -
brc= 70-133 : -
brc= 74-217 : -
brc= 233-246 : -
brc= 164-175 : +
brc= 167-232 : +
brc= 223-246 : +
brc= 13-104 : -
brc= 3-269 : -
brc= 250-278 : -
brc= 141-164 : -
brc= 220-305 : -
brc= 12-134 : -
brc= 74-260 : -
brc= 86-243 : -
brc= 3-128 : +
brc= 59-68 : -
brc= 33-228 : -
brc= 0-146 : -
brc= 0-64 : -
brc= 2-106 : +
brc= 125-224 : -
brc= 132-230 : +
brc= 189-226 : +
brc= 40-146 : +
brc= 59-62 : -
brc= 23-59 : -
brc= 217-265 : -
brc= 217-289 : +
it= 5   ncol= 1604  ncstr= 659  mt= 0.6   spt= 0.0   lpval= 94051.6   ub= 94043.0  
-----------------------------------------------------------------------------------------
elapsed time= 200.87 s.
-----------------------------------------------------------------------------------------
#########################################################################################
tree size= 0 lb= 94016.2 ub= 94043
#########################################################################################
idx= 10 value= 94016.2 enu= 1
brc= 50-103 : -
brc= 76-103 : -
brc= 49-105 : -
brc= 70-133 : -
brc= 74-217 : -
brc= 233-246 : -
brc= 164-175 : +
brc= 167-232 : +
brc= 223-246 : +
brc= 13-104 : -
brc= 3-269 : -
brc= 250-278 : -
brc= 141-164 : -
brc= 220-305 : -
brc= 12-134 : -
brc= 74-260 : -
brc= 86-243 : -
brc= 3-128 : +
brc= 59-68 : -
brc= 33-228 : -
brc= 0-146 : -
brc= 0-64 : -
brc= 2-106 : +
brc= 125-224 : -
brc= 132-230 : +
brc= 189-226 : +
brc= 40-146 : +
brc= 59-62 : -
brc= 23-59 : -
brc= 217-265 : -
brc= 217-289 : -
it= 3   ncol= 1572  ncstr= 659  mt= 0.1   spt= 0.0   lpval= 94016.8   ub= 94043.0  
-----------------------------------------------------------------------------------------
elapsed time= 200.96 s.
-----------------------------------------------------------------------------------------
columns pending deletion= 1957 remain= 29542 col ratio= 0.933755 row ratio= 0.881639
 ****** Separate RCCs ****** 
 ****** Separate Rank1Cuts ****** 
it= 2   ncol= 1563  ncstr= 682  mt= 0.0   spt= 0.0   lpval= 94016.9   ub= 94043.0  
-----------------------------------------------------------------------------------------
elapsed time= 201.40 s.
-----------------------------------------------------------------------------------------
columns pending deletion= 2644 remain= 29542 col ratio= 0.9105 row ratio= 0.882698
current_r_best= 0.51625
pseudo= 50 frac= 50
#candidates in phase1= 37
testing lp time= 18.12 s.
-----------------------------------------------------------------------------------------
 96-304 ,  77.41| 225-304 ,  77.40|  96-225 ,  77.39| 157-305 ,  49.51|  71-109 ,  37.11| 
100-157 ,  36.72|  43-295 ,  27.19|  43-290 ,  27.19|  92-197 ,  19.53| 258-311 ,  16.55| 
 56-164 ,  16.25|  56-228 ,  16.25|  95-279 ,  16.07| 270-279 ,  14.42| 221-228 ,  13.74| 
221-270 ,  13.70| 190-280 ,  12.11|  72-285 ,  11.00|  54-72  ,  11.00| 236-311 ,   8.68| 
184-303 ,   8.68| 228-270 ,   8.67|  10-54  ,   8.07|  21-173 ,   7.34| 175-280 ,   5.52| 
214-217 ,   3.93|  98-123 ,   2.59|   0-205 ,   1.50|   0-189 ,   1.48|  11-293 ,   1.25| 
  0-297 ,   1.12|   0-222 ,   0.77|   1-134 ,   0.52| 185-219 ,   0.50|  22-86  ,   0.00| 
 54-239 ,   0.00| 171-280 ,   0.00| 
-----------------------------------------------------------------------------------------
edge= 96 225 lp= 109.463 pre= 2 lp2= 0.706999 pre2= 2 score= 77.3902
-----------------------------------------------------------------------------------------
edge= 225 304 lp= 109.463 pre= 2 lp2= 0.707053 pre2= 2 score= 77.3962
-----------------------------------------------------------------------------------------
edge= 96 304 lp= 0.707194 pre= 2 lp2= 109.463 pre2= 2 score= 77.4116
-----------------------------------------------------------------------------------------
candidate= 96-304 : -
-----------------------------------------------------------------------------------------
it= 2   ncol= 1571  ncstr= 683  mt= 0.5   spt= 0.0   lpval= 94017.6   ub= 94043.0  
-----------------------------------------------------------------------------------------
elapsed time= 220.03 s.
-----------------------------------------------------------------------------------------
candidate= 225-304 : -
-----------------------------------------------------------------------------------------
it= 5   ncol= 1650  ncstr= 683  mt= 0.7   spt= 0.0   lpval= 94035.9   ub= 94043.0  
-----------------------------------------------------------------------------------------
elapsed time= 220.75 s.
-----------------------------------------------------------------------------------------
candidate= 96-225 : -
-----------------------------------------------------------------------------------------
it= 4   ncol= 1664  ncstr= 683  mt= 0.9   spt= 0.0   lpval= 94042.5   ub= 94043.0  
-----------------------------------------------------------------------------------------
elapsed time= 221.63 s.
-----------------------------------------------------------------------------------------
candidate= 96-304 : +
-----------------------------------------------------------------------------------------
it= 5   ncol= 1642  ncstr= 683  mt= 0.8   spt= 0.0   lpval= 94042.5   ub= 94043.0  
-----------------------------------------------------------------------------------------
elapsed time= 222.46 s.
-----------------------------------------------------------------------------------------
candidate= 96-225 : +
-----------------------------------------------------------------------------------------
it= 2   ncol= 1567  ncstr= 683  mt= 0.5   spt= 0.0   lpval= 94017.6   ub= 94043.0  
-----------------------------------------------------------------------------------------
elapsed time= 222.93 s.
-----------------------------------------------------------------------------------------
brc= 96-304
t= 0.219472 c= 14.6281 n= 5 if_b4= 0
t= 0.552369 c= 22.734 n= 5 if_b4= 0
#########################################################################################
tree size= 1 lb= 94016.9 ub= 94043
#########################################################################################
idx= 11 value= 94016.9 enu= 1
brc= 50-103 : -
brc= 76-103 : -
brc= 49-105 : -
brc= 70-133 : -
brc= 74-217 : -
brc= 233-246 : -
brc= 164-175 : +
brc= 167-232 : +
brc= 223-246 : +
brc= 13-104 : -
brc= 3-269 : -
brc= 250-278 : -
brc= 141-164 : -
brc= 220-305 : -
brc= 12-134 : -
brc= 74-260 : -
brc= 86-243 : -
brc= 3-128 : +
brc= 59-68 : -
brc= 33-228 : -
brc= 0-146 : -
brc= 0-64 : -
brc= 2-106 : +
brc= 125-224 : -
brc= 132-230 : +
brc= 189-226 : +
brc= 40-146 : +
brc= 59-62 : -
brc= 23-59 : -
brc= 217-265 : -
brc= 217-289 : -
brc= 96-304 : +
it= 5   ncol= 1655  ncstr= 682  mt= 0.8   spt= 0.0   lpval= 94042.5   ub= 94043.0  
-----------------------------------------------------------------------------------------
elapsed time= 225.03 s.
-----------------------------------------------------------------------------------------
#########################################################################################
tree size= 0 lb= 94016.9 ub= 94043
#########################################################################################
idx= 12 value= 94016.9 enu= 1
brc= 50-103 : -
brc= 76-103 : -
brc= 49-105 : -
brc= 70-133 : -
brc= 74-217 : -
brc= 233-246 : -
brc= 164-175 : +
brc= 167-232 : +
brc= 223-246 : +
brc= 13-104 : -
brc= 3-269 : -
brc= 250-278 : -
brc= 141-164 : -
brc= 220-305 : -
brc= 12-134 : -
brc= 74-260 : -
brc= 86-243 : -
brc= 3-128 : +
brc= 59-68 : -
brc= 33-228 : -
brc= 0-146 : -
brc= 0-64 : -
brc= 2-106 : +
brc= 125-224 : -
brc= 132-230 : +
brc= 189-226 : +
brc= 40-146 : +
brc= 59-62 : -
brc= 23-59 : -
brc= 217-265 : -
brc= 217-289 : -
brc= 96-304 : -
it= 2   ncol= 1570  ncstr= 682  mt= 0.0   spt= 0.0   lpval= 94017.6   ub= 94043.0  
-----------------------------------------------------------------------------------------
elapsed time= 225.07 s.
-----------------------------------------------------------------------------------------
columns pending deletion= 1243 remain= 26896 col ratio= 0.953785 row ratio= 0.868035
 ****** Separate Rank1Cuts ****** 
it= 2   ncol= 1529  ncstr= 718  mt= 0.0   spt= 0.0   lpval= 94017.9   ub= 94043.0  
-----------------------------------------------------------------------------------------
elapsed time= 225.61 s.
-----------------------------------------------------------------------------------------
columns pending deletion= 2354 remain= 26896 col ratio= 0.912478 row ratio= 0.845404
[1;36m[REMIND] 2: gap improved= 0.254102 ratio= 0.010106 threshold= 0.040000 in function increaseCondition2 at /blue/yu.yang1/you.z/route_opt/packages/application/X-n313-k71/src/main/src/call_cutting.cpp:74[0m
 ****** Separate Rank1Cuts ****** 
it= 2   ncol= 1511  ncstr= 738  mt= 0.0   spt= 0.0   lpval= 94017.9   ub= 94043.0  
-----------------------------------------------------------------------------------------
elapsed time= 226.06 s.
-----------------------------------------------------------------------------------------
columns pending deletion= 2855 remain= 26896 col ratio= 0.89385 row ratio= 0.827913
current_r_best= 0.716757
pseudo= 50 frac= 50
#candidates in phase1= 37
testing lp time= 21.11 s.
-----------------------------------------------------------------------------------------
157-305 , 162.28| 138-213 ,  98.31| 261-283 ,  97.88|  27-283 ,  81.69| 138-203 ,  74.89| 
100-157 ,  66.56| 109-187 ,  28.54| 187-255 ,  28.54| 159-265 ,  26.00|  41-210 ,  25.04| 
181-305 ,  25.03| 270-279 ,  24.14|  95-279 ,  19.89|  74-95  ,  19.89|  56-228 ,  19.75| 
 56-164 ,  19.75| 228-270 ,  15.79| 221-270 ,  15.44| 221-228 ,  15.43|  33-281 ,  13.45| 
233-306 ,  10.55| 236-311 ,   8.22| 184-303 ,   8.22| 164-249 ,   7.83|  89-202 ,   5.41| 
  0-303 ,   5.08| 258-311 ,   5.08| 243-267 ,   3.14| 149-205 ,   1.52| 222-264 ,   1.25| 
222-282 ,   0.99| 217-299 ,   0.88|   0-213 ,   0.57|   5-10  ,   0.12| 157-181 ,   0.04| 
  0-10  ,   0.02| 111-229 ,   0.00| 
-----------------------------------------------------------------------------------------
edge= 261 283 lp= 0.424263 pre= 2 lp2= 230.7 pre2= 2 score= 97.8775
-----------------------------------------------------------------------------------------
edge= 138 213 lp= 0.426153 pre= 2 lp2= 230.7 pre2= 2 score= 98.3136
-----------------------------------------------------------------------------------------
edge= 157 305 lp= 0.703436 pre= 2 lp2= 230.7 pre2= 2 score= 162.283
-----------------------------------------------------------------------------------------
candidate= 157-305 : -
-----------------------------------------------------------------------------------------
it= 2   ncol= 1516  ncstr= 739  mt= 0.6   spt= 0.0   lpval= 94018.6   ub= 94043.0  
-----------------------------------------------------------------------------------------
elapsed time= 247.77 s.
-----------------------------------------------------------------------------------------
candidate= 157-305 : +
-----------------------------------------------------------------------------------------
it= 5   ncol= 1590  ncstr= 739  mt= 1.0   spt= 0.0   lpval= 94031.7   ub= 94043.0  
-----------------------------------------------------------------------------------------
elapsed time= 248.80 s.
-----------------------------------------------------------------------------------------
candidate= 138-213 : -
-----------------------------------------------------------------------------------------
it= 3   ncol= 1528  ncstr= 739  mt= 0.7   spt= 0.0   lpval= 94018.3   ub= 94043.0  
-----------------------------------------------------------------------------------------
elapsed time= 249.51 s.
-----------------------------------------------------------------------------------------
candidate= 261-283 : -
-----------------------------------------------------------------------------------------
it= 3   ncol= 1516  ncstr= 739  mt= 0.7   spt= 0.0   lpval= 94018.0   ub= 94043.0  
-----------------------------------------------------------------------------------------
elapsed time= 250.18 s.
-----------------------------------------------------------------------------------------
candidate= 138-213 : +
-----------------------------------------------------------------------------------------
it= 4   ncol= 1583  ncstr= 739  mt= 0.8   spt= 0.0   lpval= 94058.8   ub= 94043.0  
-----------------------------------------------------------------------------------------
elapsed time= 250.96 s.
-----------------------------------------------------------------------------------------
candidate= 261-283 : +
-----------------------------------------------------------------------------------------
it= 5   ncol= 1591  ncstr= 739  mt= 0.8   spt= 0.0   lpval= 94098.4   ub= 94043.0  
-----------------------------------------------------------------------------------------
elapsed time= 251.79 s.
-----------------------------------------------------------------------------------------
brc= 138-213
t= 0.228875 c= 13.0161 n= 6 if_b4= 0
t= 0.583241 c= 21.1427 n= 6 if_b4= 0
#########################################################################################
tree size= 1 lb= 94017.9 ub= 94043
#########################################################################################
idx= 13 value= 94017.9 enu= 1
brc= 50-103 : -
brc= 76-103 : -
brc= 49-105 : -
brc= 70-133 : -
brc= 74-217 : -
brc= 233-246 : -
brc= 164-175 : +
brc= 167-232 : +
brc= 223-246 : +
brc= 13-104 : -
brc= 3-269 : -
brc= 250-278 : -
brc= 141-164 : -
brc= 220-305 : -
brc= 12-134 : -
brc= 74-260 : -
brc= 86-243 : -
brc= 3-128 : +
brc= 59-68 : -
brc= 33-228 : -
brc= 0-146 : -
brc= 0-64 : -
brc= 2-106 : +
brc= 125-224 : -
brc= 132-230 : +
brc= 189-226 : +
brc= 40-146 : +
brc= 59-62 : -
brc= 23-59 : -
brc= 217-265 : -
brc= 217-289 : -
brc= 96-304 : -
brc= 138-213 : +
it= 4   ncol= 1601  ncstr= 738  mt= 0.9   spt= 0.0   lpval= 94058.8   ub= 94043.0  
-----------------------------------------------------------------------------------------
elapsed time= 254.06 s.
-----------------------------------------------------------------------------------------
#########################################################################################
tree size= 0 lb= 94017.9 ub= 94043
#########################################################################################
idx= 14 value= 94017.9 enu= 1
brc= 50-103 : -
brc= 76-103 : -
brc= 49-105 : -
brc= 70-133 : -
brc= 74-217 : -
brc= 233-246 : -
brc= 164-175 : +
brc= 167-232 : +
brc= 223-246 : +
brc= 13-104 : -
brc= 3-269 : -
brc= 250-278 : -
brc= 141-164 : -
brc= 220-305 : -
brc= 12-134 : -
brc= 74-260 : -
brc= 86-243 : -
brc= 3-128 : +
brc= 59-68 : -
brc= 33-228 : -
brc= 0-146 : -
brc= 0-64 : -
brc= 2-106 : +
brc= 125-224 : -
brc= 132-230 : +
brc= 189-226 : +
brc= 40-146 : +
brc= 59-62 : -
brc= 23-59 : -
brc= 217-265 : -
brc= 217-289 : -
brc= 96-304 : -
brc= 138-213 : -
it= 3   ncol= 1522  ncstr= 738  mt= 0.1   spt= 0.0   lpval= 94018.3   ub= 94043.0  
-----------------------------------------------------------------------------------------
elapsed time= 254.19 s.
-----------------------------------------------------------------------------------------
columns pending deletion= 1027 remain= 24038 col ratio= 0.957276 row ratio= 0.815718
 ****** Separate Rank1Cuts ****** 
it= 2   ncol= 1514  ncstr= 742  mt= 0.0   spt= 0.0   lpval= 94018.3   ub= 94043.0  
-----------------------------------------------------------------------------------------
elapsed time= 254.59 s.
-----------------------------------------------------------------------------------------
columns pending deletion= 1534 remain= 24038 col ratio= 0.936184 row ratio= 0.816712
current_r_best= 0.308734
pseudo= 50 frac= 50
#candidates in phase1= 37
testing lp time= 22.74 s.
-----------------------------------------------------------------------------------------
159-265 ,  24.32| 270-279 ,  21.93|  95-279 ,  17.91|  74-95  ,  17.91|  56-228 ,  17.87| 
 56-164 ,  17.87| 228-270 ,  14.40| 221-228 ,  13.96| 221-270 ,  13.96|  33-281 ,  12.80| 
 24-226 ,   8.98| 100-157 ,   8.60| 236-311 ,   7.41| 184-303 ,   7.41|   0-183 ,   4.79| 
 92-197 ,   4.57|   0-303 ,   4.17|   7-145 ,   3.90|  33-90  ,   3.90| 109-213 ,   3.70| 
199-308 ,   2.36|   0-233 ,   2.23| 265-299 ,   1.98| 250-299 ,   1.93| 158-166 ,   1.73| 
  0-118 ,   1.56|   0-184 ,   1.55| 184-267 ,   1.55| 240-263 ,   1.26|  42-66  ,   0.91| 
177-216 ,   0.77| 180-195 ,   0.58| 143-148 ,   0.55| 160-235 ,   0.48| 199-254 ,   0.34| 
  0-12  ,   0.12|  59-76  ,   0.00| 
-----------------------------------------------------------------------------------------
edge= 95 279 lp= 1.30488 pre= 2 lp2= 13.7231 pre2= 2 score= 17.907
-----------------------------------------------------------------------------------------
edge= 270 279 lp= 7.11768 pre= 2 lp2= 3.08056 pre2= 2 score= 21.9264
-----------------------------------------------------------------------------------------
edge= 159 265 lp= 7.34741 pre= 2 lp2= 3.30968 pre2= 2 score= 24.3176
-----------------------------------------------------------------------------------------
candidate= 159-265 : -
-----------------------------------------------------------------------------------------
it= 3   ncol= 1518  ncstr= 743  mt= 0.7   spt= 0.0   lpval= 94025.7   ub= 94043.0  
-----------------------------------------------------------------------------------------
elapsed time= 278.09 s.
-----------------------------------------------------------------------------------------
candidate= 159-265 : +
-----------------------------------------------------------------------------------------
it= 3   ncol= 1535  ncstr= 743  mt= 0.6   spt= 0.0   lpval= 94021.5   ub= 94043.0  
-----------------------------------------------------------------------------------------
elapsed time= 278.73 s.
-----------------------------------------------------------------------------------------
brc= 159-265
t= 0.238679 c= 11.5418 n= 7 if_b4= 0
t= 0.597473 c= 19.9868 n= 7 if_b4= 0
#########################################################################################
tree size= 1 lb= 94018.3 ub= 94043
#########################################################################################
idx= 15 value= 94018.3 enu= 1
brc= 50-103 : -
brc= 76-103 : -
brc= 49-105 : -
brc= 70-133 : -
brc= 74-217 : -
brc= 233-246 : -
brc= 164-175 : +
brc= 167-232 : +
brc= 223-246 : +
brc= 13-104 : -
brc= 3-269 : -
brc= 250-278 : -
brc= 141-164 : -
brc= 220-305 : -
brc= 12-134 : -
brc= 74-260 : -
brc= 86-243 : -
brc= 3-128 : +
brc= 59-68 : -
brc= 33-228 : -
brc= 0-146 : -
brc= 0-64 : -
brc= 2-106 : +
brc= 125-224 : -
brc= 132-230 : +
brc= 189-226 : +
brc= 40-146 : +
brc= 59-62 : -
brc= 23-59 : -
brc= 217-265 : -
brc= 217-289 : -
brc= 96-304 : -
brc= 138-213 : -
brc= 159-265 : +
it= 3   ncol= 1513  ncstr= 742  mt= 0.7   spt= 0.0   lpval= 94021.5   ub= 94043.0  
-----------------------------------------------------------------------------------------
elapsed time= 280.80 s.
-----------------------------------------------------------------------------------------
delete columns= 7532 remain= 14923
 ****** Separate Rank1Cuts ****** 
it= 2   ncol= 1495  ncstr= 597  mt= 0.0   spt= 0.0   lpval= 94022.7   ub= 94043.0  
-----------------------------------------------------------------------------------------
elapsed time= 281.54 s.
-----------------------------------------------------------------------------------------
columns pending deletion= 2981 remain= 14923 col ratio= 0.800241 row ratio= 0.927973
mip: row= 554 col= 13421 density= 4.18236%
mip time= 11.82 s.
mip status= 6
update f from 5.4604 to 20.2842
#########################################################################################
tree size= 0 lb= 94018.3 ub= 94043
#########################################################################################
idx= 16 value= 94018.3 enu= 1
brc= 50-103 : -
brc= 76-103 : -
brc= 49-105 : -
brc= 70-133 : -
brc= 74-217 : -
brc= 233-246 : -
brc= 164-175 : +
brc= 167-232 : +
brc= 223-246 : +
brc= 13-104 : -
brc= 3-269 : -
brc= 250-278 : -
brc= 141-164 : -
brc= 220-305 : -
brc= 12-134 : -
brc= 74-260 : -
brc= 86-243 : -
brc= 3-128 : +
brc= 59-68 : -
brc= 33-228 : -
brc= 0-146 : -
brc= 0-64 : -
brc= 2-106 : +
brc= 125-224 : -
brc= 132-230 : +
brc= 189-226 : +
brc= 40-146 : +
brc= 59-62 : -
brc= 23-59 : -
brc= 217-265 : -
brc= 217-289 : -
brc= 96-304 : -
brc= 138-213 : -
brc= 159-265 : -
it= 3   ncol= 1534  ncstr= 742  mt= 0.0   spt= 0.0   lpval= 94025.7   ub= 94043.0  
-----------------------------------------------------------------------------------------
elapsed time= 293.83 s.
-----------------------------------------------------------------------------------------
delete columns= 13772 remain= 8729
 ****** Separate RCCs ****** 
 ****** Separate Rank1Cuts ****** 
it= 3   ncol= 1496  ncstr= 609  mt= 0.0   spt= 0.0   lpval= 94026.1   ub= 94043.0  
-----------------------------------------------------------------------------------------
elapsed time= 294.29 s.
-----------------------------------------------------------------------------------------
columns pending deletion= 998 remain= 8729 col ratio= 0.885668 row ratio= 0.955665
[1;36m[REMIND] 2: gap improved= 0.424199 ratio= 0.025067 threshold= 0.040000 in function increaseCondition2 at /blue/yu.yang1/you.z/route_opt/packages/application/X-n313-k71/src/main/src/call_cutting.cpp:74[0m
mip: row= 582 col= 9214 density= 4.17494%
mip time= 6.90 s.
mip status= 6
#########################################################################################
[32m<Instance: X-n313-k71>
<Solution>
<UB= 94043>
<LB= 94043>
<Elapsed Time= 301.2>
<Nodes Explored= 17>
<Global Gap= 0%>[0m
#########################################################################################
File nodes/X-n313-k71_6_0_0_8_4_1_0_G32.node deleted successfully.
