application type: CVRP
X-n313-k71_6_5_0_2_G32.node
Set parameter ServerTimeout to value 600
Set parameter TokenServer to value "grb-ts.ufhpc"
Set parameter Threads to value 1
instance name= X-n313-k71
#########################################################################################
tree size= 0 lb= 0 ub= 94044
#########################################################################################
idx= 5 value= 93948.6 enu= 0
brc= 50-103 : -
brc= 76-103 : -
brc= 49-105 : -
brc= 70-133 : -
brc= 74-217 : -
brc= 233-246 : -
brc= 164-175 : +
brc= 167-232 : -
brc= 85-105 : -
brc= 3-269 : -
brc= 24-250 : -
brc= 33-281 : -
brc= 103-109 : +
brc= 55-241 : +
brc= 18-224 : -
brc= 141-164 : -
brc= 95-312 : +
-----------------------------------------------------------------------------------------
 ****** Pricing Level: LIGHT HEUR ****** 
it= 8   ncol= 1227  ncstr= 618  mt= 0.3   spt= 0.3   lpval= 93980.2   ub= 94043.0  
 ****** Pricing Level: HEAVY HEUR ****** 
it= 7   ncol= 1325  ncstr= 618  mt= 0.2   spt= 0.7   lpval= 93972.2   ub= 94043.0  
 ****** Pricing Level: EXACT ****** 
it= 3   ncol= 1382  ncstr= 618  mt= 0.0   spt= 5.6   lpval= 93972.2   ub= 94043.0  
-----------------------------------------------------------------------------------------
elapsed time= 10.55 s.
-----------------------------------------------------------------------------------------
-----------------------------------------------------------------------------------------
 ****** Run Arc Elimination ****** 
arc elimination time= 15.25 s.
previous= 66.2725% maximum= 4.32736%
eliminate bucket arcs time= 1.13 s.
obtain jump arcs time= 0.01 s.
-----------------------------------------------------------------------------------------
-----------------------------------------------------------------------------------------
elapsed time= 27.28 s.
-----------------------------------------------------------------------------------------
-----------------------------------------------------------------------------------------
 ****** Try Enumeration ****** 
max_val= 57638 stop_b= 10 max_idx= 5 num_label= 213948 max_label_in_enumeration= 500000 q= 21.8587 aq.size()= 21 left_bin= 5 left_labels= 286052
status= LABEL_FOR_LIMIT
#labels= 213948 #routes= 32
labeling 1 time= 5.51 s.
next try value > 93973.2
-----------------------------------------------------------------------------------------
elapsed time= 32.86 s.
-----------------------------------------------------------------------------------------
 ****** Separate RCCs ****** 
 ****** Separate Rank1Cuts ****** 
-----------------------------------------------------------------------------------------
 ****** Pricing Level: LIGHT HEUR ****** 
it= 5   ncol= 1478  ncstr= 726  mt= 0.4   spt= 0.2   lpval= 93978.7   ub= 94043.0  
 ****** Pricing Level: HEAVY HEUR ****** 
it= 5   ncol= 1539  ncstr= 726  mt= 0.0   spt= 0.4   lpval= 93978.5   ub= 94043.0  
 ****** Pricing Level: EXACT ****** 
it= 4   ncol= 1585  ncstr= 726  mt= 0.1   spt= 5.8   lpval= 93978.5   ub= 94043.0  
-----------------------------------------------------------------------------------------
elapsed time= 41.57 s.
-----------------------------------------------------------------------------------------
 ****** Separate RCCs ****** 
 ****** Separate Rank1Cuts ****** 
-----------------------------------------------------------------------------------------
 ****** Pricing Level: LIGHT HEUR ****** 
it= 4   ncol= 1649  ncstr= 653  mt= 0.2   spt= 0.1   lpval= 93980.8   ub= 94043.0  
 ****** Pricing Level: HEAVY HEUR ****** 
it= 4   ncol= 1679  ncstr= 653  mt= 0.1   spt= 0.3   lpval= 93980.5   ub= 94043.0  
 ****** Pricing Level: EXACT ****** 
it= 2   ncol= 1699  ncstr= 653  mt= 0.0   spt= 2.7   lpval= 93980.5   ub= 94043.0  
-----------------------------------------------------------------------------------------
elapsed time= 46.14 s.
-----------------------------------------------------------------------------------------
-----------------------------------------------------------------------------------------
 ****** Run Arc Elimination ****** 
arc elimination time= 9.07 s.
previous= 86.1283% maximum= 3.72708%
eliminate bucket arcs time= 0.73 s.
obtain jump arcs time= 0.01 s.
-----------------------------------------------------------------------------------------
-----------------------------------------------------------------------------------------
elapsed time= 55.98 s.
-----------------------------------------------------------------------------------------
-----------------------------------------------------------------------------------------
 ****** Try Enumeration ****** 
max_val= 67541 stop_b= 10 max_idx= 6 num_label= 238532 max_label_in_enumeration= 500000 q= 22.3665 aq.size()= 21 left_bin= 4 left_labels= 261468
status= LABEL_FOR_LIMIT
#labels= 238532 #routes= 24
labeling 1 time= 6.16 s.
next try value > 93987.1
-----------------------------------------------------------------------------------------
elapsed time= 62.20 s.
-----------------------------------------------------------------------------------------
[1;36m[REMIND] 2: gap improved= 1.939846 ratio= 0.031024 threshold= 0.040000 in function increaseCondition2 at /blue/yu.yang1/you.z/route_opt/packages/application/X-n313-k71/src/main/src/call_cutting.cpp:74[0m
 ****** Separate RCCs ****** 
 ****** Separate Rank1Cuts ****** 
-----------------------------------------------------------------------------------------
 ****** Pricing Level: LIGHT HEUR ****** 
it= 2   ncol= 1704  ncstr= 645  mt= 0.3   spt= 0.1   lpval= 93981.9   ub= 94043.0  
 ****** Pricing Level: HEAVY HEUR ****** 
it= 4   ncol= 1744  ncstr= 645  mt= 0.1   spt= 0.3   lpval= 93981.7   ub= 94043.0  
 ****** Pricing Level: EXACT ****** 
it= 3   ncol= 1762  ncstr= 645  mt= 0.1   spt= 3.6   lpval= 93981.6   ub= 94043.0  
-----------------------------------------------------------------------------------------
elapsed time= 67.71 s.
-----------------------------------------------------------------------------------------
[1;36m[REMIND] 2: gap improved= 1.148870 ratio= 0.018718 threshold= 0.040000 in function increaseCondition2 at /blue/yu.yang1/you.z/route_opt/packages/application/X-n313-k71/src/main/src/call_cutting.cpp:74[0m
 ****** Separate RCCs ****** 
 ****** Separate Rank1Cuts ****** 
br_value_improved= 3.3958 cutting_branching_ratio= 0.2 minor (0.341434) improvement after cutting, stop this cutting iteration
-----------------------------------------------------------------------------------------
[1;36m[REMIND] opt_k not found for node 5, use m directly in function getOptK at /blue/yu.yang1/you.z/route_opt/packages/branching/bkf/include/bkf_controller.hpp:239[0m
current_r_best= 24.0061
we directly test 100
we directly test 4
pseudo= 50 frac= 50
#candidates in phase1= 100
testing lp time= 25.26 s.
-----------------------------------------------------------------------------------------
 74-260 , 787.24| 164-285 , 438.00| 175-252 , 438.00|   0-175 , 438.00| 184-303 , 434.12| 
303-311 , 434.12| 243-311 , 359.33|   0-303 , 359.33| 243-267 , 359.32| 258-311 , 359.32| 
  0-270 , 189.71| 270-279 , 189.53| 221-270 , 189.53| 112-257 , 174.32|  59-76  , 140.86| 
224-278 , 126.07| 114-266 , 112.38| 248-266 , 112.14|  33-56  , 102.27|   9-51  ,  98.20| 
128-150 ,  95.49|   0-127 ,  80.41| 165-280 ,  76.04|   0-114 ,  74.79| 114-267 ,  74.79| 
245-272 ,  74.79|   0-228 ,  62.23| 260-299 ,  56.57| 190-280 ,  54.86|  18-301 ,  52.61| 
  0-301 ,  52.61| 137-150 ,  48.32|  57-64  ,  44.73|   0-57  ,  44.73| 252-279 ,  43.26| 
 79-89  ,  40.22|   0-64  ,  39.65| 136-143 ,  38.51|   0-243 ,  37.56| 118-127 ,  36.41| 
 51-84  ,  35.40| 125-224 ,  35.21|   0-218 ,  34.97| 115-269 ,  34.74|   0-112 ,  34.55| 
  0-224 ,  34.41|  57-130 ,  33.99|   0-189 ,  33.61| 234-260 ,  32.19| 181-194 ,  31.48| 
189-250 ,  31.06|  32-152 ,  30.09|   0-130 ,  29.39|  59-68  ,  26.74| 117-174 ,  26.62| 
  0-278 ,  26.35| 172-241 ,  25.48|   8-172 ,  25.47|   8-241 ,  25.47|   0-172 ,  25.47| 
 52-296 ,  24.23|   0-136 ,  24.13| 102-133 ,  24.04|  19-115 ,  23.99| 107-287 ,  22.17| 
 86-267 ,  22.17|   0-74  ,  21.24|  29-131 ,  20.05| 100-157 ,  18.25| 126-152 ,  17.38| 
  9-126 ,  16.96|   3-128 ,  16.08|  23-118 ,  15.30|  60-64  ,  14.93|   0-296 ,  14.61| 
232-275 ,  14.21|   0-272 ,  11.89| 177-179 ,   9.93| 264-297 ,   9.58|  17-245 ,   9.24| 
 21-191 ,   9.12| 216-272 ,   8.63|   0-215 ,   8.50|   0-158 ,   8.45|   0-251 ,   7.97| 
  0-257 ,   7.00|   0-115 ,   6.70|   0-244 ,   5.82| 259-293 ,   5.19|   0-166 ,   5.00| 
166-222 ,   3.72|  47-275 ,   2.95|  48-133 ,   2.12|   0-6   ,   2.02| 185-297 ,   1.71| 
  0-294 ,   1.62|   0-133 ,   1.39| 171-299 ,   0.52|   0-48  ,   0.14|  34-48  ,   0.00| 
-----------------------------------------------------------------------------------------
edge= 0 175 lp= 48.1157 pre= 2 lp2= 9.10305 pre2= 2 score= 437.999
-----------------------------------------------------------------------------------------
edge= 175 252 lp= 9.10311 pre= 2 lp2= 48.1157 pre2= 2 score= 438.003
-----------------------------------------------------------------------------------------
edge= 164 285 lp= 9.10311 pre= 2 lp2= 48.1157 pre2= 2 score= 438.003
-----------------------------------------------------------------------------------------
edge= 74 260 lp= 8.98543 pre= 2 lp2= 87.6132 pre2= 2 score= 787.242
-----------------------------------------------------------------------------------------
candidate= 74-260 : -
-----------------------------------------------------------------------------------------
-----------------------------------------------------------------------------------------
 ****** Pricing Level: LIGHT HEUR ****** 
it= 5   ncol= 1283  ncstr= 585  mt= 0.2   spt= 0.2   lpval= 93990.4   ub= 94043.0  
 ****** Pricing Level: HEAVY HEUR ****** 
it= 3   ncol= 1320  ncstr= 585  mt= 0.0   spt= 0.2   lpval= 93989.8   ub= 94043.0  
-----------------------------------------------------------------------------------------
elapsed time= 94.91 s.
-----------------------------------------------------------------------------------------
candidate= 74-260 : +
-----------------------------------------------------------------------------------------
-----------------------------------------------------------------------------------------
 ****** Pricing Level: LIGHT HEUR ****** 
it= 5   ncol= 1294  ncstr= 585  mt= 0.4   spt= 0.1   lpval= 94003.0   ub= 94043.0  
 ****** Pricing Level: HEAVY HEUR ****** 
it= 5   ncol= 1355  ncstr= 585  mt= 0.1   spt= 0.4   lpval= 93993.0   ub= 94043.0  
-----------------------------------------------------------------------------------------
elapsed time= 96.48 s.
-----------------------------------------------------------------------------------------
candidate= 175-252 : -
-----------------------------------------------------------------------------------------
-----------------------------------------------------------------------------------------
 ****** Pricing Level: LIGHT HEUR ****** 
it= 7   ncol= 1301  ncstr= 585  mt= 0.2   spt= 0.2   lpval= 93990.4   ub= 94043.0  
 ****** Pricing Level: HEAVY HEUR ****** 
it= 4   ncol= 1334  ncstr= 585  mt= 0.1   spt= 0.3   lpval= 93983.5   ub= 94043.0  
-----------------------------------------------------------------------------------------
elapsed time= 97.87 s.
-----------------------------------------------------------------------------------------
candidate= 164-285 : -
-----------------------------------------------------------------------------------------
-----------------------------------------------------------------------------------------
 ****** Pricing Level: LIGHT HEUR ****** 
it= 6   ncol= 1296  ncstr= 585  mt= 0.2   spt= 0.2   lpval= 93987.2   ub= 94043.0  
 ****** Pricing Level: HEAVY HEUR ****** 
it= 2   ncol= 1309  ncstr= 585  mt= 0.0   spt= 0.1   lpval= 93987.2   ub= 94043.0  
-----------------------------------------------------------------------------------------
elapsed time= 98.83 s.
-----------------------------------------------------------------------------------------
candidate= 0-175 : -
-----------------------------------------------------------------------------------------
-----------------------------------------------------------------------------------------
 ****** Pricing Level: LIGHT HEUR ****** 
it= 8   ncol= 1340  ncstr= 585  mt= 0.3   spt= 0.2   lpval= 93995.3   ub= 94043.0  
 ****** Pricing Level: HEAVY HEUR ****** 
it= 3   ncol= 1368  ncstr= 585  mt= 0.0   spt= 0.2   lpval= 93994.4   ub= 94043.0  
-----------------------------------------------------------------------------------------
elapsed time= 100.24 s.
-----------------------------------------------------------------------------------------
candidate= 164-285 : +
-----------------------------------------------------------------------------------------
-----------------------------------------------------------------------------------------
 ****** Pricing Level: LIGHT HEUR ****** 
it= 7   ncol= 1305  ncstr= 585  mt= 0.3   spt= 0.2   lpval= 94005.9   ub= 94043.0  
 ****** Pricing Level: HEAVY HEUR ****** 
it= 4   ncol= 1341  ncstr= 585  mt= 0.1   spt= 0.3   lpval= 94003.8   ub= 94043.0  
-----------------------------------------------------------------------------------------
elapsed time= 101.66 s.
-----------------------------------------------------------------------------------------
brc= 164-285
t= 0.126327 c= 70.0944 n= 0 if_b4= 1
t= 1.28969 c= 78.858 n= 0 if_b4= 1
nodes already exists
memory usage= 6GB.
#########################################################################################
tree size= 0 lb= 93981.6 ub= 94043
#########################################################################################
idx= 2 value= 93981.6 enu= 0
brc= 50-103 : -
brc= 76-103 : -
brc= 49-105 : -
brc= 70-133 : -
brc= 74-217 : -
brc= 233-246 : -
brc= 164-175 : +
brc= 167-232 : -
brc= 85-105 : -
brc= 3-269 : -
brc= 24-250 : -
brc= 33-281 : -
brc= 103-109 : +
brc= 55-241 : +
brc= 18-224 : -
brc= 141-164 : -
brc= 95-312 : +
brc= 164-285 : -
-----------------------------------------------------------------------------------------
 ****** Pricing Level: LIGHT HEUR ****** 
it= 6   ncol= 1298  ncstr= 584  mt= 0.2   spt= 0.2   lpval= 93987.1   ub= 94043.0  
 ****** Pricing Level: HEAVY HEUR ****** 
it= 2   ncol= 1313  ncstr= 584  mt= 0.0   spt= 0.1   lpval= 93986.8   ub= 94043.0  
 ****** Pricing Level: EXACT ****** 
it= 3   ncol= 1319  ncstr= 584  mt= 0.1   spt= 3.7   lpval= 93983.5   ub= 94043.0  
-----------------------------------------------------------------------------------------
elapsed time= 107.34 s.
-----------------------------------------------------------------------------------------
 ****** Separate RCCs ****** 
 ****** Separate Rank1Cuts ****** 
-----------------------------------------------------------------------------------------
 ****** Pricing Level: LIGHT HEUR ****** 
it= 2   ncol= 1324  ncstr= 683  mt= 0.2   spt= 0.1   lpval= 93983.8   ub= 94043.0  
 ****** Pricing Level: HEAVY HEUR ****** 
it= 3   ncol= 1364  ncstr= 683  mt= 0.0   spt= 0.2   lpval= 93983.8   ub= 94043.0  
 ****** Pricing Level: EXACT ****** 
it= 4   ncol= 1530  ncstr= 683  mt= 0.1   spt= 5.6   lpval= 93983.8   ub= 94043.0  
-----------------------------------------------------------------------------------------
elapsed time= 114.71 s.
-----------------------------------------------------------------------------------------
[1;36m[REMIND] 2: gap improved= 0.292392 ratio= 0.004936 threshold= 0.040000 in function increaseCondition2 at /blue/yu.yang1/you.z/route_opt/packages/application/X-n313-k71/src/main/src/call_cutting.cpp:74[0m
 ****** Separate RCCs ****** 
 ****** Separate Rank1Cuts ****** 
-----------------------------------------------------------------------------------------
 ****** Pricing Level: LIGHT HEUR ****** 
it= 1   ncol= 1530  ncstr= 638  mt= 0.2   spt= 0.0   lpval= 93984.0   ub= 94043.0  
 ****** Pricing Level: HEAVY HEUR ****** 
it= 3   ncol= 1538  ncstr= 638  mt= 0.0   spt= 0.2   lpval= 93984.0   ub= 94043.0  
 ****** Pricing Level: EXACT ****** 
it= 2   ncol= 1550  ncstr= 638  mt= 0.0   spt= 2.7   lpval= 93984.0   ub= 94043.0  
-----------------------------------------------------------------------------------------
elapsed time= 119.22 s.
-----------------------------------------------------------------------------------------
[1;36m[REMIND] 2: gap improved= 0.254854 ratio= 0.004321 threshold= 0.040000 in function increaseCondition2 at /blue/yu.yang1/you.z/route_opt/packages/application/X-n313-k71/src/main/src/call_cutting.cpp:74[0m
 ****** Separate Rank1Cuts ****** 
-----------------------------------------------------------------------------------------
 ****** Pricing Level: LIGHT HEUR ****** 
it= 1   ncol= 1550  ncstr= 672  mt= 0.2   spt= 0.0   lpval= 93984.2   ub= 94043.0  
 ****** Pricing Level: HEAVY HEUR ****** 
it= 2   ncol= 1556  ncstr= 672  mt= 0.0   spt= 0.2   lpval= 93984.2   ub= 94043.0  
 ****** Pricing Level: EXACT ****** 
it= 3   ncol= 1585  ncstr= 672  mt= 0.0   spt= 4.2   lpval= 93984.2   ub= 94043.0  
-----------------------------------------------------------------------------------------
elapsed time= 125.19 s.
-----------------------------------------------------------------------------------------
[1;36m[REMIND] 2: gap improved= 0.194738 ratio= 0.003312 threshold= 0.040000 in function increaseCondition2 at /blue/yu.yang1/you.z/route_opt/packages/application/X-n313-k71/src/main/src/call_cutting.cpp:74[0m
[1;36m[REMIND] tail off counter= 3 threshold= 3 in function setIfTailOff at /blue/yu.yang1/you.z/route_opt/packages/application/X-n313-k71/src/main/src/call_cutting.cpp:150[0m
current_r_best= 1.87101
pseudo= 50 frac= 50
#candidates in phase1= 37
testing lp time= 9.43 s.
-----------------------------------------------------------------------------------------
 59-76  , 382.08| 175-285 , 323.65| 164-252 , 323.65|   0-303 , 241.13| 243-267 , 241.13| 
258-311 , 241.13| 184-303 , 241.13| 270-279 , 196.92| 221-270 , 196.91| 252-279 , 105.11| 
165-280 , 102.27|   0-112 , 102.27| 248-266 ,  84.92| 114-266 ,  84.84|  18-301 ,  51.16| 
260-299 ,  46.35|  18-189 ,  39.45| 131-257 ,  35.02|   0-172 ,  32.19|   8-241 ,  32.19| 
125-224 ,  24.94| 106-202 ,  21.45| 126-152 ,  19.20|   2-147 ,  13.16| 104-146 ,  12.84| 
 77-146 ,  12.84|   2-106 ,  12.38|  30-269 ,   9.37|  77-104 ,   9.31| 101-104 ,   9.31| 
 49-101 ,   9.31|  30-202 ,   6.32| 162-201 ,   3.08| 204-208 ,   2.99| 157-210 ,   2.52| 
  0-44  ,   2.16| 111-219 ,   0.00| 
-----------------------------------------------------------------------------------------
edge= 164 252 lp= 8.76475 pre= 2 lp2= 36.9258 pre2= 2 score= 323.646
-----------------------------------------------------------------------------------------
edge= 175 285 lp= 8.76475 pre= 2 lp2= 36.9258 pre2= 2 score= 323.646
-----------------------------------------------------------------------------------------
edge= 59 76 lp= 36.9258 pre= 2 lp2= 10.3473 pre2= 2 score= 382.084
-----------------------------------------------------------------------------------------
candidate= 59-76 : -
-----------------------------------------------------------------------------------------
-----------------------------------------------------------------------------------------
 ****** Pricing Level: LIGHT HEUR ****** 
it= 6   ncol= 1185  ncstr= 607  mt= 0.3   spt= 0.2   lpval= 93984.2   ub= 94043.0  
 ****** Pricing Level: HEAVY HEUR ****** 
it= 3   ncol= 1219  ncstr= 607  mt= 0.0   spt= 0.2   lpval= 93984.2   ub= 94043.0  
-----------------------------------------------------------------------------------------
elapsed time= 136.22 s.
-----------------------------------------------------------------------------------------
candidate= 164-252 : -
-----------------------------------------------------------------------------------------
-----------------------------------------------------------------------------------------
 ****** Pricing Level: LIGHT HEUR ****** 
it= 7   ncol= 1208  ncstr= 607  mt= 0.3   spt= 0.2   lpval= 93991.1   ub= 94043.0  
 ****** Pricing Level: HEAVY HEUR ****** 
it= 5   ncol= 1273  ncstr= 607  mt= 0.1   spt= 0.4   lpval= 93989.2   ub= 94043.0  
-----------------------------------------------------------------------------------------
elapsed time= 137.82 s.
-----------------------------------------------------------------------------------------
candidate= 175-285 : -
-----------------------------------------------------------------------------------------
-----------------------------------------------------------------------------------------
 ****** Pricing Level: LIGHT HEUR ****** 
it= 7   ncol= 1207  ncstr= 607  mt= 0.3   spt= 0.2   lpval= 93991.1   ub= 94043.0  
 ****** Pricing Level: HEAVY HEUR ****** 
it= 3   ncol= 1254  ncstr= 607  mt= 0.1   spt= 0.2   lpval= 93987.0   ub= 94043.0  
-----------------------------------------------------------------------------------------
elapsed time= 139.16 s.
-----------------------------------------------------------------------------------------
candidate= 164-252 : +
-----------------------------------------------------------------------------------------
-----------------------------------------------------------------------------------------
 ****** Pricing Level: LIGHT HEUR ****** 
it= 7   ncol= 1203  ncstr= 607  mt= 0.4   spt= 0.2   lpval= 94010.6   ub= 94043.0  
 ****** Pricing Level: HEAVY HEUR ****** 
it= 4   ncol= 1252  ncstr= 607  mt= 0.1   spt= 0.3   lpval= 94008.5   ub= 94043.0  
-----------------------------------------------------------------------------------------
elapsed time= 140.70 s.
-----------------------------------------------------------------------------------------
brc= 164-252
t= 0.126884 c= 48.0609 n= 1 if_b4= 1
t= 1.35591 c= 53.3783 n= 1 if_b4= 1
nodes already exists
memory usage= 6GB.
#########################################################################################
tree size= 0 lb= 93984.2 ub= 94043
#########################################################################################
idx= 4 value= 93984.2 enu= 0
brc= 50-103 : -
brc= 76-103 : -
brc= 49-105 : -
brc= 70-133 : -
brc= 74-217 : -
brc= 233-246 : -
brc= 164-175 : +
brc= 167-232 : -
brc= 85-105 : -
brc= 3-269 : -
brc= 24-250 : -
brc= 33-281 : -
brc= 103-109 : +
brc= 55-241 : +
brc= 18-224 : -
brc= 141-164 : -
brc= 95-312 : +
brc= 164-285 : -
brc= 164-252 : -
-----------------------------------------------------------------------------------------
 ****** Pricing Level: LIGHT HEUR ****** 
it= 7   ncol= 1199  ncstr= 606  mt= 0.3   spt= 0.2   lpval= 93990.9   ub= 94043.0  
 ****** Pricing Level: HEAVY HEUR ****** 
it= 5   ncol= 1257  ncstr= 606  mt= 0.1   spt= 0.4   lpval= 93989.2   ub= 94043.0  
 ****** Pricing Level: EXACT ****** 
it= 3   ncol= 1284  ncstr= 606  mt= 0.0   spt= 3.6   lpval= 93989.2   ub= 94043.0  
-----------------------------------------------------------------------------------------
elapsed time= 146.81 s.
-----------------------------------------------------------------------------------------
-----------------------------------------------------------------------------------------
 ****** Run Arc Elimination ****** 
arc elimination time= 6.71 s.
previous= 84.8719% maximum= 3.16244%
eliminate bucket arcs time= 0.63 s.
obtain jump arcs time= 0.01 s.
-----------------------------------------------------------------------------------------
-----------------------------------------------------------------------------------------
elapsed time= 154.18 s.
-----------------------------------------------------------------------------------------
-----------------------------------------------------------------------------------------
 ****** Try Enumeration ****** 
max_val= 74493 stop_b= 10 max_idx= 7 num_label= 282181 max_label_in_enumeration= 500000 q= 22.5515 aq.size()= 21 left_bin= 3 left_labels= 217819
status= LABEL_FOR_LIMIT
#labels= 282181 #routes= 27
labeling 1 time= 8.53 s.
next try value > 93998.3
-----------------------------------------------------------------------------------------
elapsed time= 162.78 s.
-----------------------------------------------------------------------------------------
 ****** Separate RCCs ****** 
 ****** Separate Rank1Cuts ****** 
-----------------------------------------------------------------------------------------
 ****** Pricing Level: LIGHT HEUR ****** 
it= 3   ncol= 1317  ncstr= 640  mt= 0.2   spt= 0.1   lpval= 93990.4   ub= 94043.0  
 ****** Pricing Level: HEAVY HEUR ****** 
it= 2   ncol= 1321  ncstr= 640  mt= 0.0   spt= 0.1   lpval= 93990.4   ub= 94043.0  
 ****** Pricing Level: EXACT ****** 
it= 3   ncol= 1335  ncstr= 640  mt= 0.0   spt= 3.5   lpval= 93990.3   ub= 94043.0  
-----------------------------------------------------------------------------------------
elapsed time= 167.75 s.
-----------------------------------------------------------------------------------------
[1;36m[REMIND] 2: gap improved= 1.087687 ratio= 0.020653 threshold= 0.040000 in function increaseCondition2 at /blue/yu.yang1/you.z/route_opt/packages/application/X-n313-k71/src/main/src/call_cutting.cpp:74[0m
 ****** Separate RCCs ****** 
 ****** Separate Rank1Cuts ****** 
-----------------------------------------------------------------------------------------
 ****** Pricing Level: LIGHT HEUR ****** 
it= 8   ncol= 1502  ncstr= 721  mt= 0.3   spt= 0.2   lpval= 93991.5   ub= 94043.0  
 ****** Pricing Level: HEAVY HEUR ****** 
it= 7   ncol= 1602  ncstr= 721  mt= 0.1   spt= 0.5   lpval= 93991.4   ub= 94043.0  
 ****** Pricing Level: EXACT ****** 
it= 4   ncol= 1706  ncstr= 721  mt= 0.1   spt= 5.2   lpval= 93991.4   ub= 94043.0  
-----------------------------------------------------------------------------------------
elapsed time= 176.31 s.
-----------------------------------------------------------------------------------------
[1;36m[REMIND] 2: gap improved= 1.075092 ratio= 0.020839 threshold= 0.040000 in function increaseCondition2 at /blue/yu.yang1/you.z/route_opt/packages/application/X-n313-k71/src/main/src/call_cutting.cpp:74[0m
 ****** Separate RCCs ****** 
 ****** Separate Rank1Cuts ****** 
-----------------------------------------------------------------------------------------
 ****** Pricing Level: LIGHT HEUR ****** 
it= 2   ncol= 1713  ncstr= 660  mt= 0.3   spt= 0.1   lpval= 93991.7   ub= 94043.0  
 ****** Pricing Level: HEAVY HEUR ****** 
it= 4   ncol= 1747  ncstr= 660  mt= 0.0   spt= 0.3   lpval= 93991.6   ub= 94043.0  
 ****** Pricing Level: EXACT ****** 
it= 3   ncol= 1801  ncstr= 660  mt= 0.1   spt= 3.9   lpval= 93991.6   ub= 94043.0  
-----------------------------------------------------------------------------------------
elapsed time= 182.51 s.
-----------------------------------------------------------------------------------------
[1;36m[REMIND] 2: gap improved= 0.221418 ratio= 0.004310 threshold= 0.040000 in function increaseCondition2 at /blue/yu.yang1/you.z/route_opt/packages/application/X-n313-k71/src/main/src/call_cutting.cpp:74[0m
[1;36m[REMIND] tail off counter= 3 threshold= 3 in function setIfTailOff at /blue/yu.yang1/you.z/route_opt/packages/application/X-n313-k71/src/main/src/call_cutting.cpp:150[0m
current_r_best= 5.396
alpha= 0.37 beta= 9.51968 omega= 378.777 k1= 31
lb_k= 1 ub_k= 37
revise: lb_k= 25 ub_k= 37
opt_k= 33
alpha= 0.75 beta= 9.51968 omega= 39.3672 k1= 3
lb_k= 1 ub_k= 3
revise: lb_k= 1 ub_k= 3
opt_k= 3
pseudo= 50 frac= 50
#candidates in phase1= 33
testing lp time= 8.94 s.
-----------------------------------------------------------------------------------------
  0-303 , 448.44| 243-311 , 448.44| 258-311 , 448.43| 184-303 , 448.42| 221-270 , 351.31| 
164-249 , 305.97| 175-260 , 305.97|  59-76  , 245.59| 165-234 , 240.97| 245-272 ,  80.74| 
  0-114 ,  80.74| 270-279 ,  77.03|  24-189 ,  66.91| 260-299 ,  64.43| 125-171 ,  54.71| 
 72-285 ,  54.14|  57-130 ,  53.11|   8-225 ,  31.67|   8-241 ,  31.67|   0-172 ,  31.67| 
224-289 ,  27.75| 125-224 ,  27.56| 112-257 ,  24.06|   0-72  ,  15.41| 189-250 ,  13.49| 
260-279 ,  12.44| 165-279 ,  12.43| 116-302 ,   5.23| 112-165 ,   4.97| 201-218 ,   2.83| 
  4-64  ,   2.81| 204-257 ,   2.41|   4-9   ,   1.44| 
-----------------------------------------------------------------------------------------
edge= 258 311 lp= 102.079 pre= 2 lp2= 4.39299 pre2= 2 score= 448.432
-----------------------------------------------------------------------------------------
edge= 243 311 lp= 4.39303 pre= 2 lp2= 102.079 pre2= 2 score= 448.436
-----------------------------------------------------------------------------------------
edge= 0 303 lp= 4.39303 pre= 2 lp2= 102.079 pre2= 2 score= 448.436
-----------------------------------------------------------------------------------------
candidate= 243-311 : -
-----------------------------------------------------------------------------------------
-----------------------------------------------------------------------------------------
 ****** Pricing Level: LIGHT HEUR ****** 
it= 8   ncol= 1400  ncstr= 616  mt= 0.3   spt= 0.2   lpval= 93991.6   ub= 94043.0  
 ****** Pricing Level: HEAVY HEUR ****** 
it= 5   ncol= 1484  ncstr= 616  mt= 0.0   spt= 0.3   lpval= 93991.6   ub= 94043.0  
-----------------------------------------------------------------------------------------
elapsed time= 193.54 s.
-----------------------------------------------------------------------------------------
candidate= 0-303 : -
-----------------------------------------------------------------------------------------
-----------------------------------------------------------------------------------------
 ****** Pricing Level: LIGHT HEUR ****** 
it= 9   ncol= 1411  ncstr= 616  mt= 0.3   spt= 0.2   lpval= 93991.6   ub= 94043.0  
 ****** Pricing Level: HEAVY HEUR ****** 
it= 4   ncol= 1468  ncstr= 616  mt= 0.0   spt= 0.3   lpval= 93991.6   ub= 94043.0  
-----------------------------------------------------------------------------------------
elapsed time= 195.16 s.
-----------------------------------------------------------------------------------------
candidate= 258-311 : -
-----------------------------------------------------------------------------------------
-----------------------------------------------------------------------------------------
 ****** Pricing Level: LIGHT HEUR ****** 
it= 8   ncol= 1357  ncstr= 616  mt= 0.3   spt= 0.2   lpval= 93999.9   ub= 94043.0  
 ****** Pricing Level: HEAVY HEUR ****** 
it= 6   ncol= 1436  ncstr= 616  mt= 0.1   spt= 0.4   lpval= 93998.9   ub= 94043.0  
-----------------------------------------------------------------------------------------
elapsed time= 196.96 s.
-----------------------------------------------------------------------------------------
candidate= 258-311 : +
-----------------------------------------------------------------------------------------
-----------------------------------------------------------------------------------------
 ****** Pricing Level: LIGHT HEUR ****** 
it= 7   ncol= 1363  ncstr= 616  mt= 0.3   spt= 0.2   lpval= 93994.3   ub= 94043.0  
 ****** Pricing Level: HEAVY HEUR ****** 
it= 5   ncol= 1432  ncstr= 616  mt= 0.1   spt= 0.3   lpval= 93994.1   ub= 94043.0  
-----------------------------------------------------------------------------------------
elapsed time= 198.51 s.
-----------------------------------------------------------------------------------------
brc= 258-311
t= 0.129743 c= 46.9764 n= 2 if_b4= 1
t= 1.457 c= 50.9053 n= 2 if_b4= 1
nodes already exists
memory usage= 6GB.
#########################################################################################
tree size= 0 lb= 93991.6 ub= 94043
#########################################################################################
idx= 6 value= 93991.6 enu= 0
brc= 50-103 : -
brc= 76-103 : -
brc= 49-105 : -
brc= 70-133 : -
brc= 74-217 : -
brc= 233-246 : -
brc= 164-175 : +
brc= 167-232 : -
brc= 85-105 : -
brc= 3-269 : -
brc= 24-250 : -
brc= 33-281 : -
brc= 103-109 : +
brc= 55-241 : +
brc= 18-224 : -
brc= 141-164 : -
brc= 95-312 : +
brc= 164-285 : -
brc= 164-252 : -
brc= 258-311 : -
-----------------------------------------------------------------------------------------
 ****** Pricing Level: LIGHT HEUR ****** 
it= 8   ncol= 1335  ncstr= 615  mt= 0.3   spt= 0.2   lpval= 93999.9   ub= 94043.0  
 ****** Pricing Level: HEAVY HEUR ****** 
it= 7   ncol= 1427  ncstr= 615  mt= 0.1   spt= 0.5   lpval= 93998.9   ub= 94043.0  
 ****** Pricing Level: EXACT ****** 
it= 4   ncol= 1494  ncstr= 615  mt= 0.1   spt= 4.6   lpval= 93998.8   ub= 94043.0  
-----------------------------------------------------------------------------------------
elapsed time= 205.97 s.
-----------------------------------------------------------------------------------------
-----------------------------------------------------------------------------------------
 ****** Run Arc Elimination ****** 
arc elimination time= 4.80 s.
previous= 81.9611% maximum= 2.59125%
eliminate bucket arcs time= 0.51 s.
obtain jump arcs time= 0.01 s.
-----------------------------------------------------------------------------------------
-----------------------------------------------------------------------------------------
elapsed time= 211.32 s.
-----------------------------------------------------------------------------------------
-----------------------------------------------------------------------------------------
 ****** Try Enumeration ****** 
#labels= 270773 #routes= 15
labeling 1 time= 7.62 s.
concatenate time= 20.27 s.
#routes= 483933
average gap of successful enumeration= 0.000459366
next try value > 93990.3
-----------------------------------------------------------------------------------------
elapsed time= 239.36 s.
-----------------------------------------------------------------------------------------
 ****** Process Enumeration Matrix ****** 
delete non-ele routes lp val= 93998.8
recover rank1c lp val= 93998.9
recover rcc lp val= 94001.2
obtain rcc coefficient time= 0.10 s.
obtain r1c coefficient time= 0.73 s.
obtain matrix from triplets time= 1.23 s.
delete columns by branch time= 0.00 s.
columns pending deletion= 50 remain= 483933 col ratio= 0.999897 row ratio= 1
regenerate enumeration matrix time= 0.00 s.
-----------------------------------------------------------------------------------------
elapsed time= 243.35 s.
-----------------------------------------------------------------------------------------
it= 3   ncol= 1333  ncstr= 566  mt= 0.0   spt= 0.1   lpval= 94001.1   ub= 94043.0  
-----------------------------------------------------------------------------------------
elapsed time= 243.52 s.
-----------------------------------------------------------------------------------------
delete columns= 187914 remain= 296019
 ****** Separate RCCs ****** 
 ****** Separate Rank1Cuts ****** 
it= 3   ncol= 1295  ncstr= 578  mt= 0.0   spt= 0.1   lpval= 94003.9   ub= 94043.0  
-----------------------------------------------------------------------------------------
elapsed time= 245.11 s.
-----------------------------------------------------------------------------------------
columns pending deletion= 78650 remain= 296019 col ratio= 0.734308 row ratio= 0.899654
 ****** Separate RCCs ****** 
 ****** Separate Rank1Cuts ****** 
it= 3   ncol= 1301  ncstr= 713  mt= 0.0   spt= 0.1   lpval= 94005.0   ub= 94043.0  
-----------------------------------------------------------------------------------------
elapsed time= 246.00 s.
-----------------------------------------------------------------------------------------
delete columns= 114800 remain= 181219
[1;36m[REMIND] 2: gap improved= 1.091886 ratio= 0.028702 threshold= 0.040000 in function increaseCondition2 at /blue/yu.yang1/you.z/route_opt/packages/application/X-n313-k71/src/main/src/call_cutting.cpp:74[0m
 ****** Separate RCCs ****** 
 ****** Separate Rank1Cuts ****** 
it= 2   ncol= 1302  ncstr= 608  mt= 0.0   spt= 0.0   lpval= 94005.3   ub= 94043.0  
-----------------------------------------------------------------------------------------
elapsed time= 247.11 s.
-----------------------------------------------------------------------------------------
columns pending deletion= 10407 remain= 181219 col ratio= 0.942572 row ratio= 0.929276
[1;36m[REMIND] 2: gap improved= 0.319311 ratio= 0.008465 threshold= 0.040000 in function increaseCondition2 at /blue/yu.yang1/you.z/route_opt/packages/application/X-n313-k71/src/main/src/call_cutting.cpp:74[0m
 ****** Separate Rank1Cuts ****** 
it= 2   ncol= 1307  ncstr= 726  mt= 0.0   spt= 0.0   lpval= 94005.4   ub= 94043.0  
-----------------------------------------------------------------------------------------
elapsed time= 247.81 s.
-----------------------------------------------------------------------------------------
columns pending deletion= 17202 remain= 181219 col ratio= 0.905076 row ratio= 0.782369
[1;36m[REMIND] 1: gap improved= 0.097722 threshold= 0.100000 in function increaseCondition1 at /blue/yu.yang1/you.z/route_opt/packages/application/X-n313-k71/src/main/src/call_cutting.cpp:58[0m
[1;36m[REMIND] tail off counter= 3 threshold= 3 in function setIfTailOff at /blue/yu.yang1/you.z/route_opt/packages/application/X-n313-k71/src/main/src/call_cutting.cpp:150[0m
current_r_best= 10.0041
pseudo= 50 frac= 50
#candidates in phase1= 37
testing lp time= 17.94 s.
-----------------------------------------------------------------------------------------
221-270 , 224.56| 175-260 , 218.95|   0-303 , 108.34| 243-311 , 108.34| 260-299 ,  76.85| 
  0-114 ,  65.25| 245-272 ,  65.25| 114-267 ,  65.25| 303-311 ,  57.61|   0-236 ,  57.61| 
236-258 ,  57.61| 184-303 ,  57.61| 125-171 ,  55.96| 270-279 ,  48.69|   8-241 ,  37.24| 
  0-172 ,  37.24| 126-152 ,  36.74|  28-60  ,  33.23|  72-285 ,  25.82| 112-257 ,  18.95| 
190-252 ,  18.06| 171-280 ,  16.81| 125-224 ,  15.46|  24-112 ,  15.00| 132-230 ,  14.22| 
 38-198 ,   5.87| 238-244 ,   5.85| 112-217 ,   5.67| 156-242 ,   5.04| 140-198 ,   4.11| 
 86-258 ,   4.05|   0-258 ,   4.05|   9-30  ,   2.79| 158-179 ,   2.71|   0-188 ,   1.21| 
 90-132 ,   1.05|   4-137 ,   0.85| 
-----------------------------------------------------------------------------------------
edge= 0 303 lp= 2.75401 pre= 2 lp2= 39.3407 pre2= 2 score= 108.345
-----------------------------------------------------------------------------------------
edge= 175 260 lp= 2.31164 pre= 2 lp2= 94.718 pre2= 2 score= 218.954
-----------------------------------------------------------------------------------------
edge= 221 270 lp= 94.718 pre= 2 lp2= 2.37087 pre2= 2 score= 224.564
-----------------------------------------------------------------------------------------
candidate= 221-270 : -
-----------------------------------------------------------------------------------------
it= 4   ncol= 1386  ncstr= 727  mt= 0.4   spt= 0.1   lpval= 94010.5   ub= 94043.0  
-----------------------------------------------------------------------------------------
elapsed time= 266.26 s.
-----------------------------------------------------------------------------------------
candidate= 175-260 : -
-----------------------------------------------------------------------------------------
it= 4   ncol= 1369  ncstr= 727  mt= 0.4   spt= 0.1   lpval= 94007.0   ub= 94043.0  
-----------------------------------------------------------------------------------------
elapsed time= 266.70 s.
-----------------------------------------------------------------------------------------
candidate= 175-260 : +
-----------------------------------------------------------------------------------------
it= 5   ncol= 1439  ncstr= 727  mt= 0.5   spt= 0.1   lpval= 94018.8   ub= 94043.0  
-----------------------------------------------------------------------------------------
elapsed time= 267.25 s.
-----------------------------------------------------------------------------------------
candidate= 0-303 : -
-----------------------------------------------------------------------------------------
it= 3   ncol= 1361  ncstr= 727  mt= 0.3   spt= 0.0   lpval= 94005.4   ub= 94043.0  
-----------------------------------------------------------------------------------------
elapsed time= 267.66 s.
-----------------------------------------------------------------------------------------
brc= 175-260
t= 0.24237 c= 49.5713 n= 0 if_b4= 0
t= 0.479196 c= 57.5806 n= 0 if_b4= 0
#########################################################################################
tree size= 1 lb= 94005.4 ub= 94043
#########################################################################################
idx= 7 value= 94005.4 enu= 1
brc= 50-103 : -
brc= 76-103 : -
brc= 49-105 : -
brc= 70-133 : -
brc= 74-217 : -
brc= 233-246 : -
brc= 164-175 : +
brc= 167-232 : -
brc= 85-105 : -
brc= 3-269 : -
brc= 24-250 : -
brc= 33-281 : -
brc= 103-109 : +
brc= 55-241 : +
brc= 18-224 : -
brc= 141-164 : -
brc= 95-312 : +
brc= 164-285 : -
brc= 164-252 : -
brc= 258-311 : -
brc= 175-260 : +
it= 6   ncol= 1434  ncstr= 726  mt= 0.5   spt= 0.1   lpval= 94018.8   ub= 94043.0  
-----------------------------------------------------------------------------------------
elapsed time= 270.12 s.
-----------------------------------------------------------------------------------------
delete columns= 141042 remain= 22810
 ****** Separate RCCs ****** 
 ****** Separate Rank1Cuts ****** 
it= 3   ncol= 1392  ncstr= 590  mt= 0.1   spt= 0.0   lpval= 94027.5   ub= 94043.0  
-----------------------------------------------------------------------------------------
elapsed time= 271.06 s.
-----------------------------------------------------------------------------------------
delete columns= 16983 remain= 5827
mip: row= 522 col= 7108 density= 3.69432%
mip time= 3.48 s.
mip status= 6
update f from 0 to 15.5043
#########################################################################################
tree size= 0 lb= 94005.4 ub= 94043
#########################################################################################
idx= 8 value= 94005.4 enu= 1
brc= 50-103 : -
brc= 76-103 : -
brc= 49-105 : -
brc= 70-133 : -
brc= 74-217 : -
brc= 233-246 : -
brc= 164-175 : +
brc= 167-232 : -
brc= 85-105 : -
brc= 3-269 : -
brc= 24-250 : -
brc= 33-281 : -
brc= 103-109 : +
brc= 55-241 : +
brc= 18-224 : -
brc= 141-164 : -
brc= 95-312 : +
brc= 164-285 : -
brc= 164-252 : -
brc= 258-311 : -
brc= 175-260 : -
it= 4   ncol= 1367  ncstr= 726  mt= 0.1   spt= 0.0   lpval= 94007.0   ub= 94043.0  
-----------------------------------------------------------------------------------------
elapsed time= 275.01 s.
-----------------------------------------------------------------------------------------
columns pending deletion= 32225 remain= 164009 col ratio= 0.803517 row ratio= 0.774105
 ****** Separate RCCs ****** 
 ****** Separate Rank1Cuts ****** 
it= 1   ncol= 1355  ncstr= 752  mt= 0.0   spt= 0.0   lpval= 94007.4   ub= 94043.0  
-----------------------------------------------------------------------------------------
elapsed time= 275.63 s.
-----------------------------------------------------------------------------------------
delete columns= 42472 remain= 121537
[1;36m[REMIND] 2: gap improved= 0.419693 ratio= 0.011781 threshold= 0.040000 in function increaseCondition2 at /blue/yu.yang1/you.z/route_opt/packages/application/X-n313-k71/src/main/src/call_cutting.cpp:74[0m
 ****** Separate RCCs ****** 
 ****** Separate Rank1Cuts ****** 
it= 2   ncol= 1363  ncstr= 613  mt= 0.0   spt= 0.0   lpval= 94007.6   ub= 94043.0  
-----------------------------------------------------------------------------------------
elapsed time= 276.88 s.
-----------------------------------------------------------------------------------------
columns pending deletion= 7256 remain= 121537 col ratio= 0.940298 row ratio= 0.923328
[1;36m[REMIND] 2: gap improved= 0.223682 ratio= 0.006319 threshold= 0.040000 in function increaseCondition2 at /blue/yu.yang1/you.z/route_opt/packages/application/X-n313-k71/src/main/src/call_cutting.cpp:74[0m
 ****** Separate Rank1Cuts ****** 
it= 3   ncol= 1354  ncstr= 646  mt= 0.0   spt= 0.0   lpval= 94007.8   ub= 94043.0  
-----------------------------------------------------------------------------------------
elapsed time= 277.46 s.
-----------------------------------------------------------------------------------------
columns pending deletion= 12486 remain= 121537 col ratio= 0.897266 row ratio= 0.896285
[1;36m[REMIND] 2: gap improved= 0.155217 ratio= 0.004404 threshold= 0.040000 in function increaseCondition2 at /blue/yu.yang1/you.z/route_opt/packages/application/X-n313-k71/src/main/src/call_cutting.cpp:74[0m
[1;36m[REMIND] tail off counter= 3 threshold= 3 in function setIfTailOff at /blue/yu.yang1/you.z/route_opt/packages/application/X-n313-k71/src/main/src/call_cutting.cpp:150[0m
current_r_best= 1.73061
alpha= 0.37 beta= 11.4065 omega= 204.527 k1= 25
lb_k= 1 ub_k= 37
revise: lb_k= 19 ub_k= 33
opt_k= 27
alpha= 0.75 beta= 11.4065 omega= 120.161 k1= 3
lb_k= 1 ub_k= 3
revise: lb_k= 1 ub_k= 3
opt_k= 3
pseudo= 50 frac= 50
#candidates in phase1= 27
testing lp time= 10.27 s.
-----------------------------------------------------------------------------------------
  0-303 ,  68.22| 184-303 ,  47.51| 236-258 ,  47.51|   8-241 ,  35.34|   0-172 ,  35.33| 
245-272 ,  27.63|   0-114 ,  27.63| 125-171 ,  23.92| 125-224 ,  19.77| 135-231 ,  19.24| 
126-152 ,  19.03| 224-289 ,  17.00|  30-276 ,  16.98|  47-232 ,  16.45| 164-260 ,  12.11| 
112-257 ,  11.85|  67-251 ,  10.86| 132-155 ,   7.91| 270-279 ,   6.26| 271-293 ,   5.55| 
 84-89  ,   5.26|  82-128 ,   4.95| 258-303 ,   4.43|  24-299 ,   4.21|   0-116 ,   2.59| 
205-297 ,   0.85| 230-276 ,   0.67| 
-----------------------------------------------------------------------------------------
edge= 236 258 lp= 6.12335 pre= 2 lp2= 7.75832 pre2= 2 score= 47.5069
-----------------------------------------------------------------------------------------
edge= 184 303 lp= 6.12337 pre= 2 lp2= 7.75833 pre2= 2 score= 47.5071
-----------------------------------------------------------------------------------------
edge= 0 303 lp= 2.14412 pre= 2 lp2= 31.817 pre2= 2 score= 68.2193
-----------------------------------------------------------------------------------------
candidate= 0-303 : -
-----------------------------------------------------------------------------------------
it= 3   ncol= 1388  ncstr= 647  mt= 0.4   spt= 0.0   lpval= 94007.8   ub= 94043.0  
-----------------------------------------------------------------------------------------
elapsed time= 288.14 s.
-----------------------------------------------------------------------------------------
candidate= 184-303 : -
-----------------------------------------------------------------------------------------
it= 4   ncol= 1421  ncstr= 647  mt= 0.3   spt= 0.0   lpval= 94012.9   ub= 94043.0  
-----------------------------------------------------------------------------------------
elapsed time= 288.51 s.
-----------------------------------------------------------------------------------------
candidate= 236-258 : -
-----------------------------------------------------------------------------------------
it= 4   ncol= 1418  ncstr= 647  mt= 0.4   spt= 0.0   lpval= 94011.3   ub= 94043.0  
-----------------------------------------------------------------------------------------
elapsed time= 288.92 s.
-----------------------------------------------------------------------------------------
candidate= 184-303 : +
-----------------------------------------------------------------------------------------
it= 4   ncol= 1430  ncstr= 647  mt= 0.3   spt= 0.0   lpval= 94014.4   ub= 94043.0  
-----------------------------------------------------------------------------------------
elapsed time= 289.28 s.
-----------------------------------------------------------------------------------------
brc= 184-303
t= 0.216271 c= 26.4867 n= 1 if_b4= 0
t= 0.433428 c= 32.671 n= 1 if_b4= 0
#########################################################################################
tree size= 1 lb= 94007.8 ub= 94043
#########################################################################################
idx= 9 value= 94007.8 enu= 1
brc= 50-103 : -
brc= 76-103 : -
brc= 49-105 : -
brc= 70-133 : -
brc= 74-217 : -
brc= 233-246 : -
brc= 164-175 : +
brc= 167-232 : -
brc= 85-105 : -
brc= 3-269 : -
brc= 24-250 : -
brc= 33-281 : -
brc= 103-109 : +
brc= 55-241 : +
brc= 18-224 : -
brc= 141-164 : -
brc= 95-312 : +
brc= 164-285 : -
brc= 164-252 : -
brc= 258-311 : -
brc= 175-260 : -
brc= 184-303 : +
it= 4   ncol= 1420  ncstr= 646  mt= 0.3   spt= 0.0   lpval= 94014.4   ub= 94043.0  
-----------------------------------------------------------------------------------------
elapsed time= 291.05 s.
-----------------------------------------------------------------------------------------
delete columns= 67967 remain= 40964
 ****** Separate RCCs ****** 
 ****** Separate Rank1Cuts ****** 
it= 3   ncol= 1410  ncstr= 587  mt= 0.0   spt= 0.0   lpval= 94016.7   ub= 94043.0  
-----------------------------------------------------------------------------------------
elapsed time= 291.87 s.
-----------------------------------------------------------------------------------------
columns pending deletion= 12107 remain= 40964 col ratio= 0.704448 row ratio= 0.923339
 ****** Separate RCCs ****** 
 ****** Separate Rank1Cuts ****** 
it= 4   ncol= 1390  ncstr= 645  mt= 0.0   spt= 0.0   lpval= 94018.3   ub= 94043.0  
-----------------------------------------------------------------------------------------
elapsed time= 292.37 s.
-----------------------------------------------------------------------------------------
delete columns= 19767 remain= 21197
 ****** Separate RCCs ****** 
 ****** Separate Rank1Cuts ****** 
it= 3   ncol= 1395  ncstr= 608  mt= 0.0   spt= 0.0   lpval= 94018.6   ub= 94043.0  
-----------------------------------------------------------------------------------------
elapsed time= 293.40 s.
-----------------------------------------------------------------------------------------
columns pending deletion= 1677 remain= 21197 col ratio= 0.920885 row ratio= 0.907895
[1;36m[REMIND] 2: gap improved= 0.313836 ratio= 0.012878 threshold= 0.040000 in function increaseCondition2 at /blue/yu.yang1/you.z/route_opt/packages/application/X-n313-k71/src/main/src/call_cutting.cpp:74[0m
 ****** Separate Rank1Cuts ****** 
it= 3   ncol= 1390  ncstr= 639  mt= 0.0   spt= 0.0   lpval= 94018.7   ub= 94043.0  
-----------------------------------------------------------------------------------------
elapsed time= 293.86 s.
-----------------------------------------------------------------------------------------
columns pending deletion= 2479 remain= 21197 col ratio= 0.883049 row ratio= 0.882629
current_r_best= 7.98122
alpha= 0.37 beta= 1.1028 omega= 122.47 k1= 5
lb_k= 1 ub_k= 37
revise: lb_k= 4 ub_k= 6
opt_k= 6
alpha= 0.75 beta= 1.1028 omega= 75.3782 k1= 3
lb_k= 1 ub_k= 3
revise: lb_k= 2 ub_k= 3
opt_k= 3
pseudo= 50 frac= 50
#candidates in phase1= 6
testing lp time= 2.30 s.
-----------------------------------------------------------------------------------------
  3-128 ,  60.69|   8-241 ,  37.07|   0-172 ,  37.07| 175-299 ,  17.19| 107-267 ,   9.07| 
 60-82  ,   1.71| 
-----------------------------------------------------------------------------------------
edge= 0 172 lp= 25.1495 pre= 2 lp2= 1.47399 pre2= 0 score= 37.0703
-----------------------------------------------------------------------------------------
edge= 8 241 lp= 25.1495 pre= 2 lp2= 1.47399 pre2= 0 score= 37.0703
-----------------------------------------------------------------------------------------
edge= 3 128 lp= 1.57449 pre= 1 lp2= 38.5427 pre2= 2 score= 60.6852
-----------------------------------------------------------------------------------------
candidate= 3-128 : +
-----------------------------------------------------------------------------------------
it= 4   ncol= 1469  ncstr= 640  mt= 0.4   spt= 0.0   lpval= 94036.2   ub= 94043.0  
-----------------------------------------------------------------------------------------
elapsed time= 296.57 s.
-----------------------------------------------------------------------------------------
candidate= 0-172 : -
-----------------------------------------------------------------------------------------
it= 3   ncol= 1429  ncstr= 640  mt= 0.3   spt= 0.0   lpval= 94043.7   ub= 94043.0  
-----------------------------------------------------------------------------------------
elapsed time= 296.87 s.
-----------------------------------------------------------------------------------------
candidate= 8-241 : -
-----------------------------------------------------------------------------------------
it= 3   ncol= 1429  ncstr= 640  mt= 0.3   spt= 0.0   lpval= 94043.7   ub= 94043.0  
-----------------------------------------------------------------------------------------
elapsed time= 297.18 s.
-----------------------------------------------------------------------------------------
brc= 0-172
t= 0.207944 c= 18.9058 n= 2 if_b4= 0
t= 0.401894 c= 23.2418 n= 2 if_b4= 0
#########################################################################################
tree size= 2 lb= 94007.8 ub= 94043
#########################################################################################
idx= 10 value= 94007.8 enu= 1
brc= 50-103 : -
brc= 76-103 : -
brc= 49-105 : -
brc= 70-133 : -
brc= 74-217 : -
brc= 233-246 : -
brc= 164-175 : +
brc= 167-232 : -
brc= 85-105 : -
brc= 3-269 : -
brc= 24-250 : -
brc= 33-281 : -
brc= 103-109 : +
brc= 55-241 : +
brc= 18-224 : -
brc= 141-164 : -
brc= 95-312 : +
brc= 164-285 : -
brc= 164-252 : -
brc= 258-311 : -
brc= 175-260 : -
brc= 184-303 : -
it= 4   ncol= 1420  ncstr= 646  mt= 0.1   spt= 0.0   lpval= 94012.9   ub= 94043.0  
-----------------------------------------------------------------------------------------
elapsed time= 298.21 s.
-----------------------------------------------------------------------------------------
delete columns= 47915 remain= 61132
 ****** Separate RCCs ****** 
 ****** Separate Rank1Cuts ****** 
it= 3   ncol= 1420  ncstr= 576  mt= 0.0   spt= 0.0   lpval= 94013.8   ub= 94043.0  
-----------------------------------------------------------------------------------------
elapsed time= 299.15 s.
-----------------------------------------------------------------------------------------
columns pending deletion= 13146 remain= 61132 col ratio= 0.784957 row ratio= 0.934028
[1;36m[REMIND] 2: gap improved= 0.991675 ratio= 0.034012 threshold= 0.040000 in function increaseCondition2 at /blue/yu.yang1/you.z/route_opt/packages/application/X-n313-k71/src/main/src/call_cutting.cpp:74[0m
 ****** Separate RCCs ****** 
 ****** Separate Rank1Cuts ****** 
it= 4   ncol= 1419  ncstr= 683  mt= 0.1   spt= 0.0   lpval= 94014.7   ub= 94043.0  
-----------------------------------------------------------------------------------------
elapsed time= 299.95 s.
-----------------------------------------------------------------------------------------
delete columns= 17987 remain= 43145
[1;36m[REMIND] 2: gap improved= 0.811450 ratio= 0.028628 threshold= 0.040000 in function increaseCondition2 at /blue/yu.yang1/you.z/route_opt/packages/application/X-n313-k71/src/main/src/call_cutting.cpp:74[0m
 ****** Separate RCCs ****** 
 ****** Separate Rank1Cuts ****** 
it= 2   ncol= 1430  ncstr= 599  mt= 0.0   spt= 0.0   lpval= 94015.1   ub= 94043.0  
-----------------------------------------------------------------------------------------
elapsed time= 300.82 s.
-----------------------------------------------------------------------------------------
columns pending deletion= 4681 remain= 43145 col ratio= 0.891505 row ratio= 0.93823
[1;36m[REMIND] 2: gap improved= 0.426240 ratio= 0.015267 threshold= 0.040000 in function increaseCondition2 at /blue/yu.yang1/you.z/route_opt/packages/application/X-n313-k71/src/main/src/call_cutting.cpp:74[0m
[1;36m[REMIND] tail off counter= 3 threshold= 3 in function setIfTailOff at /blue/yu.yang1/you.z/route_opt/packages/application/X-n313-k71/src/main/src/call_cutting.cpp:150[0m
current_r_best= 6.53154
alpha= 0.37 beta= 1.9007 omega= 90.9177 k1= 6
lb_k= 1 ub_k= 37
revise: lb_k= 5 ub_k= 8
opt_k= 7
alpha= 0.75 beta= 1.9007 omega= 57.8307 k1= 3
lb_k= 2 ub_k= 3
revise: lb_k= 2 ub_k= 3
opt_k= 3
pseudo= 50 frac= 50
#candidates in phase1= 7
testing lp time= 2.28 s.
-----------------------------------------------------------------------------------------
  3-128 ,  44.99|   0-172 ,  36.62|   8-241 ,  36.62| 130-230 ,  36.05|  29-218 ,  32.65| 
 18-267 ,  31.75| 230-257 ,  18.53| 
-----------------------------------------------------------------------------------------
edge= 8 241 lp= 25.7183 pre= 1 lp2= 1.42401 pre2= 0 score= 36.6231
-----------------------------------------------------------------------------------------
edge= 0 172 lp= 25.7183 pre= 2 lp2= 1.42401 pre2= 0 score= 36.6231
-----------------------------------------------------------------------------------------
edge= 3 128 lp= 1.48684 pre= 0 lp2= 30.2574 pre2= 2 score= 44.9879
-----------------------------------------------------------------------------------------
candidate= 3-128 : +
-----------------------------------------------------------------------------------------
it= 4   ncol= 1492  ncstr= 600  mt= 0.4   spt= 0.0   lpval= 94030.5   ub= 94043.0  
-----------------------------------------------------------------------------------------
elapsed time= 303.50 s.
-----------------------------------------------------------------------------------------
candidate= 8-241 : -
-----------------------------------------------------------------------------------------
it= 3   ncol= 1445  ncstr= 600  mt= 0.3   spt= 0.0   lpval= 94040.2   ub= 94043.0  
-----------------------------------------------------------------------------------------
elapsed time= 303.82 s.
-----------------------------------------------------------------------------------------
brc= 8-241
t= 0.196648 c= 14.9567 n= 3 if_b4= 0
t= 0.390467 c= 18.4045 n= 3 if_b4= 0
#########################################################################################
tree size= 3 lb= 94015.1 ub= 94043
#########################################################################################
idx= 13 value= 94015.1 enu= 1
brc= 50-103 : -
brc= 76-103 : -
brc= 49-105 : -
brc= 70-133 : -
brc= 74-217 : -
brc= 233-246 : -
brc= 164-175 : +
brc= 167-232 : -
brc= 85-105 : -
brc= 3-269 : -
brc= 24-250 : -
brc= 33-281 : -
brc= 103-109 : +
brc= 55-241 : +
brc= 18-224 : -
brc= 141-164 : -
brc= 95-312 : +
brc= 164-285 : -
brc= 164-252 : -
brc= 258-311 : -
brc= 175-260 : -
brc= 184-303 : -
brc= 8-241 : +
it= 3   ncol= 1402  ncstr= 599  mt= 0.3   spt= 0.0   lpval= 94016.4   ub= 94043.0  
-----------------------------------------------------------------------------------------
elapsed time= 305.07 s.
-----------------------------------------------------------------------------------------
columns pending deletion= 4075 remain= 38436 col ratio= 0.89398 row ratio= 0.919866
 ****** Separate RCCs ****** 
 ****** Separate Rank1Cuts ****** 
it= 3   ncol= 1402  ncstr= 626  mt= 0.0   spt= 0.0   lpval= 94017.0   ub= 94043.0  
-----------------------------------------------------------------------------------------
elapsed time= 305.64 s.
-----------------------------------------------------------------------------------------
columns pending deletion= 7087 remain= 38436 col ratio= 0.815616 row ratio= 0.900958
[1;36m[REMIND] 2: gap improved= 0.572970 ratio= 0.022024 threshold= 0.040000 in function increaseCondition2 at /blue/yu.yang1/you.z/route_opt/packages/application/X-n313-k71/src/main/src/call_cutting.cpp:74[0m
 ****** Separate Rank1Cuts ****** 
it= 3   ncol= 1402  ncstr= 706  mt= 0.0   spt= 0.0   lpval= 94017.1   ub= 94043.0  
-----------------------------------------------------------------------------------------
elapsed time= 306.09 s.
-----------------------------------------------------------------------------------------
columns pending deletion= 8181 remain= 38436 col ratio= 0.787153 row ratio= 0.811615
current_r_best= 6.53154
alpha= 0.37 beta= 1.597 omega= 76.0583 k1= 5
lb_k= 1 ub_k= 37
revise: lb_k= 4 ub_k= 7
opt_k= 6
alpha= 0.75 beta= 1.597 omega= 47.1346 k1= 3
lb_k= 2 ub_k= 3
revise: lb_k= 2 ub_k= 3
opt_k= 3
pseudo= 50 frac= 50
#candidates in phase1= 6
testing lp time= 2.61 s.
-----------------------------------------------------------------------------------------
108-301 ,  34.90| 165-252 ,  21.80| 107-224 ,  18.04|   0-218 ,  15.70| 264-297 ,  11.06| 
189-250 ,   5.54| 
-----------------------------------------------------------------------------------------
edge= 165 252 lp= 0.83496 pre= 0 lp2= 26.11 pre2= 2 score= 21.8008
-----------------------------------------------------------------------------------------
edge= 107 224 lp= 0.690799 pre= 1 lp2= 26.11 pre2= 2 score= 18.0367
-----------------------------------------------------------------------------------------
edge= 108 301 lp= 1.97038 pre= 0 lp2= 17.7133 pre2= 1 score= 34.9019
-----------------------------------------------------------------------------------------
brc= 108-301
t= 0.200813 c= 12.2384 n= 4 if_b4= 0
t= 0.390467 c= 15.2576 n= 4 if_b4= 0
#########################################################################################
tree size= 4 lb= 94015.1 ub= 94043
#########################################################################################
idx= 14 value= 94015.1 enu= 1
brc= 50-103 : -
brc= 76-103 : -
brc= 49-105 : -
brc= 70-133 : -
brc= 74-217 : -
brc= 233-246 : -
brc= 164-175 : +
brc= 167-232 : -
brc= 85-105 : -
brc= 3-269 : -
brc= 24-250 : -
brc= 33-281 : -
brc= 103-109 : +
brc= 55-241 : +
brc= 18-224 : -
brc= 141-164 : -
brc= 95-312 : +
brc= 164-285 : -
brc= 164-252 : -
brc= 258-311 : -
brc= 175-260 : -
brc= 184-303 : -
brc= 8-241 : -
it= 3   ncol= 1432  ncstr= 599  mt= 0.0   spt= 0.0   lpval= 94040.2   ub= 94043.0  
-----------------------------------------------------------------------------------------
elapsed time= 309.84 s.
-----------------------------------------------------------------------------------------
delete columns= 37833 remain= 630
 ****** Separate RCCs ****** 
 ****** Separate Rank1Cuts ****** 
it= 4   ncol= 760   ncstr= 549  mt= 0.0   spt= 0.0   lpval= 94048.2   ub= 94043.0  
-----------------------------------------------------------------------------------------
elapsed time= 310.20 s.
-----------------------------------------------------------------------------------------
#########################################################################################
tree size= 3 lb= 94017.1 ub= 94043
#########################################################################################
idx= 15 value= 94017.1 enu= 1
brc= 50-103 : -
brc= 76-103 : -
brc= 49-105 : -
brc= 70-133 : -
brc= 74-217 : -
brc= 233-246 : -
brc= 164-175 : +
brc= 167-232 : -
brc= 85-105 : -
brc= 3-269 : -
brc= 24-250 : -
brc= 33-281 : -
brc= 103-109 : +
brc= 55-241 : +
brc= 18-224 : -
brc= 141-164 : -
brc= 95-312 : +
brc= 164-285 : -
brc= 164-252 : -
brc= 258-311 : -
brc= 175-260 : -
brc= 184-303 : -
brc= 8-241 : +
brc= 108-301 : +
it= 4   ncol= 1422  ncstr= 706  mt= 0.4   spt= 0.0   lpval= 94033.4   ub= 94043.0  
-----------------------------------------------------------------------------------------
elapsed time= 310.62 s.
-----------------------------------------------------------------------------------------
delete columns= 28075 remain= 2126
 ****** Separate RCCs ****** 
 ****** Separate Rank1Cuts ****** 
it= 3   ncol= 1178  ncstr= 581  mt= 0.0   spt= 0.0   lpval= 94040.0   ub= 94043.0  
-----------------------------------------------------------------------------------------
elapsed time= 311.40 s.
-----------------------------------------------------------------------------------------
delete columns= 1507 remain= 619
mip: row= 510 col= 1337 density= 3.32453%
mip time= 0.06 s.
mip status= 3
#########################################################################################
tree size= 2 lb= 94017.1 ub= 94043
#########################################################################################
idx= 16 value= 94017.1 enu= 1
brc= 50-103 : -
brc= 76-103 : -
brc= 49-105 : -
brc= 70-133 : -
brc= 74-217 : -
brc= 233-246 : -
brc= 164-175 : +
brc= 167-232 : -
brc= 85-105 : -
brc= 3-269 : -
brc= 24-250 : -
brc= 33-281 : -
brc= 103-109 : +
brc= 55-241 : +
brc= 18-224 : -
brc= 141-164 : -
brc= 95-312 : +
brc= 164-285 : -
brc= 164-252 : -
brc= 258-311 : -
brc= 175-260 : -
brc= 184-303 : -
brc= 8-241 : +
brc= 108-301 : -
it= 3   ncol= 1431  ncstr= 706  mt= 0.0   spt= 0.0   lpval= 94019.0   ub= 94043.0  
-----------------------------------------------------------------------------------------
elapsed time= 311.70 s.
-----------------------------------------------------------------------------------------
columns pending deletion= 6365 remain= 30254 col ratio= 0.789615 row ratio= 0.79745
 ****** Separate Rank1Cuts ****** 
it= 3   ncol= 1432  ncstr= 749  mt= 0.0   spt= 0.0   lpval= 94019.3   ub= 94043.0  
-----------------------------------------------------------------------------------------
elapsed time= 312.13 s.
-----------------------------------------------------------------------------------------
delete columns= 8562 remain= 21692
[1;36m[REMIND] 2: gap improved= 0.278566 ratio= 0.011757 threshold= 0.040000 in function increaseCondition2 at /blue/yu.yang1/you.z/route_opt/packages/application/X-n313-k71/src/main/src/call_cutting.cpp:74[0m
 ****** Separate Rank1Cuts ****** 
it= 2   ncol= 1434  ncstr= 592  mt= 0.0   spt= 0.0   lpval= 94019.4   ub= 94043.0  
-----------------------------------------------------------------------------------------
elapsed time= 312.91 s.
-----------------------------------------------------------------------------------------
columns pending deletion= 1196 remain= 21692 col ratio= 0.944864 row ratio= 0.942568
[1;36m[REMIND] 2: gap improved= 0.141615 ratio= 0.006013 threshold= 0.040000 in function increaseCondition2 at /blue/yu.yang1/you.z/route_opt/packages/application/X-n313-k71/src/main/src/call_cutting.cpp:74[0m
 ****** Separate RCCs ****** 
 ****** Separate Rank1Cuts ****** 
it= 2   ncol= 1427  ncstr= 604  mt= 0.0   spt= 0.0   lpval= 94019.5   ub= 94043.0  
-----------------------------------------------------------------------------------------
elapsed time= 313.23 s.
-----------------------------------------------------------------------------------------
columns pending deletion= 1473 remain= 21692 col ratio= 0.932095 row ratio= 0.937086
current_r_best= 6.53154
alpha= 0.37 beta= 1.22481 omega= 60.9441 k1= 4
lb_k= 1 ub_k= 37
revise: lb_k= 3 ub_k= 5
opt_k= 4
alpha= 0.75 beta= 1.22481 omega= 39.0752 k1= 3
lb_k= 1 ub_k= 3
revise: lb_k= 2 ub_k= 3
opt_k= 3
pseudo= 50 frac= 50
#candidates in phase1= 4
testing lp time= 1.31 s.
-----------------------------------------------------------------------------------------
138-213 ,  48.59|  28-60  ,   7.55|  49-50  ,   4.87|   0-114 ,   4.80| 
-----------------------------------------------------------------------------------------
edge= 49 50 lp= 0.126266 pre= 0 lp2= 38.5468 pre2= 1 score= 4.86717
-----------------------------------------------------------------------------------------
edge= 28 60 lp= 0.219421 pre= 0 lp2= 34.4056 pre2= 2 score= 7.54931
-----------------------------------------------------------------------------------------
edge= 138 213 lp= 1.26052 pre= 1 lp2= 38.5468 pre2= 2 score= 48.5889
-----------------------------------------------------------------------------------------
candidate= 138-213 : +
-----------------------------------------------------------------------------------------
it= 4   ncol= 1482  ncstr= 605  mt= 0.4   spt= 0.0   lpval= 94034.2   ub= 94043.0  
-----------------------------------------------------------------------------------------
elapsed time= 314.97 s.
-----------------------------------------------------------------------------------------
brc= 138-213
t= 0.19473 c= 10.5002 n= 5 if_b4= 0
t= 0.395395 c= 13.0908 n= 5 if_b4= 0
#########################################################################################
tree size= 3 lb= 94018.7 ub= 94043
#########################################################################################
idx= 11 value= 94018.7 enu= 1
brc= 50-103 : -
brc= 76-103 : -
brc= 49-105 : -
brc= 70-133 : -
brc= 74-217 : -
brc= 233-246 : -
brc= 164-175 : +
brc= 167-232 : -
brc= 85-105 : -
brc= 3-269 : -
brc= 24-250 : -
brc= 33-281 : -
brc= 103-109 : +
brc= 55-241 : +
brc= 18-224 : -
brc= 141-164 : -
brc= 95-312 : +
brc= 164-285 : -
brc= 164-252 : -
brc= 258-311 : -
brc= 175-260 : -
brc= 184-303 : +
brc= 0-172 : +
it= 3   ncol= 1396  ncstr= 639  mt= 0.4   spt= 0.0   lpval= 94020.0   ub= 94043.0  
-----------------------------------------------------------------------------------------
elapsed time= 316.19 s.
-----------------------------------------------------------------------------------------
columns pending deletion= 1717 remain= 18716 col ratio= 0.90826 row ratio= 0.874804
 ****** Separate Rank1Cuts ****** 
it= 3   ncol= 1383  ncstr= 651  mt= 0.0   spt= 0.0   lpval= 94020.3   ub= 94043.0  
-----------------------------------------------------------------------------------------
elapsed time= 316.62 s.
-----------------------------------------------------------------------------------------
columns pending deletion= 3023 remain= 18716 col ratio= 0.83848 row ratio= 0.857143
[1;36m[REMIND] 2: gap improved= 0.315629 ratio= 0.013903 threshold= 0.040000 in function increaseCondition2 at /blue/yu.yang1/you.z/route_opt/packages/application/X-n313-k71/src/main/src/call_cutting.cpp:74[0m
mip: row= 558 col= 17075 density= 4.58211%
mip time= 14.79 s.
mip status= 6
update f from 15.5043 to 22.702
#########################################################################################
tree size= 2 lb= 94018.7 ub= 94043
#########################################################################################
idx= 12 value= 94018.7 enu= 1
brc= 50-103 : -
brc= 76-103 : -
brc= 49-105 : -
brc= 70-133 : -
brc= 74-217 : -
brc= 233-246 : -
brc= 164-175 : +
brc= 167-232 : -
brc= 85-105 : -
brc= 3-269 : -
brc= 24-250 : -
brc= 33-281 : -
brc= 103-109 : +
brc= 55-241 : +
brc= 18-224 : -
brc= 141-164 : -
brc= 95-312 : +
brc= 164-285 : -
brc= 164-252 : -
brc= 258-311 : -
brc= 175-260 : -
brc= 184-303 : +
brc= 0-172 : -
it= 2   ncol= 1412  ncstr= 639  mt= 0.0   spt= 0.0   lpval= 94043.7   ub= 94043.0  
-----------------------------------------------------------------------------------------
elapsed time= 331.54 s.
-----------------------------------------------------------------------------------------
#########################################################################################
tree size= 1 lb= 94019.5 ub= 94043
#########################################################################################
idx= 17 value= 94019.5 enu= 1
brc= 50-103 : -
brc= 76-103 : -
brc= 49-105 : -
brc= 70-133 : -
brc= 74-217 : -
brc= 233-246 : -
brc= 164-175 : +
brc= 167-232 : -
brc= 85-105 : -
brc= 3-269 : -
brc= 24-250 : -
brc= 33-281 : -
brc= 103-109 : +
brc= 55-241 : +
brc= 18-224 : -
brc= 141-164 : -
brc= 95-312 : +
brc= 164-285 : -
brc= 164-252 : -
brc= 258-311 : -
brc= 175-260 : -
brc= 184-303 : -
brc= 8-241 : +
brc= 108-301 : -
brc= 138-213 : +
it= 4   ncol= 1477  ncstr= 604  mt= 0.4   spt= 0.0   lpval= 94034.2   ub= 94043.0  
-----------------------------------------------------------------------------------------
elapsed time= 331.96 s.
-----------------------------------------------------------------------------------------
delete columns= 18207 remain= 1989
 ****** Separate RCCs ****** 
 ****** Separate Rank1Cuts ****** 
it= 2   ncol= 1226  ncstr= 580  mt= 0.0   spt= 0.0   lpval= 94035.3   ub= 94043.0  
-----------------------------------------------------------------------------------------
elapsed time= 332.68 s.
-----------------------------------------------------------------------------------------
columns pending deletion= 413 remain= 1989 col ratio= 0.792358 row ratio= 0.953448
mip: row= 553 col= 2705 density= 3.67072%
mip time= 0.64 s.
mip status= 6
#########################################################################################
tree size= 0 lb= 94019.5 ub= 94043
#########################################################################################
idx= 18 value= 94019.5 enu= 1
brc= 50-103 : -
brc= 76-103 : -
brc= 49-105 : -
brc= 70-133 : -
brc= 74-217 : -
brc= 233-246 : -
brc= 164-175 : +
brc= 167-232 : -
brc= 85-105 : -
brc= 3-269 : -
brc= 24-250 : -
brc= 33-281 : -
brc= 103-109 : +
brc= 55-241 : +
brc= 18-224 : -
brc= 141-164 : -
brc= 95-312 : +
brc= 164-285 : -
brc= 164-252 : -
brc= 258-311 : -
brc= 175-260 : -
brc= 184-303 : -
brc= 8-241 : +
brc= 108-301 : -
brc= 138-213 : -
it= 3   ncol= 1435  ncstr= 604  mt= 0.1   spt= 0.0   lpval= 94020.7   ub= 94043.0  
-----------------------------------------------------------------------------------------
elapsed time= 333.70 s.
-----------------------------------------------------------------------------------------
columns pending deletion= 2032 remain= 20217 col ratio= 0.899491 row ratio= 0.925497
 ****** Separate RCCs ****** 
 ****** Separate Rank1Cuts ****** 
it= 3   ncol= 1431  ncstr= 678  mt= 0.0   spt= 0.0   lpval= 94021.7   ub= 94043.0  
-----------------------------------------------------------------------------------------
elapsed time= 334.11 s.
-----------------------------------------------------------------------------------------
columns pending deletion= 4458 remain= 20217 col ratio= 0.779493 row ratio= 0.833333
mip: row= 565 col= 17178 density= 4.54808%
mip time= 13.02 s.
mip status= 6
#########################################################################################
[32m<Instance: X-n313-k71>
<Solution>
<UB= 94043>
<LB= 94043>
<Elapsed Time= 347.2>
<Nodes Explored= 16>
<Global Gap= 0%>[0m
#########################################################################################
File nodes/X-n313-k71_6_5_0_2_G32.node deleted successfully.
