application type: CVRP
X-n313-k71_3_5_4_3_5_20_0_0_4_0_2_10_1_2_G32.node
Set parameter ServerTimeout to value 600
Set parameter TokenServer to value "grb-ts.ufhpc"
Set parameter Threads to value 1
instance name= X-n313-k71
#########################################################################################
tree size= 0 lb= 0 ub= 94044
#########################################################################################
idx= 5 value= 94000.1 enu= 0
brc= 50-103 : -
brc= 76-103 : -
brc= 49-105 : -
brc= 70-133 : +
brc= 164-295 : -
brc= 24-250 : -
brc= 57-64 : -
brc= 3-269 : -
brc= 137-150 : -
brc= 167-232 : +
brc= 57-130 : -
brc= 4-64 : -
brc= 18-301 : -
brc= 130-302 : -
brc= 0-227 : +
brc= 113-167 : -
brc= 62-296 : -
brc= 68-296 : -
brc= 88-124 : +
brc= 29-218 : -
brc= 145-281 : -
brc= 10-161 : -
brc= 74-260 : -
brc= 3-137 : -
brc= 164-175 : +
brc= 33-56 : -
brc= 95-260 : -
brc= 106-202 : -
brc= 1-103 : -
brc= 260-281 : -
brc= 175-260 : -
brc= 23-62 : -
brc= 64-276 : -
brc= 71-306 : -
brc= 19-237 : -
brc= 64-155 : -
brc= 199-307 : -
brc= 0-118 : -
brc= 43-290 : -
brc= 54-290 : -
brc= 185-253 : -
brc= 211-290 : -
brc= 33-95 : -
brc= 23-68 : -
brc= 68-118 : -
brc= 40-146 : +
brc= 0-83 : +
brc= 0-283 : +
brc= 41-261 : -
brc= 76-296 : -
brc= 145-208 : -
brc= 27-59 : -
brc= 0-59 : +
brc= 88-110 : +
brc= 103-283 : -
brc= 51-102 : -
brc= 0-55 : +
brc= 0-106 : -
brc= 0-117 : -
brc= 0-280 : -
brc= 0-234 : -
brc= 102-126 : -
brc= 171-280 : -
brc= 234-280 : -
brc= 112-131 : -
brc= 112-270 : -
brc= 0-262 : -
brc= 262-298 : +
brc= 19-269 : -
brc= 0-178 : +
brc= 92-263 : -
brc= 32-89 : -
brc= 64-237 : +
-----------------------------------------------------------------------------------------
 ****** Pricing Level: LIGHT HEUR ****** 
it= 18  ncol= 1192  ncstr= 664  mt= 0.7   spt= 0.4   lpval= 94044.5   ub= 94043.0  
 ****** Pricing Level: HEAVY HEUR ****** 
it= 9   ncol= 1379  ncstr= 664  mt= 0.3   spt= 0.5   lpval= 94029.4   ub= 94043.0  
 ****** Pricing Level: EXACT ****** 
it= 5   ncol= 1607  ncstr= 664  mt= 0.2   spt= 5.8   lpval= 94028.5   ub= 94043.0  
-----------------------------------------------------------------------------------------
elapsed time= 12.26 s.
-----------------------------------------------------------------------------------------
-----------------------------------------------------------------------------------------
 ****** Run Arc Elimination ****** 
arc elimination time= 0.43 s.
previous= 36.0502% maximum= 0.886583%
eliminate bucket arcs time= 0.28 s.
obtain jump arcs time= 0.01 s.
-----------------------------------------------------------------------------------------
-----------------------------------------------------------------------------------------
elapsed time= 13.31 s.
-----------------------------------------------------------------------------------------
-----------------------------------------------------------------------------------------
 ****** Try Enumeration ****** 
#labels= 14361 #routes= 2
labeling 1 time= 0.07 s.
concatenate time= 0.03 s.
#routes= 5605
average gap of successful enumeration= 0.00014395
next try value > 93996.1
-----------------------------------------------------------------------------------------
elapsed time= 13.47 s.
-----------------------------------------------------------------------------------------
 ****** Process Enumeration Matrix ****** 
delete non-ele routes lp val= 94029.8
recover rank1c lp val= 94029.8
recover rcc lp val= 94031.1
obtain rcc coefficient time= 0.00 s.
obtain r1c coefficient time= 0.01 s.
obtain matrix from triplets time= 0.01 s.
delete columns by branch time= 0.00 s.
columns pending deletion= 51 remain= 5605 col ratio= 0.990901 row ratio= 1
regenerate enumeration matrix time= 0.00 s.
-----------------------------------------------------------------------------------------
elapsed time= 15.45 s.
-----------------------------------------------------------------------------------------
it= 5   ncol= 1280  ncstr= 604  mt= 0.1   spt= 0.0   lpval= 94030.6   ub= 94043.0  
-----------------------------------------------------------------------------------------
elapsed time= 15.54 s.
-----------------------------------------------------------------------------------------
delete columns= 1997 remain= 3608
 ****** Separate RCCs ****** 
 ****** Separate Rank1Cuts ****** 
it= 4   ncol= 986   ncstr= 583  mt= 0.1   spt= 0.0   lpval= 94034.3   ub= 94043.0  
-----------------------------------------------------------------------------------------
elapsed time= 16.11 s.
-----------------------------------------------------------------------------------------
delete columns= 1612 remain= 1996
mip: row= 527 col= 2916 density= 4.06577%
mip time= 0.69 s.
mip status= 6
update f from 0 to 8.7328
#########################################################################################
[32m<Instance: X-n313-k71>
<Solution>
<UB= 94043>
<LB= 94043>
<Elapsed Time= 16.8>
<Nodes Explored= 1>
<Global Gap= 0%>[0m
#########################################################################################
File nodes/X-n313-k71_3_5_4_3_5_20_0_0_4_0_2_10_1_2_G32.node deleted successfully.
