application type: CVRP
X-n313-k71_6_0_0_0_1_0_2_2_1_5_0_G32.node
Set parameter ServerTimeout to value 600
Set parameter TokenServer to value "grb-ts.ufhpc"
Set parameter Threads to value 1
instance name= X-n313-k71
#########################################################################################
tree size= 0 lb= 0 ub= 94044
#########################################################################################
idx= 1 value= 94001.7 enu= 0
brc= 50-103 : -
brc= 76-103 : -
brc= 49-105 : -
brc= 70-133 : -
brc= 74-217 : -
brc= 233-246 : -
brc= 164-175 : +
brc= 167-232 : +
brc= 223-246 : +
brc= 13-104 : +
brc= 3-269 : -
brc= 250-278 : +
brc= 162-208 : +
brc= 53-54 : -
brc= 3-4 : -
brc= 243-267 : +
brc= 95-279 : -
brc= 22-248 : -
brc= 43-141 : +
brc= 6-60 : -
brc= 0-121 : +
brc= 32-152 : -
brc= 0-57 : -
brc= 0-31 : -
brc= 79-269 : -
brc= 19-269 : -
brc= 23-296 : +
brc= 217-280 : +
-----------------------------------------------------------------------------------------
 ****** Pricing Level: LIGHT HEUR ****** 
it= 10  ncol= 1633  ncstr= 608  mt= 0.5   spt= 0.2   lpval= 94029.6   ub= 94043.0  
 ****** Pricing Level: HEAVY HEUR ****** 
it= 4   ncol= 1689  ncstr= 608  mt= 0.1   spt= 0.2   lpval= 94024.4   ub= 94043.0  
 ****** Pricing Level: EXACT ****** 
it= 4   ncol= 1733  ncstr= 608  mt= 0.1   spt= 6.5   lpval= 94023.0   ub= 94043.0  
-----------------------------------------------------------------------------------------
elapsed time= 11.23 s.
-----------------------------------------------------------------------------------------
-----------------------------------------------------------------------------------------
 ****** Run Arc Elimination ****** 
arc elimination time= 1.39 s.
previous= 47.8805% maximum= 1.11617%
eliminate bucket arcs time= 0.41 s.
obtain jump arcs time= 0.01 s.
-----------------------------------------------------------------------------------------
-----------------------------------------------------------------------------------------
elapsed time= 13.38 s.
-----------------------------------------------------------------------------------------
-----------------------------------------------------------------------------------------
 ****** Try Enumeration ****** 
#labels= 33567 #routes= 0
labeling 1 time= 0.23 s.
concatenate time= 0.16 s.
#routes= 17643
average gap of successful enumeration= 0.000201987
next try value > 93995.9
-----------------------------------------------------------------------------------------
elapsed time= 13.83 s.
-----------------------------------------------------------------------------------------
 ****** Process Enumeration Matrix ****** 
delete non-ele routes lp val= 94023.5
recover rank1c lp val= 94024.7
recover rcc lp val= 94025
obtain rcc coefficient time= 0.00 s.
obtain r1c coefficient time= 0.03 s.
obtain matrix from triplets time= 0.02 s.
delete columns by branch time= 0.00 s.
columns pending deletion= 69 remain= 17643 col ratio= 0.996089 row ratio= 1
regenerate enumeration matrix time= 0.00 s.
-----------------------------------------------------------------------------------------
elapsed time= 15.28 s.
-----------------------------------------------------------------------------------------
it= 4   ncol= 1535  ncstr= 566  mt= 0.0   spt= 0.0   lpval= 94024.6   ub= 94043.0  
-----------------------------------------------------------------------------------------
elapsed time= 15.33 s.
-----------------------------------------------------------------------------------------
delete columns= 5992 remain= 11651
 ****** Separate RCCs ****** 
 ****** Separate Rank1Cuts ****** 
it= 4   ncol= 1421  ncstr= 589  mt= 0.1   spt= 0.0   lpval= 94031.0   ub= 94043.0  
-----------------------------------------------------------------------------------------
elapsed time= 16.08 s.
-----------------------------------------------------------------------------------------
delete columns= 7826 remain= 3825
mip: row= 526 col= 5158 density= 3.92624%
mip time= 1.27 s.
mip status= 6
update f from 0 to 12.0027
#########################################################################################
[32m<Instance: X-n313-k71>
<Solution>
<UB= 94043>
<LB= 94043>
<Elapsed Time= 17.4>
<Nodes Explored= 1>
<Global Gap= 0%>[0m
#########################################################################################
File nodes/X-n313-k71_6_0_0_0_1_0_2_2_1_5_0_G32.node deleted successfully.
