application type: CVRP
X-n313-k71_6_0_8_0_0_1_3_0_0_G32.node
Set parameter ServerTimeout to value 600
Set parameter TokenServer to value "grb-ts.ufhpc"
Set parameter Threads to value 1
instance name= X-n313-k71
#########################################################################################
tree size= 0 lb= 0 ub= 94044
#########################################################################################
idx= 1 value= 93983.8 enu= 0
brc= 50-103 : -
brc= 76-103 : -
brc= 49-105 : -
brc= 70-133 : -
brc= 74-217 : -
brc= 233-246 : -
brc= 164-175 : +
brc= 167-232 : +
brc= 223-246 : -
brc= 3-269 : -
brc= 128-150 : -
brc= 0-57 : -
brc= 141-164 : -
brc= 125-224 : -
brc= 189-278 : -
brc= 261-305 : -
brc= 100-157 : +
brc= 47-169 : +
brc= 13-65 : +
brc= 254-308 : -
brc= 19-60 : +
brc= 41-169 : -
brc= 186-242 : -
brc= 3-150 : -
brc= 258-311 : +
brc= 29-131 : +
brc= 2-106 : +
-----------------------------------------------------------------------------------------
 ****** Pricing Level: LIGHT HEUR ****** 
it= 14  ncol= 1473  ncstr= 595  mt= 0.2   spt= 0.3   lpval= 93991.7   ub= 94043.0  
 ****** Pricing Level: HEAVY HEUR ****** 
it= 7   ncol= 1567  ncstr= 595  mt= 0.1   spt= 0.5   lpval= 93989.8   ub= 94043.0  
 ****** Pricing Level: EXACT ****** 
it= 5   ncol= 1777  ncstr= 595  mt= 0.1   spt= 9.0   lpval= 93989.6   ub= 94043.0  
-----------------------------------------------------------------------------------------
elapsed time= 14.24 s.
-----------------------------------------------------------------------------------------
-----------------------------------------------------------------------------------------
 ****** Run Arc Elimination ****** 
arc elimination time= 12.87 s.
previous= 85.6826% maximum= 2.92675%
eliminate bucket arcs time= 0.83 s.
obtain jump arcs time= 0.01 s.
-----------------------------------------------------------------------------------------
-----------------------------------------------------------------------------------------
elapsed time= 28.29 s.
-----------------------------------------------------------------------------------------
 ****** Separate RCCs ****** 
 ****** Separate Rank1Cuts ****** 
-----------------------------------------------------------------------------------------
 ****** Pricing Level: LIGHT HEUR ****** 
it= 4   ncol= 1849  ncstr= 721  mt= 0.3   spt= 0.1   lpval= 93992.4   ub= 94043.0  
 ****** Pricing Level: HEAVY HEUR ****** 
it= 7   ncol= 1954  ncstr= 721  mt= 0.1   spt= 0.5   lpval= 93991.8   ub= 94043.0  
 ****** Pricing Level: EXACT ****** 
it= 6   ncol= 2328  ncstr= 721  mt= 0.2   spt= 11.8  lpval= 93991.6   ub= 94043.0  
-----------------------------------------------------------------------------------------
elapsed time= 43.17 s.
-----------------------------------------------------------------------------------------
[1;36m[REMIND] 2: gap improved= 1.954058 ratio= 0.038013 threshold= 0.040000 in function increaseCondition2 at /blue/yu.yang1/you.z/route_opt/packages/application/X-n313-k71/src/main/src/call_cutting.cpp:74[0m
 ****** Separate RCCs ****** 
 ****** Separate Rank1Cuts ****** 
-----------------------------------------------------------------------------------------
 ****** Pricing Level: LIGHT HEUR ****** 
it= 2   ncol= 2329  ncstr= 654  mt= 0.2   spt= 0.1   lpval= 93993.1   ub= 94043.0  
 ****** Pricing Level: HEAVY HEUR ****** 
it= 2   ncol= 2339  ncstr= 654  mt= 0.0   spt= 0.1   lpval= 93993.1   ub= 94043.0  
 ****** Pricing Level: EXACT ****** 
it= 2   ncol= 2357  ncstr= 654  mt= 0.0   spt= 3.8   lpval= 93993.1   ub= 94043.0  
-----------------------------------------------------------------------------------------
elapsed time= 48.42 s.
-----------------------------------------------------------------------------------------
[1;36m[REMIND] 2: gap improved= 1.541672 ratio= 0.030918 threshold= 0.040000 in function increaseCondition2 at /blue/yu.yang1/you.z/route_opt/packages/application/X-n313-k71/src/main/src/call_cutting.cpp:74[0m
 ****** Separate RCCs ****** 
 ****** Separate Rank1Cuts ****** 
-----------------------------------------------------------------------------------------
 ****** Pricing Level: LIGHT HEUR ****** 
it= 2   ncol= 2363  ncstr= 637  mt= 0.2   spt= 0.1   lpval= 93994.1   ub= 94043.0  
 ****** Pricing Level: HEAVY HEUR ****** 
it= 3   ncol= 2375  ncstr= 637  mt= 0.0   spt= 0.2   lpval= 93994.1   ub= 94043.0  
 ****** Pricing Level: EXACT ****** 
it= 2   ncol= 2383  ncstr= 637  mt= 0.0   spt= 4.1   lpval= 93994.1   ub= 94043.0  
-----------------------------------------------------------------------------------------
elapsed time= 54.07 s.
-----------------------------------------------------------------------------------------
[1;36m[REMIND] 2: gap improved= 0.934084 ratio= 0.019090 threshold= 0.040000 in function increaseCondition2 at /blue/yu.yang1/you.z/route_opt/packages/application/X-n313-k71/src/main/src/call_cutting.cpp:74[0m
[1;36m[REMIND] tail off counter= 3 threshold= 3 in function setIfTailOff at /blue/yu.yang1/you.z/route_opt/packages/application/X-n313-k71/src/main/src/call_cutting.cpp:150[0m
[1;36m[REMIND] opt_k not found for node 1, use m directly in function getOptK at /blue/yu.yang1/you.z/route_opt/packages/branching/bkf/include/bkf_controller.hpp:239[0m
current_r_best= 7.49712
we directly test 100
we directly test 4
pseudo= 50 frac= 50
#candidates in phase1= 100
testing lp time= 30.80 s.
-----------------------------------------------------------------------------------------
208-224 ,  38.68|  24-162 ,  36.68| 145-204 ,  35.29| 183-308 ,  34.32|  81-183 ,  34.32| 
119-308 ,  34.32|  95-252 ,  27.83| 164-295 ,  26.04| 250-278 ,  23.83| 221-228 ,  22.96| 
 17-272 ,  22.93|   9-150 ,  21.53| 155-204 ,  19.86|  56-228 ,  17.88|  17-264 ,  16.65| 
114-272 ,  16.25| 115-139 ,  14.58|  92-197 ,  14.22|   0-183 ,  14.22| 217-257 ,  13.54| 
217-265 ,  13.54| 119-240 ,  12.31|  59-68  ,  11.51| 139-269 ,  10.72|  72-295 ,  10.68| 
 74-248 ,  10.57| 161-184 ,  10.57| 189-226 ,  10.32| 208-226 ,  10.32| 132-257 ,   9.21| 
 19-269 ,   8.92| 112-165 ,   8.65|  79-269 ,   8.60| 224-287 ,   8.50|  90-116 ,   8.20| 
162-250 ,   7.99|   1-105 ,   7.81|  74-312 ,   7.59| 217-312 ,   7.40|  32-51  ,   7.01| 
157-305 ,   6.96| 100-240 ,   6.96|   0-207 ,   6.96|  84-116 ,   6.88| 109-138 ,   6.52| 
  4-79  ,   6.37| 233-263 ,   6.26|  71-109 ,   6.21| 132-230 ,   6.16|  89-202 ,   6.05| 
149-274 ,   5.98|  87-139 ,   5.52| 207-257 ,   5.45|   0-132 ,   5.36|   4-126 ,   5.30| 
  0-100 ,   5.19|  24-189 ,   5.14|  24-155 ,   5.14|  92-227 ,   4.89| 245-264 ,   4.78| 
197-227 ,   4.69|  25-260 ,   4.55|  95-260 ,   4.55| 119-242 ,   3.93| 149-205 ,   3.82| 
201-302 ,   3.75|   0-201 ,   3.75|   0-109 ,   3.65| 201-218 ,   3.56|  74-234 ,   3.41| 
171-299 ,   3.41|  74-299 ,   3.41|   0-226 ,   3.39| 135-231 ,   3.24| 132-155 ,   3.15| 
179-297 ,   2.85| 126-152 ,   2.80|   0-105 ,   2.76|   0-91  ,   2.76|  94-135 ,   2.66| 
 94-98  ,   2.25|  82-269 ,   2.02|   0-9   ,   1.72| 123-135 ,   1.21|   0-274 ,   1.01| 
 67-185 ,   0.87| 173-196 ,   0.83|   0-21  ,   0.81| 216-251 ,   0.72| 180-244 ,   0.62| 
136-235 ,   0.60| 177-216 ,   0.60| 158-205 ,   0.58| 173-238 ,   0.45|   0-139 ,   0.27| 
149-238 ,   0.24|  48-133 ,   0.21| 163-271 ,   0.18|  82-277 ,   0.13|   0-277 ,   0.13| 
-----------------------------------------------------------------------------------------
edge= 183 308 lp= 22.7845 pre= 2 lp2= 1.50632 pre2= 2 score= 34.3209
-----------------------------------------------------------------------------------------
edge= 145 204 lp= 0.374751 pre= 2 lp2= 94.1593 pre2= 2 score= 35.2863
-----------------------------------------------------------------------------------------
edge= 24 162 lp= 0.389504 pre= 2 lp2= 94.1593 pre2= 2 score= 36.6754
-----------------------------------------------------------------------------------------
edge= 208 224 lp= 0.410828 pre= 2 lp2= 94.1593 pre2= 2 score= 38.6833
-----------------------------------------------------------------------------------------
candidate= 208-224 : -
-----------------------------------------------------------------------------------------
-----------------------------------------------------------------------------------------
 ****** Pricing Level: LIGHT HEUR ****** 
it= 2   ncol= 1605  ncstr= 590  mt= 0.2   spt= 0.1   lpval= 93994.5   ub= 94043.0  
 ****** Pricing Level: HEAVY HEUR ****** 
it= 3   ncol= 1616  ncstr= 590  mt= 0.0   spt= 0.2   lpval= 93994.5   ub= 94043.0  
-----------------------------------------------------------------------------------------
elapsed time= 85.98 s.
-----------------------------------------------------------------------------------------
candidate= 208-224 : +
-----------------------------------------------------------------------------------------
-----------------------------------------------------------------------------------------
 ****** Pricing Level: LIGHT HEUR ****** 
it= 5   ncol= 1684  ncstr= 590  mt= 0.5   spt= 0.1   lpval= 94005.4   ub= 94043.0  
 ****** Pricing Level: HEAVY HEUR ****** 
it= 5   ncol= 1736  ncstr= 590  mt= 0.1   spt= 0.3   lpval= 94005.0   ub= 94043.0  
-----------------------------------------------------------------------------------------
elapsed time= 87.46 s.
-----------------------------------------------------------------------------------------
candidate= 24-162 : -
-----------------------------------------------------------------------------------------
-----------------------------------------------------------------------------------------
 ****** Pricing Level: LIGHT HEUR ****** 
it= 4   ncol= 1645  ncstr= 590  mt= 0.2   spt= 0.1   lpval= 93994.5   ub= 94043.0  
 ****** Pricing Level: HEAVY HEUR ****** 
it= 3   ncol= 1653  ncstr= 590  mt= 0.0   spt= 0.2   lpval= 93994.5   ub= 94043.0  
-----------------------------------------------------------------------------------------
elapsed time= 88.32 s.
-----------------------------------------------------------------------------------------
candidate= 24-162 : +
-----------------------------------------------------------------------------------------
-----------------------------------------------------------------------------------------
 ****** Pricing Level: LIGHT HEUR ****** 
it= 5   ncol= 1684  ncstr= 590  mt= 0.5   spt= 0.1   lpval= 94017.2   ub= 94043.0  
 ****** Pricing Level: HEAVY HEUR ****** 
it= 4   ncol= 1723  ncstr= 590  mt= 0.0   spt= 0.3   lpval= 94017.0   ub= 94043.0  
-----------------------------------------------------------------------------------------
elapsed time= 89.68 s.
-----------------------------------------------------------------------------------------
candidate= 145-204 : -
-----------------------------------------------------------------------------------------
-----------------------------------------------------------------------------------------
 ****** Pricing Level: LIGHT HEUR ****** 
it= 3   ncol= 1608  ncstr= 590  mt= 0.2   spt= 0.1   lpval= 93994.4   ub= 94043.0  
 ****** Pricing Level: HEAVY HEUR ****** 
it= 4   ncol= 1615  ncstr= 590  mt= 0.0   spt= 0.3   lpval= 93994.4   ub= 94043.0  
-----------------------------------------------------------------------------------------
elapsed time= 90.59 s.
-----------------------------------------------------------------------------------------
candidate= 145-204 : +
-----------------------------------------------------------------------------------------
-----------------------------------------------------------------------------------------
 ****** Pricing Level: LIGHT HEUR ****** 
it= 6   ncol= 1687  ncstr= 590  mt= 0.5   spt= 0.1   lpval= 94024.8   ub= 94043.0  
 ****** Pricing Level: HEAVY HEUR ****** 
it= 4   ncol= 1716  ncstr= 590  mt= 0.1   spt= 0.3   lpval= 94022.9   ub= 94043.0  
-----------------------------------------------------------------------------------------
elapsed time= 92.10 s.
-----------------------------------------------------------------------------------------
candidate= 183-308 : -
-----------------------------------------------------------------------------------------
-----------------------------------------------------------------------------------------
 ****** Pricing Level: LIGHT HEUR ****** 
it= 7   ncol= 1709  ncstr= 590  mt= 0.4   spt= 0.2   lpval= 94003.2   ub= 94043.0  
 ****** Pricing Level: HEAVY HEUR ****** 
it= 4   ncol= 1759  ncstr= 590  mt= 0.1   spt= 0.3   lpval= 94002.4   ub= 94043.0  
-----------------------------------------------------------------------------------------
elapsed time= 93.61 s.
-----------------------------------------------------------------------------------------
candidate= 183-308 : +
-----------------------------------------------------------------------------------------
-----------------------------------------------------------------------------------------
 ****** Pricing Level: LIGHT HEUR ****** 
it= 4   ncol= 1633  ncstr= 590  mt= 0.2   spt= 0.1   lpval= 93995.3   ub= 94043.0  
 ****** Pricing Level: HEAVY HEUR ****** 
it= 3   ncol= 1653  ncstr= 590  mt= 0.0   spt= 0.2   lpval= 93995.2   ub= 94043.0  
-----------------------------------------------------------------------------------------
elapsed time= 94.49 s.
-----------------------------------------------------------------------------------------
brc= 145-204
t= 0.154003 c= 56.4252 n= 0 if_b4= 1
t= 1.14913 c= 67.2289 n= 0 if_b4= 1
nodes already exists
memory usage= 4GB.
#########################################################################################
tree size= 0 lb= 93994.1 ub= 94043
#########################################################################################
idx= 2 value= 93994.1 enu= 0
brc= 50-103 : -
brc= 76-103 : -
brc= 49-105 : -
brc= 70-133 : -
brc= 74-217 : -
brc= 233-246 : -
brc= 164-175 : +
brc= 167-232 : +
brc= 223-246 : -
brc= 3-269 : -
brc= 128-150 : -
brc= 0-57 : -
brc= 141-164 : -
brc= 125-224 : -
brc= 189-278 : -
brc= 261-305 : -
brc= 100-157 : +
brc= 47-169 : +
brc= 13-65 : +
brc= 254-308 : -
brc= 19-60 : +
brc= 41-169 : -
brc= 186-242 : -
brc= 3-150 : -
brc= 258-311 : +
brc= 29-131 : +
brc= 2-106 : +
brc= 145-204 : -
-----------------------------------------------------------------------------------------
 ****** Pricing Level: LIGHT HEUR ****** 
it= 3   ncol= 1607  ncstr= 589  mt= 0.2   spt= 0.1   lpval= 93994.4   ub= 94043.0  
 ****** Pricing Level: HEAVY HEUR ****** 
it= 4   ncol= 1614  ncstr= 589  mt= 0.0   spt= 0.3   lpval= 93994.4   ub= 94043.0  
 ****** Pricing Level: EXACT ****** 
it= 3   ncol= 1622  ncstr= 589  mt= 0.0   spt= 5.7   lpval= 93994.4   ub= 94043.0  
-----------------------------------------------------------------------------------------
elapsed time= 101.93 s.
-----------------------------------------------------------------------------------------
-----------------------------------------------------------------------------------------
 ****** Run Arc Elimination ****** 
arc elimination time= 10.67 s.
previous= 90.436% maximum= 2.64655%
eliminate bucket arcs time= 0.76 s.
obtain jump arcs time= 0.01 s.
-----------------------------------------------------------------------------------------
-----------------------------------------------------------------------------------------
elapsed time= 113.39 s.
-----------------------------------------------------------------------------------------
-----------------------------------------------------------------------------------------
 ****** Try Enumeration ****** 
max_val= 89250 stop_b= 10 max_idx= 8 num_label= 325307 max_label_in_enumeration= 500000 q= 23.0296 aq.size()= 21 left_bin= 2 left_labels= 174693
status= LABEL_FOR_LIMIT
#labels= 325307 #routes= 23
labeling 1 time= 12.44 s.
next try value > 94004.4
-----------------------------------------------------------------------------------------
elapsed time= 125.90 s.
-----------------------------------------------------------------------------------------
 ****** Separate RCCs ****** 
 ****** Separate Rank1Cuts ****** 
-----------------------------------------------------------------------------------------
 ****** Pricing Level: LIGHT HEUR ****** 
it= 6   ncol= 1712  ncstr= 781  mt= 0.4   spt= 0.2   lpval= 93995.0   ub= 94043.0  
 ****** Pricing Level: HEAVY HEUR ****** 
it= 4   ncol= 1758  ncstr= 781  mt= 0.0   spt= 0.3   lpval= 93995.0   ub= 94043.0  
 ****** Pricing Level: EXACT ****** 
it= 4   ncol= 1827  ncstr= 781  mt= 0.1   spt= 8.2   lpval= 93994.9   ub= 94043.0  
-----------------------------------------------------------------------------------------
elapsed time= 136.72 s.
-----------------------------------------------------------------------------------------
[1;36m[REMIND] 2: gap improved= 0.501506 ratio= 0.010436 threshold= 0.040000 in function increaseCondition2 at /blue/yu.yang1/you.z/route_opt/packages/application/X-n313-k71/src/main/src/call_cutting.cpp:74[0m
 ****** Separate RCCs ****** 
 ****** Separate Rank1Cuts ****** 
-----------------------------------------------------------------------------------------
 ****** Pricing Level: LIGHT HEUR ****** 
it= 2   ncol= 1829  ncstr= 649  mt= 0.3   spt= 0.1   lpval= 93995.2   ub= 94043.0  
 ****** Pricing Level: HEAVY HEUR ****** 
it= 3   ncol= 1841  ncstr= 649  mt= 0.0   spt= 0.2   lpval= 93995.2   ub= 94043.0  
 ****** Pricing Level: EXACT ****** 
it= 3   ncol= 1866  ncstr= 649  mt= 0.0   spt= 5.7   lpval= 93995.2   ub= 94043.0  
-----------------------------------------------------------------------------------------
elapsed time= 144.10 s.
-----------------------------------------------------------------------------------------
[1;36m[REMIND] 2: gap improved= 0.288630 ratio= 0.006043 threshold= 0.040000 in function increaseCondition2 at /blue/yu.yang1/you.z/route_opt/packages/application/X-n313-k71/src/main/src/call_cutting.cpp:74[0m
 ****** Separate RCCs ****** 
 ****** Separate Rank1Cuts ****** 
-----------------------------------------------------------------------------------------
 ****** Pricing Level: LIGHT HEUR ****** 
it= 1   ncol= 1866  ncstr= 644  mt= 0.2   spt= 0.0   lpval= 93995.3   ub= 94043.0  
 ****** Pricing Level: HEAVY HEUR ****** 
it= 2   ncol= 1870  ncstr= 644  mt= 0.0   spt= 0.1   lpval= 93995.3   ub= 94043.0  
 ****** Pricing Level: EXACT ****** 
it= 3   ncol= 1880  ncstr= 644  mt= 0.0   spt= 5.7   lpval= 93995.3   ub= 94043.0  
-----------------------------------------------------------------------------------------
elapsed time= 151.07 s.
-----------------------------------------------------------------------------------------
current_r_best= 0.891089
pseudo= 50 frac= 50
#candidates in phase1= 37
testing lp time= 10.28 s.
-----------------------------------------------------------------------------------------
 81-183 ,  69.62| 119-308 ,  69.62| 119-240 ,  20.42|  24-230 ,  14.95| 100-240 ,  13.07| 
184-303 ,   8.62|  75-303 ,   8.62| 117-207 ,   8.31| 139-269 ,   7.47| 207-257 ,   6.76| 
 71-109 ,   6.37|   0-207 ,   6.25| 132-230 ,   5.82|   0-100 ,   5.81|   1-105 ,   5.74| 
 79-269 ,   5.07|   7-141 ,   2.82|  33-228 ,   2.82|   0-201 ,   2.21|  25-218 ,   2.19| 
215-239 ,   1.81|  87-155 ,   1.79|  25-90  ,   1.60| 108-145 ,   1.60| 201-218 ,   1.00| 
 33-164 ,   0.93|  24-89  ,   0.85| 136-291 ,   0.66| 206-290 ,   0.54|  42-173 ,   0.46| 
206-310 ,   0.42| 180-195 ,   0.39|   0-206 ,   0.27| 149-195 ,   0.15| 127-182 ,   0.06| 
 54-211 ,   0.00| 193-229 ,   0.00| 
-----------------------------------------------------------------------------------------
edge= 119 240 lp= 11.0412 pre= 2 lp2= 1.8491 pre2= 2 score= 20.4164
-----------------------------------------------------------------------------------------
edge= 119 308 lp= 1.54853 pre= 2 lp2= 44.959 pre2= 2 score= 69.6205
-----------------------------------------------------------------------------------------
edge= 81 183 lp= 44.959 pre= 2 lp2= 1.54854 pre2= 2 score= 69.6207
-----------------------------------------------------------------------------------------
candidate= 81-183 : -
-----------------------------------------------------------------------------------------
-----------------------------------------------------------------------------------------
 ****** Pricing Level: LIGHT HEUR ****** 
it= 7   ncol= 1414  ncstr= 600  mt= 0.4   spt= 0.2   lpval= 94002.7   ub= 94043.0  
 ****** Pricing Level: HEAVY HEUR ****** 
it= 3   ncol= 1432  ncstr= 600  mt= 0.0   spt= 0.2   lpval= 94002.7   ub= 94043.0  
-----------------------------------------------------------------------------------------
elapsed time= 163.10 s.
-----------------------------------------------------------------------------------------
candidate= 119-308 : -
-----------------------------------------------------------------------------------------
-----------------------------------------------------------------------------------------
 ****** Pricing Level: LIGHT HEUR ****** 
it= 8   ncol= 1407  ncstr= 600  mt= 0.2   spt= 0.2   lpval= 93996.6   ub= 94043.0  
 ****** Pricing Level: HEAVY HEUR ****** 
it= 3   ncol= 1434  ncstr= 600  mt= 0.0   spt= 0.2   lpval= 93996.4   ub= 94043.0  
-----------------------------------------------------------------------------------------
elapsed time= 164.37 s.
-----------------------------------------------------------------------------------------
candidate= 119-308 : +
-----------------------------------------------------------------------------------------
-----------------------------------------------------------------------------------------
 ****** Pricing Level: LIGHT HEUR ****** 
it= 9   ncol= 1433  ncstr= 600  mt= 0.5   spt= 0.2   lpval= 94005.2   ub= 94043.0  
 ****** Pricing Level: HEAVY HEUR ****** 
it= 3   ncol= 1457  ncstr= 600  mt= 0.0   spt= 0.2   lpval= 94004.5   ub= 94043.0  
-----------------------------------------------------------------------------------------
elapsed time= 165.93 s.
-----------------------------------------------------------------------------------------
candidate= 119-240 : -
-----------------------------------------------------------------------------------------
-----------------------------------------------------------------------------------------
 ****** Pricing Level: LIGHT HEUR ****** 
it= 6   ncol= 1386  ncstr= 600  mt= 0.3   spt= 0.1   lpval= 94002.4   ub= 94043.0  
 ****** Pricing Level: HEAVY HEUR ****** 
it= 3   ncol= 1407  ncstr= 600  mt= 0.0   spt= 0.2   lpval= 94002.0   ub= 94043.0  
-----------------------------------------------------------------------------------------
elapsed time= 167.04 s.
-----------------------------------------------------------------------------------------
candidate= 119-240 : +
-----------------------------------------------------------------------------------------
-----------------------------------------------------------------------------------------
 ****** Pricing Level: LIGHT HEUR ****** 
it= 8   ncol= 1406  ncstr= 600  mt= 0.3   spt= 0.2   lpval= 93997.0   ub= 94043.0  
 ****** Pricing Level: HEAVY HEUR ****** 
it= 4   ncol= 1458  ncstr= 600  mt= 0.1   spt= 0.3   lpval= 93996.5   ub= 94043.0  
-----------------------------------------------------------------------------------------
elapsed time= 168.49 s.
-----------------------------------------------------------------------------------------
candidate= 81-183 : +
-----------------------------------------------------------------------------------------
-----------------------------------------------------------------------------------------
 ****** Pricing Level: LIGHT HEUR ****** 
it= 8   ncol= 1416  ncstr= 600  mt= 0.2   spt= 0.2   lpval= 93996.6   ub= 94043.0  
 ****** Pricing Level: HEAVY HEUR ****** 
it= 3   ncol= 1455  ncstr= 600  mt= 0.0   spt= 0.2   lpval= 93996.4   ub= 94043.0  
-----------------------------------------------------------------------------------------
elapsed time= 169.77 s.
-----------------------------------------------------------------------------------------
brc= 119-308
t= 0.146493 c= 58.3677 n= 1 if_b4= 1
t= 1.24085 c= 64.3419 n= 1 if_b4= 1
nodes already exists
memory usage= 6GB.
#########################################################################################
tree size= 0 lb= 93995.3 ub= 94043
#########################################################################################
idx= 4 value= 93995.3 enu= 0
brc= 50-103 : -
brc= 76-103 : -
brc= 49-105 : -
brc= 70-133 : -
brc= 74-217 : -
brc= 233-246 : -
brc= 164-175 : +
brc= 167-232 : +
brc= 223-246 : -
brc= 3-269 : -
brc= 128-150 : -
brc= 0-57 : -
brc= 141-164 : -
brc= 125-224 : -
brc= 189-278 : -
brc= 261-305 : -
brc= 100-157 : +
brc= 47-169 : +
brc= 13-65 : +
brc= 254-308 : -
brc= 19-60 : +
brc= 41-169 : -
brc= 186-242 : -
brc= 3-150 : -
brc= 258-311 : +
brc= 29-131 : +
brc= 2-106 : +
brc= 145-204 : -
brc= 119-308 : -
-----------------------------------------------------------------------------------------
 ****** Pricing Level: LIGHT HEUR ****** 
it= 8   ncol= 1394  ncstr= 599  mt= 0.2   spt= 0.2   lpval= 93996.6   ub= 94043.0  
 ****** Pricing Level: HEAVY HEUR ****** 
it= 4   ncol= 1430  ncstr= 599  mt= 0.0   spt= 0.3   lpval= 93996.4   ub= 94043.0  
 ****** Pricing Level: EXACT ****** 
it= 4   ncol= 1660  ncstr= 599  mt= 0.1   spt= 6.9   lpval= 93996.4   ub= 94043.0  
-----------------------------------------------------------------------------------------
elapsed time= 179.01 s.
-----------------------------------------------------------------------------------------
 ****** Separate RCCs ****** 
 ****** Separate Rank1Cuts ****** 
-----------------------------------------------------------------------------------------
 ****** Pricing Level: LIGHT HEUR ****** 
it= 3   ncol= 1692  ncstr= 615  mt= 0.2   spt= 0.1   lpval= 93996.8   ub= 94043.0  
 ****** Pricing Level: HEAVY HEUR ****** 
it= 4   ncol= 1700  ncstr= 615  mt= 0.0   spt= 0.3   lpval= 93996.8   ub= 94043.0  
 ****** Pricing Level: EXACT ****** 
it= 3   ncol= 1723  ncstr= 615  mt= 0.0   spt= 5.7   lpval= 93996.8   ub= 94043.0  
-----------------------------------------------------------------------------------------
elapsed time= 186.34 s.
-----------------------------------------------------------------------------------------
[1;36m[REMIND] 2: gap improved= 0.344075 ratio= 0.007440 threshold= 0.040000 in function increaseCondition2 at /blue/yu.yang1/you.z/route_opt/packages/application/X-n313-k71/src/main/src/call_cutting.cpp:74[0m
 ****** Separate RCCs ****** 
 ****** Separate Rank1Cuts ****** 
-----------------------------------------------------------------------------------------
 ****** Pricing Level: LIGHT HEUR ****** 
it= 2   ncol= 1730  ncstr= 668  mt= 0.2   spt= 0.1   lpval= 93997.1   ub= 94043.0  
 ****** Pricing Level: HEAVY HEUR ****** 
it= 3   ncol= 1743  ncstr= 668  mt= 0.0   spt= 0.2   lpval= 93997.0   ub= 94043.0  
 ****** Pricing Level: EXACT ****** 
it= 3   ncol= 1760  ncstr= 668  mt= 0.1   spt= 6.0   lpval= 93997.0   ub= 94043.0  
-----------------------------------------------------------------------------------------
elapsed time= 193.83 s.
-----------------------------------------------------------------------------------------
[1;36m[REMIND] 2: gap improved= 0.210863 ratio= 0.004581 threshold= 0.040000 in function increaseCondition2 at /blue/yu.yang1/you.z/route_opt/packages/application/X-n313-k71/src/main/src/call_cutting.cpp:74[0m
 ****** Separate RCCs ****** 
 ****** Separate Rank1Cuts ****** 
-----------------------------------------------------------------------------------------
 ****** Pricing Level: LIGHT HEUR ****** 
it= 3   ncol= 1770  ncstr= 714  mt= 0.3   spt= 0.1   lpval= 93997.2   ub= 94043.0  
 ****** Pricing Level: HEAVY HEUR ****** 
it= 3   ncol= 1779  ncstr= 714  mt= 0.0   spt= 0.2   lpval= 93997.2   ub= 94043.0  
 ****** Pricing Level: EXACT ****** 
it= 3   ncol= 1792  ncstr= 714  mt= 0.0   spt= 5.5   lpval= 93997.2   ub= 94043.0  
-----------------------------------------------------------------------------------------
elapsed time= 201.14 s.
-----------------------------------------------------------------------------------------
[1;36m[REMIND] 2: gap improved= 0.233692 ratio= 0.005102 threshold= 0.040000 in function increaseCondition2 at /blue/yu.yang1/you.z/route_opt/packages/application/X-n313-k71/src/main/src/call_cutting.cpp:74[0m
[1;36m[REMIND] tail off counter= 3 threshold= 3 in function setIfTailOff at /blue/yu.yang1/you.z/route_opt/packages/application/X-n313-k71/src/main/src/call_cutting.cpp:150[0m
current_r_best= 1.37908
pseudo= 50 frac= 50
#candidates in phase1= 37
testing lp time= 10.91 s.
-----------------------------------------------------------------------------------------
221-228 , 161.41|  24-230 ,  40.52| 181-194 ,  16.61|  12-76  ,  16.21|  59-76  ,  16.20| 
  0-134 ,  16.19|  17-264 ,  13.93|  75-303 ,   9.73| 117-207 ,   8.03| 139-269 ,   7.91| 
207-257 ,   7.84|  79-269 ,   7.56| 161-184 ,   7.47|   0-100 ,   6.81|   0-207 ,   6.53| 
181-220 ,   4.82| 200-220 ,   4.82| 119-254 ,   4.65|   0-260 ,   4.27|  25-72  ,   4.27| 
175-260 ,   4.27| 285-295 ,   4.27| 132-230 ,   3.95| 189-201 ,   3.81|  41-119 ,   3.75| 
100-232 ,   3.75|  56-281 ,   2.28| 196-238 ,   1.76|   0-201 ,   1.67|   8-307 ,   1.63| 
  8-241 ,   1.63| 108-127 ,   1.40| 160-235 ,   1.28| 201-218 ,   1.17|  42-98  ,   0.85| 
163-222 ,   0.69| 247-273 ,   0.41| 
-----------------------------------------------------------------------------------------
edge= 181 194 lp= 13.5131 pre= 2 lp2= 1.22951 pre2= 2 score= 16.6144
-----------------------------------------------------------------------------------------
edge= 24 230 lp= 0.520522 pre= 2 lp2= 77.8355 pre2= 2 score= 40.5151
-----------------------------------------------------------------------------------------
edge= 221 228 lp= 14.0369 pre= 2 lp2= 11.4986 pre2= 2 score= 161.405
-----------------------------------------------------------------------------------------
candidate= 221-228 : -
-----------------------------------------------------------------------------------------
-----------------------------------------------------------------------------------------
 ****** Pricing Level: LIGHT HEUR ****** 
it= 6   ncol= 1322  ncstr= 614  mt= 0.4   spt= 0.2   lpval= 93999.6   ub= 94043.0  
 ****** Pricing Level: HEAVY HEUR ****** 
it= 6   ncol= 1416  ncstr= 614  mt= 0.1   spt= 0.4   lpval= 93998.9   ub= 94043.0  
-----------------------------------------------------------------------------------------
elapsed time= 213.81 s.
-----------------------------------------------------------------------------------------
candidate= 24-230 : -
-----------------------------------------------------------------------------------------
-----------------------------------------------------------------------------------------
 ****** Pricing Level: LIGHT HEUR ****** 
it= 6   ncol= 1294  ncstr= 614  mt= 0.2   spt= 0.1   lpval= 93997.7   ub= 94043.0  
 ****** Pricing Level: HEAVY HEUR ****** 
it= 4   ncol= 1335  ncstr= 614  mt= 0.0   spt= 0.3   lpval= 93997.7   ub= 94043.0  
-----------------------------------------------------------------------------------------
elapsed time= 215.01 s.
-----------------------------------------------------------------------------------------
candidate= 24-230 : +
-----------------------------------------------------------------------------------------
-----------------------------------------------------------------------------------------
 ****** Pricing Level: LIGHT HEUR ****** 
it= 7   ncol= 1330  ncstr= 614  mt= 0.4   spt= 0.2   lpval= 94012.0   ub= 94043.0  
 ****** Pricing Level: HEAVY HEUR ****** 
it= 6   ncol= 1418  ncstr= 614  mt= 0.1   spt= 0.4   lpval= 94009.0   ub= 94043.0  
-----------------------------------------------------------------------------------------
elapsed time= 216.85 s.
-----------------------------------------------------------------------------------------
candidate= 221-228 : +
-----------------------------------------------------------------------------------------
-----------------------------------------------------------------------------------------
 ****** Pricing Level: LIGHT HEUR ****** 
it= 6   ncol= 1305  ncstr= 614  mt= 0.3   spt= 0.1   lpval= 94001.8   ub= 94043.0  
 ****** Pricing Level: HEAVY HEUR ****** 
it= 6   ncol= 1407  ncstr= 614  mt= 0.1   spt= 0.4   lpval= 94000.6   ub= 94043.0  
-----------------------------------------------------------------------------------------
elapsed time= 218.49 s.
-----------------------------------------------------------------------------------------
candidate= 181-194 : -
-----------------------------------------------------------------------------------------
-----------------------------------------------------------------------------------------
 ****** Pricing Level: LIGHT HEUR ****** 
it= 8   ncol= 1335  ncstr= 614  mt= 0.3   spt= 0.2   lpval= 94001.5   ub= 94043.0  
 ****** Pricing Level: HEAVY HEUR ****** 
it= 5   ncol= 1392  ncstr= 614  mt= 0.0   spt= 0.3   lpval= 94001.5   ub= 94043.0  
-----------------------------------------------------------------------------------------
elapsed time= 220.14 s.
-----------------------------------------------------------------------------------------
brc= 24-230
t= 0.1468 c= 50.5066 n= 2 if_b4= 1
t= 1.36498 c= 54.9632 n= 2 if_b4= 1
nodes already exists
memory usage= 6GB.
#########################################################################################
tree size= 0 lb= 93997.2 ub= 94043
#########################################################################################
idx= 6 value= 93997.2 enu= 0
brc= 50-103 : -
brc= 76-103 : -
brc= 49-105 : -
brc= 70-133 : -
brc= 74-217 : -
brc= 233-246 : -
brc= 164-175 : +
brc= 167-232 : +
brc= 223-246 : -
brc= 3-269 : -
brc= 128-150 : -
brc= 0-57 : -
brc= 141-164 : -
brc= 125-224 : -
brc= 189-278 : -
brc= 261-305 : -
brc= 100-157 : +
brc= 47-169 : +
brc= 13-65 : +
brc= 254-308 : -
brc= 19-60 : +
brc= 41-169 : -
brc= 186-242 : -
brc= 3-150 : -
brc= 258-311 : +
brc= 29-131 : +
brc= 2-106 : +
brc= 145-204 : -
brc= 119-308 : -
brc= 24-230 : -
-----------------------------------------------------------------------------------------
 ****** Pricing Level: LIGHT HEUR ****** 
it= 6   ncol= 1293  ncstr= 613  mt= 0.2   spt= 0.1   lpval= 93997.7   ub= 94043.0  
 ****** Pricing Level: HEAVY HEUR ****** 
it= 3   ncol= 1333  ncstr= 613  mt= 0.0   spt= 0.2   lpval= 93997.7   ub= 94043.0  
 ****** Pricing Level: EXACT ****** 
it= 3   ncol= 1424  ncstr= 613  mt= 0.0   spt= 4.8   lpval= 93997.7   ub= 94043.0  
-----------------------------------------------------------------------------------------
elapsed time= 226.89 s.
-----------------------------------------------------------------------------------------
 ****** Separate RCCs ****** 
 ****** Separate Rank1Cuts ****** 
-----------------------------------------------------------------------------------------
 ****** Pricing Level: LIGHT HEUR ****** 
it= 2   ncol= 1434  ncstr= 729  mt= 0.3   spt= 0.1   lpval= 93997.9   ub= 94043.0  
 ****** Pricing Level: HEAVY HEUR ****** 
it= 3   ncol= 1463  ncstr= 729  mt= 0.0   spt= 0.2   lpval= 93997.9   ub= 94043.0  
 ****** Pricing Level: EXACT ****** 
it= 3   ncol= 1508  ncstr= 729  mt= 0.0   spt= 4.9   lpval= 93997.9   ub= 94043.0  
-----------------------------------------------------------------------------------------
elapsed time= 233.53 s.
-----------------------------------------------------------------------------------------
[1;36m[REMIND] 2: gap improved= 0.225262 ratio= 0.004999 threshold= 0.040000 in function increaseCondition2 at /blue/yu.yang1/you.z/route_opt/packages/application/X-n313-k71/src/main/src/call_cutting.cpp:74[0m
 ****** Separate RCCs ****** 
 ****** Separate Rank1Cuts ****** 
-----------------------------------------------------------------------------------------
 ****** Pricing Level: LIGHT HEUR ****** 
it= 2   ncol= 1538  ncstr= 676  mt= 0.2   spt= 0.1   lpval= 93998.0   ub= 94043.0  
 ****** Pricing Level: HEAVY HEUR ****** 
it= 4   ncol= 1552  ncstr= 676  mt= 0.0   spt= 0.3   lpval= 93998.0   ub= 94043.0  
 ****** Pricing Level: EXACT ****** 
it= 2   ncol= 1569  ncstr= 676  mt= 0.0   spt= 3.4   lpval= 93998.0   ub= 94043.0  
-----------------------------------------------------------------------------------------
elapsed time= 238.99 s.
-----------------------------------------------------------------------------------------
current_r_best= 0.584776
pseudo= 50 frac= 50
#candidates in phase1= 37
testing lp time= 10.05 s.
-----------------------------------------------------------------------------------------
 56-164 , 270.10|  56-228 , 270.10| 207-257 ,  84.14|   0-100 ,  25.25| 181-194 ,  20.50| 
 72-295 ,  19.62|  12-76  ,  18.13|  59-76  ,  18.12|   1-105 ,  15.99| 117-207 ,  12.98| 
 17-264 ,  12.97|  79-269 ,  10.66| 139-269 ,  10.66|   2-130 ,   9.30|   7-145 ,   7.91| 
175-234 ,   6.26| 162-250 ,   5.42|   0-273 ,   5.25|  79-82  ,   3.65|   0-201 ,   3.57| 
201-302 ,   3.57| 201-218 ,   3.57|  64-82  ,   3.49| 247-259 ,   3.48|  82-202 ,   3.45| 
 64-202 ,   3.45| 218-302 ,   2.76| 206-253 ,   2.72|  25-248 ,   2.70|  22-161 ,   2.70| 
193-273 ,   2.06|  55-241 ,   1.87|   0-172 ,   1.87| 172-241 ,   1.86|  42-291 ,   1.74| 
 67-205 ,   0.61| 219-310 ,   0.22| 
-----------------------------------------------------------------------------------------
edge= 207 257 lp= 0.969932 pre= 2 lp2= 86.7469 pre2= 2 score= 84.1386
-----------------------------------------------------------------------------------------
edge= 56 228 lp= 3.11369 pre= 2 lp2= 86.7469 pre2= 2 score= 270.103
-----------------------------------------------------------------------------------------
edge= 56 164 lp= 3.11369 pre= 2 lp2= 86.7469 pre2= 2 score= 270.103
-----------------------------------------------------------------------------------------
candidate= 56-228 : -
-----------------------------------------------------------------------------------------
-----------------------------------------------------------------------------------------
 ****** Pricing Level: LIGHT HEUR ****** 
it= 7   ncol= 1167  ncstr= 607  mt= 0.2   spt= 0.2   lpval= 94001.0   ub= 94043.0  
 ****** Pricing Level: HEAVY HEUR ****** 
it= 9   ncol= 1300  ncstr= 607  mt= 0.1   spt= 0.6   lpval= 94000.3   ub= 94043.0  
-----------------------------------------------------------------------------------------
elapsed time= 251.06 s.
-----------------------------------------------------------------------------------------
candidate= 56-164 : -
-----------------------------------------------------------------------------------------
-----------------------------------------------------------------------------------------
 ****** Pricing Level: LIGHT HEUR ****** 
it= 7   ncol= 1167  ncstr= 607  mt= 0.2   spt= 0.2   lpval= 94001.0   ub= 94043.0  
 ****** Pricing Level: HEAVY HEUR ****** 
it= 8   ncol= 1302  ncstr= 607  mt= 0.1   spt= 0.5   lpval= 94000.7   ub= 94043.0  
-----------------------------------------------------------------------------------------
elapsed time= 252.89 s.
-----------------------------------------------------------------------------------------
candidate= 56-164 : +
-----------------------------------------------------------------------------------------
-----------------------------------------------------------------------------------------
 ****** Pricing Level: LIGHT HEUR ****** 
it= 8   ncol= 1223  ncstr= 607  mt= 0.5   spt= 0.2   lpval= 94003.0   ub= 94043.0  
 ****** Pricing Level: HEAVY HEUR ****** 
it= 5   ncol= 1310  ncstr= 607  mt= 0.1   spt= 0.3   lpval= 94002.6   ub= 94043.0  
-----------------------------------------------------------------------------------------
elapsed time= 254.63 s.
-----------------------------------------------------------------------------------------
candidate= 56-228 : +
-----------------------------------------------------------------------------------------
-----------------------------------------------------------------------------------------
 ****** Pricing Level: LIGHT HEUR ****** 
it= 8   ncol= 1217  ncstr= 607  mt= 0.4   spt= 0.2   lpval= 94002.9   ub= 94043.0  
 ****** Pricing Level: HEAVY HEUR ****** 
it= 10  ncol= 1344  ncstr= 607  mt= 0.1   spt= 0.6   lpval= 94002.6   ub= 94043.0  
-----------------------------------------------------------------------------------------
elapsed time= 256.97 s.
-----------------------------------------------------------------------------------------
candidate= 207-257 : -
-----------------------------------------------------------------------------------------
-----------------------------------------------------------------------------------------
 ****** Pricing Level: LIGHT HEUR ****** 
it= 9   ncol= 1204  ncstr= 607  mt= 0.2   spt= 0.2   lpval= 93999.0   ub= 94043.0  
 ****** Pricing Level: HEAVY HEUR ****** 
it= 5   ncol= 1271  ncstr= 607  mt= 0.0   spt= 0.3   lpval= 93999.0   ub= 94043.0  
-----------------------------------------------------------------------------------------
elapsed time= 258.54 s.
-----------------------------------------------------------------------------------------
candidate= 207-257 : +
-----------------------------------------------------------------------------------------
-----------------------------------------------------------------------------------------
 ****** Pricing Level: LIGHT HEUR ****** 
it= 11  ncol= 1275  ncstr= 607  mt= 0.5   spt= 0.3   lpval= 94002.9   ub= 94043.0  
 ****** Pricing Level: HEAVY HEUR ****** 
it= 6   ncol= 1385  ncstr= 607  mt= 0.1   spt= 0.4   lpval= 94002.9   ub= 94043.0  
-----------------------------------------------------------------------------------------
elapsed time= 260.62 s.
-----------------------------------------------------------------------------------------
brc= 56-164
t= 0.144043 c= 43.8812 n= 3 if_b4= 1
t= 1.50551 c= 47.0341 n= 3 if_b4= 1
nodes already exists
memory usage= 6GB.
#########################################################################################
tree size= 0 lb= 93998 ub= 94043
#########################################################################################
idx= 8 value= 93998 enu= 0
brc= 50-103 : -
brc= 76-103 : -
brc= 49-105 : -
brc= 70-133 : -
brc= 74-217 : -
brc= 233-246 : -
brc= 164-175 : +
brc= 167-232 : +
brc= 223-246 : -
brc= 3-269 : -
brc= 128-150 : -
brc= 0-57 : -
brc= 141-164 : -
brc= 125-224 : -
brc= 189-278 : -
brc= 261-305 : -
brc= 100-157 : +
brc= 47-169 : +
brc= 13-65 : +
brc= 254-308 : -
brc= 19-60 : +
brc= 41-169 : -
brc= 186-242 : -
brc= 3-150 : -
brc= 258-311 : +
brc= 29-131 : +
brc= 2-106 : +
brc= 145-204 : -
brc= 119-308 : -
brc= 24-230 : -
brc= 56-164 : -
-----------------------------------------------------------------------------------------
 ****** Pricing Level: LIGHT HEUR ****** 
it= 7   ncol= 1196  ncstr= 606  mt= 0.2   spt= 0.2   lpval= 94001.0   ub= 94043.0  
 ****** Pricing Level: HEAVY HEUR ****** 
it= 7   ncol= 1284  ncstr= 606  mt= 0.1   spt= 0.4   lpval= 94000.7   ub= 94043.0  
 ****** Pricing Level: EXACT ****** 
it= 4   ncol= 1574  ncstr= 606  mt= 0.1   spt= 6.0   lpval= 94000.7   ub= 94043.0  
-----------------------------------------------------------------------------------------
elapsed time= 269.30 s.
-----------------------------------------------------------------------------------------
-----------------------------------------------------------------------------------------
 ****** Run Arc Elimination ****** 
arc elimination time= 7.08 s.
previous= 85.0477% maximum= 2.24961%
eliminate bucket arcs time= 0.62 s.
obtain jump arcs time= 0.01 s.
-----------------------------------------------------------------------------------------
-----------------------------------------------------------------------------------------
elapsed time= 277.04 s.
-----------------------------------------------------------------------------------------
 ****** Separate RCCs ****** 
 ****** Separate Rank1Cuts ****** 
-----------------------------------------------------------------------------------------
 ****** Pricing Level: LIGHT HEUR ****** 
it= 3   ncol= 1605  ncstr= 596  mt= 0.2   spt= 0.1   lpval= 94001.8   ub= 94043.0  
 ****** Pricing Level: HEAVY HEUR ****** 
it= 3   ncol= 1615  ncstr= 596  mt= 0.0   spt= 0.2   lpval= 94001.8   ub= 94043.0  
 ****** Pricing Level: EXACT ****** 
it= 2   ncol= 1623  ncstr= 596  mt= 0.0   spt= 2.8   lpval= 94001.8   ub= 94043.0  
-----------------------------------------------------------------------------------------
elapsed time= 281.25 s.
-----------------------------------------------------------------------------------------
[1;36m[REMIND] 2: gap improved= 1.125387 ratio= 0.027316 threshold= 0.040000 in function increaseCondition2 at /blue/yu.yang1/you.z/route_opt/packages/application/X-n313-k71/src/main/src/call_cutting.cpp:74[0m
 ****** Separate RCCs ****** 
 ****** Separate Rank1Cuts ****** 
-----------------------------------------------------------------------------------------
 ****** Pricing Level: LIGHT HEUR ****** 
it= 4   ncol= 1628  ncstr= 605  mt= 0.2   spt= 0.1   lpval= 94002.2   ub= 94043.0  
 ****** Pricing Level: HEAVY HEUR ****** 
it= 3   ncol= 1636  ncstr= 605  mt= 0.0   spt= 0.2   lpval= 94002.2   ub= 94043.0  
 ****** Pricing Level: EXACT ****** 
it= 3   ncol= 1644  ncstr= 605  mt= 0.0   spt= 4.3   lpval= 94002.2   ub= 94043.0  
-----------------------------------------------------------------------------------------
elapsed time= 287.43 s.
-----------------------------------------------------------------------------------------
[1;36m[REMIND] 2: gap improved= 0.431245 ratio= 0.010578 threshold= 0.040000 in function increaseCondition2 at /blue/yu.yang1/you.z/route_opt/packages/application/X-n313-k71/src/main/src/call_cutting.cpp:74[0m
 ****** Separate RCCs ****** 
 ****** Separate Rank1Cuts ****** 
-----------------------------------------------------------------------------------------
 ****** Pricing Level: LIGHT HEUR ****** 
it= 1   ncol= 1644  ncstr= 629  mt= 0.2   spt= 0.0   lpval= 94002.4   ub= 94043.0  
 ****** Pricing Level: HEAVY HEUR ****** 
it= 3   ncol= 1651  ncstr= 629  mt= 0.0   spt= 0.2   lpval= 94002.4   ub= 94043.0  
 ****** Pricing Level: EXACT ****** 
it= 2   ncol= 1654  ncstr= 629  mt= 0.0   spt= 3.1   lpval= 94002.4   ub= 94043.0  
-----------------------------------------------------------------------------------------
elapsed time= 292.26 s.
-----------------------------------------------------------------------------------------
[1;36m[REMIND] 2: gap improved= 0.151951 ratio= 0.003741 threshold= 0.040000 in function increaseCondition2 at /blue/yu.yang1/you.z/route_opt/packages/application/X-n313-k71/src/main/src/call_cutting.cpp:74[0m
[1;36m[REMIND] tail off counter= 3 threshold= 3 in function setIfTailOff at /blue/yu.yang1/you.z/route_opt/packages/application/X-n313-k71/src/main/src/call_cutting.cpp:150[0m
current_r_best= 3.18439
alpha= 0.37 beta= 12.7547 omega= 304.64 k1= 33
lb_k= 1 ub_k= 37
revise: lb_k= 26 ub_k= 37
opt_k= 35
alpha= 0.75 beta= 12.7547 omega= 31.2414 k1= 3
lb_k= 1 ub_k= 3
revise: lb_k= 1 ub_k= 3
opt_k= 3
pseudo= 50 frac= 50
#candidates in phase1= 35
testing lp time= 9.04 s.
-----------------------------------------------------------------------------------------
 95-279 , 434.74|  74-95  , 434.74|  95-281 , 434.74| 145-281 , 198.93| 162-250 ,  33.31| 
 56-299 ,  26.06|  59-76  ,  21.48| 162-257 ,  15.60| 162-204 ,  15.60| 157-199 ,  15.60| 
  0-100 ,  15.60| 181-194 ,  14.88|   7-72  ,  14.83| 175-252 ,  14.09| 117-207 ,  13.46| 
 10-54  ,  13.41| 224-265 ,  12.53| 145-289 ,  12.53| 139-269 ,  11.90|  79-269 ,  11.86| 
 12-76  ,  10.97| 161-266 ,  10.79|   0-134 ,   9.74|   1-105 ,   9.71|  72-295 ,   8.94| 
  0-201 ,   4.91| 230-257 ,   4.40| 201-218 ,   4.03|  67-149 ,   2.49|  20-195 ,   1.93| 
 67-274 ,   1.56| 116-230 ,   1.21| 163-274 ,   0.88|   5-21  ,   0.45|   0-45  ,   0.36| 
-----------------------------------------------------------------------------------------
edge= 95 281 lp= 6.6668 pre= 2 lp2= 65.2099 pre2= 2 score= 434.741
-----------------------------------------------------------------------------------------
edge= 74 95 lp= 65.2099 pre= 2 lp2= 6.66684 pre2= 2 score= 434.744
-----------------------------------------------------------------------------------------
edge= 95 279 lp= 65.2099 pre= 2 lp2= 6.66684 pre2= 2 score= 434.744
-----------------------------------------------------------------------------------------
candidate= 74-95 : -
-----------------------------------------------------------------------------------------
-----------------------------------------------------------------------------------------
 ****** Pricing Level: LIGHT HEUR ****** 
it= 7   ncol= 1234  ncstr= 588  mt= 0.5   spt= 0.2   lpval= 94011.1   ub= 94043.0  
 ****** Pricing Level: HEAVY HEUR ****** 
it= 4   ncol= 1267  ncstr= 588  mt= 0.1   spt= 0.2   lpval= 94009.9   ub= 94043.0  
-----------------------------------------------------------------------------------------
elapsed time= 302.90 s.
-----------------------------------------------------------------------------------------
candidate= 95-279 : -
-----------------------------------------------------------------------------------------
-----------------------------------------------------------------------------------------
 ****** Pricing Level: LIGHT HEUR ****** 
it= 6   ncol= 1226  ncstr= 588  mt= 0.4   spt= 0.1   lpval= 94014.1   ub= 94043.0  
 ****** Pricing Level: HEAVY HEUR ****** 
it= 5   ncol= 1282  ncstr= 588  mt= 0.1   spt= 0.3   lpval= 94011.2   ub= 94043.0  
-----------------------------------------------------------------------------------------
elapsed time= 304.45 s.
-----------------------------------------------------------------------------------------
candidate= 95-281 : -
-----------------------------------------------------------------------------------------
-----------------------------------------------------------------------------------------
 ****** Pricing Level: LIGHT HEUR ****** 
it= 6   ncol= 1233  ncstr= 588  mt= 0.3   spt= 0.1   lpval= 94007.9   ub= 94043.0  
 ****** Pricing Level: HEAVY HEUR ****** 
it= 6   ncol= 1301  ncstr= 588  mt= 0.1   spt= 0.3   lpval= 94007.4   ub= 94043.0  
-----------------------------------------------------------------------------------------
elapsed time= 305.98 s.
-----------------------------------------------------------------------------------------
candidate= 95-281 : +
-----------------------------------------------------------------------------------------
-----------------------------------------------------------------------------------------
 ****** Pricing Level: LIGHT HEUR ****** 
it= 6   ncol= 1226  ncstr= 588  mt= 0.4   spt= 0.1   lpval= 94019.3   ub= 94043.0  
 ****** Pricing Level: HEAVY HEUR ****** 
it= 6   ncol= 1304  ncstr= 588  mt= 0.2   spt= 0.3   lpval= 94012.7   ub= 94043.0  
-----------------------------------------------------------------------------------------
elapsed time= 307.74 s.
-----------------------------------------------------------------------------------------
candidate= 95-279 : +
-----------------------------------------------------------------------------------------
-----------------------------------------------------------------------------------------
 ****** Pricing Level: LIGHT HEUR ****** 
it= 8   ncol= 1260  ncstr= 588  mt= 0.3   spt= 0.2   lpval= 94008.4   ub= 94043.0  
 ****** Pricing Level: HEAVY HEUR ****** 
it= 7   ncol= 1375  ncstr= 588  mt= 0.1   spt= 0.4   lpval= 94008.0   ub= 94043.0  
-----------------------------------------------------------------------------------------
elapsed time= 309.51 s.
-----------------------------------------------------------------------------------------
brc= 95-281
t= 0.141076 c= 42.1275 n= 4 if_b4= 1
t= 1.53154 c= 44.7364 n= 4 if_b4= 1
nodes already exists
memory usage= 6GB.
#########################################################################################
tree size= 0 lb= 94002.4 ub= 94043
#########################################################################################
idx= 10 value= 94002.4 enu= 0
brc= 50-103 : -
brc= 76-103 : -
brc= 49-105 : -
brc= 70-133 : -
brc= 74-217 : -
brc= 233-246 : -
brc= 164-175 : +
brc= 167-232 : +
brc= 223-246 : -
brc= 3-269 : -
brc= 128-150 : -
brc= 0-57 : -
brc= 141-164 : -
brc= 125-224 : -
brc= 189-278 : -
brc= 261-305 : -
brc= 100-157 : +
brc= 47-169 : +
brc= 13-65 : +
brc= 254-308 : -
brc= 19-60 : +
brc= 41-169 : -
brc= 186-242 : -
brc= 3-150 : -
brc= 258-311 : +
brc= 29-131 : +
brc= 2-106 : +
brc= 145-204 : -
brc= 119-308 : -
brc= 24-230 : -
brc= 56-164 : -
brc= 95-281 : -
-----------------------------------------------------------------------------------------
 ****** Pricing Level: LIGHT HEUR ****** 
it= 7   ncol= 1227  ncstr= 587  mt= 0.3   spt= 0.1   lpval= 94007.9   ub= 94043.0  
 ****** Pricing Level: HEAVY HEUR ****** 
it= 5   ncol= 1287  ncstr= 587  mt= 0.1   spt= 0.3   lpval= 94007.4   ub= 94043.0  
 ****** Pricing Level: EXACT ****** 
it= 3   ncol= 1497  ncstr= 587  mt= 0.0   spt= 4.6   lpval= 94007.4   ub= 94043.0  
-----------------------------------------------------------------------------------------
elapsed time= 316.41 s.
-----------------------------------------------------------------------------------------
-----------------------------------------------------------------------------------------
 ****** Run Arc Elimination ****** 
arc elimination time= 4.96 s.
previous= 84.6803% maximum= 1.90465%
eliminate bucket arcs time= 0.52 s.
obtain jump arcs time= 0.01 s.
-----------------------------------------------------------------------------------------
-----------------------------------------------------------------------------------------
elapsed time= 321.93 s.
-----------------------------------------------------------------------------------------
-----------------------------------------------------------------------------------------
 ****** Try Enumeration ****** 
#labels= 129933 #routes= 7
labeling 1 time= 2.01 s.
concatenate time= 3.59 s.
#routes= 149255
average gap of successful enumeration= 0.00036789
next try value > 93995.5
-----------------------------------------------------------------------------------------
elapsed time= 327.61 s.
-----------------------------------------------------------------------------------------
 ****** Process Enumeration Matrix ****** 
delete non-ele routes lp val= 94007.4
recover rank1c lp val= 94007.7
recover rcc lp val= 94008
obtain rcc coefficient time= 0.02 s.
obtain r1c coefficient time= 0.27 s.
obtain matrix from triplets time= 0.24 s.
delete columns by branch time= 0.00 s.
columns pending deletion= 361 remain= 149255 col ratio= 0.997581 row ratio= 1
regenerate enumeration matrix time= 0.00 s.
-----------------------------------------------------------------------------------------
elapsed time= 329.65 s.
-----------------------------------------------------------------------------------------
it= 2   ncol= 1280  ncstr= 538  mt= 0.0   spt= 0.0   lpval= 94008.0   ub= 94043.0  
-----------------------------------------------------------------------------------------
elapsed time= 329.69 s.
-----------------------------------------------------------------------------------------
columns pending deletion= 40223 remain= 149255 col ratio= 0.730508 row ratio= 0.942379
 ****** Separate RCCs ****** 
 ****** Separate Rank1Cuts ****** 
it= 3   ncol= 1252  ncstr= 578  mt= 0.0   spt= 0.0   lpval= 94010.7   ub= 94043.0  
-----------------------------------------------------------------------------------------
elapsed time= 330.18 s.
-----------------------------------------------------------------------------------------
delete columns= 67005 remain= 82250
 ****** Separate RCCs ****** 
 ****** Separate Rank1Cuts ****** 
it= 4   ncol= 1295  ncstr= 599  mt= 0.1   spt= 0.0   lpval= 94013.1   ub= 94043.0  
-----------------------------------------------------------------------------------------
elapsed time= 331.27 s.
-----------------------------------------------------------------------------------------
columns pending deletion= 25199 remain= 82250 col ratio= 0.693629 row ratio= 0.869783
 ****** Separate RCCs ****** 
 ****** Separate Rank1Cuts ****** 
it= 2   ncol= 1270  ncstr= 651  mt= 0.0   spt= 0.0   lpval= 94014.0   ub= 94043.0  
-----------------------------------------------------------------------------------------
elapsed time= 331.79 s.
-----------------------------------------------------------------------------------------
delete columns= 33723 remain= 48527
[1;36m[REMIND] 2: gap improved= 0.870770 ratio= 0.029992 threshold= 0.040000 in function increaseCondition2 at /blue/yu.yang1/you.z/route_opt/packages/application/X-n313-k71/src/main/src/call_cutting.cpp:74[0m
 ****** Separate RCCs ****** 
 ****** Separate Rank1Cuts ****** 
it= 3   ncol= 1267  ncstr= 571  mt= 0.0   spt= 0.0   lpval= 94014.5   ub= 94043.0  
-----------------------------------------------------------------------------------------
elapsed time= 332.31 s.
-----------------------------------------------------------------------------------------
columns pending deletion= 4571 remain= 48527 col ratio= 0.905805 row ratio= 0.93345
[1;36m[REMIND] 2: gap improved= 0.535828 ratio= 0.018802 threshold= 0.040000 in function increaseCondition2 at /blue/yu.yang1/you.z/route_opt/packages/application/X-n313-k71/src/main/src/call_cutting.cpp:74[0m
 ****** Separate RCCs ****** 
 ****** Separate Rank1Cuts ****** 
it= 2   ncol= 1262  ncstr= 604  mt= 0.0   spt= 0.0   lpval= 94015.1   ub= 94043.0  
-----------------------------------------------------------------------------------------
elapsed time= 332.74 s.
-----------------------------------------------------------------------------------------
columns pending deletion= 6757 remain= 48527 col ratio= 0.860758 row ratio= 0.899007
[1;36m[REMIND] 2: gap improved= 0.567850 ratio= 0.020331 threshold= 0.040000 in function increaseCondition2 at /blue/yu.yang1/you.z/route_opt/packages/application/X-n313-k71/src/main/src/call_cutting.cpp:74[0m
[1;36m[REMIND] tail off counter= 3 threshold= 3 in function setIfTailOff at /blue/yu.yang1/you.z/route_opt/packages/application/X-n313-k71/src/main/src/call_cutting.cpp:150[0m
current_r_best= 9.22853
pseudo= 50 frac= 50
#candidates in phase1= 37
testing lp time= 12.51 s.
-----------------------------------------------------------------------------------------
175-252 ,  67.09|  25-108 ,  51.51| 217-257 ,  45.74| 217-265 ,  45.74| 211-239 ,  37.01| 
 56-299 ,  27.37|   1-105 ,  14.70|  12-76  ,  12.33| 181-194 ,  12.32|  33-95  ,  11.92| 
 59-76  ,  11.75|  24-226 ,  11.59| 117-207 ,  11.48| 185-253 ,  11.47| 215-251 ,  10.33| 
139-269 ,  10.22|  79-269 ,   9.32|  10-215 ,   8.88| 143-148 ,   8.07|  86-161 ,   7.98| 
 72-295 ,   7.24|   0-78  ,   7.17| 122-281 ,   7.17|  33-93  ,   7.17|   0-201 ,   4.59| 
201-218 ,   4.59| 201-302 ,   4.59|  45-264 ,   4.49|  89-237 ,   4.47| 215-216 ,   3.36| 
 45-251 ,   3.12|  11-38  ,   2.56|  89-228 ,   2.20|   5-10  ,   0.14| 111-310 ,   0.03| 
111-193 ,   0.03|   0-10  ,   0.02| 
-----------------------------------------------------------------------------------------
edge= 217 257 lp= 1.08648 pre= 2 lp2= 42.1028 pre2= 2 score= 45.7437
-----------------------------------------------------------------------------------------
edge= 25 108 lp= 7.00872 pre= 2 lp2= 7.34886 pre2= 2 score= 51.5061
-----------------------------------------------------------------------------------------
edge= 175 252 lp= 4.38152 pre= 2 lp2= 15.3123 pre2= 2 score= 67.0914
-----------------------------------------------------------------------------------------
candidate= 175-252 : -
-----------------------------------------------------------------------------------------
it= 4   ncol= 1317  ncstr= 605  mt= 0.3   spt= 0.0   lpval= 94017.7   ub= 94043.0  
-----------------------------------------------------------------------------------------
elapsed time= 345.58 s.
-----------------------------------------------------------------------------------------
candidate= 25-108 : -
-----------------------------------------------------------------------------------------
it= 4   ncol= 1321  ncstr= 605  mt= 0.3   spt= 0.0   lpval= 94018.4   ub= 94043.0  
-----------------------------------------------------------------------------------------
elapsed time= 345.88 s.
-----------------------------------------------------------------------------------------
candidate= 217-257 : -
-----------------------------------------------------------------------------------------
it= 4   ncol= 1309  ncstr= 605  mt= 0.3   spt= 0.0   lpval= 94015.9   ub= 94043.0  
-----------------------------------------------------------------------------------------
elapsed time= 346.18 s.
-----------------------------------------------------------------------------------------
candidate= 175-252 : +
-----------------------------------------------------------------------------------------
it= 4   ncol= 1343  ncstr= 605  mt= 0.3   spt= 0.0   lpval= 94027.3   ub= 94043.0  
-----------------------------------------------------------------------------------------
elapsed time= 346.48 s.
-----------------------------------------------------------------------------------------
candidate= 217-257 : +
-----------------------------------------------------------------------------------------
it= 5   ncol= 1372  ncstr= 605  mt= 0.3   spt= 0.0   lpval= 94038.6   ub= 94043.0  
-----------------------------------------------------------------------------------------
elapsed time= 346.82 s.
-----------------------------------------------------------------------------------------
brc= 175-252
t= 0.169094 c= 23.4259 n= 0 if_b4= 0
t= 0.312353 c= 28.9015 n= 0 if_b4= 0
#########################################################################################
tree size= 1 lb= 94015.1 ub= 94043
#########################################################################################
idx= 11 value= 94015.1 enu= 1
brc= 50-103 : -
brc= 76-103 : -
brc= 49-105 : -
brc= 70-133 : -
brc= 74-217 : -
brc= 233-246 : -
brc= 164-175 : +
brc= 167-232 : +
brc= 223-246 : -
brc= 3-269 : -
brc= 128-150 : -
brc= 0-57 : -
brc= 141-164 : -
brc= 125-224 : -
brc= 189-278 : -
brc= 261-305 : -
brc= 100-157 : +
brc= 47-169 : +
brc= 13-65 : +
brc= 254-308 : -
brc= 19-60 : +
brc= 41-169 : -
brc= 186-242 : -
brc= 3-150 : -
brc= 258-311 : +
brc= 29-131 : +
brc= 2-106 : +
brc= 145-204 : -
brc= 119-308 : -
brc= 24-230 : -
brc= 56-164 : -
brc= 95-281 : -
brc= 175-252 : +
it= 3   ncol= 1303  ncstr= 604  mt= 0.3   spt= 0.0   lpval= 94027.3   ub= 94043.0  
-----------------------------------------------------------------------------------------
elapsed time= 347.99 s.
-----------------------------------------------------------------------------------------
delete columns= 35344 remain= 6395
 ****** Separate RCCs ****** 
 ****** Separate Rank1Cuts ****** 
it= 4   ncol= 1259  ncstr= 559  mt= 0.1   spt= 0.0   lpval= 94032.5   ub= 94043.0  
-----------------------------------------------------------------------------------------
elapsed time= 348.61 s.
-----------------------------------------------------------------------------------------
delete columns= 3825 remain= 2570
mip: row= 509 col= 3736 density= 3.76615%
mip time= 0.80 s.
mip status= 6
update f from 0 to 10.5381
#########################################################################################
tree size= 0 lb= 94015.1 ub= 94043
#########################################################################################
idx= 12 value= 94015.1 enu= 1
brc= 50-103 : -
brc= 76-103 : -
brc= 49-105 : -
brc= 70-133 : -
brc= 74-217 : -
brc= 233-246 : -
brc= 164-175 : +
brc= 167-232 : +
brc= 223-246 : -
brc= 3-269 : -
brc= 128-150 : -
brc= 0-57 : -
brc= 141-164 : -
brc= 125-224 : -
brc= 189-278 : -
brc= 261-305 : -
brc= 100-157 : +
brc= 47-169 : +
brc= 13-65 : +
brc= 254-308 : -
brc= 19-60 : +
brc= 41-169 : -
brc= 186-242 : -
brc= 3-150 : -
brc= 258-311 : +
brc= 29-131 : +
brc= 2-106 : +
brc= 145-204 : -
brc= 119-308 : -
brc= 24-230 : -
brc= 56-164 : -
brc= 95-281 : -
brc= 175-252 : -
it= 4   ncol= 1305  ncstr= 604  mt= 0.1   spt= 0.0   lpval= 94017.7   ub= 94043.0  
-----------------------------------------------------------------------------------------
elapsed time= 349.79 s.
-----------------------------------------------------------------------------------------
columns pending deletion= 12574 remain= 41769 col ratio= 0.698963 row ratio= 0.875828
 ****** Separate RCCs ****** 
 ****** Separate Rank1Cuts ****** 
it= 3   ncol= 1286  ncstr= 640  mt= 0.0   spt= 0.0   lpval= 94018.2   ub= 94043.0  
-----------------------------------------------------------------------------------------
elapsed time= 350.33 s.
-----------------------------------------------------------------------------------------
delete columns= 17478 remain= 24291
[1;36m[REMIND] 2: gap improved= 0.463122 ratio= 0.018684 threshold= 0.040000 in function increaseCondition2 at /blue/yu.yang1/you.z/route_opt/packages/application/X-n313-k71/src/main/src/call_cutting.cpp:74[0m
 ****** Separate RCCs ****** 
 ****** Separate Rank1Cuts ****** 
it= 3   ncol= 1280  ncstr= 571  mt= 0.0   spt= 0.0   lpval= 94018.4   ub= 94043.0  
-----------------------------------------------------------------------------------------
elapsed time= 351.14 s.
-----------------------------------------------------------------------------------------
columns pending deletion= 1141 remain= 24291 col ratio= 0.953028 row ratio= 0.938704
[1;36m[REMIND] 2: gap improved= 0.183950 ratio= 0.007477 threshold= 0.040000 in function increaseCondition2 at /blue/yu.yang1/you.z/route_opt/packages/application/X-n313-k71/src/main/src/call_cutting.cpp:74[0m
 ****** Separate RCCs ****** 
 ****** Separate Rank1Cuts ****** 
it= 3   ncol= 1248  ncstr= 613  mt= 0.0   spt= 0.0   lpval= 94018.5   ub= 94043.0  
-----------------------------------------------------------------------------------------
elapsed time= 351.70 s.
-----------------------------------------------------------------------------------------
columns pending deletion= 1967 remain= 24291 col ratio= 0.919024 row ratio= 0.890701
[1;36m[REMIND] 2: gap improved= 0.151194 ratio= 0.006183 threshold= 0.040000 in function increaseCondition2 at /blue/yu.yang1/you.z/route_opt/packages/application/X-n313-k71/src/main/src/call_cutting.cpp:74[0m
[1;36m[REMIND] tail off counter= 3 threshold= 3 in function setIfTailOff at /blue/yu.yang1/you.z/route_opt/packages/application/X-n313-k71/src/main/src/call_cutting.cpp:150[0m
current_r_best= 2.5285
alpha= 0.37 beta= 5.50304 omega= 138.538 k1= 14
lb_k= 1 ub_k= 37
revise: lb_k= 11 ub_k= 18
opt_k= 15
alpha= 0.75 beta= 5.50304 omega= 92.5284 k1= 3
lb_k= 1 ub_k= 3
revise: lb_k= 1 ub_k= 3
opt_k= 3
pseudo= 50 frac= 50
#candidates in phase1= 15
testing lp time= 5.29 s.
-----------------------------------------------------------------------------------------
175-299 ,  44.66| 164-295 ,  43.95| 199-254 ,  17.96| 157-199 ,  17.86|   0-100 ,  17.86| 
181-194 ,  12.99| 139-269 ,   8.36|  54-72  ,   3.54| 175-280 ,   2.95|  72-285 ,   2.69| 
195-251 ,   2.31|  55-167 ,   1.39|  10-114 ,   1.39| 163-195 ,   0.90| 191-196 ,   0.67| 
-----------------------------------------------------------------------------------------
edge= 199 254 lp= 30.0659 pre= 2 lp2= 0.59729 pre2= 2 score= 17.9581
-----------------------------------------------------------------------------------------
edge= 164 295 lp= 1.36974 pre= 0 lp2= 32.083 pre2= 2 score= 43.9453
-----------------------------------------------------------------------------------------
edge= 175 299 lp= 1.36975 pre= 2 lp2= 32.6051 pre2= 2 score= 44.6608
-----------------------------------------------------------------------------------------
candidate= 175-299 : -
-----------------------------------------------------------------------------------------
it= 3   ncol= 1257  ncstr= 614  mt= 0.3   spt= 0.0   lpval= 94019.9   ub= 94043.0  
-----------------------------------------------------------------------------------------
elapsed time= 357.27 s.
-----------------------------------------------------------------------------------------
candidate= 164-295 : +
-----------------------------------------------------------------------------------------
it= 4   ncol= 1315  ncstr= 614  mt= 0.3   spt= 0.0   lpval= 94033.3   ub= 94043.0  
-----------------------------------------------------------------------------------------
elapsed time= 357.62 s.
-----------------------------------------------------------------------------------------
candidate= 175-299 : +
-----------------------------------------------------------------------------------------
it= 3   ncol= 1305  ncstr= 614  mt= 0.3   spt= 0.0   lpval= 94035.5   ub= 94043.0  
-----------------------------------------------------------------------------------------
elapsed time= 357.92 s.
-----------------------------------------------------------------------------------------
brc= 175-299
t= 0.172742 c= 12.9552 n= 1 if_b4= 0
t= 0.309995 c= 16.7852 n= 1 if_b4= 0
#########################################################################################
tree size= 1 lb= 94018.5 ub= 94043
#########################################################################################
idx= 13 value= 94018.5 enu= 1
brc= 50-103 : -
brc= 76-103 : -
brc= 49-105 : -
brc= 70-133 : -
brc= 74-217 : -
brc= 233-246 : -
brc= 164-175 : +
brc= 167-232 : +
brc= 223-246 : -
brc= 3-269 : -
brc= 128-150 : -
brc= 0-57 : -
brc= 141-164 : -
brc= 125-224 : -
brc= 189-278 : -
brc= 261-305 : -
brc= 100-157 : +
brc= 47-169 : +
brc= 13-65 : +
brc= 254-308 : -
brc= 19-60 : +
brc= 41-169 : -
brc= 186-242 : -
brc= 3-150 : -
brc= 258-311 : +
brc= 29-131 : +
brc= 2-106 : +
brc= 145-204 : -
brc= 119-308 : -
brc= 24-230 : -
brc= 56-164 : -
brc= 95-281 : -
brc= 175-252 : -
brc= 175-299 : +
it= 4   ncol= 1287  ncstr= 613  mt= 0.3   spt= 0.0   lpval= 94035.5   ub= 94043.0  
-----------------------------------------------------------------------------------------
elapsed time= 359.05 s.
-----------------------------------------------------------------------------------------
delete columns= 20805 remain= 1468
 ****** Separate RCCs ****** 
 ****** Separate Rank1Cuts ****** 
it= 3   ncol= 1062  ncstr= 606  mt= 0.0   spt= 0.0   lpval= 94038.2   ub= 94043.0  
-----------------------------------------------------------------------------------------
elapsed time= 359.86 s.
-----------------------------------------------------------------------------------------
delete columns= 586 remain= 882
mip: row= 508 col= 1776 density= 3.44067%
mip time= 0.13 s.
mip status= 3
#########################################################################################
tree size= 0 lb= 94018.5 ub= 94043
#########################################################################################
idx= 14 value= 94018.5 enu= 1
brc= 50-103 : -
brc= 76-103 : -
brc= 49-105 : -
brc= 70-133 : -
brc= 74-217 : -
brc= 233-246 : -
brc= 164-175 : +
brc= 167-232 : +
brc= 223-246 : -
brc= 3-269 : -
brc= 128-150 : -
brc= 0-57 : -
brc= 141-164 : -
brc= 125-224 : -
brc= 189-278 : -
brc= 261-305 : -
brc= 100-157 : +
brc= 47-169 : +
brc= 13-65 : +
brc= 254-308 : -
brc= 19-60 : +
brc= 41-169 : -
brc= 186-242 : -
brc= 3-150 : -
brc= 258-311 : +
brc= 29-131 : +
brc= 2-106 : +
brc= 145-204 : -
brc= 119-308 : -
brc= 24-230 : -
brc= 56-164 : -
brc= 95-281 : -
brc= 175-252 : -
brc= 175-299 : -
it= 3   ncol= 1265  ncstr= 613  mt= 0.0   spt= 0.0   lpval= 94019.9   ub= 94043.0  
-----------------------------------------------------------------------------------------
elapsed time= 360.24 s.
-----------------------------------------------------------------------------------------
columns pending deletion= 4139 remain= 22323 col ratio= 0.814586 row ratio= 0.867863
 ****** Separate RCCs ****** 
 ****** Separate Rank1Cuts ****** 
it= 4   ncol= 1243  ncstr= 750  mt= 0.1   spt= 0.0   lpval= 94020.8   ub= 94043.0  
-----------------------------------------------------------------------------------------
elapsed time= 360.93 s.
-----------------------------------------------------------------------------------------
delete columns= 6518 remain= 15805
mip: row= 551 col= 17044 density= 4.85699%
mip time= 18.40 s.
mip status= 6
update f from 10.5381 to 22.1787
#########################################################################################
[32m<Instance: X-n313-k71>
<Solution>
<UB= 94043>
<LB= 94043>
<Elapsed Time= 379.4>
<Nodes Explored= 10>
<Global Gap= 0%>[0m
#########################################################################################
File nodes/X-n313-k71_6_0_8_0_0_1_3_0_0_G32.node deleted successfully.
