application type: CVRP
X-n313-k71_6_0_1_1_4_0_0_2_1_5_0_G32.node
Set parameter ServerTimeout to value 600
Set parameter TokenServer to value "grb-ts.ufhpc"
Set parameter Threads to value 1
instance name= X-n313-k71
#########################################################################################
tree size= 0 lb= 0 ub= 94044
#########################################################################################
idx= 1 value= 93984.9 enu= 0
brc= 50-103 : -
brc= 76-103 : -
brc= 49-105 : -
brc= 70-133 : -
brc= 74-217 : -
brc= 233-246 : -
brc= 164-175 : +
brc= 167-232 : +
brc= 223-246 : -
brc= 3-269 : +
brc= 117-174 : -
brc= 0-44 : +
brc= 9-126 : -
brc= 131-281 : -
brc= 141-164 : -
brc= 126-150 : -
brc= 125-224 : +
brc= 19-60 : +
brc= 243-267 : +
brc= 106-207 : -
brc= 162-189 : -
brc= 17-272 : +
brc= 0-208 : -
brc= 18-301 : +
brc= 0-47 : -
brc= 47-157 : -
brc= 0-243 : -
brc= 30-276 : -
brc= 3-150 : -
brc= 62-68 : +
brc= 53-54 : +
-----------------------------------------------------------------------------------------
 ****** Pricing Level: LIGHT HEUR ****** 
it= 12  ncol= 1327  ncstr= 613  mt= 0.2   spt= 0.3   lpval= 94000.1   ub= 94043.0  
 ****** Pricing Level: HEAVY HEUR ****** 
it= 8   ncol= 1468  ncstr= 613  mt= 0.1   spt= 0.5   lpval= 93998.7   ub= 94043.0  
 ****** Pricing Level: EXACT ****** 
it= 5   ncol= 1596  ncstr= 613  mt= 0.2   spt= 5.0   lpval= 93995.7   ub= 94043.0  
-----------------------------------------------------------------------------------------
elapsed time= 10.25 s.
-----------------------------------------------------------------------------------------
-----------------------------------------------------------------------------------------
 ****** Run Arc Elimination ****** 
arc elimination time= 4.45 s.
previous= 78.5423% maximum= 2.59026%
eliminate bucket arcs time= 0.53 s.
obtain jump arcs time= 0.01 s.
-----------------------------------------------------------------------------------------
-----------------------------------------------------------------------------------------
elapsed time= 15.58 s.
-----------------------------------------------------------------------------------------
-----------------------------------------------------------------------------------------
 ****** Try Enumeration ****** 
#labels= 293943 #routes= 26
labeling 1 time= 7.53 s.
concatenate time= 12.56 s.
#routes= 500499
average gap of successful enumeration= 0.000491997
next try value > 93985.4
-----------------------------------------------------------------------------------------
elapsed time= 35.82 s.
-----------------------------------------------------------------------------------------
 ****** Process Enumeration Matrix ****** 
delete non-ele routes lp val= 93995.8
recover rank1c lp val= 93996
recover rcc lp val= 93997
obtain rcc coefficient time= 0.11 s.
obtain r1c coefficient time= 0.81 s.
obtain matrix from triplets time= 1.28 s.
delete columns by branch time= 0.00 s.
columns pending deletion= 1161 remain= 500499 col ratio= 0.99768 row ratio= 1
regenerate enumeration matrix time= 0.00 s.
-----------------------------------------------------------------------------------------
elapsed time= 40.02 s.
-----------------------------------------------------------------------------------------
it= 5   ncol= 1415  ncstr= 564  mt= 0.1   spt= 0.2   lpval= 93996.9   ub= 94043.0  
-----------------------------------------------------------------------------------------
elapsed time= 40.31 s.
-----------------------------------------------------------------------------------------
columns pending deletion= 129340 remain= 500499 col ratio= 0.741578 row ratio= 0.907801
 ****** Separate RCCs ****** 
 ****** Separate Rank1Cuts ****** 
it= 4   ncol= 1386  ncstr= 629  mt= 0.1   spt= 0.2   lpval= 94005.1   ub= 94043.0  
-----------------------------------------------------------------------------------------
elapsed time= 41.61 s.
-----------------------------------------------------------------------------------------
delete columns= 369086 remain= 131413
 ****** Separate RCCs ****** 
 ****** Separate Rank1Cuts ****** 
it= 3   ncol= 1394  ncstr= 614  mt= 0.1   spt= 0.0   lpval= 94007.2   ub= 94043.0  
-----------------------------------------------------------------------------------------
elapsed time= 42.71 s.
-----------------------------------------------------------------------------------------
columns pending deletion= 35483 remain= 131413 col ratio= 0.729989 row ratio= 0.895765
 ****** Separate RCCs ****** 
 ****** Separate Rank1Cuts ****** 
it= 3   ncol= 1405  ncstr= 673  mt= 0.0   spt= 0.0   lpval= 94007.9   ub= 94043.0  
-----------------------------------------------------------------------------------------
elapsed time= 43.45 s.
-----------------------------------------------------------------------------------------
delete columns= 42690 remain= 88723
[1;36m[REMIND] 2: gap improved= 0.695041 ratio= 0.019794 threshold= 0.040000 in function increaseCondition2 at /blue/yu.yang1/you.z/route_opt/packages/application/X-n313-k71/src/main/src/call_cutting.cpp:74[0m
 ****** Separate RCCs ****** 
 ****** Separate Rank1Cuts ****** 
it= 2   ncol= 1416  ncstr= 634  mt= 0.0   spt= 0.0   lpval= 94008.0   ub= 94043.0  
-----------------------------------------------------------------------------------------
elapsed time= 44.60 s.
-----------------------------------------------------------------------------------------
columns pending deletion= 3546 remain= 88723 col ratio= 0.960033 row ratio= 0.905363
[1;36m[REMIND] opt_k not found for node 1, use m directly in function getOptK at /blue/yu.yang1/you.z/route_opt/packages/branching/bkf/include/bkf_controller.hpp:239[0m
current_r_best= 16.7678
we directly test 100
we directly test 4
pseudo= 50 frac= 50
#candidates in phase1= 100
testing lp time= 38.62 s.
-----------------------------------------------------------------------------------------
145-281 , 112.19|   0-220 ,  92.97|  95-281 ,  79.44| 254-308 ,  55.97|  54-290 ,  48.97| 
 33-228 ,  45.56|   7-127 ,  45.27|   0-127 ,  45.27| 183-308 ,  39.02|  81-183 ,  39.02| 
 23-296 ,  38.07| 114-272 ,  28.50| 127-145 ,  26.00| 189-208 ,  25.66| 264-290 ,  21.36| 
254-305 ,  20.28| 116-145 ,  19.62| 117-207 ,  19.59|   0-237 ,  17.30|  53-274 ,  17.20| 
  0-53  ,  17.20|  57-237 ,  16.06| 138-203 ,  16.06|  57-64  ,  15.22|  25-285 ,  14.71| 
 51-84  ,  13.36| 227-246 ,  13.23| 147-174 ,  11.46|   0-57  ,  10.67|  25-108 ,  10.20| 
166-216 ,  10.08|  87-208 ,   9.74| 109-138 ,   9.65| 239-264 ,   9.63| 112-257 ,   9.46| 
  0-307 ,   9.24|  24-280 ,   9.10| 166-259 ,   8.62|  32-152 ,   8.38| 126-152 ,   8.25| 
189-302 ,   8.20| 183-199 ,   8.11| 199-307 ,   7.43| 183-192 ,   7.38|  57-130 ,   6.93| 
218-302 ,   6.69|  94-135 ,   6.50| 131-221 ,   6.12| 117-221 ,   6.12| 175-252 ,   5.99| 
  0-121 ,   5.94|  70-121 ,   5.94|   0-27  ,   5.76|   0-85  ,   5.11|  13-104 ,   4.96| 
 13-65  ,   4.96|   0-65  ,   4.88|  72-295 ,   4.84| 171-289 ,   4.69| 165-280 ,   4.66| 
  0-112 ,   4.66|  22-161 ,   4.42| 185-290 ,   4.31|  25-74  ,   3.85|  74-279 ,   3.85| 
  0-279 ,   3.85| 211-256 ,   3.48|  89-117 ,   2.89| 131-145 ,   2.89|  43-216 ,   2.77| 
 45-149 ,   2.66| 163-243 ,   2.44|  75-161 ,   2.41|   0-45  ,   2.31|  25-248 ,   2.22| 
196-291 ,   2.08|  12-134 ,   2.03|  59-68  ,   2.03| 128-150 ,   1.94| 238-293 ,   1.91| 
205-229 ,   1.91|  21-173 ,   1.72| 179-205 ,   1.61|  24-155 ,   1.47|  24-189 ,   1.46| 
 20-173 ,   1.43|  86-161 ,   1.35| 109-213 ,   1.34| 106-155 ,   1.34| 180-271 ,   0.99| 
  0-165 ,   0.99|  67-185 ,   0.98|  42-173 ,   0.82|  79-230 ,   0.58| 195-271 ,   0.55| 
 22-43  ,   0.44| 177-215 ,   0.31|  45-222 ,   0.27|   9-89  ,   0.00| 171-280 ,   0.00| 
-----------------------------------------------------------------------------------------
edge= 254 308 lp= 2.23605 pre= 2 lp2= 25.0322 pre2= 2 score= 55.9732
-----------------------------------------------------------------------------------------
edge= 95 281 lp= 6.23617 pre= 2 lp2= 12.7387 pre2= 2 score= 79.4405
-----------------------------------------------------------------------------------------
edge= 0 220 lp= 115.715 pre= 2 lp2= 0.803398 pre2= 2 score= 92.9652
-----------------------------------------------------------------------------------------
edge= 145 281 lp= 2.08948 pre= 2 lp2= 53.6938 pre2= 2 score= 112.192
-----------------------------------------------------------------------------------------
candidate= 145-281 : -
-----------------------------------------------------------------------------------------
it= 3   ncol= 1452  ncstr= 635  mt= 0.3   spt= 0.0   lpval= 94010.0   ub= 94043.0  
-----------------------------------------------------------------------------------------
elapsed time= 83.56 s.
-----------------------------------------------------------------------------------------
candidate= 145-281 : +
-----------------------------------------------------------------------------------------
it= 5   ncol= 1536  ncstr= 635  mt= 0.4   spt= 0.0   lpval= 94030.8   ub= 94043.0  
-----------------------------------------------------------------------------------------
elapsed time= 84.00 s.
-----------------------------------------------------------------------------------------
candidate= 0-220 : -
-----------------------------------------------------------------------------------------
it= 4   ncol= 1520  ncstr= 635  mt= 0.5   spt= 0.0   lpval= 94017.5   ub= 94043.0  
-----------------------------------------------------------------------------------------
elapsed time= 84.52 s.
-----------------------------------------------------------------------------------------
candidate= 95-281 : -
-----------------------------------------------------------------------------------------
it= 4   ncol= 1438  ncstr= 635  mt= 0.3   spt= 0.0   lpval= 94012.9   ub= 94043.0  
-----------------------------------------------------------------------------------------
elapsed time= 84.90 s.
-----------------------------------------------------------------------------------------
candidate= 95-281 : +
-----------------------------------------------------------------------------------------
it= 4   ncol= 1484  ncstr= 635  mt= 0.4   spt= 0.0   lpval= 94019.1   ub= 94043.0  
-----------------------------------------------------------------------------------------
elapsed time= 85.28 s.
-----------------------------------------------------------------------------------------
candidate= 254-308 : -
-----------------------------------------------------------------------------------------
it= 4   ncol= 1513  ncstr= 635  mt= 0.3   spt= 0.0   lpval= 94009.4   ub= 94043.0  
-----------------------------------------------------------------------------------------
elapsed time= 85.60 s.
-----------------------------------------------------------------------------------------
brc= 95-281
t= 0.193109 c= 43.1311 n= 0 if_b4= 0
t= 0.395338 c= 61.256 n= 0 if_b4= 0
#########################################################################################
tree size= 1 lb= 94008 ub= 94043
#########################################################################################
idx= 1 value= 94008 enu= 1
brc= 50-103 : -
brc= 76-103 : -
brc= 49-105 : -
brc= 70-133 : -
brc= 74-217 : -
brc= 233-246 : -
brc= 164-175 : +
brc= 167-232 : +
brc= 223-246 : -
brc= 3-269 : +
brc= 117-174 : -
brc= 0-44 : +
brc= 9-126 : -
brc= 131-281 : -
brc= 141-164 : -
brc= 126-150 : -
brc= 125-224 : +
brc= 19-60 : +
brc= 243-267 : +
brc= 106-207 : -
brc= 162-189 : -
brc= 17-272 : +
brc= 0-208 : -
brc= 18-301 : +
brc= 0-47 : -
brc= 47-157 : -
brc= 0-243 : -
brc= 30-276 : -
brc= 3-150 : -
brc= 62-68 : +
brc= 53-54 : +
brc= 95-281 : +
it= 5   ncol= 1515  ncstr= 634  mt= 0.4   spt= 0.0   lpval= 94019.1   ub= 94043.0  
-----------------------------------------------------------------------------------------
elapsed time= 87.22 s.
-----------------------------------------------------------------------------------------
delete columns= 65895 remain= 19216
 ****** Separate RCCs ****** 
 ****** Separate Rank1Cuts ****** 
it= 3   ncol= 1454  ncstr= 570  mt= 0.0   spt= 0.0   lpval= 94023.4   ub= 94043.0  
-----------------------------------------------------------------------------------------
elapsed time= 87.79 s.
-----------------------------------------------------------------------------------------
delete columns= 9210 remain= 10006
mip: row= 510 col= 11417 density= 4.06808%
mip time= 7.06 s.
mip status= 6
update f from 0 to 19.6244
#########################################################################################
tree size= 0 lb= 94008 ub= 94043
#########################################################################################
idx= 2 value= 94008 enu= 1
brc= 50-103 : -
brc= 76-103 : -
brc= 49-105 : -
brc= 70-133 : -
brc= 74-217 : -
brc= 233-246 : -
brc= 164-175 : +
brc= 167-232 : +
brc= 223-246 : -
brc= 3-269 : +
brc= 117-174 : -
brc= 0-44 : +
brc= 9-126 : -
brc= 131-281 : -
brc= 141-164 : -
brc= 126-150 : -
brc= 125-224 : +
brc= 19-60 : +
brc= 243-267 : +
brc= 106-207 : -
brc= 162-189 : -
brc= 17-272 : +
brc= 0-208 : -
brc= 18-301 : +
brc= 0-47 : -
brc= 47-157 : -
brc= 0-243 : -
brc= 30-276 : -
brc= 3-150 : -
brc= 62-68 : +
brc= 53-54 : +
brc= 95-281 : -
it= 4   ncol= 1435  ncstr= 634  mt= 0.1   spt= 0.0   lpval= 94012.9   ub= 94043.0  
-----------------------------------------------------------------------------------------
elapsed time= 95.30 s.
-----------------------------------------------------------------------------------------
delete columns= 36102 remain= 49061
 ****** Separate RCCs ****** 
 ****** Separate Rank1Cuts ****** 
it= 4   ncol= 1423  ncstr= 620  mt= 0.1   spt= 0.0   lpval= 94014.9   ub= 94043.0  
-----------------------------------------------------------------------------------------
elapsed time= 96.27 s.
-----------------------------------------------------------------------------------------
columns pending deletion= 11057 remain= 49061 col ratio= 0.774628 row ratio= 0.890323
 ****** Separate RCCs ****** 
 ****** Separate Rank1Cuts ****** 
it= 3   ncol= 1415  ncstr= 672  mt= 0.0   spt= 0.0   lpval= 94015.9   ub= 94043.0  
-----------------------------------------------------------------------------------------
elapsed time= 96.79 s.
-----------------------------------------------------------------------------------------
delete columns= 17295 remain= 31766
[1;36m[REMIND] 2: gap improved= 1.040907 ratio= 0.038417 threshold= 0.040000 in function increaseCondition2 at /blue/yu.yang1/you.z/route_opt/packages/application/X-n313-k71/src/main/src/call_cutting.cpp:74[0m
 ****** Separate Rank1Cuts ****** 
it= 3   ncol= 1423  ncstr= 635  mt= 0.0   spt= 0.0   lpval= 94016.4   ub= 94043.0  
-----------------------------------------------------------------------------------------
elapsed time= 97.35 s.
-----------------------------------------------------------------------------------------
columns pending deletion= 2383 remain= 31766 col ratio= 0.924983 row ratio= 0.903937
[1;36m[REMIND] 2: gap improved= 0.481215 ratio= 0.018081 threshold= 0.040000 in function increaseCondition2 at /blue/yu.yang1/you.z/route_opt/packages/application/X-n313-k71/src/main/src/call_cutting.cpp:74[0m
 ****** Separate Rank1Cuts ****** 
it= 2   ncol= 1423  ncstr= 661  mt= 0.0   spt= 0.0   lpval= 94016.5   ub= 94043.0  
-----------------------------------------------------------------------------------------
elapsed time= 97.77 s.
-----------------------------------------------------------------------------------------
columns pending deletion= 3385 remain= 31766 col ratio= 0.89344 row ratio= 0.881997
[1;36m[REMIND] 2: gap improved= 0.129024 ratio= 0.004872 threshold= 0.040000 in function increaseCondition2 at /blue/yu.yang1/you.z/route_opt/packages/application/X-n313-k71/src/main/src/call_cutting.cpp:74[0m
[1;36m[REMIND] tail off counter= 3 threshold= 3 in function setIfTailOff at /blue/yu.yang1/you.z/route_opt/packages/application/X-n313-k71/src/main/src/call_cutting.cpp:150[0m
current_r_best= 6.16985
alpha= 0.37 beta= 1.11192 omega= 223.352 k1= 7
lb_k= 1 ub_k= 37
revise: lb_k= 6 ub_k= 8
opt_k= 8
alpha= 0.75 beta= 1.11192 omega= 154.946 k1= 3
lb_k= 1 ub_k= 3
revise: lb_k= 2 ub_k= 3
opt_k= 3
pseudo= 50 frac= 50
#candidates in phase1= 8
testing lp time= 3.41 s.
-----------------------------------------------------------------------------------------
264-290 ,  59.57| 117-207 ,  32.83| 147-174 ,  18.56|  56-281 ,  10.01|   7-145 ,   9.23| 
 22-161 ,   8.73| 127-182 ,   6.92|  89-228 ,   4.89| 
-----------------------------------------------------------------------------------------
edge= 147 174 lp= 22.4671 pre= 1 lp2= 0.825921 pre2= 0 score= 18.556
-----------------------------------------------------------------------------------------
edge= 117 207 lp= 16.9058 pre= 1 lp2= 1.94216 pre2= 0 score= 32.8338
-----------------------------------------------------------------------------------------
edge= 264 290 lp= 1.6732 pre= 0 lp2= 35.6026 pre2= 2 score= 59.5702
-----------------------------------------------------------------------------------------
candidate= 264-290 : +
-----------------------------------------------------------------------------------------
it= 5   ncol= 1509  ncstr= 662  mt= 0.3   spt= 0.0   lpval= 94032.1   ub= 94043.0  
-----------------------------------------------------------------------------------------
elapsed time= 101.54 s.
-----------------------------------------------------------------------------------------
candidate= 117-207 : -
-----------------------------------------------------------------------------------------
it= 4   ncol= 1447  ncstr= 662  mt= 0.3   spt= 0.0   lpval= 94031.4   ub= 94043.0  
-----------------------------------------------------------------------------------------
elapsed time= 101.86 s.
-----------------------------------------------------------------------------------------
brc= 117-207
t= 0.203101 c= 23.0359 n= 1 if_b4= 0
t= 0.366942 c= 32.7814 n= 1 if_b4= 0
#########################################################################################
tree size= 1 lb= 94016.5 ub= 94043
#########################################################################################
idx= 3 value= 94016.5 enu= 1
brc= 50-103 : -
brc= 76-103 : -
brc= 49-105 : -
brc= 70-133 : -
brc= 74-217 : -
brc= 233-246 : -
brc= 164-175 : +
brc= 167-232 : +
brc= 223-246 : -
brc= 3-269 : +
brc= 117-174 : -
brc= 0-44 : +
brc= 9-126 : -
brc= 131-281 : -
brc= 141-164 : -
brc= 126-150 : -
brc= 125-224 : +
brc= 19-60 : +
brc= 243-267 : +
brc= 106-207 : -
brc= 162-189 : -
brc= 17-272 : +
brc= 0-208 : -
brc= 18-301 : +
brc= 0-47 : -
brc= 47-157 : -
brc= 0-243 : -
brc= 30-276 : -
brc= 3-150 : -
brc= 62-68 : +
brc= 53-54 : +
brc= 95-281 : -
brc= 117-207 : +
it= 4   ncol= 1456  ncstr= 661  mt= 0.3   spt= 0.0   lpval= 94018.4   ub= 94043.0  
-----------------------------------------------------------------------------------------
elapsed time= 103.15 s.
-----------------------------------------------------------------------------------------
columns pending deletion= 5950 remain= 28298 col ratio= 0.789738 row ratio= 0.829047
 ****** Separate Rank1Cuts ****** 
it= 3   ncol= 1456  ncstr= 705  mt= 0.0   spt= 0.0   lpval= 94019.0   ub= 94043.0  
-----------------------------------------------------------------------------------------
elapsed time= 103.64 s.
-----------------------------------------------------------------------------------------
delete columns= 8214 remain= 20084
[1;36m[REMIND] 2: gap improved= 0.586677 ratio= 0.024434 threshold= 0.040000 in function increaseCondition2 at /blue/yu.yang1/you.z/route_opt/packages/application/X-n313-k71/src/main/src/call_cutting.cpp:74[0m
 ****** Separate RCCs ****** 
 ****** Separate Rank1Cuts ****** 
it= 3   ncol= 1458  ncstr= 602  mt= 0.0   spt= 0.0   lpval= 94019.3   ub= 94043.0  
-----------------------------------------------------------------------------------------
elapsed time= 104.56 s.
-----------------------------------------------------------------------------------------
columns pending deletion= 1746 remain= 20084 col ratio= 0.913065 row ratio= 0.935216
[1;36m[REMIND] 2: gap improved= 0.330796 ratio= 0.013970 threshold= 0.040000 in function increaseCondition2 at /blue/yu.yang1/you.z/route_opt/packages/application/X-n313-k71/src/main/src/call_cutting.cpp:74[0m
mip: row= 563 col= 19776 density= 4.78235%
mip time= 28.35 s.
mip status= 6
update f from 19.6244 to 23.6796
#########################################################################################
tree size= 0 lb= 94016.5 ub= 94043
#########################################################################################
idx= 4 value= 94016.5 enu= 1
brc= 50-103 : -
brc= 76-103 : -
brc= 49-105 : -
brc= 70-133 : -
brc= 74-217 : -
brc= 233-246 : -
brc= 164-175 : +
brc= 167-232 : +
brc= 223-246 : -
brc= 3-269 : +
brc= 117-174 : -
brc= 0-44 : +
brc= 9-126 : -
brc= 131-281 : -
brc= 141-164 : -
brc= 126-150 : -
brc= 125-224 : +
brc= 19-60 : +
brc= 243-267 : +
brc= 106-207 : -
brc= 162-189 : -
brc= 17-272 : +
brc= 0-208 : -
brc= 18-301 : +
brc= 0-47 : -
brc= 47-157 : -
brc= 0-243 : -
brc= 30-276 : -
brc= 3-150 : -
brc= 62-68 : +
brc= 53-54 : +
brc= 95-281 : -
brc= 117-207 : -
it= 4   ncol= 1462  ncstr= 661  mt= 0.1   spt= 0.0   lpval= 94031.4   ub= 94043.0  
-----------------------------------------------------------------------------------------
elapsed time= 133.44 s.
-----------------------------------------------------------------------------------------
delete columns= 25636 remain= 2744
 ****** Separate RCCs ****** 
 ****** Separate Rank1Cuts ****** 
it= 3   ncol= 1240  ncstr= 567  mt= 0.0   spt= 0.0   lpval= 94035.4   ub= 94043.0  
-----------------------------------------------------------------------------------------
elapsed time= 133.93 s.
-----------------------------------------------------------------------------------------
delete columns= 1305 remain= 1439
mip: row= 520 col= 2534 density= 3.44879%
mip time= 0.50 s.
mip status= 6
#########################################################################################
[32m<Instance: X-n313-k71>
<Solution>
<UB= 94043>
<LB= 94043>
<Elapsed Time= 134.7>
<Nodes Explored= 5>
<Global Gap= 0%>[0m
#########################################################################################
File nodes/X-n313-k71_6_0_1_1_4_0_0_2_1_5_0_G32.node deleted successfully.
