application type: CVRP
X-n313-k71_3_2_0_1_2_0_1_0_6_3_1_6_4_3_2_8_5_4_G32.node
Set parameter ServerTimeout to value 600
Set parameter TokenServer to value "grb-ts.ufhpc"
Set parameter Threads to value 1
instance name= X-n313-k71
#########################################################################################
tree size= 0 lb= 0 ub= 94044
#########################################################################################
idx= 9 value= 94002.5 enu= 0
brc= 50-103 : -
brc= 76-103 : -
brc= 49-105 : -
brc= 70-133 : +
brc= 164-295 : -
brc= 24-250 : -
brc= 57-64 : +
brc= 100-119 : +
brc= 62-296 : -
brc= 75-303 : +
brc= 95-279 : -
brc= 92-227 : -
brc= 118-143 : +
brc= 0-292 : +
brc= 194-200 : -
brc= 62-68 : +
brc= 0-182 : +
brc= 24-299 : -
brc= 23-68 : -
brc= 68-87 : -
brc= 167-240 : -
brc= 260-279 : -
brc= 240-241 : -
brc= 43-141 : +
brc= 47-113 : -
brc= 109-138 : -
brc= 86-267 : -
brc= 125-224 : +
brc= 232-275 : -
brc= 147-174 : +
brc= 162-250 : -
brc= 162-171 : -
brc= 162-189 : -
brc= 208-226 : -
brc= 162-299 : -
brc= 95-112 : -
brc= 0-47 : +
brc= 74-189 : -
brc= 189-217 : -
brc= 27-283 : -
brc= 162-289 : -
brc= 0-178 : +
brc= 0-77 : -
brc= 38-238 : -
brc= 66-235 : -
brc= 0-184 : +
brc= 164-260 : -
brc= 162-165 : -
brc= 0-209 : +
brc= 18-108 : -
brc= 113-200 : -
brc= 24-162 : -
brc= 71-306 : -
brc= 23-59 : -
brc= 161-243 : -
brc= 182-202 : -
brc= 2-132 : -
brc= 0-207 : +
brc= 112-162 : -
brc= 145-155 : -
brc= 162-280 : -
brc= 107-125 : -
brc= 142-152 : -
brc= 0-175 : +
brc= 192-286 : -
brc= 165-279 : -
brc= 74-145 : -
brc= 27-138 : -
brc= 112-165 : +
-----------------------------------------------------------------------------------------
 ****** Pricing Level: LIGHT HEUR ****** 
it= 5   ncol= 944   ncstr= 682  mt= 0.1   spt= 0.1   lpval= 94002.7   ub= 94043.0  
 ****** Pricing Level: HEAVY HEUR ****** 
it= 3   ncol= 974   ncstr= 682  mt= 0.0   spt= 0.2   lpval= 94002.6   ub= 94043.0  
 ****** Pricing Level: EXACT ****** 
it= 4   ncol= 998   ncstr= 682  mt= 0.1   spt= 5.3   lpval= 94002.6   ub= 94043.0  
-----------------------------------------------------------------------------------------
elapsed time= 9.41 s.
-----------------------------------------------------------------------------------------
-----------------------------------------------------------------------------------------
 ****** Run Arc Elimination ****** 
arc elimination time= 4.94 s.
previous= 96.2485% maximum= 2.33289%
eliminate bucket arcs time= 0.47 s.
obtain jump arcs time= 0.01 s.
-----------------------------------------------------------------------------------------
-----------------------------------------------------------------------------------------
elapsed time= 15.17 s.
-----------------------------------------------------------------------------------------
 ****** Separate RCCs ****** 
 ****** Separate Rank1Cuts ****** 
-----------------------------------------------------------------------------------------
 ****** Pricing Level: LIGHT HEUR ****** 
it= 3   ncol= 1026  ncstr= 750  mt= 0.3   spt= 0.1   lpval= 94002.7   ub= 94043.0  
 ****** Pricing Level: HEAVY HEUR ****** 
it= 3   ncol= 1059  ncstr= 750  mt= 0.0   spt= 0.2   lpval= 94002.7   ub= 94043.0  
 ****** Pricing Level: EXACT ****** 
it= 3   ncol= 1165  ncstr= 750  mt= 0.1   spt= 3.9   lpval= 94002.7   ub= 94043.0  
-----------------------------------------------------------------------------------------
elapsed time= 21.10 s.
-----------------------------------------------------------------------------------------
[1;36m[REMIND] opt_k not found for node 9, use m directly in function getOptK at /blue/yu.yang1/you.z/route_opt/packages/branching/bkf/include/bkf_controller.hpp:239[0m
current_r_best= 0.123523
we directly test 100
we directly test 4
pseudo= 87 frac= 13
#candidates in phase1= 100
testing lp time= 32.74 s.
-----------------------------------------------------------------------------------------
189-214 , 1314578.73| 108-201 , 127166.28| 125-267 , 109739.71| 268-298 , 101455.17|  83-134 , 46375.63| 
  0-262 , 35495.39|  87-268 , 35491.55| 262-287 , 35491.55| 112-257 , 28328.80|  20-42  , 28055.57| 
140-291 , 24825.73| 173-231 , 24766.77|  51-152 , 24047.39| 178-296 , 22904.64| 216-274 , 22569.43| 
 49-85  , 19833.07| 251-282 , 19790.81|  48-68  , 18152.39| 166-251 , 17630.06| 189-280 , 17593.64| 
 67-297 , 17048.73|  42-91  , 15944.39|  79-150 , 14149.82| 191-256 , 12269.52| 166-185 , 12214.06| 
145-295 , 12139.89|  49-77  , 11351.05| 179-259 , 11123.04|  21-244 , 10937.17| 259-271 , 10187.39| 
138-203 , 10100.20|  71-283 , 10096.61| 178-283 , 10096.61|   0-71  , 10081.97| 185-264 , 9373.94| 
  0-284 , 9028.12| 171-257 , 8846.37|  32-51  , 8514.66| 102-153 , 8326.25| 165-257 , 6749.29| 
  2-112 , 6749.29| 162-278 , 6246.68|  35-42  , 6211.94|  20-173 , 6204.96| 202-269 , 5856.86| 
267-289 , 5432.12| 171-289 , 5432.12|  42-135 , 4715.08|  93-260 , 4714.07|  89-176 , 4516.32| 
 90-228 , 4476.94| 256-274 , 3767.41|  20-196 , 2873.59|   4-137 , 2833.73|  19-79  , 2798.36| 
166-215 , 2097.28|  26-35  , 1968.07|  24-132 , 1652.49| 105-134 , 1517.12|   0-153 , 1388.68| 
 39-225 , 1364.98|  28-99  , 1299.93| 203-306 , 1284.16| 229-259 , 1239.69|   3-150 , 997.13| 
205-274 , 938.43|  67-149 , 867.87|  50-134 , 810.07|  76-134 , 810.07|   1-12  , 796.39| 
163-195 , 795.11|  17-163 , 795.11|   0-75  , 763.14| 189-268 , 761.18|   0-268 , 761.18| 
  0-303 , 755.45|  75-262 , 753.04|  79-182 , 700.85|  23-124 , 521.50|  38-244 , 440.16| 
 67-293 , 350.68| 238-273 , 349.95| 271-273 , 340.69| 114-311 , 322.58|  13-134 ,   7.62| 
 20-195 ,   1.71| 191-195 ,   1.58| 148-196 ,   1.20| 178-261 ,   0.91|  67-245 ,   0.91| 
128-137 ,   0.91| 261-283 ,   0.91| 219-282 ,   0.81|   0-118 ,   0.75| 158-163 ,   0.57| 
158-229 ,   0.57|  17-45  ,   0.52| 177-222 ,   0.43| 222-297 ,   0.22|  10-258 ,   0.11| 
-----------------------------------------------------------------------------------------
edge= 268 298 lp= 1001 pre= 2 lp2= 0.111982 pre2= 2 score= 112.094
-----------------------------------------------------------------------------------------
edge= 125 267 lp= 0.121126 pre= 2 lp2= 1000 pre2= 2 score= 121.126
-----------------------------------------------------------------------------------------
edge= 108 201 lp= 0.140361 pre= 2 lp2= 1000 pre2= 2 score= 140.361
-----------------------------------------------------------------------------------------
edge= 189 214 lp= 1.45097 pre= 2 lp2= 1000 pre2= 2 score= 1450.97
-----------------------------------------------------------------------------------------
candidate= 189-214 : -
-----------------------------------------------------------------------------------------
-----------------------------------------------------------------------------------------
 ****** Pricing Level: LIGHT HEUR ****** 
it= 5   ncol= 862   ncstr= 682  mt= 0.3   spt= 0.1   lpval= 94003.5   ub= 94043.0  
 ****** Pricing Level: HEAVY HEUR ****** 
it= 5   ncol= 935   ncstr= 682  mt= 0.1   spt= 0.3   lpval= 94002.7   ub= 94043.0  
-----------------------------------------------------------------------------------------
elapsed time= 55.70 s.
-----------------------------------------------------------------------------------------
candidate= 108-201 : -
-----------------------------------------------------------------------------------------
-----------------------------------------------------------------------------------------
 ****** Pricing Level: LIGHT HEUR ****** 
it= 5   ncol= 862   ncstr= 682  mt= 0.3   spt= 0.1   lpval= 94002.8   ub= 94043.0  
 ****** Pricing Level: HEAVY HEUR ****** 
it= 5   ncol= 925   ncstr= 682  mt= 0.1   spt= 0.3   lpval= 94002.7   ub= 94043.0  
-----------------------------------------------------------------------------------------
elapsed time= 57.04 s.
-----------------------------------------------------------------------------------------
candidate= 125-267 : -
-----------------------------------------------------------------------------------------
-----------------------------------------------------------------------------------------
 ****** Pricing Level: LIGHT HEUR ****** 
it= 5   ncol= 863   ncstr= 682  mt= 0.3   spt= 0.1   lpval= 94002.8   ub= 94043.0  
 ****** Pricing Level: HEAVY HEUR ****** 
it= 7   ncol= 935   ncstr= 682  mt= 0.1   spt= 0.4   lpval= 94002.8   ub= 94043.0  
-----------------------------------------------------------------------------------------
elapsed time= 58.66 s.
-----------------------------------------------------------------------------------------
candidate= 268-298 : -
-----------------------------------------------------------------------------------------
-----------------------------------------------------------------------------------------
 ****** Pricing Level: LIGHT HEUR ****** 
it= 6   ncol= 914   ncstr= 682  mt= 0.4   spt= 0.1   lpval= 94003.6   ub= 94043.0  
 ****** Pricing Level: HEAVY HEUR ****** 
it= 4   ncol= 967   ncstr= 682  mt= 0.0   spt= 0.2   lpval= 94003.6   ub= 94043.0  
-----------------------------------------------------------------------------------------
elapsed time= 60.07 s.
-----------------------------------------------------------------------------------------
candidate= 125-267 : +
-----------------------------------------------------------------------------------------
-----------------------------------------------------------------------------------------
 ****** Pricing Level: LIGHT HEUR ****** 
it= 16  ncol= 1186  ncstr= 682  mt= 0.7   spt= 0.3   lpval= 94055.9   ub= 94043.0  
 ****** Pricing Level: HEAVY HEUR ****** 
it= 13  ncol= 1426  ncstr= 682  mt= 0.4   spt= 0.6   lpval= 94039.9   ub= 94043.0  
-----------------------------------------------------------------------------------------
elapsed time= 63.79 s.
-----------------------------------------------------------------------------------------
candidate= 108-201 : +
-----------------------------------------------------------------------------------------
-----------------------------------------------------------------------------------------
 ****** Pricing Level: LIGHT HEUR ****** 
it= 12  ncol= 1064  ncstr= 682  mt= 0.7   spt= 0.2   lpval= 94040.8   ub= 94043.0  
 ****** Pricing Level: HEAVY HEUR ****** 
it= 10  ncol= 1262  ncstr= 682  mt= 0.3   spt= 0.5   lpval= 94032.6   ub= 94043.0  
-----------------------------------------------------------------------------------------
elapsed time= 66.82 s.
-----------------------------------------------------------------------------------------
brc= 125-267
t= 0.163715 c= 25.0308 n= 0 if_b4= 1
t= 2.08766 c= 35.1393 n= 0 if_b4= 1
nodes already exists
memory usage= 4GB.
#########################################################################################
tree size= 0 lb= 94002.7 ub= 94043
#########################################################################################
idx= 2 value= 94002.7 enu= 0
brc= 50-103 : -
brc= 76-103 : -
brc= 49-105 : -
brc= 70-133 : +
brc= 164-295 : -
brc= 24-250 : -
brc= 57-64 : +
brc= 100-119 : +
brc= 62-296 : -
brc= 75-303 : +
brc= 95-279 : -
brc= 92-227 : -
brc= 118-143 : +
brc= 0-292 : +
brc= 194-200 : -
brc= 62-68 : +
brc= 0-182 : +
brc= 24-299 : -
brc= 23-68 : -
brc= 68-87 : -
brc= 167-240 : -
brc= 260-279 : -
brc= 240-241 : -
brc= 43-141 : +
brc= 47-113 : -
brc= 109-138 : -
brc= 86-267 : -
brc= 125-224 : +
brc= 232-275 : -
brc= 147-174 : +
brc= 162-250 : -
brc= 162-171 : -
brc= 162-189 : -
brc= 208-226 : -
brc= 162-299 : -
brc= 95-112 : -
brc= 0-47 : +
brc= 74-189 : -
brc= 189-217 : -
brc= 27-283 : -
brc= 162-289 : -
brc= 0-178 : +
brc= 0-77 : -
brc= 38-238 : -
brc= 66-235 : -
brc= 0-184 : +
brc= 164-260 : -
brc= 162-165 : -
brc= 0-209 : +
brc= 18-108 : -
brc= 113-200 : -
brc= 24-162 : -
brc= 71-306 : -
brc= 23-59 : -
brc= 161-243 : -
brc= 182-202 : -
brc= 2-132 : -
brc= 0-207 : +
brc= 112-162 : -
brc= 145-155 : -
brc= 162-280 : -
brc= 107-125 : -
brc= 142-152 : -
brc= 0-175 : +
brc= 192-286 : -
brc= 165-279 : -
brc= 74-145 : -
brc= 27-138 : -
brc= 112-165 : +
brc= 125-267 : -
-----------------------------------------------------------------------------------------
 ****** Pricing Level: LIGHT HEUR ****** 
it= 5   ncol= 861   ncstr= 681  mt= 0.3   spt= 0.1   lpval= 94002.8   ub= 94043.0  
 ****** Pricing Level: HEAVY HEUR ****** 
it= 5   ncol= 939   ncstr= 681  mt= 0.1   spt= 0.3   lpval= 94002.8   ub= 94043.0  
 ****** Pricing Level: EXACT ****** 
it= 3   ncol= 989   ncstr= 681  mt= 0.0   spt= 3.8   lpval= 94002.8   ub= 94043.0  
-----------------------------------------------------------------------------------------
elapsed time= 72.89 s.
-----------------------------------------------------------------------------------------
 ****** Separate RCCs ****** 
 ****** Separate Rank1Cuts ****** 
-----------------------------------------------------------------------------------------
 ****** Pricing Level: LIGHT HEUR ****** 
it= 7   ncol= 1056  ncstr= 756  mt= 0.5   spt= 0.2   lpval= 94002.9   ub= 94043.0  
 ****** Pricing Level: HEAVY HEUR ****** 
it= 5   ncol= 1109  ncstr= 756  mt= 0.1   spt= 0.3   lpval= 94002.9   ub= 94043.0  
 ****** Pricing Level: EXACT ****** 
it= 4   ncol= 1230  ncstr= 756  mt= 0.1   spt= 5.2   lpval= 94002.8   ub= 94043.0  
-----------------------------------------------------------------------------------------
elapsed time= 81.22 s.
-----------------------------------------------------------------------------------------
current_r_best= 0.0984869
pseudo= 91 frac= 9
#candidates in phase1= 37
testing lp time= 12.44 s.
-----------------------------------------------------------------------------------------
 24-132 , 45014.46|  83-134 , 35945.15|   4-51  , 32790.10|  48-68  , 28988.96|   0-268 , 28967.87| 
268-298 , 28898.27|  19-79  , 27544.71|   4-137 , 27544.71|  49-85  , 25186.88|  75-262 , 23886.10| 
  0-75  , 23871.61|   0-303 , 23831.94| 112-257 , 23494.59|   0-83  , 23052.12| 178-296 , 21942.88| 
  0-71  , 21040.68|  35-42  , 17771.65|  21-244 , 15217.40| 267-289 , 14199.63| 171-289 , 14199.63| 
216-274 , 12808.60|  67-297 , 10341.34| 179-205 , 7343.95| 259-271 , 4487.44|  42-135 , 3392.06| 
  0-284 , 2540.02| 166-215 , 1170.51| 134-296 , 781.30|  52-143 , 778.13|  38-291 , 226.12| 
 36-44  ,  59.13| 189-214 ,  41.50| 191-195 ,   5.56| 185-264 ,   0.64|  20-195 ,   0.44| 
148-196 ,   0.36| 219-282 ,   0.29| 
-----------------------------------------------------------------------------------------
edge= 4 51 lp= 0.0361923 pre= 2 lp2= 1000 pre2= 2 score= 36.1923
-----------------------------------------------------------------------------------------
edge= 83 134 lp= 0.0396747 pre= 2 lp2= 1000 pre2= 2 score= 39.6747
-----------------------------------------------------------------------------------------
edge= 24 132 lp= 0.049685 pre= 2 lp2= 1000 pre2= 2 score= 49.685
-----------------------------------------------------------------------------------------
candidate= 24-132 : -
-----------------------------------------------------------------------------------------
-----------------------------------------------------------------------------------------
 ****** Pricing Level: LIGHT HEUR ****** 
it= 5   ncol= 907   ncstr= 686  mt= 0.3   spt= 0.1   lpval= 94002.9   ub= 94043.0  
 ****** Pricing Level: HEAVY HEUR ****** 
it= 5   ncol= 974   ncstr= 686  mt= 0.0   spt= 0.3   lpval= 94002.9   ub= 94043.0  
-----------------------------------------------------------------------------------------
elapsed time= 95.47 s.
-----------------------------------------------------------------------------------------
candidate= 24-132 : +
-----------------------------------------------------------------------------------------
-----------------------------------------------------------------------------------------
 ****** Pricing Level: LIGHT HEUR ****** 
it= 13  ncol= 1078  ncstr= 686  mt= 0.7   spt= 0.3   lpval= 94034.3   ub= 94043.0  
 ****** Pricing Level: HEAVY HEUR ****** 
it= 9   ncol= 1227  ncstr= 686  mt= 0.2   spt= 0.5   lpval= 94032.9   ub= 94043.0  
-----------------------------------------------------------------------------------------
elapsed time= 98.58 s.
-----------------------------------------------------------------------------------------
candidate= 83-134 : -
-----------------------------------------------------------------------------------------
-----------------------------------------------------------------------------------------
 ****** Pricing Level: LIGHT HEUR ****** 
it= 11  ncol= 990   ncstr= 686  mt= 0.4   spt= 0.2   lpval= 94002.9   ub= 94043.0  
 ****** Pricing Level: HEAVY HEUR ****** 
it= 7   ncol= 1105  ncstr= 686  mt= 0.2   spt= 0.4   lpval= 94002.9   ub= 94043.0  
-----------------------------------------------------------------------------------------
elapsed time= 101.06 s.
-----------------------------------------------------------------------------------------
candidate= 83-134 : +
-----------------------------------------------------------------------------------------
-----------------------------------------------------------------------------------------
 ****** Pricing Level: LIGHT HEUR ****** 
it= 18  ncol= 1266  ncstr= 686  mt= 0.6   spt= 0.4   lpval= 94139.5   ub= 94043.0  
 ****** Pricing Level: HEAVY HEUR ****** 
it= 16  ncol= 1650  ncstr= 686  mt= 0.4   spt= 0.7   lpval= 94125.5   ub= 94043.0  
-----------------------------------------------------------------------------------------
elapsed time= 105.19 s.
-----------------------------------------------------------------------------------------
candidate= 4-51 : -
-----------------------------------------------------------------------------------------
-----------------------------------------------------------------------------------------
 ****** Pricing Level: LIGHT HEUR ****** 
it= 7   ncol= 932   ncstr= 686  mt= 0.3   spt= 0.2   lpval= 94002.9   ub= 94043.0  
 ****** Pricing Level: HEAVY HEUR ****** 
it= 5   ncol= 1027  ncstr= 686  mt= 0.1   spt= 0.3   lpval= 94002.9   ub= 94043.0  
-----------------------------------------------------------------------------------------
elapsed time= 106.78 s.
-----------------------------------------------------------------------------------------
candidate= 4-51 : +
-----------------------------------------------------------------------------------------
-----------------------------------------------------------------------------------------
 ****** Pricing Level: LIGHT HEUR ****** 
it= 13  ncol= 1139  ncstr= 686  mt= 0.7   spt= 0.3   lpval= 94048.5   ub= 94043.0  
 ****** Pricing Level: HEAVY HEUR ****** 
it= 14  ncol= 1401  ncstr= 686  mt= 0.4   spt= 0.7   lpval= 94037.2   ub= 94043.0  
-----------------------------------------------------------------------------------------
elapsed time= 110.68 s.
-----------------------------------------------------------------------------------------
brc= 83-134
t= 0.165893 c= 23.745 n= 1 if_b4= 1
t= 2.42389 c= 27.7684 n= 1 if_b4= 1
nodes already exists
memory usage= 4GB.
#########################################################################################
tree size= 0 lb= 94002.8 ub= 94043
#########################################################################################
idx= 4 value= 94002.8 enu= 0
brc= 50-103 : -
brc= 76-103 : -
brc= 49-105 : -
brc= 70-133 : +
brc= 164-295 : -
brc= 24-250 : -
brc= 57-64 : +
brc= 100-119 : +
brc= 62-296 : -
brc= 75-303 : +
brc= 95-279 : -
brc= 92-227 : -
brc= 118-143 : +
brc= 0-292 : +
brc= 194-200 : -
brc= 62-68 : +
brc= 0-182 : +
brc= 24-299 : -
brc= 23-68 : -
brc= 68-87 : -
brc= 167-240 : -
brc= 260-279 : -
brc= 240-241 : -
brc= 43-141 : +
brc= 47-113 : -
brc= 109-138 : -
brc= 86-267 : -
brc= 125-224 : +
brc= 232-275 : -
brc= 147-174 : +
brc= 162-250 : -
brc= 162-171 : -
brc= 162-189 : -
brc= 208-226 : -
brc= 162-299 : -
brc= 95-112 : -
brc= 0-47 : +
brc= 74-189 : -
brc= 189-217 : -
brc= 27-283 : -
brc= 162-289 : -
brc= 0-178 : +
brc= 0-77 : -
brc= 38-238 : -
brc= 66-235 : -
brc= 0-184 : +
brc= 164-260 : -
brc= 162-165 : -
brc= 0-209 : +
brc= 18-108 : -
brc= 113-200 : -
brc= 24-162 : -
brc= 71-306 : -
brc= 23-59 : -
brc= 161-243 : -
brc= 182-202 : -
brc= 2-132 : -
brc= 0-207 : +
brc= 112-162 : -
brc= 145-155 : -
brc= 162-280 : -
brc= 107-125 : -
brc= 142-152 : -
brc= 0-175 : +
brc= 192-286 : -
brc= 165-279 : -
brc= 74-145 : -
brc= 27-138 : -
brc= 112-165 : +
brc= 125-267 : -
brc= 83-134 : -
-----------------------------------------------------------------------------------------
 ****** Pricing Level: LIGHT HEUR ****** 
it= 13  ncol= 1020  ncstr= 685  mt= 0.5   spt= 0.3   lpval= 94002.9   ub= 94043.0  
 ****** Pricing Level: HEAVY HEUR ****** 
it= 6   ncol= 1091  ncstr= 685  mt= 0.1   spt= 0.3   lpval= 94002.9   ub= 94043.0  
 ****** Pricing Level: EXACT ****** 
it= 6   ncol= 1211  ncstr= 685  mt= 0.2   spt= 7.7   lpval= 94002.9   ub= 94043.0  
-----------------------------------------------------------------------------------------
elapsed time= 122.18 s.
-----------------------------------------------------------------------------------------
 ****** Separate RCCs ****** 
 ****** Separate Rank1Cuts ****** 
-----------------------------------------------------------------------------------------
 ****** Pricing Level: LIGHT HEUR ****** 
it= 4   ncol= 1256  ncstr= 699  mt= 0.3   spt= 0.1   lpval= 94002.9   ub= 94043.0  
 ****** Pricing Level: HEAVY HEUR ****** 
it= 3   ncol= 1281  ncstr= 699  mt= 0.0   spt= 0.2   lpval= 94002.9   ub= 94043.0  
 ****** Pricing Level: EXACT ****** 
it= 3   ncol= 1579  ncstr= 699  mt= 0.1   spt= 3.9   lpval= 94002.9   ub= 94043.0  
-----------------------------------------------------------------------------------------
elapsed time= 128.34 s.
-----------------------------------------------------------------------------------------
current_r_best= 0.0456986
pseudo= 95 frac= 5
#candidates in phase1= 37
testing lp time= 14.78 s.
-----------------------------------------------------------------------------------------
189-214 ,  25.97|  19-79  ,   9.39|   4-137 ,   9.39|  48-68  ,   7.24|  21-244 ,   6.86| 
 28-153 ,   5.50|   0-284 ,   4.47| 268-298 ,   4.26|  75-262 ,   4.25|   0-268 ,   4.24| 
  0-75  ,   4.24|   0-303 ,   4.23|  35-42  ,   3.97| 216-274 ,   3.95| 191-195 ,   3.73| 
138-203 ,   2.63|   0-71  ,   2.62| 178-283 ,   2.62|  71-283 ,   2.62| 267-289 ,   2.54| 
166-215 ,   2.11|  20-195 ,   2.06| 179-205 ,   2.01| 178-296 ,   2.00| 259-271 ,   1.73| 
 42-91  ,   1.15|  20-196 ,   1.15|  16-186 ,   0.98|  20-173 ,   0.85| 148-196 ,   0.74| 
206-282 ,   0.74| 205-222 ,   0.59| 185-264 ,   0.59| 112-257 ,   0.43|   0-177 ,   0.03| 
145-265 ,   0.00|  67-274 ,   0.00| 
-----------------------------------------------------------------------------------------
edge= 4 137 lp= 0.0461321 pre= 2 lp2= 203.473 pre2= 2 score= 9.38664
-----------------------------------------------------------------------------------------
edge= 19 79 lp= 0.0461328 pre= 2 lp2= 203.473 pre2= 2 score= 9.38677
-----------------------------------------------------------------------------------------
edge= 189 214 lp= 1.75869 pre= 2 lp2= 14.7644 pre2= 2 score= 25.9659
-----------------------------------------------------------------------------------------
candidate= 189-214 : -
-----------------------------------------------------------------------------------------
-----------------------------------------------------------------------------------------
 ****** Pricing Level: LIGHT HEUR ****** 
it= 5   ncol= 1124  ncstr= 670  mt= 0.4   spt= 0.1   lpval= 94004.3   ub= 94043.0  
 ****** Pricing Level: HEAVY HEUR ****** 
it= 3   ncol= 1141  ncstr= 670  mt= 0.1   spt= 0.2   lpval= 94002.9   ub= 94043.0  
-----------------------------------------------------------------------------------------
elapsed time= 144.92 s.
-----------------------------------------------------------------------------------------
candidate= 19-79 : -
-----------------------------------------------------------------------------------------
-----------------------------------------------------------------------------------------
 ****** Pricing Level: LIGHT HEUR ****** 
it= 4   ncol= 1128  ncstr= 670  mt= 0.3   spt= 0.1   lpval= 94002.9   ub= 94043.0  
 ****** Pricing Level: HEAVY HEUR ****** 
it= 2   ncol= 1141  ncstr= 670  mt= 0.0   spt= 0.1   lpval= 94002.9   ub= 94043.0  
-----------------------------------------------------------------------------------------
elapsed time= 145.78 s.
-----------------------------------------------------------------------------------------
candidate= 4-137 : -
-----------------------------------------------------------------------------------------
-----------------------------------------------------------------------------------------
 ****** Pricing Level: LIGHT HEUR ****** 
it= 4   ncol= 1130  ncstr= 670  mt= 0.3   spt= 0.1   lpval= 94002.9   ub= 94043.0  
 ****** Pricing Level: HEAVY HEUR ****** 
it= 2   ncol= 1144  ncstr= 670  mt= 0.0   spt= 0.1   lpval= 94002.9   ub= 94043.0  
-----------------------------------------------------------------------------------------
elapsed time= 146.65 s.
-----------------------------------------------------------------------------------------
candidate= 4-137 : +
-----------------------------------------------------------------------------------------
-----------------------------------------------------------------------------------------
 ****** Pricing Level: LIGHT HEUR ****** 
it= 12  ncol= 1313  ncstr= 670  mt= 1.1   spt= 0.3   lpval= 94038.2   ub= 94043.0  
 ****** Pricing Level: HEAVY HEUR ****** 
it= 8   ncol= 1441  ncstr= 670  mt= 0.4   spt= 0.4   lpval= 94017.9   ub= 94043.0  
-----------------------------------------------------------------------------------------
elapsed time= 150.07 s.
-----------------------------------------------------------------------------------------
candidate= 19-79 : +
-----------------------------------------------------------------------------------------
-----------------------------------------------------------------------------------------
 ****** Pricing Level: LIGHT HEUR ****** 
it= 11  ncol= 1243  ncstr= 670  mt= 0.9   spt= 0.2   lpval= 94050.0   ub= 94043.0  
 ****** Pricing Level: HEAVY HEUR ****** 
it= 6   ncol= 1322  ncstr= 670  mt= 0.2   spt= 0.3   lpval= 94044.6   ub= 94043.0  
-----------------------------------------------------------------------------------------
elapsed time= 152.85 s.
-----------------------------------------------------------------------------------------
brc= 19-79
t= 0.177179 c= 23.1862 n= 2 if_b4= 1
t= 2.23355 c= 26.788 n= 2 if_b4= 1
nodes already exists
memory usage= 4GB.
#########################################################################################
tree size= 0 lb= 94002.9 ub= 94043
#########################################################################################
idx= 6 value= 94002.9 enu= 0
brc= 50-103 : -
brc= 76-103 : -
brc= 49-105 : -
brc= 70-133 : +
brc= 164-295 : -
brc= 24-250 : -
brc= 57-64 : +
brc= 100-119 : +
brc= 62-296 : -
brc= 75-303 : +
brc= 95-279 : -
brc= 92-227 : -
brc= 118-143 : +
brc= 0-292 : +
brc= 194-200 : -
brc= 62-68 : +
brc= 0-182 : +
brc= 24-299 : -
brc= 23-68 : -
brc= 68-87 : -
brc= 167-240 : -
brc= 260-279 : -
brc= 240-241 : -
brc= 43-141 : +
brc= 47-113 : -
brc= 109-138 : -
brc= 86-267 : -
brc= 125-224 : +
brc= 232-275 : -
brc= 147-174 : +
brc= 162-250 : -
brc= 162-171 : -
brc= 162-189 : -
brc= 208-226 : -
brc= 162-299 : -
brc= 95-112 : -
brc= 0-47 : +
brc= 74-189 : -
brc= 189-217 : -
brc= 27-283 : -
brc= 162-289 : -
brc= 0-178 : +
brc= 0-77 : -
brc= 38-238 : -
brc= 66-235 : -
brc= 0-184 : +
brc= 164-260 : -
brc= 162-165 : -
brc= 0-209 : +
brc= 18-108 : -
brc= 113-200 : -
brc= 24-162 : -
brc= 71-306 : -
brc= 23-59 : -
brc= 161-243 : -
brc= 182-202 : -
brc= 2-132 : -
brc= 0-207 : +
brc= 112-162 : -
brc= 145-155 : -
brc= 162-280 : -
brc= 107-125 : -
brc= 142-152 : -
brc= 0-175 : +
brc= 192-286 : -
brc= 165-279 : -
brc= 74-145 : -
brc= 27-138 : -
brc= 112-165 : +
brc= 125-267 : -
brc= 83-134 : -
brc= 19-79 : -
-----------------------------------------------------------------------------------------
 ****** Pricing Level: LIGHT HEUR ****** 
it= 4   ncol= 1127  ncstr= 669  mt= 0.3   spt= 0.1   lpval= 94002.9   ub= 94043.0  
 ****** Pricing Level: HEAVY HEUR ****** 
it= 2   ncol= 1140  ncstr= 669  mt= 0.0   spt= 0.1   lpval= 94002.9   ub= 94043.0  
 ****** Pricing Level: EXACT ****** 
it= 2   ncol= 1144  ncstr= 669  mt= 0.0   spt= 2.7   lpval= 94002.9   ub= 94043.0  
-----------------------------------------------------------------------------------------
elapsed time= 157.21 s.
-----------------------------------------------------------------------------------------
 ****** Separate Rank1Cuts ****** 
-----------------------------------------------------------------------------------------
 ****** Pricing Level: LIGHT HEUR ****** 
it= 3   ncol= 1152  ncstr= 705  mt= 0.3   spt= 0.1   lpval= 94003.0   ub= 94043.0  
 ****** Pricing Level: HEAVY HEUR ****** 
it= 3   ncol= 1176  ncstr= 705  mt= 0.0   spt= 0.2   lpval= 94003.0   ub= 94043.0  
 ****** Pricing Level: EXACT ****** 
it= 3   ncol= 1306  ncstr= 705  mt= 0.1   spt= 3.7   lpval= 94003.0   ub= 94043.0  
-----------------------------------------------------------------------------------------
elapsed time= 163.38 s.
-----------------------------------------------------------------------------------------
current_r_best= 0.0451864
pseudo= 95 frac= 5
#candidates in phase1= 37
testing lp time= 13.09 s.
-----------------------------------------------------------------------------------------
 35-42  , 32433.74| 268-298 , 31724.39|   0-268 , 31723.04| 189-268 , 30996.43|  51-152 , 19217.03| 
 48-68  , 15516.80| 216-274 , 14999.16|   0-284 , 13591.83|  67-297 , 12604.62|  21-244 , 11993.92| 
178-296 , 11533.53| 155-162 , 8756.54| 145-302 , 8756.54| 166-251 , 7760.14|   0-71  , 7140.65| 
114-311 , 6926.82|  42-135 , 2002.05|   0-75  , 1633.00|   0-303 , 1545.61|  42-91  , 1487.34| 
259-271 , 1451.95|   0-262 , 1283.32| 171-262 , 1282.80| 262-267 , 1274.04|   0-29  , 570.35| 
202-230 , 239.49|  16-186 , 217.48| 189-214 ,  30.66| 191-195 ,   2.21|  13-134 ,   2.00| 
 20-173 ,   1.64| 145-265 ,   0.91|  20-195 ,   0.75|  10-258 ,   0.70| 236-311 ,   0.59| 
219-282 ,   0.50| 148-196 ,   0.35| 
-----------------------------------------------------------------------------------------
edge= 0 268 lp= 0.0350145 pre= 2 lp2= 1000 pre2= 2 score= 35.0145
-----------------------------------------------------------------------------------------
edge= 268 298 lp= 1000 pre= 2 lp2= 0.035016 pre2= 2 score= 35.016
-----------------------------------------------------------------------------------------
edge= 35 42 lp= 0.0357989 pre= 2 lp2= 1000 pre2= 2 score= 35.7989
-----------------------------------------------------------------------------------------
candidate= 35-42 : -
-----------------------------------------------------------------------------------------
-----------------------------------------------------------------------------------------
 ****** Pricing Level: LIGHT HEUR ****** 
it= 4   ncol= 922   ncstr= 675  mt= 0.3   spt= 0.1   lpval= 94003.0   ub= 94043.0  
 ****** Pricing Level: HEAVY HEUR ****** 
it= 5   ncol= 990   ncstr= 675  mt= 0.1   spt= 0.3   lpval= 94003.0   ub= 94043.0  
-----------------------------------------------------------------------------------------
elapsed time= 178.28 s.
-----------------------------------------------------------------------------------------
candidate= 35-42 : +
-----------------------------------------------------------------------------------------
-----------------------------------------------------------------------------------------
 ****** Pricing Level: LIGHT HEUR ****** 
it= 13  ncol= 1127  ncstr= 675  mt= 0.7   spt= 0.3   lpval= 94042.8   ub= 94043.0  
 ****** Pricing Level: HEAVY HEUR ****** 
it= 15  ncol= 1419  ncstr= 675  mt= 0.5   spt= 0.7   lpval= 94024.8   ub= 94043.0  
-----------------------------------------------------------------------------------------
elapsed time= 182.23 s.
-----------------------------------------------------------------------------------------
candidate= 268-298 : -
-----------------------------------------------------------------------------------------
-----------------------------------------------------------------------------------------
 ****** Pricing Level: LIGHT HEUR ****** 
it= 5   ncol= 967   ncstr= 675  mt= 0.4   spt= 0.1   lpval= 94003.9   ub= 94043.0  
 ****** Pricing Level: HEAVY HEUR ****** 
it= 5   ncol= 1036  ncstr= 675  mt= 0.1   spt= 0.3   lpval= 94003.9   ub= 94043.0  
-----------------------------------------------------------------------------------------
elapsed time= 183.70 s.
-----------------------------------------------------------------------------------------
candidate= 0-268 : -
-----------------------------------------------------------------------------------------
-----------------------------------------------------------------------------------------
 ****** Pricing Level: LIGHT HEUR ****** 
it= 6   ncol= 959   ncstr= 675  mt= 0.3   spt= 0.1   lpval= 94003.0   ub= 94043.0  
 ****** Pricing Level: HEAVY HEUR ****** 
it= 6   ncol= 1023  ncstr= 675  mt= 0.1   spt= 0.3   lpval= 94003.0   ub= 94043.0  
-----------------------------------------------------------------------------------------
elapsed time= 185.36 s.
-----------------------------------------------------------------------------------------
candidate= 0-268 : +
-----------------------------------------------------------------------------------------
-----------------------------------------------------------------------------------------
 ****** Pricing Level: LIGHT HEUR ****** 
it= 5   ncol= 955   ncstr= 675  mt= 0.4   spt= 0.1   lpval= 94003.9   ub= 94043.0  
 ****** Pricing Level: HEAVY HEUR ****** 
it= 4   ncol= 1013  ncstr= 675  mt= 0.1   spt= 0.2   lpval= 94003.9   ub= 94043.0  
-----------------------------------------------------------------------------------------
elapsed time= 186.72 s.
-----------------------------------------------------------------------------------------
brc= 35-42
t= 0.177108 c= 21.1966 n= 3 if_b4= 1
t= 2.1606 c= 24.3206 n= 3 if_b4= 1
nodes already exists
memory usage= 4GB.
#########################################################################################
tree size= 0 lb= 94003 ub= 94043
#########################################################################################
idx= 8 value= 94003 enu= 0
brc= 50-103 : -
brc= 76-103 : -
brc= 49-105 : -
brc= 70-133 : +
brc= 164-295 : -
brc= 24-250 : -
brc= 57-64 : +
brc= 100-119 : +
brc= 62-296 : -
brc= 75-303 : +
brc= 95-279 : -
brc= 92-227 : -
brc= 118-143 : +
brc= 0-292 : +
brc= 194-200 : -
brc= 62-68 : +
brc= 0-182 : +
brc= 24-299 : -
brc= 23-68 : -
brc= 68-87 : -
brc= 167-240 : -
brc= 260-279 : -
brc= 240-241 : -
brc= 43-141 : +
brc= 47-113 : -
brc= 109-138 : -
brc= 86-267 : -
brc= 125-224 : +
brc= 232-275 : -
brc= 147-174 : +
brc= 162-250 : -
brc= 162-171 : -
brc= 162-189 : -
brc= 208-226 : -
brc= 162-299 : -
brc= 95-112 : -
brc= 0-47 : +
brc= 74-189 : -
brc= 189-217 : -
brc= 27-283 : -
brc= 162-289 : -
brc= 0-178 : +
brc= 0-77 : -
brc= 38-238 : -
brc= 66-235 : -
brc= 0-184 : +
brc= 164-260 : -
brc= 162-165 : -
brc= 0-209 : +
brc= 18-108 : -
brc= 113-200 : -
brc= 24-162 : -
brc= 71-306 : -
brc= 23-59 : -
brc= 161-243 : -
brc= 182-202 : -
brc= 2-132 : -
brc= 0-207 : +
brc= 112-162 : -
brc= 145-155 : -
brc= 162-280 : -
brc= 107-125 : -
brc= 142-152 : -
brc= 0-175 : +
brc= 192-286 : -
brc= 165-279 : -
brc= 74-145 : -
brc= 27-138 : -
brc= 112-165 : +
brc= 125-267 : -
brc= 83-134 : -
brc= 19-79 : -
brc= 35-42 : -
-----------------------------------------------------------------------------------------
 ****** Pricing Level: LIGHT HEUR ****** 
it= 4   ncol= 921   ncstr= 674  mt= 0.3   spt= 0.1   lpval= 94003.0   ub= 94043.0  
 ****** Pricing Level: HEAVY HEUR ****** 
it= 6   ncol= 975   ncstr= 674  mt= 0.0   spt= 0.3   lpval= 94003.0   ub= 94043.0  
 ****** Pricing Level: EXACT ****** 
it= 3   ncol= 1024  ncstr= 674  mt= 0.0   spt= 3.4   lpval= 94003.0   ub= 94043.0  
-----------------------------------------------------------------------------------------
elapsed time= 192.37 s.
-----------------------------------------------------------------------------------------
 ****** Separate RCCs ****** 
 ****** Separate Rank1Cuts ****** 
-----------------------------------------------------------------------------------------
 ****** Pricing Level: LIGHT HEUR ****** 
it= 3   ncol= 1039  ncstr= 757  mt= 0.4   spt= 0.1   lpval= 94003.1   ub= 94043.0  
 ****** Pricing Level: HEAVY HEUR ****** 
it= 4   ncol= 1075  ncstr= 757  mt= 0.1   spt= 0.2   lpval= 94003.1   ub= 94043.0  
 ****** Pricing Level: EXACT ****** 
it= 4   ncol= 1114  ncstr= 757  mt= 0.1   spt= 5.1   lpval= 94003.1   ub= 94043.0  
-----------------------------------------------------------------------------------------
elapsed time= 199.75 s.
-----------------------------------------------------------------------------------------
current_r_best= 0.0623309
pseudo= 98 frac= 2
#candidates in phase1= 37
testing lp time= 11.89 s.
-----------------------------------------------------------------------------------------
 67-297 , 138666.83| 178-296 , 123321.13| 138-203 , 71981.51|   0-71  , 71964.22| 166-251 , 53998.20| 
251-282 , 37176.60| 166-185 , 34097.02| 268-298 , 21714.62| 216-274 , 19496.01| 259-271 , 16129.00| 
 21-244 , 14170.58|  20-195 , 13122.22|  11-38  , 12335.21| 247-259 , 12335.01|  48-68  , 10172.52| 
185-264 , 9400.00| 206-282 , 8258.63| 112-257 , 8118.00| 162-302 , 7941.33| 145-302 , 7429.13| 
155-162 , 7429.13| 114-311 , 5857.54|  10-258 , 5800.95| 282-297 , 4747.39| 177-222 , 4028.15| 
  0-75  , 3806.42|   0-303 , 3786.85| 171-289 , 622.30| 267-289 , 622.30|  16-186 , 175.58| 
130-230 ,  77.08| 189-214 ,  61.51|  13-134 ,   7.13| 191-195 ,   4.72|  49-85  ,   0.93| 
148-196 ,   0.80| 219-282 ,   0.29| 
-----------------------------------------------------------------------------------------
edge= 138 203 lp= 0.0794501 pre= 2 lp2= 1000 pre2= 2 score= 79.4501
-----------------------------------------------------------------------------------------
edge= 178 296 lp= 0.136116 pre= 2 lp2= 1000 pre2= 2 score= 136.116
-----------------------------------------------------------------------------------------
edge= 67 297 lp= 0.153054 pre= 2 lp2= 1000 pre2= 2 score= 153.054
-----------------------------------------------------------------------------------------
candidate= 67-297 : -
-----------------------------------------------------------------------------------------
-----------------------------------------------------------------------------------------
 ****** Pricing Level: LIGHT HEUR ****** 
it= 5   ncol= 834   ncstr= 673  mt= 0.3   spt= 0.1   lpval= 94003.2   ub= 94043.0  
 ****** Pricing Level: HEAVY HEUR ****** 
it= 6   ncol= 935   ncstr= 673  mt= 0.1   spt= 0.3   lpval= 94003.1   ub= 94043.0  
-----------------------------------------------------------------------------------------
elapsed time= 213.14 s.
-----------------------------------------------------------------------------------------
candidate= 178-296 : -
-----------------------------------------------------------------------------------------
-----------------------------------------------------------------------------------------
 ****** Pricing Level: LIGHT HEUR ****** 
it= 6   ncol= 839   ncstr= 673  mt= 0.3   spt= 0.1   lpval= 94003.1   ub= 94043.0  
 ****** Pricing Level: HEAVY HEUR ****** 
it= 6   ncol= 904   ncstr= 673  mt= 0.1   spt= 0.3   lpval= 94003.1   ub= 94043.0  
-----------------------------------------------------------------------------------------
elapsed time= 214.74 s.
-----------------------------------------------------------------------------------------
candidate= 67-297 : +
-----------------------------------------------------------------------------------------
-----------------------------------------------------------------------------------------
 ****** Pricing Level: LIGHT HEUR ****** 
it= 10  ncol= 926   ncstr= 673  mt= 0.4   spt= 0.2   lpval= 94051.3   ub= 94043.0  
 ****** Pricing Level: HEAVY HEUR ****** 
it= 15  ncol= 1259  ncstr= 673  mt= 0.8   spt= 0.7   lpval= 94016.0   ub= 94043.0  
-----------------------------------------------------------------------------------------
elapsed time= 218.51 s.
-----------------------------------------------------------------------------------------
candidate= 138-203 : -
-----------------------------------------------------------------------------------------
-----------------------------------------------------------------------------------------
 ****** Pricing Level: LIGHT HEUR ****** 
it= 6   ncol= 869   ncstr= 673  mt= 0.3   spt= 0.1   lpval= 94003.1   ub= 94043.0  
 ****** Pricing Level: HEAVY HEUR ****** 
it= 6   ncol= 974   ncstr= 673  mt= 0.1   spt= 0.3   lpval= 94003.1   ub= 94043.0  
-----------------------------------------------------------------------------------------
elapsed time= 220.12 s.
-----------------------------------------------------------------------------------------
candidate= 138-203 : +
-----------------------------------------------------------------------------------------
-----------------------------------------------------------------------------------------
 ****** Pricing Level: LIGHT HEUR ****** 
it= 11  ncol= 989   ncstr= 673  mt= 0.7   spt= 0.2   lpval= 94037.3   ub= 94043.0  
 ****** Pricing Level: HEAVY HEUR ****** 
it= 6   ncol= 1099  ncstr= 673  mt= 0.1   spt= 0.3   lpval= 94036.6   ub= 94043.0  
-----------------------------------------------------------------------------------------
elapsed time= 222.60 s.
-----------------------------------------------------------------------------------------
candidate= 178-296 : +
-----------------------------------------------------------------------------------------
-----------------------------------------------------------------------------------------
 ****** Pricing Level: LIGHT HEUR ****** 
it= 13  ncol= 1042  ncstr= 673  mt= 0.6   spt= 0.3   lpval= 94086.4   ub= 94043.0  
 ****** Pricing Level: HEAVY HEUR ****** 
it= 12  ncol= 1266  ncstr= 673  mt= 0.2   spt= 0.6   lpval= 94083.7   ub= 94043.0  
-----------------------------------------------------------------------------------------
elapsed time= 225.83 s.
-----------------------------------------------------------------------------------------
brc= 178-296
t= 0.17383 c= 20.8478 n= 4 if_b4= 1
t= 2.20061 c= 23.1199 n= 4 if_b4= 1
nodes already exists
memory usage= 4GB.
#########################################################################################
tree size= 0 lb= 94003.1 ub= 94043
#########################################################################################
idx= 10 value= 94003.1 enu= 0
brc= 50-103 : -
brc= 76-103 : -
brc= 49-105 : -
brc= 70-133 : +
brc= 164-295 : -
brc= 24-250 : -
brc= 57-64 : +
brc= 100-119 : +
brc= 62-296 : -
brc= 75-303 : +
brc= 95-279 : -
brc= 92-227 : -
brc= 118-143 : +
brc= 0-292 : +
brc= 194-200 : -
brc= 62-68 : +
brc= 0-182 : +
brc= 24-299 : -
brc= 23-68 : -
brc= 68-87 : -
brc= 167-240 : -
brc= 260-279 : -
brc= 240-241 : -
brc= 43-141 : +
brc= 47-113 : -
brc= 109-138 : -
brc= 86-267 : -
brc= 125-224 : +
brc= 232-275 : -
brc= 147-174 : +
brc= 162-250 : -
brc= 162-171 : -
brc= 162-189 : -
brc= 208-226 : -
brc= 162-299 : -
brc= 95-112 : -
brc= 0-47 : +
brc= 74-189 : -
brc= 189-217 : -
brc= 27-283 : -
brc= 162-289 : -
brc= 0-178 : +
brc= 0-77 : -
brc= 38-238 : -
brc= 66-235 : -
brc= 0-184 : +
brc= 164-260 : -
brc= 162-165 : -
brc= 0-209 : +
brc= 18-108 : -
brc= 113-200 : -
brc= 24-162 : -
brc= 71-306 : -
brc= 23-59 : -
brc= 161-243 : -
brc= 182-202 : -
brc= 2-132 : -
brc= 0-207 : +
brc= 112-162 : -
brc= 145-155 : -
brc= 162-280 : -
brc= 107-125 : -
brc= 142-152 : -
brc= 0-175 : +
brc= 192-286 : -
brc= 165-279 : -
brc= 74-145 : -
brc= 27-138 : -
brc= 112-165 : +
brc= 125-267 : -
brc= 83-134 : -
brc= 19-79 : -
brc= 35-42 : -
brc= 178-296 : -
-----------------------------------------------------------------------------------------
 ****** Pricing Level: LIGHT HEUR ****** 
it= 5   ncol= 839   ncstr= 672  mt= 0.3   spt= 0.1   lpval= 94003.1   ub= 94043.0  
 ****** Pricing Level: HEAVY HEUR ****** 
it= 5   ncol= 907   ncstr= 672  mt= 0.0   spt= 0.3   lpval= 94003.1   ub= 94043.0  
 ****** Pricing Level: EXACT ****** 
it= 4   ncol= 989   ncstr= 672  mt= 0.1   spt= 4.8   lpval= 94003.1   ub= 94043.0  
-----------------------------------------------------------------------------------------
elapsed time= 233.03 s.
-----------------------------------------------------------------------------------------
 ****** Separate RCCs ****** 
 ****** Separate Rank1Cuts ****** 
-----------------------------------------------------------------------------------------
 ****** Pricing Level: LIGHT HEUR ****** 
it= 4   ncol= 1027  ncstr= 715  mt= 0.3   spt= 0.1   lpval= 94003.1   ub= 94043.0  
 ****** Pricing Level: HEAVY HEUR ****** 
it= 2   ncol= 1040  ncstr= 715  mt= 0.0   spt= 0.1   lpval= 94003.1   ub= 94043.0  
 ****** Pricing Level: EXACT ****** 
it= 3   ncol= 1053  ncstr= 715  mt= 0.0   spt= 3.7   lpval= 94003.1   ub= 94043.0  
-----------------------------------------------------------------------------------------
elapsed time= 238.46 s.
-----------------------------------------------------------------------------------------
current_r_best= 0.0362465
pseudo= 94 frac= 6
#candidates in phase1= 37
testing lp time= 10.48 s.
-----------------------------------------------------------------------------------------
  0-71  , 2248420.69|  71-283 , 2248415.08|  39-225 , 292402.81| 251-282 , 82325.76| 216-274 , 73229.97| 
166-251 , 47027.02|  48-68  , 43978.82| 191-195 , 41216.51|  16-167 , 35762.49|  16-186 , 35758.67| 
  0-186 , 35608.23| 177-222 , 34414.37| 189-280 , 32645.26| 219-282 , 24721.29| 268-298 , 24700.74| 
  0-262 , 24690.35| 166-185 , 20805.00|   0-118 , 17675.19|  91-136 , 15056.43| 145-302 , 13332.72| 
179-205 , 12280.36|  21-244 , 12023.88| 259-271 , 10582.60| 267-289 , 10300.01|  20-235 , 8404.16| 
 87-130 , 7543.26| 179-259 , 4177.88| 256-274 , 3685.65|  10-258 , 3554.07| 114-311 , 3553.00| 
149-222 , 3457.38| 145-295 , 1662.48| 189-214 ,  63.32|  13-134 ,  10.19|  20-195 ,   2.61| 
148-196 ,   2.37| 145-265 ,   0.91| 
-----------------------------------------------------------------------------------------
edge= 39 225 lp= 0.322742 pre= 2 lp2= 1000 pre2= 2 score= 322.742
-----------------------------------------------------------------------------------------
edge= 71 283 lp= 2.4817 pre= 2 lp2= 1000 pre2= 2 score= 2481.7
-----------------------------------------------------------------------------------------
edge= 0 71 lp= 1001 pre= 2 lp2= 2.48171 pre2= 2 score= 2484.19
-----------------------------------------------------------------------------------------
candidate= 0-71 : -
-----------------------------------------------------------------------------------------
-----------------------------------------------------------------------------------------
 ****** Pricing Level: LIGHT HEUR ****** 
it= 11  ncol= 957   ncstr= 674  mt= 0.5   spt= 0.2   lpval= 94033.0   ub= 94043.0  
 ****** Pricing Level: HEAVY HEUR ****** 
it= 8   ncol= 1084  ncstr= 674  mt= 0.1   spt= 0.4   lpval= 94032.3   ub= 94043.0  
-----------------------------------------------------------------------------------------
elapsed time= 251.86 s.
-----------------------------------------------------------------------------------------
candidate= 71-283 : -
-----------------------------------------------------------------------------------------
-----------------------------------------------------------------------------------------
 ****** Pricing Level: LIGHT HEUR ****** 
it= 11  ncol= 972   ncstr= 674  mt= 0.4   spt= 0.2   lpval= 94003.3   ub= 94043.0  
 ****** Pricing Level: HEAVY HEUR ****** 
it= 8   ncol= 1106  ncstr= 674  mt= 0.1   spt= 0.4   lpval= 94003.3   ub= 94043.0  
-----------------------------------------------------------------------------------------
elapsed time= 254.25 s.
-----------------------------------------------------------------------------------------
candidate= 39-225 : -
-----------------------------------------------------------------------------------------
-----------------------------------------------------------------------------------------
 ****** Pricing Level: LIGHT HEUR ****** 
it= 8   ncol= 855   ncstr= 674  mt= 0.3   spt= 0.2   lpval= 94003.1   ub= 94043.0  
 ****** Pricing Level: HEAVY HEUR ****** 
it= 4   ncol= 920   ncstr= 674  mt= 0.0   spt= 0.2   lpval= 94003.1   ub= 94043.0  
-----------------------------------------------------------------------------------------
elapsed time= 255.72 s.
-----------------------------------------------------------------------------------------
candidate= 71-283 : +
-----------------------------------------------------------------------------------------
-----------------------------------------------------------------------------------------
 ****** Pricing Level: LIGHT HEUR ****** 
it= 16  ncol= 1069  ncstr= 674  mt= 0.7   spt= 0.3   lpval= 94093.9   ub= 94043.0  
 ****** Pricing Level: HEAVY HEUR ****** 
it= 10  ncol= 1261  ncstr= 674  mt= 0.3   spt= 0.5   lpval= 94083.8   ub= 94043.0  
-----------------------------------------------------------------------------------------
elapsed time= 259.26 s.
-----------------------------------------------------------------------------------------
candidate= 0-71 : +
-----------------------------------------------------------------------------------------
-----------------------------------------------------------------------------------------
 ****** Pricing Level: LIGHT HEUR ****** 
it= 8   ncol= 890   ncstr= 674  mt= 0.4   spt= 0.2   lpval= 94003.3   ub= 94043.0  
 ****** Pricing Level: HEAVY HEUR ****** 
it= 7   ncol= 1000  ncstr= 674  mt= 0.1   spt= 0.4   lpval= 94003.3   ub= 94043.0  
-----------------------------------------------------------------------------------------
elapsed time= 261.25 s.
-----------------------------------------------------------------------------------------
brc= 71-283
t= 0.168462 c= 20.4271 n= 5 if_b4= 1
t= 2.22933 c= 22.2052 n= 5 if_b4= 1
nodes already exists
memory usage= 4GB.
#########################################################################################
tree size= 0 lb= 94003.1 ub= 94043
#########################################################################################
idx= 12 value= 94003.1 enu= 0
brc= 50-103 : -
brc= 76-103 : -
brc= 49-105 : -
brc= 70-133 : +
brc= 164-295 : -
brc= 24-250 : -
brc= 57-64 : +
brc= 100-119 : +
brc= 62-296 : -
brc= 75-303 : +
brc= 95-279 : -
brc= 92-227 : -
brc= 118-143 : +
brc= 0-292 : +
brc= 194-200 : -
brc= 62-68 : +
brc= 0-182 : +
brc= 24-299 : -
brc= 23-68 : -
brc= 68-87 : -
brc= 167-240 : -
brc= 260-279 : -
brc= 240-241 : -
brc= 43-141 : +
brc= 47-113 : -
brc= 109-138 : -
brc= 86-267 : -
brc= 125-224 : +
brc= 232-275 : -
brc= 147-174 : +
brc= 162-250 : -
brc= 162-171 : -
brc= 162-189 : -
brc= 208-226 : -
brc= 162-299 : -
brc= 95-112 : -
brc= 0-47 : +
brc= 74-189 : -
brc= 189-217 : -
brc= 27-283 : -
brc= 162-289 : -
brc= 0-178 : +
brc= 0-77 : -
brc= 38-238 : -
brc= 66-235 : -
brc= 0-184 : +
brc= 164-260 : -
brc= 162-165 : -
brc= 0-209 : +
brc= 18-108 : -
brc= 113-200 : -
brc= 24-162 : -
brc= 71-306 : -
brc= 23-59 : -
brc= 161-243 : -
brc= 182-202 : -
brc= 2-132 : -
brc= 0-207 : +
brc= 112-162 : -
brc= 145-155 : -
brc= 162-280 : -
brc= 107-125 : -
brc= 142-152 : -
brc= 0-175 : +
brc= 192-286 : -
brc= 165-279 : -
brc= 74-145 : -
brc= 27-138 : -
brc= 112-165 : +
brc= 125-267 : -
brc= 83-134 : -
brc= 19-79 : -
brc= 35-42 : -
brc= 178-296 : -
brc= 71-283 : -
-----------------------------------------------------------------------------------------
 ****** Pricing Level: LIGHT HEUR ****** 
it= 12  ncol= 966   ncstr= 673  mt= 0.4   spt= 0.3   lpval= 94003.3   ub= 94043.0  
 ****** Pricing Level: HEAVY HEUR ****** 
it= 6   ncol= 1043  ncstr= 673  mt= 0.1   spt= 0.3   lpval= 94003.3   ub= 94043.0  
 ****** Pricing Level: EXACT ****** 
it= 3   ncol= 1127  ncstr= 673  mt= 0.1   spt= 3.4   lpval= 94003.2   ub= 94043.0  
-----------------------------------------------------------------------------------------
elapsed time= 267.88 s.
-----------------------------------------------------------------------------------------
 ****** Separate RCCs ****** 
 ****** Separate Rank1Cuts ****** 
-----------------------------------------------------------------------------------------
 ****** Pricing Level: LIGHT HEUR ****** 
it= 9   ncol= 1301  ncstr= 791  mt= 0.6   spt= 0.2   lpval= 94003.3   ub= 94043.0  
 ****** Pricing Level: HEAVY HEUR ****** 
it= 9   ncol= 1455  ncstr= 791  mt= 0.2   spt= 0.5   lpval= 94003.3   ub= 94043.0  
 ****** Pricing Level: EXACT ****** 
it= 4   ncol= 1548  ncstr= 791  mt= 0.1   spt= 5.1   lpval= 94003.3   ub= 94043.0  
-----------------------------------------------------------------------------------------
elapsed time= 277.23 s.
-----------------------------------------------------------------------------------------
[1;36m[REMIND] 2: gap improved= 0.104288 ratio= 0.002627 threshold= 0.040000 in function increaseCondition2 at /blue/yu.yang1/you.z/route_opt/packages/application/X-n313-k71/src/main/src/call_cutting.cpp:74[0m
 ****** Separate RCCs ****** 
 ****** Separate Rank1Cuts ****** 
-----------------------------------------------------------------------------------------
 ****** Pricing Level: LIGHT HEUR ****** 
it= 4   ncol= 1596  ncstr= 698  mt= 0.4   spt= 0.1   lpval= 94003.5   ub= 94043.0  
 ****** Pricing Level: HEAVY HEUR ****** 
it= 5   ncol= 1686  ncstr= 698  mt= 0.1   spt= 0.3   lpval= 94003.5   ub= 94043.0  
 ****** Pricing Level: EXACT ****** 
it= 4   ncol= 1770  ncstr= 698  mt= 0.1   spt= 5.4   lpval= 94003.4   ub= 94043.0  
-----------------------------------------------------------------------------------------
elapsed time= 285.09 s.
-----------------------------------------------------------------------------------------
[1;36m[REMIND] 2: gap improved= 0.140589 ratio= 0.003554 threshold= 0.040000 in function increaseCondition2 at /blue/yu.yang1/you.z/route_opt/packages/application/X-n313-k71/src/main/src/call_cutting.cpp:74[0m
 ****** Separate Rank1Cuts ****** 
-----------------------------------------------------------------------------------------
 ****** Pricing Level: LIGHT HEUR ****** 
it= 2   ncol= 1773  ncstr= 745  mt= 0.4   spt= 0.1   lpval= 94003.5   ub= 94043.0  
 ****** Pricing Level: HEAVY HEUR ****** 
it= 3   ncol= 1779  ncstr= 745  mt= 0.0   spt= 0.2   lpval= 94003.5   ub= 94043.0  
 ****** Pricing Level: EXACT ****** 
it= 3   ncol= 1795  ncstr= 745  mt= 0.1   spt= 4.1   lpval= 94003.5   ub= 94043.0  
-----------------------------------------------------------------------------------------
elapsed time= 291.23 s.
-----------------------------------------------------------------------------------------
current_r_best= 0.278821
pseudo= 94 frac= 6
#candidates in phase1= 37
testing lp time= 15.40 s.
-----------------------------------------------------------------------------------------
268-298 , 178672.76| 189-268 , 178529.98|   0-303 , 90079.56|   0-75  , 89470.23|  75-262 , 89436.23| 
 62-87  , 27207.94|  34-68  , 27180.79|   0-153 , 23238.60| 112-257 , 21058.64|   0-284 , 17458.52| 
216-274 , 16694.94| 162-302 , 15503.88| 155-162 , 15494.58| 145-302 , 15494.58| 259-271 , 13157.22| 
256-274 , 11995.76| 293-297 , 11787.76|  21-244 , 10015.65| 247-259 , 9681.72|  51-57  , 6120.04| 
267-289 , 5579.64| 165-257 , 5436.80|   2-112 , 5436.80|  67-158 , 2792.37|  16-186 , 433.99| 
 59-178 ,  22.40| 189-214 ,  18.49|   0-118 ,   8.22| 191-195 ,   1.49|  13-134 ,   1.40| 
 20-195 ,   1.12| 222-297 ,   0.88| 158-163 ,   0.81| 166-185 ,   0.52| 148-196 ,   0.50| 
179-259 ,   0.42| 158-229 ,   0.35| 
-----------------------------------------------------------------------------------------
edge= 0 303 lp= 0.099426 pre= 2 lp2= 1000 pre2= 2 score= 99.426
-----------------------------------------------------------------------------------------
edge= 189 268 lp= 0.197054 pre= 2 lp2= 1000 pre2= 2 score= 197.054
-----------------------------------------------------------------------------------------
edge= 268 298 lp= 1000 pre= 2 lp2= 0.197211 pre2= 2 score= 197.211
-----------------------------------------------------------------------------------------
candidate= 268-298 : -
-----------------------------------------------------------------------------------------
-----------------------------------------------------------------------------------------
 ****** Pricing Level: LIGHT HEUR ****** 
it= 5   ncol= 1309  ncstr= 679  mt= 0.7   spt= 0.1   lpval= 94004.4   ub= 94043.0  
 ****** Pricing Level: HEAVY HEUR ****** 
it= 2   ncol= 1318  ncstr= 679  mt= 0.0   spt= 0.1   lpval= 94004.4   ub= 94043.0  
-----------------------------------------------------------------------------------------
elapsed time= 308.67 s.
-----------------------------------------------------------------------------------------
candidate= 189-268 : -
-----------------------------------------------------------------------------------------
-----------------------------------------------------------------------------------------
 ****** Pricing Level: LIGHT HEUR ****** 
it= 4   ncol= 1277  ncstr= 679  mt= 0.3   spt= 0.1   lpval= 94003.7   ub= 94043.0  
 ****** Pricing Level: HEAVY HEUR ****** 
it= 2   ncol= 1288  ncstr= 679  mt= 0.1   spt= 0.1   lpval= 94003.5   ub= 94043.0  
-----------------------------------------------------------------------------------------
elapsed time= 309.63 s.
-----------------------------------------------------------------------------------------
candidate= 0-303 : -
-----------------------------------------------------------------------------------------
-----------------------------------------------------------------------------------------
 ****** Pricing Level: LIGHT HEUR ****** 
it= 4   ncol= 1281  ncstr= 679  mt= 0.3   spt= 0.1   lpval= 94003.6   ub= 94043.0  
 ****** Pricing Level: HEAVY HEUR ****** 
it= 3   ncol= 1294  ncstr= 679  mt= 0.0   spt= 0.2   lpval= 94003.6   ub= 94043.0  
-----------------------------------------------------------------------------------------
elapsed time= 310.72 s.
-----------------------------------------------------------------------------------------
candidate= 0-303 : +
-----------------------------------------------------------------------------------------
-----------------------------------------------------------------------------------------
 ****** Pricing Level: LIGHT HEUR ****** 
it= 4   ncol= 1268  ncstr= 679  mt= 0.8   spt= 0.1   lpval= 94010.0   ub= 94043.0  
 ****** Pricing Level: HEAVY HEUR ****** 
it= 4   ncol= 1290  ncstr= 679  mt= 0.0   spt= 0.2   lpval= 94010.0   ub= 94043.0  
-----------------------------------------------------------------------------------------
elapsed time= 312.34 s.
-----------------------------------------------------------------------------------------
candidate= 189-268 : +
-----------------------------------------------------------------------------------------
-----------------------------------------------------------------------------------------
 ****** Pricing Level: LIGHT HEUR ****** 
it= 10  ncol= 1427  ncstr= 679  mt= 1.1   spt= 0.2   lpval= 94066.1   ub= 94043.0  
 ****** Pricing Level: HEAVY HEUR ****** 
it= 6   ncol= 1534  ncstr= 679  mt= 0.4   spt= 0.3   lpval= 94032.4   ub= 94043.0  
-----------------------------------------------------------------------------------------
elapsed time= 315.40 s.
-----------------------------------------------------------------------------------------
brc= 189-268
t= 0.174126 c= 22.3662 n= 6 if_b4= 1
t= 2.14345 c= 24.4088 n= 6 if_b4= 1
nodes already exists
memory usage= 4GB.
#########################################################################################
tree size= 0 lb= 94003.5 ub= 94043
#########################################################################################
idx= 14 value= 94003.5 enu= 0
brc= 50-103 : -
brc= 76-103 : -
brc= 49-105 : -
brc= 70-133 : +
brc= 164-295 : -
brc= 24-250 : -
brc= 57-64 : +
brc= 100-119 : +
brc= 62-296 : -
brc= 75-303 : +
brc= 95-279 : -
brc= 92-227 : -
brc= 118-143 : +
brc= 0-292 : +
brc= 194-200 : -
brc= 62-68 : +
brc= 0-182 : +
brc= 24-299 : -
brc= 23-68 : -
brc= 68-87 : -
brc= 167-240 : -
brc= 260-279 : -
brc= 240-241 : -
brc= 43-141 : +
brc= 47-113 : -
brc= 109-138 : -
brc= 86-267 : -
brc= 125-224 : +
brc= 232-275 : -
brc= 147-174 : +
brc= 162-250 : -
brc= 162-171 : -
brc= 162-189 : -
brc= 208-226 : -
brc= 162-299 : -
brc= 95-112 : -
brc= 0-47 : +
brc= 74-189 : -
brc= 189-217 : -
brc= 27-283 : -
brc= 162-289 : -
brc= 0-178 : +
brc= 0-77 : -
brc= 38-238 : -
brc= 66-235 : -
brc= 0-184 : +
brc= 164-260 : -
brc= 162-165 : -
brc= 0-209 : +
brc= 18-108 : -
brc= 113-200 : -
brc= 24-162 : -
brc= 71-306 : -
brc= 23-59 : -
brc= 161-243 : -
brc= 182-202 : -
brc= 2-132 : -
brc= 0-207 : +
brc= 112-162 : -
brc= 145-155 : -
brc= 162-280 : -
brc= 107-125 : -
brc= 142-152 : -
brc= 0-175 : +
brc= 192-286 : -
brc= 165-279 : -
brc= 74-145 : -
brc= 27-138 : -
brc= 112-165 : +
brc= 125-267 : -
brc= 83-134 : -
brc= 19-79 : -
brc= 35-42 : -
brc= 178-296 : -
brc= 71-283 : -
brc= 189-268 : -
-----------------------------------------------------------------------------------------
 ****** Pricing Level: LIGHT HEUR ****** 
it= 3   ncol= 1240  ncstr= 678  mt= 0.3   spt= 0.1   lpval= 94003.7   ub= 94043.0  
 ****** Pricing Level: HEAVY HEUR ****** 
it= 2   ncol= 1251  ncstr= 678  mt= 0.1   spt= 0.1   lpval= 94003.5   ub= 94043.0  
 ****** Pricing Level: EXACT ****** 
it= 2   ncol= 1252  ncstr= 678  mt= 0.0   spt= 2.7   lpval= 94003.5   ub= 94043.0  
-----------------------------------------------------------------------------------------
elapsed time= 319.73 s.
-----------------------------------------------------------------------------------------
 ****** Separate RCCs ****** 
 ****** Separate Rank1Cuts ****** 
-----------------------------------------------------------------------------------------
 ****** Pricing Level: LIGHT HEUR ****** 
it= 2   ncol= 1277  ncstr= 699  mt= 0.3   spt= 0.1   lpval= 94003.6   ub= 94043.0  
 ****** Pricing Level: HEAVY HEUR ****** 
it= 2   ncol= 1281  ncstr= 699  mt= 0.0   spt= 0.1   lpval= 94003.6   ub= 94043.0  
 ****** Pricing Level: EXACT ****** 
it= 3   ncol= 1289  ncstr= 699  mt= 0.1   spt= 4.1   lpval= 94003.6   ub= 94043.0  
-----------------------------------------------------------------------------------------
elapsed time= 325.99 s.
-----------------------------------------------------------------------------------------
[1;36m[REMIND] 2: gap improved= 0.117008 ratio= 0.002973 threshold= 0.040000 in function increaseCondition2 at /blue/yu.yang1/you.z/route_opt/packages/application/X-n313-k71/src/main/src/call_cutting.cpp:74[0m
 ****** Separate RCCs ****** 
 ****** Separate Rank1Cuts ****** 
-----------------------------------------------------------------------------------------
 ****** Pricing Level: LIGHT HEUR ****** 
it= 3   ncol= 1342  ncstr= 735  mt= 0.3   spt= 0.1   lpval= 94003.7   ub= 94043.0  
 ****** Pricing Level: HEAVY HEUR ****** 
it= 4   ncol= 1352  ncstr= 735  mt= 0.1   spt= 0.2   lpval= 94003.7   ub= 94043.0  
 ****** Pricing Level: EXACT ****** 
it= 2   ncol= 1369  ncstr= 735  mt= 0.0   spt= 2.9   lpval= 94003.7   ub= 94043.0  
-----------------------------------------------------------------------------------------
elapsed time= 331.48 s.
-----------------------------------------------------------------------------------------
current_r_best= 0.158266
pseudo= 88 frac= 12
#candidates in phase1= 37
testing lp time= 14.32 s.
-----------------------------------------------------------------------------------------
  0-118 ,  36.14| 162-302 ,  18.48| 112-257 ,  18.47| 189-214 ,  18.20|   0-75  ,  13.95| 
155-162 ,  13.25| 145-302 ,  13.25| 265-268 ,   9.58|  75-262 ,   9.48| 267-289 ,   9.37| 
171-289 ,   9.36| 247-259 ,   7.63| 216-274 ,   7.37|  16-186 ,   7.25| 289-298 ,   5.91| 
  0-284 ,   4.57|   0-90  ,   4.52|  68-90  ,   4.48|  90-182 ,   4.48| 158-163 ,   3.41| 
259-271 ,   3.38|  11-38  ,   3.09| 256-274 ,   1.88| 293-297 ,   1.87|  42-135 ,   1.67| 
205-222 ,   1.56|  20-195 ,   0.95| 148-196 ,   0.43| 166-185 ,   0.26| 179-259 ,   0.22| 
158-229 ,   0.17|  61-287 ,   0.03| 268-298 ,   0.03| 262-298 ,   0.02|   0-262 ,   0.02| 
 69-122 ,   0.01| 145-265 ,   0.00| 
-----------------------------------------------------------------------------------------
edge= 112 257 lp= 0.035056 pre= 2 lp2= 526.902 pre2= 2 score= 18.4711
-----------------------------------------------------------------------------------------
edge= 162 302 lp= 0.0350712 pre= 2 lp2= 526.902 pre2= 2 score= 18.4791
-----------------------------------------------------------------------------------------
edge= 0 118 lp= 0.0685879 pre= 2 lp2= 526.902 pre2= 2 score= 36.1391
-----------------------------------------------------------------------------------------
candidate= 0-118 : -
-----------------------------------------------------------------------------------------
-----------------------------------------------------------------------------------------
 ****** Pricing Level: LIGHT HEUR ****** 
it= 6   ncol= 1009  ncstr= 680  mt= 0.3   spt= 0.1   lpval= 94003.8   ub= 94043.0  
 ****** Pricing Level: HEAVY HEUR ****** 
it= 4   ncol= 1052  ncstr= 680  mt= 0.0   spt= 0.2   lpval= 94003.8   ub= 94043.0  
-----------------------------------------------------------------------------------------
elapsed time= 347.69 s.
-----------------------------------------------------------------------------------------
candidate= 0-118 : +
-----------------------------------------------------------------------------------------
-----------------------------------------------------------------------------------------
 ****** Pricing Level: LIGHT HEUR ****** 
it= 11  ncol= 1161  ncstr= 680  mt= 0.6   spt= 0.2   lpval= 94037.6   ub= 94043.0  
 ****** Pricing Level: HEAVY HEUR ****** 
it= 10  ncol= 1334  ncstr= 680  mt= 0.3   spt= 0.5   lpval= 94033.8   ub= 94043.0  
-----------------------------------------------------------------------------------------
elapsed time= 350.72 s.
-----------------------------------------------------------------------------------------
candidate= 162-302 : -
-----------------------------------------------------------------------------------------
-----------------------------------------------------------------------------------------
 ****** Pricing Level: LIGHT HEUR ****** 
it= 5   ncol= 1005  ncstr= 680  mt= 0.4   spt= 0.1   lpval= 94003.7   ub= 94043.0  
 ****** Pricing Level: HEAVY HEUR ****** 
it= 3   ncol= 1044  ncstr= 680  mt= 0.1   spt= 0.2   lpval= 94003.7   ub= 94043.0  
-----------------------------------------------------------------------------------------
elapsed time= 351.94 s.
-----------------------------------------------------------------------------------------
candidate= 162-302 : +
-----------------------------------------------------------------------------------------
-----------------------------------------------------------------------------------------
 ****** Pricing Level: LIGHT HEUR ****** 
it= 9   ncol= 1132  ncstr= 680  mt= 0.7   spt= 0.2   lpval= 94043.6   ub= 94043.0  
 ****** Pricing Level: HEAVY HEUR ****** 
it= 10  ncol= 1307  ncstr= 680  mt= 0.4   spt= 0.5   lpval= 94031.1   ub= 94043.0  
-----------------------------------------------------------------------------------------
elapsed time= 355.00 s.
-----------------------------------------------------------------------------------------
candidate= 112-257 : -
-----------------------------------------------------------------------------------------
-----------------------------------------------------------------------------------------
 ****** Pricing Level: LIGHT HEUR ****** 
it= 7   ncol= 1016  ncstr= 680  mt= 0.4   spt= 0.2   lpval= 94003.7   ub= 94043.0  
 ****** Pricing Level: HEAVY HEUR ****** 
it= 6   ncol= 1090  ncstr= 680  mt= 0.1   spt= 0.3   lpval= 94003.7   ub= 94043.0  
-----------------------------------------------------------------------------------------
elapsed time= 356.91 s.
-----------------------------------------------------------------------------------------
brc= 0-118
t= 0.176542 c= 22.2189 n= 7 if_b4= 1
t= 2.14062 c= 24.2381 n= 7 if_b4= 1
nodes already exists
memory usage= 4GB.
#########################################################################################
tree size= 0 lb= 94003.7 ub= 94043
#########################################################################################
idx= 16 value= 94003.7 enu= 0
brc= 50-103 : -
brc= 76-103 : -
brc= 49-105 : -
brc= 70-133 : +
brc= 164-295 : -
brc= 24-250 : -
brc= 57-64 : +
brc= 100-119 : +
brc= 62-296 : -
brc= 75-303 : +
brc= 95-279 : -
brc= 92-227 : -
brc= 118-143 : +
brc= 0-292 : +
brc= 194-200 : -
brc= 62-68 : +
brc= 0-182 : +
brc= 24-299 : -
brc= 23-68 : -
brc= 68-87 : -
brc= 167-240 : -
brc= 260-279 : -
brc= 240-241 : -
brc= 43-141 : +
brc= 47-113 : -
brc= 109-138 : -
brc= 86-267 : -
brc= 125-224 : +
brc= 232-275 : -
brc= 147-174 : +
brc= 162-250 : -
brc= 162-171 : -
brc= 162-189 : -
brc= 208-226 : -
brc= 162-299 : -
brc= 95-112 : -
brc= 0-47 : +
brc= 74-189 : -
brc= 189-217 : -
brc= 27-283 : -
brc= 162-289 : -
brc= 0-178 : +
brc= 0-77 : -
brc= 38-238 : -
brc= 66-235 : -
brc= 0-184 : +
brc= 164-260 : -
brc= 162-165 : -
brc= 0-209 : +
brc= 18-108 : -
brc= 113-200 : -
brc= 24-162 : -
brc= 71-306 : -
brc= 23-59 : -
brc= 161-243 : -
brc= 182-202 : -
brc= 2-132 : -
brc= 0-207 : +
brc= 112-162 : -
brc= 145-155 : -
brc= 162-280 : -
brc= 107-125 : -
brc= 142-152 : -
brc= 0-175 : +
brc= 192-286 : -
brc= 165-279 : -
brc= 74-145 : -
brc= 27-138 : -
brc= 112-165 : +
brc= 125-267 : -
brc= 83-134 : -
brc= 19-79 : -
brc= 35-42 : -
brc= 178-296 : -
brc= 71-283 : -
brc= 189-268 : -
brc= 0-118 : -
-----------------------------------------------------------------------------------------
 ****** Pricing Level: LIGHT HEUR ****** 
it= 6   ncol= 1010  ncstr= 679  mt= 0.3   spt= 0.1   lpval= 94003.8   ub= 94043.0  
 ****** Pricing Level: HEAVY HEUR ****** 
it= 4   ncol= 1077  ncstr= 679  mt= 0.1   spt= 0.2   lpval= 94003.8   ub= 94043.0  
 ****** Pricing Level: EXACT ****** 
it= 3   ncol= 1222  ncstr= 679  mt= 0.1   spt= 4.1   lpval= 94003.8   ub= 94043.0  
-----------------------------------------------------------------------------------------
elapsed time= 363.34 s.
-----------------------------------------------------------------------------------------
 ****** Separate RCCs ****** 
 ****** Separate Rank1Cuts ****** 
-----------------------------------------------------------------------------------------
 ****** Pricing Level: LIGHT HEUR ****** 
it= 3   ncol= 1244  ncstr= 732  mt= 0.4   spt= 0.1   lpval= 94003.9   ub= 94043.0  
 ****** Pricing Level: HEAVY HEUR ****** 
it= 3   ncol= 1254  ncstr= 732  mt= 0.0   spt= 0.2   lpval= 94003.9   ub= 94043.0  
 ****** Pricing Level: EXACT ****** 
it= 3   ncol= 1305  ncstr= 732  mt= 0.0   spt= 4.0   lpval= 94003.9   ub= 94043.0  
-----------------------------------------------------------------------------------------
elapsed time= 369.84 s.
-----------------------------------------------------------------------------------------
current_r_best= 0.108427
pseudo= 92 frac= 8
#candidates in phase1= 37
testing lp time= 13.80 s.
-----------------------------------------------------------------------------------------
189-214 ,  21.02|   0-75  ,  16.55|   0-90  ,   9.34|  68-90  ,   9.33|  90-182 ,   9.33| 
 89-176 ,   7.85| 216-274 ,   7.00|  75-262 ,   5.30| 268-278 ,   5.24|  87-189 ,   5.24| 
247-259 ,   4.21|  79-150 ,   4.12| 112-257 ,   3.99| 145-302 ,   3.84| 155-162 ,   3.84| 
256-274 ,   3.09| 267-289 ,   2.63| 158-163 ,   2.59|   0-284 ,   2.50| 166-251 ,   2.35| 
 32-51  ,   2.20|  21-244 ,   2.12|  16-186 ,   1.62| 259-271 ,   1.47|  42-135 ,   1.28| 
 20-195 ,   1.16| 191-195 ,   0.94| 148-196 ,   0.62| 222-297 ,   0.55| 219-282 ,   0.38| 
179-259 ,   0.31| 185-264 ,   0.31| 222-253 ,   0.28| 158-229 ,   0.27|  60-82  ,   0.03| 
268-298 ,   0.02| 145-265 ,   0.00| 
-----------------------------------------------------------------------------------------
edge= 0 90 lp= 252.75 pre= 2 lp2= 0.0369695 pre2= 2 score= 9.34403
-----------------------------------------------------------------------------------------
edge= 0 75 lp= 252.75 pre= 2 lp2= 0.0654818 pre2= 2 score= 16.5505
-----------------------------------------------------------------------------------------
edge= 189 214 lp= 1.57724 pre= 2 lp2= 13.3284 pre2= 2 score= 21.0221
-----------------------------------------------------------------------------------------
candidate= 189-214 : -
-----------------------------------------------------------------------------------------
-----------------------------------------------------------------------------------------
 ****** Pricing Level: LIGHT HEUR ****** 
it= 6   ncol= 961   ncstr= 682  mt= 0.3   spt= 0.1   lpval= 94005.3   ub= 94043.0  
 ****** Pricing Level: HEAVY HEUR ****** 
it= 5   ncol= 1020  ncstr= 682  mt= 0.1   spt= 0.3   lpval= 94003.9   ub= 94043.0  
-----------------------------------------------------------------------------------------
elapsed time= 385.80 s.
-----------------------------------------------------------------------------------------
candidate= 0-75 : -
-----------------------------------------------------------------------------------------
-----------------------------------------------------------------------------------------
 ****** Pricing Level: LIGHT HEUR ****** 
it= 8   ncol= 1034  ncstr= 682  mt= 0.6   spt= 0.2   lpval= 94010.4   ub= 94043.0  
 ****** Pricing Level: HEAVY HEUR ****** 
it= 6   ncol= 1095  ncstr= 682  mt= 0.1   spt= 0.3   lpval= 94010.4   ub= 94043.0  
-----------------------------------------------------------------------------------------
elapsed time= 388.01 s.
-----------------------------------------------------------------------------------------
candidate= 0-90 : -
-----------------------------------------------------------------------------------------
-----------------------------------------------------------------------------------------
 ****** Pricing Level: LIGHT HEUR ****** 
it= 21  ncol= 1329  ncstr= 682  mt= 0.9   spt= 0.4   lpval= 94050.2   ub= 94043.0  
 ****** Pricing Level: HEAVY HEUR ****** 
it= 11  ncol= 1522  ncstr= 682  mt= 0.3   spt= 0.6   lpval= 94046.7   ub= 94043.0  
-----------------------------------------------------------------------------------------
elapsed time= 392.40 s.
-----------------------------------------------------------------------------------------
candidate= 0-90 : +
-----------------------------------------------------------------------------------------
-----------------------------------------------------------------------------------------
 ****** Pricing Level: LIGHT HEUR ****** 
it= 6   ncol= 968   ncstr= 682  mt= 0.3   spt= 0.1   lpval= 94003.9   ub= 94043.0  
 ****** Pricing Level: HEAVY HEUR ****** 
it= 6   ncol= 1033  ncstr= 682  mt= 0.1   spt= 0.4   lpval= 94003.9   ub= 94043.0  
-----------------------------------------------------------------------------------------
elapsed time= 394.11 s.
-----------------------------------------------------------------------------------------
brc= 0-90
t= 0.177643 c= 21.7214 n= 8 if_b4= 1
t= 2.17895 c= 23.7304 n= 8 if_b4= 1
nodes already exists
memory usage= 4GB.
#########################################################################################
tree size= 0 lb= 94003.9 ub= 94043
#########################################################################################
idx= 18 value= 94003.9 enu= 0
brc= 50-103 : -
brc= 76-103 : -
brc= 49-105 : -
brc= 70-133 : +
brc= 164-295 : -
brc= 24-250 : -
brc= 57-64 : +
brc= 100-119 : +
brc= 62-296 : -
brc= 75-303 : +
brc= 95-279 : -
brc= 92-227 : -
brc= 118-143 : +
brc= 0-292 : +
brc= 194-200 : -
brc= 62-68 : +
brc= 0-182 : +
brc= 24-299 : -
brc= 23-68 : -
brc= 68-87 : -
brc= 167-240 : -
brc= 260-279 : -
brc= 240-241 : -
brc= 43-141 : +
brc= 47-113 : -
brc= 109-138 : -
brc= 86-267 : -
brc= 125-224 : +
brc= 232-275 : -
brc= 147-174 : +
brc= 162-250 : -
brc= 162-171 : -
brc= 162-189 : -
brc= 208-226 : -
brc= 162-299 : -
brc= 95-112 : -
brc= 0-47 : +
brc= 74-189 : -
brc= 189-217 : -
brc= 27-283 : -
brc= 162-289 : -
brc= 0-178 : +
brc= 0-77 : -
brc= 38-238 : -
brc= 66-235 : -
brc= 0-184 : +
brc= 164-260 : -
brc= 162-165 : -
brc= 0-209 : +
brc= 18-108 : -
brc= 113-200 : -
brc= 24-162 : -
brc= 71-306 : -
brc= 23-59 : -
brc= 161-243 : -
brc= 182-202 : -
brc= 2-132 : -
brc= 0-207 : +
brc= 112-162 : -
brc= 145-155 : -
brc= 162-280 : -
brc= 107-125 : -
brc= 142-152 : -
brc= 0-175 : +
brc= 192-286 : -
brc= 165-279 : -
brc= 74-145 : -
brc= 27-138 : -
brc= 112-165 : +
brc= 125-267 : -
brc= 83-134 : -
brc= 19-79 : -
brc= 35-42 : -
brc= 178-296 : -
brc= 71-283 : -
brc= 189-268 : -
brc= 0-118 : -
brc= 0-90 : -
-----------------------------------------------------------------------------------------
 ****** Pricing Level: LIGHT HEUR ****** 
it= 13  ncol= 1152  ncstr= 681  mt= 0.7   spt= 0.3   lpval= 94048.2   ub= 94043.0  
 ****** Pricing Level: HEAVY HEUR ****** 
it= 6   ncol= 1238  ncstr= 681  mt= 0.1   spt= 0.3   lpval= 94046.3   ub= 94043.0  
 ****** Pricing Level: EXACT ****** 
it= 4   ncol= 1536  ncstr= 681  mt= 0.2   spt= 4.8   lpval= 94043.1   ub= 94043.0  
-----------------------------------------------------------------------------------------
elapsed time= 402.75 s.
-----------------------------------------------------------------------------------------
#########################################################################################
[32m<Instance: X-n313-k71>
<Solution>
<UB= 94043>
<LB= 94043>
<Elapsed Time= 402.8>
<Nodes Explored= 10>
<Global Gap= 0%>[0m
#########################################################################################
File nodes/X-n313-k71_3_2_0_1_2_0_1_0_6_3_1_6_4_3_2_8_5_4_G32.node deleted successfully.
