application type: CVRP
X-n313-k71_6_0_1_5_0_0_2_3_2_1_2_G32.node
Set parameter ServerTimeout to value 600
Set parameter TokenServer to value "grb-ts.ufhpc"
Set parameter Threads to value 1
instance name= X-n313-k71
#########################################################################################
tree size= 0 lb= 0 ub= 94044
#########################################################################################
idx= 5 value= 93989.2 enu= 0
brc= 50-103 : -
brc= 76-103 : -
brc= 49-105 : -
brc= 70-133 : -
brc= 74-217 : -
brc= 233-246 : -
brc= 164-175 : +
brc= 167-232 : +
brc= 223-246 : -
brc= 3-269 : +
brc= 117-174 : -
brc= 0-44 : -
brc= 100-275 : -
brc= 131-281 : -
brc= 53-274 : -
brc= 57-64 : +
brc= 6-137 : +
brc= 0-207 : +
brc= 95-312 : -
brc= 125-224 : -
brc= 224-287 : +
brc= 53-54 : -
brc= 53-239 : -
brc= 53-290 : -
brc= 243-267 : +
brc= 139-230 : -
brc= 24-257 : -
brc= 72-295 : +
brc= 145-281 : -
brc= 107-108 : +
brc= 132-230 : -
brc= 107-267 : -
brc= 22-239 : +
-----------------------------------------------------------------------------------------
 ****** Pricing Level: LIGHT HEUR ****** 
it= 9   ncol= 1271  ncstr= 614  mt= 0.2   spt= 0.2   lpval= 93993.8   ub= 94043.0  
 ****** Pricing Level: HEAVY HEUR ****** 
it= 7   ncol= 1406  ncstr= 614  mt= 0.1   spt= 0.5   lpval= 93993.0   ub= 94043.0  
 ****** Pricing Level: EXACT ****** 
it= 4   ncol= 1517  ncstr= 614  mt= 0.1   spt= 4.6   lpval= 93993.0   ub= 94043.0  
-----------------------------------------------------------------------------------------
elapsed time= 9.43 s.
-----------------------------------------------------------------------------------------
-----------------------------------------------------------------------------------------
 ****** Run Arc Elimination ****** 
arc elimination time= 6.72 s.
previous= 85.637% maximum= 2.81144%
eliminate bucket arcs time= 0.60 s.
obtain jump arcs time= 0.01 s.
-----------------------------------------------------------------------------------------
-----------------------------------------------------------------------------------------
elapsed time= 17.09 s.
-----------------------------------------------------------------------------------------
 ****** Separate RCCs ****** 
 ****** Separate Rank1Cuts ****** 
-----------------------------------------------------------------------------------------
 ****** Pricing Level: LIGHT HEUR ****** 
it= 5   ncol= 1605  ncstr= 688  mt= 0.2   spt= 0.1   lpval= 93994.7   ub= 94043.0  
 ****** Pricing Level: HEAVY HEUR ****** 
it= 4   ncol= 1640  ncstr= 688  mt= 0.0   spt= 0.2   lpval= 93994.7   ub= 94043.0  
 ****** Pricing Level: EXACT ****** 
it= 4   ncol= 1735  ncstr= 688  mt= 0.1   spt= 3.8   lpval= 93994.6   ub= 94043.0  
-----------------------------------------------------------------------------------------
elapsed time= 23.16 s.
-----------------------------------------------------------------------------------------
[1;36m[REMIND] 2: gap improved= 1.668480 ratio= 0.034493 threshold= 0.040000 in function increaseCondition2 at /blue/yu.yang1/you.z/route_opt/packages/application/X-n313-k71/src/main/src/call_cutting.cpp:74[0m
 ****** Separate Rank1Cuts ****** 
-----------------------------------------------------------------------------------------
 ****** Pricing Level: LIGHT HEUR ****** 
it= 2   ncol= 1750  ncstr= 687  mt= 0.3   spt= 0.1   lpval= 93995.3   ub= 94043.0  
 ****** Pricing Level: HEAVY HEUR ****** 
it= 4   ncol= 1785  ncstr= 687  mt= 0.0   spt= 0.3   lpval= 93995.3   ub= 94043.0  
 ****** Pricing Level: EXACT ****** 
it= 4   ncol= 1815  ncstr= 687  mt= 0.1   spt= 4.1   lpval= 93995.3   ub= 94043.0  
-----------------------------------------------------------------------------------------
elapsed time= 29.35 s.
-----------------------------------------------------------------------------------------
[1;36m[REMIND] 2: gap improved= 0.630933 ratio= 0.013216 threshold= 0.040000 in function increaseCondition2 at /blue/yu.yang1/you.z/route_opt/packages/application/X-n313-k71/src/main/src/call_cutting.cpp:74[0m
 ****** Separate RCCs ****** 
 ****** Separate Rank1Cuts ****** 
-----------------------------------------------------------------------------------------
 ****** Pricing Level: LIGHT HEUR ****** 
it= 1   ncol= 1815  ncstr= 641  mt= 0.2   spt= 0.0   lpval= 93995.6   ub= 94043.0  
 ****** Pricing Level: HEAVY HEUR ****** 
it= 2   ncol= 1822  ncstr= 641  mt= 0.0   spt= 0.1   lpval= 93995.6   ub= 94043.0  
 ****** Pricing Level: EXACT ****** 
it= 3   ncol= 1862  ncstr= 641  mt= 0.0   spt= 3.3   lpval= 93995.6   ub= 94043.0  
-----------------------------------------------------------------------------------------
elapsed time= 33.84 s.
-----------------------------------------------------------------------------------------
[1;36m[REMIND] 2: gap improved= 0.309751 ratio= 0.006530 threshold= 0.040000 in function increaseCondition2 at /blue/yu.yang1/you.z/route_opt/packages/application/X-n313-k71/src/main/src/call_cutting.cpp:74[0m
[1;36m[REMIND] tail off counter= 3 threshold= 3 in function setIfTailOff at /blue/yu.yang1/you.z/route_opt/packages/application/X-n313-k71/src/main/src/call_cutting.cpp:150[0m
[1;36m[REMIND] opt_k not found for node 5, use m directly in function getOptK at /blue/yu.yang1/you.z/route_opt/packages/branching/bkf/include/bkf_controller.hpp:239[0m
current_r_best= 4.64359
we directly test 100
we directly test 4
pseudo= 50 frac= 50
#candidates in phase1= 100
testing lp time= 25.84 s.
-----------------------------------------------------------------------------------------
107-243 , 768.97| 213-283 ,  95.10| 109-138 ,  95.10|  71-109 ,  95.10|  71-203 ,  77.85| 
 40-146 ,  69.33|   0-275 ,  61.23|  35-235 ,  41.54|   2-79  ,  30.18| 114-272 ,  27.81| 
  0-167 ,  26.84| 264-274 ,  20.95|   0-65  ,  19.48|  13-104 ,  19.48| 260-299 ,  18.20| 
 74-257 ,  18.20|   9-126 ,  16.38| 126-152 ,  13.43|  10-53  ,  13.39|   0-121 ,  12.46| 
 70-121 ,  12.46| 141-211 ,  12.15|  95-252 ,  12.15|  29-131 ,  10.57|  44-133 ,  10.34| 
 24-280 ,   9.61|  30-276 ,   9.13|  35-291 ,   8.90|  10-253 ,   8.80|   0-133 ,   8.79| 
 56-281 ,   8.70|   7-145 ,   8.70|  86-127 ,   7.04|  53-161 ,   5.85| 155-257 ,   5.71| 
 74-234 ,   5.46| 175-234 ,   4.87|  33-164 ,   4.87| 127-218 ,   4.42|  42-98  ,   4.39| 
155-230 ,   4.21|  43-86  ,   4.04| 216-251 ,   3.53| 145-208 ,   3.35|  25-145 ,   3.34| 
 25-204 ,   3.34| 132-204 ,   3.34|   0-25  ,   3.34| 132-269 ,   3.10|   0-189 ,   2.95| 
 44-99  ,   2.61|  10-251 ,   2.43| 248-266 ,   2.40| 165-234 ,   2.37|  61-189 ,   2.30| 
  0-204 ,   1.87| 216-274 ,   1.54|  89-237 ,   1.47| 131-174 ,   1.47| 161-272 ,   1.28| 
  4-32  ,   1.24|  11-198 ,   1.13| 180-238 ,   1.12|   4-51  ,   1.10|   0-53  ,   1.09| 
256-264 ,   1.08| 256-282 ,   1.06| 165-257 ,   1.04|  20-136 ,   0.97| 205-251 ,   0.94| 
191-256 ,   0.86| 158-163 ,   0.85| 112-257 ,   0.84| 215-297 ,   0.83|   0-253 ,   0.83| 
208-230 ,   0.71| 155-208 ,   0.71| 171-214 ,   0.68| 250-257 ,   0.68| 132-162 ,   0.65| 
 17-45  ,   0.61| 149-158 ,   0.59| 161-251 ,   0.51|  54-185 ,   0.48|  64-128 ,   0.43| 
159-265 ,   0.42| 159-278 ,   0.42|  17-185 ,   0.29|   4-64  ,   0.27| 140-231 ,   0.24| 
185-205 ,   0.22|  36-48  ,   0.22| 126-150 ,   0.22|   9-51  ,   0.22|  61-201 ,   0.20| 
158-229 ,   0.19|  48-153 ,   0.13|  34-48  ,   0.12|   0-277 ,   0.01|  82-277 ,   0.01| 
-----------------------------------------------------------------------------------------
edge= 71 109 lp= 97.3801 pre= 2 lp2= 0.976626 pre2= 2 score= 95.104
-----------------------------------------------------------------------------------------
edge= 109 138 lp= 0.976627 pre= 2 lp2= 97.3801 pre2= 2 score= 95.1041
-----------------------------------------------------------------------------------------
edge= 213 283 lp= 0.976633 pre= 2 lp2= 97.3801 pre2= 2 score= 95.1047
-----------------------------------------------------------------------------------------
edge= 107 243 lp= 7.89661 pre= 2 lp2= 97.3801 pre2= 2 score= 768.973
-----------------------------------------------------------------------------------------
candidate= 107-243 : -
-----------------------------------------------------------------------------------------
-----------------------------------------------------------------------------------------
 ****** Pricing Level: LIGHT HEUR ****** 
it= 7   ncol= 1378  ncstr= 610  mt= 0.2   spt= 0.2   lpval= 94001.5   ub= 94043.0  
 ****** Pricing Level: HEAVY HEUR ****** 
it= 6   ncol= 1442  ncstr= 610  mt= 0.1   spt= 0.4   lpval= 93998.4   ub= 94043.0  
-----------------------------------------------------------------------------------------
elapsed time= 61.29 s.
-----------------------------------------------------------------------------------------
candidate= 107-243 : +
-----------------------------------------------------------------------------------------
-----------------------------------------------------------------------------------------
 ****** Pricing Level: LIGHT HEUR ****** 
it= 8   ncol= 1393  ncstr= 610  mt= 0.6   spt= 0.2   lpval= 94036.4   ub= 94043.0  
 ****** Pricing Level: HEAVY HEUR ****** 
it= 6   ncol= 1491  ncstr= 610  mt= 0.1   spt= 0.4   lpval= 94027.5   ub= 94043.0  
-----------------------------------------------------------------------------------------
elapsed time= 63.29 s.
-----------------------------------------------------------------------------------------
candidate= 213-283 : -
-----------------------------------------------------------------------------------------
-----------------------------------------------------------------------------------------
 ****** Pricing Level: LIGHT HEUR ****** 
it= 6   ncol= 1337  ncstr= 610  mt= 0.2   spt= 0.1   lpval= 93996.5   ub= 94043.0  
 ****** Pricing Level: HEAVY HEUR ****** 
it= 3   ncol= 1367  ncstr= 610  mt= 0.0   spt= 0.2   lpval= 93996.4   ub= 94043.0  
-----------------------------------------------------------------------------------------
elapsed time= 64.34 s.
-----------------------------------------------------------------------------------------
candidate= 109-138 : -
-----------------------------------------------------------------------------------------
-----------------------------------------------------------------------------------------
 ****** Pricing Level: LIGHT HEUR ****** 
it= 5   ncol= 1332  ncstr= 610  mt= 0.2   spt= 0.1   lpval= 93996.5   ub= 94043.0  
 ****** Pricing Level: HEAVY HEUR ****** 
it= 3   ncol= 1356  ncstr= 610  mt= 0.0   spt= 0.2   lpval= 93996.5   ub= 94043.0  
-----------------------------------------------------------------------------------------
elapsed time= 65.27 s.
-----------------------------------------------------------------------------------------
candidate= 71-109 : -
-----------------------------------------------------------------------------------------
-----------------------------------------------------------------------------------------
 ****** Pricing Level: LIGHT HEUR ****** 
it= 5   ncol= 1337  ncstr= 610  mt= 0.3   spt= 0.1   lpval= 94006.0   ub= 94043.0  
 ****** Pricing Level: HEAVY HEUR ****** 
it= 5   ncol= 1376  ncstr= 610  mt= 0.0   spt= 0.3   lpval= 94006.0   ub= 94043.0  
-----------------------------------------------------------------------------------------
elapsed time= 66.57 s.
-----------------------------------------------------------------------------------------
candidate= 109-138 : +
-----------------------------------------------------------------------------------------
-----------------------------------------------------------------------------------------
 ****** Pricing Level: LIGHT HEUR ****** 
it= 9   ncol= 1446  ncstr= 610  mt= 0.4   spt= 0.2   lpval= 94009.4   ub= 94043.0  
 ****** Pricing Level: HEAVY HEUR ****** 
it= 5   ncol= 1510  ncstr= 610  mt= 0.0   spt= 0.3   lpval= 94009.2   ub= 94043.0  
-----------------------------------------------------------------------------------------
elapsed time= 68.31 s.
-----------------------------------------------------------------------------------------
brc= 107-243
t= 0.129219 c= 35.4511 n= 0 if_b4= 1
t= 1.43283 c= 44.0745 n= 0 if_b4= 1
nodes already exists
memory usage= 4GB.
#########################################################################################
tree size= 0 lb= 93995.6 ub= 94043
#########################################################################################
idx= 2 value= 93995.6 enu= 0
brc= 50-103 : -
brc= 76-103 : -
brc= 49-105 : -
brc= 70-133 : -
brc= 74-217 : -
brc= 233-246 : -
brc= 164-175 : +
brc= 167-232 : +
brc= 223-246 : -
brc= 3-269 : +
brc= 117-174 : -
brc= 0-44 : -
brc= 100-275 : -
brc= 131-281 : -
brc= 53-274 : -
brc= 57-64 : +
brc= 6-137 : +
brc= 0-207 : +
brc= 95-312 : -
brc= 125-224 : -
brc= 224-287 : +
brc= 53-54 : -
brc= 53-239 : -
brc= 53-290 : -
brc= 243-267 : +
brc= 139-230 : -
brc= 24-257 : -
brc= 72-295 : +
brc= 145-281 : -
brc= 107-108 : +
brc= 132-230 : -
brc= 107-267 : -
brc= 22-239 : +
brc= 107-243 : -
-----------------------------------------------------------------------------------------
 ****** Pricing Level: LIGHT HEUR ****** 
it= 6   ncol= 1375  ncstr= 609  mt= 0.2   spt= 0.1   lpval= 94001.5   ub= 94043.0  
 ****** Pricing Level: HEAVY HEUR ****** 
it= 5   ncol= 1420  ncstr= 609  mt= 0.1   spt= 0.3   lpval= 93999.3   ub= 94043.0  
 ****** Pricing Level: EXACT ****** 
it= 3   ncol= 1467  ncstr= 609  mt= 0.1   spt= 3.0   lpval= 93998.3   ub= 94043.0  
-----------------------------------------------------------------------------------------
elapsed time= 73.52 s.
-----------------------------------------------------------------------------------------
-----------------------------------------------------------------------------------------
 ****** Run Arc Elimination ****** 
arc elimination time= 4.58 s.
previous= 88.4097% maximum= 2.48506%
eliminate bucket arcs time= 0.50 s.
obtain jump arcs time= 0.01 s.
-----------------------------------------------------------------------------------------
-----------------------------------------------------------------------------------------
elapsed time= 78.63 s.
-----------------------------------------------------------------------------------------
-----------------------------------------------------------------------------------------
 ****** Try Enumeration ****** 
#labels= 276314 #routes= 16
labeling 1 time= 8.21 s.
concatenate time= 13.20 s.
#routes= 476754
average gap of successful enumeration= 0.000464633
next try value > 93986.5
-----------------------------------------------------------------------------------------
elapsed time= 100.20 s.
-----------------------------------------------------------------------------------------
 ****** Process Enumeration Matrix ****** 
delete non-ele routes lp val= 93998.4
recover rank1c lp val= 93998.5
recover rcc lp val= 93998.6
obtain rcc coefficient time= 0.10 s.
obtain r1c coefficient time= 0.60 s.
obtain matrix from triplets time= 0.93 s.
delete columns by branch time= 0.00 s.
columns pending deletion= 923 remain= 476754 col ratio= 0.998064 row ratio= 1
regenerate enumeration matrix time= 0.00 s.
-----------------------------------------------------------------------------------------
elapsed time= 103.41 s.
-----------------------------------------------------------------------------------------
it= 5   ncol= 1361  ncstr= 558  mt= 0.0   spt= 0.1   lpval= 93998.6   ub= 94043.0  
-----------------------------------------------------------------------------------------
elapsed time= 103.63 s.
-----------------------------------------------------------------------------------------
columns pending deletion= 75324 remain= 476754 col ratio= 0.842007 row ratio= 0.926523
 ****** Separate RCCs ****** 
 ****** Separate Rank1Cuts ****** 
it= 4   ncol= 1359  ncstr= 608  mt= 0.0   spt= 0.1   lpval= 94000.4   ub= 94043.0  
-----------------------------------------------------------------------------------------
elapsed time= 104.63 s.
-----------------------------------------------------------------------------------------
delete columns= 172669 remain= 304085
 ****** Separate RCCs ****** 
 ****** Separate Rank1Cuts ****** 
it= 4   ncol= 1412  ncstr= 604  mt= 0.1   spt= 0.1   lpval= 94001.3   ub= 94043.0  
-----------------------------------------------------------------------------------------
elapsed time= 106.79 s.
-----------------------------------------------------------------------------------------
columns pending deletion= 36407 remain= 304085 col ratio= 0.880274 row ratio= 0.884106
[1;36m[REMIND] 2: gap improved= 0.880863 ratio= 0.021120 threshold= 0.040000 in function increaseCondition2 at /blue/yu.yang1/you.z/route_opt/packages/application/X-n313-k71/src/main/src/call_cutting.cpp:74[0m
 ****** Separate RCCs ****** 
 ****** Separate Rank1Cuts ****** 
it= 4   ncol= 1424  ncstr= 704  mt= 0.0   spt= 0.1   lpval= 94002.1   ub= 94043.0  
-----------------------------------------------------------------------------------------
elapsed time= 107.65 s.
-----------------------------------------------------------------------------------------
delete columns= 82734 remain= 221351
[1;36m[REMIND] 2: gap improved= 0.834442 ratio= 0.020415 threshold= 0.040000 in function increaseCondition2 at /blue/yu.yang1/you.z/route_opt/packages/application/X-n313-k71/src/main/src/call_cutting.cpp:74[0m
 ****** Separate RCCs ****** 
 ****** Separate Rank1Cuts ****** 
it= 2   ncol= 1440  ncstr= 675  mt= 0.0   spt= 0.0   lpval= 94002.5   ub= 94043.0  
-----------------------------------------------------------------------------------------
elapsed time= 109.11 s.
-----------------------------------------------------------------------------------------
columns pending deletion= 20257 remain= 221351 col ratio= 0.908485 row ratio= 0.78963
[1;36m[REMIND] 2: gap improved= 0.336471 ratio= 0.008300 threshold= 0.040000 in function increaseCondition2 at /blue/yu.yang1/you.z/route_opt/packages/application/X-n313-k71/src/main/src/call_cutting.cpp:74[0m
[1;36m[REMIND] tail off counter= 3 threshold= 3 in function setIfTailOff at /blue/yu.yang1/you.z/route_opt/packages/application/X-n313-k71/src/main/src/call_cutting.cpp:150[0m
current_r_best= 4.98192
pseudo= 50 frac= 50
#candidates in phase1= 37
testing lp time= 16.27 s.
-----------------------------------------------------------------------------------------
 29-201 , 186.91|  29-131 ,  56.09| 126-152 ,  35.54|  44-133 ,  31.56|   2-132 ,  28.02| 
 95-252 ,  27.85| 116-155 ,  26.73|  13-65  ,  23.62|  13-104 ,  23.62| 117-207 ,  17.98| 
  2-79  ,  14.60|  51-99  ,   9.72|   0-275 ,   7.78|  10-256 ,   7.71|  59-76  ,   6.54| 
213-283 ,   6.13|  10-161 ,   5.88|  71-109 ,   5.69|  12-76  ,   5.63|   0-134 ,   5.63| 
 12-134 ,   5.63| 235-291 ,   4.11|  71-203 ,   4.08|   0-102 ,   3.87|  32-106 ,   3.62| 
171-257 ,   3.31| 145-267 ,   3.22| 132-257 ,   3.16|   0-1   ,   2.63|  34-182 ,   2.36| 
 90-93  ,   2.26| 148-235 ,   2.20|   5-179 ,   2.17|   0-123 ,   1.18| 168-231 ,   1.17| 
180-243 ,   0.75| 163-256 ,   0.18| 
-----------------------------------------------------------------------------------------
edge= 126 152 lp= 20.0814 pre= 2 lp2= 1.76976 pre2= 2 score= 35.5393
-----------------------------------------------------------------------------------------
edge= 29 131 lp= 15.1362 pre= 2 lp2= 3.70588 pre2= 2 score= 56.0932
-----------------------------------------------------------------------------------------
edge= 29 201 lp= 1.97271 pre= 2 lp2= 94.7459 pre2= 2 score= 186.907
-----------------------------------------------------------------------------------------
candidate= 29-201 : -
-----------------------------------------------------------------------------------------
it= 3   ncol= 1441  ncstr= 676  mt= 0.3   spt= 0.0   lpval= 94004.4   ub= 94043.0  
-----------------------------------------------------------------------------------------
elapsed time= 125.73 s.
-----------------------------------------------------------------------------------------
candidate= 29-201 : +
-----------------------------------------------------------------------------------------
it= 7   ncol= 1592  ncstr= 676  mt= 0.4   spt= 0.1   lpval= 94032.3   ub= 94043.0  
-----------------------------------------------------------------------------------------
elapsed time= 126.29 s.
-----------------------------------------------------------------------------------------
brc= 29-201
t= 0.219861 c= 40.58 n= 0 if_b4= 0
t= 0.450939 c= 48.2639 n= 0 if_b4= 0
#########################################################################################
tree size= 1 lb= 94002.5 ub= 94043
#########################################################################################
idx= 3 value= 94002.5 enu= 1
brc= 50-103 : -
brc= 76-103 : -
brc= 49-105 : -
brc= 70-133 : -
brc= 74-217 : -
brc= 233-246 : -
brc= 164-175 : +
brc= 167-232 : +
brc= 223-246 : -
brc= 3-269 : +
brc= 117-174 : -
brc= 0-44 : -
brc= 100-275 : -
brc= 131-281 : -
brc= 53-274 : -
brc= 57-64 : +
brc= 6-137 : +
brc= 0-207 : +
brc= 95-312 : -
brc= 125-224 : -
brc= 224-287 : +
brc= 53-54 : -
brc= 53-239 : -
brc= 53-290 : -
brc= 243-267 : +
brc= 139-230 : -
brc= 24-257 : -
brc= 72-295 : +
brc= 145-281 : -
brc= 107-108 : +
brc= 132-230 : -
brc= 107-267 : -
brc= 22-239 : +
brc= 107-243 : -
brc= 29-201 : +
it= 7   ncol= 1596  ncstr= 675  mt= 0.4   spt= 0.1   lpval= 94032.3   ub= 94043.0  
-----------------------------------------------------------------------------------------
elapsed time= 128.84 s.
-----------------------------------------------------------------------------------------
delete columns= 198489 remain= 2355
 ****** Separate RCCs ****** 
 ****** Separate Rank1Cuts ****** 
it= 4   ncol= 1220  ncstr= 600  mt= 0.0   spt= 0.0   lpval= 94035.2   ub= 94043.0  
-----------------------------------------------------------------------------------------
elapsed time= 129.36 s.
-----------------------------------------------------------------------------------------
delete columns= 990 remain= 1365
mip: row= 502 col= 2439 density= 3.71576%
mip time= 0.33 s.
mip status= 3
update f from 0 to 7.76748
#########################################################################################
tree size= 0 lb= 94002.5 ub= 94043
#########################################################################################
idx= 4 value= 94002.5 enu= 1
brc= 50-103 : -
brc= 76-103 : -
brc= 49-105 : -
brc= 70-133 : -
brc= 74-217 : -
brc= 233-246 : -
brc= 164-175 : +
brc= 167-232 : +
brc= 223-246 : -
brc= 3-269 : +
brc= 117-174 : -
brc= 0-44 : -
brc= 100-275 : -
brc= 131-281 : -
brc= 53-274 : -
brc= 57-64 : +
brc= 6-137 : +
brc= 0-207 : +
brc= 95-312 : -
brc= 125-224 : -
brc= 224-287 : +
brc= 53-54 : -
brc= 53-239 : -
brc= 53-290 : -
brc= 243-267 : +
brc= 139-230 : -
brc= 24-257 : -
brc= 72-295 : +
brc= 145-281 : -
brc= 107-108 : +
brc= 132-230 : -
brc= 107-267 : -
brc= 22-239 : +
brc= 107-243 : -
brc= 29-201 : -
it= 4   ncol= 1489  ncstr= 675  mt= 0.0   spt= 0.0   lpval= 94004.4   ub= 94043.0  
-----------------------------------------------------------------------------------------
elapsed time= 129.81 s.
-----------------------------------------------------------------------------------------
columns pending deletion= 33241 remain= 201085 col ratio= 0.834692 row ratio= 0.807407
 ****** Separate Rank1Cuts ****** 
it= 2   ncol= 1493  ncstr= 696  mt= 0.0   spt= 0.0   lpval= 94005.2   ub= 94043.0  
-----------------------------------------------------------------------------------------
elapsed time= 130.23 s.
-----------------------------------------------------------------------------------------
delete columns= 50281 remain= 150804
[1;36m[REMIND] 2: gap improved= 0.744148 ratio= 0.019668 threshold= 0.040000 in function increaseCondition2 at /blue/yu.yang1/you.z/route_opt/packages/application/X-n313-k71/src/main/src/call_cutting.cpp:74[0m
 ****** Separate Rank1Cuts ****** 
it= 3   ncol= 1515  ncstr= 657  mt= 0.0   spt= 0.0   lpval= 94005.4   ub= 94043.0  
-----------------------------------------------------------------------------------------
elapsed time= 131.69 s.
-----------------------------------------------------------------------------------------
columns pending deletion= 14056 remain= 150804 col ratio= 0.906793 row ratio= 0.856925
[1;36m[REMIND] 2: gap improved= 0.253441 ratio= 0.006744 threshold= 0.040000 in function increaseCondition2 at /blue/yu.yang1/you.z/route_opt/packages/application/X-n313-k71/src/main/src/call_cutting.cpp:74[0m
 ****** Separate Rank1Cuts ****** 
it= 3   ncol= 1508  ncstr= 685  mt= 0.0   spt= 0.0   lpval= 94005.5   ub= 94043.0  
-----------------------------------------------------------------------------------------
elapsed time= 132.21 s.
-----------------------------------------------------------------------------------------
columns pending deletion= 17739 remain= 150804 col ratio= 0.88237 row ratio= 0.839416
[1;36m[REMIND] 2: gap improved= 0.106449 ratio= 0.002840 threshold= 0.040000 in function increaseCondition2 at /blue/yu.yang1/you.z/route_opt/packages/application/X-n313-k71/src/main/src/call_cutting.cpp:74[0m
[1;36m[REMIND] tail off counter= 3 threshold= 3 in function setIfTailOff at /blue/yu.yang1/you.z/route_opt/packages/application/X-n313-k71/src/main/src/call_cutting.cpp:150[0m
current_r_best= 2.22575
alpha= 0.37 beta= 13.3478 omega= 184.571 k1= 26
lb_k= 1 ub_k= 37
revise: lb_k= 20 ub_k= 34
opt_k= 28
alpha= 0.75 beta= 13.3478 omega= 107.03 k1= 3
lb_k= 1 ub_k= 3
revise: lb_k= 1 ub_k= 3
opt_k= 3
pseudo= 50 frac= 50
#candidates in phase1= 28
testing lp time= 12.86 s.
-----------------------------------------------------------------------------------------
108-267 ,  48.93|  40-146 ,  31.91| 126-152 ,  27.83|  44-133 ,  26.82|  29-131 ,  19.43| 
 13-65  ,  19.17|   0-189 ,  11.34|   2-79  ,  11.14|  61-162 ,   9.12|   0-275 ,   8.86| 
117-207 ,   7.94| 213-283 ,   7.12|  71-109 ,   6.57|  71-203 ,   5.37|  20-173 ,   3.32| 
162-204 ,   2.80|  59-76  ,   2.62|  12-76  ,   2.62| 243-278 ,   2.35| 201-278 ,   2.35| 
196-243 ,   2.17| 179-222 ,   1.84|  29-147 ,   1.50| 117-221 ,   1.16| 131-221 ,   1.16| 
  0-135 ,   0.96| 191-195 ,   0.91| 140-244 ,   0.83| 
-----------------------------------------------------------------------------------------
edge= 126 152 lp= 18.3619 pre= 2 lp2= 1.5157 pre2= 2 score= 27.8312
-----------------------------------------------------------------------------------------
edge= 40 146 lp= 65.6989 pre= 2 lp2= 0.485657 pre2= 2 score= 31.9072
-----------------------------------------------------------------------------------------
edge= 108 267 lp= 0.7537 pre= 2 lp2= 64.9216 pre2= 2 score= 48.9314
-----------------------------------------------------------------------------------------
candidate= 108-267 : -
-----------------------------------------------------------------------------------------
it= 3   ncol= 1522  ncstr= 686  mt= 0.3   spt= 0.0   lpval= 94006.1   ub= 94043.0  
-----------------------------------------------------------------------------------------
elapsed time= 145.47 s.
-----------------------------------------------------------------------------------------
candidate= 108-267 : +
-----------------------------------------------------------------------------------------
it= 4   ncol= 1608  ncstr= 686  mt= 0.3   spt= 0.0   lpval= 94058.1   ub= 94043.0  
-----------------------------------------------------------------------------------------
elapsed time= 145.87 s.
-----------------------------------------------------------------------------------------
candidate= 40-146 : -
-----------------------------------------------------------------------------------------
it= 6   ncol= 1671  ncstr= 686  mt= 0.4   spt= 0.1   lpval= 94034.1   ub= 94043.0  
-----------------------------------------------------------------------------------------
elapsed time= 146.34 s.
-----------------------------------------------------------------------------------------
brc= 108-267
t= 0.224796 c= 21.8625 n= 1 if_b4= 0
t= 0.435303 c= 28.6059 n= 1 if_b4= 0
#########################################################################################
tree size= 1 lb= 94005.5 ub= 94043
#########################################################################################
idx= 5 value= 94005.5 enu= 1
brc= 50-103 : -
brc= 76-103 : -
brc= 49-105 : -
brc= 70-133 : -
brc= 74-217 : -
brc= 233-246 : -
brc= 164-175 : +
brc= 167-232 : +
brc= 223-246 : -
brc= 3-269 : +
brc= 117-174 : -
brc= 0-44 : -
brc= 100-275 : -
brc= 131-281 : -
brc= 53-274 : -
brc= 57-64 : +
brc= 6-137 : +
brc= 0-207 : +
brc= 95-312 : -
brc= 125-224 : -
brc= 224-287 : +
brc= 53-54 : -
brc= 53-239 : -
brc= 53-290 : -
brc= 243-267 : +
brc= 139-230 : -
brc= 24-257 : -
brc= 72-295 : +
brc= 145-281 : -
brc= 107-108 : +
brc= 132-230 : -
brc= 107-267 : -
brc= 22-239 : +
brc= 107-243 : -
brc= 29-201 : -
brc= 108-267 : +
it= 4   ncol= 1584  ncstr= 685  mt= 0.4   spt= 0.0   lpval= 94058.1   ub= 94043.0  
-----------------------------------------------------------------------------------------
elapsed time= 148.52 s.
-----------------------------------------------------------------------------------------
#########################################################################################
tree size= 0 lb= 94005.5 ub= 94043
#########################################################################################
idx= 6 value= 94005.5 enu= 1
brc= 50-103 : -
brc= 76-103 : -
brc= 49-105 : -
brc= 70-133 : -
brc= 74-217 : -
brc= 233-246 : -
brc= 164-175 : +
brc= 167-232 : +
brc= 223-246 : -
brc= 3-269 : +
brc= 117-174 : -
brc= 0-44 : -
brc= 100-275 : -
brc= 131-281 : -
brc= 53-274 : -
brc= 57-64 : +
brc= 6-137 : +
brc= 0-207 : +
brc= 95-312 : -
brc= 125-224 : -
brc= 224-287 : +
brc= 53-54 : -
brc= 53-239 : -
brc= 53-290 : -
brc= 243-267 : +
brc= 139-230 : -
brc= 24-257 : -
brc= 72-295 : +
brc= 145-281 : -
brc= 107-108 : +
brc= 132-230 : -
brc= 107-267 : -
brc= 22-239 : +
brc= 107-243 : -
brc= 29-201 : -
brc= 108-267 : -
it= 3   ncol= 1517  ncstr= 685  mt= 0.1   spt= 0.0   lpval= 94006.1   ub= 94043.0  
-----------------------------------------------------------------------------------------
elapsed time= 148.63 s.
-----------------------------------------------------------------------------------------
columns pending deletion= 4767 remain= 133065 col ratio= 0.964175 row ratio= 0.820438
 ****** Separate Rank1Cuts ****** 
it= 3   ncol= 1507  ncstr= 700  mt= 0.0   spt= 0.0   lpval= 94006.3   ub= 94043.0  
-----------------------------------------------------------------------------------------
elapsed time= 149.07 s.
-----------------------------------------------------------------------------------------
columns pending deletion= 8804 remain= 133065 col ratio= 0.933837 row ratio= 0.802857
[1;36m[REMIND] 2: gap improved= 0.240046 ratio= 0.006544 threshold= 0.040000 in function increaseCondition2 at /blue/yu.yang1/you.z/route_opt/packages/application/X-n313-k71/src/main/src/call_cutting.cpp:74[0m
 ****** Separate RCCs ****** 
 ****** Separate Rank1Cuts ****** 
it= 3   ncol= 1524  ncstr= 737  mt= 0.0   spt= 0.0   lpval= 94006.9   ub= 94043.0  
-----------------------------------------------------------------------------------------
elapsed time= 149.70 s.
-----------------------------------------------------------------------------------------
columns pending deletion= 17161 remain= 133065 col ratio= 0.871033 row ratio= 0.791045
[1;36m[REMIND] 2: gap improved= 0.563782 ratio= 0.015610 threshold= 0.040000 in function increaseCondition2 at /blue/yu.yang1/you.z/route_opt/packages/application/X-n313-k71/src/main/src/call_cutting.cpp:74[0m
 ****** Separate Rank1Cuts ****** 
it= 3   ncol= 1520  ncstr= 764  mt= 0.0   spt= 0.0   lpval= 94007.0   ub= 94043.0  
-----------------------------------------------------------------------------------------
elapsed time= 150.17 s.
-----------------------------------------------------------------------------------------
columns pending deletion= 20416 remain= 133065 col ratio= 0.846571 row ratio= 0.778796
[1;36m[REMIND] 2: gap improved= 0.126262 ratio= 0.003508 threshold= 0.040000 in function increaseCondition2 at /blue/yu.yang1/you.z/route_opt/packages/application/X-n313-k71/src/main/src/call_cutting.cpp:74[0m
[1;36m[REMIND] tail off counter= 3 threshold= 3 in function setIfTailOff at /blue/yu.yang1/you.z/route_opt/packages/application/X-n313-k71/src/main/src/call_cutting.cpp:150[0m
current_r_best= 1.08429
pseudo= 50 frac= 50
#candidates in phase1= 37
testing lp time= 21.48 s.
-----------------------------------------------------------------------------------------
 40-146 ,  28.04| 126-152 ,  25.43|  44-133 ,  23.95|  13-65  ,  17.78|  13-104 ,  17.78| 
132-269 ,  14.54|  95-252 ,  12.28|  29-131 ,  10.76|  86-107 ,   8.46|   0-275 ,   7.92| 
  2-79  ,   7.53|  18-267 ,   7.35| 213-283 ,   7.28|  71-109 ,   6.73| 267-301 ,   6.42| 
 71-203 ,   5.74|  66-231 ,   3.99|   0-134 ,   3.72|  12-134 ,   3.72|  59-76  ,   3.72| 
 12-76  ,   3.72|  59-68  ,   3.72|  70-102 ,   3.09|   0-130 ,   2.53| 166-251 ,   2.07| 
 29-108 ,   1.19|  29-87  ,   1.19| 270-281 ,   1.12| 279-281 ,   1.12|  89-270 ,   1.12| 
 33-95  ,   1.06| 173-300 ,   1.02|   5-163 ,   1.01| 163-259 ,   1.01|  89-228 ,   0.53| 
108-145 ,   0.23| 127-301 ,   0.23| 
-----------------------------------------------------------------------------------------
edge= 44 133 lp= 22.2493 pre= 2 lp2= 1.07657 pre2= 2 score= 23.9529
-----------------------------------------------------------------------------------------
edge= 126 152 lp= 18.9468 pre= 2 lp2= 1.34213 pre2= 2 score= 25.429
-----------------------------------------------------------------------------------------
edge= 40 146 lp= 58.1046 pre= 2 lp2= 0.482646 pre2= 2 score= 28.0439
-----------------------------------------------------------------------------------------
candidate= 40-146 : -
-----------------------------------------------------------------------------------------
it= 8   ncol= 1741  ncstr= 765  mt= 0.5   spt= 0.1   lpval= 94036.8   ub= 94043.0  
-----------------------------------------------------------------------------------------
elapsed time= 172.34 s.
-----------------------------------------------------------------------------------------
candidate= 126-152 : -
-----------------------------------------------------------------------------------------
it= 4   ncol= 1610  ncstr= 765  mt= 0.5   spt= 0.0   lpval= 94019.1   ub= 94043.0  
-----------------------------------------------------------------------------------------
elapsed time= 172.91 s.
-----------------------------------------------------------------------------------------
candidate= 44-133 : -
-----------------------------------------------------------------------------------------
it= 6   ncol= 1664  ncstr= 765  mt= 0.5   spt= 0.1   lpval= 94025.1   ub= 94043.0  
-----------------------------------------------------------------------------------------
elapsed time= 173.51 s.
-----------------------------------------------------------------------------------------
candidate= 44-133 : +
-----------------------------------------------------------------------------------------
it= 4   ncol= 1608  ncstr= 765  mt= 0.4   spt= 0.0   lpval= 94008.0   ub= 94043.0  
-----------------------------------------------------------------------------------------
elapsed time= 173.98 s.
-----------------------------------------------------------------------------------------
brc= 44-133
t= 0.246618 c= 15.5149 n= 2 if_b4= 0
t= 0.484041 c= 23.2028 n= 2 if_b4= 0
#########################################################################################
tree size= 1 lb= 94007 ub= 94043
#########################################################################################
idx= 7 value= 94007 enu= 1
brc= 50-103 : -
brc= 76-103 : -
brc= 49-105 : -
brc= 70-133 : -
brc= 74-217 : -
brc= 233-246 : -
brc= 164-175 : +
brc= 167-232 : +
brc= 223-246 : -
brc= 3-269 : +
brc= 117-174 : -
brc= 0-44 : -
brc= 100-275 : -
brc= 131-281 : -
brc= 53-274 : -
brc= 57-64 : +
brc= 6-137 : +
brc= 0-207 : +
brc= 95-312 : -
brc= 125-224 : -
brc= 224-287 : +
brc= 53-54 : -
brc= 53-239 : -
brc= 53-290 : -
brc= 243-267 : +
brc= 139-230 : -
brc= 24-257 : -
brc= 72-295 : +
brc= 145-281 : -
brc= 107-108 : +
brc= 132-230 : -
brc= 107-267 : -
brc= 22-239 : +
brc= 107-243 : -
brc= 29-201 : -
brc= 108-267 : -
brc= 44-133 : +
it= 5   ncol= 1540  ncstr= 764  mt= 0.4   spt= 0.0   lpval= 94008.0   ub= 94043.0  
-----------------------------------------------------------------------------------------
elapsed time= 176.29 s.
-----------------------------------------------------------------------------------------
columns pending deletion= 9066 remain= 112232 col ratio= 0.919221 row ratio= 0.727749
 ****** Separate RCCs ****** 
 ****** Separate Rank1Cuts ****** 
it= 3   ncol= 1536  ncstr= 829  mt= 0.0   spt= 0.0   lpval= 94008.5   ub= 94043.0  
-----------------------------------------------------------------------------------------
elapsed time= 177.01 s.
-----------------------------------------------------------------------------------------
columns pending deletion= 15104 remain= 112232 col ratio= 0.865422 row ratio= 0.703257
[1;36m[REMIND] 2: gap improved= 0.489749 ratio= 0.014201 threshold= 0.040000 in function increaseCondition2 at /blue/yu.yang1/you.z/route_opt/packages/application/X-n313-k71/src/main/src/call_cutting.cpp:74[0m
 ****** Separate RCCs ****** 
 ****** Separate Rank1Cuts ****** 
it= 3   ncol= 1557  ncstr= 875  mt= 0.0   spt= 0.0   lpval= 94008.8   ub= 94043.0  
-----------------------------------------------------------------------------------------
elapsed time= 177.60 s.
-----------------------------------------------------------------------------------------
delete columns= 20325 remain= 91907
[1;36m[REMIND] 2: gap improved= 0.294374 ratio= 0.008609 threshold= 0.040000 in function increaseCondition2 at /blue/yu.yang1/you.z/route_opt/packages/application/X-n313-k71/src/main/src/call_cutting.cpp:74[0m
 ****** Separate RCCs ****** 
 ****** Separate Rank1Cuts ****** 
it= 4   ncol= 1564  ncstr= 625  mt= 0.0   spt= 0.0   lpval= 94009.4   ub= 94043.0  
-----------------------------------------------------------------------------------------
elapsed time= 178.28 s.
-----------------------------------------------------------------------------------------
columns pending deletion= 4623 remain= 91907 col ratio= 0.949699 row ratio= 0.9344
[1;36m[REMIND] 2: gap improved= 0.591267 ratio= 0.017596 threshold= 0.040000 in function increaseCondition2 at /blue/yu.yang1/you.z/route_opt/packages/application/X-n313-k71/src/main/src/call_cutting.cpp:74[0m
[1;36m[REMIND] tail off counter= 3 threshold= 3 in function setIfTailOff at /blue/yu.yang1/you.z/route_opt/packages/application/X-n313-k71/src/main/src/call_cutting.cpp:150[0m
current_r_best= 1.73593
alpha= 0.37 beta= 14.8823 omega= 62.9108 k1= 17
lb_k= 1 ub_k= 37
revise: lb_k= 12 ub_k= 25
opt_k= 19
alpha= 0.75 beta= 14.8823 omega= 47.9356 k1= 3
lb_k= 1 ub_k= 3
revise: lb_k= 1 ub_k= 3
opt_k= 3
pseudo= 50 frac= 50
#candidates in phase1= 19
testing lp time= 7.58 s.
-----------------------------------------------------------------------------------------
 40-146 ,  23.03|  13-65  ,  11.56|   0-34  ,   6.97|  71-203 ,   5.64| 213-283 ,   4.79| 
 44-152 ,   4.57|   9-64  ,   4.57|  99-142 ,   4.57|  71-109 ,   4.44|  20-195 ,   4.30| 
 32-102 ,   2.99|  59-76  ,   2.96|  12-134 ,   2.77|  12-76  ,   2.77| 257-276 ,   2.14| 
  0-189 ,   1.92|  52-148 ,   1.34| 132-208 ,   0.66|  25-265 ,   0.33| 
-----------------------------------------------------------------------------------------
edge= 0 34 lp= 0.107632 pre= 2 lp2= 64.7693 pre2= 2 score= 6.97124
-----------------------------------------------------------------------------------------
edge= 13 65 lp= 4.75419 pre= 2 lp2= 2.432 pre2= 2 score= 11.5622
-----------------------------------------------------------------------------------------
edge= 40 146 lp= 52.0947 pre= 2 lp2= 0.442036 pre2= 2 score= 23.0277
-----------------------------------------------------------------------------------------
candidate= 40-146 : -
-----------------------------------------------------------------------------------------
it= 7   ncol= 1741  ncstr= 626  mt= 0.4   spt= 0.0   lpval= 94037.0   ub= 94043.0  
-----------------------------------------------------------------------------------------
elapsed time= 186.30 s.
-----------------------------------------------------------------------------------------
candidate= 40-146 : +
-----------------------------------------------------------------------------------------
it= 4   ncol= 1572  ncstr= 626  mt= 0.4   spt= 0.0   lpval= 94009.8   ub= 94043.0  
-----------------------------------------------------------------------------------------
elapsed time= 186.70 s.
-----------------------------------------------------------------------------------------
brc= 40-146
t= 0.234864 c= 12.3716 n= 3 if_b4= 0
t= 0.466722 c= 18.9819 n= 3 if_b4= 0
#########################################################################################
tree size= 2 lb= 94007 ub= 94043
#########################################################################################
idx= 8 value= 94007 enu= 1
brc= 50-103 : -
brc= 76-103 : -
brc= 49-105 : -
brc= 70-133 : -
brc= 74-217 : -
brc= 233-246 : -
brc= 164-175 : +
brc= 167-232 : +
brc= 223-246 : -
brc= 3-269 : +
brc= 117-174 : -
brc= 0-44 : -
brc= 100-275 : -
brc= 131-281 : -
brc= 53-274 : -
brc= 57-64 : +
brc= 6-137 : +
brc= 0-207 : +
brc= 95-312 : -
brc= 125-224 : -
brc= 224-287 : +
brc= 53-54 : -
brc= 53-239 : -
brc= 53-290 : -
brc= 243-267 : +
brc= 139-230 : -
brc= 24-257 : -
brc= 72-295 : +
brc= 145-281 : -
brc= 107-108 : +
brc= 132-230 : -
brc= 107-267 : -
brc= 22-239 : +
brc= 107-243 : -
brc= 29-201 : -
brc= 108-267 : -
brc= 44-133 : -
it= 6   ncol= 1622  ncstr= 764  mt= 0.2   spt= 0.1   lpval= 94025.1   ub= 94043.0  
-----------------------------------------------------------------------------------------
elapsed time= 188.11 s.
-----------------------------------------------------------------------------------------
delete columns= 103938 remain= 8597
 ****** Separate RCCs ****** 
 ****** Separate Rank1Cuts ****** 
it= 4   ncol= 1489  ncstr= 601  mt= 0.1   spt= 0.0   lpval= 94031.4   ub= 94043.0  
-----------------------------------------------------------------------------------------
elapsed time= 188.88 s.
-----------------------------------------------------------------------------------------
delete columns= 5891 remain= 2706
mip: row= 504 col= 3937 density= 3.72267%
mip time= 1.11 s.
mip status= 6
update f from 7.76748 to 11.64
#########################################################################################
tree size= 1 lb= 94009.4 ub= 94043
#########################################################################################
idx= 9 value= 94009.4 enu= 1
brc= 50-103 : -
brc= 76-103 : -
brc= 49-105 : -
brc= 70-133 : -
brc= 74-217 : -
brc= 233-246 : -
brc= 164-175 : +
brc= 167-232 : +
brc= 223-246 : -
brc= 3-269 : +
brc= 117-174 : -
brc= 0-44 : -
brc= 100-275 : -
brc= 131-281 : -
brc= 53-274 : -
brc= 57-64 : +
brc= 6-137 : +
brc= 0-207 : +
brc= 95-312 : -
brc= 125-224 : -
brc= 224-287 : +
brc= 53-54 : -
brc= 53-239 : -
brc= 53-290 : -
brc= 243-267 : +
brc= 139-230 : -
brc= 24-257 : -
brc= 72-295 : +
brc= 145-281 : -
brc= 107-108 : +
brc= 132-230 : -
brc= 107-267 : -
brc= 22-239 : +
brc= 107-243 : -
brc= 29-201 : -
brc= 108-267 : -
brc= 44-133 : +
brc= 40-146 : +
it= 3   ncol= 1563  ncstr= 625  mt= 0.3   spt= 0.0   lpval= 94009.8   ub= 94043.0  
-----------------------------------------------------------------------------------------
elapsed time= 190.40 s.
-----------------------------------------------------------------------------------------
columns pending deletion= 7529 remain= 87227 col ratio= 0.913685 row ratio= 0.896
 ****** Separate RCCs ****** 
 ****** Separate Rank1Cuts ****** 
it= 3   ncol= 1557  ncstr= 684  mt= 0.0   spt= 0.0   lpval= 94010.3   ub= 94043.0  
-----------------------------------------------------------------------------------------
elapsed time= 190.88 s.
-----------------------------------------------------------------------------------------
columns pending deletion= 11900 remain= 87227 col ratio= 0.863574 row ratio= 0.859649
[1;36m[REMIND] 2: gap improved= 0.441270 ratio= 0.013481 threshold= 0.040000 in function increaseCondition2 at /blue/yu.yang1/you.z/route_opt/packages/application/X-n313-k71/src/main/src/call_cutting.cpp:74[0m
 ****** Separate RCCs ****** 
 ****** Separate Rank1Cuts ****** 
it= 3   ncol= 1566  ncstr= 799  mt= 0.0   spt= 0.0   lpval= 94010.7   ub= 94043.0  
-----------------------------------------------------------------------------------------
elapsed time= 191.40 s.
-----------------------------------------------------------------------------------------
columns pending deletion= 14641 remain= 87227 col ratio= 0.832151 row ratio= 0.744681
[1;36m[REMIND] 2: gap improved= 0.395474 ratio= 0.012229 threshold= 0.040000 in function increaseCondition2 at /blue/yu.yang1/you.z/route_opt/packages/application/X-n313-k71/src/main/src/call_cutting.cpp:74[0m
 ****** Separate RCCs ****** 
 ****** Separate Rank1Cuts ****** 
it= 4   ncol= 1601  ncstr= 845  mt= 0.0   spt= 0.0   lpval= 94010.9   ub= 94043.0  
-----------------------------------------------------------------------------------------
elapsed time= 191.99 s.
-----------------------------------------------------------------------------------------
delete columns= 17070 remain= 70157
[1;36m[REMIND] 2: gap improved= 0.203260 ratio= 0.006325 threshold= 0.040000 in function increaseCondition2 at /blue/yu.yang1/you.z/route_opt/packages/application/X-n313-k71/src/main/src/call_cutting.cpp:74[0m
[1;36m[REMIND] tail off counter= 3 threshold= 3 in function setIfTailOff at /blue/yu.yang1/you.z/route_opt/packages/application/X-n313-k71/src/main/src/call_cutting.cpp:150[0m
current_r_best= 1.0763
pseudo= 50 frac= 50
#candidates in phase1= 37
testing lp time= 12.92 s.
-----------------------------------------------------------------------------------------
 47-242 ,  13.46|  29-131 ,  12.41|  44-142 ,  10.19|  48-70  ,  10.19|   0-57  ,  10.11| 
  0-65  ,  10.00|  13-65  ,  10.00|  41-181 ,   9.74| 113-181 ,   9.74|   0-275 ,   7.77| 
 95-252 ,   7.60|  59-76  ,   7.44|  59-68  ,   7.44|   0-76  ,   7.44|  12-134 ,   7.28| 
  0-134 ,   7.25|  12-76  ,   7.25|  76-105 ,   7.25|   0-50  ,   5.23|   0-29  ,   4.83| 
  2-79  ,   4.53|   0-1   ,   3.88| 261-305 ,   2.73| 261-286 ,   2.73| 141-266 ,   2.54| 
148-291 ,   2.05| 256-282 ,   1.57| 136-148 ,   1.10|  42-244 ,   0.89|  20-143 ,   0.68| 
188-192 ,   0.67| 259-271 ,   0.46| 155-230 ,   0.24|  89-131 ,   0.23|  25-61  ,   0.10| 
268-298 ,   0.00|   0-53  ,   0.00| 
-----------------------------------------------------------------------------------------
edge= 44 142 lp= 63.3409 pre= 2 lp2= 0.160833 pre2= 2 score= 10.1873
-----------------------------------------------------------------------------------------
edge= 29 131 lp= 17.6106 pre= 2 lp2= 0.704686 pre2= 2 score= 12.41
-----------------------------------------------------------------------------------------
edge= 47 242 lp= 0.212478 pre= 2 lp2= 63.3409 pre2= 2 score= 13.4586
-----------------------------------------------------------------------------------------
candidate= 47-242 : -
-----------------------------------------------------------------------------------------
it= 3   ncol= 1628  ncstr= 595  mt= 0.3   spt= 0.0   lpval= 94011.0   ub= 94043.0  
-----------------------------------------------------------------------------------------
elapsed time= 205.78 s.
-----------------------------------------------------------------------------------------
candidate= 29-131 : -
-----------------------------------------------------------------------------------------
it= 5   ncol= 1665  ncstr= 595  mt= 0.4   spt= 0.0   lpval= 94023.0   ub= 94043.0  
-----------------------------------------------------------------------------------------
elapsed time= 206.24 s.
-----------------------------------------------------------------------------------------
candidate= 47-242 : +
-----------------------------------------------------------------------------------------
it= 6   ncol= 1671  ncstr= 595  mt= 0.4   spt= 0.0   lpval= 94022.6   ub= 94043.0  
-----------------------------------------------------------------------------------------
elapsed time= 206.71 s.
-----------------------------------------------------------------------------------------
candidate= 44-142 : -
-----------------------------------------------------------------------------------------
it= 6   ncol= 1731  ncstr= 595  mt= 0.4   spt= 0.0   lpval= 94047.9   ub= 94043.0  
-----------------------------------------------------------------------------------------
elapsed time= 207.16 s.
-----------------------------------------------------------------------------------------
candidate= 29-131 : +
-----------------------------------------------------------------------------------------
it= 3   ncol= 1647  ncstr= 595  mt= 0.3   spt= 0.0   lpval= 94011.6   ub= 94043.0  
-----------------------------------------------------------------------------------------
elapsed time= 207.48 s.
-----------------------------------------------------------------------------------------
brc= 29-131
t= 0.222817 c= 10.6026 n= 4 if_b4= 0
t= 0.454602 c= 16.9801 n= 4 if_b4= 0
#########################################################################################
tree size= 2 lb= 94009.4 ub= 94043
#########################################################################################
idx= 10 value= 94009.4 enu= 1
brc= 50-103 : -
brc= 76-103 : -
brc= 49-105 : -
brc= 70-133 : -
brc= 74-217 : -
brc= 233-246 : -
brc= 164-175 : +
brc= 167-232 : +
brc= 223-246 : -
brc= 3-269 : +
brc= 117-174 : -
brc= 0-44 : -
brc= 100-275 : -
brc= 131-281 : -
brc= 53-274 : -
brc= 57-64 : +
brc= 6-137 : +
brc= 0-207 : +
brc= 95-312 : -
brc= 125-224 : -
brc= 224-287 : +
brc= 53-54 : -
brc= 53-239 : -
brc= 53-290 : -
brc= 243-267 : +
brc= 139-230 : -
brc= 24-257 : -
brc= 72-295 : +
brc= 145-281 : -
brc= 107-108 : +
brc= 132-230 : -
brc= 107-267 : -
brc= 22-239 : +
brc= 107-243 : -
brc= 29-201 : -
brc= 108-267 : -
brc= 44-133 : +
brc= 40-146 : -
it= 5   ncol= 1695  ncstr= 625  mt= 0.2   spt= 0.0   lpval= 94037.0   ub= 94043.0  
-----------------------------------------------------------------------------------------
elapsed time= 208.80 s.
-----------------------------------------------------------------------------------------
delete columns= 86314 remain= 912
 ****** Separate RCCs ****** 
 ****** Separate Rank1Cuts ****** 
it= 3   ncol= 983   ncstr= 607  mt= 0.0   spt= 0.0   lpval= 94042.1   ub= 94043.0  
-----------------------------------------------------------------------------------------
elapsed time= 209.27 s.
-----------------------------------------------------------------------------------------
#########################################################################################
tree size= 1 lb= 94010.9 ub= 94043
#########################################################################################
idx= 11 value= 94010.9 enu= 1
brc= 50-103 : -
brc= 76-103 : -
brc= 49-105 : -
brc= 70-133 : -
brc= 74-217 : -
brc= 233-246 : -
brc= 164-175 : +
brc= 167-232 : +
brc= 223-246 : -
brc= 3-269 : +
brc= 117-174 : -
brc= 0-44 : -
brc= 100-275 : -
brc= 131-281 : -
brc= 53-274 : -
brc= 57-64 : +
brc= 6-137 : +
brc= 0-207 : +
brc= 95-312 : -
brc= 125-224 : -
brc= 224-287 : +
brc= 53-54 : -
brc= 53-239 : -
brc= 53-290 : -
brc= 243-267 : +
brc= 139-230 : -
brc= 24-257 : -
brc= 72-295 : +
brc= 145-281 : -
brc= 107-108 : +
brc= 132-230 : -
brc= 107-267 : -
brc= 22-239 : +
brc= 107-243 : -
brc= 29-201 : -
brc= 108-267 : -
brc= 44-133 : +
brc= 40-146 : +
brc= 29-131 : +
it= 2   ncol= 1578  ncstr= 594  mt= 0.3   spt= 0.0   lpval= 94011.6   ub= 94043.0  
-----------------------------------------------------------------------------------------
elapsed time= 209.61 s.
-----------------------------------------------------------------------------------------
columns pending deletion= 6276 remain= 69952 col ratio= 0.910281 row ratio= 0.929293
 ****** Separate RCCs ****** 
 ****** Separate Rank1Cuts ****** 
it= 3   ncol= 1582  ncstr= 633  mt= 0.0   spt= 0.0   lpval= 94012.4   ub= 94043.0  
-----------------------------------------------------------------------------------------
elapsed time= 210.16 s.
-----------------------------------------------------------------------------------------
columns pending deletion= 11731 remain= 69952 col ratio= 0.832299 row ratio= 0.916272
[1;36m[REMIND] 2: gap improved= 0.860401 ratio= 0.028137 threshold= 0.040000 in function increaseCondition2 at /blue/yu.yang1/you.z/route_opt/packages/application/X-n313-k71/src/main/src/call_cutting.cpp:74[0m
 ****** Separate RCCs ****** 
 ****** Separate Rank1Cuts ****** 
it= 3   ncol= 1581  ncstr= 725  mt= 0.0   spt= 0.0   lpval= 94012.7   ub= 94043.0  
-----------------------------------------------------------------------------------------
elapsed time= 210.80 s.
-----------------------------------------------------------------------------------------
columns pending deletion= 13856 remain= 69952 col ratio= 0.801921 row ratio= 0.826207
[1;36m[REMIND] 2: gap improved= 0.258903 ratio= 0.008539 threshold= 0.040000 in function increaseCondition2 at /blue/yu.yang1/you.z/route_opt/packages/application/X-n313-k71/src/main/src/call_cutting.cpp:74[0m
 ****** Separate RCCs ****** 
 ****** Separate Rank1Cuts ****** 
it= 2   ncol= 1583  ncstr= 762  mt= 0.0   spt= 0.0   lpval= 94012.8   ub= 94043.0  
-----------------------------------------------------------------------------------------
elapsed time= 211.33 s.
-----------------------------------------------------------------------------------------
columns pending deletion= 15139 remain= 69952 col ratio= 0.78358 row ratio= 0.799213
[1;36m[REMIND] 2: gap improved= 0.153593 ratio= 0.005091 threshold= 0.040000 in function increaseCondition2 at /blue/yu.yang1/you.z/route_opt/packages/application/X-n313-k71/src/main/src/call_cutting.cpp:74[0m
[1;36m[REMIND] tail off counter= 3 threshold= 3 in function setIfTailOff at /blue/yu.yang1/you.z/route_opt/packages/application/X-n313-k71/src/main/src/call_cutting.cpp:150[0m
current_r_best= 1.43076
alpha= 0.37 beta= 12.9491 omega= 47.5844 k1= 14
lb_k= 1 ub_k= 37
revise: lb_k= 10 ub_k= 21
opt_k= 16
alpha= 0.75 beta= 12.9491 omega= 37.3515 k1= 3
lb_k= 1 ub_k= 3
revise: lb_k= 1 ub_k= 3
opt_k= 3
pseudo= 50 frac= 50
#candidates in phase1= 16
testing lp time= 9.19 s.
-----------------------------------------------------------------------------------------
132-269 ,  28.54|  13-65  ,  15.21|   0-275 ,  14.40|  59-76  ,  10.44|  12-76  ,   9.56| 
 12-134 ,   9.56|   0-134 ,   9.56| 155-257 ,   9.26| 195-274 ,   3.83|  90-182 ,   3.65| 
  4-79  ,   2.59|   0-245 ,   2.32| 245-274 ,   1.51| 251-256 ,   0.62| 278-289 ,   0.25| 
136-238 ,   0.15| 
-----------------------------------------------------------------------------------------
edge= 0 275 lp= 23.9197 pre= 2 lp2= 0.601882 pre2= 2 score= 14.3968
-----------------------------------------------------------------------------------------
edge= 13 65 lp= 6.26204 pre= 2 lp2= 2.42819 pre2= 2 score= 15.2054
-----------------------------------------------------------------------------------------
edge= 132 269 lp= 0.546269 pre= 2 lp2= 52.252 pre2= 2 score= 28.5437
-----------------------------------------------------------------------------------------
candidate= 132-269 : -
-----------------------------------------------------------------------------------------
it= 4   ncol= 1599  ncstr= 763  mt= 0.5   spt= 0.0   lpval= 94013.4   ub= 94043.0  
-----------------------------------------------------------------------------------------
elapsed time= 221.03 s.
-----------------------------------------------------------------------------------------
candidate= 132-269 : +
-----------------------------------------------------------------------------------------
it= 5   ncol= 1684  ncstr= 763  mt= 0.6   spt= 0.0   lpval= 94048.7   ub= 94043.0  
-----------------------------------------------------------------------------------------
elapsed time= 221.66 s.
-----------------------------------------------------------------------------------------
brc= 132-269
t= 0.233542 c= 9.27423 n= 5 if_b4= 0
t= 0.472989 c= 15.2604 n= 5 if_b4= 0
#########################################################################################
tree size= 2 lb= 94010.9 ub= 94043
#########################################################################################
idx= 12 value= 94010.9 enu= 1
brc= 50-103 : -
brc= 76-103 : -
brc= 49-105 : -
brc= 70-133 : -
brc= 74-217 : -
brc= 233-246 : -
brc= 164-175 : +
brc= 167-232 : +
brc= 223-246 : -
brc= 3-269 : +
brc= 117-174 : -
brc= 0-44 : -
brc= 100-275 : -
brc= 131-281 : -
brc= 53-274 : -
brc= 57-64 : +
brc= 6-137 : +
brc= 0-207 : +
brc= 95-312 : -
brc= 125-224 : -
brc= 224-287 : +
brc= 53-54 : -
brc= 53-239 : -
brc= 53-290 : -
brc= 243-267 : +
brc= 139-230 : -
brc= 24-257 : -
brc= 72-295 : +
brc= 145-281 : -
brc= 107-108 : +
brc= 132-230 : -
brc= 107-267 : -
brc= 22-239 : +
brc= 107-243 : -
brc= 29-201 : -
brc= 108-267 : -
brc= 44-133 : +
brc= 40-146 : +
brc= 29-131 : -
it= 5   ncol= 1670  ncstr= 594  mt= 0.1   spt= 0.0   lpval= 94023.0   ub= 94043.0  
-----------------------------------------------------------------------------------------
elapsed time= 223.26 s.
-----------------------------------------------------------------------------------------
delete columns= 57347 remain= 12802
 ****** Separate RCCs ****** 
 ****** Separate Rank1Cuts ****** 
it= 3   ncol= 1550  ncstr= 581  mt= 0.0   spt= 0.0   lpval= 94025.6   ub= 94043.0  
-----------------------------------------------------------------------------------------
elapsed time= 223.71 s.
-----------------------------------------------------------------------------------------
columns pending deletion= 4475 remain= 12802 col ratio= 0.650445 row ratio= 0.939759
mip: row= 546 col= 9842 density= 4.06392%
mip time= 11.14 s.
mip status= 6
update f from 11.64 to 17.4384
#########################################################################################
tree size= 1 lb= 94012.8 ub= 94043
#########################################################################################
idx= 13 value= 94012.8 enu= 1
brc= 50-103 : -
brc= 76-103 : -
brc= 49-105 : -
brc= 70-133 : -
brc= 74-217 : -
brc= 233-246 : -
brc= 164-175 : +
brc= 167-232 : +
brc= 223-246 : -
brc= 3-269 : +
brc= 117-174 : -
brc= 0-44 : -
brc= 100-275 : -
brc= 131-281 : -
brc= 53-274 : -
brc= 57-64 : +
brc= 6-137 : +
brc= 0-207 : +
brc= 95-312 : -
brc= 125-224 : -
brc= 224-287 : +
brc= 53-54 : -
brc= 53-239 : -
brc= 53-290 : -
brc= 243-267 : +
brc= 139-230 : -
brc= 24-257 : -
brc= 72-295 : +
brc= 145-281 : -
brc= 107-108 : +
brc= 132-230 : -
brc= 107-267 : -
brc= 22-239 : +
brc= 107-243 : -
brc= 29-201 : -
brc= 108-267 : -
brc= 44-133 : +
brc= 40-146 : +
brc= 29-131 : +
brc= 132-269 : +
it= 5   ncol= 1676  ncstr= 762  mt= 0.6   spt= 0.0   lpval= 94048.7   ub= 94043.0  
-----------------------------------------------------------------------------------------
elapsed time= 235.54 s.
-----------------------------------------------------------------------------------------
#########################################################################################
tree size= 0 lb= 94012.8 ub= 94043
#########################################################################################
idx= 14 value= 94012.8 enu= 1
brc= 50-103 : -
brc= 76-103 : -
brc= 49-105 : -
brc= 70-133 : -
brc= 74-217 : -
brc= 233-246 : -
brc= 164-175 : +
brc= 167-232 : +
brc= 223-246 : -
brc= 3-269 : +
brc= 117-174 : -
brc= 0-44 : -
brc= 100-275 : -
brc= 131-281 : -
brc= 53-274 : -
brc= 57-64 : +
brc= 6-137 : +
brc= 0-207 : +
brc= 95-312 : -
brc= 125-224 : -
brc= 224-287 : +
brc= 53-54 : -
brc= 53-239 : -
brc= 53-290 : -
brc= 243-267 : +
brc= 139-230 : -
brc= 24-257 : -
brc= 72-295 : +
brc= 145-281 : -
brc= 107-108 : +
brc= 132-230 : -
brc= 107-267 : -
brc= 22-239 : +
brc= 107-243 : -
brc= 29-201 : -
brc= 108-267 : -
brc= 44-133 : +
brc= 40-146 : +
brc= 29-131 : +
brc= 132-269 : -
it= 3   ncol= 1606  ncstr= 762  mt= 0.1   spt= 0.0   lpval= 94013.4   ub= 94043.0  
-----------------------------------------------------------------------------------------
elapsed time= 235.65 s.
-----------------------------------------------------------------------------------------
columns pending deletion= 1434 remain= 54812 col ratio= 0.973838 row ratio= 0.792651
 ****** Separate RCCs ****** 
 ****** Separate Rank1Cuts ****** 
it= 3   ncol= 1598  ncstr= 824  mt= 0.0   spt= 0.0   lpval= 94013.6   ub= 94043.0  
-----------------------------------------------------------------------------------------
elapsed time= 236.19 s.
-----------------------------------------------------------------------------------------
columns pending deletion= 3604 remain= 54812 col ratio= 0.934248 row ratio= 0.737864
[1;36m[REMIND] 2: gap improved= 0.255832 ratio= 0.008704 threshold= 0.040000 in function increaseCondition2 at /blue/yu.yang1/you.z/route_opt/packages/application/X-n313-k71/src/main/src/call_cutting.cpp:74[0m
 ****** Separate RCCs ****** 
 ****** Separate Rank1Cuts ****** 
it= 2   ncol= 1606  ncstr= 857  mt= 0.0   spt= 0.0   lpval= 94013.8   ub= 94043.0  
-----------------------------------------------------------------------------------------
elapsed time= 236.68 s.
-----------------------------------------------------------------------------------------
columns pending deletion= 5810 remain= 54812 col ratio= 0.894001 row ratio= 0.725788
[1;36m[REMIND] 2: gap improved= 0.167850 ratio= 0.005743 threshold= 0.040000 in function increaseCondition2 at /blue/yu.yang1/you.z/route_opt/packages/application/X-n313-k71/src/main/src/call_cutting.cpp:74[0m
 ****** Separate Rank1Cuts ****** 
it= 2   ncol= 1608  ncstr= 874  mt= 0.0   spt= 0.0   lpval= 94013.8   ub= 94043.0  
-----------------------------------------------------------------------------------------
elapsed time= 237.14 s.
-----------------------------------------------------------------------------------------
columns pending deletion= 7118 remain= 54812 col ratio= 0.870138 row ratio= 0.720824
current_r_best= 0.718586
pseudo= 50 frac= 50
#candidates in phase1= 37
testing lp time= 30.93 s.
-----------------------------------------------------------------------------------------
 24-280 ,  50.59| 248-266 ,  20.56|   0-65  ,  14.55|  13-65  ,  14.55|   0-275 ,  14.14| 
  0-98  ,  10.24|  59-68  ,   9.86|  59-76  ,   9.86|  12-76  ,   9.14|   0-134 ,   9.14| 
 12-134 ,   9.14|   3-4   ,   8.73|  79-269 ,   8.08|   2-79  ,   7.85| 181-233 ,   7.46| 
  0-50  ,   6.84| 138-213 ,   6.59|  94-135 ,   6.52| 187-246 ,   5.12|   0-1   ,   4.85| 
 61-268 ,   4.79| 265-298 ,   4.79| 102-142 ,   3.71|  36-152 ,   3.70|  48-152 ,   3.54| 
  2-51  ,   3.50|  51-87  ,   3.34|  32-182 ,   3.07|   0-218 ,   2.51|  71-109 ,   1.97| 
187-225 ,   1.55| 155-230 ,   1.29| 138-203 ,   1.17|  32-153 ,   1.03| 179-259 ,   0.78| 
 61-265 ,   0.27| 191-274 ,   0.00| 
-----------------------------------------------------------------------------------------
edge= 0 65 lp= 2.3044 pre= 2 lp2= 6.31294 pre2= 2 score= 14.5476
-----------------------------------------------------------------------------------------
edge= 248 266 lp= 2.68723 pre= 2 lp2= 7.64922 pre2= 2 score= 20.5552
-----------------------------------------------------------------------------------------
edge= 24 280 lp= 0.454344 pre= 2 lp2= 111.342 pre2= 2 score= 50.5878
-----------------------------------------------------------------------------------------
candidate= 24-280 : -
-----------------------------------------------------------------------------------------
it= 2   ncol= 1625  ncstr= 875  mt= 0.7   spt= 0.0   lpval= 94014.3   ub= 94043.0  
-----------------------------------------------------------------------------------------
elapsed time= 268.75 s.
-----------------------------------------------------------------------------------------
candidate= 24-280 : +
-----------------------------------------------------------------------------------------
it= 5   ncol= 1721  ncstr= 875  mt= 0.9   spt= 0.0   lpval= 94043.4   ub= 94043.0  
-----------------------------------------------------------------------------------------
elapsed time= 269.64 s.
-----------------------------------------------------------------------------------------
candidate= 248-266 : -
-----------------------------------------------------------------------------------------
it= 5   ncol= 1656  ncstr= 875  mt= 0.7   spt= 0.0   lpval= 94016.2   ub= 94043.0  
-----------------------------------------------------------------------------------------
elapsed time= 270.42 s.
-----------------------------------------------------------------------------------------
candidate= 248-266 : +
-----------------------------------------------------------------------------------------
it= 4   ncol= 1661  ncstr= 875  mt= 0.6   spt= 0.0   lpval= 94021.2   ub= 94043.0  
-----------------------------------------------------------------------------------------
elapsed time= 271.02 s.
-----------------------------------------------------------------------------------------
brc= 248-266
t= 0.259885 c= 8.38866 n= 6 if_b4= 0
t= 0.510638 c= 15.5183 n= 6 if_b4= 0
#########################################################################################
tree size= 1 lb= 94013.8 ub= 94043
#########################################################################################
idx= 15 value= 94013.8 enu= 1
brc= 50-103 : -
brc= 76-103 : -
brc= 49-105 : -
brc= 70-133 : -
brc= 74-217 : -
brc= 233-246 : -
brc= 164-175 : +
brc= 167-232 : +
brc= 223-246 : -
brc= 3-269 : +
brc= 117-174 : -
brc= 0-44 : -
brc= 100-275 : -
brc= 131-281 : -
brc= 53-274 : -
brc= 57-64 : +
brc= 6-137 : +
brc= 0-207 : +
brc= 95-312 : -
brc= 125-224 : -
brc= 224-287 : +
brc= 53-54 : -
brc= 53-239 : -
brc= 53-290 : -
brc= 243-267 : +
brc= 139-230 : -
brc= 24-257 : -
brc= 72-295 : +
brc= 145-281 : -
brc= 107-108 : +
brc= 132-230 : -
brc= 107-267 : -
brc= 22-239 : +
brc= 107-243 : -
brc= 29-201 : -
brc= 108-267 : -
brc= 44-133 : +
brc= 40-146 : +
brc= 29-131 : +
brc= 132-269 : -
brc= 248-266 : +
it= 4   ncol= 1656  ncstr= 874  mt= 0.6   spt= 0.0   lpval= 94021.2   ub= 94043.0  
-----------------------------------------------------------------------------------------
elapsed time= 273.42 s.
-----------------------------------------------------------------------------------------
delete columns= 30311 remain= 17313
 ****** Separate RCCs ****** 
 ****** Separate Rank1Cuts ****** 
it= 3   ncol= 1630  ncstr= 623  mt= 0.0   spt= 0.0   lpval= 94022.5   ub= 94043.0  
-----------------------------------------------------------------------------------------
elapsed time= 274.02 s.
-----------------------------------------------------------------------------------------
columns pending deletion= 4331 remain= 17313 col ratio= 0.749841 row ratio= 0.926164
mip: row= 577 col= 14591 density= 4.53157%
mip time= 14.50 s.
mip status= 6
update f from 17.4384 to 20.543
#########################################################################################
tree size= 0 lb= 94013.8 ub= 94043
#########################################################################################
idx= 16 value= 94013.8 enu= 1
brc= 50-103 : -
brc= 76-103 : -
brc= 49-105 : -
brc= 70-133 : -
brc= 74-217 : -
brc= 233-246 : -
brc= 164-175 : +
brc= 167-232 : +
brc= 223-246 : -
brc= 3-269 : +
brc= 117-174 : -
brc= 0-44 : -
brc= 100-275 : -
brc= 131-281 : -
brc= 53-274 : -
brc= 57-64 : +
brc= 6-137 : +
brc= 0-207 : +
brc= 95-312 : -
brc= 125-224 : -
brc= 224-287 : +
brc= 53-54 : -
brc= 53-239 : -
brc= 53-290 : -
brc= 243-267 : +
brc= 139-230 : -
brc= 24-257 : -
brc= 72-295 : +
brc= 145-281 : -
brc= 107-108 : +
brc= 132-230 : -
brc= 107-267 : -
brc= 22-239 : +
brc= 107-243 : -
brc= 29-201 : -
brc= 108-267 : -
brc= 44-133 : +
brc= 40-146 : +
brc= 29-131 : +
brc= 132-269 : -
brc= 248-266 : -
it= 4   ncol= 1661  ncstr= 874  mt= 0.1   spt= 0.0   lpval= 94016.2   ub= 94043.0  
-----------------------------------------------------------------------------------------
elapsed time= 288.78 s.
-----------------------------------------------------------------------------------------
delete columns= 9381 remain= 38306
 ****** Separate RCCs ****** 
 ****** Separate Rank1Cuts ****** 
it= 2   ncol= 1636  ncstr= 628  mt= 0.0   spt= 0.0   lpval= 94016.7   ub= 94043.0  
-----------------------------------------------------------------------------------------
elapsed time= 289.27 s.
-----------------------------------------------------------------------------------------
columns pending deletion= 3688 remain= 38306 col ratio= 0.903723 row ratio= 0.957006
[1;36m[REMIND] 2: gap improved= 0.514715 ratio= 0.019578 threshold= 0.040000 in function increaseCondition2 at /blue/yu.yang1/you.z/route_opt/packages/application/X-n313-k71/src/main/src/call_cutting.cpp:74[0m
 ****** Separate Rank1Cuts ****** 
it= 3   ncol= 1639  ncstr= 672  mt= 0.0   spt= 0.0   lpval= 94016.9   ub= 94043.0  
-----------------------------------------------------------------------------------------
elapsed time= 289.86 s.
-----------------------------------------------------------------------------------------
columns pending deletion= 4821 remain= 38306 col ratio= 0.874145 row ratio= 0.91369
[1;36m[REMIND] 2: gap improved= 0.166707 ratio= 0.006381 threshold= 0.040000 in function increaseCondition2 at /blue/yu.yang1/you.z/route_opt/packages/application/X-n313-k71/src/main/src/call_cutting.cpp:74[0m
 ****** Separate RCCs ****** 
 ****** Separate Rank1Cuts ****** 
it= 3   ncol= 1643  ncstr= 773  mt= 0.0   spt= 0.0   lpval= 94016.9   ub= 94043.0  
-----------------------------------------------------------------------------------------
elapsed time= 290.47 s.
-----------------------------------------------------------------------------------------
columns pending deletion= 5396 remain= 38306 col ratio= 0.859134 row ratio= 0.811125
current_r_best= 2.28333
alpha= 0.37 beta= 2.41196 omega= 32.2783 k1= 4
lb_k= 1 ub_k= 37
revise: lb_k= 3 ub_k= 6
opt_k= 5
alpha= 0.75 beta= 2.41196 omega= 30.3901 k1= 3
lb_k= 1 ub_k= 3
revise: lb_k= 2 ub_k= 3
opt_k= 3
pseudo= 50 frac= 50
#candidates in phase1= 5
testing lp time= 3.34 s.
-----------------------------------------------------------------------------------------
 13-65  ,  16.39|  59-76  ,   9.08| 164-260 ,   0.92|  25-175 ,   0.92|   0-153 ,   0.43| 
-----------------------------------------------------------------------------------------
edge= 164 260 lp= 0.134011 pre= 2 lp2= 6.8705 pre2= 1 score= 0.920722
-----------------------------------------------------------------------------------------
edge= 59 76 lp= 6.86583 pre= 1 lp2= 1.32208 pre2= 0 score= 9.07715
-----------------------------------------------------------------------------------------
edge= 13 65 lp= 6.8705 pre= 0 lp2= 2.38575 pre2= 1 score= 16.3913
-----------------------------------------------------------------------------------------
brc= 13-65
t= 0.269193 c= 7.57677 n= 7 if_b4= 0
t= 0.510638 c= 14.0242 n= 7 if_b4= 0
#########################################################################################
tree size= 1 lb= 94016.9 ub= 94043
#########################################################################################
idx= 17 value= 94016.9 enu= 1
brc= 50-103 : -
brc= 76-103 : -
brc= 49-105 : -
brc= 70-133 : -
brc= 74-217 : -
brc= 233-246 : -
brc= 164-175 : +
brc= 167-232 : +
brc= 223-246 : -
brc= 3-269 : +
brc= 117-174 : -
brc= 0-44 : -
brc= 100-275 : -
brc= 131-281 : -
brc= 53-274 : -
brc= 57-64 : +
brc= 6-137 : +
brc= 0-207 : +
brc= 95-312 : -
brc= 125-224 : -
brc= 224-287 : +
brc= 53-54 : -
brc= 53-239 : -
brc= 53-290 : -
brc= 243-267 : +
brc= 139-230 : -
brc= 24-257 : -
brc= 72-295 : +
brc= 145-281 : -
brc= 107-108 : +
brc= 132-230 : -
brc= 107-267 : -
brc= 22-239 : +
brc= 107-243 : -
brc= 29-201 : -
brc= 108-267 : -
brc= 44-133 : +
brc= 40-146 : +
brc= 29-131 : +
brc= 132-269 : -
brc= 248-266 : -
brc= 13-65 : +
it= 5   ncol= 1681  ncstr= 773  mt= 0.6   spt= 0.0   lpval= 94019.0   ub= 94043.0  
-----------------------------------------------------------------------------------------
elapsed time= 295.89 s.
-----------------------------------------------------------------------------------------
delete columns= 10415 remain= 22468
 ****** Separate RCCs ****** 
 ****** Separate Rank1Cuts ****** 
it= 4   ncol= 1665  ncstr= 657  mt= 0.0   spt= 0.0   lpval= 94020.4   ub= 94043.0  
-----------------------------------------------------------------------------------------
elapsed time= 296.97 s.
-----------------------------------------------------------------------------------------
columns pending deletion= 4966 remain= 22468 col ratio= 0.778975 row ratio= 0.881279
mip: row= 579 col= 19153 density= 4.84863%
mip time= 30.02 s.
mip status= 6
update f from 20.543 to 22.5645
#########################################################################################
tree size= 0 lb= 94016.9 ub= 94043
#########################################################################################
idx= 18 value= 94016.9 enu= 1
brc= 50-103 : -
brc= 76-103 : -
brc= 49-105 : -
brc= 70-133 : -
brc= 74-217 : -
brc= 233-246 : -
brc= 164-175 : +
brc= 167-232 : +
brc= 223-246 : -
brc= 3-269 : +
brc= 117-174 : -
brc= 0-44 : -
brc= 100-275 : -
brc= 131-281 : -
brc= 53-274 : -
brc= 57-64 : +
brc= 6-137 : +
brc= 0-207 : +
brc= 95-312 : -
brc= 125-224 : -
brc= 224-287 : +
brc= 53-54 : -
brc= 53-239 : -
brc= 53-290 : -
brc= 243-267 : +
brc= 139-230 : -
brc= 24-257 : -
brc= 72-295 : +
brc= 145-281 : -
brc= 107-108 : +
brc= 132-230 : -
brc= 107-267 : -
brc= 22-239 : +
brc= 107-243 : -
brc= 29-201 : -
brc= 108-267 : -
brc= 44-133 : +
brc= 40-146 : +
brc= 29-131 : +
brc= 132-269 : -
brc= 248-266 : -
brc= 13-65 : -
it= 6   ncol= 1771  ncstr= 773  mt= 0.3   spt= 0.0   lpval= 94022.2   ub= 94043.0  
-----------------------------------------------------------------------------------------
elapsed time= 327.80 s.
-----------------------------------------------------------------------------------------
delete columns= 18308 remain= 14592
 ****** Separate RCCs ****** 
 ****** Separate Rank1Cuts ****** 
it= 3   ncol= 1638  ncstr= 603  mt= 0.0   spt= 0.0   lpval= 94023.3   ub= 94043.0  
-----------------------------------------------------------------------------------------
elapsed time= 328.30 s.
-----------------------------------------------------------------------------------------
columns pending deletion= 2932 remain= 14592 col ratio= 0.799068 row ratio= 0.92869
mip: row= 560 col= 13270 density= 4.10347%
mip time= 35.47 s.
mip status= 6
#########################################################################################
[32m<Instance: X-n313-k71>
<Solution>
<UB= 94043>
<LB= 94043>
<Elapsed Time= 363.8>
<Nodes Explored= 18>
<Global Gap= 0%>[0m
#########################################################################################
File nodes/X-n313-k71_6_0_1_5_0_0_2_3_2_1_2_G32.node deleted successfully.
