application type: CVRP
X-n313-k71_7_1_2_4_0_5_5_1_G32.node
Set parameter ServerTimeout to value 600
Set parameter TokenServer to value "grb-ts.ufhpc"
Set parameter Threads to value 1
instance name= X-n313-k71
#########################################################################################
tree size= 0 lb= 0 ub= 94044
#########################################################################################
idx= 3 value= 93991.6 enu= 0
brc= 50-103 : -
brc= 76-103 : -
brc= 49-105 : -
brc= 70-133 : -
brc= 74-217 : -
brc= 233-246 : -
brc= 164-175 : -
brc= 221-228 : +
brc= 54-290 : -
brc= 167-232 : +
brc= 223-246 : -
brc= 218-302 : -
brc= 19-115 : +
brc= 9-126 : -
brc= 207-230 : -
brc= 261-305 : -
brc= 164-249 : -
brc= 0-74 : +
brc= 164-295 : +
brc= 117-174 : -
brc= 56-141 : -
brc= 228-281 : -
brc= 128-150 : -
brc= 106-115 : -
brc= 81-183 : +
brc= 303-311 : -
brc= 234-312 : -
brc= 25-270 : -
brc= 90-270 : -
brc= 33-93 : -
brc= 0-270 : +
brc= 53-54 : -
brc= 2-230 : +
-----------------------------------------------------------------------------------------
 ****** Pricing Level: LIGHT HEUR ****** 
it= 8   ncol= 1200  ncstr= 616  mt= 0.4   spt= 0.2   lpval= 94022.0   ub= 94043.0  
 ****** Pricing Level: HEAVY HEUR ****** 
it= 4   ncol= 1257  ncstr= 616  mt= 0.1   spt= 0.3   lpval= 94018.0   ub= 94043.0  
 ****** Pricing Level: EXACT ****** 
it= 4   ncol= 1337  ncstr= 616  mt= 0.1   spt= 4.0   lpval= 94018.0   ub= 94043.0  
-----------------------------------------------------------------------------------------
elapsed time= 8.47 s.
-----------------------------------------------------------------------------------------
-----------------------------------------------------------------------------------------
 ****** Run Arc Elimination ****** 
arc elimination time= 1.13 s.
previous= 47.0916% maximum= 1.44568%
eliminate bucket arcs time= 0.37 s.
obtain jump arcs time= 0.01 s.
-----------------------------------------------------------------------------------------
-----------------------------------------------------------------------------------------
elapsed time= 10.32 s.
-----------------------------------------------------------------------------------------
-----------------------------------------------------------------------------------------
 ****** Try Enumeration ****** 
#labels= 46411 #routes= 4
labeling 1 time= 0.31 s.
concatenate time= 0.23 s.
#routes= 28558
average gap of successful enumeration= 0.000255463
next try value > 93986.2
-----------------------------------------------------------------------------------------
elapsed time= 10.93 s.
-----------------------------------------------------------------------------------------
 ****** Process Enumeration Matrix ****** 
delete non-ele routes lp val= 94018.6
recover rank1c lp val= 94018.6
recover rcc lp val= 94018.9
obtain rcc coefficient time= 0.01 s.
obtain r1c coefficient time= 0.05 s.
obtain matrix from triplets time= 0.03 s.
delete columns by branch time= 0.00 s.
columns pending deletion= 123 remain= 28558 col ratio= 0.995693 row ratio= 1
regenerate enumeration matrix time= 0.00 s.
-----------------------------------------------------------------------------------------
elapsed time= 12.44 s.
-----------------------------------------------------------------------------------------
it= 4   ncol= 1166  ncstr= 571  mt= 0.0   spt= 0.0   lpval= 94018.9   ub= 94043.0  
-----------------------------------------------------------------------------------------
elapsed time= 12.48 s.
-----------------------------------------------------------------------------------------
columns pending deletion= 7924 remain= 28558 col ratio= 0.72253 row ratio= 0.900175
 ****** Separate RCCs ****** 
 ****** Separate Rank1Cuts ****** 
it= 3   ncol= 1137  ncstr= 611  mt= 0.0   spt= 0.0   lpval= 94020.4   ub= 94043.0  
-----------------------------------------------------------------------------------------
elapsed time= 12.95 s.
-----------------------------------------------------------------------------------------
delete columns= 11156 remain= 17402
mip: row= 539 col= 18532 density= 4.19697%
mip time= 8.20 s.
mip status= 6
update f from 0 to 22.648
#########################################################################################
[32m<Instance: X-n313-k71>
<Solution>
<UB= 94043>
<LB= 94043>
<Elapsed Time= 21.2>
<Nodes Explored= 1>
<Global Gap= 0%>[0m
#########################################################################################
File nodes/X-n313-k71_7_1_2_4_0_5_5_1_G32.node deleted successfully.
