application type: CVRP
X-n313-k71_5_0_6_1_1_2_1_2_1_3_2_0_0_2_G32.node
Set parameter ServerTimeout to value 600
Set parameter TokenServer to value "grb-ts.ufhpc"
Set parameter Threads to value 1
instance name= X-n313-k71
#########################################################################################
tree size= 0 lb= 0 ub= 94044
#########################################################################################
idx= 5 value= 93997.8 enu= 0
brc= 50-103 : -
brc= 76-103 : -
brc= 49-105 : -
brc= 70-133 : -
brc= 74-217 : -
brc= 233-246 : +
brc= 164-175 : +
brc= 0-27 : -
brc= 3-269 : -
brc= 24-250 : -
brc= 18-301 : -
brc= 74-260 : -
brc= 79-269 : -
brc= 270-279 : +
brc= 59-68 : -
brc= 243-267 : +
brc= 18-224 : -
brc= 126-152 : +
brc= 27-178 : -
brc= 3-150 : -
brc= 125-224 : +
brc= 192-209 : -
brc= 103-109 : +
brc= 85-105 : -
brc= 62-296 : -
brc= 138-187 : +
brc= 95-260 : -
brc= 27-209 : +
brc= 95-312 : -
brc= 141-164 : -
brc= 187-307 : -
brc= 170-188 : +
brc= 178-292 : -
brc= 161-184 : -
brc= 57-64 : +
brc= 62-68 : +
brc= 138-283 : +
brc= 208-226 : -
brc= 2-128 : -
brc= 211-239 : +
-----------------------------------------------------------------------------------------
 ****** Pricing Level: LIGHT HEUR ****** 
it= 8   ncol= 1184  ncstr= 650  mt= 0.1   spt= 0.2   lpval= 94015.8   ub= 94043.0  
 ****** Pricing Level: HEAVY HEUR ****** 
it= 5   ncol= 1246  ncstr= 650  mt= 0.1   spt= 0.3   lpval= 94013.9   ub= 94043.0  
 ****** Pricing Level: EXACT ****** 
it= 4   ncol= 1504  ncstr= 650  mt= 0.1   spt= 4.1   lpval= 94013.4   ub= 94043.0  
-----------------------------------------------------------------------------------------
elapsed time= 8.60 s.
-----------------------------------------------------------------------------------------
-----------------------------------------------------------------------------------------
 ****** Run Arc Elimination ****** 
arc elimination time= 1.63 s.
previous= 64.1733% maximum= 1.67617%
eliminate bucket arcs time= 0.37 s.
obtain jump arcs time= 0.01 s.
-----------------------------------------------------------------------------------------
-----------------------------------------------------------------------------------------
elapsed time= 10.95 s.
-----------------------------------------------------------------------------------------
-----------------------------------------------------------------------------------------
 ****** Try Enumeration ****** 
#labels= 71420 #routes= 7
labeling 1 time= 0.61 s.
concatenate time= 0.60 s.
#routes= 54809
average gap of successful enumeration= 0.000304128
next try value > 93995.5
-----------------------------------------------------------------------------------------
elapsed time= 12.23 s.
-----------------------------------------------------------------------------------------
 ****** Process Enumeration Matrix ****** 
delete non-ele routes lp val= 94020.7
recover rank1c lp val= 94022.5
recover rcc lp val= 94024.1
obtain rcc coefficient time= 0.01 s.
obtain r1c coefficient time= 0.10 s.
obtain matrix from triplets time= 0.07 s.
delete columns by branch time= 0.00 s.
columns pending deletion= 222 remain= 54809 col ratio= 0.99595 row ratio= 1
regenerate enumeration matrix time= 0.00 s.
-----------------------------------------------------------------------------------------
elapsed time= 13.86 s.
-----------------------------------------------------------------------------------------
it= 6   ncol= 1322  ncstr= 600  mt= 0.1   spt= 0.0   lpval= 94022.3   ub= 94043.0  
-----------------------------------------------------------------------------------------
elapsed time= 13.98 s.
-----------------------------------------------------------------------------------------
delete columns= 41535 remain= 13274
 ****** Separate RCCs ****** 
 ****** Separate Rank1Cuts ****** 
it= 4   ncol= 1235  ncstr= 612  mt= 0.1   spt= 0.0   lpval= 94026.7   ub= 94043.0  
-----------------------------------------------------------------------------------------
elapsed time= 14.72 s.
-----------------------------------------------------------------------------------------
delete columns= 7202 remain= 6072
mip: row= 516 col= 7281 density= 3.91065%
mip time= 3.82 s.
mip status= 6
update f from 0 to 16.3477
#########################################################################################
[32m<Instance: X-n313-k71>
<Solution>
<UB= 94043>
<LB= 94043>
<Elapsed Time= 18.8>
<Nodes Explored= 1>
<Global Gap= 0%>[0m
#########################################################################################
File nodes/X-n313-k71_5_0_6_1_1_2_1_2_1_3_2_0_0_2_G32.node deleted successfully.
