application type: CVRP
X-n313-k71_6_0_5_0_0_0_2_2_10_1_0_G32.node
Set parameter ServerTimeout to value 600
Set parameter TokenServer to value "grb-ts.ufhpc"
Set parameter Threads to value 1
instance name= X-n313-k71
#########################################################################################
tree size= 0 lb= 0 ub= 94044
#########################################################################################
idx= 1 value= 93987.5 enu= 0
brc= 50-103 : -
brc= 76-103 : -
brc= 49-105 : -
brc= 70-133 : -
brc= 74-217 : -
brc= 233-246 : -
brc= 164-175 : +
brc= 167-232 : +
brc= 223-246 : -
brc= 3-269 : -
brc= 128-150 : -
brc= 0-57 : -
brc= 141-164 : -
brc= 125-224 : +
brc= 243-267 : +
brc= 162-208 : +
brc= 2-106 : +
brc= 29-218 : -
brc= 43-295 : -
brc= 19-60 : +
brc= 33-228 : -
brc= 207-230 : -
brc= 100-275 : +
brc= 64-82 : -
brc= 164-295 : -
brc= 29-108 : -
brc= 189-226 : -
brc= 24-250 : -
brc= 95-279 : -
brc= 264-297 : -
brc= 74-260 : -
brc= 74-234 : -
brc= 117-174 : -
brc= 17-272 : +
brc= 114-272 : -
brc= 10-215 : +
brc= 264-290 : +
-----------------------------------------------------------------------------------------
 ****** Pricing Level: LIGHT HEUR ****** 
it= 7   ncol= 1476  ncstr= 585  mt= 0.3   spt= 0.2   lpval= 94024.9   ub= 94043.0  
 ****** Pricing Level: HEAVY HEUR ****** 
it= 6   ncol= 1568  ncstr= 585  mt= 0.1   spt= 0.4   lpval= 94021.7   ub= 94043.0  
 ****** Pricing Level: EXACT ****** 
it= 4   ncol= 1630  ncstr= 585  mt= 0.1   spt= 3.3   lpval= 94021.5   ub= 94043.0  
-----------------------------------------------------------------------------------------
elapsed time= 7.67 s.
-----------------------------------------------------------------------------------------
-----------------------------------------------------------------------------------------
 ****** Run Arc Elimination ****** 
arc elimination time= 0.58 s.
previous= 36.5102% maximum= 1.18882%
eliminate bucket arcs time= 0.32 s.
obtain jump arcs time= 0.01 s.
-----------------------------------------------------------------------------------------
-----------------------------------------------------------------------------------------
elapsed time= 8.90 s.
-----------------------------------------------------------------------------------------
-----------------------------------------------------------------------------------------
 ****** Try Enumeration ****** 
#labels= 33560 #routes= 3
labeling 1 time= 0.19 s.
concatenate time= 0.12 s.
#routes= 13467
average gap of successful enumeration= 0.000218502
next try value > 93984.8
-----------------------------------------------------------------------------------------
elapsed time= 9.27 s.
-----------------------------------------------------------------------------------------
 ****** Process Enumeration Matrix ****** 
delete non-ele routes lp val= 94025
recover rank1c lp val= 94025
recover rcc lp val= 94025
obtain rcc coefficient time= 0.00 s.
obtain r1c coefficient time= 0.01 s.
obtain matrix from triplets time= 0.01 s.
delete columns by branch time= 0.00 s.
columns pending deletion= 232 remain= 13467 col ratio= 0.982773 row ratio= 1
regenerate enumeration matrix time= 0.00 s.
-----------------------------------------------------------------------------------------
elapsed time= 10.32 s.
-----------------------------------------------------------------------------------------
it= 3   ncol= 1301  ncstr= 535  mt= 0.0   spt= 0.0   lpval= 94024.8   ub= 94043.0  
-----------------------------------------------------------------------------------------
elapsed time= 10.35 s.
-----------------------------------------------------------------------------------------
delete columns= 6215 remain= 7252
 ****** Separate RCCs ****** 
 ****** Separate Rank1Cuts ****** 
it= 4   ncol= 1291  ncstr= 527  mt= 0.1   spt= 0.0   lpval= 94032.1   ub= 94043.0  
-----------------------------------------------------------------------------------------
elapsed time= 11.01 s.
-----------------------------------------------------------------------------------------
delete columns= 5127 remain= 2125
mip: row= 480 col= 3248 density= 3.07099%
mip time= 0.57 s.
mip status= 6
update f from 0 to 10.9197
#########################################################################################
[32m<Instance: X-n313-k71>
<Solution>
<UB= 94043>
<LB= 94043>
<Elapsed Time= 11.8>
<Nodes Explored= 1>
<Global Gap= 0%>[0m
#########################################################################################
File nodes/X-n313-k71_6_0_5_0_0_0_2_2_10_1_0_G32.node deleted successfully.
