application type: CVRP
X-n313-k71_6_0_2_1_0_3_1_6_0_2_1_0_0_G32.node
Set parameter ServerTimeout to value 600
Set parameter TokenServer to value "grb-ts.ufhpc"
Set parameter Threads to value 1
instance name= X-n313-k71
#########################################################################################
tree size= 0 lb= 0 ub= 94044
#########################################################################################
idx= 1 value= 94004.1 enu= 0
brc= 50-103 : -
brc= 76-103 : -
brc= 49-105 : -
brc= 70-133 : -
brc= 74-217 : -
brc= 233-246 : -
brc= 164-175 : +
brc= 167-232 : +
brc= 223-246 : -
brc= 3-269 : -
brc= 128-150 : +
brc= 24-250 : -
brc= 70-121 : +
brc= 19-60 : +
brc= 130-302 : -
brc= 261-305 : -
brc= 51-302 : -
brc= 95-281 : +
brc= 114-267 : -
brc= 75-303 : +
brc= 74-260 : -
brc= 53-274 : -
brc= 141-295 : -
brc= 3-4 : -
brc= 88-182 : -
brc= 164-295 : -
brc= 125-224 : +
brc= 24-257 : +
brc= 155-204 : -
brc= 6-237 : -
brc= 83-91 : +
brc= 7-127 : -
brc= 0-74 : +
brc= 0-204 : +
brc= 107-125 : +
-----------------------------------------------------------------------------------------
 ****** Pricing Level: LIGHT HEUR ****** 
it= 9   ncol= 1259  ncstr= 640  mt= 0.3   spt= 0.2   lpval= 94036.9   ub= 94043.0  
 ****** Pricing Level: HEAVY HEUR ****** 
it= 8   ncol= 1409  ncstr= 640  mt= 0.1   spt= 0.4   lpval= 94027.9   ub= 94043.0  
 ****** Pricing Level: EXACT ****** 
it= 5   ncol= 1647  ncstr= 640  mt= 0.1   spt= 6.0   lpval= 94026.8   ub= 94043.0  
-----------------------------------------------------------------------------------------
elapsed time= 11.07 s.
-----------------------------------------------------------------------------------------
-----------------------------------------------------------------------------------------
 ****** Run Arc Elimination ****** 
arc elimination time= 0.78 s.
previous= 43.6815% maximum= 0.959239%
eliminate bucket arcs time= 0.32 s.
obtain jump arcs time= 0.01 s.
-----------------------------------------------------------------------------------------
-----------------------------------------------------------------------------------------
elapsed time= 12.52 s.
-----------------------------------------------------------------------------------------
-----------------------------------------------------------------------------------------
 ****** Try Enumeration ****** 
#labels= 18326 #routes= 3
labeling 1 time= 0.10 s.
concatenate time= 0.05 s.
#routes= 8427
average gap of successful enumeration= 0.000161114
next try value > 93995.5
-----------------------------------------------------------------------------------------
elapsed time= 12.73 s.
-----------------------------------------------------------------------------------------
 ****** Process Enumeration Matrix ****** 
delete non-ele routes lp val= 94027.2
recover rank1c lp val= 94027.3
recover rcc lp val= 94028.4
obtain rcc coefficient time= 0.00 s.
obtain r1c coefficient time= 0.01 s.
obtain matrix from triplets time= 0.01 s.
delete columns by branch time= 0.00 s.
columns pending deletion= 41 remain= 8427 col ratio= 0.995135 row ratio= 1
regenerate enumeration matrix time= 0.00 s.
-----------------------------------------------------------------------------------------
elapsed time= 14.44 s.
-----------------------------------------------------------------------------------------
it= 3   ncol= 1349  ncstr= 597  mt= 0.0   spt= 0.0   lpval= 94028.3   ub= 94043.0  
-----------------------------------------------------------------------------------------
elapsed time= 14.48 s.
-----------------------------------------------------------------------------------------
columns pending deletion= 2668 remain= 8427 col ratio= 0.683399 row ratio= 0.906198
 ****** Separate RCCs ****** 
 ****** Separate Rank1Cuts ****** 
it= 3   ncol= 1206  ncstr= 654  mt= 0.1   spt= 0.0   lpval= 94032.0   ub= 94043.0  
-----------------------------------------------------------------------------------------
elapsed time= 15.18 s.
-----------------------------------------------------------------------------------------
delete columns= 5556 remain= 2871
mip: row= 555 col= 3981 density= 3.90694%
mip time= 1.11 s.
mip status= 6
update f from 0 to 10.9688
#########################################################################################
[32m<Instance: X-n313-k71>
<Solution>
<UB= 94043>
<LB= 94043>
<Elapsed Time= 16.3>
<Nodes Explored= 1>
<Global Gap= 0%>[0m
#########################################################################################
File nodes/X-n313-k71_6_0_2_1_0_3_1_6_0_2_1_0_0_G32.node deleted successfully.
