application type: CVRP
X-n313-k71_6_0_0_1_5_1_2_1_1_3_2_2_3_1_3_G32.node
Set parameter ServerTimeout to value 600
Set parameter TokenServer to value "grb-ts.ufhpc"
Set parameter Threads to value 1
instance name= X-n313-k71
#########################################################################################
tree size= 0 lb= 0 ub= 94044
#########################################################################################
idx= 7 value= 93999.2 enu= 0
brc= 50-103 : -
brc= 76-103 : -
brc= 49-105 : -
brc= 70-133 : -
brc= 74-217 : -
brc= 233-246 : -
brc= 164-175 : +
brc= 167-232 : +
brc= 223-246 : +
brc= 13-104 : -
brc= 3-269 : +
brc= 3-137 : -
brc= 117-174 : -
brc= 9-51 : -
brc= 131-281 : -
brc= 95-281 : -
brc= 0-218 : +
brc= 33-93 : -
brc= 147-174 : +
brc= 0-27 : -
brc= 246-263 : -
brc= 223-233 : +
brc= 59-292 : -
brc= 0-292 : +
brc= 128-150 : -
brc= 0-201 : +
brc= 128-202 : -
brc= 27-182 : -
brc= 12-68 : -
brc= 82-128 : +
brc= 270-281 : -
brc= 86-118 : -
brc= 0-207 : +
brc= 106-237 : -
brc= 95-270 : -
brc= 92-197 : +
brc= 208-226 : -
brc= 174-237 : -
brc= 162-189 : -
brc= 0-178 : +
brc= 23-59 : -
brc= 75-303 : +
brc= 3-150 : -
brc= 23-88 : -
brc= 90-117 : -
brc= 74-260 : +
-----------------------------------------------------------------------------------------
 ****** Pricing Level: LIGHT HEUR ****** 
it= 13  ncol= 1216  ncstr= 655  mt= 0.5   spt= 0.3   lpval= 94036.6   ub= 94043.0  
 ****** Pricing Level: HEAVY HEUR ****** 
it= 7   ncol= 1325  ncstr= 655  mt= 0.2   spt= 0.5   lpval= 94032.2   ub= 94043.0  
 ****** Pricing Level: EXACT ****** 
it= 4   ncol= 1422  ncstr= 655  mt= 0.1   spt= 6.3   lpval= 94032.2   ub= 94043.0  
-----------------------------------------------------------------------------------------
elapsed time= 11.73 s.
-----------------------------------------------------------------------------------------
-----------------------------------------------------------------------------------------
 ****** Run Arc Elimination ****** 
arc elimination time= 0.54 s.
previous= 28.3346% maximum= 0.723473%
eliminate bucket arcs time= 0.34 s.
obtain jump arcs time= 0.01 s.
-----------------------------------------------------------------------------------------
-----------------------------------------------------------------------------------------
elapsed time= 12.96 s.
-----------------------------------------------------------------------------------------
-----------------------------------------------------------------------------------------
 ****** Try Enumeration ****** 
#labels= 9182 #routes= 1
labeling 1 time= 0.05 s.
concatenate time= 0.01 s.
#routes= 3253
average gap of successful enumeration= 0.000104702
next try value > 93996.3
-----------------------------------------------------------------------------------------
elapsed time= 13.09 s.
-----------------------------------------------------------------------------------------
 ****** Process Enumeration Matrix ****** 
delete non-ele routes lp val= 94032.3
recover rank1c lp val= 94032.3
recover rcc lp val= 94037.8
obtain rcc coefficient time= 0.00 s.
obtain r1c coefficient time= 0.00 s.
obtain matrix from triplets time= 0.00 s.
delete columns by branch time= 0.00 s.
columns pending deletion= 39 remain= 3253 col ratio= 0.988011 row ratio= 1
regenerate enumeration matrix time= 0.00 s.
-----------------------------------------------------------------------------------------
elapsed time= 14.76 s.
-----------------------------------------------------------------------------------------
it= 4   ncol= 1250  ncstr= 595  mt= 0.1   spt= 0.0   lpval= 94035.9   ub= 94043.0  
-----------------------------------------------------------------------------------------
elapsed time= 14.88 s.
-----------------------------------------------------------------------------------------
delete columns= 1709 remain= 1544
 ****** Separate RCCs ****** 
 ****** Separate Rank1Cuts ****** 
it= 4   ncol= 1019  ncstr= 604  mt= 0.0   spt= 0.0   lpval= 94041.7   ub= 94043.0  
-----------------------------------------------------------------------------------------
elapsed time= 15.47 s.
-----------------------------------------------------------------------------------------
delete columns= 1058 remain= 486
mip: row= 529 col= 1039 density= 3.15866%
mip time= 0.05 s.
mip status= 3
update f from 0 to 1.25594
#########################################################################################
[32m<Instance: X-n313-k71>
<Solution>
<UB= 94043>
<LB= 94043>
<Elapsed Time= 15.5>
<Nodes Explored= 1>
<Global Gap= 0%>[0m
#########################################################################################
File nodes/X-n313-k71_6_0_0_1_5_1_2_1_1_3_2_2_3_1_3_G32.node deleted successfully.
