application type: CVRP
X-n313-k71_6_5_0_4_0_1_2_0_0_0_1_0_G32.node
Set parameter ServerTimeout to value 600
Set parameter TokenServer to value "grb-ts.ufhpc"
Set parameter Threads to value 1
instance name= X-n313-k71
#########################################################################################
tree size= 0 lb= 0 ub= 94044
#########################################################################################
idx= 1 value= 94004.4 enu= 0
brc= 50-103 : -
brc= 76-103 : -
brc= 49-105 : -
brc= 70-133 : -
brc= 74-217 : -
brc= 233-246 : -
brc= 164-175 : +
brc= 167-232 : -
brc= 85-105 : -
brc= 3-269 : -
brc= 24-250 : -
brc= 33-281 : -
brc= 103-109 : +
brc= 55-241 : +
brc= 18-224 : -
brc= 141-164 : -
brc= 95-312 : -
brc= 128-150 : -
brc= 36-142 : +
brc= 258-311 : +
brc= 181-194 : -
brc= 62-68 : +
brc= 13-104 : -
brc= 57-130 : -
brc= 19-60 : +
brc= 3-128 : +
brc= 57-64 : +
brc= 0-85 : +
brc= 79-269 : -
brc= 270-279 : +
brc= 12-76 : +
-----------------------------------------------------------------------------------------
 ****** Pricing Level: LIGHT HEUR ****** 
it= 6   ncol= 1511  ncstr= 602  mt= 0.1   spt= 0.1   lpval= 94005.1   ub= 94043.0  
 ****** Pricing Level: HEAVY HEUR ****** 
it= 4   ncol= 1540  ncstr= 602  mt= 0.0   spt= 0.2   lpval= 94005.0   ub= 94043.0  
 ****** Pricing Level: EXACT ****** 
it= 3   ncol= 1575  ncstr= 602  mt= 0.0   spt= 3.9   lpval= 94005.0   ub= 94043.0  
-----------------------------------------------------------------------------------------
elapsed time= 7.83 s.
-----------------------------------------------------------------------------------------
-----------------------------------------------------------------------------------------
 ****** Run Arc Elimination ****** 
arc elimination time= 4.71 s.
previous= 93.9719% maximum= 2.06756%
eliminate bucket arcs time= 0.47 s.
obtain jump arcs time= 0.01 s.
-----------------------------------------------------------------------------------------
-----------------------------------------------------------------------------------------
elapsed time= 13.36 s.
-----------------------------------------------------------------------------------------
-----------------------------------------------------------------------------------------
 ****** Try Enumeration ****** 
#labels= 172938 #routes= 14
labeling 1 time= 3.21 s.
concatenate time= 6.63 s.
#routes= 219314
average gap of successful enumeration= 0.000393778
next try value > 93996.1
-----------------------------------------------------------------------------------------
elapsed time= 23.30 s.
-----------------------------------------------------------------------------------------
 ****** Process Enumeration Matrix ****** 
delete non-ele routes lp val= 94005.1
recover rank1c lp val= 94005.2
recover rcc lp val= 94006.1
obtain rcc coefficient time= 0.03 s.
obtain r1c coefficient time= 0.36 s.
obtain matrix from triplets time= 0.43 s.
delete columns by branch time= 0.00 s.
columns pending deletion= 153 remain= 219314 col ratio= 0.999302 row ratio= 1
regenerate enumeration matrix time= 0.00 s.
-----------------------------------------------------------------------------------------
elapsed time= 25.80 s.
-----------------------------------------------------------------------------------------
it= 4   ncol= 1286  ncstr= 550  mt= 0.1   spt= 0.1   lpval= 94005.6   ub= 94043.0  
-----------------------------------------------------------------------------------------
elapsed time= 25.93 s.
-----------------------------------------------------------------------------------------
columns pending deletion= 58495 remain= 219314 col ratio= 0.733282 row ratio= 0.927273
 ****** Separate RCCs ****** 
 ****** Separate Rank1Cuts ****** 
it= 2   ncol= 1236  ncstr= 617  mt= 0.0   spt= 0.0   lpval= 94006.3   ub= 94043.0  
-----------------------------------------------------------------------------------------
elapsed time= 26.48 s.
-----------------------------------------------------------------------------------------
delete columns= 93591 remain= 125723
[1;36m[REMIND] 2: gap improved= 0.721735 ratio= 0.019673 threshold= 0.040000 in function increaseCondition2 at /blue/yu.yang1/you.z/route_opt/packages/application/X-n313-k71/src/main/src/call_cutting.cpp:74[0m
 ****** Separate RCCs ****** 
 ****** Separate Rank1Cuts ****** 
it= 3   ncol= 1253  ncstr= 584  mt= 0.0   spt= 0.0   lpval= 94006.7   ub= 94043.0  
-----------------------------------------------------------------------------------------
elapsed time= 27.71 s.
-----------------------------------------------------------------------------------------
columns pending deletion= 12454 remain= 125723 col ratio= 0.900941 row ratio= 0.909247
[1;36m[REMIND] 2: gap improved= 0.409950 ratio= 0.011301 threshold= 0.040000 in function increaseCondition2 at /blue/yu.yang1/you.z/route_opt/packages/application/X-n313-k71/src/main/src/call_cutting.cpp:74[0m
 ****** Separate RCCs ****** 
 ****** Separate Rank1Cuts ****** 
it= 4   ncol= 1269  ncstr= 628  mt= 0.0   spt= 0.0   lpval= 94007.0   ub= 94043.0  
-----------------------------------------------------------------------------------------
elapsed time= 28.29 s.
-----------------------------------------------------------------------------------------
columns pending deletion= 18891 remain= 125723 col ratio= 0.849741 row ratio= 0.861465
[1;36m[REMIND] 2: gap improved= 0.270178 ratio= 0.007504 threshold= 0.040000 in function increaseCondition2 at /blue/yu.yang1/you.z/route_opt/packages/application/X-n313-k71/src/main/src/call_cutting.cpp:74[0m
[1;36m[REMIND] tail off counter= 3 threshold= 3 in function setIfTailOff at /blue/yu.yang1/you.z/route_opt/packages/application/X-n313-k71/src/main/src/call_cutting.cpp:150[0m
[1;36m[REMIND] opt_k not found for node 1, use m directly in function getOptK at /blue/yu.yang1/you.z/route_opt/packages/branching/bkf/include/bkf_controller.hpp:239[0m
current_r_best= 1.91437
we directly test 100
we directly test 4
pseudo= 50 frac= 50
#candidates in phase1= 100
testing lp time= 36.66 s.
-----------------------------------------------------------------------------------------
192-212 , 165.13| 207-230 , 144.63| 234-260 , 135.98| 192-209 , 119.45| 113-167 ,  95.10| 
117-174 ,  67.81|  59-76  ,  59.59| 236-311 ,  59.25| 303-311 ,  59.25|  59-68  ,  57.08| 
114-161 ,  55.95|  82-269 ,  55.33|   0-124 ,  52.11| 184-303 ,  48.91|  75-303 ,  48.91| 
 74-248 ,  48.91|  75-248 ,  48.91|  17-264 ,  48.83|   0-292 ,  46.99| 286-292 ,  42.79| 
110-124 ,  41.00|  68-296 ,  40.34|  86-143 ,  40.34| 124-212 ,  39.13|   0-248 ,  37.28| 
  3-174 ,  31.31| 236-266 ,  28.33|  17-245 ,  25.42| 182-292 ,  23.45| 189-250 ,  23.29| 
224-278 ,  23.07| 119-181 ,  22.70| 125-224 ,  19.68|   0-301 ,  17.66|   0-95  ,  16.82| 
  8-225 ,  15.83| 172-241 ,  15.45|   8-241 ,  15.45|   8-172 ,  15.45|   0-172 ,  14.14| 
  0-174 ,  13.44| 100-119 ,  12.74|  29-131 ,  12.73|  43-141 ,  11.48| 100-157 ,   9.33| 
 96-304 ,   8.23|  21-296 ,   8.21|  83-91  ,   5.75|  25-132 ,   5.44|  42-98  ,   4.58| 
 98-168 ,   4.58| 141-145 ,   4.24| 164-285 ,   4.09| 136-291 ,   2.76|  17-177 ,   2.51| 
  0-76  ,   2.30|  12-27  ,   2.30| 293-297 ,   2.09|   0-13  ,   1.89|  22-161 ,   1.88| 
148-235 ,   1.80|  10-54  ,   1.72| 224-289 ,   1.57|  20-136 ,   1.43|   0-33  ,   1.40| 
 21-184 ,   1.37| 158-271 ,   1.36| 131-174 ,   1.20| 131-145 ,   1.20|  67-149 ,   1.17| 
184-243 ,   1.12|  29-147 ,   1.09| 174-237 ,   1.09|   7-145 ,   1.08|   0-184 ,   1.08| 
 20-42  ,   1.05|  45-274 ,   1.03|  33-90  ,   1.00| 282-297 ,   0.98| 108-127 ,   0.92| 
177-205 ,   0.88|   5-10  ,   0.76| 163-274 ,   0.67|  67-205 ,   0.54|  42-291 ,   0.47| 
 41-227 ,   0.41|   0-11  ,   0.34| 140-244 ,   0.31| 149-195 ,   0.25|   5-21  ,   0.22| 
111-310 ,   0.12|   0-233 ,   0.12|   0-117 ,   0.08| 127-182 ,   0.08| 111-193 ,   0.07| 
  0-258 ,   0.03| 195-258 ,   0.03| 191-274 ,   0.00|  67-245 ,   0.00|   0-245 ,   0.00| 
-----------------------------------------------------------------------------------------
edge= 192 209 lp= 5.91456 pre= 2 lp2= 20.196 pre2= 2 score= 119.451
-----------------------------------------------------------------------------------------
edge= 234 260 lp= 0.675464 pre= 2 lp2= 201.307 pre2= 2 score= 135.976
-----------------------------------------------------------------------------------------
edge= 207 230 lp= 2.38056 pre= 0 lp2= 60.7565 pre2= 2 score= 144.635
-----------------------------------------------------------------------------------------
edge= 192 212 lp= 0.820265 pre= 2 lp2= 201.307 pre2= 2 score= 165.125
-----------------------------------------------------------------------------------------
candidate= 192-212 : -
-----------------------------------------------------------------------------------------
it= 4   ncol= 1293  ncstr= 629  mt= 0.3   spt= 0.0   lpval= 94007.6   ub= 94043.0  
-----------------------------------------------------------------------------------------
elapsed time= 65.28 s.
-----------------------------------------------------------------------------------------
candidate= 207-230 : +
-----------------------------------------------------------------------------------------
it= 5   ncol= 1391  ncstr= 629  mt= 0.4   spt= 0.0   lpval= 94026.8   ub= 94043.0  
-----------------------------------------------------------------------------------------
elapsed time= 65.79 s.
-----------------------------------------------------------------------------------------
candidate= 234-260 : -
-----------------------------------------------------------------------------------------
it= 3   ncol= 1283  ncstr= 629  mt= 0.3   spt= 0.0   lpval= 94007.6   ub= 94043.0  
-----------------------------------------------------------------------------------------
elapsed time= 66.13 s.
-----------------------------------------------------------------------------------------
candidate= 192-212 : +
-----------------------------------------------------------------------------------------
it= 5   ncol= 1360  ncstr= 629  mt= 0.4   spt= 0.0   lpval= 94021.2   ub= 94043.0  
-----------------------------------------------------------------------------------------
elapsed time= 66.55 s.
-----------------------------------------------------------------------------------------
candidate= 234-260 : +
-----------------------------------------------------------------------------------------
it= 6   ncol= 1404  ncstr= 629  mt= 0.4   spt= 0.1   lpval= 94035.8   ub= 94043.0  
-----------------------------------------------------------------------------------------
elapsed time= 67.04 s.
-----------------------------------------------------------------------------------------
candidate= 192-209 : -
-----------------------------------------------------------------------------------------
it= 4   ncol= 1328  ncstr= 629  mt= 0.4   spt= 0.0   lpval= 94009.3   ub= 94043.0  
-----------------------------------------------------------------------------------------
elapsed time= 67.45 s.
-----------------------------------------------------------------------------------------
brc= 207-230
t= 0.183314 c= 26.8037 n= 0 if_b4= 0
t= 0.414707 c= 43.891 n= 0 if_b4= 0
#########################################################################################
tree size= 1 lb= 94007 ub= 94043
#########################################################################################
idx= 1 value= 94007 enu= 1
brc= 50-103 : -
brc= 76-103 : -
brc= 49-105 : -
brc= 70-133 : -
brc= 74-217 : -
brc= 233-246 : -
brc= 164-175 : +
brc= 167-232 : -
brc= 85-105 : -
brc= 3-269 : -
brc= 24-250 : -
brc= 33-281 : -
brc= 103-109 : +
brc= 55-241 : +
brc= 18-224 : -
brc= 141-164 : -
brc= 95-312 : -
brc= 128-150 : -
brc= 36-142 : +
brc= 258-311 : +
brc= 181-194 : -
brc= 62-68 : +
brc= 13-104 : -
brc= 57-130 : -
brc= 19-60 : +
brc= 3-128 : +
brc= 57-64 : +
brc= 0-85 : +
brc= 79-269 : -
brc= 270-279 : +
brc= 12-76 : +
brc= 207-230 : +
it= 5   ncol= 1374  ncstr= 628  mt= 0.4   spt= 0.0   lpval= 94026.8   ub= 94043.0  
-----------------------------------------------------------------------------------------
elapsed time= 69.20 s.
-----------------------------------------------------------------------------------------
delete columns= 100021 remain= 6699
 ****** Separate RCCs ****** 
 ****** Separate Rank1Cuts ****** 
it= 3   ncol= 1162  ncstr= 590  mt= 0.0   spt= 0.0   lpval= 94037.9   ub= 94043.0  
-----------------------------------------------------------------------------------------
elapsed time= 69.93 s.
-----------------------------------------------------------------------------------------
delete columns= 5718 remain= 981
mip: row= 497 col= 1831 density= 3.47437%
mip time= 0.13 s.
mip status= 3
update f from 0 to 5.11745
#########################################################################################
tree size= 0 lb= 94007 ub= 94043
#########################################################################################
idx= 2 value= 94007 enu= 1
brc= 50-103 : -
brc= 76-103 : -
brc= 49-105 : -
brc= 70-133 : -
brc= 74-217 : -
brc= 233-246 : -
brc= 164-175 : +
brc= 167-232 : -
brc= 85-105 : -
brc= 3-269 : -
brc= 24-250 : -
brc= 33-281 : -
brc= 103-109 : +
brc= 55-241 : +
brc= 18-224 : -
brc= 141-164 : -
brc= 95-312 : -
brc= 128-150 : -
brc= 36-142 : +
brc= 258-311 : +
brc= 181-194 : -
brc= 62-68 : +
brc= 13-104 : -
brc= 57-130 : -
brc= 19-60 : +
brc= 3-128 : +
brc= 57-64 : +
brc= 0-85 : +
brc= 79-269 : -
brc= 270-279 : +
brc= 12-76 : +
brc= 207-230 : -
it= 3   ncol= 1293  ncstr= 628  mt= 0.0   spt= 0.0   lpval= 94009.1   ub= 94043.0  
-----------------------------------------------------------------------------------------
elapsed time= 70.33 s.
-----------------------------------------------------------------------------------------
columns pending deletion= 20130 remain= 106826 col ratio= 0.811563 row ratio= 0.843949
 ****** Separate RCCs ****** 
 ****** Separate Rank1Cuts ****** 
it= 3   ncol= 1311  ncstr= 727  mt= 0.1   spt= 0.0   lpval= 94010.2   ub= 94043.0  
-----------------------------------------------------------------------------------------
elapsed time= 71.00 s.
-----------------------------------------------------------------------------------------
delete columns= 30275 remain= 76551
[1;36m[REMIND] 2: gap improved= 1.075132 ratio= 0.032769 threshold= 0.040000 in function increaseCondition2 at /blue/yu.yang1/you.z/route_opt/packages/application/X-n313-k71/src/main/src/call_cutting.cpp:74[0m
 ****** Separate RCCs ****** 
 ****** Separate Rank1Cuts ****** 
it= 2   ncol= 1315  ncstr= 561  mt= 0.0   spt= 0.0   lpval= 94010.5   ub= 94043.0  
-----------------------------------------------------------------------------------------
elapsed time= 71.84 s.
-----------------------------------------------------------------------------------------
columns pending deletion= 5661 remain= 76551 col ratio= 0.926049 row ratio= 0.946524
[1;36m[REMIND] 2: gap improved= 0.260322 ratio= 0.007998 threshold= 0.040000 in function increaseCondition2 at /blue/yu.yang1/you.z/route_opt/packages/application/X-n313-k71/src/main/src/call_cutting.cpp:74[0m
 ****** Separate RCCs ****** 
 ****** Separate Rank1Cuts ****** 
it= 3   ncol= 1321  ncstr= 648  mt= 0.0   spt= 0.0   lpval= 94010.6   ub= 94043.0  
-----------------------------------------------------------------------------------------
elapsed time= 72.42 s.
-----------------------------------------------------------------------------------------
columns pending deletion= 9504 remain= 76551 col ratio= 0.875847 row ratio= 0.842593
[1;36m[REMIND] 2: gap improved= 0.197187 ratio= 0.006095 threshold= 0.040000 in function increaseCondition2 at /blue/yu.yang1/you.z/route_opt/packages/application/X-n313-k71/src/main/src/call_cutting.cpp:74[0m
[1;36m[REMIND] tail off counter= 3 threshold= 3 in function setIfTailOff at /blue/yu.yang1/you.z/route_opt/packages/application/X-n313-k71/src/main/src/call_cutting.cpp:150[0m
current_r_best= 2.64096
alpha= 0.37 beta= 10.3123 omega= 146.217 k1= 20
lb_k= 1 ub_k= 37
revise: lb_k= 16 ub_k= 27
opt_k= 22
alpha= 0.75 beta= 10.3123 omega= 105.836 k1= 3
lb_k= 1 ub_k= 3
revise: lb_k= 1 ub_k= 3
opt_k= 3
pseudo= 50 frac= 50
#candidates in phase1= 22
testing lp time= 8.78 s.
-----------------------------------------------------------------------------------------
234-260 ,  98.79| 281-312 ,  91.02|  75-303 ,  63.67| 184-303 ,  63.67| 236-311 ,  63.67| 
  0-248 ,  43.75| 119-181 ,  41.62| 202-269 ,  36.24|  30-230 ,  34.12|  30-82  ,  34.12| 
 68-296 ,  25.85|  43-141 ,  14.68|   8-241 ,  10.02|   0-172 ,  10.02| 175-312 ,   8.37| 
 33-228 ,   5.29|  89-228 ,   5.29|  33-95  ,   5.20|   7-141 ,   3.92|  25-248 ,   3.16| 
158-163 ,   1.36|  56-281 ,   1.33| 
-----------------------------------------------------------------------------------------
edge= 75 303 lp= 11.1331 pre= 2 lp2= 5.71869 pre2= 2 score= 63.6666
-----------------------------------------------------------------------------------------
edge= 281 312 lp= 0.621664 pre= 2 lp2= 146.41 pre2= 2 score= 91.0179
-----------------------------------------------------------------------------------------
edge= 234 260 lp= 0.663603 pre= 0 lp2= 148.871 pre2= 2 score= 98.7915
-----------------------------------------------------------------------------------------
candidate= 234-260 : +
-----------------------------------------------------------------------------------------
it= 4   ncol= 1407  ncstr= 649  mt= 0.4   spt= 0.0   lpval= 94040.0   ub= 94043.0  
-----------------------------------------------------------------------------------------
elapsed time= 81.58 s.
-----------------------------------------------------------------------------------------
candidate= 281-312 : -
-----------------------------------------------------------------------------------------
it= 2   ncol= 1335  ncstr= 649  mt= 0.3   spt= 0.0   lpval= 94011.3   ub= 94043.0  
-----------------------------------------------------------------------------------------
elapsed time= 81.91 s.
-----------------------------------------------------------------------------------------
candidate= 281-312 : +
-----------------------------------------------------------------------------------------
it= 6   ncol= 1443  ncstr= 649  mt= 0.4   spt= 0.0   lpval= 94058.6   ub= 94043.0  
-----------------------------------------------------------------------------------------
elapsed time= 82.40 s.
-----------------------------------------------------------------------------------------
candidate= 75-303 : -
-----------------------------------------------------------------------------------------
it= 6   ncol= 1418  ncstr= 649  mt= 0.3   spt= 0.0   lpval= 94019.8   ub= 94043.0  
-----------------------------------------------------------------------------------------
elapsed time= 82.78 s.
-----------------------------------------------------------------------------------------
candidate= 75-303 : +
-----------------------------------------------------------------------------------------
it= 3   ncol= 1375  ncstr= 649  mt= 0.3   spt= 0.0   lpval= 94016.0   ub= 94043.0  
-----------------------------------------------------------------------------------------
elapsed time= 83.12 s.
-----------------------------------------------------------------------------------------
brc= 75-303
t= 0.191419 c= 14.9669 n= 1 if_b4= 0
t= 0.398505 c= 25.2274 n= 1 if_b4= 0
#########################################################################################
tree size= 1 lb= 94010.6 ub= 94043
#########################################################################################
idx= 3 value= 94010.6 enu= 1
brc= 50-103 : -
brc= 76-103 : -
brc= 49-105 : -
brc= 70-133 : -
brc= 74-217 : -
brc= 233-246 : -
brc= 164-175 : +
brc= 167-232 : -
brc= 85-105 : -
brc= 3-269 : -
brc= 24-250 : -
brc= 33-281 : -
brc= 103-109 : +
brc= 55-241 : +
brc= 18-224 : -
brc= 141-164 : -
brc= 95-312 : -
brc= 128-150 : -
brc= 36-142 : +
brc= 258-311 : +
brc= 181-194 : -
brc= 62-68 : +
brc= 13-104 : -
brc= 57-130 : -
brc= 19-60 : +
brc= 3-128 : +
brc= 57-64 : +
brc= 0-85 : +
brc= 79-269 : -
brc= 270-279 : +
brc= 12-76 : +
brc= 207-230 : -
brc= 75-303 : +
it= 3   ncol= 1372  ncstr= 648  mt= 0.3   spt= 0.0   lpval= 94016.0   ub= 94043.0  
-----------------------------------------------------------------------------------------
elapsed time= 84.52 s.
-----------------------------------------------------------------------------------------
delete columns= 31232 remain= 35780
 ****** Separate RCCs ****** 
 ****** Separate Rank1Cuts ****** 
it= 3   ncol= 1337  ncstr= 570  mt= 0.0   spt= 0.0   lpval= 94018.0   ub= 94043.0  
-----------------------------------------------------------------------------------------
elapsed time= 85.10 s.
-----------------------------------------------------------------------------------------
columns pending deletion= 9348 remain= 35780 col ratio= 0.738737 row ratio= 0.917544
 ****** Separate RCCs ****** 
 ****** Separate Rank1Cuts ****** 
it= 4   ncol= 1324  ncstr= 622  mt= 0.0   spt= 0.0   lpval= 94018.8   ub= 94043.0  
-----------------------------------------------------------------------------------------
elapsed time= 85.59 s.
-----------------------------------------------------------------------------------------
delete columns= 13454 remain= 22326
[1;36m[REMIND] 2: gap improved= 0.786803 ratio= 0.032446 threshold= 0.040000 in function increaseCondition2 at /blue/yu.yang1/you.z/route_opt/packages/application/X-n313-k71/src/main/src/call_cutting.cpp:74[0m
 ****** Separate RCCs ****** 
 ****** Separate Rank1Cuts ****** 
it= 2   ncol= 1329  ncstr= 617  mt= 0.0   spt= 0.0   lpval= 94019.0   ub= 94043.0  
-----------------------------------------------------------------------------------------
elapsed time= 86.42 s.
-----------------------------------------------------------------------------------------
columns pending deletion= 2238 remain= 22326 col ratio= 0.899758 row ratio= 0.889789
[1;36m[REMIND] 2: gap improved= 0.281272 ratio= 0.011735 threshold= 0.040000 in function increaseCondition2 at /blue/yu.yang1/you.z/route_opt/packages/application/X-n313-k71/src/main/src/call_cutting.cpp:74[0m
 ****** Separate RCCs ****** 
 ****** Separate Rank1Cuts ****** 
it= 4   ncol= 1315  ncstr= 664  mt= 0.0   spt= 0.0   lpval= 94019.2   ub= 94043.0  
-----------------------------------------------------------------------------------------
elapsed time= 86.89 s.
-----------------------------------------------------------------------------------------
columns pending deletion= 3210 remain= 22326 col ratio= 0.856221 row ratio= 0.847892
[1;36m[REMIND] 2: gap improved= 0.142286 ratio= 0.005972 threshold= 0.040000 in function increaseCondition2 at /blue/yu.yang1/you.z/route_opt/packages/application/X-n313-k71/src/main/src/call_cutting.cpp:74[0m
[1;36m[REMIND] tail off counter= 3 threshold= 3 in function setIfTailOff at /blue/yu.yang1/you.z/route_opt/packages/application/X-n313-k71/src/main/src/call_cutting.cpp:150[0m
current_r_best= 6.23878
alpha= 0.37 beta= 2.99878 omega= 78.1891 k1= 8
lb_k= 1 ub_k= 37
revise: lb_k= 6 ub_k= 10
opt_k= 8
alpha= 0.75 beta= 2.99878 omega= 63.3052 k1= 3
lb_k= 1 ub_k= 3
revise: lb_k= 2 ub_k= 3
opt_k= 3
pseudo= 50 frac= 50
#candidates in phase1= 8
testing lp time= 3.07 s.
-----------------------------------------------------------------------------------------
234-260 ,  53.03| 202-269 ,  23.19| 114-266 ,  16.79|   8-241 ,  16.27|   0-172 ,  16.27| 
  3-202 ,   1.81|  10-114 ,   0.60|   0-10  ,   0.41| 
-----------------------------------------------------------------------------------------
edge= 114 266 lp= 0.528187 pre= 0 lp2= 31.7902 pre2= 1 score= 16.7912
-----------------------------------------------------------------------------------------
edge= 202 269 lp= 0.904317 pre= 0 lp2= 25.6486 pre2= 1 score= 23.1945
-----------------------------------------------------------------------------------------
edge= 234 260 lp= 1.36111 pre= 0 lp2= 38.9617 pre2= 2 score= 53.0312
-----------------------------------------------------------------------------------------
candidate= 234-260 : +
-----------------------------------------------------------------------------------------
it= 5   ncol= 1409  ncstr= 665  mt= 0.5   spt= 0.0   lpval= 94054.1   ub= 94043.0  
-----------------------------------------------------------------------------------------
elapsed time= 90.48 s.
-----------------------------------------------------------------------------------------
brc= 234-260
t= 0.191609 c= 10.9631 n= 2 if_b4= 0
t= 0.439342 c= 18.2286 n= 2 if_b4= 0
#########################################################################################
tree size= 2 lb= 94010.6 ub= 94043
#########################################################################################
idx= 4 value= 94010.6 enu= 1
brc= 50-103 : -
brc= 76-103 : -
brc= 49-105 : -
brc= 70-133 : -
brc= 74-217 : -
brc= 233-246 : -
brc= 164-175 : +
brc= 167-232 : -
brc= 85-105 : -
brc= 3-269 : -
brc= 24-250 : -
brc= 33-281 : -
brc= 103-109 : +
brc= 55-241 : +
brc= 18-224 : -
brc= 141-164 : -
brc= 95-312 : -
brc= 128-150 : -
brc= 36-142 : +
brc= 258-311 : +
brc= 181-194 : -
brc= 62-68 : +
brc= 13-104 : -
brc= 57-130 : -
brc= 19-60 : +
brc= 3-128 : +
brc= 57-64 : +
brc= 0-85 : +
brc= 79-269 : -
brc= 270-279 : +
brc= 12-76 : +
brc= 207-230 : -
brc= 75-303 : -
it= 6   ncol= 1427  ncstr= 648  mt= 0.1   spt= 0.0   lpval= 94019.8   ub= 94043.0  
-----------------------------------------------------------------------------------------
elapsed time= 91.54 s.
-----------------------------------------------------------------------------------------
delete columns= 45261 remain= 21785
 ****** Separate RCCs ****** 
 ****** Separate Rank1Cuts ****** 
it= 4   ncol= 1401  ncstr= 612  mt= 0.0   spt= 0.0   lpval= 94022.5   ub= 94043.0  
-----------------------------------------------------------------------------------------
elapsed time= 92.19 s.
-----------------------------------------------------------------------------------------
delete columns= 8719 remain= 13066
mip: row= 521 col= 14437 density= 4.7664%
mip time= 8.75 s.
mip status= 6
update f from 5.11745 to 20.5014
#########################################################################################
tree size= 1 lb= 94019.2 ub= 94043
#########################################################################################
idx= 5 value= 94019.2 enu= 1
brc= 50-103 : -
brc= 76-103 : -
brc= 49-105 : -
brc= 70-133 : -
brc= 74-217 : -
brc= 233-246 : -
brc= 164-175 : +
brc= 167-232 : -
brc= 85-105 : -
brc= 3-269 : -
brc= 24-250 : -
brc= 33-281 : -
brc= 103-109 : +
brc= 55-241 : +
brc= 18-224 : -
brc= 141-164 : -
brc= 95-312 : -
brc= 128-150 : -
brc= 36-142 : +
brc= 258-311 : +
brc= 181-194 : -
brc= 62-68 : +
brc= 13-104 : -
brc= 57-130 : -
brc= 19-60 : +
brc= 3-128 : +
brc= 57-64 : +
brc= 0-85 : +
brc= 79-269 : -
brc= 270-279 : +
brc= 12-76 : +
brc= 207-230 : -
brc= 75-303 : +
brc= 234-260 : +
it= 5   ncol= 1398  ncstr= 664  mt= 0.6   spt= 0.0   lpval= 94054.1   ub= 94043.0  
-----------------------------------------------------------------------------------------
elapsed time= 101.91 s.
-----------------------------------------------------------------------------------------
#########################################################################################
tree size= 0 lb= 94019.2 ub= 94043
#########################################################################################
idx= 6 value= 94019.2 enu= 1
brc= 50-103 : -
brc= 76-103 : -
brc= 49-105 : -
brc= 70-133 : -
brc= 74-217 : -
brc= 233-246 : -
brc= 164-175 : +
brc= 167-232 : -
brc= 85-105 : -
brc= 3-269 : -
brc= 24-250 : -
brc= 33-281 : -
brc= 103-109 : +
brc= 55-241 : +
brc= 18-224 : -
brc= 141-164 : -
brc= 95-312 : -
brc= 128-150 : -
brc= 36-142 : +
brc= 258-311 : +
brc= 181-194 : -
brc= 62-68 : +
brc= 13-104 : -
brc= 57-130 : -
brc= 19-60 : +
brc= 3-128 : +
brc= 57-64 : +
brc= 0-85 : +
brc= 79-269 : -
brc= 270-279 : +
brc= 12-76 : +
brc= 207-230 : -
brc= 75-303 : +
brc= 234-260 : -
it= 3   ncol= 1317  ncstr= 664  mt= 0.0   spt= 0.0   lpval= 94020.5   ub= 94043.0  
-----------------------------------------------------------------------------------------
elapsed time= 101.97 s.
-----------------------------------------------------------------------------------------
columns pending deletion= 2366 remain= 19112 col ratio= 0.876203 row ratio= 0.832831
 ****** Separate RCCs ****** 
 ****** Separate Rank1Cuts ****** 
it= 3   ncol= 1309  ncstr= 685  mt= 0.0   spt= 0.0   lpval= 94021.4   ub= 94043.0  
-----------------------------------------------------------------------------------------
elapsed time= 102.48 s.
-----------------------------------------------------------------------------------------
delete columns= 5009 remain= 14103
[1;36m[REMIND] 2: gap improved= 0.844246 ratio= 0.039016 threshold= 0.040000 in function increaseCondition2 at /blue/yu.yang1/you.z/route_opt/packages/application/X-n313-k71/src/main/src/call_cutting.cpp:74[0m
mip: row= 539 col= 15396 density= 4.34372%
mip time= 9.95 s.
mip status= 6
update f from 20.5014 to 21.6385
#########################################################################################
[32m<Instance: X-n313-k71>
<Solution>
<UB= 94043>
<LB= 94043>
<Elapsed Time= 112.8>
<Nodes Explored= 7>
<Global Gap= 0%>[0m
#########################################################################################
File nodes/X-n313-k71_6_5_0_4_0_1_2_0_0_0_1_0_G32.node deleted successfully.
