application type: CVRP
X-n359-k29_5_0_G32.node
Set parameter ServerTimeout to value 600
Set parameter TokenServer to value "grb-ts.ufhpc"
Set parameter Threads to value 1
instance name= X-n359-k29
#########################################################################################
tree size= 0 lb= 0 ub= 51506
#########################################################################################
idx= 1 value= 51453 enu= 0
brc= 73-316 : -
brc= 8-153 : -
brc= 39-90 : -
brc= 27-105 : -
brc= 73-149 : -
brc= 75-125 : +
brc= 90-163 : +
-----------------------------------------------------------------------------------------
 ****** Pricing Level: LIGHT HEUR ****** 
it= 7   ncol= 5427  ncstr= 1104 mt= 0.4   spt= 0.9   lpval= 51454.4   ub= 51506.0  
 ****** Pricing Level: HEAVY HEUR ****** 
it= 4   ncol= 5468  ncstr= 1104 mt= 0.3   spt= 1.0   lpval= 51454.4   ub= 51506.0  
 ****** Pricing Level: EXACT ****** 
it= 5   ncol= 6332  ncstr= 1104 mt= 1.9   spt= 47.2  lpval= 51454.2   ub= 51506.0  
-----------------------------------------------------------------------------------------
elapsed time= 75.43 s.
-----------------------------------------------------------------------------------------
-----------------------------------------------------------------------------------------
 ****** Run Arc Elimination ****** 
arc elimination time= 8.48 s.
-----------------------------------------------------------------------------------------
-----------------------------------------------------------------------------------------
elapsed time= 84.46 s.
-----------------------------------------------------------------------------------------
 ****** Separate Rank1Cuts ****** 
-----------------------------------------------------------------------------------------
 ****** Pricing Level: LIGHT HEUR ****** 
it= 2   ncol= 6342  ncstr= 1195 mt= 1.6   spt= 0.3   lpval= 51455.6   ub= 51506.0  
 ****** Pricing Level: HEAVY HEUR ****** 
it= 2   ncol= 6369  ncstr= 1195 mt= 0.1   spt= 0.5   lpval= 51455.6   ub= 51506.0  
 ****** Pricing Level: EXACT ****** 
it= 5   ncol= 6962  ncstr= 1195 mt= 1.8   spt= 51.2  lpval= 51455.5   ub= 51506.0  
-----------------------------------------------------------------------------------------
elapsed time= 153.25 s.
-----------------------------------------------------------------------------------------
[1;36m[REMIND] 2: gap improved= 1.329155 ratio= 0.026339 threshold= 0.040000 in function increaseCondition2 at /blue/yu.yang1/you.z/route_opt/packages/application/X-n359-k29/src/main/src/call_cutting.cpp:74[0m
 ****** Separate RCCs ****** 
 ****** Separate Rank1Cuts ****** 
-----------------------------------------------------------------------------------------
 ****** Pricing Level: LIGHT HEUR ****** 
it= 2   ncol= 6991  ncstr= 1222 mt= 2.0   spt= 0.3   lpval= 51456.9   ub= 51506.0  
 ****** Pricing Level: HEAVY HEUR ****** 
it= 2   ncol= 6994  ncstr= 1222 mt= 0.2   spt= 0.5   lpval= 51456.9   ub= 51506.0  
 ****** Pricing Level: EXACT ****** 
it= 5   ncol= 7245  ncstr= 1222 mt= 2.0   spt= 55.1  lpval= 51456.7   ub= 51506.0  
-----------------------------------------------------------------------------------------
elapsed time= 242.69 s.
-----------------------------------------------------------------------------------------
[1;36m[REMIND] eps= 62.362636 tail off hard time= 60.000000 in function setIfTailOff at /blue/yu.yang1/you.z/route_opt/packages/application/X-n359-k29/src/main/src/call_cutting.cpp:140[0m
[1;36m[REMIND] opt_k not found for node 1, use m directly in function getOptK at /blue/yu.yang1/you.z/route_opt/packages/branching/bkf/include/bkf_controller.hpp:239[0m
current_r_best= 2.74219
we directly test 100
we directly test 4
pseudo= 50 frac= 50
#candidates in phase1= 100
testing lp time= 183.81 s.
-----------------------------------------------------------------------------------------
132-338 ,  27.01|  84-131 ,  15.95| 152-338 ,  15.69|   0-85  ,  14.48|  73-303 ,  13.78| 
205-303 ,  13.78|   1-90  ,  13.38|  83-84  ,  13.31| 110-112 ,  11.83|  27-30  ,  11.54| 
  8-83  ,  11.21|  98-151 ,  11.15| 171-335 ,  11.02| 127-328 ,  10.52|  73-175 ,   9.59| 
  0-112 ,   9.20|  84-153 ,   8.61|   0-98  ,   7.95| 266-332 ,   7.86|   9-317 ,   7.79| 
 99-199 ,   7.58|  35-339 ,   7.48| 119-149 ,   7.31| 200-285 ,   7.09|   7-90  ,   7.07| 
 98-219 ,   6.98| 192-232 ,   6.84|  33-334 ,   6.43| 110-111 ,   6.42|  37-166 ,   5.84| 
118-164 ,   5.78|   0-347 ,   5.76|  54-210 ,   5.35|   0-111 ,   5.25| 229-251 ,   5.23| 
  9-229 ,   5.22| 106-277 ,   5.00|  74-325 ,   4.94|   9-134 ,   4.85|  54-196 ,   4.85| 
 89-354 ,   4.76|   0-251 ,   4.70|  33-292 ,   4.68|  37-151 ,   4.53| 171-232 ,   4.51| 
 88-142 ,   4.27|  82-88  ,   4.27|  89-305 ,   3.82|   1-7   ,   3.62|  25-275 ,   3.62| 
256-285 ,   3.49| 149-277 ,   3.36| 239-317 ,   3.30| 223-239 ,   2.87| 133-154 ,   2.77| 
 66-305 ,   2.69|  88-164 ,   2.45| 105-146 ,   2.41|  81-310 ,   2.35| 203-347 ,   2.15| 
 40-67  ,   2.07|  87-172 ,   2.00|  48-60  ,   1.96|  29-53  ,   1.84| 172-316 ,   1.80| 
 54-217 ,   1.75| 240-332 ,   1.71|  93-109 ,   1.70|  57-220 ,   1.61| 117-307 ,   1.58| 
220-278 ,   1.56|  92-287 ,   1.42|  41-182 ,   1.39|   0-87  ,   1.37|   0-154 ,   1.28| 
274-310 ,   1.26|  56-266 ,   1.23|   0-149 ,   1.20| 268-313 ,   1.18| 267-300 ,   1.12| 
  0-267 ,   1.09|  78-147 ,   1.08| 267-268 ,   1.07| 267-313 ,   1.06| 101-245 ,   1.00| 
236-298 ,   0.98| 179-236 ,   0.95|  86-174 ,   0.88|   0-304 ,   0.80|   0-357 ,   0.54| 
  0-167 ,   0.50|  87-133 ,   0.45|  16-224 ,   0.43| 215-336 ,   0.43|  65-309 ,   0.42| 
  0-243 ,   0.36| 138-256 ,   0.20| 242-289 ,   0.18|  65-281 ,   0.14|  24-208 ,   0.12| 
-----------------------------------------------------------------------------------------
edge= 152 338 lp= 1.19216 pre= 2 lp2= 13.1586 pre2= 2 score= 15.6871
-----------------------------------------------------------------------------------------
edge= 0 85 lp= 4.95564 pre= 2 lp2= 2.92138 pre2= 2 score= 14.4773
-----------------------------------------------------------------------------------------
edge= 84 131 lp= 6.63258 pre= 2 lp2= 2.40434 pre2= 2 score= 15.947
-----------------------------------------------------------------------------------------
edge= 132 338 lp= 12.609 pre= 2 lp2= 2.14222 pre2= 2 score= 27.0111
-----------------------------------------------------------------------------------------
candidate= 132-338 : -
-----------------------------------------------------------------------------------------
-----------------------------------------------------------------------------------------
 ****** Pricing Level: LIGHT HEUR ****** 
it= 29  ncol= 5540  ncstr= 1128 mt= 3.6   spt= 3.6   lpval= 51469.1   ub= 51506.0  
 ****** Pricing Level: HEAVY HEUR ****** 
it= 16  ncol= 5869  ncstr= 1128 mt= 6.7   spt= 4.0   lpval= 51466.8   ub= 51506.0  
-----------------------------------------------------------------------------------------
elapsed time= 469.48 s.
-----------------------------------------------------------------------------------------
candidate= 132-338 : +
-----------------------------------------------------------------------------------------
-----------------------------------------------------------------------------------------
 ****** Pricing Level: LIGHT HEUR ****** 
it= 7   ncol= 4958  ncstr= 1128 mt= 1.6   spt= 0.9   lpval= 51458.9   ub= 51506.0  
 ****** Pricing Level: HEAVY HEUR ****** 
it= 6   ncol= 5039  ncstr= 1128 mt= 0.3   spt= 1.6   lpval= 51458.9   ub= 51506.0  
-----------------------------------------------------------------------------------------
elapsed time= 477.04 s.
-----------------------------------------------------------------------------------------
brc= 132-338
t= 0.91907 c= 254.925 n= 0 if_b4= 1
t= 18.3668 c= 328.465 n= 0 if_b4= 1
nodes already exists
memory usage= 8GB.
#########################################################################################
tree size= 0 lb= 51456.7 ub= 51506
#########################################################################################
idx= 2 value= 51456.7 enu= 0
brc= 73-316 : -
brc= 8-153 : -
brc= 39-90 : -
brc= 27-105 : -
brc= 73-149 : -
brc= 75-125 : +
brc= 90-163 : +
brc= 132-338 : -
-----------------------------------------------------------------------------------------
 ****** Pricing Level: LIGHT HEUR ****** 
it= 21  ncol= 5318  ncstr= 1127 mt= 3.1   spt= 2.6   lpval= 51469.1   ub= 51506.0  
 ****** Pricing Level: HEAVY HEUR ****** 
it= 20  ncol= 5639  ncstr= 1127 mt= 8.0   spt= 5.0   lpval= 51466.8   ub= 51506.0  
 ****** Pricing Level: EXACT ****** 
it= 8   ncol= 6999  ncstr= 1127 mt= 5.6   spt= 84.0  lpval= 51464.6   ub= 51506.0  
-----------------------------------------------------------------------------------------
elapsed time= 599.35 s.
-----------------------------------------------------------------------------------------
-----------------------------------------------------------------------------------------
 ****** Run Arc Elimination ****** 
arc elimination time= 8.33 s.
-----------------------------------------------------------------------------------------
-----------------------------------------------------------------------------------------
elapsed time= 607.80 s.
-----------------------------------------------------------------------------------------
 ****** Separate RCCs ****** 
 ****** Separate Rank1Cuts ****** 
-----------------------------------------------------------------------------------------
 ****** Pricing Level: LIGHT HEUR ****** 
it= 6   ncol= 7090  ncstr= 1166 mt= 2.1   spt= 0.8   lpval= 51469.9   ub= 51506.0  
 ****** Pricing Level: HEAVY HEUR ****** 
it= 6   ncol= 7161  ncstr= 1166 mt= 0.7   spt= 1.6   lpval= 51469.9   ub= 51506.0  
 ****** Pricing Level: EXACT ****** 
it= 5   ncol= 7861  ncstr= 1166 mt= 3.5   spt= 53.0  lpval= 51469.1   ub= 51506.0  
-----------------------------------------------------------------------------------------
elapsed time= 685.74 s.
-----------------------------------------------------------------------------------------
-----------------------------------------------------------------------------------------
 ****** Run Arc Elimination ****** 
arc elimination time= 7.79 s.
-----------------------------------------------------------------------------------------
-----------------------------------------------------------------------------------------
elapsed time= 693.66 s.
-----------------------------------------------------------------------------------------
[1;36m[REMIND] eps= 65.796343 tail off hard time= 60.000000 in function setIfTailOff at /blue/yu.yang1/you.z/route_opt/packages/application/X-n359-k29/src/main/src/call_cutting.cpp:140[0m
current_r_best= 8.94861
alpha= 0.37 beta= 4.12069 omega= 277.373 k1= 17
lb_k= 1 ub_k= 37
revise: lb_k= 14 ub_k= 21
opt_k= 18
alpha= 0.75 beta= 4.12069 omega= 17.8836 k1= 3
lb_k= 1 ub_k= 3
revise: lb_k= 1 ub_k= 3
opt_k= 3
pseudo= 50 frac= 50
#candidates in phase1= 18
testing lp time= 30.86 s.
-----------------------------------------------------------------------------------------
105-146 ,  29.55|  84-131 ,  25.67| 171-232 ,  20.68| 110-112 ,  16.51| 219-254 ,  13.45| 
132-307 ,  12.45| 266-332 ,  12.06|  37-151 ,  12.06|  37-98  ,  11.29| 164-307 ,  10.50| 
 76-284 ,  10.04| 292-299 ,   8.43|  37-166 ,   8.20| 293-341 ,   8.08|   7-90  ,   8.04| 
311-326 ,   7.10|  33-81  ,   6.26|  25-275 ,   5.13| 
-----------------------------------------------------------------------------------------
edge= 171 232 lp= 4.83109 pre= 2 lp2= 4.28067 pre2= 2 score= 20.6803
-----------------------------------------------------------------------------------------
edge= 84 131 lp= 9.54179 pre= 2 lp2= 2.69054 pre2= 2 score= 25.6726
-----------------------------------------------------------------------------------------
edge= 105 146 lp= 5.4876 pre= 2 lp2= 5.38514 pre2= 2 score= 29.5515
-----------------------------------------------------------------------------------------
candidate= 105-146 : -
-----------------------------------------------------------------------------------------
-----------------------------------------------------------------------------------------
 ****** Pricing Level: LIGHT HEUR ****** 
it= 12  ncol= 5490  ncstr= 1058 mt= 2.3   spt= 1.6   lpval= 51474.5   ub= 51506.0  
 ****** Pricing Level: HEAVY HEUR ****** 
it= 9   ncol= 5628  ncstr= 1058 mt= 2.2   spt= 2.4   lpval= 51474.0   ub= 51506.0  
-----------------------------------------------------------------------------------------
elapsed time= 750.24 s.
-----------------------------------------------------------------------------------------
candidate= 105-146 : +
-----------------------------------------------------------------------------------------
-----------------------------------------------------------------------------------------
 ****** Pricing Level: LIGHT HEUR ****** 
it= 12  ncol= 5534  ncstr= 1058 mt= 1.7   spt= 1.5   lpval= 51474.5   ub= 51506.0  
 ****** Pricing Level: HEAVY HEUR ****** 
it= 6   ncol= 5637  ncstr= 1058 mt= 1.6   spt= 1.6   lpval= 51474.4   ub= 51506.0  
-----------------------------------------------------------------------------------------
elapsed time= 760.75 s.
-----------------------------------------------------------------------------------------
candidate= 84-131 : -
-----------------------------------------------------------------------------------------
-----------------------------------------------------------------------------------------
 ****** Pricing Level: LIGHT HEUR ****** 
it= 12  ncol= 5489  ncstr= 1058 mt= 1.8   spt= 1.5   lpval= 51478.7   ub= 51506.0  
 ****** Pricing Level: HEAVY HEUR ****** 
it= 7   ncol= 5608  ncstr= 1058 mt= 1.3   spt= 1.8   lpval= 51478.5   ub= 51506.0  
-----------------------------------------------------------------------------------------
elapsed time= 771.36 s.
-----------------------------------------------------------------------------------------
brc= 105-146
t= 0.888094 c= 249.703 n= 1 if_b4= 1
t= 14.9388 c= 285.554 n= 1 if_b4= 1
nodes already exists
memory usage= 8GB.
#########################################################################################
tree size= 0 lb= 51469.1 ub= 51506
#########################################################################################
idx= 4 value= 51469.1 enu= 0
brc= 73-316 : -
brc= 8-153 : -
brc= 39-90 : -
brc= 27-105 : -
brc= 73-149 : -
brc= 75-125 : +
brc= 90-163 : +
brc= 132-338 : -
brc= 105-146 : -
-----------------------------------------------------------------------------------------
 ****** Pricing Level: LIGHT HEUR ****** 
it= 12  ncol= 5417  ncstr= 1057 mt= 2.5   spt= 1.5   lpval= 51474.5   ub= 51506.0  
 ****** Pricing Level: HEAVY HEUR ****** 
it= 7   ncol= 5529  ncstr= 1057 mt= 2.0   spt= 1.8   lpval= 51474.0   ub= 51506.0  
 ****** Pricing Level: EXACT ****** 
it= 6   ncol= 6206  ncstr= 1057 mt= 1.9   spt= 59.4  lpval= 51473.1   ub= 51506.0  
-----------------------------------------------------------------------------------------
elapsed time= 847.98 s.
-----------------------------------------------------------------------------------------
-----------------------------------------------------------------------------------------
 ****** Run Arc Elimination ****** 
arc elimination time= 6.39 s.
-----------------------------------------------------------------------------------------
-----------------------------------------------------------------------------------------
elapsed time= 854.49 s.
-----------------------------------------------------------------------------------------
 ****** Separate RCCs ****** 
 ****** Separate Rank1Cuts ****** 
-----------------------------------------------------------------------------------------
 ****** Pricing Level: LIGHT HEUR ****** 
it= 8   ncol= 6379  ncstr= 1129 mt= 1.9   spt= 1.1   lpval= 51476.8   ub= 51506.0  
 ****** Pricing Level: HEAVY HEUR ****** 
it= 5   ncol= 6460  ncstr= 1129 mt= 0.9   spt= 1.3   lpval= 51476.8   ub= 51506.0  
 ****** Pricing Level: EXACT ****** 
it= 6   ncol= 7069  ncstr= 1129 mt= 2.8   spt= 65.3  lpval= 51476.2   ub= 51506.0  
-----------------------------------------------------------------------------------------
elapsed time= 952.98 s.
-----------------------------------------------------------------------------------------
-----------------------------------------------------------------------------------------
 ****** Run Arc Elimination ****** 
arc elimination time= 6.68 s.
-----------------------------------------------------------------------------------------
-----------------------------------------------------------------------------------------
elapsed time= 959.79 s.
-----------------------------------------------------------------------------------------
[1;36m[REMIND] eps= 77.940132 tail off hard time= 60.000000 in function setIfTailOff at /blue/yu.yang1/you.z/route_opt/packages/application/X-n359-k29/src/main/src/call_cutting.cpp:140[0m
current_r_best= 5.22686
alpha= 0.37 beta= 5.69296 omega= 281.167 k1= 20
lb_k= 1 ub_k= 37
revise: lb_k= 17 ub_k= 25
opt_k= 21
alpha= 0.75 beta= 5.69296 omega= 19.1149 k1= 3
lb_k= 1 ub_k= 3
revise: lb_k= 1 ub_k= 3
opt_k= 3
pseudo= 50 frac= 50
#candidates in phase1= 21
testing lp time= 44.22 s.
-----------------------------------------------------------------------------------------
 84-131 ,  24.14| 110-112 ,  21.93| 105-132 ,  16.64| 219-254 ,  11.48| 266-332 ,   9.39| 
 76-311 ,   7.69| 285-326 ,   7.53| 200-284 ,   7.43|  74-325 ,   6.81|  28-120 ,   6.46| 
200-285 ,   5.69| 311-326 ,   5.19|  78-253 ,   4.64|  33-81  ,   4.59|  98-219 ,   4.27| 
 27-44  ,   4.12|  37-166 ,   4.04|  44-338 ,   4.01|  78-120 ,   2.55| 330-343 ,   1.62| 
 79-137 ,   1.55| 
-----------------------------------------------------------------------------------------
edge= 105 132 lp= 1.87344 pre= 2 lp2= 8.88124 pre2= 2 score= 16.6385
-----------------------------------------------------------------------------------------
edge= 110 112 lp= 4.0424 pre= 2 lp2= 5.42419 pre2= 2 score= 21.9267
-----------------------------------------------------------------------------------------
edge= 84 131 lp= 8.55872 pre= 2 lp2= 2.82013 pre2= 2 score= 24.1367
-----------------------------------------------------------------------------------------
candidate= 84-131 : -
-----------------------------------------------------------------------------------------
-----------------------------------------------------------------------------------------
 ****** Pricing Level: LIGHT HEUR ****** 
it= 9   ncol= 4891  ncstr= 1048 mt= 1.7   spt= 1.2   lpval= 51484.8   ub= 51506.0  
 ****** Pricing Level: HEAVY HEUR ****** 
it= 6   ncol= 5004  ncstr= 1048 mt= 0.6   spt= 1.5   lpval= 51484.8   ub= 51506.0  
-----------------------------------------------------------------------------------------
elapsed time= 1023.82 s.
-----------------------------------------------------------------------------------------
candidate= 84-131 : +
-----------------------------------------------------------------------------------------
-----------------------------------------------------------------------------------------
 ****** Pricing Level: LIGHT HEUR ****** 
it= 16  ncol= 5109  ncstr= 1048 mt= 2.2   spt= 2.1   lpval= 51479.1   ub= 51506.0  
 ****** Pricing Level: HEAVY HEUR ****** 
it= 10  ncol= 5258  ncstr= 1048 mt= 1.7   spt= 2.6   lpval= 51478.8   ub= 51506.0  
-----------------------------------------------------------------------------------------
elapsed time= 1038.69 s.
-----------------------------------------------------------------------------------------
brc= 84-131
t= 0.943035 c= 236.406 n= 2 if_b4= 1
t= 13.8135 c= 263.823 n= 2 if_b4= 1
nodes already exists
memory usage= 8GB.
#########################################################################################
tree size= 0 lb= 51476.2 ub= 51506
#########################################################################################
idx= 6 value= 51476.2 enu= 0
brc= 73-316 : -
brc= 8-153 : -
brc= 39-90 : -
brc= 27-105 : -
brc= 73-149 : -
brc= 75-125 : +
brc= 90-163 : +
brc= 132-338 : -
brc= 105-146 : -
brc= 84-131 : -
-----------------------------------------------------------------------------------------
 ****** Pricing Level: LIGHT HEUR ****** 
it= 9   ncol= 4913  ncstr= 1047 mt= 1.7   spt= 1.1   lpval= 51484.8   ub= 51506.0  
 ****** Pricing Level: HEAVY HEUR ****** 
it= 8   ncol= 5038  ncstr= 1047 mt= 0.9   spt= 2.0   lpval= 51484.7   ub= 51506.0  
 ****** Pricing Level: EXACT ****** 
it= 7   ncol= 5966  ncstr= 1047 mt= 3.4   spt= 65.9  lpval= 51482.7   ub= 51506.0  
-----------------------------------------------------------------------------------------
elapsed time= 1120.83 s.
-----------------------------------------------------------------------------------------
-----------------------------------------------------------------------------------------
 ****** Run Arc Elimination ****** 
arc elimination time= 20.45 s.
previous= 26.5429% maximum= 2.68246%
eliminate bucket arcs time= 4.13 s.
obtain jump arcs time= 0.01 s.
-----------------------------------------------------------------------------------------
-----------------------------------------------------------------------------------------
elapsed time= 1145.54 s.
-----------------------------------------------------------------------------------------
-----------------------------------------------------------------------------------------
 ****** Try Enumeration ****** 
n= 6.17364 stop_b= 10 status= LABEL_FOR_LIMIT
#labels= 50417 #routes= 88
labeling 1 time= 0.31 s.
next try value > 51483.7
-----------------------------------------------------------------------------------------
elapsed time= 1146.03 s.
-----------------------------------------------------------------------------------------
 ****** Separate RCCs ****** 
 ****** Separate Rank1Cuts ****** 
-----------------------------------------------------------------------------------------
 ****** Pricing Level: LIGHT HEUR ****** 
it= 2   ncol= 5981  ncstr= 1119 mt= 1.4   spt= 0.1   lpval= 51486.4   ub= 51506.0  
 ****** Pricing Level: HEAVY HEUR ****** 
it= 4   ncol= 6031  ncstr= 1119 mt= 0.5   spt= 0.4   lpval= 51486.4   ub= 51506.0  
 ****** Pricing Level: EXACT ****** 
it= 6   ncol= 6742  ncstr= 1119 mt= 2.8   spt= 40.3  lpval= 51485.8   ub= 51506.0  
-----------------------------------------------------------------------------------------
elapsed time= 1203.74 s.
-----------------------------------------------------------------------------------------
-----------------------------------------------------------------------------------------
 ****** Run Arc Elimination ****** 
arc elimination time= 14.76 s.
previous= 89.4241% maximum= 2.39877%
eliminate bucket arcs time= 2.01 s.
obtain jump arcs time= 0.01 s.
-----------------------------------------------------------------------------------------
-----------------------------------------------------------------------------------------
elapsed time= 1220.65 s.
-----------------------------------------------------------------------------------------
-----------------------------------------------------------------------------------------
 ****** Try Enumeration ****** 
n= 6.21012 stop_b= 10 status= LABEL_FOR_LIMIT
#labels= 50631 #routes= 63
labeling 1 time= 0.18 s.
next try value > 51488.2
-----------------------------------------------------------------------------------------
elapsed time= 1221.01 s.
-----------------------------------------------------------------------------------------
 ****** Separate RCCs ****** 
 ****** Separate Rank1Cuts ****** 
-----------------------------------------------------------------------------------------
 ****** Pricing Level: LIGHT HEUR ****** 
it= 1   ncol= 6742  ncstr= 1156 mt= 1.5   spt= 0.0   lpval= 51488.1   ub= 51506.0  
 ****** Pricing Level: HEAVY HEUR ****** 
it= 3   ncol= 6752  ncstr= 1156 mt= 0.4   spt= 0.2   lpval= 51488.1   ub= 51506.0  
 ****** Pricing Level: EXACT ****** 
it= 5   ncol= 7066  ncstr= 1156 mt= 1.9   spt= 31.9  lpval= 51487.8   ub= 51506.0  
-----------------------------------------------------------------------------------------
elapsed time= 1280.80 s.
-----------------------------------------------------------------------------------------
-----------------------------------------------------------------------------------------
 ****** Run Arc Elimination ****** 
arc elimination time= 11.55 s.
previous= 91.9784% maximum= 2.20635%
eliminate bucket arcs time= 1.77 s.
obtain jump arcs time= 0.01 s.
-----------------------------------------------------------------------------------------
-----------------------------------------------------------------------------------------
elapsed time= 1294.26 s.
-----------------------------------------------------------------------------------------
-----------------------------------------------------------------------------------------
 ****** Try Enumeration ****** 
n= 6.26208 stop_b= 10 status= LABEL_FOR_LIMIT
#labels= 50040 #routes= 49
labeling 1 time= 0.16 s.
next try value > 51491.8
-----------------------------------------------------------------------------------------
elapsed time= 1294.60 s.
-----------------------------------------------------------------------------------------
 ****** Separate Rank1Cuts ****** 
-----------------------------------------------------------------------------------------
 ****** Pricing Level: LIGHT HEUR ****** 
it= 1   ncol= 7066  ncstr= 1166 mt= 1.5   spt= 0.0   lpval= 51489.0   ub= 51506.0  
 ****** Pricing Level: HEAVY HEUR ****** 
it= 2   ncol= 7072  ncstr= 1166 mt= 0.2   spt= 0.2   lpval= 51489.0   ub= 51506.0  
 ****** Pricing Level: EXACT ****** 
it= 4   ncol= 7715  ncstr= 1166 mt= 1.6   spt= 28.1  lpval= 51488.9   ub= 51506.0  
-----------------------------------------------------------------------------------------
elapsed time= 1350.38 s.
-----------------------------------------------------------------------------------------
 ****** Separate Rank1Cuts ****** 
-----------------------------------------------------------------------------------------
 ****** Pricing Level: LIGHT HEUR ****** 
it= 1   ncol= 7715  ncstr= 1183 mt= 1.7   spt= 0.1   lpval= 51490.2   ub= 51506.0  
 ****** Pricing Level: HEAVY HEUR ****** 
it= 2   ncol= 7726  ncstr= 1183 mt= 0.1   spt= 0.2   lpval= 51490.2   ub= 51506.0  
 ****** Pricing Level: EXACT ****** 
it= 5   ncol= 8013  ncstr= 1183 mt= 2.7   spt= 36.9  lpval= 51489.9   ub= 51506.0  
-----------------------------------------------------------------------------------------
elapsed time= 1418.34 s.
-----------------------------------------------------------------------------------------
-----------------------------------------------------------------------------------------
 ****** Run Arc Elimination ****** 
arc elimination time= 11.04 s.
previous= 91.613% maximum= 2.0213%
eliminate bucket arcs time= 1.84 s.
obtain jump arcs time= 0.01 s.
-----------------------------------------------------------------------------------------
-----------------------------------------------------------------------------------------
elapsed time= 1431.37 s.
-----------------------------------------------------------------------------------------
 ****** Separate Rank1Cuts ****** 
-----------------------------------------------------------------------------------------
 ****** Pricing Level: LIGHT HEUR ****** 
it= 1   ncol= 8013  ncstr= 1201 mt= 1.8   spt= 0.1   lpval= 51490.8   ub= 51506.0  
 ****** Pricing Level: HEAVY HEUR ****** 
it= 2   ncol= 8014  ncstr= 1201 mt= 0.1   spt= 0.2   lpval= 51490.8   ub= 51506.0  
 ****** Pricing Level: EXACT ****** 
it= 4   ncol= 8124  ncstr= 1201 mt= 1.4   spt= 29.9  lpval= 51490.7   ub= 51506.0  
-----------------------------------------------------------------------------------------
elapsed time= 1491.10 s.
-----------------------------------------------------------------------------------------
 ****** Separate Rank1Cuts ****** 
-----------------------------------------------------------------------------------------
 ****** Pricing Level: LIGHT HEUR ****** 
it= 4   ncol= 8176  ncstr= 1222 mt= 2.2   spt= 0.2   lpval= 51491.6   ub= 51506.0  
 ****** Pricing Level: HEAVY HEUR ****** 
it= 2   ncol= 8194  ncstr= 1222 mt= 0.3   spt= 0.2   lpval= 51491.6   ub= 51506.0  
 ****** Pricing Level: EXACT ****** 
it= 4   ncol= 8535  ncstr= 1222 mt= 1.8   spt= 32.5  lpval= 51491.5   ub= 51506.0  
-----------------------------------------------------------------------------------------
elapsed time= 1557.16 s.
-----------------------------------------------------------------------------------------
-----------------------------------------------------------------------------------------
 ****** Run Arc Elimination ****** 
arc elimination time= 10.39 s.
previous= 93.0427% maximum= 1.88067%
eliminate bucket arcs time= 1.90 s.
obtain jump arcs time= 0.01 s.
-----------------------------------------------------------------------------------------
-----------------------------------------------------------------------------------------
elapsed time= 1569.61 s.
-----------------------------------------------------------------------------------------
-----------------------------------------------------------------------------------------
 ****** Try Enumeration ****** 
n= 9.46434 stop_b= 10 status= LABEL_FOR_LIMIT
#labels= 50098 #routes= 58
labeling 1 time= 0.16 s.
next try value > 51494.6
-----------------------------------------------------------------------------------------
elapsed time= 1569.95 s.
-----------------------------------------------------------------------------------------
 ****** Separate Rank1Cuts ****** 
-----------------------------------------------------------------------------------------
 ****** Pricing Level: LIGHT HEUR ****** 
it= 3   ncol= 8566  ncstr= 1222 mt= 2.1   spt= 0.1   lpval= 51492.1   ub= 51506.0  
 ****** Pricing Level: HEAVY HEUR ****** 
it= 3   ncol= 8600  ncstr= 1222 mt= 0.4   spt= 0.2   lpval= 51492.1   ub= 51506.0  
 ****** Pricing Level: EXACT ****** 
it= 4   ncol= 8782  ncstr= 1222 mt= 1.9   spt= 31.8  lpval= 51492.0   ub= 51506.0  
-----------------------------------------------------------------------------------------
elapsed time= 1634.52 s.
-----------------------------------------------------------------------------------------
[1;36m[REMIND] 2: gap improved= 0.483529 ratio= 0.034545 threshold= 0.040000 in function increaseCondition2 at /blue/yu.yang1/you.z/route_opt/packages/application/X-n359-k29/src/main/src/call_cutting.cpp:74[0m
 ****** Separate Rank1Cuts ****** 
-----------------------------------------------------------------------------------------
 ****** Pricing Level: LIGHT HEUR ****** 
it= 1   ncol= 8782  ncstr= 1219 mt= 2.1   spt= 0.1   lpval= 51492.7   ub= 51506.0  
 ****** Pricing Level: HEAVY HEUR ****** 
it= 2   ncol= 8785  ncstr= 1219 mt= 0.2   spt= 0.1   lpval= 51492.7   ub= 51506.0  
 ****** Pricing Level: EXACT ****** 
it= 5   ncol= 8918  ncstr= 1219 mt= 2.0   spt= 41.3  lpval= 51492.7   ub= 51506.0  
-----------------------------------------------------------------------------------------
elapsed time= 1709.30 s.
-----------------------------------------------------------------------------------------
 ****** Separate RCCs ****** 
 ****** Separate Rank1Cuts ****** 
-----------------------------------------------------------------------------------------
 ****** Pricing Level: LIGHT HEUR ****** 
it= 1   ncol= 8918  ncstr= 1243 mt= 2.1   spt= 0.1   lpval= 51493.3   ub= 51506.0  
 ****** Pricing Level: HEAVY HEUR ****** 
it= 1   ncol= 8918  ncstr= 1243 mt= 0.0   spt= 0.1   lpval= 51493.3   ub= 51506.0  
 ****** Pricing Level: EXACT ****** 
it= 4   ncol= 9062  ncstr= 1243 mt= 2.3   spt= 34.7  lpval= 51493.2   ub= 51506.0  
-----------------------------------------------------------------------------------------
elapsed time= 1777.73 s.
-----------------------------------------------------------------------------------------
-----------------------------------------------------------------------------------------
 ****** Run Arc Elimination ****** 
arc elimination time= 8.98 s.
previous= 91.9464% maximum= 1.72921%
eliminate bucket arcs time= 1.95 s.
obtain jump arcs time= 0.01 s.
-----------------------------------------------------------------------------------------
-----------------------------------------------------------------------------------------
elapsed time= 1788.81 s.
-----------------------------------------------------------------------------------------
 ****** Separate RCCs ****** 
 ****** Separate Rank1Cuts ****** 
-----------------------------------------------------------------------------------------
 ****** Pricing Level: LIGHT HEUR ****** 
it= 1   ncol= 9062  ncstr= 1262 mt= 2.4   spt= 0.1   lpval= 51493.8   ub= 51506.0  
 ****** Pricing Level: HEAVY HEUR ****** 
it= 1   ncol= 9062  ncstr= 1262 mt= 0.0   spt= 0.1   lpval= 51493.8   ub= 51506.0  
 ****** Pricing Level: EXACT ****** 
it= 6   ncol= 9217  ncstr= 1262 mt= 2.9   spt= 52.3  lpval= 51493.7   ub= 51506.0  
-----------------------------------------------------------------------------------------
elapsed time= 1880.19 s.
-----------------------------------------------------------------------------------------
 ****** Separate RCCs ****** 
 ****** Separate Rank1Cuts ****** 
-----------------------------------------------------------------------------------------
 ****** Pricing Level: LIGHT HEUR ****** 
it= 2   ncol= 9247  ncstr= 1268 mt= 2.3   spt= 0.1   lpval= 51494.2   ub= 51506.0  
 ****** Pricing Level: HEAVY HEUR ****** 
it= 2   ncol= 9249  ncstr= 1268 mt= 0.1   spt= 0.1   lpval= 51494.2   ub= 51506.0  
 ****** Pricing Level: EXACT ****** 
it= 4   ncol= 9982  ncstr= 1268 mt= 2.2   spt= 35.0  lpval= 51494.2   ub= 51506.0  
-----------------------------------------------------------------------------------------
elapsed time= 1951.63 s.
-----------------------------------------------------------------------------------------
[1;36m[REMIND] 2: gap improved= 0.450423 ratio= 0.038028 threshold= 0.040000 in function increaseCondition2 at /blue/yu.yang1/you.z/route_opt/packages/application/X-n359-k29/src/main/src/call_cutting.cpp:74[0m
 ****** Separate Rank1Cuts ****** 
-----------------------------------------------------------------------------------------
 ****** Pricing Level: LIGHT HEUR ****** 
it= 2   ncol= 9983  ncstr= 1263 mt= 2.4   spt= 0.1   lpval= 51494.6   ub= 51506.0  
 ****** Pricing Level: HEAVY HEUR ****** 
it= 1   ncol= 9983  ncstr= 1263 mt= 0.0   spt= 0.1   lpval= 51494.6   ub= 51506.0  
 ****** Pricing Level: EXACT ****** 
it= 5   ncol= 6751  ncstr= 1263 mt= 2.3   spt= 46.3  lpval= 51494.5   ub= 51506.0  
-----------------------------------------------------------------------------------------
elapsed time= 2035.84 s.
-----------------------------------------------------------------------------------------
-----------------------------------------------------------------------------------------
 ****** Run Arc Elimination ****** 
arc elimination time= 8.40 s.
previous= 93.9333% maximum= 1.62431%
eliminate bucket arcs time= 1.91 s.
obtain jump arcs time= 0.01 s.
-----------------------------------------------------------------------------------------
-----------------------------------------------------------------------------------------
elapsed time= 2046.31 s.
-----------------------------------------------------------------------------------------
-----------------------------------------------------------------------------------------
 ****** Try Enumeration ****** 
n= 9.48028 stop_b= 10 status= LABEL_FOR_LIMIT
#labels= 50030 #routes= 65
labeling 1 time= 0.18 s.
next try value > 51496.9
-----------------------------------------------------------------------------------------
elapsed time= 2046.68 s.
-----------------------------------------------------------------------------------------
[1;36m[REMIND] 2: gap improved= 0.359014 ratio= 0.031258 threshold= 0.040000 in function increaseCondition2 at /blue/yu.yang1/you.z/route_opt/packages/application/X-n359-k29/src/main/src/call_cutting.cpp:74[0m
[1;36m[REMIND] tail off counter= 3 threshold= 3 in function setIfTailOff at /blue/yu.yang1/you.z/route_opt/packages/application/X-n359-k29/src/main/src/call_cutting.cpp:150[0m
current_r_best= 13.38
alpha= 0.37 beta= 0.858411 omega= 250.686 k1= 7
lb_k= 1 ub_k= 37
revise: lb_k= 6 ub_k= 8
opt_k= 7
alpha= 0.75 beta= 0.858411 omega= 19.099 k1= 3
lb_k= 1 ub_k= 3
revise: lb_k= 2 ub_k= 3
opt_k= 3
pseudo= 50 frac= 50
#candidates in phase1= 7
testing lp time= 13.36 s.
-----------------------------------------------------------------------------------------
118-164 ,  15.20|  84-338 ,  11.58|  98-166 ,   7.91| 105-131 ,   6.49|   7-90  ,   5.65| 
105-152 ,   3.33|  37-166 ,   3.01| 
-----------------------------------------------------------------------------------------
edge= 98 166 lp= 0.916515 pre= 0 lp2= 8.63189 pre2= 1 score= 7.91125
-----------------------------------------------------------------------------------------
edge= 84 338 lp= 1.02406 pre= 0 lp2= 11.3108 pre2= 1 score= 11.5829
-----------------------------------------------------------------------------------------
edge= 118 164 lp= 5.51765 pre= 2 lp2= 2.75472 pre2= 0 score= 15.1996
-----------------------------------------------------------------------------------------
candidate= 118-164 : -
-----------------------------------------------------------------------------------------
-----------------------------------------------------------------------------------------
 ****** Pricing Level: LIGHT HEUR ****** 
it= 5   ncol= 4609  ncstr= 1216 mt= 2.2   spt= 0.2   lpval= 51500.0   ub= 51506.0  
 ****** Pricing Level: HEAVY HEUR ****** 
it= 4   ncol= 4660  ncstr= 1216 mt= 1.3   spt= 0.3   lpval= 51499.7   ub= 51506.0  
-----------------------------------------------------------------------------------------
elapsed time= 2082.12 s.
-----------------------------------------------------------------------------------------
brc= 118-164
t= 0.945897 c= 433.638 n= 3 if_b4= 1
t= 11.8828 c= 455.11 n= 3 if_b4= 1
nodes already exists
memory usage= 12GB.
#########################################################################################
tree size= 0 lb= 51494.5 ub= 51506
#########################################################################################
idx= 8 value= 51494.5 enu= 0
brc= 73-316 : -
brc= 8-153 : -
brc= 39-90 : -
brc= 27-105 : -
brc= 73-149 : -
brc= 75-125 : +
brc= 90-163 : +
brc= 132-338 : -
brc= 105-146 : -
brc= 84-131 : -
brc= 118-164 : -
-----------------------------------------------------------------------------------------
 ****** Pricing Level: LIGHT HEUR ****** 
it= 6   ncol= 4552  ncstr= 1215 mt= 2.2   spt= 0.2   lpval= 51500.0   ub= 51506.0  
 ****** Pricing Level: HEAVY HEUR ****** 
it= 4   ncol= 4594  ncstr= 1215 mt= 1.4   spt= 0.3   lpval= 51499.7   ub= 51506.0  
 ****** Pricing Level: EXACT ****** 
it= 5   ncol= 5373  ncstr= 1215 mt= 4.0   spt= 42.3  lpval= 51498.2   ub= 51506.0  
-----------------------------------------------------------------------------------------
elapsed time= 2137.23 s.
-----------------------------------------------------------------------------------------
-----------------------------------------------------------------------------------------
 ****** Run Arc Elimination ****** 
arc elimination time= 4.65 s.
previous= 78.375% maximum= 1.27206%
eliminate bucket arcs time= 1.76 s.
obtain jump arcs time= 0.01 s.
-----------------------------------------------------------------------------------------
-----------------------------------------------------------------------------------------
elapsed time= 2143.77 s.
-----------------------------------------------------------------------------------------
-----------------------------------------------------------------------------------------
 ****** Try Enumeration ****** 
#labels= 114877 #routes= 266
labeling 1 time= 0.57 s.
concatenate time= 0.20 s.
#routes= 36011
average gap of successful enumeration= 0.000131329
next try value > 51495.6
-----------------------------------------------------------------------------------------
elapsed time= 2144.71 s.
-----------------------------------------------------------------------------------------
 ****** Process Enumeration Matrix ****** 
delete non-ele routes lp val= 51498.4
recover rank1c lp val= 51501.5
recover rcc lp val= 51503
obtain rcc coefficient time= 0.05 s.
obtain r1c coefficient time= 0.07 s.
obtain matrix from triplets time= 0.13 s.
delete columns by branch time= 0.00 s.
columns pending deletion= 20 remain= 36011 col ratio= 0.999445 row ratio= 1
regenerate enumeration matrix time= 0.00 s.
-----------------------------------------------------------------------------------------
elapsed time= 2189.43 s.
-----------------------------------------------------------------------------------------
it= 8   ncol= 4563  ncstr= 1158 mt= 3.4   spt= 0.0   lpval= 51501.9   ub= 51506.0  
-----------------------------------------------------------------------------------------
elapsed time= 2192.98 s.
-----------------------------------------------------------------------------------------
delete columns= 31109 remain= 4902
 ****** Separate RCCs ****** 
 ****** Separate Rank1Cuts ****** 
it= 5   ncol= 3012  ncstr= 1147 mt= 1.4   spt= 0.0   lpval= 51503.8   ub= 51506.0  
-----------------------------------------------------------------------------------------
elapsed time= 2201.47 s.
-----------------------------------------------------------------------------------------
delete columns= 3070 remain= 1832
mip: row= 1032 col= 3784 density= 5.51719%
mip time= 0.59 s.
mip status= 3
update f from 0 to 2.2293
#########################################################################################
[32m<Instance: X-n359-k29>
<Solution>
<UB= 51506>
<LB= 51506>
<Elapsed Time= 2202.1>
<Nodes Explored= 5>
<Global Gap= 0%>[0m
#########################################################################################
File nodes/X-n359-k29_5_0_G32.node deleted successfully.
