application type: CVRP
X-n359-k29_2_3_0_0_G32.node
Set parameter ServerTimeout to value 600
Set parameter TokenServer to value "grb-ts.ufhpc"
Set parameter Threads to value 1
instance name= X-n359-k29
#########################################################################################
tree size= 0 lb= 0 ub= 51506
#########################################################################################
idx= 1 value= 51446.6 enu= 0
brc= 73-316 : -
brc= 8-153 : -
brc= 39-90 : +
brc= 0-111 : -
brc= 37-166 : -
brc= 73-149 : -
brc= 88-117 : +
brc= 21-52 : +
brc= 52-312 : +
-----------------------------------------------------------------------------------------
 ****** Pricing Level: LIGHT HEUR ****** 
it= 22  ncol= 5587  ncstr= 1057 mt= 6.9   spt= 2.4   lpval= 51481.2   ub= 51506.0  
 ****** Pricing Level: HEAVY HEUR ****** 
it= 11  ncol= 5784  ncstr= 1057 mt= 7.8   spt= 2.7   lpval= 51465.0   ub= 51506.0  
 ****** Pricing Level: EXACT ****** 
it= 7   ncol= 8097  ncstr= 1057 mt= 6.1   spt= 74.4  lpval= 51460.1   ub= 51506.0  
-----------------------------------------------------------------------------------------
elapsed time= 123.91 s.
-----------------------------------------------------------------------------------------
-----------------------------------------------------------------------------------------
 ****** Run Arc Elimination ****** 
arc elimination time= 10.26 s.
-----------------------------------------------------------------------------------------
-----------------------------------------------------------------------------------------
elapsed time= 134.70 s.
-----------------------------------------------------------------------------------------
 ****** Separate RCCs ****** 
 ****** Separate Rank1Cuts ****** 
-----------------------------------------------------------------------------------------
 ****** Pricing Level: LIGHT HEUR ****** 
it= 2   ncol= 8106  ncstr= 1079 mt= 1.7   spt= 0.3   lpval= 51468.0   ub= 51506.0  
 ****** Pricing Level: HEAVY HEUR ****** 
it= 6   ncol= 8146  ncstr= 1079 mt= 0.4   spt= 1.6   lpval= 51468.0   ub= 51506.0  
 ****** Pricing Level: EXACT ****** 
it= 2   ncol= 8406  ncstr= 1079 mt= 2.0   spt= 21.9  lpval= 51466.8   ub= 51506.0  
-----------------------------------------------------------------------------------------
elapsed time= 185.87 s.
-----------------------------------------------------------------------------------------
#########################################################################################
[1;36m[REMIND] roll back to the previous cutting iteration! in function rollbackEasyWay at /blue/yu.yang1/you.z/route_opt/packages/application/X-n359-k29/src/main/src/call_cutting.cpp:38[0m
#########################################################################################
[1;36m[REMIND] opt_k not found for node 1, use m directly in function getOptK at /blue/yu.yang1/you.z/route_opt/packages/branching/bkf/include/bkf_controller.hpp:239[0m
current_r_best= 9.84658
we directly test 100
we directly test 4
pseudo= 50 frac= 50
#candidates in phase1= 100
testing lp time= 196.97 s.
-----------------------------------------------------------------------------------------
  9-229 ,  45.54| 127-328 ,  33.56| 229-251 ,  32.68|   0-328 ,  29.66|  10-328 ,  29.66| 
328-357 ,  29.41| 205-303 ,  29.07| 127-159 ,  27.35|  73-303 ,  25.09| 266-332 ,  22.02| 
 82-88  ,  20.69|  82-142 ,  18.71|   0-119 ,  18.70|  28-120 ,  17.05|   0-73  ,  15.83| 
134-317 ,  15.32|  73-175 ,  13.67|  42-193 ,  13.50|   9-134 ,  13.12|   0-28  ,  12.77| 
  0-159 ,  12.53|  29-88  ,  11.61|  28-115 ,  10.71|   9-120 ,  10.60|  42-93  ,  10.37| 
 18-93  ,  10.15|  70-265 ,   9.67| 119-149 ,   9.37|  35-339 ,   8.79|  73-106 ,   8.68| 
106-277 ,   8.54| 149-277 ,   8.06|  54-210 ,   7.67|  25-275 ,   7.55| 175-203 ,   7.50| 
 99-199 ,   7.40|  54-196 ,   6.76|  72-234 ,   6.76| 319-327 ,   6.63| 223-239 ,   6.35| 
110-112 ,   6.24|   0-347 ,   6.08|  89-305 ,   6.08|   0-31  ,   6.06| 260-268 ,   5.62| 
  1-90  ,   5.61|  33-334 ,   5.39| 111-141 ,   5.25|  98-254 ,   5.21|   7-166 ,   5.20| 
 49-181 ,   5.18|   0-100 ,   5.15| 110-111 ,   5.09|   0-210 ,   4.94| 212-258 ,   4.93| 
 89-354 ,   4.83|  69-244 ,   4.81| 212-268 ,   4.80|  59-120 ,   4.79| 274-294 ,   4.48| 
  0-105 ,   4.46|  83-105 ,   4.46|  48-60  ,   4.40|   5-252 ,   3.98|  69-241 ,   3.95| 
143-215 ,   3.89|  33-292 ,   3.75|  48-108 ,   3.56| 257-276 ,   3.54| 330-332 ,   3.38| 
 81-227 ,   3.00| 241-323 ,   2.98|   0-285 ,   2.85| 305-354 ,   2.74| 201-250 ,   2.71| 
120-130 ,   2.65|  47-178 ,   2.53| 244-323 ,   2.42| 228-256 ,   2.35| 240-332 ,   2.26| 
  0-48  ,   2.23|   0-3   ,   2.23| 321-337 ,   2.17|  83-84  ,   2.15|   0-193 ,   2.12| 
  0-81  ,   1.96|  18-109 ,   1.71|  16-224 ,   1.61|  70-241 ,   1.59| 231-240 ,   1.46| 
277-316 ,   1.46| 180-336 ,   1.41|   0-304 ,   1.37|  47-109 ,   1.33| 188-308 ,   1.33| 
  0-270 ,   1.21| 206-216 ,   1.11|  23-139 ,   1.04|   0-149 ,   1.01| 315-330 ,   0.53| 
-----------------------------------------------------------------------------------------
edge= 0 328 lp= 3.50168 pre= 2 lp2= 8.46909 pre2= 2 score= 29.6561
-----------------------------------------------------------------------------------------
edge= 229 251 lp= 10.885 pre= 2 lp2= 3.00184 pre2= 2 score= 32.6752
-----------------------------------------------------------------------------------------
edge= 127 328 lp= 2.59996 pre= 2 lp2= 12.9076 pre2= 2 score= 33.5594
-----------------------------------------------------------------------------------------
edge= 9 229 lp= 2.28267 pre= 2 lp2= 19.9481 pre2= 2 score= 45.535
-----------------------------------------------------------------------------------------
candidate= 9-229 : -
-----------------------------------------------------------------------------------------
-----------------------------------------------------------------------------------------
 ****** Pricing Level: LIGHT HEUR ****** 
it= 2   ncol= 5428  ncstr= 947  mt= 1.2   spt= 0.3   lpval= 51462.4   ub= 51506.0  
 ****** Pricing Level: HEAVY HEUR ****** 
it= 4   ncol= 5453  ncstr= 947  mt= 0.5   spt= 1.0   lpval= 51462.4   ub= 51506.0  
-----------------------------------------------------------------------------------------
elapsed time= 388.32 s.
-----------------------------------------------------------------------------------------
candidate= 9-229 : +
-----------------------------------------------------------------------------------------
-----------------------------------------------------------------------------------------
 ****** Pricing Level: LIGHT HEUR ****** 
it= 5   ncol= 5478  ncstr= 947  mt= 2.2   spt= 0.7   lpval= 51479.2   ub= 51506.0  
 ****** Pricing Level: HEAVY HEUR ****** 
it= 10  ncol= 5636  ncstr= 947  mt= 4.0   spt= 2.6   lpval= 51475.2   ub= 51506.0  
-----------------------------------------------------------------------------------------
elapsed time= 400.25 s.
-----------------------------------------------------------------------------------------
brc= 9-229
t= 0.984877 c= 179.873 n= 0 if_b4= 1
t= 7.93836 c= 270.422 n= 0 if_b4= 1
nodes already exists
memory usage= 8GB.
#########################################################################################
tree size= 0 lb= 51460.1 ub= 51506
#########################################################################################
idx= 2 value= 51460.1 enu= 0
brc= 73-316 : -
brc= 8-153 : -
brc= 39-90 : +
brc= 0-111 : -
brc= 37-166 : -
brc= 73-149 : -
brc= 88-117 : +
brc= 21-52 : +
brc= 52-312 : +
brc= 9-229 : -
-----------------------------------------------------------------------------------------
 ****** Pricing Level: LIGHT HEUR ****** 
it= 2   ncol= 5354  ncstr= 946  mt= 1.3   spt= 0.3   lpval= 51462.4   ub= 51506.0  
 ****** Pricing Level: HEAVY HEUR ****** 
it= 4   ncol= 5376  ncstr= 946  mt= 0.4   spt= 1.0   lpval= 51462.4   ub= 51506.0  
 ****** Pricing Level: EXACT ****** 
it= 4   ncol= 5557  ncstr= 946  mt= 1.2   spt= 42.5  lpval= 51462.2   ub= 51506.0  
-----------------------------------------------------------------------------------------
elapsed time= 450.41 s.
-----------------------------------------------------------------------------------------
 ****** Separate RCCs ****** 
 ****** Separate Rank1Cuts ****** 
-----------------------------------------------------------------------------------------
 ****** Pricing Level: LIGHT HEUR ****** 
it= 2   ncol= 5558  ncstr= 1049 mt= 1.3   spt= 0.3   lpval= 51468.7   ub= 51506.0  
 ****** Pricing Level: HEAVY HEUR ****** 
it= 6   ncol= 5575  ncstr= 1049 mt= 0.4   spt= 1.6   lpval= 51468.7   ub= 51506.0  
 ****** Pricing Level: EXACT ****** 
it= 5   ncol= 6119  ncstr= 1049 mt= 1.6   spt= 53.3  lpval= 51468.3   ub= 51506.0  
-----------------------------------------------------------------------------------------
elapsed time= 521.10 s.
-----------------------------------------------------------------------------------------
-----------------------------------------------------------------------------------------
 ****** Run Arc Elimination ****** 
arc elimination time= 7.82 s.
-----------------------------------------------------------------------------------------
-----------------------------------------------------------------------------------------
elapsed time= 529.03 s.
-----------------------------------------------------------------------------------------
[1;36m[REMIND] eps= 61.111506 tail off hard time= 60.000000 in function setIfTailOff at /blue/yu.yang1/you.z/route_opt/packages/application/X-n359-k29/src/main/src/call_cutting.cpp:140[0m
current_r_best= 5.86655
alpha= 0.37 beta= 6.43179 omega= 182.635 k1= 18
lb_k= 1 ub_k= 37
revise: lb_k= 14 ub_k= 22
opt_k= 19
alpha= 0.75 beta= 6.43179 omega= 34.0652 k1= 3
lb_k= 1 ub_k= 3
revise: lb_k= 1 ub_k= 3
opt_k= 3
pseudo= 50 frac= 50
#candidates in phase1= 19
testing lp time= 32.20 s.
-----------------------------------------------------------------------------------------
110-112 ,  38.96|  83-105 ,  34.15|  26-34  ,  24.32|  85-110 ,  23.86|  82-142 ,  19.08| 
328-357 ,  13.16|  28-120 ,  10.12| 191-197 ,   9.54|  18-93  ,   6.56|  13-26  ,   6.19| 
319-327 ,   6.03| 207-306 ,   4.24|  42-193 ,   4.19| 184-223 ,   3.17| 143-334 ,   2.69| 
  0-28  ,   2.45|  57-287 ,   1.45|  36-348 ,   0.97|   0-276 ,   0.51| 
-----------------------------------------------------------------------------------------
edge= 26 34 lp= 2.62246 pre= 2 lp2= 9.27407 pre2= 2 score= 24.3209
-----------------------------------------------------------------------------------------
edge= 83 105 lp= 4.32246 pre= 2 lp2= 7.90062 pre2= 2 score= 34.1501
-----------------------------------------------------------------------------------------
edge= 110 112 lp= 7.90063 pre= 2 lp2= 4.93176 pre2= 2 score= 38.964
-----------------------------------------------------------------------------------------
candidate= 110-112 : -
-----------------------------------------------------------------------------------------
-----------------------------------------------------------------------------------------
 ****** Pricing Level: LIGHT HEUR ****** 
it= 19  ncol= 4600  ncstr= 951  mt= 5.1   spt= 2.4   lpval= 51474.0   ub= 51506.0  
 ****** Pricing Level: HEAVY HEUR ****** 
it= 11  ncol= 4834  ncstr= 951  mt= 3.9   spt= 2.8   lpval= 51472.1   ub= 51506.0  
-----------------------------------------------------------------------------------------
elapsed time= 588.67 s.
-----------------------------------------------------------------------------------------
candidate= 83-105 : -
-----------------------------------------------------------------------------------------
-----------------------------------------------------------------------------------------
 ****** Pricing Level: LIGHT HEUR ****** 
it= 8   ncol= 4279  ncstr= 951  mt= 1.3   spt= 1.0   lpval= 51472.6   ub= 51506.0  
 ****** Pricing Level: HEAVY HEUR ****** 
it= 5   ncol= 4375  ncstr= 951  mt= 0.7   spt= 1.3   lpval= 51472.4   ub= 51506.0  
-----------------------------------------------------------------------------------------
elapsed time= 595.08 s.
-----------------------------------------------------------------------------------------
candidate= 83-105 : +
-----------------------------------------------------------------------------------------
-----------------------------------------------------------------------------------------
 ****** Pricing Level: LIGHT HEUR ****** 
it= 30  ncol= 4973  ncstr= 951  mt= 6.6   spt= 3.8   lpval= 51474.2   ub= 51506.0  
it= 33  ncol= 4976  ncstr= 951  mt= 0.1   spt= 0.4   lpval= 51474.2   ub= 51506.0  
 ****** Pricing Level: HEAVY HEUR ****** 
it= 30  ncol= 5858  ncstr= 951  mt= 6.1   spt= 7.6   lpval= 51472.4   ub= 51506.0  
it= 44  ncol= 6039  ncstr= 951  mt= 3.1   spt= 3.6   lpval= 51472.4   ub= 51506.0  
-----------------------------------------------------------------------------------------
elapsed time= 640.00 s.
-----------------------------------------------------------------------------------------
candidate= 26-34 : -
-----------------------------------------------------------------------------------------
-----------------------------------------------------------------------------------------
 ****** Pricing Level: LIGHT HEUR ****** 
it= 9   ncol= 4269  ncstr= 951  mt= 1.3   spt= 1.2   lpval= 51470.9   ub= 51506.0  
 ****** Pricing Level: HEAVY HEUR ****** 
it= 7   ncol= 4386  ncstr= 951  mt= 0.5   spt= 1.8   lpval= 51470.8   ub= 51506.0  
-----------------------------------------------------------------------------------------
elapsed time= 647.52 s.
-----------------------------------------------------------------------------------------
candidate= 26-34 : +
-----------------------------------------------------------------------------------------
-----------------------------------------------------------------------------------------
 ****** Pricing Level: LIGHT HEUR ****** 
it= 22  ncol= 4564  ncstr= 951  mt= 8.9   spt= 2.8   lpval= 51473.8   ub= 51506.0  
 ****** Pricing Level: HEAVY HEUR ****** 
it= 13  ncol= 4827  ncstr= 951  mt= 3.9   spt= 3.3   lpval= 51471.7   ub= 51506.0  
-----------------------------------------------------------------------------------------
elapsed time= 672.49 s.
-----------------------------------------------------------------------------------------
candidate= 110-112 : +
-----------------------------------------------------------------------------------------
-----------------------------------------------------------------------------------------
 ****** Pricing Level: LIGHT HEUR ****** 
it= 8   ncol= 4248  ncstr= 951  mt= 1.2   spt= 1.0   lpval= 51473.2   ub= 51506.0  
 ****** Pricing Level: HEAVY HEUR ****** 
it= 7   ncol= 4359  ncstr= 951  mt= 0.8   spt= 1.8   lpval= 51472.8   ub= 51506.0  
-----------------------------------------------------------------------------------------
elapsed time= 679.83 s.
-----------------------------------------------------------------------------------------
brc= 110-112
t= 0.916174 c= 185.121 n= 1 if_b4= 1
t= 13.1748 c= 210.83 n= 1 if_b4= 1
nodes already exists
memory usage= 8GB.
#########################################################################################
tree size= 0 lb= 51468.3 ub= 51506
#########################################################################################
idx= 4 value= 51468.3 enu= 0
brc= 73-316 : -
brc= 8-153 : -
brc= 39-90 : +
brc= 0-111 : -
brc= 37-166 : -
brc= 73-149 : -
brc= 88-117 : +
brc= 21-52 : +
brc= 52-312 : +
brc= 9-229 : -
brc= 110-112 : -
-----------------------------------------------------------------------------------------
 ****** Pricing Level: LIGHT HEUR ****** 
it= 20  ncol= 4575  ncstr= 950  mt= 4.9   spt= 2.5   lpval= 51474.1   ub= 51506.0  
 ****** Pricing Level: HEAVY HEUR ****** 
it= 11  ncol= 4786  ncstr= 950  mt= 3.8   spt= 2.8   lpval= 51472.0   ub= 51506.0  
 ****** Pricing Level: EXACT ****** 
it= 6   ncol= 5809  ncstr= 950  mt= 2.0   spt= 60.2  lpval= 51470.5   ub= 51506.0  
-----------------------------------------------------------------------------------------
elapsed time= 764.14 s.
-----------------------------------------------------------------------------------------
 ****** Separate RCCs ****** 
 ****** Separate Rank1Cuts ****** 
-----------------------------------------------------------------------------------------
 ****** Pricing Level: LIGHT HEUR ****** 
it= 1   ncol= 5809  ncstr= 1031 mt= 1.3   spt= 0.2   lpval= 51475.7   ub= 51506.0  
 ****** Pricing Level: HEAVY HEUR ****** 
it= 3   ncol= 5827  ncstr= 1031 mt= 0.5   spt= 0.8   lpval= 51475.7   ub= 51506.0  
 ****** Pricing Level: EXACT ****** 
it= 4   ncol= 6155  ncstr= 1031 mt= 2.2   spt= 41.7  lpval= 51474.4   ub= 51506.0  
-----------------------------------------------------------------------------------------
elapsed time= 821.79 s.
-----------------------------------------------------------------------------------------
-----------------------------------------------------------------------------------------
 ****** Run Arc Elimination ****** 
arc elimination time= 6.16 s.
-----------------------------------------------------------------------------------------
-----------------------------------------------------------------------------------------
elapsed time= 828.06 s.
-----------------------------------------------------------------------------------------
 ****** Separate RCCs ****** 
 ****** Separate Rank1Cuts ****** 
-----------------------------------------------------------------------------------------
 ****** Pricing Level: LIGHT HEUR ****** 
it= 6   ncol= 6301  ncstr= 1098 mt= 1.5   spt= 0.9   lpval= 51478.4   ub= 51506.0  
 ****** Pricing Level: HEAVY HEUR ****** 
it= 2   ncol= 6305  ncstr= 1098 mt= 0.2   spt= 0.6   lpval= 51478.4   ub= 51506.0  
 ****** Pricing Level: EXACT ****** 
it= 4   ncol= 6591  ncstr= 1098 mt= 2.2   spt= 45.2  lpval= 51477.7   ub= 51506.0  
-----------------------------------------------------------------------------------------
elapsed time= 900.06 s.
-----------------------------------------------------------------------------------------
-----------------------------------------------------------------------------------------
 ****** Run Arc Elimination ****** 
arc elimination time= 6.17 s.
-----------------------------------------------------------------------------------------
-----------------------------------------------------------------------------------------
elapsed time= 906.34 s.
-----------------------------------------------------------------------------------------
 ****** Separate RCCs ****** 
 ****** Separate Rank1Cuts ****** 
-----------------------------------------------------------------------------------------
 ****** Pricing Level: LIGHT HEUR ****** 
it= 2   ncol= 6592  ncstr= 1140 mt= 1.3   spt= 0.3   lpval= 51480.1   ub= 51506.0  
 ****** Pricing Level: HEAVY HEUR ****** 
it= 2   ncol= 6599  ncstr= 1140 mt= 0.4   spt= 0.6   lpval= 51480.1   ub= 51506.0  
 ****** Pricing Level: EXACT ****** 
it= 1   ncol= 6599  ncstr= 1140 mt= 0.0   spt= 10.5  lpval= 51480.1   ub= 51506.0  
-----------------------------------------------------------------------------------------
elapsed time= 939.58 s.
-----------------------------------------------------------------------------------------
#########################################################################################
[1;36m[REMIND] roll back to the previous cutting iteration! in function rollbackEasyWay at /blue/yu.yang1/you.z/route_opt/packages/application/X-n359-k29/src/main/src/call_cutting.cpp:38[0m
#########################################################################################
current_r_best= 6.93648
alpha= 0.37 beta= 4.07652 omega= 202.059 k1= 14
lb_k= 1 ub_k= 37
revise: lb_k= 12 ub_k= 18
opt_k= 15
alpha= 0.75 beta= 4.07652 omega= 16.0025 k1= 3
lb_k= 1 ub_k= 3
revise: lb_k= 1 ub_k= 3
opt_k= 3
pseudo= 50 frac= 50
#candidates in phase1= 15
testing lp time= 28.08 s.
-----------------------------------------------------------------------------------------
  9-251 ,  10.59|  88-159 ,   9.21| 229-251 ,   8.60|  42-193 ,   7.86|   0-28  ,   4.73| 
 72-234 ,   4.26|  42-93  ,   3.77|  83-84  ,   3.19|   0-18  ,   2.80| 330-334 ,   2.77| 
 78-229 ,   2.50| 149-277 ,   2.15| 225-283 ,   1.48| 267-313 ,   1.19|   4-346 ,   0.83| 
-----------------------------------------------------------------------------------------
edge= 229 251 lp= 4.95684 pre= 2 lp2= 1.73397 pre2= 2 score= 8.59501
-----------------------------------------------------------------------------------------
edge= 88 159 lp= 0.526041 pre= 2 lp2= 17.4991 pre2= 2 score= 9.20525
-----------------------------------------------------------------------------------------
edge= 9 251 lp= 0.670582 pre= 2 lp2= 15.7892 pre2= 2 score= 10.5879
-----------------------------------------------------------------------------------------
candidate= 9-251 : -
-----------------------------------------------------------------------------------------
-----------------------------------------------------------------------------------------
 ****** Pricing Level: LIGHT HEUR ****** 
it= 1   ncol= 4417  ncstr= 989  mt= 1.2   spt= 0.2   lpval= 51478.4   ub= 51506.0  
 ****** Pricing Level: HEAVY HEUR ****** 
it= 3   ncol= 4422  ncstr= 989  mt= 0.1   spt= 0.8   lpval= 51478.4   ub= 51506.0  
-----------------------------------------------------------------------------------------
elapsed time= 972.12 s.
-----------------------------------------------------------------------------------------
candidate= 9-251 : +
-----------------------------------------------------------------------------------------
-----------------------------------------------------------------------------------------
 ****** Pricing Level: LIGHT HEUR ****** 
it= 6   ncol= 4505  ncstr= 989  mt= 2.7   spt= 0.8   lpval= 51492.8   ub= 51506.0  
 ****** Pricing Level: HEAVY HEUR ****** 
it= 9   ncol= 4627  ncstr= 989  mt= 2.8   spt= 2.3   lpval= 51491.2   ub= 51506.0  
-----------------------------------------------------------------------------------------
elapsed time= 983.38 s.
-----------------------------------------------------------------------------------------
candidate= 88-159 : -
-----------------------------------------------------------------------------------------
-----------------------------------------------------------------------------------------
 ****** Pricing Level: LIGHT HEUR ****** 
it= 1   ncol= 4417  ncstr= 989  mt= 1.2   spt= 0.1   lpval= 51478.2   ub= 51506.0  
 ****** Pricing Level: HEAVY HEUR ****** 
it= 2   ncol= 4418  ncstr= 989  mt= 0.3   spt= 0.6   lpval= 51478.2   ub= 51506.0  
-----------------------------------------------------------------------------------------
elapsed time= 985.97 s.
-----------------------------------------------------------------------------------------
brc= 9-251
t= 0.92279 c= 212.728 n= 2 if_b4= 1
t= 10.6512 c= 231.746 n= 2 if_b4= 1
nodes already exists
memory usage= 8GB.
#########################################################################################
tree size= 0 lb= 51477.7 ub= 51506
#########################################################################################
idx= 6 value= 51477.7 enu= 0
brc= 73-316 : -
brc= 8-153 : -
brc= 39-90 : +
brc= 0-111 : -
brc= 37-166 : -
brc= 73-149 : -
brc= 88-117 : +
brc= 21-52 : +
brc= 52-312 : +
brc= 9-229 : -
brc= 110-112 : -
brc= 9-251 : -
-----------------------------------------------------------------------------------------
 ****** Pricing Level: LIGHT HEUR ****** 
it= 1   ncol= 4412  ncstr= 988  mt= 1.2   spt= 0.1   lpval= 51478.4   ub= 51506.0  
 ****** Pricing Level: HEAVY HEUR ****** 
it= 3   ncol= 4417  ncstr= 988  mt= 0.1   spt= 0.8   lpval= 51478.4   ub= 51506.0  
 ****** Pricing Level: EXACT ****** 
it= 3   ncol= 4595  ncstr= 988  mt= 0.4   spt= 33.2  lpval= 51478.4   ub= 51506.0  
-----------------------------------------------------------------------------------------
elapsed time= 1024.96 s.
-----------------------------------------------------------------------------------------
 ****** Separate RCCs ****** 
 ****** Separate Rank1Cuts ****** 
-----------------------------------------------------------------------------------------
 ****** Pricing Level: LIGHT HEUR ****** 
it= 1   ncol= 4595  ncstr= 1087 mt= 1.0   spt= 0.2   lpval= 51480.6   ub= 51506.0  
 ****** Pricing Level: HEAVY HEUR ****** 
it= 3   ncol= 4618  ncstr= 1087 mt= 0.4   spt= 0.8   lpval= 51480.6   ub= 51506.0  
 ****** Pricing Level: EXACT ****** 
it= 1   ncol= 4618  ncstr= 1087 mt= 0.0   spt= 10.2  lpval= 51480.6   ub= 51506.0  
-----------------------------------------------------------------------------------------
elapsed time= 1047.89 s.
-----------------------------------------------------------------------------------------
#########################################################################################
[1;36m[REMIND] roll back to the previous cutting iteration! in function rollbackEasyWay at /blue/yu.yang1/you.z/route_opt/packages/application/X-n359-k29/src/main/src/call_cutting.cpp:38[0m
#########################################################################################
current_r_best= 0.469219
pseudo= 50 frac= 50
#candidates in phase1= 37
testing lp time= 55.03 s.
-----------------------------------------------------------------------------------------
 54-210 ,  28.61|  82-142 ,  21.21| 147-357 ,  13.79| 190-192 ,  12.27|  25-275 ,  11.01| 
229-251 ,  10.98| 119-149 ,   7.74|  28-120 ,   7.69|  33-334 ,   7.57|  42-193 ,   6.25| 
 73-106 ,   5.71|  72-234 ,   5.48|  83-84  ,   5.09|  88-159 ,   4.92|  83-105 ,   4.72| 
205-347 ,   3.97|  31-294 ,   3.89|   0-222 ,   3.66|  42-93  ,   3.47|  18-93  ,   3.34| 
173-214 ,   3.14|  11-274 ,   3.07|  89-354 ,   2.63| 102-323 ,   2.62| 265-356 ,   2.58| 
106-277 ,   2.28| 235-246 ,   2.00| 149-277 ,   1.99| 230-289 ,   1.87|   0-69  ,   1.58| 
100-278 ,   1.37| 267-268 ,   1.36|   0-181 ,   1.27| 258-288 ,   1.02| 137-221 ,   0.97| 
228-279 ,   0.65| 329-336 ,   0.50| 
-----------------------------------------------------------------------------------------
edge= 147 357 lp= 0.576656 pre= 2 lp2= 23.9103 pre2= 2 score= 13.788
-----------------------------------------------------------------------------------------
edge= 82 142 lp= 4.15982 pre= 2 lp2= 5.09762 pre2= 2 score= 21.2052
-----------------------------------------------------------------------------------------
edge= 54 210 lp= 16.7408 pre= 2 lp2= 1.70897 pre2= 2 score= 28.6095
-----------------------------------------------------------------------------------------
candidate= 54-210 : -
-----------------------------------------------------------------------------------------
-----------------------------------------------------------------------------------------
 ****** Pricing Level: LIGHT HEUR ****** 
it= 13  ncol= 3334  ncstr= 972  mt= 5.1   spt= 1.7   lpval= 51485.9   ub= 51506.0  
 ****** Pricing Level: HEAVY HEUR ****** 
it= 9   ncol= 3416  ncstr= 972  mt= 2.5   spt= 2.4   lpval= 51483.5   ub= 51506.0  
-----------------------------------------------------------------------------------------
elapsed time= 1119.99 s.
-----------------------------------------------------------------------------------------
candidate= 82-142 : -
-----------------------------------------------------------------------------------------
-----------------------------------------------------------------------------------------
 ****** Pricing Level: LIGHT HEUR ****** 
it= 1   ncol= 3079  ncstr= 972  mt= 0.9   spt= 0.1   lpval= 51482.5   ub= 51506.0  
 ****** Pricing Level: HEAVY HEUR ****** 
it= 4   ncol= 3108  ncstr= 972  mt= 0.6   spt= 1.1   lpval= 51482.4   ub= 51506.0  
-----------------------------------------------------------------------------------------
elapsed time= 1123.51 s.
-----------------------------------------------------------------------------------------
candidate= 82-142 : +
-----------------------------------------------------------------------------------------
-----------------------------------------------------------------------------------------
 ****** Pricing Level: LIGHT HEUR ****** 
it= 17  ncol= 3492  ncstr= 972  mt= 3.1   spt= 2.2   lpval= 51483.0   ub= 51506.0  
 ****** Pricing Level: HEAVY HEUR ****** 
it= 12  ncol= 3694  ncstr= 972  mt= 2.5   spt= 3.2   lpval= 51482.2   ub= 51506.0  
-----------------------------------------------------------------------------------------
elapsed time= 1139.34 s.
-----------------------------------------------------------------------------------------
brc= 82-142
t= 0.877991 c= 179.294 n= 3 if_b4= 1
t= 10.9212 c= 196.036 n= 3 if_b4= 1
nodes already exists
memory usage= 8GB.
#########################################################################################
tree size= 0 lb= 51478.4 ub= 51506
#########################################################################################
idx= 8 value= 51478.4 enu= 0
brc= 73-316 : -
brc= 8-153 : -
brc= 39-90 : +
brc= 0-111 : -
brc= 37-166 : -
brc= 73-149 : -
brc= 88-117 : +
brc= 21-52 : +
brc= 52-312 : +
brc= 9-229 : -
brc= 110-112 : -
brc= 9-251 : -
brc= 82-142 : -
-----------------------------------------------------------------------------------------
 ****** Pricing Level: LIGHT HEUR ****** 
it= 1   ncol= 3062  ncstr= 971  mt= 0.9   spt= 0.1   lpval= 51482.5   ub= 51506.0  
 ****** Pricing Level: HEAVY HEUR ****** 
it= 4   ncol= 3093  ncstr= 971  mt= 0.6   spt= 1.1   lpval= 51482.4   ub= 51506.0  
 ****** Pricing Level: EXACT ****** 
it= 4   ncol= 3878  ncstr= 971  mt= 2.0   spt= 44.8  lpval= 51480.4   ub= 51506.0  
-----------------------------------------------------------------------------------------
elapsed time= 1192.12 s.
-----------------------------------------------------------------------------------------
-----------------------------------------------------------------------------------------
 ****** Run Arc Elimination ****** 
arc elimination time= 5.58 s.
-----------------------------------------------------------------------------------------
-----------------------------------------------------------------------------------------
elapsed time= 1197.80 s.
-----------------------------------------------------------------------------------------
 ****** Separate RCCs ****** 
 ****** Separate Rank1Cuts ****** 
-----------------------------------------------------------------------------------------
 ****** Pricing Level: LIGHT HEUR ****** 
it= 2   ncol= 3888  ncstr= 1072 mt= 1.3   spt= 0.3   lpval= 51483.0   ub= 51506.0  
 ****** Pricing Level: HEAVY HEUR ****** 
it= 8   ncol= 3936  ncstr= 1072 mt= 0.3   spt= 2.3   lpval= 51483.0   ub= 51506.0  
 ****** Pricing Level: EXACT ****** 
it= 1   ncol= 3936  ncstr= 1072 mt= 0.0   spt= 10.1  lpval= 51483.0   ub= 51506.0  
-----------------------------------------------------------------------------------------
elapsed time= 1229.54 s.
-----------------------------------------------------------------------------------------
#########################################################################################
[1;36m[REMIND] roll back to the previous cutting iteration! in function rollbackEasyWay at /blue/yu.yang1/you.z/route_opt/packages/application/X-n359-k29/src/main/src/call_cutting.cpp:38[0m
#########################################################################################
current_r_best= 1.50889
pseudo= 50 frac= 50
#candidates in phase1= 37
testing lp time= 48.68 s.
-----------------------------------------------------------------------------------------
  0-141 ,  75.94|  78-142 ,  64.34|  53-82  ,  61.55| 142-147 ,  55.65| 147-357 ,  42.66| 
 54-210 ,  41.30| 229-251 ,  38.84| 119-149 ,  37.12|  21-82  ,  35.93| 190-192 ,  26.93| 
 69-208 ,  19.82|  88-159 ,  19.59|  83-105 ,  18.48|   9-134 ,  18.31|  85-110 ,  17.48| 
 28-196 ,  16.96| 328-357 ,  16.68|  83-84  ,  14.66|  87-178 ,  10.25|  33-334 ,   9.67| 
 42-193 ,   8.72|  73-106 ,   7.02|  42-93  ,   6.54|  72-234 ,   6.51|  18-93  ,   5.37| 
 61-337 ,   5.22| 149-277 ,   4.44|   0-120 ,   4.20|  49-79  ,   2.11|   0-49  ,   1.76| 
 69-102 ,   1.68| 224-236 ,   1.33|  49-99  ,   1.21| 174-347 ,   1.00| 145-356 ,   0.60| 
 16-295 ,   0.48| 129-331 ,   0.26| 
-----------------------------------------------------------------------------------------
edge= 53 82 lp= 1.37328 pre= 2 lp2= 44.8215 pre2= 2 score= 61.5524
-----------------------------------------------------------------------------------------
edge= 78 142 lp= 1.43551 pre= 2 lp2= 44.8215 pre2= 2 score= 64.3416
-----------------------------------------------------------------------------------------
edge= 0 141 lp= 39.9752 pre= 2 lp2= 1.89967 pre2= 2 score= 75.9396
-----------------------------------------------------------------------------------------
candidate= 0-141 : -
-----------------------------------------------------------------------------------------
-----------------------------------------------------------------------------------------
 ****** Pricing Level: LIGHT HEUR ****** 
it= 16  ncol= 2946  ncstr= 955  mt= 4.8   spt= 2.0   lpval= 51498.2   ub= 51506.0  
 ****** Pricing Level: HEAVY HEUR ****** 
it= 12  ncol= 3081  ncstr= 955  mt= 2.9   spt= 3.1   lpval= 51489.0   ub= 51506.0  
-----------------------------------------------------------------------------------------
elapsed time= 1296.72 s.
-----------------------------------------------------------------------------------------
candidate= 78-142 : -
-----------------------------------------------------------------------------------------
-----------------------------------------------------------------------------------------
 ****** Pricing Level: LIGHT HEUR ****** 
it= 8   ncol= 2726  ncstr= 955  mt= 1.1   spt= 1.1   lpval= 51481.9   ub= 51506.0  
 ****** Pricing Level: HEAVY HEUR ****** 
it= 4   ncol= 2784  ncstr= 955  mt= 0.1   spt= 1.1   lpval= 51481.9   ub= 51506.0  
-----------------------------------------------------------------------------------------
elapsed time= 1302.39 s.
-----------------------------------------------------------------------------------------
candidate= 78-142 : +
-----------------------------------------------------------------------------------------
-----------------------------------------------------------------------------------------
 ****** Pricing Level: LIGHT HEUR ****** 
it= 22  ncol= 3196  ncstr= 955  mt= 15.9  spt= 2.7   lpval= 51498.1   ub= 51506.0  
 ****** Pricing Level: HEAVY HEUR ****** 
it= 12  ncol= 3364  ncstr= 955  mt= 5.2   spt= 3.2   lpval= 51487.2   ub= 51506.0  
-----------------------------------------------------------------------------------------
elapsed time= 1335.04 s.
-----------------------------------------------------------------------------------------
candidate= 53-82 : -
-----------------------------------------------------------------------------------------
-----------------------------------------------------------------------------------------
 ****** Pricing Level: LIGHT HEUR ****** 
it= 9   ncol= 2753  ncstr= 955  mt= 1.1   spt= 1.2   lpval= 51481.8   ub= 51506.0  
 ****** Pricing Level: HEAVY HEUR ****** 
it= 4   ncol= 2804  ncstr= 955  mt= 0.1   spt= 1.1   lpval= 51481.8   ub= 51506.0  
-----------------------------------------------------------------------------------------
elapsed time= 1341.07 s.
-----------------------------------------------------------------------------------------
candidate= 53-82 : +
-----------------------------------------------------------------------------------------
-----------------------------------------------------------------------------------------
 ****** Pricing Level: LIGHT HEUR ****** 
it= 9   ncol= 2771  ncstr= 955  mt= 10.3  spt= 1.1   lpval= 51499.7   ub= 51506.0  
 ****** Pricing Level: HEAVY HEUR ****** 
it= 10  ncol= 2968  ncstr= 955  mt= 3.4   spt= 2.6   lpval= 51491.5   ub= 51506.0  
-----------------------------------------------------------------------------------------
elapsed time= 1361.49 s.
-----------------------------------------------------------------------------------------
candidate= 0-141 : +
-----------------------------------------------------------------------------------------
-----------------------------------------------------------------------------------------
 ****** Pricing Level: LIGHT HEUR ****** 
it= 14  ncol= 2877  ncstr= 955  mt= 2.0   spt= 1.8   lpval= 51482.3   ub= 51506.0  
 ****** Pricing Level: HEAVY HEUR ****** 
it= 15  ncol= 3159  ncstr= 955  mt= 2.7   spt= 4.0   lpval= 51481.9   ub= 51506.0  
-----------------------------------------------------------------------------------------
elapsed time= 1376.85 s.
-----------------------------------------------------------------------------------------
brc= 53-82
t= 0.83396 c= 171.107 n= 4 if_b4= 1
t= 11.991 c= 179.607 n= 4 if_b4= 1
nodes already exists
memory usage= 8GB.
#########################################################################################
tree size= 0 lb= 51480.4 ub= 51506
#########################################################################################
idx= 10 value= 51480.4 enu= 0
brc= 73-316 : -
brc= 8-153 : -
brc= 39-90 : +
brc= 0-111 : -
brc= 37-166 : -
brc= 73-149 : -
brc= 88-117 : +
brc= 21-52 : +
brc= 52-312 : +
brc= 9-229 : -
brc= 110-112 : -
brc= 9-251 : -
brc= 82-142 : -
brc= 53-82 : -
-----------------------------------------------------------------------------------------
 ****** Pricing Level: LIGHT HEUR ****** 
it= 9   ncol= 2747  ncstr= 954  mt= 1.1   spt= 1.2   lpval= 51481.8   ub= 51506.0  
 ****** Pricing Level: HEAVY HEUR ****** 
it= 5   ncol= 2798  ncstr= 954  mt= 0.1   spt= 1.4   lpval= 51481.8   ub= 51506.0  
 ****** Pricing Level: EXACT ****** 
it= 6   ncol= 3856  ncstr= 954  mt= 0.8   spt= 66.3  lpval= 51481.7   ub= 51506.0  
-----------------------------------------------------------------------------------------
elapsed time= 1453.30 s.
-----------------------------------------------------------------------------------------
 ****** Separate RCCs ****** 
 ****** Separate Rank1Cuts ****** 
-----------------------------------------------------------------------------------------
 ****** Pricing Level: LIGHT HEUR ****** 
it= 4   ncol= 3891  ncstr= 1057 mt= 1.3   spt= 0.6   lpval= 51487.1   ub= 51506.0  
 ****** Pricing Level: HEAVY HEUR ****** 
it= 13  ncol= 4028  ncstr= 1057 mt= 3.3   spt= 3.6   lpval= 51486.1   ub= 51506.0  
 ****** Pricing Level: EXACT ****** 
it= 1   ncol= 4028  ncstr= 1057 mt= 0.0   spt= 10.7  lpval= 51486.1   ub= 51506.0  
-----------------------------------------------------------------------------------------
elapsed time= 1486.19 s.
-----------------------------------------------------------------------------------------
#########################################################################################
[1;36m[REMIND] roll back to the previous cutting iteration! in function rollbackEasyWay at /blue/yu.yang1/you.z/route_opt/packages/application/X-n359-k29/src/main/src/call_cutting.cpp:38[0m
#########################################################################################
current_r_best= 0.9259
pseudo= 50 frac= 50
#candidates in phase1= 37
testing lp time= 46.10 s.
-----------------------------------------------------------------------------------------
 21-82  ,  80.93|   0-312 ,  77.02|  78-147 ,  50.34| 229-251 ,  41.93| 147-357 ,  37.11| 
142-147 ,  35.80|   0-253 ,  34.02|  83-105 ,  32.01|  83-84  ,  27.39|   0-197 ,  26.72| 
 85-110 ,  25.43|  28-196 ,  22.32| 190-192 ,  21.94| 139-248 ,  21.84|  99-199 ,  17.79| 
 88-159 ,  16.61|  69-208 ,  15.18|  29-53  ,  15.16| 122-123 ,  12.90| 123-226 ,  11.74| 
 87-178 ,  10.62|  42-193 ,   9.67|  73-106 ,   7.12|  23-148 ,   6.91|  42-93  ,   6.52| 
 18-93  ,   5.49|  72-234 ,   5.39|  41-214 ,   3.18| 208-244 ,   1.75| 334-337 ,   1.73| 
  0-109 ,   1.61| 230-235 ,   1.48| 294-299 ,   1.16|   0-235 ,   1.14|  92-342 ,   1.11| 
 65-167 ,   0.40| 288-297 ,   0.00| 
-----------------------------------------------------------------------------------------
edge= 78 147 lp= 0.833104 pre= 2 lp2= 60.4239 pre2= 2 score= 50.3394
-----------------------------------------------------------------------------------------
edge= 0 312 lp= 1.27472 pre= 2 lp2= 60.4239 pre2= 2 score= 77.0235
-----------------------------------------------------------------------------------------
edge= 21 82 lp= 60.4239 pre= 2 lp2= 1.33942 pre2= 2 score= 80.9328
-----------------------------------------------------------------------------------------
candidate= 21-82 : -
-----------------------------------------------------------------------------------------
-----------------------------------------------------------------------------------------
 ****** Pricing Level: LIGHT HEUR ****** 
it= 24  ncol= 3127  ncstr= 938  mt= 8.7   spt= 3.0   lpval= 51501.3   ub= 51506.0  
 ****** Pricing Level: HEAVY HEUR ****** 
it= 16  ncol= 3460  ncstr= 938  mt= 4.8   spt= 4.2   lpval= 51491.6   ub= 51506.0  
-----------------------------------------------------------------------------------------
elapsed time= 1560.51 s.
-----------------------------------------------------------------------------------------
candidate= 0-312 : -
-----------------------------------------------------------------------------------------
-----------------------------------------------------------------------------------------
 ****** Pricing Level: LIGHT HEUR ****** 
it= 4   ncol= 2624  ncstr= 938  mt= 0.9   spt= 0.5   lpval= 51483.0   ub= 51506.0  
 ****** Pricing Level: HEAVY HEUR ****** 
it= 5   ncol= 2692  ncstr= 938  mt= 0.7   spt= 1.4   lpval= 51482.7   ub= 51506.0  
-----------------------------------------------------------------------------------------
elapsed time= 1565.40 s.
-----------------------------------------------------------------------------------------
candidate= 0-312 : +
-----------------------------------------------------------------------------------------
-----------------------------------------------------------------------------------------
 ****** Pricing Level: LIGHT HEUR ****** 
it= 30  ncol= 3484  ncstr= 938  mt= 19.3  spt= 3.4   lpval= 51530.0   ub= 51506.0  
it= 55  ncol= 4104  ncstr= 938  mt= 4.8   spt= 3.2   lpval= 51508.0   ub= 51506.0  
 ****** Pricing Level: HEAVY HEUR ****** 
it= 23  ncol= 4618  ncstr= 938  mt= 6.1   spt= 5.9   lpval= 51499.1   ub= 51506.0  
-----------------------------------------------------------------------------------------
elapsed time= 1620.48 s.
-----------------------------------------------------------------------------------------
candidate= 78-147 : -
-----------------------------------------------------------------------------------------
-----------------------------------------------------------------------------------------
 ****** Pricing Level: LIGHT HEUR ****** 
it= 3   ncol= 2606  ncstr= 938  mt= 0.9   spt= 0.4   lpval= 51482.5   ub= 51506.0  
 ****** Pricing Level: HEAVY HEUR ****** 
it= 5   ncol= 2649  ncstr= 938  mt= 0.3   spt= 1.4   lpval= 51482.5   ub= 51506.0  
-----------------------------------------------------------------------------------------
elapsed time= 1624.86 s.
-----------------------------------------------------------------------------------------
candidate= 78-147 : +
-----------------------------------------------------------------------------------------
-----------------------------------------------------------------------------------------
 ****** Pricing Level: LIGHT HEUR ****** 
it= 30  ncol= 3484  ncstr= 938  mt= 18.0  spt= 3.5   lpval= 51529.1   ub= 51506.0  
it= 47  ncol= 3844  ncstr= 938  mt= 5.4   spt= 2.2   lpval= 51514.7   ub= 51506.0  
 ****** Pricing Level: HEAVY HEUR ****** 
it= 26  ncol= 4388  ncstr= 938  mt= 10.7  spt= 6.9   lpval= 51491.4   ub= 51506.0  
-----------------------------------------------------------------------------------------
elapsed time= 1683.38 s.
-----------------------------------------------------------------------------------------
brc= 0-312
t= 0.798788 c= 173.209 n= 5 if_b4= 1
t= 14.9962 c= 171.624 n= 5 if_b4= 1
nodes already exists
memory usage= 8GB.
#########################################################################################
tree size= 0 lb= 51481.7 ub= 51506
#########################################################################################
idx= 12 value= 51481.7 enu= 0
brc= 73-316 : -
brc= 8-153 : -
brc= 39-90 : +
brc= 0-111 : -
brc= 37-166 : -
brc= 73-149 : -
brc= 88-117 : +
brc= 21-52 : +
brc= 52-312 : +
brc= 9-229 : -
brc= 110-112 : -
brc= 9-251 : -
brc= 82-142 : -
brc= 53-82 : -
brc= 0-312 : -
-----------------------------------------------------------------------------------------
 ****** Pricing Level: LIGHT HEUR ****** 
it= 4   ncol= 2600  ncstr= 937  mt= 0.9   spt= 0.5   lpval= 51483.0   ub= 51506.0  
 ****** Pricing Level: HEAVY HEUR ****** 
it= 4   ncol= 2651  ncstr= 937  mt= 0.6   spt= 1.1   lpval= 51482.7   ub= 51506.0  
 ****** Pricing Level: EXACT ****** 
it= 4   ncol= 3402  ncstr= 937  mt= 1.0   spt= 42.9  lpval= 51482.5   ub= 51506.0  
-----------------------------------------------------------------------------------------
elapsed time= 1734.06 s.
-----------------------------------------------------------------------------------------
 ****** Separate RCCs ****** 
 ****** Separate Rank1Cuts ****** 
-----------------------------------------------------------------------------------------
 ****** Pricing Level: LIGHT HEUR ****** 
it= 6   ncol= 3462  ncstr= 1071 mt= 2.0   spt= 0.8   lpval= 51486.6   ub= 51506.0  
 ****** Pricing Level: HEAVY HEUR ****** 
it= 6   ncol= 3544  ncstr= 1071 mt= 1.7   spt= 1.7   lpval= 51486.1   ub= 51506.0  
 ****** Pricing Level: EXACT ****** 
it= 5   ncol= 4314  ncstr= 1071 mt= 2.0   spt= 54.9  lpval= 51485.0   ub= 51506.0  
-----------------------------------------------------------------------------------------
elapsed time= 1809.23 s.
-----------------------------------------------------------------------------------------
-----------------------------------------------------------------------------------------
 ****** Run Arc Elimination ****** 
arc elimination time= 18.16 s.
previous= 20.7062% maximum= 2.35742%
eliminate bucket arcs time= 4.26 s.
obtain jump arcs time= 0.01 s.
-----------------------------------------------------------------------------------------
-----------------------------------------------------------------------------------------
elapsed time= 1831.76 s.
-----------------------------------------------------------------------------------------
-----------------------------------------------------------------------------------------
 ****** Try Enumeration ****** 
n= 6.25729 stop_b= 10 status= LABEL_FOR_LIMIT
#labels= 50008 #routes= 75
labeling 1 time= 0.31 s.
next try value > 51486
-----------------------------------------------------------------------------------------
elapsed time= 1832.24 s.
-----------------------------------------------------------------------------------------
[1;36m[REMIND] eps= 66.738507 tail off hard time= 60.000000 in function setIfTailOff at /blue/yu.yang1/you.z/route_opt/packages/application/X-n359-k29/src/main/src/call_cutting.cpp:140[0m
current_r_best= 2.42439
alpha= 0.37 beta= 8.64419 omega= 216.84 k1= 22
lb_k= 1 ub_k= 37
revise: lb_k= 18 ub_k= 29
opt_k= 24
alpha= 0.75 beta= 8.64419 omega= 11.4445 k1= 3
lb_k= 1 ub_k= 3
revise: lb_k= 1 ub_k= 3
opt_k= 3
pseudo= 50 frac= 50
#candidates in phase1= 24
testing lp time= 35.68 s.
-----------------------------------------------------------------------------------------
134-251 ,  29.78| 142-147 ,  15.40|   0-197 ,  14.60| 122-123 ,  11.85|  87-178 ,  11.03| 
 69-208 ,  10.28| 123-226 ,   9.82|  85-110 ,   9.67|  21-82  ,   9.54| 147-251 ,   9.10| 
115-217 ,   8.91|  82-159 ,   8.77|  28-196 ,   7.75| 115-191 ,   7.70|  83-105 ,   7.59| 
109-222 ,   7.10| 147-229 ,   7.00|   0-253 ,   4.11|  29-53  ,   3.98|  47-93  ,   1.90| 
  6-96  ,   1.26|  24-234 ,   0.32| 174-286 ,   0.32|  24-208 ,   0.18| 
-----------------------------------------------------------------------------------------
edge= 0 197 lp= 0.394453 pre= 2 lp2= 37.0015 pre2= 2 score= 14.5953
-----------------------------------------------------------------------------------------
edge= 142 147 lp= 1.07432 pre= 2 lp2= 14.3355 pre2= 2 score= 15.4008
-----------------------------------------------------------------------------------------
edge= 134 251 lp= 0.804809 pre= 2 lp2= 37.0015 pre2= 2 score= 29.7791
-----------------------------------------------------------------------------------------
candidate= 134-251 : -
-----------------------------------------------------------------------------------------
-----------------------------------------------------------------------------------------
 ****** Pricing Level: LIGHT HEUR ****** 
it= 8   ncol= 3071  ncstr= 964  mt= 1.3   spt= 0.3   lpval= 51485.8   ub= 51506.0  
 ****** Pricing Level: HEAVY HEUR ****** 
it= 6   ncol= 3183  ncstr= 964  mt= 0.3   spt= 0.5   lpval= 51485.8   ub= 51506.0  
-----------------------------------------------------------------------------------------
elapsed time= 1880.41 s.
-----------------------------------------------------------------------------------------
candidate= 134-251 : +
-----------------------------------------------------------------------------------------
-----------------------------------------------------------------------------------------
 ****** Pricing Level: LIGHT HEUR ****** 
it= 17  ncol= 3304  ncstr= 964  mt= 9.3   spt= 0.6   lpval= 51520.8   ub= 51506.0  
 ****** Pricing Level: HEAVY HEUR ****** 
it= 15  ncol= 3623  ncstr= 964  mt= 6.1   spt= 1.1   lpval= 51507.2   ub= 51506.0  
-----------------------------------------------------------------------------------------
elapsed time= 1903.01 s.
-----------------------------------------------------------------------------------------
brc= 134-251
t= 0.79087 c= 172.524 n= 6 if_b4= 1
t= 14.8397 c= 171.728 n= 6 if_b4= 1
nodes already exists
memory usage= 10GB.
#########################################################################################
tree size= 0 lb= 51485 ub= 51506
#########################################################################################
idx= 14 value= 51485 enu= 0
brc= 73-316 : -
brc= 8-153 : -
brc= 39-90 : +
brc= 0-111 : -
brc= 37-166 : -
brc= 73-149 : -
brc= 88-117 : +
brc= 21-52 : +
brc= 52-312 : +
brc= 9-229 : -
brc= 110-112 : -
brc= 9-251 : -
brc= 82-142 : -
brc= 53-82 : -
brc= 0-312 : -
brc= 134-251 : -
-----------------------------------------------------------------------------------------
 ****** Pricing Level: LIGHT HEUR ****** 
it= 8   ncol= 3065  ncstr= 963  mt= 1.2   spt= 0.3   lpval= 51485.8   ub= 51506.0  
 ****** Pricing Level: HEAVY HEUR ****** 
it= 4   ncol= 3141  ncstr= 963  mt= 0.1   spt= 0.3   lpval= 51485.8   ub= 51506.0  
 ****** Pricing Level: EXACT ****** 
it= 5   ncol= 4224  ncstr= 963  mt= 0.9   spt= 35.7  lpval= 51485.7   ub= 51506.0  
-----------------------------------------------------------------------------------------
elapsed time= 1945.78 s.
-----------------------------------------------------------------------------------------
 ****** Separate Rank1Cuts ****** 
-----------------------------------------------------------------------------------------
 ****** Pricing Level: LIGHT HEUR ****** 
it= 3   ncol= 4260  ncstr= 1086 mt= 1.0   spt= 0.1   lpval= 51489.0   ub= 51506.0  
 ****** Pricing Level: HEAVY HEUR ****** 
it= 5   ncol= 4340  ncstr= 1086 mt= 0.9   spt= 0.4   lpval= 51488.9   ub= 51506.0  
 ****** Pricing Level: EXACT ****** 
it= 4   ncol= 4990  ncstr= 1086 mt= 1.5   spt= 30.2  lpval= 51488.2   ub= 51506.0  
-----------------------------------------------------------------------------------------
elapsed time= 1991.06 s.
-----------------------------------------------------------------------------------------
-----------------------------------------------------------------------------------------
 ****** Run Arc Elimination ****** 
arc elimination time= 11.66 s.
previous= 88.3064% maximum= 2.08101%
eliminate bucket arcs time= 1.89 s.
obtain jump arcs time= 0.01 s.
-----------------------------------------------------------------------------------------
-----------------------------------------------------------------------------------------
elapsed time= 2004.73 s.
-----------------------------------------------------------------------------------------
-----------------------------------------------------------------------------------------
 ****** Try Enumeration ****** 
n= 9.44125 stop_b= 10 status= LABEL_FOR_LIMIT
#labels= 50041 #routes= 65
labeling 1 time= 0.15 s.
next try value > 51490
-----------------------------------------------------------------------------------------
elapsed time= 2005.05 s.
-----------------------------------------------------------------------------------------
 ****** Separate RCCs ****** 
 ****** Separate Rank1Cuts ****** 
-----------------------------------------------------------------------------------------
 ****** Pricing Level: LIGHT HEUR ****** 
it= 3   ncol= 5017  ncstr= 1138 mt= 1.2   spt= 0.1   lpval= 51491.1   ub= 51506.0  
 ****** Pricing Level: HEAVY HEUR ****** 
it= 3   ncol= 5046  ncstr= 1138 mt= 0.8   spt= 0.2   lpval= 51491.0   ub= 51506.0  
 ****** Pricing Level: EXACT ****** 
it= 5   ncol= 5518  ncstr= 1138 mt= 2.1   spt= 36.9  lpval= 51490.3   ub= 51506.0  
-----------------------------------------------------------------------------------------
elapsed time= 2059.12 s.
-----------------------------------------------------------------------------------------
-----------------------------------------------------------------------------------------
 ****** Run Arc Elimination ****** 
arc elimination time= 9.60 s.
previous= 91.3291% maximum= 1.90057%
eliminate bucket arcs time= 1.83 s.
obtain jump arcs time= 0.01 s.
-----------------------------------------------------------------------------------------
-----------------------------------------------------------------------------------------
elapsed time= 2070.68 s.
-----------------------------------------------------------------------------------------
-----------------------------------------------------------------------------------------
 ****** Try Enumeration ****** 
n= 9.45909 stop_b= 10 status= LABEL_FOR_LIMIT
#labels= 50054 #routes= 78
labeling 1 time= 0.16 s.
next try value > 51493.2
-----------------------------------------------------------------------------------------
elapsed time= 2071.00 s.
-----------------------------------------------------------------------------------------
 ****** Separate RCCs ****** 
 ****** Separate Rank1Cuts ****** 
-----------------------------------------------------------------------------------------
 ****** Pricing Level: LIGHT HEUR ****** 
it= 1   ncol= 5518  ncstr= 1140 mt= 1.2   spt= 0.0   lpval= 51491.8   ub= 51506.0  
 ****** Pricing Level: HEAVY HEUR ****** 
it= 2   ncol= 5520  ncstr= 1140 mt= 0.2   spt= 0.1   lpval= 51491.7   ub= 51506.0  
 ****** Pricing Level: EXACT ****** 
it= 4   ncol= 5694  ncstr= 1140 mt= 1.2   spt= 31.0  lpval= 51491.6   ub= 51506.0  
-----------------------------------------------------------------------------------------
elapsed time= 2125.52 s.
-----------------------------------------------------------------------------------------
 ****** Separate RCCs ****** 
 ****** Separate Rank1Cuts ****** 
-----------------------------------------------------------------------------------------
 ****** Pricing Level: LIGHT HEUR ****** 
it= 2   ncol= 5724  ncstr= 1201 mt= 1.3   spt= 0.1   lpval= 51493.0   ub= 51506.0  
 ****** Pricing Level: HEAVY HEUR ****** 
it= 3   ncol= 5745  ncstr= 1201 mt= 0.3   spt= 0.2   lpval= 51493.0   ub= 51506.0  
 ****** Pricing Level: EXACT ****** 
it= 5   ncol= 6066  ncstr= 1201 mt= 1.9   spt= 40.1  lpval= 51492.8   ub= 51506.0  
-----------------------------------------------------------------------------------------
elapsed time= 2191.49 s.
-----------------------------------------------------------------------------------------
-----------------------------------------------------------------------------------------
 ****** Run Arc Elimination ****** 
arc elimination time= 7.61 s.
previous= 89.6667% maximum= 1.70418%
eliminate bucket arcs time= 1.84 s.
obtain jump arcs time= 0.01 s.
-----------------------------------------------------------------------------------------
-----------------------------------------------------------------------------------------
elapsed time= 2201.07 s.
-----------------------------------------------------------------------------------------
-----------------------------------------------------------------------------------------
 ****** Try Enumeration ****** 
n= 9.48222 stop_b= 10 status= LABEL_FOR_LIMIT
#labels= 50023 #routes= 65
labeling 1 time= 0.17 s.
next try value > 51495.8
-----------------------------------------------------------------------------------------
elapsed time= 2201.41 s.
-----------------------------------------------------------------------------------------
 ****** Separate RCCs ****** 
 ****** Separate Rank1Cuts ****** 
-----------------------------------------------------------------------------------------
 ****** Pricing Level: LIGHT HEUR ****** 
it= 3   ncol= 6126  ncstr= 1188 mt= 1.4   spt= 0.1   lpval= 51493.8   ub= 51506.0  
 ****** Pricing Level: HEAVY HEUR ****** 
it= 3   ncol= 6164  ncstr= 1188 mt= 0.2   spt= 0.2   lpval= 51493.8   ub= 51506.0  
 ****** Pricing Level: EXACT ****** 
it= 4   ncol= 6364  ncstr= 1188 mt= 1.2   spt= 29.8  lpval= 51493.7   ub= 51506.0  
-----------------------------------------------------------------------------------------
elapsed time= 2256.38 s.
-----------------------------------------------------------------------------------------
 ****** Separate RCCs ****** 
 ****** Separate Rank1Cuts ****** 
-----------------------------------------------------------------------------------------
 ****** Pricing Level: LIGHT HEUR ****** 
it= 1   ncol= 6364  ncstr= 1229 mt= 1.4   spt= 0.1   lpval= 51494.8   ub= 51506.0  
 ****** Pricing Level: HEAVY HEUR ****** 
it= 3   ncol= 6371  ncstr= 1229 mt= 0.4   spt= 0.2   lpval= 51494.8   ub= 51506.0  
 ****** Pricing Level: EXACT ****** 
it= 4   ncol= 6605  ncstr= 1229 mt= 2.0   spt= 30.1  lpval= 51494.6   ub= 51506.0  
-----------------------------------------------------------------------------------------
elapsed time= 2314.39 s.
-----------------------------------------------------------------------------------------
-----------------------------------------------------------------------------------------
 ****** Run Arc Elimination ****** 
arc elimination time= 5.76 s.
previous= 90.9057% maximum= 1.54919%
eliminate bucket arcs time= 1.60 s.
obtain jump arcs time= 0.01 s.
-----------------------------------------------------------------------------------------
-----------------------------------------------------------------------------------------
elapsed time= 2321.90 s.
-----------------------------------------------------------------------------------------
 ****** Separate Rank1Cuts ****** 
-----------------------------------------------------------------------------------------
 ****** Pricing Level: LIGHT HEUR ****** 
it= 5   ncol= 6645  ncstr= 1221 mt= 1.9   spt= 0.2   lpval= 51495.3   ub= 51506.0  
 ****** Pricing Level: HEAVY HEUR ****** 
it= 3   ncol= 6677  ncstr= 1221 mt= 0.2   spt= 0.2   lpval= 51495.3   ub= 51506.0  
 ****** Pricing Level: EXACT ****** 
it= 5   ncol= 6959  ncstr= 1221 mt= 1.4   spt= 36.0  lpval= 51495.2   ub= 51506.0  
-----------------------------------------------------------------------------------------
elapsed time= 2386.09 s.
-----------------------------------------------------------------------------------------
 ****** Separate Rank1Cuts ****** 
-----------------------------------------------------------------------------------------
 ****** Pricing Level: LIGHT HEUR ****** 
it= 2   ncol= 6966  ncstr= 1248 mt= 1.6   spt= 0.1   lpval= 51495.8   ub= 51506.0  
 ****** Pricing Level: HEAVY HEUR ****** 
it= 3   ncol= 6977  ncstr= 1248 mt= 0.3   spt= 0.2   lpval= 51495.8   ub= 51506.0  
 ****** Pricing Level: EXACT ****** 
it= 4   ncol= 7137  ncstr= 1248 mt= 2.0   spt= 31.3  lpval= 51495.7   ub= 51506.0  
-----------------------------------------------------------------------------------------
elapsed time= 2447.80 s.
-----------------------------------------------------------------------------------------
-----------------------------------------------------------------------------------------
 ****** Run Arc Elimination ****** 
arc elimination time= 5.42 s.
previous= 93.9917% maximum= 1.45611%
eliminate bucket arcs time= 1.56 s.
obtain jump arcs time= 0.01 s.
-----------------------------------------------------------------------------------------
-----------------------------------------------------------------------------------------
elapsed time= 2454.93 s.
-----------------------------------------------------------------------------------------
-----------------------------------------------------------------------------------------
 ****** Try Enumeration ****** 
#labels= 192368 #routes= 454
labeling 1 time= 1.20 s.
concatenate time= 0.58 s.
#routes= 86001
average gap of successful enumeration= 0.000180942
next try value > 51493.8
-----------------------------------------------------------------------------------------
elapsed time= 2456.92 s.
-----------------------------------------------------------------------------------------
 ****** Process Enumeration Matrix ****** 
delete non-ele routes lp val= 51495.8
recover rank1c lp val= 51497.7
recover rcc lp val= 51498.5
obtain rcc coefficient time= 0.13 s.
obtain r1c coefficient time= 0.18 s.
obtain matrix from triplets time= 0.32 s.
delete columns by branch time= 0.00 s.
columns pending deletion= 74 remain= 86001 col ratio= 0.99914 row ratio= 1
regenerate enumeration matrix time= 0.00 s.
-----------------------------------------------------------------------------------------
elapsed time= 2503.78 s.
-----------------------------------------------------------------------------------------
it= 9   ncol= 5381  ncstr= 1164 mt= 4.3   spt= 0.1   lpval= 51497.7   ub= 51506.0  
-----------------------------------------------------------------------------------------
elapsed time= 2508.34 s.
-----------------------------------------------------------------------------------------
delete columns= 58002 remain= 27999
 ****** Separate RCCs ****** 
 ****** Separate Rank1Cuts ****** 
it= 6   ncol= 3632  ncstr= 1191 mt= 2.4   spt= 0.0   lpval= 51499.4   ub= 51506.0  
-----------------------------------------------------------------------------------------
elapsed time= 2517.62 s.
-----------------------------------------------------------------------------------------
delete columns= 14198 remain= 13801
mip: row= 1044 col= 17134 density= 5.29217%
mip time= 36.35 s.
mip status= 6
update f from 0 to 6.6039
#########################################################################################
[32m<Instance: X-n359-k29>
<Solution>
<UB= 51506>
<LB= 51506>
<Elapsed Time= 2554.1>
<Nodes Explored= 8>
<Global Gap= 0%>[0m
#########################################################################################
File nodes/X-n359-k29_2_3_0_0_G32.node deleted successfully.
