application type: CVRP
X-n359-k29_0_0_0_1_0_3_G32.node
Set parameter ServerTimeout to value 600
Set parameter TokenServer to value "grb-ts.ufhpc"
Set parameter Threads to value 1
instance name= X-n359-k29
#########################################################################################
tree size= 0 lb= 0 ub= 51506
#########################################################################################
idx= 7 value= 51476.8 enu= 0
brc= 73-316 : +
brc= 0-85 : +
brc= 73-149 : +
brc= 39-67 : -
brc= 85-170 : +
brc= 8-153 : +
brc= 0-153 : -
brc= 160-170 : -
brc= 170-325 : -
brc= 1-39 : +
-----------------------------------------------------------------------------------------
 ****** Pricing Level: LIGHT HEUR ****** 
it= 30  ncol= 5386  ncstr= 1011 mt= 37.3  spt= 3.4   lpval= 51503.6   ub= 51506.0  
it= 32  ncol= 5390  ncstr= 1011 mt= 0.0   spt= 0.2   lpval= 51503.6   ub= 51506.0  
 ****** Pricing Level: HEAVY HEUR ****** 
it= 13  ncol= 5631  ncstr= 1011 mt= 7.8   spt= 3.1   lpval= 51497.6   ub= 51506.0  
 ****** Pricing Level: EXACT ****** 
it= 9   ncol= 8714  ncstr= 1011 mt= 5.8   spt= 87.9  lpval= 51490.0   ub= 51506.0  
-----------------------------------------------------------------------------------------
elapsed time= 167.40 s.
-----------------------------------------------------------------------------------------
-----------------------------------------------------------------------------------------
 ****** Run Arc Elimination ****** 
arc elimination time= 10.65 s.
previous= 16.9722% maximum= 1.90213%
eliminate bucket arcs time= 3.70 s.
obtain jump arcs time= 0.01 s.
-----------------------------------------------------------------------------------------
-----------------------------------------------------------------------------------------
elapsed time= 182.28 s.
-----------------------------------------------------------------------------------------
-----------------------------------------------------------------------------------------
 ****** Try Enumeration ****** 
n= 9.26809 stop_b= 10 status= LABEL_FOR_LIMIT
#labels= 50235 #routes= 49
labeling 1 time= 0.27 s.
next try value > 51491
-----------------------------------------------------------------------------------------
elapsed time= 182.71 s.
-----------------------------------------------------------------------------------------
 ****** Separate RCCs ****** 
 ****** Separate Rank1Cuts ****** 
-----------------------------------------------------------------------------------------
 ****** Pricing Level: LIGHT HEUR ****** 
it= 4   ncol= 8776  ncstr= 1091 mt= 1.8   spt= 0.1   lpval= 51496.9   ub= 51506.0  
 ****** Pricing Level: HEAVY HEUR ****** 
it= 4   ncol= 8819  ncstr= 1091 mt= 0.5   spt= 0.2   lpval= 51496.9   ub= 51506.0  
 ****** Pricing Level: EXACT ****** 
it= 5   ncol= 9519  ncstr= 1091 mt= 3.7   spt= 30.1  lpval= 51496.0   ub= 51506.0  
-----------------------------------------------------------------------------------------
elapsed time= 243.14 s.
-----------------------------------------------------------------------------------------
-----------------------------------------------------------------------------------------
 ****** Run Arc Elimination ****** 
arc elimination time= 3.83 s.
previous= 71.9984% maximum= 1.3695%
eliminate bucket arcs time= 1.43 s.
obtain jump arcs time= 0.01 s.
-----------------------------------------------------------------------------------------
-----------------------------------------------------------------------------------------
elapsed time= 248.52 s.
-----------------------------------------------------------------------------------------
-----------------------------------------------------------------------------------------
 ****** Try Enumeration ****** 
#labels= 163205 #routes= 246
labeling 1 time= 0.71 s.
concatenate time= 0.32 s.
#routes= 66317
average gap of successful enumeration= 0.000175276
next try value > 51491
-----------------------------------------------------------------------------------------
elapsed time= 249.72 s.
-----------------------------------------------------------------------------------------
 ****** Process Enumeration Matrix ****** 
delete non-ele routes lp val= 51497.9
recover rank1c lp val= 51505.8
recover rcc lp val= 51510.2
obtain rcc coefficient time= 0.11 s.
obtain r1c coefficient time= 0.11 s.
obtain matrix from triplets time= 0.22 s.
delete columns by branch time= 0.00 s.
columns pending deletion= 1054 remain= 66317 col ratio= 0.984107 row ratio= 1
regenerate enumeration matrix time= 0.00 s.
-----------------------------------------------------------------------------------------
elapsed time= 287.70 s.
-----------------------------------------------------------------------------------------
it= 11  ncol= 6215  ncstr= 999  mt= 4.9   spt= 0.1   lpval= 51505.6   ub= 51506.0  
-----------------------------------------------------------------------------------------
elapsed time= 292.71 s.
-----------------------------------------------------------------------------------------
#########################################################################################
[32m<Instance: X-n359-k29>
<Solution>
<UB= 51506>
<LB= 51506>
<Elapsed Time= 292.7>
<Nodes Explored= 1>
<Global Gap= 0%>[0m
#########################################################################################
File nodes/X-n359-k29_0_0_0_1_0_3_G32.node deleted successfully.
