application type: CVRP
X-n359-k29_0_2_5_G32.node
Set parameter ServerTimeout to value 600
Set parameter TokenServer to value "grb-ts.ufhpc"
Set parameter Threads to value 1
instance name= X-n359-k29
#########################################################################################
tree size= 0 lb= 0 ub= 51506
#########################################################################################
idx= 11 value= 51479.7 enu= 0
brc= 73-316 : +
brc= 0-85 : -
brc= 8-83 : -
brc= 8-153 : +
brc= 73-149 : -
brc= 18-93 : -
brc= 93-109 : -
brc= 254-271 : -
brc= 219-254 : -
brc= 85-111 : +
-----------------------------------------------------------------------------------------
 ****** Pricing Level: LIGHT HEUR ****** 
it= 23  ncol= 4759  ncstr= 1042 mt= 14.8  spt= 2.3   lpval= 51505.2   ub= 51506.0  
 ****** Pricing Level: HEAVY HEUR ****** 
it= 9   ncol= 4927  ncstr= 1042 mt= 6.5   spt= 2.0   lpval= 51497.5   ub= 51506.0  
 ****** Pricing Level: EXACT ****** 
it= 6   ncol= 6370  ncstr= 1042 mt= 4.8   spt= 61.1  lpval= 51493.6   ub= 51506.0  
-----------------------------------------------------------------------------------------
elapsed time= 127.04 s.
-----------------------------------------------------------------------------------------
-----------------------------------------------------------------------------------------
 ****** Run Arc Elimination ****** 
arc elimination time= 6.99 s.
previous= 16.3045% maximum= 1.61179%
eliminate bucket arcs time= 3.33 s.
obtain jump arcs time= 0.01 s.
-----------------------------------------------------------------------------------------
-----------------------------------------------------------------------------------------
elapsed time= 137.92 s.
-----------------------------------------------------------------------------------------
-----------------------------------------------------------------------------------------
 ****** Try Enumeration ****** 
n= 9.38229 stop_b= 10 status= LABEL_FOR_LIMIT
#labels= 50340 #routes= 51
labeling 1 time= 0.28 s.
next try value > 51494.6
-----------------------------------------------------------------------------------------
elapsed time= 138.37 s.
-----------------------------------------------------------------------------------------
 ****** Separate RCCs ****** 
 ****** Separate Rank1Cuts ****** 
-----------------------------------------------------------------------------------------
 ****** Pricing Level: LIGHT HEUR ****** 
it= 4   ncol= 6423  ncstr= 1154 mt= 1.5   spt= 0.1   lpval= 51498.0   ub= 51506.0  
 ****** Pricing Level: HEAVY HEUR ****** 
it= 4   ncol= 6451  ncstr= 1154 mt= 0.3   spt= 0.2   lpval= 51498.0   ub= 51506.0  
 ****** Pricing Level: EXACT ****** 
it= 5   ncol= 7281  ncstr= 1154 mt= 2.8   spt= 26.8  lpval= 51497.4   ub= 51506.0  
-----------------------------------------------------------------------------------------
elapsed time= 196.27 s.
-----------------------------------------------------------------------------------------
-----------------------------------------------------------------------------------------
 ****** Run Arc Elimination ****** 
arc elimination time= 3.01 s.
previous= 78.7468% maximum= 1.26923%
eliminate bucket arcs time= 1.28 s.
obtain jump arcs time= 0.01 s.
-----------------------------------------------------------------------------------------
-----------------------------------------------------------------------------------------
elapsed time= 200.70 s.
-----------------------------------------------------------------------------------------
-----------------------------------------------------------------------------------------
 ****** Try Enumeration ****** 
#labels= 125715 #routes= 148
labeling 1 time= 0.54 s.
concatenate time= 0.22 s.
#routes= 44242
average gap of successful enumeration= 0.000148392
next try value > 51494.7
-----------------------------------------------------------------------------------------
elapsed time= 201.62 s.
-----------------------------------------------------------------------------------------
 ****** Process Enumeration Matrix ****** 
delete non-ele routes lp val= 51498
recover rank1c lp val= 51504.5
recover rcc lp val= 51504.8
obtain rcc coefficient time= 0.07 s.
obtain r1c coefficient time= 0.08 s.
obtain matrix from triplets time= 0.15 s.
delete columns by branch time= 0.00 s.
columns pending deletion= 418 remain= 44242 col ratio= 0.990552 row ratio= 1
regenerate enumeration matrix time= 0.00 s.
-----------------------------------------------------------------------------------------
elapsed time= 239.16 s.
-----------------------------------------------------------------------------------------
it= 9   ncol= 5279  ncstr= 1053 mt= 3.2   spt= 0.0   lpval= 51503.1   ub= 51506.0  
-----------------------------------------------------------------------------------------
elapsed time= 242.49 s.
-----------------------------------------------------------------------------------------
delete columns= 41754 remain= 2488
mip: row= 915 col= 4549 density= 5.55666%
mip time= 0.79 s.
mip status= 3
update f from 0 to 2.85806
#########################################################################################
[32m<Instance: X-n359-k29>
<Solution>
<UB= 51506>
<LB= 51506>
<Elapsed Time= 243.3>
<Nodes Explored= 1>
<Global Gap= 0%>[0m
#########################################################################################
File nodes/X-n359-k29_0_2_5_G32.node deleted successfully.
