application type: CVRP
X-n359-k29_3_0_7_G32.node
Set parameter ServerTimeout to value 600
Set parameter TokenServer to value "grb-ts.ufhpc"
Set parameter Threads to value 1
instance name= X-n359-k29
#########################################################################################
tree size= 0 lb= 0 ub= 51506
#########################################################################################
idx= 15 value= 51482.7 enu= 0
brc= 73-316 : -
brc= 8-153 : -
brc= 39-90 : -
brc= 27-105 : +
brc= 73-303 : +
brc= 118-164 : -
brc= 21-82 : -
brc= 82-164 : -
brc= 84-153 : -
brc= 1-90 : -
brc= 90-166 : -
brc= 75-125 : -
brc= 75-132 : +
-----------------------------------------------------------------------------------------
 ****** Pricing Level: LIGHT HEUR ****** 
it= 14  ncol= 5474  ncstr= 932  mt= 0.7   spt= 1.5   lpval= 51487.9   ub= 51506.0  
 ****** Pricing Level: HEAVY HEUR ****** 
it= 6   ncol= 5596  ncstr= 932  mt= 0.5   spt= 1.3   lpval= 51487.9   ub= 51506.0  
 ****** Pricing Level: EXACT ****** 
it= 6   ncol= 6295  ncstr= 932  mt= 1.9   spt= 65.5  lpval= 51487.3   ub= 51506.0  
-----------------------------------------------------------------------------------------
elapsed time= 90.62 s.
-----------------------------------------------------------------------------------------
-----------------------------------------------------------------------------------------
 ****** Run Arc Elimination ****** 
arc elimination time= 5.30 s.
-----------------------------------------------------------------------------------------
-----------------------------------------------------------------------------------------
elapsed time= 96.40 s.
-----------------------------------------------------------------------------------------
 ****** Separate RCCs ****** 
 ****** Separate Rank1Cuts ****** 
-----------------------------------------------------------------------------------------
 ****** Pricing Level: LIGHT HEUR ****** 
it= 3   ncol= 6317  ncstr= 1065 mt= 1.7   spt= 0.4   lpval= 51491.0   ub= 51506.0  
 ****** Pricing Level: HEAVY HEUR ****** 
it= 7   ncol= 6382  ncstr= 1065 mt= 0.3   spt= 1.6   lpval= 51491.0   ub= 51506.0  
 ****** Pricing Level: EXACT ****** 
it= 6   ncol= 7144  ncstr= 1065 mt= 2.0   spt= 68.6  lpval= 51490.6   ub= 51506.0  
-----------------------------------------------------------------------------------------
elapsed time= 191.27 s.
-----------------------------------------------------------------------------------------
-----------------------------------------------------------------------------------------
 ****** Run Arc Elimination ****** 
arc elimination time= 10.64 s.
previous= 18.3935% maximum= 1.85829%
eliminate bucket arcs time= 3.60 s.
obtain jump arcs time= 0.01 s.
-----------------------------------------------------------------------------------------
-----------------------------------------------------------------------------------------
elapsed time= 205.64 s.
-----------------------------------------------------------------------------------------
-----------------------------------------------------------------------------------------
 ****** Try Enumeration ****** 
n= 9.55207 stop_b= 10 status= LABEL_FOR_LIMIT
#labels= 50126 #routes= 113
labeling 1 time= 0.26 s.
next try value > 51491.6
-----------------------------------------------------------------------------------------
elapsed time= 206.07 s.
-----------------------------------------------------------------------------------------
[1;36m[REMIND] eps= 77.848673 tail off hard time= 60.000000 in function setIfTailOff at /blue/yu.yang1/you.z/route_opt/packages/application/X-n359-k29/src/main/src/call_cutting.cpp:140[0m
[1;36m[REMIND] opt_k not found for node 15, use m directly in function getOptK at /blue/yu.yang1/you.z/route_opt/packages/branching/bkf/include/bkf_controller.hpp:239[0m
current_r_best= 5.75044
we directly test 100
we directly test 4
pseudo= 50 frac= 50
#candidates in phase1= 100
testing lp time= 178.10 s.
-----------------------------------------------------------------------------------------
171-232 ,  28.91| 328-357 ,  27.39|   0-328 ,  27.39|  10-328 ,  27.38|   0-85  ,  21.52| 
105-146 ,  18.82| 229-251 ,  18.73|   9-229 ,  16.76|  52-312 ,  16.56| 307-338 ,  16.02| 
 84-152 ,  15.65|  27-44  ,  14.55|  83-153 ,  12.97|   9-134 ,  12.95|  28-120 ,  12.81| 
 83-84  ,  12.06|   0-112 ,  11.96| 265-356 ,  11.83|   7-90  ,  11.00|  70-265 ,  10.69| 
 84-131 ,  10.18|  99-199 ,   9.50|   0-21  ,   9.49|   0-111 ,   8.73| 111-141 ,   8.70| 
110-112 ,   8.52|  88-164 ,   8.38|   8-84  ,   8.13|  35-339 ,   7.50|   0-227 ,   7.19| 
106-277 ,   7.00| 149-277 ,   6.69|   1-7   ,   6.67|  18-93  ,   6.54|  88-142 ,   6.53| 
  0-70  ,   6.15|  75-83  ,   6.06| 127-328 ,   5.87|  73-175 ,   5.56|  49-181 ,   5.36| 
  8-83  ,   5.30|  26-126 ,   5.29|  37-98  ,   5.21|  98-219 ,   5.13|  75-153 ,   5.05| 
  0-251 ,   4.82|  21-88  ,   4.69|  29-159 ,   4.23|   0-29  ,   4.23|  90-163 ,   4.13| 
 48-108 ,   4.05| 201-250 ,   3.95|  82-88  ,   3.86| 166-254 ,   3.79|  72-257 ,   3.73| 
332-348 ,   3.59| 274-294 ,   3.54|  98-151 ,   3.50|   0-82  ,   3.50|  37-166 ,   3.47| 
211-283 ,   3.44| 260-268 ,   3.40|   0-210 ,   3.32|  89-305 ,   3.25|  13-34  ,   3.12| 
  0-119 ,   3.05| 305-354 ,   2.58| 136-280 ,   2.41| 257-323 ,   2.33|   0-329 ,   2.32| 
225-283 ,   2.17|   0-106 ,   2.14|   0-98  ,   2.10| 293-341 ,   2.05|   0-193 ,   2.02| 
 56-266 ,   2.01|   0-247 ,   1.91| 228-256 ,   1.86| 215-336 ,   1.83| 130-239 ,   1.81| 
  0-347 ,   1.65| 233-358 ,   1.46| 244-323 ,   1.32| 268-313 ,   1.20|   0-267 ,   1.09| 
 56-348 ,   0.91|  87-133 ,   0.90|   0-270 ,   0.88| 279-329 ,   0.85|   0-350 ,   0.82| 
270-290 ,   0.76| 329-336 ,   0.75|  70-244 ,   0.71| 236-298 ,   0.69|  60-302 ,   0.64| 
241-244 ,   0.62|  48-318 ,   0.51|   0-56  ,   0.45| 203-347 ,   0.24| 104-295 ,   0.02| 
-----------------------------------------------------------------------------------------
edge= 0 328 lp= 2.45775 pre= 2 lp2= 11.143 pre2= 2 score= 27.3867
-----------------------------------------------------------------------------------------
edge= 328 357 lp= 2.45775 pre= 2 lp2= 11.143 pre2= 2 score= 27.3867
-----------------------------------------------------------------------------------------
edge= 10 328 lp= 11.1431 pre= 2 lp2= 2.45755 pre2= 2 score= 27.3847
-----------------------------------------------------------------------------------------
edge= 171 232 lp= 8.74792 pre= 2 lp2= 3.30502 pre2= 2 score= 28.912
-----------------------------------------------------------------------------------------
candidate= 171-232 : -
-----------------------------------------------------------------------------------------
-----------------------------------------------------------------------------------------
 ****** Pricing Level: LIGHT HEUR ****** 
it= 3   ncol= 4819  ncstr= 941  mt= 1.1   spt= 0.1   lpval= 51499.4   ub= 51506.0  
 ****** Pricing Level: HEAVY HEUR ****** 
it= 4   ncol= 4852  ncstr= 941  mt= 1.0   spt= 0.2   lpval= 51499.0   ub= 51506.0  
-----------------------------------------------------------------------------------------
elapsed time= 397.25 s.
-----------------------------------------------------------------------------------------
candidate= 171-232 : +
-----------------------------------------------------------------------------------------
-----------------------------------------------------------------------------------------
 ****** Pricing Level: LIGHT HEUR ****** 
it= 3   ncol= 4821  ncstr= 941  mt= 1.2   spt= 0.1   lpval= 51493.9   ub= 51506.0  
 ****** Pricing Level: HEAVY HEUR ****** 
it= 4   ncol= 4860  ncstr= 941  mt= 0.3   spt= 0.2   lpval= 51493.9   ub= 51506.0  
-----------------------------------------------------------------------------------------
elapsed time= 400.16 s.
-----------------------------------------------------------------------------------------
candidate= 0-328 : -
-----------------------------------------------------------------------------------------
-----------------------------------------------------------------------------------------
 ****** Pricing Level: LIGHT HEUR ****** 
it= 3   ncol= 4820  ncstr= 941  mt= 1.2   spt= 0.1   lpval= 51493.1   ub= 51506.0  
 ****** Pricing Level: HEAVY HEUR ****** 
it= 3   ncol= 4837  ncstr= 941  mt= 0.3   spt= 0.2   lpval= 51493.1   ub= 51506.0  
-----------------------------------------------------------------------------------------
elapsed time= 402.75 s.
-----------------------------------------------------------------------------------------
candidate= 328-357 : -
-----------------------------------------------------------------------------------------
-----------------------------------------------------------------------------------------
 ****** Pricing Level: LIGHT HEUR ****** 
it= 3   ncol= 4820  ncstr= 941  mt= 1.2   spt= 0.1   lpval= 51493.1   ub= 51506.0  
 ****** Pricing Level: HEAVY HEUR ****** 
it= 4   ncol= 4842  ncstr= 941  mt= 0.4   spt= 0.2   lpval= 51493.1   ub= 51506.0  
-----------------------------------------------------------------------------------------
elapsed time= 405.73 s.
-----------------------------------------------------------------------------------------
candidate= 10-328 : -
-----------------------------------------------------------------------------------------
-----------------------------------------------------------------------------------------
 ****** Pricing Level: LIGHT HEUR ****** 
it= 8   ncol= 4959  ncstr= 941  mt= 2.4   spt= 0.2   lpval= 51501.0   ub= 51506.0  
 ****** Pricing Level: HEAVY HEUR ****** 
it= 5   ncol= 5019  ncstr= 941  mt= 2.1   spt= 0.3   lpval= 51497.9   ub= 51506.0  
-----------------------------------------------------------------------------------------
elapsed time= 412.79 s.
-----------------------------------------------------------------------------------------
brc= 171-232
t= 0.890498 c= 210.32 n= 0 if_b4= 1
t= 3.79599 c= 289.88 n= 0 if_b4= 1
nodes already exists
memory usage= 8GB.
#########################################################################################
tree size= 0 lb= 51490.6 ub= 51506
#########################################################################################
idx= 2 value= 51490.6 enu= 0
brc= 73-316 : -
brc= 8-153 : -
brc= 39-90 : -
brc= 27-105 : +
brc= 73-303 : +
brc= 118-164 : -
brc= 21-82 : -
brc= 82-164 : -
brc= 84-153 : -
brc= 1-90 : -
brc= 90-166 : -
brc= 75-125 : -
brc= 75-132 : +
brc= 171-232 : -
-----------------------------------------------------------------------------------------
 ****** Pricing Level: LIGHT HEUR ****** 
it= 3   ncol= 4772  ncstr= 940  mt= 1.1   spt= 0.1   lpval= 51499.4   ub= 51506.0  
 ****** Pricing Level: HEAVY HEUR ****** 
it= 5   ncol= 4805  ncstr= 940  mt= 1.2   spt= 0.3   lpval= 51499.0   ub= 51506.0  
 ****** Pricing Level: EXACT ****** 
it= 6   ncol= 5290  ncstr= 940  mt= 2.0   spt= 33.7  lpval= 51497.3   ub= 51506.0  
-----------------------------------------------------------------------------------------
elapsed time= 454.25 s.
-----------------------------------------------------------------------------------------
-----------------------------------------------------------------------------------------
 ****** Run Arc Elimination ****** 
arc elimination time= 2.46 s.
previous= 65.4969% maximum= 1.21657%
eliminate bucket arcs time= 1.18 s.
obtain jump arcs time= 0.01 s.
-----------------------------------------------------------------------------------------
-----------------------------------------------------------------------------------------
elapsed time= 457.97 s.
-----------------------------------------------------------------------------------------
-----------------------------------------------------------------------------------------
 ****** Try Enumeration ****** 
#labels= 112211 #routes= 408
labeling 1 time= 0.35 s.
concatenate time= 0.16 s.
#routes= 41526
average gap of successful enumeration= 0.000149434
next try value > 51491.7
-----------------------------------------------------------------------------------------
elapsed time= 458.61 s.
-----------------------------------------------------------------------------------------
 ****** Process Enumeration Matrix ****** 
delete non-ele routes lp val= 51497.8
recover rank1c lp val= 51500.6
recover rcc lp val= 51501.5
obtain rcc coefficient time= 0.06 s.
obtain r1c coefficient time= 0.05 s.
obtain matrix from triplets time= 0.12 s.
delete columns by branch time= 0.00 s.
columns pending deletion= 152 remain= 41526 col ratio= 0.99634 row ratio= 1
regenerate enumeration matrix time= 0.00 s.
-----------------------------------------------------------------------------------------
elapsed time= 484.28 s.
-----------------------------------------------------------------------------------------
it= 8   ncol= 4366  ncstr= 893  mt= 1.3   spt= 0.0   lpval= 51500.9   ub= 51506.0  
-----------------------------------------------------------------------------------------
elapsed time= 485.65 s.
-----------------------------------------------------------------------------------------
delete columns= 34878 remain= 6648
 ****** Separate RCCs ****** 
 ****** Separate Rank1Cuts ****** 
it= 4   ncol= 2904  ncstr= 1023 mt= 1.1   spt= 0.0   lpval= 51508.2   ub= 51506.0  
-----------------------------------------------------------------------------------------
elapsed time= 492.12 s.
-----------------------------------------------------------------------------------------
#########################################################################################
[32m<Instance: X-n359-k29>
<Solution>
<UB= 51506>
<LB= 51506>
<Elapsed Time= 492.1>
<Nodes Explored= 2>
<Global Gap= 0%>[0m
#########################################################################################
File nodes/X-n359-k29_3_0_7_G32.node deleted successfully.
