application type: CVRP
X-n359-k29_0_4_3_1_G32.node
Set parameter ServerTimeout to value 600
Set parameter TokenServer to value "grb-ts.ufhpc"
Set parameter Threads to value 1
instance name= X-n359-k29
#########################################################################################
tree size= 0 lb= 0 ub= 51506
#########################################################################################
idx= 3 value= 51493.3 enu= 0
brc= 73-316 : +
brc= 0-85 : -
brc= 8-83 : -
brc= 8-153 : -
brc= 90-163 : -
brc= 229-251 : +
brc= 73-149 : -
brc= 18-93 : -
brc= 99-199 : -
brc= 42-93 : +
brc= 0-111 : -
brc= 0-93 : +
-----------------------------------------------------------------------------------------
 ****** Pricing Level: LIGHT HEUR ****** 
it= 9   ncol= 4953  ncstr= 1052 mt= 3.0   spt= 0.3   lpval= 51501.8   ub= 51506.0  
 ****** Pricing Level: HEAVY HEUR ****** 
it= 4   ncol= 5018  ncstr= 1052 mt= 0.4   spt= 0.2   lpval= 51501.8   ub= 51506.0  
 ****** Pricing Level: EXACT ****** 
it= 6   ncol= 6231  ncstr= 1052 mt= 2.8   spt= 41.8  lpval= 51500.6   ub= 51506.0  
-----------------------------------------------------------------------------------------
elapsed time= 68.06 s.
-----------------------------------------------------------------------------------------
-----------------------------------------------------------------------------------------
 ****** Run Arc Elimination ****** 
arc elimination time= 2.62 s.
previous= 59.4151% maximum= 0.961042%
eliminate bucket arcs time= 1.42 s.
obtain jump arcs time= 0.01 s.
-----------------------------------------------------------------------------------------
-----------------------------------------------------------------------------------------
elapsed time= 72.64 s.
-----------------------------------------------------------------------------------------
-----------------------------------------------------------------------------------------
 ****** Try Enumeration ****** 
#labels= 53934 #routes= 88
labeling 1 time= 0.30 s.
concatenate time= 0.04 s.
#routes= 9779
average gap of successful enumeration= 8.48039e-05
next try value > 51492.8
-----------------------------------------------------------------------------------------
elapsed time= 73.13 s.
-----------------------------------------------------------------------------------------
 ****** Process Enumeration Matrix ****** 
delete non-ele routes lp val= 51501.1
recover rank1c lp val= 51503.8
recover rcc lp val= 51505.5
obtain rcc coefficient time= 0.02 s.
obtain r1c coefficient time= 0.02 s.
obtain matrix from triplets time= 0.02 s.
delete columns by branch time= 0.00 s.
columns pending deletion= 112 remain= 9779 col ratio= 0.988547 row ratio= 1
regenerate enumeration matrix time= 0.00 s.
-----------------------------------------------------------------------------------------
elapsed time= 103.11 s.
-----------------------------------------------------------------------------------------
it= 6   ncol= 4748  ncstr= 1005 mt= 1.8   spt= 0.0   lpval= 51504.3   ub= 51506.0  
-----------------------------------------------------------------------------------------
elapsed time= 104.95 s.
-----------------------------------------------------------------------------------------
delete columns= 8442 remain= 1337
 ****** Separate RCCs ****** 
 ****** Separate Rank1Cuts ****** 
it= 3   ncol= 1459  ncstr= 1278 mt= 1.1   spt= 0.0   lpval= 51525.1   ub= 51506.0  
-----------------------------------------------------------------------------------------
elapsed time= 115.16 s.
-----------------------------------------------------------------------------------------
#########################################################################################
[32m<Instance: X-n359-k29>
<Solution>
<UB= 51506>
<LB= 51506>
<Elapsed Time= 115.2>
<Nodes Explored= 1>
<Global Gap= 0%>[0m
#########################################################################################
File nodes/X-n359-k29_0_4_3_1_G32.node deleted successfully.
