application type: CVRP
X-n359-k29_0_0_0_1_2_0_G32.node
Set parameter ServerTimeout to value 600
Set parameter TokenServer to value "grb-ts.ufhpc"
Set parameter Threads to value 1
instance name= X-n359-k29
#########################################################################################
tree size= 0 lb= 0 ub= 51506
#########################################################################################
idx= 1 value= 51452.3 enu= 0
brc= 73-316 : +
brc= 0-85 : +
brc= 73-149 : +
brc= 39-67 : -
brc= 85-170 : +
brc= 8-153 : -
brc= 153-160 : -
brc= 39-90 : +
brc= 110-112 : +
-----------------------------------------------------------------------------------------
 ****** Pricing Level: LIGHT HEUR ****** 
it= 21  ncol= 4789  ncstr= 1042 mt= 2.9   spt= 2.5   lpval= 51457.2   ub= 51506.0  
 ****** Pricing Level: HEAVY HEUR ****** 
it= 7   ncol= 4924  ncstr= 1042 mt= 1.9   spt= 1.7   lpval= 51456.7   ub= 51506.0  
 ****** Pricing Level: EXACT ****** 
it= 9   ncol= 6434  ncstr= 1042 mt= 4.2   spt= 96.6  lpval= 51455.4   ub= 51506.0  
-----------------------------------------------------------------------------------------
elapsed time= 133.78 s.
-----------------------------------------------------------------------------------------
-----------------------------------------------------------------------------------------
 ****** Run Arc Elimination ****** 
arc elimination time= 10.41 s.
-----------------------------------------------------------------------------------------
-----------------------------------------------------------------------------------------
elapsed time= 144.71 s.
-----------------------------------------------------------------------------------------
 ****** Separate RCCs ****** 
 ****** Separate Rank1Cuts ****** 
-----------------------------------------------------------------------------------------
 ****** Pricing Level: LIGHT HEUR ****** 
it= 6   ncol= 6577  ncstr= 1133 mt= 1.8   spt= 0.8   lpval= 51458.3   ub= 51506.0  
 ****** Pricing Level: HEAVY HEUR ****** 
it= 5   ncol= 6634  ncstr= 1133 mt= 0.6   spt= 1.3   lpval= 51458.3   ub= 51506.0  
 ****** Pricing Level: EXACT ****** 
it= 1   ncol= 6634  ncstr= 1133 mt= 0.0   spt= 10.1  lpval= 51458.3   ub= 51506.0  
-----------------------------------------------------------------------------------------
elapsed time= 171.95 s.
-----------------------------------------------------------------------------------------
#########################################################################################
[1;36m[REMIND] roll back to the previous cutting iteration! in function rollbackEasyWay at /blue/yu.yang1/you.z/route_opt/packages/application/X-n359-k29/src/main/src/call_cutting.cpp:38[0m
#########################################################################################
[1;36m[REMIND] opt_k not found for node 1, use m directly in function getOptK at /blue/yu.yang1/you.z/route_opt/packages/branching/bkf/include/bkf_controller.hpp:239[0m
current_r_best= 2.25672
we directly test 100
we directly test 4
pseudo= 50 frac= 50
#candidates in phase1= 100
testing lp time= 195.19 s.
-----------------------------------------------------------------------------------------
119-312 ,  38.41| 266-332 ,  36.55|  37-166 ,  35.24|  21-52  ,  33.52|  13-34  ,  32.89| 
 26-72  ,  25.72| 229-251 ,  25.28|   0-21  ,  24.74|  83-84  ,  24.71|   0-153 ,  23.45| 
  0-105 ,  19.78|  83-105 ,  19.51|  52-312 ,  19.16|  75-152 ,  18.81|  89-354 ,  18.66| 
180-285 ,  18.24|  88-117 ,  17.70|  98-254 ,  16.59|  21-152 ,  16.28|  75-84  ,  15.90| 
 44-338 ,  15.88|  84-125 ,  14.87| 305-350 ,  14.30|  46-64  ,  13.99|  75-83  ,  13.77| 
  0-294 ,  13.71| 292-299 ,  13.38|  42-328 ,  12.91| 105-152 ,  12.65| 111-141 ,  12.63| 
  0-111 ,  12.63|  21-82  ,  11.35|  70-265 ,  11.15|   9-229 ,  10.93|   0-110 ,  10.67| 
  0-150 ,  10.54| 211-283 ,  10.43|  26-293 ,  10.25| 206-270 ,  10.11|   8-83  ,   9.70| 
118-164 ,   9.06|  33-81  ,   8.91| 232-335 ,   8.66|  44-171 ,   8.63| 201-250 ,   8.23| 
293-341 ,   7.37|  26-46  ,   7.33|   0-251 ,   7.31|  64-111 ,   7.26| 270-280 ,   7.25| 
  0-70  ,   7.16| 285-326 ,   7.13|   0-3   ,   7.11|   0-336 ,   6.66|  99-137 ,   6.55| 
 30-232 ,   5.73|   0-82  ,   5.67| 106-277 ,   5.37| 257-276 ,   5.37|   0-323 ,   4.58| 
  0-88  ,   4.55| 126-293 ,   4.53|  11-294 ,   3.99| 201-263 ,   3.87| 330-334 ,   3.77| 
334-337 ,   3.74|  69-102 ,   3.63| 142-147 ,   3.48| 119-127 ,   3.45|  75-171 ,   3.35| 
332-348 ,   3.24|   6-96  ,   3.23| 181-188 ,   3.14|  35-308 ,   3.13|  59-120 ,   3.03| 
  0-204 ,   2.85|   0-210 ,   2.52|   0-274 ,   2.42|  56-332 ,   2.30| 190-192 ,   2.15| 
  0-317 ,   1.90|  91-195 ,   1.77| 120-130 ,   1.54|  50-312 ,   1.51| 337-343 ,   1.46| 
266-348 ,   1.32|   0-258 ,   1.25| 136-280 ,   1.05| 129-331 ,   1.01| 199-204 ,   0.94| 
224-262 ,   0.80| 216-263 ,   0.70| 129-182 ,   0.69| 129-297 ,   0.65| 275-289 ,   0.48| 
 57-346 ,   0.43|   0-262 ,   0.38| 180-256 ,   0.34| 180-279 ,   0.16| 208-234 ,   0.03| 
-----------------------------------------------------------------------------------------
edge= 21 52 lp= 4.95614 pre= 2 lp2= 6.76356 pre2= 2 score= 33.5212
-----------------------------------------------------------------------------------------
edge= 37 166 lp= 33.1129 pre= 2 lp2= 1.06412 pre2= 2 score= 35.236
-----------------------------------------------------------------------------------------
edge= 266 332 lp= 2.84912 pre= 0 lp2= 12.8271 pre2= 1 score= 36.546
-----------------------------------------------------------------------------------------
edge= 119 312 lp= 1.16012 pre= 0 lp2= 33.1129 pre2= 2 score= 38.415
-----------------------------------------------------------------------------------------
candidate= 119-312 : +
-----------------------------------------------------------------------------------------
-----------------------------------------------------------------------------------------
 ****** Pricing Level: LIGHT HEUR ****** 
it= 15  ncol= 4696  ncstr= 1008 mt= 10.1  spt= 1.7   lpval= 51465.0   ub= 51506.0  
 ****** Pricing Level: HEAVY HEUR ****** 
it= 9   ncol= 4836  ncstr= 1008 mt= 2.8   spt= 2.1   lpval= 51462.8   ub= 51506.0  
-----------------------------------------------------------------------------------------
elapsed time= 389.52 s.
-----------------------------------------------------------------------------------------
candidate= 266-332 : +
-----------------------------------------------------------------------------------------
-----------------------------------------------------------------------------------------
 ****** Pricing Level: LIGHT HEUR ****** 
it= 8   ncol= 4484  ncstr= 1008 mt= 5.2   spt= 1.0   lpval= 51463.0   ub= 51506.0  
 ****** Pricing Level: HEAVY HEUR ****** 
it= 13  ncol= 4666  ncstr= 1008 mt= 4.2   spt= 3.2   lpval= 51460.4   ub= 51506.0  
-----------------------------------------------------------------------------------------
elapsed time= 407.37 s.
-----------------------------------------------------------------------------------------
brc= 266-332
t= 0.975962 c= 177.268 n= 0 if_b4= 1
t= 19.3393 c= 255.525 n= 0 if_b4= 1
nodes already exists
memory usage= 8GB.
#########################################################################################
tree size= 0 lb= 51455.4 ub= 51506
#########################################################################################
idx= 2 value= 51455.4 enu= 0
brc= 73-316 : +
brc= 0-85 : +
brc= 73-149 : +
brc= 39-67 : -
brc= 85-170 : +
brc= 8-153 : -
brc= 153-160 : -
brc= 39-90 : +
brc= 110-112 : +
brc= 266-332 : -
-----------------------------------------------------------------------------------------
 ****** Pricing Level: LIGHT HEUR ****** 
it= 2   ncol= 4296  ncstr= 1007 mt= 1.3   spt= 0.3   lpval= 51458.3   ub= 51506.0  
 ****** Pricing Level: HEAVY HEUR ****** 
it= 3   ncol= 4327  ncstr= 1007 mt= 0.1   spt= 0.8   lpval= 51458.3   ub= 51506.0  
 ****** Pricing Level: EXACT ****** 
it= 4   ncol= 4670  ncstr= 1007 mt= 1.4   spt= 44.2  lpval= 51457.8   ub= 51506.0  
-----------------------------------------------------------------------------------------
elapsed time= 458.76 s.
-----------------------------------------------------------------------------------------
 ****** Separate RCCs ****** 
 ****** Separate Rank1Cuts ****** 
-----------------------------------------------------------------------------------------
 ****** Pricing Level: LIGHT HEUR ****** 
it= 5   ncol= 4733  ncstr= 1095 mt= 1.6   spt= 0.7   lpval= 51461.4   ub= 51506.0  
 ****** Pricing Level: HEAVY HEUR ****** 
it= 4   ncol= 4792  ncstr= 1095 mt= 1.2   spt= 1.1   lpval= 51461.2   ub= 51506.0  
 ****** Pricing Level: EXACT ****** 
it= 1   ncol= 4792  ncstr= 1095 mt= 0.0   spt= 10.3  lpval= 51461.2   ub= 51506.0  
-----------------------------------------------------------------------------------------
elapsed time= 485.65 s.
-----------------------------------------------------------------------------------------
#########################################################################################
[1;36m[REMIND] roll back to the previous cutting iteration! in function rollbackEasyWay at /blue/yu.yang1/you.z/route_opt/packages/application/X-n359-k29/src/main/src/call_cutting.cpp:38[0m
#########################################################################################
current_r_best= 1.6982
pseudo= 50 frac= 50
#candidates in phase1= 37
testing lp time= 63.47 s.
-----------------------------------------------------------------------------------------
158-163 ,  85.34|  44-338 ,  65.03|  37-166 ,  63.05|   1-90  ,  61.71| 232-335 ,  53.65| 
 26-72  ,  49.77| 105-338 ,  46.20| 229-251 ,  45.76|  75-152 ,  42.92|  84-131 ,  39.52| 
 27-307 ,  39.44|   9-229 ,  36.54|  98-254 ,  30.15|  42-328 ,  28.70|  88-117 ,  21.10| 
118-164 ,  18.78|  84-125 ,  17.04|  44-171 ,   9.34| 143-311 ,   9.32| 143-326 ,   9.32| 
311-334 ,   9.31| 106-277 ,   8.30|  30-232 ,   7.36|  49-204 ,   6.43| 234-276 ,   5.54| 
180-285 ,   5.51|  33-334 ,   4.36| 195-247 ,   4.27|   2-195 ,   4.27|   2-91  ,   4.27| 
 36-348 ,   2.07|  59-253 ,   2.05| 240-332 ,   1.51| 321-337 ,   0.93| 266-321 ,   0.71| 
258-260 ,   0.40| 102-208 ,   0.02| 
-----------------------------------------------------------------------------------------
edge= 37 166 lp= 35.0469 pre= 2 lp2= 1.79911 pre2= 2 score= 63.0533
-----------------------------------------------------------------------------------------
edge= 44 338 lp= 0.912857 pre= 2 lp2= 71.2368 pre2= 2 score= 65.029
-----------------------------------------------------------------------------------------
edge= 158 163 lp= 71.2368 pre= 2 lp2= 1.19794 pre2= 2 score= 85.3372
-----------------------------------------------------------------------------------------
candidate= 158-163 : -
-----------------------------------------------------------------------------------------
-----------------------------------------------------------------------------------------
 ****** Pricing Level: LIGHT HEUR ****** 
it= 30  ncol= 4030  ncstr= 982  mt= 14.6  spt= 3.6   lpval= 51507.9   ub= 51506.0  
it= 37  ncol= 4138  ncstr= 982  mt= 2.3   spt= 0.9   lpval= 51504.6   ub= 51506.0  
 ****** Pricing Level: HEAVY HEUR ****** 
it= 23  ncol= 4633  ncstr= 982  mt= 10.4  spt= 5.7   lpval= 51476.0   ub= 51506.0  
-----------------------------------------------------------------------------------------
elapsed time= 598.23 s.
-----------------------------------------------------------------------------------------
candidate= 44-338 : -
-----------------------------------------------------------------------------------------
-----------------------------------------------------------------------------------------
 ****** Pricing Level: LIGHT HEUR ****** 
it= 3   ncol= 3153  ncstr= 982  mt= 1.0   spt= 0.4   lpval= 51458.7   ub= 51506.0  
 ****** Pricing Level: HEAVY HEUR ****** 
it= 6   ncol= 3188  ncstr= 982  mt= 0.3   spt= 1.5   lpval= 51458.7   ub= 51506.0  
-----------------------------------------------------------------------------------------
elapsed time= 603.23 s.
-----------------------------------------------------------------------------------------
candidate= 44-338 : +
-----------------------------------------------------------------------------------------
-----------------------------------------------------------------------------------------
 ****** Pricing Level: LIGHT HEUR ****** 
it= 30  ncol= 4030  ncstr= 982  mt= 15.6  spt= 3.5   lpval= 51470.4   ub= 51506.0  
it= 38  ncol= 4212  ncstr= 982  mt= 2.2   spt= 1.0   lpval= 51468.2   ub= 51506.0  
 ****** Pricing Level: HEAVY HEUR ****** 
it= 18  ncol= 4526  ncstr= 982  mt= 5.9   spt= 4.4   lpval= 51465.1   ub= 51506.0  
-----------------------------------------------------------------------------------------
elapsed time= 645.49 s.
-----------------------------------------------------------------------------------------
candidate= 37-166 : -
-----------------------------------------------------------------------------------------
-----------------------------------------------------------------------------------------
 ****** Pricing Level: LIGHT HEUR ****** 
it= 25  ncol= 3644  ncstr= 982  mt= 7.7   spt= 3.0   lpval= 51475.6   ub= 51506.0  
 ****** Pricing Level: HEAVY HEUR ****** 
it= 12  ncol= 3896  ncstr= 982  mt= 3.9   spt= 3.0   lpval= 51469.7   ub= 51506.0  
-----------------------------------------------------------------------------------------
elapsed time= 669.51 s.
-----------------------------------------------------------------------------------------
candidate= 158-163 : +
-----------------------------------------------------------------------------------------
-----------------------------------------------------------------------------------------
 ****** Pricing Level: LIGHT HEUR ****** 
it= 18  ncol= 3462  ncstr= 982  mt= 2.8   spt= 2.3   lpval= 51458.8   ub= 51506.0  
 ****** Pricing Level: HEAVY HEUR ****** 
it= 10  ncol= 3636  ncstr= 982  mt= 1.2   spt= 2.6   lpval= 51458.7   ub= 51506.0  
-----------------------------------------------------------------------------------------
elapsed time= 684.06 s.
-----------------------------------------------------------------------------------------
candidate= 37-166 : +
-----------------------------------------------------------------------------------------
-----------------------------------------------------------------------------------------
 ****** Pricing Level: LIGHT HEUR ****** 
it= 20  ncol= 3576  ncstr= 982  mt= 3.6   spt= 2.5   lpval= 51459.4   ub= 51506.0  
 ****** Pricing Level: HEAVY HEUR ****** 
it= 22  ncol= 4038  ncstr= 982  mt= 3.9   spt= 5.7   lpval= 51458.6   ub= 51506.0  
-----------------------------------------------------------------------------------------
elapsed time= 708.21 s.
-----------------------------------------------------------------------------------------
brc= 158-163
t= 0.916852 c= 167 n= 1 if_b4= 1
t= 22.8215 c= 182.542 n= 1 if_b4= 1
nodes already exists
memory usage= 8GB.
#########################################################################################
tree size= 0 lb= 51457.8 ub= 51506
#########################################################################################
idx= 4 value= 51457.8 enu= 0
brc= 73-316 : +
brc= 0-85 : +
brc= 73-149 : +
brc= 39-67 : -
brc= 85-170 : +
brc= 8-153 : -
brc= 153-160 : -
brc= 39-90 : +
brc= 110-112 : +
brc= 266-332 : -
brc= 158-163 : -
-----------------------------------------------------------------------------------------
 ****** Pricing Level: LIGHT HEUR ****** 
it= 30  ncol= 3974  ncstr= 981  mt= 18.6  spt= 3.4   lpval= 51513.9   ub= 51506.0  
it= 42  ncol= 4190  ncstr= 981  mt= 4.7   spt= 1.4   lpval= 51504.0   ub= 51506.0  
 ****** Pricing Level: HEAVY HEUR ****** 
it= 26  ncol= 4784  ncstr= 981  mt= 11.9  spt= 6.3   lpval= 51472.9   ub= 51506.0  
 ****** Pricing Level: EXACT ****** 
it= 9   ncol= 5937  ncstr= 981  mt= 7.2   spt= 97.4  lpval= 51461.8   ub= 51506.0  
-----------------------------------------------------------------------------------------
elapsed time= 874.50 s.
-----------------------------------------------------------------------------------------
-----------------------------------------------------------------------------------------
 ****** Run Arc Elimination ****** 
arc elimination time= 9.54 s.
-----------------------------------------------------------------------------------------
-----------------------------------------------------------------------------------------
elapsed time= 884.14 s.
-----------------------------------------------------------------------------------------
 ****** Separate RCCs ****** 
 ****** Separate Rank1Cuts ****** 
-----------------------------------------------------------------------------------------
 ****** Pricing Level: LIGHT HEUR ****** 
it= 7   ncol= 6014  ncstr= 1073 mt= 1.8   spt= 1.0   lpval= 51464.6   ub= 51506.0  
 ****** Pricing Level: HEAVY HEUR ****** 
it= 6   ncol= 6054  ncstr= 1073 mt= 0.4   spt= 1.7   lpval= 51464.6   ub= 51506.0  
 ****** Pricing Level: EXACT ****** 
it= 1   ncol= 6054  ncstr= 1073 mt= 0.0   spt= 10.0  lpval= 51464.6   ub= 51506.0  
-----------------------------------------------------------------------------------------
elapsed time= 911.63 s.
-----------------------------------------------------------------------------------------
#########################################################################################
[1;36m[REMIND] roll back to the previous cutting iteration! in function rollbackEasyWay at /blue/yu.yang1/you.z/route_opt/packages/application/X-n359-k29/src/main/src/call_cutting.cpp:38[0m
#########################################################################################
current_r_best= 2.93811
alpha= 0.37 beta= 15.0439 omega= 182.145 k1= 28
lb_k= 1 ub_k= 37
revise: lb_k= 21 ub_k= 37
opt_k= 30
alpha= 0.75 beta= 15.0439 omega= 7.99869 k1= 3
lb_k= 1 ub_k= 3
revise: lb_k= 1 ub_k= 3
opt_k= 3
pseudo= 50 frac= 50
#candidates in phase1= 30
testing lp time= 53.34 s.
-----------------------------------------------------------------------------------------
 83-105 ,  31.36| 201-250 ,  25.74|   1-90  ,  21.33| 229-251 ,  20.35| 138-276 ,  19.46| 
 47-178 ,  16.53|  84-131 ,  16.12|   3-178 ,  14.59| 105-338 ,  12.89|  79-137 ,  11.29| 
254-271 ,  11.17|  75-152 ,  10.83|  84-125 ,  10.80| 232-335 ,  10.16|   0-241 ,   9.83| 
 98-254 ,   9.61|  88-117 ,   9.47| 112-131 ,   9.10|  84-112 ,   8.92|  44-171 ,   8.63| 
131-153 ,   8.16|  88-142 ,   7.47|  27-307 ,   6.78|  30-232 ,   5.05| 173-297 ,   4.70| 
180-285 ,   3.54|  49-99  ,   2.71|   4-342 ,   1.72|  49-199 ,   1.39|  24-102 ,   0.00| 
-----------------------------------------------------------------------------------------
edge= 1 90 lp= 10.3336 pre= 0 lp2= 2.06441 pre2= 1 score= 21.3328
-----------------------------------------------------------------------------------------
edge= 201 250 lp= 4.66979 pre= 2 lp2= 5.51105 pre2= 2 score= 25.7355
-----------------------------------------------------------------------------------------
edge= 83 105 lp= 0.773474 pre= 2 lp2= 40.5399 pre2= 2 score= 31.3566
-----------------------------------------------------------------------------------------
candidate= 83-105 : -
-----------------------------------------------------------------------------------------
-----------------------------------------------------------------------------------------
 ****** Pricing Level: LIGHT HEUR ****** 
it= 6   ncol= 4073  ncstr= 961  mt= 1.3   spt= 0.8   lpval= 51462.6   ub= 51506.0  
 ****** Pricing Level: HEAVY HEUR ****** 
it= 3   ncol= 4108  ncstr= 961  mt= 0.1   spt= 0.8   lpval= 51462.6   ub= 51506.0  
-----------------------------------------------------------------------------------------
elapsed time= 971.04 s.
-----------------------------------------------------------------------------------------
candidate= 83-105 : +
-----------------------------------------------------------------------------------------
-----------------------------------------------------------------------------------------
 ****** Pricing Level: LIGHT HEUR ****** 
it= 21  ncol= 4528  ncstr= 961  mt= 8.7   spt= 2.6   lpval= 51484.9   ub= 51506.0  
 ****** Pricing Level: HEAVY HEUR ****** 
it= 26  ncol= 4918  ncstr= 961  mt= 7.4   spt= 6.4   lpval= 51477.2   ub= 51506.0  
-----------------------------------------------------------------------------------------
elapsed time= 1004.15 s.
-----------------------------------------------------------------------------------------
candidate= 201-250 : -
-----------------------------------------------------------------------------------------
-----------------------------------------------------------------------------------------
 ****** Pricing Level: LIGHT HEUR ****** 
it= 5   ncol= 4076  ncstr= 961  mt= 1.2   spt= 0.6   lpval= 51466.5   ub= 51506.0  
 ****** Pricing Level: HEAVY HEUR ****** 
it= 3   ncol= 4114  ncstr= 961  mt= 0.8   spt= 0.8   lpval= 51466.1   ub= 51506.0  
-----------------------------------------------------------------------------------------
elapsed time= 1008.86 s.
-----------------------------------------------------------------------------------------
candidate= 201-250 : +
-----------------------------------------------------------------------------------------
-----------------------------------------------------------------------------------------
 ****** Pricing Level: LIGHT HEUR ****** 
it= 7   ncol= 4132  ncstr= 961  mt= 3.5   spt= 0.9   lpval= 51465.5   ub= 51506.0  
 ****** Pricing Level: HEAVY HEUR ****** 
it= 9   ncol= 4232  ncstr= 961  mt= 2.6   spt= 2.3   lpval= 51464.6   ub= 51506.0  
-----------------------------------------------------------------------------------------
elapsed time= 1021.09 s.
-----------------------------------------------------------------------------------------
brc= 1-90
t= 0.907562 c= 188.174 n= 2 if_b4= 1
t= 19.7756 c= 198.302 n= 2 if_b4= 1
nodes already exists
memory usage= 8GB.
#########################################################################################
tree size= 0 lb= 51461.8 ub= 51506
#########################################################################################
idx= 6 value= 51461.8 enu= 0
brc= 73-316 : +
brc= 0-85 : +
brc= 73-149 : +
brc= 39-67 : -
brc= 85-170 : +
brc= 8-153 : -
brc= 153-160 : -
brc= 39-90 : +
brc= 110-112 : +
brc= 266-332 : -
brc= 158-163 : -
brc= 1-90 : -
-----------------------------------------------------------------------------------------
 ****** Pricing Level: LIGHT HEUR ****** 
it= 12  ncol= 4150  ncstr= 960  mt= 1.5   spt= 1.5   lpval= 51472.1   ub= 51506.0  
 ****** Pricing Level: HEAVY HEUR ****** 
it= 6   ncol= 4222  ncstr= 960  mt= 1.8   spt= 1.5   lpval= 51469.8   ub= 51506.0  
 ****** Pricing Level: EXACT ****** 
it= 5   ncol= 4714  ncstr= 960  mt= 1.8   spt= 55.6  lpval= 51467.8   ub= 51506.0  
-----------------------------------------------------------------------------------------
elapsed time= 1090.37 s.
-----------------------------------------------------------------------------------------
-----------------------------------------------------------------------------------------
 ****** Run Arc Elimination ****** 
arc elimination time= 8.85 s.
-----------------------------------------------------------------------------------------
-----------------------------------------------------------------------------------------
elapsed time= 1099.33 s.
-----------------------------------------------------------------------------------------
 ****** Separate RCCs ****** 
 ****** Separate Rank1Cuts ****** 
-----------------------------------------------------------------------------------------
 ****** Pricing Level: LIGHT HEUR ****** 
it= 12  ncol= 4933  ncstr= 1047 mt= 2.3   spt= 1.6   lpval= 51475.1   ub= 51506.0  
 ****** Pricing Level: HEAVY HEUR ****** 
it= 5   ncol= 4992  ncstr= 1047 mt= 1.2   spt= 1.3   lpval= 51474.8   ub= 51506.0  
 ****** Pricing Level: EXACT ****** 
it= 1   ncol= 4992  ncstr= 1047 mt= 0.0   spt= 10.0  lpval= 51474.8   ub= 51506.0  
-----------------------------------------------------------------------------------------
elapsed time= 1130.05 s.
-----------------------------------------------------------------------------------------
#########################################################################################
[1;36m[REMIND] roll back to the previous cutting iteration! in function rollbackEasyWay at /blue/yu.yang1/you.z/route_opt/packages/application/X-n359-k29/src/main/src/call_cutting.cpp:38[0m
#########################################################################################
current_r_best= 4.35962
alpha= 0.37 beta= 8.76635 omega= 207.34 k1= 22
lb_k= 1 ub_k= 37
revise: lb_k= 17 ub_k= 29
opt_k= 24
alpha= 0.75 beta= 8.76635 omega= 10.0276 k1= 3
lb_k= 1 ub_k= 3
revise: lb_k= 1 ub_k= 3
opt_k= 3
pseudo= 50 frac= 50
#candidates in phase1= 24
testing lp time= 37.27 s.
-----------------------------------------------------------------------------------------
 90-166 , 273.14| 254-271 , 186.39|  98-254 , 104.49|  63-325 ,  88.16| 138-276 ,  82.33| 
 63-98  ,  78.65|  38-77  ,  54.83|  77-292 ,  54.83|  74-90  ,  47.33|  80-97  ,  40.16| 
271-284 ,  31.09| 105-338 ,  30.92|  84-131 ,  28.56|   9-229 ,  27.41|  75-152 ,  23.90| 
299-310 ,  20.10|  27-307 ,  15.08| 232-335 ,  13.69|  88-117 ,  10.51|  30-232 ,   8.37| 
279-285 ,   3.46| 332-343 ,   3.11|  69-241 ,   2.85|   0-215 ,   2.53| 
-----------------------------------------------------------------------------------------
edge= 98 254 lp= 18.201 pre= 2 lp2= 5.74087 pre2= 2 score= 104.489
-----------------------------------------------------------------------------------------
edge= 254 271 lp= 41.275 pre= 2 lp2= 4.51579 pre2= 2 score= 186.389
-----------------------------------------------------------------------------------------
edge= 90 166 lp= 6.61758 pre= 2 lp2= 41.275 pre2= 2 score= 273.14
-----------------------------------------------------------------------------------------
candidate= 90-166 : -
-----------------------------------------------------------------------------------------
-----------------------------------------------------------------------------------------
 ****** Pricing Level: LIGHT HEUR ****** 
it= 18  ncol= 3509  ncstr= 936  mt= 3.5   spt= 2.3   lpval= 51473.9   ub= 51506.0  
 ****** Pricing Level: HEAVY HEUR ****** 
it= 22  ncol= 3814  ncstr= 936  mt= 3.9   spt= 5.5   lpval= 51472.1   ub= 51506.0  
-----------------------------------------------------------------------------------------
elapsed time= 1190.92 s.
-----------------------------------------------------------------------------------------
candidate= 254-271 : -
-----------------------------------------------------------------------------------------
-----------------------------------------------------------------------------------------
 ****** Pricing Level: LIGHT HEUR ****** 
it= 30  ncol= 3825  ncstr= 936  mt= 9.9   spt= 3.7   lpval= 51481.8   ub= 51506.0  
 ****** Pricing Level: HEAVY HEUR ****** 
it= 15  ncol= 4153  ncstr= 936  mt= 4.8   spt= 3.7   lpval= 51474.6   ub= 51506.0  
-----------------------------------------------------------------------------------------
elapsed time= 1221.16 s.
-----------------------------------------------------------------------------------------
candidate= 90-166 : +
-----------------------------------------------------------------------------------------
-----------------------------------------------------------------------------------------
 ****** Pricing Level: LIGHT HEUR ****** 
it= 30  ncol= 3978  ncstr= 936  mt= 18.0  spt= 3.6   lpval= 51493.2   ub= 51506.0  
it= 34  ncol= 3994  ncstr= 936  mt= 0.3   spt= 0.5   lpval= 51493.1   ub= 51506.0  
 ****** Pricing Level: HEAVY HEUR ****** 
it= 17  ncol= 4378  ncstr= 936  mt= 8.5   spt= 4.2   lpval= 51478.3   ub= 51506.0  
-----------------------------------------------------------------------------------------
elapsed time= 1265.35 s.
-----------------------------------------------------------------------------------------
candidate= 98-254 : -
-----------------------------------------------------------------------------------------
-----------------------------------------------------------------------------------------
 ****** Pricing Level: LIGHT HEUR ****** 
it= 21  ncol= 3670  ncstr= 936  mt= 6.4   spt= 2.6   lpval= 51477.2   ub= 51506.0  
 ****** Pricing Level: HEAVY HEUR ****** 
it= 20  ncol= 4055  ncstr= 936  mt= 5.4   spt= 5.0   lpval= 51472.1   ub= 51506.0  
-----------------------------------------------------------------------------------------
elapsed time= 1292.15 s.
-----------------------------------------------------------------------------------------
brc= 90-166
t= 0.874804 c= 183.692 n= 3 if_b4= 1
t= 22.5621 c= 180.486 n= 3 if_b4= 1
nodes already exists
memory usage= 8GB.
#########################################################################################
tree size= 0 lb= 51467.8 ub= 51506
#########################################################################################
idx= 8 value= 51467.8 enu= 0
brc= 73-316 : +
brc= 0-85 : +
brc= 73-149 : +
brc= 39-67 : -
brc= 85-170 : +
brc= 8-153 : -
brc= 153-160 : -
brc= 39-90 : +
brc= 110-112 : +
brc= 266-332 : -
brc= 158-163 : -
brc= 1-90 : -
brc= 90-166 : -
-----------------------------------------------------------------------------------------
 ****** Pricing Level: LIGHT HEUR ****** 
it= 20  ncol= 3598  ncstr= 935  mt= 3.8   spt= 2.4   lpval= 51473.9   ub= 51506.0  
 ****** Pricing Level: HEAVY HEUR ****** 
it= 14  ncol= 3923  ncstr= 935  mt= 2.0   spt= 3.4   lpval= 51472.4   ub= 51506.0  
 ****** Pricing Level: EXACT ****** 
it= 5   ncol= 5287  ncstr= 935  mt= 1.9   spt= 55.1  lpval= 51471.6   ub= 51506.0  
-----------------------------------------------------------------------------------------
elapsed time= 1369.50 s.
-----------------------------------------------------------------------------------------
-----------------------------------------------------------------------------------------
 ****** Run Arc Elimination ****** 
arc elimination time= 8.45 s.
-----------------------------------------------------------------------------------------
-----------------------------------------------------------------------------------------
elapsed time= 1378.04 s.
-----------------------------------------------------------------------------------------
 ****** Separate RCCs ****** 
 ****** Separate Rank1Cuts ****** 
-----------------------------------------------------------------------------------------
 ****** Pricing Level: LIGHT HEUR ****** 
it= 6   ncol= 5436  ncstr= 1045 mt= 1.8   spt= 0.8   lpval= 51476.6   ub= 51506.0  
 ****** Pricing Level: HEAVY HEUR ****** 
it= 8   ncol= 5542  ncstr= 1045 mt= 1.2   spt= 2.1   lpval= 51476.5   ub= 51506.0  
 ****** Pricing Level: EXACT ****** 
it= 2   ncol= 6248  ncstr= 1045 mt= 1.2   spt= 21.5  lpval= 51476.0   ub= 51506.0  
-----------------------------------------------------------------------------------------
elapsed time= 1420.07 s.
-----------------------------------------------------------------------------------------
#########################################################################################
[1;36m[REMIND] roll back to the previous cutting iteration! in function rollbackEasyWay at /blue/yu.yang1/you.z/route_opt/packages/application/X-n359-k29/src/main/src/call_cutting.cpp:38[0m
#########################################################################################
current_r_best= 2.80047
alpha= 0.37 beta= 12.2786 omega= 209.981 k1= 27
lb_k= 1 ub_k= 37
revise: lb_k= 21 ub_k= 34
opt_k= 29
alpha= 0.75 beta= 12.2786 omega= 7.99952 k1= 3
lb_k= 1 ub_k= 3
revise: lb_k= 1 ub_k= 3
opt_k= 3
pseudo= 50 frac= 50
#candidates in phase1= 29
testing lp time= 43.31 s.
-----------------------------------------------------------------------------------------
 63-325 , 127.71| 138-276 ,  76.45|  67-163 ,  55.49|  75-152 ,  52.80|  37-98  ,  51.67| 
166-254 ,  51.66|  84-131 ,  40.01|   7-90  ,  33.43|   9-229 ,  21.28|  74-90  ,  17.25| 
 84-125 ,  14.35| 232-335 ,  13.11| 119-312 ,   9.08|  30-44  ,   7.28| 256-301 ,   6.75| 
244-276 ,   6.23|  98-254 ,   6.11|  37-166 ,   5.17| 139-248 ,   4.48|  23-148 ,   4.05| 
106-277 ,   4.03|  80-97  ,   3.17| 117-307 ,   2.98| 299-310 ,   2.93| 241-244 ,   2.20| 
  0-228 ,   2.20|  56-266 ,   1.97|  62-100 ,   1.56| 287-342 ,   1.23| 
-----------------------------------------------------------------------------------------
edge= 67 163 lp= 16.0636 pre= 2 lp2= 3.45446 pre2= 2 score= 55.491
-----------------------------------------------------------------------------------------
edge= 138 276 lp= 0.936948 pre= 2 lp2= 81.591 pre2= 2 score= 76.4465
-----------------------------------------------------------------------------------------
edge= 63 325 lp= 120.079 pre= 2 lp2= 1.06358 pre2= 2 score= 127.714
-----------------------------------------------------------------------------------------
candidate= 63-325 : -
-----------------------------------------------------------------------------------------
-----------------------------------------------------------------------------------------
 ****** Pricing Level: LIGHT HEUR ****** 
it= 24  ncol= 4131  ncstr= 918  mt= 17.9  spt= 2.9   lpval= 51500.8   ub= 51506.0  
 ****** Pricing Level: HEAVY HEUR ****** 
it= 12  ncol= 4330  ncstr= 918  mt= 3.8   spt= 3.0   lpval= 51487.9   ub= 51506.0  
-----------------------------------------------------------------------------------------
elapsed time= 1498.28 s.
-----------------------------------------------------------------------------------------
candidate= 138-276 : -
-----------------------------------------------------------------------------------------
-----------------------------------------------------------------------------------------
 ****** Pricing Level: LIGHT HEUR ****** 
it= 2   ncol= 3545  ncstr= 918  mt= 0.9   spt= 0.3   lpval= 51472.6   ub= 51506.0  
 ****** Pricing Level: HEAVY HEUR ****** 
it= 3   ncol= 3594  ncstr= 918  mt= 0.2   spt= 0.8   lpval= 51472.5   ub= 51506.0  
-----------------------------------------------------------------------------------------
elapsed time= 1501.19 s.
-----------------------------------------------------------------------------------------
candidate= 138-276 : +
-----------------------------------------------------------------------------------------
-----------------------------------------------------------------------------------------
 ****** Pricing Level: LIGHT HEUR ****** 
it= 19  ncol= 3989  ncstr= 918  mt= 7.7   spt= 2.3   lpval= 51480.6   ub= 51506.0  
 ****** Pricing Level: HEAVY HEUR ****** 
it= 9   ncol= 4142  ncstr= 918  mt= 1.8   spt= 2.3   lpval= 51479.8   ub= 51506.0  
-----------------------------------------------------------------------------------------
elapsed time= 1520.01 s.
-----------------------------------------------------------------------------------------
candidate= 67-163 : -
-----------------------------------------------------------------------------------------
-----------------------------------------------------------------------------------------
 ****** Pricing Level: LIGHT HEUR ****** 
it= 12  ncol= 3727  ncstr= 918  mt= 2.9   spt= 1.5   lpval= 51484.8   ub= 51506.0  
 ****** Pricing Level: HEAVY HEUR ****** 
it= 10  ncol= 3864  ncstr= 918  mt= 3.4   spt= 2.5   lpval= 51478.8   ub= 51506.0  
-----------------------------------------------------------------------------------------
elapsed time= 1533.98 s.
-----------------------------------------------------------------------------------------
candidate= 67-163 : +
-----------------------------------------------------------------------------------------
-----------------------------------------------------------------------------------------
 ****** Pricing Level: LIGHT HEUR ****** 
it= 20  ncol= 3982  ncstr= 918  mt= 4.4   spt= 2.5   lpval= 51475.0   ub= 51506.0  
 ****** Pricing Level: HEAVY HEUR ****** 
it= 11  ncol= 4167  ncstr= 918  mt= 1.4   spt= 2.8   lpval= 51474.6   ub= 51506.0  
-----------------------------------------------------------------------------------------
elapsed time= 1550.48 s.
-----------------------------------------------------------------------------------------
brc= 67-163
t= 0.849185 c= 181.032 n= 4 if_b4= 1
t= 21.4882 c= 174.203 n= 4 if_b4= 1
nodes already exists
memory usage= 8GB.
#########################################################################################
tree size= 0 lb= 51471.6 ub= 51506
#########################################################################################
idx= 10 value= 51471.6 enu= 0
brc= 73-316 : +
brc= 0-85 : +
brc= 73-149 : +
brc= 39-67 : -
brc= 85-170 : +
brc= 8-153 : -
brc= 153-160 : -
brc= 39-90 : +
brc= 110-112 : +
brc= 266-332 : -
brc= 158-163 : -
brc= 1-90 : -
brc= 90-166 : -
brc= 67-163 : -
-----------------------------------------------------------------------------------------
 ****** Pricing Level: LIGHT HEUR ****** 
it= 12  ncol= 3737  ncstr= 917  mt= 2.6   spt= 1.4   lpval= 51485.6   ub= 51506.0  
 ****** Pricing Level: HEAVY HEUR ****** 
it= 9   ncol= 3855  ncstr= 917  mt= 2.3   spt= 2.2   lpval= 51481.1   ub= 51506.0  
 ****** Pricing Level: EXACT ****** 
it= 5   ncol= 4692  ncstr= 917  mt= 2.0   spt= 53.3  lpval= 51477.1   ub= 51506.0  
-----------------------------------------------------------------------------------------
elapsed time= 1620.33 s.
-----------------------------------------------------------------------------------------
-----------------------------------------------------------------------------------------
 ****** Run Arc Elimination ****** 
arc elimination time= 7.11 s.
-----------------------------------------------------------------------------------------
-----------------------------------------------------------------------------------------
elapsed time= 1627.51 s.
-----------------------------------------------------------------------------------------
 ****** Separate RCCs ****** 
 ****** Separate Rank1Cuts ****** 
-----------------------------------------------------------------------------------------
 ****** Pricing Level: LIGHT HEUR ****** 
it= 15  ncol= 4950  ncstr= 1029 mt= 3.2   spt= 1.9   lpval= 51487.8   ub= 51506.0  
 ****** Pricing Level: HEAVY HEUR ****** 
it= 9   ncol= 5050  ncstr= 1029 mt= 2.1   spt= 2.3   lpval= 51487.2   ub= 51506.0  
 ****** Pricing Level: EXACT ****** 
it= 2   ncol= 5764  ncstr= 1029 mt= 1.0   spt= 21.0  lpval= 51486.5   ub= 51506.0  
-----------------------------------------------------------------------------------------
elapsed time= 1674.14 s.
-----------------------------------------------------------------------------------------
#########################################################################################
[1;36m[REMIND] roll back to the previous cutting iteration! in function rollbackEasyWay at /blue/yu.yang1/you.z/route_opt/packages/application/X-n359-k29/src/main/src/call_cutting.cpp:38[0m
#########################################################################################
current_r_best= 4.02092
alpha= 0.37 beta= 7.18002 omega= 213.184 k1= 20
lb_k= 1 ub_k= 37
revise: lb_k= 16 ub_k= 26
opt_k= 21
alpha= 0.75 beta= 7.18002 omega= 8.10691 k1= 3
lb_k= 1 ub_k= 3
revise: lb_k= 1 ub_k= 3
opt_k= 3
pseudo= 50 frac= 50
#candidates in phase1= 21
testing lp time= 23.67 s.
-----------------------------------------------------------------------------------------
 90-163 , 18791643.68|  84-131 , 12106684.86|  67-158 , 10164350.53| 152-338 , 7876619.82| 153-170 , 3875821.25| 
160-170 , 3875800.98|  63-325 , 2555581.57|  84-153 , 2286656.27|   7-325 , 1279164.63|  37-151 , 865582.62| 
160-163 , 862206.19| 153-158 , 805780.29| 232-335 , 653242.86|   7-90  , 547219.71|  39-151 , 516056.61| 
 75-152 , 497972.66| 151-271 , 464182.50|   9-229 ,  33.33|  98-254 ,  27.43|  43-140 ,  20.47| 
 43-67  ,  20.47| 
-----------------------------------------------------------------------------------------
edge= 67 158 lp= 10.716 pre= 2 lp2= 1000 pre2= 2 score= 10716
-----------------------------------------------------------------------------------------
edge= 84 131 lp= 1000 pre= 2 lp2= 12.7637 pre2= 2 score= 12763.7
-----------------------------------------------------------------------------------------
edge= 90 163 lp= 19.8115 pre= 2 lp2= 1000 pre2= 2 score= 19811.5
-----------------------------------------------------------------------------------------
candidate= 90-163 : -
-----------------------------------------------------------------------------------------
-----------------------------------------------------------------------------------------
 ****** Pricing Level: LIGHT HEUR ****** 
it= 30  ncol= 4042  ncstr= 894  mt= 6.4   spt= 3.7   lpval= 51487.9   ub= 51506.0  
it= 42  ncol= 4233  ncstr= 894  mt= 1.1   spt= 1.5   lpval= 51487.7   ub= 51506.0  
 ****** Pricing Level: HEAVY HEUR ****** 
it= 18  ncol= 4656  ncstr= 894  mt= 3.3   spt= 4.4   lpval= 51482.4   ub= 51506.0  
-----------------------------------------------------------------------------------------
elapsed time= 1727.83 s.
-----------------------------------------------------------------------------------------
candidate= 84-131 : -
-----------------------------------------------------------------------------------------
-----------------------------------------------------------------------------------------
 ****** Pricing Level: LIGHT HEUR ****** 
it= 30  ncol= 3904  ncstr= 894  mt= 12.1  spt= 3.7   lpval= 51498.0   ub= 51506.0  
it= 37  ncol= 3917  ncstr= 894  mt= 0.4   spt= 0.9   lpval= 51498.0   ub= 51506.0  
 ****** Pricing Level: HEAVY HEUR ****** 
it= 13  ncol= 4114  ncstr= 894  mt= 3.6   spt= 3.2   lpval= 51492.0   ub= 51506.0  
-----------------------------------------------------------------------------------------
elapsed time= 1758.63 s.
-----------------------------------------------------------------------------------------
candidate= 67-158 : -
-----------------------------------------------------------------------------------------
-----------------------------------------------------------------------------------------
 ****** Pricing Level: LIGHT HEUR ****** 
it= 26  ncol= 3662  ncstr= 894  mt= 3.5   spt= 3.3   lpval= 51487.5   ub= 51506.0  
 ****** Pricing Level: HEAVY HEUR ****** 
it= 12  ncol= 3869  ncstr= 894  mt= 3.4   spt= 3.0   lpval= 51483.7   ub= 51506.0  
-----------------------------------------------------------------------------------------
elapsed time= 1777.26 s.
-----------------------------------------------------------------------------------------
candidate= 67-158 : +
-----------------------------------------------------------------------------------------
-----------------------------------------------------------------------------------------
 ****** Pricing Level: LIGHT HEUR ****** 
it= 30  ncol= 4044  ncstr= 894  mt= 23.5  spt= 3.6   lpval= 51531.9   ub= 51506.0  
it= 39  ncol= 4183  ncstr= 894  mt= 4.1   spt= 1.1   lpval= 51515.9   ub= 51506.0  
 ****** Pricing Level: HEAVY HEUR ****** 
it= 12  ncol= 4408  ncstr= 894  mt= 4.8   spt= 3.0   lpval= 51506.4   ub= 51506.0  
-----------------------------------------------------------------------------------------
elapsed time= 1824.42 s.
-----------------------------------------------------------------------------------------
candidate= 90-163 : +
-----------------------------------------------------------------------------------------
-----------------------------------------------------------------------------------------
 ****** Pricing Level: LIGHT HEUR ****** 
it= 30  ncol= 4044  ncstr= 894  mt= 10.7  spt= 3.5   lpval= 51524.6   ub= 51506.0  
it= 56  ncol= 4652  ncstr= 894  mt= 5.8   spt= 3.1   lpval= 51509.9   ub= 51506.0  
 ****** Pricing Level: HEAVY HEUR ****** 
it= 14  ncol= 4938  ncstr= 894  mt= 4.7   spt= 3.4   lpval= 51492.1   ub= 51506.0  
-----------------------------------------------------------------------------------------
elapsed time= 1865.53 s.
-----------------------------------------------------------------------------------------
brc= 67-158
t= 0.801587 c= 185.261 n= 5 if_b4= 1
t= 23.4615 c= 167.655 n= 5 if_b4= 1
nodes already exists
memory usage= 8GB.
#########################################################################################
tree size= 0 lb= 51477.1 ub= 51506
#########################################################################################
idx= 12 value= 51477.1 enu= 0
brc= 73-316 : +
brc= 0-85 : +
brc= 73-149 : +
brc= 39-67 : -
brc= 85-170 : +
brc= 8-153 : -
brc= 153-160 : -
brc= 39-90 : +
brc= 110-112 : +
brc= 266-332 : -
brc= 158-163 : -
brc= 1-90 : -
brc= 90-166 : -
brc= 67-163 : -
brc= 67-158 : -
-----------------------------------------------------------------------------------------
 ****** Pricing Level: LIGHT HEUR ****** 
it= 21  ncol= 3536  ncstr= 893  mt= 2.3   spt= 2.5   lpval= 51487.6   ub= 51506.0  
 ****** Pricing Level: HEAVY HEUR ****** 
it= 13  ncol= 3796  ncstr= 893  mt= 3.5   spt= 3.1   lpval= 51484.8   ub= 51506.0  
 ****** Pricing Level: EXACT ****** 
it= 6   ncol= 4875  ncstr= 893  mt= 2.2   spt= 65.3  lpval= 51479.7   ub= 51506.0  
-----------------------------------------------------------------------------------------
elapsed time= 1951.76 s.
-----------------------------------------------------------------------------------------
-----------------------------------------------------------------------------------------
 ****** Run Arc Elimination ****** 
arc elimination time= 6.60 s.
-----------------------------------------------------------------------------------------
-----------------------------------------------------------------------------------------
elapsed time= 1958.43 s.
-----------------------------------------------------------------------------------------
 ****** Separate RCCs ****** 
 ****** Separate Rank1Cuts ****** 
-----------------------------------------------------------------------------------------
 ****** Pricing Level: LIGHT HEUR ****** 
it= 10  ncol= 5070  ncstr= 1031 mt= 1.7   spt= 1.3   lpval= 51487.6   ub= 51506.0  
 ****** Pricing Level: HEAVY HEUR ****** 
it= 4   ncol= 5118  ncstr= 1031 mt= 0.4   spt= 1.0   lpval= 51487.5   ub= 51506.0  
 ****** Pricing Level: EXACT ****** 
it= 4   ncol= 6232  ncstr= 1031 mt= 2.6   spt= 44.1  lpval= 51486.2   ub= 51506.0  
-----------------------------------------------------------------------------------------
elapsed time= 2022.26 s.
-----------------------------------------------------------------------------------------
#########################################################################################
[1;36m[REMIND] roll back to the previous cutting iteration! in function rollbackEasyWay at /blue/yu.yang1/you.z/route_opt/packages/application/X-n359-k29/src/main/src/call_cutting.cpp:38[0m
#########################################################################################
current_r_best= 1.90886
alpha= 0.37 beta= 13.7588 omega= 231.118 k1= 30
lb_k= 1 ub_k= 37
revise: lb_k= 23 ub_k= 37
opt_k= 32
alpha= 0.75 beta= 13.7588 omega= 7.14596 k1= 3
lb_k= 1 ub_k= 3
revise: lb_k= 1 ub_k= 3
opt_k= 3
pseudo= 50 frac= 50
#candidates in phase1= 32
testing lp time= 38.95 s.
-----------------------------------------------------------------------------------------
 90-163 , 9462084.66| 160-170 , 2903178.29| 153-170 , 2903038.19|  74-325 , 2843708.51|  63-325 , 2457624.58| 
 39-151 , 1545569.31| 151-166 , 1545538.99|   0-285 , 1484164.41| 160-163 , 1364765.45| 153-163 , 1216736.68| 
153-158 , 1216636.07|  39-140 , 1203665.07|   8-158 , 1203640.50| 140-158 , 1005104.52|   7-325 , 831755.48| 
 75-152 , 688618.69|  63-90  , 671149.12|  37-151 , 639671.95| 152-338 , 561655.70|  72-276 , 552452.64| 
 29-251 , 542799.41|  88-159 , 339413.16|   7-90  , 324913.62| 105-338 , 290036.92| 151-271 , 283951.27| 
 37-98  , 153161.63| 166-254 , 153079.83|  61-266 , 61676.04| 140-163 ,  29.51|  65-123 ,   5.09| 
  0-227 ,   2.18|   0-332 ,   1.42| 
-----------------------------------------------------------------------------------------
edge= 153 170 lp= 3.0606 pre= 2 lp2= 1000 pre2= 2 score= 3060.6
-----------------------------------------------------------------------------------------
edge= 160 170 lp= 1000 pre= 2 lp2= 3.06074 pre2= 2 score= 3060.74
-----------------------------------------------------------------------------------------
edge= 90 163 lp= 9.97563 pre= 2 lp2= 1000 pre2= 1 score= 9975.63
-----------------------------------------------------------------------------------------
candidate= 90-163 : -
-----------------------------------------------------------------------------------------
-----------------------------------------------------------------------------------------
 ****** Pricing Level: LIGHT HEUR ****** 
it= 29  ncol= 3995  ncstr= 893  mt= 5.6   spt= 3.7   lpval= 51486.1   ub= 51506.0  
 ****** Pricing Level: HEAVY HEUR ****** 
it= 8   ncol= 4144  ncstr= 893  mt= 2.3   spt= 2.0   lpval= 51484.6   ub= 51506.0  
-----------------------------------------------------------------------------------------
elapsed time= 2081.14 s.
-----------------------------------------------------------------------------------------
brc= 90-163
t= 0.774007 c= 182.454 n= 6 if_b4= 1
t= 22.802 c= 168.8 n= 6 if_b4= 1
nodes already exists
memory usage= 8GB.
#########################################################################################
tree size= 0 lb= 51479.7 ub= 51506
#########################################################################################
idx= 14 value= 51479.7 enu= 0
brc= 73-316 : +
brc= 0-85 : +
brc= 73-149 : +
brc= 39-67 : -
brc= 85-170 : +
brc= 8-153 : -
brc= 153-160 : -
brc= 39-90 : +
brc= 110-112 : +
brc= 266-332 : -
brc= 158-163 : -
brc= 1-90 : -
brc= 90-166 : -
brc= 67-163 : -
brc= 67-158 : -
brc= 90-163 : -
-----------------------------------------------------------------------------------------
 ****** Pricing Level: LIGHT HEUR ****** 
it= 27  ncol= 3909  ncstr= 892  mt= 4.4   spt= 3.4   lpval= 51485.9   ub= 51506.0  
 ****** Pricing Level: HEAVY HEUR ****** 
it= 9   ncol= 4081  ncstr= 892  mt= 1.9   spt= 2.2   lpval= 51484.5   ub= 51506.0  
 ****** Pricing Level: EXACT ****** 
it= 5   ncol= 4447  ncstr= 892  mt= 1.8   spt= 54.2  lpval= 51482.6   ub= 51506.0  
-----------------------------------------------------------------------------------------
elapsed time= 2156.50 s.
-----------------------------------------------------------------------------------------
-----------------------------------------------------------------------------------------
 ****** Run Arc Elimination ****** 
arc elimination time= 5.86 s.
-----------------------------------------------------------------------------------------
-----------------------------------------------------------------------------------------
elapsed time= 2162.44 s.
-----------------------------------------------------------------------------------------
 ****** Separate RCCs ****** 
 ****** Separate Rank1Cuts ****** 
-----------------------------------------------------------------------------------------
 ****** Pricing Level: LIGHT HEUR ****** 
it= 10  ncol= 4624  ncstr= 1033 mt= 1.9   spt= 1.3   lpval= 51488.6   ub= 51506.0  
 ****** Pricing Level: HEAVY HEUR ****** 
it= 7   ncol= 4736  ncstr= 1033 mt= 1.1   spt= 1.8   lpval= 51488.4   ub= 51506.0  
 ****** Pricing Level: EXACT ****** 
it= 5   ncol= 5651  ncstr= 1033 mt= 2.2   spt= 57.4  lpval= 51487.2   ub= 51506.0  
-----------------------------------------------------------------------------------------
elapsed time= 2242.35 s.
-----------------------------------------------------------------------------------------
-----------------------------------------------------------------------------------------
 ****** Run Arc Elimination ****** 
arc elimination time= 15.82 s.
previous= 18.7942% maximum= 2.1046%
eliminate bucket arcs time= 4.11 s.
obtain jump arcs time= 0.01 s.
-----------------------------------------------------------------------------------------
-----------------------------------------------------------------------------------------
elapsed time= 2262.39 s.
-----------------------------------------------------------------------------------------
-----------------------------------------------------------------------------------------
 ****** Try Enumeration ****** 
n= 9.2578 stop_b= 10 status= LABEL_FOR_LIMIT
#labels= 50002 #routes= 57
labeling 1 time= 0.28 s.
next try value > 51488.2
-----------------------------------------------------------------------------------------
elapsed time= 2262.83 s.
-----------------------------------------------------------------------------------------
[1;36m[REMIND] eps= 70.402414 tail off hard time= 60.000000 in function setIfTailOff at /blue/yu.yang1/you.z/route_opt/packages/application/X-n359-k29/src/main/src/call_cutting.cpp:140[0m
current_r_best= 5.44303
alpha= 0.37 beta= 3.45187 omega= 235.727 k1= 14
lb_k= 1 ub_k= 37
revise: lb_k= 12 ub_k= 17
opt_k= 15
alpha= 0.75 beta= 3.45187 omega= 7.40286 k1= 3
lb_k= 1 ub_k= 3
revise: lb_k= 2 ub_k= 3
opt_k= 3
pseudo= 50 frac= 50
#candidates in phase1= 15
testing lp time= 22.55 s.
-----------------------------------------------------------------------------------------
321-332 ,  64.84| 180-285 ,  23.45| 160-163 ,  20.75|  84-131 ,  14.04| 188-287 ,   7.54| 
 39-140 ,   6.40|  75-152 ,   4.46|  78-229 ,   4.31| 105-338 ,   3.91|   0-337 ,   3.16| 
 49-187 ,   3.16|   0-285 ,   2.61| 266-337 ,   1.71|  95-193 ,   1.70| 192-317 ,   1.11| 
-----------------------------------------------------------------------------------------
edge= 160 163 lp= 0.149156 pre= 2 lp2= 139.1 pre2= 2 score= 20.7476
-----------------------------------------------------------------------------------------
edge= 180 285 lp= 0.491277 pre= 2 lp2= 47.7229 pre2= 2 score= 23.4451
-----------------------------------------------------------------------------------------
edge= 321 332 lp= 0.466142 pre= 2 lp2= 139.1 pre2= 2 score= 64.8404
-----------------------------------------------------------------------------------------
candidate= 321-332 : -
-----------------------------------------------------------------------------------------
-----------------------------------------------------------------------------------------
 ****** Pricing Level: LIGHT HEUR ****** 
it= 5   ncol= 3878  ncstr= 922  mt= 1.1   spt= 0.2   lpval= 51487.7   ub= 51506.0  
 ****** Pricing Level: HEAVY HEUR ****** 
it= 4   ncol= 3908  ncstr= 922  mt= 0.1   spt= 0.3   lpval= 51487.7   ub= 51506.0  
-----------------------------------------------------------------------------------------
elapsed time= 2296.23 s.
-----------------------------------------------------------------------------------------
candidate= 321-332 : +
-----------------------------------------------------------------------------------------
-----------------------------------------------------------------------------------------
 ****** Pricing Level: LIGHT HEUR ****** 
it= 14  ncol= 4146  ncstr= 922  mt= 11.6  spt= 0.5   lpval= 51502.9   ub= 51506.0  
 ****** Pricing Level: HEAVY HEUR ****** 
it= 10  ncol= 4321  ncstr= 922  mt= 4.5   spt= 0.6   lpval= 51496.2   ub= 51506.0  
-----------------------------------------------------------------------------------------
elapsed time= 2317.41 s.
-----------------------------------------------------------------------------------------
candidate= 180-285 : -
-----------------------------------------------------------------------------------------
-----------------------------------------------------------------------------------------
 ****** Pricing Level: LIGHT HEUR ****** 
it= 7   ncol= 3942  ncstr= 922  mt= 1.2   spt= 0.2   lpval= 51487.7   ub= 51506.0  
 ****** Pricing Level: HEAVY HEUR ****** 
it= 5   ncol= 4010  ncstr= 922  mt= 0.2   spt= 0.3   lpval= 51487.7   ub= 51506.0  
-----------------------------------------------------------------------------------------
elapsed time= 2321.33 s.
-----------------------------------------------------------------------------------------
candidate= 180-285 : +
-----------------------------------------------------------------------------------------
-----------------------------------------------------------------------------------------
 ****** Pricing Level: LIGHT HEUR ****** 
it= 12  ncol= 4029  ncstr= 922  mt= 6.7   spt= 0.4   lpval= 51495.1   ub= 51506.0  
 ****** Pricing Level: HEAVY HEUR ****** 
it= 10  ncol= 4185  ncstr= 922  mt= 3.1   spt= 0.6   lpval= 51492.6   ub= 51506.0  
-----------------------------------------------------------------------------------------
elapsed time= 2335.88 s.
-----------------------------------------------------------------------------------------
candidate= 160-163 : -
-----------------------------------------------------------------------------------------
-----------------------------------------------------------------------------------------
 ****** Pricing Level: LIGHT HEUR ****** 
it= 7   ncol= 3921  ncstr= 922  mt= 1.2   spt= 0.2   lpval= 51487.4   ub= 51506.0  
 ****** Pricing Level: HEAVY HEUR ****** 
it= 5   ncol= 3983  ncstr= 922  mt= 0.1   spt= 0.3   lpval= 51487.4   ub= 51506.0  
-----------------------------------------------------------------------------------------
elapsed time= 2340.01 s.
-----------------------------------------------------------------------------------------
candidate= 160-163 : +
-----------------------------------------------------------------------------------------
-----------------------------------------------------------------------------------------
 ****** Pricing Level: LIGHT HEUR ****** 
it= 15  ncol= 4155  ncstr= 922  mt= 8.2   spt= 0.5   lpval= 51552.2   ub= 51506.0  
 ****** Pricing Level: HEAVY HEUR ****** 
it= 12  ncol= 4385  ncstr= 922  mt= 6.2   spt= 0.8   lpval= 51531.1   ub= 51506.0  
-----------------------------------------------------------------------------------------
elapsed time= 2360.18 s.
-----------------------------------------------------------------------------------------
brc= 160-163
t= 0.771197 c= 187.313 n= 7 if_b4= 1
t= 21.3489 c= 172.583 n= 7 if_b4= 1
nodes already exists
memory usage= 9GB.
#########################################################################################
tree size= 0 lb= 51487.2 ub= 51506
#########################################################################################
idx= 16 value= 51487.2 enu= 0
brc= 73-316 : +
brc= 0-85 : +
brc= 73-149 : +
brc= 39-67 : -
brc= 85-170 : +
brc= 8-153 : -
brc= 153-160 : -
brc= 39-90 : +
brc= 110-112 : +
brc= 266-332 : -
brc= 158-163 : -
brc= 1-90 : -
brc= 90-166 : -
brc= 67-163 : -
brc= 67-158 : -
brc= 90-163 : -
brc= 160-163 : -
-----------------------------------------------------------------------------------------
 ****** Pricing Level: LIGHT HEUR ****** 
it= 7   ncol= 3912  ncstr= 921  mt= 1.2   spt= 0.2   lpval= 51487.4   ub= 51506.0  
 ****** Pricing Level: HEAVY HEUR ****** 
it= 4   ncol= 3962  ncstr= 921  mt= 0.1   spt= 0.3   lpval= 51487.4   ub= 51506.0  
 ****** Pricing Level: EXACT ****** 
it= 5   ncol= 4161  ncstr= 921  mt= 0.5   spt= 35.8  lpval= 51487.3   ub= 51506.0  
-----------------------------------------------------------------------------------------
elapsed time= 2402.04 s.
-----------------------------------------------------------------------------------------
 ****** Separate RCCs ****** 
 ****** Separate Rank1Cuts ****** 
-----------------------------------------------------------------------------------------
 ****** Pricing Level: LIGHT HEUR ****** 
it= 4   ncol= 4230  ncstr= 1026 mt= 1.3   spt= 0.2   lpval= 51490.2   ub= 51506.0  
 ****** Pricing Level: HEAVY HEUR ****** 
it= 3   ncol= 4261  ncstr= 1026 mt= 0.2   spt= 0.2   lpval= 51490.2   ub= 51506.0  
 ****** Pricing Level: EXACT ****** 
it= 6   ncol= 5116  ncstr= 1026 mt= 1.7   spt= 46.1  lpval= 51489.8   ub= 51506.0  
-----------------------------------------------------------------------------------------
elapsed time= 2462.66 s.
-----------------------------------------------------------------------------------------
-----------------------------------------------------------------------------------------
 ****** Run Arc Elimination ****** 
arc elimination time= 10.42 s.
previous= 89.842% maximum= 1.89055%
eliminate bucket arcs time= 1.91 s.
obtain jump arcs time= 0.01 s.
-----------------------------------------------------------------------------------------
-----------------------------------------------------------------------------------------
elapsed time= 2475.10 s.
-----------------------------------------------------------------------------------------
-----------------------------------------------------------------------------------------
 ****** Try Enumeration ****** 
n= 9.29063 stop_b= 10 status= LABEL_FOR_LIMIT
#labels= 50026 #routes= 46
labeling 1 time= 0.15 s.
next try value > 51491.8
-----------------------------------------------------------------------------------------
elapsed time= 2475.41 s.
-----------------------------------------------------------------------------------------
 ****** Separate RCCs ****** 
 ****** Separate Rank1Cuts ****** 
-----------------------------------------------------------------------------------------
 ****** Pricing Level: LIGHT HEUR ****** 
it= 5   ncol= 5191  ncstr= 1110 mt= 1.5   spt= 0.2   lpval= 51491.7   ub= 51506.0  
 ****** Pricing Level: HEAVY HEUR ****** 
it= 3   ncol= 5223  ncstr= 1110 mt= 0.5   spt= 0.2   lpval= 51491.6   ub= 51506.0  
 ****** Pricing Level: EXACT ****** 
it= 6   ncol= 6100  ncstr= 1110 mt= 2.5   spt= 43.5  lpval= 51491.2   ub= 51506.0  
-----------------------------------------------------------------------------------------
elapsed time= 2543.47 s.
-----------------------------------------------------------------------------------------
 ****** Separate RCCs ****** 
 ****** Separate Rank1Cuts ****** 
-----------------------------------------------------------------------------------------
 ****** Pricing Level: LIGHT HEUR ****** 
it= 2   ncol= 6101  ncstr= 1122 mt= 1.5   spt= 0.1   lpval= 51492.6   ub= 51506.0  
 ****** Pricing Level: HEAVY HEUR ****** 
it= 2   ncol= 6102  ncstr= 1122 mt= 0.1   spt= 0.1   lpval= 51492.6   ub= 51506.0  
 ****** Pricing Level: EXACT ****** 
it= 5   ncol= 6281  ncstr= 1122 mt= 1.5   spt= 39.4  lpval= 51492.4   ub= 51506.0  
-----------------------------------------------------------------------------------------
elapsed time= 2607.94 s.
-----------------------------------------------------------------------------------------
-----------------------------------------------------------------------------------------
 ****** Run Arc Elimination ****** 
arc elimination time= 7.85 s.
previous= 88.1252% maximum= 1.66605%
eliminate bucket arcs time= 1.78 s.
obtain jump arcs time= 0.01 s.
-----------------------------------------------------------------------------------------
-----------------------------------------------------------------------------------------
elapsed time= 2617.71 s.
-----------------------------------------------------------------------------------------
-----------------------------------------------------------------------------------------
 ****** Try Enumeration ****** 
n= 9.3216 stop_b= 10 status= LABEL_FOR_LIMIT
#labels= 50032 #routes= 55
labeling 1 time= 0.16 s.
next try value > 51494.6
-----------------------------------------------------------------------------------------
elapsed time= 2618.04 s.
-----------------------------------------------------------------------------------------
 ****** Separate RCCs ****** 
 ****** Separate Rank1Cuts ****** 
-----------------------------------------------------------------------------------------
 ****** Pricing Level: LIGHT HEUR ****** 
it= 1   ncol= 6281  ncstr= 1175 mt= 1.5   spt= 0.0   lpval= 51494.1   ub= 51506.0  
 ****** Pricing Level: HEAVY HEUR ****** 
it= 2   ncol= 6287  ncstr= 1175 mt= 0.3   spt= 0.1   lpval= 51494.1   ub= 51506.0  
 ****** Pricing Level: EXACT ****** 
it= 6   ncol= 7444  ncstr= 1175 mt= 3.0   spt= 43.8  lpval= 51493.7   ub= 51506.0  
-----------------------------------------------------------------------------------------
elapsed time= 2689.85 s.
-----------------------------------------------------------------------------------------
-----------------------------------------------------------------------------------------
 ****** Run Arc Elimination ****** 
arc elimination time= 6.43 s.
previous= 93.1397% maximum= 1.55175%
eliminate bucket arcs time= 1.61 s.
obtain jump arcs time= 0.01 s.
-----------------------------------------------------------------------------------------
-----------------------------------------------------------------------------------------
elapsed time= 2698.02 s.
-----------------------------------------------------------------------------------------
-----------------------------------------------------------------------------------------
 ****** Try Enumeration ****** 
#labels= 258037 #routes= 372
labeling 1 time= 1.64 s.
concatenate time= 1.05 s.
#routes= 193091
average gap of successful enumeration= 0.000218852
next try value > 51493.4
-----------------------------------------------------------------------------------------
elapsed time= 2700.90 s.
-----------------------------------------------------------------------------------------
 ****** Process Enumeration Matrix ****** 
delete non-ele routes lp val= 51493.9
recover rank1c lp val= 51496.3
recover rcc lp val= 51501.8
obtain rcc coefficient time= 0.37 s.
obtain r1c coefficient time= 0.39 s.
obtain matrix from triplets time= 0.86 s.
delete columns by branch time= 0.00 s.
columns pending deletion= 963 remain= 193091 col ratio= 0.995013 row ratio= 1
regenerate enumeration matrix time= 0.00 s.
-----------------------------------------------------------------------------------------
elapsed time= 2741.71 s.
-----------------------------------------------------------------------------------------
it= 12  ncol= 4823  ncstr= 1096 mt= 5.5   spt= 0.3   lpval= 51498.4   ub= 51506.0  
-----------------------------------------------------------------------------------------
elapsed time= 2747.73 s.
-----------------------------------------------------------------------------------------
delete columns= 165860 remain= 27231
 ****** Separate RCCs ****** 
 ****** Separate Rank1Cuts ****** 
it= 6   ncol= 3395  ncstr= 1093 mt= 1.6   spt= 0.0   lpval= 51500.4   ub= 51506.0  
-----------------------------------------------------------------------------------------
elapsed time= 2756.56 s.
-----------------------------------------------------------------------------------------
delete columns= 15766 remain= 11465
mip: row= 974 col= 14527 density= 5.7459%
mip time= 21.84 s.
mip status= 6
update f from 0 to 5.61284
#########################################################################################
[32m<Instance: X-n359-k29>
<Solution>
<UB= 51506>
<LB= 51506>
<Elapsed Time= 2778.5>
<Nodes Explored= 9>
<Global Gap= 0%>[0m
#########################################################################################
File nodes/X-n359-k29_0_0_0_1_2_0_G32.node deleted successfully.
