application type: CVRP
X-n359-k29_0_0_0_3_1_1_G32.node
Set parameter ServerTimeout to value 600
Set parameter TokenServer to value "grb-ts.ufhpc"
Set parameter Threads to value 1
instance name= X-n359-k29
#########################################################################################
tree size= 0 lb= 0 ub= 51506
#########################################################################################
idx= 3 value= 51481.4 enu= 0
brc= 73-316 : +
brc= 0-85 : +
brc= 73-149 : +
brc= 39-67 : -
brc= 85-170 : -
brc= 83-84 : -
brc= 7-166 : +
brc= 111-170 : -
brc= 30-118 : +
brc= 149-277 : -
brc= 141-170 : +
-----------------------------------------------------------------------------------------
 ****** Pricing Level: LIGHT HEUR ****** 
it= 27  ncol= 4467  ncstr= 998  mt= 18.7  spt= 2.9   lpval= 51504.3   ub= 51506.0  
 ****** Pricing Level: HEAVY HEUR ****** 
it= 19  ncol= 4739  ncstr= 998  mt= 5.5   spt= 4.3   lpval= 51499.1   ub= 51506.0  
 ****** Pricing Level: EXACT ****** 
it= 8   ncol= 6740  ncstr= 998  mt= 4.4   spt= 80.9  lpval= 51495.0   ub= 51506.0  
-----------------------------------------------------------------------------------------
elapsed time= 139.76 s.
-----------------------------------------------------------------------------------------
-----------------------------------------------------------------------------------------
 ****** Run Arc Elimination ****** 
arc elimination time= 4.83 s.
previous= 12.3618% maximum= 1.38524%
eliminate bucket arcs time= 2.92 s.
obtain jump arcs time= 0.01 s.
-----------------------------------------------------------------------------------------
-----------------------------------------------------------------------------------------
elapsed time= 148.01 s.
-----------------------------------------------------------------------------------------
-----------------------------------------------------------------------------------------
 ****** Try Enumeration ****** 
#labels= 171857 #routes= 267
labeling 1 time= 1.12 s.
concatenate time= 0.35 s.
#routes= 73080
average gap of successful enumeration= 0.000194694
next try value > 51470.2
-----------------------------------------------------------------------------------------
elapsed time= 149.60 s.
-----------------------------------------------------------------------------------------
 ****** Process Enumeration Matrix ****** 
delete non-ele routes lp val= 51495.9
recover rank1c lp val= 51500.5
recover rcc lp val= 51502.8
obtain rcc coefficient time= 0.11 s.
obtain r1c coefficient time= 0.11 s.
obtain matrix from triplets time= 0.23 s.
delete columns by branch time= 0.00 s.
columns pending deletion= 146 remain= 73080 col ratio= 0.998002 row ratio= 1
regenerate enumeration matrix time= 0.00 s.
-----------------------------------------------------------------------------------------
elapsed time= 174.36 s.
-----------------------------------------------------------------------------------------
it= 11  ncol= 4465  ncstr= 944  mt= 3.4   spt= 0.1   lpval= 51500.9   ub= 51506.0  
-----------------------------------------------------------------------------------------
elapsed time= 177.88 s.
-----------------------------------------------------------------------------------------
delete columns= 67113 remain= 5967
 ****** Separate RCCs ****** 
 ****** Separate Rank1Cuts ****** 
it= 8   ncol= 2888  ncstr= 930  mt= 1.8   spt= 0.0   lpval= 51535.3   ub= 51506.0  
-----------------------------------------------------------------------------------------
elapsed time= 186.54 s.
-----------------------------------------------------------------------------------------
#########################################################################################
[32m<Instance: X-n359-k29>
<Solution>
<UB= 51506>
<LB= 51506>
<Elapsed Time= 186.5>
<Nodes Explored= 1>
<Global Gap= 0%>[0m
#########################################################################################
File nodes/X-n359-k29_0_0_0_3_1_1_G32.node deleted successfully.
