application type: CVRP
X-n359-k29_1_0_1_9_2_G32.node
Set parameter ServerTimeout to value 600
Set parameter TokenServer to value "grb-ts.ufhpc"
Set parameter Threads to value 1
instance name= X-n359-k29
#########################################################################################
tree size= 0 lb= 0 ub= 51506
#########################################################################################
idx= 5 value= 51477.5 enu= 0
brc= 73-316 : -
brc= 8-153 : +
brc= 111-141 : +
brc= 73-303 : -
brc= 179-198 : +
brc= 205-304 : -
brc= 48-302 : -
brc= 60-302 : -
brc= 5-48 : -
brc= 5-108 : -
brc= 174-304 : -
brc= 254-271 : -
brc= 72-98 : -
brc= 63-325 : -
brc= 18-93 : +
brc= 205-347 : -
brc= 138-276 : -
brc= 47-178 : +
-----------------------------------------------------------------------------------------
 ****** Pricing Level: LIGHT HEUR ****** 
it= 21  ncol= 2554  ncstr= 930  mt= 1.8   spt= 2.2   lpval= 51478.9   ub= 51506.0  
 ****** Pricing Level: HEAVY HEUR ****** 
it= 8   ncol= 2666  ncstr= 930  mt= 0.5   spt= 1.8   lpval= 51478.6   ub= 51506.0  
 ****** Pricing Level: EXACT ****** 
it= 5   ncol= 4670  ncstr= 930  mt= 0.7   spt= 50.9  lpval= 51478.2   ub= 51506.0  
-----------------------------------------------------------------------------------------
elapsed time= 74.74 s.
-----------------------------------------------------------------------------------------
-----------------------------------------------------------------------------------------
 ****** Run Arc Elimination ****** 
arc elimination time= 7.30 s.
-----------------------------------------------------------------------------------------
-----------------------------------------------------------------------------------------
elapsed time= 82.57 s.
-----------------------------------------------------------------------------------------
 ****** Separate RCCs ****** 
 ****** Separate Rank1Cuts ****** 
-----------------------------------------------------------------------------------------
 ****** Pricing Level: LIGHT HEUR ****** 
it= 9   ncol= 4850  ncstr= 1079 mt= 2.4   spt= 1.1   lpval= 51486.0   ub= 51506.0  
 ****** Pricing Level: HEAVY HEUR ****** 
it= 10  ncol= 5015  ncstr= 1079 mt= 2.4   spt= 2.3   lpval= 51484.8   ub= 51506.0  
 ****** Pricing Level: EXACT ****** 
it= 2   ncol= 6015  ncstr= 1079 mt= 1.0   spt= 20.9  lpval= 51483.7   ub= 51506.0  
-----------------------------------------------------------------------------------------
elapsed time= 127.37 s.
-----------------------------------------------------------------------------------------
#########################################################################################
[1;36m[REMIND] roll back to the previous cutting iteration! in function rollbackEasyWay at /blue/yu.yang1/you.z/route_opt/packages/application/X-n359-k29/src/main/src/call_cutting.cpp:38[0m
#########################################################################################
[1;36m[REMIND] opt_k not found for node 5, use m directly in function getOptK at /blue/yu.yang1/you.z/route_opt/packages/branching/bkf/include/bkf_controller.hpp:239[0m
current_r_best= 0.511651
we directly test 100
we directly test 4
pseudo= 50 frac= 50
#candidates in phase1= 100
testing lp time= 137.76 s.
-----------------------------------------------------------------------------------------
  0-73  , 301.68|  48-175 , 243.60| 175-353 , 203.06|   0-347 , 194.21|  86-162 , 104.17| 
 76-326 , 103.96|  85-126 ,  84.11|  73-149 ,  74.28| 160-170 ,  74.07| 100-278 ,  73.79| 
  0-230 ,  71.89| 147-253 ,  56.85|   0-204 ,  56.37|  64-85  ,  54.54|  64-126 ,  54.51| 
205-303 ,  46.08| 162-174 ,  43.85|  46-85  ,  41.41|  21-52  ,  40.80|  71-254 ,  40.16| 
 74-325 ,  38.26|  85-150 ,  37.57|  44-171 ,  36.18| 353-355 ,  35.30|  44-338 ,  35.30| 
 13-26  ,  34.71| 111-126 ,  34.10|  54-196 ,  33.91| 171-335 ,  33.62|  63-98  ,  32.83| 
  0-85  ,  32.31|  30-44  ,  30.73| 229-251 ,  29.38|  46-64  ,  28.30|  80-97  ,  28.26| 
  0-143 ,  28.10|  88-142 ,  27.92| 219-254 ,  27.85| 230-268 ,  27.13|  38-97  ,  26.99| 
297-298 ,  26.76| 127-328 ,  24.14|  30-118 ,  23.05|  42-193 ,  22.00|  37-151 ,  21.72| 
 98-219 ,  20.01|   0-46  ,  19.46| 224-298 ,  19.25| 203-302 ,  18.94| 110-111 ,  17.46| 
 90-166 ,  17.21|  21-141 ,  16.91|   0-21  ,  16.48| 295-298 ,  16.15| 151-166 ,  15.46| 
111-312 ,  14.42|  77-292 ,  14.03|  37-271 ,  13.69| 143-215 ,  13.62| 106-149 ,  13.54| 
214-268 ,  13.36|  73-106 ,  12.94|   0-119 ,  11.89|   0-222 ,  11.58| 105-338 ,  11.32| 
 34-293 ,  10.49|   0-355 ,  10.42|  38-77  ,  10.01|   0-106 ,   9.91| 175-289 ,   9.89| 
 35-204 ,   8.41| 154-304 ,   8.08| 104-262 ,   7.87|   0-357 ,   7.57| 155-196 ,   7.19| 
224-262 ,   7.00| 119-127 ,   6.81| 332-348 ,   5.37|   0-223 ,   4.41|  13-280 ,   4.38| 
 41-231 ,   4.27| 206-216 ,   3.75|   0-201 ,   3.29|  59-120 ,   3.18|   0-187 ,   2.69| 
145-356 ,   2.55| 202-231 ,   2.20| 231-240 ,   2.14| 202-356 ,   2.11| 129-236 ,   2.04| 
121-231 ,   1.88| 330-332 ,   1.67|   0-159 ,   1.33| 263-290 ,   1.27|   0-263 ,   1.05| 
238-263 ,   1.05| 249-302 ,   0.73|  48-60  ,   0.42| 270-290 ,   0.25| 104-182 ,   0.10| 
-----------------------------------------------------------------------------------------
edge= 0 347 lp= 128.437 pre= 2 lp2= 1.51207 pre2= 2 score= 194.206
-----------------------------------------------------------------------------------------
edge= 48 175 lp= 1.89667 pre= 0 lp2= 128.437 pre2= 2 score= 243.603
-----------------------------------------------------------------------------------------
edge= 175 353 lp= 128.437 pre= 2 lp2= 1.58098 pre2= 2 score= 203.056
-----------------------------------------------------------------------------------------
edge= 0 73 lp= 128.437 pre= 2 lp2= 2.34882 pre2= 2 score= 301.675
-----------------------------------------------------------------------------------------
candidate= 0-73 : -
-----------------------------------------------------------------------------------------
-----------------------------------------------------------------------------------------
 ****** Pricing Level: LIGHT HEUR ****** 
it= 10  ncol= 3348  ncstr= 918  mt= 8.7   spt= 1.1   lpval= 51499.6   ub= 51506.0  
 ****** Pricing Level: HEAVY HEUR ****** 
it= 5   ncol= 3425  ncstr= 918  mt= 1.1   spt= 1.1   lpval= 51497.4   ub= 51506.0  
-----------------------------------------------------------------------------------------
elapsed time= 280.44 s.
-----------------------------------------------------------------------------------------
candidate= 48-175 : +
-----------------------------------------------------------------------------------------
-----------------------------------------------------------------------------------------
 ****** Pricing Level: LIGHT HEUR ****** 
it= 18  ncol= 3561  ncstr= 918  mt= 8.8   spt= 2.0   lpval= 51484.7   ub= 51506.0  
 ****** Pricing Level: HEAVY HEUR ****** 
it= 8   ncol= 3689  ncstr= 918  mt= 1.2   spt= 1.9   lpval= 51483.9   ub= 51506.0  
-----------------------------------------------------------------------------------------
elapsed time= 298.58 s.
-----------------------------------------------------------------------------------------
candidate= 175-353 : -
-----------------------------------------------------------------------------------------
-----------------------------------------------------------------------------------------
 ****** Pricing Level: LIGHT HEUR ****** 
it= 23  ncol= 3626  ncstr= 918  mt= 12.1  spt= 2.6   lpval= 51488.0   ub= 51506.0  
 ****** Pricing Level: HEAVY HEUR ****** 
it= 4   ncol= 3679  ncstr= 918  mt= 0.9   spt= 0.9   lpval= 51486.5   ub= 51506.0  
-----------------------------------------------------------------------------------------
elapsed time= 319.63 s.
-----------------------------------------------------------------------------------------
candidate= 0-347 : -
-----------------------------------------------------------------------------------------
-----------------------------------------------------------------------------------------
 ****** Pricing Level: LIGHT HEUR ****** 
it= 13  ncol= 3466  ncstr= 918  mt= 7.6   spt= 1.5   lpval= 51490.8   ub= 51506.0  
 ****** Pricing Level: HEAVY HEUR ****** 
it= 6   ncol= 3518  ncstr= 918  mt= 1.0   spt= 1.4   lpval= 51490.3   ub= 51506.0  
-----------------------------------------------------------------------------------------
elapsed time= 334.17 s.
-----------------------------------------------------------------------------------------
candidate= 0-73 : +
-----------------------------------------------------------------------------------------
-----------------------------------------------------------------------------------------
 ****** Pricing Level: LIGHT HEUR ****** 
it= 7   ncol= 3296  ncstr= 918  mt= 1.7   spt= 0.8   lpval= 51479.1   ub= 51506.0  
 ****** Pricing Level: HEAVY HEUR ****** 
it= 5   ncol= 3325  ncstr= 918  mt= 0.6   spt= 1.2   lpval= 51479.0   ub= 51506.0  
-----------------------------------------------------------------------------------------
elapsed time= 340.62 s.
-----------------------------------------------------------------------------------------
candidate= 0-347 : +
-----------------------------------------------------------------------------------------
-----------------------------------------------------------------------------------------
 ****** Pricing Level: LIGHT HEUR ****** 
it= 6   ncol= 3228  ncstr= 918  mt= 1.6   spt= 0.7   lpval= 51479.2   ub= 51506.0  
 ****** Pricing Level: HEAVY HEUR ****** 
it= 2   ncol= 3249  ncstr= 918  mt= 0.0   spt= 0.5   lpval= 51479.2   ub= 51506.0  
-----------------------------------------------------------------------------------------
elapsed time= 344.59 s.
-----------------------------------------------------------------------------------------
brc= 0-73
t= 0.688797 c= 156.815 n= 0 if_b4= 1
t= 13.0583 c= 186.519 n= 0 if_b4= 1
nodes already exists
memory usage= 7GB.
#########################################################################################
tree size= 0 lb= 51478.2 ub= 51506
#########################################################################################
idx= 2 value= 51478.2 enu= 0
brc= 73-316 : -
brc= 8-153 : +
brc= 111-141 : +
brc= 73-303 : -
brc= 179-198 : +
brc= 205-304 : -
brc= 48-302 : -
brc= 60-302 : -
brc= 5-48 : -
brc= 5-108 : -
brc= 174-304 : -
brc= 254-271 : -
brc= 72-98 : -
brc= 63-325 : -
brc= 18-93 : +
brc= 205-347 : -
brc= 138-276 : -
brc= 47-178 : +
brc= 0-73 : -
-----------------------------------------------------------------------------------------
 ****** Pricing Level: LIGHT HEUR ****** 
it= 11  ncol= 3350  ncstr= 917  mt= 8.9   spt= 1.1   lpval= 51499.6   ub= 51506.0  
 ****** Pricing Level: HEAVY HEUR ****** 
it= 6   ncol= 3469  ncstr= 917  mt= 1.6   spt= 1.3   lpval= 51495.9   ub= 51506.0  
 ****** Pricing Level: EXACT ****** 
it= 6   ncol= 4391  ncstr= 917  mt= 1.9   spt= 61.5  lpval= 51493.1   ub= 51506.0  
-----------------------------------------------------------------------------------------
elapsed time= 426.10 s.
-----------------------------------------------------------------------------------------
-----------------------------------------------------------------------------------------
 ****** Run Arc Elimination ****** 
arc elimination time= 6.64 s.
previous= 13.9293% maximum= 1.49767%
eliminate bucket arcs time= 3.24 s.
obtain jump arcs time= 0.01 s.
-----------------------------------------------------------------------------------------
-----------------------------------------------------------------------------------------
elapsed time= 436.05 s.
-----------------------------------------------------------------------------------------
-----------------------------------------------------------------------------------------
 ****** Try Enumeration ****** 
n= 9.45801 stop_b= 10 status= LABEL_FOR_LIMIT
#labels= 50217 #routes= 26
labeling 1 time= 0.27 s.
next try value > 51494.1
-----------------------------------------------------------------------------------------
elapsed time= 436.43 s.
-----------------------------------------------------------------------------------------
 ****** Separate RCCs ****** 
 ****** Separate Rank1Cuts ****** 
-----------------------------------------------------------------------------------------
 ****** Pricing Level: LIGHT HEUR ****** 
it= 8   ncol= 4514  ncstr= 1078 mt= 2.7   spt= 0.2   lpval= 51507.0   ub= 51506.0  
 ****** Pricing Level: HEAVY HEUR ****** 
it= 7   ncol= 4609  ncstr= 1078 mt= 1.8   spt= 0.4   lpval= 51505.9   ub= 51506.0  
 ****** Pricing Level: EXACT ****** 
it= 7   ncol= 6125  ncstr= 1078 mt= 3.5   spt= 45.1  lpval= 51502.9   ub= 51506.0  
-----------------------------------------------------------------------------------------
elapsed time= 506.27 s.
-----------------------------------------------------------------------------------------
-----------------------------------------------------------------------------------------
 ****** Run Arc Elimination ****** 
arc elimination time= 1.80 s.
previous= 45.9682% maximum= 0.688453%
eliminate bucket arcs time= 1.51 s.
obtain jump arcs time= 0.01 s.
-----------------------------------------------------------------------------------------
-----------------------------------------------------------------------------------------
elapsed time= 509.69 s.
-----------------------------------------------------------------------------------------
-----------------------------------------------------------------------------------------
 ****** Try Enumeration ****** 
#labels= 24462 #routes= 37
labeling 1 time= 0.07 s.
concatenate time= 0.01 s.
#routes= 2598
average gap of successful enumeration= 4.11896e-05
next try value > 51494.2
-----------------------------------------------------------------------------------------
elapsed time= 509.91 s.
-----------------------------------------------------------------------------------------
 ****** Process Enumeration Matrix ****** 
delete non-ele routes lp val= 51503.8
recover rank1c lp val= 51507.3
recover rcc lp val= 51510.4
obtain rcc coefficient time= 0.01 s.
obtain r1c coefficient time= 0.00 s.
obtain matrix from triplets time= 0.01 s.
delete columns by branch time= 0.00 s.
columns pending deletion= 20 remain= 2598 col ratio= 0.992302 row ratio= 1
regenerate enumeration matrix time= 0.00 s.
-----------------------------------------------------------------------------------------
elapsed time= 527.71 s.
-----------------------------------------------------------------------------------------
it= 5   ncol= 3750  ncstr= 986  mt= 1.0   spt= 0.0   lpval= 51508.9   ub= 51506.0  
-----------------------------------------------------------------------------------------
elapsed time= 528.70 s.
-----------------------------------------------------------------------------------------
#########################################################################################
[32m<Instance: X-n359-k29>
<Solution>
<UB= 51506>
<LB= 51506>
<Elapsed Time= 528.7>
<Nodes Explored= 2>
<Global Gap= 0%>[0m
#########################################################################################
File nodes/X-n359-k29_1_0_1_9_2_G32.node deleted successfully.
