application type: CVRP
X-n359-k29_2_0_3_0_1_2_G32.node
Set parameter ServerTimeout to value 600
Set parameter TokenServer to value "grb-ts.ufhpc"
Set parameter Threads to value 1
instance name= X-n359-k29
#########################################################################################
tree size= 0 lb= 0 ub= 51506
#########################################################################################
idx= 5 value= 51468.4 enu= 0
brc= 73-316 : -
brc= 8-153 : -
brc= 39-90 : +
brc= 0-111 : +
brc= 73-303 : -
brc= 37-166 : -
brc= 85-110 : -
brc= 105-146 : +
brc= 21-82 : +
brc= 85-141 : -
brc= 85-170 : +
brc= 131-153 : -
brc= 75-307 : -
brc= 39-67 : +
-----------------------------------------------------------------------------------------
 ****** Pricing Level: LIGHT HEUR ****** 
it= 30  ncol= 2994  ncstr= 960  mt= 11.2  spt= 3.2   lpval= 51506.2   ub= 51506.0  
it= 33  ncol= 3006  ncstr= 960  mt= 0.1   spt= 0.3   lpval= 51506.2   ub= 51506.0  
 ****** Pricing Level: HEAVY HEUR ****** 
it= 26  ncol= 3682  ncstr= 960  mt= 7.9   spt= 6.0   lpval= 51489.0   ub= 51506.0  
 ****** Pricing Level: EXACT ****** 
it= 7   ncol= 6350  ncstr= 960  mt= 3.9   spt= 80.1  lpval= 51482.0   ub= 51506.0  
-----------------------------------------------------------------------------------------
elapsed time= 141.09 s.
-----------------------------------------------------------------------------------------
-----------------------------------------------------------------------------------------
 ****** Run Arc Elimination ****** 
arc elimination time= 6.61 s.
-----------------------------------------------------------------------------------------
-----------------------------------------------------------------------------------------
elapsed time= 148.23 s.
-----------------------------------------------------------------------------------------
 ****** Separate RCCs ****** 
 ****** Separate Rank1Cuts ****** 
-----------------------------------------------------------------------------------------
 ****** Pricing Level: LIGHT HEUR ****** 
it= 7   ncol= 6476  ncstr= 1050 mt= 2.0   spt= 0.9   lpval= 51490.1   ub= 51506.0  
 ****** Pricing Level: HEAVY HEUR ****** 
it= 7   ncol= 6540  ncstr= 1050 mt= 1.5   spt= 1.8   lpval= 51489.8   ub= 51506.0  
 ****** Pricing Level: EXACT ****** 
it= 1   ncol= 6540  ncstr= 1050 mt= 0.0   spt= 10.3  lpval= 51489.8   ub= 51506.0  
-----------------------------------------------------------------------------------------
elapsed time= 179.06 s.
-----------------------------------------------------------------------------------------
#########################################################################################
[1;36m[REMIND] roll back to the previous cutting iteration! in function rollbackEasyWay at /blue/yu.yang1/you.z/route_opt/packages/application/X-n359-k29/src/main/src/call_cutting.cpp:38[0m
#########################################################################################
[1;36m[REMIND] opt_k not found for node 5, use m directly in function getOptK at /blue/yu.yang1/you.z/route_opt/packages/branching/bkf/include/bkf_controller.hpp:239[0m
current_r_best= 9.86087
we directly test 100
we directly test 4
pseudo= 50 frac= 50
#candidates in phase1= 100
testing lp time= 156.57 s.
-----------------------------------------------------------------------------------------
179-198 ,  92.32|   0-26  ,  90.25|   8-83  ,  80.22|  83-84  ,  80.12| 219-285 ,  74.55| 
111-112 ,  69.53| 276-341 ,  58.58|  85-126 ,  57.88| 110-112 ,  57.59| 205-303 ,  56.17| 
 84-153 ,  55.35| 118-251 ,  51.69|  21-110 ,  49.41| 153-160 ,  43.74|  35-339 ,  40.20| 
 75-125 ,  37.97|   0-7   ,  37.47| 152-338 ,  36.49|  29-164 ,  35.85| 153-163 ,  31.83| 
  8-158 ,  30.41| 153-158 ,  29.81|  98-166 ,  27.35|  74-160 ,  26.08|   9-134 ,  23.78| 
 59-251 ,  23.58| 192-335 ,  22.76| 151-166 ,  22.59|  27-307 ,  22.45|  98-219 ,  22.45| 
192-232 ,  22.25| 171-232 ,  22.06|  73-149 ,  22.02| 117-146 ,  21.07| 105-338 ,  20.95| 
 63-325 ,  20.18|  98-254 ,  20.01|  74-325 ,  19.90| 277-316 ,  19.65|  10-42  ,  19.41| 
 34-293 ,  19.17| 100-278 ,  18.71| 106-277 ,  18.61| 289-347 ,  18.10|  86-318 ,  18.10| 
  1-7   ,  17.42| 229-251 ,  17.38|   9-229 ,  17.30| 110-152 ,  17.12|   7-90  ,  17.07| 
 74-90  ,  14.96| 256-285 ,  14.57| 134-317 ,  14.43|  10-328 ,  14.04|   0-328 ,  14.04| 
328-357 ,  14.04|   3-93  ,  13.51|   9-317 ,  13.34|  52-159 ,  12.86|  18-93  ,  12.45| 
 28-120 ,  11.22|  82-88  ,  11.02| 110-141 ,  10.50|   3-345 ,  10.12| 164-307 ,   9.70| 
  0-88  ,   9.69|  88-164 ,   9.45| 173-214 ,   9.42|   0-90  ,   9.17|  13-280 ,   8.89| 
236-353 ,   8.33|   0-73  ,   8.19| 215-334 ,   8.07|  74-163 ,   7.46|   0-122 ,   7.30| 
  0-72  ,   6.22|  91-195 ,   5.87|  86-162 ,   5.82| 111-153 ,   5.69|  11-294 ,   5.27| 
104-121 ,   5.24|  56-332 ,   4.52|  13-34  ,   4.49|   0-201 ,   4.44|   0-85  ,   3.97| 
179-224 ,   3.53| 188-225 ,   3.27|  56-337 ,   2.79|   0-110 ,   2.72|   0-120 ,   2.11| 
 56-329 ,   1.96|  54-217 ,   1.89|  61-337 ,   1.25|   0-266 ,   1.24| 270-290 ,   0.96| 
263-290 ,   0.78|  24-234 ,   0.38|  24-208 ,   0.25| 138-208 ,   0.09| 104-182 ,   0.03| 
-----------------------------------------------------------------------------------------
edge= 83 84 lp= 9.06629 pre= 0 lp2= 8.83696 pre2= 0 score= 80.1184
-----------------------------------------------------------------------------------------
edge= 8 83 lp= 8.84841 pre= 2 lp2= 9.06632 pre2= 2 score= 80.2225
-----------------------------------------------------------------------------------------
edge= 0 26 lp= 1.5864 pre= 2 lp2= 56.8901 pre2= 2 score= 90.2504
-----------------------------------------------------------------------------------------
edge= 179 198 lp= 1.52964 pre= 0 lp2= 60.3536 pre2= 2 score= 92.3191
-----------------------------------------------------------------------------------------
candidate= 179-198 : +
-----------------------------------------------------------------------------------------
-----------------------------------------------------------------------------------------
 ****** Pricing Level: LIGHT HEUR ****** 
it= 13  ncol= 4490  ncstr= 914  mt= 7.9   spt= 1.6   lpval= 51497.2   ub= 51506.0  
 ****** Pricing Level: HEAVY HEUR ****** 
it= 8   ncol= 4644  ncstr= 914  mt= 2.6   spt= 1.9   lpval= 51494.3   ub= 51506.0  
-----------------------------------------------------------------------------------------
elapsed time= 354.09 s.
-----------------------------------------------------------------------------------------
candidate= 0-26 : -
-----------------------------------------------------------------------------------------
-----------------------------------------------------------------------------------------
 ****** Pricing Level: LIGHT HEUR ****** 
it= 5   ncol= 4329  ncstr= 914  mt= 1.1   spt= 0.6   lpval= 51483.6   ub= 51506.0  
 ****** Pricing Level: HEAVY HEUR ****** 
it= 3   ncol= 4365  ncstr= 914  mt= 0.3   spt= 0.8   lpval= 51483.5   ub= 51506.0  
-----------------------------------------------------------------------------------------
elapsed time= 358.13 s.
-----------------------------------------------------------------------------------------
candidate= 0-26 : +
-----------------------------------------------------------------------------------------
-----------------------------------------------------------------------------------------
 ****** Pricing Level: LIGHT HEUR ****** 
it= 12  ncol= 4498  ncstr= 914  mt= 5.1   spt= 1.4   lpval= 51499.5   ub= 51506.0  
 ****** Pricing Level: HEAVY HEUR ****** 
it= 9   ncol= 4625  ncstr= 914  mt= 2.7   spt= 2.2   lpval= 51495.0   ub= 51506.0  
-----------------------------------------------------------------------------------------
elapsed time= 372.83 s.
-----------------------------------------------------------------------------------------
candidate= 8-83 : -
-----------------------------------------------------------------------------------------
-----------------------------------------------------------------------------------------
 ****** Pricing Level: LIGHT HEUR ****** 
it= 7   ncol= 4405  ncstr= 914  mt= 1.5   spt= 0.9   lpval= 51490.7   ub= 51506.0  
 ****** Pricing Level: HEAVY HEUR ****** 
it= 11  ncol= 4574  ncstr= 914  mt= 3.2   spt= 2.7   lpval= 51487.7   ub= 51506.0  
-----------------------------------------------------------------------------------------
elapsed time= 383.95 s.
-----------------------------------------------------------------------------------------
brc= 83-84
t= 0.782839 c= 186.939 n= 0 if_b4= 1
t= 11.7655 c= 241.692 n= 0 if_b4= 1
nodes already exists
memory usage= 7GB.
#########################################################################################
tree size= 0 lb= 51482 ub= 51506
#########################################################################################
idx= 2 value= 51482 enu= 0
brc= 73-316 : -
brc= 8-153 : -
brc= 39-90 : +
brc= 0-111 : +
brc= 73-303 : -
brc= 37-166 : -
brc= 85-110 : -
brc= 105-146 : +
brc= 21-82 : +
brc= 85-141 : -
brc= 85-170 : +
brc= 131-153 : -
brc= 75-307 : -
brc= 39-67 : +
brc= 83-84 : -
-----------------------------------------------------------------------------------------
 ****** Pricing Level: LIGHT HEUR ****** 
it= 9   ncol= 4332  ncstr= 913  mt= 1.2   spt= 1.1   lpval= 51491.1   ub= 51506.0  
 ****** Pricing Level: HEAVY HEUR ****** 
it= 9   ncol= 4424  ncstr= 913  mt= 1.1   spt= 2.2   lpval= 51490.6   ub= 51506.0  
 ****** Pricing Level: EXACT ****** 
it= 5   ncol= 5325  ncstr= 913  mt= 2.0   spt= 57.4  lpval= 51488.6   ub= 51506.0  
-----------------------------------------------------------------------------------------
elapsed time= 454.48 s.
-----------------------------------------------------------------------------------------
-----------------------------------------------------------------------------------------
 ****** Run Arc Elimination ****** 
arc elimination time= 12.63 s.
previous= 17.5003% maximum= 1.99262%
eliminate bucket arcs time= 3.98 s.
obtain jump arcs time= 0.01 s.
-----------------------------------------------------------------------------------------
-----------------------------------------------------------------------------------------
elapsed time= 471.17 s.
-----------------------------------------------------------------------------------------
-----------------------------------------------------------------------------------------
 ****** Try Enumeration ****** 
n= 9.41155 stop_b= 10 status= LABEL_FOR_LIMIT
#labels= 50099 #routes= 33
labeling 1 time= 0.27 s.
next try value > 51489.6
-----------------------------------------------------------------------------------------
elapsed time= 471.57 s.
-----------------------------------------------------------------------------------------
 ****** Separate RCCs ****** 
 ****** Separate Rank1Cuts ****** 
-----------------------------------------------------------------------------------------
 ****** Pricing Level: LIGHT HEUR ****** 
it= 3   ncol= 5385  ncstr= 1024 mt= 1.3   spt= 0.1   lpval= 51496.9   ub= 51506.0  
 ****** Pricing Level: HEAVY HEUR ****** 
it= 3   ncol= 5397  ncstr= 1024 mt= 0.6   spt= 0.2   lpval= 51496.5   ub= 51506.0  
 ****** Pricing Level: EXACT ****** 
it= 6   ncol= 5950  ncstr= 1024 mt= 2.1   spt= 46.4  lpval= 51494.8   ub= 51506.0  
-----------------------------------------------------------------------------------------
elapsed time= 539.62 s.
-----------------------------------------------------------------------------------------
-----------------------------------------------------------------------------------------
 ****** Run Arc Elimination ****** 
arc elimination time= 4.73 s.
previous= 71.1677% maximum= 1.4181%
eliminate bucket arcs time= 1.68 s.
obtain jump arcs time= 0.01 s.
-----------------------------------------------------------------------------------------
-----------------------------------------------------------------------------------------
elapsed time= 546.14 s.
-----------------------------------------------------------------------------------------
-----------------------------------------------------------------------------------------
 ****** Try Enumeration ****** 
#labels= 183339 #routes= 169
labeling 1 time= 0.85 s.
concatenate time= 0.44 s.
#routes= 92554
average gap of successful enumeration= 0.000197401
next try value > 51489.6
-----------------------------------------------------------------------------------------
elapsed time= 547.61 s.
-----------------------------------------------------------------------------------------
 ****** Process Enumeration Matrix ****** 
delete non-ele routes lp val= 51495.3
recover rank1c lp val= 51498.3
recover rcc lp val= 51499.6
obtain rcc coefficient time= 0.11 s.
obtain r1c coefficient time= 0.13 s.
obtain matrix from triplets time= 0.26 s.
delete columns by branch time= 0.00 s.
columns pending deletion= 426 remain= 92554 col ratio= 0.995397 row ratio= 1
regenerate enumeration matrix time= 0.00 s.
-----------------------------------------------------------------------------------------
elapsed time= 572.10 s.
-----------------------------------------------------------------------------------------
it= 8   ncol= 4515  ncstr= 933  mt= 1.9   spt= 0.1   lpval= 51498.5   ub= 51506.0  
-----------------------------------------------------------------------------------------
elapsed time= 574.11 s.
-----------------------------------------------------------------------------------------
delete columns= 75208 remain= 17346
mip: row= 824 col= 19960 density= 5.46288%
mip time= 21.08 s.
mip status= 6
update f from 0 to 7.50691
#########################################################################################
[32m<Instance: X-n359-k29>
<Solution>
<UB= 51506>
<LB= 51506>
<Elapsed Time= 595.4>
<Nodes Explored= 2>
<Global Gap= 0%>[0m
#########################################################################################
File nodes/X-n359-k29_2_0_3_0_1_2_G32.node deleted successfully.
