application type: CVRP
X-n359-k29_2_6_7_0_G32.node
Set parameter ServerTimeout to value 600
Set parameter TokenServer to value "grb-ts.ufhpc"
Set parameter Threads to value 1
instance name= X-n359-k29
#########################################################################################
tree size= 0 lb= 0 ub= 51506
#########################################################################################
idx= 1 value= 51478.5 enu= 0
brc= 73-316 : -
brc= 8-153 : -
brc= 39-90 : +
brc= 0-111 : -
brc= 37-166 : -
brc= 73-149 : -
brc= 88-117 : -
brc= 151-166 : -
brc= 0-153 : -
brc= 8-83 : +
brc= 85-170 : -
brc= 111-170 : -
brc= 34-293 : -
brc= 34-341 : -
brc= 147-253 : -
brc= 105-146 : -
brc= 153-160 : -
brc= 21-82 : +
brc= 40-67 : +
-----------------------------------------------------------------------------------------
 ****** Pricing Level: LIGHT HEUR ****** 
it= 26  ncol= 3771  ncstr= 882  mt= 1.1   spt= 2.9   lpval= 51479.7   ub= 51506.0  
 ****** Pricing Level: HEAVY HEUR ****** 
it= 9   ncol= 3977  ncstr= 882  mt= 0.5   spt= 2.1   lpval= 51479.6   ub= 51506.0  
 ****** Pricing Level: EXACT ****** 
it= 6   ncol= 6281  ncstr= 882  mt= 1.4   spt= 61.1  lpval= 51479.2   ub= 51506.0  
-----------------------------------------------------------------------------------------
elapsed time= 86.32 s.
-----------------------------------------------------------------------------------------
-----------------------------------------------------------------------------------------
 ****** Run Arc Elimination ****** 
arc elimination time= 6.58 s.
-----------------------------------------------------------------------------------------
-----------------------------------------------------------------------------------------
elapsed time= 93.38 s.
-----------------------------------------------------------------------------------------
 ****** Separate RCCs ****** 
 ****** Separate Rank1Cuts ****** 
-----------------------------------------------------------------------------------------
 ****** Pricing Level: LIGHT HEUR ****** 
it= 2   ncol= 6286  ncstr= 983  mt= 1.3   spt= 0.3   lpval= 51483.7   ub= 51506.0  
 ****** Pricing Level: HEAVY HEUR ****** 
it= 5   ncol= 6336  ncstr= 983  mt= 0.7   spt= 1.3   lpval= 51483.7   ub= 51506.0  
 ****** Pricing Level: EXACT ****** 
it= 5   ncol= 6991  ncstr= 983  mt= 2.0   spt= 56.5  lpval= 51482.7   ub= 51506.0  
-----------------------------------------------------------------------------------------
elapsed time= 166.18 s.
-----------------------------------------------------------------------------------------
-----------------------------------------------------------------------------------------
 ****** Run Arc Elimination ****** 
arc elimination time= 5.80 s.
-----------------------------------------------------------------------------------------
-----------------------------------------------------------------------------------------
elapsed time= 172.09 s.
-----------------------------------------------------------------------------------------
[1;36m[REMIND] eps= 64.378173 tail off hard time= 60.000000 in function setIfTailOff at /blue/yu.yang1/you.z/route_opt/packages/application/X-n359-k29/src/main/src/call_cutting.cpp:140[0m
[1;36m[REMIND] opt_k not found for node 1, use m directly in function getOptK at /blue/yu.yang1/you.z/route_opt/packages/branching/bkf/include/bkf_controller.hpp:239[0m
current_r_best= 3.09848
we directly test 100
we directly test 4
pseudo= 50 frac= 50
#candidates in phase1= 100
testing lp time= 166.39 s.
-----------------------------------------------------------------------------------------
153-158 ,  42.96| 105-117 ,  41.62|  85-153 ,  33.42|   0-117 ,  32.70|  73-303 ,  24.19| 
 73-175 ,  23.75| 131-170 ,  19.58| 205-303 ,  17.77| 117-159 ,  16.17| 320-337 ,  15.52| 
212-268 ,  15.00|  30-171 ,  14.83| 212-258 ,  13.22|   1-166 ,  13.21|  69-321 ,  12.31| 
110-112 ,  12.26|   0-73  ,  12.15| 238-295 ,  10.89| 277-316 ,  10.58|   0-347 ,  10.44| 
 63-325 ,  10.41| 110-170 ,   9.80| 105-338 ,   9.58|  56-337 ,   9.45|  98-166 ,   9.39| 
  0-227 ,   8.90|  75-83  ,   8.59|  28-120 ,   8.26|  33-334 ,   8.06| 205-347 ,   7.90| 
 21-52  ,   7.87|  82-88  ,   7.32|  28-196 ,   7.22|  84-131 ,   7.07|  75-152 ,   7.04| 
  0-312 ,   7.00|   0-230 ,   6.73|   9-134 ,   6.43| 112-170 ,   5.85| 256-285 ,   5.84| 
 29-30  ,   5.42|  82-117 ,   5.32|  77-292 ,   5.25|  38-77  ,   5.15| 105-152 ,   5.12| 
  0-317 ,   5.09|  52-312 ,   5.05| 229-251 ,   5.00|  84-105 ,   4.97|  13-34  ,   4.73| 
 50-106 ,   4.71|  88-142 ,   4.71|  42-193 ,   4.63|   6-22  ,   4.60|   7-325 ,   4.60| 
102-323 ,   4.59|  66-85  ,   4.47|  21-141 ,   4.35|   0-52  ,   4.31|   0-185 ,   4.02| 
 41-214 ,   3.36| 110-111 ,   3.23| 265-290 ,   3.00| 260-300 ,   2.88|   0-85  ,   2.85| 
  0-328 ,   2.68|  10-328 ,   2.68| 201-238 ,   2.66|   0-247 ,   2.61|   0-30  ,   2.51| 
206-270 ,   2.45| 180-228 ,   2.32| 142-159 ,   2.29|  11-274 ,   2.26| 120-253 ,   2.17| 
  0-235 ,   2.05| 233-322 ,   1.93| 139-309 ,   1.83| 244-323 ,   1.83| 224-236 ,   1.82| 
  0-122 ,   1.76|   0-100 ,   1.68|  95-193 ,   1.60| 214-268 ,   1.47| 182-298 ,   1.44| 
 49-79  ,   1.43|   0-120 ,   1.39|   0-208 ,   1.21| 288-300 ,   0.96|   0-147 ,   0.88| 
  0-259 ,   0.74| 329-336 ,   0.69|   0-279 ,   0.69| 164-307 ,   0.69| 266-321 ,   0.49| 
 24-234 ,   0.42|  23-309 ,   0.39|  24-208 ,   0.39|   0-5   ,   0.35|   0-298 ,   0.35| 
-----------------------------------------------------------------------------------------
edge= 0 117 lp= 0.487456 pre= 2 lp2= 67.0758 pre2= 2 score= 32.6965
-----------------------------------------------------------------------------------------
edge= 85 153 lp= 25.8686 pre= 2 lp2= 1.292 pre2= 2 score= 33.4223
-----------------------------------------------------------------------------------------
edge= 105 117 lp= 0.620538 pre= 0 lp2= 67.0758 pre2= 2 score= 41.6231
-----------------------------------------------------------------------------------------
edge= 153 158 lp= 67.0758 pre= 2 lp2= 0.640424 pre2= 2 score= 42.957
-----------------------------------------------------------------------------------------
candidate= 153-158 : -
-----------------------------------------------------------------------------------------
-----------------------------------------------------------------------------------------
 ****** Pricing Level: LIGHT HEUR ****** 
it= 22  ncol= 5216  ncstr= 920  mt= 21.2  spt= 2.6   lpval= 51543.3   ub= 51506.0  
 ****** Pricing Level: HEAVY HEUR ****** 
it= 11  ncol= 5430  ncstr= 920  mt= 5.8   spt= 2.6   lpval= 51527.1   ub= 51506.0  
-----------------------------------------------------------------------------------------
elapsed time= 383.89 s.
-----------------------------------------------------------------------------------------
candidate= 105-117 : +
-----------------------------------------------------------------------------------------
-----------------------------------------------------------------------------------------
 ****** Pricing Level: LIGHT HEUR ****** 
it= 15  ncol= 4984  ncstr= 920  mt= 7.4   spt= 1.8   lpval= 51507.1   ub= 51506.0  
 ****** Pricing Level: HEAVY HEUR ****** 
it= 14  ncol= 5206  ncstr= 920  mt= 7.1   spt= 3.4   lpval= 51497.4   ub= 51506.0  
-----------------------------------------------------------------------------------------
elapsed time= 408.10 s.
-----------------------------------------------------------------------------------------
candidate= 85-153 : -
-----------------------------------------------------------------------------------------
-----------------------------------------------------------------------------------------
 ****** Pricing Level: LIGHT HEUR ****** 
it= 14  ncol= 4907  ncstr= 920  mt= 2.5   spt= 1.7   lpval= 51505.6   ub= 51506.0  
 ****** Pricing Level: HEAVY HEUR ****** 
it= 12  ncol= 5139  ncstr= 920  mt= 3.0   spt= 2.9   lpval= 51500.6   ub= 51506.0  
-----------------------------------------------------------------------------------------
elapsed time= 422.32 s.
-----------------------------------------------------------------------------------------
candidate= 0-117 : -
-----------------------------------------------------------------------------------------
-----------------------------------------------------------------------------------------
 ****** Pricing Level: LIGHT HEUR ****** 
it= 1   ncol= 4685  ncstr= 920  mt= 1.0   spt= 0.1   lpval= 51483.2   ub= 51506.0  
 ****** Pricing Level: HEAVY HEUR ****** 
it= 2   ncol= 4692  ncstr= 920  mt= 0.1   spt= 0.5   lpval= 51483.2   ub= 51506.0  
-----------------------------------------------------------------------------------------
elapsed time= 424.32 s.
-----------------------------------------------------------------------------------------
candidate= 0-117 : +
-----------------------------------------------------------------------------------------
-----------------------------------------------------------------------------------------
 ****** Pricing Level: LIGHT HEUR ****** 
it= 15  ncol= 5008  ncstr= 920  mt= 17.9  spt= 1.7   lpval= 51506.8   ub= 51506.0  
 ****** Pricing Level: HEAVY HEUR ****** 
it= 7   ncol= 5099  ncstr= 920  mt= 4.7   spt= 1.7   lpval= 51497.8   ub= 51506.0  
-----------------------------------------------------------------------------------------
elapsed time= 453.92 s.
-----------------------------------------------------------------------------------------
candidate= 153-158 : +
-----------------------------------------------------------------------------------------
-----------------------------------------------------------------------------------------
 ****** Pricing Level: LIGHT HEUR ****** 
it= 1   ncol= 4685  ncstr= 920  mt= 1.0   spt= 0.1   lpval= 51483.4   ub= 51506.0  
 ****** Pricing Level: HEAVY HEUR ****** 
it= 3   ncol= 4692  ncstr= 920  mt= 0.3   spt= 0.8   lpval= 51483.3   ub= 51506.0  
-----------------------------------------------------------------------------------------
elapsed time= 456.69 s.
-----------------------------------------------------------------------------------------
brc= 153-158
t= 0.831961 c= 223.006 n= 0 if_b4= 1
t= 18.3879 c= 251.038 n= 0 if_b4= 1
nodes already exists
memory usage= 7GB.
#########################################################################################
tree size= 0 lb= 51482.7 ub= 51506
#########################################################################################
idx= 2 value= 51482.7 enu= 0
brc= 73-316 : -
brc= 8-153 : -
brc= 39-90 : +
brc= 0-111 : -
brc= 37-166 : -
brc= 73-149 : -
brc= 88-117 : -
brc= 151-166 : -
brc= 0-153 : -
brc= 8-83 : +
brc= 85-170 : -
brc= 111-170 : -
brc= 34-293 : -
brc= 34-341 : -
brc= 147-253 : -
brc= 105-146 : -
brc= 153-160 : -
brc= 21-82 : +
brc= 40-67 : +
brc= 153-158 : -
-----------------------------------------------------------------------------------------
 ****** Pricing Level: LIGHT HEUR ****** 
it= 25  ncol= 5071  ncstr= 919  mt= 25.0  spt= 2.9   lpval= 51544.8   ub= 51506.0  
 ****** Pricing Level: HEAVY HEUR ****** 
it= 20  ncol= 5383  ncstr= 919  mt= 7.6   spt= 4.8   lpval= 51531.8   ub= 51506.0  
 ****** Pricing Level: EXACT ****** 
it= 8   ncol= 6700  ncstr= 919  mt= 5.7   spt= 88.5  lpval= 51501.8   ub= 51506.0  
-----------------------------------------------------------------------------------------
elapsed time= 601.69 s.
-----------------------------------------------------------------------------------------
-----------------------------------------------------------------------------------------
 ****** Run Arc Elimination ****** 
arc elimination time= 2.62 s.
previous= 7.06932% maximum= 0.804495%
eliminate bucket arcs time= 2.85 s.
obtain jump arcs time= 0.01 s.
-----------------------------------------------------------------------------------------
-----------------------------------------------------------------------------------------
elapsed time= 607.24 s.
-----------------------------------------------------------------------------------------
-----------------------------------------------------------------------------------------
 ****** Try Enumeration ****** 
#labels= 31978 #routes= 92
labeling 1 time= 0.11 s.
concatenate time= 0.02 s.
#routes= 4926
average gap of successful enumeration= 6.11658e-05
next try value > 51477.1
-----------------------------------------------------------------------------------------
elapsed time= 607.48 s.
-----------------------------------------------------------------------------------------
 ****** Process Enumeration Matrix ****** 
delete non-ele routes lp val= 51502.4
recover rank1c lp val= 51505
recover rcc lp val= 51506
obtain rcc coefficient time= 0.01 s.
obtain r1c coefficient time= 0.01 s.
obtain matrix from triplets time= 0.01 s.
delete columns by branch time= 0.00 s.
columns pending deletion= 24 remain= 4926 col ratio= 0.995128 row ratio= 1
regenerate enumeration matrix time= 0.00 s.
-----------------------------------------------------------------------------------------
elapsed time= 632.06 s.
-----------------------------------------------------------------------------------------
it= 4   ncol= 4503  ncstr= 872  mt= 0.7   spt= 0.0   lpval= 51505.6   ub= 51506.0  
-----------------------------------------------------------------------------------------
elapsed time= 632.78 s.
-----------------------------------------------------------------------------------------
#########################################################################################
[32m<Instance: X-n359-k29>
<Solution>
<UB= 51506>
<LB= 51506>
<Elapsed Time= 632.8>
<Nodes Explored= 2>
<Global Gap= 0%>[0m
#########################################################################################
File nodes/X-n359-k29_2_6_7_0_G32.node deleted successfully.
