application type: CVRP
X-n359-k29_2_2_0_0_0_0_10_G32.node
Set parameter ServerTimeout to value 600
Set parameter TokenServer to value "grb-ts.ufhpc"
Set parameter Threads to value 1
instance name= X-n359-k29
#########################################################################################
tree size= 0 lb= 0 ub= 51506
#########################################################################################
idx= 21 value= 51481.4 enu= 0
brc= 73-316 : -
brc= 8-153 : -
brc= 39-90 : +
brc= 0-111 : -
brc= 37-166 : -
brc= 73-149 : +
brc= 179-198 : +
brc= 205-303 : +
brc= 229-251 : +
brc= 110-112 : +
brc= 21-52 : -
brc= 52-159 : -
brc= 151-166 : -
brc= 46-85 : -
brc= 85-126 : -
brc= 64-85 : -
brc= 293-341 : -
brc= 85-153 : -
brc= 83-84 : -
brc= 0-312 : -
brc= 0-197 : +
-----------------------------------------------------------------------------------------
 ****** Pricing Level: LIGHT HEUR ****** 
it= 22  ncol= 5083  ncstr= 867  mt= 9.7   spt= 2.2   lpval= 51515.5   ub= 51506.0  
 ****** Pricing Level: HEAVY HEUR ****** 
it= 20  ncol= 5401  ncstr= 867  mt= 4.7   spt= 4.4   lpval= 51506.7   ub= 51506.0  
 ****** Pricing Level: EXACT ****** 
it= 7   ncol= 7033  ncstr= 867  mt= 2.4   spt= 36.8  lpval= 51498.7   ub= 51506.0  
-----------------------------------------------------------------------------------------
elapsed time= 75.30 s.
-----------------------------------------------------------------------------------------
-----------------------------------------------------------------------------------------
 ****** Run Arc Elimination ****** 
arc elimination time= 1.27 s.
previous= 8.49805% maximum= 0.967241%
eliminate bucket arcs time= 1.72 s.
obtain jump arcs time= 0.01 s.
-----------------------------------------------------------------------------------------
-----------------------------------------------------------------------------------------
elapsed time= 78.78 s.
-----------------------------------------------------------------------------------------
-----------------------------------------------------------------------------------------
 ****** Try Enumeration ****** 
#labels= 62051 #routes= 2
labeling 1 time= 0.30 s.
concatenate time= 0.05 s.
#routes= 15616
average gap of successful enumeration= 0.0001215
next try value > 51474
-----------------------------------------------------------------------------------------
elapsed time= 79.22 s.
-----------------------------------------------------------------------------------------
 ****** Process Enumeration Matrix ****** 
delete non-ele routes lp val= 51502.4
recover rank1c lp val= 51507.7
recover rcc lp val= 51510.9
obtain rcc coefficient time= 0.01 s.
obtain r1c coefficient time= 0.02 s.
obtain matrix from triplets time= 0.03 s.
delete columns by branch time= 0.00 s.
columns pending deletion= 209 remain= 15616 col ratio= 0.986616 row ratio= 1
regenerate enumeration matrix time= 0.00 s.
-----------------------------------------------------------------------------------------
elapsed time= 96.85 s.
-----------------------------------------------------------------------------------------
it= 7   ncol= 4949  ncstr= 822  mt= 1.4   spt= 0.0   lpval= 51508.0   ub= 51506.0  
-----------------------------------------------------------------------------------------
elapsed time= 98.30 s.
-----------------------------------------------------------------------------------------
#########################################################################################
[32m<Instance: X-n359-k29>
<Solution>
<UB= 51506>
<LB= 51506>
<Elapsed Time= 98.3>
<Nodes Explored= 1>
<Global Gap= 0%>[0m
#########################################################################################
File nodes/X-n359-k29_2_2_0_0_0_0_10_G32.node deleted successfully.
