application type: CVRP
X-n359-k29_2_2_0_2_1_9_G32.node
Set parameter ServerTimeout to value 600
Set parameter TokenServer to value "grb-ts.ufhpc"
Set parameter Threads to value 1
instance name= X-n359-k29
#########################################################################################
tree size= 0 lb= 0 ub= 51506
#########################################################################################
idx= 19 value= 51484.6 enu= 0
brc= 73-316 : -
brc= 8-153 : -
brc= 39-90 : +
brc= 0-111 : -
brc= 37-166 : -
brc= 73-149 : +
brc= 179-198 : +
brc= 205-303 : -
brc= 172-205 : -
brc= 229-251 : +
brc= 110-112 : -
brc= 171-232 : +
brc= 192-232 : -
brc= 47-178 : -
brc= 42-93 : -
brc= 328-357 : -
brc= 93-178 : -
brc= 79-178 : -
brc= 197-349 : -
brc= 110-152 : -
brc= 34-293 : -
brc= 48-108 : +
-----------------------------------------------------------------------------------------
 ****** Pricing Level: LIGHT HEUR ****** 
it= 30  ncol= 2928  ncstr= 835  mt= 9.4   spt= 3.0   lpval= 51511.8   ub= 51506.0  
it= 36  ncol= 2964  ncstr= 835  mt= 0.4   spt= 0.6   lpval= 51511.1   ub= 51506.0  
 ****** Pricing Level: HEAVY HEUR ****** 
it= 14  ncol= 3212  ncstr= 835  mt= 2.1   spt= 3.0   lpval= 51508.0   ub= 51506.0  
 ****** Pricing Level: EXACT ****** 
it= 6   ncol= 4923  ncstr= 835  mt= 1.9   spt= 62.3  lpval= 51498.2   ub= 51506.0  
-----------------------------------------------------------------------------------------
elapsed time= 97.60 s.
-----------------------------------------------------------------------------------------
-----------------------------------------------------------------------------------------
 ****** Run Arc Elimination ****** 
arc elimination time= 3.27 s.
previous= 9.03376% maximum= 1.02791%
eliminate bucket arcs time= 2.65 s.
obtain jump arcs time= 0.01 s.
-----------------------------------------------------------------------------------------
-----------------------------------------------------------------------------------------
elapsed time= 104.01 s.
-----------------------------------------------------------------------------------------
-----------------------------------------------------------------------------------------
 ****** Try Enumeration ****** 
#labels= 72000 #routes= 122
labeling 1 time= 0.41 s.
concatenate time= 0.08 s.
#routes= 20366
average gap of successful enumeration= 0.00013251
next try value > 51473.4
-----------------------------------------------------------------------------------------
elapsed time= 104.60 s.
-----------------------------------------------------------------------------------------
 ****** Process Enumeration Matrix ****** 
delete non-ele routes lp val= 51501.7
recover rank1c lp val= 51536.5
recover rcc lp val= 51541.7
obtain rcc coefficient time= 0.03 s.
obtain r1c coefficient time= 0.02 s.
obtain matrix from triplets time= 0.05 s.
delete columns by branch time= 0.00 s.
columns pending deletion= 381 remain= 20366 col ratio= 0.981292 row ratio= 1
regenerate enumeration matrix time= 0.00 s.
-----------------------------------------------------------------------------------------
elapsed time= 115.59 s.
-----------------------------------------------------------------------------------------
it= 10  ncol= 3059  ncstr= 797  mt= 2.1   spt= 0.0   lpval= 51509.5   ub= 51506.0  
-----------------------------------------------------------------------------------------
elapsed time= 117.74 s.
-----------------------------------------------------------------------------------------
#########################################################################################
[32m<Instance: X-n359-k29>
<Solution>
<UB= 51506>
<LB= 51506>
<Elapsed Time= 117.7>
<Nodes Explored= 1>
<Global Gap= 0%>[0m
#########################################################################################
File nodes/X-n359-k29_2_2_0_2_1_9_G32.node deleted successfully.
