application type: CVRP
X-n359-k29_1_1_0_0_1_0_6_G32.node
Set parameter ServerTimeout to value 600
Set parameter TokenServer to value "grb-ts.ufhpc"
Set parameter Threads to value 1
instance name= X-n359-k29
#########################################################################################
tree size= 0 lb= 0 ub= 51506
#########################################################################################
idx= 13 value= 51482 enu= 0
brc= 73-316 : -
brc= 8-153 : +
brc= 111-141 : -
brc= 98-219 : +
brc= 73-303 : +
brc= 0-111 : +
brc= 64-141 : -
brc= 119-149 : +
brc= 160-170 : +
brc= 85-141 : -
brc= 0-158 : -
brc= 74-160 : -
brc= 126-141 : -
brc= 37-166 : -
brc= 254-271 : -
brc= 166-254 : +
-----------------------------------------------------------------------------------------
 ****** Pricing Level: LIGHT HEUR ****** 
it= 30  ncol= 3439  ncstr= 972  mt= 26.5  spt= 3.0   lpval= 51560.2   ub= 51506.0  
it= 52  ncol= 3764  ncstr= 972  mt= 7.9   spt= 2.4   lpval= 51537.3   ub= 51506.0  
 ****** Pricing Level: HEAVY HEUR ****** 
it= 24  ncol= 4285  ncstr= 972  mt= 12.4  spt= 5.4   lpval= 51505.3   ub= 51506.0  
 ****** Pricing Level: EXACT ****** 
it= 6   ncol= 6066  ncstr= 972  mt= 4.0   spt= 65.1  lpval= 51495.7   ub= 51506.0  
-----------------------------------------------------------------------------------------
elapsed time= 150.43 s.
-----------------------------------------------------------------------------------------
-----------------------------------------------------------------------------------------
 ****** Run Arc Elimination ****** 
arc elimination time= 5.86 s.
previous= 12.7211% maximum= 1.36857%
eliminate bucket arcs time= 3.23 s.
obtain jump arcs time= 0.01 s.
-----------------------------------------------------------------------------------------
-----------------------------------------------------------------------------------------
elapsed time= 160.06 s.
-----------------------------------------------------------------------------------------
-----------------------------------------------------------------------------------------
 ****** Try Enumeration ****** 
#labels= 164730 #routes= 424
labeling 1 time= 1.21 s.
concatenate time= 0.33 s.
#routes= 64598
average gap of successful enumeration= 0.000180197
next try value > 51471
-----------------------------------------------------------------------------------------
elapsed time= 161.76 s.
-----------------------------------------------------------------------------------------
 ****** Process Enumeration Matrix ****** 
delete non-ele routes lp val= 51496.3
recover rank1c lp val= 51500.8
recover rcc lp val= 51503.9
obtain rcc coefficient time= 0.10 s.
obtain r1c coefficient time= 0.10 s.
obtain matrix from triplets time= 0.19 s.
delete columns by branch time= 0.00 s.
columns pending deletion= 720 remain= 64598 col ratio= 0.988854 row ratio= 1
regenerate enumeration matrix time= 0.00 s.
-----------------------------------------------------------------------------------------
elapsed time= 184.42 s.
-----------------------------------------------------------------------------------------
it= 11  ncol= 3911  ncstr= 916  mt= 2.5   spt= 0.1   lpval= 51501.4   ub= 51506.0  
-----------------------------------------------------------------------------------------
elapsed time= 187.05 s.
-----------------------------------------------------------------------------------------
delete columns= 60189 remain= 4409
 ****** Separate RCCs ****** 
 ****** Separate Rank1Cuts ****** 
it= 9   ncol= 2312  ncstr= 1234 mt= 3.7   spt= 0.0   lpval= 51520.1   ub= 51506.0  
-----------------------------------------------------------------------------------------
elapsed time= 199.46 s.
-----------------------------------------------------------------------------------------
#########################################################################################
[32m<Instance: X-n359-k29>
<Solution>
<UB= 51506>
<LB= 51506>
<Elapsed Time= 199.5>
<Nodes Explored= 1>
<Global Gap= 0%>[0m
#########################################################################################
File nodes/X-n359-k29_1_1_0_0_1_0_6_G32.node deleted successfully.
