application type: CVRP
X-n359-k29_1_0_0_1_3_0_3_G32.node
Set parameter ServerTimeout to value 600
Set parameter TokenServer to value "grb-ts.ufhpc"
Set parameter Threads to value 1
instance name= X-n359-k29
#########################################################################################
tree size= 0 lb= 0 ub= 51506
#########################################################################################
idx= 7 value= 51481.4 enu= 0
brc= 73-316 : -
brc= 8-153 : +
brc= 111-141 : +
brc= 73-303 : +
brc= 54-210 : -
brc= 229-251 : +
brc= 127-328 : -
brc= 143-215 : -
brc= 254-271 : -
brc= 151-271 : +
brc= 90-166 : +
brc= 276-341 : -
brc= 292-299 : -
brc= 39-90 : -
brc= 63-341 : +
-----------------------------------------------------------------------------------------
 ****** Pricing Level: LIGHT HEUR ****** 
it= 16  ncol= 3559  ncstr= 920  mt= 4.7   spt= 1.7   lpval= 51525.2   ub= 51506.0  
 ****** Pricing Level: HEAVY HEUR ****** 
it= 11  ncol= 3759  ncstr= 920  mt= 3.4   spt= 2.2   lpval= 51511.4   ub= 51506.0  
 ****** Pricing Level: EXACT ****** 
it= 7   ncol= 5350  ncstr= 920  mt= 3.2   spt= 47.1  lpval= 51500.6   ub= 51506.0  
-----------------------------------------------------------------------------------------
elapsed time= 69.74 s.
-----------------------------------------------------------------------------------------
-----------------------------------------------------------------------------------------
 ****** Run Arc Elimination ****** 
arc elimination time= 1.89 s.
previous= 7.89506% maximum= 0.849394%
eliminate bucket arcs time= 1.73 s.
obtain jump arcs time= 0.01 s.
-----------------------------------------------------------------------------------------
-----------------------------------------------------------------------------------------
elapsed time= 73.62 s.
-----------------------------------------------------------------------------------------
-----------------------------------------------------------------------------------------
 ****** Try Enumeration ****** 
#labels= 39198 #routes= 204
labeling 1 time= 0.20 s.
concatenate time= 0.03 s.
#routes= 7707
average gap of successful enumeration= 8.63309e-05
next try value > 51475.8
-----------------------------------------------------------------------------------------
elapsed time= 73.90 s.
-----------------------------------------------------------------------------------------
 ****** Process Enumeration Matrix ****** 
delete non-ele routes lp val= 51501.2
recover rank1c lp val= 51506.9
recover rcc lp val= 51508.2
obtain rcc coefficient time= 0.01 s.
obtain r1c coefficient time= 0.01 s.
obtain matrix from triplets time= 0.01 s.
delete columns by branch time= 0.00 s.
columns pending deletion= 119 remain= 7707 col ratio= 0.984559 row ratio= 1
regenerate enumeration matrix time= 0.00 s.
-----------------------------------------------------------------------------------------
elapsed time= 88.85 s.
-----------------------------------------------------------------------------------------
it= 6   ncol= 3651  ncstr= 872  mt= 0.8   spt= 0.0   lpval= 51506.7   ub= 51506.0  
-----------------------------------------------------------------------------------------
elapsed time= 89.67 s.
-----------------------------------------------------------------------------------------
#########################################################################################
[32m<Instance: X-n359-k29>
<Solution>
<UB= 51506>
<LB= 51506>
<Elapsed Time= 89.7>
<Nodes Explored= 1>
<Global Gap= 0%>[0m
#########################################################################################
File nodes/X-n359-k29_1_0_0_1_3_0_3_G32.node deleted successfully.
