application type: CVRP
X-n359-k29_1_1_0_0_1_0_0_0_G32.node
Set parameter ServerTimeout to value 600
Set parameter TokenServer to value "grb-ts.ufhpc"
Set parameter Threads to value 1
instance name= X-n359-k29
#########################################################################################
tree size= 0 lb= 0 ub= 51506
#########################################################################################
idx= 1 value= 51485 enu= 0
brc= 73-316 : -
brc= 8-153 : +
brc= 111-141 : -
brc= 98-219 : +
brc= 73-303 : +
brc= 0-111 : +
brc= 64-141 : -
brc= 119-149 : +
brc= 160-170 : +
brc= 85-141 : +
brc= 0-312 : +
-----------------------------------------------------------------------------------------
 ****** Pricing Level: LIGHT HEUR ****** 
it= 17  ncol= 4990  ncstr= 989  mt= 5.4   spt= 1.1   lpval= 51495.2   ub= 51506.0  
 ****** Pricing Level: HEAVY HEUR ****** 
it= 8   ncol= 5140  ncstr= 989  mt= 4.3   spt= 0.8   lpval= 51493.3   ub= 51506.0  
 ****** Pricing Level: EXACT ****** 
it= 6   ncol= 6264  ncstr= 989  mt= 3.3   spt= 25.4  lpval= 51491.9   ub= 51506.0  
-----------------------------------------------------------------------------------------
elapsed time= 55.92 s.
-----------------------------------------------------------------------------------------
-----------------------------------------------------------------------------------------
 ****** Run Arc Elimination ****** 
arc elimination time= 5.05 s.
previous= 70.1903% maximum= 1.68829%
eliminate bucket arcs time= 1.33 s.
obtain jump arcs time= 0.01 s.
-----------------------------------------------------------------------------------------
-----------------------------------------------------------------------------------------
elapsed time= 62.58 s.
-----------------------------------------------------------------------------------------
-----------------------------------------------------------------------------------------
 ****** Try Enumeration ****** 
n= 9.50124 stop_b= 10 status= LABEL_FOR_LIMIT
#labels= 50080 #routes= 70
labeling 1 time= 0.24 s.
next try value > 51492.9
-----------------------------------------------------------------------------------------
elapsed time= 62.91 s.
-----------------------------------------------------------------------------------------
 ****** Separate RCCs ****** 
 ****** Separate Rank1Cuts ****** 
-----------------------------------------------------------------------------------------
 ****** Pricing Level: LIGHT HEUR ****** 
it= 4   ncol= 6324  ncstr= 1106 mt= 1.4   spt= 0.2   lpval= 51498.4   ub= 51506.0  
 ****** Pricing Level: HEAVY HEUR ****** 
it= 3   ncol= 6358  ncstr= 1106 mt= 0.1   spt= 0.2   lpval= 51498.4   ub= 51506.0  
 ****** Pricing Level: EXACT ****** 
it= 4   ncol= 6745  ncstr= 1106 mt= 3.0   spt= 14.8  lpval= 51497.6   ub= 51506.0  
-----------------------------------------------------------------------------------------
elapsed time= 93.15 s.
-----------------------------------------------------------------------------------------
-----------------------------------------------------------------------------------------
 ****** Run Arc Elimination ****** 
arc elimination time= 1.97 s.
previous= 70.2501% maximum= 1.18602%
eliminate bucket arcs time= 0.91 s.
obtain jump arcs time= 0.01 s.
-----------------------------------------------------------------------------------------
-----------------------------------------------------------------------------------------
elapsed time= 96.08 s.
-----------------------------------------------------------------------------------------
-----------------------------------------------------------------------------------------
 ****** Try Enumeration ****** 
#labels= 108009 #routes= 251
labeling 1 time= 0.46 s.
concatenate time= 0.17 s.
#routes= 30464
average gap of successful enumeration= 0.000144551
next try value > 51492.9
-----------------------------------------------------------------------------------------
elapsed time= 96.80 s.
-----------------------------------------------------------------------------------------
 ****** Process Enumeration Matrix ****** 
delete non-ele routes lp val= 51498.7
recover rank1c lp val= 51503.6
recover rcc lp val= 51504.6
obtain rcc coefficient time= 0.04 s.
obtain r1c coefficient time= 0.04 s.
obtain matrix from triplets time= 0.04 s.
delete columns by branch time= 0.00 s.
columns pending deletion= 274 remain= 30464 col ratio= 0.991006 row ratio= 1
regenerate enumeration matrix time= 0.00 s.
-----------------------------------------------------------------------------------------
elapsed time= 127.39 s.
-----------------------------------------------------------------------------------------
it= 8   ncol= 5113  ncstr= 1004 mt= 2.3   spt= 0.0   lpval= 51503.0   ub= 51506.0  
-----------------------------------------------------------------------------------------
elapsed time= 129.72 s.
-----------------------------------------------------------------------------------------
delete columns= 28232 remain= 2232
mip: row= 857 col= 4243 density= 5.80724%
mip time= 0.50 s.
mip status= 3
update f from 0 to 3.04987
#########################################################################################
[32m<Instance: X-n359-k29>
<Solution>
<UB= 51506>
<LB= 51506>
<Elapsed Time= 132>
<Nodes Explored= 1>
<Global Gap= 0%>[0m
#########################################################################################
File nodes/X-n359-k29_1_1_0_0_1_0_0_0_G32.node deleted successfully.
