application type: CVRP
X-n359-k29_1_1_0_0_1_0_5_G32.node
Set parameter ServerTimeout to value 600
Set parameter TokenServer to value "grb-ts.ufhpc"
Set parameter Threads to value 1
instance name= X-n359-k29
#########################################################################################
tree size= 0 lb= 0 ub= 51506
#########################################################################################
idx= 11 value= 51476.1 enu= 0
brc= 73-316 : -
brc= 8-153 : +
brc= 111-141 : -
brc= 98-219 : +
brc= 73-303 : +
brc= 0-111 : +
brc= 64-141 : -
brc= 119-149 : +
brc= 160-170 : +
brc= 85-141 : -
brc= 0-158 : -
brc= 74-160 : -
brc= 126-141 : -
brc= 37-166 : -
brc= 254-271 : +
-----------------------------------------------------------------------------------------
 ****** Pricing Level: LIGHT HEUR ****** 
it= 24  ncol= 3225  ncstr= 991  mt= 2.1   spt= 6.5   lpval= 51478.2   ub= 51506.0  
 ****** Pricing Level: HEAVY HEUR ****** 
it= 10  ncol= 3363  ncstr= 991  mt= 0.5   spt= 4.3   lpval= 51478.2   ub= 51506.0  
 ****** Pricing Level: EXACT ****** 
it= 6   ncol= 4359  ncstr= 991  mt= 1.6   spt= 55.5  lpval= 51477.7   ub= 51506.0  
-----------------------------------------------------------------------------------------
elapsed time= 89.80 s.
-----------------------------------------------------------------------------------------
-----------------------------------------------------------------------------------------
 ****** Run Arc Elimination ****** 
arc elimination time= 6.21 s.
-----------------------------------------------------------------------------------------
-----------------------------------------------------------------------------------------
elapsed time= 96.31 s.
-----------------------------------------------------------------------------------------
 ****** Separate RCCs ****** 
 ****** Separate Rank1Cuts ****** 
-----------------------------------------------------------------------------------------
 ****** Pricing Level: LIGHT HEUR ****** 
it= 8   ncol= 4536  ncstr= 1106 mt= 1.5   spt= 1.4   lpval= 51481.6   ub= 51506.0  
 ****** Pricing Level: HEAVY HEUR ****** 
it= 6   ncol= 4606  ncstr= 1106 mt= 0.9   spt= 1.7   lpval= 51481.5   ub= 51506.0  
 ****** Pricing Level: EXACT ****** 
it= 6   ncol= 5568  ncstr= 1106 mt= 4.0   spt= 53.8  lpval= 51480.4   ub= 51506.0  
-----------------------------------------------------------------------------------------
elapsed time= 172.42 s.
-----------------------------------------------------------------------------------------
-----------------------------------------------------------------------------------------
 ****** Run Arc Elimination ****** 
arc elimination time= 24.10 s.
previous= 26.6955% maximum= 2.87229%
eliminate bucket arcs time= 4.05 s.
obtain jump arcs time= 0.01 s.
-----------------------------------------------------------------------------------------
-----------------------------------------------------------------------------------------
elapsed time= 200.64 s.
-----------------------------------------------------------------------------------------
-----------------------------------------------------------------------------------------
 ****** Try Enumeration ****** 
n= 6.17832 stop_b= 10 status= LABEL_FOR_LIMIT
#labels= 50057 #routes= 142
labeling 1 time= 0.36 s.
next try value > 51481.4
-----------------------------------------------------------------------------------------
elapsed time= 201.16 s.
-----------------------------------------------------------------------------------------
[1;36m[REMIND] eps= 65.798883 tail off hard time= 60.000000 in function setIfTailOff at /blue/yu.yang1/you.z/route_opt/packages/application/X-n359-k29/src/main/src/call_cutting.cpp:140[0m
[1;36m[REMIND] opt_k not found for node 11, use m directly in function getOptK at /blue/yu.yang1/you.z/route_opt/packages/branching/bkf/include/bkf_controller.hpp:239[0m
current_r_best= 3.15926
we directly test 100
we directly test 4
pseudo= 50 frac= 50
#candidates in phase1= 100
testing lp time= 148.73 s.
-----------------------------------------------------------------------------------------
 25-275 ,  90.45|   0-178 ,  88.98| 266-332 ,  84.82|  73-175 ,  61.64|  50-106 ,  31.41| 
  7-90  ,  30.81|  87-172 ,  24.04|   8-83  ,  20.20|   0-50  ,  19.96|  37-98  ,  17.55| 
187-225 ,  17.39| 274-294 ,  15.99| 169-282 ,  15.59|  13-72  ,  15.57|  21-52  ,  15.29| 
  0-227 ,  14.97|  85-110 ,  14.81|  52-312 ,  14.78| 106-277 ,  14.76|  21-141 ,  14.36| 
  9-317 ,  13.76|  48-108 ,  13.05| 201-250 ,  12.98|  88-142 ,  12.69|   0-143 ,  12.35| 
  7-34  ,  12.15|  23-148 ,  12.03| 100-278 ,  12.02| 230-289 ,   9.51|  56-337 ,   9.41| 
  0-54  ,   9.38| 201-263 ,   9.10| 334-337 ,   8.98|   1-90  ,   8.90|   0-350 ,   8.75| 
127-328 ,   8.63| 135-271 ,   8.56| 139-248 ,   8.28|   0-204 ,   7.90| 229-251 ,   7.80| 
 69-321 ,   7.29|   0-85  ,   7.26|  26-293 ,   7.26| 122-123 ,   6.86| 171-335 ,   6.80| 
 90-166 ,   6.72| 290-323 ,   6.64|   7-98  ,   6.30|   7-325 ,   6.29|   0-294 ,   6.26| 
 35-308 ,   6.14|   0-63  ,   5.99| 141-293 ,   5.92|  55-76  ,   5.68| 179-198 ,   5.25| 
  0-21  ,   5.09| 110-111 ,   4.99| 110-112 ,   4.93| 181-188 ,   4.90|  90-163 ,   4.89| 
129-297 ,   4.73| 117-307 ,   4.72|  39-90  ,   4.64| 110-141 ,   4.56| 101-221 ,   4.52| 
265-290 ,   4.52|  60-302 ,   4.50|  63-74  ,   4.50| 258-260 ,   4.35|  76-135 ,   4.34| 
190-192 ,   4.25|  30-171 ,   4.06|   0-112 ,   3.87|   0-122 ,   3.48| 134-317 ,   3.02| 
 87-133 ,   2.76| 214-268 ,   2.72|   7-63  ,   2.17|  56-332 ,   2.14|  82-152 ,   2.01| 
224-262 ,   1.82| 295-298 ,   1.75| 147-253 ,   1.75| 189-230 ,   1.65| 206-216 ,   1.59| 
102-270 ,   1.57|   0-181 ,   1.34| 230-235 ,   1.31|  66-270 ,   1.17| 120-239 ,   1.15| 
 36-56  ,   1.05| 142-159 ,   1.01|   0-214 ,   0.90| 224-236 ,   0.88| 262-295 ,   0.39| 
129-182 ,   0.39| 231-260 ,   0.39| 104-331 ,   0.15| 182-216 ,   0.13|  31-186 ,   0.02| 
-----------------------------------------------------------------------------------------
edge= 266 332 lp= 0.922308 pre= 2 lp2= 91.9605 pre2= 2 score= 84.8159
-----------------------------------------------------------------------------------------
edge= 0 178 lp= 23.5678 pre= 2 lp2= 3.7753 pre2= 2 score= 88.9755
-----------------------------------------------------------------------------------------
edge= 73 175 lp= 91.9605 pre= 2 lp2= 0.670256 pre2= 2 score= 61.637
-----------------------------------------------------------------------------------------
edge= 25 275 lp= 0.983577 pre= 2 lp2= 91.9605 pre2= 2 score= 90.4503
-----------------------------------------------------------------------------------------
candidate= 25-275 : -
-----------------------------------------------------------------------------------------
-----------------------------------------------------------------------------------------
 ****** Pricing Level: LIGHT HEUR ****** 
it= 8   ncol= 3891  ncstr= 1014 mt= 1.2   spt= 0.6   lpval= 51481.4   ub= 51506.0  
 ****** Pricing Level: HEAVY HEUR ****** 
it= 3   ncol= 3925  ncstr= 1014 mt= 0.2   spt= 0.3   lpval= 51481.4   ub= 51506.0  
-----------------------------------------------------------------------------------------
elapsed time= 360.72 s.
-----------------------------------------------------------------------------------------
candidate= 25-275 : +
-----------------------------------------------------------------------------------------
-----------------------------------------------------------------------------------------
 ****** Pricing Level: LIGHT HEUR ****** 
it= 20  ncol= 4156  ncstr= 1014 mt= 13.9  spt= 1.4   lpval= 51493.6   ub= 51506.0  
 ****** Pricing Level: HEAVY HEUR ****** 
it= 9   ncol= 4280  ncstr= 1014 mt= 3.7   spt= 1.1   lpval= 51490.9   ub= 51506.0  
-----------------------------------------------------------------------------------------
elapsed time= 385.18 s.
-----------------------------------------------------------------------------------------
candidate= 0-178 : -
-----------------------------------------------------------------------------------------
-----------------------------------------------------------------------------------------
 ****** Pricing Level: LIGHT HEUR ****** 
it= 8   ncol= 3904  ncstr= 1014 mt= 5.1   spt= 0.6   lpval= 51493.0   ub= 51506.0  
 ****** Pricing Level: HEAVY HEUR ****** 
it= 6   ncol= 4006  ncstr= 1014 mt= 1.9   spt= 0.7   lpval= 51490.6   ub= 51506.0  
-----------------------------------------------------------------------------------------
elapsed time= 395.36 s.
-----------------------------------------------------------------------------------------
candidate= 266-332 : -
-----------------------------------------------------------------------------------------
-----------------------------------------------------------------------------------------
 ****** Pricing Level: LIGHT HEUR ****** 
it= 8   ncol= 3912  ncstr= 1014 mt= 1.3   spt= 0.6   lpval= 51481.3   ub= 51506.0  
 ****** Pricing Level: HEAVY HEUR ****** 
it= 3   ncol= 3944  ncstr= 1014 mt= 0.2   spt= 0.4   lpval= 51481.3   ub= 51506.0  
-----------------------------------------------------------------------------------------
elapsed time= 399.21 s.
-----------------------------------------------------------------------------------------
candidate= 266-332 : +
-----------------------------------------------------------------------------------------
-----------------------------------------------------------------------------------------
 ****** Pricing Level: LIGHT HEUR ****** 
it= 10  ncol= 3934  ncstr= 1014 mt= 10.5  spt= 0.8   lpval= 51491.1   ub= 51506.0  
 ****** Pricing Level: HEAVY HEUR ****** 
it= 8   ncol= 4072  ncstr= 1014 mt= 4.6   spt= 1.1   lpval= 51486.4   ub= 51506.0  
-----------------------------------------------------------------------------------------
elapsed time= 419.18 s.
-----------------------------------------------------------------------------------------
candidate= 73-175 : -
-----------------------------------------------------------------------------------------
-----------------------------------------------------------------------------------------
 ****** Pricing Level: LIGHT HEUR ****** 
it= 21  ncol= 4261  ncstr= 1014 mt= 20.0  spt= 1.5   lpval= 51487.8   ub= 51506.0  
 ****** Pricing Level: HEAVY HEUR ****** 
it= 4   ncol= 4297  ncstr= 1014 mt= 0.6   spt= 0.5   lpval= 51487.7   ub= 51506.0  
-----------------------------------------------------------------------------------------
elapsed time= 445.25 s.
-----------------------------------------------------------------------------------------
candidate= 0-178 : +
-----------------------------------------------------------------------------------------
-----------------------------------------------------------------------------------------
 ****** Pricing Level: LIGHT HEUR ****** 
it= 8   ncol= 3883  ncstr= 1014 mt= 3.1   spt= 0.4   lpval= 51482.1   ub= 51506.0  
 ****** Pricing Level: HEAVY HEUR ****** 
it= 3   ncol= 3908  ncstr= 1014 mt= 0.2   spt= 0.3   lpval= 51482.1   ub= 51506.0  
-----------------------------------------------------------------------------------------
elapsed time= 450.43 s.
-----------------------------------------------------------------------------------------
brc= 0-178
t= 0.743667 c= 243.96 n= 0 if_b4= 1
t= 13.3396 c= 271.638 n= 0 if_b4= 1
nodes already exists
memory usage= 12GB.
#########################################################################################
tree size= 0 lb= 51480.4 ub= 51506
#########################################################################################
idx= 2 value= 51480.4 enu= 0
brc= 73-316 : -
brc= 8-153 : +
brc= 111-141 : -
brc= 98-219 : +
brc= 73-303 : +
brc= 0-111 : +
brc= 64-141 : -
brc= 119-149 : +
brc= 160-170 : +
brc= 85-141 : -
brc= 0-158 : -
brc= 74-160 : -
brc= 126-141 : -
brc= 37-166 : -
brc= 254-271 : +
brc= 0-178 : -
-----------------------------------------------------------------------------------------
 ****** Pricing Level: LIGHT HEUR ****** 
it= 10  ncol= 3929  ncstr= 1013 mt= 4.6   spt= 0.5   lpval= 51491.7   ub= 51506.0  
 ****** Pricing Level: HEAVY HEUR ****** 
it= 6   ncol= 4003  ncstr= 1013 mt= 1.2   spt= 0.6   lpval= 51490.4   ub= 51506.0  
 ****** Pricing Level: EXACT ****** 
it= 5   ncol= 5078  ncstr= 1013 mt= 3.5   spt= 30.4  lpval= 51485.9   ub= 51506.0  
-----------------------------------------------------------------------------------------
elapsed time= 494.83 s.
-----------------------------------------------------------------------------------------
-----------------------------------------------------------------------------------------
 ****** Run Arc Elimination ****** 
arc elimination time= 12.27 s.
previous= 79.4835% maximum= 2.283%
eliminate bucket arcs time= 2.12 s.
obtain jump arcs time= 0.01 s.
-----------------------------------------------------------------------------------------
-----------------------------------------------------------------------------------------
elapsed time= 509.29 s.
-----------------------------------------------------------------------------------------
-----------------------------------------------------------------------------------------
 ****** Try Enumeration ****** 
n= 6.25591 stop_b= 10 status= LABEL_FOR_LIMIT
#labels= 50041 #routes= 97
labeling 1 time= 0.21 s.
next try value > 51486.9
-----------------------------------------------------------------------------------------
elapsed time= 509.65 s.
-----------------------------------------------------------------------------------------
 ****** Separate RCCs ****** 
 ****** Separate Rank1Cuts ****** 
-----------------------------------------------------------------------------------------
 ****** Pricing Level: LIGHT HEUR ****** 
it= 2   ncol= 5087  ncstr= 1140 mt= 1.1   spt= 0.1   lpval= 51489.2   ub= 51506.0  
 ****** Pricing Level: HEAVY HEUR ****** 
it= 4   ncol= 5123  ncstr= 1140 mt= 0.5   spt= 0.4   lpval= 51489.2   ub= 51506.0  
 ****** Pricing Level: EXACT ****** 
it= 6   ncol= 5939  ncstr= 1140 mt= 3.0   spt= 34.8  lpval= 51488.5   ub= 51506.0  
-----------------------------------------------------------------------------------------
elapsed time= 559.57 s.
-----------------------------------------------------------------------------------------
-----------------------------------------------------------------------------------------
 ****** Run Arc Elimination ****** 
arc elimination time= 9.10 s.
previous= 90.8401% maximum= 2.07388%
eliminate bucket arcs time= 1.78 s.
obtain jump arcs time= 0.01 s.
-----------------------------------------------------------------------------------------
-----------------------------------------------------------------------------------------
elapsed time= 570.51 s.
-----------------------------------------------------------------------------------------
-----------------------------------------------------------------------------------------
 ****** Try Enumeration ****** 
n= 9.42479 stop_b= 10 status= LABEL_FOR_LIMIT
#labels= 50035 #routes= 84
labeling 1 time= 0.17 s.
next try value > 51490.7
-----------------------------------------------------------------------------------------
elapsed time= 570.78 s.
-----------------------------------------------------------------------------------------
 ****** Separate RCCs ****** 
 ****** Separate Rank1Cuts ****** 
-----------------------------------------------------------------------------------------
 ****** Pricing Level: LIGHT HEUR ****** 
it= 2   ncol= 5940  ncstr= 1173 mt= 1.3   spt= 0.1   lpval= 51490.5   ub= 51506.0  
 ****** Pricing Level: HEAVY HEUR ****** 
it= 3   ncol= 5951  ncstr= 1173 mt= 0.5   spt= 0.3   lpval= 51490.5   ub= 51506.0  
 ****** Pricing Level: EXACT ****** 
it= 8   ncol= 6598  ncstr= 1173 mt= 2.7   spt= 57.3  lpval= 51490.2   ub= 51506.0  
-----------------------------------------------------------------------------------------
elapsed time= 654.39 s.
-----------------------------------------------------------------------------------------
-----------------------------------------------------------------------------------------
 ****** Run Arc Elimination ****** 
arc elimination time= 8.96 s.
previous= 92.125% maximum= 1.91056%
eliminate bucket arcs time= 1.99 s.
obtain jump arcs time= 0.01 s.
-----------------------------------------------------------------------------------------
-----------------------------------------------------------------------------------------
elapsed time= 665.41 s.
-----------------------------------------------------------------------------------------
-----------------------------------------------------------------------------------------
 ****** Try Enumeration ****** 
n= 9.46092 stop_b= 10 status= LABEL_FOR_LIMIT
#labels= 50075 #routes= 94
labeling 1 time= 0.29 s.
next try value > 51493.8
-----------------------------------------------------------------------------------------
elapsed time= 665.83 s.
-----------------------------------------------------------------------------------------
[1;36m[REMIND] eps= 64.100627 tail off hard time= 60.000000 in function setIfTailOff at /blue/yu.yang1/you.z/route_opt/packages/application/X-n359-k29/src/main/src/call_cutting.cpp:140[0m
current_r_best= 7.0909
alpha= 0.37 beta= 2.22468 omega= 328.05 k1= 13
lb_k= 1 ub_k= 37
revise: lb_k= 11 ub_k= 16
opt_k= 14
alpha= 0.75 beta= 2.22468 omega= 20.3632 k1= 3
lb_k= 1 ub_k= 3
revise: lb_k= 2 ub_k= 3
opt_k= 3
pseudo= 50 frac= 50
#candidates in phase1= 14
testing lp time= 20.77 s.
-----------------------------------------------------------------------------------------
178-316 ,  24.13| 282-352 ,  14.79| 334-337 ,  10.92| 135-271 ,   8.37| 122-123 ,   7.92| 
171-335 ,   5.48|  55-76  ,   4.06|  47-178 ,   3.74|  60-183 ,   3.39| 112-141 ,   3.39| 
100-278 ,   2.81|  27-30  ,   2.55| 130-190 ,   2.34|   0-48  ,   0.47| 
-----------------------------------------------------------------------------------------
edge= 334 337 lp= 0.52376 pre= 2 lp2= 20.8435 pre2= 2 score= 10.917
-----------------------------------------------------------------------------------------
edge= 282 352 lp= 29.0261 pre= 2 lp2= 0.509403 pre2= 2 score= 14.786
-----------------------------------------------------------------------------------------
edge= 178 316 lp= 2.00478 pre= 2 lp2= 12.0343 pre2= 2 score= 24.1261
-----------------------------------------------------------------------------------------
candidate= 178-316 : -
-----------------------------------------------------------------------------------------
-----------------------------------------------------------------------------------------
 ****** Pricing Level: LIGHT HEUR ****** 
it= 5   ncol= 4500  ncstr= 1059 mt= 1.4   spt= 0.2   lpval= 51492.2   ub= 51506.0  
 ****** Pricing Level: HEAVY HEUR ****** 
it= 3   ncol= 4534  ncstr= 1059 mt= 0.3   spt= 0.3   lpval= 51492.2   ub= 51506.0  
-----------------------------------------------------------------------------------------
elapsed time= 701.94 s.
-----------------------------------------------------------------------------------------
candidate= 178-316 : +
-----------------------------------------------------------------------------------------
-----------------------------------------------------------------------------------------
 ****** Pricing Level: LIGHT HEUR ****** 
it= 10  ncol= 4606  ncstr= 1059 mt= 7.3   spt= 0.4   lpval= 51496.1   ub= 51506.0  
 ****** Pricing Level: HEAVY HEUR ****** 
it= 5   ncol= 4664  ncstr= 1059 mt= 0.7   spt= 0.4   lpval= 51496.1   ub= 51506.0  
-----------------------------------------------------------------------------------------
elapsed time= 712.92 s.
-----------------------------------------------------------------------------------------
candidate= 282-352 : -
-----------------------------------------------------------------------------------------
-----------------------------------------------------------------------------------------
 ****** Pricing Level: LIGHT HEUR ****** 
it= 5   ncol= 4473  ncstr= 1059 mt= 2.3   spt= 0.2   lpval= 51515.4   ub= 51506.0  
 ****** Pricing Level: HEAVY HEUR ****** 
it= 7   ncol= 4572  ncstr= 1059 mt= 2.5   spt= 0.6   lpval= 51512.6   ub= 51506.0  
-----------------------------------------------------------------------------------------
elapsed time= 720.28 s.
-----------------------------------------------------------------------------------------
brc= 178-316
t= 0.742771 c= 240.734 n= 1 if_b4= 1
t= 10.257 c= 254.386 n= 1 if_b4= 1
nodes already exists
memory usage= 12GB.
#########################################################################################
tree size= 0 lb= 51490.2 ub= 51506
#########################################################################################
idx= 4 value= 51490.2 enu= 0
brc= 73-316 : -
brc= 8-153 : +
brc= 111-141 : -
brc= 98-219 : +
brc= 73-303 : +
brc= 0-111 : +
brc= 64-141 : -
brc= 119-149 : +
brc= 160-170 : +
brc= 85-141 : -
brc= 0-158 : -
brc= 74-160 : -
brc= 126-141 : -
brc= 37-166 : -
brc= 254-271 : +
brc= 0-178 : -
brc= 178-316 : -
-----------------------------------------------------------------------------------------
 ****** Pricing Level: LIGHT HEUR ****** 
it= 4   ncol= 4491  ncstr= 1058 mt= 1.3   spt= 0.2   lpval= 51492.2   ub= 51506.0  
 ****** Pricing Level: HEAVY HEUR ****** 
it= 4   ncol= 4527  ncstr= 1058 mt= 0.3   spt= 0.4   lpval= 51492.2   ub= 51506.0  
 ****** Pricing Level: EXACT ****** 
it= 5   ncol= 4739  ncstr= 1058 mt= 1.6   spt= 30.0  lpval= 51492.0   ub= 51506.0  
-----------------------------------------------------------------------------------------
elapsed time= 756.65 s.
-----------------------------------------------------------------------------------------
-----------------------------------------------------------------------------------------
 ****** Run Arc Elimination ****** 
arc elimination time= 5.69 s.
previous= 89.6235% maximum= 1.71212%
eliminate bucket arcs time= 1.55 s.
obtain jump arcs time= 0.01 s.
-----------------------------------------------------------------------------------------
-----------------------------------------------------------------------------------------
elapsed time= 763.96 s.
-----------------------------------------------------------------------------------------
 ****** Separate Rank1Cuts ****** 
-----------------------------------------------------------------------------------------
 ****** Pricing Level: LIGHT HEUR ****** 
it= 3   ncol= 4764  ncstr= 1138 mt= 1.2   spt= 0.2   lpval= 51494.5   ub= 51506.0  
 ****** Pricing Level: HEAVY HEUR ****** 
it= 2   ncol= 4769  ncstr= 1138 mt= 0.2   spt= 0.2   lpval= 51494.5   ub= 51506.0  
 ****** Pricing Level: EXACT ****** 
it= 4   ncol= 4997  ncstr= 1138 mt= 1.9   spt= 22.7  lpval= 51494.2   ub= 51506.0  
-----------------------------------------------------------------------------------------
elapsed time= 799.37 s.
-----------------------------------------------------------------------------------------
-----------------------------------------------------------------------------------------
 ****** Run Arc Elimination ****** 
arc elimination time= 4.14 s.
previous= 89.4135% maximum= 1.53087%
eliminate bucket arcs time= 1.45 s.
obtain jump arcs time= 0.01 s.
-----------------------------------------------------------------------------------------
-----------------------------------------------------------------------------------------
elapsed time= 805.03 s.
-----------------------------------------------------------------------------------------
-----------------------------------------------------------------------------------------
 ****** Try Enumeration ****** 
#labels= 245542 #routes= 502
labeling 1 time= 1.50 s.
concatenate time= 0.93 s.
#routes= 131957
average gap of successful enumeration= 0.000210193
next try value > 51491.3
-----------------------------------------------------------------------------------------
elapsed time= 807.64 s.
-----------------------------------------------------------------------------------------
 ****** Process Enumeration Matrix ****** 
delete non-ele routes lp val= 51494.6
recover rank1c lp val= 51496.8
recover rcc lp val= 51499
obtain rcc coefficient time= 0.18 s.
obtain r1c coefficient time= 0.21 s.
obtain matrix from triplets time= 0.45 s.
delete columns by branch time= 0.00 s.
columns pending deletion= 878 remain= 131957 col ratio= 0.993346 row ratio= 1
regenerate enumeration matrix time= 0.00 s.
-----------------------------------------------------------------------------------------
elapsed time= 838.12 s.
-----------------------------------------------------------------------------------------
it= 10  ncol= 4180  ncstr= 1052 mt= 3.0   spt= 0.2   lpval= 51497.0   ub= 51506.0  
-----------------------------------------------------------------------------------------
elapsed time= 841.43 s.
-----------------------------------------------------------------------------------------
delete columns= 98390 remain= 33567
 ****** Separate RCCs ****** 
 ****** Separate Rank1Cuts ****** 
it= 5   ncol= 3574  ncstr= 1066 mt= 1.3   spt= 0.0   lpval= 51499.0   ub= 51506.0  
-----------------------------------------------------------------------------------------
elapsed time= 851.51 s.
-----------------------------------------------------------------------------------------
delete columns= 17306 remain= 16261
mip: row= 950 col= 19526 density= 6.03359%
mip time= 40.64 s.
mip status= 6
update f from 0 to 6.98371
#########################################################################################
[32m<Instance: X-n359-k29>
<Solution>
<UB= 51506>
<LB= 51506>
<Elapsed Time= 896.2>
<Nodes Explored= 3>
<Global Gap= 0%>[0m
#########################################################################################
File nodes/X-n359-k29_1_1_0_0_1_0_5_G32.node deleted successfully.
