application type: CVRP
X-n359-k29_1_0_1_1_1_0_0_4_G32.node
Set parameter ServerTimeout to value 600
Set parameter TokenServer to value "grb-ts.ufhpc"
Set parameter Threads to value 1
instance name= X-n359-k29
#########################################################################################
tree size= 0 lb= 0 ub= 51506
#########################################################################################
idx= 9 value= 51476 enu= 0
brc= 73-316 : -
brc= 8-153 : +
brc= 111-141 : +
brc= 73-303 : -
brc= 179-198 : +
brc= 205-304 : -
brc= 48-302 : +
brc= 205-303 : -
brc= 162-174 : +
brc= 73-149 : +
brc= 172-205 : +
brc= 21-52 : -
brc= 9-317 : -
brc= 219-254 : -
brc= 7-90 : -
brc= 160-170 : +
-----------------------------------------------------------------------------------------
 ****** Pricing Level: LIGHT HEUR ****** 
it= 12  ncol= 3987  ncstr= 992  mt= 0.4   spt= 1.6   lpval= 51476.6   ub= 51506.0  
 ****** Pricing Level: HEAVY HEUR ****** 
it= 3   ncol= 4028  ncstr= 992  mt= 0.1   spt= 0.8   lpval= 51476.6   ub= 51506.0  
 ****** Pricing Level: EXACT ****** 
it= 4   ncol= 4641  ncstr= 992  mt= 0.5   spt= 30.6  lpval= 51476.6   ub= 51506.0  
-----------------------------------------------------------------------------------------
elapsed time= 45.74 s.
-----------------------------------------------------------------------------------------
-----------------------------------------------------------------------------------------
 ****** Run Arc Elimination ****** 
arc elimination time= 5.18 s.
-----------------------------------------------------------------------------------------
-----------------------------------------------------------------------------------------
elapsed time= 51.18 s.
-----------------------------------------------------------------------------------------
 ****** Separate RCCs ****** 
 ****** Separate Rank1Cuts ****** 
-----------------------------------------------------------------------------------------
 ****** Pricing Level: LIGHT HEUR ****** 
it= 12  ncol= 4896  ncstr= 1133 mt= 1.4   spt= 1.8   lpval= 51479.2   ub= 51506.0  
 ****** Pricing Level: HEAVY HEUR ****** 
it= 6   ncol= 4979  ncstr= 1133 mt= 0.8   spt= 1.4   lpval= 51479.1   ub= 51506.0  
 ****** Pricing Level: EXACT ****** 
it= 6   ncol= 5894  ncstr= 1133 mt= 2.1   spt= 49.4  lpval= 51478.6   ub= 51506.0  
-----------------------------------------------------------------------------------------
elapsed time= 118.51 s.
-----------------------------------------------------------------------------------------
 ****** Separate RCCs ****** 
 ****** Separate Rank1Cuts ****** 
-----------------------------------------------------------------------------------------
 ****** Pricing Level: LIGHT HEUR ****** 
it= 3   ncol= 5926  ncstr= 1149 mt= 1.3   spt= 0.4   lpval= 51480.5   ub= 51506.0  
 ****** Pricing Level: HEAVY HEUR ****** 
it= 2   ncol= 5936  ncstr= 1149 mt= 0.2   spt= 0.5   lpval= 51480.5   ub= 51506.0  
 ****** Pricing Level: EXACT ****** 
it= 7   ncol= 6339  ncstr= 1149 mt= 2.2   spt= 60.1  lpval= 51480.2   ub= 51506.0  
-----------------------------------------------------------------------------------------
elapsed time= 200.68 s.
-----------------------------------------------------------------------------------------
-----------------------------------------------------------------------------------------
 ****** Run Arc Elimination ****** 
arc elimination time= 5.29 s.
-----------------------------------------------------------------------------------------
-----------------------------------------------------------------------------------------
elapsed time= 206.03 s.
-----------------------------------------------------------------------------------------
[1;36m[REMIND] eps= 65.864147 tail off hard time= 60.000000 in function setIfTailOff at /blue/yu.yang1/you.z/route_opt/packages/application/X-n359-k29/src/main/src/call_cutting.cpp:140[0m
[1;36m[REMIND] opt_k not found for node 9, use m directly in function getOptK at /blue/yu.yang1/you.z/route_opt/packages/branching/bkf/include/bkf_controller.hpp:239[0m
current_r_best= 3.05463
we directly test 100
we directly test 4
pseudo= 50 frac= 50
#candidates in phase1= 100
testing lp time= 143.55 s.
-----------------------------------------------------------------------------------------
 54-210 ,  25.42| 181-188 ,  16.25|  93-109 ,  16.22|  98-219 ,  13.10|  54-196 ,  12.63| 
 64-111 ,   9.86|  85-110 ,   9.32|  74-160 ,   9.07|   0-111 ,   8.57|  84-131 ,   8.55| 
106-277 ,   8.34| 110-141 ,   8.26|   0-85  ,   8.00|  63-325 ,   7.97| 175-353 ,   7.92| 
 46-64  ,   7.91| 173-214 ,   7.77|  18-93  ,   7.70| 122-123 ,   7.35|   0-82  ,   7.24| 
 26-34  ,   7.20| 224-236 ,   7.09|  35-339 ,   6.97|   1-74  ,   6.79| 171-335 ,   6.59| 
  0-21  ,   6.54|  26-126 ,   6.39| 235-246 ,   5.92| 259-353 ,   5.88|  27-307 ,   5.71| 
  1-90  ,   5.66|  35-308 ,   5.65| 149-277 ,   5.64| 110-112 ,   5.57| 254-271 ,   5.53| 
  0-86  ,   5.49| 266-332 ,   5.35|  30-118 ,   5.32| 229-251 ,   5.25|  90-166 ,   5.08| 
  1-166 ,   5.06| 230-275 ,   4.93|  21-312 ,   4.93|  10-42  ,   4.89|  25-275 ,   4.82| 
 33-334 ,   4.70|  99-199 ,   4.69| 174-286 ,   4.39|  42-93  ,   4.28|  37-166 ,   4.17| 
 52-159 ,   4.16|  39-90  ,   4.09| 105-338 ,   4.09|   7-325 ,   4.05|   0-158 ,   3.98| 
 76-284 ,   3.95| 143-215 ,   3.94| 117-152 ,   3.43| 201-250 ,   3.35|  21-141 ,   3.03| 
 55-76  ,   2.95|   0-54  ,   2.91|   0-17  ,   2.91|  74-325 ,   2.88|  38-80  ,   2.73| 
  5-108 ,   2.61|  41-214 ,   2.58| 230-235 ,   2.58| 290-323 ,   2.55|  69-321 ,   2.49| 
 55-80  ,   2.47|   0-193 ,   2.46| 142-159 ,   2.25| 315-343 ,   2.16| 143-326 ,   2.03| 
  0-105 ,   1.98| 236-353 ,   1.96|   0-159 ,   1.76|   0-30  ,   1.76| 265-290 ,   1.63| 
  0-295 ,   1.63| 188-308 ,   1.61|  60-183 ,   1.45| 244-323 ,   1.29|   0-143 ,   1.27| 
104-129 ,   1.25|  56-337 ,   1.16| 199-204 ,   1.07| 202-356 ,   1.05| 275-289 ,   1.03| 
182-298 ,   0.94|   2-91  ,   0.69|   0-195 ,   0.67| 195-247 ,   0.67|  57-92  ,   0.47| 
231-260 ,   0.26|  36-56  ,   0.26|  69-241 ,   0.21|  36-348 ,   0.17|  13-276 ,   0.11| 
-----------------------------------------------------------------------------------------
edge= 93 109 lp= 10.7632 pre= 1 lp2= 1.50656 pre2= 0 score= 16.2154
-----------------------------------------------------------------------------------------
edge= 98 219 lp= 30.1345 pre= 2 lp2= 0.43484 pre2= 2 score= 13.1037
-----------------------------------------------------------------------------------------
edge= 181 188 lp= 0.546987 pre= 2 lp2= 29.7081 pre2= 2 score= 16.2499
-----------------------------------------------------------------------------------------
edge= 54 210 lp= 15.8841 pre= 2 lp2= 1.60014 pre2= 2 score= 25.4168
-----------------------------------------------------------------------------------------
candidate= 54-210 : -
-----------------------------------------------------------------------------------------
-----------------------------------------------------------------------------------------
 ****** Pricing Level: LIGHT HEUR ****** 
it= 18  ncol= 4669  ncstr= 1048 mt= 4.4   spt= 2.2   lpval= 51490.4   ub= 51506.0  
 ****** Pricing Level: HEAVY HEUR ****** 
it= 9   ncol= 4842  ncstr= 1048 mt= 3.0   spt= 2.1   lpval= 51487.3   ub= 51506.0  
-----------------------------------------------------------------------------------------
elapsed time= 372.35 s.
-----------------------------------------------------------------------------------------
candidate= 181-188 : -
-----------------------------------------------------------------------------------------
-----------------------------------------------------------------------------------------
 ****** Pricing Level: LIGHT HEUR ****** 
it= 9   ncol= 4462  ncstr= 1048 mt= 1.2   spt= 1.2   lpval= 51480.7   ub= 51506.0  
 ****** Pricing Level: HEAVY HEUR ****** 
it= 4   ncol= 4519  ncstr= 1048 mt= 0.1   spt= 1.0   lpval= 51480.7   ub= 51506.0  
-----------------------------------------------------------------------------------------
elapsed time= 377.01 s.
-----------------------------------------------------------------------------------------
candidate= 181-188 : +
-----------------------------------------------------------------------------------------
-----------------------------------------------------------------------------------------
 ****** Pricing Level: LIGHT HEUR ****** 
it= 20  ncol= 4672  ncstr= 1048 mt= 7.5   spt= 2.5   lpval= 51487.5   ub= 51506.0  
 ****** Pricing Level: HEAVY HEUR ****** 
it= 12  ncol= 4825  ncstr= 1048 mt= 2.8   spt= 2.8   lpval= 51485.7   ub= 51506.0  
-----------------------------------------------------------------------------------------
elapsed time= 395.77 s.
-----------------------------------------------------------------------------------------
brc= 93-109
t= 0.717776 c= 223.492 n= 0 if_b4= 1
t= 12.594 c= 276.379 n= 0 if_b4= 1
nodes already exists
memory usage= 8GB.
#########################################################################################
tree size= 0 lb= 51480.2 ub= 51506
#########################################################################################
idx= 2 value= 51480.2 enu= 0
brc= 73-316 : -
brc= 8-153 : +
brc= 111-141 : +
brc= 73-303 : -
brc= 179-198 : +
brc= 205-304 : -
brc= 48-302 : +
brc= 205-303 : -
brc= 162-174 : +
brc= 73-149 : +
brc= 172-205 : +
brc= 21-52 : -
brc= 9-317 : -
brc= 219-254 : -
brc= 7-90 : -
brc= 160-170 : +
brc= 93-109 : -
-----------------------------------------------------------------------------------------
 ****** Pricing Level: LIGHT HEUR ****** 
it= 12  ncol= 4531  ncstr= 1047 mt= 1.2   spt= 1.5   lpval= 51490.9   ub= 51506.0  
 ****** Pricing Level: HEAVY HEUR ****** 
it= 4   ncol= 4583  ncstr= 1047 mt= 0.2   spt= 1.0   lpval= 51490.9   ub= 51506.0  
 ****** Pricing Level: EXACT ****** 
it= 5   ncol= 5409  ncstr= 1047 mt= 3.1   spt= 33.5  lpval= 51485.3   ub= 51506.0  
-----------------------------------------------------------------------------------------
elapsed time= 439.54 s.
-----------------------------------------------------------------------------------------
-----------------------------------------------------------------------------------------
 ****** Run Arc Elimination ****** 
arc elimination time= 11.24 s.
previous= 21.094% maximum= 2.26909%
eliminate bucket arcs time= 3.05 s.
obtain jump arcs time= 0.01 s.
-----------------------------------------------------------------------------------------
-----------------------------------------------------------------------------------------
elapsed time= 453.87 s.
-----------------------------------------------------------------------------------------
-----------------------------------------------------------------------------------------
 ****** Try Enumeration ****** 
n= 6.21518 stop_b= 10 status= LABEL_FOR_LIMIT
#labels= 50117 #routes= 10
labeling 1 time= 0.25 s.
next try value > 51486.3
-----------------------------------------------------------------------------------------
elapsed time= 454.21 s.
-----------------------------------------------------------------------------------------
 ****** Separate RCCs ****** 
 ****** Separate Rank1Cuts ****** 
-----------------------------------------------------------------------------------------
 ****** Pricing Level: LIGHT HEUR ****** 
it= 4   ncol= 5459  ncstr= 1166 mt= 1.0   spt= 0.1   lpval= 51487.9   ub= 51506.0  
 ****** Pricing Level: HEAVY HEUR ****** 
it= 3   ncol= 5490  ncstr= 1166 mt= 0.3   spt= 0.2   lpval= 51487.9   ub= 51506.0  
 ****** Pricing Level: EXACT ****** 
it= 6   ncol= 6082  ncstr= 1166 mt= 1.5   spt= 28.1  lpval= 51487.4   ub= 51506.0  
-----------------------------------------------------------------------------------------
elapsed time= 499.91 s.
-----------------------------------------------------------------------------------------
-----------------------------------------------------------------------------------------
 ****** Run Arc Elimination ****** 
arc elimination time= 7.90 s.
previous= 91.4537% maximum= 2.07517%
eliminate bucket arcs time= 1.36 s.
obtain jump arcs time= 0.01 s.
-----------------------------------------------------------------------------------------
-----------------------------------------------------------------------------------------
elapsed time= 509.23 s.
-----------------------------------------------------------------------------------------
-----------------------------------------------------------------------------------------
 ****** Try Enumeration ****** 
n= 6.23035 stop_b= 10 status= LABEL_FOR_LIMIT
#labels= 50045 #routes= 5
labeling 1 time= 0.15 s.
next try value > 51490.2
-----------------------------------------------------------------------------------------
elapsed time= 509.45 s.
-----------------------------------------------------------------------------------------
 ****** Separate Rank1Cuts ****** 
-----------------------------------------------------------------------------------------
 ****** Pricing Level: LIGHT HEUR ****** 
it= 4   ncol= 6122  ncstr= 1153 mt= 1.1   spt= 0.2   lpval= 51488.8   ub= 51506.0  
 ****** Pricing Level: HEAVY HEUR ****** 
it= 3   ncol= 6153  ncstr= 1153 mt= 0.1   spt= 0.2   lpval= 51488.8   ub= 51506.0  
 ****** Pricing Level: EXACT ****** 
it= 4   ncol= 6429  ncstr= 1153 mt= 1.2   spt= 19.8  lpval= 51488.6   ub= 51506.0  
-----------------------------------------------------------------------------------------
elapsed time= 546.48 s.
-----------------------------------------------------------------------------------------
 ****** Separate RCCs ****** 
 ****** Separate Rank1Cuts ****** 
-----------------------------------------------------------------------------------------
 ****** Pricing Level: LIGHT HEUR ****** 
it= 1   ncol= 6429  ncstr= 1180 mt= 1.0   spt= 0.1   lpval= 51489.7   ub= 51506.0  
 ****** Pricing Level: HEAVY HEUR ****** 
it= 2   ncol= 6433  ncstr= 1180 mt= 0.1   spt= 0.1   lpval= 51489.7   ub= 51506.0  
 ****** Pricing Level: EXACT ****** 
it= 3   ncol= 6533  ncstr= 1180 mt= 0.9   spt= 14.3  lpval= 51489.6   ub= 51506.0  
-----------------------------------------------------------------------------------------
elapsed time= 577.61 s.
-----------------------------------------------------------------------------------------
-----------------------------------------------------------------------------------------
 ****** Run Arc Elimination ****** 
arc elimination time= 7.00 s.
previous= 91.0074% maximum= 1.88856%
eliminate bucket arcs time= 1.30 s.
obtain jump arcs time= 0.01 s.
-----------------------------------------------------------------------------------------
-----------------------------------------------------------------------------------------
elapsed time= 585.96 s.
-----------------------------------------------------------------------------------------
-----------------------------------------------------------------------------------------
 ****** Try Enumeration ****** 
n= 9.38449 stop_b= 10 status= LABEL_FOR_LIMIT
#labels= 50001 #routes= 5
labeling 1 time= 0.16 s.
next try value > 51493.4
-----------------------------------------------------------------------------------------
elapsed time= 586.20 s.
-----------------------------------------------------------------------------------------
 ****** Separate RCCs ****** 
 ****** Separate Rank1Cuts ****** 
-----------------------------------------------------------------------------------------
 ****** Pricing Level: LIGHT HEUR ****** 
it= 2   ncol= 6534  ncstr= 1184 mt= 1.0   spt= 0.1   lpval= 51490.5   ub= 51506.0  
 ****** Pricing Level: HEAVY HEUR ****** 
it= 1   ncol= 6534  ncstr= 1184 mt= 0.0   spt= 0.1   lpval= 51490.5   ub= 51506.0  
 ****** Pricing Level: EXACT ****** 
it= 4   ncol= 6680  ncstr= 1184 mt= 1.2   spt= 19.2  lpval= 51490.4   ub= 51506.0  
-----------------------------------------------------------------------------------------
elapsed time= 623.44 s.
-----------------------------------------------------------------------------------------
 ****** Separate Rank1Cuts ****** 
-----------------------------------------------------------------------------------------
 ****** Pricing Level: LIGHT HEUR ****** 
it= 1   ncol= 6680  ncstr= 1221 mt= 1.0   spt= 0.1   lpval= 51491.1   ub= 51506.0  
 ****** Pricing Level: HEAVY HEUR ****** 
it= 2   ncol= 6682  ncstr= 1221 mt= 0.2   spt= 0.1   lpval= 51491.1   ub= 51506.0  
 ****** Pricing Level: EXACT ****** 
it= 3   ncol= 6819  ncstr= 1221 mt= 1.3   spt= 14.4  lpval= 51491.0   ub= 51506.0  
-----------------------------------------------------------------------------------------
elapsed time= 656.19 s.
-----------------------------------------------------------------------------------------
-----------------------------------------------------------------------------------------
 ****** Run Arc Elimination ****** 
arc elimination time= 6.18 s.
previous= 94.1966% maximum= 1.77896%
eliminate bucket arcs time= 1.21 s.
obtain jump arcs time= 0.01 s.
-----------------------------------------------------------------------------------------
-----------------------------------------------------------------------------------------
elapsed time= 663.64 s.
-----------------------------------------------------------------------------------------
 ****** Separate RCCs ****** 
 ****** Separate Rank1Cuts ****** 
-----------------------------------------------------------------------------------------
 ****** Pricing Level: LIGHT HEUR ****** 
it= 3   ncol= 6864  ncstr= 1262 mt= 1.2   spt= 0.1   lpval= 51491.9   ub= 51506.0  
 ****** Pricing Level: HEAVY HEUR ****** 
it= 2   ncol= 6873  ncstr= 1262 mt= 0.0   spt= 0.1   lpval= 51491.9   ub= 51506.0  
 ****** Pricing Level: EXACT ****** 
it= 4   ncol= 7575  ncstr= 1262 mt= 1.8   spt= 19.8  lpval= 51491.8   ub= 51506.0  
-----------------------------------------------------------------------------------------
elapsed time= 704.56 s.
-----------------------------------------------------------------------------------------
 ****** Separate RCCs ****** 
 ****** Separate Rank1Cuts ****** 
-----------------------------------------------------------------------------------------
 ****** Pricing Level: LIGHT HEUR ****** 
it= 1   ncol= 7575  ncstr= 1216 mt= 1.2   spt= 0.1   lpval= 51492.3   ub= 51506.0  
 ****** Pricing Level: HEAVY HEUR ****** 
it= 2   ncol= 7576  ncstr= 1216 mt= 0.1   spt= 0.1   lpval= 51492.3   ub= 51506.0  
 ****** Pricing Level: EXACT ****** 
it= 4   ncol= 7688  ncstr= 1216 mt= 0.9   spt= 20.6  lpval= 51492.3   ub= 51506.0  
-----------------------------------------------------------------------------------------
elapsed time= 744.80 s.
-----------------------------------------------------------------------------------------
-----------------------------------------------------------------------------------------
 ****** Run Arc Elimination ****** 
arc elimination time= 5.78 s.
previous= 92.9678% maximum= 1.65386%
eliminate bucket arcs time= 1.26 s.
obtain jump arcs time= 0.01 s.
-----------------------------------------------------------------------------------------
-----------------------------------------------------------------------------------------
elapsed time= 751.90 s.
-----------------------------------------------------------------------------------------
 ****** Separate RCCs ****** 
 ****** Separate Rank1Cuts ****** 
-----------------------------------------------------------------------------------------
 ****** Pricing Level: LIGHT HEUR ****** 
it= 2   ncol= 7692  ncstr= 1267 mt= 1.7   spt= 0.1   lpval= 51493.0   ub= 51506.0  
 ****** Pricing Level: HEAVY HEUR ****** 
it= 2   ncol= 7693  ncstr= 1267 mt= 0.3   spt= 0.1   lpval= 51493.0   ub= 51506.0  
 ****** Pricing Level: EXACT ****** 
it= 4   ncol= 7862  ncstr= 1267 mt= 1.9   spt= 21.2  lpval= 51492.8   ub= 51506.0  
-----------------------------------------------------------------------------------------
elapsed time= 797.36 s.
-----------------------------------------------------------------------------------------
[1;36m[REMIND] 2: gap improved= 0.468636 ratio= 0.035455 threshold= 0.040000 in function increaseCondition2 at /blue/yu.yang1/you.z/route_opt/packages/application/X-n359-k29/src/main/src/call_cutting.cpp:74[0m
 ****** Separate Rank1Cuts ****** 
-----------------------------------------------------------------------------------------
 ****** Pricing Level: LIGHT HEUR ****** 
it= 1   ncol= 7862  ncstr= 1239 mt= 1.3   spt= 0.1   lpval= 51493.3   ub= 51506.0  
 ****** Pricing Level: HEAVY HEUR ****** 
it= 2   ncol= 7865  ncstr= 1239 mt= 0.1   spt= 0.1   lpval= 51493.3   ub= 51506.0  
 ****** Pricing Level: EXACT ****** 
it= 4   ncol= 7996  ncstr= 1239 mt= 1.2   spt= 21.4  lpval= 51493.3   ub= 51506.0  
-----------------------------------------------------------------------------------------
elapsed time= 841.25 s.
-----------------------------------------------------------------------------------------
[1;36m[REMIND] 2: gap improved= 0.483913 ratio= 0.038002 threshold= 0.040000 in function increaseCondition2 at /blue/yu.yang1/you.z/route_opt/packages/application/X-n359-k29/src/main/src/call_cutting.cpp:74[0m
 ****** Separate RCCs ****** 
 ****** Separate Rank1Cuts ****** 
-----------------------------------------------------------------------------------------
 ****** Pricing Level: LIGHT HEUR ****** 
it= 1   ncol= 7996  ncstr= 1236 mt= 1.3   spt= 0.1   lpval= 51493.8   ub= 51506.0  
 ****** Pricing Level: HEAVY HEUR ****** 
it= 1   ncol= 7996  ncstr= 1236 mt= 0.0   spt= 0.1   lpval= 51493.8   ub= 51506.0  
 ****** Pricing Level: EXACT ****** 
it= 4   ncol= 8110  ncstr= 1236 mt= 1.2   spt= 22.7  lpval= 51493.8   ub= 51506.0  
-----------------------------------------------------------------------------------------
elapsed time= 885.08 s.
-----------------------------------------------------------------------------------------
-----------------------------------------------------------------------------------------
 ****** Run Arc Elimination ****** 
arc elimination time= 5.70 s.
previous= 92.6124% maximum= 1.53168%
eliminate bucket arcs time= 1.32 s.
obtain jump arcs time= 0.01 s.
-----------------------------------------------------------------------------------------
-----------------------------------------------------------------------------------------
elapsed time= 892.17 s.
-----------------------------------------------------------------------------------------
-----------------------------------------------------------------------------------------
 ****** Try Enumeration ****** 
n= 9.53501 stop_b= 10 status= LABEL_FOR_LIMIT
#labels= 50196 #routes= 3
labeling 1 time= 0.21 s.
next try value > 51495.9
-----------------------------------------------------------------------------------------
elapsed time= 892.48 s.
-----------------------------------------------------------------------------------------
 ****** Separate Rank1Cuts ****** 
-----------------------------------------------------------------------------------------
 ****** Pricing Level: LIGHT HEUR ****** 
it= 1   ncol= 8110  ncstr= 1268 mt= 1.3   spt= 0.0   lpval= 51494.5   ub= 51506.0  
 ****** Pricing Level: HEAVY HEUR ****** 
it= 3   ncol= 8120  ncstr= 1268 mt= 0.5   spt= 0.2   lpval= 51494.5   ub= 51506.0  
 ****** Pricing Level: EXACT ****** 
it= 5   ncol= 8332  ncstr= 1268 mt= 2.6   spt= 27.1  lpval= 51494.3   ub= 51506.0  
-----------------------------------------------------------------------------------------
elapsed time= 947.59 s.
-----------------------------------------------------------------------------------------
 ****** Separate RCCs ****** 
 ****** Separate Rank1Cuts ****** 
-----------------------------------------------------------------------------------------
 ****** Pricing Level: LIGHT HEUR ****** 
it= 1   ncol= 8332  ncstr= 1269 mt= 1.5   spt= 0.1   lpval= 51494.8   ub= 51506.0  
 ****** Pricing Level: HEAVY HEUR ****** 
it= 2   ncol= 8333  ncstr= 1269 mt= 0.5   spt= 0.2   lpval= 51494.8   ub= 51506.0  
 ****** Pricing Level: EXACT ****** 
it= 4   ncol= 8448  ncstr= 1269 mt= 1.9   spt= 22.3  lpval= 51494.7   ub= 51506.0  
-----------------------------------------------------------------------------------------
elapsed time= 997.70 s.
-----------------------------------------------------------------------------------------
[1;36m[REMIND] 2: gap improved= 0.404287 ratio= 0.035823 threshold= 0.040000 in function increaseCondition2 at /blue/yu.yang1/you.z/route_opt/packages/application/X-n359-k29/src/main/src/call_cutting.cpp:74[0m
[1;36m[REMIND] tail off counter= 3 threshold= 3 in function setIfTailOff at /blue/yu.yang1/you.z/route_opt/packages/application/X-n359-k29/src/main/src/call_cutting.cpp:150[0m
current_r_best= 10.5021
alpha= 0.37 beta= 1.07461 omega= 311.368 k1= 9
lb_k= 1 ub_k= 37
revise: lb_k= 7 ub_k= 10
opt_k= 9
alpha= 0.75 beta= 1.07461 omega= 21.9452 k1= 3
lb_k= 1 ub_k= 3
revise: lb_k= 2 ub_k= 3
opt_k= 3
pseudo= 50 frac= 50
#candidates in phase1= 9
testing lp time= 14.03 s.
-----------------------------------------------------------------------------------------
 18-93  ,  15.36|  79-137 ,   9.74|  35-308 ,   3.70| 259-353 ,   3.53|   9-130 ,   2.89| 
 85-153 ,   2.71|   0-204 ,   2.18| 109-193 ,   1.45| 117-146 ,   0.46| 
-----------------------------------------------------------------------------------------
edge= 35 308 lp= 0.233911 pre= 0 lp2= 15.8059 pre2= 2 score= 3.69717
-----------------------------------------------------------------------------------------
edge= 79 137 lp= 14.6013 pre= 2 lp2= 0.667178 pre2= 0 score= 9.74165
-----------------------------------------------------------------------------------------
edge= 18 93 lp= 13.8414 pre= 2 lp2= 1.10983 pre2= 0 score= 15.3615
-----------------------------------------------------------------------------------------
candidate= 18-93 : -
-----------------------------------------------------------------------------------------
-----------------------------------------------------------------------------------------
 ****** Pricing Level: LIGHT HEUR ****** 
it= 4   ncol= 5724  ncstr= 1199 mt= 1.1   spt= 0.2   lpval= 51508.6   ub= 51506.0  
 ****** Pricing Level: HEAVY HEUR ****** 
it= 6   ncol= 5799  ncstr= 1199 mt= 2.8   spt= 0.4   lpval= 51507.7   ub= 51506.0  
-----------------------------------------------------------------------------------------
elapsed time= 1032.16 s.
-----------------------------------------------------------------------------------------
brc= 18-93
t= 0.748623 c= 420.832 n= 1 if_b4= 1
t= 9.16877 c= 449.347 n= 1 if_b4= 1
nodes already exists
memory usage= 11GB.
#########################################################################################
tree size= 0 lb= 51494.7 ub= 51506
#########################################################################################
idx= 4 value= 51494.7 enu= 0
brc= 73-316 : -
brc= 8-153 : +
brc= 111-141 : +
brc= 73-303 : -
brc= 179-198 : +
brc= 205-304 : -
brc= 48-302 : +
brc= 205-303 : -
brc= 162-174 : +
brc= 73-149 : +
brc= 172-205 : +
brc= 21-52 : -
brc= 9-317 : -
brc= 219-254 : -
brc= 7-90 : -
brc= 160-170 : +
brc= 93-109 : -
brc= 18-93 : -
-----------------------------------------------------------------------------------------
 ****** Pricing Level: LIGHT HEUR ****** 
it= 4   ncol= 5693  ncstr= 1198 mt= 1.2   spt= 0.1   lpval= 51508.6   ub= 51506.0  
 ****** Pricing Level: HEAVY HEUR ****** 
it= 5   ncol= 5755  ncstr= 1198 mt= 2.3   spt= 0.3   lpval= 51507.7   ub= 51506.0  
 ****** Pricing Level: EXACT ****** 
it= 6   ncol= 6792  ncstr= 1198 mt= 5.5   spt= 24.3  lpval= 51505.3   ub= 51506.0  
-----------------------------------------------------------------------------------------
elapsed time= 1068.63 s.
-----------------------------------------------------------------------------------------
#########################################################################################
[32m<Instance: X-n359-k29>
<Solution>
<UB= 51506>
<LB= 51506>
<Elapsed Time= 1068.6>
<Nodes Explored= 3>
<Global Gap= 0%>[0m
#########################################################################################
File nodes/X-n359-k29_1_0_1_1_1_0_0_4_G32.node deleted successfully.
