application type: CVRP
X-n359-k29_2_1_0_0_1_6_7_G32.node
Set parameter ServerTimeout to value 600
Set parameter TokenServer to value "grb-ts.ufhpc"
Set parameter Threads to value 1
instance name= X-n359-k29
#########################################################################################
tree size= 0 lb= 0 ub= 51506
#########################################################################################
idx= 15 value= 51482.4 enu= 0
brc= 73-316 : -
brc= 8-153 : -
brc= 39-90 : +
brc= 0-111 : -
brc= 37-166 : +
brc= 73-149 : +
brc= 21-52 : +
brc= 0-110 : -
brc= 37-151 : +
brc= 13-34 : -
brc= 111-170 : -
brc= 85-111 : -
brc= 88-117 : -
brc= 39-67 : -
brc= 135-271 : -
brc= 85-170 : +
brc= 30-251 : -
brc= 0-42 : -
brc= 34-63 : -
brc= 153-160 : -
brc= 13-26 : -
brc= 75-152 : -
brc= 111-316 : -
brc= 83-84 : +
-----------------------------------------------------------------------------------------
 ****** Pricing Level: LIGHT HEUR ****** 
it= 30  ncol= 3344  ncstr= 884  mt= 12.7  spt= 6.9   lpval= 51532.6   ub= 51505.0  
it= 47  ncol= 3702  ncstr= 884  mt= 4.1   spt= 4.2   lpval= 51521.0   ub= 51505.0  
 ****** Pricing Level: HEAVY HEUR ****** 
it= 27  ncol= 4187  ncstr= 884  mt= 8.9   spt= 11.6  lpval= 51503.7   ub= 51505.0  
 ****** Pricing Level: EXACT ****** 
it= 13  ncol= 8529  ncstr= 884  mt= 9.6   spt= 128.2 lpval= 51495.3   ub= 51505.0  
-----------------------------------------------------------------------------------------
elapsed time= 204.39 s.
-----------------------------------------------------------------------------------------
-----------------------------------------------------------------------------------------
 ****** Run Arc Elimination ****** 
arc elimination time= 4.43 s.
previous= 10.9274% maximum= 1.24383%
eliminate bucket arcs time= 2.83 s.
obtain jump arcs time= 0.01 s.
-----------------------------------------------------------------------------------------
-----------------------------------------------------------------------------------------
elapsed time= 211.97 s.
-----------------------------------------------------------------------------------------
-----------------------------------------------------------------------------------------
 ****** Try Enumeration ****** 
#labels= 122691 #routes= 176
labeling 1 time= 1.15 s.
concatenate time= 0.34 s.
#routes= 47888
average gap of successful enumeration= 0.000169345
next try value > 51470.5
-----------------------------------------------------------------------------------------
elapsed time= 213.63 s.
-----------------------------------------------------------------------------------------
 ****** Process Enumeration Matrix ****** 
delete non-ele routes lp val= 51497.9
recover rank1c lp val= 51503.3
recover rcc lp val= 51504.5
obtain rcc coefficient time= 0.04 s.
obtain r1c coefficient time= 0.05 s.
obtain matrix from triplets time= 0.11 s.
delete columns by branch time= 0.00 s.
columns pending deletion= 216 remain= 47888 col ratio= 0.995489 row ratio= 1
regenerate enumeration matrix time= 0.00 s.
-----------------------------------------------------------------------------------------
elapsed time= 225.82 s.
-----------------------------------------------------------------------------------------
it= 11  ncol= 4208  ncstr= 840  mt= 2.2   spt= 0.1   lpval= 51501.3   ub= 51505.0  
-----------------------------------------------------------------------------------------
elapsed time= 228.14 s.
-----------------------------------------------------------------------------------------
delete columns= 44977 remain= 2911
 ****** Separate RCCs ****** 
 ****** Separate Rank1Cuts ****** 
it= 7   ncol= 2022  ncstr= 1022 mt= 1.2   spt= 0.0   lpval= 51514.6   ub= 51505.0  
-----------------------------------------------------------------------------------------
elapsed time= 234.34 s.
-----------------------------------------------------------------------------------------
#########################################################################################
[32m<Instance: X-n359-k29>
<Solution>
<UB= 51505>
<LB= 51505>
<Elapsed Time= 234.3>
<Nodes Explored= 1>
<Global Gap= 0%>[0m
#########################################################################################
File nodes/X-n359-k29_2_1_0_0_1_6_7_G32.node deleted successfully.
