application type: CVRP
X-n359-k29_2_5_0_2_0_3_1_G16.node
Set parameter ServerTimeout to value 600
Set parameter TokenServer to value "grb-ts.ufhpc"
Set parameter Threads to value 1
instance name= X-n359-k29
#########################################################################################
tree size= 0 lb= 0 ub= 51506
#########################################################################################
idx= 3 value= 51470.6 enu= 0
brc= 73-316 : -
brc= 8-153 : -
brc= 39-90 : +
brc= 0-111 : -
brc= 37-166 : -
brc= 73-149 : -
brc= 88-117 : -
brc= 151-166 : -
brc= 0-153 : +
brc= 73-303 : +
brc= 42-193 : -
brc= 33-334 : -
brc= 266-332 : +
brc= 63-98 : +
brc= 149-178 : -
brc= 0-351 : -
brc= 166-254 : -
brc= 75-125 : +
brc= 98-219 : -
brc= 90-166 : +
-----------------------------------------------------------------------------------------
 ****** Pricing Level: LIGHT HEUR ****** 
it= 30  ncol= 3233  ncstr= 829  mt= 1.3   spt= 3.1   lpval= 51471.9   ub= 51505.0  
it= 31  ncol= 3233  ncstr= 829  mt= 0.0   spt= 0.1   lpval= 51471.9   ub= 51505.0  
 ****** Pricing Level: HEAVY HEUR ****** 
it= 21  ncol= 3676  ncstr= 829  mt= 1.3   spt= 4.1   lpval= 51471.1   ub= 51505.0  
 ****** Pricing Level: EXACT ****** 
it= 7   ncol= 5398  ncstr= 829  mt= 0.7   spt= 49.0  lpval= 51471.0   ub= 51505.0  
-----------------------------------------------------------------------------------------
elapsed time= 70.23 s.
-----------------------------------------------------------------------------------------
-----------------------------------------------------------------------------------------
 ****** Run Arc Elimination ****** 
arc elimination time= 5.79 s.
-----------------------------------------------------------------------------------------
-----------------------------------------------------------------------------------------
elapsed time= 76.28 s.
-----------------------------------------------------------------------------------------
 ****** Separate RCCs ****** 
 ****** Separate Rank1Cuts ****** 
-----------------------------------------------------------------------------------------
 ****** Pricing Level: LIGHT HEUR ****** 
it= 14  ncol= 5651  ncstr= 1019 mt= 1.7   spt= 1.8   lpval= 51480.7   ub= 51505.0  
 ****** Pricing Level: HEAVY HEUR ****** 
it= 11  ncol= 5852  ncstr= 1019 mt= 2.7   spt= 2.4   lpval= 51478.9   ub= 51505.0  
 ****** Pricing Level: EXACT ****** 
it= 6   ncol= 7268  ncstr= 1019 mt= 2.7   spt= 47.9  lpval= 51476.2   ub= 51505.0  
-----------------------------------------------------------------------------------------
elapsed time= 145.08 s.
-----------------------------------------------------------------------------------------
-----------------------------------------------------------------------------------------
 ****** Run Arc Elimination ****** 
arc elimination time= 5.07 s.
-----------------------------------------------------------------------------------------
-----------------------------------------------------------------------------------------
elapsed time= 150.18 s.
-----------------------------------------------------------------------------------------
[1;36m[REMIND] eps= 61.791860 tail off hard time= 60.000000 in function setIfTailOff at /blue/yu.yang1/you.z/route_opt/packages/application/X-n359-k29/src/main/src/call_cutting.cpp:140[0m
[1;36m[REMIND] opt_k not found for node 3, use m directly in function getOptK at /blue/yu.yang1/you.z/route_opt/packages/branching/bkf/include/bkf_controller.hpp:239[0m
current_r_best= 4.07058
we directly test 100
we directly test 4
pseudo= 50 frac= 50
#candidates in phase1= 100
testing lp time= 120.79 s.
-----------------------------------------------------------------------------------------
 44-171 , 138.01|   6-22  ,  48.72|  13-72  ,  36.38|   0-258 ,  34.64| 110-126 ,  33.92| 
 30-251 ,  31.56| 180-215 ,  26.50| 315-343 ,  23.27|  30-232 ,  22.83| 110-111 ,  22.01| 
  9-251 ,  20.59| 118-251 ,  20.48| 110-112 ,  20.35|  52-119 ,  19.75|  64-111 ,  18.35| 
 46-64  ,  15.88|  29-251 ,  15.64|  15-17  ,  15.28| 171-335 ,  15.25|  30-44  ,  15.10| 
 15-50  ,  14.70|   0-85  ,  14.40|  21-52  ,  14.14| 119-277 ,  13.71|  49-199 ,  12.79| 
 76-311 ,  11.91|  73-175 ,  11.78| 200-284 ,  10.99|  33-237 ,  10.43| 256-285 ,  10.09| 
150-340 ,   9.99|  76-326 ,   9.82|  88-142 ,   9.65| 285-326 ,   9.55|  15-340 ,   8.89| 
 25-275 ,   8.24|   0-42  ,   7.88|  54-155 ,   7.80|  25-252 ,   7.52|  65-123 ,   7.33| 
152-159 ,   7.22|  66-243 ,   7.19|   0-277 ,   7.11|   0-294 ,   6.81| 197-349 ,   6.69| 
 24-102 ,   6.42|  80-97  ,   6.30|  38-97  ,   6.30|   0-79  ,   6.06|  79-165 ,   6.06| 
231-279 ,   5.90| 234-270 ,   5.81| 101-221 ,   5.62|  32-277 ,   5.56|   0-150 ,   5.45| 
143-311 ,   5.39| 250-261 ,   5.26| 215-334 ,   5.23| 139-248 ,   5.21| 275-289 ,   5.15| 
 80-311 ,   5.00| 137-187 ,   4.97| 234-276 ,   4.70|  42-95  ,   4.53| 143-326 ,   4.27| 
 15-261 ,   4.26|  31-231 ,   4.23| 279-301 ,   4.20|  72-341 ,   3.94|  17-89  ,   3.66| 
  7-325 ,   3.39| 133-205 ,   3.33|  37-98  ,   3.24|   0-17  ,   3.09|   0-208 ,   2.90| 
  7-98  ,   2.40|  25-108 ,   2.26|  88-229 ,   2.20| 241-244 ,   2.13| 201-263 ,   1.96| 
115-191 ,   1.93|   4-342 ,   1.91| 154-205 ,   1.80| 180-285 ,   1.73|  74-160 ,   1.60| 
 21-141 ,   1.50|   0-66  ,   1.45| 237-294 ,   1.42| 162-286 ,   1.40| 182-236 ,   1.27| 
142-159 ,   1.22|  59-115 ,   1.01| 215-279 ,   0.95| 106-316 ,   0.90|  86-162 ,   0.76| 
295-298 ,   0.76|  42-345 ,   0.70|  35-204 ,   0.65| 180-279 ,   0.19| 186-330 ,   0.18| 
-----------------------------------------------------------------------------------------
edge= 0 258 lp= 0.24957 pre= 2 lp2= 138.815 pre2= 2 score= 34.6441
-----------------------------------------------------------------------------------------
edge= 6 22 lp= 0.351004 pre= 2 lp2= 138.815 pre2= 2 score= 48.7248
-----------------------------------------------------------------------------------------
edge= 13 72 lp= 0.467048 pre= 2 lp2= 77.8946 pre2= 2 score= 36.3805
-----------------------------------------------------------------------------------------
edge= 44 171 lp= 138.815 pre= 2 lp2= 0.99423 pre2= 2 score= 138.015
-----------------------------------------------------------------------------------------
candidate= 44-171 : -
-----------------------------------------------------------------------------------------
-----------------------------------------------------------------------------------------
 ****** Pricing Level: LIGHT HEUR ****** 
it= 22  ncol= 5398  ncstr= 872  mt= 14.1  spt= 2.8   lpval= 51489.0   ub= 51505.0  
 ****** Pricing Level: HEAVY HEUR ****** 
it= 23  ncol= 5803  ncstr= 872  mt= 5.4   spt= 5.1   lpval= 51485.6   ub= 51505.0  
-----------------------------------------------------------------------------------------
elapsed time= 307.64 s.
-----------------------------------------------------------------------------------------
candidate= 6-22 : -
-----------------------------------------------------------------------------------------
-----------------------------------------------------------------------------------------
 ****** Pricing Level: LIGHT HEUR ****** 
it= 5   ncol= 4939  ncstr= 872  mt= 0.9   spt= 0.7   lpval= 51476.6   ub= 51505.0  
 ****** Pricing Level: HEAVY HEUR ****** 
it= 3   ncol= 4975  ncstr= 872  mt= 0.2   spt= 0.7   lpval= 51476.6   ub= 51505.0  
-----------------------------------------------------------------------------------------
elapsed time= 310.55 s.
-----------------------------------------------------------------------------------------
candidate= 6-22 : +
-----------------------------------------------------------------------------------------
-----------------------------------------------------------------------------------------
 ****** Pricing Level: LIGHT HEUR ****** 
it= 20  ncol= 5390  ncstr= 872  mt= 9.0   spt= 2.4   lpval= 51484.6   ub= 51505.0  
 ****** Pricing Level: HEAVY HEUR ****** 
it= 14  ncol= 5592  ncstr= 872  mt= 1.6   spt= 3.1   lpval= 51482.1   ub= 51505.0  
-----------------------------------------------------------------------------------------
elapsed time= 329.42 s.
-----------------------------------------------------------------------------------------
candidate= 13-72 : -
-----------------------------------------------------------------------------------------
-----------------------------------------------------------------------------------------
 ****** Pricing Level: LIGHT HEUR ****** 
it= 5   ncol= 4940  ncstr= 872  mt= 0.8   spt= 0.6   lpval= 51476.7   ub= 51505.0  
 ****** Pricing Level: HEAVY HEUR ****** 
it= 4   ncol= 4975  ncstr= 872  mt= 0.1   spt= 0.9   lpval= 51476.7   ub= 51505.0  
-----------------------------------------------------------------------------------------
elapsed time= 332.62 s.
-----------------------------------------------------------------------------------------
candidate= 13-72 : +
-----------------------------------------------------------------------------------------
-----------------------------------------------------------------------------------------
 ****** Pricing Level: LIGHT HEUR ****** 
it= 10  ncol= 5047  ncstr= 872  mt= 4.4   spt= 1.3   lpval= 51499.4   ub= 51505.0  
 ****** Pricing Level: HEAVY HEUR ****** 
it= 9   ncol= 5222  ncstr= 872  mt= 4.3   spt= 2.0   lpval= 51488.3   ub= 51505.0  
-----------------------------------------------------------------------------------------
elapsed time= 346.08 s.
-----------------------------------------------------------------------------------------
candidate= 0-258 : -
-----------------------------------------------------------------------------------------
-----------------------------------------------------------------------------------------
 ****** Pricing Level: LIGHT HEUR ****** 
it= 5   ncol= 4938  ncstr= 872  mt= 0.9   spt= 0.7   lpval= 51476.5   ub= 51505.0  
 ****** Pricing Level: HEAVY HEUR ****** 
it= 4   ncol= 4971  ncstr= 872  mt= 0.2   spt= 0.9   lpval= 51476.5   ub= 51505.0  
-----------------------------------------------------------------------------------------
elapsed time= 349.36 s.
-----------------------------------------------------------------------------------------
candidate= 0-258 : +
-----------------------------------------------------------------------------------------
-----------------------------------------------------------------------------------------
 ****** Pricing Level: LIGHT HEUR ****** 
it= 11  ncol= 5068  ncstr= 872  mt= 10.2  spt= 1.4   lpval= 51485.9   ub= 51505.0  
 ****** Pricing Level: HEAVY HEUR ****** 
it= 6   ncol= 5138  ncstr= 872  mt= 1.7   spt= 1.3   lpval= 51483.1   ub= 51505.0  
-----------------------------------------------------------------------------------------
elapsed time= 365.35 s.
-----------------------------------------------------------------------------------------
candidate= 44-171 : +
-----------------------------------------------------------------------------------------
-----------------------------------------------------------------------------------------
 ****** Pricing Level: LIGHT HEUR ****** 
it= 4   ncol= 4929  ncstr= 872  mt= 0.8   spt= 0.6   lpval= 51477.2   ub= 51505.0  
 ****** Pricing Level: HEAVY HEUR ****** 
it= 4   ncol= 4966  ncstr= 872  mt= 0.3   spt= 1.0   lpval= 51477.2   ub= 51505.0  
-----------------------------------------------------------------------------------------
elapsed time= 368.57 s.
-----------------------------------------------------------------------------------------
brc= 44-171
t= 0.603966 c= 194.805 n= 0 if_b4= 1
t= 11.4863 c= 209.257 n= 0 if_b4= 1
nodes already exists
memory usage= 7GB.
#########################################################################################
tree size= 0 lb= 51476.2 ub= 51505
#########################################################################################
idx= 2 value= 51476.2 enu= 0
brc= 73-316 : -
brc= 8-153 : -
brc= 39-90 : +
brc= 0-111 : -
brc= 37-166 : -
brc= 73-149 : -
brc= 88-117 : -
brc= 151-166 : -
brc= 0-153 : +
brc= 73-303 : +
brc= 42-193 : -
brc= 33-334 : -
brc= 266-332 : +
brc= 63-98 : +
brc= 149-178 : -
brc= 0-351 : -
brc= 166-254 : -
brc= 75-125 : +
brc= 98-219 : -
brc= 90-166 : +
brc= 44-171 : -
-----------------------------------------------------------------------------------------
 ****** Pricing Level: LIGHT HEUR ****** 
it= 22  ncol= 5212  ncstr= 871  mt= 14.0  spt= 2.8   lpval= 51489.1   ub= 51505.0  
 ****** Pricing Level: HEAVY HEUR ****** 
it= 23  ncol= 5584  ncstr= 871  mt= 4.3   spt= 5.1   lpval= 51485.7   ub= 51505.0  
 ****** Pricing Level: EXACT ****** 
it= 7   ncol= 8010  ncstr= 871  mt= 3.2   spt= 32.4  lpval= 51482.5   ub= 51505.0  
-----------------------------------------------------------------------------------------
elapsed time= 435.97 s.
-----------------------------------------------------------------------------------------
-----------------------------------------------------------------------------------------
 ****** Run Arc Elimination ****** 
arc elimination time= 10.09 s.
previous= 21.0877% maximum= 2.40021%
eliminate bucket arcs time= 2.71 s.
obtain jump arcs time= 0.01 s.
-----------------------------------------------------------------------------------------
-----------------------------------------------------------------------------------------
elapsed time= 448.80 s.
-----------------------------------------------------------------------------------------
-----------------------------------------------------------------------------------------
 ****** Try Enumeration ****** 
n= 6.2429 stop_b= 10 status= LABEL_FOR_LIMIT
#labels= 50434 #routes= 115
labeling 1 time= 0.27 s.
next try value > 51483.5
-----------------------------------------------------------------------------------------
elapsed time= 449.17 s.
-----------------------------------------------------------------------------------------
 ****** Separate RCCs ****** 
 ****** Separate Rank1Cuts ****** 
-----------------------------------------------------------------------------------------
 ****** Pricing Level: LIGHT HEUR ****** 
it= 2   ncol= 8026  ncstr= 981  mt= 1.2   spt= 0.1   lpval= 51489.3   ub= 51505.0  
 ****** Pricing Level: HEAVY HEUR ****** 
it= 4   ncol= 8067  ncstr= 981  mt= 1.3   spt= 0.3   lpval= 51488.9   ub= 51505.0  
 ****** Pricing Level: EXACT ****** 
it= 5   ncol= 8769  ncstr= 981  mt= 2.7   spt= 18.3  lpval= 51487.6   ub= 51505.0  
-----------------------------------------------------------------------------------------
elapsed time= 480.47 s.
-----------------------------------------------------------------------------------------
-----------------------------------------------------------------------------------------
 ****** Run Arc Elimination ****** 
arc elimination time= 4.65 s.
previous= 82.2576% maximum= 1.97436%
eliminate bucket arcs time= 1.23 s.
obtain jump arcs time= 0.01 s.
-----------------------------------------------------------------------------------------
-----------------------------------------------------------------------------------------
elapsed time= 486.40 s.
-----------------------------------------------------------------------------------------
-----------------------------------------------------------------------------------------
 ****** Try Enumeration ****** 
n= 9.50373 stop_b= 10 status= LABEL_FOR_LIMIT
#labels= 50008 #routes= 111
labeling 1 time= 0.14 s.
next try value > 51488.6
-----------------------------------------------------------------------------------------
elapsed time= 486.62 s.
-----------------------------------------------------------------------------------------
 ****** Separate RCCs ****** 
 ****** Separate Rank1Cuts ****** 
-----------------------------------------------------------------------------------------
 ****** Pricing Level: LIGHT HEUR ****** 
it= 2   ncol= 8770  ncstr= 1019 mt= 1.4   spt= 0.1   lpval= 51491.5   ub= 51505.0  
 ****** Pricing Level: HEAVY HEUR ****** 
it= 3   ncol= 8787  ncstr= 1019 mt= 0.5   spt= 0.2   lpval= 51491.4   ub= 51505.0  
 ****** Pricing Level: EXACT ****** 
it= 5   ncol= 9221  ncstr= 1019 mt= 2.5   spt= 17.9  lpval= 51490.4   ub= 51505.0  
-----------------------------------------------------------------------------------------
elapsed time= 522.66 s.
-----------------------------------------------------------------------------------------
-----------------------------------------------------------------------------------------
 ****** Run Arc Elimination ****** 
arc elimination time= 3.46 s.
previous= 86.7819% maximum= 1.71338%
eliminate bucket arcs time= 1.15 s.
obtain jump arcs time= 0.01 s.
-----------------------------------------------------------------------------------------
-----------------------------------------------------------------------------------------
elapsed time= 527.32 s.
-----------------------------------------------------------------------------------------
-----------------------------------------------------------------------------------------
 ****** Try Enumeration ****** 
n= 9.46787 stop_b= 10 status= LABEL_FOR_LIMIT
#labels= 50453 #routes= 95
labeling 1 time= 0.16 s.
next try value > 51491.9
-----------------------------------------------------------------------------------------
elapsed time= 527.55 s.
-----------------------------------------------------------------------------------------
 ****** Separate RCCs ****** 
 ****** Separate Rank1Cuts ****** 
-----------------------------------------------------------------------------------------
 ****** Pricing Level: LIGHT HEUR ****** 
it= 5   ncol= 9286  ncstr= 1058 mt= 2.2   spt= 0.2   lpval= 51493.7   ub= 51505.0  
 ****** Pricing Level: HEAVY HEUR ****** 
it= 5   ncol= 9349  ncstr= 1058 mt= 0.7   spt= 0.3   lpval= 51493.7   ub= 51505.0  
 ****** Pricing Level: EXACT ****** 
it= 5   ncol= 9947  ncstr= 1058 mt= 2.3   spt= 17.5  lpval= 51493.1   ub= 51505.0  
-----------------------------------------------------------------------------------------
elapsed time= 567.84 s.
-----------------------------------------------------------------------------------------
-----------------------------------------------------------------------------------------
 ****** Run Arc Elimination ****** 
arc elimination time= 2.47 s.
previous= 86.0139% maximum= 1.47375%
eliminate bucket arcs time= 0.97 s.
obtain jump arcs time= 0.01 s.
-----------------------------------------------------------------------------------------
-----------------------------------------------------------------------------------------
elapsed time= 571.31 s.
-----------------------------------------------------------------------------------------
-----------------------------------------------------------------------------------------
 ****** Try Enumeration ****** 
#labels= 210209 #routes= 849
labeling 1 time= 0.80 s.
concatenate time= 0.52 s.
#routes= 110636
average gap of successful enumeration= 0.000210903
next try value > 51491.5
-----------------------------------------------------------------------------------------
elapsed time= 572.73 s.
-----------------------------------------------------------------------------------------
 ****** Process Enumeration Matrix ****** 
delete non-ele routes lp val= 51493.7
recover rank1c lp val= 51497
recover rcc lp val= 51499.6
obtain rcc coefficient time= 0.13 s.
obtain r1c coefficient time= 0.14 s.
obtain matrix from triplets time= 0.21 s.
delete columns by branch time= 0.00 s.
columns pending deletion= 6153 remain= 110636 col ratio= 0.944385 row ratio= 1
regenerate enumeration matrix time= 0.00 s.
-----------------------------------------------------------------------------------------
elapsed time= 595.05 s.
-----------------------------------------------------------------------------------------
it= 10  ncol= 6669  ncstr= 970  mt= 3.1   spt= 0.1   lpval= 51497.5   ub= 51505.0  
-----------------------------------------------------------------------------------------
elapsed time= 598.34 s.
-----------------------------------------------------------------------------------------
delete columns= 94987 remain= 15649
mip: row= 808 col= 18769 density= 5.81337%
mip time= 15.15 s.
mip status= 6
update f from 0 to 7.4689
#########################################################################################
[32m<Instance: X-n359-k29>
<Solution>
<UB= 51505>
<LB= 51505>
<Elapsed Time= 615.7>
<Nodes Explored= 2>
<Global Gap= 0%>[0m
#########################################################################################
File nodes/X-n359-k29_2_5_0_2_0_3_1_G16.node deleted successfully.
