application type: CVRP
X-n359-k29_2_0_0_5_2_0_0_G16.node
Set parameter ServerTimeout to value 600
Set parameter TokenServer to value "grb-ts.ufhpc"
Set parameter Threads to value 1
instance name= X-n359-k29
#########################################################################################
tree size= 0 lb= 0 ub= 51506
#########################################################################################
idx= 1 value= 51485.3 enu= 0
brc= 73-316 : -
brc= 8-153 : -
brc= 39-90 : +
brc= 0-111 : +
brc= 73-303 : +
brc= 37-166 : -
brc= 85-110 : -
brc= 83-105 : -
brc= 40-67 : -
brc= 105-338 : -
brc= 105-146 : +
brc= 21-152 : -
brc= 39-67 : -
brc= 112-131 : +
brc= 83-84 : +
brc= 110-152 : +
-----------------------------------------------------------------------------------------
 ****** Pricing Level: LIGHT HEUR ****** 
it= 12  ncol= 6246  ncstr= 1186 mt= 20.7  spt= 0.4   lpval= 51503.3   ub= 51505.0  
 ****** Pricing Level: HEAVY HEUR ****** 
it= 10  ncol= 6376  ncstr= 1186 mt= 7.8   spt= 0.8   lpval= 51500.2   ub= 51505.0  
 ****** Pricing Level: EXACT ****** 
it= 7   ncol= 8687  ncstr= 1186 mt= 9.9   spt= 42.4  lpval= 51495.1   ub= 51505.0  
-----------------------------------------------------------------------------------------
elapsed time= 123.88 s.
-----------------------------------------------------------------------------------------
-----------------------------------------------------------------------------------------
 ****** Run Arc Elimination ****** 
arc elimination time= 4.01 s.
previous= 57.0893% maximum= 1.38341%
eliminate bucket arcs time= 1.52 s.
obtain jump arcs time= 0.01 s.
-----------------------------------------------------------------------------------------
-----------------------------------------------------------------------------------------
elapsed time= 129.67 s.
-----------------------------------------------------------------------------------------
-----------------------------------------------------------------------------------------
 ****** Try Enumeration ****** 
#labels= 164654 #routes= 622
labeling 1 time= 0.95 s.
concatenate time= 0.37 s.
#routes= 78687
average gap of successful enumeration= 0.000173325
next try value > 51482.9
-----------------------------------------------------------------------------------------
elapsed time= 131.07 s.
-----------------------------------------------------------------------------------------
 ****** Process Enumeration Matrix ****** 
delete non-ele routes lp val= 51495.6
recover rank1c lp val= 51501.4
recover rcc lp val= 51502.2
obtain rcc coefficient time= 0.08 s.
obtain r1c coefficient time= 0.13 s.
obtain matrix from triplets time= 0.12 s.
delete columns by branch time= 0.00 s.
columns pending deletion= 229 remain= 78687 col ratio= 0.99709 row ratio= 1
regenerate enumeration matrix time= 0.00 s.
-----------------------------------------------------------------------------------------
elapsed time= 171.96 s.
-----------------------------------------------------------------------------------------
it= 10  ncol= 5896  ncstr= 1123 mt= 3.5   spt= 0.1   lpval= 51500.8   ub= 51505.0  
-----------------------------------------------------------------------------------------
elapsed time= 175.57 s.
-----------------------------------------------------------------------------------------
delete columns= 73786 remain= 4901
 ****** Separate RCCs ****** 
 ****** Separate Rank1Cuts ****** 
it= 6   ncol= 2893  ncstr= 1140 mt= 1.8   spt= 0.0   lpval= 51506.4   ub= 51505.0  
-----------------------------------------------------------------------------------------
elapsed time= 182.60 s.
-----------------------------------------------------------------------------------------
#########################################################################################
[32m<Instance: X-n359-k29>
<Solution>
<UB= 51505>
<LB= 51505>
<Elapsed Time= 182.6>
<Nodes Explored= 1>
<Global Gap= 0%>[0m
#########################################################################################
File nodes/X-n359-k29_2_0_0_5_2_0_0_G16.node deleted successfully.
