application type: CVRP
X-n359-k29_2_1_2_0_0_1_3_0_G16.node
Set parameter ServerTimeout to value 600
Set parameter TokenServer to value "grb-ts.ufhpc"
Set parameter Threads to value 1
instance name= X-n359-k29
#########################################################################################
tree size= 0 lb= 0 ub= 51506
#########################################################################################
idx= 1 value= 51484.4 enu= 0
brc= 73-316 : -
brc= 8-153 : -
brc= 39-90 : +
brc= 0-111 : -
brc= 37-166 : +
brc= 73-149 : -
brc= 266-332 : -
brc= 7-166 : +
brc= 13-34 : +
brc= 64-111 : +
brc= 52-312 : -
brc= 110-112 : +
brc= 0-70 : -
brc= 8-171 : -
brc= 82-88 : -
brc= 30-88 : +
brc= 50-312 : +
-----------------------------------------------------------------------------------------
 ****** Pricing Level: LIGHT HEUR ****** 
it= 6   ncol= 6526  ncstr= 1041 mt= 0.3   spt= 0.3   lpval= 51494.2   ub= 51505.0  
 ****** Pricing Level: HEAVY HEUR ****** 
it= 5   ncol= 6576  ncstr= 1041 mt= 2.0   spt= 0.4   lpval= 51493.9   ub= 51505.0  
 ****** Pricing Level: EXACT ****** 
it= 6   ncol= 7628  ncstr= 1041 mt= 5.1   spt= 37.6  lpval= 51492.1   ub= 51505.0  
-----------------------------------------------------------------------------------------
elapsed time= 67.64 s.
-----------------------------------------------------------------------------------------
-----------------------------------------------------------------------------------------
 ****** Run Arc Elimination ****** 
arc elimination time= 6.01 s.
previous= 65.5444% maximum= 1.5578%
eliminate bucket arcs time= 1.61 s.
obtain jump arcs time= 0.01 s.
-----------------------------------------------------------------------------------------
-----------------------------------------------------------------------------------------
elapsed time= 75.80 s.
-----------------------------------------------------------------------------------------
-----------------------------------------------------------------------------------------
 ****** Try Enumeration ****** 
#labels= 262580 #routes= 688
labeling 1 time= 2.07 s.
concatenate time= 0.97 s.
#routes= 173301
average gap of successful enumeration= 0.000230536
next try value > 51484.8
-----------------------------------------------------------------------------------------
elapsed time= 79.04 s.
-----------------------------------------------------------------------------------------
 ****** Process Enumeration Matrix ****** 
delete non-ele routes lp val= 51493
recover rank1c lp val= 51494.9
recover rcc lp val= 51496.2
obtain rcc coefficient time= 0.34 s.
obtain r1c coefficient time= 0.29 s.
obtain matrix from triplets time= 1.11 s.
delete columns by branch time= 0.00 s.
columns pending deletion= 774 remain= 173301 col ratio= 0.995534 row ratio= 1
regenerate enumeration matrix time= 0.00 s.
-----------------------------------------------------------------------------------------
elapsed time= 117.00 s.
-----------------------------------------------------------------------------------------
it= 10  ncol= 5891  ncstr= 985  mt= 4.0   spt= 0.2   lpval= 51495.5   ub= 51505.0  
-----------------------------------------------------------------------------------------
elapsed time= 121.38 s.
-----------------------------------------------------------------------------------------
delete columns= 136469 remain= 36832
 ****** Separate RCCs ****** 
 ****** Separate Rank1Cuts ****** 
it= 8   ncol= 3924  ncstr= 976  mt= 2.6   spt= 0.0   lpval= 51500.2   ub= 51505.0  
-----------------------------------------------------------------------------------------
elapsed time= 132.40 s.
-----------------------------------------------------------------------------------------
delete columns= 30959 remain= 5873
mip: row= 856 col= 8530 density= 5.66437%
mip time= 5.95 s.
mip status= 6
update f from 0 to 4.8418
#########################################################################################
[32m<Instance: X-n359-k29>
<Solution>
<UB= 51505>
<LB= 51505>
<Elapsed Time= 141.5>
<Nodes Explored= 1>
<Global Gap= 0%>[0m
#########################################################################################
File nodes/X-n359-k29_2_1_2_0_0_1_3_0_G16.node deleted successfully.
