application type: CVRP
X-n359-k29_2_1_0_4_4_2_1_G16.node
Set parameter ServerTimeout to value 600
Set parameter TokenServer to value "grb-ts.ufhpc"
Set parameter Threads to value 1
instance name= X-n359-k29
#########################################################################################
tree size= 0 lb= 0 ub= 51506
#########################################################################################
idx= 3 value= 51484.7 enu= 0
brc= 73-316 : -
brc= 8-153 : -
brc= 39-90 : +
brc= 0-111 : -
brc= 37-166 : +
brc= 73-149 : +
brc= 21-52 : -
brc= 110-112 : -
brc= 266-332 : -
brc= 37-151 : -
brc= 151-166 : +
brc= 85-126 : -
brc= 85-110 : -
brc= 9-229 : -
brc= 88-229 : -
brc= 0-153 : +
brc= 179-198 : -
brc= 37-98 : -
brc= 74-160 : +
brc= 0-85 : -
brc= 21-110 : +
-----------------------------------------------------------------------------------------
 ****** Pricing Level: LIGHT HEUR ****** 
it= 19  ncol= 3288  ncstr= 831  mt= 6.1   spt= 2.2   lpval= 51508.4   ub= 51505.0  
 ****** Pricing Level: HEAVY HEUR ****** 
it= 15  ncol= 3572  ncstr= 831  mt= 3.7   spt= 3.6   lpval= 51499.9   ub= 51505.0  
 ****** Pricing Level: EXACT ****** 
it= 6   ncol= 5304  ncstr= 831  mt= 1.8   spt= 59.2  lpval= 51493.6   ub= 51505.0  
-----------------------------------------------------------------------------------------
elapsed time= 93.57 s.
-----------------------------------------------------------------------------------------
-----------------------------------------------------------------------------------------
 ****** Run Arc Elimination ****** 
arc elimination time= 5.64 s.
previous= 11.8247% maximum= 1.34579%
eliminate bucket arcs time= 3.08 s.
obtain jump arcs time= 0.01 s.
-----------------------------------------------------------------------------------------
-----------------------------------------------------------------------------------------
elapsed time= 102.80 s.
-----------------------------------------------------------------------------------------
-----------------------------------------------------------------------------------------
 ****** Try Enumeration ****** 
#labels= 160397 #routes= 165
labeling 1 time= 1.21 s.
concatenate time= 0.38 s.
#routes= 73423
average gap of successful enumeration= 0.00020167
next try value > 51468.9
-----------------------------------------------------------------------------------------
elapsed time= 104.53 s.
-----------------------------------------------------------------------------------------
 ****** Process Enumeration Matrix ****** 
delete non-ele routes lp val= 51495.2
recover rank1c lp val= 51500.7
recover rcc lp val= 51502.1
obtain rcc coefficient time= 0.10 s.
obtain r1c coefficient time= 0.08 s.
obtain matrix from triplets time= 0.36 s.
delete columns by branch time= 0.00 s.
columns pending deletion= 602 remain= 73423 col ratio= 0.991801 row ratio= 1
regenerate enumeration matrix time= 0.00 s.
-----------------------------------------------------------------------------------------
elapsed time= 120.80 s.
-----------------------------------------------------------------------------------------
it= 9   ncol= 3497  ncstr= 791  mt= 1.2   spt= 0.1   lpval= 51500.3   ub= 51505.0  
-----------------------------------------------------------------------------------------
elapsed time= 122.13 s.
-----------------------------------------------------------------------------------------
delete columns= 69287 remain= 4136
 ****** Separate RCCs ****** 
 ****** Separate Rank1Cuts ****** 
it= 10  ncol= 2283  ncstr= 1187 mt= 3.2   spt= 0.0   lpval= 51532.1   ub= 51505.0  
-----------------------------------------------------------------------------------------
elapsed time= 132.81 s.
-----------------------------------------------------------------------------------------
#########################################################################################
[32m<Instance: X-n359-k29>
<Solution>
<UB= 51505>
<LB= 51505>
<Elapsed Time= 132.8>
<Nodes Explored= 1>
<Global Gap= 0%>[0m
#########################################################################################
File nodes/X-n359-k29_2_1_0_4_4_2_1_G16.node deleted successfully.
