application type: CVRP
X-n359-k29_2_1_1_0_0_1_7_0_G16.node
Set parameter ServerTimeout to value 600
Set parameter TokenServer to value "grb-ts.ufhpc"
Set parameter Threads to value 1
instance name= X-n359-k29
#########################################################################################
tree size= 0 lb= 0 ub= 51506
#########################################################################################
idx= 1 value= 51482.3 enu= 0
brc= 73-316 : -
brc= 8-153 : -
brc= 39-90 : +
brc= 0-111 : -
brc= 37-166 : +
brc= 73-149 : -
brc= 266-332 : +
brc= 13-34 : +
brc= 7-166 : +
brc= 46-64 : -
brc= 75-125 : +
brc= 110-112 : -
brc= 83-84 : -
brc= 0-83 : -
brc= 110-126 : -
brc= 292-299 : -
brc= 81-310 : -
brc= 110-152 : -
brc= 33-334 : +
brc= 205-303 : +
-----------------------------------------------------------------------------------------
 ****** Pricing Level: LIGHT HEUR ****** 
it= 11  ncol= 4777  ncstr= 875  mt= 2.2   spt= 0.5   lpval= 51498.9   ub= 51505.0  
 ****** Pricing Level: HEAVY HEUR ****** 
it= 7   ncol= 4902  ncstr= 875  mt= 1.5   spt= 0.6   lpval= 51497.2   ub= 51505.0  
 ****** Pricing Level: EXACT ****** 
it= 6   ncol= 6905  ncstr= 875  mt= 2.9   spt= 46.4  lpval= 51492.6   ub= 51505.0  
-----------------------------------------------------------------------------------------
elapsed time= 69.35 s.
-----------------------------------------------------------------------------------------
-----------------------------------------------------------------------------------------
 ****** Run Arc Elimination ****** 
arc elimination time= 6.36 s.
previous= 58.1756% maximum= 1.36321%
eliminate bucket arcs time= 1.76 s.
obtain jump arcs time= 0.01 s.
-----------------------------------------------------------------------------------------
-----------------------------------------------------------------------------------------
elapsed time= 78.01 s.
-----------------------------------------------------------------------------------------
-----------------------------------------------------------------------------------------
 ****** Try Enumeration ****** 
#labels= 181883 #routes= 57
labeling 1 time= 1.50 s.
concatenate time= 0.52 s.
#routes= 82518
average gap of successful enumeration= 0.000222211
next try value > 51483.4
-----------------------------------------------------------------------------------------
elapsed time= 80.17 s.
-----------------------------------------------------------------------------------------
 ****** Process Enumeration Matrix ****** 
delete non-ele routes lp val= 51495.2
recover rank1c lp val= 51498.1
recover rcc lp val= 51498.7
obtain rcc coefficient time= 0.14 s.
obtain r1c coefficient time= 0.11 s.
obtain matrix from triplets time= 0.39 s.
delete columns by branch time= 0.00 s.
columns pending deletion= 1632 remain= 82518 col ratio= 0.980222 row ratio= 1
regenerate enumeration matrix time= 0.00 s.
-----------------------------------------------------------------------------------------
elapsed time= 101.86 s.
-----------------------------------------------------------------------------------------
it= 7   ncol= 4755  ncstr= 826  mt= 1.3   spt= 0.1   lpval= 51497.8   ub= 51505.0  
-----------------------------------------------------------------------------------------
elapsed time= 103.24 s.
-----------------------------------------------------------------------------------------
delete columns= 71821 remain= 10697
 ****** Separate RCCs ****** 
 ****** Separate Rank1Cuts ****** 
it= 8   ncol= 2774  ncstr= 952  mt= 1.7   spt= 0.0   lpval= 51506.1   ub= 51505.0  
-----------------------------------------------------------------------------------------
elapsed time= 111.57 s.
-----------------------------------------------------------------------------------------
#########################################################################################
[32m<Instance: X-n359-k29>
<Solution>
<UB= 51505>
<LB= 51505>
<Elapsed Time= 111.6>
<Nodes Explored= 1>
<Global Gap= 0%>[0m
#########################################################################################
File nodes/X-n359-k29_2_1_1_0_0_1_7_0_G16.node deleted successfully.
