application type: CVRP
X-n359-k29_2_6_0_2_4_2_1_G16.node
Set parameter ServerTimeout to value 600
Set parameter TokenServer to value "grb-ts.ufhpc"
Set parameter Threads to value 1
instance name= X-n359-k29
#########################################################################################
tree size= 0 lb= 0 ub= 51506
#########################################################################################
idx= 3 value= 51480.2 enu= 0
brc= 73-316 : -
brc= 8-153 : -
brc= 39-90 : +
brc= 0-111 : -
brc= 37-166 : -
brc= 73-149 : -
brc= 88-117 : -
brc= 151-166 : -
brc= 0-153 : -
brc= 8-83 : +
brc= 85-170 : +
brc= 85-126 : -
brc= 85-111 : -
brc= 63-325 : +
brc= 85-110 : -
brc= 266-332 : -
brc= 84-153 : -
brc= 85-141 : -
brc= 131-153 : +
brc= 84-105 : -
brc= 82-105 : -
brc= 27-44 : +
brc= 21-152 : -
brc= 131-152 : +
-----------------------------------------------------------------------------------------
 ****** Pricing Level: LIGHT HEUR ****** 
it= 30  ncol= 3684  ncstr= 909  mt= 23.4  spt= 2.7   lpval= 51635.0   ub= 51505.0  
it= 41  ncol= 3867  ncstr= 909  mt= 4.3   spt= 1.1   lpval= 51590.2   ub= 51505.0  
 ****** Pricing Level: HEAVY HEUR ****** 
it= 21  ncol= 4250  ncstr= 909  mt= 7.5   spt= 4.1   lpval= 51510.6   ub= 51505.0  
 ****** Pricing Level: EXACT ****** 
it= 8   ncol= 6227  ncstr= 909  mt= 4.9   spt= 50.0  lpval= 51492.1   ub= 51505.0  
-----------------------------------------------------------------------------------------
elapsed time= 108.01 s.
-----------------------------------------------------------------------------------------
-----------------------------------------------------------------------------------------
 ****** Run Arc Elimination ****** 
arc elimination time= 4.36 s.
previous= 14.0266% maximum= 1.59608%
eliminate bucket arcs time= 2.33 s.
obtain jump arcs time= 0.01 s.
-----------------------------------------------------------------------------------------
-----------------------------------------------------------------------------------------
elapsed time= 114.96 s.
-----------------------------------------------------------------------------------------
-----------------------------------------------------------------------------------------
 ****** Try Enumeration ****** 
n= 9.48048 stop_b= 10 status= LABEL_FOR_LIMIT
#labels= 50045 #routes= 96
labeling 1 time= 0.22 s.
next try value > 51493.1
-----------------------------------------------------------------------------------------
elapsed time= 115.24 s.
-----------------------------------------------------------------------------------------
 ****** Separate RCCs ****** 
 ****** Separate Rank1Cuts ****** 
-----------------------------------------------------------------------------------------
 ****** Pricing Level: LIGHT HEUR ****** 
it= 4   ncol= 6274  ncstr= 1020 mt= 1.4   spt= 0.1   lpval= 51499.8   ub= 51505.0  
 ****** Pricing Level: HEAVY HEUR ****** 
it= 6   ncol= 6325  ncstr= 1020 mt= 1.3   spt= 0.3   lpval= 51499.3   ub= 51505.0  
 ****** Pricing Level: EXACT ****** 
it= 5   ncol= 8015  ncstr= 1020 mt= 2.2   spt= 14.9  lpval= 51496.8   ub= 51505.0  
-----------------------------------------------------------------------------------------
elapsed time= 144.13 s.
-----------------------------------------------------------------------------------------
-----------------------------------------------------------------------------------------
 ****** Run Arc Elimination ****** 
arc elimination time= 1.58 s.
previous= 74.2482% maximum= 1.18506%
eliminate bucket arcs time= 0.79 s.
obtain jump arcs time= 0.01 s.
-----------------------------------------------------------------------------------------
-----------------------------------------------------------------------------------------
elapsed time= 146.54 s.
-----------------------------------------------------------------------------------------
-----------------------------------------------------------------------------------------
 ****** Try Enumeration ****** 
#labels= 110621 #routes= 281
labeling 1 time= 0.34 s.
concatenate time= 0.12 s.
#routes= 26670
average gap of successful enumeration= 0.000138906
next try value > 51493.2
-----------------------------------------------------------------------------------------
elapsed time= 147.07 s.
-----------------------------------------------------------------------------------------
 ****** Process Enumeration Matrix ****** 
delete non-ele routes lp val= 51497.7
recover rank1c lp val= 51501.4
recover rcc lp val= 51502
obtain rcc coefficient time= 0.03 s.
obtain r1c coefficient time= 0.03 s.
obtain matrix from triplets time= 0.04 s.
delete columns by branch time= 0.00 s.
columns pending deletion= 75 remain= 26670 col ratio= 0.997188 row ratio= 1
regenerate enumeration matrix time= 0.00 s.
-----------------------------------------------------------------------------------------
elapsed time= 166.47 s.
-----------------------------------------------------------------------------------------
it= 7   ncol= 4294  ncstr= 934  mt= 1.1   spt= 0.0   lpval= 51501.0   ub= 51505.0  
-----------------------------------------------------------------------------------------
elapsed time= 167.60 s.
-----------------------------------------------------------------------------------------
delete columns= 23208 remain= 3462
mip: row= 826 col= 5355 density= 5.65578%
mip time= 0.96 s.
mip status= 3
update f from 0 to 3.98555
#########################################################################################
[32m<Instance: X-n359-k29>
<Solution>
<UB= 51505>
<LB= 51505>
<Elapsed Time= 168.6>
<Nodes Explored= 1>
<Global Gap= 0%>[0m
#########################################################################################
File nodes/X-n359-k29_2_6_0_2_4_2_1_G16.node deleted successfully.
