application type: CVRP
X-n359-k29_2_1_0_0_0_0_0_0_1_0_G16.node
Set parameter ServerTimeout to value 600
Set parameter TokenServer to value "grb-ts.ufhpc"
Set parameter Threads to value 1
instance name= X-n359-k29
#########################################################################################
tree size= 0 lb= 0 ub= 51506
#########################################################################################
idx= 1 value= 51471.6 enu= 0
brc= 73-316 : -
brc= 8-153 : -
brc= 39-90 : +
brc= 0-111 : -
brc= 37-166 : +
brc= 73-149 : +
brc= 21-52 : +
brc= 0-110 : +
brc= 13-34 : +
brc= 85-170 : +
brc= 7-166 : +
brc= 26-72 : -
brc= 83-84 : +
brc= 110-112 : +
-----------------------------------------------------------------------------------------
 ****** Pricing Level: LIGHT HEUR ****** 
it= 16  ncol= 5885  ncstr= 1027 mt= 3.7   spt= 2.3   lpval= 51473.6   ub= 51505.0  
 ****** Pricing Level: HEAVY HEUR ****** 
it= 7   ncol= 5996  ncstr= 1027 mt= 1.8   spt= 1.8   lpval= 51473.4   ub= 51505.0  
 ****** Pricing Level: EXACT ****** 
it= 7   ncol= 8118  ncstr= 1027 mt= 4.5   spt= 61.4  lpval= 51472.6   ub= 51505.0  
-----------------------------------------------------------------------------------------
elapsed time= 92.31 s.
-----------------------------------------------------------------------------------------
-----------------------------------------------------------------------------------------
 ****** Run Arc Elimination ****** 
arc elimination time= 6.30 s.
-----------------------------------------------------------------------------------------
-----------------------------------------------------------------------------------------
elapsed time= 98.88 s.
-----------------------------------------------------------------------------------------
 ****** Separate RCCs ****** 
 ****** Separate Rank1Cuts ****** 
-----------------------------------------------------------------------------------------
 ****** Pricing Level: LIGHT HEUR ****** 
it= 5   ncol= 8224  ncstr= 1128 mt= 1.7   spt= 0.8   lpval= 51474.5   ub= 51505.0  
 ****** Pricing Level: HEAVY HEUR ****** 
it= 5   ncol= 8291  ncstr= 1128 mt= 0.2   spt= 1.3   lpval= 51474.5   ub= 51505.0  
 ****** Pricing Level: EXACT ****** 
it= 6   ncol= 9106  ncstr= 1128 mt= 2.5   spt= 46.1  lpval= 51474.3   ub= 51505.0  
-----------------------------------------------------------------------------------------
elapsed time= 160.49 s.
-----------------------------------------------------------------------------------------
 ****** Separate RCCs ****** 
 ****** Separate Rank1Cuts ****** 
-----------------------------------------------------------------------------------------
 ****** Pricing Level: LIGHT HEUR ****** 
it= 1   ncol= 9106  ncstr= 1182 mt= 1.7   spt= 0.2   lpval= 51476.0   ub= 51505.0  
 ****** Pricing Level: HEAVY HEUR ****** 
it= 2   ncol= 9107  ncstr= 1182 mt= 0.2   spt= 0.5   lpval= 51476.0   ub= 51505.0  
 ****** Pricing Level: EXACT ****** 
it= 6   ncol= 9357  ncstr= 1182 mt= 3.2   spt= 51.8  lpval= 51475.7   ub= 51505.0  
-----------------------------------------------------------------------------------------
elapsed time= 239.71 s.
-----------------------------------------------------------------------------------------
-----------------------------------------------------------------------------------------
 ****** Run Arc Elimination ****** 
arc elimination time= 27.32 s.
previous= 28.4822% maximum= 3.24485%
eliminate bucket arcs time= 4.13 s.
obtain jump arcs time= 0.01 s.
-----------------------------------------------------------------------------------------
-----------------------------------------------------------------------------------------
elapsed time= 271.22 s.
-----------------------------------------------------------------------------------------
-----------------------------------------------------------------------------------------
 ****** Try Enumeration ****** 
n= 6.06589 stop_b= 10 status= LABEL_FOR_LIMIT
#labels= 50108 #routes= 29
labeling 1 time= 0.31 s.
next try value > 51476.7
-----------------------------------------------------------------------------------------
elapsed time= 271.65 s.
-----------------------------------------------------------------------------------------
 ****** Separate RCCs ****** 
 ****** Separate Rank1Cuts ****** 
-----------------------------------------------------------------------------------------
 ****** Pricing Level: LIGHT HEUR ****** 
it= 1   ncol= 9357  ncstr= 1232 mt= 1.8   spt= 0.1   lpval= 51477.2   ub= 51505.0  
 ****** Pricing Level: HEAVY HEUR ****** 
it= 3   ncol= 9362  ncstr= 1232 mt= 1.0   spt= 0.3   lpval= 51477.2   ub= 51505.0  
 ****** Pricing Level: EXACT ****** 
it= 4   ncol= 9680  ncstr= 1232 mt= 3.1   spt= 22.2  lpval= 51476.9   ub= 51505.0  
-----------------------------------------------------------------------------------------
elapsed time= 321.50 s.
-----------------------------------------------------------------------------------------
 ****** Separate RCCs ****** 
 ****** Separate Rank1Cuts ****** 
-----------------------------------------------------------------------------------------
 ****** Pricing Level: LIGHT HEUR ****** 
it= 1   ncol= 9680  ncstr= 1191 mt= 1.8   spt= 0.1   lpval= 51478.0   ub= 51505.0  
 ****** Pricing Level: HEAVY HEUR ****** 
it= 2   ncol= 9682  ncstr= 1191 mt= 0.6   spt= 0.2   lpval= 51477.9   ub= 51505.0  
 ****** Pricing Level: EXACT ****** 
it= 5   ncol= 9824  ncstr= 1191 mt= 2.0   spt= 26.7  lpval= 51477.8   ub= 51505.0  
-----------------------------------------------------------------------------------------
elapsed time= 373.47 s.
-----------------------------------------------------------------------------------------
[1;36m[REMIND] 2: gap improved= 0.947900 ratio= 0.034882 threshold= 0.040000 in function increaseCondition2 at /blue/yu.yang1/you.z/route_opt/packages/application/X-n359-k29/src/main/src/call_cutting.cpp:74[0m
 ****** Separate RCCs ****** 
 ****** Separate Rank1Cuts ****** 
-----------------------------------------------------------------------------------------
 ****** Pricing Level: LIGHT HEUR ****** 
it= 2   ncol= 9825  ncstr= 1221 mt= 2.1   spt= 0.2   lpval= 51478.7   ub= 51505.0  
 ****** Pricing Level: HEAVY HEUR ****** 
it= 3   ncol= 9831  ncstr= 1221 mt= 0.4   spt= 0.4   lpval= 51478.7   ub= 51505.0  
 ****** Pricing Level: EXACT ****** 
it= 4   ncol= 6747  ncstr= 1221 mt= 2.7   spt= 24.0  lpval= 51478.5   ub= 51505.0  
-----------------------------------------------------------------------------------------
elapsed time= 426.88 s.
-----------------------------------------------------------------------------------------
-----------------------------------------------------------------------------------------
 ****** Run Arc Elimination ****** 
arc elimination time= 22.37 s.
previous= 92.1697% maximum= 2.99077%
eliminate bucket arcs time= 2.18 s.
obtain jump arcs time= 0.01 s.
-----------------------------------------------------------------------------------------
-----------------------------------------------------------------------------------------
elapsed time= 451.52 s.
-----------------------------------------------------------------------------------------
-----------------------------------------------------------------------------------------
 ****** Try Enumeration ****** 
n= 6.13123 stop_b= 10 status= LABEL_FOR_LIMIT
#labels= 50035 #routes= 46
labeling 1 time= 0.23 s.
next try value > 51482.4
-----------------------------------------------------------------------------------------
elapsed time= 451.87 s.
-----------------------------------------------------------------------------------------
[1;36m[REMIND] 2: gap improved= 0.653473 ratio= 0.024640 threshold= 0.040000 in function increaseCondition2 at /blue/yu.yang1/you.z/route_opt/packages/application/X-n359-k29/src/main/src/call_cutting.cpp:74[0m
 ****** Separate RCCs ****** 
 ****** Separate Rank1Cuts ****** 
-----------------------------------------------------------------------------------------
 ****** Pricing Level: LIGHT HEUR ****** 
it= 1   ncol= 6747  ncstr= 1262 mt= 1.7   spt= 0.1   lpval= 51479.2   ub= 51505.0  
 ****** Pricing Level: HEAVY HEUR ****** 
it= 2   ncol= 6754  ncstr= 1262 mt= 0.3   spt= 0.2   lpval= 51479.2   ub= 51505.0  
 ****** Pricing Level: EXACT ****** 
it= 5   ncol= 7055  ncstr= 1262 mt= 2.1   spt= 33.1  lpval= 51479.1   ub= 51505.0  
-----------------------------------------------------------------------------------------
elapsed time= 511.06 s.
-----------------------------------------------------------------------------------------
[1;36m[REMIND] 2: gap improved= 0.599370 ratio= 0.023122 threshold= 0.040000 in function increaseCondition2 at /blue/yu.yang1/you.z/route_opt/packages/application/X-n359-k29/src/main/src/call_cutting.cpp:74[0m
[1;36m[REMIND] tail off counter= 3 threshold= 3 in function setIfTailOff at /blue/yu.yang1/you.z/route_opt/packages/application/X-n359-k29/src/main/src/call_cutting.cpp:150[0m
[1;36m[REMIND] opt_k not found for node 1, use m directly in function getOptK at /blue/yu.yang1/you.z/route_opt/packages/branching/bkf/include/bkf_controller.hpp:239[0m
current_r_best= 5.45565
we directly test 100
we directly test 4
pseudo= 50 frac= 50
#candidates in phase1= 100
testing lp time= 154.64 s.
-----------------------------------------------------------------------------------------
 75-105 ,  29.63|  30-232 ,  29.17|  44-171 ,  28.52| 119-312 ,  27.08|  88-117 ,  22.18| 
266-332 ,  20.24| 179-198 ,  20.02| 171-335 ,  19.60|  50-52  ,  18.98|  50-312 ,  18.98| 
292-299 ,  17.21|  52-312 ,  16.64|  72-293 ,  16.47| 169-282 ,  13.07|   0-31  ,  12.75| 
105-152 ,  12.60| 205-303 ,  12.28| 229-251 ,  11.56|  86-318 ,  10.87|   8-75  ,  10.66| 
  8-171 ,  10.66|  75-83  ,  10.66|   0-153 ,  10.64|  83-125 ,  10.27|  82-88  ,  10.05| 
303-316 ,   9.46| 111-153 ,   9.41|  33-292 ,   9.33|  23-148 ,   9.01|   0-294 ,   8.92| 
 33-81  ,   8.76|   0-328 ,   8.71|  10-328 ,   8.71| 328-357 ,   8.62|  87-178 ,   8.16| 
150-153 ,   7.40|  41-214 ,   7.36| 111-141 ,   7.29| 173-214 ,   7.01|   3-178 ,   6.99| 
265-356 ,   6.87|  26-46  ,   6.49|  75-125 ,   6.37|  26-341 ,   6.21|   0-139 ,   5.87| 
122-139 ,   5.87|   0-73  ,   5.78|  18-93  ,   5.64| 126-293 ,   5.62|  46-150 ,   5.58| 
  3-93  ,   5.55| 111-316 ,   5.52|  46-64  ,   5.44|   3-345 ,   5.39| 285-326 ,   5.32| 
293-341 ,   4.78|  21-152 ,   4.72| 180-285 ,   4.41| 172-303 ,   4.03|   0-172 ,   3.57| 
 88-105 ,   3.51|  35-339 ,   3.50|  99-199 ,   3.46| 181-188 ,   3.22|  76-311 ,   3.14| 
 70-356 ,   3.10|  17-89  ,   2.99| 133-154 ,   2.82|  33-237 ,   2.78|   0-154 ,   2.62| 
  0-47  ,   2.52|   5-108 ,   2.40| 200-284 ,   2.30| 193-222 ,   2.26|   0-357 ,   2.13| 
201-270 ,   1.99|  64-111 ,   1.94| 173-189 ,   1.66|  69-180 ,   1.61| 250-280 ,   1.58| 
201-280 ,   1.50| 244-265 ,   1.44| 202-269 ,   1.38|   0-274 ,   1.35| 179-259 ,   0.89| 
252-318 ,   0.88|   0-179 ,   0.71| 121-298 ,   0.71| 202-356 ,   0.69| 179-185 ,   0.58| 
  0-193 ,   0.57|   0-235 ,   0.55|   0-100 ,   0.52|  57-197 ,   0.51| 234-257 ,   0.49| 
206-269 ,   0.44| 145-206 ,   0.42|   0-216 ,   0.29|   0-66  ,   0.29| 231-288 ,   0.24| 
-----------------------------------------------------------------------------------------
edge= 44 171 lp= 3.3252 pre= 0 lp2= 8.57709 pre2= 0 score= 28.5205
-----------------------------------------------------------------------------------------
edge= 119 312 lp= 0.62338 pre= 0 lp2= 43.4394 pre2= 2 score= 27.0793
-----------------------------------------------------------------------------------------
edge= 30 232 lp= 3.44684 pre= 2 lp2= 8.46268 pre2= 2 score= 29.1695
-----------------------------------------------------------------------------------------
edge= 75 105 lp= 2.17435 pre= 2 lp2= 13.6291 pre2= 2 score= 29.6344
-----------------------------------------------------------------------------------------
candidate= 75-105 : -
-----------------------------------------------------------------------------------------
-----------------------------------------------------------------------------------------
 ****** Pricing Level: LIGHT HEUR ****** 
it= 5   ncol= 4769  ncstr= 1149 mt= 1.2   spt= 0.3   lpval= 51481.3   ub= 51505.0  
 ****** Pricing Level: HEAVY HEUR ****** 
it= 5   ncol= 4863  ncstr= 1149 mt= 0.4   spt= 0.6   lpval= 51481.3   ub= 51505.0  
-----------------------------------------------------------------------------------------
elapsed time= 682.75 s.
-----------------------------------------------------------------------------------------
candidate= 75-105 : +
-----------------------------------------------------------------------------------------
-----------------------------------------------------------------------------------------
 ****** Pricing Level: LIGHT HEUR ****** 
it= 27  ncol= 5350  ncstr= 1149 mt= 11.8  spt= 1.5   lpval= 51488.6   ub= 51505.0  
 ****** Pricing Level: HEAVY HEUR ****** 
it= 23  ncol= 5809  ncstr= 1149 mt= 15.2  spt= 2.4   lpval= 51484.7   ub= 51505.0  
-----------------------------------------------------------------------------------------
elapsed time= 719.93 s.
-----------------------------------------------------------------------------------------
candidate= 30-232 : -
-----------------------------------------------------------------------------------------
-----------------------------------------------------------------------------------------
 ****** Pricing Level: LIGHT HEUR ****** 
it= 13  ncol= 4964  ncstr= 1149 mt= 6.2   spt= 0.7   lpval= 51481.8   ub= 51505.0  
 ****** Pricing Level: HEAVY HEUR ****** 
it= 14  ncol= 5235  ncstr= 1149 mt= 5.7   spt= 1.5   lpval= 51481.0   ub= 51505.0  
-----------------------------------------------------------------------------------------
elapsed time= 737.38 s.
-----------------------------------------------------------------------------------------
brc= 44-171
t= 0.77319 c= 539.902 n= 0 if_b4= 1
t= 19.445 c= 588.054 n= 0 if_b4= 1
nodes already exists
memory usage= 14GB.
#########################################################################################
tree size= 0 lb= 51479.1 ub= 51505
#########################################################################################
idx= 2 value= 51479.1 enu= 0
brc= 73-316 : -
brc= 8-153 : -
brc= 39-90 : +
brc= 0-111 : -
brc= 37-166 : +
brc= 73-149 : +
brc= 21-52 : +
brc= 0-110 : +
brc= 13-34 : +
brc= 85-170 : +
brc= 7-166 : +
brc= 26-72 : -
brc= 83-84 : +
brc= 110-112 : +
brc= 44-171 : -
-----------------------------------------------------------------------------------------
 ****** Pricing Level: LIGHT HEUR ****** 
it= 9   ncol= 4769  ncstr= 1148 mt= 4.2   spt= 0.5   lpval= 51481.7   ub= 51505.0  
 ****** Pricing Level: HEAVY HEUR ****** 
it= 12  ncol= 4967  ncstr= 1148 mt= 4.5   spt= 1.3   lpval= 51480.9   ub= 51505.0  
 ****** Pricing Level: EXACT ****** 
it= 6   ncol= 6337  ncstr= 1148 mt= 3.7   spt= 25.3  lpval= 51480.3   ub= 51505.0  
-----------------------------------------------------------------------------------------
elapsed time= 781.09 s.
-----------------------------------------------------------------------------------------
 ****** Separate Rank1Cuts ****** 
-----------------------------------------------------------------------------------------
 ****** Pricing Level: LIGHT HEUR ****** 
it= 6   ncol= 6441  ncstr= 1183 mt= 1.4   spt= 0.4   lpval= 51481.5   ub= 51505.0  
 ****** Pricing Level: HEAVY HEUR ****** 
it= 4   ncol= 6509  ncstr= 1183 mt= 0.2   spt= 0.5   lpval= 51481.5   ub= 51505.0  
 ****** Pricing Level: EXACT ****** 
it= 5   ncol= 7514  ncstr= 1183 mt= 2.1   spt= 22.9  lpval= 51481.4   ub= 51505.0  
-----------------------------------------------------------------------------------------
elapsed time= 817.82 s.
-----------------------------------------------------------------------------------------
-----------------------------------------------------------------------------------------
 ****** Run Arc Elimination ****** 
arc elimination time= 15.64 s.
previous= 89.9658% maximum= 2.68953%
eliminate bucket arcs time= 1.85 s.
obtain jump arcs time= 0.01 s.
-----------------------------------------------------------------------------------------
-----------------------------------------------------------------------------------------
elapsed time= 835.36 s.
-----------------------------------------------------------------------------------------
 ****** Separate RCCs ****** 
 ****** Separate Rank1Cuts ****** 
-----------------------------------------------------------------------------------------
 ****** Pricing Level: LIGHT HEUR ****** 
it= 4   ncol= 7557  ncstr= 1192 mt= 1.8   spt= 0.3   lpval= 51482.3   ub= 51505.0  
 ****** Pricing Level: HEAVY HEUR ****** 
it= 2   ncol= 7561  ncstr= 1192 mt= 0.6   spt= 0.2   lpval= 51482.3   ub= 51505.0  
 ****** Pricing Level: EXACT ****** 
it= 4   ncol= 7810  ncstr= 1192 mt= 2.2   spt= 18.4  lpval= 51482.2   ub= 51505.0  
-----------------------------------------------------------------------------------------
elapsed time= 878.90 s.
-----------------------------------------------------------------------------------------
[1;36m[REMIND] 2: gap improved= 0.800612 ratio= 0.035052 threshold= 0.040000 in function increaseCondition2 at /blue/yu.yang1/you.z/route_opt/packages/application/X-n359-k29/src/main/src/call_cutting.cpp:74[0m
 ****** Separate RCCs ****** 
 ****** Separate Rank1Cuts ****** 
-----------------------------------------------------------------------------------------
 ****** Pricing Level: LIGHT HEUR ****** 
it= 2   ncol= 7813  ncstr= 1226 mt= 1.8   spt= 0.2   lpval= 51482.8   ub= 51505.0  
 ****** Pricing Level: HEAVY HEUR ****** 
it= 3   ncol= 7830  ncstr= 1226 mt= 0.6   spt= 0.3   lpval= 51482.8   ub= 51505.0  
 ****** Pricing Level: EXACT ****** 
it= 4   ncol= 8146  ncstr= 1226 mt= 2.0   spt= 19.0  lpval= 51482.7   ub= 51505.0  
-----------------------------------------------------------------------------------------
elapsed time= 923.12 s.
-----------------------------------------------------------------------------------------
[1;36m[REMIND] 2: gap improved= 0.533493 ratio= 0.023916 threshold= 0.040000 in function increaseCondition2 at /blue/yu.yang1/you.z/route_opt/packages/application/X-n359-k29/src/main/src/call_cutting.cpp:74[0m
 ****** Separate Rank1Cuts ****** 
-----------------------------------------------------------------------------------------
 ****** Pricing Level: LIGHT HEUR ****** 
it= 1   ncol= 8146  ncstr= 1223 mt= 1.5   spt= 0.1   lpval= 51483.2   ub= 51505.0  
 ****** Pricing Level: HEAVY HEUR ****** 
it= 3   ncol= 8150  ncstr= 1223 mt= 0.3   spt= 0.3   lpval= 51483.2   ub= 51505.0  
 ****** Pricing Level: EXACT ****** 
it= 4   ncol= 8335  ncstr= 1223 mt= 1.8   spt= 18.6  lpval= 51483.1   ub= 51505.0  
-----------------------------------------------------------------------------------------
elapsed time= 965.59 s.
-----------------------------------------------------------------------------------------
[1;36m[REMIND] 2: gap improved= 0.408687 ratio= 0.018663 threshold= 0.040000 in function increaseCondition2 at /blue/yu.yang1/you.z/route_opt/packages/application/X-n359-k29/src/main/src/call_cutting.cpp:74[0m
[1;36m[REMIND] tail off counter= 3 threshold= 3 in function setIfTailOff at /blue/yu.yang1/you.z/route_opt/packages/application/X-n359-k29/src/main/src/call_cutting.cpp:150[0m
current_r_best= 2.9073
alpha= 0.37 beta= 7.53231 omega= 698.279 k1= 37
lb_k= 1 ub_k= 37
revise: lb_k= 32 ub_k= 37
opt_k= 37
alpha= 0.75 beta= 7.53231 omega= 30.242 k1= 3
lb_k= 1 ub_k= 3
revise: lb_k= 1 ub_k= 3
opt_k= 3
pseudo= 50 frac= 50
#candidates in phase1= 37
testing lp time= 63.67 s.
-----------------------------------------------------------------------------------------
 88-117 ,  26.73| 179-198 ,  20.07|   8-171 ,  19.95|  75-105 ,  19.59| 171-335 ,  13.43| 
229-251 ,  13.32| 105-152 ,  11.64|  83-125 ,  11.33|  72-293 ,   8.46|  30-59  ,   8.07| 
 26-341 ,   6.08|  33-292 ,   5.28|  60-183 ,   5.03|  42-193 ,   4.69| 285-326 ,   4.45| 
123-226 ,   3.75| 235-246 ,   3.46| 181-188 ,   3.39| 175-303 ,   2.96| 180-285 ,   2.80| 
 15-340 ,   2.38|  42-93  ,   2.23|  76-311 ,   2.17|   2-91  ,   1.91| 200-284 ,   1.86| 
  2-195 ,   1.67| 136-340 ,   1.58| 195-247 ,   1.56|  86-318 ,   1.48| 237-294 ,   1.31| 
 95-109 ,   0.96|  49-188 ,   0.66| 289-353 ,   0.23|  25-289 ,   0.21|   0-337 ,   0.19| 
  0-215 ,   0.07| 189-344 ,   0.06| 
-----------------------------------------------------------------------------------------
edge= 179 198 lp= 1.26436 pre= 0 lp2= 15.8767 pre2= 1 score= 20.0739
-----------------------------------------------------------------------------------------
edge= 8 171 lp= 0.31474 pre= 0 lp2= 63.3929 pre2= 2 score= 19.9522
-----------------------------------------------------------------------------------------
edge= 88 117 lp= 6.53873 pre= 2 lp2= 4.08723 pre2= 2 score= 26.7253
-----------------------------------------------------------------------------------------
candidate= 88-117 : -
-----------------------------------------------------------------------------------------
-----------------------------------------------------------------------------------------
 ****** Pricing Level: LIGHT HEUR ****** 
it= 3   ncol= 5618  ncstr= 1146 mt= 1.2   spt= 0.2   lpval= 51489.6   ub= 51505.0  
 ****** Pricing Level: HEAVY HEUR ****** 
it= 5   ncol= 5670  ncstr= 1146 mt= 2.5   spt= 0.5   lpval= 51489.0   ub= 51505.0  
-----------------------------------------------------------------------------------------
elapsed time= 1048.07 s.
-----------------------------------------------------------------------------------------
candidate= 88-117 : +
-----------------------------------------------------------------------------------------
-----------------------------------------------------------------------------------------
 ****** Pricing Level: LIGHT HEUR ****** 
it= 7   ncol= 5730  ncstr= 1146 mt= 3.9   spt= 0.3   lpval= 51486.1   ub= 51505.0  
 ****** Pricing Level: HEAVY HEUR ****** 
it= 8   ncol= 5818  ncstr= 1146 mt= 3.4   spt= 0.8   lpval= 51485.6   ub= 51505.0  
-----------------------------------------------------------------------------------------
elapsed time= 1058.17 s.
-----------------------------------------------------------------------------------------
brc= 179-198
t= 0.816797 c= 394.193 n= 1 if_b4= 1
t= 13.5479 c= 430.361 n= 1 if_b4= 1
nodes already exists
memory usage= 14GB.
#########################################################################################
tree size= 0 lb= 51483.1 ub= 51505
#########################################################################################
idx= 4 value= 51483.1 enu= 0
brc= 73-316 : -
brc= 8-153 : -
brc= 39-90 : +
brc= 0-111 : -
brc= 37-166 : +
brc= 73-149 : +
brc= 21-52 : +
brc= 0-110 : +
brc= 13-34 : +
brc= 85-170 : +
brc= 7-166 : +
brc= 26-72 : -
brc= 83-84 : +
brc= 110-112 : +
brc= 44-171 : -
brc= 179-198 : -
-----------------------------------------------------------------------------------------
 ****** Pricing Level: LIGHT HEUR ****** 
it= 3   ncol= 5622  ncstr= 1145 mt= 1.2   spt= 0.2   lpval= 51484.4   ub= 51505.0  
 ****** Pricing Level: HEAVY HEUR ****** 
it= 3   ncol= 5658  ncstr= 1145 mt= 0.4   spt= 0.3   lpval= 51484.4   ub= 51505.0  
 ****** Pricing Level: EXACT ****** 
it= 4   ncol= 6804  ncstr= 1145 mt= 1.5   spt= 17.7  lpval= 51484.2   ub= 51505.0  
-----------------------------------------------------------------------------------------
elapsed time= 1081.49 s.
-----------------------------------------------------------------------------------------
-----------------------------------------------------------------------------------------
 ****** Run Arc Elimination ****** 
arc elimination time= 12.62 s.
previous= 90.5311% maximum= 2.43443%
eliminate bucket arcs time= 1.62 s.
obtain jump arcs time= 0.01 s.
-----------------------------------------------------------------------------------------
-----------------------------------------------------------------------------------------
elapsed time= 1095.78 s.
-----------------------------------------------------------------------------------------
-----------------------------------------------------------------------------------------
 ****** Try Enumeration ****** 
n= 6.21365 stop_b= 10 status= LABEL_FOR_LIMIT
#labels= 50050 #routes= 30
labeling 1 time= 0.20 s.
next try value > 51486.9
-----------------------------------------------------------------------------------------
elapsed time= 1096.08 s.
-----------------------------------------------------------------------------------------
 ****** Separate Rank1Cuts ****** 
-----------------------------------------------------------------------------------------
 ****** Pricing Level: LIGHT HEUR ****** 
it= 3   ncol= 6841  ncstr= 1199 mt= 1.4   spt= 0.1   lpval= 51485.3   ub= 51505.0  
 ****** Pricing Level: HEAVY HEUR ****** 
it= 3   ncol= 6867  ncstr= 1199 mt= 0.3   spt= 0.3   lpval= 51485.3   ub= 51505.0  
 ****** Pricing Level: EXACT ****** 
it= 4   ncol= 7153  ncstr= 1199 mt= 2.3   spt= 17.5  lpval= 51485.1   ub= 51505.0  
-----------------------------------------------------------------------------------------
elapsed time= 1125.88 s.
-----------------------------------------------------------------------------------------
 ****** Separate RCCs ****** 
 ****** Separate Rank1Cuts ****** 
-----------------------------------------------------------------------------------------
 ****** Pricing Level: LIGHT HEUR ****** 
it= 1   ncol= 7153  ncstr= 1221 mt= 1.4   spt= 0.1   lpval= 51485.6   ub= 51505.0  
 ****** Pricing Level: HEAVY HEUR ****** 
it= 2   ncol= 7154  ncstr= 1221 mt= 0.1   spt= 0.2   lpval= 51485.6   ub= 51505.0  
 ****** Pricing Level: EXACT ****** 
it= 4   ncol= 7240  ncstr= 1221 mt= 0.9   spt= 18.4  lpval= 51485.6   ub= 51505.0  
-----------------------------------------------------------------------------------------
elapsed time= 1164.54 s.
-----------------------------------------------------------------------------------------
[1;36m[REMIND] 2: gap improved= 0.540857 ratio= 0.027880 threshold= 0.040000 in function increaseCondition2 at /blue/yu.yang1/you.z/route_opt/packages/application/X-n359-k29/src/main/src/call_cutting.cpp:74[0m
 ****** Separate RCCs ****** 
 ****** Separate Rank1Cuts ****** 
-----------------------------------------------------------------------------------------
 ****** Pricing Level: LIGHT HEUR ****** 
it= 1   ncol= 7240  ncstr= 1256 mt= 1.5   spt= 0.1   lpval= 51486.1   ub= 51505.0  
 ****** Pricing Level: HEAVY HEUR ****** 
it= 2   ncol= 7247  ncstr= 1256 mt= 0.2   spt= 0.2   lpval= 51486.1   ub= 51505.0  
 ****** Pricing Level: EXACT ****** 
it= 3   ncol= 7415  ncstr= 1256 mt= 1.4   spt= 15.1  lpval= 51486.0   ub= 51505.0  
-----------------------------------------------------------------------------------------
elapsed time= 1201.27 s.
-----------------------------------------------------------------------------------------
-----------------------------------------------------------------------------------------
 ****** Run Arc Elimination ****** 
arc elimination time= 12.40 s.
previous= 93.6127% maximum= 2.27893%
eliminate bucket arcs time= 1.67 s.
obtain jump arcs time= 0.01 s.
-----------------------------------------------------------------------------------------
-----------------------------------------------------------------------------------------
elapsed time= 1215.40 s.
-----------------------------------------------------------------------------------------
-----------------------------------------------------------------------------------------
 ****** Try Enumeration ****** 
n= 6.2621 stop_b= 10 status= LABEL_FOR_LIMIT
#labels= 50012 #routes= 26
labeling 1 time= 0.18 s.
next try value > 51490.5
-----------------------------------------------------------------------------------------
elapsed time= 1215.68 s.
-----------------------------------------------------------------------------------------
[1;36m[REMIND] 2: gap improved= 0.400952 ratio= 0.021104 threshold= 0.040000 in function increaseCondition2 at /blue/yu.yang1/you.z/route_opt/packages/application/X-n359-k29/src/main/src/call_cutting.cpp:74[0m
 ****** Separate RCCs ****** 
 ****** Separate Rank1Cuts ****** 
-----------------------------------------------------------------------------------------
 ****** Pricing Level: LIGHT HEUR ****** 
it= 1   ncol= 7415  ncstr= 1251 mt= 1.5   spt= 0.0   lpval= 51486.4   ub= 51505.0  
 ****** Pricing Level: HEAVY HEUR ****** 
it= 2   ncol= 7419  ncstr= 1251 mt= 0.2   spt= 0.2   lpval= 51486.4   ub= 51505.0  
 ****** Pricing Level: EXACT ****** 
it= 5   ncol= 7582  ncstr= 1251 mt= 1.7   spt= 24.1  lpval= 51486.3   ub= 51505.0  
-----------------------------------------------------------------------------------------
elapsed time= 1262.58 s.
-----------------------------------------------------------------------------------------
[1;36m[REMIND] 2: gap improved= 0.322951 ratio= 0.017293 threshold= 0.040000 in function increaseCondition2 at /blue/yu.yang1/you.z/route_opt/packages/application/X-n359-k29/src/main/src/call_cutting.cpp:74[0m
[1;36m[REMIND] tail off counter= 3 threshold= 3 in function setIfTailOff at /blue/yu.yang1/you.z/route_opt/packages/application/X-n359-k29/src/main/src/call_cutting.cpp:150[0m
current_r_best= 2.34338
alpha= 0.37 beta= 7.96957 omega= 482.608 k1= 32
lb_k= 1 ub_k= 37
revise: lb_k= 27 ub_k= 37
opt_k= 33
alpha= 0.75 beta= 7.96957 omega= 31.7658 k1= 3
lb_k= 1 ub_k= 3
revise: lb_k= 1 ub_k= 3
opt_k= 3
pseudo= 50 frac= 50
#candidates in phase1= 33
testing lp time= 54.20 s.
-----------------------------------------------------------------------------------------
 75-105 ,  31.77|  88-117 ,  19.81|   8-75  ,  16.22|  83-125 ,  16.14| 171-335 ,  13.02| 
105-152 ,   8.80|  29-30  ,   7.18|  26-341 ,   6.74|  86-318 ,   6.27|   8-171 ,   5.61| 
285-326 ,   3.78|  33-334 ,   3.38| 180-285 ,   2.42|  76-311 ,   2.08| 200-284 ,   1.85| 
 30-59  ,   1.18| 189-246 ,   1.04| 189-275 ,   1.01| 198-289 ,   0.60|   5-242 ,   0.57| 
179-189 ,   0.44| 215-337 ,   0.34|   6-48  ,   0.32| 289-318 ,   0.30|   0-301 ,   0.25| 
 59-253 ,   0.24| 321-329 ,   0.18| 316-355 ,   0.18|   0-252 ,   0.12| 266-337 ,   0.11| 
 49-221 ,   0.08|  48-60  ,   0.04| 173-344 ,   0.00| 
-----------------------------------------------------------------------------------------
edge= 8 75 lp= 3.47763 pre= 2 lp2= 4.66515 pre2= 2 score= 16.2237
-----------------------------------------------------------------------------------------
edge= 88 117 lp= 7.21681 pre= 2 lp2= 2.74489 pre2= 2 score= 19.8094
-----------------------------------------------------------------------------------------
edge= 75 105 lp= 3.30362 pre= 0 lp2= 9.61706 pre2= 2 score= 31.7711
-----------------------------------------------------------------------------------------
candidate= 75-105 : +
-----------------------------------------------------------------------------------------
-----------------------------------------------------------------------------------------
 ****** Pricing Level: LIGHT HEUR ****** 
it= 22  ncol= 5626  ncstr= 1180 mt= 12.2  spt= 0.8   lpval= 51493.9   ub= 51505.0  
 ****** Pricing Level: HEAVY HEUR ****** 
it= 15  ncol= 5946  ncstr= 1180 mt= 8.4   spt= 1.2   lpval= 51490.3   ub= 51505.0  
-----------------------------------------------------------------------------------------
elapsed time= 1356.04 s.
-----------------------------------------------------------------------------------------
candidate= 88-117 : -
-----------------------------------------------------------------------------------------
-----------------------------------------------------------------------------------------
 ****** Pricing Level: LIGHT HEUR ****** 
it= 4   ncol= 5124  ncstr= 1180 mt= 1.4   spt= 0.2   lpval= 51493.5   ub= 51505.0  
 ****** Pricing Level: HEAVY HEUR ****** 
it= 9   ncol= 5222  ncstr= 1180 mt= 3.3   spt= 0.7   lpval= 51492.9   ub= 51505.0  
-----------------------------------------------------------------------------------------
elapsed time= 1363.12 s.
-----------------------------------------------------------------------------------------
candidate= 88-117 : +
-----------------------------------------------------------------------------------------
-----------------------------------------------------------------------------------------
 ****** Pricing Level: LIGHT HEUR ****** 
it= 8   ncol= 5253  ncstr= 1180 mt= 5.6   spt= 0.3   lpval= 51488.6   ub= 51505.0  
 ****** Pricing Level: HEAVY HEUR ****** 
it= 7   ncol= 5367  ncstr= 1180 mt= 2.8   spt= 0.6   lpval= 51488.2   ub= 51505.0  
-----------------------------------------------------------------------------------------
elapsed time= 1373.92 s.
-----------------------------------------------------------------------------------------
candidate= 8-75 : -
-----------------------------------------------------------------------------------------
-----------------------------------------------------------------------------------------
 ****** Pricing Level: LIGHT HEUR ****** 
it= 5   ncol= 5181  ncstr= 1180 mt= 1.2   spt= 0.2   lpval= 51489.8   ub= 51505.0  
 ****** Pricing Level: HEAVY HEUR ****** 
it= 5   ncol= 5249  ncstr= 1180 mt= 1.2   spt= 0.4   lpval= 51489.7   ub= 51505.0  
-----------------------------------------------------------------------------------------
elapsed time= 1377.98 s.
-----------------------------------------------------------------------------------------
candidate= 8-75 : +
-----------------------------------------------------------------------------------------
-----------------------------------------------------------------------------------------
 ****** Pricing Level: LIGHT HEUR ****** 
it= 21  ncol= 5486  ncstr= 1180 mt= 4.8   spt= 0.9   lpval= 51490.6   ub= 51505.0  
 ****** Pricing Level: HEAVY HEUR ****** 
it= 14  ncol= 5787  ncstr= 1180 mt= 4.0   spt= 1.1   lpval= 51490.0   ub= 51505.0  
-----------------------------------------------------------------------------------------
elapsed time= 1392.65 s.
-----------------------------------------------------------------------------------------
brc= 75-105
t= 0.818264 c= 345.348 n= 2 if_b4= 1
t= 13.2549 c= 367.936 n= 2 if_b4= 1
nodes already exists
memory usage= 14GB.
#########################################################################################
tree size= 0 lb= 51486.3 ub= 51505
#########################################################################################
idx= 6 value= 51486.3 enu= 0
brc= 73-316 : -
brc= 8-153 : -
brc= 39-90 : +
brc= 0-111 : -
brc= 37-166 : +
brc= 73-149 : +
brc= 21-52 : +
brc= 0-110 : +
brc= 13-34 : +
brc= 85-170 : +
brc= 7-166 : +
brc= 26-72 : -
brc= 83-84 : +
brc= 110-112 : +
brc= 44-171 : -
brc= 179-198 : -
brc= 75-105 : -
-----------------------------------------------------------------------------------------
 ****** Pricing Level: LIGHT HEUR ****** 
it= 3   ncol= 5104  ncstr= 1179 mt= 1.1   spt= 0.1   lpval= 51489.6   ub= 51505.0  
 ****** Pricing Level: HEAVY HEUR ****** 
it= 5   ncol= 5154  ncstr= 1179 mt= 1.4   spt= 0.4   lpval= 51489.5   ub= 51505.0  
 ****** Pricing Level: EXACT ****** 
it= 7   ncol= 6096  ncstr= 1179 mt= 6.0   spt= 33.4  lpval= 51488.0   ub= 51505.0  
-----------------------------------------------------------------------------------------
elapsed time= 1437.64 s.
-----------------------------------------------------------------------------------------
-----------------------------------------------------------------------------------------
 ****** Run Arc Elimination ****** 
arc elimination time= 9.33 s.
previous= 92.0974% maximum= 2.09831%
eliminate bucket arcs time= 1.54 s.
obtain jump arcs time= 0.01 s.
-----------------------------------------------------------------------------------------
-----------------------------------------------------------------------------------------
elapsed time= 1448.59 s.
-----------------------------------------------------------------------------------------
 ****** Separate RCCs ****** 
 ****** Separate Rank1Cuts ****** 
-----------------------------------------------------------------------------------------
 ****** Pricing Level: LIGHT HEUR ****** 
it= 2   ncol= 6109  ncstr= 1252 mt= 2.0   spt= 0.2   lpval= 51488.7   ub= 51505.0  
 ****** Pricing Level: HEAVY HEUR ****** 
it= 2   ncol= 6124  ncstr= 1252 mt= 0.2   spt= 0.2   lpval= 51488.7   ub= 51505.0  
 ****** Pricing Level: EXACT ****** 
it= 5   ncol= 7216  ncstr= 1252 mt= 1.6   spt= 24.8  lpval= 51488.7   ub= 51505.0  
-----------------------------------------------------------------------------------------
elapsed time= 1497.34 s.
-----------------------------------------------------------------------------------------
 ****** Separate RCCs ****** 
 ****** Separate Rank1Cuts ****** 
-----------------------------------------------------------------------------------------
 ****** Pricing Level: LIGHT HEUR ****** 
it= 2   ncol= 7218  ncstr= 1257 mt= 1.6   spt= 0.1   lpval= 51489.3   ub= 51505.0  
 ****** Pricing Level: HEAVY HEUR ****** 
it= 3   ncol= 7222  ncstr= 1257 mt= 0.6   spt= 0.3   lpval= 51489.3   ub= 51505.0  
 ****** Pricing Level: EXACT ****** 
it= 4   ncol= 7487  ncstr= 1257 mt= 2.0   spt= 21.0  lpval= 51489.2   ub= 51505.0  
-----------------------------------------------------------------------------------------
elapsed time= 1543.14 s.
-----------------------------------------------------------------------------------------
[1;36m[REMIND] 2: gap improved= 0.545445 ratio= 0.034549 threshold= 0.040000 in function increaseCondition2 at /blue/yu.yang1/you.z/route_opt/packages/application/X-n359-k29/src/main/src/call_cutting.cpp:74[0m
 ****** Separate RCCs ****** 
 ****** Separate Rank1Cuts ****** 
-----------------------------------------------------------------------------------------
 ****** Pricing Level: LIGHT HEUR ****** 
it= 2   ncol= 7488  ncstr= 1268 mt= 1.7   spt= 0.1   lpval= 51489.6   ub= 51505.0  
 ****** Pricing Level: HEAVY HEUR ****** 
it= 2   ncol= 7490  ncstr= 1268 mt= 0.1   spt= 0.2   lpval= 51489.6   ub= 51505.0  
 ****** Pricing Level: EXACT ****** 
it= 4   ncol= 7745  ncstr= 1268 mt= 1.7   spt= 21.6  lpval= 51489.6   ub= 51505.0  
-----------------------------------------------------------------------------------------
elapsed time= 1589.93 s.
-----------------------------------------------------------------------------------------
-----------------------------------------------------------------------------------------
 ****** Run Arc Elimination ****** 
arc elimination time= 8.23 s.
previous= 94.1098% maximum= 1.97472%
eliminate bucket arcs time= 1.44 s.
obtain jump arcs time= 0.01 s.
-----------------------------------------------------------------------------------------
-----------------------------------------------------------------------------------------
elapsed time= 1599.67 s.
-----------------------------------------------------------------------------------------
-----------------------------------------------------------------------------------------
 ****** Try Enumeration ****** 
n= 9.46119 stop_b= 10 status= LABEL_FOR_LIMIT
#labels= 50007 #routes= 27
labeling 1 time= 0.19 s.
next try value > 51493.4
-----------------------------------------------------------------------------------------
elapsed time= 1599.97 s.
-----------------------------------------------------------------------------------------
[1;36m[REMIND] 2: gap improved= 0.375833 ratio= 0.024386 threshold= 0.040000 in function increaseCondition2 at /blue/yu.yang1/you.z/route_opt/packages/application/X-n359-k29/src/main/src/call_cutting.cpp:74[0m
 ****** Separate RCCs ****** 
 ****** Separate Rank1Cuts ****** 
-----------------------------------------------------------------------------------------
 ****** Pricing Level: LIGHT HEUR ****** 
it= 1   ncol= 7745  ncstr= 1261 mt= 1.7   spt= 0.0   lpval= 51489.9   ub= 51505.0  
 ****** Pricing Level: HEAVY HEUR ****** 
it= 2   ncol= 7746  ncstr= 1261 mt= 0.3   spt= 0.2   lpval= 51489.9   ub= 51505.0  
 ****** Pricing Level: EXACT ****** 
it= 3   ncol= 7897  ncstr= 1261 mt= 1.6   spt= 16.6  lpval= 51489.9   ub= 51505.0  
-----------------------------------------------------------------------------------------
elapsed time= 1641.46 s.
-----------------------------------------------------------------------------------------
[1;36m[REMIND] 2: gap improved= 0.312032 ratio= 0.020664 threshold= 0.040000 in function increaseCondition2 at /blue/yu.yang1/you.z/route_opt/packages/application/X-n359-k29/src/main/src/call_cutting.cpp:74[0m
[1;36m[REMIND] tail off counter= 3 threshold= 3 in function setIfTailOff at /blue/yu.yang1/you.z/route_opt/packages/application/X-n359-k29/src/main/src/call_cutting.cpp:150[0m
current_r_best= 2.60288
alpha= 0.37 beta= 5.80123 omega= 422.05 k1= 25
lb_k= 1 ub_k= 37
revise: lb_k= 21 ub_k= 31
opt_k= 26
alpha= 0.75 beta= 5.80123 omega= 27.7586 k1= 3
lb_k= 1 ub_k= 3
revise: lb_k= 1 ub_k= 3
opt_k= 3
pseudo= 50 frac= 50
#candidates in phase1= 26
testing lp time= 46.93 s.
-----------------------------------------------------------------------------------------
 72-293 ,  17.67| 171-335 ,  16.02|  88-117 ,   9.16|   8-171 ,   7.96|  86-318 ,   7.62| 
105-152 ,   6.41| 292-299 ,   5.29| 132-338 ,   5.23| 147-253 ,   3.84| 293-341 ,   3.54| 
180-285 ,   2.80| 125-132 ,   2.79| 125-338 ,   2.73| 285-326 ,   2.70| 132-171 ,   2.31| 
111-153 ,   1.86| 115-155 ,   1.17| 181-188 ,   0.88| 243-305 ,   0.52| 258-260 ,   0.41| 
 64-141 ,   0.30| 143-321 ,   0.12|   5-347 ,   0.03| 156-209 ,   0.01| 156-344 ,   0.01| 
173-209 ,   0.00| 
-----------------------------------------------------------------------------------------
edge= 88 117 lp= 3.91407 pre= 0 lp2= 2.34083 pre2= 0 score= 9.16217
-----------------------------------------------------------------------------------------
edge= 171 335 lp= 17.0656 pre= 2 lp2= 0.93873 pre2= 2 score= 16.02
-----------------------------------------------------------------------------------------
edge= 72 293 lp= 0.395982 pre= 2 lp2= 44.6345 pre2= 2 score= 17.6745
-----------------------------------------------------------------------------------------
candidate= 72-293 : -
-----------------------------------------------------------------------------------------
-----------------------------------------------------------------------------------------
 ****** Pricing Level: LIGHT HEUR ****** 
it= 6   ncol= 5423  ncstr= 1188 mt= 1.5   spt= 0.3   lpval= 51490.3   ub= 51505.0  
 ****** Pricing Level: HEAVY HEUR ****** 
it= 4   ncol= 5484  ncstr= 1188 mt= 0.2   spt= 0.3   lpval= 51490.3   ub= 51505.0  
-----------------------------------------------------------------------------------------
elapsed time= 1706.17 s.
-----------------------------------------------------------------------------------------
candidate= 72-293 : +
-----------------------------------------------------------------------------------------
-----------------------------------------------------------------------------------------
 ****** Pricing Level: LIGHT HEUR ****** 
it= 15  ncol= 5631  ncstr= 1188 mt= 16.3  spt= 0.6   lpval= 51511.7   ub= 51505.0  
 ****** Pricing Level: HEAVY HEUR ****** 
it= 10  ncol= 5834  ncstr= 1188 mt= 12.4  spt= 0.8   lpval= 51501.0   ub= 51505.0  
-----------------------------------------------------------------------------------------
elapsed time= 1739.27 s.
-----------------------------------------------------------------------------------------
candidate= 171-335 : -
-----------------------------------------------------------------------------------------
-----------------------------------------------------------------------------------------
 ****** Pricing Level: LIGHT HEUR ****** 
it= 6   ncol= 5419  ncstr= 1188 mt= 1.7   spt= 0.3   lpval= 51506.9   ub= 51505.0  
 ****** Pricing Level: HEAVY HEUR ****** 
it= 12  ncol= 5598  ncstr= 1188 mt= 7.1   spt= 1.0   lpval= 51504.6   ub= 51505.0  
-----------------------------------------------------------------------------------------
elapsed time= 1751.57 s.
-----------------------------------------------------------------------------------------
candidate= 171-335 : +
-----------------------------------------------------------------------------------------
-----------------------------------------------------------------------------------------
 ****** Pricing Level: LIGHT HEUR ****** 
it= 10  ncol= 5414  ncstr= 1188 mt= 2.1   spt= 0.5   lpval= 51490.8   ub= 51505.0  
 ****** Pricing Level: HEAVY HEUR ****** 
it= 9   ncol= 5534  ncstr= 1188 mt= 2.4   spt= 0.8   lpval= 51490.7   ub= 51505.0  
-----------------------------------------------------------------------------------------
elapsed time= 1759.60 s.
-----------------------------------------------------------------------------------------
brc= 171-335
t= 0.839318 c= 331.679 n= 3 if_b4= 1
t= 13.4965 c= 347.375 n= 3 if_b4= 1
nodes already exists
memory usage= 14GB.
#########################################################################################
tree size= 0 lb= 51489.9 ub= 51505
#########################################################################################
idx= 8 value= 51489.9 enu= 0
brc= 73-316 : -
brc= 8-153 : -
brc= 39-90 : +
brc= 0-111 : -
brc= 37-166 : +
brc= 73-149 : +
brc= 21-52 : +
brc= 0-110 : +
brc= 13-34 : +
brc= 85-170 : +
brc= 7-166 : +
brc= 26-72 : -
brc= 83-84 : +
brc= 110-112 : +
brc= 44-171 : -
brc= 179-198 : -
brc= 75-105 : -
brc= 171-335 : -
-----------------------------------------------------------------------------------------
 ****** Pricing Level: LIGHT HEUR ****** 
it= 6   ncol= 5339  ncstr= 1187 mt= 2.1   spt= 0.2   lpval= 51506.8   ub= 51505.0  
 ****** Pricing Level: HEAVY HEUR ****** 
it= 13  ncol= 5500  ncstr= 1187 mt= 7.6   spt= 1.0   lpval= 51504.4   ub= 51505.0  
 ****** Pricing Level: EXACT ****** 
it= 6   ncol= 6796  ncstr= 1187 mt= 8.4   spt= 29.1  lpval= 51499.1   ub= 51505.0  
-----------------------------------------------------------------------------------------
elapsed time= 1811.96 s.
-----------------------------------------------------------------------------------------
-----------------------------------------------------------------------------------------
 ****** Run Arc Elimination ****** 
arc elimination time= 1.77 s.
previous= 52.8226% maximum= 1.04245%
eliminate bucket arcs time= 1.07 s.
obtain jump arcs time= 0.01 s.
-----------------------------------------------------------------------------------------
-----------------------------------------------------------------------------------------
elapsed time= 1814.87 s.
-----------------------------------------------------------------------------------------
-----------------------------------------------------------------------------------------
 ****** Try Enumeration ****** 
#labels= 68523 #routes= 72
labeling 1 time= 0.30 s.
concatenate time= 0.08 s.
#routes= 15196
average gap of successful enumeration= 9.51839e-05
next try value > 51490.6
-----------------------------------------------------------------------------------------
elapsed time= 1815.33 s.
-----------------------------------------------------------------------------------------
 ****** Process Enumeration Matrix ****** 
delete non-ele routes lp val= 51501.1
recover rank1c lp val= 51502.8
recover rcc lp val= 51505.8
obtain rcc coefficient time= 0.01 s.
obtain r1c coefficient time= 0.03 s.
obtain matrix from triplets time= 0.02 s.
delete columns by branch time= 0.00 s.
columns pending deletion= 84 remain= 15196 col ratio= 0.994472 row ratio= 1
regenerate enumeration matrix time= 0.00 s.
-----------------------------------------------------------------------------------------
elapsed time= 1855.94 s.
-----------------------------------------------------------------------------------------
it= 7   ncol= 5452  ncstr= 1128 mt= 2.2   spt= 0.0   lpval= 51505.3   ub= 51505.0  
-----------------------------------------------------------------------------------------
elapsed time= 1858.15 s.
-----------------------------------------------------------------------------------------
#########################################################################################
[32m<Instance: X-n359-k29>
<Solution>
<UB= 51505>
<LB= 51505>
<Elapsed Time= 1858.2>
<Nodes Explored= 5>
<Global Gap= 0%>[0m
#########################################################################################
File nodes/X-n359-k29_2_1_0_0_0_0_0_0_1_0_G16.node deleted successfully.
