application type: CVRP
X-n359-k29_2_1_2_0_0_1_2_4_G16.node
Set parameter ServerTimeout to value 600
Set parameter TokenServer to value "grb-ts.ufhpc"
Set parameter Threads to value 1
instance name= X-n359-k29
#########################################################################################
tree size= 0 lb= 0 ub= 51506
#########################################################################################
idx= 9 value= 51493.9 enu= 0
brc= 73-316 : -
brc= 8-153 : -
brc= 39-90 : +
brc= 0-111 : -
brc= 37-166 : +
brc= 73-149 : -
brc= 266-332 : -
brc= 7-166 : +
brc= 13-34 : +
brc= 64-111 : +
brc= 52-312 : -
brc= 110-112 : +
brc= 0-70 : -
brc= 8-171 : -
brc= 82-88 : +
brc= 26-72 : -
brc= 72-293 : -
brc= 46-72 : -
brc= 229-251 : -
brc= 118-251 : +
-----------------------------------------------------------------------------------------
 ****** Pricing Level: LIGHT HEUR ****** 
it= 5   ncol= 5942  ncstr= 1205 mt= 0.5   spt= 0.2   lpval= 51494.8   ub= 51505.0  
 ****** Pricing Level: HEAVY HEUR ****** 
it= 3   ncol= 5986  ncstr= 1205 mt= 0.2   spt= 0.3   lpval= 51494.8   ub= 51505.0  
 ****** Pricing Level: EXACT ****** 
it= 6   ncol= 8205  ncstr= 1205 mt= 3.5   spt= 41.1  lpval= 51494.7   ub= 51505.0  
-----------------------------------------------------------------------------------------
elapsed time= 76.30 s.
-----------------------------------------------------------------------------------------
-----------------------------------------------------------------------------------------
 ****** Run Arc Elimination ****** 
arc elimination time= 6.35 s.
previous= 89.7808% maximum= 1.45545%
eliminate bucket arcs time= 1.63 s.
obtain jump arcs time= 0.01 s.
-----------------------------------------------------------------------------------------
-----------------------------------------------------------------------------------------
elapsed time= 84.87 s.
-----------------------------------------------------------------------------------------
-----------------------------------------------------------------------------------------
 ****** Try Enumeration ****** 
#labels= 197535 #routes= 413
labeling 1 time= 1.81 s.
concatenate time= 0.62 s.
#routes= 95272
average gap of successful enumeration= 0.000181119
next try value > 51492.8
-----------------------------------------------------------------------------------------
elapsed time= 87.53 s.
-----------------------------------------------------------------------------------------
 ****** Process Enumeration Matrix ****** 
delete non-ele routes lp val= 51494.8
recover rank1c lp val= 51496.7
recover rcc lp val= 51498.4
obtain rcc coefficient time= 0.21 s.
obtain r1c coefficient time= 0.24 s.
obtain matrix from triplets time= 0.73 s.
delete columns by branch time= 0.00 s.
columns pending deletion= 489 remain= 95272 col ratio= 0.994867 row ratio= 1
regenerate enumeration matrix time= 0.00 s.
-----------------------------------------------------------------------------------------
elapsed time= 147.23 s.
-----------------------------------------------------------------------------------------
it= 8   ncol= 5770  ncstr= 1142 mt= 4.5   spt= 0.1   lpval= 51497.7   ub= 51505.0  
-----------------------------------------------------------------------------------------
elapsed time= 152.00 s.
-----------------------------------------------------------------------------------------
delete columns= 74126 remain= 21146
 ****** Separate RCCs ****** 
 ****** Separate Rank1Cuts ****** 
it= 5   ncol= 3886  ncstr= 1138 mt= 1.9   spt= 0.0   lpval= 51499.3   ub= 51505.0  
-----------------------------------------------------------------------------------------
elapsed time= 166.17 s.
-----------------------------------------------------------------------------------------
delete columns= 10600 remain= 10546
mip: row= 1018 col= 13910 density= 4.97643%
mip time= 25.57 s.
mip status= 6
update f from 0 to 5.70744
#########################################################################################
[32m<Instance: X-n359-k29>
<Solution>
<UB= 51505>
<LB= 51505>
<Elapsed Time= 197>
<Nodes Explored= 1>
<Global Gap= 0%>[0m
#########################################################################################
File nodes/X-n359-k29_2_1_2_0_0_1_2_4_G16.node deleted successfully.
