application type: CVRP
X-n359-k29_2_1_1_1_8_2_1_1_0_G16.node
Set parameter ServerTimeout to value 600
Set parameter TokenServer to value "grb-ts.ufhpc"
Set parameter Threads to value 1
instance name= X-n359-k29
#########################################################################################
tree size= 0 lb= 0 ub= 51506
#########################################################################################
idx= 1 value= 51490.5 enu= 0
brc= 73-316 : -
brc= 8-153 : -
brc= 39-90 : +
brc= 0-111 : -
brc= 37-166 : +
brc= 73-149 : -
brc= 266-332 : +
brc= 13-34 : -
brc= 85-170 : +
brc= 85-111 : -
brc= 85-110 : -
brc= 276-341 : -
brc= 83-84 : -
brc= 84-125 : -
brc= 21-110 : -
brc= 192-232 : -
brc= 110-111 : -
brc= 110-141 : +
brc= 64-110 : -
brc= 153-160 : -
brc= 49-181 : +
brc= 15-127 : -
brc= 139-248 : +
brc= 73-175 : -
brc= 73-353 : +
brc= 84-131 : +
-----------------------------------------------------------------------------------------
 ****** Pricing Level: LIGHT HEUR ****** 
it= 9   ncol= 3915  ncstr= 923  mt= 0.3   spt= 0.2   lpval= 51491.0   ub= 51505.0  
 ****** Pricing Level: HEAVY HEUR ****** 
it= 8   ncol= 4022  ncstr= 923  mt= 1.1   spt= 0.4   lpval= 51490.7   ub= 51505.0  
 ****** Pricing Level: EXACT ****** 
it= 4   ncol= 4325  ncstr= 923  mt= 0.2   spt= 21.1  lpval= 51490.7   ub= 51505.0  
-----------------------------------------------------------------------------------------
elapsed time= 34.67 s.
-----------------------------------------------------------------------------------------
-----------------------------------------------------------------------------------------
 ****** Run Arc Elimination ****** 
arc elimination time= 4.34 s.
previous= 97.0542% maximum= 1.62307%
eliminate bucket arcs time= 1.00 s.
obtain jump arcs time= 0.01 s.
-----------------------------------------------------------------------------------------
-----------------------------------------------------------------------------------------
elapsed time= 40.31 s.
-----------------------------------------------------------------------------------------
 ****** Separate RCCs ****** 
 ****** Separate Rank1Cuts ****** 
-----------------------------------------------------------------------------------------
 ****** Pricing Level: LIGHT HEUR ****** 
it= 4   ncol= 4398  ncstr= 1063 mt= 1.0   spt= 0.1   lpval= 51493.8   ub= 51505.0  
 ****** Pricing Level: HEAVY HEUR ****** 
it= 5   ncol= 4460  ncstr= 1063 mt= 0.5   spt= 0.3   lpval= 51493.8   ub= 51505.0  
 ****** Pricing Level: EXACT ****** 
it= 7   ncol= 5438  ncstr= 1063 mt= 1.9   spt= 36.7  lpval= 51493.1   ub= 51505.0  
-----------------------------------------------------------------------------------------
elapsed time= 89.40 s.
-----------------------------------------------------------------------------------------
-----------------------------------------------------------------------------------------
 ****** Run Arc Elimination ****** 
arc elimination time= 3.53 s.
previous= 88.4767% maximum= 1.43604%
eliminate bucket arcs time= 1.08 s.
obtain jump arcs time= 0.01 s.
-----------------------------------------------------------------------------------------
-----------------------------------------------------------------------------------------
elapsed time= 94.05 s.
-----------------------------------------------------------------------------------------
-----------------------------------------------------------------------------------------
 ****** Try Enumeration ****** 
#labels= 195295 #routes= 501
labeling 1 time= 1.05 s.
concatenate time= 0.46 s.
#routes= 97282
average gap of successful enumeration= 0.000211961
next try value > 51491.5
-----------------------------------------------------------------------------------------
elapsed time= 95.65 s.
-----------------------------------------------------------------------------------------
 ****** Process Enumeration Matrix ****** 
delete non-ele routes lp val= 51493.9
recover rank1c lp val= 51498.5
recover rcc lp val= 51499.1
obtain rcc coefficient time= 0.11 s.
obtain r1c coefficient time= 0.13 s.
obtain matrix from triplets time= 0.14 s.
delete columns by branch time= 0.00 s.
columns pending deletion= 1989 remain= 97282 col ratio= 0.979554 row ratio= 1
regenerate enumeration matrix time= 0.00 s.
-----------------------------------------------------------------------------------------
elapsed time= 118.38 s.
-----------------------------------------------------------------------------------------
it= 10  ncol= 3920  ncstr= 968  mt= 1.7   spt= 0.1   lpval= 51497.9   ub= 51505.0  
-----------------------------------------------------------------------------------------
elapsed time= 120.28 s.
-----------------------------------------------------------------------------------------
delete columns= 84449 remain= 12833
mip: row= 830 col= 15461 density= 5.64569%
mip time= 13.20 s.
mip status= 6
update f from 0 to 7.11744
#########################################################################################
[32m<Instance: X-n359-k29>
<Solution>
<UB= 51505>
<LB= 51505>
<Elapsed Time= 135.6>
<Nodes Explored= 1>
<Global Gap= 0%>[0m
#########################################################################################
File nodes/X-n359-k29_2_1_1_1_8_2_1_1_0_G16.node deleted successfully.
