application type: CVRP
X-n359-k29_2_1_0_3_0_6_3_4_G16.node
Set parameter ServerTimeout to value 600
Set parameter TokenServer to value "grb-ts.ufhpc"
Set parameter Threads to value 1
instance name= X-n359-k29
#########################################################################################
tree size= 0 lb= 0 ub= 51506
#########################################################################################
idx= 9 value= 51486.5 enu= 0
brc= 73-316 : -
brc= 8-153 : -
brc= 39-90 : +
brc= 0-111 : -
brc= 37-166 : +
brc= 73-149 : +
brc= 21-52 : -
brc= 110-112 : -
brc= 266-332 : -
brc= 37-151 : +
brc= 34-63 : +
brc= 110-111 : -
brc= 21-110 : -
brc= 110-126 : -
brc= 7-166 : -
brc= 63-98 : -
brc= 34-293 : -
brc= 39-151 : +
brc= 179-198 : -
brc= 7-254 : -
brc= 85-110 : -
brc= 84-131 : +
brc= 153-160 : -
brc= 27-307 : -
brc= 166-254 : -
brc= 98-166 : -
brc= 139-248 : +
-----------------------------------------------------------------------------------------
 ****** Pricing Level: LIGHT HEUR ****** 
it= 10  ncol= 3260  ncstr= 891  mt= 0.3   spt= 1.0   lpval= 51486.9   ub= 51505.0  
 ****** Pricing Level: HEAVY HEUR ****** 
it= 4   ncol= 3301  ncstr= 891  mt= 0.1   spt= 0.8   lpval= 51486.9   ub= 51505.0  
 ****** Pricing Level: EXACT ****** 
it= 5   ncol= 4434  ncstr= 891  mt= 0.5   spt= 44.6  lpval= 51486.8   ub= 51505.0  
-----------------------------------------------------------------------------------------
elapsed time= 56.90 s.
-----------------------------------------------------------------------------------------
-----------------------------------------------------------------------------------------
 ****** Run Arc Elimination ****** 
arc elimination time= 12.21 s.
previous= 17.4364% maximum= 1.98311%
eliminate bucket arcs time= 3.42 s.
obtain jump arcs time= 0.01 s.
-----------------------------------------------------------------------------------------
-----------------------------------------------------------------------------------------
elapsed time= 72.79 s.
-----------------------------------------------------------------------------------------
-----------------------------------------------------------------------------------------
 ****** Try Enumeration ****** 
n= 9.39619 stop_b= 10 status= LABEL_FOR_LIMIT
#labels= 50142 #routes= 39
labeling 1 time= 0.23 s.
next try value > 51487.8
-----------------------------------------------------------------------------------------
elapsed time= 73.10 s.
-----------------------------------------------------------------------------------------
 ****** Separate RCCs ****** 
 ****** Separate Rank1Cuts ****** 
-----------------------------------------------------------------------------------------
 ****** Pricing Level: LIGHT HEUR ****** 
it= 5   ncol= 4523  ncstr= 1061 mt= 1.3   spt= 0.2   lpval= 51493.1   ub= 51505.0  
 ****** Pricing Level: HEAVY HEUR ****** 
it= 7   ncol= 4646  ncstr= 1061 mt= 1.5   spt= 0.4   lpval= 51492.6   ub= 51505.0  
 ****** Pricing Level: EXACT ****** 
it= 6   ncol= 5923  ncstr= 1061 mt= 2.4   spt= 46.5  lpval= 51490.8   ub= 51505.0  
-----------------------------------------------------------------------------------------
elapsed time= 138.27 s.
-----------------------------------------------------------------------------------------
-----------------------------------------------------------------------------------------
 ****** Run Arc Elimination ****** 
arc elimination time= 7.28 s.
previous= 82.5746% maximum= 1.63755%
eliminate bucket arcs time= 1.82 s.
obtain jump arcs time= 0.01 s.
-----------------------------------------------------------------------------------------
-----------------------------------------------------------------------------------------
elapsed time= 147.41 s.
-----------------------------------------------------------------------------------------
-----------------------------------------------------------------------------------------
 ****** Try Enumeration ****** 
n= 9.44948 stop_b= 10 status= LABEL_FOR_LIMIT
#labels= 50031 #routes= 50
labeling 1 time= 0.16 s.
next try value > 51491.8
-----------------------------------------------------------------------------------------
elapsed time= 147.65 s.
-----------------------------------------------------------------------------------------
 ****** Separate RCCs ****** 
 ****** Separate Rank1Cuts ****** 
-----------------------------------------------------------------------------------------
 ****** Pricing Level: LIGHT HEUR ****** 
it= 6   ncol= 5974  ncstr= 1101 mt= 1.5   spt= 0.2   lpval= 51493.6   ub= 51505.0  
 ****** Pricing Level: HEAVY HEUR ****** 
it= 4   ncol= 6013  ncstr= 1101 mt= 0.5   spt= 0.2   lpval= 51493.6   ub= 51505.0  
 ****** Pricing Level: EXACT ****** 
it= 5   ncol= 6855  ncstr= 1101 mt= 2.1   spt= 40.6  lpval= 51492.8   ub= 51505.0  
-----------------------------------------------------------------------------------------
elapsed time= 207.91 s.
-----------------------------------------------------------------------------------------
-----------------------------------------------------------------------------------------
 ****** Run Arc Elimination ****** 
arc elimination time= 5.68 s.
previous= 88.3029% maximum= 1.446%
eliminate bucket arcs time= 1.57 s.
obtain jump arcs time= 0.01 s.
-----------------------------------------------------------------------------------------
-----------------------------------------------------------------------------------------
elapsed time= 215.20 s.
-----------------------------------------------------------------------------------------
-----------------------------------------------------------------------------------------
 ****** Try Enumeration ****** 
#labels= 220170 #routes= 267
labeling 1 time= 1.14 s.
concatenate time= 0.64 s.
#routes= 130922
average gap of successful enumeration= 0.000216982
next try value > 51491.8
-----------------------------------------------------------------------------------------
elapsed time= 217.07 s.
-----------------------------------------------------------------------------------------
 ****** Process Enumeration Matrix ****** 
delete non-ele routes lp val= 51493.3
recover rank1c lp val= 51495.7
recover rcc lp val= 51498.5
obtain rcc coefficient time= 0.14 s.
obtain r1c coefficient time= 0.18 s.
obtain matrix from triplets time= 0.20 s.
delete columns by branch time= 0.00 s.
columns pending deletion= 670 remain= 130922 col ratio= 0.994882 row ratio= 1
regenerate enumeration matrix time= 0.00 s.
-----------------------------------------------------------------------------------------
elapsed time= 241.34 s.
-----------------------------------------------------------------------------------------
it= 10  ncol= 4990  ncstr= 994  mt= 2.6   spt= 0.1   lpval= 51496.4   ub= 51505.0  
-----------------------------------------------------------------------------------------
elapsed time= 244.14 s.
-----------------------------------------------------------------------------------------
delete columns= 104875 remain= 26047
 ****** Separate RCCs ****** 
 ****** Separate Rank1Cuts ****** 
it= 8   ncol= 2939  ncstr= 985  mt= 1.4   spt= 0.0   lpval= 51499.0   ub= 51505.0  
-----------------------------------------------------------------------------------------
elapsed time= 252.40 s.
-----------------------------------------------------------------------------------------
delete columns= 16093 remain= 9954
mip: row= 884 col= 12489 density= 5.87519%
mip time= 14.93 s.
mip status= 6
update f from 0 to 5.95755
#########################################################################################
[32m<Instance: X-n359-k29>
<Solution>
<UB= 51505>
<LB= 51505>
<Elapsed Time= 270>
<Nodes Explored= 1>
<Global Gap= 0%>[0m
#########################################################################################
File nodes/X-n359-k29_2_1_0_3_0_6_3_4_G16.node deleted successfully.
