application type: CVRP
X-n359-k29_2_1_0_0_1_0_0_2_5_G16.node
Set parameter ServerTimeout to value 600
Set parameter TokenServer to value "grb-ts.ufhpc"
Set parameter Threads to value 1
instance name= X-n359-k29
#########################################################################################
tree size= 0 lb= 0 ub= 51506
#########################################################################################
idx= 11 value= 51485.4 enu= 0
brc= 73-316 : -
brc= 8-153 : -
brc= 39-90 : +
brc= 0-111 : -
brc= 37-166 : +
brc= 73-149 : +
brc= 21-52 : +
brc= 0-110 : -
brc= 37-151 : +
brc= 13-34 : +
brc= 7-166 : +
brc= 266-332 : -
brc= 26-72 : -
brc= 34-63 : +
brc= 88-117 : -
brc= 30-251 : -
brc= 46-150 : -
brc= 110-152 : -
brc= 84-125 : -
brc= 110-119 : +
-----------------------------------------------------------------------------------------
 ****** Pricing Level: LIGHT HEUR ****** 
it= 30  ncol= 3498  ncstr= 903  mt= 9.1   spt= 2.6   lpval= 51522.0   ub= 51505.0  
it= 60  ncol= 4212  ncstr= 903  mt= 5.8   spt= 2.7   lpval= 51507.4   ub= 51505.0  
 ****** Pricing Level: HEAVY HEUR ****** 
it= 26  ncol= 4921  ncstr= 903  mt= 6.2   spt= 4.7   lpval= 51497.8   ub= 51505.0  
 ****** Pricing Level: EXACT ****** 
it= 7   ncol= 7823  ncstr= 903  mt= 3.5   spt= 45.0  lpval= 51492.1   ub= 51505.0  
-----------------------------------------------------------------------------------------
elapsed time= 93.34 s.
-----------------------------------------------------------------------------------------
-----------------------------------------------------------------------------------------
 ****** Run Arc Elimination ****** 
arc elimination time= 4.97 s.
previous= 13.3408% maximum= 1.51889%
eliminate bucket arcs time= 2.39 s.
obtain jump arcs time= 0.01 s.
-----------------------------------------------------------------------------------------
-----------------------------------------------------------------------------------------
elapsed time= 100.96 s.
-----------------------------------------------------------------------------------------
-----------------------------------------------------------------------------------------
 ****** Try Enumeration ****** 
#labels= 250310 #routes= 261
labeling 1 time= 1.45 s.
concatenate time= 0.67 s.
#routes= 152462
average gap of successful enumeration= 0.00023157
next try value > 51467.3
-----------------------------------------------------------------------------------------
elapsed time= 103.18 s.
-----------------------------------------------------------------------------------------
 ****** Process Enumeration Matrix ****** 
delete non-ele routes lp val= 51494.2
recover rank1c lp val= 51497.8
recover rcc lp val= 51498.6
obtain rcc coefficient time= 0.14 s.
obtain r1c coefficient time= 0.16 s.
obtain matrix from triplets time= 0.22 s.
delete columns by branch time= 0.00 s.
columns pending deletion= 2212 remain= 152462 col ratio= 0.985491 row ratio= 1
regenerate enumeration matrix time= 0.00 s.
-----------------------------------------------------------------------------------------
elapsed time= 119.30 s.
-----------------------------------------------------------------------------------------
it= 10  ncol= 4400  ncstr= 854  mt= 1.2   spt= 0.1   lpval= 51497.4   ub= 51505.0  
-----------------------------------------------------------------------------------------
elapsed time= 120.70 s.
-----------------------------------------------------------------------------------------
delete columns= 135848 remain= 16614
 ****** Separate RCCs ****** 
 ****** Separate Rank1Cuts ****** 
it= 9   ncol= 2776  ncstr= 917  mt= 1.5   spt= 0.0   lpval= 51505.6   ub= 51505.0  
-----------------------------------------------------------------------------------------
elapsed time= 126.64 s.
-----------------------------------------------------------------------------------------
#########################################################################################
[32m<Instance: X-n359-k29>
<Solution>
<UB= 51505>
<LB= 51505>
<Elapsed Time= 126.6>
<Nodes Explored= 1>
<Global Gap= 0%>[0m
#########################################################################################
File nodes/X-n359-k29_2_1_0_0_1_0_0_2_5_G16.node deleted successfully.
