application type: CVRP
X-n359-k29_2_1_1_0_1_1_1_0_3_1_G16.node
Set parameter ServerTimeout to value 600
Set parameter TokenServer to value "grb-ts.ufhpc"
Set parameter Threads to value 1
instance name= X-n359-k29
#########################################################################################
tree size= 0 lb= 0 ub= 51506
#########################################################################################
idx= 3 value= 51484.8 enu= 0
brc= 73-316 : -
brc= 8-153 : -
brc= 39-90 : +
brc= 0-111 : -
brc= 37-166 : +
brc= 73-149 : -
brc= 266-332 : +
brc= 13-34 : +
brc= 7-166 : -
brc= 37-151 : +
brc= 64-111 : -
brc= 74-160 : +
brc= 98-166 : -
brc= 76-311 : +
brc= 52-312 : +
brc= 149-178 : -
brc= 227-237 : -
brc= 110-152 : -
brc= 21-110 : +
brc= 0-351 : -
brc= 123-226 : +
-----------------------------------------------------------------------------------------
 ****** Pricing Level: LIGHT HEUR ****** 
it= 18  ncol= 3523  ncstr= 854  mt= 0.6   spt= 2.7   lpval= 51485.7   ub= 51505.0  
 ****** Pricing Level: HEAVY HEUR ****** 
it= 6   ncol= 3622  ncstr= 854  mt= 0.9   spt= 1.7   lpval= 51485.5   ub= 51505.0  
 ****** Pricing Level: EXACT ****** 
it= 3   ncol= 3818  ncstr= 854  mt= 0.2   spt= 35.0  lpval= 51485.4   ub= 51505.0  
-----------------------------------------------------------------------------------------
elapsed time= 58.17 s.
-----------------------------------------------------------------------------------------
-----------------------------------------------------------------------------------------
 ****** Run Arc Elimination ****** 
arc elimination time= 5.10 s.
-----------------------------------------------------------------------------------------
-----------------------------------------------------------------------------------------
elapsed time= 63.77 s.
-----------------------------------------------------------------------------------------
 ****** Separate RCCs ****** 
 ****** Separate Rank1Cuts ****** 
-----------------------------------------------------------------------------------------
 ****** Pricing Level: LIGHT HEUR ****** 
it= 13  ncol= 4033  ncstr= 997  mt= 2.0   spt= 2.3   lpval= 51492.6   ub= 51505.0  
 ****** Pricing Level: HEAVY HEUR ****** 
it= 6   ncol= 4129  ncstr= 997  mt= 1.1   spt= 1.8   lpval= 51492.3   ub= 51505.0  
 ****** Pricing Level: EXACT ****** 
it= 3   ncol= 5052  ncstr= 997  mt= 2.0   spt= 33.4  lpval= 51490.3   ub= 51505.0  
-----------------------------------------------------------------------------------------
elapsed time= 119.55 s.
-----------------------------------------------------------------------------------------
#########################################################################################
[1;36m[REMIND] roll back to the previous cutting iteration! in function rollbackEasyWay at /blue/yu.yang1/you.z/route_opt/packages/application/X-n359-k29/src/main/src/call_cutting.cpp:38[0m
#########################################################################################
[1;36m[REMIND] opt_k not found for node 3, use m directly in function getOptK at /blue/yu.yang1/you.z/route_opt/packages/branching/bkf/include/bkf_controller.hpp:239[0m
current_r_best= 0.452026
we directly test 100
we directly test 4
pseudo= 50 frac= 50
#candidates in phase1= 100
testing lp time= 120.27 s.
-----------------------------------------------------------------------------------------
 26-126 , 376.11|  88-142 , 196.80|  26-341 , 195.63|  65-122 , 143.69|   0-21  , 137.57| 
 98-219 , 128.44| 110-111 , 119.35| 282-352 , 115.55|  98-254 , 112.48|  36-356 ,  99.53| 
  1-90  ,  90.90| 115-196 ,  84.55|  59-78  ,  81.27|   0-282 ,  79.71|   9-317 ,  74.82| 
  0-345 ,  74.19| 166-219 ,  59.83|  80-97  ,  55.86|   4-62  ,  54.01|   0-211 ,  54.00| 
 40-67  ,  53.52|  10-119 ,  53.42| 169-282 ,  52.98| 240-332 ,  51.59|   9-147 ,  47.77| 
 33-334 ,  47.16| 292-299 ,  46.38|  15-127 ,  44.94|  82-152 ,  44.43|   6-22  ,  44.32| 
 33-237 ,  43.43|   0-31  ,  35.97|  33-294 ,  35.77|   9-229 ,  33.85|   0-42  ,  33.62| 
205-347 ,  32.39|  50-152 ,  32.10| 139-248 ,  30.76|  74-90  ,  29.31| 130-134 ,  26.13| 
285-326 ,  24.29|   0-294 ,  24.24|  42-193 ,  21.81|   9-253 ,  21.68|   3-149 ,  20.87| 
 93-345 ,  20.14| 234-257 ,  18.92|  73-175 ,  18.49| 300-352 ,  18.36|   5-108 ,  17.40| 
162-286 ,  15.82| 174-205 ,  15.80|  31-300 ,  15.74|   3-345 ,  14.42|  66-280 ,  13.92| 
143-311 ,  13.76|  28-120 ,  12.86| 205-303 ,  12.08|  29-119 ,  11.60| 244-280 ,  11.10| 
117-307 ,  10.48|  41-288 ,  10.47|  29-88  ,  10.26|   0-82  ,   9.47|  62-287 ,   9.44| 
106-277 ,   9.16|  66-201 ,   8.54| 262-356 ,   8.54| 103-334 ,   8.02|  33-81  ,   7.99| 
 47-79  ,   7.91| 102-276 ,   7.34|  31-231 ,   6.98|  69-208 ,   6.84|   0-73  ,   6.43| 
297-298 ,   6.41| 143-334 ,   6.38|  73-303 ,   6.36| 294-299 ,   6.07|  55-80  ,   5.97| 
231-300 ,   5.84| 175-355 ,   4.81|  86-183 ,   3.74| 187-211 ,   3.60| 189-275 ,   3.39| 
 24-257 ,   2.45| 121-231 ,   1.26| 249-353 ,   1.23| 203-304 ,   1.16| 103-320 ,   1.07| 
  0-355 ,   1.01| 167-314 ,   0.97| 182-298 ,   0.95| 129-182 ,   0.80|  16-298 ,   0.72| 
129-331 ,   0.69| 156-344 ,   0.59| 156-209 ,   0.59|   0-262 ,   0.35|   0-298 ,   0.06| 
-----------------------------------------------------------------------------------------
edge= 65 122 lp= 1.0253 pre= 2 lp2= 140.144 pre2= 2 score= 143.69
-----------------------------------------------------------------------------------------
edge= 26 341 lp= 1.39592 pre= 2 lp2= 140.144 pre2= 2 score= 195.63
-----------------------------------------------------------------------------------------
edge= 88 142 lp= 1.40426 pre= 2 lp2= 140.144 pre2= 2 score= 196.798
-----------------------------------------------------------------------------------------
edge= 26 126 lp= 140.144 pre= 2 lp2= 2.68377 pre2= 2 score= 376.114
-----------------------------------------------------------------------------------------
candidate= 26-126 : -
-----------------------------------------------------------------------------------------
-----------------------------------------------------------------------------------------
 ****** Pricing Level: LIGHT HEUR ****** 
it= 26  ncol= 3101  ncstr= 841  mt= 9.7   spt= 4.4   lpval= 51511.6   ub= 51505.0  
 ****** Pricing Level: HEAVY HEUR ****** 
it= 11  ncol= 3349  ncstr= 841  mt= 4.7   spt= 3.2   lpval= 51497.2   ub= 51505.0  
-----------------------------------------------------------------------------------------
elapsed time= 267.48 s.
-----------------------------------------------------------------------------------------
candidate= 88-142 : -
-----------------------------------------------------------------------------------------
-----------------------------------------------------------------------------------------
 ****** Pricing Level: LIGHT HEUR ****** 
it= 11  ncol= 2785  ncstr= 841  mt= 1.1   spt= 1.8   lpval= 51486.8   ub= 51505.0  
 ****** Pricing Level: HEAVY HEUR ****** 
it= 7   ncol= 2870  ncstr= 841  mt= 0.7   spt= 2.0   lpval= 51486.6   ub= 51505.0  
-----------------------------------------------------------------------------------------
elapsed time= 275.35 s.
-----------------------------------------------------------------------------------------
candidate= 26-341 : -
-----------------------------------------------------------------------------------------
-----------------------------------------------------------------------------------------
 ****** Pricing Level: LIGHT HEUR ****** 
it= 11  ncol= 2835  ncstr= 841  mt= 1.3   spt= 1.8   lpval= 51486.8   ub= 51505.0  
 ****** Pricing Level: HEAVY HEUR ****** 
it= 9   ncol= 3021  ncstr= 841  mt= 1.1   spt= 2.7   lpval= 51486.4   ub= 51505.0  
-----------------------------------------------------------------------------------------
elapsed time= 284.75 s.
-----------------------------------------------------------------------------------------
candidate= 88-142 : +
-----------------------------------------------------------------------------------------
-----------------------------------------------------------------------------------------
 ****** Pricing Level: LIGHT HEUR ****** 
it= 17  ncol= 2955  ncstr= 841  mt= 6.0   spt= 2.8   lpval= 51497.7   ub= 51505.0  
 ****** Pricing Level: HEAVY HEUR ****** 
it= 6   ncol= 3063  ncstr= 841  mt= 1.7   spt= 1.8   lpval= 51493.6   ub= 51505.0  
-----------------------------------------------------------------------------------------
elapsed time= 299.84 s.
-----------------------------------------------------------------------------------------
candidate= 65-122 : -
-----------------------------------------------------------------------------------------
-----------------------------------------------------------------------------------------
 ****** Pricing Level: LIGHT HEUR ****** 
it= 22  ncol= 3070  ncstr= 841  mt= 1.5   spt= 3.6   lpval= 51486.4   ub= 51505.0  
 ****** Pricing Level: HEAVY HEUR ****** 
it= 12  ncol= 3308  ncstr= 841  mt= 1.2   spt= 3.6   lpval= 51486.0   ub= 51505.0  
-----------------------------------------------------------------------------------------
elapsed time= 314.27 s.
-----------------------------------------------------------------------------------------
candidate= 26-341 : +
-----------------------------------------------------------------------------------------
-----------------------------------------------------------------------------------------
 ****** Pricing Level: LIGHT HEUR ****** 
it= 30  ncol= 3409  ncstr= 841  mt= 15.7  spt= 4.6   lpval= 51506.3   ub= 51505.0  
it= 33  ncol= 3416  ncstr= 841  mt= 0.3   spt= 0.5   lpval= 51505.9   ub= 51505.0  
 ****** Pricing Level: HEAVY HEUR ****** 
it= 12  ncol= 3674  ncstr= 841  mt= 3.2   spt= 3.5   lpval= 51501.2   ub= 51505.0  
-----------------------------------------------------------------------------------------
elapsed time= 347.69 s.
-----------------------------------------------------------------------------------------
candidate= 65-122 : +
-----------------------------------------------------------------------------------------
-----------------------------------------------------------------------------------------
 ****** Pricing Level: LIGHT HEUR ****** 
it= 26  ncol= 3229  ncstr= 841  mt= 17.2  spt= 4.1   lpval= 51538.6   ub= 51505.0  
 ****** Pricing Level: HEAVY HEUR ****** 
it= 23  ncol= 3614  ncstr= 841  mt= 7.6   spt= 6.9   lpval= 51513.2   ub= 51505.0  
-----------------------------------------------------------------------------------------
elapsed time= 389.98 s.
-----------------------------------------------------------------------------------------
candidate= 26-126 : +
-----------------------------------------------------------------------------------------
-----------------------------------------------------------------------------------------
 ****** Pricing Level: LIGHT HEUR ****** 
it= 17  ncol= 2983  ncstr= 841  mt= 2.8   spt= 3.0   lpval= 51487.4   ub= 51505.0  
 ****** Pricing Level: HEAVY HEUR ****** 
it= 8   ncol= 3109  ncstr= 841  mt= 1.6   spt= 2.4   lpval= 51486.1   ub= 51505.0  
-----------------------------------------------------------------------------------------
elapsed time= 403.10 s.
-----------------------------------------------------------------------------------------
brc= 65-122
t= 0.601349 c= 188.235 n= 0 if_b4= 1
t= 20.2978 c= 167.179 n= 0 if_b4= 1
nodes already exists
memory usage= 6GB.
#########################################################################################
tree size= 0 lb= 51485.4 ub= 51505
#########################################################################################
idx= 2 value= 51485.4 enu= 0
brc= 73-316 : -
brc= 8-153 : -
brc= 39-90 : +
brc= 0-111 : -
brc= 37-166 : +
brc= 73-149 : -
brc= 266-332 : +
brc= 13-34 : +
brc= 7-166 : -
brc= 37-151 : +
brc= 64-111 : -
brc= 74-160 : +
brc= 98-166 : -
brc= 76-311 : +
brc= 52-312 : +
brc= 149-178 : -
brc= 227-237 : -
brc= 110-152 : -
brc= 21-110 : +
brc= 0-351 : -
brc= 123-226 : +
brc= 65-122 : -
-----------------------------------------------------------------------------------------
 ****** Pricing Level: LIGHT HEUR ****** 
it= 12  ncol= 2793  ncstr= 840  mt= 1.2   spt= 2.1   lpval= 51486.4   ub= 51505.0  
 ****** Pricing Level: HEAVY HEUR ****** 
it= 9   ncol= 2916  ncstr= 840  mt= 0.9   spt= 2.8   lpval= 51486.1   ub= 51505.0  
 ****** Pricing Level: EXACT ****** 
it= 4   ncol= 3427  ncstr= 840  mt= 0.5   spt= 50.5  lpval= 51485.9   ub= 51505.0  
-----------------------------------------------------------------------------------------
elapsed time= 466.11 s.
-----------------------------------------------------------------------------------------
 ****** Separate RCCs ****** 
 ****** Separate Rank1Cuts ****** 
-----------------------------------------------------------------------------------------
 ****** Pricing Level: LIGHT HEUR ****** 
it= 10  ncol= 3622  ncstr= 998  mt= 2.8   spt= 1.9   lpval= 51494.4   ub= 51505.0  
 ****** Pricing Level: HEAVY HEUR ****** 
it= 12  ncol= 3828  ncstr= 998  mt= 3.0   spt= 3.8   lpval= 51493.0   ub= 51505.0  
 ****** Pricing Level: EXACT ****** 
it= 1   ncol= 3828  ncstr= 998  mt= 0.0   spt= 10.3  lpval= 51493.0   ub= 51505.0  
-----------------------------------------------------------------------------------------
elapsed time= 501.82 s.
-----------------------------------------------------------------------------------------
#########################################################################################
[1;36m[REMIND] roll back to the previous cutting iteration! in function rollbackEasyWay at /blue/yu.yang1/you.z/route_opt/packages/application/X-n359-k29/src/main/src/call_cutting.cpp:38[0m
#########################################################################################
current_r_best= 0.349634
pseudo= 50 frac= 50
#candidates in phase1= 37
testing lp time= 36.96 s.
-----------------------------------------------------------------------------------------
 98-219 , 913323.46|  98-254 , 796744.61|  81-292 , 747242.72|   0-42  , 680532.56|   9-253 , 553167.45| 
  9-229 , 531317.55|  59-78  , 505791.89|   0-345 , 462854.91| 166-219 , 395149.83|   9-147 , 353852.24| 
 10-119 , 351909.04|   0-211 , 337542.16|   4-62  , 337538.12|   6-22  , 330120.74| 151-271 , 324965.15| 
 39-151 , 324892.38|  39-67  , 324885.79| 158-163 , 324884.69|  33-237 , 310656.59|  74-163 , 291362.13| 
 84-153 , 291351.41|  90-98  , 291336.11| 152-338 , 291326.71|  85-153 , 210474.44| 205-347 , 202044.12| 
 29-251 , 186433.59|  29-164 , 173837.99|   0-349 , 114564.32| 223-322 , 97711.31|  83-152 , 62400.00| 
287-308 , 41995.49| 177-178 , 41524.16| 115-239 , 33899.89|  74-90  ,  41.41| 292-299 ,  32.34| 
143-334 ,   5.00| 174-286 ,   0.10| 
-----------------------------------------------------------------------------------------
edge= 81 292 lp= 0.787804 pre= 2 lp2= 1000 pre2= 2 score= 787.804
-----------------------------------------------------------------------------------------
edge= 98 254 lp= 1000 pre= 2 lp2= 0.839992 pre2= 0 score= 839.992
-----------------------------------------------------------------------------------------
edge= 98 219 lp= 1000 pre= 2 lp2= 0.962899 pre2= 2 score= 962.899
-----------------------------------------------------------------------------------------
candidate= 98-219 : -
-----------------------------------------------------------------------------------------
-----------------------------------------------------------------------------------------
 ****** Pricing Level: LIGHT HEUR ****** 
it= 30  ncol= 3065  ncstr= 831  mt= 12.1  spt= 5.4   lpval= 51520.9   ub= 51505.0  
it= 35  ncol= 3077  ncstr= 831  mt= 0.3   spt= 1.0   lpval= 51520.9   ub= 51505.0  
 ****** Pricing Level: HEAVY HEUR ****** 
it= 25  ncol= 3606  ncstr= 831  mt= 6.3   spt= 7.8   lpval= 51507.0   ub= 51505.0  
-----------------------------------------------------------------------------------------
elapsed time= 580.62 s.
-----------------------------------------------------------------------------------------
candidate= 98-254 : -
-----------------------------------------------------------------------------------------
-----------------------------------------------------------------------------------------
 ****** Pricing Level: LIGHT HEUR ****** 
it= 30  ncol= 3191  ncstr= 831  mt= 10.5  spt= 5.0   lpval= 51537.4   ub= 51505.0  
it= 35  ncol= 3243  ncstr= 831  mt= 0.6   spt= 0.9   lpval= 51536.8   ub= 51505.0  
 ****** Pricing Level: HEAVY HEUR ****** 
it= 29  ncol= 3872  ncstr= 831  mt= 8.8   spt= 8.8   lpval= 51509.2   ub= 51505.0  
-----------------------------------------------------------------------------------------
elapsed time= 623.55 s.
-----------------------------------------------------------------------------------------
candidate= 81-292 : -
-----------------------------------------------------------------------------------------
-----------------------------------------------------------------------------------------
 ****** Pricing Level: LIGHT HEUR ****** 
it= 21  ncol= 2767  ncstr= 831  mt= 1.6   spt= 3.8   lpval= 51486.7   ub= 51505.0  
 ****** Pricing Level: HEAVY HEUR ****** 
it= 10  ncol= 2944  ncstr= 831  mt= 0.8   spt= 3.2   lpval= 51486.5   ub= 51505.0  
-----------------------------------------------------------------------------------------
elapsed time= 637.06 s.
-----------------------------------------------------------------------------------------
candidate= 81-292 : +
-----------------------------------------------------------------------------------------
-----------------------------------------------------------------------------------------
 ****** Pricing Level: LIGHT HEUR ****** 
it= 30  ncol= 3197  ncstr= 831  mt= 13.2  spt= 5.0   lpval= 51558.7   ub= 51505.0  
it= 39  ncol= 3353  ncstr= 831  mt= 2.1   spt= 1.6   lpval= 51550.2   ub= 51505.0  
 ****** Pricing Level: HEAVY HEUR ****** 
it= 26  ncol= 3960  ncstr= 831  mt= 6.9   spt= 8.0   lpval= 51512.9   ub= 51505.0  
-----------------------------------------------------------------------------------------
elapsed time= 682.30 s.
-----------------------------------------------------------------------------------------
candidate= 98-219 : +
-----------------------------------------------------------------------------------------
-----------------------------------------------------------------------------------------
 ****** Pricing Level: LIGHT HEUR ****** 
it= 14  ncol= 2567  ncstr= 831  mt= 1.1   spt= 2.5   lpval= 51486.9   ub= 51505.0  
 ****** Pricing Level: HEAVY HEUR ****** 
it= 8   ncol= 2724  ncstr= 831  mt= 0.6   spt= 2.5   lpval= 51486.8   ub= 51505.0  
-----------------------------------------------------------------------------------------
elapsed time= 692.04 s.
-----------------------------------------------------------------------------------------
candidate= 98-254 : +
-----------------------------------------------------------------------------------------
-----------------------------------------------------------------------------------------
 ****** Pricing Level: LIGHT HEUR ****** 
it= 26  ncol= 2907  ncstr= 831  mt= 2.3   spt= 4.4   lpval= 51486.8   ub= 51505.0  
 ****** Pricing Level: HEAVY HEUR ****** 
it= 21  ncol= 3283  ncstr= 831  mt= 1.7   spt= 6.6   lpval= 51486.8   ub= 51505.0  
-----------------------------------------------------------------------------------------
elapsed time= 713.36 s.
-----------------------------------------------------------------------------------------
brc= 98-254
t= 0.55039 c= 186.539 n= 1 if_b4= 1
t= 24.6234 c= 141.827 n= 1 if_b4= 1
nodes already exists
memory usage= 6GB.
#########################################################################################
tree size= 0 lb= 51485.9 ub= 51505
#########################################################################################
idx= 4 value= 51485.9 enu= 0
brc= 73-316 : -
brc= 8-153 : -
brc= 39-90 : +
brc= 0-111 : -
brc= 37-166 : +
brc= 73-149 : -
brc= 266-332 : +
brc= 13-34 : +
brc= 7-166 : -
brc= 37-151 : +
brc= 64-111 : -
brc= 74-160 : +
brc= 98-166 : -
brc= 76-311 : +
brc= 52-312 : +
brc= 149-178 : -
brc= 227-237 : -
brc= 110-152 : -
brc= 21-110 : +
brc= 0-351 : -
brc= 123-226 : +
brc= 65-122 : -
brc= 98-254 : -
-----------------------------------------------------------------------------------------
 ****** Pricing Level: LIGHT HEUR ****** 
it= 30  ncol= 3146  ncstr= 830  mt= 8.5   spt= 4.9   lpval= 51539.6   ub= 51505.0  
it= 42  ncol= 3336  ncstr= 830  mt= 1.8   spt= 2.1   lpval= 51536.8   ub= 51505.0  
 ****** Pricing Level: HEAVY HEUR ****** 
it= 27  ncol= 4034  ncstr= 830  mt= 9.1   spt= 8.3   lpval= 51510.6   ub= 51505.0  
 ****** Pricing Level: EXACT ****** 
it= 7   ncol= 5856  ncstr= 830  mt= 2.9   spt= 80.0  lpval= 51501.3   ub= 51505.0  
-----------------------------------------------------------------------------------------
elapsed time= 842.50 s.
-----------------------------------------------------------------------------------------
-----------------------------------------------------------------------------------------
 ****** Run Arc Elimination ****** 
arc elimination time= 2.23 s.
previous= 6.25732% maximum= 0.712287%
eliminate bucket arcs time= 2.95 s.
obtain jump arcs time= 0.01 s.
-----------------------------------------------------------------------------------------
-----------------------------------------------------------------------------------------
elapsed time= 847.75 s.
-----------------------------------------------------------------------------------------
-----------------------------------------------------------------------------------------
 ****** Try Enumeration ****** 
#labels= 25550 #routes= 60
labeling 1 time= 0.12 s.
concatenate time= 0.01 s.
#routes= 2908
average gap of successful enumeration= 5.18837e-05
next try value > 51476.6
-----------------------------------------------------------------------------------------
elapsed time= 848.00 s.
-----------------------------------------------------------------------------------------
 ****** Process Enumeration Matrix ****** 
delete non-ele routes lp val= 51504.5
recover rank1c lp val= 51511.3
recover rcc lp val= 51512.2
obtain rcc coefficient time= 0.00 s.
obtain r1c coefficient time= 0.00 s.
obtain matrix from triplets time= 0.01 s.
delete columns by branch time= 0.00 s.
columns pending deletion= 60 remain= 2908 col ratio= 0.979367 row ratio= 1
regenerate enumeration matrix time= 0.00 s.
-----------------------------------------------------------------------------------------
elapsed time= 863.48 s.
-----------------------------------------------------------------------------------------
it= 4   ncol= 3493  ncstr= 784  mt= 0.7   spt= 0.0   lpval= 51509.9   ub= 51505.0  
-----------------------------------------------------------------------------------------
elapsed time= 864.21 s.
-----------------------------------------------------------------------------------------
#########################################################################################
[32m<Instance: X-n359-k29>
<Solution>
<UB= 51505>
<LB= 51505>
<Elapsed Time= 864.2>
<Nodes Explored= 3>
<Global Gap= 0%>[0m
#########################################################################################
File nodes/X-n359-k29_2_1_1_0_1_1_1_0_3_1_G16.node deleted successfully.
