application type: CVRP
X-n359-k29_0_0_0_1_2_1_1_1_0_G16.node
Set parameter ServerTimeout to value 600
Set parameter TokenServer to value "grb-ts.ufhpc"
Set parameter Threads to value 1
instance name= X-n359-k29
#########################################################################################
tree size= 0 lb= 0 ub= 51506
#########################################################################################
idx= 1 value= 51477.9 enu= 0
brc= 73-316 : +
brc= 0-85 : +
brc= 73-149 : +
brc= 39-67 : -
brc= 85-170 : +
brc= 8-153 : -
brc= 153-160 : -
brc= 39-90 : +
brc= 110-112 : -
brc= 88-117 : +
brc= 1-90 : -
brc= 169-282 : +
brc= 90-163 : -
brc= 3-345 : +
brc= 21-52 : +
-----------------------------------------------------------------------------------------
 ****** Pricing Level: LIGHT HEUR ****** 
it= 18  ncol= 4669  ncstr= 934  mt= 0.7   spt= 2.6   lpval= 51484.2   ub= 51505.0  
 ****** Pricing Level: HEAVY HEUR ****** 
it= 5   ncol= 4728  ncstr= 934  mt= 1.0   spt= 1.4   lpval= 51483.8   ub= 51505.0  
 ****** Pricing Level: EXACT ****** 
it= 6   ncol= 5599  ncstr= 934  mt= 3.0   spt= 65.8  lpval= 51481.8   ub= 51505.0  
-----------------------------------------------------------------------------------------
elapsed time= 94.28 s.
-----------------------------------------------------------------------------------------
-----------------------------------------------------------------------------------------
 ****** Run Arc Elimination ****** 
arc elimination time= 5.80 s.
-----------------------------------------------------------------------------------------
-----------------------------------------------------------------------------------------
elapsed time= 100.59 s.
-----------------------------------------------------------------------------------------
 ****** Separate RCCs ****** 
 ****** Separate Rank1Cuts ****** 
-----------------------------------------------------------------------------------------
 ****** Pricing Level: LIGHT HEUR ****** 
it= 4   ncol= 5689  ncstr= 1037 mt= 1.6   spt= 0.6   lpval= 51485.0   ub= 51505.0  
 ****** Pricing Level: HEAVY HEUR ****** 
it= 4   ncol= 5740  ncstr= 1037 mt= 0.4   spt= 1.2   lpval= 51484.9   ub= 51505.0  
 ****** Pricing Level: EXACT ****** 
it= 1   ncol= 5740  ncstr= 1037 mt= 0.0   spt= 10.0  lpval= 51484.9   ub= 51505.0  
-----------------------------------------------------------------------------------------
elapsed time= 127.47 s.
-----------------------------------------------------------------------------------------
#########################################################################################
[1;36m[REMIND] roll back to the previous cutting iteration! in function rollbackEasyWay at /blue/yu.yang1/you.z/route_opt/packages/application/X-n359-k29/src/main/src/call_cutting.cpp:38[0m
#########################################################################################
[1;36m[REMIND] opt_k not found for node 1, use m directly in function getOptK at /blue/yu.yang1/you.z/route_opt/packages/branching/bkf/include/bkf_controller.hpp:239[0m
current_r_best= 2.85791
we directly test 100
we directly test 4
pseudo= 50 frac= 50
#candidates in phase1= 100
testing lp time= 165.08 s.
-----------------------------------------------------------------------------------------
119-312 ,  44.02| 110-126 ,  38.76| 266-332 ,  35.08|  26-72  ,  31.08|   0-83  ,  30.83| 
 64-111 ,  30.19| 110-153 ,  29.86| 110-131 ,  27.13|   0-110 ,  25.70| 180-285 ,  24.48| 
  0-70  ,  23.71| 250-261 ,  22.43|  15-340 ,  22.28|  15-261 ,  22.07|  26-293 ,  21.23| 
 70-265 ,  19.95|   1-166 ,  19.25| 126-293 ,  19.21|  87-172 ,  19.06|  15-50  ,  18.84| 
206-270 ,  16.30| 201-250 ,  15.46|  15-150 ,  15.45|  13-34  ,  14.83|  84-112 ,  13.71| 
265-356 ,  13.66|  26-46  ,  13.43| 112-152 ,  12.07|  84-131 ,  12.00| 150-340 ,  11.91| 
  0-153 ,  11.40|  46-64  ,  11.10|  89-354 ,  10.87|  89-340 ,  10.85|  37-166 ,  10.84| 
 93-109 ,  10.65| 315-343 ,  10.57| 173-297 ,  10.47|  33-81  ,  10.34| 293-341 ,  10.27| 
  0-294 ,  10.16|  75-83  ,  10.07|   0-105 ,  10.02|  13-340 ,   9.99| 106-277 ,   9.75| 
 74-90  ,   9.70|  90-166 ,   9.53| 305-350 ,   9.20|   0-150 ,   9.12|  83-84  ,   8.95| 
  8-83  ,   8.95|  83-105 ,   8.87| 133-172 ,   8.48|  17-89  ,   8.44|  98-254 ,   8.07| 
 34-293 ,   7.97| 106-119 ,   6.00| 254-271 ,   5.98| 233-239 ,   5.90|  95-109 ,   5.70| 
 75-84  ,   5.53| 234-276 ,   5.51|  35-308 ,   4.78| 215-334 ,   4.60| 188-287 ,   4.04| 
 49-187 ,   3.66| 208-323 ,   3.22|  60-183 ,   2.87| 202-356 ,   2.86|   0-154 ,   2.66| 
  0-86  ,   2.64|   0-81  ,   2.60| 243-350 ,   2.54|   0-17  ,   2.45| 114-273 ,   2.44| 
205-303 ,   2.32| 182-288 ,   2.19| 193-222 ,   2.00|  95-193 ,   1.92| 202-231 ,   1.74| 
133-177 ,   1.73|   0-133 ,   1.73|   0-252 ,   1.52|  60-318 ,   1.44| 121-298 ,   1.30| 
289-353 ,   1.27| 129-236 ,   0.98| 121-216 ,   0.91| 179-259 ,   0.82|   0-321 ,   0.79| 
182-231 ,   0.78| 260-300 ,   0.71| 266-321 ,   0.71|  66-243 ,   0.38|  25-289 ,   0.22| 
  0-66  ,   0.21|   0-235 ,   0.19| 102-208 ,   0.13| 175-249 ,   0.09| 185-258 ,   0.08| 
-----------------------------------------------------------------------------------------
edge= 26 72 lp= 1.74319 pre= 2 lp2= 17.8306 pre2= 2 score= 31.0821
-----------------------------------------------------------------------------------------
edge= 266 332 lp= 1.74176 pre= 0 lp2= 20.1432 pre2= 1 score= 35.0846
-----------------------------------------------------------------------------------------
edge= 110 126 lp= 0.917004 pre= 2 lp2= 42.2669 pre2= 2 score= 38.759
-----------------------------------------------------------------------------------------
edge= 119 312 lp= 2.14715 pre= 0 lp2= 20.5029 pre2= 2 score= 44.0227
-----------------------------------------------------------------------------------------
candidate= 119-312 : +
-----------------------------------------------------------------------------------------
-----------------------------------------------------------------------------------------
 ****** Pricing Level: LIGHT HEUR ****** 
it= 20  ncol= 4274  ncstr= 897  mt= 5.3   spt= 2.9   lpval= 51493.1   ub= 51505.0  
 ****** Pricing Level: HEAVY HEUR ****** 
it= 7   ncol= 4396  ncstr= 897  mt= 2.1   spt= 1.8   lpval= 51490.7   ub= 51505.0  
-----------------------------------------------------------------------------------------
elapsed time= 309.63 s.
-----------------------------------------------------------------------------------------
candidate= 110-126 : -
-----------------------------------------------------------------------------------------
-----------------------------------------------------------------------------------------
 ****** Pricing Level: LIGHT HEUR ****** 
it= 7   ncol= 3848  ncstr= 897  mt= 1.2   spt= 1.0   lpval= 51482.8   ub= 51505.0  
 ****** Pricing Level: HEAVY HEUR ****** 
it= 4   ncol= 3897  ncstr= 897  mt= 0.1   spt= 1.2   lpval= 51482.8   ub= 51505.0  
-----------------------------------------------------------------------------------------
elapsed time= 314.75 s.
-----------------------------------------------------------------------------------------
candidate= 110-126 : +
-----------------------------------------------------------------------------------------
-----------------------------------------------------------------------------------------
 ****** Pricing Level: LIGHT HEUR ****** 
it= 21  ncol= 4212  ncstr= 897  mt= 7.6   spt= 2.9   lpval= 51499.4   ub= 51505.0  
 ****** Pricing Level: HEAVY HEUR ****** 
it= 11  ncol= 4387  ncstr= 897  mt= 3.2   spt= 2.8   lpval= 51495.5   ub= 51505.0  
-----------------------------------------------------------------------------------------
elapsed time= 335.79 s.
-----------------------------------------------------------------------------------------
brc= 266-332
t= 0.825408 c= 134.9 n= 0 if_b4= 1
t= 14.018 c= 196.414 n= 0 if_b4= 1
nodes already exists
memory usage= 7GB.
#########################################################################################
tree size= 0 lb= 51481.8 ub= 51505
#########################################################################################
idx= 2 value= 51481.8 enu= 0
brc= 73-316 : +
brc= 0-85 : +
brc= 73-149 : +
brc= 39-67 : -
brc= 85-170 : +
brc= 8-153 : -
brc= 153-160 : -
brc= 39-90 : +
brc= 110-112 : -
brc= 88-117 : +
brc= 1-90 : -
brc= 169-282 : +
brc= 90-163 : -
brc= 3-345 : +
brc= 21-52 : +
brc= 266-332 : -
-----------------------------------------------------------------------------------------
 ****** Pricing Level: LIGHT HEUR ****** 
it= 5   ncol= 3823  ncstr= 896  mt= 1.2   spt= 0.8   lpval= 51483.6   ub= 51505.0  
 ****** Pricing Level: HEAVY HEUR ****** 
it= 5   ncol= 3911  ncstr= 896  mt= 0.1   spt= 1.4   lpval= 51483.6   ub= 51505.0  
 ****** Pricing Level: EXACT ****** 
it= 4   ncol= 4389  ncstr= 896  mt= 0.7   spt= 43.2  lpval= 51483.5   ub= 51505.0  
-----------------------------------------------------------------------------------------
elapsed time= 386.77 s.
-----------------------------------------------------------------------------------------
 ****** Separate RCCs ****** 
 ****** Separate Rank1Cuts ****** 
-----------------------------------------------------------------------------------------
 ****** Pricing Level: LIGHT HEUR ****** 
it= 5   ncol= 4447  ncstr= 1018 mt= 1.4   spt= 0.7   lpval= 51487.0   ub= 51505.0  
 ****** Pricing Level: HEAVY HEUR ****** 
it= 3   ncol= 4489  ncstr= 1018 mt= 0.7   spt= 0.9   lpval= 51486.9   ub= 51505.0  
 ****** Pricing Level: EXACT ****** 
it= 4   ncol= 5402  ncstr= 1018 mt= 1.9   spt= 46.0  lpval= 51486.2   ub= 51505.0  
-----------------------------------------------------------------------------------------
elapsed time= 456.48 s.
-----------------------------------------------------------------------------------------
-----------------------------------------------------------------------------------------
 ****** Run Arc Elimination ****** 
arc elimination time= 16.33 s.
previous= 18.3263% maximum= 2.05299%
eliminate bucket arcs time= 4.39 s.
obtain jump arcs time= 0.01 s.
-----------------------------------------------------------------------------------------
-----------------------------------------------------------------------------------------
elapsed time= 477.31 s.
-----------------------------------------------------------------------------------------
-----------------------------------------------------------------------------------------
 ****** Try Enumeration ****** 
n= 9.12644 stop_b= 10 status= LABEL_FOR_LIMIT
#labels= 50089 #routes= 45
labeling 1 time= 0.31 s.
next try value > 51487.2
-----------------------------------------------------------------------------------------
elapsed time= 477.79 s.
-----------------------------------------------------------------------------------------
 ****** Separate RCCs ****** 
 ****** Separate Rank1Cuts ****** 
-----------------------------------------------------------------------------------------
 ****** Pricing Level: LIGHT HEUR ****** 
it= 2   ncol= 5404  ncstr= 1043 mt= 1.5   spt= 0.1   lpval= 51488.7   ub= 51505.0  
 ****** Pricing Level: HEAVY HEUR ****** 
it= 3   ncol= 5433  ncstr= 1043 mt= 0.9   spt= 0.3   lpval= 51488.6   ub= 51505.0  
 ****** Pricing Level: EXACT ****** 
it= 5   ncol= 6549  ncstr= 1043 mt= 2.4   spt= 42.7  lpval= 51488.2   ub= 51505.0  
-----------------------------------------------------------------------------------------
elapsed time= 546.54 s.
-----------------------------------------------------------------------------------------
-----------------------------------------------------------------------------------------
 ****** Run Arc Elimination ****** 
arc elimination time= 11.64 s.
previous= 92.1137% maximum= 1.89109%
eliminate bucket arcs time= 2.06 s.
obtain jump arcs time= 0.01 s.
-----------------------------------------------------------------------------------------
-----------------------------------------------------------------------------------------
elapsed time= 560.35 s.
-----------------------------------------------------------------------------------------
-----------------------------------------------------------------------------------------
 ****** Try Enumeration ****** 
n= 9.17776 stop_b= 10 status= LABEL_FOR_LIMIT
#labels= 50101 #routes= 40
labeling 1 time= 0.20 s.
next try value > 51490.8
-----------------------------------------------------------------------------------------
elapsed time= 560.72 s.
-----------------------------------------------------------------------------------------
 ****** Separate RCCs ****** 
 ****** Separate Rank1Cuts ****** 
-----------------------------------------------------------------------------------------
 ****** Pricing Level: LIGHT HEUR ****** 
it= 2   ncol= 6550  ncstr= 1087 mt= 2.1   spt= 0.1   lpval= 51489.7   ub= 51505.0  
 ****** Pricing Level: HEAVY HEUR ****** 
it= 3   ncol= 6566  ncstr= 1087 mt= 0.4   spt= 0.2   lpval= 51489.7   ub= 51505.0  
 ****** Pricing Level: EXACT ****** 
it= 4   ncol= 6927  ncstr= 1087 mt= 1.8   spt= 35.5  lpval= 51489.5   ub= 51505.0  
-----------------------------------------------------------------------------------------
elapsed time= 622.55 s.
-----------------------------------------------------------------------------------------
 ****** Separate RCCs ****** 
 ****** Separate Rank1Cuts ****** 
-----------------------------------------------------------------------------------------
 ****** Pricing Level: LIGHT HEUR ****** 
it= 2   ncol= 6928  ncstr= 1082 mt= 1.7   spt= 0.1   lpval= 51490.7   ub= 51505.0  
 ****** Pricing Level: HEAVY HEUR ****** 
it= 2   ncol= 6932  ncstr= 1082 mt= 0.2   spt= 0.2   lpval= 51490.7   ub= 51505.0  
 ****** Pricing Level: EXACT ****** 
it= 4   ncol= 7183  ncstr= 1082 mt= 1.7   spt= 37.9  lpval= 51490.6   ub= 51505.0  
-----------------------------------------------------------------------------------------
elapsed time= 686.82 s.
-----------------------------------------------------------------------------------------
-----------------------------------------------------------------------------------------
 ****** Run Arc Elimination ****** 
arc elimination time= 9.90 s.
previous= 89.26% maximum= 1.68799%
eliminate bucket arcs time= 2.09 s.
obtain jump arcs time= 0.01 s.
-----------------------------------------------------------------------------------------
-----------------------------------------------------------------------------------------
elapsed time= 698.93 s.
-----------------------------------------------------------------------------------------
-----------------------------------------------------------------------------------------
 ****** Try Enumeration ****** 
n= 9.24326 stop_b= 10 status= LABEL_FOR_LIMIT
#labels= 50029 #routes= 40
labeling 1 time= 0.18 s.
next try value > 51493.6
-----------------------------------------------------------------------------------------
elapsed time= 699.29 s.
-----------------------------------------------------------------------------------------
 ****** Separate RCCs ****** 
 ****** Separate Rank1Cuts ****** 
-----------------------------------------------------------------------------------------
 ****** Pricing Level: LIGHT HEUR ****** 
it= 1   ncol= 7183  ncstr= 1105 mt= 1.8   spt= 0.0   lpval= 51491.9   ub= 51505.0  
 ****** Pricing Level: HEAVY HEUR ****** 
it= 2   ncol= 7187  ncstr= 1105 mt= 0.2   spt= 0.1   lpval= 51491.9   ub= 51505.0  
 ****** Pricing Level: EXACT ****** 
it= 4   ncol= 7378  ncstr= 1105 mt= 1.9   spt= 37.3  lpval= 51491.8   ub= 51505.0  
-----------------------------------------------------------------------------------------
elapsed time= 763.29 s.
-----------------------------------------------------------------------------------------
 ****** Separate RCCs ****** 
 ****** Separate Rank1Cuts ****** 
-----------------------------------------------------------------------------------------
 ****** Pricing Level: LIGHT HEUR ****** 
it= 2   ncol= 7380  ncstr= 1146 mt= 1.8   spt= 0.1   lpval= 51492.8   ub= 51505.0  
 ****** Pricing Level: HEAVY HEUR ****** 
it= 3   ncol= 7384  ncstr= 1146 mt= 0.7   spt= 0.2   lpval= 51492.7   ub= 51505.0  
 ****** Pricing Level: EXACT ****** 
it= 4   ncol= 7562  ncstr= 1146 mt= 2.0   spt= 41.0  lpval= 51492.6   ub= 51505.0  
-----------------------------------------------------------------------------------------
elapsed time= 835.84 s.
-----------------------------------------------------------------------------------------
-----------------------------------------------------------------------------------------
 ****** Run Arc Elimination ****** 
arc elimination time= 8.57 s.
previous= 89.7541% maximum= 1.51504%
eliminate bucket arcs time= 2.42 s.
obtain jump arcs time= 0.01 s.
-----------------------------------------------------------------------------------------
-----------------------------------------------------------------------------------------
elapsed time= 846.95 s.
-----------------------------------------------------------------------------------------
-----------------------------------------------------------------------------------------
 ****** Try Enumeration ****** 
#labels= 257524 #routes= 328
labeling 1 time= 1.95 s.
concatenate time= 1.22 s.
#routes= 188602
average gap of successful enumeration= 0.000220682
next try value > 51491.6
-----------------------------------------------------------------------------------------
elapsed time= 850.34 s.
-----------------------------------------------------------------------------------------
 ****** Process Enumeration Matrix ****** 
delete non-ele routes lp val= 51492.9
recover rank1c lp val= 51495.2
recover rcc lp val= 51498
obtain rcc coefficient time= 0.40 s.
obtain r1c coefficient time= 0.37 s.
obtain matrix from triplets time= 1.52 s.
delete columns by branch time= 0.00 s.
columns pending deletion= 993 remain= 188602 col ratio= 0.994735 row ratio= 1
regenerate enumeration matrix time= 0.00 s.
-----------------------------------------------------------------------------------------
elapsed time= 901.49 s.
-----------------------------------------------------------------------------------------
it= 11  ncol= 5969  ncstr= 1051 mt= 4.7   spt= 0.3   lpval= 51496.8   ub= 51505.0  
-----------------------------------------------------------------------------------------
elapsed time= 906.65 s.
-----------------------------------------------------------------------------------------
delete columns= 156614 remain= 31988
 ****** Separate RCCs ****** 
 ****** Separate Rank1Cuts ****** 
it= 7   ncol= 3673  ncstr= 1037 mt= 2.9   spt= 0.0   lpval= 51499.1   ub= 51505.0  
-----------------------------------------------------------------------------------------
elapsed time= 917.44 s.
-----------------------------------------------------------------------------------------
delete columns= 20784 remain= 11204
mip: row= 924 col= 14371 density= 5.92013%
mip time= 20.74 s.
mip status= 6
update f from 0 to 5.91024
#########################################################################################
[32m<Instance: X-n359-k29>
<Solution>
<UB= 51505>
<LB= 51505>
<Elapsed Time= 942.2>
<Nodes Explored= 2>
<Global Gap= 0%>[0m
#########################################################################################
File nodes/X-n359-k29_0_0_0_1_2_1_1_1_0_G16.node deleted successfully.
