application type: CVRP
X-n359-k29_2_3_0_1_0_0_1_1_G16.node
Set parameter ServerTimeout to value 600
Set parameter TokenServer to value "grb-ts.ufhpc"
Set parameter Threads to value 1
instance name= X-n359-k29
#########################################################################################
tree size= 0 lb= 0 ub= 51506
#########################################################################################
idx= 3 value= 51490.7 enu= 0
brc= 73-316 : -
brc= 8-153 : -
brc= 39-90 : +
brc= 0-111 : -
brc= 37-166 : -
brc= 73-149 : -
brc= 88-117 : +
brc= 21-52 : +
brc= 52-312 : -
brc= 192-232 : +
brc= 40-67 : +
brc= 73-303 : +
brc= 229-251 : -
brc= 110-112 : +
brc= 328-357 : -
brc= 74-160 : +
-----------------------------------------------------------------------------------------
 ****** Pricing Level: LIGHT HEUR ****** 
it= 9   ncol= 4595  ncstr= 1196 mt= 0.8   spt= 0.5   lpval= 51491.1   ub= 51505.0  
 ****** Pricing Level: HEAVY HEUR ****** 
it= 6   ncol= 4663  ncstr= 1196 mt= 0.9   spt= 0.6   lpval= 51491.1   ub= 51505.0  
 ****** Pricing Level: EXACT ****** 
it= 5   ncol= 5834  ncstr= 1196 mt= 2.1   spt= 37.5  lpval= 51491.0   ub= 51505.0  
-----------------------------------------------------------------------------------------
elapsed time= 69.17 s.
-----------------------------------------------------------------------------------------
-----------------------------------------------------------------------------------------
 ****** Run Arc Elimination ****** 
arc elimination time= 9.66 s.
previous= 95.2184% maximum= 1.79422%
eliminate bucket arcs time= 1.88 s.
obtain jump arcs time= 0.01 s.
-----------------------------------------------------------------------------------------
-----------------------------------------------------------------------------------------
elapsed time= 81.31 s.
-----------------------------------------------------------------------------------------
 ****** Separate Rank1Cuts ****** 
-----------------------------------------------------------------------------------------
 ****** Pricing Level: LIGHT HEUR ****** 
it= 5   ncol= 5930  ncstr= 1243 mt= 2.0   spt= 0.3   lpval= 51491.6   ub= 51505.0  
 ****** Pricing Level: HEAVY HEUR ****** 
it= 3   ncol= 5960  ncstr= 1243 mt= 0.1   spt= 0.2   lpval= 51491.6   ub= 51505.0  
 ****** Pricing Level: EXACT ****** 
it= 6   ncol= 8612  ncstr= 1243 mt= 2.2   spt= 39.3  lpval= 51491.5   ub= 51505.0  
-----------------------------------------------------------------------------------------
elapsed time= 138.45 s.
-----------------------------------------------------------------------------------------
[1;36m[REMIND] 2: gap improved= 0.520631 ratio= 0.038635 threshold= 0.040000 in function increaseCondition2 at /blue/yu.yang1/you.z/route_opt/packages/application/X-n359-k29/src/main/src/call_cutting.cpp:74[0m
 ****** Separate Rank1Cuts ****** 
-----------------------------------------------------------------------------------------
 ****** Pricing Level: LIGHT HEUR ****** 
it= 7   ncol= 8710  ncstr= 1271 mt= 3.2   spt= 0.3   lpval= 51492.0   ub= 51505.0  
 ****** Pricing Level: HEAVY HEUR ****** 
it= 4   ncol= 8740  ncstr= 1271 mt= 0.5   spt= 0.3   lpval= 51492.0   ub= 51505.0  
 ****** Pricing Level: EXACT ****** 
it= 5   ncol= 8895  ncstr= 1271 mt= 2.2   spt= 35.8  lpval= 51492.0   ub= 51505.0  
-----------------------------------------------------------------------------------------
elapsed time= 212.87 s.
-----------------------------------------------------------------------------------------
[1;36m[REMIND] 2: gap improved= 0.434458 ratio= 0.033314 threshold= 0.040000 in function increaseCondition2 at /blue/yu.yang1/you.z/route_opt/packages/application/X-n359-k29/src/main/src/call_cutting.cpp:74[0m
 ****** Separate Rank1Cuts ****** 
-----------------------------------------------------------------------------------------
 ****** Pricing Level: LIGHT HEUR ****** 
it= 2   ncol= 8925  ncstr= 1320 mt= 2.2   spt= 0.1   lpval= 51492.3   ub= 51505.0  
 ****** Pricing Level: HEAVY HEUR ****** 
it= 4   ncol= 8962  ncstr= 1320 mt= 0.3   spt= 0.3   lpval= 51492.3   ub= 51505.0  
 ****** Pricing Level: EXACT ****** 
it= 5   ncol= 9733  ncstr= 1320 mt= 2.2   spt= 39.0  lpval= 51492.3   ub= 51505.0  
-----------------------------------------------------------------------------------------
elapsed time= 286.65 s.
-----------------------------------------------------------------------------------------
-----------------------------------------------------------------------------------------
 ****** Run Arc Elimination ****** 
arc elimination time= 7.81 s.
previous= 93.4218% maximum= 1.67619%
eliminate bucket arcs time= 1.74 s.
obtain jump arcs time= 0.01 s.
-----------------------------------------------------------------------------------------
-----------------------------------------------------------------------------------------
elapsed time= 296.36 s.
-----------------------------------------------------------------------------------------
[1;36m[REMIND] 2: gap improved= 0.316700 ratio= 0.024889 threshold= 0.040000 in function increaseCondition2 at /blue/yu.yang1/you.z/route_opt/packages/application/X-n359-k29/src/main/src/call_cutting.cpp:74[0m
[1;36m[REMIND] tail off counter= 3 threshold= 3 in function setIfTailOff at /blue/yu.yang1/you.z/route_opt/packages/application/X-n359-k29/src/main/src/call_cutting.cpp:150[0m
[1;36m[REMIND] opt_k not found for node 3, use m directly in function getOptK at /blue/yu.yang1/you.z/route_opt/packages/branching/bkf/include/bkf_controller.hpp:239[0m
current_r_best= 1.16992
we directly test 100
we directly test 4
pseudo= 50 frac= 50
#candidates in phase1= 100
testing lp time= 251.36 s.
-----------------------------------------------------------------------------------------
266-332 ,  20.35| 138-276 ,  13.16| 305-354 ,  11.22|   0-328 ,   9.84|  10-328 ,   9.84| 
  0-31  ,   8.68|  36-356 ,   8.62|  48-60  ,   8.19|  89-305 ,   6.37|  28-120 ,   6.18| 
149-277 ,   6.15|   9-134 ,   5.75|  89-354 ,   5.63|  25-275 ,   5.39|  44-338 ,   5.15| 
111-141 ,   5.02|  42-193 ,   4.90|  87-178 ,   4.87| 127-328 ,   4.74|   7-63  ,   4.69| 
 26-72  ,   4.68|  98-254 ,   4.60|  83-105 ,   4.26|  63-325 ,   4.23|  44-171 ,   4.22| 
232-335 ,   4.20|   0-105 ,   4.17|   1-90  ,   3.88|   7-166 ,   3.81| 105-152 ,   3.80| 
  0-153 ,   3.77|   3-178 ,   3.71| 105-338 ,   3.68| 110-141 ,   3.67|  90-166 ,   3.63| 
  0-110 ,   3.62| 200-285 ,   3.54|  29-30  ,   3.47|  98-166 ,   3.42|  30-171 ,   3.38| 
200-228 ,   3.33|   0-85  ,   3.25|   1-166 ,   3.13| 171-335 ,   3.12|   0-356 ,   3.11| 
 75-171 ,   3.07| 106-277 ,   3.03|   1-74  ,   2.88| 111-170 ,   2.83| 142-147 ,   2.82| 
 41-288 ,   2.65|  30-232 ,   2.57|  46-85  ,   2.46|   1-7   ,   2.35|  77-292 ,   2.33| 
 84-125 ,   2.32|  80-311 ,   2.24|  83-84  ,   2.24|  75-83  ,   1.99| 197-278 ,   1.98| 
319-327 ,   1.91|  64-85  ,   1.84| 337-343 ,   1.81|  13-34  ,   1.75| 187-225 ,   1.39| 
  0-69  ,   1.26|   0-150 ,   1.25| 117-307 ,   1.16|  64-111 ,   1.13|   0-337 ,   1.10| 
 59-134 ,   1.09| 190-192 ,   0.99| 111-126 ,   0.94|  81-299 ,   0.89| 139-309 ,   0.80| 
  0-348 ,   0.77| 231-332 ,   0.74| 260-288 ,   0.72|   0-285 ,   0.72|  53-357 ,   0.68| 
  0-234 ,   0.67|   0-187 ,   0.67|  60-302 ,   0.65| 295-298 ,   0.63|  69-102 ,   0.60| 
 64-126 ,   0.59| 258-260 ,   0.55|   0-70  ,   0.51| 130-239 ,   0.46|   0-259 ,   0.45| 
193-222 ,   0.42| 242-258 ,   0.31| 102-234 ,   0.28|  48-318 ,   0.27| 174-203 ,   0.24| 
231-260 ,   0.18| 182-216 ,   0.12|   0-298 ,   0.11| 104-331 ,   0.09| 102-208 ,   0.09| 
-----------------------------------------------------------------------------------------
edge= 0 328 lp= 0.491351 pre= 1 lp2= 20.0351 pre2= 2 score= 9.84426
-----------------------------------------------------------------------------------------
edge= 305 354 lp= 1.1376 pre= 2 lp2= 9.86365 pre2= 2 score= 11.2209
-----------------------------------------------------------------------------------------
edge= 138 276 lp= 0.45877 pre= 2 lp2= 28.6889 pre2= 2 score= 13.1616
-----------------------------------------------------------------------------------------
edge= 266 332 lp= 1.35543 pre= 0 lp2= 15.0134 pre2= 2 score= 20.3496
-----------------------------------------------------------------------------------------
candidate= 266-332 : +
-----------------------------------------------------------------------------------------
-----------------------------------------------------------------------------------------
 ****** Pricing Level: LIGHT HEUR ****** 
it= 8   ncol= 6658  ncstr= 1221 mt= 15.1  spt= 0.3   lpval= 51500.3   ub= 51505.0  
 ****** Pricing Level: HEAVY HEUR ****** 
it= 9   ncol= 6850  ncstr= 1221 mt= 11.9  spt= 0.6   lpval= 51497.0   ub= 51505.0  
-----------------------------------------------------------------------------------------
elapsed time= 599.78 s.
-----------------------------------------------------------------------------------------
candidate= 138-276 : -
-----------------------------------------------------------------------------------------
-----------------------------------------------------------------------------------------
 ****** Pricing Level: LIGHT HEUR ****** 
it= 2   ncol= 6545  ncstr= 1221 mt= 1.7   spt= 0.1   lpval= 51492.7   ub= 51505.0  
 ****** Pricing Level: HEAVY HEUR ****** 
it= 3   ncol= 6580  ncstr= 1221 mt= 0.1   spt= 0.2   lpval= 51492.7   ub= 51505.0  
-----------------------------------------------------------------------------------------
elapsed time= 603.09 s.
-----------------------------------------------------------------------------------------
candidate= 138-276 : +
-----------------------------------------------------------------------------------------
-----------------------------------------------------------------------------------------
 ****** Pricing Level: LIGHT HEUR ****** 
it= 10  ncol= 6652  ncstr= 1221 mt= 16.4  spt= 0.3   lpval= 51509.7   ub= 51505.0  
 ****** Pricing Level: HEAVY HEUR ****** 
it= 9   ncol= 6781  ncstr= 1221 mt= 11.2  spt= 0.6   lpval= 51505.3   ub= 51505.0  
-----------------------------------------------------------------------------------------
elapsed time= 636.45 s.
-----------------------------------------------------------------------------------------
candidate= 305-354 : -
-----------------------------------------------------------------------------------------
-----------------------------------------------------------------------------------------
 ****** Pricing Level: LIGHT HEUR ****** 
it= 2   ncol= 6525  ncstr= 1221 mt= 1.7   spt= 0.1   lpval= 51493.4   ub= 51505.0  
 ****** Pricing Level: HEAVY HEUR ****** 
it= 3   ncol= 6554  ncstr= 1221 mt= 0.4   spt= 0.2   lpval= 51493.4   ub= 51505.0  
-----------------------------------------------------------------------------------------
elapsed time= 640.03 s.
-----------------------------------------------------------------------------------------
candidate= 305-354 : +
-----------------------------------------------------------------------------------------
-----------------------------------------------------------------------------------------
 ****** Pricing Level: LIGHT HEUR ****** 
it= 4   ncol= 6575  ncstr= 1221 mt= 3.1   spt= 0.1   lpval= 51502.0   ub= 51505.0  
 ****** Pricing Level: HEAVY HEUR ****** 
it= 7   ncol= 6678  ncstr= 1221 mt= 8.4   spt= 0.5   lpval= 51498.7   ub= 51505.0  
-----------------------------------------------------------------------------------------
elapsed time= 654.80 s.
-----------------------------------------------------------------------------------------
candidate= 0-328 : +
-----------------------------------------------------------------------------------------
-----------------------------------------------------------------------------------------
 ****** Pricing Level: LIGHT HEUR ****** 
it= 7   ncol= 6652  ncstr= 1221 mt= 9.2   spt= 0.2   lpval= 51507.7   ub= 51505.0  
 ****** Pricing Level: HEAVY HEUR ****** 
it= 6   ncol= 6732  ncstr= 1221 mt= 3.8   spt= 0.4   lpval= 51506.3   ub= 51505.0  
-----------------------------------------------------------------------------------------
elapsed time= 671.59 s.
-----------------------------------------------------------------------------------------
brc= 305-354
t= 1.25682 c= 347.169 n= 0 if_b4= 1
t= 17.351 c= 420.798 n= 0 if_b4= 1
nodes already exists
memory usage= 9GB.
#########################################################################################
tree size= 0 lb= 51492.3 ub= 51505
#########################################################################################
idx= 2 value= 51492.3 enu= 0
brc= 73-316 : -
brc= 8-153 : -
brc= 39-90 : +
brc= 0-111 : -
brc= 37-166 : -
brc= 73-149 : -
brc= 88-117 : +
brc= 21-52 : +
brc= 52-312 : -
brc= 192-232 : +
brc= 40-67 : +
brc= 73-303 : +
brc= 229-251 : -
brc= 110-112 : +
brc= 328-357 : -
brc= 74-160 : +
brc= 305-354 : -
-----------------------------------------------------------------------------------------
 ****** Pricing Level: LIGHT HEUR ****** 
it= 2   ncol= 6470  ncstr= 1220 mt= 1.8   spt= 0.1   lpval= 51493.4   ub= 51505.0  
 ****** Pricing Level: HEAVY HEUR ****** 
it= 3   ncol= 6507  ncstr= 1220 mt= 0.4   spt= 0.2   lpval= 51493.4   ub= 51505.0  
 ****** Pricing Level: EXACT ****** 
it= 4   ncol= 7162  ncstr= 1220 mt= 1.6   spt= 28.4  lpval= 51493.3   ub= 51505.0  
-----------------------------------------------------------------------------------------
elapsed time= 707.32 s.
-----------------------------------------------------------------------------------------
-----------------------------------------------------------------------------------------
 ****** Run Arc Elimination ****** 
arc elimination time= 6.19 s.
previous= 93.5358% maximum= 1.56674%
eliminate bucket arcs time= 1.52 s.
obtain jump arcs time= 0.01 s.
-----------------------------------------------------------------------------------------
-----------------------------------------------------------------------------------------
elapsed time= 715.18 s.
-----------------------------------------------------------------------------------------
-----------------------------------------------------------------------------------------
 ****** Try Enumeration ****** 
#labels= 251874 #routes= 712
labeling 1 time= 2.09 s.
concatenate time= 1.17 s.
#routes= 145582
average gap of successful enumeration= 0.000206893
next try value > 51491.4
-----------------------------------------------------------------------------------------
elapsed time= 718.68 s.
-----------------------------------------------------------------------------------------
 ****** Process Enumeration Matrix ****** 
delete non-ele routes lp val= 51493.5
recover rank1c lp val= 51494.7
recover rcc lp val= 51495.1
obtain rcc coefficient time= 0.21 s.
obtain r1c coefficient time= 0.31 s.
obtain matrix from triplets time= 0.88 s.
delete columns by branch time= 0.00 s.
columns pending deletion= 766 remain= 145582 col ratio= 0.994738 row ratio= 1
regenerate enumeration matrix time= 0.00 s.
-----------------------------------------------------------------------------------------
elapsed time= 771.79 s.
-----------------------------------------------------------------------------------------
it= 9   ncol= 5647  ncstr= 1153 mt= 2.7   spt= 0.1   lpval= 51494.9   ub= 51505.0  
-----------------------------------------------------------------------------------------
elapsed time= 774.80 s.
-----------------------------------------------------------------------------------------
delete columns= 85679 remain= 59903
 ****** Separate RCCs ****** 
 ****** Separate Rank1Cuts ****** 
it= 6   ncol= 4177  ncstr= 1158 mt= 2.2   spt= 0.0   lpval= 51495.8   ub= 51505.0  
-----------------------------------------------------------------------------------------
elapsed time= 783.35 s.
-----------------------------------------------------------------------------------------
columns pending deletion= 19730 remain= 59903 col ratio= 0.670634 row ratio= 0.916235
 ****** Separate RCCs ****** 
 ****** Separate Rank1Cuts ****** 
it= 5   ncol= 4159  ncstr= 1322 mt= 1.7   spt= 0.0   lpval= 51496.7   ub= 51505.0  
-----------------------------------------------------------------------------------------
elapsed time= 790.81 s.
-----------------------------------------------------------------------------------------
delete columns= 31573 remain= 28330
 ****** Separate Rank1Cuts ****** 
it= 5   ncol= 4131  ncstr= 1236 mt= 1.9   spt= 0.0   lpval= 51497.3   ub= 51505.0  
-----------------------------------------------------------------------------------------
elapsed time= 806.03 s.
-----------------------------------------------------------------------------------------
columns pending deletion= 6397 remain= 28330 col ratio= 0.774197 row ratio= 0.898867
 ****** Separate Rank1Cuts ****** 
it= 6   ncol= 4057  ncstr= 1386 mt= 1.9   spt= 0.0   lpval= 51497.8   ub= 51505.0  
-----------------------------------------------------------------------------------------
elapsed time= 813.90 s.
-----------------------------------------------------------------------------------------
delete columns= 11204 remain= 17126
 ****** Separate Rank1Cuts ****** 
it= 5   ncol= 4002  ncstr= 1302 mt= 1.2   spt= 0.0   lpval= 51498.1   ub= 51505.0  
-----------------------------------------------------------------------------------------
elapsed time= 827.93 s.
-----------------------------------------------------------------------------------------
columns pending deletion= 2263 remain= 17126 col ratio= 0.867862 row ratio= 0.898618
[1;36m[REMIND] 2: gap improved= 0.259075 ratio= 0.037429 threshold= 0.040000 in function increaseCondition2 at /blue/yu.yang1/you.z/route_opt/packages/application/X-n359-k29/src/main/src/call_cutting.cpp:74[0m
mip: row= 1170 col= 18690 density= 5.19104%
mip time= 52.78 s.
mip status= 6
update f from 0 to 6.92186
#########################################################################################
[32m<Instance: X-n359-k29>
<Solution>
<UB= 51505>
<LB= 51505>
<Elapsed Time= 887.7>
<Nodes Explored= 2>
<Global Gap= 0%>[0m
#########################################################################################
File nodes/X-n359-k29_2_3_0_1_0_0_1_1_G16.node deleted successfully.
