application type: CVRP
X-n359-k29_0_1_0_1_1_0_2_4_0_2_G16.node
Set parameter ServerTimeout to value 600
Set parameter TokenServer to value "grb-ts.ufhpc"
Set parameter Threads to value 1
instance name= X-n359-k29
#########################################################################################
tree size= 0 lb= 0 ub= 51506
#########################################################################################
idx= 5 value= 51491.7 enu= 0
brc= 73-316 : +
brc= 0-85 : -
brc= 8-83 : +
brc= 73-149 : +
brc= 9-229 : -
brc= 229-251 : +
brc= 29-30 : -
brc= 39-90 : +
brc= 0-111 : +
brc= 110-112 : -
brc= 85-110 : -
brc= 85-170 : +
brc= 85-119 : -
brc= 110-126 : -
brc= 21-110 : -
brc= 85-141 : -
brc= 40-67 : +
brc= 160-170 : +
brc= 119-277 : -
brc= 88-117 : -
brc= 42-93 : +
-----------------------------------------------------------------------------------------
 ****** Pricing Level: LIGHT HEUR ****** 
it= 9   ncol= 5744  ncstr= 1224 mt= 3.2   spt= 0.4   lpval= 51520.1   ub= 51505.0  
 ****** Pricing Level: HEAVY HEUR ****** 
it= 10  ncol= 5937  ncstr= 1224 mt= 7.6   spt= 0.8   lpval= 51517.5   ub= 51505.0  
 ****** Pricing Level: EXACT ****** 
it= 6   ncol= 7510  ncstr= 1224 mt= 9.4   spt= 56.2  lpval= 51512.3   ub= 51505.0  
-----------------------------------------------------------------------------------------
elapsed time= 104.87 s.
-----------------------------------------------------------------------------------------
#########################################################################################
[32m<Instance: X-n359-k29>
<Solution>
<UB= 51505>
<LB= 51505>
<Elapsed Time= 104.9>
<Nodes Explored= 1>
<Global Gap= 0%>[0m
#########################################################################################
File nodes/X-n359-k29_0_1_0_1_1_0_2_4_0_2_G16.node deleted successfully.
