application type: CVRP
X-n359-k29_2_3_1_2_5_2_4_2_G16.node
Set parameter ServerTimeout to value 600
Set parameter TokenServer to value "grb-ts.ufhpc"
Set parameter Threads to value 1
instance name= X-n359-k29
#########################################################################################
tree size= 0 lb= 0 ub= 51506
#########################################################################################
idx= 5 value= 51490.5 enu= 0
brc= 73-316 : -
brc= 8-153 : -
brc= 39-90 : +
brc= 0-111 : -
brc= 37-166 : -
brc= 73-149 : -
brc= 88-117 : +
brc= 21-52 : -
brc= 82-88 : +
brc= 0-141 : -
brc= 98-166 : -
brc= 90-166 : +
brc= 0-110 : -
brc= 276-341 : -
brc= 131-170 : -
brc= 63-98 : -
brc= 138-276 : -
brc= 1-166 : +
brc= 52-159 : -
brc= 37-98 : -
brc= 34-63 : +
brc= 21-110 : -
brc= 194-197 : -
brc= 0-197 : -
brc= 122-123 : -
brc= 0-256 : +
brc= 110-152 : -
brc= 85-153 : -
brc= 38-97 : +
-----------------------------------------------------------------------------------------
 ****** Pricing Level: LIGHT HEUR ****** 
it= 30  ncol= 2949  ncstr= 900  mt= 13.7  spt= 4.3   lpval= 51504.0   ub= 51505.0  
it= 60  ncol= 3740  ncstr= 900  mt= 4.0   spt= 4.5   lpval= 51501.1   ub= 51505.0  
it= 63  ncol= 3748  ncstr= 900  mt= 0.3   spt= 0.5   lpval= 51501.0   ub= 51505.0  
 ****** Pricing Level: HEAVY HEUR ****** 
it= 18  ncol= 4205  ncstr= 900  mt= 5.2   spt= 5.0   lpval= 51497.3   ub= 51505.0  
 ****** Pricing Level: EXACT ****** 
it= 8   ncol= 5978  ncstr= 900  mt= 2.5   spt= 113.5 lpval= 51494.7   ub= 51505.0  
-----------------------------------------------------------------------------------------
elapsed time= 188.18 s.
-----------------------------------------------------------------------------------------
-----------------------------------------------------------------------------------------
 ****** Run Arc Elimination ****** 
arc elimination time= 6.93 s.
previous= 11.4111% maximum= 1.29812%
eliminate bucket arcs time= 3.90 s.
obtain jump arcs time= 0.01 s.
-----------------------------------------------------------------------------------------
-----------------------------------------------------------------------------------------
elapsed time= 199.52 s.
-----------------------------------------------------------------------------------------
-----------------------------------------------------------------------------------------
 ****** Try Enumeration ****** 
#labels= 135835 #routes= 458
labeling 1 time= 1.13 s.
concatenate time= 0.33 s.
#routes= 51794
average gap of successful enumeration= 0.000180802
next try value > 51469.9
-----------------------------------------------------------------------------------------
elapsed time= 201.12 s.
-----------------------------------------------------------------------------------------
 ****** Process Enumeration Matrix ****** 
delete non-ele routes lp val= 51495.4
recover rank1c lp val= 51498
recover rcc lp val= 51498.5
obtain rcc coefficient time= 0.08 s.
obtain r1c coefficient time= 0.08 s.
obtain matrix from triplets time= 0.26 s.
delete columns by branch time= 0.00 s.
columns pending deletion= 2544 remain= 51794 col ratio= 0.950882 row ratio= 1
regenerate enumeration matrix time= 0.00 s.
-----------------------------------------------------------------------------------------
elapsed time= 217.79 s.
-----------------------------------------------------------------------------------------
it= 11  ncol= 3193  ncstr= 850  mt= 1.5   spt= 0.1   lpval= 51497.3   ub= 51505.0  
-----------------------------------------------------------------------------------------
elapsed time= 219.43 s.
-----------------------------------------------------------------------------------------
delete columns= 37906 remain= 13888
 ****** Separate RCCs ****** 
 ****** Separate Rank1Cuts ****** 
it= 10  ncol= 2348  ncstr= 925  mt= 2.5   spt= 0.0   lpval= 51502.7   ub= 51505.0  
-----------------------------------------------------------------------------------------
elapsed time= 229.59 s.
-----------------------------------------------------------------------------------------
delete columns= 12677 remain= 1211
mip: row= 797 col= 2540 density= 5.32188%
mip time= 0.33 s.
mip status= 3
update f from 0 to 2.26137
#########################################################################################
[32m<Instance: X-n359-k29>
<Solution>
<UB= 51505>
<LB= 51505>
<Elapsed Time= 230>
<Nodes Explored= 1>
<Global Gap= 0%>[0m
#########################################################################################
File nodes/X-n359-k29_2_3_1_2_5_2_4_2_G16.node deleted successfully.
