application type: CVRP
X-n359-k29_1_1_1_0_0_1_0_2_1_0_1_G16.node
Set parameter ServerTimeout to value 600
Set parameter TokenServer to value "grb-ts.ufhpc"
Set parameter Threads to value 1
instance name= X-n359-k29
#########################################################################################
tree size= 0 lb= 0 ub= 51506
#########################################################################################
idx= 3 value= 51487.3 enu= 0
brc= 73-316 : -
brc= 8-153 : +
brc= 111-141 : -
brc= 98-219 : +
brc= 73-303 : -
brc= 106-277 : +
brc= 179-198 : +
brc= 160-170 : +
brc= 21-52 : -
brc= 84-131 : +
brc= 0-347 : +
brc= 9-229 : -
brc= 80-311 : -
brc= 99-339 : +
brc= 205-304 : -
brc= 47-109 : +
brc= 73-149 : +
brc= 0-85 : -
brc= 158-163 : +
-----------------------------------------------------------------------------------------
 ****** Pricing Level: LIGHT HEUR ****** 
it= 23  ncol= 3594  ncstr= 985  mt= 3.2   spt= 8.3   lpval= 51488.0   ub= 51505.0  
 ****** Pricing Level: HEAVY HEUR ****** 
it= 10  ncol= 3791  ncstr= 985  mt= 3.0   spt= 6.1   lpval= 51488.0   ub= 51505.0  
 ****** Pricing Level: EXACT ****** 
it= 6   ncol= 6361  ncstr= 985  mt= 4.0   spt= 100.6 lpval= 51487.8   ub= 51505.0  
-----------------------------------------------------------------------------------------
elapsed time= 152.68 s.
-----------------------------------------------------------------------------------------
-----------------------------------------------------------------------------------------
 ****** Run Arc Elimination ****** 
arc elimination time= 6.02 s.
-----------------------------------------------------------------------------------------
-----------------------------------------------------------------------------------------
elapsed time= 159.25 s.
-----------------------------------------------------------------------------------------
 ****** Separate RCCs ****** 
 ****** Separate Rank1Cuts ****** 
-----------------------------------------------------------------------------------------
 ****** Pricing Level: LIGHT HEUR ****** 
it= 11  ncol= 6628  ncstr= 1136 mt= 5.6   spt= 4.7   lpval= 51491.2   ub= 51505.0  
 ****** Pricing Level: HEAVY HEUR ****** 
it= 6   ncol= 6699  ncstr= 1136 mt= 2.2   spt= 3.9   lpval= 51491.2   ub= 51505.0  
 ****** Pricing Level: EXACT ****** 
it= 1   ncol= 6699  ncstr= 1136 mt= 0.0   spt= 13.3  lpval= 51491.2   ub= 51505.0  
-----------------------------------------------------------------------------------------
elapsed time= 218.61 s.
-----------------------------------------------------------------------------------------
#########################################################################################
[1;36m[REMIND] roll back to the previous cutting iteration! in function rollbackEasyWay at /blue/yu.yang1/you.z/route_opt/packages/application/X-n359-k29/src/main/src/call_cutting.cpp:38[0m
#########################################################################################
[1;36m[REMIND] opt_k not found for node 3, use m directly in function getOptK at /blue/yu.yang1/you.z/route_opt/packages/branching/bkf/include/bkf_controller.hpp:239[0m
current_r_best= 0.349455
we directly test 100
we directly test 4
pseudo= 50 frac= 50
#candidates in phase1= 100
testing lp time= 290.02 s.
-----------------------------------------------------------------------------------------
175-289 ,  29.79| 169-282 ,  25.52|  57-278 ,  19.90|  85-111 ,  19.20|  85-126 ,  17.94| 
 48-302 ,  17.38|   0-248 ,  16.56| 154-304 ,  15.30|  28-120 ,  14.85|  88-229 ,  14.23| 
  0-111 ,  14.19| 173-214 ,  13.75| 110-152 ,  13.60|  46-150 ,  12.12| 122-139 ,  11.97| 
  0-139 ,  11.97| 282-352 ,  11.54| 175-203 ,  11.18|  39-163 ,  10.24|  74-160 ,   9.59| 
257-265 ,   9.58| 247-282 ,   9.57| 205-303 ,   9.38| 110-111 ,   9.02| 214-268 ,   8.72| 
254-271 ,   8.70| 141-150 ,   8.51|  54-210 ,   8.17|   0-217 ,   7.97|  30-118 ,   7.97| 
 69-102 ,   7.92| 195-352 ,   7.90| 171-335 ,   7.87| 175-353 ,   7.79| 118-164 ,   7.79| 
 41-214 ,   7.50|   0-164 ,   7.44|  39-151 ,   7.20|  13-26  ,   6.83|  63-293 ,   6.71| 
334-343 ,   6.55|  90-163 ,   6.47| 201-250 ,   6.39| 166-270 ,   6.33|   0-21  ,   6.31| 
 74-325 ,   6.25|  39-90  ,   6.20|  72-219 ,   6.19| 191-197 ,   6.13| 187-199 ,   6.06| 
  1-90  ,   6.02| 138-276 ,   5.96| 229-251 ,   5.94|   1-163 ,   5.93| 111-119 ,   5.88| 
210-306 ,   5.83|  63-74  ,   5.36|  52-312 ,   5.34|   0-197 ,   5.27| 122-123 ,   5.16| 
  0-312 ,   5.08|  13-72  ,   4.86|  21-119 ,   4.78|   1-39  ,   4.78| 223-233 ,   4.67| 
244-256 ,   4.63| 307-338 ,   4.61| 105-307 ,   4.40| 111-153 ,   4.26|  88-164 ,   4.02| 
 90-166 ,   3.88|  60-302 ,   3.85|   0-323 ,   3.84|  88-159 ,   3.82| 184-319 ,   3.68| 
 37-151 ,   3.11|  21-141 ,   3.07| 265-356 ,   3.01|   0-90  ,   2.97|   1-166 ,   2.78| 
 23-167 ,   2.69|   0-310 ,   2.51| 204-308 ,   2.46|   0-26  ,   2.01|   7-34  ,   1.75| 
247-274 ,   1.74|   0-100 ,   1.72|  66-201 ,   1.51|   1-270 ,   1.45| 129-295 ,   1.41| 
320-330 ,   0.92|  11-247 ,   0.90|   0-343 ,   0.72| 206-295 ,   0.67|  72-234 ,   0.50| 
266-321 ,   0.38|  56-231 ,   0.26|  16-298 ,   0.24|   0-257 ,   0.14|  51-281 ,   0.00| 
-----------------------------------------------------------------------------------------
edge= 85 111 lp= 0.521781 pre= 2 lp2= 36.8015 pre2= 2 score= 19.2023
-----------------------------------------------------------------------------------------
edge= 57 278 lp= 6.14079 pre= 2 lp2= 3.23986 pre2= 2 score= 19.8953
-----------------------------------------------------------------------------------------
edge= 169 282 lp= 50.31 pre= 2 lp2= 0.507273 pre2= 2 score= 25.5209
-----------------------------------------------------------------------------------------
edge= 175 289 lp= 0.59204 pre= 0 lp2= 50.31 pre2= 2 score= 29.7855
-----------------------------------------------------------------------------------------
candidate= 175-289 : +
-----------------------------------------------------------------------------------------
-----------------------------------------------------------------------------------------
 ****** Pricing Level: LIGHT HEUR ****** 
it= 19  ncol= 4708  ncstr= 974  mt= 33.5  spt= 7.8   lpval= 51519.5   ub= 51505.0  
 ****** Pricing Level: HEAVY HEUR ****** 
it= 12  ncol= 4838  ncstr= 974  mt= 13.4  spt= 7.5   lpval= 51512.6   ub= 51505.0  
-----------------------------------------------------------------------------------------
elapsed time= 585.41 s.
-----------------------------------------------------------------------------------------
candidate= 169-282 : -
-----------------------------------------------------------------------------------------
-----------------------------------------------------------------------------------------
 ****** Pricing Level: LIGHT HEUR ****** 
it= 19  ncol= 4660  ncstr= 974  mt= 35.2  spt= 7.8   lpval= 51509.5   ub= 51505.0  
 ****** Pricing Level: HEAVY HEUR ****** 
it= 9   ncol= 4816  ncstr= 974  mt= 10.2  spt= 5.6   lpval= 51505.6   ub= 51505.0  
-----------------------------------------------------------------------------------------
elapsed time= 654.77 s.
-----------------------------------------------------------------------------------------
candidate= 57-278 : -
-----------------------------------------------------------------------------------------
-----------------------------------------------------------------------------------------
 ****** Pricing Level: LIGHT HEUR ****** 
it= 9   ncol= 4454  ncstr= 974  mt= 6.3   spt= 3.9   lpval= 51493.0   ub= 51505.0  
 ****** Pricing Level: HEAVY HEUR ****** 
it= 5   ncol= 4529  ncstr= 974  mt= 1.3   spt= 3.2   lpval= 51492.9   ub= 51505.0  
-----------------------------------------------------------------------------------------
elapsed time= 674.82 s.
-----------------------------------------------------------------------------------------
candidate= 85-111 : -
-----------------------------------------------------------------------------------------
-----------------------------------------------------------------------------------------
 ****** Pricing Level: LIGHT HEUR ****** 
it= 6   ncol= 4349  ncstr= 974  mt= 2.5   spt= 2.6   lpval= 51488.3   ub= 51505.0  
 ****** Pricing Level: HEAVY HEUR ****** 
it= 3   ncol= 4396  ncstr= 974  mt= 0.4   spt= 2.0   lpval= 51488.3   ub= 51505.0  
-----------------------------------------------------------------------------------------
elapsed time= 685.94 s.
-----------------------------------------------------------------------------------------
candidate= 85-111 : +
-----------------------------------------------------------------------------------------
-----------------------------------------------------------------------------------------
 ****** Pricing Level: LIGHT HEUR ****** 
it= 16  ncol= 4580  ncstr= 974  mt= 13.3  spt= 6.7   lpval= 51513.8   ub= 51505.0  
 ****** Pricing Level: HEAVY HEUR ****** 
it= 11  ncol= 4820  ncstr= 974  mt= 15.4  spt= 7.0   lpval= 51503.7   ub= 51505.0  
-----------------------------------------------------------------------------------------
elapsed time= 738.93 s.
-----------------------------------------------------------------------------------------
candidate= 57-278 : +
-----------------------------------------------------------------------------------------
-----------------------------------------------------------------------------------------
 ****** Pricing Level: LIGHT HEUR ****** 
it= 7   ncol= 4391  ncstr= 974  mt= 3.0   spt= 3.0   lpval= 51491.0   ub= 51505.0  
 ****** Pricing Level: HEAVY HEUR ****** 
it= 5   ncol= 4463  ncstr= 974  mt= 1.0   spt= 3.2   lpval= 51491.0   ub= 51505.0  
-----------------------------------------------------------------------------------------
elapsed time= 753.58 s.
-----------------------------------------------------------------------------------------
brc= 57-278
t= 1.45011 c= 328.985 n= 0 if_b4= 1
t= 40.4451 c= 352.661 n= 0 if_b4= 1
nodes already exists
memory usage= 7GB.
#########################################################################################
tree size= 0 lb= 51487.8 ub= 51505
#########################################################################################
idx= 2 value= 51487.8 enu= 0
brc= 73-316 : -
brc= 8-153 : +
brc= 111-141 : -
brc= 98-219 : +
brc= 73-303 : -
brc= 106-277 : +
brc= 179-198 : +
brc= 160-170 : +
brc= 21-52 : -
brc= 84-131 : +
brc= 0-347 : +
brc= 9-229 : -
brc= 80-311 : -
brc= 99-339 : +
brc= 205-304 : -
brc= 47-109 : +
brc= 73-149 : +
brc= 0-85 : -
brc= 158-163 : +
brc= 57-278 : -
-----------------------------------------------------------------------------------------
 ****** Pricing Level: LIGHT HEUR ****** 
it= 8   ncol= 4405  ncstr= 973  mt= 5.0   spt= 3.5   lpval= 51493.1   ub= 51505.0  
 ****** Pricing Level: HEAVY HEUR ****** 
it= 5   ncol= 4472  ncstr= 973  mt= 1.9   spt= 3.2   lpval= 51492.7   ub= 51505.0  
 ****** Pricing Level: EXACT ****** 
it= 7   ncol= 5481  ncstr= 973  mt= 6.5   spt= 130.6 lpval= 51491.1   ub= 51505.0  
-----------------------------------------------------------------------------------------
elapsed time= 913.29 s.
-----------------------------------------------------------------------------------------
-----------------------------------------------------------------------------------------
 ****** Run Arc Elimination ****** 
arc elimination time= 11.67 s.
previous= 15.3805% maximum= 1.65467%
eliminate bucket arcs time= 4.81 s.
obtain jump arcs time= 0.01 s.
-----------------------------------------------------------------------------------------
-----------------------------------------------------------------------------------------
elapsed time= 929.98 s.
-----------------------------------------------------------------------------------------
-----------------------------------------------------------------------------------------
 ****** Try Enumeration ****** 
n= 9.52015 stop_b= 10 status= LABEL_FOR_LIMIT
#labels= 50072 #routes= 38
labeling 1 time= 0.73 s.
next try value > 51492.1
-----------------------------------------------------------------------------------------
elapsed time= 931.09 s.
-----------------------------------------------------------------------------------------
 ****** Separate RCCs ****** 
 ****** Separate Rank1Cuts ****** 
-----------------------------------------------------------------------------------------
 ****** Pricing Level: LIGHT HEUR ****** 
it= 3   ncol= 5531  ncstr= 1104 mt= 2.2   spt= 0.3   lpval= 51494.6   ub= 51505.0  
 ****** Pricing Level: HEAVY HEUR ****** 
it= 3   ncol= 5565  ncstr= 1104 mt= 1.5   spt= 0.6   lpval= 51494.5   ub= 51505.0  
 ****** Pricing Level: EXACT ****** 
it= 5   ncol= 6159  ncstr= 1104 mt= 6.6   spt= 56.0  lpval= 51494.2   ub= 51505.0  
-----------------------------------------------------------------------------------------
elapsed time= 1019.91 s.
-----------------------------------------------------------------------------------------
-----------------------------------------------------------------------------------------
 ****** Run Arc Elimination ****** 
arc elimination time= 6.11 s.
previous= 84.2409% maximum= 1.39391%
eliminate bucket arcs time= 2.25 s.
obtain jump arcs time= 0.01 s.
-----------------------------------------------------------------------------------------
-----------------------------------------------------------------------------------------
elapsed time= 1028.52 s.
-----------------------------------------------------------------------------------------
-----------------------------------------------------------------------------------------
 ****** Try Enumeration ****** 
n= 9.44751 stop_b= 10 status= LABEL_FOR_LIMIT
#labels= 50067 #routes= 24
labeling 1 time= 0.41 s.
next try value > 51495.2
-----------------------------------------------------------------------------------------
elapsed time= 1029.29 s.
-----------------------------------------------------------------------------------------
[1;36m[REMIND] eps= 72.010539 tail off hard time= 60.000000 in function setIfTailOff at /blue/yu.yang1/you.z/route_opt/packages/application/X-n359-k29/src/main/src/call_cutting.cpp:140[0m
current_r_best= 4.6072
alpha= 0.37 beta= 2.35343 omega= 226.868 k1= 11
lb_k= 1 ub_k= 37
revise: lb_k= 9 ub_k= 14
opt_k= 12
alpha= 0.75 beta= 2.35343 omega= 8.7195 k1= 3
lb_k= 1 ub_k= 3
revise: lb_k= 2 ub_k= 3
opt_k= 3
pseudo= 50 frac= 50
#candidates in phase1= 12
testing lp time= 37.33 s.
-----------------------------------------------------------------------------------------
  0-248 ,  27.53|  88-229 ,  12.07|  39-163 ,   9.99| 138-276 ,   8.76| 123-226 ,   6.62| 
 54-100 ,   5.64|   4-62  ,   5.43|   0-211 ,   5.18|  62-346 ,   4.80|   0-283 ,   2.92| 
197-278 ,   2.87|  74-163 ,   0.27| 
-----------------------------------------------------------------------------------------
edge= 39 163 lp= 0.169203 pre= 2 lp2= 59.0468 pre2= 2 score= 9.99089
-----------------------------------------------------------------------------------------
edge= 88 229 lp= 0.424194 pre= 2 lp2= 28.4603 pre2= 2 score= 12.0727
-----------------------------------------------------------------------------------------
edge= 0 248 lp= 0.466161 pre= 2 lp2= 59.0468 pre2= 2 score= 27.5253
-----------------------------------------------------------------------------------------
candidate= 0-248 : -
-----------------------------------------------------------------------------------------
-----------------------------------------------------------------------------------------
 ****** Pricing Level: LIGHT HEUR ****** 
it= 5   ncol= 4208  ncstr= 1003 mt= 2.3   spt= 0.5   lpval= 51494.6   ub= 51505.0  
 ****** Pricing Level: HEAVY HEUR ****** 
it= 6   ncol= 4266  ncstr= 1003 mt= 2.4   spt= 1.0   lpval= 51494.5   ub= 51505.0  
-----------------------------------------------------------------------------------------
elapsed time= 1092.69 s.
-----------------------------------------------------------------------------------------
candidate= 0-248 : +
-----------------------------------------------------------------------------------------
-----------------------------------------------------------------------------------------
 ****** Pricing Level: LIGHT HEUR ****** 
it= 10  ncol= 4318  ncstr= 1003 mt= 19.2  spt= 0.8   lpval= 51534.9   ub= 51505.0  
 ****** Pricing Level: HEAVY HEUR ****** 
it= 11  ncol= 4513  ncstr= 1003 mt= 14.7  spt= 1.6   lpval= 51523.2   ub= 51505.0  
-----------------------------------------------------------------------------------------
elapsed time= 1137.07 s.
-----------------------------------------------------------------------------------------
candidate= 88-229 : -
-----------------------------------------------------------------------------------------
-----------------------------------------------------------------------------------------
 ****** Pricing Level: LIGHT HEUR ****** 
it= 5   ncol= 4187  ncstr= 1003 mt= 2.6   spt= 0.5   lpval= 51494.6   ub= 51505.0  
 ****** Pricing Level: HEAVY HEUR ****** 
it= 3   ncol= 4221  ncstr= 1003 mt= 0.2   spt= 0.5   lpval= 51494.6   ub= 51505.0  
-----------------------------------------------------------------------------------------
elapsed time= 1143.92 s.
-----------------------------------------------------------------------------------------
candidate= 88-229 : +
-----------------------------------------------------------------------------------------
-----------------------------------------------------------------------------------------
 ****** Pricing Level: LIGHT HEUR ****** 
it= 8   ncol= 4266  ncstr= 1003 mt= 5.4   spt= 0.7   lpval= 51518.6   ub= 51505.0  
 ****** Pricing Level: HEAVY HEUR ****** 
it= 7   ncol= 4398  ncstr= 1003 mt= 7.5   spt= 1.1   lpval= 51511.4   ub= 51505.0  
-----------------------------------------------------------------------------------------
elapsed time= 1164.54 s.
-----------------------------------------------------------------------------------------
brc= 0-248
t= 1.50276 c= 329.993 n= 1 if_b4= 1
t= 30.5308 c= 330.547 n= 1 if_b4= 1
nodes already exists
memory usage= 8GB.
#########################################################################################
tree size= 0 lb= 51494.2 ub= 51505
#########################################################################################
idx= 4 value= 51494.2 enu= 0
brc= 73-316 : -
brc= 8-153 : +
brc= 111-141 : -
brc= 98-219 : +
brc= 73-303 : -
brc= 106-277 : +
brc= 179-198 : +
brc= 160-170 : +
brc= 21-52 : -
brc= 84-131 : +
brc= 0-347 : +
brc= 9-229 : -
brc= 80-311 : -
brc= 99-339 : +
brc= 205-304 : -
brc= 47-109 : +
brc= 73-149 : +
brc= 0-85 : -
brc= 158-163 : +
brc= 57-278 : -
brc= 0-248 : -
-----------------------------------------------------------------------------------------
 ****** Pricing Level: LIGHT HEUR ****** 
it= 4   ncol= 4154  ncstr= 1002 mt= 2.2   spt= 0.4   lpval= 51494.6   ub= 51505.0  
 ****** Pricing Level: HEAVY HEUR ****** 
it= 7   ncol= 4201  ncstr= 1002 mt= 2.6   spt= 1.1   lpval= 51494.6   ub= 51505.0  
 ****** Pricing Level: EXACT ****** 
it= 4   ncol= 4488  ncstr= 1002 mt= 2.0   spt= 37.0  lpval= 51494.4   ub= 51505.0  
-----------------------------------------------------------------------------------------
elapsed time= 1216.74 s.
-----------------------------------------------------------------------------------------
 ****** Separate RCCs ****** 
 ****** Separate Rank1Cuts ****** 
-----------------------------------------------------------------------------------------
 ****** Pricing Level: LIGHT HEUR ****** 
it= 4   ncol= 4549  ncstr= 1162 mt= 3.4   spt= 0.5   lpval= 51496.6   ub= 51505.0  
 ****** Pricing Level: HEAVY HEUR ****** 
it= 2   ncol= 4571  ncstr= 1162 mt= 1.3   spt= 0.3   lpval= 51496.6   ub= 51505.0  
 ****** Pricing Level: EXACT ****** 
it= 4   ncol= 5002  ncstr= 1162 mt= 8.7   spt= 41.3  lpval= 51496.2   ub= 51505.0  
-----------------------------------------------------------------------------------------
elapsed time= 1304.12 s.
-----------------------------------------------------------------------------------------
-----------------------------------------------------------------------------------------
 ****** Run Arc Elimination ****** 
arc elimination time= 4.99 s.
previous= 86.7247% maximum= 1.20886%
eliminate bucket arcs time= 1.90 s.
obtain jump arcs time= 0.01 s.
-----------------------------------------------------------------------------------------
-----------------------------------------------------------------------------------------
elapsed time= 1311.27 s.
-----------------------------------------------------------------------------------------
-----------------------------------------------------------------------------------------
 ****** Try Enumeration ****** 
#labels= 116535 #routes= 128
labeling 1 time= 1.19 s.
concatenate time= 0.46 s.
#routes= 37369
average gap of successful enumeration= 0.000151577
next try value > 51495.2
-----------------------------------------------------------------------------------------
elapsed time= 1313.26 s.
-----------------------------------------------------------------------------------------
 ****** Process Enumeration Matrix ****** 
delete non-ele routes lp val= 51496.5
recover rank1c lp val= 51499.7
recover rcc lp val= 51503.7
obtain rcc coefficient time= 0.17 s.
obtain r1c coefficient time= 0.06 s.
obtain matrix from triplets time= 0.26 s.
delete columns by branch time= 0.00 s.
columns pending deletion= 633 remain= 37369 col ratio= 0.983061 row ratio= 1
regenerate enumeration matrix time= 0.00 s.
-----------------------------------------------------------------------------------------
elapsed time= 1380.67 s.
-----------------------------------------------------------------------------------------
it= 9   ncol= 4033  ncstr= 1075 mt= 10.9  spt= 0.2   lpval= 51501.5   ub= 51505.0  
-----------------------------------------------------------------------------------------
elapsed time= 1391.92 s.
-----------------------------------------------------------------------------------------
delete columns= 34131 remain= 3238
mip: row= 903 col= 5444 density= 5.66395%
mip time= 2.47 s.
mip status= 3
update f from 0 to 3.52916
#########################################################################################
[32m<Instance: X-n359-k29>
<Solution>
<UB= 51505>
<LB= 51505>
<Elapsed Time= 1398>
<Nodes Explored= 3>
<Global Gap= 0%>[0m
#########################################################################################
File nodes/X-n359-k29_1_1_1_0_0_1_0_2_1_0_1_G16.node deleted successfully.
