application type: CVRP
X-n359-k29_2_5_0_4_0_0_4_2_G16.node
Set parameter ServerTimeout to value 600
Set parameter TokenServer to value "grb-ts.ufhpc"
Set parameter Threads to value 1
instance name= X-n359-k29
#########################################################################################
tree size= 0 lb= 0 ub= 51506
#########################################################################################
idx= 5 value= 51479.1 enu= 0
brc= 73-316 : -
brc= 8-153 : -
brc= 39-90 : +
brc= 0-111 : -
brc= 37-166 : -
brc= 73-149 : -
brc= 88-117 : -
brc= 151-166 : -
brc= 0-153 : +
brc= 73-303 : +
brc= 42-193 : -
brc= 33-334 : -
brc= 266-332 : -
brc= 229-251 : -
brc= 82-88 : +
brc= 85-111 : +
brc= 21-82 : +
brc= 8-171 : -
brc= 25-275 : -
brc= 83-84 : -
brc= 30-44 : -
brc= 63-325 : +
brc= 50-111 : -
brc= 50-141 : -
brc= 0-197 : +
-----------------------------------------------------------------------------------------
 ****** Pricing Level: LIGHT HEUR ****** 
it= 22  ncol= 3722  ncstr= 996  mt= 4.4   spt= 2.7   lpval= 51507.0   ub= 51505.0  
 ****** Pricing Level: HEAVY HEUR ****** 
it= 15  ncol= 4010  ncstr= 996  mt= 4.2   spt= 3.5   lpval= 51501.7   ub= 51505.0  
 ****** Pricing Level: EXACT ****** 
it= 6   ncol= 5670  ncstr= 996  mt= 3.4   spt= 39.0  lpval= 51492.3   ub= 51505.0  
-----------------------------------------------------------------------------------------
elapsed time= 69.43 s.
-----------------------------------------------------------------------------------------
-----------------------------------------------------------------------------------------
 ****** Run Arc Elimination ****** 
arc elimination time= 3.96 s.
previous= 13.1394% maximum= 1.4949%
eliminate bucket arcs time= 2.33 s.
obtain jump arcs time= 0.01 s.
-----------------------------------------------------------------------------------------
-----------------------------------------------------------------------------------------
elapsed time= 76.00 s.
-----------------------------------------------------------------------------------------
-----------------------------------------------------------------------------------------
 ****** Try Enumeration ****** 
#labels= 229280 #routes= 671
labeling 1 time= 1.39 s.
concatenate time= 0.77 s.
#routes= 147810
average gap of successful enumeration= 0.000227393
next try value > 51467.5
-----------------------------------------------------------------------------------------
elapsed time= 78.26 s.
-----------------------------------------------------------------------------------------
 ****** Process Enumeration Matrix ****** 
delete non-ele routes lp val= 51492.7
recover rank1c lp val= 51496.1
recover rcc lp val= 51496.8
obtain rcc coefficient time= 0.16 s.
obtain r1c coefficient time= 0.19 s.
obtain matrix from triplets time= 0.26 s.
delete columns by branch time= 0.00 s.
columns pending deletion= 926 remain= 147810 col ratio= 0.993735 row ratio= 1
regenerate enumeration matrix time= 0.00 s.
-----------------------------------------------------------------------------------------
elapsed time= 98.89 s.
-----------------------------------------------------------------------------------------
it= 10  ncol= 3802  ncstr= 947  mt= 1.6   spt= 0.1   lpval= 51495.6   ub= 51505.0  
-----------------------------------------------------------------------------------------
elapsed time= 100.70 s.
-----------------------------------------------------------------------------------------
delete columns= 111098 remain= 36712
 ****** Separate RCCs ****** 
 ****** Separate Rank1Cuts ****** 
it= 7   ncol= 3082  ncstr= 951  mt= 1.4   spt= 0.0   lpval= 51502.8   ub= 51505.0  
-----------------------------------------------------------------------------------------
elapsed time= 106.30 s.
-----------------------------------------------------------------------------------------
delete columns= 35363 remain= 1349
mip: row= 828 col= 2830 density= 5.65371%
mip time= 0.31 s.
mip status= 3
update f from 0 to 2.18174
#########################################################################################
[32m<Instance: X-n359-k29>
<Solution>
<UB= 51505>
<LB= 51505>
<Elapsed Time= 106.6>
<Nodes Explored= 1>
<Global Gap= 0%>[0m
#########################################################################################
File nodes/X-n359-k29_2_5_0_4_0_0_4_2_G16.node deleted successfully.
