application type: CVRP
X-n359-k29_1_0_1_1_1_1_1_3_2_3_G16.node
Set parameter ServerTimeout to value 600
Set parameter TokenServer to value "grb-ts.ufhpc"
Set parameter Threads to value 1
instance name= X-n359-k29
#########################################################################################
tree size= 0 lb= 0 ub= 51506
#########################################################################################
idx= 7 value= 51489.6 enu= 0
brc= 73-316 : -
brc= 8-153 : +
brc= 111-141 : +
brc= 73-303 : -
brc= 179-198 : +
brc= 205-304 : -
brc= 48-302 : +
brc= 205-303 : -
brc= 162-174 : +
brc= 73-149 : -
brc= 99-339 : +
brc= 42-193 : -
brc= 160-170 : +
brc= 109-345 : -
brc= 219-254 : -
brc= 88-142 : -
brc= 18-93 : +
brc= 266-332 : -
brc= 0-345 : -
brc= 98-219 : +
brc= 21-52 : -
brc= 84-160 : -
brc= 85-111 : -
brc= 39-67 : +
-----------------------------------------------------------------------------------------
 ****** Pricing Level: LIGHT HEUR ****** 
it= 30  ncol= 4184  ncstr= 959  mt= 12.9  spt= 3.4   lpval= 51558.3   ub= 51505.0  
it= 36  ncol= 4229  ncstr= 959  mt= 1.7   spt= 0.7   lpval= 51555.5   ub= 51505.0  
 ****** Pricing Level: HEAVY HEUR ****** 
it= 18  ncol= 4634  ncstr= 959  mt= 9.6   spt= 4.5   lpval= 51530.3   ub= 51505.0  
 ****** Pricing Level: EXACT ****** 
it= 8   ncol= 7292  ncstr= 959  mt= 7.2   spt= 106.4 lpval= 51504.8   ub= 51505.0  
-----------------------------------------------------------------------------------------
elapsed time= 175.38 s.
-----------------------------------------------------------------------------------------
#########################################################################################
[32m<Instance: X-n359-k29>
<Solution>
<UB= 51505>
<LB= 51505>
<Elapsed Time= 175.4>
<Nodes Explored= 1>
<Global Gap= 0%>[0m
#########################################################################################
File nodes/X-n359-k29_1_0_1_1_1_1_1_3_2_3_G16.node deleted successfully.
