application type: CVRP
X-n359-k29_3_0_1_1_0_0_1_0_2_2_G16.node
Set parameter ServerTimeout to value 600
Set parameter TokenServer to value "grb-ts.ufhpc"
Set parameter Threads to value 1
instance name= X-n359-k29
#########################################################################################
tree size= 0 lb= 0 ub= 51506
#########################################################################################
idx= 5 value= 51486.3 enu= 0
brc= 73-316 : -
brc= 8-153 : -
brc= 39-90 : -
brc= 27-105 : +
brc= 73-303 : +
brc= 118-164 : -
brc= 21-82 : +
brc= 229-251 : -
brc= 171-232 : +
brc= 152-338 : +
brc= 105-146 : +
brc= 111-150 : -
brc= 90-166 : +
brc= 85-110 : +
brc= 63-98 : -
brc= 7-166 : -
brc= 34-63 : +
brc= 0-21 : -
brc= 37-271 : -
brc= 85-170 : +
-----------------------------------------------------------------------------------------
 ****** Pricing Level: LIGHT HEUR ****** 
it= 28  ncol= 3533  ncstr= 841  mt= 0.8   spt= 2.9   lpval= 51487.9   ub= 51505.0  
 ****** Pricing Level: HEAVY HEUR ****** 
it= 20  ncol= 3968  ncstr= 841  mt= 1.4   spt= 4.2   lpval= 51487.4   ub= 51505.0  
 ****** Pricing Level: EXACT ****** 
it= 6   ncol= 4814  ncstr= 841  mt= 0.7   spt= 55.1  lpval= 51487.0   ub= 51505.0  
-----------------------------------------------------------------------------------------
elapsed time= 77.07 s.
-----------------------------------------------------------------------------------------
-----------------------------------------------------------------------------------------
 ****** Run Arc Elimination ****** 
arc elimination time= 11.42 s.
previous= 19.6652% maximum= 1.98703%
eliminate bucket arcs time= 3.29 s.
obtain jump arcs time= 0.01 s.
-----------------------------------------------------------------------------------------
-----------------------------------------------------------------------------------------
elapsed time= 92.04 s.
-----------------------------------------------------------------------------------------
-----------------------------------------------------------------------------------------
 ****** Try Enumeration ****** 
n= 9.57068 stop_b= 10 status= LABEL_FOR_LIMIT
#labels= 50018 #routes= 142
labeling 1 time= 0.27 s.
next try value > 51488
-----------------------------------------------------------------------------------------
elapsed time= 92.40 s.
-----------------------------------------------------------------------------------------
 ****** Separate RCCs ****** 
 ****** Separate Rank1Cuts ****** 
-----------------------------------------------------------------------------------------
 ****** Pricing Level: LIGHT HEUR ****** 
it= 12  ncol= 5033  ncstr= 1072 mt= 3.5   spt= 0.5   lpval= 51501.0   ub= 51505.0  
 ****** Pricing Level: HEAVY HEUR ****** 
it= 14  ncol= 5332  ncstr= 1072 mt= 4.5   spt= 0.9   lpval= 51498.6   ub= 51505.0  
 ****** Pricing Level: EXACT ****** 
it= 7   ncol= 6545  ncstr= 1072 mt= 3.7   spt= 49.3  lpval= 51495.4   ub= 51505.0  
-----------------------------------------------------------------------------------------
elapsed time= 166.52 s.
-----------------------------------------------------------------------------------------
-----------------------------------------------------------------------------------------
 ****** Run Arc Elimination ****** 
arc elimination time= 3.36 s.
previous= 64.0713% maximum= 1.27311%
eliminate bucket arcs time= 1.57 s.
obtain jump arcs time= 0.01 s.
-----------------------------------------------------------------------------------------
-----------------------------------------------------------------------------------------
elapsed time= 171.49 s.
-----------------------------------------------------------------------------------------
-----------------------------------------------------------------------------------------
 ****** Try Enumeration ****** 
#labels= 136197 #routes= 438
labeling 1 time= 0.54 s.
concatenate time= 0.25 s.
#routes= 46735
average gap of successful enumeration= 0.000167207
next try value > 51488.1
-----------------------------------------------------------------------------------------
elapsed time= 172.36 s.
-----------------------------------------------------------------------------------------
 ****** Process Enumeration Matrix ****** 
delete non-ele routes lp val= 51497
recover rank1c lp val= 51503
recover rcc lp val= 51516.7
obtain rcc coefficient time= 0.07 s.
obtain r1c coefficient time= 0.07 s.
obtain matrix from triplets time= 0.10 s.
delete columns by branch time= 0.00 s.
columns pending deletion= 502 remain= 46735 col ratio= 0.989259 row ratio= 1
regenerate enumeration matrix time= 0.00 s.
-----------------------------------------------------------------------------------------
elapsed time= 193.53 s.
-----------------------------------------------------------------------------------------
it= 12  ncol= 4381  ncstr= 977  mt= 3.9   spt= 0.1   lpval= 51509.8   ub= 51505.0  
-----------------------------------------------------------------------------------------
elapsed time= 197.59 s.
-----------------------------------------------------------------------------------------
#########################################################################################
[32m<Instance: X-n359-k29>
<Solution>
<UB= 51505>
<LB= 51505>
<Elapsed Time= 197.6>
<Nodes Explored= 1>
<Global Gap= 0%>[0m
#########################################################################################
File nodes/X-n359-k29_3_0_1_1_0_0_1_0_2_2_G16.node deleted successfully.
