application type: CVRP
X-n359-k29_2_1_1_0_0_2_4_0_0_1_0_1_G16.node
Set parameter ServerTimeout to value 600
Set parameter TokenServer to value "grb-ts.ufhpc"
Set parameter Threads to value 1
instance name= X-n359-k29
#########################################################################################
tree size= 0 lb= 0 ub= 51506
#########################################################################################
idx= 3 value= 51492.4 enu= 0
brc= 73-316 : -
brc= 8-153 : -
brc= 39-90 : +
brc= 0-111 : -
brc= 37-166 : +
brc= 73-149 : -
brc= 266-332 : +
brc= 13-34 : +
brc= 7-166 : +
brc= 46-64 : -
brc= 75-125 : -
brc= 44-338 : +
brc= 52-312 : -
brc= 234-341 : -
brc= 179-198 : -
brc= 171-335 : -
brc= 292-299 : +
brc= 0-85 : +
brc= 0-110 : +
brc= 257-341 : -
brc= 143-311 : +
brc= 37-151 : +
brc= 0-197 : -
brc= 169-282 : +
-----------------------------------------------------------------------------------------
 ****** Pricing Level: LIGHT HEUR ****** 
it= 10  ncol= 2953  ncstr= 982  mt= 0.5   spt= 0.3   lpval= 51493.0   ub= 51505.0  
 ****** Pricing Level: HEAVY HEUR ****** 
it= 12  ncol= 3137  ncstr= 982  mt= 0.8   spt= 0.7   lpval= 51493.0   ub= 51505.0  
 ****** Pricing Level: EXACT ****** 
it= 5   ncol= 4589  ncstr= 982  mt= 0.9   spt= 50.5  lpval= 51492.9   ub= 51505.0  
-----------------------------------------------------------------------------------------
elapsed time= 73.49 s.
-----------------------------------------------------------------------------------------
-----------------------------------------------------------------------------------------
 ****** Run Arc Elimination ****** 
arc elimination time= 7.39 s.
previous= 92.2222% maximum= 1.41016%
eliminate bucket arcs time= 1.72 s.
obtain jump arcs time= 0.01 s.
-----------------------------------------------------------------------------------------
-----------------------------------------------------------------------------------------
elapsed time= 83.19 s.
-----------------------------------------------------------------------------------------
-----------------------------------------------------------------------------------------
 ****** Try Enumeration ****** 
#labels= 207240 #routes= 502
labeling 1 time= 1.88 s.
concatenate time= 0.88 s.
#routes= 122484
average gap of successful enumeration= 0.000214591
next try value > 51492
-----------------------------------------------------------------------------------------
elapsed time= 86.13 s.
-----------------------------------------------------------------------------------------
 ****** Process Enumeration Matrix ****** 
delete non-ele routes lp val= 51493.2
recover rank1c lp val= 51495
recover rcc lp val= 51499.4
obtain rcc coefficient time= 0.20 s.
obtain r1c coefficient time= 0.20 s.
obtain matrix from triplets time= 0.76 s.
delete columns by branch time= 0.00 s.
columns pending deletion= 1060 remain= 122484 col ratio= 0.991346 row ratio= 1
regenerate enumeration matrix time= 0.00 s.
-----------------------------------------------------------------------------------------
elapsed time= 111.52 s.
-----------------------------------------------------------------------------------------
it= 15  ncol= 4148  ncstr= 925  mt= 4.6   spt= 0.2   lpval= 51496.8   ub= 51505.0  
-----------------------------------------------------------------------------------------
elapsed time= 116.44 s.
-----------------------------------------------------------------------------------------
delete columns= 104085 remain= 18399
 ****** Separate Rank1Cuts ****** 
it= 8   ncol= 2916  ncstr= 918  mt= 2.2   spt= 0.0   lpval= 51499.5   ub= 51505.0  
-----------------------------------------------------------------------------------------
elapsed time= 123.91 s.
-----------------------------------------------------------------------------------------
delete columns= 11486 remain= 6913
mip: row= 842 col= 9421 density= 5.68609%
mip time= 9.92 s.
mip status= 6
update f from 0 to 5.51751
#########################################################################################
[32m<Instance: X-n359-k29>
<Solution>
<UB= 51505>
<LB= 51505>
<Elapsed Time= 133.9>
<Nodes Explored= 1>
<Global Gap= 0%>[0m
#########################################################################################
File nodes/X-n359-k29_2_1_1_0_0_2_4_0_0_1_0_1_G16.node deleted successfully.
