application type: CVRP
X-n359-k29_2_2_0_0_0_1_0_0_3_0_0_0_0_G16.node
Set parameter ServerTimeout to value 600
Set parameter TokenServer to value "grb-ts.ufhpc"
Set parameter Threads to value 1
instance name= X-n359-k29
#########################################################################################
tree size= 0 lb= 0 ub= 51506
#########################################################################################
idx= 1 value= 51488.7 enu= 0
brc= 73-316 : -
brc= 8-153 : -
brc= 39-90 : +
brc= 0-111 : -
brc= 37-166 : -
brc= 73-149 : +
brc= 179-198 : +
brc= 205-303 : +
brc= 229-251 : +
brc= 110-112 : -
brc= 18-93 : +
brc= 40-67 : +
brc= 21-52 : +
brc= 85-110 : -
brc= 110-131 : -
brc= 110-170 : -
brc= 47-178 : +
brc= 0-73 : +
brc= 111-141 : +
brc= 0-153 : +
brc= 85-111 : +
-----------------------------------------------------------------------------------------
 ****** Pricing Level: LIGHT HEUR ****** 
it= 11  ncol= 4190  ncstr= 913  mt= 2.8   spt= 0.5   lpval= 51511.4   ub= 51505.0  
 ****** Pricing Level: HEAVY HEUR ****** 
it= 13  ncol= 4463  ncstr= 913  mt= 4.9   spt= 1.2   lpval= 51506.2   ub= 51505.0  
 ****** Pricing Level: EXACT ****** 
it= 7   ncol= 6068  ncstr= 913  mt= 5.3   spt= 69.4  lpval= 51497.1   ub= 51505.0  
-----------------------------------------------------------------------------------------
elapsed time= 100.81 s.
-----------------------------------------------------------------------------------------
-----------------------------------------------------------------------------------------
 ****** Run Arc Elimination ****** 
arc elimination time= 4.45 s.
previous= 39.3538% maximum= 1.0113%
eliminate bucket arcs time= 2.06 s.
obtain jump arcs time= 0.01 s.
-----------------------------------------------------------------------------------------
-----------------------------------------------------------------------------------------
elapsed time= 107.85 s.
-----------------------------------------------------------------------------------------
-----------------------------------------------------------------------------------------
 ****** Try Enumeration ****** 
#labels= 74932 #routes= 6
labeling 1 time= 0.49 s.
concatenate time= 0.09 s.
#routes= 18721
average gap of successful enumeration= 0.00013337
next try value > 51481.1
-----------------------------------------------------------------------------------------
elapsed time= 108.55 s.
-----------------------------------------------------------------------------------------
 ****** Process Enumeration Matrix ****** 
delete non-ele routes lp val= 51497.9
recover rank1c lp val= 51503.7
recover rcc lp val= 51505.4
obtain rcc coefficient time= 0.03 s.
obtain r1c coefficient time= 0.03 s.
obtain matrix from triplets time= 0.05 s.
delete columns by branch time= 0.00 s.
columns pending deletion= 288 remain= 18721 col ratio= 0.984616 row ratio= 1
regenerate enumeration matrix time= 0.00 s.
-----------------------------------------------------------------------------------------
elapsed time= 130.41 s.
-----------------------------------------------------------------------------------------
it= 8   ncol= 4476  ncstr= 864  mt= 1.8   spt= 0.0   lpval= 51503.7   ub= 51505.0  
-----------------------------------------------------------------------------------------
elapsed time= 132.26 s.
-----------------------------------------------------------------------------------------
delete columns= 17942 remain= 779
 ****** Separate RCCs ****** 
 ****** Separate Rank1Cuts ****** 
it= 3   ncol= 976   ncstr= 1178 mt= 0.2   spt= 0.0   lpval= 1000000.0 ub= 51505.0  
-----------------------------------------------------------------------------------------
elapsed time= 138.11 s.
-----------------------------------------------------------------------------------------
#########################################################################################
[32m<Instance: X-n359-k29>
<Solution>
<UB= 51505>
<LB= 51505>
<Elapsed Time= 138.1>
<Nodes Explored= 1>
<Global Gap= 0%>[0m
#########################################################################################
File nodes/X-n359-k29_2_2_0_0_0_1_0_0_3_0_0_0_0_G16.node deleted successfully.
