application type: CVRP
X-n359-k29_2_5_0_1_0_3_5_3_2_0_G16.node
Set parameter ServerTimeout to value 600
Set parameter TokenServer to value "grb-ts.ufhpc"
Set parameter Threads to value 1
instance name= X-n359-k29
#########################################################################################
tree size= 0 lb= 0 ub= 51506
#########################################################################################
idx= 1 value= 51481.1 enu= 0
brc= 73-316 : -
brc= 8-153 : -
brc= 39-90 : +
brc= 0-111 : -
brc= 37-166 : -
brc= 73-149 : -
brc= 88-117 : -
brc= 151-166 : -
brc= 0-153 : +
brc= 73-303 : +
brc= 42-193 : -
brc= 33-334 : +
brc= 229-251 : +
brc= 0-312 : -
brc= 105-338 : -
brc= 30-44 : -
brc= 75-125 : +
brc= 119-312 : -
brc= 232-335 : -
brc= 63-98 : -
brc= 88-142 : -
brc= 53-88 : -
brc= 85-110 : +
brc= 152-312 : -
brc= 328-357 : -
brc= 52-159 : -
brc= 44-171 : +
brc= 0-52 : -
brc= 13-34 : -
brc= 63-325 : +
brc= 52-312 : +
-----------------------------------------------------------------------------------------
 ****** Pricing Level: LIGHT HEUR ****** 
it= 12  ncol= 3388  ncstr= 890  mt= 2.0   spt= 1.9   lpval= 51485.1   ub= 51505.0  
 ****** Pricing Level: HEAVY HEUR ****** 
it= 10  ncol= 3573  ncstr= 890  mt= 1.6   spt= 2.9   lpval= 51484.3   ub= 51505.0  
 ****** Pricing Level: EXACT ****** 
it= 5   ncol= 4543  ncstr= 890  mt= 1.5   spt= 73.8  lpval= 51482.5   ub= 51505.0  
-----------------------------------------------------------------------------------------
elapsed time= 100.64 s.
-----------------------------------------------------------------------------------------
-----------------------------------------------------------------------------------------
 ****** Run Arc Elimination ****** 
arc elimination time= 8.29 s.
-----------------------------------------------------------------------------------------
-----------------------------------------------------------------------------------------
elapsed time= 109.46 s.
-----------------------------------------------------------------------------------------
 ****** Separate RCCs ****** 
 ****** Separate Rank1Cuts ****** 
-----------------------------------------------------------------------------------------
 ****** Pricing Level: LIGHT HEUR ****** 
it= 6   ncol= 4610  ncstr= 972  mt= 1.6   spt= 1.1   lpval= 51488.2   ub= 51505.0  
 ****** Pricing Level: HEAVY HEUR ****** 
it= 4   ncol= 4651  ncstr= 972  mt= 1.0   spt= 1.2   lpval= 51487.9   ub= 51505.0  
 ****** Pricing Level: EXACT ****** 
it= 1   ncol= 4651  ncstr= 972  mt= 0.0   spt= 10.7  lpval= 51487.9   ub= 51505.0  
-----------------------------------------------------------------------------------------
elapsed time= 136.50 s.
-----------------------------------------------------------------------------------------
#########################################################################################
[1;36m[REMIND] roll back to the previous cutting iteration! in function rollbackEasyWay at /blue/yu.yang1/you.z/route_opt/packages/application/X-n359-k29/src/main/src/call_cutting.cpp:38[0m
#########################################################################################
[1;36m[REMIND] opt_k not found for node 1, use m directly in function getOptK at /blue/yu.yang1/you.z/route_opt/packages/branching/bkf/include/bkf_controller.hpp:239[0m
current_r_best= 1.03358
we directly test 100
we directly test 4
pseudo= 50 frac= 50
#candidates in phase1= 100
testing lp time= 144.69 s.
-----------------------------------------------------------------------------------------
  0-21  ,  51.21|  59-253 ,  32.03| 171-232 ,  27.68| 110-111 ,  27.55| 106-119 ,  21.00| 
  9-317 ,  20.29|  83-84  ,  20.20|  84-131 ,  18.74|  84-105 ,  18.40|  21-82  ,  17.17| 
 82-141 ,  16.74|   8-131 ,  16.54| 164-307 ,  16.47|  50-106 ,  16.01| 257-290 ,  15.55| 
213-291 ,  14.56| 207-213 ,  14.56|  28-120 ,  14.23|  85-170 ,  13.84| 106-111 ,  13.36| 
 52-119 ,  13.09|   0-229 ,  12.14|  88-307 ,  12.14| 146-164 ,  12.13| 263-265 ,  12.06| 
 73-175 ,  11.35|  99-199 ,  11.03|  35-339 ,  10.72|   0-88  ,   9.89| 250-261 ,   9.75| 
307-338 ,   9.74|   0-15  ,   9.72|   0-321 ,   9.58|  28-115 ,   9.07| 115-191 ,   8.80| 
  0-112 ,   8.78|  34-63  ,   8.57|   0-62  ,   8.51| 117-152 ,   8.18|  25-275 ,   7.89| 
 29-30  ,   7.57| 212-268 ,   7.21|  88-141 ,   7.21| 118-251 ,   6.93| 134-251 ,   6.92| 
 34-72  ,   6.79|  82-159 ,   6.76| 111-141 ,   6.64|  54-196 ,   6.50|  82-88  ,   6.43| 
  0-215 ,   6.12|  34-341 ,   5.90|   0-227 ,   5.85|   0-28  ,   5.77|  15-50  ,   5.38| 
212-258 ,   5.24|  88-118 ,   5.10| 130-184 ,   4.99|   0-54  ,   4.80|  82-142 ,   4.74| 
106-277 ,   4.61|  32-277 ,   4.47| 127-328 ,   4.31|  88-159 ,   4.04| 149-277 ,   3.48| 
 89-340 ,   3.42|   0-30  ,   3.29| 238-350 ,   3.23| 114-333 ,   3.08|  21-141 ,   2.81| 
 48-60  ,   2.79| 258-268 ,   2.16|   6-318 ,   2.11|  49-349 ,   1.78| 130-223 ,   1.51| 
187-283 ,   1.35| 108-148 ,   1.27| 190-223 ,   1.26| 207-223 ,   1.18| 291-306 ,   1.17| 
  0-347 ,   1.09| 173-297 ,   1.04| 189-246 ,   0.99|  92-349 ,   0.87| 130-134 ,   0.77| 
154-205 ,   0.51|  41-297 ,   0.42|  18-339 ,   0.42| 243-350 ,   0.41| 250-340 ,   0.39| 
316-355 ,   0.36|   0-260 ,   0.34| 179-260 ,   0.34| 115-239 ,   0.33|   0-182 ,   0.29| 
 87-177 ,   0.23| 179-185 ,   0.12| 308-342 ,   0.10|   0-66  ,   0.07|   5-347 ,   0.00| 
-----------------------------------------------------------------------------------------
edge= 110 111 lp= 24.4228 pre= 2 lp2= 1.1281 pre2= 2 score= 27.5513
-----------------------------------------------------------------------------------------
edge= 171 232 lp= 53.5174 pre= 2 lp2= 0.517235 pre2= 2 score= 27.6811
-----------------------------------------------------------------------------------------
edge= 59 253 lp= 0.522038 pre= 2 lp2= 61.3544 pre2= 2 score= 32.0293
-----------------------------------------------------------------------------------------
edge= 0 21 lp= 1.12807 pre= 2 lp2= 45.3942 pre2= 2 score= 51.208
-----------------------------------------------------------------------------------------
candidate= 0-21 : -
-----------------------------------------------------------------------------------------
-----------------------------------------------------------------------------------------
 ****** Pricing Level: LIGHT HEUR ****** 
it= 7   ncol= 3120  ncstr= 879  mt= 1.1   spt= 1.2   lpval= 51483.6   ub= 51505.0  
 ****** Pricing Level: HEAVY HEUR ****** 
it= 7   ncol= 3246  ncstr= 879  mt= 0.6   spt= 2.1   lpval= 51483.5   ub= 51505.0  
-----------------------------------------------------------------------------------------
elapsed time= 289.21 s.
-----------------------------------------------------------------------------------------
candidate= 0-21 : +
-----------------------------------------------------------------------------------------
-----------------------------------------------------------------------------------------
 ****** Pricing Level: LIGHT HEUR ****** 
it= 30  ncol= 3617  ncstr= 879  mt= 7.4   spt= 4.8   lpval= 51510.4   ub= 51505.0  
it= 31  ncol= 3617  ncstr= 879  mt= 0.0   spt= 0.1   lpval= 51510.4   ub= 51505.0  
 ****** Pricing Level: HEAVY HEUR ****** 
it= 13  ncol= 3880  ncstr= 879  mt= 6.6   spt= 3.9   lpval= 51498.0   ub= 51505.0  
-----------------------------------------------------------------------------------------
elapsed time= 318.10 s.
-----------------------------------------------------------------------------------------
candidate= 59-253 : -
-----------------------------------------------------------------------------------------
-----------------------------------------------------------------------------------------
 ****** Pricing Level: LIGHT HEUR ****** 
it= 13  ncol= 3203  ncstr= 879  mt= 1.4   spt= 2.4   lpval= 51483.0   ub= 51505.0  
 ****** Pricing Level: HEAVY HEUR ****** 
it= 12  ncol= 3383  ncstr= 879  mt= 0.5   spt= 3.8   lpval= 51483.0   ub= 51505.0  
-----------------------------------------------------------------------------------------
elapsed time= 329.79 s.
-----------------------------------------------------------------------------------------
candidate= 59-253 : +
-----------------------------------------------------------------------------------------
-----------------------------------------------------------------------------------------
 ****** Pricing Level: LIGHT HEUR ****** 
it= 30  ncol= 3895  ncstr= 879  mt= 13.7  spt= 5.1   lpval= 51506.6   ub= 51505.0  
it= 42  ncol= 4022  ncstr= 879  mt= 0.6   spt= 2.1   lpval= 51506.6   ub= 51505.0  
 ****** Pricing Level: HEAVY HEUR ****** 
it= 20  ncol= 4493  ncstr= 879  mt= 5.8   spt= 6.0   lpval= 51493.6   ub= 51505.0  
-----------------------------------------------------------------------------------------
elapsed time= 371.77 s.
-----------------------------------------------------------------------------------------
candidate= 171-232 : -
-----------------------------------------------------------------------------------------
-----------------------------------------------------------------------------------------
 ****** Pricing Level: LIGHT HEUR ****** 
it= 16  ncol= 3418  ncstr= 879  mt= 4.6   spt= 2.7   lpval= 51521.8   ub= 51505.0  
 ****** Pricing Level: HEAVY HEUR ****** 
it= 21  ncol= 3809  ncstr= 879  mt= 7.2   spt= 6.1   lpval= 51507.8   ub= 51505.0  
-----------------------------------------------------------------------------------------
elapsed time= 397.39 s.
-----------------------------------------------------------------------------------------
candidate= 110-111 : -
-----------------------------------------------------------------------------------------
-----------------------------------------------------------------------------------------
 ****** Pricing Level: LIGHT HEUR ****** 
it= 10  ncol= 3253  ncstr= 879  mt= 3.4   spt= 1.7   lpval= 51500.6   ub= 51505.0  
 ****** Pricing Level: HEAVY HEUR ****** 
it= 13  ncol= 3477  ncstr= 879  mt= 3.2   spt= 3.9   lpval= 51498.0   ub= 51505.0  
-----------------------------------------------------------------------------------------
elapsed time= 412.65 s.
-----------------------------------------------------------------------------------------
candidate= 110-111 : +
-----------------------------------------------------------------------------------------
-----------------------------------------------------------------------------------------
 ****** Pricing Level: LIGHT HEUR ****** 
it= 26  ncol= 3508  ncstr= 879  mt= 3.6   spt= 4.5   lpval= 51483.6   ub= 51505.0  
 ****** Pricing Level: HEAVY HEUR ****** 
it= 17  ncol= 3749  ncstr= 879  mt= 1.7   spt= 5.1   lpval= 51483.5   ub= 51505.0  
-----------------------------------------------------------------------------------------
elapsed time= 433.59 s.
-----------------------------------------------------------------------------------------
brc= 110-111
t= 0.723466 c= 199.99 n= 0 if_b4= 1
t= 21.6181 c= 196.674 n= 0 if_b4= 1
nodes already exists
memory usage= 6GB.
#########################################################################################
tree size= 0 lb= 51482.5 ub= 51505
#########################################################################################
idx= 2 value= 51482.5 enu= 0
brc= 73-316 : -
brc= 8-153 : -
brc= 39-90 : +
brc= 0-111 : -
brc= 37-166 : -
brc= 73-149 : -
brc= 88-117 : -
brc= 151-166 : -
brc= 0-153 : +
brc= 73-303 : +
brc= 42-193 : -
brc= 33-334 : +
brc= 229-251 : +
brc= 0-312 : -
brc= 105-338 : -
brc= 30-44 : -
brc= 75-125 : +
brc= 119-312 : -
brc= 232-335 : -
brc= 63-98 : -
brc= 88-142 : -
brc= 53-88 : -
brc= 85-110 : +
brc= 152-312 : -
brc= 328-357 : -
brc= 52-159 : -
brc= 44-171 : +
brc= 0-52 : -
brc= 13-34 : -
brc= 63-325 : +
brc= 52-312 : +
brc= 110-111 : -
-----------------------------------------------------------------------------------------
 ****** Pricing Level: LIGHT HEUR ****** 
it= 18  ncol= 3429  ncstr= 878  mt= 3.6   spt= 3.1   lpval= 51500.6   ub= 51505.0  
 ****** Pricing Level: HEAVY HEUR ****** 
it= 19  ncol= 3681  ncstr= 878  mt= 3.5   spt= 5.7   lpval= 51498.6   ub= 51505.0  
 ****** Pricing Level: EXACT ****** 
it= 7   ncol= 6613  ncstr= 878  mt= 2.5   spt= 103.3 lpval= 51489.9   ub= 51505.0  
-----------------------------------------------------------------------------------------
elapsed time= 563.02 s.
-----------------------------------------------------------------------------------------
-----------------------------------------------------------------------------------------
 ****** Run Arc Elimination ****** 
arc elimination time= 6.03 s.
-----------------------------------------------------------------------------------------
-----------------------------------------------------------------------------------------
elapsed time= 569.11 s.
-----------------------------------------------------------------------------------------
 ****** Separate RCCs ****** 
 ****** Separate Rank1Cuts ****** 
-----------------------------------------------------------------------------------------
 ****** Pricing Level: LIGHT HEUR ****** 
it= 8   ncol= 6798  ncstr= 1019 mt= 2.9   spt= 1.5   lpval= 51498.0   ub= 51505.0  
 ****** Pricing Level: HEAVY HEUR ****** 
it= 8   ncol= 6920  ncstr= 1019 mt= 2.0   spt= 2.4   lpval= 51497.0   ub= 51505.0  
 ****** Pricing Level: EXACT ****** 
it= 1   ncol= 6920  ncstr= 1019 mt= 0.0   spt= 12.6  lpval= 51497.0   ub= 51505.0  
-----------------------------------------------------------------------------------------
elapsed time= 604.59 s.
-----------------------------------------------------------------------------------------
#########################################################################################
[1;36m[REMIND] roll back to the previous cutting iteration! in function rollbackEasyWay at /blue/yu.yang1/you.z/route_opt/packages/application/X-n359-k29/src/main/src/call_cutting.cpp:38[0m
#########################################################################################
current_r_best= 5.35337
alpha= 0.37 beta= 2.82337 omega= 276.434 k1= 14
lb_k= 1 ub_k= 37
revise: lb_k= 12 ub_k= 17
opt_k= 15
alpha= 0.75 beta= 2.82337 omega= 9.09764 k1= 3
lb_k= 1 ub_k= 3
revise: lb_k= 2 ub_k= 3
opt_k= 3
pseudo= 50 frac= 50
#candidates in phase1= 15
testing lp time= 23.98 s.
-----------------------------------------------------------------------------------------
 85-170 , 184.42| 126-170 ,  64.67|   0-15  ,  32.64|  15-150 ,  26.91| 253-328 ,  19.10| 
 42-95  ,  15.93|   0-42  ,  11.23|  64-170 ,   9.09|  38-80  ,   6.89| 115-191 ,   5.33| 
147-229 ,   5.07|  78-357 ,   3.88|   0-328 ,   3.16| 264-322 ,   2.10|  47-165 ,   0.99| 
-----------------------------------------------------------------------------------------
edge= 0 15 lp= 0.960842 pre= 2 lp2= 33.9663 pre2= 2 score= 32.6362
-----------------------------------------------------------------------------------------
edge= 126 170 lp= 0.821142 pre= 2 lp2= 78.7565 pre2= 2 score= 64.6703
-----------------------------------------------------------------------------------------
edge= 85 170 lp= 78.7565 pre= 2 lp2= 2.34167 pre2= 2 score= 184.422
-----------------------------------------------------------------------------------------
candidate= 85-170 : -
-----------------------------------------------------------------------------------------
-----------------------------------------------------------------------------------------
 ****** Pricing Level: LIGHT HEUR ****** 
it= 15  ncol= 4728  ncstr= 861  mt= 8.1   spt= 2.4   lpval= 51529.5   ub= 51505.0  
 ****** Pricing Level: HEAVY HEUR ****** 
it= 13  ncol= 4975  ncstr= 861  mt= 7.0   spt= 3.9   lpval= 51514.1   ub= 51505.0  
-----------------------------------------------------------------------------------------
elapsed time= 655.06 s.
-----------------------------------------------------------------------------------------
candidate= 126-170 : -
-----------------------------------------------------------------------------------------
-----------------------------------------------------------------------------------------
 ****** Pricing Level: LIGHT HEUR ****** 
it= 6   ncol= 4501  ncstr= 861  mt= 1.3   spt= 1.1   lpval= 51490.7   ub= 51505.0  
 ****** Pricing Level: HEAVY HEUR ****** 
it= 7   ncol= 4596  ncstr= 861  mt= 0.6   spt= 2.1   lpval= 51490.6   ub= 51505.0  
-----------------------------------------------------------------------------------------
elapsed time= 661.92 s.
-----------------------------------------------------------------------------------------
candidate= 126-170 : +
-----------------------------------------------------------------------------------------
-----------------------------------------------------------------------------------------
 ****** Pricing Level: LIGHT HEUR ****** 
it= 17  ncol= 4724  ncstr= 861  mt= 12.0  spt= 2.8   lpval= 51543.2   ub= 51505.0  
 ****** Pricing Level: HEAVY HEUR ****** 
it= 14  ncol= 5047  ncstr= 861  mt= 8.9   spt= 4.1   lpval= 51525.0   ub= 51505.0  
-----------------------------------------------------------------------------------------
elapsed time= 693.97 s.
-----------------------------------------------------------------------------------------
candidate= 85-170 : +
-----------------------------------------------------------------------------------------
-----------------------------------------------------------------------------------------
 ****** Pricing Level: LIGHT HEUR ****** 
it= 9   ncol= 4526  ncstr= 861  mt= 1.3   spt= 1.5   lpval= 51492.2   ub= 51505.0  
 ****** Pricing Level: HEAVY HEUR ****** 
it= 4   ncol= 4572  ncstr= 861  mt= 0.2   spt= 1.2   lpval= 51492.2   ub= 51505.0  
-----------------------------------------------------------------------------------------
elapsed time= 699.86 s.
-----------------------------------------------------------------------------------------
brc= 85-170
t= 0.761365 c= 202.803 n= 1 if_b4= 1
t= 19.559 c= 189.639 n= 1 if_b4= 1
nodes already exists
memory usage= 7GB.
#########################################################################################
tree size= 0 lb= 51489.9 ub= 51505
#########################################################################################
idx= 4 value= 51489.9 enu= 0
brc= 73-316 : -
brc= 8-153 : -
brc= 39-90 : +
brc= 0-111 : -
brc= 37-166 : -
brc= 73-149 : -
brc= 88-117 : -
brc= 151-166 : -
brc= 0-153 : +
brc= 73-303 : +
brc= 42-193 : -
brc= 33-334 : +
brc= 229-251 : +
brc= 0-312 : -
brc= 105-338 : -
brc= 30-44 : -
brc= 75-125 : +
brc= 119-312 : -
brc= 232-335 : -
brc= 63-98 : -
brc= 88-142 : -
brc= 53-88 : -
brc= 85-110 : +
brc= 152-312 : -
brc= 328-357 : -
brc= 52-159 : -
brc= 44-171 : +
brc= 0-52 : -
brc= 13-34 : -
brc= 63-325 : +
brc= 52-312 : +
brc= 110-111 : -
brc= 85-170 : -
-----------------------------------------------------------------------------------------
 ****** Pricing Level: LIGHT HEUR ****** 
it= 13  ncol= 4545  ncstr= 860  mt= 7.2   spt= 2.1   lpval= 51529.7   ub= 51505.0  
 ****** Pricing Level: HEAVY HEUR ****** 
it= 12  ncol= 4787  ncstr= 860  mt= 6.3   spt= 3.5   lpval= 51514.8   ub= 51505.0  
 ****** Pricing Level: EXACT ****** 
it= 8   ncol= 6145  ncstr= 860  mt= 3.5   spt= 125.9 lpval= 51509.8   ub= 51505.0  
-----------------------------------------------------------------------------------------
elapsed time= 854.68 s.
-----------------------------------------------------------------------------------------
#########################################################################################
[32m<Instance: X-n359-k29>
<Solution>
<UB= 51505>
<LB= 51505>
<Elapsed Time= 854.7>
<Nodes Explored= 3>
<Global Gap= 0%>[0m
#########################################################################################
File nodes/X-n359-k29_2_5_0_1_0_3_5_3_2_0_G16.node deleted successfully.
