application type: CVRP
X-n359-k29_3_0_1_1_0_0_7_4_2_3_5_G16.node
Set parameter ServerTimeout to value 600
Set parameter TokenServer to value "grb-ts.ufhpc"
Set parameter Threads to value 1
instance name= X-n359-k29
#########################################################################################
tree size= 0 lb= 0 ub= 51506
#########################################################################################
idx= 11 value= 51491.5 enu= 0
brc= 73-316 : -
brc= 8-153 : -
brc= 39-90 : -
brc= 27-105 : +
brc= 73-303 : +
brc= 118-164 : -
brc= 21-82 : +
brc= 229-251 : -
brc= 171-232 : +
brc= 152-338 : +
brc= 105-146 : +
brc= 111-150 : -
brc= 90-166 : -
brc= 119-277 : -
brc= 90-98 : -
brc= 0-15 : -
brc= 72-323 : -
brc= 0-88 : -
brc= 52-312 : +
brc= 0-21 : -
brc= 276-341 : -
brc= 200-219 : -
brc= 98-166 : -
brc= 98-151 : +
brc= 7-34 : -
brc= 82-117 : -
brc= 3-93 : +
brc= 93-345 : -
brc= 0-42 : -
brc= 110-112 : -
brc= 30-232 : +
brc= 15-127 : -
brc= 112-117 : -
brc= 30-192 : -
brc= 46-111 : -
brc= 81-169 : -
brc= 71-200 : +
-----------------------------------------------------------------------------------------
 ****** Pricing Level: LIGHT HEUR ****** 
it= 30  ncol= 3099  ncstr= 820  mt= 0.9   spt= 2.5   lpval= 51491.9   ub= 51505.0  
it= 49  ncol= 3462  ncstr= 820  mt= 0.6   spt= 1.6   lpval= 51491.9   ub= 51505.0  
 ****** Pricing Level: HEAVY HEUR ****** 
it= 23  ncol= 4037  ncstr= 820  mt= 1.0   spt= 3.8   lpval= 51491.9   ub= 51505.0  
 ****** Pricing Level: EXACT ****** 
it= 6   ncol= 6376  ncstr= 820  mt= 0.4   spt= 56.3  lpval= 51491.9   ub= 51505.0  
-----------------------------------------------------------------------------------------
elapsed time= 78.14 s.
-----------------------------------------------------------------------------------------
-----------------------------------------------------------------------------------------
 ****** Run Arc Elimination ****** 
arc elimination time= 7.53 s.
previous= 15.6646% maximum= 1.58049%
eliminate bucket arcs time= 3.20 s.
obtain jump arcs time= 0.01 s.
-----------------------------------------------------------------------------------------
-----------------------------------------------------------------------------------------
elapsed time= 89.11 s.
-----------------------------------------------------------------------------------------
-----------------------------------------------------------------------------------------
 ****** Try Enumeration ****** 
n= 9.46283 stop_b= 10 status= LABEL_FOR_LIMIT
#labels= 50126 #routes= 105
labeling 1 time= 0.22 s.
next try value > 51492.9
-----------------------------------------------------------------------------------------
elapsed time= 89.40 s.
-----------------------------------------------------------------------------------------
 ****** Separate RCCs ****** 
 ****** Separate Rank1Cuts ****** 
-----------------------------------------------------------------------------------------
 ****** Pricing Level: LIGHT HEUR ****** 
it= 11  ncol= 6625  ncstr= 991  mt= 3.7   spt= 0.2   lpval= 51507.6   ub= 51505.0  
 ****** Pricing Level: HEAVY HEUR ****** 
it= 12  ncol= 6866  ncstr= 991  mt= 3.1   spt= 0.5   lpval= 51502.7   ub= 51505.0  
 ****** Pricing Level: EXACT ****** 
it= 7   ncol= 8503  ncstr= 991  mt= 3.0   spt= 52.1  lpval= 51497.3   ub= 51505.0  
-----------------------------------------------------------------------------------------
elapsed time= 160.84 s.
-----------------------------------------------------------------------------------------
-----------------------------------------------------------------------------------------
 ****** Run Arc Elimination ****** 
arc elimination time= 3.13 s.
previous= 71.5817% maximum= 1.13134%
eliminate bucket arcs time= 1.55 s.
obtain jump arcs time= 0.01 s.
-----------------------------------------------------------------------------------------
-----------------------------------------------------------------------------------------
elapsed time= 165.55 s.
-----------------------------------------------------------------------------------------
-----------------------------------------------------------------------------------------
 ****** Try Enumeration ****** 
#labels= 95133 #routes= 282
labeling 1 time= 0.29 s.
concatenate time= 0.10 s.
#routes= 24971
average gap of successful enumeration= 0.000130423
next try value > 51492.9
-----------------------------------------------------------------------------------------
elapsed time= 166.01 s.
-----------------------------------------------------------------------------------------
 ****** Process Enumeration Matrix ****** 
delete non-ele routes lp val= 51497.9
recover rank1c lp val= 51503.7
recover rcc lp val= 51507.1
obtain rcc coefficient time= 0.03 s.
obtain r1c coefficient time= 0.02 s.
obtain matrix from triplets time= 0.03 s.
delete columns by branch time= 0.00 s.
columns pending deletion= 385 remain= 24971 col ratio= 0.984582 row ratio= 1
regenerate enumeration matrix time= 0.00 s.
-----------------------------------------------------------------------------------------
elapsed time= 182.81 s.
-----------------------------------------------------------------------------------------
it= 10  ncol= 5282  ncstr= 900  mt= 2.0   spt= 0.0   lpval= 51503.0   ub= 51505.0  
-----------------------------------------------------------------------------------------
elapsed time= 184.87 s.
-----------------------------------------------------------------------------------------
delete columns= 23818 remain= 1153
mip: row= 765 col= 2450 density= 5.99274%
mip time= 0.19 s.
mip status= 3
update f from 0 to 2.01769
#########################################################################################
[32m<Instance: X-n359-k29>
<Solution>
<UB= 51505>
<LB= 51505>
<Elapsed Time= 185.1>
<Nodes Explored= 1>
<Global Gap= 0%>[0m
#########################################################################################
File nodes/X-n359-k29_3_0_1_1_0_0_7_4_2_3_5_G16.node deleted successfully.
