application type: CVRP
X-n359-k29_1_1_0_0_2_0_5_1_5_5_2_4_G16.node
Set parameter ServerTimeout to value 600
Set parameter TokenServer to value "grb-ts.ufhpc"
Set parameter Threads to value 1
instance name= X-n359-k29
#########################################################################################
tree size= 0 lb= 0 ub= 51506
#########################################################################################
idx= 9 value= 51494.1 enu= 0
brc= 73-316 : -
brc= 8-153 : +
brc= 111-141 : -
brc= 98-219 : +
brc= 73-303 : +
brc= 0-111 : +
brc= 64-141 : -
brc= 119-149 : -
brc= 74-160 : +
brc= 160-170 : +
brc= 42-193 : -
brc= 254-271 : -
brc= 39-67 : -
brc= 0-63 : -
brc= 63-158 : -
brc= 71-200 : +
brc= 138-276 : -
brc= 39-151 : +
brc= 0-170 : -
brc= 38-97 : -
brc= 163-166 : -
brc= 0-28 : -
brc= 122-139 : -
brc= 32-277 : +
brc= 0-197 : -
brc= 81-272 : -
brc= 276-341 : -
brc= 0-351 : -
brc= 85-158 : -
brc= 80-97 : +
brc= 0-169 : -
brc= 200-284 : -
brc= 195-247 : +
brc= 110-126 : -
brc= 143-326 : -
brc= 77-292 : -
brc= 0-11 : -
brc= 330-334 : +
-----------------------------------------------------------------------------------------
 ****** Pricing Level: LIGHT HEUR ****** 
it= 30  ncol= 2490  ncstr= 895  mt= 3.3   spt= 2.9   lpval= 51506.5   ub= 51505.0  
it= 34  ncol= 2497  ncstr= 895  mt= 0.1   spt= 0.4   lpval= 51506.5   ub= 51505.0  
 ****** Pricing Level: HEAVY HEUR ****** 
it= 27  ncol= 3165  ncstr= 895  mt= 4.9   spt= 5.2   lpval= 51498.9   ub= 51505.0  
 ****** Pricing Level: EXACT ****** 
it= 7   ncol= 4734  ncstr= 895  mt= 1.5   spt= 67.4  lpval= 51497.3   ub= 51505.0  
-----------------------------------------------------------------------------------------
elapsed time= 97.79 s.
-----------------------------------------------------------------------------------------
-----------------------------------------------------------------------------------------
 ****** Run Arc Elimination ****** 
arc elimination time= 3.62 s.
previous= 10.1175% maximum= 1.08741%
eliminate bucket arcs time= 2.28 s.
obtain jump arcs time= 0.01 s.
-----------------------------------------------------------------------------------------
-----------------------------------------------------------------------------------------
elapsed time= 103.95 s.
-----------------------------------------------------------------------------------------
-----------------------------------------------------------------------------------------
 ****** Try Enumeration ****** 
#labels= 76324 #routes= 328
labeling 1 time= 0.39 s.
concatenate time= 0.08 s.
#routes= 19547
average gap of successful enumeration= 0.000129285
next try value > 51472.6
-----------------------------------------------------------------------------------------
elapsed time= 104.48 s.
-----------------------------------------------------------------------------------------
 ****** Process Enumeration Matrix ****** 
delete non-ele routes lp val= 51498.3
recover rank1c lp val= 51504.1
recover rcc lp val= 51505.2
obtain rcc coefficient time= 0.02 s.
obtain r1c coefficient time= 0.02 s.
obtain matrix from triplets time= 0.02 s.
delete columns by branch time= 0.00 s.
columns pending deletion= 606 remain= 19547 col ratio= 0.968998 row ratio= 1
regenerate enumeration matrix time= 0.00 s.
-----------------------------------------------------------------------------------------
elapsed time= 115.32 s.
-----------------------------------------------------------------------------------------
it= 13  ncol= 3042  ncstr= 840  mt= 1.9   spt= 0.0   lpval= 51501.7   ub= 51505.0  
-----------------------------------------------------------------------------------------
elapsed time= 117.29 s.
-----------------------------------------------------------------------------------------
delete columns= 17507 remain= 2040
 ****** Separate RCCs ****** 
 ****** Separate Rank1Cuts ****** 
it= 6   ncol= 1698  ncstr= 1149 mt= 1.6   spt= 0.0   lpval= 51516.5   ub= 51505.0  
-----------------------------------------------------------------------------------------
elapsed time= 124.70 s.
-----------------------------------------------------------------------------------------
#########################################################################################
[32m<Instance: X-n359-k29>
<Solution>
<UB= 51505>
<LB= 51505>
<Elapsed Time= 124.7>
<Nodes Explored= 1>
<Global Gap= 0%>[0m
#########################################################################################
File nodes/X-n359-k29_1_1_0_0_2_0_5_1_5_5_2_4_G16.node deleted successfully.
