application type: CVRP
X-n359-k29_1_0_0_1_0_0_1_0_0_G32.node
Set parameter ServerTimeout to value 600
Set parameter TokenServer to value "grb-ts.ufhpc"
Set parameter Threads to value 1
instance name= X-n359-k29
#########################################################################################
tree size= 0 lb= 0 ub= 51506
#########################################################################################
idx= 1 value= 51469.3 enu= 0
brc= 73-316 : -
brc= 8-153 : +
brc= 111-141 : +
brc= 73-303 : +
brc= 54-210 : -
brc= 229-251 : +
brc= 127-328 : +
brc= 98-219 : +
brc= 0-312 : -
brc= 84-131 : +
brc= 27-307 : +
brc= 10-328 : +
-----------------------------------------------------------------------------------------
 ****** Pricing Level: LIGHT HEUR ****** 
it= 5   ncol= 6052  ncstr= 995  mt= 0.3   spt= 0.9   lpval= 51471.9   ub= 51505.0  
 ****** Pricing Level: HEAVY HEUR ****** 
it= 4   ncol= 6092  ncstr= 995  mt= 0.2   spt= 1.3   lpval= 51471.9   ub= 51505.0  
 ****** Pricing Level: EXACT ****** 
it= 5   ncol= 6588  ncstr= 995  mt= 3.0   spt= 46.4  lpval= 51471.2   ub= 51505.0  
-----------------------------------------------------------------------------------------
elapsed time= 69.01 s.
-----------------------------------------------------------------------------------------
-----------------------------------------------------------------------------------------
 ****** Run Arc Elimination ****** 
arc elimination time= 6.86 s.
-----------------------------------------------------------------------------------------
-----------------------------------------------------------------------------------------
elapsed time= 76.21 s.
-----------------------------------------------------------------------------------------
 ****** Separate RCCs ****** 
 ****** Separate Rank1Cuts ****** 
-----------------------------------------------------------------------------------------
 ****** Pricing Level: LIGHT HEUR ****** 
it= 3   ncol= 6607  ncstr= 1108 mt= 1.7   spt= 0.7   lpval= 51474.6   ub= 51505.0  
 ****** Pricing Level: HEAVY HEUR ****** 
it= 5   ncol= 6654  ncstr= 1108 mt= 1.1   spt= 1.9   lpval= 51474.5   ub= 51505.0  
 ****** Pricing Level: EXACT ****** 
it= 4   ncol= 7063  ncstr= 1108 mt= 3.8   spt= 39.3  lpval= 51473.8   ub= 51505.0  
-----------------------------------------------------------------------------------------
elapsed time= 137.81 s.
-----------------------------------------------------------------------------------------
 ****** Separate RCCs ****** 
 ****** Separate Rank1Cuts ****** 
-----------------------------------------------------------------------------------------
 ****** Pricing Level: LIGHT HEUR ****** 
it= 3   ncol= 7094  ncstr= 1155 mt= 1.7   spt= 0.7   lpval= 51476.3   ub= 51505.0  
 ****** Pricing Level: HEAVY HEUR ****** 
it= 3   ncol= 7119  ncstr= 1155 mt= 0.5   spt= 1.0   lpval= 51476.3   ub= 51505.0  
 ****** Pricing Level: EXACT ****** 
it= 5   ncol= 7520  ncstr= 1155 mt= 2.7   spt= 45.1  lpval= 51476.0   ub= 51505.0  
-----------------------------------------------------------------------------------------
elapsed time= 203.00 s.
-----------------------------------------------------------------------------------------
-----------------------------------------------------------------------------------------
 ****** Run Arc Elimination ****** 
arc elimination time= 5.38 s.
-----------------------------------------------------------------------------------------
-----------------------------------------------------------------------------------------
elapsed time= 208.48 s.
-----------------------------------------------------------------------------------------
 ****** Separate RCCs ****** 
 ****** Separate Rank1Cuts ****** 
-----------------------------------------------------------------------------------------
 ****** Pricing Level: LIGHT HEUR ****** 
it= 2   ncol= 7522  ncstr= 1176 mt= 2.1   spt= 0.6   lpval= 51478.5   ub= 51505.0  
 ****** Pricing Level: HEAVY HEUR ****** 
it= 3   ncol= 7553  ncstr= 1176 mt= 0.5   spt= 1.2   lpval= 51478.4   ub= 51505.0  
 ****** Pricing Level: EXACT ****** 
it= 4   ncol= 7986  ncstr= 1176 mt= 5.3   spt= 41.5  lpval= 51477.9   ub= 51505.0  
-----------------------------------------------------------------------------------------
elapsed time= 287.95 s.
-----------------------------------------------------------------------------------------
 ****** Separate RCCs ****** 
 ****** Separate Rank1Cuts ****** 
-----------------------------------------------------------------------------------------
 ****** Pricing Level: LIGHT HEUR ****** 
it= 2   ncol= 7991  ncstr= 1171 mt= 2.4   spt= 0.5   lpval= 51479.5   ub= 51505.0  
 ****** Pricing Level: HEAVY HEUR ****** 
it= 1   ncol= 7991  ncstr= 1171 mt= 0.0   spt= 0.4   lpval= 51479.5   ub= 51505.0  
 ****** Pricing Level: EXACT ****** 
it= 4   ncol= 8386  ncstr= 1171 mt= 3.4   spt= 42.6  lpval= 51479.4   ub= 51505.0  
-----------------------------------------------------------------------------------------
elapsed time= 366.66 s.
-----------------------------------------------------------------------------------------
-----------------------------------------------------------------------------------------
 ****** Run Arc Elimination ****** 
arc elimination time= 5.25 s.
-----------------------------------------------------------------------------------------
-----------------------------------------------------------------------------------------
elapsed time= 372.00 s.
-----------------------------------------------------------------------------------------
 ****** Separate RCCs ****** 
 ****** Separate Rank1Cuts ****** 
-----------------------------------------------------------------------------------------
 ****** Pricing Level: LIGHT HEUR ****** 
it= 1   ncol= 8386  ncstr= 1161 mt= 2.1   spt= 0.3   lpval= 51480.6   ub= 51505.0  
 ****** Pricing Level: HEAVY HEUR ****** 
it= 2   ncol= 8387  ncstr= 1161 mt= 0.3   spt= 0.9   lpval= 51480.6   ub= 51505.0  
 ****** Pricing Level: EXACT ****** 
it= 4   ncol= 8551  ncstr= 1161 mt= 3.6   spt= 45.1  lpval= 51480.4   ub= 51505.0  
-----------------------------------------------------------------------------------------
elapsed time= 454.99 s.
-----------------------------------------------------------------------------------------
 ****** Separate Rank1Cuts ****** 
-----------------------------------------------------------------------------------------
 ****** Pricing Level: LIGHT HEUR ****** 
it= 1   ncol= 8551  ncstr= 1181 mt= 2.1   spt= 0.4   lpval= 51481.3   ub= 51505.0  
 ****** Pricing Level: HEAVY HEUR ****** 
it= 1   ncol= 8551  ncstr= 1181 mt= 0.0   spt= 0.4   lpval= 51481.3   ub= 51505.0  
 ****** Pricing Level: EXACT ****** 
it= 3   ncol= 8672  ncstr= 1181 mt= 3.1   spt= 33.6  lpval= 51481.2   ub= 51505.0  
-----------------------------------------------------------------------------------------
elapsed time= 524.54 s.
-----------------------------------------------------------------------------------------
#########################################################################################
[1;36m[REMIND] roll back to the previous cutting iteration! in function rollbackEasyWay at /blue/yu.yang1/you.z/route_opt/packages/application/X-n359-k29/src/main/src/call_cutting.cpp:38[0m
#########################################################################################
[1;36m[REMIND] opt_k not found for node 1, use m directly in function getOptK at /blue/yu.yang1/you.z/route_opt/packages/branching/bkf/include/bkf_controller.hpp:239[0m
current_r_best= 8.11138
we directly test 100
we directly test 4
pseudo= 50 frac= 50
#candidates in phase1= 100
testing lp time= 198.79 s.
-----------------------------------------------------------------------------------------
192-232 ,  44.36| 169-282 ,  26.70| 164-307 ,  26.54|  30-118 ,  22.94| 171-335 ,  20.87| 
  3-93  ,  20.74|  21-141 ,  19.68|   0-21  ,  19.31| 139-248 ,  15.08|   3-345 ,  14.75| 
 21-312 ,  12.92| 111-312 ,  12.54|  85-111 ,  10.77| 106-277 ,  10.73|   0-141 ,  10.58| 
 25-275 ,   9.95|  64-111 ,   9.17| 150-340 ,   8.34|  46-64  ,   7.93| 266-332 ,   7.77| 
 82-117 ,   7.73|  87-178 ,   7.53| 142-159 ,   7.51| 112-152 ,   7.46|   0-82  ,   7.44| 
 21-152 ,   7.41|  21-82  ,   7.37| 282-352 ,   7.25| 110-112 ,   6.71|  29-164 ,   6.19| 
254-271 ,   5.64|  26-46  ,   5.53|   0-85  ,   5.44| 210-217 ,   5.27| 173-214 ,   5.26| 
  7-90  ,   5.13|   1-90  ,   5.08|  78-147 ,   4.95|  90-166 ,   4.79|   3-178 ,   4.75| 
 42-193 ,   4.73| 117-152 ,   4.67| 190-192 ,   4.62|  54-196 ,   4.51|  74-160 ,   4.30| 
 26-126 ,   4.13|  37-166 ,   4.08|   9-317 ,   3.95| 155-196 ,   3.82|   9-134 ,   3.80| 
117-146 ,   3.72| 197-308 ,   3.51|   0-54  ,   3.48|  34-63  ,   3.10|  28-115 ,   3.09| 
  1-74  ,   3.08|  73-175 ,   3.04|   1-166 ,   3.01|   0-42  ,   2.97| 223-239 ,   2.91| 
 28-130 ,   2.80|   0-63  ,   2.71| 143-215 ,   2.57| 201-263 ,   2.24|  69-102 ,   2.04| 
 17-106 ,   1.85|  34-293 ,   1.77| 179-198 ,   1.74|   6-96  ,   1.36| 173-297 ,   1.29| 
  0-317 ,   1.27| 230-289 ,   1.23| 265-290 ,   1.19|  23-309 ,   1.16|  49-199 ,   1.14| 
 11-294 ,   1.06| 129-297 ,   1.04|  56-332 ,   1.01|   0-323 ,   0.95| 192-317 ,   0.95| 
145-290 ,   0.89|   0-347 ,   0.88|   0-100 ,   0.80| 184-358 ,   0.78|   0-214 ,   0.73| 
201-280 ,   0.68|   0-235 ,   0.58|  31-294 ,   0.58|  13-276 ,   0.57| 196-210 ,   0.54| 
 61-337 ,   0.43| 189-230 ,   0.41|  36-56  ,   0.39| 266-321 ,   0.33|   0-321 ,   0.31| 
174-203 ,   0.22| 129-182 ,   0.15| 244-270 ,   0.10|   0-298 ,   0.08| 277-316 ,   0.00| 
-----------------------------------------------------------------------------------------
edge= 30 118 lp= 21.4088 pre= 2 lp2= 1.0716 pre2= 0 score= 22.9417
-----------------------------------------------------------------------------------------
edge= 164 307 lp= 22.2298 pre= 2 lp2= 1.19374 pre2= 2 score= 26.5366
-----------------------------------------------------------------------------------------
edge= 169 282 lp= 26.4276 pre= 2 lp2= 1.01021 pre2= 2 score= 26.6974
-----------------------------------------------------------------------------------------
edge= 192 232 lp= 3.81464 pre= 2 lp2= 11.6289 pre2= 2 score= 44.36
-----------------------------------------------------------------------------------------
candidate= 192-232 : -
-----------------------------------------------------------------------------------------
-----------------------------------------------------------------------------------------
 ****** Pricing Level: LIGHT HEUR ****** 
it= 6   ncol= 5853  ncstr= 1073 mt= 2.2   spt= 1.0   lpval= 51484.1   ub= 51505.0  
 ****** Pricing Level: HEAVY HEUR ****** 
it= 6   ncol= 5931  ncstr= 1073 mt= 4.2   spt= 2.2   lpval= 51483.4   ub= 51505.0  
-----------------------------------------------------------------------------------------
elapsed time= 736.84 s.
-----------------------------------------------------------------------------------------
candidate= 192-232 : +
-----------------------------------------------------------------------------------------
-----------------------------------------------------------------------------------------
 ****** Pricing Level: LIGHT HEUR ****** 
it= 2   ncol= 5731  ncstr= 1073 mt= 1.3   spt= 0.5   lpval= 51492.0   ub= 51505.0  
 ****** Pricing Level: HEAVY HEUR ****** 
it= 4   ncol= 5766  ncstr= 1073 mt= 1.8   spt= 1.4   lpval= 51491.8   ub= 51505.0  
-----------------------------------------------------------------------------------------
elapsed time= 742.71 s.
-----------------------------------------------------------------------------------------
brc= 192-232
t= 0.993966 c= 520.33 n= 0 if_b4= 1
t= 8.57921 c= 611.148 n= 0 if_b4= 1
nodes already exists
memory usage= 8GB.
#########################################################################################
tree size= 0 lb= 51480.4 ub= 51505
#########################################################################################
idx= 2 value= 51480.4 enu= 0
brc= 73-316 : -
brc= 8-153 : +
brc= 111-141 : +
brc= 73-303 : +
brc= 54-210 : -
brc= 229-251 : +
brc= 127-328 : +
brc= 98-219 : +
brc= 0-312 : -
brc= 84-131 : +
brc= 27-307 : +
brc= 10-328 : +
brc= 192-232 : -
-----------------------------------------------------------------------------------------
 ****** Pricing Level: LIGHT HEUR ****** 
it= 7   ncol= 5641  ncstr= 1072 mt= 3.2   spt= 1.5   lpval= 51484.0   ub= 51505.0  
 ****** Pricing Level: HEAVY HEUR ****** 
it= 6   ncol= 5728  ncstr= 1072 mt= 4.1   spt= 2.3   lpval= 51483.4   ub= 51505.0  
 ****** Pricing Level: EXACT ****** 
it= 4   ncol= 6060  ncstr= 1072 mt= 2.6   spt= 42.3  lpval= 51482.7   ub= 51505.0  
-----------------------------------------------------------------------------------------
elapsed time= 802.95 s.
-----------------------------------------------------------------------------------------
-----------------------------------------------------------------------------------------
 ****** Run Arc Elimination ****** 
arc elimination time= 21.39 s.
previous= 23.7824% maximum= 2.56007%
eliminate bucket arcs time= 4.42 s.
obtain jump arcs time= 0.01 s.
-----------------------------------------------------------------------------------------
-----------------------------------------------------------------------------------------
elapsed time= 828.85 s.
-----------------------------------------------------------------------------------------
-----------------------------------------------------------------------------------------
 ****** Try Enumeration ****** 
n= 6.2056 stop_b= 10 status= LABEL_FOR_LIMIT
#labels= 50139 #routes= 122
labeling 1 time= 0.39 s.
next try value > 51483.7
-----------------------------------------------------------------------------------------
elapsed time= 829.40 s.
-----------------------------------------------------------------------------------------
 ****** Separate RCCs ****** 
 ****** Separate Rank1Cuts ****** 
-----------------------------------------------------------------------------------------
 ****** Pricing Level: LIGHT HEUR ****** 
it= 5   ncol= 6115  ncstr= 1138 mt= 1.5   spt= 0.3   lpval= 51484.0   ub= 51505.0  
 ****** Pricing Level: HEAVY HEUR ****** 
it= 4   ncol= 6165  ncstr= 1138 mt= 0.2   spt= 0.4   lpval= 51484.0   ub= 51505.0  
 ****** Pricing Level: EXACT ****** 
it= 5   ncol= 6968  ncstr= 1138 mt= 3.0   spt= 39.5  lpval= 51483.8   ub= 51505.0  
-----------------------------------------------------------------------------------------
elapsed time= 897.03 s.
-----------------------------------------------------------------------------------------
 ****** Separate RCCs ****** 
 ****** Separate Rank1Cuts ****** 
-----------------------------------------------------------------------------------------
 ****** Pricing Level: LIGHT HEUR ****** 
it= 3   ncol= 7007  ncstr= 1168 mt= 2.0   spt= 0.2   lpval= 51485.1   ub= 51505.0  
 ****** Pricing Level: HEAVY HEUR ****** 
it= 3   ncol= 7034  ncstr= 1168 mt= 0.6   spt= 0.4   lpval= 51485.1   ub= 51505.0  
 ****** Pricing Level: EXACT ****** 
it= 4   ncol= 7175  ncstr= 1168 mt= 2.9   spt= 33.1  lpval= 51484.9   ub= 51505.0  
-----------------------------------------------------------------------------------------
elapsed time= 960.08 s.
-----------------------------------------------------------------------------------------
-----------------------------------------------------------------------------------------
 ****** Run Arc Elimination ****** 
arc elimination time= 16.61 s.
previous= 91.4706% maximum= 2.34171%
eliminate bucket arcs time= 2.25 s.
obtain jump arcs time= 0.01 s.
-----------------------------------------------------------------------------------------
-----------------------------------------------------------------------------------------
elapsed time= 979.04 s.
-----------------------------------------------------------------------------------------
-----------------------------------------------------------------------------------------
 ****** Try Enumeration ****** 
n= 6.24912 stop_b= 10 status= LABEL_FOR_LIMIT
#labels= 50110 #routes= 109
labeling 1 time= 0.31 s.
next try value > 51487.9
-----------------------------------------------------------------------------------------
elapsed time= 979.54 s.
-----------------------------------------------------------------------------------------
 ****** Separate RCCs ****** 
 ****** Separate Rank1Cuts ****** 
-----------------------------------------------------------------------------------------
 ****** Pricing Level: LIGHT HEUR ****** 
it= 2   ncol= 7177  ncstr= 1162 mt= 1.9   spt= 0.1   lpval= 51486.1   ub= 51505.0  
 ****** Pricing Level: HEAVY HEUR ****** 
it= 2   ncol= 7180  ncstr= 1162 mt= 0.4   spt= 0.2   lpval= 51486.1   ub= 51505.0  
 ****** Pricing Level: EXACT ****** 
it= 4   ncol= 7309  ncstr= 1162 mt= 2.2   spt= 36.7  lpval= 51486.0   ub= 51505.0  
-----------------------------------------------------------------------------------------
elapsed time= 1047.32 s.
-----------------------------------------------------------------------------------------
 ****** Separate RCCs ****** 
 ****** Separate Rank1Cuts ****** 
-----------------------------------------------------------------------------------------
 ****** Pricing Level: LIGHT HEUR ****** 
it= 1   ncol= 7309  ncstr= 1211 mt= 2.0   spt= 0.2   lpval= 51487.2   ub= 51505.0  
 ****** Pricing Level: HEAVY HEUR ****** 
it= 2   ncol= 7311  ncstr= 1211 mt= 0.1   spt= 0.2   lpval= 51487.2   ub= 51505.0  
 ****** Pricing Level: EXACT ****** 
it= 4   ncol= 7488  ncstr= 1211 mt= 2.8   spt= 36.0  lpval= 51487.1   ub= 51505.0  
-----------------------------------------------------------------------------------------
elapsed time= 1114.91 s.
-----------------------------------------------------------------------------------------
-----------------------------------------------------------------------------------------
 ****** Run Arc Elimination ****** 
arc elimination time= 13.36 s.
previous= 91.0543% maximum= 2.13223%
eliminate bucket arcs time= 2.46 s.
obtain jump arcs time= 0.01 s.
-----------------------------------------------------------------------------------------
-----------------------------------------------------------------------------------------
elapsed time= 1130.82 s.
-----------------------------------------------------------------------------------------
-----------------------------------------------------------------------------------------
 ****** Try Enumeration ****** 
n= 9.51683 stop_b= 10 status= LABEL_FOR_LIMIT
#labels= 50107 #routes= 96
labeling 1 time= 0.23 s.
next try value > 51491.3
-----------------------------------------------------------------------------------------
elapsed time= 1131.21 s.
-----------------------------------------------------------------------------------------
 ****** Separate RCCs ****** 
 ****** Separate Rank1Cuts ****** 
-----------------------------------------------------------------------------------------
 ****** Pricing Level: LIGHT HEUR ****** 
it= 2   ncol= 7489  ncstr= 1193 mt= 2.2   spt= 0.1   lpval= 51488.0   ub= 51505.0  
 ****** Pricing Level: HEAVY HEUR ****** 
it= 1   ncol= 7489  ncstr= 1193 mt= 0.0   spt= 0.1   lpval= 51488.0   ub= 51505.0  
 ****** Pricing Level: EXACT ****** 
it= 3   ncol= 7629  ncstr= 1193 mt= 2.3   spt= 26.3  lpval= 51487.9   ub= 51505.0  
-----------------------------------------------------------------------------------------
elapsed time= 1172.61 s.
-----------------------------------------------------------------------------------------
 ****** Separate RCCs ****** 
 ****** Separate Rank1Cuts ****** 
-----------------------------------------------------------------------------------------
 ****** Pricing Level: LIGHT HEUR ****** 
it= 1   ncol= 7629  ncstr= 1234 mt= 1.9   spt= 0.2   lpval= 51488.7   ub= 51505.0  
 ****** Pricing Level: HEAVY HEUR ****** 
it= 2   ncol= 7636  ncstr= 1234 mt= 0.4   spt= 0.3   lpval= 51488.7   ub= 51505.0  
 ****** Pricing Level: EXACT ****** 
it= 5   ncol= 7833  ncstr= 1234 mt= 2.8   spt= 47.6  lpval= 51488.6   ub= 51505.0  
-----------------------------------------------------------------------------------------
elapsed time= 1252.60 s.
-----------------------------------------------------------------------------------------
 ****** Separate RCCs ****** 
 ****** Separate Rank1Cuts ****** 
-----------------------------------------------------------------------------------------
 ****** Pricing Level: LIGHT HEUR ****** 
it= 3   ncol= 7838  ncstr= 1245 mt= 2.2   spt= 0.3   lpval= 51489.2   ub= 51505.0  
 ****** Pricing Level: HEAVY HEUR ****** 
it= 2   ncol= 7840  ncstr= 1245 mt= 0.1   spt= 0.2   lpval= 51489.2   ub= 51505.0  
 ****** Pricing Level: EXACT ****** 
it= 4   ncol= 8246  ncstr= 1245 mt= 2.6   spt= 40.3  lpval= 51489.1   ub= 51505.0  
-----------------------------------------------------------------------------------------
elapsed time= 1329.30 s.
-----------------------------------------------------------------------------------------
-----------------------------------------------------------------------------------------
 ****** Run Arc Elimination ****** 
arc elimination time= 11.99 s.
previous= 92.6905% maximum= 1.97637%
eliminate bucket arcs time= 2.41 s.
obtain jump arcs time= 0.01 s.
-----------------------------------------------------------------------------------------
-----------------------------------------------------------------------------------------
elapsed time= 1343.79 s.
-----------------------------------------------------------------------------------------
[1;36m[REMIND] 2: gap improved= 0.541532 ratio= 0.034128 threshold= 0.040000 in function increaseCondition2 at /blue/yu.yang1/you.z/route_opt/packages/application/X-n359-k29/src/main/src/call_cutting.cpp:74[0m
 ****** Separate RCCs ****** 
 ****** Separate Rank1Cuts ****** 
-----------------------------------------------------------------------------------------
 ****** Pricing Level: LIGHT HEUR ****** 
it= 1   ncol= 8246  ncstr= 1255 mt= 2.2   spt= 0.2   lpval= 51490.0   ub= 51505.0  
 ****** Pricing Level: HEAVY HEUR ****** 
it= 2   ncol= 8248  ncstr= 1255 mt= 0.1   spt= 0.2   lpval= 51490.0   ub= 51505.0  
 ****** Pricing Level: EXACT ****** 
it= 4   ncol= 8412  ncstr= 1255 mt= 3.8   spt= 39.7  lpval= 51489.8   ub= 51505.0  
-----------------------------------------------------------------------------------------
elapsed time= 1422.39 s.
-----------------------------------------------------------------------------------------
 ****** Separate RCCs ****** 
 ****** Separate Rank1Cuts ****** 
-----------------------------------------------------------------------------------------
 ****** Pricing Level: LIGHT HEUR ****** 
it= 1   ncol= 8412  ncstr= 1248 mt= 2.4   spt= 0.1   lpval= 51490.3   ub= 51505.0  
 ****** Pricing Level: HEAVY HEUR ****** 
it= 2   ncol= 8417  ncstr= 1248 mt= 0.4   spt= 0.2   lpval= 51490.3   ub= 51505.0  
 ****** Pricing Level: EXACT ****** 
it= 4   ncol= 8558  ncstr= 1248 mt= 2.6   spt= 41.0  lpval= 51490.3   ub= 51505.0  
-----------------------------------------------------------------------------------------
elapsed time= 1501.36 s.
-----------------------------------------------------------------------------------------
[1;36m[REMIND] 2: gap improved= 0.507947 ratio= 0.034519 threshold= 0.040000 in function increaseCondition2 at /blue/yu.yang1/you.z/route_opt/packages/application/X-n359-k29/src/main/src/call_cutting.cpp:74[0m
 ****** Separate RCCs ****** 
 ****** Separate Rank1Cuts ****** 
-----------------------------------------------------------------------------------------
 ****** Pricing Level: LIGHT HEUR ****** 
it= 2   ncol= 8559  ncstr= 1264 mt= 2.6   spt= 0.2   lpval= 51490.8   ub= 51505.0  
 ****** Pricing Level: HEAVY HEUR ****** 
it= 2   ncol= 8568  ncstr= 1264 mt= 0.5   spt= 0.2   lpval= 51490.8   ub= 51505.0  
 ****** Pricing Level: EXACT ****** 
it= 4   ncol= 9255  ncstr= 1264 mt= 2.8   spt= 40.4  lpval= 51490.8   ub= 51505.0  
-----------------------------------------------------------------------------------------
elapsed time= 1579.68 s.
-----------------------------------------------------------------------------------------
-----------------------------------------------------------------------------------------
 ****** Run Arc Elimination ****** 
arc elimination time= 10.46 s.
previous= 92.7993% maximum= 1.83406%
eliminate bucket arcs time= 2.40 s.
obtain jump arcs time= 0.01 s.
-----------------------------------------------------------------------------------------
-----------------------------------------------------------------------------------------
elapsed time= 1592.62 s.
-----------------------------------------------------------------------------------------
-----------------------------------------------------------------------------------------
 ****** Try Enumeration ****** 
n= 9.53899 stop_b= 10 status= LABEL_FOR_LIMIT
#labels= 50061 #routes= 94
labeling 1 time= 0.28 s.
next try value > 51494.1
-----------------------------------------------------------------------------------------
elapsed time= 1593.08 s.
-----------------------------------------------------------------------------------------
[1;36m[REMIND] 2: gap improved= 0.490969 ratio= 0.034517 threshold= 0.040000 in function increaseCondition2 at /blue/yu.yang1/you.z/route_opt/packages/application/X-n359-k29/src/main/src/call_cutting.cpp:74[0m
[1;36m[REMIND] tail off counter= 3 threshold= 3 in function setIfTailOff at /blue/yu.yang1/you.z/route_opt/packages/application/X-n359-k29/src/main/src/call_cutting.cpp:150[0m
current_r_best= 7.48862
alpha= 0.37 beta= 1.8994 omega= 523.489 k1= 16
lb_k= 1 ub_k= 37
revise: lb_k= 13 ub_k= 18
opt_k= 16
alpha= 0.75 beta= 1.8994 omega= 71.2359 k1= 3
lb_k= 2 ub_k= 3
revise: lb_k= 2 ub_k= 3
opt_k= 3
pseudo= 50 frac= 50
#candidates in phase1= 16
testing lp time= 41.07 s.
-----------------------------------------------------------------------------------------
  3-93  ,  11.53|   3-345 ,  11.52| 106-277 ,  10.97| 110-153 ,   6.75| 164-307 ,   6.52| 
158-160 ,   6.29| 160-170 ,   5.68|  85-160 ,   5.51|   1-90  ,   5.45|  80-97  ,   4.48| 
 85-170 ,   4.22|   9-134 ,   3.79| 190-192 ,   3.31|  37-166 ,   2.88|   9-192 ,   1.93| 
192-239 ,   0.40| 
-----------------------------------------------------------------------------------------
edge= 106 277 lp= 2.6688 pre= 2 lp2= 4.1092 pre2= 2 score= 10.9666
-----------------------------------------------------------------------------------------
edge= 3 345 lp= 13.0252 pre= 2 lp2= 0.884141 pre2= 2 score= 11.5161
-----------------------------------------------------------------------------------------
edge= 3 93 lp= 0.64968 pre= 2 lp2= 17.7401 pre2= 2 score= 11.5254
-----------------------------------------------------------------------------------------
candidate= 3-93 : -
-----------------------------------------------------------------------------------------
-----------------------------------------------------------------------------------------
 ****** Pricing Level: LIGHT HEUR ****** 
it= 2   ncol= 6203  ncstr= 1198 mt= 1.8   spt= 0.1   lpval= 51491.4   ub= 51505.0  
 ****** Pricing Level: HEAVY HEUR ****** 
it= 2   ncol= 6205  ncstr= 1198 mt= 0.1   spt= 0.2   lpval= 51491.4   ub= 51505.0  
-----------------------------------------------------------------------------------------
elapsed time= 1636.98 s.
-----------------------------------------------------------------------------------------
candidate= 3-93 : +
-----------------------------------------------------------------------------------------
-----------------------------------------------------------------------------------------
 ****** Pricing Level: LIGHT HEUR ****** 
it= 5   ncol= 6244  ncstr= 1198 mt= 3.9   spt= 0.3   lpval= 51508.4   ub= 51505.0  
 ****** Pricing Level: HEAVY HEUR ****** 
it= 5   ncol= 6311  ncstr= 1198 mt= 5.1   spt= 0.5   lpval= 51506.6   ub= 51505.0  
-----------------------------------------------------------------------------------------
elapsed time= 1648.34 s.
-----------------------------------------------------------------------------------------
candidate= 3-345 : -
-----------------------------------------------------------------------------------------
-----------------------------------------------------------------------------------------
 ****** Pricing Level: LIGHT HEUR ****** 
it= 3   ncol= 6219  ncstr= 1198 mt= 1.9   spt= 0.2   lpval= 51503.8   ub= 51505.0  
 ****** Pricing Level: HEAVY HEUR ****** 
it= 5   ncol= 6262  ncstr= 1198 mt= 7.5   spt= 0.5   lpval= 51502.2   ub= 51505.0  
-----------------------------------------------------------------------------------------
elapsed time= 1659.76 s.
-----------------------------------------------------------------------------------------
candidate= 106-277 : -
-----------------------------------------------------------------------------------------
-----------------------------------------------------------------------------------------
 ****** Pricing Level: LIGHT HEUR ****** 
it= 2   ncol= 6203  ncstr= 1198 mt= 1.7   spt= 0.1   lpval= 51493.4   ub= 51505.0  
 ****** Pricing Level: HEAVY HEUR ****** 
it= 3   ncol= 6211  ncstr= 1198 mt= 0.8   spt= 0.4   lpval= 51493.4   ub= 51505.0  
-----------------------------------------------------------------------------------------
elapsed time= 1663.53 s.
-----------------------------------------------------------------------------------------
candidate= 106-277 : +
-----------------------------------------------------------------------------------------
-----------------------------------------------------------------------------------------
 ****** Pricing Level: LIGHT HEUR ****** 
it= 4   ncol= 6264  ncstr= 1198 mt= 4.5   spt= 0.2   lpval= 51494.4   ub= 51505.0  
 ****** Pricing Level: HEAVY HEUR ****** 
it= 5   ncol= 6298  ncstr= 1198 mt= 3.2   spt= 0.6   lpval= 51494.1   ub= 51505.0  
-----------------------------------------------------------------------------------------
elapsed time= 1673.49 s.
-----------------------------------------------------------------------------------------
brc= 3-93
t= 1.13865 c= 694.416 n= 1 if_b4= 1
t= 8.21256 c= 740.284 n= 1 if_b4= 1
nodes already exists
memory usage= 12GB.
#########################################################################################
tree size= 0 lb= 51490.8 ub= 51505
#########################################################################################
idx= 4 value= 51490.8 enu= 0
brc= 73-316 : -
brc= 8-153 : +
brc= 111-141 : +
brc= 73-303 : +
brc= 54-210 : -
brc= 229-251 : +
brc= 127-328 : +
brc= 98-219 : +
brc= 0-312 : -
brc= 84-131 : +
brc= 27-307 : +
brc= 10-328 : +
brc= 192-232 : -
brc= 3-93 : -
-----------------------------------------------------------------------------------------
 ****** Pricing Level: LIGHT HEUR ****** 
it= 2   ncol= 6173  ncstr= 1197 mt= 1.8   spt= 0.1   lpval= 51491.4   ub= 51505.0  
 ****** Pricing Level: HEAVY HEUR ****** 
it= 2   ncol= 6175  ncstr= 1197 mt= 0.1   spt= 0.2   lpval= 51491.4   ub= 51505.0  
 ****** Pricing Level: EXACT ****** 
it= 4   ncol= 6382  ncstr= 1197 mt= 3.1   spt= 38.6  lpval= 51491.2   ub= 51505.0  
-----------------------------------------------------------------------------------------
elapsed time= 1719.35 s.
-----------------------------------------------------------------------------------------
 ****** Separate RCCs ****** 
 ****** Separate Rank1Cuts ****** 
-----------------------------------------------------------------------------------------
 ****** Pricing Level: LIGHT HEUR ****** 
it= 1   ncol= 6382  ncstr= 1282 mt= 2.2   spt= 0.1   lpval= 51491.9   ub= 51505.0  
 ****** Pricing Level: HEAVY HEUR ****** 
it= 2   ncol= 6384  ncstr= 1282 mt= 0.3   spt= 0.2   lpval= 51491.9   ub= 51505.0  
 ****** Pricing Level: EXACT ****** 
it= 3   ncol= 6469  ncstr= 1282 mt= 2.2   spt= 33.4  lpval= 51491.8   ub= 51505.0  
-----------------------------------------------------------------------------------------
elapsed time= 1789.25 s.
-----------------------------------------------------------------------------------------
 ****** Separate RCCs ****** 
 ****** Separate Rank1Cuts ****** 
-----------------------------------------------------------------------------------------
 ****** Pricing Level: LIGHT HEUR ****** 
it= 1   ncol= 6469  ncstr= 1298 mt= 2.0   spt= 0.3   lpval= 51492.4   ub= 51505.0  
 ****** Pricing Level: HEAVY HEUR ****** 
it= 2   ncol= 6471  ncstr= 1298 mt= 0.3   spt= 0.2   lpval= 51492.4   ub= 51505.0  
 ****** Pricing Level: EXACT ****** 
it= 4   ncol= 6570  ncstr= 1298 mt= 2.6   spt= 42.5  lpval= 51492.4   ub= 51505.0  
-----------------------------------------------------------------------------------------
elapsed time= 1871.62 s.
-----------------------------------------------------------------------------------------
-----------------------------------------------------------------------------------------
 ****** Run Arc Elimination ****** 
arc elimination time= 8.50 s.
previous= 92.3381% maximum= 1.69298%
eliminate bucket arcs time= 2.10 s.
obtain jump arcs time= 0.01 s.
-----------------------------------------------------------------------------------------
-----------------------------------------------------------------------------------------
elapsed time= 1882.32 s.
-----------------------------------------------------------------------------------------
 ****** Separate RCCs ****** 
 ****** Separate Rank1Cuts ****** 
-----------------------------------------------------------------------------------------
 ****** Pricing Level: LIGHT HEUR ****** 
it= 1   ncol= 6570  ncstr= 1310 mt= 2.0   spt= 0.1   lpval= 51493.0   ub= 51505.0  
 ****** Pricing Level: HEAVY HEUR ****** 
it= 2   ncol= 6572  ncstr= 1310 mt= 0.5   spt= 0.3   lpval= 51493.0   ub= 51505.0  
 ****** Pricing Level: EXACT ****** 
it= 3   ncol= 6721  ncstr= 1310 mt= 2.5   spt= 28.4  lpval= 51493.0   ub= 51505.0  
-----------------------------------------------------------------------------------------
elapsed time= 1950.93 s.
-----------------------------------------------------------------------------------------
 ****** Separate RCCs ****** 
 ****** Separate Rank1Cuts ****** 
-----------------------------------------------------------------------------------------
 ****** Pricing Level: LIGHT HEUR ****** 
it= 1   ncol= 6721  ncstr= 1327 mt= 1.9   spt= 0.1   lpval= 51493.6   ub= 51505.0  
 ****** Pricing Level: HEAVY HEUR ****** 
it= 1   ncol= 6721  ncstr= 1327 mt= 0.0   spt= 0.1   lpval= 51493.6   ub= 51505.0  
 ****** Pricing Level: EXACT ****** 
it= 4   ncol= 6878  ncstr= 1327 mt= 2.9   spt= 37.6  lpval= 51493.5   ub= 51505.0  
-----------------------------------------------------------------------------------------
elapsed time= 2025.22 s.
-----------------------------------------------------------------------------------------
-----------------------------------------------------------------------------------------
 ****** Run Arc Elimination ****** 
arc elimination time= 7.09 s.
previous= 94.0612% maximum= 1.59244%
eliminate bucket arcs time= 1.96 s.
obtain jump arcs time= 0.01 s.
-----------------------------------------------------------------------------------------
-----------------------------------------------------------------------------------------
elapsed time= 2034.34 s.
-----------------------------------------------------------------------------------------
-----------------------------------------------------------------------------------------
 ****** Try Enumeration ****** 
n= 9.52384 stop_b= 10 status= LABEL_FOR_LIMIT
#labels= 50016 #routes= 115
labeling 1 time= 0.28 s.
next try value > 51496.3
-----------------------------------------------------------------------------------------
elapsed time= 2034.71 s.
-----------------------------------------------------------------------------------------
 ****** Separate RCCs ****** 
 ****** Separate Rank1Cuts ****** 
-----------------------------------------------------------------------------------------
 ****** Pricing Level: LIGHT HEUR ****** 
it= 1   ncol= 6878  ncstr= 1317 mt= 1.9   spt= 0.1   lpval= 51493.9   ub= 51505.0  
 ****** Pricing Level: HEAVY HEUR ****** 
it= 2   ncol= 6879  ncstr= 1317 mt= 0.1   spt= 0.2   lpval= 51493.9   ub= 51505.0  
 ****** Pricing Level: EXACT ****** 
it= 5   ncol= 6993  ncstr= 1317 mt= 2.4   spt= 44.9  lpval= 51493.9   ub= 51505.0  
-----------------------------------------------------------------------------------------
elapsed time= 2116.96 s.
-----------------------------------------------------------------------------------------
[1;36m[REMIND] 2: gap improved= 0.400143 ratio= 0.035947 threshold= 0.040000 in function increaseCondition2 at /blue/yu.yang1/you.z/route_opt/packages/application/X-n359-k29/src/main/src/call_cutting.cpp:74[0m
 ****** Separate RCCs ****** 
 ****** Separate Rank1Cuts ****** 
-----------------------------------------------------------------------------------------
 ****** Pricing Level: LIGHT HEUR ****** 
it= 1   ncol= 6993  ncstr= 1327 mt= 2.1   spt= 0.1   lpval= 51494.5   ub= 51505.0  
 ****** Pricing Level: HEAVY HEUR ****** 
it= 1   ncol= 6993  ncstr= 1327 mt= 0.0   spt= 0.1   lpval= 51494.5   ub= 51505.0  
 ****** Pricing Level: EXACT ****** 
it= 4   ncol= 7148  ncstr= 1327 mt= 3.7   spt= 37.9  lpval= 51494.4   ub= 51505.0  
-----------------------------------------------------------------------------------------
elapsed time= 2198.11 s.
-----------------------------------------------------------------------------------------
-----------------------------------------------------------------------------------------
 ****** Run Arc Elimination ****** 
arc elimination time= 6.32 s.
previous= 94.7672% maximum= 1.50911%
eliminate bucket arcs time= 1.97 s.
obtain jump arcs time= 0.01 s.
-----------------------------------------------------------------------------------------
-----------------------------------------------------------------------------------------
elapsed time= 2206.51 s.
-----------------------------------------------------------------------------------------
 ****** Separate RCCs ****** 
 ****** Separate Rank1Cuts ****** 
-----------------------------------------------------------------------------------------
 ****** Pricing Level: LIGHT HEUR ****** 
it= 2   ncol= 7150  ncstr= 1337 mt= 3.1   spt= 0.2   lpval= 51494.9   ub= 51505.0  
 ****** Pricing Level: HEAVY HEUR ****** 
it= 1   ncol= 7150  ncstr= 1337 mt= 0.0   spt= 0.1   lpval= 51494.9   ub= 51505.0  
 ****** Pricing Level: EXACT ****** 
it= 4   ncol= 7247  ncstr= 1337 mt= 2.5   spt= 36.7  lpval= 51494.8   ub= 51505.0  
-----------------------------------------------------------------------------------------
elapsed time= 2288.16 s.
-----------------------------------------------------------------------------------------
 ****** Separate RCCs ****** 
 ****** Separate Rank1Cuts ****** 
-----------------------------------------------------------------------------------------
 ****** Pricing Level: LIGHT HEUR ****** 
it= 1   ncol= 7247  ncstr= 1317 mt= 2.2   spt= 0.1   lpval= 51495.1   ub= 51505.0  
 ****** Pricing Level: HEAVY HEUR ****** 
it= 1   ncol= 7247  ncstr= 1317 mt= 0.0   spt= 0.1   lpval= 51495.1   ub= 51505.0  
 ****** Pricing Level: EXACT ****** 
it= 4   ncol= 7357  ncstr= 1317 mt= 2.1   spt= 37.9  lpval= 51495.1   ub= 51505.0  
-----------------------------------------------------------------------------------------
elapsed time= 2366.67 s.
-----------------------------------------------------------------------------------------
[1;36m[REMIND] 2: gap improved= 0.258133 ratio= 0.026093 threshold= 0.040000 in function increaseCondition2 at /blue/yu.yang1/you.z/route_opt/packages/application/X-n359-k29/src/main/src/call_cutting.cpp:74[0m
 ****** Separate Rank1Cuts ****** 
-----------------------------------------------------------------------------------------
 ****** Pricing Level: LIGHT HEUR ****** 
it= 1   ncol= 7357  ncstr= 1313 mt= 2.2   spt= 0.1   lpval= 51495.4   ub= 51505.0  
 ****** Pricing Level: HEAVY HEUR ****** 
it= 2   ncol= 7360  ncstr= 1313 mt= 0.4   spt= 0.2   lpval= 51495.4   ub= 51505.0  
 ****** Pricing Level: EXACT ****** 
it= 3   ncol= 7451  ncstr= 1313 mt= 1.8   spt= 27.6  lpval= 51495.3   ub= 51505.0  
-----------------------------------------------------------------------------------------
elapsed time= 2435.35 s.
-----------------------------------------------------------------------------------------
-----------------------------------------------------------------------------------------
 ****** Run Arc Elimination ****** 
arc elimination time= 5.88 s.
previous= 94.7514% maximum= 1.4299%
eliminate bucket arcs time= 1.72 s.
obtain jump arcs time= 0.01 s.
-----------------------------------------------------------------------------------------
-----------------------------------------------------------------------------------------
elapsed time= 2443.06 s.
-----------------------------------------------------------------------------------------
-----------------------------------------------------------------------------------------
 ****** Try Enumeration ****** 
#labels= 194021 #routes= 544
labeling 1 time= 1.41 s.
concatenate time= 0.77 s.
#routes= 81845
average gap of successful enumeration= 0.000168054
next try value > 51494.5
-----------------------------------------------------------------------------------------
elapsed time= 2445.44 s.
-----------------------------------------------------------------------------------------
 ****** Process Enumeration Matrix ****** 
delete non-ele routes lp val= 51495.4
recover rank1c lp val= 51497.2
recover rcc lp val= 51498.8
obtain rcc coefficient time= 0.10 s.
obtain r1c coefficient time= 0.17 s.
obtain matrix from triplets time= 0.25 s.
delete columns by branch time= 0.00 s.
columns pending deletion= 691 remain= 81845 col ratio= 0.991557 row ratio= 1
regenerate enumeration matrix time= 0.00 s.
-----------------------------------------------------------------------------------------
elapsed time= 2531.10 s.
-----------------------------------------------------------------------------------------
it= 8   ncol= 5983  ncstr= 1231 mt= 6.1   spt= 0.1   lpval= 51497.9   ub= 51505.0  
-----------------------------------------------------------------------------------------
elapsed time= 2537.40 s.
-----------------------------------------------------------------------------------------
delete columns= 62253 remain= 19592
 ****** Separate RCCs ****** 
 ****** Separate Rank1Cuts ****** 
it= 6   ncol= 4482  ncstr= 1259 mt= 3.8   spt= 0.0   lpval= 51499.7   ub= 51505.0  
-----------------------------------------------------------------------------------------
elapsed time= 2556.21 s.
-----------------------------------------------------------------------------------------
delete columns= 10694 remain= 8898
mip: row= 1111 col= 12704 density= 5.65425%
mip time= 31.98 s.
mip status= 6
update f from 0 to 5.32022
#########################################################################################
[32m<Instance: X-n359-k29>
<Solution>
<UB= 51505>
<LB= 51505>
<Elapsed Time= 2588.3>
<Nodes Explored= 3>
<Global Gap= 0%>[0m
#########################################################################################
File nodes/X-n359-k29_1_0_0_1_0_0_1_0_0_G32.node deleted successfully.
