application type: CVRP
X-n359-k29_2_5_0_2_3_0_2_G16.node
Set parameter ServerTimeout to value 600
Set parameter TokenServer to value "grb-ts.ufhpc"
Set parameter Threads to value 1
instance name= X-n359-k29
#########################################################################################
tree size= 0 lb= 0 ub= 51506
#########################################################################################
idx= 5 value= 51482.3 enu= 0
brc= 73-316 : -
brc= 8-153 : -
brc= 39-90 : +
brc= 0-111 : -
brc= 37-166 : -
brc= 73-149 : -
brc= 88-117 : -
brc= 151-166 : -
brc= 0-153 : +
brc= 73-303 : +
brc= 42-193 : -
brc= 33-334 : -
brc= 266-332 : +
brc= 63-98 : -
brc= 9-229 : -
brc= 85-110 : -
brc= 34-293 : +
brc= 122-123 : +
brc= 0-248 : -
brc= 88-142 : -
brc= 88-229 : +
-----------------------------------------------------------------------------------------
 ****** Pricing Level: LIGHT HEUR ****** 
it= 11  ncol= 5136  ncstr= 956  mt= 10.9  spt= 1.8   lpval= 51505.5   ub= 51505.0  
 ****** Pricing Level: HEAVY HEUR ****** 
it= 13  ncol= 5284  ncstr= 956  mt= 6.9   spt= 3.6   lpval= 51495.8   ub= 51505.0  
 ****** Pricing Level: EXACT ****** 
it= 7   ncol= 6305  ncstr= 956  mt= 3.9   spt= 65.8  lpval= 51490.0   ub= 51505.0  
-----------------------------------------------------------------------------------------
elapsed time= 102.60 s.
-----------------------------------------------------------------------------------------
-----------------------------------------------------------------------------------------
 ****** Run Arc Elimination ****** 
arc elimination time= 8.13 s.
previous= 15.4494% maximum= 1.75837%
eliminate bucket arcs time= 3.07 s.
obtain jump arcs time= 0.01 s.
-----------------------------------------------------------------------------------------
-----------------------------------------------------------------------------------------
elapsed time= 114.07 s.
-----------------------------------------------------------------------------------------
-----------------------------------------------------------------------------------------
 ****** Try Enumeration ****** 
n= 9.57065 stop_b= 10 status= LABEL_FOR_LIMIT
#labels= 50038 #routes= 102
labeling 1 time= 0.27 s.
next try value > 51491
-----------------------------------------------------------------------------------------
elapsed time= 114.43 s.
-----------------------------------------------------------------------------------------
 ****** Separate RCCs ****** 
 ****** Separate Rank1Cuts ****** 
-----------------------------------------------------------------------------------------
 ****** Pricing Level: LIGHT HEUR ****** 
it= 2   ncol= 6306  ncstr= 1039 mt= 1.1   spt= 0.1   lpval= 51496.2   ub= 51505.0  
 ****** Pricing Level: HEAVY HEUR ****** 
it= 5   ncol= 6357  ncstr= 1039 mt= 2.1   spt= 0.4   lpval= 51495.1   ub= 51505.0  
 ****** Pricing Level: EXACT ****** 
it= 5   ncol= 6759  ncstr= 1039 mt= 2.1   spt= 28.0  lpval= 51494.2   ub= 51505.0  
-----------------------------------------------------------------------------------------
elapsed time= 156.85 s.
-----------------------------------------------------------------------------------------
-----------------------------------------------------------------------------------------
 ****** Run Arc Elimination ****** 
arc elimination time= 3.64 s.
previous= 78.5795% maximum= 1.38172%
eliminate bucket arcs time= 1.32 s.
obtain jump arcs time= 0.01 s.
-----------------------------------------------------------------------------------------
-----------------------------------------------------------------------------------------
elapsed time= 161.85 s.
-----------------------------------------------------------------------------------------
-----------------------------------------------------------------------------------------
 ****** Try Enumeration ****** 
#labels= 159920 #routes= 638
labeling 1 time= 0.75 s.
concatenate time= 0.34 s.
#routes= 61263
average gap of successful enumeration= 0.000190412
next try value > 51491
-----------------------------------------------------------------------------------------
elapsed time= 163.05 s.
-----------------------------------------------------------------------------------------
 ****** Process Enumeration Matrix ****** 
delete non-ele routes lp val= 51494.6
recover rank1c lp val= 51499.9
recover rcc lp val= 51501.1
obtain rcc coefficient time= 0.05 s.
obtain r1c coefficient time= 0.06 s.
obtain matrix from triplets time= 0.06 s.
delete columns by branch time= 0.00 s.
columns pending deletion= 1142 remain= 61263 col ratio= 0.981359 row ratio= 1
regenerate enumeration matrix time= 0.00 s.
-----------------------------------------------------------------------------------------
elapsed time= 190.49 s.
-----------------------------------------------------------------------------------------
it= 10  ncol= 5204  ncstr= 950  mt= 2.2   spt= 0.0   lpval= 51499.2   ub= 51505.0  
-----------------------------------------------------------------------------------------
elapsed time= 192.80 s.
-----------------------------------------------------------------------------------------
delete columns= 54113 remain= 7150
mip: row= 831 col= 9868 density= 5.83023%
mip time= 5.13 s.
mip status= 6
update f from 0 to 5.82026
#########################################################################################
[32m<Instance: X-n359-k29>
<Solution>
<UB= 51505>
<LB= 51505>
<Elapsed Time= 198>
<Nodes Explored= 1>
<Global Gap= 0%>[0m
#########################################################################################
File nodes/X-n359-k29_2_5_0_2_3_0_2_G16.node deleted successfully.
