application type: CVRP
X-n359-k29_1_1_0_2_1_0_0_0_1_G16.node
Set parameter ServerTimeout to value 600
Set parameter TokenServer to value "grb-ts.ufhpc"
Set parameter Threads to value 1
instance name= X-n359-k29
#########################################################################################
tree size= 0 lb= 0 ub= 51506
#########################################################################################
idx= 3 value= 51491.9 enu= 0
brc= 73-316 : -
brc= 8-153 : +
brc= 111-141 : -
brc= 98-219 : +
brc= 73-303 : +
brc= 0-111 : -
brc= 307-338 : -
brc= 1-90 : +
brc= 21-52 : -
brc= 37-166 : +
brc= 0-85 : +
brc= 46-64 : +
brc= 85-170 : +
brc= 111-160 : -
brc= 34-63 : +
-----------------------------------------------------------------------------------------
 ****** Pricing Level: LIGHT HEUR ****** 
it= 6   ncol= 5548  ncstr= 1250 mt= 0.5   spt= 0.3   lpval= 51492.7   ub= 51505.0  
 ****** Pricing Level: HEAVY HEUR ****** 
it= 4   ncol= 5612  ncstr= 1250 mt= 0.2   spt= 0.4   lpval= 51492.7   ub= 51505.0  
 ****** Pricing Level: EXACT ****** 
it= 5   ncol= 6664  ncstr= 1250 mt= 3.4   spt= 32.4  lpval= 51492.3   ub= 51505.0  
-----------------------------------------------------------------------------------------
elapsed time= 58.98 s.
-----------------------------------------------------------------------------------------
-----------------------------------------------------------------------------------------
 ****** Run Arc Elimination ****** 
arc elimination time= 7.06 s.
previous= 93.6659% maximum= 1.70974%
eliminate bucket arcs time= 1.46 s.
obtain jump arcs time= 0.01 s.
-----------------------------------------------------------------------------------------
-----------------------------------------------------------------------------------------
elapsed time= 67.77 s.
-----------------------------------------------------------------------------------------
 ****** Separate RCCs ****** 
 ****** Separate Rank1Cuts ****** 
-----------------------------------------------------------------------------------------
 ****** Pricing Level: LIGHT HEUR ****** 
it= 2   ncol= 6670  ncstr= 1332 mt= 1.3   spt= 0.1   lpval= 51493.3   ub= 51505.0  
 ****** Pricing Level: HEAVY HEUR ****** 
it= 3   ncol= 6711  ncstr= 1332 mt= 0.1   spt= 0.2   lpval= 51493.3   ub= 51505.0  
 ****** Pricing Level: EXACT ****** 
it= 5   ncol= 7147  ncstr= 1332 mt= 2.8   spt= 29.1  lpval= 51493.1   ub= 51505.0  
-----------------------------------------------------------------------------------------
elapsed time= 126.60 s.
-----------------------------------------------------------------------------------------
 ****** Separate RCCs ****** 
 ****** Separate Rank1Cuts ****** 
-----------------------------------------------------------------------------------------
 ****** Pricing Level: LIGHT HEUR ****** 
it= 4   ncol= 7237  ncstr= 1366 mt= 2.2   spt= 0.2   lpval= 51493.8   ub= 51505.0  
 ****** Pricing Level: HEAVY HEUR ****** 
it= 1   ncol= 7237  ncstr= 1366 mt= 0.0   spt= 0.1   lpval= 51493.8   ub= 51505.0  
 ****** Pricing Level: EXACT ****** 
it= 4   ncol= 7367  ncstr= 1366 mt= 1.9   spt= 24.0  lpval= 51493.7   ub= 51505.0  
-----------------------------------------------------------------------------------------
elapsed time= 180.21 s.
-----------------------------------------------------------------------------------------
-----------------------------------------------------------------------------------------
 ****** Run Arc Elimination ****** 
arc elimination time= 5.29 s.
previous= 92.6286% maximum= 1.58371%
eliminate bucket arcs time= 1.43 s.
obtain jump arcs time= 0.01 s.
-----------------------------------------------------------------------------------------
-----------------------------------------------------------------------------------------
elapsed time= 186.99 s.
-----------------------------------------------------------------------------------------
-----------------------------------------------------------------------------------------
 ****** Try Enumeration ****** 
n= 9.44143 stop_b= 10 status= LABEL_FOR_LIMIT
#labels= 50053 #routes= 64
labeling 1 time= 0.17 s.
next try value > 51496.2
-----------------------------------------------------------------------------------------
elapsed time= 187.27 s.
-----------------------------------------------------------------------------------------
 ****** Separate RCCs ****** 
 ****** Separate Rank1Cuts ****** 
-----------------------------------------------------------------------------------------
 ****** Pricing Level: LIGHT HEUR ****** 
it= 1   ncol= 7367  ncstr= 1383 mt= 1.5   spt= 0.0   lpval= 51494.3   ub= 51505.0  
 ****** Pricing Level: HEAVY HEUR ****** 
it= 1   ncol= 7367  ncstr= 1383 mt= 0.0   spt= 0.1   lpval= 51494.3   ub= 51505.0  
 ****** Pricing Level: EXACT ****** 
it= 5   ncol= 7503  ncstr= 1383 mt= 1.9   spt= 29.3  lpval= 51494.2   ub= 51505.0  
-----------------------------------------------------------------------------------------
elapsed time= 245.15 s.
-----------------------------------------------------------------------------------------
 ****** Separate RCCs ****** 
 ****** Separate Rank1Cuts ****** 
-----------------------------------------------------------------------------------------
 ****** Pricing Level: LIGHT HEUR ****** 
it= 1   ncol= 7503  ncstr= 1342 mt= 1.4   spt= 0.1   lpval= 51494.7   ub= 51505.0  
 ****** Pricing Level: HEAVY HEUR ****** 
it= 2   ncol= 7519  ncstr= 1342 mt= 0.4   spt= 0.1   lpval= 51494.7   ub= 51505.0  
 ****** Pricing Level: EXACT ****** 
it= 5   ncol= 8311  ncstr= 1342 mt= 2.3   spt= 30.0  lpval= 51494.6   ub= 51505.0  
-----------------------------------------------------------------------------------------
elapsed time= 305.59 s.
-----------------------------------------------------------------------------------------
[1;36m[REMIND] 2: gap improved= 0.373731 ratio= 0.035865 threshold= 0.040000 in function increaseCondition2 at /blue/yu.yang1/you.z/route_opt/packages/application/X-n359-k29/src/main/src/call_cutting.cpp:74[0m
 ****** Separate Rank1Cuts ****** 
-----------------------------------------------------------------------------------------
 ****** Pricing Level: LIGHT HEUR ****** 
it= 1   ncol= 8311  ncstr= 1364 mt= 1.6   spt= 0.0   lpval= 51495.0   ub= 51505.0  
 ****** Pricing Level: HEAVY HEUR ****** 
it= 2   ncol= 8314  ncstr= 1364 mt= 0.2   spt= 0.1   lpval= 51495.0   ub= 51505.0  
 ****** Pricing Level: EXACT ****** 
it= 5   ncol= 8438  ncstr= 1364 mt= 1.9   spt= 29.4  lpval= 51494.9   ub= 51505.0  
-----------------------------------------------------------------------------------------
elapsed time= 363.77 s.
-----------------------------------------------------------------------------------------
-----------------------------------------------------------------------------------------
 ****** Run Arc Elimination ****** 
arc elimination time= 4.44 s.
previous= 93.8909% maximum= 1.48696%
eliminate bucket arcs time= 1.24 s.
obtain jump arcs time= 0.01 s.
-----------------------------------------------------------------------------------------
-----------------------------------------------------------------------------------------
elapsed time= 369.51 s.
-----------------------------------------------------------------------------------------
[1;36m[REMIND] 2: gap improved= 0.356529 ratio= 0.035427 threshold= 0.040000 in function increaseCondition2 at /blue/yu.yang1/you.z/route_opt/packages/application/X-n359-k29/src/main/src/call_cutting.cpp:74[0m
 ****** Separate Rank1Cuts ****** 
-----------------------------------------------------------------------------------------
 ****** Pricing Level: LIGHT HEUR ****** 
it= 1   ncol= 8438  ncstr= 1375 mt= 1.5   spt= 0.1   lpval= 51495.3   ub= 51505.0  
 ****** Pricing Level: HEAVY HEUR ****** 
it= 2   ncol= 8441  ncstr= 1375 mt= 0.4   spt= 0.1   lpval= 51495.3   ub= 51505.0  
 ****** Pricing Level: EXACT ****** 
it= 3   ncol= 8563  ncstr= 1375 mt= 1.4   spt= 16.9  lpval= 51495.2   ub= 51505.0  
-----------------------------------------------------------------------------------------
elapsed time= 415.08 s.
-----------------------------------------------------------------------------------------
[1;36m[REMIND] 2: gap improved= 0.278674 ratio= 0.028479 threshold= 0.040000 in function increaseCondition2 at /blue/yu.yang1/you.z/route_opt/packages/application/X-n359-k29/src/main/src/call_cutting.cpp:74[0m
[1;36m[REMIND] tail off counter= 3 threshold= 3 in function setIfTailOff at /blue/yu.yang1/you.z/route_opt/packages/application/X-n359-k29/src/main/src/call_cutting.cpp:150[0m
[1;36m[REMIND] opt_k not found for node 3, use m directly in function getOptK at /blue/yu.yang1/you.z/route_opt/packages/branching/bkf/include/bkf_controller.hpp:239[0m
current_r_best= 2.40975
we directly test 100
we directly test 4
pseudo= 50 frac= 50
#candidates in phase1= 100
testing lp time= 168.94 s.
-----------------------------------------------------------------------------------------
169-282 ,  20.73|  26-293 ,  16.94|   0-351 ,  13.90|   9-317 ,  11.84|  15-127 ,  11.68| 
 21-141 ,  11.12|   9-229 ,   9.84|  13-280 ,   9.26| 127-328 ,   8.70|  37-151 ,   7.86| 
  0-21  ,   7.09| 171-335 ,   6.49| 229-251 ,   6.09| 150-340 ,   6.05| 160-170 ,   5.94| 
 77-292 ,   5.38|  38-77  ,   5.38|  64-126 ,   5.16|  26-64  ,   5.16| 274-294 ,   5.00| 
 21-152 ,   4.96|  54-210 ,   4.90|  99-339 ,   4.88|  42-193 ,   4.87|  30-118 ,   4.79| 
173-297 ,   4.73|   9-134 ,   4.60| 111-126 ,   4.53| 135-271 ,   4.39|   0-158 ,   4.18| 
 63-74  ,   4.12|  38-80  ,   4.12|  81-292 ,   4.06| 118-164 ,   4.02|  52-312 ,   3.73| 
149-277 ,   3.63| 334-337 ,   3.59|  21-82  ,   3.52|   0-52  ,   3.38|  73-175 ,   3.34| 
111-312 ,   3.34|  55-76  ,   3.24|  47-79  ,   3.05| 179-198 ,   3.03|  52-111 ,   2.95| 
 52-119 ,   2.94| 292-299 ,   2.88| 110-112 ,   2.85|   0-42  ,   2.83| 260-268 ,   2.66| 
110-111 ,   2.60| 106-277 ,   2.49|  87-172 ,   2.23|  73-149 ,   2.18|   9-251 ,   1.96| 
 66-340 ,   1.85|   3-345 ,   1.79|  28-130 ,   1.71|  62-155 ,   1.63| 187-245 ,   1.49| 
 46-150 ,   1.48| 197-308 ,   1.46|  59-134 ,   1.37|   0-283 ,   1.29|   0-185 ,   1.24| 
 27-146 ,   1.08|   2-91  ,   0.96|   0-258 ,   0.89|   2-195 ,   0.86|   0-195 ,   0.84| 
195-247 ,   0.84|   0-347 ,   0.82| 230-289 ,   0.79|  41-231 ,   0.78| 173-268 ,   0.77| 
266-348 ,   0.68| 192-317 ,   0.58| 174-203 ,   0.57| 287-342 ,   0.54|   9-120 ,   0.53| 
  0-277 ,   0.47| 201-238 ,   0.41| 108-318 ,   0.39|  87-133 ,   0.39| 332-337 ,   0.38| 
180-285 ,   0.33| 330-332 ,   0.31| 244-270 ,   0.29| 321-329 ,   0.29| 262-295 ,   0.27| 
  0-230 ,   0.27|   0-187 ,   0.25|   0-208 ,   0.25|   0-263 ,   0.22| 263-290 ,   0.21| 
  0-228 ,   0.20| 184-358 ,   0.14|   0-216 ,   0.02|  17-316 ,   0.00| 104-182 ,   0.00| 
-----------------------------------------------------------------------------------------
edge= 9 317 lp= 0.696768 pre= 2 lp2= 16.9936 pre2= 2 score= 11.8406
-----------------------------------------------------------------------------------------
edge= 0 351 lp= 0.353103 pre= 2 lp2= 39.3549 pre2= 2 score= 13.8963
-----------------------------------------------------------------------------------------
edge= 26 293 lp= 10.1661 pre= 2 lp2= 1.66585 pre2= 2 score= 16.9352
-----------------------------------------------------------------------------------------
edge= 169 282 lp= 37.0734 pre= 2 lp2= 0.559238 pre2= 2 score= 20.7328
-----------------------------------------------------------------------------------------
candidate= 169-282 : -
-----------------------------------------------------------------------------------------
-----------------------------------------------------------------------------------------
 ****** Pricing Level: LIGHT HEUR ****** 
it= 7   ncol= 5865  ncstr= 1309 mt= 7.3   spt= 0.2   lpval= 51520.8   ub= 51505.0  
 ****** Pricing Level: HEAVY HEUR ****** 
it= 9   ncol= 6018  ncstr= 1309 mt= 8.6   spt= 0.4   lpval= 51509.5   ub= 51505.0  
-----------------------------------------------------------------------------------------
elapsed time= 620.46 s.
-----------------------------------------------------------------------------------------
candidate= 26-293 : -
-----------------------------------------------------------------------------------------
-----------------------------------------------------------------------------------------
 ****** Pricing Level: LIGHT HEUR ****** 
it= 9   ncol= 5885  ncstr= 1309 mt= 2.3   spt= 0.2   lpval= 51505.3   ub= 51505.0  
 ****** Pricing Level: HEAVY HEUR ****** 
it= 9   ncol= 6041  ncstr= 1309 mt= 5.5   spt= 0.4   lpval= 51503.7   ub= 51505.0  
-----------------------------------------------------------------------------------------
elapsed time= 630.85 s.
-----------------------------------------------------------------------------------------
candidate= 26-293 : +
-----------------------------------------------------------------------------------------
-----------------------------------------------------------------------------------------
 ****** Pricing Level: LIGHT HEUR ****** 
it= 5   ncol= 5829  ncstr= 1309 mt= 1.3   spt= 0.1   lpval= 51496.9   ub= 51505.0  
 ****** Pricing Level: HEAVY HEUR ****** 
it= 5   ncol= 5901  ncstr= 1309 mt= 0.3   spt= 0.3   lpval= 51496.9   ub= 51505.0  
-----------------------------------------------------------------------------------------
elapsed time= 633.89 s.
-----------------------------------------------------------------------------------------
brc= 26-293
t= 0.844697 c= 429.615 n= 0 if_b4= 1
t= 10.5816 c= 498.212 n= 0 if_b4= 1
nodes already exists
memory usage= 9GB.
#########################################################################################
tree size= 0 lb= 51495.2 ub= 51505
#########################################################################################
idx= 2 value= 51495.2 enu= 0
brc= 73-316 : -
brc= 8-153 : +
brc= 111-141 : -
brc= 98-219 : +
brc= 73-303 : +
brc= 0-111 : -
brc= 307-338 : -
brc= 1-90 : +
brc= 21-52 : -
brc= 37-166 : +
brc= 0-85 : +
brc= 46-64 : +
brc= 85-170 : +
brc= 111-160 : -
brc= 34-63 : +
brc= 26-293 : -
-----------------------------------------------------------------------------------------
 ****** Pricing Level: LIGHT HEUR ****** 
it= 8   ncol= 5768  ncstr= 1308 mt= 2.3   spt= 0.2   lpval= 51505.2   ub= 51505.0  
 ****** Pricing Level: HEAVY HEUR ****** 
it= 6   ncol= 5887  ncstr= 1308 mt= 4.4   spt= 0.3   lpval= 51503.7   ub= 51505.0  
 ****** Pricing Level: EXACT ****** 
it= 6   ncol= 6981  ncstr= 1308 mt= 6.3   spt= 29.9  lpval= 51500.9   ub= 51505.0  
-----------------------------------------------------------------------------------------
elapsed time= 680.22 s.
-----------------------------------------------------------------------------------------
-----------------------------------------------------------------------------------------
 ****** Run Arc Elimination ****** 
arc elimination time= 1.91 s.
previous= 61.1423% maximum= 0.908498%
eliminate bucket arcs time= 1.03 s.
obtain jump arcs time= 0.01 s.
-----------------------------------------------------------------------------------------
-----------------------------------------------------------------------------------------
elapsed time= 683.22 s.
-----------------------------------------------------------------------------------------
-----------------------------------------------------------------------------------------
 ****** Try Enumeration ****** 
#labels= 47217 #routes= 107
labeling 1 time= 0.17 s.
concatenate time= 0.03 s.
#routes= 6222
average gap of successful enumeration= 6.0564e-05
next try value > 51494.8
-----------------------------------------------------------------------------------------
elapsed time= 683.51 s.
-----------------------------------------------------------------------------------------
 ****** Process Enumeration Matrix ****** 
delete non-ele routes lp val= 51501.1
recover rank1c lp val= 51504.4
recover rcc lp val= 51505.8
obtain rcc coefficient time= 0.00 s.
obtain r1c coefficient time= 0.01 s.
obtain matrix from triplets time= 0.01 s.
delete columns by branch time= 0.00 s.
columns pending deletion= 82 remain= 6222 col ratio= 0.986821 row ratio= 1
regenerate enumeration matrix time= 0.00 s.
-----------------------------------------------------------------------------------------
elapsed time= 726.41 s.
-----------------------------------------------------------------------------------------
it= 5   ncol= 5592  ncstr= 1236 mt= 1.2   spt= 0.0   lpval= 51505.2   ub= 51505.0  
-----------------------------------------------------------------------------------------
elapsed time= 727.61 s.
-----------------------------------------------------------------------------------------
#########################################################################################
[32m<Instance: X-n359-k29>
<Solution>
<UB= 51505>
<LB= 51505>
<Elapsed Time= 727.6>
<Nodes Explored= 2>
<Global Gap= 0%>[0m
#########################################################################################
File nodes/X-n359-k29_1_1_0_2_1_0_0_0_1_G16.node deleted successfully.
